[2022-10-25T00:37:59.266+0000] {processor.py:156} INFO - Started process (PID=4534) to work on /opt/airflow/dags/hadoop-2.7.3/share/hadoop/mapreduce/sources/hadoop-mapreduce-client-app-2.7.3-sources.jar
[2022-10-25T00:37:59.269+0000] {processor.py:758} INFO - Processing file /opt/airflow/dags/hadoop-2.7.3/share/hadoop/mapreduce/sources/hadoop-mapreduce-client-app-2.7.3-sources.jar for tasks to queue
[2022-10-25T00:37:59.275+0000] {logging_mixin.py:117} INFO - [2022-10-25T00:37:59.275+0000] {dagbag.py:525} INFO - Filling up the DagBag from /opt/airflow/dags/hadoop-2.7.3/share/hadoop/mapreduce/sources/hadoop-mapreduce-client-app-2.7.3-sources.jar
[2022-10-25T00:37:59.289+0000] {processor.py:770} WARNING - No viable dags retrieved from /opt/airflow/dags/hadoop-2.7.3/share/hadoop/mapreduce/sources/hadoop-mapreduce-client-app-2.7.3-sources.jar
[2022-10-25T00:37:59.320+0000] {processor.py:178} INFO - Processing /opt/airflow/dags/hadoop-2.7.3/share/hadoop/mapreduce/sources/hadoop-mapreduce-client-app-2.7.3-sources.jar took 0.064 seconds
[2022-10-25T00:38:27.819+0000] {processor.py:156} INFO - Started process (PID=2556) to work on /opt/airflow/dags/hadoop-2.7.3/share/hadoop/mapreduce/sources/hadoop-mapreduce-client-app-2.7.3-sources.jar
[2022-10-25T00:38:27.823+0000] {processor.py:758} INFO - Processing file /opt/airflow/dags/hadoop-2.7.3/share/hadoop/mapreduce/sources/hadoop-mapreduce-client-app-2.7.3-sources.jar for tasks to queue
[2022-10-25T00:38:27.829+0000] {logging_mixin.py:117} INFO - [2022-10-25T00:38:27.828+0000] {dagbag.py:525} INFO - Filling up the DagBag from /opt/airflow/dags/hadoop-2.7.3/share/hadoop/mapreduce/sources/hadoop-mapreduce-client-app-2.7.3-sources.jar
[2022-10-25T00:38:27.837+0000] {processor.py:770} WARNING - No viable dags retrieved from /opt/airflow/dags/hadoop-2.7.3/share/hadoop/mapreduce/sources/hadoop-mapreduce-client-app-2.7.3-sources.jar
[2022-10-25T00:38:27.880+0000] {processor.py:178} INFO - Processing /opt/airflow/dags/hadoop-2.7.3/share/hadoop/mapreduce/sources/hadoop-mapreduce-client-app-2.7.3-sources.jar took 0.068 seconds
[2022-10-25T00:38:37.982+0000] {processor.py:156} INFO - Started process (PID=5050) to work on /opt/airflow/dags/hadoop-2.7.3/share/hadoop/mapreduce/sources/hadoop-mapreduce-client-app-2.7.3-sources.jar
[2022-10-25T00:38:37.987+0000] {processor.py:758} INFO - Processing file /opt/airflow/dags/hadoop-2.7.3/share/hadoop/mapreduce/sources/hadoop-mapreduce-client-app-2.7.3-sources.jar for tasks to queue
[2022-10-25T00:38:37.989+0000] {logging_mixin.py:117} INFO - [2022-10-25T00:38:37.989+0000] {dagbag.py:525} INFO - Filling up the DagBag from /opt/airflow/dags/hadoop-2.7.3/share/hadoop/mapreduce/sources/hadoop-mapreduce-client-app-2.7.3-sources.jar
[2022-10-25T00:38:38.001+0000] {processor.py:770} WARNING - No viable dags retrieved from /opt/airflow/dags/hadoop-2.7.3/share/hadoop/mapreduce/sources/hadoop-mapreduce-client-app-2.7.3-sources.jar
[2022-10-25T00:38:38.055+0000] {processor.py:178} INFO - Processing /opt/airflow/dags/hadoop-2.7.3/share/hadoop/mapreduce/sources/hadoop-mapreduce-client-app-2.7.3-sources.jar took 0.093 seconds
[2022-10-25T00:39:06.393+0000] {processor.py:156} INFO - Started process (PID=3071) to work on /opt/airflow/dags/hadoop-2.7.3/share/hadoop/mapreduce/sources/hadoop-mapreduce-client-app-2.7.3-sources.jar
[2022-10-25T00:39:06.399+0000] {processor.py:758} INFO - Processing file /opt/airflow/dags/hadoop-2.7.3/share/hadoop/mapreduce/sources/hadoop-mapreduce-client-app-2.7.3-sources.jar for tasks to queue
[2022-10-25T00:39:06.409+0000] {logging_mixin.py:117} INFO - [2022-10-25T00:39:06.407+0000] {dagbag.py:525} INFO - Filling up the DagBag from /opt/airflow/dags/hadoop-2.7.3/share/hadoop/mapreduce/sources/hadoop-mapreduce-client-app-2.7.3-sources.jar
[2022-10-25T00:39:06.443+0000] {processor.py:770} WARNING - No viable dags retrieved from /opt/airflow/dags/hadoop-2.7.3/share/hadoop/mapreduce/sources/hadoop-mapreduce-client-app-2.7.3-sources.jar
[2022-10-25T00:39:06.515+0000] {processor.py:178} INFO - Processing /opt/airflow/dags/hadoop-2.7.3/share/hadoop/mapreduce/sources/hadoop-mapreduce-client-app-2.7.3-sources.jar took 0.137 seconds
[2022-10-25T00:39:18.293+0000] {processor.py:156} INFO - Started process (PID=5565) to work on /opt/airflow/dags/hadoop-2.7.3/share/hadoop/mapreduce/sources/hadoop-mapreduce-client-app-2.7.3-sources.jar
[2022-10-25T00:39:18.303+0000] {processor.py:758} INFO - Processing file /opt/airflow/dags/hadoop-2.7.3/share/hadoop/mapreduce/sources/hadoop-mapreduce-client-app-2.7.3-sources.jar for tasks to queue
[2022-10-25T00:39:18.306+0000] {logging_mixin.py:117} INFO - [2022-10-25T00:39:18.306+0000] {dagbag.py:525} INFO - Filling up the DagBag from /opt/airflow/dags/hadoop-2.7.3/share/hadoop/mapreduce/sources/hadoop-mapreduce-client-app-2.7.3-sources.jar
[2022-10-25T00:39:18.322+0000] {processor.py:770} WARNING - No viable dags retrieved from /opt/airflow/dags/hadoop-2.7.3/share/hadoop/mapreduce/sources/hadoop-mapreduce-client-app-2.7.3-sources.jar
[2022-10-25T00:39:18.358+0000] {processor.py:178} INFO - Processing /opt/airflow/dags/hadoop-2.7.3/share/hadoop/mapreduce/sources/hadoop-mapreduce-client-app-2.7.3-sources.jar took 0.073 seconds
[2022-10-25T00:39:48.600+0000] {processor.py:156} INFO - Started process (PID=3588) to work on /opt/airflow/dags/hadoop-2.7.3/share/hadoop/mapreduce/sources/hadoop-mapreduce-client-app-2.7.3-sources.jar
[2022-10-25T00:39:48.604+0000] {processor.py:758} INFO - Processing file /opt/airflow/dags/hadoop-2.7.3/share/hadoop/mapreduce/sources/hadoop-mapreduce-client-app-2.7.3-sources.jar for tasks to queue
[2022-10-25T00:39:48.614+0000] {logging_mixin.py:117} INFO - [2022-10-25T00:39:48.613+0000] {dagbag.py:525} INFO - Filling up the DagBag from /opt/airflow/dags/hadoop-2.7.3/share/hadoop/mapreduce/sources/hadoop-mapreduce-client-app-2.7.3-sources.jar
[2022-10-25T00:39:48.624+0000] {processor.py:770} WARNING - No viable dags retrieved from /opt/airflow/dags/hadoop-2.7.3/share/hadoop/mapreduce/sources/hadoop-mapreduce-client-app-2.7.3-sources.jar
[2022-10-25T00:39:48.667+0000] {processor.py:178} INFO - Processing /opt/airflow/dags/hadoop-2.7.3/share/hadoop/mapreduce/sources/hadoop-mapreduce-client-app-2.7.3-sources.jar took 0.084 seconds
[2022-10-25T00:53:00.981+0000] {processor.py:156} INFO - Started process (PID=6149) to work on /opt/airflow/dags/hadoop-2.7.3/share/hadoop/mapreduce/sources/hadoop-mapreduce-client-app-2.7.3-sources.jar
[2022-10-25T00:53:00.984+0000] {processor.py:758} INFO - Processing file /opt/airflow/dags/hadoop-2.7.3/share/hadoop/mapreduce/sources/hadoop-mapreduce-client-app-2.7.3-sources.jar for tasks to queue
[2022-10-25T00:53:00.986+0000] {logging_mixin.py:117} INFO - [2022-10-25T00:53:00.985+0000] {dagbag.py:525} INFO - Filling up the DagBag from /opt/airflow/dags/hadoop-2.7.3/share/hadoop/mapreduce/sources/hadoop-mapreduce-client-app-2.7.3-sources.jar
[2022-10-25T00:53:01.001+0000] {processor.py:770} WARNING - No viable dags retrieved from /opt/airflow/dags/hadoop-2.7.3/share/hadoop/mapreduce/sources/hadoop-mapreduce-client-app-2.7.3-sources.jar
[2022-10-25T00:53:01.048+0000] {processor.py:178} INFO - Processing /opt/airflow/dags/hadoop-2.7.3/share/hadoop/mapreduce/sources/hadoop-mapreduce-client-app-2.7.3-sources.jar took 0.072 seconds
[2022-10-25T00:53:22.491+0000] {processor.py:156} INFO - Started process (PID=4070) to work on /opt/airflow/dags/hadoop-2.7.3/share/hadoop/mapreduce/sources/hadoop-mapreduce-client-app-2.7.3-sources.jar
[2022-10-25T00:53:22.493+0000] {processor.py:758} INFO - Processing file /opt/airflow/dags/hadoop-2.7.3/share/hadoop/mapreduce/sources/hadoop-mapreduce-client-app-2.7.3-sources.jar for tasks to queue
[2022-10-25T00:53:22.500+0000] {logging_mixin.py:117} INFO - [2022-10-25T00:53:22.500+0000] {dagbag.py:525} INFO - Filling up the DagBag from /opt/airflow/dags/hadoop-2.7.3/share/hadoop/mapreduce/sources/hadoop-mapreduce-client-app-2.7.3-sources.jar
[2022-10-25T00:53:22.511+0000] {processor.py:770} WARNING - No viable dags retrieved from /opt/airflow/dags/hadoop-2.7.3/share/hadoop/mapreduce/sources/hadoop-mapreduce-client-app-2.7.3-sources.jar
[2022-10-25T00:53:22.542+0000] {processor.py:178} INFO - Processing /opt/airflow/dags/hadoop-2.7.3/share/hadoop/mapreduce/sources/hadoop-mapreduce-client-app-2.7.3-sources.jar took 0.058 seconds
[2022-10-25T00:53:43.365+0000] {processor.py:156} INFO - Started process (PID=6665) to work on /opt/airflow/dags/hadoop-2.7.3/share/hadoop/mapreduce/sources/hadoop-mapreduce-client-app-2.7.3-sources.jar
[2022-10-25T00:53:43.369+0000] {processor.py:758} INFO - Processing file /opt/airflow/dags/hadoop-2.7.3/share/hadoop/mapreduce/sources/hadoop-mapreduce-client-app-2.7.3-sources.jar for tasks to queue
[2022-10-25T00:53:43.371+0000] {logging_mixin.py:117} INFO - [2022-10-25T00:53:43.371+0000] {dagbag.py:525} INFO - Filling up the DagBag from /opt/airflow/dags/hadoop-2.7.3/share/hadoop/mapreduce/sources/hadoop-mapreduce-client-app-2.7.3-sources.jar
[2022-10-25T00:53:43.383+0000] {processor.py:770} WARNING - No viable dags retrieved from /opt/airflow/dags/hadoop-2.7.3/share/hadoop/mapreduce/sources/hadoop-mapreduce-client-app-2.7.3-sources.jar
[2022-10-25T00:53:43.419+0000] {processor.py:178} INFO - Processing /opt/airflow/dags/hadoop-2.7.3/share/hadoop/mapreduce/sources/hadoop-mapreduce-client-app-2.7.3-sources.jar took 0.063 seconds
[2022-10-25T00:54:02.661+0000] {processor.py:156} INFO - Started process (PID=4585) to work on /opt/airflow/dags/hadoop-2.7.3/share/hadoop/mapreduce/sources/hadoop-mapreduce-client-app-2.7.3-sources.jar
[2022-10-25T00:54:02.663+0000] {processor.py:758} INFO - Processing file /opt/airflow/dags/hadoop-2.7.3/share/hadoop/mapreduce/sources/hadoop-mapreduce-client-app-2.7.3-sources.jar for tasks to queue
[2022-10-25T00:54:02.668+0000] {logging_mixin.py:117} INFO - [2022-10-25T00:54:02.668+0000] {dagbag.py:525} INFO - Filling up the DagBag from /opt/airflow/dags/hadoop-2.7.3/share/hadoop/mapreduce/sources/hadoop-mapreduce-client-app-2.7.3-sources.jar
[2022-10-25T00:54:02.677+0000] {processor.py:770} WARNING - No viable dags retrieved from /opt/airflow/dags/hadoop-2.7.3/share/hadoop/mapreduce/sources/hadoop-mapreduce-client-app-2.7.3-sources.jar
[2022-10-25T00:54:02.711+0000] {processor.py:178} INFO - Processing /opt/airflow/dags/hadoop-2.7.3/share/hadoop/mapreduce/sources/hadoop-mapreduce-client-app-2.7.3-sources.jar took 0.059 seconds
[2022-10-25T00:54:27.769+0000] {processor.py:156} INFO - Started process (PID=7199) to work on /opt/airflow/dags/hadoop-2.7.3/share/hadoop/mapreduce/sources/hadoop-mapreduce-client-app-2.7.3-sources.jar
[2022-10-25T00:54:27.780+0000] {processor.py:758} INFO - Processing file /opt/airflow/dags/hadoop-2.7.3/share/hadoop/mapreduce/sources/hadoop-mapreduce-client-app-2.7.3-sources.jar for tasks to queue
[2022-10-25T00:54:27.786+0000] {logging_mixin.py:117} INFO - [2022-10-25T00:54:27.786+0000] {dagbag.py:525} INFO - Filling up the DagBag from /opt/airflow/dags/hadoop-2.7.3/share/hadoop/mapreduce/sources/hadoop-mapreduce-client-app-2.7.3-sources.jar
[2022-10-25T00:54:27.817+0000] {processor.py:770} WARNING - No viable dags retrieved from /opt/airflow/dags/hadoop-2.7.3/share/hadoop/mapreduce/sources/hadoop-mapreduce-client-app-2.7.3-sources.jar
[2022-10-25T00:54:27.905+0000] {processor.py:178} INFO - Processing /opt/airflow/dags/hadoop-2.7.3/share/hadoop/mapreduce/sources/hadoop-mapreduce-client-app-2.7.3-sources.jar took 0.148 seconds
[2022-10-25T00:54:53.404+0000] {processor.py:156} INFO - Started process (PID=5114) to work on /opt/airflow/dags/hadoop-2.7.3/share/hadoop/mapreduce/sources/hadoop-mapreduce-client-app-2.7.3-sources.jar
[2022-10-25T00:54:53.406+0000] {processor.py:758} INFO - Processing file /opt/airflow/dags/hadoop-2.7.3/share/hadoop/mapreduce/sources/hadoop-mapreduce-client-app-2.7.3-sources.jar for tasks to queue
[2022-10-25T00:54:53.413+0000] {logging_mixin.py:117} INFO - [2022-10-25T00:54:53.412+0000] {dagbag.py:525} INFO - Filling up the DagBag from /opt/airflow/dags/hadoop-2.7.3/share/hadoop/mapreduce/sources/hadoop-mapreduce-client-app-2.7.3-sources.jar
[2022-10-25T00:54:53.452+0000] {processor.py:770} WARNING - No viable dags retrieved from /opt/airflow/dags/hadoop-2.7.3/share/hadoop/mapreduce/sources/hadoop-mapreduce-client-app-2.7.3-sources.jar
[2022-10-25T00:54:53.516+0000] {processor.py:178} INFO - Processing /opt/airflow/dags/hadoop-2.7.3/share/hadoop/mapreduce/sources/hadoop-mapreduce-client-app-2.7.3-sources.jar took 0.121 seconds
[2022-10-25T00:56:08.500+0000] {processor.py:156} INFO - Started process (PID=7883) to work on /opt/airflow/dags/hadoop-2.7.3/share/hadoop/mapreduce/sources/hadoop-mapreduce-client-app-2.7.3-sources.jar
[2022-10-25T00:56:08.507+0000] {processor.py:758} INFO - Processing file /opt/airflow/dags/hadoop-2.7.3/share/hadoop/mapreduce/sources/hadoop-mapreduce-client-app-2.7.3-sources.jar for tasks to queue
[2022-10-25T00:56:08.515+0000] {logging_mixin.py:117} INFO - [2022-10-25T00:56:08.514+0000] {dagbag.py:525} INFO - Filling up the DagBag from /opt/airflow/dags/hadoop-2.7.3/share/hadoop/mapreduce/sources/hadoop-mapreduce-client-app-2.7.3-sources.jar
[2022-10-25T00:56:08.545+0000] {processor.py:770} WARNING - No viable dags retrieved from /opt/airflow/dags/hadoop-2.7.3/share/hadoop/mapreduce/sources/hadoop-mapreduce-client-app-2.7.3-sources.jar
[2022-10-25T00:56:08.623+0000] {processor.py:178} INFO - Processing /opt/airflow/dags/hadoop-2.7.3/share/hadoop/mapreduce/sources/hadoop-mapreduce-client-app-2.7.3-sources.jar took 0.137 seconds
[2022-10-25T00:56:39.096+0000] {processor.py:156} INFO - Started process (PID=5774) to work on /opt/airflow/dags/hadoop-2.7.3/share/hadoop/mapreduce/sources/hadoop-mapreduce-client-app-2.7.3-sources.jar
[2022-10-25T00:56:39.102+0000] {processor.py:758} INFO - Processing file /opt/airflow/dags/hadoop-2.7.3/share/hadoop/mapreduce/sources/hadoop-mapreduce-client-app-2.7.3-sources.jar for tasks to queue
[2022-10-25T00:56:39.109+0000] {logging_mixin.py:117} INFO - [2022-10-25T00:56:39.108+0000] {dagbag.py:525} INFO - Filling up the DagBag from /opt/airflow/dags/hadoop-2.7.3/share/hadoop/mapreduce/sources/hadoop-mapreduce-client-app-2.7.3-sources.jar
[2022-10-25T00:56:39.142+0000] {processor.py:770} WARNING - No viable dags retrieved from /opt/airflow/dags/hadoop-2.7.3/share/hadoop/mapreduce/sources/hadoop-mapreduce-client-app-2.7.3-sources.jar
[2022-10-25T00:56:39.243+0000] {processor.py:178} INFO - Processing /opt/airflow/dags/hadoop-2.7.3/share/hadoop/mapreduce/sources/hadoop-mapreduce-client-app-2.7.3-sources.jar took 0.160 seconds
[2022-10-25T14:08:54.474+0000] {processor.py:156} INFO - Started process (PID=18882) to work on /opt/airflow/dags/hadoop-2.7.3/share/hadoop/mapreduce/sources/hadoop-mapreduce-client-app-2.7.3-sources.jar
[2022-10-25T14:08:54.479+0000] {processor.py:758} INFO - Processing file /opt/airflow/dags/hadoop-2.7.3/share/hadoop/mapreduce/sources/hadoop-mapreduce-client-app-2.7.3-sources.jar for tasks to queue
[2022-10-25T14:08:54.483+0000] {logging_mixin.py:117} INFO - [2022-10-25T14:08:54.482+0000] {dagbag.py:525} INFO - Filling up the DagBag from /opt/airflow/dags/hadoop-2.7.3/share/hadoop/mapreduce/sources/hadoop-mapreduce-client-app-2.7.3-sources.jar
[2022-10-25T14:08:54.512+0000] {processor.py:770} WARNING - No viable dags retrieved from /opt/airflow/dags/hadoop-2.7.3/share/hadoop/mapreduce/sources/hadoop-mapreduce-client-app-2.7.3-sources.jar
[2022-10-25T14:08:54.584+0000] {processor.py:178} INFO - Processing /opt/airflow/dags/hadoop-2.7.3/share/hadoop/mapreduce/sources/hadoop-mapreduce-client-app-2.7.3-sources.jar took 0.118 seconds
[2022-10-25T14:09:11.050+0000] {processor.py:156} INFO - Started process (PID=17795) to work on /opt/airflow/dags/hadoop-2.7.3/share/hadoop/mapreduce/sources/hadoop-mapreduce-client-app-2.7.3-sources.jar
[2022-10-25T14:09:11.054+0000] {processor.py:758} INFO - Processing file /opt/airflow/dags/hadoop-2.7.3/share/hadoop/mapreduce/sources/hadoop-mapreduce-client-app-2.7.3-sources.jar for tasks to queue
[2022-10-25T14:09:11.061+0000] {logging_mixin.py:117} INFO - [2022-10-25T14:09:11.061+0000] {dagbag.py:525} INFO - Filling up the DagBag from /opt/airflow/dags/hadoop-2.7.3/share/hadoop/mapreduce/sources/hadoop-mapreduce-client-app-2.7.3-sources.jar
[2022-10-25T14:09:11.080+0000] {processor.py:770} WARNING - No viable dags retrieved from /opt/airflow/dags/hadoop-2.7.3/share/hadoop/mapreduce/sources/hadoop-mapreduce-client-app-2.7.3-sources.jar
[2022-10-25T14:09:11.123+0000] {processor.py:178} INFO - Processing /opt/airflow/dags/hadoop-2.7.3/share/hadoop/mapreduce/sources/hadoop-mapreduce-client-app-2.7.3-sources.jar took 0.084 seconds
[2022-10-25T14:09:40.150+0000] {processor.py:156} INFO - Started process (PID=19406) to work on /opt/airflow/dags/hadoop-2.7.3/share/hadoop/mapreduce/sources/hadoop-mapreduce-client-app-2.7.3-sources.jar
[2022-10-25T14:09:40.154+0000] {processor.py:758} INFO - Processing file /opt/airflow/dags/hadoop-2.7.3/share/hadoop/mapreduce/sources/hadoop-mapreduce-client-app-2.7.3-sources.jar for tasks to queue
[2022-10-25T14:09:40.158+0000] {logging_mixin.py:117} INFO - [2022-10-25T14:09:40.158+0000] {dagbag.py:525} INFO - Filling up the DagBag from /opt/airflow/dags/hadoop-2.7.3/share/hadoop/mapreduce/sources/hadoop-mapreduce-client-app-2.7.3-sources.jar
[2022-10-25T14:09:40.182+0000] {processor.py:770} WARNING - No viable dags retrieved from /opt/airflow/dags/hadoop-2.7.3/share/hadoop/mapreduce/sources/hadoop-mapreduce-client-app-2.7.3-sources.jar
[2022-10-25T14:09:40.224+0000] {processor.py:178} INFO - Processing /opt/airflow/dags/hadoop-2.7.3/share/hadoop/mapreduce/sources/hadoop-mapreduce-client-app-2.7.3-sources.jar took 0.083 seconds
[2022-10-25T14:09:54.746+0000] {processor.py:156} INFO - Started process (PID=18318) to work on /opt/airflow/dags/hadoop-2.7.3/share/hadoop/mapreduce/sources/hadoop-mapreduce-client-app-2.7.3-sources.jar
[2022-10-25T14:09:54.752+0000] {processor.py:758} INFO - Processing file /opt/airflow/dags/hadoop-2.7.3/share/hadoop/mapreduce/sources/hadoop-mapreduce-client-app-2.7.3-sources.jar for tasks to queue
[2022-10-25T14:09:54.756+0000] {logging_mixin.py:117} INFO - [2022-10-25T14:09:54.755+0000] {dagbag.py:525} INFO - Filling up the DagBag from /opt/airflow/dags/hadoop-2.7.3/share/hadoop/mapreduce/sources/hadoop-mapreduce-client-app-2.7.3-sources.jar
[2022-10-25T14:09:54.774+0000] {processor.py:770} WARNING - No viable dags retrieved from /opt/airflow/dags/hadoop-2.7.3/share/hadoop/mapreduce/sources/hadoop-mapreduce-client-app-2.7.3-sources.jar
[2022-10-25T14:09:54.817+0000] {processor.py:178} INFO - Processing /opt/airflow/dags/hadoop-2.7.3/share/hadoop/mapreduce/sources/hadoop-mapreduce-client-app-2.7.3-sources.jar took 0.077 seconds
[2022-10-25T14:10:23.906+0000] {processor.py:156} INFO - Started process (PID=19927) to work on /opt/airflow/dags/hadoop-2.7.3/share/hadoop/mapreduce/sources/hadoop-mapreduce-client-app-2.7.3-sources.jar
[2022-10-25T14:10:23.919+0000] {processor.py:758} INFO - Processing file /opt/airflow/dags/hadoop-2.7.3/share/hadoop/mapreduce/sources/hadoop-mapreduce-client-app-2.7.3-sources.jar for tasks to queue
[2022-10-25T14:10:23.926+0000] {logging_mixin.py:117} INFO - [2022-10-25T14:10:23.926+0000] {dagbag.py:525} INFO - Filling up the DagBag from /opt/airflow/dags/hadoop-2.7.3/share/hadoop/mapreduce/sources/hadoop-mapreduce-client-app-2.7.3-sources.jar
[2022-10-25T14:10:24.034+0000] {processor.py:770} WARNING - No viable dags retrieved from /opt/airflow/dags/hadoop-2.7.3/share/hadoop/mapreduce/sources/hadoop-mapreduce-client-app-2.7.3-sources.jar
[2022-10-25T14:10:24.125+0000] {processor.py:178} INFO - Processing /opt/airflow/dags/hadoop-2.7.3/share/hadoop/mapreduce/sources/hadoop-mapreduce-client-app-2.7.3-sources.jar took 0.252 seconds
[2022-10-25T14:10:38.493+0000] {processor.py:156} INFO - Started process (PID=18833) to work on /opt/airflow/dags/hadoop-2.7.3/share/hadoop/mapreduce/sources/hadoop-mapreduce-client-app-2.7.3-sources.jar
[2022-10-25T14:10:38.495+0000] {processor.py:758} INFO - Processing file /opt/airflow/dags/hadoop-2.7.3/share/hadoop/mapreduce/sources/hadoop-mapreduce-client-app-2.7.3-sources.jar for tasks to queue
[2022-10-25T14:10:38.497+0000] {logging_mixin.py:117} INFO - [2022-10-25T14:10:38.496+0000] {dagbag.py:525} INFO - Filling up the DagBag from /opt/airflow/dags/hadoop-2.7.3/share/hadoop/mapreduce/sources/hadoop-mapreduce-client-app-2.7.3-sources.jar
[2022-10-25T14:10:38.508+0000] {processor.py:770} WARNING - No viable dags retrieved from /opt/airflow/dags/hadoop-2.7.3/share/hadoop/mapreduce/sources/hadoop-mapreduce-client-app-2.7.3-sources.jar
[2022-10-25T14:10:38.560+0000] {processor.py:178} INFO - Processing /opt/airflow/dags/hadoop-2.7.3/share/hadoop/mapreduce/sources/hadoop-mapreduce-client-app-2.7.3-sources.jar took 0.073 seconds
[2022-10-25T14:11:05.744+0000] {processor.py:156} INFO - Started process (PID=20443) to work on /opt/airflow/dags/hadoop-2.7.3/share/hadoop/mapreduce/sources/hadoop-mapreduce-client-app-2.7.3-sources.jar
[2022-10-25T14:11:05.749+0000] {processor.py:758} INFO - Processing file /opt/airflow/dags/hadoop-2.7.3/share/hadoop/mapreduce/sources/hadoop-mapreduce-client-app-2.7.3-sources.jar for tasks to queue
[2022-10-25T14:11:05.755+0000] {logging_mixin.py:117} INFO - [2022-10-25T14:11:05.755+0000] {dagbag.py:525} INFO - Filling up the DagBag from /opt/airflow/dags/hadoop-2.7.3/share/hadoop/mapreduce/sources/hadoop-mapreduce-client-app-2.7.3-sources.jar
[2022-10-25T14:11:05.781+0000] {processor.py:770} WARNING - No viable dags retrieved from /opt/airflow/dags/hadoop-2.7.3/share/hadoop/mapreduce/sources/hadoop-mapreduce-client-app-2.7.3-sources.jar
[2022-10-25T14:11:05.835+0000] {processor.py:178} INFO - Processing /opt/airflow/dags/hadoop-2.7.3/share/hadoop/mapreduce/sources/hadoop-mapreduce-client-app-2.7.3-sources.jar took 0.123 seconds
[2022-10-25T14:11:20.041+0000] {processor.py:156} INFO - Started process (PID=19348) to work on /opt/airflow/dags/hadoop-2.7.3/share/hadoop/mapreduce/sources/hadoop-mapreduce-client-app-2.7.3-sources.jar
[2022-10-25T14:11:20.043+0000] {processor.py:758} INFO - Processing file /opt/airflow/dags/hadoop-2.7.3/share/hadoop/mapreduce/sources/hadoop-mapreduce-client-app-2.7.3-sources.jar for tasks to queue
[2022-10-25T14:11:20.049+0000] {logging_mixin.py:117} INFO - [2022-10-25T14:11:20.048+0000] {dagbag.py:525} INFO - Filling up the DagBag from /opt/airflow/dags/hadoop-2.7.3/share/hadoop/mapreduce/sources/hadoop-mapreduce-client-app-2.7.3-sources.jar
[2022-10-25T14:11:20.080+0000] {processor.py:770} WARNING - No viable dags retrieved from /opt/airflow/dags/hadoop-2.7.3/share/hadoop/mapreduce/sources/hadoop-mapreduce-client-app-2.7.3-sources.jar
[2022-10-25T14:11:20.132+0000] {processor.py:178} INFO - Processing /opt/airflow/dags/hadoop-2.7.3/share/hadoop/mapreduce/sources/hadoop-mapreduce-client-app-2.7.3-sources.jar took 0.098 seconds
[2022-10-25T14:11:51.131+0000] {processor.py:156} INFO - Started process (PID=21002) to work on /opt/airflow/dags/hadoop-2.7.3/share/hadoop/mapreduce/sources/hadoop-mapreduce-client-app-2.7.3-sources.jar
[2022-10-25T14:11:51.133+0000] {processor.py:758} INFO - Processing file /opt/airflow/dags/hadoop-2.7.3/share/hadoop/mapreduce/sources/hadoop-mapreduce-client-app-2.7.3-sources.jar for tasks to queue
[2022-10-25T14:11:51.139+0000] {logging_mixin.py:117} INFO - [2022-10-25T14:11:51.139+0000] {dagbag.py:525} INFO - Filling up the DagBag from /opt/airflow/dags/hadoop-2.7.3/share/hadoop/mapreduce/sources/hadoop-mapreduce-client-app-2.7.3-sources.jar
[2022-10-25T14:11:51.155+0000] {processor.py:770} WARNING - No viable dags retrieved from /opt/airflow/dags/hadoop-2.7.3/share/hadoop/mapreduce/sources/hadoop-mapreduce-client-app-2.7.3-sources.jar
[2022-10-25T14:11:51.188+0000] {processor.py:178} INFO - Processing /opt/airflow/dags/hadoop-2.7.3/share/hadoop/mapreduce/sources/hadoop-mapreduce-client-app-2.7.3-sources.jar took 0.069 seconds
[2022-10-25T14:12:12.484+0000] {processor.py:156} INFO - Started process (PID=19938) to work on /opt/airflow/dags/hadoop-2.7.3/share/hadoop/mapreduce/sources/hadoop-mapreduce-client-app-2.7.3-sources.jar
[2022-10-25T14:12:12.489+0000] {processor.py:758} INFO - Processing file /opt/airflow/dags/hadoop-2.7.3/share/hadoop/mapreduce/sources/hadoop-mapreduce-client-app-2.7.3-sources.jar for tasks to queue
[2022-10-25T14:12:12.492+0000] {logging_mixin.py:117} INFO - [2022-10-25T14:12:12.492+0000] {dagbag.py:525} INFO - Filling up the DagBag from /opt/airflow/dags/hadoop-2.7.3/share/hadoop/mapreduce/sources/hadoop-mapreduce-client-app-2.7.3-sources.jar
[2022-10-25T14:12:12.508+0000] {processor.py:770} WARNING - No viable dags retrieved from /opt/airflow/dags/hadoop-2.7.3/share/hadoop/mapreduce/sources/hadoop-mapreduce-client-app-2.7.3-sources.jar
[2022-10-25T14:12:12.550+0000] {processor.py:178} INFO - Processing /opt/airflow/dags/hadoop-2.7.3/share/hadoop/mapreduce/sources/hadoop-mapreduce-client-app-2.7.3-sources.jar took 0.076 seconds
[2022-10-25T14:12:55.323+0000] {processor.py:156} INFO - Started process (PID=20449) to work on /opt/airflow/dags/hadoop-2.7.3/share/hadoop/mapreduce/sources/hadoop-mapreduce-client-app-2.7.3-sources.jar
[2022-10-25T14:12:55.326+0000] {processor.py:758} INFO - Processing file /opt/airflow/dags/hadoop-2.7.3/share/hadoop/mapreduce/sources/hadoop-mapreduce-client-app-2.7.3-sources.jar for tasks to queue
[2022-10-25T14:12:55.329+0000] {logging_mixin.py:117} INFO - [2022-10-25T14:12:55.328+0000] {dagbag.py:525} INFO - Filling up the DagBag from /opt/airflow/dags/hadoop-2.7.3/share/hadoop/mapreduce/sources/hadoop-mapreduce-client-app-2.7.3-sources.jar
[2022-10-25T14:12:55.340+0000] {processor.py:770} WARNING - No viable dags retrieved from /opt/airflow/dags/hadoop-2.7.3/share/hadoop/mapreduce/sources/hadoop-mapreduce-client-app-2.7.3-sources.jar
[2022-10-25T14:12:55.371+0000] {processor.py:178} INFO - Processing /opt/airflow/dags/hadoop-2.7.3/share/hadoop/mapreduce/sources/hadoop-mapreduce-client-app-2.7.3-sources.jar took 0.054 seconds
[2022-10-25T14:13:18.888+0000] {processor.py:156} INFO - Started process (PID=21547) to work on /opt/airflow/dags/hadoop-2.7.3/share/hadoop/mapreduce/sources/hadoop-mapreduce-client-app-2.7.3-sources.jar
[2022-10-25T14:13:18.891+0000] {processor.py:758} INFO - Processing file /opt/airflow/dags/hadoop-2.7.3/share/hadoop/mapreduce/sources/hadoop-mapreduce-client-app-2.7.3-sources.jar for tasks to queue
[2022-10-25T14:13:18.894+0000] {logging_mixin.py:117} INFO - [2022-10-25T14:13:18.893+0000] {dagbag.py:525} INFO - Filling up the DagBag from /opt/airflow/dags/hadoop-2.7.3/share/hadoop/mapreduce/sources/hadoop-mapreduce-client-app-2.7.3-sources.jar
[2022-10-25T14:13:18.905+0000] {processor.py:770} WARNING - No viable dags retrieved from /opt/airflow/dags/hadoop-2.7.3/share/hadoop/mapreduce/sources/hadoop-mapreduce-client-app-2.7.3-sources.jar
[2022-10-25T14:13:18.952+0000] {processor.py:178} INFO - Processing /opt/airflow/dags/hadoop-2.7.3/share/hadoop/mapreduce/sources/hadoop-mapreduce-client-app-2.7.3-sources.jar took 0.072 seconds
[2022-10-25T14:14:02.590+0000] {processor.py:156} INFO - Started process (PID=22106) to work on /opt/airflow/dags/hadoop-2.7.3/share/hadoop/mapreduce/sources/hadoop-mapreduce-client-app-2.7.3-sources.jar
[2022-10-25T14:14:02.594+0000] {processor.py:758} INFO - Processing file /opt/airflow/dags/hadoop-2.7.3/share/hadoop/mapreduce/sources/hadoop-mapreduce-client-app-2.7.3-sources.jar for tasks to queue
[2022-10-25T14:14:02.598+0000] {logging_mixin.py:117} INFO - [2022-10-25T14:14:02.597+0000] {dagbag.py:525} INFO - Filling up the DagBag from /opt/airflow/dags/hadoop-2.7.3/share/hadoop/mapreduce/sources/hadoop-mapreduce-client-app-2.7.3-sources.jar
[2022-10-25T14:14:02.620+0000] {processor.py:770} WARNING - No viable dags retrieved from /opt/airflow/dags/hadoop-2.7.3/share/hadoop/mapreduce/sources/hadoop-mapreduce-client-app-2.7.3-sources.jar
[2022-10-25T14:14:02.700+0000] {processor.py:178} INFO - Processing /opt/airflow/dags/hadoop-2.7.3/share/hadoop/mapreduce/sources/hadoop-mapreduce-client-app-2.7.3-sources.jar took 0.121 seconds
[2022-10-25T14:14:10.010+0000] {processor.py:156} INFO - Started process (PID=20855) to work on /opt/airflow/dags/hadoop-2.7.3/share/hadoop/mapreduce/sources/hadoop-mapreduce-client-app-2.7.3-sources.jar
[2022-10-25T14:14:10.014+0000] {processor.py:758} INFO - Processing file /opt/airflow/dags/hadoop-2.7.3/share/hadoop/mapreduce/sources/hadoop-mapreduce-client-app-2.7.3-sources.jar for tasks to queue
[2022-10-25T14:14:10.018+0000] {logging_mixin.py:117} INFO - [2022-10-25T14:14:10.018+0000] {dagbag.py:525} INFO - Filling up the DagBag from /opt/airflow/dags/hadoop-2.7.3/share/hadoop/mapreduce/sources/hadoop-mapreduce-client-app-2.7.3-sources.jar
[2022-10-25T14:14:10.039+0000] {processor.py:770} WARNING - No viable dags retrieved from /opt/airflow/dags/hadoop-2.7.3/share/hadoop/mapreduce/sources/hadoop-mapreduce-client-app-2.7.3-sources.jar
[2022-10-25T14:14:10.086+0000] {processor.py:178} INFO - Processing /opt/airflow/dags/hadoop-2.7.3/share/hadoop/mapreduce/sources/hadoop-mapreduce-client-app-2.7.3-sources.jar took 0.088 seconds
[2022-10-25T14:14:54.213+0000] {processor.py:156} INFO - Started process (PID=22661) to work on /opt/airflow/dags/hadoop-2.7.3/share/hadoop/mapreduce/sources/hadoop-mapreduce-client-app-2.7.3-sources.jar
[2022-10-25T14:14:54.215+0000] {processor.py:758} INFO - Processing file /opt/airflow/dags/hadoop-2.7.3/share/hadoop/mapreduce/sources/hadoop-mapreduce-client-app-2.7.3-sources.jar for tasks to queue
[2022-10-25T14:14:54.217+0000] {logging_mixin.py:117} INFO - [2022-10-25T14:14:54.217+0000] {dagbag.py:525} INFO - Filling up the DagBag from /opt/airflow/dags/hadoop-2.7.3/share/hadoop/mapreduce/sources/hadoop-mapreduce-client-app-2.7.3-sources.jar
[2022-10-25T14:14:54.235+0000] {processor.py:770} WARNING - No viable dags retrieved from /opt/airflow/dags/hadoop-2.7.3/share/hadoop/mapreduce/sources/hadoop-mapreduce-client-app-2.7.3-sources.jar
[2022-10-25T14:14:54.268+0000] {processor.py:178} INFO - Processing /opt/airflow/dags/hadoop-2.7.3/share/hadoop/mapreduce/sources/hadoop-mapreduce-client-app-2.7.3-sources.jar took 0.068 seconds
[2022-10-25T14:14:58.324+0000] {processor.py:156} INFO - Started process (PID=21397) to work on /opt/airflow/dags/hadoop-2.7.3/share/hadoop/mapreduce/sources/hadoop-mapreduce-client-app-2.7.3-sources.jar
[2022-10-25T14:14:58.337+0000] {processor.py:758} INFO - Processing file /opt/airflow/dags/hadoop-2.7.3/share/hadoop/mapreduce/sources/hadoop-mapreduce-client-app-2.7.3-sources.jar for tasks to queue
[2022-10-25T14:14:58.339+0000] {logging_mixin.py:117} INFO - [2022-10-25T14:14:58.339+0000] {dagbag.py:525} INFO - Filling up the DagBag from /opt/airflow/dags/hadoop-2.7.3/share/hadoop/mapreduce/sources/hadoop-mapreduce-client-app-2.7.3-sources.jar
[2022-10-25T14:14:58.361+0000] {processor.py:770} WARNING - No viable dags retrieved from /opt/airflow/dags/hadoop-2.7.3/share/hadoop/mapreduce/sources/hadoop-mapreduce-client-app-2.7.3-sources.jar
[2022-10-25T14:14:58.424+0000] {processor.py:178} INFO - Processing /opt/airflow/dags/hadoop-2.7.3/share/hadoop/mapreduce/sources/hadoop-mapreduce-client-app-2.7.3-sources.jar took 0.114 seconds
[2022-10-25T14:15:58.157+0000] {processor.py:156} INFO - Started process (PID=21918) to work on /opt/airflow/dags/hadoop-2.7.3/share/hadoop/mapreduce/sources/hadoop-mapreduce-client-app-2.7.3-sources.jar
[2022-10-25T14:15:58.161+0000] {processor.py:758} INFO - Processing file /opt/airflow/dags/hadoop-2.7.3/share/hadoop/mapreduce/sources/hadoop-mapreduce-client-app-2.7.3-sources.jar for tasks to queue
[2022-10-25T14:15:58.163+0000] {logging_mixin.py:117} INFO - [2022-10-25T14:15:58.163+0000] {dagbag.py:525} INFO - Filling up the DagBag from /opt/airflow/dags/hadoop-2.7.3/share/hadoop/mapreduce/sources/hadoop-mapreduce-client-app-2.7.3-sources.jar
[2022-10-25T14:15:58.181+0000] {processor.py:770} WARNING - No viable dags retrieved from /opt/airflow/dags/hadoop-2.7.3/share/hadoop/mapreduce/sources/hadoop-mapreduce-client-app-2.7.3-sources.jar
[2022-10-25T14:15:58.213+0000] {processor.py:178} INFO - Processing /opt/airflow/dags/hadoop-2.7.3/share/hadoop/mapreduce/sources/hadoop-mapreduce-client-app-2.7.3-sources.jar took 0.074 seconds
[2022-10-25T14:16:09.824+0000] {processor.py:156} INFO - Started process (PID=23360) to work on /opt/airflow/dags/hadoop-2.7.3/share/hadoop/mapreduce/sources/hadoop-mapreduce-client-app-2.7.3-sources.jar
[2022-10-25T14:16:09.827+0000] {processor.py:758} INFO - Processing file /opt/airflow/dags/hadoop-2.7.3/share/hadoop/mapreduce/sources/hadoop-mapreduce-client-app-2.7.3-sources.jar for tasks to queue
[2022-10-25T14:16:09.830+0000] {logging_mixin.py:117} INFO - [2022-10-25T14:16:09.830+0000] {dagbag.py:525} INFO - Filling up the DagBag from /opt/airflow/dags/hadoop-2.7.3/share/hadoop/mapreduce/sources/hadoop-mapreduce-client-app-2.7.3-sources.jar
[2022-10-25T14:16:09.844+0000] {processor.py:770} WARNING - No viable dags retrieved from /opt/airflow/dags/hadoop-2.7.3/share/hadoop/mapreduce/sources/hadoop-mapreduce-client-app-2.7.3-sources.jar
[2022-10-25T14:16:09.888+0000] {processor.py:178} INFO - Processing /opt/airflow/dags/hadoop-2.7.3/share/hadoop/mapreduce/sources/hadoop-mapreduce-client-app-2.7.3-sources.jar took 0.071 seconds
[2022-10-25T14:17:04.196+0000] {processor.py:156} INFO - Started process (PID=22556) to work on /opt/airflow/dags/hadoop-2.7.3/share/hadoop/mapreduce/sources/hadoop-mapreduce-client-app-2.7.3-sources.jar
[2022-10-25T14:17:04.201+0000] {processor.py:758} INFO - Processing file /opt/airflow/dags/hadoop-2.7.3/share/hadoop/mapreduce/sources/hadoop-mapreduce-client-app-2.7.3-sources.jar for tasks to queue
[2022-10-25T14:17:04.205+0000] {logging_mixin.py:117} INFO - [2022-10-25T14:17:04.205+0000] {dagbag.py:525} INFO - Filling up the DagBag from /opt/airflow/dags/hadoop-2.7.3/share/hadoop/mapreduce/sources/hadoop-mapreduce-client-app-2.7.3-sources.jar
[2022-10-25T14:17:04.227+0000] {processor.py:770} WARNING - No viable dags retrieved from /opt/airflow/dags/hadoop-2.7.3/share/hadoop/mapreduce/sources/hadoop-mapreduce-client-app-2.7.3-sources.jar
[2022-10-25T14:17:04.290+0000] {processor.py:178} INFO - Processing /opt/airflow/dags/hadoop-2.7.3/share/hadoop/mapreduce/sources/hadoop-mapreduce-client-app-2.7.3-sources.jar took 0.105 seconds
[2022-10-25T14:17:16.362+0000] {processor.py:156} INFO - Started process (PID=23986) to work on /opt/airflow/dags/hadoop-2.7.3/share/hadoop/mapreduce/sources/hadoop-mapreduce-client-app-2.7.3-sources.jar
[2022-10-25T14:17:16.368+0000] {processor.py:758} INFO - Processing file /opt/airflow/dags/hadoop-2.7.3/share/hadoop/mapreduce/sources/hadoop-mapreduce-client-app-2.7.3-sources.jar for tasks to queue
[2022-10-25T14:17:16.370+0000] {logging_mixin.py:117} INFO - [2022-10-25T14:17:16.370+0000] {dagbag.py:525} INFO - Filling up the DagBag from /opt/airflow/dags/hadoop-2.7.3/share/hadoop/mapreduce/sources/hadoop-mapreduce-client-app-2.7.3-sources.jar
[2022-10-25T14:17:16.393+0000] {processor.py:770} WARNING - No viable dags retrieved from /opt/airflow/dags/hadoop-2.7.3/share/hadoop/mapreduce/sources/hadoop-mapreduce-client-app-2.7.3-sources.jar
[2022-10-25T14:17:16.455+0000] {processor.py:178} INFO - Processing /opt/airflow/dags/hadoop-2.7.3/share/hadoop/mapreduce/sources/hadoop-mapreduce-client-app-2.7.3-sources.jar took 0.127 seconds
[2022-10-25T14:17:54.989+0000] {processor.py:156} INFO - Started process (PID=23060) to work on /opt/airflow/dags/hadoop-2.7.3/share/hadoop/mapreduce/sources/hadoop-mapreduce-client-app-2.7.3-sources.jar
[2022-10-25T14:17:54.992+0000] {processor.py:758} INFO - Processing file /opt/airflow/dags/hadoop-2.7.3/share/hadoop/mapreduce/sources/hadoop-mapreduce-client-app-2.7.3-sources.jar for tasks to queue
[2022-10-25T14:17:54.995+0000] {logging_mixin.py:117} INFO - [2022-10-25T14:17:54.995+0000] {dagbag.py:525} INFO - Filling up the DagBag from /opt/airflow/dags/hadoop-2.7.3/share/hadoop/mapreduce/sources/hadoop-mapreduce-client-app-2.7.3-sources.jar
[2022-10-25T14:17:55.006+0000] {processor.py:770} WARNING - No viable dags retrieved from /opt/airflow/dags/hadoop-2.7.3/share/hadoop/mapreduce/sources/hadoop-mapreduce-client-app-2.7.3-sources.jar
[2022-10-25T14:17:55.052+0000] {processor.py:178} INFO - Processing /opt/airflow/dags/hadoop-2.7.3/share/hadoop/mapreduce/sources/hadoop-mapreduce-client-app-2.7.3-sources.jar took 0.070 seconds
[2022-10-25T14:25:20.015+0000] {processor.py:156} INFO - Started process (PID=23642) to work on /opt/airflow/dags/hadoop-2.7.3/share/hadoop/mapreduce/sources/hadoop-mapreduce-client-app-2.7.3-sources.jar
[2022-10-25T14:25:20.021+0000] {processor.py:758} INFO - Processing file /opt/airflow/dags/hadoop-2.7.3/share/hadoop/mapreduce/sources/hadoop-mapreduce-client-app-2.7.3-sources.jar for tasks to queue
[2022-10-25T14:25:20.026+0000] {logging_mixin.py:117} INFO - [2022-10-25T14:25:20.025+0000] {dagbag.py:525} INFO - Filling up the DagBag from /opt/airflow/dags/hadoop-2.7.3/share/hadoop/mapreduce/sources/hadoop-mapreduce-client-app-2.7.3-sources.jar
[2022-10-25T14:25:20.041+0000] {processor.py:770} WARNING - No viable dags retrieved from /opt/airflow/dags/hadoop-2.7.3/share/hadoop/mapreduce/sources/hadoop-mapreduce-client-app-2.7.3-sources.jar
[2022-10-25T14:25:20.091+0000] {processor.py:178} INFO - Processing /opt/airflow/dags/hadoop-2.7.3/share/hadoop/mapreduce/sources/hadoop-mapreduce-client-app-2.7.3-sources.jar took 0.086 seconds
[2022-10-25T14:25:37.717+0000] {processor.py:156} INFO - Started process (PID=24724) to work on /opt/airflow/dags/hadoop-2.7.3/share/hadoop/mapreduce/sources/hadoop-mapreduce-client-app-2.7.3-sources.jar
[2022-10-25T14:25:37.720+0000] {processor.py:758} INFO - Processing file /opt/airflow/dags/hadoop-2.7.3/share/hadoop/mapreduce/sources/hadoop-mapreduce-client-app-2.7.3-sources.jar for tasks to queue
[2022-10-25T14:25:37.722+0000] {logging_mixin.py:117} INFO - [2022-10-25T14:25:37.722+0000] {dagbag.py:525} INFO - Filling up the DagBag from /opt/airflow/dags/hadoop-2.7.3/share/hadoop/mapreduce/sources/hadoop-mapreduce-client-app-2.7.3-sources.jar
[2022-10-25T14:25:37.736+0000] {processor.py:770} WARNING - No viable dags retrieved from /opt/airflow/dags/hadoop-2.7.3/share/hadoop/mapreduce/sources/hadoop-mapreduce-client-app-2.7.3-sources.jar
[2022-10-25T14:25:37.801+0000] {processor.py:178} INFO - Processing /opt/airflow/dags/hadoop-2.7.3/share/hadoop/mapreduce/sources/hadoop-mapreduce-client-app-2.7.3-sources.jar took 0.092 seconds
[2022-10-25T14:26:11.207+0000] {processor.py:156} INFO - Started process (PID=24166) to work on /opt/airflow/dags/hadoop-2.7.3/share/hadoop/mapreduce/sources/hadoop-mapreduce-client-app-2.7.3-sources.jar
[2022-10-25T14:26:11.213+0000] {processor.py:758} INFO - Processing file /opt/airflow/dags/hadoop-2.7.3/share/hadoop/mapreduce/sources/hadoop-mapreduce-client-app-2.7.3-sources.jar for tasks to queue
[2022-10-25T14:26:11.216+0000] {logging_mixin.py:117} INFO - [2022-10-25T14:26:11.215+0000] {dagbag.py:525} INFO - Filling up the DagBag from /opt/airflow/dags/hadoop-2.7.3/share/hadoop/mapreduce/sources/hadoop-mapreduce-client-app-2.7.3-sources.jar
[2022-10-25T14:26:11.230+0000] {processor.py:770} WARNING - No viable dags retrieved from /opt/airflow/dags/hadoop-2.7.3/share/hadoop/mapreduce/sources/hadoop-mapreduce-client-app-2.7.3-sources.jar
[2022-10-25T14:26:11.285+0000] {processor.py:178} INFO - Processing /opt/airflow/dags/hadoop-2.7.3/share/hadoop/mapreduce/sources/hadoop-mapreduce-client-app-2.7.3-sources.jar took 0.091 seconds
[2022-10-25T14:26:29.753+0000] {processor.py:156} INFO - Started process (PID=25247) to work on /opt/airflow/dags/hadoop-2.7.3/share/hadoop/mapreduce/sources/hadoop-mapreduce-client-app-2.7.3-sources.jar
[2022-10-25T14:26:29.756+0000] {processor.py:758} INFO - Processing file /opt/airflow/dags/hadoop-2.7.3/share/hadoop/mapreduce/sources/hadoop-mapreduce-client-app-2.7.3-sources.jar for tasks to queue
[2022-10-25T14:26:29.759+0000] {logging_mixin.py:117} INFO - [2022-10-25T14:26:29.758+0000] {dagbag.py:525} INFO - Filling up the DagBag from /opt/airflow/dags/hadoop-2.7.3/share/hadoop/mapreduce/sources/hadoop-mapreduce-client-app-2.7.3-sources.jar
[2022-10-25T14:26:29.772+0000] {processor.py:770} WARNING - No viable dags retrieved from /opt/airflow/dags/hadoop-2.7.3/share/hadoop/mapreduce/sources/hadoop-mapreduce-client-app-2.7.3-sources.jar
[2022-10-25T14:26:29.840+0000] {processor.py:178} INFO - Processing /opt/airflow/dags/hadoop-2.7.3/share/hadoop/mapreduce/sources/hadoop-mapreduce-client-app-2.7.3-sources.jar took 0.100 seconds
[2022-10-25T14:27:05.937+0000] {processor.py:156} INFO - Started process (PID=24691) to work on /opt/airflow/dags/hadoop-2.7.3/share/hadoop/mapreduce/sources/hadoop-mapreduce-client-app-2.7.3-sources.jar
[2022-10-25T14:27:05.941+0000] {processor.py:758} INFO - Processing file /opt/airflow/dags/hadoop-2.7.3/share/hadoop/mapreduce/sources/hadoop-mapreduce-client-app-2.7.3-sources.jar for tasks to queue
[2022-10-25T14:27:05.946+0000] {logging_mixin.py:117} INFO - [2022-10-25T14:27:05.945+0000] {dagbag.py:525} INFO - Filling up the DagBag from /opt/airflow/dags/hadoop-2.7.3/share/hadoop/mapreduce/sources/hadoop-mapreduce-client-app-2.7.3-sources.jar
[2022-10-25T14:27:05.960+0000] {processor.py:770} WARNING - No viable dags retrieved from /opt/airflow/dags/hadoop-2.7.3/share/hadoop/mapreduce/sources/hadoop-mapreduce-client-app-2.7.3-sources.jar
[2022-10-25T14:27:05.997+0000] {processor.py:178} INFO - Processing /opt/airflow/dags/hadoop-2.7.3/share/hadoop/mapreduce/sources/hadoop-mapreduce-client-app-2.7.3-sources.jar took 0.073 seconds
[2022-10-25T14:27:21.253+0000] {processor.py:156} INFO - Started process (PID=25769) to work on /opt/airflow/dags/hadoop-2.7.3/share/hadoop/mapreduce/sources/hadoop-mapreduce-client-app-2.7.3-sources.jar
[2022-10-25T14:27:21.260+0000] {processor.py:758} INFO - Processing file /opt/airflow/dags/hadoop-2.7.3/share/hadoop/mapreduce/sources/hadoop-mapreduce-client-app-2.7.3-sources.jar for tasks to queue
[2022-10-25T14:27:21.265+0000] {logging_mixin.py:117} INFO - [2022-10-25T14:27:21.264+0000] {dagbag.py:525} INFO - Filling up the DagBag from /opt/airflow/dags/hadoop-2.7.3/share/hadoop/mapreduce/sources/hadoop-mapreduce-client-app-2.7.3-sources.jar
[2022-10-25T14:27:21.286+0000] {processor.py:770} WARNING - No viable dags retrieved from /opt/airflow/dags/hadoop-2.7.3/share/hadoop/mapreduce/sources/hadoop-mapreduce-client-app-2.7.3-sources.jar
[2022-10-25T14:27:21.366+0000] {processor.py:178} INFO - Processing /opt/airflow/dags/hadoop-2.7.3/share/hadoop/mapreduce/sources/hadoop-mapreduce-client-app-2.7.3-sources.jar took 0.131 seconds
[2022-10-25T14:28:01.124+0000] {processor.py:156} INFO - Started process (PID=25279) to work on /opt/airflow/dags/hadoop-2.7.3/share/hadoop/mapreduce/sources/hadoop-mapreduce-client-app-2.7.3-sources.jar
[2022-10-25T14:28:01.128+0000] {processor.py:758} INFO - Processing file /opt/airflow/dags/hadoop-2.7.3/share/hadoop/mapreduce/sources/hadoop-mapreduce-client-app-2.7.3-sources.jar for tasks to queue
[2022-10-25T14:28:01.136+0000] {logging_mixin.py:117} INFO - [2022-10-25T14:28:01.134+0000] {dagbag.py:525} INFO - Filling up the DagBag from /opt/airflow/dags/hadoop-2.7.3/share/hadoop/mapreduce/sources/hadoop-mapreduce-client-app-2.7.3-sources.jar
[2022-10-25T14:28:01.156+0000] {processor.py:770} WARNING - No viable dags retrieved from /opt/airflow/dags/hadoop-2.7.3/share/hadoop/mapreduce/sources/hadoop-mapreduce-client-app-2.7.3-sources.jar
[2022-10-25T14:28:01.198+0000] {processor.py:178} INFO - Processing /opt/airflow/dags/hadoop-2.7.3/share/hadoop/mapreduce/sources/hadoop-mapreduce-client-app-2.7.3-sources.jar took 0.088 seconds
[2022-10-25T14:28:10.002+0000] {processor.py:156} INFO - Started process (PID=26317) to work on /opt/airflow/dags/hadoop-2.7.3/share/hadoop/mapreduce/sources/hadoop-mapreduce-client-app-2.7.3-sources.jar
[2022-10-25T14:28:10.008+0000] {processor.py:758} INFO - Processing file /opt/airflow/dags/hadoop-2.7.3/share/hadoop/mapreduce/sources/hadoop-mapreduce-client-app-2.7.3-sources.jar for tasks to queue
[2022-10-25T14:28:10.014+0000] {logging_mixin.py:117} INFO - [2022-10-25T14:28:10.013+0000] {dagbag.py:525} INFO - Filling up the DagBag from /opt/airflow/dags/hadoop-2.7.3/share/hadoop/mapreduce/sources/hadoop-mapreduce-client-app-2.7.3-sources.jar
[2022-10-25T14:28:10.031+0000] {processor.py:770} WARNING - No viable dags retrieved from /opt/airflow/dags/hadoop-2.7.3/share/hadoop/mapreduce/sources/hadoop-mapreduce-client-app-2.7.3-sources.jar
[2022-10-25T14:28:10.100+0000] {processor.py:178} INFO - Processing /opt/airflow/dags/hadoop-2.7.3/share/hadoop/mapreduce/sources/hadoop-mapreduce-client-app-2.7.3-sources.jar took 0.113 seconds
[2022-10-25T14:29:07.963+0000] {processor.py:156} INFO - Started process (PID=26898) to work on /opt/airflow/dags/hadoop-2.7.3/share/hadoop/mapreduce/sources/hadoop-mapreduce-client-app-2.7.3-sources.jar
[2022-10-25T14:29:07.970+0000] {processor.py:758} INFO - Processing file /opt/airflow/dags/hadoop-2.7.3/share/hadoop/mapreduce/sources/hadoop-mapreduce-client-app-2.7.3-sources.jar for tasks to queue
[2022-10-25T14:29:07.973+0000] {logging_mixin.py:117} INFO - [2022-10-25T14:29:07.973+0000] {dagbag.py:525} INFO - Filling up the DagBag from /opt/airflow/dags/hadoop-2.7.3/share/hadoop/mapreduce/sources/hadoop-mapreduce-client-app-2.7.3-sources.jar
[2022-10-25T14:29:07.988+0000] {processor.py:770} WARNING - No viable dags retrieved from /opt/airflow/dags/hadoop-2.7.3/share/hadoop/mapreduce/sources/hadoop-mapreduce-client-app-2.7.3-sources.jar
[2022-10-25T14:29:08.031+0000] {processor.py:178} INFO - Processing /opt/airflow/dags/hadoop-2.7.3/share/hadoop/mapreduce/sources/hadoop-mapreduce-client-app-2.7.3-sources.jar took 0.081 seconds
[2022-10-25T14:29:48.308+0000] {processor.py:156} INFO - Started process (PID=25902) to work on /opt/airflow/dags/hadoop-2.7.3/share/hadoop/mapreduce/sources/hadoop-mapreduce-client-app-2.7.3-sources.jar
[2022-10-25T14:29:48.311+0000] {processor.py:758} INFO - Processing file /opt/airflow/dags/hadoop-2.7.3/share/hadoop/mapreduce/sources/hadoop-mapreduce-client-app-2.7.3-sources.jar for tasks to queue
[2022-10-25T14:29:48.314+0000] {logging_mixin.py:117} INFO - [2022-10-25T14:29:48.314+0000] {dagbag.py:525} INFO - Filling up the DagBag from /opt/airflow/dags/hadoop-2.7.3/share/hadoop/mapreduce/sources/hadoop-mapreduce-client-app-2.7.3-sources.jar
[2022-10-25T14:29:48.327+0000] {processor.py:770} WARNING - No viable dags retrieved from /opt/airflow/dags/hadoop-2.7.3/share/hadoop/mapreduce/sources/hadoop-mapreduce-client-app-2.7.3-sources.jar
[2022-10-25T14:29:48.367+0000] {processor.py:178} INFO - Processing /opt/airflow/dags/hadoop-2.7.3/share/hadoop/mapreduce/sources/hadoop-mapreduce-client-app-2.7.3-sources.jar took 0.068 seconds
[2022-10-25T14:30:36.902+0000] {processor.py:156} INFO - Started process (PID=27437) to work on /opt/airflow/dags/hadoop-2.7.3/share/hadoop/mapreduce/sources/hadoop-mapreduce-client-app-2.7.3-sources.jar
[2022-10-25T14:30:36.908+0000] {processor.py:758} INFO - Processing file /opt/airflow/dags/hadoop-2.7.3/share/hadoop/mapreduce/sources/hadoop-mapreduce-client-app-2.7.3-sources.jar for tasks to queue
[2022-10-25T14:30:36.911+0000] {logging_mixin.py:117} INFO - [2022-10-25T14:30:36.911+0000] {dagbag.py:525} INFO - Filling up the DagBag from /opt/airflow/dags/hadoop-2.7.3/share/hadoop/mapreduce/sources/hadoop-mapreduce-client-app-2.7.3-sources.jar
[2022-10-25T14:30:36.929+0000] {processor.py:770} WARNING - No viable dags retrieved from /opt/airflow/dags/hadoop-2.7.3/share/hadoop/mapreduce/sources/hadoop-mapreduce-client-app-2.7.3-sources.jar
[2022-10-25T14:30:36.989+0000] {processor.py:178} INFO - Processing /opt/airflow/dags/hadoop-2.7.3/share/hadoop/mapreduce/sources/hadoop-mapreduce-client-app-2.7.3-sources.jar took 0.106 seconds
[2022-10-25T14:30:52.431+0000] {processor.py:156} INFO - Started process (PID=26558) to work on /opt/airflow/dags/hadoop-2.7.3/share/hadoop/mapreduce/sources/hadoop-mapreduce-client-app-2.7.3-sources.jar
[2022-10-25T14:30:52.436+0000] {processor.py:758} INFO - Processing file /opt/airflow/dags/hadoop-2.7.3/share/hadoop/mapreduce/sources/hadoop-mapreduce-client-app-2.7.3-sources.jar for tasks to queue
[2022-10-25T14:30:52.439+0000] {logging_mixin.py:117} INFO - [2022-10-25T14:30:52.439+0000] {dagbag.py:525} INFO - Filling up the DagBag from /opt/airflow/dags/hadoop-2.7.3/share/hadoop/mapreduce/sources/hadoop-mapreduce-client-app-2.7.3-sources.jar
[2022-10-25T14:30:52.458+0000] {processor.py:770} WARNING - No viable dags retrieved from /opt/airflow/dags/hadoop-2.7.3/share/hadoop/mapreduce/sources/hadoop-mapreduce-client-app-2.7.3-sources.jar
[2022-10-25T14:30:52.518+0000] {processor.py:178} INFO - Processing /opt/airflow/dags/hadoop-2.7.3/share/hadoop/mapreduce/sources/hadoop-mapreduce-client-app-2.7.3-sources.jar took 0.097 seconds
[2022-10-25T14:31:33.273+0000] {processor.py:156} INFO - Started process (PID=27968) to work on /opt/airflow/dags/hadoop-2.7.3/share/hadoop/mapreduce/sources/hadoop-mapreduce-client-app-2.7.3-sources.jar
[2022-10-25T14:31:33.279+0000] {processor.py:758} INFO - Processing file /opt/airflow/dags/hadoop-2.7.3/share/hadoop/mapreduce/sources/hadoop-mapreduce-client-app-2.7.3-sources.jar for tasks to queue
[2022-10-25T14:31:33.283+0000] {logging_mixin.py:117} INFO - [2022-10-25T14:31:33.283+0000] {dagbag.py:525} INFO - Filling up the DagBag from /opt/airflow/dags/hadoop-2.7.3/share/hadoop/mapreduce/sources/hadoop-mapreduce-client-app-2.7.3-sources.jar
[2022-10-25T14:31:33.321+0000] {processor.py:770} WARNING - No viable dags retrieved from /opt/airflow/dags/hadoop-2.7.3/share/hadoop/mapreduce/sources/hadoop-mapreduce-client-app-2.7.3-sources.jar
[2022-10-25T14:31:33.379+0000] {processor.py:178} INFO - Processing /opt/airflow/dags/hadoop-2.7.3/share/hadoop/mapreduce/sources/hadoop-mapreduce-client-app-2.7.3-sources.jar took 0.119 seconds
[2022-10-25T14:31:41.811+0000] {processor.py:156} INFO - Started process (PID=27001) to work on /opt/airflow/dags/hadoop-2.7.3/share/hadoop/mapreduce/sources/hadoop-mapreduce-client-app-2.7.3-sources.jar
[2022-10-25T14:31:41.815+0000] {processor.py:758} INFO - Processing file /opt/airflow/dags/hadoop-2.7.3/share/hadoop/mapreduce/sources/hadoop-mapreduce-client-app-2.7.3-sources.jar for tasks to queue
[2022-10-25T14:31:41.821+0000] {logging_mixin.py:117} INFO - [2022-10-25T14:31:41.820+0000] {dagbag.py:525} INFO - Filling up the DagBag from /opt/airflow/dags/hadoop-2.7.3/share/hadoop/mapreduce/sources/hadoop-mapreduce-client-app-2.7.3-sources.jar
[2022-10-25T14:31:41.832+0000] {processor.py:770} WARNING - No viable dags retrieved from /opt/airflow/dags/hadoop-2.7.3/share/hadoop/mapreduce/sources/hadoop-mapreduce-client-app-2.7.3-sources.jar
[2022-10-25T14:31:41.881+0000] {processor.py:178} INFO - Processing /opt/airflow/dags/hadoop-2.7.3/share/hadoop/mapreduce/sources/hadoop-mapreduce-client-app-2.7.3-sources.jar took 0.085 seconds
[2022-10-25T14:32:32.169+0000] {processor.py:156} INFO - Started process (PID=27498) to work on /opt/airflow/dags/hadoop-2.7.3/share/hadoop/mapreduce/sources/hadoop-mapreduce-client-app-2.7.3-sources.jar
[2022-10-25T14:32:32.172+0000] {processor.py:758} INFO - Processing file /opt/airflow/dags/hadoop-2.7.3/share/hadoop/mapreduce/sources/hadoop-mapreduce-client-app-2.7.3-sources.jar for tasks to queue
[2022-10-25T14:32:32.180+0000] {logging_mixin.py:117} INFO - [2022-10-25T14:32:32.180+0000] {dagbag.py:525} INFO - Filling up the DagBag from /opt/airflow/dags/hadoop-2.7.3/share/hadoop/mapreduce/sources/hadoop-mapreduce-client-app-2.7.3-sources.jar
[2022-10-25T14:32:32.195+0000] {processor.py:770} WARNING - No viable dags retrieved from /opt/airflow/dags/hadoop-2.7.3/share/hadoop/mapreduce/sources/hadoop-mapreduce-client-app-2.7.3-sources.jar
[2022-10-25T14:32:32.252+0000] {processor.py:178} INFO - Processing /opt/airflow/dags/hadoop-2.7.3/share/hadoop/mapreduce/sources/hadoop-mapreduce-client-app-2.7.3-sources.jar took 0.100 seconds
[2022-10-25T14:32:33.539+0000] {processor.py:156} INFO - Started process (PID=28582) to work on /opt/airflow/dags/hadoop-2.7.3/share/hadoop/mapreduce/sources/hadoop-mapreduce-client-app-2.7.3-sources.jar
[2022-10-25T14:32:33.543+0000] {processor.py:758} INFO - Processing file /opt/airflow/dags/hadoop-2.7.3/share/hadoop/mapreduce/sources/hadoop-mapreduce-client-app-2.7.3-sources.jar for tasks to queue
[2022-10-25T14:32:33.548+0000] {logging_mixin.py:117} INFO - [2022-10-25T14:32:33.547+0000] {dagbag.py:525} INFO - Filling up the DagBag from /opt/airflow/dags/hadoop-2.7.3/share/hadoop/mapreduce/sources/hadoop-mapreduce-client-app-2.7.3-sources.jar
[2022-10-25T14:32:33.561+0000] {processor.py:770} WARNING - No viable dags retrieved from /opt/airflow/dags/hadoop-2.7.3/share/hadoop/mapreduce/sources/hadoop-mapreduce-client-app-2.7.3-sources.jar
[2022-10-25T14:32:33.613+0000] {processor.py:178} INFO - Processing /opt/airflow/dags/hadoop-2.7.3/share/hadoop/mapreduce/sources/hadoop-mapreduce-client-app-2.7.3-sources.jar took 0.083 seconds
[2022-10-25T14:33:29.946+0000] {processor.py:156} INFO - Started process (PID=29177) to work on /opt/airflow/dags/hadoop-2.7.3/share/hadoop/mapreduce/sources/hadoop-mapreduce-client-app-2.7.3-sources.jar
[2022-10-25T14:33:29.949+0000] {processor.py:758} INFO - Processing file /opt/airflow/dags/hadoop-2.7.3/share/hadoop/mapreduce/sources/hadoop-mapreduce-client-app-2.7.3-sources.jar for tasks to queue
[2022-10-25T14:33:29.952+0000] {logging_mixin.py:117} INFO - [2022-10-25T14:33:29.952+0000] {dagbag.py:525} INFO - Filling up the DagBag from /opt/airflow/dags/hadoop-2.7.3/share/hadoop/mapreduce/sources/hadoop-mapreduce-client-app-2.7.3-sources.jar
[2022-10-25T14:33:29.967+0000] {processor.py:770} WARNING - No viable dags retrieved from /opt/airflow/dags/hadoop-2.7.3/share/hadoop/mapreduce/sources/hadoop-mapreduce-client-app-2.7.3-sources.jar
[2022-10-25T14:33:30.034+0000] {processor.py:178} INFO - Processing /opt/airflow/dags/hadoop-2.7.3/share/hadoop/mapreduce/sources/hadoop-mapreduce-client-app-2.7.3-sources.jar took 0.098 seconds
[2022-10-25T14:33:36.277+0000] {processor.py:156} INFO - Started process (PID=28152) to work on /opt/airflow/dags/hadoop-2.7.3/share/hadoop/mapreduce/sources/hadoop-mapreduce-client-app-2.7.3-sources.jar
[2022-10-25T14:33:36.282+0000] {processor.py:758} INFO - Processing file /opt/airflow/dags/hadoop-2.7.3/share/hadoop/mapreduce/sources/hadoop-mapreduce-client-app-2.7.3-sources.jar for tasks to queue
[2022-10-25T14:33:36.284+0000] {logging_mixin.py:117} INFO - [2022-10-25T14:33:36.284+0000] {dagbag.py:525} INFO - Filling up the DagBag from /opt/airflow/dags/hadoop-2.7.3/share/hadoop/mapreduce/sources/hadoop-mapreduce-client-app-2.7.3-sources.jar
[2022-10-25T14:33:36.298+0000] {processor.py:770} WARNING - No viable dags retrieved from /opt/airflow/dags/hadoop-2.7.3/share/hadoop/mapreduce/sources/hadoop-mapreduce-client-app-2.7.3-sources.jar
[2022-10-25T14:33:36.361+0000] {processor.py:178} INFO - Processing /opt/airflow/dags/hadoop-2.7.3/share/hadoop/mapreduce/sources/hadoop-mapreduce-client-app-2.7.3-sources.jar took 0.094 seconds
[2022-10-25T14:35:13.397+0000] {processor.py:156} INFO - Started process (PID=29838) to work on /opt/airflow/dags/hadoop-2.7.3/share/hadoop/mapreduce/sources/hadoop-mapreduce-client-app-2.7.3-sources.jar
[2022-10-25T14:35:13.400+0000] {processor.py:758} INFO - Processing file /opt/airflow/dags/hadoop-2.7.3/share/hadoop/mapreduce/sources/hadoop-mapreduce-client-app-2.7.3-sources.jar for tasks to queue
[2022-10-25T14:35:13.403+0000] {logging_mixin.py:117} INFO - [2022-10-25T14:35:13.402+0000] {dagbag.py:525} INFO - Filling up the DagBag from /opt/airflow/dags/hadoop-2.7.3/share/hadoop/mapreduce/sources/hadoop-mapreduce-client-app-2.7.3-sources.jar
[2022-10-25T14:35:13.414+0000] {processor.py:770} WARNING - No viable dags retrieved from /opt/airflow/dags/hadoop-2.7.3/share/hadoop/mapreduce/sources/hadoop-mapreduce-client-app-2.7.3-sources.jar
[2022-10-25T14:35:13.469+0000] {processor.py:178} INFO - Processing /opt/airflow/dags/hadoop-2.7.3/share/hadoop/mapreduce/sources/hadoop-mapreduce-client-app-2.7.3-sources.jar took 0.078 seconds
[2022-10-25T14:35:22.010+0000] {processor.py:156} INFO - Started process (PID=28779) to work on /opt/airflow/dags/hadoop-2.7.3/share/hadoop/mapreduce/sources/hadoop-mapreduce-client-app-2.7.3-sources.jar
[2022-10-25T14:35:22.018+0000] {processor.py:758} INFO - Processing file /opt/airflow/dags/hadoop-2.7.3/share/hadoop/mapreduce/sources/hadoop-mapreduce-client-app-2.7.3-sources.jar for tasks to queue
[2022-10-25T14:35:22.026+0000] {logging_mixin.py:117} INFO - [2022-10-25T14:35:22.026+0000] {dagbag.py:525} INFO - Filling up the DagBag from /opt/airflow/dags/hadoop-2.7.3/share/hadoop/mapreduce/sources/hadoop-mapreduce-client-app-2.7.3-sources.jar
[2022-10-25T14:35:22.047+0000] {processor.py:770} WARNING - No viable dags retrieved from /opt/airflow/dags/hadoop-2.7.3/share/hadoop/mapreduce/sources/hadoop-mapreduce-client-app-2.7.3-sources.jar
[2022-10-25T14:35:22.099+0000] {processor.py:178} INFO - Processing /opt/airflow/dags/hadoop-2.7.3/share/hadoop/mapreduce/sources/hadoop-mapreduce-client-app-2.7.3-sources.jar took 0.110 seconds
[2022-10-25T14:36:00.467+0000] {processor.py:156} INFO - Started process (PID=30359) to work on /opt/airflow/dags/hadoop-2.7.3/share/hadoop/mapreduce/sources/hadoop-mapreduce-client-app-2.7.3-sources.jar
[2022-10-25T14:36:00.470+0000] {processor.py:758} INFO - Processing file /opt/airflow/dags/hadoop-2.7.3/share/hadoop/mapreduce/sources/hadoop-mapreduce-client-app-2.7.3-sources.jar for tasks to queue
[2022-10-25T14:36:00.472+0000] {logging_mixin.py:117} INFO - [2022-10-25T14:36:00.472+0000] {dagbag.py:525} INFO - Filling up the DagBag from /opt/airflow/dags/hadoop-2.7.3/share/hadoop/mapreduce/sources/hadoop-mapreduce-client-app-2.7.3-sources.jar
[2022-10-25T14:36:00.485+0000] {processor.py:770} WARNING - No viable dags retrieved from /opt/airflow/dags/hadoop-2.7.3/share/hadoop/mapreduce/sources/hadoop-mapreduce-client-app-2.7.3-sources.jar
[2022-10-25T14:36:00.544+0000] {processor.py:178} INFO - Processing /opt/airflow/dags/hadoop-2.7.3/share/hadoop/mapreduce/sources/hadoop-mapreduce-client-app-2.7.3-sources.jar took 0.085 seconds
[2022-10-25T14:36:13.457+0000] {processor.py:156} INFO - Started process (PID=29293) to work on /opt/airflow/dags/hadoop-2.7.3/share/hadoop/mapreduce/sources/hadoop-mapreduce-client-app-2.7.3-sources.jar
[2022-10-25T14:36:13.461+0000] {processor.py:758} INFO - Processing file /opt/airflow/dags/hadoop-2.7.3/share/hadoop/mapreduce/sources/hadoop-mapreduce-client-app-2.7.3-sources.jar for tasks to queue
[2022-10-25T14:36:13.464+0000] {logging_mixin.py:117} INFO - [2022-10-25T14:36:13.463+0000] {dagbag.py:525} INFO - Filling up the DagBag from /opt/airflow/dags/hadoop-2.7.3/share/hadoop/mapreduce/sources/hadoop-mapreduce-client-app-2.7.3-sources.jar
[2022-10-25T14:36:13.486+0000] {processor.py:770} WARNING - No viable dags retrieved from /opt/airflow/dags/hadoop-2.7.3/share/hadoop/mapreduce/sources/hadoop-mapreduce-client-app-2.7.3-sources.jar
[2022-10-25T14:36:13.531+0000] {processor.py:178} INFO - Processing /opt/airflow/dags/hadoop-2.7.3/share/hadoop/mapreduce/sources/hadoop-mapreduce-client-app-2.7.3-sources.jar took 0.087 seconds
[2022-10-25T14:36:50.300+0000] {processor.py:156} INFO - Started process (PID=30909) to work on /opt/airflow/dags/hadoop-2.7.3/share/hadoop/mapreduce/sources/hadoop-mapreduce-client-app-2.7.3-sources.jar
[2022-10-25T14:36:50.305+0000] {processor.py:758} INFO - Processing file /opt/airflow/dags/hadoop-2.7.3/share/hadoop/mapreduce/sources/hadoop-mapreduce-client-app-2.7.3-sources.jar for tasks to queue
[2022-10-25T14:36:50.308+0000] {logging_mixin.py:117} INFO - [2022-10-25T14:36:50.307+0000] {dagbag.py:525} INFO - Filling up the DagBag from /opt/airflow/dags/hadoop-2.7.3/share/hadoop/mapreduce/sources/hadoop-mapreduce-client-app-2.7.3-sources.jar
[2022-10-25T14:36:50.329+0000] {processor.py:770} WARNING - No viable dags retrieved from /opt/airflow/dags/hadoop-2.7.3/share/hadoop/mapreduce/sources/hadoop-mapreduce-client-app-2.7.3-sources.jar
[2022-10-25T14:36:50.376+0000] {processor.py:178} INFO - Processing /opt/airflow/dags/hadoop-2.7.3/share/hadoop/mapreduce/sources/hadoop-mapreduce-client-app-2.7.3-sources.jar took 0.084 seconds
[2022-10-25T14:37:17.061+0000] {processor.py:156} INFO - Started process (PID=29927) to work on /opt/airflow/dags/hadoop-2.7.3/share/hadoop/mapreduce/sources/hadoop-mapreduce-client-app-2.7.3-sources.jar
[2022-10-25T14:37:17.078+0000] {processor.py:758} INFO - Processing file /opt/airflow/dags/hadoop-2.7.3/share/hadoop/mapreduce/sources/hadoop-mapreduce-client-app-2.7.3-sources.jar for tasks to queue
[2022-10-25T14:37:17.081+0000] {logging_mixin.py:117} INFO - [2022-10-25T14:37:17.081+0000] {dagbag.py:525} INFO - Filling up the DagBag from /opt/airflow/dags/hadoop-2.7.3/share/hadoop/mapreduce/sources/hadoop-mapreduce-client-app-2.7.3-sources.jar
[2022-10-25T14:37:17.103+0000] {processor.py:770} WARNING - No viable dags retrieved from /opt/airflow/dags/hadoop-2.7.3/share/hadoop/mapreduce/sources/hadoop-mapreduce-client-app-2.7.3-sources.jar
[2022-10-25T14:37:17.155+0000] {processor.py:178} INFO - Processing /opt/airflow/dags/hadoop-2.7.3/share/hadoop/mapreduce/sources/hadoop-mapreduce-client-app-2.7.3-sources.jar took 0.114 seconds
[2022-10-25T14:37:38.946+0000] {processor.py:156} INFO - Started process (PID=31453) to work on /opt/airflow/dags/hadoop-2.7.3/share/hadoop/mapreduce/sources/hadoop-mapreduce-client-app-2.7.3-sources.jar
[2022-10-25T14:37:38.962+0000] {processor.py:758} INFO - Processing file /opt/airflow/dags/hadoop-2.7.3/share/hadoop/mapreduce/sources/hadoop-mapreduce-client-app-2.7.3-sources.jar for tasks to queue
[2022-10-25T14:37:38.966+0000] {logging_mixin.py:117} INFO - [2022-10-25T14:37:38.965+0000] {dagbag.py:525} INFO - Filling up the DagBag from /opt/airflow/dags/hadoop-2.7.3/share/hadoop/mapreduce/sources/hadoop-mapreduce-client-app-2.7.3-sources.jar
[2022-10-25T14:37:38.979+0000] {processor.py:770} WARNING - No viable dags retrieved from /opt/airflow/dags/hadoop-2.7.3/share/hadoop/mapreduce/sources/hadoop-mapreduce-client-app-2.7.3-sources.jar
[2022-10-25T14:37:39.030+0000] {processor.py:178} INFO - Processing /opt/airflow/dags/hadoop-2.7.3/share/hadoop/mapreduce/sources/hadoop-mapreduce-client-app-2.7.3-sources.jar took 0.095 seconds
[2022-10-25T14:38:14.934+0000] {processor.py:156} INFO - Started process (PID=30535) to work on /opt/airflow/dags/hadoop-2.7.3/share/hadoop/mapreduce/sources/hadoop-mapreduce-client-app-2.7.3-sources.jar
[2022-10-25T14:38:14.936+0000] {processor.py:758} INFO - Processing file /opt/airflow/dags/hadoop-2.7.3/share/hadoop/mapreduce/sources/hadoop-mapreduce-client-app-2.7.3-sources.jar for tasks to queue
[2022-10-25T14:38:14.940+0000] {logging_mixin.py:117} INFO - [2022-10-25T14:38:14.939+0000] {dagbag.py:525} INFO - Filling up the DagBag from /opt/airflow/dags/hadoop-2.7.3/share/hadoop/mapreduce/sources/hadoop-mapreduce-client-app-2.7.3-sources.jar
[2022-10-25T14:38:14.962+0000] {processor.py:770} WARNING - No viable dags retrieved from /opt/airflow/dags/hadoop-2.7.3/share/hadoop/mapreduce/sources/hadoop-mapreduce-client-app-2.7.3-sources.jar
[2022-10-25T14:38:15.003+0000] {processor.py:178} INFO - Processing /opt/airflow/dags/hadoop-2.7.3/share/hadoop/mapreduce/sources/hadoop-mapreduce-client-app-2.7.3-sources.jar took 0.086 seconds
[2022-10-25T14:38:31.358+0000] {processor.py:156} INFO - Started process (PID=32024) to work on /opt/airflow/dags/hadoop-2.7.3/share/hadoop/mapreduce/sources/hadoop-mapreduce-client-app-2.7.3-sources.jar
[2022-10-25T14:38:31.361+0000] {processor.py:758} INFO - Processing file /opt/airflow/dags/hadoop-2.7.3/share/hadoop/mapreduce/sources/hadoop-mapreduce-client-app-2.7.3-sources.jar for tasks to queue
[2022-10-25T14:38:31.364+0000] {logging_mixin.py:117} INFO - [2022-10-25T14:38:31.364+0000] {dagbag.py:525} INFO - Filling up the DagBag from /opt/airflow/dags/hadoop-2.7.3/share/hadoop/mapreduce/sources/hadoop-mapreduce-client-app-2.7.3-sources.jar
[2022-10-25T14:38:31.376+0000] {processor.py:770} WARNING - No viable dags retrieved from /opt/airflow/dags/hadoop-2.7.3/share/hadoop/mapreduce/sources/hadoop-mapreduce-client-app-2.7.3-sources.jar
[2022-10-25T14:38:31.423+0000] {processor.py:178} INFO - Processing /opt/airflow/dags/hadoop-2.7.3/share/hadoop/mapreduce/sources/hadoop-mapreduce-client-app-2.7.3-sources.jar took 0.071 seconds
[2022-10-25T14:39:55.848+0000] {processor.py:156} INFO - Started process (PID=31160) to work on /opt/airflow/dags/hadoop-2.7.3/share/hadoop/mapreduce/sources/hadoop-mapreduce-client-app-2.7.3-sources.jar
[2022-10-25T14:39:55.854+0000] {processor.py:758} INFO - Processing file /opt/airflow/dags/hadoop-2.7.3/share/hadoop/mapreduce/sources/hadoop-mapreduce-client-app-2.7.3-sources.jar for tasks to queue
[2022-10-25T14:39:55.858+0000] {logging_mixin.py:117} INFO - [2022-10-25T14:39:55.857+0000] {dagbag.py:525} INFO - Filling up the DagBag from /opt/airflow/dags/hadoop-2.7.3/share/hadoop/mapreduce/sources/hadoop-mapreduce-client-app-2.7.3-sources.jar
[2022-10-25T14:39:55.875+0000] {processor.py:770} WARNING - No viable dags retrieved from /opt/airflow/dags/hadoop-2.7.3/share/hadoop/mapreduce/sources/hadoop-mapreduce-client-app-2.7.3-sources.jar
[2022-10-25T14:39:55.916+0000] {processor.py:178} INFO - Processing /opt/airflow/dags/hadoop-2.7.3/share/hadoop/mapreduce/sources/hadoop-mapreduce-client-app-2.7.3-sources.jar took 0.078 seconds
[2022-10-25T14:40:00.845+0000] {processor.py:156} INFO - Started process (PID=32588) to work on /opt/airflow/dags/hadoop-2.7.3/share/hadoop/mapreduce/sources/hadoop-mapreduce-client-app-2.7.3-sources.jar
[2022-10-25T14:40:00.849+0000] {processor.py:758} INFO - Processing file /opt/airflow/dags/hadoop-2.7.3/share/hadoop/mapreduce/sources/hadoop-mapreduce-client-app-2.7.3-sources.jar for tasks to queue
[2022-10-25T14:40:00.853+0000] {logging_mixin.py:117} INFO - [2022-10-25T14:40:00.853+0000] {dagbag.py:525} INFO - Filling up the DagBag from /opt/airflow/dags/hadoop-2.7.3/share/hadoop/mapreduce/sources/hadoop-mapreduce-client-app-2.7.3-sources.jar
[2022-10-25T14:40:00.872+0000] {processor.py:770} WARNING - No viable dags retrieved from /opt/airflow/dags/hadoop-2.7.3/share/hadoop/mapreduce/sources/hadoop-mapreduce-client-app-2.7.3-sources.jar
[2022-10-25T14:40:00.913+0000] {processor.py:178} INFO - Processing /opt/airflow/dags/hadoop-2.7.3/share/hadoop/mapreduce/sources/hadoop-mapreduce-client-app-2.7.3-sources.jar took 0.082 seconds
[2022-10-25T14:40:46.673+0000] {processor.py:156} INFO - Started process (PID=31694) to work on /opt/airflow/dags/hadoop-2.7.3/share/hadoop/mapreduce/sources/hadoop-mapreduce-client-app-2.7.3-sources.jar
[2022-10-25T14:40:46.676+0000] {processor.py:758} INFO - Processing file /opt/airflow/dags/hadoop-2.7.3/share/hadoop/mapreduce/sources/hadoop-mapreduce-client-app-2.7.3-sources.jar for tasks to queue
[2022-10-25T14:40:46.681+0000] {logging_mixin.py:117} INFO - [2022-10-25T14:40:46.680+0000] {dagbag.py:525} INFO - Filling up the DagBag from /opt/airflow/dags/hadoop-2.7.3/share/hadoop/mapreduce/sources/hadoop-mapreduce-client-app-2.7.3-sources.jar
[2022-10-25T14:40:46.707+0000] {processor.py:770} WARNING - No viable dags retrieved from /opt/airflow/dags/hadoop-2.7.3/share/hadoop/mapreduce/sources/hadoop-mapreduce-client-app-2.7.3-sources.jar
[2022-10-25T14:40:46.757+0000] {processor.py:178} INFO - Processing /opt/airflow/dags/hadoop-2.7.3/share/hadoop/mapreduce/sources/hadoop-mapreduce-client-app-2.7.3-sources.jar took 0.096 seconds
[2022-10-25T14:41:03.054+0000] {processor.py:156} INFO - Started process (PID=33231) to work on /opt/airflow/dags/hadoop-2.7.3/share/hadoop/mapreduce/sources/hadoop-mapreduce-client-app-2.7.3-sources.jar
[2022-10-25T14:41:03.066+0000] {processor.py:758} INFO - Processing file /opt/airflow/dags/hadoop-2.7.3/share/hadoop/mapreduce/sources/hadoop-mapreduce-client-app-2.7.3-sources.jar for tasks to queue
[2022-10-25T14:41:03.078+0000] {logging_mixin.py:117} INFO - [2022-10-25T14:41:03.078+0000] {dagbag.py:525} INFO - Filling up the DagBag from /opt/airflow/dags/hadoop-2.7.3/share/hadoop/mapreduce/sources/hadoop-mapreduce-client-app-2.7.3-sources.jar
[2022-10-25T14:41:03.105+0000] {processor.py:770} WARNING - No viable dags retrieved from /opt/airflow/dags/hadoop-2.7.3/share/hadoop/mapreduce/sources/hadoop-mapreduce-client-app-2.7.3-sources.jar
[2022-10-25T14:41:03.182+0000] {processor.py:178} INFO - Processing /opt/airflow/dags/hadoop-2.7.3/share/hadoop/mapreduce/sources/hadoop-mapreduce-client-app-2.7.3-sources.jar took 0.142 seconds
[2022-10-25T14:41:41.095+0000] {processor.py:156} INFO - Started process (PID=32281) to work on /opt/airflow/dags/hadoop-2.7.3/share/hadoop/mapreduce/sources/hadoop-mapreduce-client-app-2.7.3-sources.jar
[2022-10-25T14:41:41.099+0000] {processor.py:758} INFO - Processing file /opt/airflow/dags/hadoop-2.7.3/share/hadoop/mapreduce/sources/hadoop-mapreduce-client-app-2.7.3-sources.jar for tasks to queue
[2022-10-25T14:41:41.101+0000] {logging_mixin.py:117} INFO - [2022-10-25T14:41:41.101+0000] {dagbag.py:525} INFO - Filling up the DagBag from /opt/airflow/dags/hadoop-2.7.3/share/hadoop/mapreduce/sources/hadoop-mapreduce-client-app-2.7.3-sources.jar
[2022-10-25T14:41:41.113+0000] {processor.py:770} WARNING - No viable dags retrieved from /opt/airflow/dags/hadoop-2.7.3/share/hadoop/mapreduce/sources/hadoop-mapreduce-client-app-2.7.3-sources.jar
[2022-10-25T14:41:41.162+0000] {processor.py:178} INFO - Processing /opt/airflow/dags/hadoop-2.7.3/share/hadoop/mapreduce/sources/hadoop-mapreduce-client-app-2.7.3-sources.jar took 0.073 seconds
[2022-10-25T14:42:07.882+0000] {processor.py:156} INFO - Started process (PID=33911) to work on /opt/airflow/dags/hadoop-2.7.3/share/hadoop/mapreduce/sources/hadoop-mapreduce-client-app-2.7.3-sources.jar
[2022-10-25T14:42:07.891+0000] {processor.py:758} INFO - Processing file /opt/airflow/dags/hadoop-2.7.3/share/hadoop/mapreduce/sources/hadoop-mapreduce-client-app-2.7.3-sources.jar for tasks to queue
[2022-10-25T14:42:07.896+0000] {logging_mixin.py:117} INFO - [2022-10-25T14:42:07.895+0000] {dagbag.py:525} INFO - Filling up the DagBag from /opt/airflow/dags/hadoop-2.7.3/share/hadoop/mapreduce/sources/hadoop-mapreduce-client-app-2.7.3-sources.jar
[2022-10-25T14:42:07.928+0000] {processor.py:770} WARNING - No viable dags retrieved from /opt/airflow/dags/hadoop-2.7.3/share/hadoop/mapreduce/sources/hadoop-mapreduce-client-app-2.7.3-sources.jar
[2022-10-25T14:42:08.019+0000] {processor.py:178} INFO - Processing /opt/airflow/dags/hadoop-2.7.3/share/hadoop/mapreduce/sources/hadoop-mapreduce-client-app-2.7.3-sources.jar took 0.148 seconds
[2022-10-25T14:42:38.233+0000] {processor.py:156} INFO - Started process (PID=32862) to work on /opt/airflow/dags/hadoop-2.7.3/share/hadoop/mapreduce/sources/hadoop-mapreduce-client-app-2.7.3-sources.jar
[2022-10-25T14:42:38.236+0000] {processor.py:758} INFO - Processing file /opt/airflow/dags/hadoop-2.7.3/share/hadoop/mapreduce/sources/hadoop-mapreduce-client-app-2.7.3-sources.jar for tasks to queue
[2022-10-25T14:42:38.238+0000] {logging_mixin.py:117} INFO - [2022-10-25T14:42:38.238+0000] {dagbag.py:525} INFO - Filling up the DagBag from /opt/airflow/dags/hadoop-2.7.3/share/hadoop/mapreduce/sources/hadoop-mapreduce-client-app-2.7.3-sources.jar
[2022-10-25T14:42:38.269+0000] {processor.py:770} WARNING - No viable dags retrieved from /opt/airflow/dags/hadoop-2.7.3/share/hadoop/mapreduce/sources/hadoop-mapreduce-client-app-2.7.3-sources.jar
[2022-10-25T14:42:38.314+0000] {processor.py:178} INFO - Processing /opt/airflow/dags/hadoop-2.7.3/share/hadoop/mapreduce/sources/hadoop-mapreduce-client-app-2.7.3-sources.jar took 0.091 seconds
[2022-10-25T14:42:59.901+0000] {processor.py:156} INFO - Started process (PID=34472) to work on /opt/airflow/dags/hadoop-2.7.3/share/hadoop/mapreduce/sources/hadoop-mapreduce-client-app-2.7.3-sources.jar
[2022-10-25T14:42:59.911+0000] {processor.py:758} INFO - Processing file /opt/airflow/dags/hadoop-2.7.3/share/hadoop/mapreduce/sources/hadoop-mapreduce-client-app-2.7.3-sources.jar for tasks to queue
[2022-10-25T14:42:59.914+0000] {logging_mixin.py:117} INFO - [2022-10-25T14:42:59.914+0000] {dagbag.py:525} INFO - Filling up the DagBag from /opt/airflow/dags/hadoop-2.7.3/share/hadoop/mapreduce/sources/hadoop-mapreduce-client-app-2.7.3-sources.jar
[2022-10-25T14:42:59.927+0000] {processor.py:770} WARNING - No viable dags retrieved from /opt/airflow/dags/hadoop-2.7.3/share/hadoop/mapreduce/sources/hadoop-mapreduce-client-app-2.7.3-sources.jar
[2022-10-25T14:42:59.967+0000] {processor.py:178} INFO - Processing /opt/airflow/dags/hadoop-2.7.3/share/hadoop/mapreduce/sources/hadoop-mapreduce-client-app-2.7.3-sources.jar took 0.075 seconds
[2022-10-25T14:43:38.520+0000] {processor.py:156} INFO - Started process (PID=33480) to work on /opt/airflow/dags/hadoop-2.7.3/share/hadoop/mapreduce/sources/hadoop-mapreduce-client-app-2.7.3-sources.jar
[2022-10-25T14:43:38.525+0000] {processor.py:758} INFO - Processing file /opt/airflow/dags/hadoop-2.7.3/share/hadoop/mapreduce/sources/hadoop-mapreduce-client-app-2.7.3-sources.jar for tasks to queue
[2022-10-25T14:43:38.531+0000] {logging_mixin.py:117} INFO - [2022-10-25T14:43:38.531+0000] {dagbag.py:525} INFO - Filling up the DagBag from /opt/airflow/dags/hadoop-2.7.3/share/hadoop/mapreduce/sources/hadoop-mapreduce-client-app-2.7.3-sources.jar
[2022-10-25T14:43:38.554+0000] {processor.py:770} WARNING - No viable dags retrieved from /opt/airflow/dags/hadoop-2.7.3/share/hadoop/mapreduce/sources/hadoop-mapreduce-client-app-2.7.3-sources.jar
[2022-10-25T14:43:38.621+0000] {processor.py:178} INFO - Processing /opt/airflow/dags/hadoop-2.7.3/share/hadoop/mapreduce/sources/hadoop-mapreduce-client-app-2.7.3-sources.jar took 0.114 seconds
[2022-10-25T14:43:48.155+0000] {processor.py:156} INFO - Started process (PID=35017) to work on /opt/airflow/dags/hadoop-2.7.3/share/hadoop/mapreduce/sources/hadoop-mapreduce-client-app-2.7.3-sources.jar
[2022-10-25T14:43:48.159+0000] {processor.py:758} INFO - Processing file /opt/airflow/dags/hadoop-2.7.3/share/hadoop/mapreduce/sources/hadoop-mapreduce-client-app-2.7.3-sources.jar for tasks to queue
[2022-10-25T14:43:48.163+0000] {logging_mixin.py:117} INFO - [2022-10-25T14:43:48.162+0000] {dagbag.py:525} INFO - Filling up the DagBag from /opt/airflow/dags/hadoop-2.7.3/share/hadoop/mapreduce/sources/hadoop-mapreduce-client-app-2.7.3-sources.jar
[2022-10-25T14:43:48.175+0000] {processor.py:770} WARNING - No viable dags retrieved from /opt/airflow/dags/hadoop-2.7.3/share/hadoop/mapreduce/sources/hadoop-mapreduce-client-app-2.7.3-sources.jar
[2022-10-25T14:43:48.214+0000] {processor.py:178} INFO - Processing /opt/airflow/dags/hadoop-2.7.3/share/hadoop/mapreduce/sources/hadoop-mapreduce-client-app-2.7.3-sources.jar took 0.072 seconds
[2022-10-25T15:03:44.630+0000] {processor.py:156} INFO - Started process (PID=34157) to work on /opt/airflow/dags/hadoop-2.7.3/share/hadoop/mapreduce/sources/hadoop-mapreduce-client-app-2.7.3-sources.jar
[2022-10-25T15:03:44.635+0000] {processor.py:758} INFO - Processing file /opt/airflow/dags/hadoop-2.7.3/share/hadoop/mapreduce/sources/hadoop-mapreduce-client-app-2.7.3-sources.jar for tasks to queue
[2022-10-25T15:03:44.639+0000] {logging_mixin.py:117} INFO - [2022-10-25T15:03:44.638+0000] {dagbag.py:525} INFO - Filling up the DagBag from /opt/airflow/dags/hadoop-2.7.3/share/hadoop/mapreduce/sources/hadoop-mapreduce-client-app-2.7.3-sources.jar
[2022-10-25T15:03:44.654+0000] {processor.py:770} WARNING - No viable dags retrieved from /opt/airflow/dags/hadoop-2.7.3/share/hadoop/mapreduce/sources/hadoop-mapreduce-client-app-2.7.3-sources.jar
[2022-10-25T15:03:44.696+0000] {processor.py:178} INFO - Processing /opt/airflow/dags/hadoop-2.7.3/share/hadoop/mapreduce/sources/hadoop-mapreduce-client-app-2.7.3-sources.jar took 0.080 seconds
[2022-10-25T15:04:01.814+0000] {processor.py:156} INFO - Started process (PID=35829) to work on /opt/airflow/dags/hadoop-2.7.3/share/hadoop/mapreduce/sources/hadoop-mapreduce-client-app-2.7.3-sources.jar
[2022-10-25T15:04:01.817+0000] {processor.py:758} INFO - Processing file /opt/airflow/dags/hadoop-2.7.3/share/hadoop/mapreduce/sources/hadoop-mapreduce-client-app-2.7.3-sources.jar for tasks to queue
[2022-10-25T15:04:01.821+0000] {logging_mixin.py:117} INFO - [2022-10-25T15:04:01.820+0000] {dagbag.py:525} INFO - Filling up the DagBag from /opt/airflow/dags/hadoop-2.7.3/share/hadoop/mapreduce/sources/hadoop-mapreduce-client-app-2.7.3-sources.jar
[2022-10-25T15:04:01.830+0000] {processor.py:770} WARNING - No viable dags retrieved from /opt/airflow/dags/hadoop-2.7.3/share/hadoop/mapreduce/sources/hadoop-mapreduce-client-app-2.7.3-sources.jar
[2022-10-25T15:04:01.889+0000] {processor.py:178} INFO - Processing /opt/airflow/dags/hadoop-2.7.3/share/hadoop/mapreduce/sources/hadoop-mapreduce-client-app-2.7.3-sources.jar took 0.087 seconds
[2022-10-25T15:05:20.122+0000] {processor.py:156} INFO - Started process (PID=34705) to work on /opt/airflow/dags/hadoop-2.7.3/share/hadoop/mapreduce/sources/hadoop-mapreduce-client-app-2.7.3-sources.jar
[2022-10-25T15:05:20.127+0000] {processor.py:758} INFO - Processing file /opt/airflow/dags/hadoop-2.7.3/share/hadoop/mapreduce/sources/hadoop-mapreduce-client-app-2.7.3-sources.jar for tasks to queue
[2022-10-25T15:05:20.131+0000] {logging_mixin.py:117} INFO - [2022-10-25T15:05:20.131+0000] {dagbag.py:525} INFO - Filling up the DagBag from /opt/airflow/dags/hadoop-2.7.3/share/hadoop/mapreduce/sources/hadoop-mapreduce-client-app-2.7.3-sources.jar
[2022-10-25T15:05:20.152+0000] {processor.py:770} WARNING - No viable dags retrieved from /opt/airflow/dags/hadoop-2.7.3/share/hadoop/mapreduce/sources/hadoop-mapreduce-client-app-2.7.3-sources.jar
[2022-10-25T15:05:20.222+0000] {processor.py:178} INFO - Processing /opt/airflow/dags/hadoop-2.7.3/share/hadoop/mapreduce/sources/hadoop-mapreduce-client-app-2.7.3-sources.jar took 0.110 seconds
[2022-10-25T15:05:31.585+0000] {processor.py:156} INFO - Started process (PID=36378) to work on /opt/airflow/dags/hadoop-2.7.3/share/hadoop/mapreduce/sources/hadoop-mapreduce-client-app-2.7.3-sources.jar
[2022-10-25T15:05:31.592+0000] {processor.py:758} INFO - Processing file /opt/airflow/dags/hadoop-2.7.3/share/hadoop/mapreduce/sources/hadoop-mapreduce-client-app-2.7.3-sources.jar for tasks to queue
[2022-10-25T15:05:31.599+0000] {logging_mixin.py:117} INFO - [2022-10-25T15:05:31.598+0000] {dagbag.py:525} INFO - Filling up the DagBag from /opt/airflow/dags/hadoop-2.7.3/share/hadoop/mapreduce/sources/hadoop-mapreduce-client-app-2.7.3-sources.jar
[2022-10-25T15:05:31.618+0000] {processor.py:770} WARNING - No viable dags retrieved from /opt/airflow/dags/hadoop-2.7.3/share/hadoop/mapreduce/sources/hadoop-mapreduce-client-app-2.7.3-sources.jar
[2022-10-25T15:05:31.702+0000] {processor.py:178} INFO - Processing /opt/airflow/dags/hadoop-2.7.3/share/hadoop/mapreduce/sources/hadoop-mapreduce-client-app-2.7.3-sources.jar took 0.126 seconds
[2022-10-25T15:06:12.335+0000] {processor.py:156} INFO - Started process (PID=35220) to work on /opt/airflow/dags/hadoop-2.7.3/share/hadoop/mapreduce/sources/hadoop-mapreduce-client-app-2.7.3-sources.jar
[2022-10-25T15:06:12.338+0000] {processor.py:758} INFO - Processing file /opt/airflow/dags/hadoop-2.7.3/share/hadoop/mapreduce/sources/hadoop-mapreduce-client-app-2.7.3-sources.jar for tasks to queue
[2022-10-25T15:06:12.341+0000] {logging_mixin.py:117} INFO - [2022-10-25T15:06:12.340+0000] {dagbag.py:525} INFO - Filling up the DagBag from /opt/airflow/dags/hadoop-2.7.3/share/hadoop/mapreduce/sources/hadoop-mapreduce-client-app-2.7.3-sources.jar
[2022-10-25T15:06:12.357+0000] {processor.py:770} WARNING - No viable dags retrieved from /opt/airflow/dags/hadoop-2.7.3/share/hadoop/mapreduce/sources/hadoop-mapreduce-client-app-2.7.3-sources.jar
[2022-10-25T15:06:12.411+0000] {processor.py:178} INFO - Processing /opt/airflow/dags/hadoop-2.7.3/share/hadoop/mapreduce/sources/hadoop-mapreduce-client-app-2.7.3-sources.jar took 0.089 seconds
[2022-10-25T15:06:20.153+0000] {processor.py:156} INFO - Started process (PID=36899) to work on /opt/airflow/dags/hadoop-2.7.3/share/hadoop/mapreduce/sources/hadoop-mapreduce-client-app-2.7.3-sources.jar
[2022-10-25T15:06:20.157+0000] {processor.py:758} INFO - Processing file /opt/airflow/dags/hadoop-2.7.3/share/hadoop/mapreduce/sources/hadoop-mapreduce-client-app-2.7.3-sources.jar for tasks to queue
[2022-10-25T15:06:20.166+0000] {logging_mixin.py:117} INFO - [2022-10-25T15:06:20.166+0000] {dagbag.py:525} INFO - Filling up the DagBag from /opt/airflow/dags/hadoop-2.7.3/share/hadoop/mapreduce/sources/hadoop-mapreduce-client-app-2.7.3-sources.jar
[2022-10-25T15:06:20.183+0000] {processor.py:770} WARNING - No viable dags retrieved from /opt/airflow/dags/hadoop-2.7.3/share/hadoop/mapreduce/sources/hadoop-mapreduce-client-app-2.7.3-sources.jar
[2022-10-25T15:06:20.228+0000] {processor.py:178} INFO - Processing /opt/airflow/dags/hadoop-2.7.3/share/hadoop/mapreduce/sources/hadoop-mapreduce-client-app-2.7.3-sources.jar took 0.084 seconds
