[2022-10-25T00:37:59.926+0000] {processor.py:156} INFO - Started process (PID=4542) to work on /opt/airflow/dags/hadoop-2.7.3/share/hadoop/mapreduce/sources/hadoop-mapreduce-client-hs-plugins-2.7.3-sources.jar
[2022-10-25T00:37:59.929+0000] {processor.py:758} INFO - Processing file /opt/airflow/dags/hadoop-2.7.3/share/hadoop/mapreduce/sources/hadoop-mapreduce-client-hs-plugins-2.7.3-sources.jar for tasks to queue
[2022-10-25T00:37:59.931+0000] {logging_mixin.py:117} INFO - [2022-10-25T00:37:59.931+0000] {dagbag.py:525} INFO - Filling up the DagBag from /opt/airflow/dags/hadoop-2.7.3/share/hadoop/mapreduce/sources/hadoop-mapreduce-client-hs-plugins-2.7.3-sources.jar
[2022-10-25T00:37:59.937+0000] {processor.py:770} WARNING - No viable dags retrieved from /opt/airflow/dags/hadoop-2.7.3/share/hadoop/mapreduce/sources/hadoop-mapreduce-client-hs-plugins-2.7.3-sources.jar
[2022-10-25T00:37:59.975+0000] {processor.py:178} INFO - Processing /opt/airflow/dags/hadoop-2.7.3/share/hadoop/mapreduce/sources/hadoop-mapreduce-client-hs-plugins-2.7.3-sources.jar took 0.055 seconds
[2022-10-25T00:38:28.350+0000] {processor.py:156} INFO - Started process (PID=2564) to work on /opt/airflow/dags/hadoop-2.7.3/share/hadoop/mapreduce/sources/hadoop-mapreduce-client-hs-plugins-2.7.3-sources.jar
[2022-10-25T00:38:28.353+0000] {processor.py:758} INFO - Processing file /opt/airflow/dags/hadoop-2.7.3/share/hadoop/mapreduce/sources/hadoop-mapreduce-client-hs-plugins-2.7.3-sources.jar for tasks to queue
[2022-10-25T00:38:28.361+0000] {logging_mixin.py:117} INFO - [2022-10-25T00:38:28.361+0000] {dagbag.py:525} INFO - Filling up the DagBag from /opt/airflow/dags/hadoop-2.7.3/share/hadoop/mapreduce/sources/hadoop-mapreduce-client-hs-plugins-2.7.3-sources.jar
[2022-10-25T00:38:28.371+0000] {processor.py:770} WARNING - No viable dags retrieved from /opt/airflow/dags/hadoop-2.7.3/share/hadoop/mapreduce/sources/hadoop-mapreduce-client-hs-plugins-2.7.3-sources.jar
[2022-10-25T00:38:28.403+0000] {processor.py:178} INFO - Processing /opt/airflow/dags/hadoop-2.7.3/share/hadoop/mapreduce/sources/hadoop-mapreduce-client-hs-plugins-2.7.3-sources.jar took 0.066 seconds
[2022-10-25T00:38:38.584+0000] {processor.py:156} INFO - Started process (PID=5058) to work on /opt/airflow/dags/hadoop-2.7.3/share/hadoop/mapreduce/sources/hadoop-mapreduce-client-hs-plugins-2.7.3-sources.jar
[2022-10-25T00:38:38.586+0000] {processor.py:758} INFO - Processing file /opt/airflow/dags/hadoop-2.7.3/share/hadoop/mapreduce/sources/hadoop-mapreduce-client-hs-plugins-2.7.3-sources.jar for tasks to queue
[2022-10-25T00:38:38.588+0000] {logging_mixin.py:117} INFO - [2022-10-25T00:38:38.588+0000] {dagbag.py:525} INFO - Filling up the DagBag from /opt/airflow/dags/hadoop-2.7.3/share/hadoop/mapreduce/sources/hadoop-mapreduce-client-hs-plugins-2.7.3-sources.jar
[2022-10-25T00:38:38.593+0000] {processor.py:770} WARNING - No viable dags retrieved from /opt/airflow/dags/hadoop-2.7.3/share/hadoop/mapreduce/sources/hadoop-mapreduce-client-hs-plugins-2.7.3-sources.jar
[2022-10-25T00:38:38.652+0000] {processor.py:178} INFO - Processing /opt/airflow/dags/hadoop-2.7.3/share/hadoop/mapreduce/sources/hadoop-mapreduce-client-hs-plugins-2.7.3-sources.jar took 0.077 seconds
[2022-10-25T00:39:06.970+0000] {processor.py:156} INFO - Started process (PID=3079) to work on /opt/airflow/dags/hadoop-2.7.3/share/hadoop/mapreduce/sources/hadoop-mapreduce-client-hs-plugins-2.7.3-sources.jar
[2022-10-25T00:39:06.975+0000] {processor.py:758} INFO - Processing file /opt/airflow/dags/hadoop-2.7.3/share/hadoop/mapreduce/sources/hadoop-mapreduce-client-hs-plugins-2.7.3-sources.jar for tasks to queue
[2022-10-25T00:39:06.980+0000] {logging_mixin.py:117} INFO - [2022-10-25T00:39:06.980+0000] {dagbag.py:525} INFO - Filling up the DagBag from /opt/airflow/dags/hadoop-2.7.3/share/hadoop/mapreduce/sources/hadoop-mapreduce-client-hs-plugins-2.7.3-sources.jar
[2022-10-25T00:39:06.986+0000] {processor.py:770} WARNING - No viable dags retrieved from /opt/airflow/dags/hadoop-2.7.3/share/hadoop/mapreduce/sources/hadoop-mapreduce-client-hs-plugins-2.7.3-sources.jar
[2022-10-25T00:39:07.018+0000] {processor.py:178} INFO - Processing /opt/airflow/dags/hadoop-2.7.3/share/hadoop/mapreduce/sources/hadoop-mapreduce-client-hs-plugins-2.7.3-sources.jar took 0.060 seconds
[2022-10-25T00:39:19.033+0000] {processor.py:156} INFO - Started process (PID=5573) to work on /opt/airflow/dags/hadoop-2.7.3/share/hadoop/mapreduce/sources/hadoop-mapreduce-client-hs-plugins-2.7.3-sources.jar
[2022-10-25T00:39:19.037+0000] {processor.py:758} INFO - Processing file /opt/airflow/dags/hadoop-2.7.3/share/hadoop/mapreduce/sources/hadoop-mapreduce-client-hs-plugins-2.7.3-sources.jar for tasks to queue
[2022-10-25T00:39:19.041+0000] {logging_mixin.py:117} INFO - [2022-10-25T00:39:19.040+0000] {dagbag.py:525} INFO - Filling up the DagBag from /opt/airflow/dags/hadoop-2.7.3/share/hadoop/mapreduce/sources/hadoop-mapreduce-client-hs-plugins-2.7.3-sources.jar
[2022-10-25T00:39:19.047+0000] {processor.py:770} WARNING - No viable dags retrieved from /opt/airflow/dags/hadoop-2.7.3/share/hadoop/mapreduce/sources/hadoop-mapreduce-client-hs-plugins-2.7.3-sources.jar
[2022-10-25T00:39:19.099+0000] {processor.py:178} INFO - Processing /opt/airflow/dags/hadoop-2.7.3/share/hadoop/mapreduce/sources/hadoop-mapreduce-client-hs-plugins-2.7.3-sources.jar took 0.074 seconds
[2022-10-25T00:39:49.351+0000] {processor.py:156} INFO - Started process (PID=3596) to work on /opt/airflow/dags/hadoop-2.7.3/share/hadoop/mapreduce/sources/hadoop-mapreduce-client-hs-plugins-2.7.3-sources.jar
[2022-10-25T00:39:49.354+0000] {processor.py:758} INFO - Processing file /opt/airflow/dags/hadoop-2.7.3/share/hadoop/mapreduce/sources/hadoop-mapreduce-client-hs-plugins-2.7.3-sources.jar for tasks to queue
[2022-10-25T00:39:49.360+0000] {logging_mixin.py:117} INFO - [2022-10-25T00:39:49.359+0000] {dagbag.py:525} INFO - Filling up the DagBag from /opt/airflow/dags/hadoop-2.7.3/share/hadoop/mapreduce/sources/hadoop-mapreduce-client-hs-plugins-2.7.3-sources.jar
[2022-10-25T00:39:49.367+0000] {processor.py:770} WARNING - No viable dags retrieved from /opt/airflow/dags/hadoop-2.7.3/share/hadoop/mapreduce/sources/hadoop-mapreduce-client-hs-plugins-2.7.3-sources.jar
[2022-10-25T00:39:49.409+0000] {processor.py:178} INFO - Processing /opt/airflow/dags/hadoop-2.7.3/share/hadoop/mapreduce/sources/hadoop-mapreduce-client-hs-plugins-2.7.3-sources.jar took 0.069 seconds
[2022-10-25T00:53:01.566+0000] {processor.py:156} INFO - Started process (PID=6157) to work on /opt/airflow/dags/hadoop-2.7.3/share/hadoop/mapreduce/sources/hadoop-mapreduce-client-hs-plugins-2.7.3-sources.jar
[2022-10-25T00:53:01.570+0000] {processor.py:758} INFO - Processing file /opt/airflow/dags/hadoop-2.7.3/share/hadoop/mapreduce/sources/hadoop-mapreduce-client-hs-plugins-2.7.3-sources.jar for tasks to queue
[2022-10-25T00:53:01.573+0000] {logging_mixin.py:117} INFO - [2022-10-25T00:53:01.573+0000] {dagbag.py:525} INFO - Filling up the DagBag from /opt/airflow/dags/hadoop-2.7.3/share/hadoop/mapreduce/sources/hadoop-mapreduce-client-hs-plugins-2.7.3-sources.jar
[2022-10-25T00:53:01.581+0000] {processor.py:770} WARNING - No viable dags retrieved from /opt/airflow/dags/hadoop-2.7.3/share/hadoop/mapreduce/sources/hadoop-mapreduce-client-hs-plugins-2.7.3-sources.jar
[2022-10-25T00:53:01.623+0000] {processor.py:178} INFO - Processing /opt/airflow/dags/hadoop-2.7.3/share/hadoop/mapreduce/sources/hadoop-mapreduce-client-hs-plugins-2.7.3-sources.jar took 0.068 seconds
[2022-10-25T00:53:23.007+0000] {processor.py:156} INFO - Started process (PID=4078) to work on /opt/airflow/dags/hadoop-2.7.3/share/hadoop/mapreduce/sources/hadoop-mapreduce-client-hs-plugins-2.7.3-sources.jar
[2022-10-25T00:53:23.009+0000] {processor.py:758} INFO - Processing file /opt/airflow/dags/hadoop-2.7.3/share/hadoop/mapreduce/sources/hadoop-mapreduce-client-hs-plugins-2.7.3-sources.jar for tasks to queue
[2022-10-25T00:53:23.014+0000] {logging_mixin.py:117} INFO - [2022-10-25T00:53:23.014+0000] {dagbag.py:525} INFO - Filling up the DagBag from /opt/airflow/dags/hadoop-2.7.3/share/hadoop/mapreduce/sources/hadoop-mapreduce-client-hs-plugins-2.7.3-sources.jar
[2022-10-25T00:53:23.020+0000] {processor.py:770} WARNING - No viable dags retrieved from /opt/airflow/dags/hadoop-2.7.3/share/hadoop/mapreduce/sources/hadoop-mapreduce-client-hs-plugins-2.7.3-sources.jar
[2022-10-25T00:53:23.058+0000] {processor.py:178} INFO - Processing /opt/airflow/dags/hadoop-2.7.3/share/hadoop/mapreduce/sources/hadoop-mapreduce-client-hs-plugins-2.7.3-sources.jar took 0.058 seconds
[2022-10-25T00:53:43.999+0000] {processor.py:156} INFO - Started process (PID=6680) to work on /opt/airflow/dags/hadoop-2.7.3/share/hadoop/mapreduce/sources/hadoop-mapreduce-client-hs-plugins-2.7.3-sources.jar
[2022-10-25T00:53:44.010+0000] {processor.py:758} INFO - Processing file /opt/airflow/dags/hadoop-2.7.3/share/hadoop/mapreduce/sources/hadoop-mapreduce-client-hs-plugins-2.7.3-sources.jar for tasks to queue
[2022-10-25T00:53:44.012+0000] {logging_mixin.py:117} INFO - [2022-10-25T00:53:44.012+0000] {dagbag.py:525} INFO - Filling up the DagBag from /opt/airflow/dags/hadoop-2.7.3/share/hadoop/mapreduce/sources/hadoop-mapreduce-client-hs-plugins-2.7.3-sources.jar
[2022-10-25T00:53:44.019+0000] {processor.py:770} WARNING - No viable dags retrieved from /opt/airflow/dags/hadoop-2.7.3/share/hadoop/mapreduce/sources/hadoop-mapreduce-client-hs-plugins-2.7.3-sources.jar
[2022-10-25T00:53:44.060+0000] {processor.py:178} INFO - Processing /opt/airflow/dags/hadoop-2.7.3/share/hadoop/mapreduce/sources/hadoop-mapreduce-client-hs-plugins-2.7.3-sources.jar took 0.070 seconds
[2022-10-25T00:54:03.115+0000] {processor.py:156} INFO - Started process (PID=4593) to work on /opt/airflow/dags/hadoop-2.7.3/share/hadoop/mapreduce/sources/hadoop-mapreduce-client-hs-plugins-2.7.3-sources.jar
[2022-10-25T00:54:03.119+0000] {processor.py:758} INFO - Processing file /opt/airflow/dags/hadoop-2.7.3/share/hadoop/mapreduce/sources/hadoop-mapreduce-client-hs-plugins-2.7.3-sources.jar for tasks to queue
[2022-10-25T00:54:03.125+0000] {logging_mixin.py:117} INFO - [2022-10-25T00:54:03.124+0000] {dagbag.py:525} INFO - Filling up the DagBag from /opt/airflow/dags/hadoop-2.7.3/share/hadoop/mapreduce/sources/hadoop-mapreduce-client-hs-plugins-2.7.3-sources.jar
[2022-10-25T00:54:03.131+0000] {processor.py:770} WARNING - No viable dags retrieved from /opt/airflow/dags/hadoop-2.7.3/share/hadoop/mapreduce/sources/hadoop-mapreduce-client-hs-plugins-2.7.3-sources.jar
[2022-10-25T00:54:03.169+0000] {processor.py:178} INFO - Processing /opt/airflow/dags/hadoop-2.7.3/share/hadoop/mapreduce/sources/hadoop-mapreduce-client-hs-plugins-2.7.3-sources.jar took 0.064 seconds
[2022-10-25T00:54:28.560+0000] {processor.py:156} INFO - Started process (PID=7207) to work on /opt/airflow/dags/hadoop-2.7.3/share/hadoop/mapreduce/sources/hadoop-mapreduce-client-hs-plugins-2.7.3-sources.jar
[2022-10-25T00:54:28.564+0000] {processor.py:758} INFO - Processing file /opt/airflow/dags/hadoop-2.7.3/share/hadoop/mapreduce/sources/hadoop-mapreduce-client-hs-plugins-2.7.3-sources.jar for tasks to queue
[2022-10-25T00:54:28.567+0000] {logging_mixin.py:117} INFO - [2022-10-25T00:54:28.567+0000] {dagbag.py:525} INFO - Filling up the DagBag from /opt/airflow/dags/hadoop-2.7.3/share/hadoop/mapreduce/sources/hadoop-mapreduce-client-hs-plugins-2.7.3-sources.jar
[2022-10-25T00:54:28.576+0000] {processor.py:770} WARNING - No viable dags retrieved from /opt/airflow/dags/hadoop-2.7.3/share/hadoop/mapreduce/sources/hadoop-mapreduce-client-hs-plugins-2.7.3-sources.jar
[2022-10-25T00:54:28.642+0000] {processor.py:178} INFO - Processing /opt/airflow/dags/hadoop-2.7.3/share/hadoop/mapreduce/sources/hadoop-mapreduce-client-hs-plugins-2.7.3-sources.jar took 0.095 seconds
[2022-10-25T00:54:54.475+0000] {processor.py:156} INFO - Started process (PID=5122) to work on /opt/airflow/dags/hadoop-2.7.3/share/hadoop/mapreduce/sources/hadoop-mapreduce-client-hs-plugins-2.7.3-sources.jar
[2022-10-25T00:54:54.478+0000] {processor.py:758} INFO - Processing file /opt/airflow/dags/hadoop-2.7.3/share/hadoop/mapreduce/sources/hadoop-mapreduce-client-hs-plugins-2.7.3-sources.jar for tasks to queue
[2022-10-25T00:54:54.492+0000] {logging_mixin.py:117} INFO - [2022-10-25T00:54:54.491+0000] {dagbag.py:525} INFO - Filling up the DagBag from /opt/airflow/dags/hadoop-2.7.3/share/hadoop/mapreduce/sources/hadoop-mapreduce-client-hs-plugins-2.7.3-sources.jar
[2022-10-25T00:54:54.500+0000] {processor.py:770} WARNING - No viable dags retrieved from /opt/airflow/dags/hadoop-2.7.3/share/hadoop/mapreduce/sources/hadoop-mapreduce-client-hs-plugins-2.7.3-sources.jar
[2022-10-25T00:54:54.564+0000] {processor.py:178} INFO - Processing /opt/airflow/dags/hadoop-2.7.3/share/hadoop/mapreduce/sources/hadoop-mapreduce-client-hs-plugins-2.7.3-sources.jar took 0.103 seconds
[2022-10-25T00:56:09.814+0000] {processor.py:156} INFO - Started process (PID=7891) to work on /opt/airflow/dags/hadoop-2.7.3/share/hadoop/mapreduce/sources/hadoop-mapreduce-client-hs-plugins-2.7.3-sources.jar
[2022-10-25T00:56:09.820+0000] {processor.py:758} INFO - Processing file /opt/airflow/dags/hadoop-2.7.3/share/hadoop/mapreduce/sources/hadoop-mapreduce-client-hs-plugins-2.7.3-sources.jar for tasks to queue
[2022-10-25T00:56:09.826+0000] {logging_mixin.py:117} INFO - [2022-10-25T00:56:09.826+0000] {dagbag.py:525} INFO - Filling up the DagBag from /opt/airflow/dags/hadoop-2.7.3/share/hadoop/mapreduce/sources/hadoop-mapreduce-client-hs-plugins-2.7.3-sources.jar
[2022-10-25T00:56:09.838+0000] {processor.py:770} WARNING - No viable dags retrieved from /opt/airflow/dags/hadoop-2.7.3/share/hadoop/mapreduce/sources/hadoop-mapreduce-client-hs-plugins-2.7.3-sources.jar
[2022-10-25T00:56:09.941+0000] {processor.py:178} INFO - Processing /opt/airflow/dags/hadoop-2.7.3/share/hadoop/mapreduce/sources/hadoop-mapreduce-client-hs-plugins-2.7.3-sources.jar took 0.144 seconds
[2022-10-25T00:56:40.548+0000] {processor.py:156} INFO - Started process (PID=5782) to work on /opt/airflow/dags/hadoop-2.7.3/share/hadoop/mapreduce/sources/hadoop-mapreduce-client-hs-plugins-2.7.3-sources.jar
[2022-10-25T00:56:40.556+0000] {processor.py:758} INFO - Processing file /opt/airflow/dags/hadoop-2.7.3/share/hadoop/mapreduce/sources/hadoop-mapreduce-client-hs-plugins-2.7.3-sources.jar for tasks to queue
[2022-10-25T00:56:40.686+0000] {logging_mixin.py:117} INFO - [2022-10-25T00:56:40.686+0000] {dagbag.py:525} INFO - Filling up the DagBag from /opt/airflow/dags/hadoop-2.7.3/share/hadoop/mapreduce/sources/hadoop-mapreduce-client-hs-plugins-2.7.3-sources.jar
[2022-10-25T00:56:40.769+0000] {processor.py:770} WARNING - No viable dags retrieved from /opt/airflow/dags/hadoop-2.7.3/share/hadoop/mapreduce/sources/hadoop-mapreduce-client-hs-plugins-2.7.3-sources.jar
[2022-10-25T00:56:40.844+0000] {processor.py:178} INFO - Processing /opt/airflow/dags/hadoop-2.7.3/share/hadoop/mapreduce/sources/hadoop-mapreduce-client-hs-plugins-2.7.3-sources.jar took 0.314 seconds
[2022-10-25T14:08:55.198+0000] {processor.py:156} INFO - Started process (PID=18890) to work on /opt/airflow/dags/hadoop-2.7.3/share/hadoop/mapreduce/sources/hadoop-mapreduce-client-hs-plugins-2.7.3-sources.jar
[2022-10-25T14:08:55.201+0000] {processor.py:758} INFO - Processing file /opt/airflow/dags/hadoop-2.7.3/share/hadoop/mapreduce/sources/hadoop-mapreduce-client-hs-plugins-2.7.3-sources.jar for tasks to queue
[2022-10-25T14:08:55.205+0000] {logging_mixin.py:117} INFO - [2022-10-25T14:08:55.204+0000] {dagbag.py:525} INFO - Filling up the DagBag from /opt/airflow/dags/hadoop-2.7.3/share/hadoop/mapreduce/sources/hadoop-mapreduce-client-hs-plugins-2.7.3-sources.jar
[2022-10-25T14:08:55.212+0000] {processor.py:770} WARNING - No viable dags retrieved from /opt/airflow/dags/hadoop-2.7.3/share/hadoop/mapreduce/sources/hadoop-mapreduce-client-hs-plugins-2.7.3-sources.jar
[2022-10-25T14:08:55.275+0000] {processor.py:178} INFO - Processing /opt/airflow/dags/hadoop-2.7.3/share/hadoop/mapreduce/sources/hadoop-mapreduce-client-hs-plugins-2.7.3-sources.jar took 0.086 seconds
[2022-10-25T14:09:11.924+0000] {processor.py:156} INFO - Started process (PID=17803) to work on /opt/airflow/dags/hadoop-2.7.3/share/hadoop/mapreduce/sources/hadoop-mapreduce-client-hs-plugins-2.7.3-sources.jar
[2022-10-25T14:09:11.932+0000] {processor.py:758} INFO - Processing file /opt/airflow/dags/hadoop-2.7.3/share/hadoop/mapreduce/sources/hadoop-mapreduce-client-hs-plugins-2.7.3-sources.jar for tasks to queue
[2022-10-25T14:09:11.935+0000] {logging_mixin.py:117} INFO - [2022-10-25T14:09:11.934+0000] {dagbag.py:525} INFO - Filling up the DagBag from /opt/airflow/dags/hadoop-2.7.3/share/hadoop/mapreduce/sources/hadoop-mapreduce-client-hs-plugins-2.7.3-sources.jar
[2022-10-25T14:09:11.949+0000] {processor.py:770} WARNING - No viable dags retrieved from /opt/airflow/dags/hadoop-2.7.3/share/hadoop/mapreduce/sources/hadoop-mapreduce-client-hs-plugins-2.7.3-sources.jar
[2022-10-25T14:09:12.008+0000] {processor.py:178} INFO - Processing /opt/airflow/dags/hadoop-2.7.3/share/hadoop/mapreduce/sources/hadoop-mapreduce-client-hs-plugins-2.7.3-sources.jar took 0.103 seconds
[2022-10-25T14:09:40.818+0000] {processor.py:156} INFO - Started process (PID=19414) to work on /opt/airflow/dags/hadoop-2.7.3/share/hadoop/mapreduce/sources/hadoop-mapreduce-client-hs-plugins-2.7.3-sources.jar
[2022-10-25T14:09:40.828+0000] {processor.py:758} INFO - Processing file /opt/airflow/dags/hadoop-2.7.3/share/hadoop/mapreduce/sources/hadoop-mapreduce-client-hs-plugins-2.7.3-sources.jar for tasks to queue
[2022-10-25T14:09:40.833+0000] {logging_mixin.py:117} INFO - [2022-10-25T14:09:40.832+0000] {dagbag.py:525} INFO - Filling up the DagBag from /opt/airflow/dags/hadoop-2.7.3/share/hadoop/mapreduce/sources/hadoop-mapreduce-client-hs-plugins-2.7.3-sources.jar
[2022-10-25T14:09:40.854+0000] {processor.py:770} WARNING - No viable dags retrieved from /opt/airflow/dags/hadoop-2.7.3/share/hadoop/mapreduce/sources/hadoop-mapreduce-client-hs-plugins-2.7.3-sources.jar
[2022-10-25T14:09:40.979+0000] {processor.py:178} INFO - Processing /opt/airflow/dags/hadoop-2.7.3/share/hadoop/mapreduce/sources/hadoop-mapreduce-client-hs-plugins-2.7.3-sources.jar took 0.169 seconds
[2022-10-25T14:09:55.462+0000] {processor.py:156} INFO - Started process (PID=18326) to work on /opt/airflow/dags/hadoop-2.7.3/share/hadoop/mapreduce/sources/hadoop-mapreduce-client-hs-plugins-2.7.3-sources.jar
[2022-10-25T14:09:55.464+0000] {processor.py:758} INFO - Processing file /opt/airflow/dags/hadoop-2.7.3/share/hadoop/mapreduce/sources/hadoop-mapreduce-client-hs-plugins-2.7.3-sources.jar for tasks to queue
[2022-10-25T14:09:55.466+0000] {logging_mixin.py:117} INFO - [2022-10-25T14:09:55.466+0000] {dagbag.py:525} INFO - Filling up the DagBag from /opt/airflow/dags/hadoop-2.7.3/share/hadoop/mapreduce/sources/hadoop-mapreduce-client-hs-plugins-2.7.3-sources.jar
[2022-10-25T14:09:55.480+0000] {processor.py:770} WARNING - No viable dags retrieved from /opt/airflow/dags/hadoop-2.7.3/share/hadoop/mapreduce/sources/hadoop-mapreduce-client-hs-plugins-2.7.3-sources.jar
[2022-10-25T14:09:55.526+0000] {processor.py:178} INFO - Processing /opt/airflow/dags/hadoop-2.7.3/share/hadoop/mapreduce/sources/hadoop-mapreduce-client-hs-plugins-2.7.3-sources.jar took 0.075 seconds
[2022-10-25T14:10:25.398+0000] {processor.py:156} INFO - Started process (PID=19935) to work on /opt/airflow/dags/hadoop-2.7.3/share/hadoop/mapreduce/sources/hadoop-mapreduce-client-hs-plugins-2.7.3-sources.jar
[2022-10-25T14:10:25.401+0000] {processor.py:758} INFO - Processing file /opt/airflow/dags/hadoop-2.7.3/share/hadoop/mapreduce/sources/hadoop-mapreduce-client-hs-plugins-2.7.3-sources.jar for tasks to queue
[2022-10-25T14:10:25.403+0000] {logging_mixin.py:117} INFO - [2022-10-25T14:10:25.403+0000] {dagbag.py:525} INFO - Filling up the DagBag from /opt/airflow/dags/hadoop-2.7.3/share/hadoop/mapreduce/sources/hadoop-mapreduce-client-hs-plugins-2.7.3-sources.jar
[2022-10-25T14:10:25.409+0000] {processor.py:770} WARNING - No viable dags retrieved from /opt/airflow/dags/hadoop-2.7.3/share/hadoop/mapreduce/sources/hadoop-mapreduce-client-hs-plugins-2.7.3-sources.jar
[2022-10-25T14:10:25.446+0000] {processor.py:178} INFO - Processing /opt/airflow/dags/hadoop-2.7.3/share/hadoop/mapreduce/sources/hadoop-mapreduce-client-hs-plugins-2.7.3-sources.jar took 0.057 seconds
[2022-10-25T14:10:39.140+0000] {processor.py:156} INFO - Started process (PID=18841) to work on /opt/airflow/dags/hadoop-2.7.3/share/hadoop/mapreduce/sources/hadoop-mapreduce-client-hs-plugins-2.7.3-sources.jar
[2022-10-25T14:10:39.143+0000] {processor.py:758} INFO - Processing file /opt/airflow/dags/hadoop-2.7.3/share/hadoop/mapreduce/sources/hadoop-mapreduce-client-hs-plugins-2.7.3-sources.jar for tasks to queue
[2022-10-25T14:10:39.147+0000] {logging_mixin.py:117} INFO - [2022-10-25T14:10:39.146+0000] {dagbag.py:525} INFO - Filling up the DagBag from /opt/airflow/dags/hadoop-2.7.3/share/hadoop/mapreduce/sources/hadoop-mapreduce-client-hs-plugins-2.7.3-sources.jar
[2022-10-25T14:10:39.165+0000] {processor.py:770} WARNING - No viable dags retrieved from /opt/airflow/dags/hadoop-2.7.3/share/hadoop/mapreduce/sources/hadoop-mapreduce-client-hs-plugins-2.7.3-sources.jar
[2022-10-25T14:10:39.214+0000] {processor.py:178} INFO - Processing /opt/airflow/dags/hadoop-2.7.3/share/hadoop/mapreduce/sources/hadoop-mapreduce-client-hs-plugins-2.7.3-sources.jar took 0.083 seconds
[2022-10-25T14:11:06.409+0000] {processor.py:156} INFO - Started process (PID=20451) to work on /opt/airflow/dags/hadoop-2.7.3/share/hadoop/mapreduce/sources/hadoop-mapreduce-client-hs-plugins-2.7.3-sources.jar
[2022-10-25T14:11:06.411+0000] {processor.py:758} INFO - Processing file /opt/airflow/dags/hadoop-2.7.3/share/hadoop/mapreduce/sources/hadoop-mapreduce-client-hs-plugins-2.7.3-sources.jar for tasks to queue
[2022-10-25T14:11:06.413+0000] {logging_mixin.py:117} INFO - [2022-10-25T14:11:06.413+0000] {dagbag.py:525} INFO - Filling up the DagBag from /opt/airflow/dags/hadoop-2.7.3/share/hadoop/mapreduce/sources/hadoop-mapreduce-client-hs-plugins-2.7.3-sources.jar
[2022-10-25T14:11:06.418+0000] {processor.py:770} WARNING - No viable dags retrieved from /opt/airflow/dags/hadoop-2.7.3/share/hadoop/mapreduce/sources/hadoop-mapreduce-client-hs-plugins-2.7.3-sources.jar
[2022-10-25T14:11:06.477+0000] {processor.py:178} INFO - Processing /opt/airflow/dags/hadoop-2.7.3/share/hadoop/mapreduce/sources/hadoop-mapreduce-client-hs-plugins-2.7.3-sources.jar took 0.076 seconds
[2022-10-25T14:11:20.532+0000] {processor.py:156} INFO - Started process (PID=19356) to work on /opt/airflow/dags/hadoop-2.7.3/share/hadoop/mapreduce/sources/hadoop-mapreduce-client-hs-plugins-2.7.3-sources.jar
[2022-10-25T14:11:20.534+0000] {processor.py:758} INFO - Processing file /opt/airflow/dags/hadoop-2.7.3/share/hadoop/mapreduce/sources/hadoop-mapreduce-client-hs-plugins-2.7.3-sources.jar for tasks to queue
[2022-10-25T14:11:20.536+0000] {logging_mixin.py:117} INFO - [2022-10-25T14:11:20.536+0000] {dagbag.py:525} INFO - Filling up the DagBag from /opt/airflow/dags/hadoop-2.7.3/share/hadoop/mapreduce/sources/hadoop-mapreduce-client-hs-plugins-2.7.3-sources.jar
[2022-10-25T14:11:20.540+0000] {processor.py:770} WARNING - No viable dags retrieved from /opt/airflow/dags/hadoop-2.7.3/share/hadoop/mapreduce/sources/hadoop-mapreduce-client-hs-plugins-2.7.3-sources.jar
[2022-10-25T14:11:20.569+0000] {processor.py:178} INFO - Processing /opt/airflow/dags/hadoop-2.7.3/share/hadoop/mapreduce/sources/hadoop-mapreduce-client-hs-plugins-2.7.3-sources.jar took 0.045 seconds
[2022-10-25T14:11:51.728+0000] {processor.py:156} INFO - Started process (PID=21010) to work on /opt/airflow/dags/hadoop-2.7.3/share/hadoop/mapreduce/sources/hadoop-mapreduce-client-hs-plugins-2.7.3-sources.jar
[2022-10-25T14:11:51.731+0000] {processor.py:758} INFO - Processing file /opt/airflow/dags/hadoop-2.7.3/share/hadoop/mapreduce/sources/hadoop-mapreduce-client-hs-plugins-2.7.3-sources.jar for tasks to queue
[2022-10-25T14:11:51.735+0000] {logging_mixin.py:117} INFO - [2022-10-25T14:11:51.734+0000] {dagbag.py:525} INFO - Filling up the DagBag from /opt/airflow/dags/hadoop-2.7.3/share/hadoop/mapreduce/sources/hadoop-mapreduce-client-hs-plugins-2.7.3-sources.jar
[2022-10-25T14:11:51.750+0000] {processor.py:770} WARNING - No viable dags retrieved from /opt/airflow/dags/hadoop-2.7.3/share/hadoop/mapreduce/sources/hadoop-mapreduce-client-hs-plugins-2.7.3-sources.jar
[2022-10-25T14:11:51.795+0000] {processor.py:178} INFO - Processing /opt/airflow/dags/hadoop-2.7.3/share/hadoop/mapreduce/sources/hadoop-mapreduce-client-hs-plugins-2.7.3-sources.jar took 0.083 seconds
[2022-10-25T14:12:13.140+0000] {processor.py:156} INFO - Started process (PID=19946) to work on /opt/airflow/dags/hadoop-2.7.3/share/hadoop/mapreduce/sources/hadoop-mapreduce-client-hs-plugins-2.7.3-sources.jar
[2022-10-25T14:12:13.143+0000] {processor.py:758} INFO - Processing file /opt/airflow/dags/hadoop-2.7.3/share/hadoop/mapreduce/sources/hadoop-mapreduce-client-hs-plugins-2.7.3-sources.jar for tasks to queue
[2022-10-25T14:12:13.145+0000] {logging_mixin.py:117} INFO - [2022-10-25T14:12:13.145+0000] {dagbag.py:525} INFO - Filling up the DagBag from /opt/airflow/dags/hadoop-2.7.3/share/hadoop/mapreduce/sources/hadoop-mapreduce-client-hs-plugins-2.7.3-sources.jar
[2022-10-25T14:12:13.152+0000] {processor.py:770} WARNING - No viable dags retrieved from /opt/airflow/dags/hadoop-2.7.3/share/hadoop/mapreduce/sources/hadoop-mapreduce-client-hs-plugins-2.7.3-sources.jar
[2022-10-25T14:12:13.193+0000] {processor.py:178} INFO - Processing /opt/airflow/dags/hadoop-2.7.3/share/hadoop/mapreduce/sources/hadoop-mapreduce-client-hs-plugins-2.7.3-sources.jar took 0.064 seconds
[2022-10-25T14:13:19.659+0000] {processor.py:156} INFO - Started process (PID=21555) to work on /opt/airflow/dags/hadoop-2.7.3/share/hadoop/mapreduce/sources/hadoop-mapreduce-client-hs-plugins-2.7.3-sources.jar
[2022-10-25T14:13:19.662+0000] {processor.py:758} INFO - Processing file /opt/airflow/dags/hadoop-2.7.3/share/hadoop/mapreduce/sources/hadoop-mapreduce-client-hs-plugins-2.7.3-sources.jar for tasks to queue
[2022-10-25T14:13:19.666+0000] {logging_mixin.py:117} INFO - [2022-10-25T14:13:19.666+0000] {dagbag.py:525} INFO - Filling up the DagBag from /opt/airflow/dags/hadoop-2.7.3/share/hadoop/mapreduce/sources/hadoop-mapreduce-client-hs-plugins-2.7.3-sources.jar
[2022-10-25T14:13:19.673+0000] {processor.py:770} WARNING - No viable dags retrieved from /opt/airflow/dags/hadoop-2.7.3/share/hadoop/mapreduce/sources/hadoop-mapreduce-client-hs-plugins-2.7.3-sources.jar
[2022-10-25T14:13:19.711+0000] {processor.py:178} INFO - Processing /opt/airflow/dags/hadoop-2.7.3/share/hadoop/mapreduce/sources/hadoop-mapreduce-client-hs-plugins-2.7.3-sources.jar took 0.065 seconds
[2022-10-25T14:13:35.835+0000] {processor.py:156} INFO - Started process (PID=20484) to work on /opt/airflow/dags/hadoop-2.7.3/share/hadoop/mapreduce/sources/hadoop-mapreduce-client-hs-plugins-2.7.3-sources.jar
[2022-10-25T14:13:35.838+0000] {processor.py:758} INFO - Processing file /opt/airflow/dags/hadoop-2.7.3/share/hadoop/mapreduce/sources/hadoop-mapreduce-client-hs-plugins-2.7.3-sources.jar for tasks to queue
[2022-10-25T14:13:35.841+0000] {logging_mixin.py:117} INFO - [2022-10-25T14:13:35.841+0000] {dagbag.py:525} INFO - Filling up the DagBag from /opt/airflow/dags/hadoop-2.7.3/share/hadoop/mapreduce/sources/hadoop-mapreduce-client-hs-plugins-2.7.3-sources.jar
[2022-10-25T14:13:35.848+0000] {processor.py:770} WARNING - No viable dags retrieved from /opt/airflow/dags/hadoop-2.7.3/share/hadoop/mapreduce/sources/hadoop-mapreduce-client-hs-plugins-2.7.3-sources.jar
[2022-10-25T14:13:35.893+0000] {processor.py:178} INFO - Processing /opt/airflow/dags/hadoop-2.7.3/share/hadoop/mapreduce/sources/hadoop-mapreduce-client-hs-plugins-2.7.3-sources.jar took 0.074 seconds
[2022-10-25T14:14:03.602+0000] {processor.py:156} INFO - Started process (PID=22114) to work on /opt/airflow/dags/hadoop-2.7.3/share/hadoop/mapreduce/sources/hadoop-mapreduce-client-hs-plugins-2.7.3-sources.jar
[2022-10-25T14:14:03.606+0000] {processor.py:758} INFO - Processing file /opt/airflow/dags/hadoop-2.7.3/share/hadoop/mapreduce/sources/hadoop-mapreduce-client-hs-plugins-2.7.3-sources.jar for tasks to queue
[2022-10-25T14:14:03.609+0000] {logging_mixin.py:117} INFO - [2022-10-25T14:14:03.609+0000] {dagbag.py:525} INFO - Filling up the DagBag from /opt/airflow/dags/hadoop-2.7.3/share/hadoop/mapreduce/sources/hadoop-mapreduce-client-hs-plugins-2.7.3-sources.jar
[2022-10-25T14:14:03.618+0000] {processor.py:770} WARNING - No viable dags retrieved from /opt/airflow/dags/hadoop-2.7.3/share/hadoop/mapreduce/sources/hadoop-mapreduce-client-hs-plugins-2.7.3-sources.jar
[2022-10-25T14:14:03.687+0000] {processor.py:178} INFO - Processing /opt/airflow/dags/hadoop-2.7.3/share/hadoop/mapreduce/sources/hadoop-mapreduce-client-hs-plugins-2.7.3-sources.jar took 0.094 seconds
[2022-10-25T14:14:35.196+0000] {processor.py:156} INFO - Started process (PID=21135) to work on /opt/airflow/dags/hadoop-2.7.3/share/hadoop/mapreduce/sources/hadoop-mapreduce-client-hs-plugins-2.7.3-sources.jar
[2022-10-25T14:14:35.199+0000] {processor.py:758} INFO - Processing file /opt/airflow/dags/hadoop-2.7.3/share/hadoop/mapreduce/sources/hadoop-mapreduce-client-hs-plugins-2.7.3-sources.jar for tasks to queue
[2022-10-25T14:14:35.204+0000] {logging_mixin.py:117} INFO - [2022-10-25T14:14:35.203+0000] {dagbag.py:525} INFO - Filling up the DagBag from /opt/airflow/dags/hadoop-2.7.3/share/hadoop/mapreduce/sources/hadoop-mapreduce-client-hs-plugins-2.7.3-sources.jar
[2022-10-25T14:14:35.213+0000] {processor.py:770} WARNING - No viable dags retrieved from /opt/airflow/dags/hadoop-2.7.3/share/hadoop/mapreduce/sources/hadoop-mapreduce-client-hs-plugins-2.7.3-sources.jar
[2022-10-25T14:14:35.273+0000] {processor.py:178} INFO - Processing /opt/airflow/dags/hadoop-2.7.3/share/hadoop/mapreduce/sources/hadoop-mapreduce-client-hs-plugins-2.7.3-sources.jar took 0.091 seconds
[2022-10-25T14:14:54.850+0000] {processor.py:156} INFO - Started process (PID=22669) to work on /opt/airflow/dags/hadoop-2.7.3/share/hadoop/mapreduce/sources/hadoop-mapreduce-client-hs-plugins-2.7.3-sources.jar
[2022-10-25T14:14:54.853+0000] {processor.py:758} INFO - Processing file /opt/airflow/dags/hadoop-2.7.3/share/hadoop/mapreduce/sources/hadoop-mapreduce-client-hs-plugins-2.7.3-sources.jar for tasks to queue
[2022-10-25T14:14:54.856+0000] {logging_mixin.py:117} INFO - [2022-10-25T14:14:54.856+0000] {dagbag.py:525} INFO - Filling up the DagBag from /opt/airflow/dags/hadoop-2.7.3/share/hadoop/mapreduce/sources/hadoop-mapreduce-client-hs-plugins-2.7.3-sources.jar
[2022-10-25T14:14:54.863+0000] {processor.py:770} WARNING - No viable dags retrieved from /opt/airflow/dags/hadoop-2.7.3/share/hadoop/mapreduce/sources/hadoop-mapreduce-client-hs-plugins-2.7.3-sources.jar
[2022-10-25T14:14:54.900+0000] {processor.py:178} INFO - Processing /opt/airflow/dags/hadoop-2.7.3/share/hadoop/mapreduce/sources/hadoop-mapreduce-client-hs-plugins-2.7.3-sources.jar took 0.060 seconds
[2022-10-25T14:15:33.908+0000] {processor.py:156} INFO - Started process (PID=21683) to work on /opt/airflow/dags/hadoop-2.7.3/share/hadoop/mapreduce/sources/hadoop-mapreduce-client-hs-plugins-2.7.3-sources.jar
[2022-10-25T14:15:33.921+0000] {processor.py:758} INFO - Processing file /opt/airflow/dags/hadoop-2.7.3/share/hadoop/mapreduce/sources/hadoop-mapreduce-client-hs-plugins-2.7.3-sources.jar for tasks to queue
[2022-10-25T14:15:33.930+0000] {logging_mixin.py:117} INFO - [2022-10-25T14:15:33.929+0000] {dagbag.py:525} INFO - Filling up the DagBag from /opt/airflow/dags/hadoop-2.7.3/share/hadoop/mapreduce/sources/hadoop-mapreduce-client-hs-plugins-2.7.3-sources.jar
[2022-10-25T14:15:33.939+0000] {processor.py:770} WARNING - No viable dags retrieved from /opt/airflow/dags/hadoop-2.7.3/share/hadoop/mapreduce/sources/hadoop-mapreduce-client-hs-plugins-2.7.3-sources.jar
[2022-10-25T14:15:34.016+0000] {processor.py:178} INFO - Processing /opt/airflow/dags/hadoop-2.7.3/share/hadoop/mapreduce/sources/hadoop-mapreduce-client-hs-plugins-2.7.3-sources.jar took 0.121 seconds
[2022-10-25T14:16:10.568+0000] {processor.py:156} INFO - Started process (PID=23368) to work on /opt/airflow/dags/hadoop-2.7.3/share/hadoop/mapreduce/sources/hadoop-mapreduce-client-hs-plugins-2.7.3-sources.jar
[2022-10-25T14:16:10.572+0000] {processor.py:758} INFO - Processing file /opt/airflow/dags/hadoop-2.7.3/share/hadoop/mapreduce/sources/hadoop-mapreduce-client-hs-plugins-2.7.3-sources.jar for tasks to queue
[2022-10-25T14:16:10.576+0000] {logging_mixin.py:117} INFO - [2022-10-25T14:16:10.575+0000] {dagbag.py:525} INFO - Filling up the DagBag from /opt/airflow/dags/hadoop-2.7.3/share/hadoop/mapreduce/sources/hadoop-mapreduce-client-hs-plugins-2.7.3-sources.jar
[2022-10-25T14:16:10.583+0000] {processor.py:770} WARNING - No viable dags retrieved from /opt/airflow/dags/hadoop-2.7.3/share/hadoop/mapreduce/sources/hadoop-mapreduce-client-hs-plugins-2.7.3-sources.jar
[2022-10-25T14:16:10.622+0000] {processor.py:178} INFO - Processing /opt/airflow/dags/hadoop-2.7.3/share/hadoop/mapreduce/sources/hadoop-mapreduce-client-hs-plugins-2.7.3-sources.jar took 0.064 seconds
[2022-10-25T14:16:22.730+0000] {processor.py:156} INFO - Started process (PID=22189) to work on /opt/airflow/dags/hadoop-2.7.3/share/hadoop/mapreduce/sources/hadoop-mapreduce-client-hs-plugins-2.7.3-sources.jar
[2022-10-25T14:16:22.734+0000] {processor.py:758} INFO - Processing file /opt/airflow/dags/hadoop-2.7.3/share/hadoop/mapreduce/sources/hadoop-mapreduce-client-hs-plugins-2.7.3-sources.jar for tasks to queue
[2022-10-25T14:16:22.737+0000] {logging_mixin.py:117} INFO - [2022-10-25T14:16:22.737+0000] {dagbag.py:525} INFO - Filling up the DagBag from /opt/airflow/dags/hadoop-2.7.3/share/hadoop/mapreduce/sources/hadoop-mapreduce-client-hs-plugins-2.7.3-sources.jar
[2022-10-25T14:16:22.744+0000] {processor.py:770} WARNING - No viable dags retrieved from /opt/airflow/dags/hadoop-2.7.3/share/hadoop/mapreduce/sources/hadoop-mapreduce-client-hs-plugins-2.7.3-sources.jar
[2022-10-25T14:16:22.782+0000] {processor.py:178} INFO - Processing /opt/airflow/dags/hadoop-2.7.3/share/hadoop/mapreduce/sources/hadoop-mapreduce-client-hs-plugins-2.7.3-sources.jar took 0.059 seconds
[2022-10-25T14:17:17.179+0000] {processor.py:156} INFO - Started process (PID=24001) to work on /opt/airflow/dags/hadoop-2.7.3/share/hadoop/mapreduce/sources/hadoop-mapreduce-client-hs-plugins-2.7.3-sources.jar
[2022-10-25T14:17:17.184+0000] {processor.py:758} INFO - Processing file /opt/airflow/dags/hadoop-2.7.3/share/hadoop/mapreduce/sources/hadoop-mapreduce-client-hs-plugins-2.7.3-sources.jar for tasks to queue
[2022-10-25T14:17:17.187+0000] {logging_mixin.py:117} INFO - [2022-10-25T14:17:17.186+0000] {dagbag.py:525} INFO - Filling up the DagBag from /opt/airflow/dags/hadoop-2.7.3/share/hadoop/mapreduce/sources/hadoop-mapreduce-client-hs-plugins-2.7.3-sources.jar
[2022-10-25T14:17:17.197+0000] {processor.py:770} WARNING - No viable dags retrieved from /opt/airflow/dags/hadoop-2.7.3/share/hadoop/mapreduce/sources/hadoop-mapreduce-client-hs-plugins-2.7.3-sources.jar
[2022-10-25T14:17:17.286+0000] {processor.py:178} INFO - Processing /opt/airflow/dags/hadoop-2.7.3/share/hadoop/mapreduce/sources/hadoop-mapreduce-client-hs-plugins-2.7.3-sources.jar took 0.118 seconds
[2022-10-25T14:17:37.346+0000] {processor.py:156} INFO - Started process (PID=22871) to work on /opt/airflow/dags/hadoop-2.7.3/share/hadoop/mapreduce/sources/hadoop-mapreduce-client-hs-plugins-2.7.3-sources.jar
[2022-10-25T14:17:37.350+0000] {processor.py:758} INFO - Processing file /opt/airflow/dags/hadoop-2.7.3/share/hadoop/mapreduce/sources/hadoop-mapreduce-client-hs-plugins-2.7.3-sources.jar for tasks to queue
[2022-10-25T14:17:37.353+0000] {logging_mixin.py:117} INFO - [2022-10-25T14:17:37.353+0000] {dagbag.py:525} INFO - Filling up the DagBag from /opt/airflow/dags/hadoop-2.7.3/share/hadoop/mapreduce/sources/hadoop-mapreduce-client-hs-plugins-2.7.3-sources.jar
[2022-10-25T14:17:37.361+0000] {processor.py:770} WARNING - No viable dags retrieved from /opt/airflow/dags/hadoop-2.7.3/share/hadoop/mapreduce/sources/hadoop-mapreduce-client-hs-plugins-2.7.3-sources.jar
[2022-10-25T14:17:37.408+0000] {processor.py:178} INFO - Processing /opt/airflow/dags/hadoop-2.7.3/share/hadoop/mapreduce/sources/hadoop-mapreduce-client-hs-plugins-2.7.3-sources.jar took 0.070 seconds
[2022-10-25T14:25:20.834+0000] {processor.py:156} INFO - Started process (PID=23657) to work on /opt/airflow/dags/hadoop-2.7.3/share/hadoop/mapreduce/sources/hadoop-mapreduce-client-hs-plugins-2.7.3-sources.jar
[2022-10-25T14:25:20.839+0000] {processor.py:758} INFO - Processing file /opt/airflow/dags/hadoop-2.7.3/share/hadoop/mapreduce/sources/hadoop-mapreduce-client-hs-plugins-2.7.3-sources.jar for tasks to queue
[2022-10-25T14:25:20.842+0000] {logging_mixin.py:117} INFO - [2022-10-25T14:25:20.842+0000] {dagbag.py:525} INFO - Filling up the DagBag from /opt/airflow/dags/hadoop-2.7.3/share/hadoop/mapreduce/sources/hadoop-mapreduce-client-hs-plugins-2.7.3-sources.jar
[2022-10-25T14:25:20.851+0000] {processor.py:770} WARNING - No viable dags retrieved from /opt/airflow/dags/hadoop-2.7.3/share/hadoop/mapreduce/sources/hadoop-mapreduce-client-hs-plugins-2.7.3-sources.jar
[2022-10-25T14:25:20.906+0000] {processor.py:178} INFO - Processing /opt/airflow/dags/hadoop-2.7.3/share/hadoop/mapreduce/sources/hadoop-mapreduce-client-hs-plugins-2.7.3-sources.jar took 0.092 seconds
[2022-10-25T14:25:38.447+0000] {processor.py:156} INFO - Started process (PID=24732) to work on /opt/airflow/dags/hadoop-2.7.3/share/hadoop/mapreduce/sources/hadoop-mapreduce-client-hs-plugins-2.7.3-sources.jar
[2022-10-25T14:25:38.450+0000] {processor.py:758} INFO - Processing file /opt/airflow/dags/hadoop-2.7.3/share/hadoop/mapreduce/sources/hadoop-mapreduce-client-hs-plugins-2.7.3-sources.jar for tasks to queue
[2022-10-25T14:25:38.453+0000] {logging_mixin.py:117} INFO - [2022-10-25T14:25:38.453+0000] {dagbag.py:525} INFO - Filling up the DagBag from /opt/airflow/dags/hadoop-2.7.3/share/hadoop/mapreduce/sources/hadoop-mapreduce-client-hs-plugins-2.7.3-sources.jar
[2022-10-25T14:25:38.459+0000] {processor.py:770} WARNING - No viable dags retrieved from /opt/airflow/dags/hadoop-2.7.3/share/hadoop/mapreduce/sources/hadoop-mapreduce-client-hs-plugins-2.7.3-sources.jar
[2022-10-25T14:25:38.503+0000] {processor.py:178} INFO - Processing /opt/airflow/dags/hadoop-2.7.3/share/hadoop/mapreduce/sources/hadoop-mapreduce-client-hs-plugins-2.7.3-sources.jar took 0.062 seconds
[2022-10-25T14:26:11.991+0000] {processor.py:156} INFO - Started process (PID=24174) to work on /opt/airflow/dags/hadoop-2.7.3/share/hadoop/mapreduce/sources/hadoop-mapreduce-client-hs-plugins-2.7.3-sources.jar
[2022-10-25T14:26:11.995+0000] {processor.py:758} INFO - Processing file /opt/airflow/dags/hadoop-2.7.3/share/hadoop/mapreduce/sources/hadoop-mapreduce-client-hs-plugins-2.7.3-sources.jar for tasks to queue
[2022-10-25T14:26:12.002+0000] {logging_mixin.py:117} INFO - [2022-10-25T14:26:12.001+0000] {dagbag.py:525} INFO - Filling up the DagBag from /opt/airflow/dags/hadoop-2.7.3/share/hadoop/mapreduce/sources/hadoop-mapreduce-client-hs-plugins-2.7.3-sources.jar
[2022-10-25T14:26:12.011+0000] {processor.py:770} WARNING - No viable dags retrieved from /opt/airflow/dags/hadoop-2.7.3/share/hadoop/mapreduce/sources/hadoop-mapreduce-client-hs-plugins-2.7.3-sources.jar
[2022-10-25T14:26:12.060+0000] {processor.py:178} INFO - Processing /opt/airflow/dags/hadoop-2.7.3/share/hadoop/mapreduce/sources/hadoop-mapreduce-client-hs-plugins-2.7.3-sources.jar took 0.079 seconds
[2022-10-25T14:26:30.544+0000] {processor.py:156} INFO - Started process (PID=25255) to work on /opt/airflow/dags/hadoop-2.7.3/share/hadoop/mapreduce/sources/hadoop-mapreduce-client-hs-plugins-2.7.3-sources.jar
[2022-10-25T14:26:30.547+0000] {processor.py:758} INFO - Processing file /opt/airflow/dags/hadoop-2.7.3/share/hadoop/mapreduce/sources/hadoop-mapreduce-client-hs-plugins-2.7.3-sources.jar for tasks to queue
[2022-10-25T14:26:30.551+0000] {logging_mixin.py:117} INFO - [2022-10-25T14:26:30.551+0000] {dagbag.py:525} INFO - Filling up the DagBag from /opt/airflow/dags/hadoop-2.7.3/share/hadoop/mapreduce/sources/hadoop-mapreduce-client-hs-plugins-2.7.3-sources.jar
[2022-10-25T14:26:30.562+0000] {processor.py:770} WARNING - No viable dags retrieved from /opt/airflow/dags/hadoop-2.7.3/share/hadoop/mapreduce/sources/hadoop-mapreduce-client-hs-plugins-2.7.3-sources.jar
[2022-10-25T14:26:30.611+0000] {processor.py:178} INFO - Processing /opt/airflow/dags/hadoop-2.7.3/share/hadoop/mapreduce/sources/hadoop-mapreduce-client-hs-plugins-2.7.3-sources.jar took 0.074 seconds
[2022-10-25T14:27:06.714+0000] {processor.py:156} INFO - Started process (PID=24699) to work on /opt/airflow/dags/hadoop-2.7.3/share/hadoop/mapreduce/sources/hadoop-mapreduce-client-hs-plugins-2.7.3-sources.jar
[2022-10-25T14:27:06.721+0000] {processor.py:758} INFO - Processing file /opt/airflow/dags/hadoop-2.7.3/share/hadoop/mapreduce/sources/hadoop-mapreduce-client-hs-plugins-2.7.3-sources.jar for tasks to queue
[2022-10-25T14:27:06.726+0000] {logging_mixin.py:117} INFO - [2022-10-25T14:27:06.726+0000] {dagbag.py:525} INFO - Filling up the DagBag from /opt/airflow/dags/hadoop-2.7.3/share/hadoop/mapreduce/sources/hadoop-mapreduce-client-hs-plugins-2.7.3-sources.jar
[2022-10-25T14:27:06.741+0000] {processor.py:770} WARNING - No viable dags retrieved from /opt/airflow/dags/hadoop-2.7.3/share/hadoop/mapreduce/sources/hadoop-mapreduce-client-hs-plugins-2.7.3-sources.jar
[2022-10-25T14:27:06.798+0000] {processor.py:178} INFO - Processing /opt/airflow/dags/hadoop-2.7.3/share/hadoop/mapreduce/sources/hadoop-mapreduce-client-hs-plugins-2.7.3-sources.jar took 0.098 seconds
[2022-10-25T14:27:22.017+0000] {processor.py:156} INFO - Started process (PID=25777) to work on /opt/airflow/dags/hadoop-2.7.3/share/hadoop/mapreduce/sources/hadoop-mapreduce-client-hs-plugins-2.7.3-sources.jar
[2022-10-25T14:27:22.021+0000] {processor.py:758} INFO - Processing file /opt/airflow/dags/hadoop-2.7.3/share/hadoop/mapreduce/sources/hadoop-mapreduce-client-hs-plugins-2.7.3-sources.jar for tasks to queue
[2022-10-25T14:27:22.023+0000] {logging_mixin.py:117} INFO - [2022-10-25T14:27:22.023+0000] {dagbag.py:525} INFO - Filling up the DagBag from /opt/airflow/dags/hadoop-2.7.3/share/hadoop/mapreduce/sources/hadoop-mapreduce-client-hs-plugins-2.7.3-sources.jar
[2022-10-25T14:27:22.032+0000] {processor.py:770} WARNING - No viable dags retrieved from /opt/airflow/dags/hadoop-2.7.3/share/hadoop/mapreduce/sources/hadoop-mapreduce-client-hs-plugins-2.7.3-sources.jar
[2022-10-25T14:27:22.086+0000] {processor.py:178} INFO - Processing /opt/airflow/dags/hadoop-2.7.3/share/hadoop/mapreduce/sources/hadoop-mapreduce-client-hs-plugins-2.7.3-sources.jar took 0.083 seconds
[2022-10-25T14:28:01.972+0000] {processor.py:156} INFO - Started process (PID=25287) to work on /opt/airflow/dags/hadoop-2.7.3/share/hadoop/mapreduce/sources/hadoop-mapreduce-client-hs-plugins-2.7.3-sources.jar
[2022-10-25T14:28:01.976+0000] {processor.py:758} INFO - Processing file /opt/airflow/dags/hadoop-2.7.3/share/hadoop/mapreduce/sources/hadoop-mapreduce-client-hs-plugins-2.7.3-sources.jar for tasks to queue
[2022-10-25T14:28:01.982+0000] {logging_mixin.py:117} INFO - [2022-10-25T14:28:01.981+0000] {dagbag.py:525} INFO - Filling up the DagBag from /opt/airflow/dags/hadoop-2.7.3/share/hadoop/mapreduce/sources/hadoop-mapreduce-client-hs-plugins-2.7.3-sources.jar
[2022-10-25T14:28:01.993+0000] {processor.py:770} WARNING - No viable dags retrieved from /opt/airflow/dags/hadoop-2.7.3/share/hadoop/mapreduce/sources/hadoop-mapreduce-client-hs-plugins-2.7.3-sources.jar
[2022-10-25T14:28:02.050+0000] {processor.py:178} INFO - Processing /opt/airflow/dags/hadoop-2.7.3/share/hadoop/mapreduce/sources/hadoop-mapreduce-client-hs-plugins-2.7.3-sources.jar took 0.096 seconds
[2022-10-25T14:28:10.655+0000] {processor.py:156} INFO - Started process (PID=26325) to work on /opt/airflow/dags/hadoop-2.7.3/share/hadoop/mapreduce/sources/hadoop-mapreduce-client-hs-plugins-2.7.3-sources.jar
[2022-10-25T14:28:10.658+0000] {processor.py:758} INFO - Processing file /opt/airflow/dags/hadoop-2.7.3/share/hadoop/mapreduce/sources/hadoop-mapreduce-client-hs-plugins-2.7.3-sources.jar for tasks to queue
[2022-10-25T14:28:10.662+0000] {logging_mixin.py:117} INFO - [2022-10-25T14:28:10.661+0000] {dagbag.py:525} INFO - Filling up the DagBag from /opt/airflow/dags/hadoop-2.7.3/share/hadoop/mapreduce/sources/hadoop-mapreduce-client-hs-plugins-2.7.3-sources.jar
[2022-10-25T14:28:10.668+0000] {processor.py:770} WARNING - No viable dags retrieved from /opt/airflow/dags/hadoop-2.7.3/share/hadoop/mapreduce/sources/hadoop-mapreduce-client-hs-plugins-2.7.3-sources.jar
[2022-10-25T14:28:10.758+0000] {processor.py:178} INFO - Processing /opt/airflow/dags/hadoop-2.7.3/share/hadoop/mapreduce/sources/hadoop-mapreduce-client-hs-plugins-2.7.3-sources.jar took 0.112 seconds
[2022-10-25T14:29:08.747+0000] {processor.py:156} INFO - Started process (PID=26906) to work on /opt/airflow/dags/hadoop-2.7.3/share/hadoop/mapreduce/sources/hadoop-mapreduce-client-hs-plugins-2.7.3-sources.jar
[2022-10-25T14:29:08.756+0000] {processor.py:758} INFO - Processing file /opt/airflow/dags/hadoop-2.7.3/share/hadoop/mapreduce/sources/hadoop-mapreduce-client-hs-plugins-2.7.3-sources.jar for tasks to queue
[2022-10-25T14:29:08.764+0000] {logging_mixin.py:117} INFO - [2022-10-25T14:29:08.763+0000] {dagbag.py:525} INFO - Filling up the DagBag from /opt/airflow/dags/hadoop-2.7.3/share/hadoop/mapreduce/sources/hadoop-mapreduce-client-hs-plugins-2.7.3-sources.jar
[2022-10-25T14:29:08.780+0000] {processor.py:770} WARNING - No viable dags retrieved from /opt/airflow/dags/hadoop-2.7.3/share/hadoop/mapreduce/sources/hadoop-mapreduce-client-hs-plugins-2.7.3-sources.jar
[2022-10-25T14:29:08.851+0000] {processor.py:178} INFO - Processing /opt/airflow/dags/hadoop-2.7.3/share/hadoop/mapreduce/sources/hadoop-mapreduce-client-hs-plugins-2.7.3-sources.jar took 0.117 seconds
[2022-10-25T14:29:48.882+0000] {processor.py:156} INFO - Started process (PID=25910) to work on /opt/airflow/dags/hadoop-2.7.3/share/hadoop/mapreduce/sources/hadoop-mapreduce-client-hs-plugins-2.7.3-sources.jar
[2022-10-25T14:29:48.886+0000] {processor.py:758} INFO - Processing file /opt/airflow/dags/hadoop-2.7.3/share/hadoop/mapreduce/sources/hadoop-mapreduce-client-hs-plugins-2.7.3-sources.jar for tasks to queue
[2022-10-25T14:29:48.890+0000] {logging_mixin.py:117} INFO - [2022-10-25T14:29:48.889+0000] {dagbag.py:525} INFO - Filling up the DagBag from /opt/airflow/dags/hadoop-2.7.3/share/hadoop/mapreduce/sources/hadoop-mapreduce-client-hs-plugins-2.7.3-sources.jar
[2022-10-25T14:29:48.898+0000] {processor.py:770} WARNING - No viable dags retrieved from /opt/airflow/dags/hadoop-2.7.3/share/hadoop/mapreduce/sources/hadoop-mapreduce-client-hs-plugins-2.7.3-sources.jar
[2022-10-25T14:29:48.935+0000] {processor.py:178} INFO - Processing /opt/airflow/dags/hadoop-2.7.3/share/hadoop/mapreduce/sources/hadoop-mapreduce-client-hs-plugins-2.7.3-sources.jar took 0.064 seconds
[2022-10-25T14:30:37.625+0000] {processor.py:156} INFO - Started process (PID=27445) to work on /opt/airflow/dags/hadoop-2.7.3/share/hadoop/mapreduce/sources/hadoop-mapreduce-client-hs-plugins-2.7.3-sources.jar
[2022-10-25T14:30:37.632+0000] {processor.py:758} INFO - Processing file /opt/airflow/dags/hadoop-2.7.3/share/hadoop/mapreduce/sources/hadoop-mapreduce-client-hs-plugins-2.7.3-sources.jar for tasks to queue
[2022-10-25T14:30:37.635+0000] {logging_mixin.py:117} INFO - [2022-10-25T14:30:37.634+0000] {dagbag.py:525} INFO - Filling up the DagBag from /opt/airflow/dags/hadoop-2.7.3/share/hadoop/mapreduce/sources/hadoop-mapreduce-client-hs-plugins-2.7.3-sources.jar
[2022-10-25T14:30:37.642+0000] {processor.py:770} WARNING - No viable dags retrieved from /opt/airflow/dags/hadoop-2.7.3/share/hadoop/mapreduce/sources/hadoop-mapreduce-client-hs-plugins-2.7.3-sources.jar
[2022-10-25T14:30:37.701+0000] {processor.py:178} INFO - Processing /opt/airflow/dags/hadoop-2.7.3/share/hadoop/mapreduce/sources/hadoop-mapreduce-client-hs-plugins-2.7.3-sources.jar took 0.087 seconds
[2022-10-25T14:30:53.384+0000] {processor.py:156} INFO - Started process (PID=26566) to work on /opt/airflow/dags/hadoop-2.7.3/share/hadoop/mapreduce/sources/hadoop-mapreduce-client-hs-plugins-2.7.3-sources.jar
[2022-10-25T14:30:53.386+0000] {processor.py:758} INFO - Processing file /opt/airflow/dags/hadoop-2.7.3/share/hadoop/mapreduce/sources/hadoop-mapreduce-client-hs-plugins-2.7.3-sources.jar for tasks to queue
[2022-10-25T14:30:53.389+0000] {logging_mixin.py:117} INFO - [2022-10-25T14:30:53.389+0000] {dagbag.py:525} INFO - Filling up the DagBag from /opt/airflow/dags/hadoop-2.7.3/share/hadoop/mapreduce/sources/hadoop-mapreduce-client-hs-plugins-2.7.3-sources.jar
[2022-10-25T14:30:53.405+0000] {processor.py:770} WARNING - No viable dags retrieved from /opt/airflow/dags/hadoop-2.7.3/share/hadoop/mapreduce/sources/hadoop-mapreduce-client-hs-plugins-2.7.3-sources.jar
[2022-10-25T14:30:53.472+0000] {processor.py:178} INFO - Processing /opt/airflow/dags/hadoop-2.7.3/share/hadoop/mapreduce/sources/hadoop-mapreduce-client-hs-plugins-2.7.3-sources.jar took 0.102 seconds
[2022-10-25T14:31:42.546+0000] {processor.py:156} INFO - Started process (PID=27009) to work on /opt/airflow/dags/hadoop-2.7.3/share/hadoop/mapreduce/sources/hadoop-mapreduce-client-hs-plugins-2.7.3-sources.jar
[2022-10-25T14:31:42.550+0000] {processor.py:758} INFO - Processing file /opt/airflow/dags/hadoop-2.7.3/share/hadoop/mapreduce/sources/hadoop-mapreduce-client-hs-plugins-2.7.3-sources.jar for tasks to queue
[2022-10-25T14:31:42.555+0000] {logging_mixin.py:117} INFO - [2022-10-25T14:31:42.554+0000] {dagbag.py:525} INFO - Filling up the DagBag from /opt/airflow/dags/hadoop-2.7.3/share/hadoop/mapreduce/sources/hadoop-mapreduce-client-hs-plugins-2.7.3-sources.jar
[2022-10-25T14:31:42.564+0000] {processor.py:770} WARNING - No viable dags retrieved from /opt/airflow/dags/hadoop-2.7.3/share/hadoop/mapreduce/sources/hadoop-mapreduce-client-hs-plugins-2.7.3-sources.jar
[2022-10-25T14:31:42.611+0000] {processor.py:178} INFO - Processing /opt/airflow/dags/hadoop-2.7.3/share/hadoop/mapreduce/sources/hadoop-mapreduce-client-hs-plugins-2.7.3-sources.jar took 0.088 seconds
[2022-10-25T14:31:42.659+0000] {processor.py:156} INFO - Started process (PID=28067) to work on /opt/airflow/dags/hadoop-2.7.3/share/hadoop/mapreduce/sources/hadoop-mapreduce-client-hs-plugins-2.7.3-sources.jar
[2022-10-25T14:31:42.663+0000] {processor.py:758} INFO - Processing file /opt/airflow/dags/hadoop-2.7.3/share/hadoop/mapreduce/sources/hadoop-mapreduce-client-hs-plugins-2.7.3-sources.jar for tasks to queue
[2022-10-25T14:31:42.666+0000] {logging_mixin.py:117} INFO - [2022-10-25T14:31:42.666+0000] {dagbag.py:525} INFO - Filling up the DagBag from /opt/airflow/dags/hadoop-2.7.3/share/hadoop/mapreduce/sources/hadoop-mapreduce-client-hs-plugins-2.7.3-sources.jar
[2022-10-25T14:31:42.675+0000] {processor.py:770} WARNING - No viable dags retrieved from /opt/airflow/dags/hadoop-2.7.3/share/hadoop/mapreduce/sources/hadoop-mapreduce-client-hs-plugins-2.7.3-sources.jar
[2022-10-25T14:31:42.722+0000] {processor.py:178} INFO - Processing /opt/airflow/dags/hadoop-2.7.3/share/hadoop/mapreduce/sources/hadoop-mapreduce-client-hs-plugins-2.7.3-sources.jar took 0.073 seconds
[2022-10-25T14:32:33.289+0000] {processor.py:156} INFO - Started process (PID=27506) to work on /opt/airflow/dags/hadoop-2.7.3/share/hadoop/mapreduce/sources/hadoop-mapreduce-client-hs-plugins-2.7.3-sources.jar
[2022-10-25T14:32:33.292+0000] {processor.py:758} INFO - Processing file /opt/airflow/dags/hadoop-2.7.3/share/hadoop/mapreduce/sources/hadoop-mapreduce-client-hs-plugins-2.7.3-sources.jar for tasks to queue
[2022-10-25T14:32:33.295+0000] {logging_mixin.py:117} INFO - [2022-10-25T14:32:33.295+0000] {dagbag.py:525} INFO - Filling up the DagBag from /opt/airflow/dags/hadoop-2.7.3/share/hadoop/mapreduce/sources/hadoop-mapreduce-client-hs-plugins-2.7.3-sources.jar
[2022-10-25T14:32:33.303+0000] {processor.py:770} WARNING - No viable dags retrieved from /opt/airflow/dags/hadoop-2.7.3/share/hadoop/mapreduce/sources/hadoop-mapreduce-client-hs-plugins-2.7.3-sources.jar
[2022-10-25T14:32:33.349+0000] {processor.py:178} INFO - Processing /opt/airflow/dags/hadoop-2.7.3/share/hadoop/mapreduce/sources/hadoop-mapreduce-client-hs-plugins-2.7.3-sources.jar took 0.069 seconds
[2022-10-25T14:32:34.223+0000] {processor.py:156} INFO - Started process (PID=28590) to work on /opt/airflow/dags/hadoop-2.7.3/share/hadoop/mapreduce/sources/hadoop-mapreduce-client-hs-plugins-2.7.3-sources.jar
[2022-10-25T14:32:34.226+0000] {processor.py:758} INFO - Processing file /opt/airflow/dags/hadoop-2.7.3/share/hadoop/mapreduce/sources/hadoop-mapreduce-client-hs-plugins-2.7.3-sources.jar for tasks to queue
[2022-10-25T14:32:34.230+0000] {logging_mixin.py:117} INFO - [2022-10-25T14:32:34.230+0000] {dagbag.py:525} INFO - Filling up the DagBag from /opt/airflow/dags/hadoop-2.7.3/share/hadoop/mapreduce/sources/hadoop-mapreduce-client-hs-plugins-2.7.3-sources.jar
[2022-10-25T14:32:34.239+0000] {processor.py:770} WARNING - No viable dags retrieved from /opt/airflow/dags/hadoop-2.7.3/share/hadoop/mapreduce/sources/hadoop-mapreduce-client-hs-plugins-2.7.3-sources.jar
[2022-10-25T14:32:34.283+0000] {processor.py:178} INFO - Processing /opt/airflow/dags/hadoop-2.7.3/share/hadoop/mapreduce/sources/hadoop-mapreduce-client-hs-plugins-2.7.3-sources.jar took 0.071 seconds
[2022-10-25T14:33:30.931+0000] {processor.py:156} INFO - Started process (PID=29185) to work on /opt/airflow/dags/hadoop-2.7.3/share/hadoop/mapreduce/sources/hadoop-mapreduce-client-hs-plugins-2.7.3-sources.jar
[2022-10-25T14:33:30.937+0000] {processor.py:758} INFO - Processing file /opt/airflow/dags/hadoop-2.7.3/share/hadoop/mapreduce/sources/hadoop-mapreduce-client-hs-plugins-2.7.3-sources.jar for tasks to queue
[2022-10-25T14:33:30.921+0000] {logging_mixin.py:117} INFO - [2022-10-25T14:33:30.920+0000] {dagbag.py:525} INFO - Filling up the DagBag from /opt/airflow/dags/hadoop-2.7.3/share/hadoop/mapreduce/sources/hadoop-mapreduce-client-hs-plugins-2.7.3-sources.jar
[2022-10-25T14:33:30.932+0000] {processor.py:770} WARNING - No viable dags retrieved from /opt/airflow/dags/hadoop-2.7.3/share/hadoop/mapreduce/sources/hadoop-mapreduce-client-hs-plugins-2.7.3-sources.jar
[2022-10-25T14:33:30.969+0000] {processor.py:178} INFO - Processing /opt/airflow/dags/hadoop-2.7.3/share/hadoop/mapreduce/sources/hadoop-mapreduce-client-hs-plugins-2.7.3-sources.jar took 0.069 seconds
[2022-10-25T14:33:36.880+0000] {processor.py:156} INFO - Started process (PID=28160) to work on /opt/airflow/dags/hadoop-2.7.3/share/hadoop/mapreduce/sources/hadoop-mapreduce-client-hs-plugins-2.7.3-sources.jar
[2022-10-25T14:33:36.883+0000] {processor.py:758} INFO - Processing file /opt/airflow/dags/hadoop-2.7.3/share/hadoop/mapreduce/sources/hadoop-mapreduce-client-hs-plugins-2.7.3-sources.jar for tasks to queue
[2022-10-25T14:33:36.885+0000] {logging_mixin.py:117} INFO - [2022-10-25T14:33:36.885+0000] {dagbag.py:525} INFO - Filling up the DagBag from /opt/airflow/dags/hadoop-2.7.3/share/hadoop/mapreduce/sources/hadoop-mapreduce-client-hs-plugins-2.7.3-sources.jar
[2022-10-25T14:33:36.890+0000] {processor.py:770} WARNING - No viable dags retrieved from /opt/airflow/dags/hadoop-2.7.3/share/hadoop/mapreduce/sources/hadoop-mapreduce-client-hs-plugins-2.7.3-sources.jar
[2022-10-25T14:33:36.928+0000] {processor.py:178} INFO - Processing /opt/airflow/dags/hadoop-2.7.3/share/hadoop/mapreduce/sources/hadoop-mapreduce-client-hs-plugins-2.7.3-sources.jar took 0.054 seconds
[2022-10-25T14:35:14.088+0000] {processor.py:156} INFO - Started process (PID=29846) to work on /opt/airflow/dags/hadoop-2.7.3/share/hadoop/mapreduce/sources/hadoop-mapreduce-client-hs-plugins-2.7.3-sources.jar
[2022-10-25T14:35:14.091+0000] {processor.py:758} INFO - Processing file /opt/airflow/dags/hadoop-2.7.3/share/hadoop/mapreduce/sources/hadoop-mapreduce-client-hs-plugins-2.7.3-sources.jar for tasks to queue
[2022-10-25T14:35:14.094+0000] {logging_mixin.py:117} INFO - [2022-10-25T14:35:14.094+0000] {dagbag.py:525} INFO - Filling up the DagBag from /opt/airflow/dags/hadoop-2.7.3/share/hadoop/mapreduce/sources/hadoop-mapreduce-client-hs-plugins-2.7.3-sources.jar
[2022-10-25T14:35:14.102+0000] {processor.py:770} WARNING - No viable dags retrieved from /opt/airflow/dags/hadoop-2.7.3/share/hadoop/mapreduce/sources/hadoop-mapreduce-client-hs-plugins-2.7.3-sources.jar
[2022-10-25T14:35:14.146+0000] {processor.py:178} INFO - Processing /opt/airflow/dags/hadoop-2.7.3/share/hadoop/mapreduce/sources/hadoop-mapreduce-client-hs-plugins-2.7.3-sources.jar took 0.071 seconds
[2022-10-25T14:35:23.203+0000] {processor.py:156} INFO - Started process (PID=28787) to work on /opt/airflow/dags/hadoop-2.7.3/share/hadoop/mapreduce/sources/hadoop-mapreduce-client-hs-plugins-2.7.3-sources.jar
[2022-10-25T14:35:23.209+0000] {processor.py:758} INFO - Processing file /opt/airflow/dags/hadoop-2.7.3/share/hadoop/mapreduce/sources/hadoop-mapreduce-client-hs-plugins-2.7.3-sources.jar for tasks to queue
[2022-10-25T14:35:23.212+0000] {logging_mixin.py:117} INFO - [2022-10-25T14:35:23.211+0000] {dagbag.py:525} INFO - Filling up the DagBag from /opt/airflow/dags/hadoop-2.7.3/share/hadoop/mapreduce/sources/hadoop-mapreduce-client-hs-plugins-2.7.3-sources.jar
[2022-10-25T14:35:23.220+0000] {processor.py:770} WARNING - No viable dags retrieved from /opt/airflow/dags/hadoop-2.7.3/share/hadoop/mapreduce/sources/hadoop-mapreduce-client-hs-plugins-2.7.3-sources.jar
[2022-10-25T14:35:23.259+0000] {processor.py:178} INFO - Processing /opt/airflow/dags/hadoop-2.7.3/share/hadoop/mapreduce/sources/hadoop-mapreduce-client-hs-plugins-2.7.3-sources.jar took 0.078 seconds
[2022-10-25T14:36:01.073+0000] {processor.py:156} INFO - Started process (PID=30367) to work on /opt/airflow/dags/hadoop-2.7.3/share/hadoop/mapreduce/sources/hadoop-mapreduce-client-hs-plugins-2.7.3-sources.jar
[2022-10-25T14:36:01.076+0000] {processor.py:758} INFO - Processing file /opt/airflow/dags/hadoop-2.7.3/share/hadoop/mapreduce/sources/hadoop-mapreduce-client-hs-plugins-2.7.3-sources.jar for tasks to queue
[2022-10-25T14:36:01.079+0000] {logging_mixin.py:117} INFO - [2022-10-25T14:36:01.079+0000] {dagbag.py:525} INFO - Filling up the DagBag from /opt/airflow/dags/hadoop-2.7.3/share/hadoop/mapreduce/sources/hadoop-mapreduce-client-hs-plugins-2.7.3-sources.jar
[2022-10-25T14:36:01.085+0000] {processor.py:770} WARNING - No viable dags retrieved from /opt/airflow/dags/hadoop-2.7.3/share/hadoop/mapreduce/sources/hadoop-mapreduce-client-hs-plugins-2.7.3-sources.jar
[2022-10-25T14:36:01.118+0000] {processor.py:178} INFO - Processing /opt/airflow/dags/hadoop-2.7.3/share/hadoop/mapreduce/sources/hadoop-mapreduce-client-hs-plugins-2.7.3-sources.jar took 0.054 seconds
[2022-10-25T14:36:14.110+0000] {processor.py:156} INFO - Started process (PID=29301) to work on /opt/airflow/dags/hadoop-2.7.3/share/hadoop/mapreduce/sources/hadoop-mapreduce-client-hs-plugins-2.7.3-sources.jar
[2022-10-25T14:36:14.114+0000] {processor.py:758} INFO - Processing file /opt/airflow/dags/hadoop-2.7.3/share/hadoop/mapreduce/sources/hadoop-mapreduce-client-hs-plugins-2.7.3-sources.jar for tasks to queue
[2022-10-25T14:36:14.118+0000] {logging_mixin.py:117} INFO - [2022-10-25T14:36:14.117+0000] {dagbag.py:525} INFO - Filling up the DagBag from /opt/airflow/dags/hadoop-2.7.3/share/hadoop/mapreduce/sources/hadoop-mapreduce-client-hs-plugins-2.7.3-sources.jar
[2022-10-25T14:36:14.127+0000] {processor.py:770} WARNING - No viable dags retrieved from /opt/airflow/dags/hadoop-2.7.3/share/hadoop/mapreduce/sources/hadoop-mapreduce-client-hs-plugins-2.7.3-sources.jar
[2022-10-25T14:36:14.172+0000] {processor.py:178} INFO - Processing /opt/airflow/dags/hadoop-2.7.3/share/hadoop/mapreduce/sources/hadoop-mapreduce-client-hs-plugins-2.7.3-sources.jar took 0.074 seconds
[2022-10-25T14:36:50.952+0000] {processor.py:156} INFO - Started process (PID=30917) to work on /opt/airflow/dags/hadoop-2.7.3/share/hadoop/mapreduce/sources/hadoop-mapreduce-client-hs-plugins-2.7.3-sources.jar
[2022-10-25T14:36:50.957+0000] {processor.py:758} INFO - Processing file /opt/airflow/dags/hadoop-2.7.3/share/hadoop/mapreduce/sources/hadoop-mapreduce-client-hs-plugins-2.7.3-sources.jar for tasks to queue
[2022-10-25T14:36:50.960+0000] {logging_mixin.py:117} INFO - [2022-10-25T14:36:50.960+0000] {dagbag.py:525} INFO - Filling up the DagBag from /opt/airflow/dags/hadoop-2.7.3/share/hadoop/mapreduce/sources/hadoop-mapreduce-client-hs-plugins-2.7.3-sources.jar
[2022-10-25T14:36:50.971+0000] {processor.py:770} WARNING - No viable dags retrieved from /opt/airflow/dags/hadoop-2.7.3/share/hadoop/mapreduce/sources/hadoop-mapreduce-client-hs-plugins-2.7.3-sources.jar
[2022-10-25T14:36:51.022+0000] {processor.py:178} INFO - Processing /opt/airflow/dags/hadoop-2.7.3/share/hadoop/mapreduce/sources/hadoop-mapreduce-client-hs-plugins-2.7.3-sources.jar took 0.083 seconds
[2022-10-25T14:37:17.829+0000] {processor.py:156} INFO - Started process (PID=29935) to work on /opt/airflow/dags/hadoop-2.7.3/share/hadoop/mapreduce/sources/hadoop-mapreduce-client-hs-plugins-2.7.3-sources.jar
[2022-10-25T14:37:17.840+0000] {processor.py:758} INFO - Processing file /opt/airflow/dags/hadoop-2.7.3/share/hadoop/mapreduce/sources/hadoop-mapreduce-client-hs-plugins-2.7.3-sources.jar for tasks to queue
[2022-10-25T14:37:17.845+0000] {logging_mixin.py:117} INFO - [2022-10-25T14:37:17.845+0000] {dagbag.py:525} INFO - Filling up the DagBag from /opt/airflow/dags/hadoop-2.7.3/share/hadoop/mapreduce/sources/hadoop-mapreduce-client-hs-plugins-2.7.3-sources.jar
[2022-10-25T14:37:17.862+0000] {processor.py:770} WARNING - No viable dags retrieved from /opt/airflow/dags/hadoop-2.7.3/share/hadoop/mapreduce/sources/hadoop-mapreduce-client-hs-plugins-2.7.3-sources.jar
[2022-10-25T14:37:17.934+0000] {processor.py:178} INFO - Processing /opt/airflow/dags/hadoop-2.7.3/share/hadoop/mapreduce/sources/hadoop-mapreduce-client-hs-plugins-2.7.3-sources.jar took 0.118 seconds
[2022-10-25T14:37:39.600+0000] {processor.py:156} INFO - Started process (PID=31461) to work on /opt/airflow/dags/hadoop-2.7.3/share/hadoop/mapreduce/sources/hadoop-mapreduce-client-hs-plugins-2.7.3-sources.jar
[2022-10-25T14:37:39.603+0000] {processor.py:758} INFO - Processing file /opt/airflow/dags/hadoop-2.7.3/share/hadoop/mapreduce/sources/hadoop-mapreduce-client-hs-plugins-2.7.3-sources.jar for tasks to queue
[2022-10-25T14:37:39.606+0000] {logging_mixin.py:117} INFO - [2022-10-25T14:37:39.606+0000] {dagbag.py:525} INFO - Filling up the DagBag from /opt/airflow/dags/hadoop-2.7.3/share/hadoop/mapreduce/sources/hadoop-mapreduce-client-hs-plugins-2.7.3-sources.jar
[2022-10-25T14:37:39.613+0000] {processor.py:770} WARNING - No viable dags retrieved from /opt/airflow/dags/hadoop-2.7.3/share/hadoop/mapreduce/sources/hadoop-mapreduce-client-hs-plugins-2.7.3-sources.jar
[2022-10-25T14:37:39.661+0000] {processor.py:178} INFO - Processing /opt/airflow/dags/hadoop-2.7.3/share/hadoop/mapreduce/sources/hadoop-mapreduce-client-hs-plugins-2.7.3-sources.jar took 0.068 seconds
[2022-10-25T14:38:15.799+0000] {processor.py:156} INFO - Started process (PID=30543) to work on /opt/airflow/dags/hadoop-2.7.3/share/hadoop/mapreduce/sources/hadoop-mapreduce-client-hs-plugins-2.7.3-sources.jar
[2022-10-25T14:38:15.803+0000] {processor.py:758} INFO - Processing file /opt/airflow/dags/hadoop-2.7.3/share/hadoop/mapreduce/sources/hadoop-mapreduce-client-hs-plugins-2.7.3-sources.jar for tasks to queue
[2022-10-25T14:38:15.806+0000] {logging_mixin.py:117} INFO - [2022-10-25T14:38:15.805+0000] {dagbag.py:525} INFO - Filling up the DagBag from /opt/airflow/dags/hadoop-2.7.3/share/hadoop/mapreduce/sources/hadoop-mapreduce-client-hs-plugins-2.7.3-sources.jar
[2022-10-25T14:38:15.813+0000] {processor.py:770} WARNING - No viable dags retrieved from /opt/airflow/dags/hadoop-2.7.3/share/hadoop/mapreduce/sources/hadoop-mapreduce-client-hs-plugins-2.7.3-sources.jar
[2022-10-25T14:38:15.857+0000] {processor.py:178} INFO - Processing /opt/airflow/dags/hadoop-2.7.3/share/hadoop/mapreduce/sources/hadoop-mapreduce-client-hs-plugins-2.7.3-sources.jar took 0.065 seconds
[2022-10-25T14:38:32.130+0000] {processor.py:156} INFO - Started process (PID=32032) to work on /opt/airflow/dags/hadoop-2.7.3/share/hadoop/mapreduce/sources/hadoop-mapreduce-client-hs-plugins-2.7.3-sources.jar
[2022-10-25T14:38:32.133+0000] {processor.py:758} INFO - Processing file /opt/airflow/dags/hadoop-2.7.3/share/hadoop/mapreduce/sources/hadoop-mapreduce-client-hs-plugins-2.7.3-sources.jar for tasks to queue
[2022-10-25T14:38:32.135+0000] {logging_mixin.py:117} INFO - [2022-10-25T14:38:32.135+0000] {dagbag.py:525} INFO - Filling up the DagBag from /opt/airflow/dags/hadoop-2.7.3/share/hadoop/mapreduce/sources/hadoop-mapreduce-client-hs-plugins-2.7.3-sources.jar
[2022-10-25T14:38:32.143+0000] {processor.py:770} WARNING - No viable dags retrieved from /opt/airflow/dags/hadoop-2.7.3/share/hadoop/mapreduce/sources/hadoop-mapreduce-client-hs-plugins-2.7.3-sources.jar
[2022-10-25T14:38:32.198+0000] {processor.py:178} INFO - Processing /opt/airflow/dags/hadoop-2.7.3/share/hadoop/mapreduce/sources/hadoop-mapreduce-client-hs-plugins-2.7.3-sources.jar took 0.078 seconds
[2022-10-25T14:39:56.396+0000] {processor.py:156} INFO - Started process (PID=31168) to work on /opt/airflow/dags/hadoop-2.7.3/share/hadoop/mapreduce/sources/hadoop-mapreduce-client-hs-plugins-2.7.3-sources.jar
[2022-10-25T14:39:56.401+0000] {processor.py:758} INFO - Processing file /opt/airflow/dags/hadoop-2.7.3/share/hadoop/mapreduce/sources/hadoop-mapreduce-client-hs-plugins-2.7.3-sources.jar for tasks to queue
[2022-10-25T14:39:56.405+0000] {logging_mixin.py:117} INFO - [2022-10-25T14:39:56.405+0000] {dagbag.py:525} INFO - Filling up the DagBag from /opt/airflow/dags/hadoop-2.7.3/share/hadoop/mapreduce/sources/hadoop-mapreduce-client-hs-plugins-2.7.3-sources.jar
[2022-10-25T14:39:56.415+0000] {processor.py:770} WARNING - No viable dags retrieved from /opt/airflow/dags/hadoop-2.7.3/share/hadoop/mapreduce/sources/hadoop-mapreduce-client-hs-plugins-2.7.3-sources.jar
[2022-10-25T14:39:56.463+0000] {processor.py:178} INFO - Processing /opt/airflow/dags/hadoop-2.7.3/share/hadoop/mapreduce/sources/hadoop-mapreduce-client-hs-plugins-2.7.3-sources.jar took 0.076 seconds
[2022-10-25T14:40:01.490+0000] {processor.py:156} INFO - Started process (PID=32596) to work on /opt/airflow/dags/hadoop-2.7.3/share/hadoop/mapreduce/sources/hadoop-mapreduce-client-hs-plugins-2.7.3-sources.jar
[2022-10-25T14:40:01.495+0000] {processor.py:758} INFO - Processing file /opt/airflow/dags/hadoop-2.7.3/share/hadoop/mapreduce/sources/hadoop-mapreduce-client-hs-plugins-2.7.3-sources.jar for tasks to queue
[2022-10-25T14:40:01.498+0000] {logging_mixin.py:117} INFO - [2022-10-25T14:40:01.498+0000] {dagbag.py:525} INFO - Filling up the DagBag from /opt/airflow/dags/hadoop-2.7.3/share/hadoop/mapreduce/sources/hadoop-mapreduce-client-hs-plugins-2.7.3-sources.jar
[2022-10-25T14:40:01.508+0000] {processor.py:770} WARNING - No viable dags retrieved from /opt/airflow/dags/hadoop-2.7.3/share/hadoop/mapreduce/sources/hadoop-mapreduce-client-hs-plugins-2.7.3-sources.jar
[2022-10-25T14:40:01.573+0000] {processor.py:178} INFO - Processing /opt/airflow/dags/hadoop-2.7.3/share/hadoop/mapreduce/sources/hadoop-mapreduce-client-hs-plugins-2.7.3-sources.jar took 0.094 seconds
[2022-10-25T14:40:47.602+0000] {processor.py:156} INFO - Started process (PID=31702) to work on /opt/airflow/dags/hadoop-2.7.3/share/hadoop/mapreduce/sources/hadoop-mapreduce-client-hs-plugins-2.7.3-sources.jar
[2022-10-25T14:40:47.605+0000] {processor.py:758} INFO - Processing file /opt/airflow/dags/hadoop-2.7.3/share/hadoop/mapreduce/sources/hadoop-mapreduce-client-hs-plugins-2.7.3-sources.jar for tasks to queue
[2022-10-25T14:40:47.608+0000] {logging_mixin.py:117} INFO - [2022-10-25T14:40:47.607+0000] {dagbag.py:525} INFO - Filling up the DagBag from /opt/airflow/dags/hadoop-2.7.3/share/hadoop/mapreduce/sources/hadoop-mapreduce-client-hs-plugins-2.7.3-sources.jar
[2022-10-25T14:40:47.623+0000] {processor.py:770} WARNING - No viable dags retrieved from /opt/airflow/dags/hadoop-2.7.3/share/hadoop/mapreduce/sources/hadoop-mapreduce-client-hs-plugins-2.7.3-sources.jar
[2022-10-25T14:40:47.688+0000] {processor.py:178} INFO - Processing /opt/airflow/dags/hadoop-2.7.3/share/hadoop/mapreduce/sources/hadoop-mapreduce-client-hs-plugins-2.7.3-sources.jar took 0.096 seconds
[2022-10-25T14:41:03.926+0000] {processor.py:156} INFO - Started process (PID=33246) to work on /opt/airflow/dags/hadoop-2.7.3/share/hadoop/mapreduce/sources/hadoop-mapreduce-client-hs-plugins-2.7.3-sources.jar
[2022-10-25T14:41:03.935+0000] {processor.py:758} INFO - Processing file /opt/airflow/dags/hadoop-2.7.3/share/hadoop/mapreduce/sources/hadoop-mapreduce-client-hs-plugins-2.7.3-sources.jar for tasks to queue
[2022-10-25T14:41:03.940+0000] {logging_mixin.py:117} INFO - [2022-10-25T14:41:03.940+0000] {dagbag.py:525} INFO - Filling up the DagBag from /opt/airflow/dags/hadoop-2.7.3/share/hadoop/mapreduce/sources/hadoop-mapreduce-client-hs-plugins-2.7.3-sources.jar
[2022-10-25T14:41:03.956+0000] {processor.py:770} WARNING - No viable dags retrieved from /opt/airflow/dags/hadoop-2.7.3/share/hadoop/mapreduce/sources/hadoop-mapreduce-client-hs-plugins-2.7.3-sources.jar
[2022-10-25T14:41:03.994+0000] {processor.py:178} INFO - Processing /opt/airflow/dags/hadoop-2.7.3/share/hadoop/mapreduce/sources/hadoop-mapreduce-client-hs-plugins-2.7.3-sources.jar took 0.079 seconds
[2022-10-25T14:41:41.869+0000] {processor.py:156} INFO - Started process (PID=32289) to work on /opt/airflow/dags/hadoop-2.7.3/share/hadoop/mapreduce/sources/hadoop-mapreduce-client-hs-plugins-2.7.3-sources.jar
[2022-10-25T14:41:41.873+0000] {processor.py:758} INFO - Processing file /opt/airflow/dags/hadoop-2.7.3/share/hadoop/mapreduce/sources/hadoop-mapreduce-client-hs-plugins-2.7.3-sources.jar for tasks to queue
[2022-10-25T14:41:41.882+0000] {logging_mixin.py:117} INFO - [2022-10-25T14:41:41.882+0000] {dagbag.py:525} INFO - Filling up the DagBag from /opt/airflow/dags/hadoop-2.7.3/share/hadoop/mapreduce/sources/hadoop-mapreduce-client-hs-plugins-2.7.3-sources.jar
[2022-10-25T14:41:41.889+0000] {processor.py:770} WARNING - No viable dags retrieved from /opt/airflow/dags/hadoop-2.7.3/share/hadoop/mapreduce/sources/hadoop-mapreduce-client-hs-plugins-2.7.3-sources.jar
[2022-10-25T14:41:41.939+0000] {processor.py:178} INFO - Processing /opt/airflow/dags/hadoop-2.7.3/share/hadoop/mapreduce/sources/hadoop-mapreduce-client-hs-plugins-2.7.3-sources.jar took 0.078 seconds
[2022-10-25T14:42:09.626+0000] {processor.py:156} INFO - Started process (PID=33919) to work on /opt/airflow/dags/hadoop-2.7.3/share/hadoop/mapreduce/sources/hadoop-mapreduce-client-hs-plugins-2.7.3-sources.jar
[2022-10-25T14:42:09.630+0000] {processor.py:758} INFO - Processing file /opt/airflow/dags/hadoop-2.7.3/share/hadoop/mapreduce/sources/hadoop-mapreduce-client-hs-plugins-2.7.3-sources.jar for tasks to queue
[2022-10-25T14:42:09.633+0000] {logging_mixin.py:117} INFO - [2022-10-25T14:42:09.632+0000] {dagbag.py:525} INFO - Filling up the DagBag from /opt/airflow/dags/hadoop-2.7.3/share/hadoop/mapreduce/sources/hadoop-mapreduce-client-hs-plugins-2.7.3-sources.jar
[2022-10-25T14:42:09.640+0000] {processor.py:770} WARNING - No viable dags retrieved from /opt/airflow/dags/hadoop-2.7.3/share/hadoop/mapreduce/sources/hadoop-mapreduce-client-hs-plugins-2.7.3-sources.jar
[2022-10-25T14:42:09.684+0000] {processor.py:178} INFO - Processing /opt/airflow/dags/hadoop-2.7.3/share/hadoop/mapreduce/sources/hadoop-mapreduce-client-hs-plugins-2.7.3-sources.jar took 0.068 seconds
[2022-10-25T14:42:38.882+0000] {processor.py:156} INFO - Started process (PID=32870) to work on /opt/airflow/dags/hadoop-2.7.3/share/hadoop/mapreduce/sources/hadoop-mapreduce-client-hs-plugins-2.7.3-sources.jar
[2022-10-25T14:42:38.884+0000] {processor.py:758} INFO - Processing file /opt/airflow/dags/hadoop-2.7.3/share/hadoop/mapreduce/sources/hadoop-mapreduce-client-hs-plugins-2.7.3-sources.jar for tasks to queue
[2022-10-25T14:42:38.887+0000] {logging_mixin.py:117} INFO - [2022-10-25T14:42:38.887+0000] {dagbag.py:525} INFO - Filling up the DagBag from /opt/airflow/dags/hadoop-2.7.3/share/hadoop/mapreduce/sources/hadoop-mapreduce-client-hs-plugins-2.7.3-sources.jar
[2022-10-25T14:42:38.895+0000] {processor.py:770} WARNING - No viable dags retrieved from /opt/airflow/dags/hadoop-2.7.3/share/hadoop/mapreduce/sources/hadoop-mapreduce-client-hs-plugins-2.7.3-sources.jar
[2022-10-25T14:42:38.941+0000] {processor.py:178} INFO - Processing /opt/airflow/dags/hadoop-2.7.3/share/hadoop/mapreduce/sources/hadoop-mapreduce-client-hs-plugins-2.7.3-sources.jar took 0.074 seconds
[2022-10-25T14:43:00.616+0000] {processor.py:156} INFO - Started process (PID=34480) to work on /opt/airflow/dags/hadoop-2.7.3/share/hadoop/mapreduce/sources/hadoop-mapreduce-client-hs-plugins-2.7.3-sources.jar
[2022-10-25T14:43:00.626+0000] {processor.py:758} INFO - Processing file /opt/airflow/dags/hadoop-2.7.3/share/hadoop/mapreduce/sources/hadoop-mapreduce-client-hs-plugins-2.7.3-sources.jar for tasks to queue
[2022-10-25T14:43:00.629+0000] {logging_mixin.py:117} INFO - [2022-10-25T14:43:00.628+0000] {dagbag.py:525} INFO - Filling up the DagBag from /opt/airflow/dags/hadoop-2.7.3/share/hadoop/mapreduce/sources/hadoop-mapreduce-client-hs-plugins-2.7.3-sources.jar
[2022-10-25T14:43:00.636+0000] {processor.py:770} WARNING - No viable dags retrieved from /opt/airflow/dags/hadoop-2.7.3/share/hadoop/mapreduce/sources/hadoop-mapreduce-client-hs-plugins-2.7.3-sources.jar
[2022-10-25T14:43:00.671+0000] {processor.py:178} INFO - Processing /opt/airflow/dags/hadoop-2.7.3/share/hadoop/mapreduce/sources/hadoop-mapreduce-client-hs-plugins-2.7.3-sources.jar took 0.070 seconds
[2022-10-25T14:43:39.260+0000] {processor.py:156} INFO - Started process (PID=33488) to work on /opt/airflow/dags/hadoop-2.7.3/share/hadoop/mapreduce/sources/hadoop-mapreduce-client-hs-plugins-2.7.3-sources.jar
[2022-10-25T14:43:39.263+0000] {processor.py:758} INFO - Processing file /opt/airflow/dags/hadoop-2.7.3/share/hadoop/mapreduce/sources/hadoop-mapreduce-client-hs-plugins-2.7.3-sources.jar for tasks to queue
[2022-10-25T14:43:39.265+0000] {logging_mixin.py:117} INFO - [2022-10-25T14:43:39.265+0000] {dagbag.py:525} INFO - Filling up the DagBag from /opt/airflow/dags/hadoop-2.7.3/share/hadoop/mapreduce/sources/hadoop-mapreduce-client-hs-plugins-2.7.3-sources.jar
[2022-10-25T14:43:39.273+0000] {processor.py:770} WARNING - No viable dags retrieved from /opt/airflow/dags/hadoop-2.7.3/share/hadoop/mapreduce/sources/hadoop-mapreduce-client-hs-plugins-2.7.3-sources.jar
[2022-10-25T14:43:39.316+0000] {processor.py:178} INFO - Processing /opt/airflow/dags/hadoop-2.7.3/share/hadoop/mapreduce/sources/hadoop-mapreduce-client-hs-plugins-2.7.3-sources.jar took 0.066 seconds
[2022-10-25T14:43:48.922+0000] {processor.py:156} INFO - Started process (PID=35025) to work on /opt/airflow/dags/hadoop-2.7.3/share/hadoop/mapreduce/sources/hadoop-mapreduce-client-hs-plugins-2.7.3-sources.jar
[2022-10-25T14:43:48.925+0000] {processor.py:758} INFO - Processing file /opt/airflow/dags/hadoop-2.7.3/share/hadoop/mapreduce/sources/hadoop-mapreduce-client-hs-plugins-2.7.3-sources.jar for tasks to queue
[2022-10-25T14:43:48.928+0000] {logging_mixin.py:117} INFO - [2022-10-25T14:43:48.928+0000] {dagbag.py:525} INFO - Filling up the DagBag from /opt/airflow/dags/hadoop-2.7.3/share/hadoop/mapreduce/sources/hadoop-mapreduce-client-hs-plugins-2.7.3-sources.jar
[2022-10-25T14:43:48.935+0000] {processor.py:770} WARNING - No viable dags retrieved from /opt/airflow/dags/hadoop-2.7.3/share/hadoop/mapreduce/sources/hadoop-mapreduce-client-hs-plugins-2.7.3-sources.jar
[2022-10-25T14:43:48.983+0000] {processor.py:178} INFO - Processing /opt/airflow/dags/hadoop-2.7.3/share/hadoop/mapreduce/sources/hadoop-mapreduce-client-hs-plugins-2.7.3-sources.jar took 0.070 seconds
[2022-10-25T15:03:45.180+0000] {processor.py:156} INFO - Started process (PID=34165) to work on /opt/airflow/dags/hadoop-2.7.3/share/hadoop/mapreduce/sources/hadoop-mapreduce-client-hs-plugins-2.7.3-sources.jar
[2022-10-25T15:03:45.184+0000] {processor.py:758} INFO - Processing file /opt/airflow/dags/hadoop-2.7.3/share/hadoop/mapreduce/sources/hadoop-mapreduce-client-hs-plugins-2.7.3-sources.jar for tasks to queue
[2022-10-25T15:03:45.186+0000] {logging_mixin.py:117} INFO - [2022-10-25T15:03:45.185+0000] {dagbag.py:525} INFO - Filling up the DagBag from /opt/airflow/dags/hadoop-2.7.3/share/hadoop/mapreduce/sources/hadoop-mapreduce-client-hs-plugins-2.7.3-sources.jar
[2022-10-25T15:03:45.192+0000] {processor.py:770} WARNING - No viable dags retrieved from /opt/airflow/dags/hadoop-2.7.3/share/hadoop/mapreduce/sources/hadoop-mapreduce-client-hs-plugins-2.7.3-sources.jar
[2022-10-25T15:03:45.228+0000] {processor.py:178} INFO - Processing /opt/airflow/dags/hadoop-2.7.3/share/hadoop/mapreduce/sources/hadoop-mapreduce-client-hs-plugins-2.7.3-sources.jar took 0.056 seconds
[2022-10-25T15:04:02.540+0000] {processor.py:156} INFO - Started process (PID=35837) to work on /opt/airflow/dags/hadoop-2.7.3/share/hadoop/mapreduce/sources/hadoop-mapreduce-client-hs-plugins-2.7.3-sources.jar
[2022-10-25T15:04:02.543+0000] {processor.py:758} INFO - Processing file /opt/airflow/dags/hadoop-2.7.3/share/hadoop/mapreduce/sources/hadoop-mapreduce-client-hs-plugins-2.7.3-sources.jar for tasks to queue
[2022-10-25T15:04:02.546+0000] {logging_mixin.py:117} INFO - [2022-10-25T15:04:02.545+0000] {dagbag.py:525} INFO - Filling up the DagBag from /opt/airflow/dags/hadoop-2.7.3/share/hadoop/mapreduce/sources/hadoop-mapreduce-client-hs-plugins-2.7.3-sources.jar
[2022-10-25T15:04:02.553+0000] {processor.py:770} WARNING - No viable dags retrieved from /opt/airflow/dags/hadoop-2.7.3/share/hadoop/mapreduce/sources/hadoop-mapreduce-client-hs-plugins-2.7.3-sources.jar
[2022-10-25T15:04:02.602+0000] {processor.py:178} INFO - Processing /opt/airflow/dags/hadoop-2.7.3/share/hadoop/mapreduce/sources/hadoop-mapreduce-client-hs-plugins-2.7.3-sources.jar took 0.070 seconds
[2022-10-25T15:05:20.846+0000] {processor.py:156} INFO - Started process (PID=34713) to work on /opt/airflow/dags/hadoop-2.7.3/share/hadoop/mapreduce/sources/hadoop-mapreduce-client-hs-plugins-2.7.3-sources.jar
[2022-10-25T15:05:20.849+0000] {processor.py:758} INFO - Processing file /opt/airflow/dags/hadoop-2.7.3/share/hadoop/mapreduce/sources/hadoop-mapreduce-client-hs-plugins-2.7.3-sources.jar for tasks to queue
[2022-10-25T15:05:20.851+0000] {logging_mixin.py:117} INFO - [2022-10-25T15:05:20.851+0000] {dagbag.py:525} INFO - Filling up the DagBag from /opt/airflow/dags/hadoop-2.7.3/share/hadoop/mapreduce/sources/hadoop-mapreduce-client-hs-plugins-2.7.3-sources.jar
[2022-10-25T15:05:20.863+0000] {processor.py:770} WARNING - No viable dags retrieved from /opt/airflow/dags/hadoop-2.7.3/share/hadoop/mapreduce/sources/hadoop-mapreduce-client-hs-plugins-2.7.3-sources.jar
[2022-10-25T15:05:20.918+0000] {processor.py:178} INFO - Processing /opt/airflow/dags/hadoop-2.7.3/share/hadoop/mapreduce/sources/hadoop-mapreduce-client-hs-plugins-2.7.3-sources.jar took 0.081 seconds
[2022-10-25T15:05:32.343+0000] {processor.py:156} INFO - Started process (PID=36386) to work on /opt/airflow/dags/hadoop-2.7.3/share/hadoop/mapreduce/sources/hadoop-mapreduce-client-hs-plugins-2.7.3-sources.jar
[2022-10-25T15:05:32.346+0000] {processor.py:758} INFO - Processing file /opt/airflow/dags/hadoop-2.7.3/share/hadoop/mapreduce/sources/hadoop-mapreduce-client-hs-plugins-2.7.3-sources.jar for tasks to queue
[2022-10-25T15:05:32.351+0000] {logging_mixin.py:117} INFO - [2022-10-25T15:05:32.351+0000] {dagbag.py:525} INFO - Filling up the DagBag from /opt/airflow/dags/hadoop-2.7.3/share/hadoop/mapreduce/sources/hadoop-mapreduce-client-hs-plugins-2.7.3-sources.jar
[2022-10-25T15:05:32.360+0000] {processor.py:770} WARNING - No viable dags retrieved from /opt/airflow/dags/hadoop-2.7.3/share/hadoop/mapreduce/sources/hadoop-mapreduce-client-hs-plugins-2.7.3-sources.jar
[2022-10-25T15:05:32.403+0000] {processor.py:178} INFO - Processing /opt/airflow/dags/hadoop-2.7.3/share/hadoop/mapreduce/sources/hadoop-mapreduce-client-hs-plugins-2.7.3-sources.jar took 0.069 seconds
[2022-10-25T15:06:12.979+0000] {processor.py:156} INFO - Started process (PID=35228) to work on /opt/airflow/dags/hadoop-2.7.3/share/hadoop/mapreduce/sources/hadoop-mapreduce-client-hs-plugins-2.7.3-sources.jar
[2022-10-25T15:06:12.987+0000] {processor.py:758} INFO - Processing file /opt/airflow/dags/hadoop-2.7.3/share/hadoop/mapreduce/sources/hadoop-mapreduce-client-hs-plugins-2.7.3-sources.jar for tasks to queue
[2022-10-25T15:06:12.991+0000] {logging_mixin.py:117} INFO - [2022-10-25T15:06:12.990+0000] {dagbag.py:525} INFO - Filling up the DagBag from /opt/airflow/dags/hadoop-2.7.3/share/hadoop/mapreduce/sources/hadoop-mapreduce-client-hs-plugins-2.7.3-sources.jar
[2022-10-25T15:06:13.008+0000] {processor.py:770} WARNING - No viable dags retrieved from /opt/airflow/dags/hadoop-2.7.3/share/hadoop/mapreduce/sources/hadoop-mapreduce-client-hs-plugins-2.7.3-sources.jar
[2022-10-25T15:06:13.056+0000] {processor.py:178} INFO - Processing /opt/airflow/dags/hadoop-2.7.3/share/hadoop/mapreduce/sources/hadoop-mapreduce-client-hs-plugins-2.7.3-sources.jar took 0.083 seconds
[2022-10-25T15:06:20.922+0000] {processor.py:156} INFO - Started process (PID=36907) to work on /opt/airflow/dags/hadoop-2.7.3/share/hadoop/mapreduce/sources/hadoop-mapreduce-client-hs-plugins-2.7.3-sources.jar
[2022-10-25T15:06:20.925+0000] {processor.py:758} INFO - Processing file /opt/airflow/dags/hadoop-2.7.3/share/hadoop/mapreduce/sources/hadoop-mapreduce-client-hs-plugins-2.7.3-sources.jar for tasks to queue
[2022-10-25T15:06:20.928+0000] {logging_mixin.py:117} INFO - [2022-10-25T15:06:20.927+0000] {dagbag.py:525} INFO - Filling up the DagBag from /opt/airflow/dags/hadoop-2.7.3/share/hadoop/mapreduce/sources/hadoop-mapreduce-client-hs-plugins-2.7.3-sources.jar
[2022-10-25T15:06:20.934+0000] {processor.py:770} WARNING - No viable dags retrieved from /opt/airflow/dags/hadoop-2.7.3/share/hadoop/mapreduce/sources/hadoop-mapreduce-client-hs-plugins-2.7.3-sources.jar
[2022-10-25T15:06:20.993+0000] {processor.py:178} INFO - Processing /opt/airflow/dags/hadoop-2.7.3/share/hadoop/mapreduce/sources/hadoop-mapreduce-client-hs-plugins-2.7.3-sources.jar took 0.079 seconds
