[2022-10-25T00:37:44.872+0000] {processor.py:156} INFO - Started process (PID=4337) to work on /opt/airflow/dags/hadoop-2.7.3/share/hadoop/httpfs/tomcat/lib/annotations-api.jar
[2022-10-25T00:37:44.877+0000] {processor.py:758} INFO - Processing file /opt/airflow/dags/hadoop-2.7.3/share/hadoop/httpfs/tomcat/lib/annotations-api.jar for tasks to queue
[2022-10-25T00:37:44.880+0000] {logging_mixin.py:117} INFO - [2022-10-25T00:37:44.880+0000] {dagbag.py:525} INFO - Filling up the DagBag from /opt/airflow/dags/hadoop-2.7.3/share/hadoop/httpfs/tomcat/lib/annotations-api.jar
[2022-10-25T00:37:44.887+0000] {processor.py:770} WARNING - No viable dags retrieved from /opt/airflow/dags/hadoop-2.7.3/share/hadoop/httpfs/tomcat/lib/annotations-api.jar
[2022-10-25T00:37:44.916+0000] {processor.py:178} INFO - Processing /opt/airflow/dags/hadoop-2.7.3/share/hadoop/httpfs/tomcat/lib/annotations-api.jar took 0.052 seconds
[2022-10-25T00:38:13.483+0000] {processor.py:156} INFO - Started process (PID=2361) to work on /opt/airflow/dags/hadoop-2.7.3/share/hadoop/httpfs/tomcat/lib/annotations-api.jar
[2022-10-25T00:38:13.487+0000] {processor.py:758} INFO - Processing file /opt/airflow/dags/hadoop-2.7.3/share/hadoop/httpfs/tomcat/lib/annotations-api.jar for tasks to queue
[2022-10-25T00:38:13.492+0000] {logging_mixin.py:117} INFO - [2022-10-25T00:38:13.492+0000] {dagbag.py:525} INFO - Filling up the DagBag from /opt/airflow/dags/hadoop-2.7.3/share/hadoop/httpfs/tomcat/lib/annotations-api.jar
[2022-10-25T00:38:13.498+0000] {processor.py:770} WARNING - No viable dags retrieved from /opt/airflow/dags/hadoop-2.7.3/share/hadoop/httpfs/tomcat/lib/annotations-api.jar
[2022-10-25T00:38:13.532+0000] {processor.py:178} INFO - Processing /opt/airflow/dags/hadoop-2.7.3/share/hadoop/httpfs/tomcat/lib/annotations-api.jar took 0.057 seconds
[2022-10-25T00:38:23.229+0000] {processor.py:156} INFO - Started process (PID=4852) to work on /opt/airflow/dags/hadoop-2.7.3/share/hadoop/httpfs/tomcat/lib/annotations-api.jar
[2022-10-25T00:38:23.232+0000] {processor.py:758} INFO - Processing file /opt/airflow/dags/hadoop-2.7.3/share/hadoop/httpfs/tomcat/lib/annotations-api.jar for tasks to queue
[2022-10-25T00:38:23.234+0000] {logging_mixin.py:117} INFO - [2022-10-25T00:38:23.234+0000] {dagbag.py:525} INFO - Filling up the DagBag from /opt/airflow/dags/hadoop-2.7.3/share/hadoop/httpfs/tomcat/lib/annotations-api.jar
[2022-10-25T00:38:23.240+0000] {processor.py:770} WARNING - No viable dags retrieved from /opt/airflow/dags/hadoop-2.7.3/share/hadoop/httpfs/tomcat/lib/annotations-api.jar
[2022-10-25T00:38:23.286+0000] {processor.py:178} INFO - Processing /opt/airflow/dags/hadoop-2.7.3/share/hadoop/httpfs/tomcat/lib/annotations-api.jar took 0.066 seconds
[2022-10-25T00:38:51.730+0000] {processor.py:156} INFO - Started process (PID=2876) to work on /opt/airflow/dags/hadoop-2.7.3/share/hadoop/httpfs/tomcat/lib/annotations-api.jar
[2022-10-25T00:38:51.737+0000] {processor.py:758} INFO - Processing file /opt/airflow/dags/hadoop-2.7.3/share/hadoop/httpfs/tomcat/lib/annotations-api.jar for tasks to queue
[2022-10-25T00:38:51.742+0000] {logging_mixin.py:117} INFO - [2022-10-25T00:38:51.741+0000] {dagbag.py:525} INFO - Filling up the DagBag from /opt/airflow/dags/hadoop-2.7.3/share/hadoop/httpfs/tomcat/lib/annotations-api.jar
[2022-10-25T00:38:51.748+0000] {processor.py:770} WARNING - No viable dags retrieved from /opt/airflow/dags/hadoop-2.7.3/share/hadoop/httpfs/tomcat/lib/annotations-api.jar
[2022-10-25T00:38:51.785+0000] {processor.py:178} INFO - Processing /opt/airflow/dags/hadoop-2.7.3/share/hadoop/httpfs/tomcat/lib/annotations-api.jar took 0.065 seconds
[2022-10-25T00:39:03.158+0000] {processor.py:156} INFO - Started process (PID=5368) to work on /opt/airflow/dags/hadoop-2.7.3/share/hadoop/httpfs/tomcat/lib/annotations-api.jar
[2022-10-25T00:39:03.162+0000] {processor.py:758} INFO - Processing file /opt/airflow/dags/hadoop-2.7.3/share/hadoop/httpfs/tomcat/lib/annotations-api.jar for tasks to queue
[2022-10-25T00:39:03.165+0000] {logging_mixin.py:117} INFO - [2022-10-25T00:39:03.165+0000] {dagbag.py:525} INFO - Filling up the DagBag from /opt/airflow/dags/hadoop-2.7.3/share/hadoop/httpfs/tomcat/lib/annotations-api.jar
[2022-10-25T00:39:03.175+0000] {processor.py:770} WARNING - No viable dags retrieved from /opt/airflow/dags/hadoop-2.7.3/share/hadoop/httpfs/tomcat/lib/annotations-api.jar
[2022-10-25T00:39:03.247+0000] {processor.py:178} INFO - Processing /opt/airflow/dags/hadoop-2.7.3/share/hadoop/httpfs/tomcat/lib/annotations-api.jar took 0.106 seconds
[2022-10-25T00:39:30.791+0000] {processor.py:156} INFO - Started process (PID=3385) to work on /opt/airflow/dags/hadoop-2.7.3/share/hadoop/httpfs/tomcat/lib/annotations-api.jar
[2022-10-25T00:39:30.793+0000] {processor.py:758} INFO - Processing file /opt/airflow/dags/hadoop-2.7.3/share/hadoop/httpfs/tomcat/lib/annotations-api.jar for tasks to queue
[2022-10-25T00:39:30.801+0000] {logging_mixin.py:117} INFO - [2022-10-25T00:39:30.800+0000] {dagbag.py:525} INFO - Filling up the DagBag from /opt/airflow/dags/hadoop-2.7.3/share/hadoop/httpfs/tomcat/lib/annotations-api.jar
[2022-10-25T00:39:30.808+0000] {processor.py:770} WARNING - No viable dags retrieved from /opt/airflow/dags/hadoop-2.7.3/share/hadoop/httpfs/tomcat/lib/annotations-api.jar
[2022-10-25T00:39:30.842+0000] {processor.py:178} INFO - Processing /opt/airflow/dags/hadoop-2.7.3/share/hadoop/httpfs/tomcat/lib/annotations-api.jar took 0.057 seconds
[2022-10-25T00:52:46.169+0000] {processor.py:156} INFO - Started process (PID=5953) to work on /opt/airflow/dags/hadoop-2.7.3/share/hadoop/httpfs/tomcat/lib/annotations-api.jar
[2022-10-25T00:52:46.171+0000] {processor.py:758} INFO - Processing file /opt/airflow/dags/hadoop-2.7.3/share/hadoop/httpfs/tomcat/lib/annotations-api.jar for tasks to queue
[2022-10-25T00:52:46.174+0000] {logging_mixin.py:117} INFO - [2022-10-25T00:52:46.174+0000] {dagbag.py:525} INFO - Filling up the DagBag from /opt/airflow/dags/hadoop-2.7.3/share/hadoop/httpfs/tomcat/lib/annotations-api.jar
[2022-10-25T00:52:46.181+0000] {processor.py:770} WARNING - No viable dags retrieved from /opt/airflow/dags/hadoop-2.7.3/share/hadoop/httpfs/tomcat/lib/annotations-api.jar
[2022-10-25T00:52:46.237+0000] {processor.py:178} INFO - Processing /opt/airflow/dags/hadoop-2.7.3/share/hadoop/httpfs/tomcat/lib/annotations-api.jar took 0.079 seconds
[2022-10-25T00:53:06.546+0000] {processor.py:156} INFO - Started process (PID=3868) to work on /opt/airflow/dags/hadoop-2.7.3/share/hadoop/httpfs/tomcat/lib/annotations-api.jar
[2022-10-25T00:53:06.550+0000] {processor.py:758} INFO - Processing file /opt/airflow/dags/hadoop-2.7.3/share/hadoop/httpfs/tomcat/lib/annotations-api.jar for tasks to queue
[2022-10-25T00:53:06.558+0000] {logging_mixin.py:117} INFO - [2022-10-25T00:53:06.558+0000] {dagbag.py:525} INFO - Filling up the DagBag from /opt/airflow/dags/hadoop-2.7.3/share/hadoop/httpfs/tomcat/lib/annotations-api.jar
[2022-10-25T00:53:06.567+0000] {processor.py:770} WARNING - No viable dags retrieved from /opt/airflow/dags/hadoop-2.7.3/share/hadoop/httpfs/tomcat/lib/annotations-api.jar
[2022-10-25T00:53:06.626+0000] {processor.py:178} INFO - Processing /opt/airflow/dags/hadoop-2.7.3/share/hadoop/httpfs/tomcat/lib/annotations-api.jar took 0.089 seconds
[2022-10-25T00:53:27.904+0000] {processor.py:156} INFO - Started process (PID=6468) to work on /opt/airflow/dags/hadoop-2.7.3/share/hadoop/httpfs/tomcat/lib/annotations-api.jar
[2022-10-25T00:53:27.910+0000] {processor.py:758} INFO - Processing file /opt/airflow/dags/hadoop-2.7.3/share/hadoop/httpfs/tomcat/lib/annotations-api.jar for tasks to queue
[2022-10-25T00:53:27.919+0000] {logging_mixin.py:117} INFO - [2022-10-25T00:53:27.919+0000] {dagbag.py:525} INFO - Filling up the DagBag from /opt/airflow/dags/hadoop-2.7.3/share/hadoop/httpfs/tomcat/lib/annotations-api.jar
[2022-10-25T00:53:27.946+0000] {processor.py:770} WARNING - No viable dags retrieved from /opt/airflow/dags/hadoop-2.7.3/share/hadoop/httpfs/tomcat/lib/annotations-api.jar
[2022-10-25T00:53:28.164+0000] {processor.py:178} INFO - Processing /opt/airflow/dags/hadoop-2.7.3/share/hadoop/httpfs/tomcat/lib/annotations-api.jar took 0.293 seconds
[2022-10-25T00:53:47.838+0000] {processor.py:156} INFO - Started process (PID=4383) to work on /opt/airflow/dags/hadoop-2.7.3/share/hadoop/httpfs/tomcat/lib/annotations-api.jar
[2022-10-25T00:53:47.841+0000] {processor.py:758} INFO - Processing file /opt/airflow/dags/hadoop-2.7.3/share/hadoop/httpfs/tomcat/lib/annotations-api.jar for tasks to queue
[2022-10-25T00:53:47.846+0000] {logging_mixin.py:117} INFO - [2022-10-25T00:53:47.846+0000] {dagbag.py:525} INFO - Filling up the DagBag from /opt/airflow/dags/hadoop-2.7.3/share/hadoop/httpfs/tomcat/lib/annotations-api.jar
[2022-10-25T00:53:47.854+0000] {processor.py:770} WARNING - No viable dags retrieved from /opt/airflow/dags/hadoop-2.7.3/share/hadoop/httpfs/tomcat/lib/annotations-api.jar
[2022-10-25T00:53:47.891+0000] {processor.py:178} INFO - Processing /opt/airflow/dags/hadoop-2.7.3/share/hadoop/httpfs/tomcat/lib/annotations-api.jar took 0.063 seconds
[2022-10-25T00:54:05.407+0000] {processor.py:156} INFO - Started process (PID=6949) to work on /opt/airflow/dags/hadoop-2.7.3/share/hadoop/httpfs/tomcat/lib/annotations-api.jar
[2022-10-25T00:54:05.410+0000] {processor.py:758} INFO - Processing file /opt/airflow/dags/hadoop-2.7.3/share/hadoop/httpfs/tomcat/lib/annotations-api.jar for tasks to queue
[2022-10-25T00:54:05.414+0000] {logging_mixin.py:117} INFO - [2022-10-25T00:54:05.414+0000] {dagbag.py:525} INFO - Filling up the DagBag from /opt/airflow/dags/hadoop-2.7.3/share/hadoop/httpfs/tomcat/lib/annotations-api.jar
[2022-10-25T00:54:05.422+0000] {processor.py:770} WARNING - No viable dags retrieved from /opt/airflow/dags/hadoop-2.7.3/share/hadoop/httpfs/tomcat/lib/annotations-api.jar
[2022-10-25T00:54:05.454+0000] {processor.py:178} INFO - Processing /opt/airflow/dags/hadoop-2.7.3/share/hadoop/httpfs/tomcat/lib/annotations-api.jar took 0.053 seconds
[2022-10-25T00:54:29.627+0000] {processor.py:156} INFO - Started process (PID=4890) to work on /opt/airflow/dags/hadoop-2.7.3/share/hadoop/httpfs/tomcat/lib/annotations-api.jar
[2022-10-25T00:54:29.631+0000] {processor.py:758} INFO - Processing file /opt/airflow/dags/hadoop-2.7.3/share/hadoop/httpfs/tomcat/lib/annotations-api.jar for tasks to queue
[2022-10-25T00:54:29.637+0000] {logging_mixin.py:117} INFO - [2022-10-25T00:54:29.636+0000] {dagbag.py:525} INFO - Filling up the DagBag from /opt/airflow/dags/hadoop-2.7.3/share/hadoop/httpfs/tomcat/lib/annotations-api.jar
[2022-10-25T00:54:29.645+0000] {processor.py:770} WARNING - No viable dags retrieved from /opt/airflow/dags/hadoop-2.7.3/share/hadoop/httpfs/tomcat/lib/annotations-api.jar
[2022-10-25T00:54:29.689+0000] {processor.py:178} INFO - Processing /opt/airflow/dags/hadoop-2.7.3/share/hadoop/httpfs/tomcat/lib/annotations-api.jar took 0.072 seconds
[2022-10-25T00:54:58.786+0000] {processor.py:156} INFO - Started process (PID=7483) to work on /opt/airflow/dags/hadoop-2.7.3/share/hadoop/httpfs/tomcat/lib/annotations-api.jar
[2022-10-25T00:54:58.789+0000] {processor.py:758} INFO - Processing file /opt/airflow/dags/hadoop-2.7.3/share/hadoop/httpfs/tomcat/lib/annotations-api.jar for tasks to queue
[2022-10-25T00:54:58.793+0000] {logging_mixin.py:117} INFO - [2022-10-25T00:54:58.792+0000] {dagbag.py:525} INFO - Filling up the DagBag from /opt/airflow/dags/hadoop-2.7.3/share/hadoop/httpfs/tomcat/lib/annotations-api.jar
[2022-10-25T00:54:58.805+0000] {processor.py:770} WARNING - No viable dags retrieved from /opt/airflow/dags/hadoop-2.7.3/share/hadoop/httpfs/tomcat/lib/annotations-api.jar
[2022-10-25T00:54:58.860+0000] {processor.py:178} INFO - Processing /opt/airflow/dags/hadoop-2.7.3/share/hadoop/httpfs/tomcat/lib/annotations-api.jar took 0.092 seconds
[2022-10-25T00:55:34.839+0000] {processor.py:156} INFO - Started process (PID=5397) to work on /opt/airflow/dags/hadoop-2.7.3/share/hadoop/httpfs/tomcat/lib/annotations-api.jar
[2022-10-25T00:55:34.846+0000] {processor.py:758} INFO - Processing file /opt/airflow/dags/hadoop-2.7.3/share/hadoop/httpfs/tomcat/lib/annotations-api.jar for tasks to queue
[2022-10-25T00:55:34.856+0000] {logging_mixin.py:117} INFO - [2022-10-25T00:55:34.854+0000] {dagbag.py:525} INFO - Filling up the DagBag from /opt/airflow/dags/hadoop-2.7.3/share/hadoop/httpfs/tomcat/lib/annotations-api.jar
[2022-10-25T00:55:34.883+0000] {processor.py:770} WARNING - No viable dags retrieved from /opt/airflow/dags/hadoop-2.7.3/share/hadoop/httpfs/tomcat/lib/annotations-api.jar
[2022-10-25T00:55:35.005+0000] {processor.py:178} INFO - Processing /opt/airflow/dags/hadoop-2.7.3/share/hadoop/httpfs/tomcat/lib/annotations-api.jar took 0.181 seconds
[2022-10-25T00:55:58.544+0000] {processor.py:156} INFO - Started process (PID=7829) to work on /opt/airflow/dags/hadoop-2.7.3/share/hadoop/httpfs/tomcat/lib/annotations-api.jar
[2022-10-25T00:55:58.556+0000] {processor.py:758} INFO - Processing file /opt/airflow/dags/hadoop-2.7.3/share/hadoop/httpfs/tomcat/lib/annotations-api.jar for tasks to queue
[2022-10-25T00:55:58.561+0000] {logging_mixin.py:117} INFO - [2022-10-25T00:55:58.560+0000] {dagbag.py:525} INFO - Filling up the DagBag from /opt/airflow/dags/hadoop-2.7.3/share/hadoop/httpfs/tomcat/lib/annotations-api.jar
[2022-10-25T00:55:58.590+0000] {processor.py:770} WARNING - No viable dags retrieved from /opt/airflow/dags/hadoop-2.7.3/share/hadoop/httpfs/tomcat/lib/annotations-api.jar
[2022-10-25T00:55:58.722+0000] {processor.py:178} INFO - Processing /opt/airflow/dags/hadoop-2.7.3/share/hadoop/httpfs/tomcat/lib/annotations-api.jar took 0.197 seconds
[2022-10-25T00:56:57.818+0000] {processor.py:156} INFO - Started process (PID=8175) to work on /opt/airflow/dags/hadoop-2.7.3/share/hadoop/httpfs/tomcat/lib/annotations-api.jar
[2022-10-25T00:56:57.824+0000] {processor.py:758} INFO - Processing file /opt/airflow/dags/hadoop-2.7.3/share/hadoop/httpfs/tomcat/lib/annotations-api.jar for tasks to queue
[2022-10-25T00:56:57.830+0000] {logging_mixin.py:117} INFO - [2022-10-25T00:56:57.829+0000] {dagbag.py:525} INFO - Filling up the DagBag from /opt/airflow/dags/hadoop-2.7.3/share/hadoop/httpfs/tomcat/lib/annotations-api.jar
[2022-10-25T00:56:57.843+0000] {processor.py:770} WARNING - No viable dags retrieved from /opt/airflow/dags/hadoop-2.7.3/share/hadoop/httpfs/tomcat/lib/annotations-api.jar
[2022-10-25T00:56:57.928+0000] {processor.py:178} INFO - Processing /opt/airflow/dags/hadoop-2.7.3/share/hadoop/httpfs/tomcat/lib/annotations-api.jar took 0.123 seconds
[2022-10-25T14:08:38.980+0000] {processor.py:156} INFO - Started process (PID=18687) to work on /opt/airflow/dags/hadoop-2.7.3/share/hadoop/httpfs/tomcat/lib/annotations-api.jar
[2022-10-25T14:08:38.983+0000] {processor.py:758} INFO - Processing file /opt/airflow/dags/hadoop-2.7.3/share/hadoop/httpfs/tomcat/lib/annotations-api.jar for tasks to queue
[2022-10-25T14:08:38.986+0000] {logging_mixin.py:117} INFO - [2022-10-25T14:08:38.985+0000] {dagbag.py:525} INFO - Filling up the DagBag from /opt/airflow/dags/hadoop-2.7.3/share/hadoop/httpfs/tomcat/lib/annotations-api.jar
[2022-10-25T14:08:38.996+0000] {processor.py:770} WARNING - No viable dags retrieved from /opt/airflow/dags/hadoop-2.7.3/share/hadoop/httpfs/tomcat/lib/annotations-api.jar
[2022-10-25T14:08:39.039+0000] {processor.py:178} INFO - Processing /opt/airflow/dags/hadoop-2.7.3/share/hadoop/httpfs/tomcat/lib/annotations-api.jar took 0.068 seconds
[2022-10-25T14:08:53.118+0000] {processor.py:156} INFO - Started process (PID=17598) to work on /opt/airflow/dags/hadoop-2.7.3/share/hadoop/httpfs/tomcat/lib/annotations-api.jar
[2022-10-25T14:08:53.121+0000] {processor.py:758} INFO - Processing file /opt/airflow/dags/hadoop-2.7.3/share/hadoop/httpfs/tomcat/lib/annotations-api.jar for tasks to queue
[2022-10-25T14:08:53.131+0000] {logging_mixin.py:117} INFO - [2022-10-25T14:08:53.131+0000] {dagbag.py:525} INFO - Filling up the DagBag from /opt/airflow/dags/hadoop-2.7.3/share/hadoop/httpfs/tomcat/lib/annotations-api.jar
[2022-10-25T14:08:53.140+0000] {processor.py:770} WARNING - No viable dags retrieved from /opt/airflow/dags/hadoop-2.7.3/share/hadoop/httpfs/tomcat/lib/annotations-api.jar
[2022-10-25T14:08:53.190+0000] {processor.py:178} INFO - Processing /opt/airflow/dags/hadoop-2.7.3/share/hadoop/httpfs/tomcat/lib/annotations-api.jar took 0.081 seconds
[2022-10-25T14:09:25.403+0000] {processor.py:156} INFO - Started process (PID=19204) to work on /opt/airflow/dags/hadoop-2.7.3/share/hadoop/httpfs/tomcat/lib/annotations-api.jar
[2022-10-25T14:09:25.406+0000] {processor.py:758} INFO - Processing file /opt/airflow/dags/hadoop-2.7.3/share/hadoop/httpfs/tomcat/lib/annotations-api.jar for tasks to queue
[2022-10-25T14:09:25.408+0000] {logging_mixin.py:117} INFO - [2022-10-25T14:09:25.408+0000] {dagbag.py:525} INFO - Filling up the DagBag from /opt/airflow/dags/hadoop-2.7.3/share/hadoop/httpfs/tomcat/lib/annotations-api.jar
[2022-10-25T14:09:25.415+0000] {processor.py:770} WARNING - No viable dags retrieved from /opt/airflow/dags/hadoop-2.7.3/share/hadoop/httpfs/tomcat/lib/annotations-api.jar
[2022-10-25T14:09:25.457+0000] {processor.py:178} INFO - Processing /opt/airflow/dags/hadoop-2.7.3/share/hadoop/httpfs/tomcat/lib/annotations-api.jar took 0.066 seconds
[2022-10-25T14:09:38.464+0000] {processor.py:156} INFO - Started process (PID=18114) to work on /opt/airflow/dags/hadoop-2.7.3/share/hadoop/httpfs/tomcat/lib/annotations-api.jar
[2022-10-25T14:09:38.470+0000] {processor.py:758} INFO - Processing file /opt/airflow/dags/hadoop-2.7.3/share/hadoop/httpfs/tomcat/lib/annotations-api.jar for tasks to queue
[2022-10-25T14:09:38.476+0000] {logging_mixin.py:117} INFO - [2022-10-25T14:09:38.475+0000] {dagbag.py:525} INFO - Filling up the DagBag from /opt/airflow/dags/hadoop-2.7.3/share/hadoop/httpfs/tomcat/lib/annotations-api.jar
[2022-10-25T14:09:38.492+0000] {processor.py:770} WARNING - No viable dags retrieved from /opt/airflow/dags/hadoop-2.7.3/share/hadoop/httpfs/tomcat/lib/annotations-api.jar
[2022-10-25T14:09:38.530+0000] {processor.py:178} INFO - Processing /opt/airflow/dags/hadoop-2.7.3/share/hadoop/httpfs/tomcat/lib/annotations-api.jar took 0.086 seconds
[2022-10-25T14:10:05.211+0000] {processor.py:156} INFO - Started process (PID=19720) to work on /opt/airflow/dags/hadoop-2.7.3/share/hadoop/httpfs/tomcat/lib/annotations-api.jar
[2022-10-25T14:10:05.214+0000] {processor.py:758} INFO - Processing file /opt/airflow/dags/hadoop-2.7.3/share/hadoop/httpfs/tomcat/lib/annotations-api.jar for tasks to queue
[2022-10-25T14:10:05.216+0000] {logging_mixin.py:117} INFO - [2022-10-25T14:10:05.216+0000] {dagbag.py:525} INFO - Filling up the DagBag from /opt/airflow/dags/hadoop-2.7.3/share/hadoop/httpfs/tomcat/lib/annotations-api.jar
[2022-10-25T14:10:05.225+0000] {processor.py:770} WARNING - No viable dags retrieved from /opt/airflow/dags/hadoop-2.7.3/share/hadoop/httpfs/tomcat/lib/annotations-api.jar
[2022-10-25T14:10:05.268+0000] {processor.py:178} INFO - Processing /opt/airflow/dags/hadoop-2.7.3/share/hadoop/httpfs/tomcat/lib/annotations-api.jar took 0.066 seconds
[2022-10-25T14:10:20.005+0000] {processor.py:156} INFO - Started process (PID=18627) to work on /opt/airflow/dags/hadoop-2.7.3/share/hadoop/httpfs/tomcat/lib/annotations-api.jar
[2022-10-25T14:10:20.013+0000] {processor.py:758} INFO - Processing file /opt/airflow/dags/hadoop-2.7.3/share/hadoop/httpfs/tomcat/lib/annotations-api.jar for tasks to queue
[2022-10-25T14:10:20.015+0000] {logging_mixin.py:117} INFO - [2022-10-25T14:10:20.015+0000] {dagbag.py:525} INFO - Filling up the DagBag from /opt/airflow/dags/hadoop-2.7.3/share/hadoop/httpfs/tomcat/lib/annotations-api.jar
[2022-10-25T14:10:20.021+0000] {processor.py:770} WARNING - No viable dags retrieved from /opt/airflow/dags/hadoop-2.7.3/share/hadoop/httpfs/tomcat/lib/annotations-api.jar
[2022-10-25T14:10:20.064+0000] {processor.py:178} INFO - Processing /opt/airflow/dags/hadoop-2.7.3/share/hadoop/httpfs/tomcat/lib/annotations-api.jar took 0.075 seconds
[2022-10-25T14:10:48.805+0000] {processor.py:156} INFO - Started process (PID=20236) to work on /opt/airflow/dags/hadoop-2.7.3/share/hadoop/httpfs/tomcat/lib/annotations-api.jar
[2022-10-25T14:10:48.808+0000] {processor.py:758} INFO - Processing file /opt/airflow/dags/hadoop-2.7.3/share/hadoop/httpfs/tomcat/lib/annotations-api.jar for tasks to queue
[2022-10-25T14:10:48.816+0000] {logging_mixin.py:117} INFO - [2022-10-25T14:10:48.814+0000] {dagbag.py:525} INFO - Filling up the DagBag from /opt/airflow/dags/hadoop-2.7.3/share/hadoop/httpfs/tomcat/lib/annotations-api.jar
[2022-10-25T14:10:48.828+0000] {processor.py:770} WARNING - No viable dags retrieved from /opt/airflow/dags/hadoop-2.7.3/share/hadoop/httpfs/tomcat/lib/annotations-api.jar
[2022-10-25T14:10:48.870+0000] {processor.py:178} INFO - Processing /opt/airflow/dags/hadoop-2.7.3/share/hadoop/httpfs/tomcat/lib/annotations-api.jar took 0.073 seconds
[2022-10-25T14:11:02.487+0000] {processor.py:156} INFO - Started process (PID=19114) to work on /opt/airflow/dags/hadoop-2.7.3/share/hadoop/httpfs/tomcat/lib/annotations-api.jar
[2022-10-25T14:11:02.493+0000] {processor.py:758} INFO - Processing file /opt/airflow/dags/hadoop-2.7.3/share/hadoop/httpfs/tomcat/lib/annotations-api.jar for tasks to queue
[2022-10-25T14:11:02.498+0000] {logging_mixin.py:117} INFO - [2022-10-25T14:11:02.498+0000] {dagbag.py:525} INFO - Filling up the DagBag from /opt/airflow/dags/hadoop-2.7.3/share/hadoop/httpfs/tomcat/lib/annotations-api.jar
[2022-10-25T14:11:02.507+0000] {processor.py:770} WARNING - No viable dags retrieved from /opt/airflow/dags/hadoop-2.7.3/share/hadoop/httpfs/tomcat/lib/annotations-api.jar
[2022-10-25T14:11:02.551+0000] {processor.py:178} INFO - Processing /opt/airflow/dags/hadoop-2.7.3/share/hadoop/httpfs/tomcat/lib/annotations-api.jar took 0.074 seconds
[2022-10-25T14:11:32.391+0000] {processor.py:156} INFO - Started process (PID=20764) to work on /opt/airflow/dags/hadoop-2.7.3/share/hadoop/httpfs/tomcat/lib/annotations-api.jar
[2022-10-25T14:11:32.395+0000] {processor.py:758} INFO - Processing file /opt/airflow/dags/hadoop-2.7.3/share/hadoop/httpfs/tomcat/lib/annotations-api.jar for tasks to queue
[2022-10-25T14:11:32.397+0000] {logging_mixin.py:117} INFO - [2022-10-25T14:11:32.396+0000] {dagbag.py:525} INFO - Filling up the DagBag from /opt/airflow/dags/hadoop-2.7.3/share/hadoop/httpfs/tomcat/lib/annotations-api.jar
[2022-10-25T14:11:32.405+0000] {processor.py:770} WARNING - No viable dags retrieved from /opt/airflow/dags/hadoop-2.7.3/share/hadoop/httpfs/tomcat/lib/annotations-api.jar
[2022-10-25T14:11:32.446+0000] {processor.py:178} INFO - Processing /opt/airflow/dags/hadoop-2.7.3/share/hadoop/httpfs/tomcat/lib/annotations-api.jar took 0.064 seconds
[2022-10-25T14:11:39.474+0000] {processor.py:156} INFO - Started process (PID=19574) to work on /opt/airflow/dags/hadoop-2.7.3/share/hadoop/httpfs/tomcat/lib/annotations-api.jar
[2022-10-25T14:11:39.476+0000] {processor.py:758} INFO - Processing file /opt/airflow/dags/hadoop-2.7.3/share/hadoop/httpfs/tomcat/lib/annotations-api.jar for tasks to queue
[2022-10-25T14:11:39.478+0000] {logging_mixin.py:117} INFO - [2022-10-25T14:11:39.478+0000] {dagbag.py:525} INFO - Filling up the DagBag from /opt/airflow/dags/hadoop-2.7.3/share/hadoop/httpfs/tomcat/lib/annotations-api.jar
[2022-10-25T14:11:39.485+0000] {processor.py:770} WARNING - No viable dags retrieved from /opt/airflow/dags/hadoop-2.7.3/share/hadoop/httpfs/tomcat/lib/annotations-api.jar
[2022-10-25T14:11:39.531+0000] {processor.py:178} INFO - Processing /opt/airflow/dags/hadoop-2.7.3/share/hadoop/httpfs/tomcat/lib/annotations-api.jar took 0.067 seconds
[2022-10-25T14:12:10.786+0000] {processor.py:156} INFO - Started process (PID=21212) to work on /opt/airflow/dags/hadoop-2.7.3/share/hadoop/httpfs/tomcat/lib/annotations-api.jar
[2022-10-25T14:12:10.789+0000] {processor.py:758} INFO - Processing file /opt/airflow/dags/hadoop-2.7.3/share/hadoop/httpfs/tomcat/lib/annotations-api.jar for tasks to queue
[2022-10-25T14:12:10.792+0000] {logging_mixin.py:117} INFO - [2022-10-25T14:12:10.792+0000] {dagbag.py:525} INFO - Filling up the DagBag from /opt/airflow/dags/hadoop-2.7.3/share/hadoop/httpfs/tomcat/lib/annotations-api.jar
[2022-10-25T14:12:10.800+0000] {processor.py:770} WARNING - No viable dags retrieved from /opt/airflow/dags/hadoop-2.7.3/share/hadoop/httpfs/tomcat/lib/annotations-api.jar
[2022-10-25T14:12:10.849+0000] {processor.py:178} INFO - Processing /opt/airflow/dags/hadoop-2.7.3/share/hadoop/httpfs/tomcat/lib/annotations-api.jar took 0.077 seconds
[2022-10-25T14:12:20.647+0000] {processor.py:156} INFO - Started process (PID=20041) to work on /opt/airflow/dags/hadoop-2.7.3/share/hadoop/httpfs/tomcat/lib/annotations-api.jar
[2022-10-25T14:12:20.650+0000] {processor.py:758} INFO - Processing file /opt/airflow/dags/hadoop-2.7.3/share/hadoop/httpfs/tomcat/lib/annotations-api.jar for tasks to queue
[2022-10-25T14:12:20.655+0000] {logging_mixin.py:117} INFO - [2022-10-25T14:12:20.655+0000] {dagbag.py:525} INFO - Filling up the DagBag from /opt/airflow/dags/hadoop-2.7.3/share/hadoop/httpfs/tomcat/lib/annotations-api.jar
[2022-10-25T14:12:20.662+0000] {processor.py:770} WARNING - No viable dags retrieved from /opt/airflow/dags/hadoop-2.7.3/share/hadoop/httpfs/tomcat/lib/annotations-api.jar
[2022-10-25T14:12:20.704+0000] {processor.py:178} INFO - Processing /opt/airflow/dags/hadoop-2.7.3/share/hadoop/httpfs/tomcat/lib/annotations-api.jar took 0.075 seconds
[2022-10-25T14:13:27.524+0000] {processor.py:156} INFO - Started process (PID=21669) to work on /opt/airflow/dags/hadoop-2.7.3/share/hadoop/httpfs/tomcat/lib/annotations-api.jar
[2022-10-25T14:13:27.526+0000] {processor.py:758} INFO - Processing file /opt/airflow/dags/hadoop-2.7.3/share/hadoop/httpfs/tomcat/lib/annotations-api.jar for tasks to queue
[2022-10-25T14:13:27.527+0000] {logging_mixin.py:117} INFO - [2022-10-25T14:13:27.527+0000] {dagbag.py:525} INFO - Filling up the DagBag from /opt/airflow/dags/hadoop-2.7.3/share/hadoop/httpfs/tomcat/lib/annotations-api.jar
[2022-10-25T14:13:27.533+0000] {processor.py:770} WARNING - No viable dags retrieved from /opt/airflow/dags/hadoop-2.7.3/share/hadoop/httpfs/tomcat/lib/annotations-api.jar
[2022-10-25T14:13:27.565+0000] {processor.py:178} INFO - Processing /opt/airflow/dags/hadoop-2.7.3/share/hadoop/httpfs/tomcat/lib/annotations-api.jar took 0.046 seconds
[2022-10-25T14:13:51.290+0000] {processor.py:156} INFO - Started process (PID=20658) to work on /opt/airflow/dags/hadoop-2.7.3/share/hadoop/httpfs/tomcat/lib/annotations-api.jar
[2022-10-25T14:13:51.293+0000] {processor.py:758} INFO - Processing file /opt/airflow/dags/hadoop-2.7.3/share/hadoop/httpfs/tomcat/lib/annotations-api.jar for tasks to queue
[2022-10-25T14:13:51.295+0000] {logging_mixin.py:117} INFO - [2022-10-25T14:13:51.295+0000] {dagbag.py:525} INFO - Filling up the DagBag from /opt/airflow/dags/hadoop-2.7.3/share/hadoop/httpfs/tomcat/lib/annotations-api.jar
[2022-10-25T14:13:51.301+0000] {processor.py:770} WARNING - No viable dags retrieved from /opt/airflow/dags/hadoop-2.7.3/share/hadoop/httpfs/tomcat/lib/annotations-api.jar
[2022-10-25T14:13:51.348+0000] {processor.py:178} INFO - Processing /opt/airflow/dags/hadoop-2.7.3/share/hadoop/httpfs/tomcat/lib/annotations-api.jar took 0.065 seconds
[2022-10-25T14:14:11.004+0000] {processor.py:156} INFO - Started process (PID=22184) to work on /opt/airflow/dags/hadoop-2.7.3/share/hadoop/httpfs/tomcat/lib/annotations-api.jar
[2022-10-25T14:14:11.008+0000] {processor.py:758} INFO - Processing file /opt/airflow/dags/hadoop-2.7.3/share/hadoop/httpfs/tomcat/lib/annotations-api.jar for tasks to queue
[2022-10-25T14:14:11.011+0000] {logging_mixin.py:117} INFO - [2022-10-25T14:14:11.011+0000] {dagbag.py:525} INFO - Filling up the DagBag from /opt/airflow/dags/hadoop-2.7.3/share/hadoop/httpfs/tomcat/lib/annotations-api.jar
[2022-10-25T14:14:11.020+0000] {processor.py:770} WARNING - No viable dags retrieved from /opt/airflow/dags/hadoop-2.7.3/share/hadoop/httpfs/tomcat/lib/annotations-api.jar
[2022-10-25T14:14:11.109+0000] {processor.py:178} INFO - Processing /opt/airflow/dags/hadoop-2.7.3/share/hadoop/httpfs/tomcat/lib/annotations-api.jar took 0.119 seconds
[2022-10-25T14:14:33.729+0000] {processor.py:156} INFO - Started process (PID=21117) to work on /opt/airflow/dags/hadoop-2.7.3/share/hadoop/httpfs/tomcat/lib/annotations-api.jar
[2022-10-25T14:14:33.733+0000] {processor.py:758} INFO - Processing file /opt/airflow/dags/hadoop-2.7.3/share/hadoop/httpfs/tomcat/lib/annotations-api.jar for tasks to queue
[2022-10-25T14:14:33.737+0000] {logging_mixin.py:117} INFO - [2022-10-25T14:14:33.736+0000] {dagbag.py:525} INFO - Filling up the DagBag from /opt/airflow/dags/hadoop-2.7.3/share/hadoop/httpfs/tomcat/lib/annotations-api.jar
[2022-10-25T14:14:33.746+0000] {processor.py:770} WARNING - No viable dags retrieved from /opt/airflow/dags/hadoop-2.7.3/share/hadoop/httpfs/tomcat/lib/annotations-api.jar
[2022-10-25T14:14:33.781+0000] {processor.py:178} INFO - Processing /opt/airflow/dags/hadoop-2.7.3/share/hadoop/httpfs/tomcat/lib/annotations-api.jar took 0.061 seconds
[2022-10-25T14:15:02.571+0000] {processor.py:156} INFO - Started process (PID=22741) to work on /opt/airflow/dags/hadoop-2.7.3/share/hadoop/httpfs/tomcat/lib/annotations-api.jar
[2022-10-25T14:15:02.575+0000] {processor.py:758} INFO - Processing file /opt/airflow/dags/hadoop-2.7.3/share/hadoop/httpfs/tomcat/lib/annotations-api.jar for tasks to queue
[2022-10-25T14:15:02.578+0000] {logging_mixin.py:117} INFO - [2022-10-25T14:15:02.578+0000] {dagbag.py:525} INFO - Filling up the DagBag from /opt/airflow/dags/hadoop-2.7.3/share/hadoop/httpfs/tomcat/lib/annotations-api.jar
[2022-10-25T14:15:02.586+0000] {processor.py:770} WARNING - No viable dags retrieved from /opt/airflow/dags/hadoop-2.7.3/share/hadoop/httpfs/tomcat/lib/annotations-api.jar
[2022-10-25T14:15:02.633+0000] {processor.py:178} INFO - Processing /opt/airflow/dags/hadoop-2.7.3/share/hadoop/httpfs/tomcat/lib/annotations-api.jar took 0.071 seconds
[2022-10-25T14:15:25.779+0000] {processor.py:156} INFO - Started process (PID=21631) to work on /opt/airflow/dags/hadoop-2.7.3/share/hadoop/httpfs/tomcat/lib/annotations-api.jar
[2022-10-25T14:15:25.792+0000] {processor.py:758} INFO - Processing file /opt/airflow/dags/hadoop-2.7.3/share/hadoop/httpfs/tomcat/lib/annotations-api.jar for tasks to queue
[2022-10-25T14:15:25.807+0000] {logging_mixin.py:117} INFO - [2022-10-25T14:15:25.806+0000] {dagbag.py:525} INFO - Filling up the DagBag from /opt/airflow/dags/hadoop-2.7.3/share/hadoop/httpfs/tomcat/lib/annotations-api.jar
[2022-10-25T14:15:25.820+0000] {processor.py:770} WARNING - No viable dags retrieved from /opt/airflow/dags/hadoop-2.7.3/share/hadoop/httpfs/tomcat/lib/annotations-api.jar
[2022-10-25T14:15:25.953+0000] {processor.py:178} INFO - Processing /opt/airflow/dags/hadoop-2.7.3/share/hadoop/httpfs/tomcat/lib/annotations-api.jar took 0.217 seconds
[2022-10-25T14:15:55.153+0000] {processor.py:156} INFO - Started process (PID=23190) to work on /opt/airflow/dags/hadoop-2.7.3/share/hadoop/httpfs/tomcat/lib/annotations-api.jar
[2022-10-25T14:15:55.155+0000] {processor.py:758} INFO - Processing file /opt/airflow/dags/hadoop-2.7.3/share/hadoop/httpfs/tomcat/lib/annotations-api.jar for tasks to queue
[2022-10-25T14:15:55.158+0000] {logging_mixin.py:117} INFO - [2022-10-25T14:15:55.157+0000] {dagbag.py:525} INFO - Filling up the DagBag from /opt/airflow/dags/hadoop-2.7.3/share/hadoop/httpfs/tomcat/lib/annotations-api.jar
[2022-10-25T14:15:55.168+0000] {processor.py:770} WARNING - No viable dags retrieved from /opt/airflow/dags/hadoop-2.7.3/share/hadoop/httpfs/tomcat/lib/annotations-api.jar
[2022-10-25T14:15:55.203+0000] {processor.py:178} INFO - Processing /opt/airflow/dags/hadoop-2.7.3/share/hadoop/httpfs/tomcat/lib/annotations-api.jar took 0.058 seconds
[2022-10-25T14:16:18.895+0000] {processor.py:156} INFO - Started process (PID=22146) to work on /opt/airflow/dags/hadoop-2.7.3/share/hadoop/httpfs/tomcat/lib/annotations-api.jar
[2022-10-25T14:16:18.899+0000] {processor.py:758} INFO - Processing file /opt/airflow/dags/hadoop-2.7.3/share/hadoop/httpfs/tomcat/lib/annotations-api.jar for tasks to queue
[2022-10-25T14:16:18.902+0000] {logging_mixin.py:117} INFO - [2022-10-25T14:16:18.902+0000] {dagbag.py:525} INFO - Filling up the DagBag from /opt/airflow/dags/hadoop-2.7.3/share/hadoop/httpfs/tomcat/lib/annotations-api.jar
[2022-10-25T14:16:18.915+0000] {processor.py:770} WARNING - No viable dags retrieved from /opt/airflow/dags/hadoop-2.7.3/share/hadoop/httpfs/tomcat/lib/annotations-api.jar
[2022-10-25T14:16:18.964+0000] {processor.py:178} INFO - Processing /opt/airflow/dags/hadoop-2.7.3/share/hadoop/httpfs/tomcat/lib/annotations-api.jar took 0.078 seconds
[2022-10-25T14:16:39.457+0000] {processor.py:156} INFO - Started process (PID=23664) to work on /opt/airflow/dags/hadoop-2.7.3/share/hadoop/httpfs/tomcat/lib/annotations-api.jar
[2022-10-25T14:16:39.462+0000] {processor.py:758} INFO - Processing file /opt/airflow/dags/hadoop-2.7.3/share/hadoop/httpfs/tomcat/lib/annotations-api.jar for tasks to queue
[2022-10-25T14:16:39.466+0000] {logging_mixin.py:117} INFO - [2022-10-25T14:16:39.466+0000] {dagbag.py:525} INFO - Filling up the DagBag from /opt/airflow/dags/hadoop-2.7.3/share/hadoop/httpfs/tomcat/lib/annotations-api.jar
[2022-10-25T14:16:39.474+0000] {processor.py:770} WARNING - No viable dags retrieved from /opt/airflow/dags/hadoop-2.7.3/share/hadoop/httpfs/tomcat/lib/annotations-api.jar
[2022-10-25T14:16:39.518+0000] {processor.py:178} INFO - Processing /opt/airflow/dags/hadoop-2.7.3/share/hadoop/httpfs/tomcat/lib/annotations-api.jar took 0.072 seconds
[2022-10-25T14:17:00.846+0000] {processor.py:156} INFO - Started process (PID=22532) to work on /opt/airflow/dags/hadoop-2.7.3/share/hadoop/httpfs/tomcat/lib/annotations-api.jar
[2022-10-25T14:17:00.849+0000] {processor.py:758} INFO - Processing file /opt/airflow/dags/hadoop-2.7.3/share/hadoop/httpfs/tomcat/lib/annotations-api.jar for tasks to queue
[2022-10-25T14:17:00.854+0000] {logging_mixin.py:117} INFO - [2022-10-25T14:17:00.853+0000] {dagbag.py:525} INFO - Filling up the DagBag from /opt/airflow/dags/hadoop-2.7.3/share/hadoop/httpfs/tomcat/lib/annotations-api.jar
[2022-10-25T14:17:00.866+0000] {processor.py:770} WARNING - No viable dags retrieved from /opt/airflow/dags/hadoop-2.7.3/share/hadoop/httpfs/tomcat/lib/annotations-api.jar
[2022-10-25T14:17:00.931+0000] {processor.py:178} INFO - Processing /opt/airflow/dags/hadoop-2.7.3/share/hadoop/httpfs/tomcat/lib/annotations-api.jar took 0.106 seconds
[2022-10-25T14:17:52.182+0000] {processor.py:156} INFO - Started process (PID=23022) to work on /opt/airflow/dags/hadoop-2.7.3/share/hadoop/httpfs/tomcat/lib/annotations-api.jar
[2022-10-25T14:17:52.186+0000] {processor.py:758} INFO - Processing file /opt/airflow/dags/hadoop-2.7.3/share/hadoop/httpfs/tomcat/lib/annotations-api.jar for tasks to queue
[2022-10-25T14:17:52.190+0000] {logging_mixin.py:117} INFO - [2022-10-25T14:17:52.190+0000] {dagbag.py:525} INFO - Filling up the DagBag from /opt/airflow/dags/hadoop-2.7.3/share/hadoop/httpfs/tomcat/lib/annotations-api.jar
[2022-10-25T14:17:52.198+0000] {processor.py:770} WARNING - No viable dags retrieved from /opt/airflow/dags/hadoop-2.7.3/share/hadoop/httpfs/tomcat/lib/annotations-api.jar
[2022-10-25T14:17:52.240+0000] {processor.py:178} INFO - Processing /opt/airflow/dags/hadoop-2.7.3/share/hadoop/httpfs/tomcat/lib/annotations-api.jar took 0.069 seconds
[2022-10-25T14:25:01.293+0000] {processor.py:156} INFO - Started process (PID=23445) to work on /opt/airflow/dags/hadoop-2.7.3/share/hadoop/httpfs/tomcat/lib/annotations-api.jar
[2022-10-25T14:25:01.298+0000] {processor.py:758} INFO - Processing file /opt/airflow/dags/hadoop-2.7.3/share/hadoop/httpfs/tomcat/lib/annotations-api.jar for tasks to queue
[2022-10-25T14:25:01.301+0000] {logging_mixin.py:117} INFO - [2022-10-25T14:25:01.301+0000] {dagbag.py:525} INFO - Filling up the DagBag from /opt/airflow/dags/hadoop-2.7.3/share/hadoop/httpfs/tomcat/lib/annotations-api.jar
[2022-10-25T14:25:01.317+0000] {processor.py:770} WARNING - No viable dags retrieved from /opt/airflow/dags/hadoop-2.7.3/share/hadoop/httpfs/tomcat/lib/annotations-api.jar
[2022-10-25T14:25:01.380+0000] {processor.py:178} INFO - Processing /opt/airflow/dags/hadoop-2.7.3/share/hadoop/httpfs/tomcat/lib/annotations-api.jar took 0.098 seconds
[2022-10-25T14:25:19.251+0000] {processor.py:156} INFO - Started process (PID=24522) to work on /opt/airflow/dags/hadoop-2.7.3/share/hadoop/httpfs/tomcat/lib/annotations-api.jar
[2022-10-25T14:25:19.255+0000] {processor.py:758} INFO - Processing file /opt/airflow/dags/hadoop-2.7.3/share/hadoop/httpfs/tomcat/lib/annotations-api.jar for tasks to queue
[2022-10-25T14:25:19.261+0000] {logging_mixin.py:117} INFO - [2022-10-25T14:25:19.261+0000] {dagbag.py:525} INFO - Filling up the DagBag from /opt/airflow/dags/hadoop-2.7.3/share/hadoop/httpfs/tomcat/lib/annotations-api.jar
[2022-10-25T14:25:19.273+0000] {processor.py:770} WARNING - No viable dags retrieved from /opt/airflow/dags/hadoop-2.7.3/share/hadoop/httpfs/tomcat/lib/annotations-api.jar
[2022-10-25T14:25:19.340+0000] {processor.py:178} INFO - Processing /opt/airflow/dags/hadoop-2.7.3/share/hadoop/httpfs/tomcat/lib/annotations-api.jar took 0.098 seconds
[2022-10-25T14:25:51.426+0000] {processor.py:156} INFO - Started process (PID=23969) to work on /opt/airflow/dags/hadoop-2.7.3/share/hadoop/httpfs/tomcat/lib/annotations-api.jar
[2022-10-25T14:25:51.429+0000] {processor.py:758} INFO - Processing file /opt/airflow/dags/hadoop-2.7.3/share/hadoop/httpfs/tomcat/lib/annotations-api.jar for tasks to queue
[2022-10-25T14:25:51.432+0000] {logging_mixin.py:117} INFO - [2022-10-25T14:25:51.432+0000] {dagbag.py:525} INFO - Filling up the DagBag from /opt/airflow/dags/hadoop-2.7.3/share/hadoop/httpfs/tomcat/lib/annotations-api.jar
[2022-10-25T14:25:51.449+0000] {processor.py:770} WARNING - No viable dags retrieved from /opt/airflow/dags/hadoop-2.7.3/share/hadoop/httpfs/tomcat/lib/annotations-api.jar
[2022-10-25T14:25:51.560+0000] {processor.py:178} INFO - Processing /opt/airflow/dags/hadoop-2.7.3/share/hadoop/httpfs/tomcat/lib/annotations-api.jar took 0.144 seconds
[2022-10-25T14:26:09.143+0000] {processor.py:156} INFO - Started process (PID=25045) to work on /opt/airflow/dags/hadoop-2.7.3/share/hadoop/httpfs/tomcat/lib/annotations-api.jar
[2022-10-25T14:26:09.153+0000] {processor.py:758} INFO - Processing file /opt/airflow/dags/hadoop-2.7.3/share/hadoop/httpfs/tomcat/lib/annotations-api.jar for tasks to queue
[2022-10-25T14:26:09.161+0000] {logging_mixin.py:117} INFO - [2022-10-25T14:26:09.160+0000] {dagbag.py:525} INFO - Filling up the DagBag from /opt/airflow/dags/hadoop-2.7.3/share/hadoop/httpfs/tomcat/lib/annotations-api.jar
[2022-10-25T14:26:09.170+0000] {processor.py:770} WARNING - No viable dags retrieved from /opt/airflow/dags/hadoop-2.7.3/share/hadoop/httpfs/tomcat/lib/annotations-api.jar
[2022-10-25T14:26:09.264+0000] {processor.py:178} INFO - Processing /opt/airflow/dags/hadoop-2.7.3/share/hadoop/httpfs/tomcat/lib/annotations-api.jar took 0.141 seconds
[2022-10-25T14:26:46.630+0000] {processor.py:156} INFO - Started process (PID=24484) to work on /opt/airflow/dags/hadoop-2.7.3/share/hadoop/httpfs/tomcat/lib/annotations-api.jar
[2022-10-25T14:26:46.636+0000] {processor.py:758} INFO - Processing file /opt/airflow/dags/hadoop-2.7.3/share/hadoop/httpfs/tomcat/lib/annotations-api.jar for tasks to queue
[2022-10-25T14:26:46.642+0000] {logging_mixin.py:117} INFO - [2022-10-25T14:26:46.642+0000] {dagbag.py:525} INFO - Filling up the DagBag from /opt/airflow/dags/hadoop-2.7.3/share/hadoop/httpfs/tomcat/lib/annotations-api.jar
[2022-10-25T14:26:46.653+0000] {processor.py:770} WARNING - No viable dags retrieved from /opt/airflow/dags/hadoop-2.7.3/share/hadoop/httpfs/tomcat/lib/annotations-api.jar
[2022-10-25T14:26:46.705+0000] {processor.py:178} INFO - Processing /opt/airflow/dags/hadoop-2.7.3/share/hadoop/httpfs/tomcat/lib/annotations-api.jar took 0.087 seconds
[2022-10-25T14:27:02.555+0000] {processor.py:156} INFO - Started process (PID=25567) to work on /opt/airflow/dags/hadoop-2.7.3/share/hadoop/httpfs/tomcat/lib/annotations-api.jar
[2022-10-25T14:27:02.565+0000] {processor.py:758} INFO - Processing file /opt/airflow/dags/hadoop-2.7.3/share/hadoop/httpfs/tomcat/lib/annotations-api.jar for tasks to queue
[2022-10-25T14:27:02.569+0000] {logging_mixin.py:117} INFO - [2022-10-25T14:27:02.569+0000] {dagbag.py:525} INFO - Filling up the DagBag from /opt/airflow/dags/hadoop-2.7.3/share/hadoop/httpfs/tomcat/lib/annotations-api.jar
[2022-10-25T14:27:02.581+0000] {processor.py:770} WARNING - No viable dags retrieved from /opt/airflow/dags/hadoop-2.7.3/share/hadoop/httpfs/tomcat/lib/annotations-api.jar
[2022-10-25T14:27:02.637+0000] {processor.py:178} INFO - Processing /opt/airflow/dags/hadoop-2.7.3/share/hadoop/httpfs/tomcat/lib/annotations-api.jar took 0.089 seconds
[2022-10-25T14:27:30.700+0000] {processor.py:156} INFO - Started process (PID=24947) to work on /opt/airflow/dags/hadoop-2.7.3/share/hadoop/httpfs/tomcat/lib/annotations-api.jar
[2022-10-25T14:27:30.707+0000] {processor.py:758} INFO - Processing file /opt/airflow/dags/hadoop-2.7.3/share/hadoop/httpfs/tomcat/lib/annotations-api.jar for tasks to queue
[2022-10-25T14:27:30.711+0000] {logging_mixin.py:117} INFO - [2022-10-25T14:27:30.710+0000] {dagbag.py:525} INFO - Filling up the DagBag from /opt/airflow/dags/hadoop-2.7.3/share/hadoop/httpfs/tomcat/lib/annotations-api.jar
[2022-10-25T14:27:30.718+0000] {processor.py:770} WARNING - No viable dags retrieved from /opt/airflow/dags/hadoop-2.7.3/share/hadoop/httpfs/tomcat/lib/annotations-api.jar
[2022-10-25T14:27:30.774+0000] {processor.py:178} INFO - Processing /opt/airflow/dags/hadoop-2.7.3/share/hadoop/httpfs/tomcat/lib/annotations-api.jar took 0.083 seconds
[2022-10-25T14:27:41.936+0000] {processor.py:156} INFO - Started process (PID=25999) to work on /opt/airflow/dags/hadoop-2.7.3/share/hadoop/httpfs/tomcat/lib/annotations-api.jar
[2022-10-25T14:27:41.939+0000] {processor.py:758} INFO - Processing file /opt/airflow/dags/hadoop-2.7.3/share/hadoop/httpfs/tomcat/lib/annotations-api.jar for tasks to queue
[2022-10-25T14:27:41.941+0000] {logging_mixin.py:117} INFO - [2022-10-25T14:27:41.941+0000] {dagbag.py:525} INFO - Filling up the DagBag from /opt/airflow/dags/hadoop-2.7.3/share/hadoop/httpfs/tomcat/lib/annotations-api.jar
[2022-10-25T14:27:41.948+0000] {processor.py:770} WARNING - No viable dags retrieved from /opt/airflow/dags/hadoop-2.7.3/share/hadoop/httpfs/tomcat/lib/annotations-api.jar
[2022-10-25T14:27:41.986+0000] {processor.py:178} INFO - Processing /opt/airflow/dags/hadoop-2.7.3/share/hadoop/httpfs/tomcat/lib/annotations-api.jar took 0.058 seconds
[2022-10-25T14:28:09.918+0000] {processor.py:156} INFO - Started process (PID=25369) to work on /opt/airflow/dags/hadoop-2.7.3/share/hadoop/httpfs/tomcat/lib/annotations-api.jar
[2022-10-25T14:28:09.930+0000] {processor.py:758} INFO - Processing file /opt/airflow/dags/hadoop-2.7.3/share/hadoop/httpfs/tomcat/lib/annotations-api.jar for tasks to queue
[2022-10-25T14:28:09.938+0000] {logging_mixin.py:117} INFO - [2022-10-25T14:28:09.937+0000] {dagbag.py:525} INFO - Filling up the DagBag from /opt/airflow/dags/hadoop-2.7.3/share/hadoop/httpfs/tomcat/lib/annotations-api.jar
[2022-10-25T14:28:09.953+0000] {processor.py:770} WARNING - No viable dags retrieved from /opt/airflow/dags/hadoop-2.7.3/share/hadoop/httpfs/tomcat/lib/annotations-api.jar
[2022-10-25T14:28:10.001+0000] {processor.py:178} INFO - Processing /opt/airflow/dags/hadoop-2.7.3/share/hadoop/httpfs/tomcat/lib/annotations-api.jar took 0.095 seconds
[2022-10-25T14:28:30.245+0000] {processor.py:156} INFO - Started process (PID=26530) to work on /opt/airflow/dags/hadoop-2.7.3/share/hadoop/httpfs/tomcat/lib/annotations-api.jar
[2022-10-25T14:28:30.251+0000] {processor.py:758} INFO - Processing file /opt/airflow/dags/hadoop-2.7.3/share/hadoop/httpfs/tomcat/lib/annotations-api.jar for tasks to queue
[2022-10-25T14:28:30.254+0000] {logging_mixin.py:117} INFO - [2022-10-25T14:28:30.253+0000] {dagbag.py:525} INFO - Filling up the DagBag from /opt/airflow/dags/hadoop-2.7.3/share/hadoop/httpfs/tomcat/lib/annotations-api.jar
[2022-10-25T14:28:30.260+0000] {processor.py:770} WARNING - No viable dags retrieved from /opt/airflow/dags/hadoop-2.7.3/share/hadoop/httpfs/tomcat/lib/annotations-api.jar
[2022-10-25T14:28:30.313+0000] {processor.py:178} INFO - Processing /opt/airflow/dags/hadoop-2.7.3/share/hadoop/httpfs/tomcat/lib/annotations-api.jar took 0.078 seconds
[2022-10-25T14:28:54.001+0000] {processor.py:156} INFO - Started process (PID=25797) to work on /opt/airflow/dags/hadoop-2.7.3/share/hadoop/httpfs/tomcat/lib/annotations-api.jar
[2022-10-25T14:28:54.017+0000] {processor.py:758} INFO - Processing file /opt/airflow/dags/hadoop-2.7.3/share/hadoop/httpfs/tomcat/lib/annotations-api.jar for tasks to queue
[2022-10-25T14:28:54.021+0000] {logging_mixin.py:117} INFO - [2022-10-25T14:28:54.020+0000] {dagbag.py:525} INFO - Filling up the DagBag from /opt/airflow/dags/hadoop-2.7.3/share/hadoop/httpfs/tomcat/lib/annotations-api.jar
[2022-10-25T14:28:54.034+0000] {processor.py:770} WARNING - No viable dags retrieved from /opt/airflow/dags/hadoop-2.7.3/share/hadoop/httpfs/tomcat/lib/annotations-api.jar
[2022-10-25T14:28:54.095+0000] {processor.py:178} INFO - Processing /opt/airflow/dags/hadoop-2.7.3/share/hadoop/httpfs/tomcat/lib/annotations-api.jar took 0.105 seconds
[2022-10-25T14:29:17.791+0000] {processor.py:156} INFO - Started process (PID=26972) to work on /opt/airflow/dags/hadoop-2.7.3/share/hadoop/httpfs/tomcat/lib/annotations-api.jar
[2022-10-25T14:29:17.797+0000] {processor.py:758} INFO - Processing file /opt/airflow/dags/hadoop-2.7.3/share/hadoop/httpfs/tomcat/lib/annotations-api.jar for tasks to queue
[2022-10-25T14:29:17.803+0000] {logging_mixin.py:117} INFO - [2022-10-25T14:29:17.801+0000] {dagbag.py:525} INFO - Filling up the DagBag from /opt/airflow/dags/hadoop-2.7.3/share/hadoop/httpfs/tomcat/lib/annotations-api.jar
[2022-10-25T14:29:17.822+0000] {processor.py:770} WARNING - No viable dags retrieved from /opt/airflow/dags/hadoop-2.7.3/share/hadoop/httpfs/tomcat/lib/annotations-api.jar
[2022-10-25T14:29:17.881+0000] {processor.py:178} INFO - Processing /opt/airflow/dags/hadoop-2.7.3/share/hadoop/httpfs/tomcat/lib/annotations-api.jar took 0.103 seconds
[2022-10-25T14:30:03.568+0000] {processor.py:156} INFO - Started process (PID=26076) to work on /opt/airflow/dags/hadoop-2.7.3/share/hadoop/httpfs/tomcat/lib/annotations-api.jar
[2022-10-25T14:30:03.573+0000] {processor.py:758} INFO - Processing file /opt/airflow/dags/hadoop-2.7.3/share/hadoop/httpfs/tomcat/lib/annotations-api.jar for tasks to queue
[2022-10-25T14:30:03.576+0000] {logging_mixin.py:117} INFO - [2022-10-25T14:30:03.576+0000] {dagbag.py:525} INFO - Filling up the DagBag from /opt/airflow/dags/hadoop-2.7.3/share/hadoop/httpfs/tomcat/lib/annotations-api.jar
[2022-10-25T14:30:03.586+0000] {processor.py:770} WARNING - No viable dags retrieved from /opt/airflow/dags/hadoop-2.7.3/share/hadoop/httpfs/tomcat/lib/annotations-api.jar
[2022-10-25T14:30:03.623+0000] {processor.py:178} INFO - Processing /opt/airflow/dags/hadoop-2.7.3/share/hadoop/httpfs/tomcat/lib/annotations-api.jar took 0.065 seconds
[2022-10-25T14:30:24.721+0000] {processor.py:156} INFO - Started process (PID=27306) to work on /opt/airflow/dags/hadoop-2.7.3/share/hadoop/httpfs/tomcat/lib/annotations-api.jar
[2022-10-25T14:30:24.725+0000] {processor.py:758} INFO - Processing file /opt/airflow/dags/hadoop-2.7.3/share/hadoop/httpfs/tomcat/lib/annotations-api.jar for tasks to queue
[2022-10-25T14:30:24.728+0000] {logging_mixin.py:117} INFO - [2022-10-25T14:30:24.728+0000] {dagbag.py:525} INFO - Filling up the DagBag from /opt/airflow/dags/hadoop-2.7.3/share/hadoop/httpfs/tomcat/lib/annotations-api.jar
[2022-10-25T14:30:24.738+0000] {processor.py:770} WARNING - No viable dags retrieved from /opt/airflow/dags/hadoop-2.7.3/share/hadoop/httpfs/tomcat/lib/annotations-api.jar
[2022-10-25T14:30:24.783+0000] {processor.py:178} INFO - Processing /opt/airflow/dags/hadoop-2.7.3/share/hadoop/httpfs/tomcat/lib/annotations-api.jar took 0.070 seconds
[2022-10-25T14:30:49.427+0000] {processor.py:156} INFO - Started process (PID=26533) to work on /opt/airflow/dags/hadoop-2.7.3/share/hadoop/httpfs/tomcat/lib/annotations-api.jar
[2022-10-25T14:30:49.440+0000] {processor.py:758} INFO - Processing file /opt/airflow/dags/hadoop-2.7.3/share/hadoop/httpfs/tomcat/lib/annotations-api.jar for tasks to queue
[2022-10-25T14:30:49.447+0000] {logging_mixin.py:117} INFO - [2022-10-25T14:30:49.447+0000] {dagbag.py:525} INFO - Filling up the DagBag from /opt/airflow/dags/hadoop-2.7.3/share/hadoop/httpfs/tomcat/lib/annotations-api.jar
[2022-10-25T14:30:49.474+0000] {processor.py:770} WARNING - No viable dags retrieved from /opt/airflow/dags/hadoop-2.7.3/share/hadoop/httpfs/tomcat/lib/annotations-api.jar
[2022-10-25T14:30:49.554+0000] {processor.py:178} INFO - Processing /opt/airflow/dags/hadoop-2.7.3/share/hadoop/httpfs/tomcat/lib/annotations-api.jar took 0.144 seconds
[2022-10-25T14:31:19.388+0000] {processor.py:156} INFO - Started process (PID=27830) to work on /opt/airflow/dags/hadoop-2.7.3/share/hadoop/httpfs/tomcat/lib/annotations-api.jar
[2022-10-25T14:31:19.395+0000] {processor.py:758} INFO - Processing file /opt/airflow/dags/hadoop-2.7.3/share/hadoop/httpfs/tomcat/lib/annotations-api.jar for tasks to queue
[2022-10-25T14:31:19.398+0000] {logging_mixin.py:117} INFO - [2022-10-25T14:31:19.398+0000] {dagbag.py:525} INFO - Filling up the DagBag from /opt/airflow/dags/hadoop-2.7.3/share/hadoop/httpfs/tomcat/lib/annotations-api.jar
[2022-10-25T14:31:19.410+0000] {processor.py:770} WARNING - No viable dags retrieved from /opt/airflow/dags/hadoop-2.7.3/share/hadoop/httpfs/tomcat/lib/annotations-api.jar
[2022-10-25T14:31:19.465+0000] {processor.py:178} INFO - Processing /opt/airflow/dags/hadoop-2.7.3/share/hadoop/httpfs/tomcat/lib/annotations-api.jar took 0.103 seconds
[2022-10-25T14:31:39.609+0000] {processor.py:156} INFO - Started process (PID=26976) to work on /opt/airflow/dags/hadoop-2.7.3/share/hadoop/httpfs/tomcat/lib/annotations-api.jar
[2022-10-25T14:31:39.612+0000] {processor.py:758} INFO - Processing file /opt/airflow/dags/hadoop-2.7.3/share/hadoop/httpfs/tomcat/lib/annotations-api.jar for tasks to queue
[2022-10-25T14:31:39.614+0000] {logging_mixin.py:117} INFO - [2022-10-25T14:31:39.614+0000] {dagbag.py:525} INFO - Filling up the DagBag from /opt/airflow/dags/hadoop-2.7.3/share/hadoop/httpfs/tomcat/lib/annotations-api.jar
[2022-10-25T14:31:39.620+0000] {processor.py:770} WARNING - No viable dags retrieved from /opt/airflow/dags/hadoop-2.7.3/share/hadoop/httpfs/tomcat/lib/annotations-api.jar
[2022-10-25T14:31:39.650+0000] {processor.py:178} INFO - Processing /opt/airflow/dags/hadoop-2.7.3/share/hadoop/httpfs/tomcat/lib/annotations-api.jar took 0.048 seconds
[2022-10-25T14:32:08.124+0000] {processor.py:156} INFO - Started process (PID=28317) to work on /opt/airflow/dags/hadoop-2.7.3/share/hadoop/httpfs/tomcat/lib/annotations-api.jar
[2022-10-25T14:32:08.132+0000] {processor.py:758} INFO - Processing file /opt/airflow/dags/hadoop-2.7.3/share/hadoop/httpfs/tomcat/lib/annotations-api.jar for tasks to queue
[2022-10-25T14:32:08.137+0000] {logging_mixin.py:117} INFO - [2022-10-25T14:32:08.136+0000] {dagbag.py:525} INFO - Filling up the DagBag from /opt/airflow/dags/hadoop-2.7.3/share/hadoop/httpfs/tomcat/lib/annotations-api.jar
[2022-10-25T14:32:08.148+0000] {processor.py:770} WARNING - No viable dags retrieved from /opt/airflow/dags/hadoop-2.7.3/share/hadoop/httpfs/tomcat/lib/annotations-api.jar
[2022-10-25T14:32:08.218+0000] {processor.py:178} INFO - Processing /opt/airflow/dags/hadoop-2.7.3/share/hadoop/httpfs/tomcat/lib/annotations-api.jar took 0.107 seconds
[2022-10-25T14:32:29.090+0000] {processor.py:156} INFO - Started process (PID=27471) to work on /opt/airflow/dags/hadoop-2.7.3/share/hadoop/httpfs/tomcat/lib/annotations-api.jar
[2022-10-25T14:32:29.106+0000] {processor.py:758} INFO - Processing file /opt/airflow/dags/hadoop-2.7.3/share/hadoop/httpfs/tomcat/lib/annotations-api.jar for tasks to queue
[2022-10-25T14:32:29.111+0000] {logging_mixin.py:117} INFO - [2022-10-25T14:32:29.111+0000] {dagbag.py:525} INFO - Filling up the DagBag from /opt/airflow/dags/hadoop-2.7.3/share/hadoop/httpfs/tomcat/lib/annotations-api.jar
[2022-10-25T14:32:29.118+0000] {processor.py:770} WARNING - No viable dags retrieved from /opt/airflow/dags/hadoop-2.7.3/share/hadoop/httpfs/tomcat/lib/annotations-api.jar
[2022-10-25T14:32:29.214+0000] {processor.py:178} INFO - Processing /opt/airflow/dags/hadoop-2.7.3/share/hadoop/httpfs/tomcat/lib/annotations-api.jar took 0.136 seconds
[2022-10-25T14:32:49.229+0000] {processor.py:156} INFO - Started process (PID=28751) to work on /opt/airflow/dags/hadoop-2.7.3/share/hadoop/httpfs/tomcat/lib/annotations-api.jar
[2022-10-25T14:32:49.233+0000] {processor.py:758} INFO - Processing file /opt/airflow/dags/hadoop-2.7.3/share/hadoop/httpfs/tomcat/lib/annotations-api.jar for tasks to queue
[2022-10-25T14:32:49.237+0000] {logging_mixin.py:117} INFO - [2022-10-25T14:32:49.237+0000] {dagbag.py:525} INFO - Filling up the DagBag from /opt/airflow/dags/hadoop-2.7.3/share/hadoop/httpfs/tomcat/lib/annotations-api.jar
[2022-10-25T14:32:49.244+0000] {processor.py:770} WARNING - No viable dags retrieved from /opt/airflow/dags/hadoop-2.7.3/share/hadoop/httpfs/tomcat/lib/annotations-api.jar
[2022-10-25T14:32:49.291+0000] {processor.py:178} INFO - Processing /opt/airflow/dags/hadoop-2.7.3/share/hadoop/httpfs/tomcat/lib/annotations-api.jar took 0.074 seconds
[2022-10-25T14:33:20.763+0000] {processor.py:156} INFO - Started process (PID=27988) to work on /opt/airflow/dags/hadoop-2.7.3/share/hadoop/httpfs/tomcat/lib/annotations-api.jar
[2022-10-25T14:33:20.768+0000] {processor.py:758} INFO - Processing file /opt/airflow/dags/hadoop-2.7.3/share/hadoop/httpfs/tomcat/lib/annotations-api.jar for tasks to queue
[2022-10-25T14:33:20.772+0000] {logging_mixin.py:117} INFO - [2022-10-25T14:33:20.771+0000] {dagbag.py:525} INFO - Filling up the DagBag from /opt/airflow/dags/hadoop-2.7.3/share/hadoop/httpfs/tomcat/lib/annotations-api.jar
[2022-10-25T14:33:20.780+0000] {processor.py:770} WARNING - No viable dags retrieved from /opt/airflow/dags/hadoop-2.7.3/share/hadoop/httpfs/tomcat/lib/annotations-api.jar
[2022-10-25T14:33:20.818+0000] {processor.py:178} INFO - Processing /opt/airflow/dags/hadoop-2.7.3/share/hadoop/httpfs/tomcat/lib/annotations-api.jar took 0.070 seconds
[2022-10-25T14:33:41.758+0000] {processor.py:156} INFO - Started process (PID=29294) to work on /opt/airflow/dags/hadoop-2.7.3/share/hadoop/httpfs/tomcat/lib/annotations-api.jar
[2022-10-25T14:33:41.763+0000] {processor.py:758} INFO - Processing file /opt/airflow/dags/hadoop-2.7.3/share/hadoop/httpfs/tomcat/lib/annotations-api.jar for tasks to queue
[2022-10-25T14:33:41.767+0000] {logging_mixin.py:117} INFO - [2022-10-25T14:33:41.766+0000] {dagbag.py:525} INFO - Filling up the DagBag from /opt/airflow/dags/hadoop-2.7.3/share/hadoop/httpfs/tomcat/lib/annotations-api.jar
[2022-10-25T14:33:41.780+0000] {processor.py:770} WARNING - No viable dags retrieved from /opt/airflow/dags/hadoop-2.7.3/share/hadoop/httpfs/tomcat/lib/annotations-api.jar
[2022-10-25T14:33:41.839+0000] {processor.py:178} INFO - Processing /opt/airflow/dags/hadoop-2.7.3/share/hadoop/httpfs/tomcat/lib/annotations-api.jar took 0.090 seconds
[2022-10-25T14:35:02.688+0000] {processor.py:156} INFO - Started process (PID=28573) to work on /opt/airflow/dags/hadoop-2.7.3/share/hadoop/httpfs/tomcat/lib/annotations-api.jar
[2022-10-25T14:35:02.694+0000] {processor.py:758} INFO - Processing file /opt/airflow/dags/hadoop-2.7.3/share/hadoop/httpfs/tomcat/lib/annotations-api.jar for tasks to queue
[2022-10-25T14:35:02.697+0000] {logging_mixin.py:117} INFO - [2022-10-25T14:35:02.696+0000] {dagbag.py:525} INFO - Filling up the DagBag from /opt/airflow/dags/hadoop-2.7.3/share/hadoop/httpfs/tomcat/lib/annotations-api.jar
[2022-10-25T14:35:02.705+0000] {processor.py:770} WARNING - No viable dags retrieved from /opt/airflow/dags/hadoop-2.7.3/share/hadoop/httpfs/tomcat/lib/annotations-api.jar
[2022-10-25T14:35:02.746+0000] {processor.py:178} INFO - Processing /opt/airflow/dags/hadoop-2.7.3/share/hadoop/httpfs/tomcat/lib/annotations-api.jar took 0.070 seconds
[2022-10-25T14:35:03.280+0000] {processor.py:156} INFO - Started process (PID=29730) to work on /opt/airflow/dags/hadoop-2.7.3/share/hadoop/httpfs/tomcat/lib/annotations-api.jar
[2022-10-25T14:35:03.284+0000] {processor.py:758} INFO - Processing file /opt/airflow/dags/hadoop-2.7.3/share/hadoop/httpfs/tomcat/lib/annotations-api.jar for tasks to queue
[2022-10-25T14:35:03.288+0000] {logging_mixin.py:117} INFO - [2022-10-25T14:35:03.287+0000] {dagbag.py:525} INFO - Filling up the DagBag from /opt/airflow/dags/hadoop-2.7.3/share/hadoop/httpfs/tomcat/lib/annotations-api.jar
[2022-10-25T14:35:03.301+0000] {processor.py:770} WARNING - No viable dags retrieved from /opt/airflow/dags/hadoop-2.7.3/share/hadoop/httpfs/tomcat/lib/annotations-api.jar
[2022-10-25T14:35:03.347+0000] {processor.py:178} INFO - Processing /opt/airflow/dags/hadoop-2.7.3/share/hadoop/httpfs/tomcat/lib/annotations-api.jar took 0.077 seconds
[2022-10-25T14:35:49.719+0000] {processor.py:156} INFO - Started process (PID=29050) to work on /opt/airflow/dags/hadoop-2.7.3/share/hadoop/httpfs/tomcat/lib/annotations-api.jar
[2022-10-25T14:35:49.722+0000] {processor.py:758} INFO - Processing file /opt/airflow/dags/hadoop-2.7.3/share/hadoop/httpfs/tomcat/lib/annotations-api.jar for tasks to queue
[2022-10-25T14:35:49.725+0000] {logging_mixin.py:117} INFO - [2022-10-25T14:35:49.725+0000] {dagbag.py:525} INFO - Filling up the DagBag from /opt/airflow/dags/hadoop-2.7.3/share/hadoop/httpfs/tomcat/lib/annotations-api.jar
[2022-10-25T14:35:49.733+0000] {processor.py:770} WARNING - No viable dags retrieved from /opt/airflow/dags/hadoop-2.7.3/share/hadoop/httpfs/tomcat/lib/annotations-api.jar
[2022-10-25T14:35:49.790+0000] {processor.py:178} INFO - Processing /opt/airflow/dags/hadoop-2.7.3/share/hadoop/httpfs/tomcat/lib/annotations-api.jar took 0.081 seconds
[2022-10-25T14:35:50.738+0000] {processor.py:156} INFO - Started process (PID=30250) to work on /opt/airflow/dags/hadoop-2.7.3/share/hadoop/httpfs/tomcat/lib/annotations-api.jar
[2022-10-25T14:35:50.743+0000] {processor.py:758} INFO - Processing file /opt/airflow/dags/hadoop-2.7.3/share/hadoop/httpfs/tomcat/lib/annotations-api.jar for tasks to queue
[2022-10-25T14:35:50.745+0000] {logging_mixin.py:117} INFO - [2022-10-25T14:35:50.745+0000] {dagbag.py:525} INFO - Filling up the DagBag from /opt/airflow/dags/hadoop-2.7.3/share/hadoop/httpfs/tomcat/lib/annotations-api.jar
[2022-10-25T14:35:50.753+0000] {processor.py:770} WARNING - No viable dags retrieved from /opt/airflow/dags/hadoop-2.7.3/share/hadoop/httpfs/tomcat/lib/annotations-api.jar
[2022-10-25T14:35:50.810+0000] {processor.py:178} INFO - Processing /opt/airflow/dags/hadoop-2.7.3/share/hadoop/httpfs/tomcat/lib/annotations-api.jar took 0.084 seconds
[2022-10-25T14:36:40.808+0000] {processor.py:156} INFO - Started process (PID=30801) to work on /opt/airflow/dags/hadoop-2.7.3/share/hadoop/httpfs/tomcat/lib/annotations-api.jar
[2022-10-25T14:36:40.813+0000] {processor.py:758} INFO - Processing file /opt/airflow/dags/hadoop-2.7.3/share/hadoop/httpfs/tomcat/lib/annotations-api.jar for tasks to queue
[2022-10-25T14:36:40.822+0000] {logging_mixin.py:117} INFO - [2022-10-25T14:36:40.816+0000] {dagbag.py:525} INFO - Filling up the DagBag from /opt/airflow/dags/hadoop-2.7.3/share/hadoop/httpfs/tomcat/lib/annotations-api.jar
[2022-10-25T14:36:40.830+0000] {processor.py:770} WARNING - No viable dags retrieved from /opt/airflow/dags/hadoop-2.7.3/share/hadoop/httpfs/tomcat/lib/annotations-api.jar
[2022-10-25T14:36:40.890+0000] {processor.py:178} INFO - Processing /opt/airflow/dags/hadoop-2.7.3/share/hadoop/httpfs/tomcat/lib/annotations-api.jar took 0.114 seconds
[2022-10-25T14:36:41.732+0000] {processor.py:156} INFO - Started process (PID=29565) to work on /opt/airflow/dags/hadoop-2.7.3/share/hadoop/httpfs/tomcat/lib/annotations-api.jar
[2022-10-25T14:36:41.736+0000] {processor.py:758} INFO - Processing file /opt/airflow/dags/hadoop-2.7.3/share/hadoop/httpfs/tomcat/lib/annotations-api.jar for tasks to queue
[2022-10-25T14:36:41.739+0000] {logging_mixin.py:117} INFO - [2022-10-25T14:36:41.738+0000] {dagbag.py:525} INFO - Filling up the DagBag from /opt/airflow/dags/hadoop-2.7.3/share/hadoop/httpfs/tomcat/lib/annotations-api.jar
[2022-10-25T14:36:41.746+0000] {processor.py:770} WARNING - No viable dags retrieved from /opt/airflow/dags/hadoop-2.7.3/share/hadoop/httpfs/tomcat/lib/annotations-api.jar
[2022-10-25T14:36:41.802+0000] {processor.py:178} INFO - Processing /opt/airflow/dags/hadoop-2.7.3/share/hadoop/httpfs/tomcat/lib/annotations-api.jar took 0.078 seconds
[2022-10-25T14:37:24.442+0000] {processor.py:156} INFO - Started process (PID=30006) to work on /opt/airflow/dags/hadoop-2.7.3/share/hadoop/httpfs/tomcat/lib/annotations-api.jar
[2022-10-25T14:37:24.447+0000] {processor.py:758} INFO - Processing file /opt/airflow/dags/hadoop-2.7.3/share/hadoop/httpfs/tomcat/lib/annotations-api.jar for tasks to queue
[2022-10-25T14:37:24.450+0000] {logging_mixin.py:117} INFO - [2022-10-25T14:37:24.450+0000] {dagbag.py:525} INFO - Filling up the DagBag from /opt/airflow/dags/hadoop-2.7.3/share/hadoop/httpfs/tomcat/lib/annotations-api.jar
[2022-10-25T14:37:24.463+0000] {processor.py:770} WARNING - No viable dags retrieved from /opt/airflow/dags/hadoop-2.7.3/share/hadoop/httpfs/tomcat/lib/annotations-api.jar
[2022-10-25T14:37:24.498+0000] {processor.py:178} INFO - Processing /opt/airflow/dags/hadoop-2.7.3/share/hadoop/httpfs/tomcat/lib/annotations-api.jar took 0.066 seconds
[2022-10-25T14:37:29.486+0000] {processor.py:156} INFO - Started process (PID=31344) to work on /opt/airflow/dags/hadoop-2.7.3/share/hadoop/httpfs/tomcat/lib/annotations-api.jar
[2022-10-25T14:37:29.489+0000] {processor.py:758} INFO - Processing file /opt/airflow/dags/hadoop-2.7.3/share/hadoop/httpfs/tomcat/lib/annotations-api.jar for tasks to queue
[2022-10-25T14:37:29.492+0000] {logging_mixin.py:117} INFO - [2022-10-25T14:37:29.492+0000] {dagbag.py:525} INFO - Filling up the DagBag from /opt/airflow/dags/hadoop-2.7.3/share/hadoop/httpfs/tomcat/lib/annotations-api.jar
[2022-10-25T14:37:29.499+0000] {processor.py:770} WARNING - No viable dags retrieved from /opt/airflow/dags/hadoop-2.7.3/share/hadoop/httpfs/tomcat/lib/annotations-api.jar
[2022-10-25T14:37:29.555+0000] {processor.py:178} INFO - Processing /opt/airflow/dags/hadoop-2.7.3/share/hadoop/httpfs/tomcat/lib/annotations-api.jar took 0.079 seconds
[2022-10-25T14:38:04.805+0000] {processor.py:156} INFO - Started process (PID=30424) to work on /opt/airflow/dags/hadoop-2.7.3/share/hadoop/httpfs/tomcat/lib/annotations-api.jar
[2022-10-25T14:38:04.808+0000] {processor.py:758} INFO - Processing file /opt/airflow/dags/hadoop-2.7.3/share/hadoop/httpfs/tomcat/lib/annotations-api.jar for tasks to queue
[2022-10-25T14:38:04.811+0000] {logging_mixin.py:117} INFO - [2022-10-25T14:38:04.811+0000] {dagbag.py:525} INFO - Filling up the DagBag from /opt/airflow/dags/hadoop-2.7.3/share/hadoop/httpfs/tomcat/lib/annotations-api.jar
[2022-10-25T14:38:04.819+0000] {processor.py:770} WARNING - No viable dags retrieved from /opt/airflow/dags/hadoop-2.7.3/share/hadoop/httpfs/tomcat/lib/annotations-api.jar
[2022-10-25T14:38:04.882+0000] {processor.py:178} INFO - Processing /opt/airflow/dags/hadoop-2.7.3/share/hadoop/httpfs/tomcat/lib/annotations-api.jar took 0.091 seconds
[2022-10-25T14:38:21.857+0000] {processor.py:156} INFO - Started process (PID=31915) to work on /opt/airflow/dags/hadoop-2.7.3/share/hadoop/httpfs/tomcat/lib/annotations-api.jar
[2022-10-25T14:38:21.860+0000] {processor.py:758} INFO - Processing file /opt/airflow/dags/hadoop-2.7.3/share/hadoop/httpfs/tomcat/lib/annotations-api.jar for tasks to queue
[2022-10-25T14:38:21.863+0000] {logging_mixin.py:117} INFO - [2022-10-25T14:38:21.863+0000] {dagbag.py:525} INFO - Filling up the DagBag from /opt/airflow/dags/hadoop-2.7.3/share/hadoop/httpfs/tomcat/lib/annotations-api.jar
[2022-10-25T14:38:21.869+0000] {processor.py:770} WARNING - No viable dags retrieved from /opt/airflow/dags/hadoop-2.7.3/share/hadoop/httpfs/tomcat/lib/annotations-api.jar
[2022-10-25T14:38:21.901+0000] {processor.py:178} INFO - Processing /opt/airflow/dags/hadoop-2.7.3/share/hadoop/httpfs/tomcat/lib/annotations-api.jar took 0.053 seconds
[2022-10-25T14:38:44.320+0000] {processor.py:156} INFO - Started process (PID=30844) to work on /opt/airflow/dags/hadoop-2.7.3/share/hadoop/httpfs/tomcat/lib/annotations-api.jar
[2022-10-25T14:38:44.323+0000] {processor.py:758} INFO - Processing file /opt/airflow/dags/hadoop-2.7.3/share/hadoop/httpfs/tomcat/lib/annotations-api.jar for tasks to queue
[2022-10-25T14:38:44.326+0000] {logging_mixin.py:117} INFO - [2022-10-25T14:38:44.325+0000] {dagbag.py:525} INFO - Filling up the DagBag from /opt/airflow/dags/hadoop-2.7.3/share/hadoop/httpfs/tomcat/lib/annotations-api.jar
[2022-10-25T14:38:44.334+0000] {processor.py:770} WARNING - No viable dags retrieved from /opt/airflow/dags/hadoop-2.7.3/share/hadoop/httpfs/tomcat/lib/annotations-api.jar
[2022-10-25T14:38:44.373+0000] {processor.py:178} INFO - Processing /opt/airflow/dags/hadoop-2.7.3/share/hadoop/httpfs/tomcat/lib/annotations-api.jar took 0.061 seconds
[2022-10-25T14:39:12.779+0000] {processor.py:156} INFO - Started process (PID=32458) to work on /opt/airflow/dags/hadoop-2.7.3/share/hadoop/httpfs/tomcat/lib/annotations-api.jar
[2022-10-25T14:39:12.783+0000] {processor.py:758} INFO - Processing file /opt/airflow/dags/hadoop-2.7.3/share/hadoop/httpfs/tomcat/lib/annotations-api.jar for tasks to queue
[2022-10-25T14:39:12.787+0000] {logging_mixin.py:117} INFO - [2022-10-25T14:39:12.786+0000] {dagbag.py:525} INFO - Filling up the DagBag from /opt/airflow/dags/hadoop-2.7.3/share/hadoop/httpfs/tomcat/lib/annotations-api.jar
[2022-10-25T14:39:12.819+0000] {processor.py:770} WARNING - No viable dags retrieved from /opt/airflow/dags/hadoop-2.7.3/share/hadoop/httpfs/tomcat/lib/annotations-api.jar
[2022-10-25T14:39:12.871+0000] {processor.py:178} INFO - Processing /opt/airflow/dags/hadoop-2.7.3/share/hadoop/httpfs/tomcat/lib/annotations-api.jar took 0.106 seconds
[2022-10-25T14:40:06.537+0000] {processor.py:156} INFO - Started process (PID=31278) to work on /opt/airflow/dags/hadoop-2.7.3/share/hadoop/httpfs/tomcat/lib/annotations-api.jar
[2022-10-25T14:40:06.550+0000] {processor.py:758} INFO - Processing file /opt/airflow/dags/hadoop-2.7.3/share/hadoop/httpfs/tomcat/lib/annotations-api.jar for tasks to queue
[2022-10-25T14:40:06.556+0000] {logging_mixin.py:117} INFO - [2022-10-25T14:40:06.556+0000] {dagbag.py:525} INFO - Filling up the DagBag from /opt/airflow/dags/hadoop-2.7.3/share/hadoop/httpfs/tomcat/lib/annotations-api.jar
[2022-10-25T14:40:06.568+0000] {processor.py:770} WARNING - No viable dags retrieved from /opt/airflow/dags/hadoop-2.7.3/share/hadoop/httpfs/tomcat/lib/annotations-api.jar
[2022-10-25T14:40:06.613+0000] {processor.py:178} INFO - Processing /opt/airflow/dags/hadoop-2.7.3/share/hadoop/httpfs/tomcat/lib/annotations-api.jar took 0.088 seconds
[2022-10-25T14:40:17.977+0000] {processor.py:156} INFO - Started process (PID=32743) to work on /opt/airflow/dags/hadoop-2.7.3/share/hadoop/httpfs/tomcat/lib/annotations-api.jar
[2022-10-25T14:40:17.980+0000] {processor.py:758} INFO - Processing file /opt/airflow/dags/hadoop-2.7.3/share/hadoop/httpfs/tomcat/lib/annotations-api.jar for tasks to queue
[2022-10-25T14:40:17.983+0000] {logging_mixin.py:117} INFO - [2022-10-25T14:40:17.982+0000] {dagbag.py:525} INFO - Filling up the DagBag from /opt/airflow/dags/hadoop-2.7.3/share/hadoop/httpfs/tomcat/lib/annotations-api.jar
[2022-10-25T14:40:18.005+0000] {processor.py:770} WARNING - No viable dags retrieved from /opt/airflow/dags/hadoop-2.7.3/share/hadoop/httpfs/tomcat/lib/annotations-api.jar
[2022-10-25T14:40:18.053+0000] {processor.py:178} INFO - Processing /opt/airflow/dags/hadoop-2.7.3/share/hadoop/httpfs/tomcat/lib/annotations-api.jar took 0.083 seconds
[2022-10-25T14:40:56.088+0000] {processor.py:156} INFO - Started process (PID=31801) to work on /opt/airflow/dags/hadoop-2.7.3/share/hadoop/httpfs/tomcat/lib/annotations-api.jar
[2022-10-25T14:40:56.090+0000] {processor.py:758} INFO - Processing file /opt/airflow/dags/hadoop-2.7.3/share/hadoop/httpfs/tomcat/lib/annotations-api.jar for tasks to queue
[2022-10-25T14:40:56.093+0000] {logging_mixin.py:117} INFO - [2022-10-25T14:40:56.093+0000] {dagbag.py:525} INFO - Filling up the DagBag from /opt/airflow/dags/hadoop-2.7.3/share/hadoop/httpfs/tomcat/lib/annotations-api.jar
[2022-10-25T14:40:56.100+0000] {processor.py:770} WARNING - No viable dags retrieved from /opt/airflow/dags/hadoop-2.7.3/share/hadoop/httpfs/tomcat/lib/annotations-api.jar
[2022-10-25T14:40:56.154+0000] {processor.py:178} INFO - Processing /opt/airflow/dags/hadoop-2.7.3/share/hadoop/httpfs/tomcat/lib/annotations-api.jar took 0.075 seconds
[2022-10-25T14:41:00.291+0000] {processor.py:156} INFO - Started process (PID=33202) to work on /opt/airflow/dags/hadoop-2.7.3/share/hadoop/httpfs/tomcat/lib/annotations-api.jar
[2022-10-25T14:41:00.294+0000] {processor.py:758} INFO - Processing file /opt/airflow/dags/hadoop-2.7.3/share/hadoop/httpfs/tomcat/lib/annotations-api.jar for tasks to queue
[2022-10-25T14:41:00.301+0000] {logging_mixin.py:117} INFO - [2022-10-25T14:41:00.301+0000] {dagbag.py:525} INFO - Filling up the DagBag from /opt/airflow/dags/hadoop-2.7.3/share/hadoop/httpfs/tomcat/lib/annotations-api.jar
[2022-10-25T14:41:00.312+0000] {processor.py:770} WARNING - No viable dags retrieved from /opt/airflow/dags/hadoop-2.7.3/share/hadoop/httpfs/tomcat/lib/annotations-api.jar
[2022-10-25T14:41:00.373+0000] {processor.py:178} INFO - Processing /opt/airflow/dags/hadoop-2.7.3/share/hadoop/httpfs/tomcat/lib/annotations-api.jar took 0.091 seconds
[2022-10-25T14:41:34.061+0000] {processor.py:156} INFO - Started process (PID=32195) to work on /opt/airflow/dags/hadoop-2.7.3/share/hadoop/httpfs/tomcat/lib/annotations-api.jar
[2022-10-25T14:41:34.064+0000] {processor.py:758} INFO - Processing file /opt/airflow/dags/hadoop-2.7.3/share/hadoop/httpfs/tomcat/lib/annotations-api.jar for tasks to queue
[2022-10-25T14:41:34.067+0000] {logging_mixin.py:117} INFO - [2022-10-25T14:41:34.067+0000] {dagbag.py:525} INFO - Filling up the DagBag from /opt/airflow/dags/hadoop-2.7.3/share/hadoop/httpfs/tomcat/lib/annotations-api.jar
[2022-10-25T14:41:34.078+0000] {processor.py:770} WARNING - No viable dags retrieved from /opt/airflow/dags/hadoop-2.7.3/share/hadoop/httpfs/tomcat/lib/annotations-api.jar
[2022-10-25T14:41:34.128+0000] {processor.py:178} INFO - Processing /opt/airflow/dags/hadoop-2.7.3/share/hadoop/httpfs/tomcat/lib/annotations-api.jar took 0.077 seconds
[2022-10-25T14:41:51.624+0000] {processor.py:156} INFO - Started process (PID=33726) to work on /opt/airflow/dags/hadoop-2.7.3/share/hadoop/httpfs/tomcat/lib/annotations-api.jar
[2022-10-25T14:41:51.628+0000] {processor.py:758} INFO - Processing file /opt/airflow/dags/hadoop-2.7.3/share/hadoop/httpfs/tomcat/lib/annotations-api.jar for tasks to queue
[2022-10-25T14:41:51.640+0000] {logging_mixin.py:117} INFO - [2022-10-25T14:41:51.639+0000] {dagbag.py:525} INFO - Filling up the DagBag from /opt/airflow/dags/hadoop-2.7.3/share/hadoop/httpfs/tomcat/lib/annotations-api.jar
[2022-10-25T14:41:51.659+0000] {processor.py:770} WARNING - No viable dags retrieved from /opt/airflow/dags/hadoop-2.7.3/share/hadoop/httpfs/tomcat/lib/annotations-api.jar
[2022-10-25T14:41:51.715+0000] {processor.py:178} INFO - Processing /opt/airflow/dags/hadoop-2.7.3/share/hadoop/httpfs/tomcat/lib/annotations-api.jar took 0.120 seconds
[2022-10-25T14:42:12.757+0000] {processor.py:156} INFO - Started process (PID=32604) to work on /opt/airflow/dags/hadoop-2.7.3/share/hadoop/httpfs/tomcat/lib/annotations-api.jar
[2022-10-25T14:42:12.760+0000] {processor.py:758} INFO - Processing file /opt/airflow/dags/hadoop-2.7.3/share/hadoop/httpfs/tomcat/lib/annotations-api.jar for tasks to queue
[2022-10-25T14:42:12.763+0000] {logging_mixin.py:117} INFO - [2022-10-25T14:42:12.763+0000] {dagbag.py:525} INFO - Filling up the DagBag from /opt/airflow/dags/hadoop-2.7.3/share/hadoop/httpfs/tomcat/lib/annotations-api.jar
[2022-10-25T14:42:12.772+0000] {processor.py:770} WARNING - No viable dags retrieved from /opt/airflow/dags/hadoop-2.7.3/share/hadoop/httpfs/tomcat/lib/annotations-api.jar
[2022-10-25T14:42:12.848+0000] {processor.py:178} INFO - Processing /opt/airflow/dags/hadoop-2.7.3/share/hadoop/httpfs/tomcat/lib/annotations-api.jar took 0.098 seconds
[2022-10-25T14:42:29.576+0000] {processor.py:156} INFO - Started process (PID=34127) to work on /opt/airflow/dags/hadoop-2.7.3/share/hadoop/httpfs/tomcat/lib/annotations-api.jar
[2022-10-25T14:42:29.579+0000] {processor.py:758} INFO - Processing file /opt/airflow/dags/hadoop-2.7.3/share/hadoop/httpfs/tomcat/lib/annotations-api.jar for tasks to queue
[2022-10-25T14:42:29.582+0000] {logging_mixin.py:117} INFO - [2022-10-25T14:42:29.582+0000] {dagbag.py:525} INFO - Filling up the DagBag from /opt/airflow/dags/hadoop-2.7.3/share/hadoop/httpfs/tomcat/lib/annotations-api.jar
[2022-10-25T14:42:29.594+0000] {processor.py:770} WARNING - No viable dags retrieved from /opt/airflow/dags/hadoop-2.7.3/share/hadoop/httpfs/tomcat/lib/annotations-api.jar
[2022-10-25T14:42:29.626+0000] {processor.py:178} INFO - Processing /opt/airflow/dags/hadoop-2.7.3/share/hadoop/httpfs/tomcat/lib/annotations-api.jar took 0.058 seconds
[2022-10-25T14:42:51.003+0000] {processor.py:156} INFO - Started process (PID=33000) to work on /opt/airflow/dags/hadoop-2.7.3/share/hadoop/httpfs/tomcat/lib/annotations-api.jar
[2022-10-25T14:42:51.006+0000] {processor.py:758} INFO - Processing file /opt/airflow/dags/hadoop-2.7.3/share/hadoop/httpfs/tomcat/lib/annotations-api.jar for tasks to queue
[2022-10-25T14:42:51.008+0000] {logging_mixin.py:117} INFO - [2022-10-25T14:42:51.008+0000] {dagbag.py:525} INFO - Filling up the DagBag from /opt/airflow/dags/hadoop-2.7.3/share/hadoop/httpfs/tomcat/lib/annotations-api.jar
[2022-10-25T14:42:51.014+0000] {processor.py:770} WARNING - No viable dags retrieved from /opt/airflow/dags/hadoop-2.7.3/share/hadoop/httpfs/tomcat/lib/annotations-api.jar
[2022-10-25T14:42:51.046+0000] {processor.py:178} INFO - Processing /opt/airflow/dags/hadoop-2.7.3/share/hadoop/httpfs/tomcat/lib/annotations-api.jar took 0.050 seconds
[2022-10-25T14:43:10.183+0000] {processor.py:156} INFO - Started process (PID=34583) to work on /opt/airflow/dags/hadoop-2.7.3/share/hadoop/httpfs/tomcat/lib/annotations-api.jar
[2022-10-25T14:43:10.187+0000] {processor.py:758} INFO - Processing file /opt/airflow/dags/hadoop-2.7.3/share/hadoop/httpfs/tomcat/lib/annotations-api.jar for tasks to queue
[2022-10-25T14:43:10.190+0000] {logging_mixin.py:117} INFO - [2022-10-25T14:43:10.190+0000] {dagbag.py:525} INFO - Filling up the DagBag from /opt/airflow/dags/hadoop-2.7.3/share/hadoop/httpfs/tomcat/lib/annotations-api.jar
[2022-10-25T14:43:10.198+0000] {processor.py:770} WARNING - No viable dags retrieved from /opt/airflow/dags/hadoop-2.7.3/share/hadoop/httpfs/tomcat/lib/annotations-api.jar
[2022-10-25T14:43:10.260+0000] {processor.py:178} INFO - Processing /opt/airflow/dags/hadoop-2.7.3/share/hadoop/httpfs/tomcat/lib/annotations-api.jar took 0.088 seconds
[2022-10-25T14:43:31.098+0000] {processor.py:156} INFO - Started process (PID=33405) to work on /opt/airflow/dags/hadoop-2.7.3/share/hadoop/httpfs/tomcat/lib/annotations-api.jar
[2022-10-25T14:43:31.101+0000] {processor.py:758} INFO - Processing file /opt/airflow/dags/hadoop-2.7.3/share/hadoop/httpfs/tomcat/lib/annotations-api.jar for tasks to queue
[2022-10-25T14:43:31.104+0000] {logging_mixin.py:117} INFO - [2022-10-25T14:43:31.104+0000] {dagbag.py:525} INFO - Filling up the DagBag from /opt/airflow/dags/hadoop-2.7.3/share/hadoop/httpfs/tomcat/lib/annotations-api.jar
[2022-10-25T14:43:31.111+0000] {processor.py:770} WARNING - No viable dags retrieved from /opt/airflow/dags/hadoop-2.7.3/share/hadoop/httpfs/tomcat/lib/annotations-api.jar
[2022-10-25T14:43:31.168+0000] {processor.py:178} INFO - Processing /opt/airflow/dags/hadoop-2.7.3/share/hadoop/httpfs/tomcat/lib/annotations-api.jar took 0.078 seconds
[2022-10-25T14:43:57.004+0000] {processor.py:156} INFO - Started process (PID=35112) to work on /opt/airflow/dags/hadoop-2.7.3/share/hadoop/httpfs/tomcat/lib/annotations-api.jar
[2022-10-25T14:43:57.007+0000] {processor.py:758} INFO - Processing file /opt/airflow/dags/hadoop-2.7.3/share/hadoop/httpfs/tomcat/lib/annotations-api.jar for tasks to queue
[2022-10-25T14:43:57.009+0000] {logging_mixin.py:117} INFO - [2022-10-25T14:43:57.009+0000] {dagbag.py:525} INFO - Filling up the DagBag from /opt/airflow/dags/hadoop-2.7.3/share/hadoop/httpfs/tomcat/lib/annotations-api.jar
[2022-10-25T14:43:57.018+0000] {processor.py:770} WARNING - No viable dags retrieved from /opt/airflow/dags/hadoop-2.7.3/share/hadoop/httpfs/tomcat/lib/annotations-api.jar
[2022-10-25T14:43:57.074+0000] {processor.py:178} INFO - Processing /opt/airflow/dags/hadoop-2.7.3/share/hadoop/httpfs/tomcat/lib/annotations-api.jar took 0.094 seconds
[2022-10-25T15:03:20.366+0000] {processor.py:156} INFO - Started process (PID=33960) to work on /opt/airflow/dags/hadoop-2.7.3/share/hadoop/httpfs/tomcat/lib/annotations-api.jar
[2022-10-25T15:03:20.373+0000] {processor.py:758} INFO - Processing file /opt/airflow/dags/hadoop-2.7.3/share/hadoop/httpfs/tomcat/lib/annotations-api.jar for tasks to queue
[2022-10-25T15:03:20.379+0000] {logging_mixin.py:117} INFO - [2022-10-25T15:03:20.379+0000] {dagbag.py:525} INFO - Filling up the DagBag from /opt/airflow/dags/hadoop-2.7.3/share/hadoop/httpfs/tomcat/lib/annotations-api.jar
[2022-10-25T15:03:20.403+0000] {processor.py:770} WARNING - No viable dags retrieved from /opt/airflow/dags/hadoop-2.7.3/share/hadoop/httpfs/tomcat/lib/annotations-api.jar
[2022-10-25T15:03:20.447+0000] {processor.py:178} INFO - Processing /opt/airflow/dags/hadoop-2.7.3/share/hadoop/httpfs/tomcat/lib/annotations-api.jar took 0.091 seconds
[2022-10-25T15:03:42.911+0000] {processor.py:156} INFO - Started process (PID=35628) to work on /opt/airflow/dags/hadoop-2.7.3/share/hadoop/httpfs/tomcat/lib/annotations-api.jar
[2022-10-25T15:03:42.914+0000] {processor.py:758} INFO - Processing file /opt/airflow/dags/hadoop-2.7.3/share/hadoop/httpfs/tomcat/lib/annotations-api.jar for tasks to queue
[2022-10-25T15:03:42.916+0000] {logging_mixin.py:117} INFO - [2022-10-25T15:03:42.915+0000] {dagbag.py:525} INFO - Filling up the DagBag from /opt/airflow/dags/hadoop-2.7.3/share/hadoop/httpfs/tomcat/lib/annotations-api.jar
[2022-10-25T15:03:42.928+0000] {processor.py:770} WARNING - No viable dags retrieved from /opt/airflow/dags/hadoop-2.7.3/share/hadoop/httpfs/tomcat/lib/annotations-api.jar
[2022-10-25T15:03:42.963+0000] {processor.py:178} INFO - Processing /opt/airflow/dags/hadoop-2.7.3/share/hadoop/httpfs/tomcat/lib/annotations-api.jar took 0.059 seconds
[2022-10-25T15:05:00.625+0000] {processor.py:156} INFO - Started process (PID=34500) to work on /opt/airflow/dags/hadoop-2.7.3/share/hadoop/httpfs/tomcat/lib/annotations-api.jar
[2022-10-25T15:05:00.628+0000] {processor.py:758} INFO - Processing file /opt/airflow/dags/hadoop-2.7.3/share/hadoop/httpfs/tomcat/lib/annotations-api.jar for tasks to queue
[2022-10-25T15:05:00.631+0000] {logging_mixin.py:117} INFO - [2022-10-25T15:05:00.631+0000] {dagbag.py:525} INFO - Filling up the DagBag from /opt/airflow/dags/hadoop-2.7.3/share/hadoop/httpfs/tomcat/lib/annotations-api.jar
[2022-10-25T15:05:00.644+0000] {processor.py:770} WARNING - No viable dags retrieved from /opt/airflow/dags/hadoop-2.7.3/share/hadoop/httpfs/tomcat/lib/annotations-api.jar
[2022-10-25T15:05:00.681+0000] {processor.py:178} INFO - Processing /opt/airflow/dags/hadoop-2.7.3/share/hadoop/httpfs/tomcat/lib/annotations-api.jar took 0.072 seconds
[2022-10-25T15:05:13.995+0000] {processor.py:156} INFO - Started process (PID=36177) to work on /opt/airflow/dags/hadoop-2.7.3/share/hadoop/httpfs/tomcat/lib/annotations-api.jar
[2022-10-25T15:05:13.999+0000] {processor.py:758} INFO - Processing file /opt/airflow/dags/hadoop-2.7.3/share/hadoop/httpfs/tomcat/lib/annotations-api.jar for tasks to queue
[2022-10-25T15:05:14.001+0000] {logging_mixin.py:117} INFO - [2022-10-25T15:05:14.001+0000] {dagbag.py:525} INFO - Filling up the DagBag from /opt/airflow/dags/hadoop-2.7.3/share/hadoop/httpfs/tomcat/lib/annotations-api.jar
[2022-10-25T15:05:14.013+0000] {processor.py:770} WARNING - No viable dags retrieved from /opt/airflow/dags/hadoop-2.7.3/share/hadoop/httpfs/tomcat/lib/annotations-api.jar
[2022-10-25T15:05:14.060+0000] {processor.py:178} INFO - Processing /opt/airflow/dags/hadoop-2.7.3/share/hadoop/httpfs/tomcat/lib/annotations-api.jar took 0.073 seconds
[2022-10-25T15:05:51.296+0000] {processor.py:156} INFO - Started process (PID=34994) to work on /opt/airflow/dags/hadoop-2.7.3/share/hadoop/httpfs/tomcat/lib/annotations-api.jar
[2022-10-25T15:05:51.299+0000] {processor.py:758} INFO - Processing file /opt/airflow/dags/hadoop-2.7.3/share/hadoop/httpfs/tomcat/lib/annotations-api.jar for tasks to queue
[2022-10-25T15:05:51.302+0000] {logging_mixin.py:117} INFO - [2022-10-25T15:05:51.302+0000] {dagbag.py:525} INFO - Filling up the DagBag from /opt/airflow/dags/hadoop-2.7.3/share/hadoop/httpfs/tomcat/lib/annotations-api.jar
[2022-10-25T15:05:51.309+0000] {processor.py:770} WARNING - No viable dags retrieved from /opt/airflow/dags/hadoop-2.7.3/share/hadoop/httpfs/tomcat/lib/annotations-api.jar
[2022-10-25T15:05:51.345+0000] {processor.py:178} INFO - Processing /opt/airflow/dags/hadoop-2.7.3/share/hadoop/httpfs/tomcat/lib/annotations-api.jar took 0.057 seconds
[2022-10-25T15:06:03.833+0000] {processor.py:156} INFO - Started process (PID=36699) to work on /opt/airflow/dags/hadoop-2.7.3/share/hadoop/httpfs/tomcat/lib/annotations-api.jar
[2022-10-25T15:06:03.838+0000] {processor.py:758} INFO - Processing file /opt/airflow/dags/hadoop-2.7.3/share/hadoop/httpfs/tomcat/lib/annotations-api.jar for tasks to queue
[2022-10-25T15:06:03.841+0000] {logging_mixin.py:117} INFO - [2022-10-25T15:06:03.840+0000] {dagbag.py:525} INFO - Filling up the DagBag from /opt/airflow/dags/hadoop-2.7.3/share/hadoop/httpfs/tomcat/lib/annotations-api.jar
[2022-10-25T15:06:03.850+0000] {processor.py:770} WARNING - No viable dags retrieved from /opt/airflow/dags/hadoop-2.7.3/share/hadoop/httpfs/tomcat/lib/annotations-api.jar
[2022-10-25T15:06:03.899+0000] {processor.py:178} INFO - Processing /opt/airflow/dags/hadoop-2.7.3/share/hadoop/httpfs/tomcat/lib/annotations-api.jar took 0.075 seconds
[2022-10-25T15:06:39.808+0000] {processor.py:156} INFO - Started process (PID=35509) to work on /opt/airflow/dags/hadoop-2.7.3/share/hadoop/httpfs/tomcat/lib/annotations-api.jar
[2022-10-25T15:06:39.811+0000] {processor.py:758} INFO - Processing file /opt/airflow/dags/hadoop-2.7.3/share/hadoop/httpfs/tomcat/lib/annotations-api.jar for tasks to queue
[2022-10-25T15:06:39.815+0000] {logging_mixin.py:117} INFO - [2022-10-25T15:06:39.815+0000] {dagbag.py:525} INFO - Filling up the DagBag from /opt/airflow/dags/hadoop-2.7.3/share/hadoop/httpfs/tomcat/lib/annotations-api.jar
[2022-10-25T15:06:39.823+0000] {processor.py:770} WARNING - No viable dags retrieved from /opt/airflow/dags/hadoop-2.7.3/share/hadoop/httpfs/tomcat/lib/annotations-api.jar
[2022-10-25T15:06:39.874+0000] {processor.py:178} INFO - Processing /opt/airflow/dags/hadoop-2.7.3/share/hadoop/httpfs/tomcat/lib/annotations-api.jar took 0.077 seconds
[2022-10-25T15:06:40.386+0000] {processor.py:156} INFO - Started process (PID=37141) to work on /opt/airflow/dags/hadoop-2.7.3/share/hadoop/httpfs/tomcat/lib/annotations-api.jar
[2022-10-25T15:06:40.388+0000] {processor.py:758} INFO - Processing file /opt/airflow/dags/hadoop-2.7.3/share/hadoop/httpfs/tomcat/lib/annotations-api.jar for tasks to queue
[2022-10-25T15:06:40.390+0000] {logging_mixin.py:117} INFO - [2022-10-25T15:06:40.390+0000] {dagbag.py:525} INFO - Filling up the DagBag from /opt/airflow/dags/hadoop-2.7.3/share/hadoop/httpfs/tomcat/lib/annotations-api.jar
[2022-10-25T15:06:40.400+0000] {processor.py:770} WARNING - No viable dags retrieved from /opt/airflow/dags/hadoop-2.7.3/share/hadoop/httpfs/tomcat/lib/annotations-api.jar
[2022-10-25T15:06:40.446+0000] {processor.py:178} INFO - Processing /opt/airflow/dags/hadoop-2.7.3/share/hadoop/httpfs/tomcat/lib/annotations-api.jar took 0.069 seconds
