[2022-10-17 17:09:13,589] {taskinstance.py:1179} INFO - Dependencies all met for <TaskInstance: generate_data.export_tables_to_dir manual__2022-10-17T17:08:06.007293+00:00 [queued]>
[2022-10-17 17:09:13,608] {taskinstance.py:1179} INFO - Dependencies all met for <TaskInstance: generate_data.export_tables_to_dir manual__2022-10-17T17:08:06.007293+00:00 [queued]>
[2022-10-17 17:09:13,609] {taskinstance.py:1376} INFO - 
--------------------------------------------------------------------------------
[2022-10-17 17:09:13,610] {taskinstance.py:1377} INFO - Starting attempt 2 of 2
[2022-10-17 17:09:13,611] {taskinstance.py:1378} INFO - 
--------------------------------------------------------------------------------
[2022-10-17 17:09:13,637] {taskinstance.py:1397} INFO - Executing <Task(PythonOperator): export_tables_to_dir> on 2022-10-17 17:08:06.007293+00:00
[2022-10-17 17:09:13,648] {standard_task_runner.py:52} INFO - Started process 45250 to run task
[2022-10-17 17:09:13,658] {standard_task_runner.py:79} INFO - Running: ['***', 'tasks', 'run', 'generate_data', 'export_tables_to_dir', 'manual__2022-10-17T17:08:06.007293+00:00', '--job-id', '395', '--raw', '--subdir', 'DAGS_FOLDER/generate_data.py', '--cfg-path', '/tmp/tmpwsr404s6', '--error-file', '/tmp/tmp609wwb_s']
[2022-10-17 17:09:13,661] {standard_task_runner.py:80} INFO - Job 395: Subtask export_tables_to_dir
[2022-10-17 17:09:13,798] {task_command.py:371} INFO - Running <TaskInstance: generate_data.export_tables_to_dir manual__2022-10-17T17:08:06.007293+00:00 [running]> on host 614e96fbdf07
[2022-10-17 17:09:13,915] {taskinstance.py:1591} INFO - Exporting the following env vars:
AIRFLOW_CTX_DAG_OWNER=***
AIRFLOW_CTX_DAG_ID=generate_data
AIRFLOW_CTX_TASK_ID=export_tables_to_dir
AIRFLOW_CTX_EXECUTION_DATE=2022-10-17T17:08:06.007293+00:00
AIRFLOW_CTX_TRY_NUMBER=2
AIRFLOW_CTX_DAG_RUN_ID=manual__2022-10-17T17:08:06.007293+00:00
[2022-10-17 17:09:13,935] {export_tables.py:37} INFO - Connection to database success
[2022-10-17 17:09:13,939] {export_tables.py:122} INFO - Working on transaction
[2022-10-17 17:09:13,944] {export_tables.py:86} INFO - Exporting 1301 rows into csv.
[2022-10-17 17:09:13,947] {export_tables.py:96} CRITICAL - <class 'psycopg2.errors.SyntaxError'>
[2022-10-17 17:09:13,953] {export_tables.py:97} CRITICAL - syntax error at or near "\"
LINE 1: \copy transaction to '/opt/transaction/transaction_2022-10-1...
        ^

[2022-10-17 17:09:13,957] {export_tables.py:98} CRITICAL - Something went wrong at exporting the table to container storage
[2022-10-17 17:09:13,958] {export_tables.py:122} INFO - Working on customer
[2022-10-17 17:09:13,963] {taskinstance.py:1909} ERROR - Task failed with exception
Traceback (most recent call last):
  File "/home/airflow/.local/lib/python3.7/site-packages/airflow/operators/python.py", line 171, in execute
    return_value = self.execute_callable()
  File "/home/airflow/.local/lib/python3.7/site-packages/airflow/operators/python.py", line 189, in execute_callable
    return self.python_callable(*self.op_args, **self.op_kwargs)
  File "/opt/airflow/dags/export_tables.py", line 123, in export
    copy_table(cursor=connection_cursor, conn=connection, path=f'/opt/{table.get(_)}', table=table.get(_), days=days)
  File "/opt/airflow/dags/export_tables.py", line 85, in copy_table
    rows = count_rows(cursor, table=table)
  File "/opt/airflow/dags/export_tables.py", line 49, in count_rows
    cursor.execute(f'SELECT * FROM {table}')
psycopg2.errors.InFailedSqlTransaction: current transaction is aborted, commands ignored until end of transaction block

[2022-10-17 17:09:13,981] {taskinstance.py:1420} INFO - Marking task as FAILED. dag_id=generate_data, task_id=export_tables_to_dir, execution_date=20221017T170806, start_date=20221017T170913, end_date=20221017T170913
[2022-10-17 17:09:14,013] {standard_task_runner.py:97} ERROR - Failed to execute job 395 for task export_tables_to_dir (current transaction is aborted, commands ignored until end of transaction block
; 45250)
[2022-10-17 17:09:14,034] {local_task_job.py:156} INFO - Task exited with return code 1
[2022-10-17 17:09:14,089] {local_task_job.py:273} INFO - 0 downstream tasks scheduled from follow-on schedule check
