[2022-10-25T00:38:01.358+0000] {processor.py:156} INFO - Started process (PID=4564) to work on /opt/airflow/dags/hadoop-2.7.3/share/hadoop/tools/lib/commons-compress-1.4.1.jar
[2022-10-25T00:38:01.360+0000] {processor.py:758} INFO - Processing file /opt/airflow/dags/hadoop-2.7.3/share/hadoop/tools/lib/commons-compress-1.4.1.jar for tasks to queue
[2022-10-25T00:38:01.363+0000] {logging_mixin.py:117} INFO - [2022-10-25T00:38:01.362+0000] {dagbag.py:525} INFO - Filling up the DagBag from /opt/airflow/dags/hadoop-2.7.3/share/hadoop/tools/lib/commons-compress-1.4.1.jar
[2022-10-25T00:38:01.375+0000] {processor.py:770} WARNING - No viable dags retrieved from /opt/airflow/dags/hadoop-2.7.3/share/hadoop/tools/lib/commons-compress-1.4.1.jar
[2022-10-25T00:38:01.409+0000] {processor.py:178} INFO - Processing /opt/airflow/dags/hadoop-2.7.3/share/hadoop/tools/lib/commons-compress-1.4.1.jar took 0.057 seconds
[2022-10-25T00:38:29.959+0000] {processor.py:156} INFO - Started process (PID=2592) to work on /opt/airflow/dags/hadoop-2.7.3/share/hadoop/tools/lib/commons-compress-1.4.1.jar
[2022-10-25T00:38:29.964+0000] {processor.py:758} INFO - Processing file /opt/airflow/dags/hadoop-2.7.3/share/hadoop/tools/lib/commons-compress-1.4.1.jar for tasks to queue
[2022-10-25T00:38:29.980+0000] {logging_mixin.py:117} INFO - [2022-10-25T00:38:29.979+0000] {dagbag.py:525} INFO - Filling up the DagBag from /opt/airflow/dags/hadoop-2.7.3/share/hadoop/tools/lib/commons-compress-1.4.1.jar
[2022-10-25T00:38:29.990+0000] {processor.py:770} WARNING - No viable dags retrieved from /opt/airflow/dags/hadoop-2.7.3/share/hadoop/tools/lib/commons-compress-1.4.1.jar
[2022-10-25T00:38:30.033+0000] {processor.py:178} INFO - Processing /opt/airflow/dags/hadoop-2.7.3/share/hadoop/tools/lib/commons-compress-1.4.1.jar took 0.086 seconds
[2022-10-25T00:38:40.539+0000] {processor.py:156} INFO - Started process (PID=5080) to work on /opt/airflow/dags/hadoop-2.7.3/share/hadoop/tools/lib/commons-compress-1.4.1.jar
[2022-10-25T00:38:40.541+0000] {processor.py:758} INFO - Processing file /opt/airflow/dags/hadoop-2.7.3/share/hadoop/tools/lib/commons-compress-1.4.1.jar for tasks to queue
[2022-10-25T00:38:40.543+0000] {logging_mixin.py:117} INFO - [2022-10-25T00:38:40.543+0000] {dagbag.py:525} INFO - Filling up the DagBag from /opt/airflow/dags/hadoop-2.7.3/share/hadoop/tools/lib/commons-compress-1.4.1.jar
[2022-10-25T00:38:40.560+0000] {processor.py:770} WARNING - No viable dags retrieved from /opt/airflow/dags/hadoop-2.7.3/share/hadoop/tools/lib/commons-compress-1.4.1.jar
[2022-10-25T00:38:40.608+0000] {processor.py:178} INFO - Processing /opt/airflow/dags/hadoop-2.7.3/share/hadoop/tools/lib/commons-compress-1.4.1.jar took 0.080 seconds
[2022-10-25T00:39:08.888+0000] {processor.py:156} INFO - Started process (PID=3101) to work on /opt/airflow/dags/hadoop-2.7.3/share/hadoop/tools/lib/commons-compress-1.4.1.jar
[2022-10-25T00:39:08.891+0000] {processor.py:758} INFO - Processing file /opt/airflow/dags/hadoop-2.7.3/share/hadoop/tools/lib/commons-compress-1.4.1.jar for tasks to queue
[2022-10-25T00:39:08.895+0000] {logging_mixin.py:117} INFO - [2022-10-25T00:39:08.894+0000] {dagbag.py:525} INFO - Filling up the DagBag from /opt/airflow/dags/hadoop-2.7.3/share/hadoop/tools/lib/commons-compress-1.4.1.jar
[2022-10-25T00:39:08.902+0000] {processor.py:770} WARNING - No viable dags retrieved from /opt/airflow/dags/hadoop-2.7.3/share/hadoop/tools/lib/commons-compress-1.4.1.jar
[2022-10-25T00:39:08.942+0000] {processor.py:178} INFO - Processing /opt/airflow/dags/hadoop-2.7.3/share/hadoop/tools/lib/commons-compress-1.4.1.jar took 0.059 seconds
[2022-10-25T00:39:20.959+0000] {processor.py:156} INFO - Started process (PID=5595) to work on /opt/airflow/dags/hadoop-2.7.3/share/hadoop/tools/lib/commons-compress-1.4.1.jar
[2022-10-25T00:39:20.962+0000] {processor.py:758} INFO - Processing file /opt/airflow/dags/hadoop-2.7.3/share/hadoop/tools/lib/commons-compress-1.4.1.jar for tasks to queue
[2022-10-25T00:39:20.964+0000] {logging_mixin.py:117} INFO - [2022-10-25T00:39:20.964+0000] {dagbag.py:525} INFO - Filling up the DagBag from /opt/airflow/dags/hadoop-2.7.3/share/hadoop/tools/lib/commons-compress-1.4.1.jar
[2022-10-25T00:39:20.975+0000] {processor.py:770} WARNING - No viable dags retrieved from /opt/airflow/dags/hadoop-2.7.3/share/hadoop/tools/lib/commons-compress-1.4.1.jar
[2022-10-25T00:39:21.016+0000] {processor.py:178} INFO - Processing /opt/airflow/dags/hadoop-2.7.3/share/hadoop/tools/lib/commons-compress-1.4.1.jar took 0.066 seconds
[2022-10-25T00:39:50.875+0000] {processor.py:156} INFO - Started process (PID=3618) to work on /opt/airflow/dags/hadoop-2.7.3/share/hadoop/tools/lib/commons-compress-1.4.1.jar
[2022-10-25T00:39:50.878+0000] {processor.py:758} INFO - Processing file /opt/airflow/dags/hadoop-2.7.3/share/hadoop/tools/lib/commons-compress-1.4.1.jar for tasks to queue
[2022-10-25T00:39:50.883+0000] {logging_mixin.py:117} INFO - [2022-10-25T00:39:50.882+0000] {dagbag.py:525} INFO - Filling up the DagBag from /opt/airflow/dags/hadoop-2.7.3/share/hadoop/tools/lib/commons-compress-1.4.1.jar
[2022-10-25T00:39:50.893+0000] {processor.py:770} WARNING - No viable dags retrieved from /opt/airflow/dags/hadoop-2.7.3/share/hadoop/tools/lib/commons-compress-1.4.1.jar
[2022-10-25T00:39:50.926+0000] {processor.py:178} INFO - Processing /opt/airflow/dags/hadoop-2.7.3/share/hadoop/tools/lib/commons-compress-1.4.1.jar took 0.060 seconds
[2022-10-25T00:53:03.399+0000] {processor.py:156} INFO - Started process (PID=6179) to work on /opt/airflow/dags/hadoop-2.7.3/share/hadoop/tools/lib/commons-compress-1.4.1.jar
[2022-10-25T00:53:03.412+0000] {processor.py:758} INFO - Processing file /opt/airflow/dags/hadoop-2.7.3/share/hadoop/tools/lib/commons-compress-1.4.1.jar for tasks to queue
[2022-10-25T00:53:03.415+0000] {logging_mixin.py:117} INFO - [2022-10-25T00:53:03.415+0000] {dagbag.py:525} INFO - Filling up the DagBag from /opt/airflow/dags/hadoop-2.7.3/share/hadoop/tools/lib/commons-compress-1.4.1.jar
[2022-10-25T00:53:03.431+0000] {processor.py:770} WARNING - No viable dags retrieved from /opt/airflow/dags/hadoop-2.7.3/share/hadoop/tools/lib/commons-compress-1.4.1.jar
[2022-10-25T00:53:03.476+0000] {processor.py:178} INFO - Processing /opt/airflow/dags/hadoop-2.7.3/share/hadoop/tools/lib/commons-compress-1.4.1.jar took 0.089 seconds
[2022-10-25T00:53:25.074+0000] {processor.py:156} INFO - Started process (PID=4100) to work on /opt/airflow/dags/hadoop-2.7.3/share/hadoop/tools/lib/commons-compress-1.4.1.jar
[2022-10-25T00:53:25.083+0000] {processor.py:758} INFO - Processing file /opt/airflow/dags/hadoop-2.7.3/share/hadoop/tools/lib/commons-compress-1.4.1.jar for tasks to queue
[2022-10-25T00:53:25.092+0000] {logging_mixin.py:117} INFO - [2022-10-25T00:53:25.091+0000] {dagbag.py:525} INFO - Filling up the DagBag from /opt/airflow/dags/hadoop-2.7.3/share/hadoop/tools/lib/commons-compress-1.4.1.jar
[2022-10-25T00:53:25.111+0000] {processor.py:770} WARNING - No viable dags retrieved from /opt/airflow/dags/hadoop-2.7.3/share/hadoop/tools/lib/commons-compress-1.4.1.jar
[2022-10-25T00:53:25.161+0000] {processor.py:178} INFO - Processing /opt/airflow/dags/hadoop-2.7.3/share/hadoop/tools/lib/commons-compress-1.4.1.jar took 0.098 seconds
[2022-10-25T00:53:45.908+0000] {processor.py:156} INFO - Started process (PID=6704) to work on /opt/airflow/dags/hadoop-2.7.3/share/hadoop/tools/lib/commons-compress-1.4.1.jar
[2022-10-25T00:53:45.910+0000] {processor.py:758} INFO - Processing file /opt/airflow/dags/hadoop-2.7.3/share/hadoop/tools/lib/commons-compress-1.4.1.jar for tasks to queue
[2022-10-25T00:53:45.912+0000] {logging_mixin.py:117} INFO - [2022-10-25T00:53:45.912+0000] {dagbag.py:525} INFO - Filling up the DagBag from /opt/airflow/dags/hadoop-2.7.3/share/hadoop/tools/lib/commons-compress-1.4.1.jar
[2022-10-25T00:53:45.922+0000] {processor.py:770} WARNING - No viable dags retrieved from /opt/airflow/dags/hadoop-2.7.3/share/hadoop/tools/lib/commons-compress-1.4.1.jar
[2022-10-25T00:53:45.955+0000] {processor.py:178} INFO - Processing /opt/airflow/dags/hadoop-2.7.3/share/hadoop/tools/lib/commons-compress-1.4.1.jar took 0.053 seconds
[2022-10-25T00:54:04.675+0000] {processor.py:156} INFO - Started process (PID=4615) to work on /opt/airflow/dags/hadoop-2.7.3/share/hadoop/tools/lib/commons-compress-1.4.1.jar
[2022-10-25T00:54:04.680+0000] {processor.py:758} INFO - Processing file /opt/airflow/dags/hadoop-2.7.3/share/hadoop/tools/lib/commons-compress-1.4.1.jar for tasks to queue
[2022-10-25T00:54:04.686+0000] {logging_mixin.py:117} INFO - [2022-10-25T00:54:04.685+0000] {dagbag.py:525} INFO - Filling up the DagBag from /opt/airflow/dags/hadoop-2.7.3/share/hadoop/tools/lib/commons-compress-1.4.1.jar
[2022-10-25T00:54:04.695+0000] {processor.py:770} WARNING - No viable dags retrieved from /opt/airflow/dags/hadoop-2.7.3/share/hadoop/tools/lib/commons-compress-1.4.1.jar
[2022-10-25T00:54:04.749+0000] {processor.py:178} INFO - Processing /opt/airflow/dags/hadoop-2.7.3/share/hadoop/tools/lib/commons-compress-1.4.1.jar took 0.081 seconds
[2022-10-25T00:54:31.074+0000] {processor.py:156} INFO - Started process (PID=7229) to work on /opt/airflow/dags/hadoop-2.7.3/share/hadoop/tools/lib/commons-compress-1.4.1.jar
[2022-10-25T00:54:31.079+0000] {processor.py:758} INFO - Processing file /opt/airflow/dags/hadoop-2.7.3/share/hadoop/tools/lib/commons-compress-1.4.1.jar for tasks to queue
[2022-10-25T00:54:31.083+0000] {logging_mixin.py:117} INFO - [2022-10-25T00:54:31.083+0000] {dagbag.py:525} INFO - Filling up the DagBag from /opt/airflow/dags/hadoop-2.7.3/share/hadoop/tools/lib/commons-compress-1.4.1.jar
[2022-10-25T00:54:31.097+0000] {processor.py:770} WARNING - No viable dags retrieved from /opt/airflow/dags/hadoop-2.7.3/share/hadoop/tools/lib/commons-compress-1.4.1.jar
[2022-10-25T00:54:31.142+0000] {processor.py:178} INFO - Processing /opt/airflow/dags/hadoop-2.7.3/share/hadoop/tools/lib/commons-compress-1.4.1.jar took 0.074 seconds
[2022-10-25T00:54:57.874+0000] {processor.py:156} INFO - Started process (PID=5144) to work on /opt/airflow/dags/hadoop-2.7.3/share/hadoop/tools/lib/commons-compress-1.4.1.jar
[2022-10-25T00:54:57.880+0000] {processor.py:758} INFO - Processing file /opt/airflow/dags/hadoop-2.7.3/share/hadoop/tools/lib/commons-compress-1.4.1.jar for tasks to queue
[2022-10-25T00:54:57.894+0000] {logging_mixin.py:117} INFO - [2022-10-25T00:54:57.894+0000] {dagbag.py:525} INFO - Filling up the DagBag from /opt/airflow/dags/hadoop-2.7.3/share/hadoop/tools/lib/commons-compress-1.4.1.jar
[2022-10-25T00:54:57.920+0000] {processor.py:770} WARNING - No viable dags retrieved from /opt/airflow/dags/hadoop-2.7.3/share/hadoop/tools/lib/commons-compress-1.4.1.jar
[2022-10-25T00:54:57.971+0000] {processor.py:178} INFO - Processing /opt/airflow/dags/hadoop-2.7.3/share/hadoop/tools/lib/commons-compress-1.4.1.jar took 0.109 seconds
[2022-10-25T00:56:12.972+0000] {processor.py:156} INFO - Started process (PID=7913) to work on /opt/airflow/dags/hadoop-2.7.3/share/hadoop/tools/lib/commons-compress-1.4.1.jar
[2022-10-25T00:56:12.979+0000] {processor.py:758} INFO - Processing file /opt/airflow/dags/hadoop-2.7.3/share/hadoop/tools/lib/commons-compress-1.4.1.jar for tasks to queue
[2022-10-25T00:56:12.987+0000] {logging_mixin.py:117} INFO - [2022-10-25T00:56:12.987+0000] {dagbag.py:525} INFO - Filling up the DagBag from /opt/airflow/dags/hadoop-2.7.3/share/hadoop/tools/lib/commons-compress-1.4.1.jar
[2022-10-25T00:56:13.023+0000] {processor.py:770} WARNING - No viable dags retrieved from /opt/airflow/dags/hadoop-2.7.3/share/hadoop/tools/lib/commons-compress-1.4.1.jar
[2022-10-25T00:56:13.109+0000] {processor.py:178} INFO - Processing /opt/airflow/dags/hadoop-2.7.3/share/hadoop/tools/lib/commons-compress-1.4.1.jar took 0.162 seconds
[2022-10-25T00:56:43.524+0000] {processor.py:156} INFO - Started process (PID=5804) to work on /opt/airflow/dags/hadoop-2.7.3/share/hadoop/tools/lib/commons-compress-1.4.1.jar
[2022-10-25T00:56:43.528+0000] {processor.py:758} INFO - Processing file /opt/airflow/dags/hadoop-2.7.3/share/hadoop/tools/lib/commons-compress-1.4.1.jar for tasks to queue
[2022-10-25T00:56:43.536+0000] {logging_mixin.py:117} INFO - [2022-10-25T00:56:43.535+0000] {dagbag.py:525} INFO - Filling up the DagBag from /opt/airflow/dags/hadoop-2.7.3/share/hadoop/tools/lib/commons-compress-1.4.1.jar
[2022-10-25T00:56:43.562+0000] {processor.py:770} WARNING - No viable dags retrieved from /opt/airflow/dags/hadoop-2.7.3/share/hadoop/tools/lib/commons-compress-1.4.1.jar
[2022-10-25T00:56:43.629+0000] {processor.py:178} INFO - Processing /opt/airflow/dags/hadoop-2.7.3/share/hadoop/tools/lib/commons-compress-1.4.1.jar took 0.121 seconds
[2022-10-25T14:08:57.367+0000] {processor.py:156} INFO - Started process (PID=18919) to work on /opt/airflow/dags/hadoop-2.7.3/share/hadoop/tools/lib/commons-compress-1.4.1.jar
[2022-10-25T14:08:57.370+0000] {processor.py:758} INFO - Processing file /opt/airflow/dags/hadoop-2.7.3/share/hadoop/tools/lib/commons-compress-1.4.1.jar for tasks to queue
[2022-10-25T14:08:57.372+0000] {logging_mixin.py:117} INFO - [2022-10-25T14:08:57.372+0000] {dagbag.py:525} INFO - Filling up the DagBag from /opt/airflow/dags/hadoop-2.7.3/share/hadoop/tools/lib/commons-compress-1.4.1.jar
[2022-10-25T14:08:57.382+0000] {processor.py:770} WARNING - No viable dags retrieved from /opt/airflow/dags/hadoop-2.7.3/share/hadoop/tools/lib/commons-compress-1.4.1.jar
[2022-10-25T14:08:57.432+0000] {processor.py:178} INFO - Processing /opt/airflow/dags/hadoop-2.7.3/share/hadoop/tools/lib/commons-compress-1.4.1.jar took 0.073 seconds
[2022-10-25T14:09:14.935+0000] {processor.py:156} INFO - Started process (PID=17835) to work on /opt/airflow/dags/hadoop-2.7.3/share/hadoop/tools/lib/commons-compress-1.4.1.jar
[2022-10-25T14:09:14.937+0000] {processor.py:758} INFO - Processing file /opt/airflow/dags/hadoop-2.7.3/share/hadoop/tools/lib/commons-compress-1.4.1.jar for tasks to queue
[2022-10-25T14:09:14.939+0000] {logging_mixin.py:117} INFO - [2022-10-25T14:09:14.938+0000] {dagbag.py:525} INFO - Filling up the DagBag from /opt/airflow/dags/hadoop-2.7.3/share/hadoop/tools/lib/commons-compress-1.4.1.jar
[2022-10-25T14:09:14.952+0000] {processor.py:770} WARNING - No viable dags retrieved from /opt/airflow/dags/hadoop-2.7.3/share/hadoop/tools/lib/commons-compress-1.4.1.jar
[2022-10-25T14:09:15.010+0000] {processor.py:178} INFO - Processing /opt/airflow/dags/hadoop-2.7.3/share/hadoop/tools/lib/commons-compress-1.4.1.jar took 0.085 seconds
[2022-10-25T14:09:43.079+0000] {processor.py:156} INFO - Started process (PID=19436) to work on /opt/airflow/dags/hadoop-2.7.3/share/hadoop/tools/lib/commons-compress-1.4.1.jar
[2022-10-25T14:09:43.083+0000] {processor.py:758} INFO - Processing file /opt/airflow/dags/hadoop-2.7.3/share/hadoop/tools/lib/commons-compress-1.4.1.jar for tasks to queue
[2022-10-25T14:09:43.086+0000] {logging_mixin.py:117} INFO - [2022-10-25T14:09:43.085+0000] {dagbag.py:525} INFO - Filling up the DagBag from /opt/airflow/dags/hadoop-2.7.3/share/hadoop/tools/lib/commons-compress-1.4.1.jar
[2022-10-25T14:09:43.103+0000] {processor.py:770} WARNING - No viable dags retrieved from /opt/airflow/dags/hadoop-2.7.3/share/hadoop/tools/lib/commons-compress-1.4.1.jar
[2022-10-25T14:09:43.145+0000] {processor.py:178} INFO - Processing /opt/airflow/dags/hadoop-2.7.3/share/hadoop/tools/lib/commons-compress-1.4.1.jar took 0.072 seconds
[2022-10-25T14:09:57.347+0000] {processor.py:156} INFO - Started process (PID=18348) to work on /opt/airflow/dags/hadoop-2.7.3/share/hadoop/tools/lib/commons-compress-1.4.1.jar
[2022-10-25T14:09:57.350+0000] {processor.py:758} INFO - Processing file /opt/airflow/dags/hadoop-2.7.3/share/hadoop/tools/lib/commons-compress-1.4.1.jar for tasks to queue
[2022-10-25T14:09:57.354+0000] {logging_mixin.py:117} INFO - [2022-10-25T14:09:57.353+0000] {dagbag.py:525} INFO - Filling up the DagBag from /opt/airflow/dags/hadoop-2.7.3/share/hadoop/tools/lib/commons-compress-1.4.1.jar
[2022-10-25T14:09:57.366+0000] {processor.py:770} WARNING - No viable dags retrieved from /opt/airflow/dags/hadoop-2.7.3/share/hadoop/tools/lib/commons-compress-1.4.1.jar
[2022-10-25T14:09:57.404+0000] {processor.py:178} INFO - Processing /opt/airflow/dags/hadoop-2.7.3/share/hadoop/tools/lib/commons-compress-1.4.1.jar took 0.069 seconds
[2022-10-25T14:10:26.985+0000] {processor.py:156} INFO - Started process (PID=19957) to work on /opt/airflow/dags/hadoop-2.7.3/share/hadoop/tools/lib/commons-compress-1.4.1.jar
[2022-10-25T14:10:26.987+0000] {processor.py:758} INFO - Processing file /opt/airflow/dags/hadoop-2.7.3/share/hadoop/tools/lib/commons-compress-1.4.1.jar for tasks to queue
[2022-10-25T14:10:26.989+0000] {logging_mixin.py:117} INFO - [2022-10-25T14:10:26.989+0000] {dagbag.py:525} INFO - Filling up the DagBag from /opt/airflow/dags/hadoop-2.7.3/share/hadoop/tools/lib/commons-compress-1.4.1.jar
[2022-10-25T14:10:27.000+0000] {processor.py:770} WARNING - No viable dags retrieved from /opt/airflow/dags/hadoop-2.7.3/share/hadoop/tools/lib/commons-compress-1.4.1.jar
[2022-10-25T14:10:27.032+0000] {processor.py:178} INFO - Processing /opt/airflow/dags/hadoop-2.7.3/share/hadoop/tools/lib/commons-compress-1.4.1.jar took 0.054 seconds
[2022-10-25T14:10:40.912+0000] {processor.py:156} INFO - Started process (PID=18863) to work on /opt/airflow/dags/hadoop-2.7.3/share/hadoop/tools/lib/commons-compress-1.4.1.jar
[2022-10-25T14:10:40.915+0000] {processor.py:758} INFO - Processing file /opt/airflow/dags/hadoop-2.7.3/share/hadoop/tools/lib/commons-compress-1.4.1.jar for tasks to queue
[2022-10-25T14:10:40.918+0000] {logging_mixin.py:117} INFO - [2022-10-25T14:10:40.917+0000] {dagbag.py:525} INFO - Filling up the DagBag from /opt/airflow/dags/hadoop-2.7.3/share/hadoop/tools/lib/commons-compress-1.4.1.jar
[2022-10-25T14:10:40.929+0000] {processor.py:770} WARNING - No viable dags retrieved from /opt/airflow/dags/hadoop-2.7.3/share/hadoop/tools/lib/commons-compress-1.4.1.jar
[2022-10-25T14:10:40.966+0000] {processor.py:178} INFO - Processing /opt/airflow/dags/hadoop-2.7.3/share/hadoop/tools/lib/commons-compress-1.4.1.jar took 0.063 seconds
[2022-10-25T14:11:07.972+0000] {processor.py:156} INFO - Started process (PID=20473) to work on /opt/airflow/dags/hadoop-2.7.3/share/hadoop/tools/lib/commons-compress-1.4.1.jar
[2022-10-25T14:11:07.975+0000] {processor.py:758} INFO - Processing file /opt/airflow/dags/hadoop-2.7.3/share/hadoop/tools/lib/commons-compress-1.4.1.jar for tasks to queue
[2022-10-25T14:11:07.977+0000] {logging_mixin.py:117} INFO - [2022-10-25T14:11:07.977+0000] {dagbag.py:525} INFO - Filling up the DagBag from /opt/airflow/dags/hadoop-2.7.3/share/hadoop/tools/lib/commons-compress-1.4.1.jar
[2022-10-25T14:11:07.988+0000] {processor.py:770} WARNING - No viable dags retrieved from /opt/airflow/dags/hadoop-2.7.3/share/hadoop/tools/lib/commons-compress-1.4.1.jar
[2022-10-25T14:11:08.024+0000] {processor.py:178} INFO - Processing /opt/airflow/dags/hadoop-2.7.3/share/hadoop/tools/lib/commons-compress-1.4.1.jar took 0.060 seconds
[2022-10-25T14:11:22.494+0000] {processor.py:156} INFO - Started process (PID=19378) to work on /opt/airflow/dags/hadoop-2.7.3/share/hadoop/tools/lib/commons-compress-1.4.1.jar
[2022-10-25T14:11:22.497+0000] {processor.py:758} INFO - Processing file /opt/airflow/dags/hadoop-2.7.3/share/hadoop/tools/lib/commons-compress-1.4.1.jar for tasks to queue
[2022-10-25T14:11:22.499+0000] {logging_mixin.py:117} INFO - [2022-10-25T14:11:22.499+0000] {dagbag.py:525} INFO - Filling up the DagBag from /opt/airflow/dags/hadoop-2.7.3/share/hadoop/tools/lib/commons-compress-1.4.1.jar
[2022-10-25T14:11:22.513+0000] {processor.py:770} WARNING - No viable dags retrieved from /opt/airflow/dags/hadoop-2.7.3/share/hadoop/tools/lib/commons-compress-1.4.1.jar
[2022-10-25T14:11:22.560+0000] {processor.py:178} INFO - Processing /opt/airflow/dags/hadoop-2.7.3/share/hadoop/tools/lib/commons-compress-1.4.1.jar took 0.075 seconds
[2022-10-25T14:11:53.672+0000] {processor.py:156} INFO - Started process (PID=21032) to work on /opt/airflow/dags/hadoop-2.7.3/share/hadoop/tools/lib/commons-compress-1.4.1.jar
[2022-10-25T14:11:53.678+0000] {processor.py:758} INFO - Processing file /opt/airflow/dags/hadoop-2.7.3/share/hadoop/tools/lib/commons-compress-1.4.1.jar for tasks to queue
[2022-10-25T14:11:53.680+0000] {logging_mixin.py:117} INFO - [2022-10-25T14:11:53.680+0000] {dagbag.py:525} INFO - Filling up the DagBag from /opt/airflow/dags/hadoop-2.7.3/share/hadoop/tools/lib/commons-compress-1.4.1.jar
[2022-10-25T14:11:53.710+0000] {processor.py:770} WARNING - No viable dags retrieved from /opt/airflow/dags/hadoop-2.7.3/share/hadoop/tools/lib/commons-compress-1.4.1.jar
[2022-10-25T14:11:53.753+0000] {processor.py:178} INFO - Processing /opt/airflow/dags/hadoop-2.7.3/share/hadoop/tools/lib/commons-compress-1.4.1.jar took 0.092 seconds
[2022-10-25T14:12:15.114+0000] {processor.py:156} INFO - Started process (PID=19968) to work on /opt/airflow/dags/hadoop-2.7.3/share/hadoop/tools/lib/commons-compress-1.4.1.jar
[2022-10-25T14:12:15.118+0000] {processor.py:758} INFO - Processing file /opt/airflow/dags/hadoop-2.7.3/share/hadoop/tools/lib/commons-compress-1.4.1.jar for tasks to queue
[2022-10-25T14:12:15.120+0000] {logging_mixin.py:117} INFO - [2022-10-25T14:12:15.120+0000] {dagbag.py:525} INFO - Filling up the DagBag from /opt/airflow/dags/hadoop-2.7.3/share/hadoop/tools/lib/commons-compress-1.4.1.jar
[2022-10-25T14:12:15.132+0000] {processor.py:770} WARNING - No viable dags retrieved from /opt/airflow/dags/hadoop-2.7.3/share/hadoop/tools/lib/commons-compress-1.4.1.jar
[2022-10-25T14:12:15.178+0000] {processor.py:178} INFO - Processing /opt/airflow/dags/hadoop-2.7.3/share/hadoop/tools/lib/commons-compress-1.4.1.jar took 0.069 seconds
[2022-10-25T14:13:21.350+0000] {processor.py:156} INFO - Started process (PID=21577) to work on /opt/airflow/dags/hadoop-2.7.3/share/hadoop/tools/lib/commons-compress-1.4.1.jar
[2022-10-25T14:13:21.353+0000] {processor.py:758} INFO - Processing file /opt/airflow/dags/hadoop-2.7.3/share/hadoop/tools/lib/commons-compress-1.4.1.jar for tasks to queue
[2022-10-25T14:13:21.356+0000] {logging_mixin.py:117} INFO - [2022-10-25T14:13:21.356+0000] {dagbag.py:525} INFO - Filling up the DagBag from /opt/airflow/dags/hadoop-2.7.3/share/hadoop/tools/lib/commons-compress-1.4.1.jar
[2022-10-25T14:13:21.367+0000] {processor.py:770} WARNING - No viable dags retrieved from /opt/airflow/dags/hadoop-2.7.3/share/hadoop/tools/lib/commons-compress-1.4.1.jar
[2022-10-25T14:13:21.406+0000] {processor.py:178} INFO - Processing /opt/airflow/dags/hadoop-2.7.3/share/hadoop/tools/lib/commons-compress-1.4.1.jar took 0.066 seconds
[2022-10-25T14:13:37.623+0000] {processor.py:156} INFO - Started process (PID=20506) to work on /opt/airflow/dags/hadoop-2.7.3/share/hadoop/tools/lib/commons-compress-1.4.1.jar
[2022-10-25T14:13:37.626+0000] {processor.py:758} INFO - Processing file /opt/airflow/dags/hadoop-2.7.3/share/hadoop/tools/lib/commons-compress-1.4.1.jar for tasks to queue
[2022-10-25T14:13:37.629+0000] {logging_mixin.py:117} INFO - [2022-10-25T14:13:37.629+0000] {dagbag.py:525} INFO - Filling up the DagBag from /opt/airflow/dags/hadoop-2.7.3/share/hadoop/tools/lib/commons-compress-1.4.1.jar
[2022-10-25T14:13:37.648+0000] {processor.py:770} WARNING - No viable dags retrieved from /opt/airflow/dags/hadoop-2.7.3/share/hadoop/tools/lib/commons-compress-1.4.1.jar
[2022-10-25T14:13:37.690+0000] {processor.py:178} INFO - Processing /opt/airflow/dags/hadoop-2.7.3/share/hadoop/tools/lib/commons-compress-1.4.1.jar took 0.075 seconds
[2022-10-25T14:14:06.032+0000] {processor.py:156} INFO - Started process (PID=22136) to work on /opt/airflow/dags/hadoop-2.7.3/share/hadoop/tools/lib/commons-compress-1.4.1.jar
[2022-10-25T14:14:06.040+0000] {processor.py:758} INFO - Processing file /opt/airflow/dags/hadoop-2.7.3/share/hadoop/tools/lib/commons-compress-1.4.1.jar for tasks to queue
[2022-10-25T14:14:06.045+0000] {logging_mixin.py:117} INFO - [2022-10-25T14:14:06.044+0000] {dagbag.py:525} INFO - Filling up the DagBag from /opt/airflow/dags/hadoop-2.7.3/share/hadoop/tools/lib/commons-compress-1.4.1.jar
[2022-10-25T14:14:06.080+0000] {processor.py:770} WARNING - No viable dags retrieved from /opt/airflow/dags/hadoop-2.7.3/share/hadoop/tools/lib/commons-compress-1.4.1.jar
[2022-10-25T14:14:06.168+0000] {processor.py:178} INFO - Processing /opt/airflow/dags/hadoop-2.7.3/share/hadoop/tools/lib/commons-compress-1.4.1.jar took 0.146 seconds
[2022-10-25T14:14:37.294+0000] {processor.py:156} INFO - Started process (PID=21157) to work on /opt/airflow/dags/hadoop-2.7.3/share/hadoop/tools/lib/commons-compress-1.4.1.jar
[2022-10-25T14:14:37.298+0000] {processor.py:758} INFO - Processing file /opt/airflow/dags/hadoop-2.7.3/share/hadoop/tools/lib/commons-compress-1.4.1.jar for tasks to queue
[2022-10-25T14:14:37.301+0000] {logging_mixin.py:117} INFO - [2022-10-25T14:14:37.300+0000] {dagbag.py:525} INFO - Filling up the DagBag from /opt/airflow/dags/hadoop-2.7.3/share/hadoop/tools/lib/commons-compress-1.4.1.jar
[2022-10-25T14:14:37.312+0000] {processor.py:770} WARNING - No viable dags retrieved from /opt/airflow/dags/hadoop-2.7.3/share/hadoop/tools/lib/commons-compress-1.4.1.jar
[2022-10-25T14:14:37.358+0000] {processor.py:178} INFO - Processing /opt/airflow/dags/hadoop-2.7.3/share/hadoop/tools/lib/commons-compress-1.4.1.jar took 0.074 seconds
[2022-10-25T14:14:57.047+0000] {processor.py:156} INFO - Started process (PID=22691) to work on /opt/airflow/dags/hadoop-2.7.3/share/hadoop/tools/lib/commons-compress-1.4.1.jar
[2022-10-25T14:14:57.050+0000] {processor.py:758} INFO - Processing file /opt/airflow/dags/hadoop-2.7.3/share/hadoop/tools/lib/commons-compress-1.4.1.jar for tasks to queue
[2022-10-25T14:14:57.055+0000] {logging_mixin.py:117} INFO - [2022-10-25T14:14:57.054+0000] {dagbag.py:525} INFO - Filling up the DagBag from /opt/airflow/dags/hadoop-2.7.3/share/hadoop/tools/lib/commons-compress-1.4.1.jar
[2022-10-25T14:14:57.069+0000] {processor.py:770} WARNING - No viable dags retrieved from /opt/airflow/dags/hadoop-2.7.3/share/hadoop/tools/lib/commons-compress-1.4.1.jar
[2022-10-25T14:14:57.130+0000] {processor.py:178} INFO - Processing /opt/airflow/dags/hadoop-2.7.3/share/hadoop/tools/lib/commons-compress-1.4.1.jar took 0.094 seconds
[2022-10-25T14:15:37.069+0000] {processor.py:156} INFO - Started process (PID=21705) to work on /opt/airflow/dags/hadoop-2.7.3/share/hadoop/tools/lib/commons-compress-1.4.1.jar
[2022-10-25T14:15:37.073+0000] {processor.py:758} INFO - Processing file /opt/airflow/dags/hadoop-2.7.3/share/hadoop/tools/lib/commons-compress-1.4.1.jar for tasks to queue
[2022-10-25T14:15:37.076+0000] {logging_mixin.py:117} INFO - [2022-10-25T14:15:37.075+0000] {dagbag.py:525} INFO - Filling up the DagBag from /opt/airflow/dags/hadoop-2.7.3/share/hadoop/tools/lib/commons-compress-1.4.1.jar
[2022-10-25T14:15:37.090+0000] {processor.py:770} WARNING - No viable dags retrieved from /opt/airflow/dags/hadoop-2.7.3/share/hadoop/tools/lib/commons-compress-1.4.1.jar
[2022-10-25T14:15:37.159+0000] {processor.py:178} INFO - Processing /opt/airflow/dags/hadoop-2.7.3/share/hadoop/tools/lib/commons-compress-1.4.1.jar took 0.102 seconds
[2022-10-25T14:16:12.590+0000] {processor.py:156} INFO - Started process (PID=23390) to work on /opt/airflow/dags/hadoop-2.7.3/share/hadoop/tools/lib/commons-compress-1.4.1.jar
[2022-10-25T14:16:12.593+0000] {processor.py:758} INFO - Processing file /opt/airflow/dags/hadoop-2.7.3/share/hadoop/tools/lib/commons-compress-1.4.1.jar for tasks to queue
[2022-10-25T14:16:12.596+0000] {logging_mixin.py:117} INFO - [2022-10-25T14:16:12.596+0000] {dagbag.py:525} INFO - Filling up the DagBag from /opt/airflow/dags/hadoop-2.7.3/share/hadoop/tools/lib/commons-compress-1.4.1.jar
[2022-10-25T14:16:12.607+0000] {processor.py:770} WARNING - No viable dags retrieved from /opt/airflow/dags/hadoop-2.7.3/share/hadoop/tools/lib/commons-compress-1.4.1.jar
[2022-10-25T14:16:12.652+0000] {processor.py:178} INFO - Processing /opt/airflow/dags/hadoop-2.7.3/share/hadoop/tools/lib/commons-compress-1.4.1.jar took 0.068 seconds
[2022-10-25T14:16:24.906+0000] {processor.py:156} INFO - Started process (PID=22211) to work on /opt/airflow/dags/hadoop-2.7.3/share/hadoop/tools/lib/commons-compress-1.4.1.jar
[2022-10-25T14:16:24.918+0000] {processor.py:758} INFO - Processing file /opt/airflow/dags/hadoop-2.7.3/share/hadoop/tools/lib/commons-compress-1.4.1.jar for tasks to queue
[2022-10-25T14:16:24.921+0000] {logging_mixin.py:117} INFO - [2022-10-25T14:16:24.921+0000] {dagbag.py:525} INFO - Filling up the DagBag from /opt/airflow/dags/hadoop-2.7.3/share/hadoop/tools/lib/commons-compress-1.4.1.jar
[2022-10-25T14:16:24.933+0000] {processor.py:770} WARNING - No viable dags retrieved from /opt/airflow/dags/hadoop-2.7.3/share/hadoop/tools/lib/commons-compress-1.4.1.jar
[2022-10-25T14:16:24.977+0000] {processor.py:178} INFO - Processing /opt/airflow/dags/hadoop-2.7.3/share/hadoop/tools/lib/commons-compress-1.4.1.jar took 0.082 seconds
[2022-10-25T14:17:19.677+0000] {processor.py:156} INFO - Started process (PID=24023) to work on /opt/airflow/dags/hadoop-2.7.3/share/hadoop/tools/lib/commons-compress-1.4.1.jar
[2022-10-25T14:17:19.681+0000] {processor.py:758} INFO - Processing file /opt/airflow/dags/hadoop-2.7.3/share/hadoop/tools/lib/commons-compress-1.4.1.jar for tasks to queue
[2022-10-25T14:17:19.688+0000] {logging_mixin.py:117} INFO - [2022-10-25T14:17:19.684+0000] {dagbag.py:525} INFO - Filling up the DagBag from /opt/airflow/dags/hadoop-2.7.3/share/hadoop/tools/lib/commons-compress-1.4.1.jar
[2022-10-25T14:17:19.702+0000] {processor.py:770} WARNING - No viable dags retrieved from /opt/airflow/dags/hadoop-2.7.3/share/hadoop/tools/lib/commons-compress-1.4.1.jar
[2022-10-25T14:17:19.758+0000] {processor.py:178} INFO - Processing /opt/airflow/dags/hadoop-2.7.3/share/hadoop/tools/lib/commons-compress-1.4.1.jar took 0.091 seconds
[2022-10-25T14:17:39.981+0000] {processor.py:156} INFO - Started process (PID=22893) to work on /opt/airflow/dags/hadoop-2.7.3/share/hadoop/tools/lib/commons-compress-1.4.1.jar
[2022-10-25T14:17:39.986+0000] {processor.py:758} INFO - Processing file /opt/airflow/dags/hadoop-2.7.3/share/hadoop/tools/lib/commons-compress-1.4.1.jar for tasks to queue
[2022-10-25T14:17:39.990+0000] {logging_mixin.py:117} INFO - [2022-10-25T14:17:39.989+0000] {dagbag.py:525} INFO - Filling up the DagBag from /opt/airflow/dags/hadoop-2.7.3/share/hadoop/tools/lib/commons-compress-1.4.1.jar
[2022-10-25T14:17:40.009+0000] {processor.py:770} WARNING - No viable dags retrieved from /opt/airflow/dags/hadoop-2.7.3/share/hadoop/tools/lib/commons-compress-1.4.1.jar
[2022-10-25T14:17:40.061+0000] {processor.py:178} INFO - Processing /opt/airflow/dags/hadoop-2.7.3/share/hadoop/tools/lib/commons-compress-1.4.1.jar took 0.100 seconds
[2022-10-25T14:25:23.181+0000] {processor.py:156} INFO - Started process (PID=23681) to work on /opt/airflow/dags/hadoop-2.7.3/share/hadoop/tools/lib/commons-compress-1.4.1.jar
[2022-10-25T14:25:23.185+0000] {processor.py:758} INFO - Processing file /opt/airflow/dags/hadoop-2.7.3/share/hadoop/tools/lib/commons-compress-1.4.1.jar for tasks to queue
[2022-10-25T14:25:23.188+0000] {logging_mixin.py:117} INFO - [2022-10-25T14:25:23.188+0000] {dagbag.py:525} INFO - Filling up the DagBag from /opt/airflow/dags/hadoop-2.7.3/share/hadoop/tools/lib/commons-compress-1.4.1.jar
[2022-10-25T14:25:23.220+0000] {processor.py:770} WARNING - No viable dags retrieved from /opt/airflow/dags/hadoop-2.7.3/share/hadoop/tools/lib/commons-compress-1.4.1.jar
[2022-10-25T14:25:23.278+0000] {processor.py:178} INFO - Processing /opt/airflow/dags/hadoop-2.7.3/share/hadoop/tools/lib/commons-compress-1.4.1.jar took 0.110 seconds
[2022-10-25T14:25:40.573+0000] {processor.py:156} INFO - Started process (PID=24754) to work on /opt/airflow/dags/hadoop-2.7.3/share/hadoop/tools/lib/commons-compress-1.4.1.jar
[2022-10-25T14:25:40.584+0000] {processor.py:758} INFO - Processing file /opt/airflow/dags/hadoop-2.7.3/share/hadoop/tools/lib/commons-compress-1.4.1.jar for tasks to queue
[2022-10-25T14:25:40.597+0000] {logging_mixin.py:117} INFO - [2022-10-25T14:25:40.596+0000] {dagbag.py:525} INFO - Filling up the DagBag from /opt/airflow/dags/hadoop-2.7.3/share/hadoop/tools/lib/commons-compress-1.4.1.jar
[2022-10-25T14:25:40.620+0000] {processor.py:770} WARNING - No viable dags retrieved from /opt/airflow/dags/hadoop-2.7.3/share/hadoop/tools/lib/commons-compress-1.4.1.jar
[2022-10-25T14:25:40.665+0000] {processor.py:178} INFO - Processing /opt/airflow/dags/hadoop-2.7.3/share/hadoop/tools/lib/commons-compress-1.4.1.jar took 0.105 seconds
[2022-10-25T14:26:14.871+0000] {processor.py:156} INFO - Started process (PID=24196) to work on /opt/airflow/dags/hadoop-2.7.3/share/hadoop/tools/lib/commons-compress-1.4.1.jar
[2022-10-25T14:26:14.875+0000] {processor.py:758} INFO - Processing file /opt/airflow/dags/hadoop-2.7.3/share/hadoop/tools/lib/commons-compress-1.4.1.jar for tasks to queue
[2022-10-25T14:26:14.877+0000] {logging_mixin.py:117} INFO - [2022-10-25T14:26:14.877+0000] {dagbag.py:525} INFO - Filling up the DagBag from /opt/airflow/dags/hadoop-2.7.3/share/hadoop/tools/lib/commons-compress-1.4.1.jar
[2022-10-25T14:26:14.888+0000] {processor.py:770} WARNING - No viable dags retrieved from /opt/airflow/dags/hadoop-2.7.3/share/hadoop/tools/lib/commons-compress-1.4.1.jar
[2022-10-25T14:26:14.943+0000] {processor.py:178} INFO - Processing /opt/airflow/dags/hadoop-2.7.3/share/hadoop/tools/lib/commons-compress-1.4.1.jar took 0.083 seconds
[2022-10-25T14:26:32.741+0000] {processor.py:156} INFO - Started process (PID=25277) to work on /opt/airflow/dags/hadoop-2.7.3/share/hadoop/tools/lib/commons-compress-1.4.1.jar
[2022-10-25T14:26:32.747+0000] {processor.py:758} INFO - Processing file /opt/airflow/dags/hadoop-2.7.3/share/hadoop/tools/lib/commons-compress-1.4.1.jar for tasks to queue
[2022-10-25T14:26:32.754+0000] {logging_mixin.py:117} INFO - [2022-10-25T14:26:32.753+0000] {dagbag.py:525} INFO - Filling up the DagBag from /opt/airflow/dags/hadoop-2.7.3/share/hadoop/tools/lib/commons-compress-1.4.1.jar
[2022-10-25T14:26:32.769+0000] {processor.py:770} WARNING - No viable dags retrieved from /opt/airflow/dags/hadoop-2.7.3/share/hadoop/tools/lib/commons-compress-1.4.1.jar
[2022-10-25T14:26:32.822+0000] {processor.py:178} INFO - Processing /opt/airflow/dags/hadoop-2.7.3/share/hadoop/tools/lib/commons-compress-1.4.1.jar took 0.107 seconds
[2022-10-25T14:27:09.149+0000] {processor.py:156} INFO - Started process (PID=24721) to work on /opt/airflow/dags/hadoop-2.7.3/share/hadoop/tools/lib/commons-compress-1.4.1.jar
[2022-10-25T14:27:09.153+0000] {processor.py:758} INFO - Processing file /opt/airflow/dags/hadoop-2.7.3/share/hadoop/tools/lib/commons-compress-1.4.1.jar for tasks to queue
[2022-10-25T14:27:09.156+0000] {logging_mixin.py:117} INFO - [2022-10-25T14:27:09.156+0000] {dagbag.py:525} INFO - Filling up the DagBag from /opt/airflow/dags/hadoop-2.7.3/share/hadoop/tools/lib/commons-compress-1.4.1.jar
[2022-10-25T14:27:09.172+0000] {processor.py:770} WARNING - No viable dags retrieved from /opt/airflow/dags/hadoop-2.7.3/share/hadoop/tools/lib/commons-compress-1.4.1.jar
[2022-10-25T14:27:09.229+0000] {processor.py:178} INFO - Processing /opt/airflow/dags/hadoop-2.7.3/share/hadoop/tools/lib/commons-compress-1.4.1.jar took 0.089 seconds
[2022-10-25T14:27:34.717+0000] {processor.py:156} INFO - Started process (PID=25919) to work on /opt/airflow/dags/hadoop-2.7.3/share/hadoop/tools/lib/commons-compress-1.4.1.jar
[2022-10-25T14:27:34.723+0000] {processor.py:758} INFO - Processing file /opt/airflow/dags/hadoop-2.7.3/share/hadoop/tools/lib/commons-compress-1.4.1.jar for tasks to queue
[2022-10-25T14:27:34.726+0000] {logging_mixin.py:117} INFO - [2022-10-25T14:27:34.725+0000] {dagbag.py:525} INFO - Filling up the DagBag from /opt/airflow/dags/hadoop-2.7.3/share/hadoop/tools/lib/commons-compress-1.4.1.jar
[2022-10-25T14:27:34.748+0000] {processor.py:770} WARNING - No viable dags retrieved from /opt/airflow/dags/hadoop-2.7.3/share/hadoop/tools/lib/commons-compress-1.4.1.jar
[2022-10-25T14:27:34.815+0000] {processor.py:178} INFO - Processing /opt/airflow/dags/hadoop-2.7.3/share/hadoop/tools/lib/commons-compress-1.4.1.jar took 0.123 seconds
[2022-10-25T14:28:04.480+0000] {processor.py:156} INFO - Started process (PID=25309) to work on /opt/airflow/dags/hadoop-2.7.3/share/hadoop/tools/lib/commons-compress-1.4.1.jar
[2022-10-25T14:28:04.483+0000] {processor.py:758} INFO - Processing file /opt/airflow/dags/hadoop-2.7.3/share/hadoop/tools/lib/commons-compress-1.4.1.jar for tasks to queue
[2022-10-25T14:28:04.486+0000] {logging_mixin.py:117} INFO - [2022-10-25T14:28:04.486+0000] {dagbag.py:525} INFO - Filling up the DagBag from /opt/airflow/dags/hadoop-2.7.3/share/hadoop/tools/lib/commons-compress-1.4.1.jar
[2022-10-25T14:28:04.505+0000] {processor.py:770} WARNING - No viable dags retrieved from /opt/airflow/dags/hadoop-2.7.3/share/hadoop/tools/lib/commons-compress-1.4.1.jar
[2022-10-25T14:28:04.579+0000] {processor.py:178} INFO - Processing /opt/airflow/dags/hadoop-2.7.3/share/hadoop/tools/lib/commons-compress-1.4.1.jar took 0.108 seconds
[2022-10-25T14:28:21.565+0000] {processor.py:156} INFO - Started process (PID=26440) to work on /opt/airflow/dags/hadoop-2.7.3/share/hadoop/tools/lib/commons-compress-1.4.1.jar
[2022-10-25T14:28:21.568+0000] {processor.py:758} INFO - Processing file /opt/airflow/dags/hadoop-2.7.3/share/hadoop/tools/lib/commons-compress-1.4.1.jar for tasks to queue
[2022-10-25T14:28:21.573+0000] {logging_mixin.py:117} INFO - [2022-10-25T14:28:21.572+0000] {dagbag.py:525} INFO - Filling up the DagBag from /opt/airflow/dags/hadoop-2.7.3/share/hadoop/tools/lib/commons-compress-1.4.1.jar
[2022-10-25T14:28:21.585+0000] {processor.py:770} WARNING - No viable dags retrieved from /opt/airflow/dags/hadoop-2.7.3/share/hadoop/tools/lib/commons-compress-1.4.1.jar
[2022-10-25T14:28:21.632+0000] {processor.py:178} INFO - Processing /opt/airflow/dags/hadoop-2.7.3/share/hadoop/tools/lib/commons-compress-1.4.1.jar took 0.074 seconds
[2022-10-25T14:29:50.725+0000] {processor.py:156} INFO - Started process (PID=25941) to work on /opt/airflow/dags/hadoop-2.7.3/share/hadoop/tools/lib/commons-compress-1.4.1.jar
[2022-10-25T14:29:50.729+0000] {processor.py:758} INFO - Processing file /opt/airflow/dags/hadoop-2.7.3/share/hadoop/tools/lib/commons-compress-1.4.1.jar for tasks to queue
[2022-10-25T14:29:50.735+0000] {logging_mixin.py:117} INFO - [2022-10-25T14:29:50.735+0000] {dagbag.py:525} INFO - Filling up the DagBag from /opt/airflow/dags/hadoop-2.7.3/share/hadoop/tools/lib/commons-compress-1.4.1.jar
[2022-10-25T14:29:50.750+0000] {processor.py:770} WARNING - No viable dags retrieved from /opt/airflow/dags/hadoop-2.7.3/share/hadoop/tools/lib/commons-compress-1.4.1.jar
[2022-10-25T14:29:50.785+0000] {processor.py:178} INFO - Processing /opt/airflow/dags/hadoop-2.7.3/share/hadoop/tools/lib/commons-compress-1.4.1.jar took 0.070 seconds
[2022-10-25T14:30:04.979+0000] {processor.py:156} INFO - Started process (PID=27090) to work on /opt/airflow/dags/hadoop-2.7.3/share/hadoop/tools/lib/commons-compress-1.4.1.jar
[2022-10-25T14:30:04.983+0000] {processor.py:758} INFO - Processing file /opt/airflow/dags/hadoop-2.7.3/share/hadoop/tools/lib/commons-compress-1.4.1.jar for tasks to queue
[2022-10-25T14:30:04.987+0000] {logging_mixin.py:117} INFO - [2022-10-25T14:30:04.986+0000] {dagbag.py:525} INFO - Filling up the DagBag from /opt/airflow/dags/hadoop-2.7.3/share/hadoop/tools/lib/commons-compress-1.4.1.jar
[2022-10-25T14:30:05.003+0000] {processor.py:770} WARNING - No viable dags retrieved from /opt/airflow/dags/hadoop-2.7.3/share/hadoop/tools/lib/commons-compress-1.4.1.jar
[2022-10-25T14:30:05.046+0000] {processor.py:178} INFO - Processing /opt/airflow/dags/hadoop-2.7.3/share/hadoop/tools/lib/commons-compress-1.4.1.jar took 0.078 seconds
[2022-10-25T14:30:55.572+0000] {processor.py:156} INFO - Started process (PID=26588) to work on /opt/airflow/dags/hadoop-2.7.3/share/hadoop/tools/lib/commons-compress-1.4.1.jar
[2022-10-25T14:30:55.575+0000] {processor.py:758} INFO - Processing file /opt/airflow/dags/hadoop-2.7.3/share/hadoop/tools/lib/commons-compress-1.4.1.jar for tasks to queue
[2022-10-25T14:30:55.578+0000] {logging_mixin.py:117} INFO - [2022-10-25T14:30:55.578+0000] {dagbag.py:525} INFO - Filling up the DagBag from /opt/airflow/dags/hadoop-2.7.3/share/hadoop/tools/lib/commons-compress-1.4.1.jar
[2022-10-25T14:30:55.596+0000] {processor.py:770} WARNING - No viable dags retrieved from /opt/airflow/dags/hadoop-2.7.3/share/hadoop/tools/lib/commons-compress-1.4.1.jar
[2022-10-25T14:30:55.628+0000] {processor.py:178} INFO - Processing /opt/airflow/dags/hadoop-2.7.3/share/hadoop/tools/lib/commons-compress-1.4.1.jar took 0.065 seconds
[2022-10-25T14:30:57.489+0000] {processor.py:156} INFO - Started process (PID=27631) to work on /opt/airflow/dags/hadoop-2.7.3/share/hadoop/tools/lib/commons-compress-1.4.1.jar
[2022-10-25T14:30:57.496+0000] {processor.py:758} INFO - Processing file /opt/airflow/dags/hadoop-2.7.3/share/hadoop/tools/lib/commons-compress-1.4.1.jar for tasks to queue
[2022-10-25T14:30:57.500+0000] {logging_mixin.py:117} INFO - [2022-10-25T14:30:57.500+0000] {dagbag.py:525} INFO - Filling up the DagBag from /opt/airflow/dags/hadoop-2.7.3/share/hadoop/tools/lib/commons-compress-1.4.1.jar
[2022-10-25T14:30:57.518+0000] {processor.py:770} WARNING - No viable dags retrieved from /opt/airflow/dags/hadoop-2.7.3/share/hadoop/tools/lib/commons-compress-1.4.1.jar
[2022-10-25T14:30:57.575+0000] {processor.py:178} INFO - Processing /opt/airflow/dags/hadoop-2.7.3/share/hadoop/tools/lib/commons-compress-1.4.1.jar took 0.097 seconds
[2022-10-25T14:31:44.910+0000] {processor.py:156} INFO - Started process (PID=28089) to work on /opt/airflow/dags/hadoop-2.7.3/share/hadoop/tools/lib/commons-compress-1.4.1.jar
[2022-10-25T14:31:44.916+0000] {processor.py:758} INFO - Processing file /opt/airflow/dags/hadoop-2.7.3/share/hadoop/tools/lib/commons-compress-1.4.1.jar for tasks to queue
[2022-10-25T14:31:44.923+0000] {logging_mixin.py:117} INFO - [2022-10-25T14:31:44.922+0000] {dagbag.py:525} INFO - Filling up the DagBag from /opt/airflow/dags/hadoop-2.7.3/share/hadoop/tools/lib/commons-compress-1.4.1.jar
[2022-10-25T14:31:44.943+0000] {processor.py:770} WARNING - No viable dags retrieved from /opt/airflow/dags/hadoop-2.7.3/share/hadoop/tools/lib/commons-compress-1.4.1.jar
[2022-10-25T14:31:45.020+0000] {processor.py:178} INFO - Processing /opt/airflow/dags/hadoop-2.7.3/share/hadoop/tools/lib/commons-compress-1.4.1.jar took 0.119 seconds
[2022-10-25T14:32:09.489+0000] {processor.py:156} INFO - Started process (PID=27284) to work on /opt/airflow/dags/hadoop-2.7.3/share/hadoop/tools/lib/commons-compress-1.4.1.jar
[2022-10-25T14:32:09.493+0000] {processor.py:758} INFO - Processing file /opt/airflow/dags/hadoop-2.7.3/share/hadoop/tools/lib/commons-compress-1.4.1.jar for tasks to queue
[2022-10-25T14:32:09.497+0000] {logging_mixin.py:117} INFO - [2022-10-25T14:32:09.496+0000] {dagbag.py:525} INFO - Filling up the DagBag from /opt/airflow/dags/hadoop-2.7.3/share/hadoop/tools/lib/commons-compress-1.4.1.jar
[2022-10-25T14:32:09.512+0000] {processor.py:770} WARNING - No viable dags retrieved from /opt/airflow/dags/hadoop-2.7.3/share/hadoop/tools/lib/commons-compress-1.4.1.jar
[2022-10-25T14:32:09.551+0000] {processor.py:178} INFO - Processing /opt/airflow/dags/hadoop-2.7.3/share/hadoop/tools/lib/commons-compress-1.4.1.jar took 0.074 seconds
[2022-10-25T14:32:36.271+0000] {processor.py:156} INFO - Started process (PID=28612) to work on /opt/airflow/dags/hadoop-2.7.3/share/hadoop/tools/lib/commons-compress-1.4.1.jar
[2022-10-25T14:32:36.275+0000] {processor.py:758} INFO - Processing file /opt/airflow/dags/hadoop-2.7.3/share/hadoop/tools/lib/commons-compress-1.4.1.jar for tasks to queue
[2022-10-25T14:32:36.278+0000] {logging_mixin.py:117} INFO - [2022-10-25T14:32:36.278+0000] {dagbag.py:525} INFO - Filling up the DagBag from /opt/airflow/dags/hadoop-2.7.3/share/hadoop/tools/lib/commons-compress-1.4.1.jar
[2022-10-25T14:32:36.293+0000] {processor.py:770} WARNING - No viable dags retrieved from /opt/airflow/dags/hadoop-2.7.3/share/hadoop/tools/lib/commons-compress-1.4.1.jar
[2022-10-25T14:32:36.339+0000] {processor.py:178} INFO - Processing /opt/airflow/dags/hadoop-2.7.3/share/hadoop/tools/lib/commons-compress-1.4.1.jar took 0.078 seconds
[2022-10-25T14:33:15.614+0000] {processor.py:156} INFO - Started process (PID=27930) to work on /opt/airflow/dags/hadoop-2.7.3/share/hadoop/tools/lib/commons-compress-1.4.1.jar
[2022-10-25T14:33:15.617+0000] {processor.py:758} INFO - Processing file /opt/airflow/dags/hadoop-2.7.3/share/hadoop/tools/lib/commons-compress-1.4.1.jar for tasks to queue
[2022-10-25T14:33:15.620+0000] {logging_mixin.py:117} INFO - [2022-10-25T14:33:15.619+0000] {dagbag.py:525} INFO - Filling up the DagBag from /opt/airflow/dags/hadoop-2.7.3/share/hadoop/tools/lib/commons-compress-1.4.1.jar
[2022-10-25T14:33:15.639+0000] {processor.py:770} WARNING - No viable dags retrieved from /opt/airflow/dags/hadoop-2.7.3/share/hadoop/tools/lib/commons-compress-1.4.1.jar
[2022-10-25T14:33:15.684+0000] {processor.py:178} INFO - Processing /opt/airflow/dags/hadoop-2.7.3/share/hadoop/tools/lib/commons-compress-1.4.1.jar took 0.083 seconds
[2022-10-25T14:33:33.044+0000] {processor.py:156} INFO - Started process (PID=29214) to work on /opt/airflow/dags/hadoop-2.7.3/share/hadoop/tools/lib/commons-compress-1.4.1.jar
[2022-10-25T14:33:33.047+0000] {processor.py:758} INFO - Processing file /opt/airflow/dags/hadoop-2.7.3/share/hadoop/tools/lib/commons-compress-1.4.1.jar for tasks to queue
[2022-10-25T14:33:33.050+0000] {logging_mixin.py:117} INFO - [2022-10-25T14:33:33.050+0000] {dagbag.py:525} INFO - Filling up the DagBag from /opt/airflow/dags/hadoop-2.7.3/share/hadoop/tools/lib/commons-compress-1.4.1.jar
[2022-10-25T14:33:33.065+0000] {processor.py:770} WARNING - No viable dags retrieved from /opt/airflow/dags/hadoop-2.7.3/share/hadoop/tools/lib/commons-compress-1.4.1.jar
[2022-10-25T14:33:33.118+0000] {processor.py:178} INFO - Processing /opt/airflow/dags/hadoop-2.7.3/share/hadoop/tools/lib/commons-compress-1.4.1.jar took 0.083 seconds
[2022-10-25T14:35:16.254+0000] {processor.py:156} INFO - Started process (PID=29875) to work on /opt/airflow/dags/hadoop-2.7.3/share/hadoop/tools/lib/commons-compress-1.4.1.jar
[2022-10-25T14:35:16.265+0000] {processor.py:758} INFO - Processing file /opt/airflow/dags/hadoop-2.7.3/share/hadoop/tools/lib/commons-compress-1.4.1.jar for tasks to queue
[2022-10-25T14:35:16.269+0000] {logging_mixin.py:117} INFO - [2022-10-25T14:35:16.268+0000] {dagbag.py:525} INFO - Filling up the DagBag from /opt/airflow/dags/hadoop-2.7.3/share/hadoop/tools/lib/commons-compress-1.4.1.jar
[2022-10-25T14:35:16.284+0000] {processor.py:770} WARNING - No viable dags retrieved from /opt/airflow/dags/hadoop-2.7.3/share/hadoop/tools/lib/commons-compress-1.4.1.jar
[2022-10-25T14:35:16.331+0000] {processor.py:178} INFO - Processing /opt/airflow/dags/hadoop-2.7.3/share/hadoop/tools/lib/commons-compress-1.4.1.jar took 0.091 seconds
[2022-10-25T14:35:25.686+0000] {processor.py:156} INFO - Started process (PID=28809) to work on /opt/airflow/dags/hadoop-2.7.3/share/hadoop/tools/lib/commons-compress-1.4.1.jar
[2022-10-25T14:35:25.689+0000] {processor.py:758} INFO - Processing file /opt/airflow/dags/hadoop-2.7.3/share/hadoop/tools/lib/commons-compress-1.4.1.jar for tasks to queue
[2022-10-25T14:35:25.692+0000] {logging_mixin.py:117} INFO - [2022-10-25T14:35:25.692+0000] {dagbag.py:525} INFO - Filling up the DagBag from /opt/airflow/dags/hadoop-2.7.3/share/hadoop/tools/lib/commons-compress-1.4.1.jar
[2022-10-25T14:35:25.708+0000] {processor.py:770} WARNING - No viable dags retrieved from /opt/airflow/dags/hadoop-2.7.3/share/hadoop/tools/lib/commons-compress-1.4.1.jar
[2022-10-25T14:35:25.751+0000] {processor.py:178} INFO - Processing /opt/airflow/dags/hadoop-2.7.3/share/hadoop/tools/lib/commons-compress-1.4.1.jar took 0.076 seconds
[2022-10-25T14:36:15.517+0000] {processor.py:156} INFO - Started process (PID=30531) to work on /opt/airflow/dags/hadoop-2.7.3/share/hadoop/tools/lib/commons-compress-1.4.1.jar
[2022-10-25T14:36:15.521+0000] {processor.py:758} INFO - Processing file /opt/airflow/dags/hadoop-2.7.3/share/hadoop/tools/lib/commons-compress-1.4.1.jar for tasks to queue
[2022-10-25T14:36:15.524+0000] {logging_mixin.py:117} INFO - [2022-10-25T14:36:15.524+0000] {dagbag.py:525} INFO - Filling up the DagBag from /opt/airflow/dags/hadoop-2.7.3/share/hadoop/tools/lib/commons-compress-1.4.1.jar
[2022-10-25T14:36:15.538+0000] {processor.py:770} WARNING - No viable dags retrieved from /opt/airflow/dags/hadoop-2.7.3/share/hadoop/tools/lib/commons-compress-1.4.1.jar
[2022-10-25T14:36:15.584+0000] {processor.py:178} INFO - Processing /opt/airflow/dags/hadoop-2.7.3/share/hadoop/tools/lib/commons-compress-1.4.1.jar took 0.076 seconds
[2022-10-25T14:36:16.111+0000] {processor.py:156} INFO - Started process (PID=29323) to work on /opt/airflow/dags/hadoop-2.7.3/share/hadoop/tools/lib/commons-compress-1.4.1.jar
[2022-10-25T14:36:16.121+0000] {processor.py:758} INFO - Processing file /opt/airflow/dags/hadoop-2.7.3/share/hadoop/tools/lib/commons-compress-1.4.1.jar for tasks to queue
[2022-10-25T14:36:16.144+0000] {logging_mixin.py:117} INFO - [2022-10-25T14:36:16.143+0000] {dagbag.py:525} INFO - Filling up the DagBag from /opt/airflow/dags/hadoop-2.7.3/share/hadoop/tools/lib/commons-compress-1.4.1.jar
[2022-10-25T14:36:16.165+0000] {processor.py:770} WARNING - No viable dags retrieved from /opt/airflow/dags/hadoop-2.7.3/share/hadoop/tools/lib/commons-compress-1.4.1.jar
[2022-10-25T14:36:16.225+0000] {processor.py:178} INFO - Processing /opt/airflow/dags/hadoop-2.7.3/share/hadoop/tools/lib/commons-compress-1.4.1.jar took 0.129 seconds
[2022-10-25T14:37:06.154+0000] {processor.py:156} INFO - Started process (PID=31078) to work on /opt/airflow/dags/hadoop-2.7.3/share/hadoop/tools/lib/commons-compress-1.4.1.jar
[2022-10-25T14:37:06.158+0000] {processor.py:758} INFO - Processing file /opt/airflow/dags/hadoop-2.7.3/share/hadoop/tools/lib/commons-compress-1.4.1.jar for tasks to queue
[2022-10-25T14:37:06.161+0000] {logging_mixin.py:117} INFO - [2022-10-25T14:37:06.161+0000] {dagbag.py:525} INFO - Filling up the DagBag from /opt/airflow/dags/hadoop-2.7.3/share/hadoop/tools/lib/commons-compress-1.4.1.jar
[2022-10-25T14:37:06.178+0000] {processor.py:770} WARNING - No viable dags retrieved from /opt/airflow/dags/hadoop-2.7.3/share/hadoop/tools/lib/commons-compress-1.4.1.jar
[2022-10-25T14:37:06.229+0000] {processor.py:178} INFO - Processing /opt/airflow/dags/hadoop-2.7.3/share/hadoop/tools/lib/commons-compress-1.4.1.jar took 0.086 seconds
[2022-10-25T14:37:20.112+0000] {processor.py:156} INFO - Started process (PID=29957) to work on /opt/airflow/dags/hadoop-2.7.3/share/hadoop/tools/lib/commons-compress-1.4.1.jar
[2022-10-25T14:37:20.115+0000] {processor.py:758} INFO - Processing file /opt/airflow/dags/hadoop-2.7.3/share/hadoop/tools/lib/commons-compress-1.4.1.jar for tasks to queue
[2022-10-25T14:37:20.118+0000] {logging_mixin.py:117} INFO - [2022-10-25T14:37:20.117+0000] {dagbag.py:525} INFO - Filling up the DagBag from /opt/airflow/dags/hadoop-2.7.3/share/hadoop/tools/lib/commons-compress-1.4.1.jar
[2022-10-25T14:37:20.129+0000] {processor.py:770} WARNING - No viable dags retrieved from /opt/airflow/dags/hadoop-2.7.3/share/hadoop/tools/lib/commons-compress-1.4.1.jar
[2022-10-25T14:37:20.171+0000] {processor.py:178} INFO - Processing /opt/airflow/dags/hadoop-2.7.3/share/hadoop/tools/lib/commons-compress-1.4.1.jar took 0.070 seconds
[2022-10-25T14:37:55.108+0000] {processor.py:156} INFO - Started process (PID=31615) to work on /opt/airflow/dags/hadoop-2.7.3/share/hadoop/tools/lib/commons-compress-1.4.1.jar
[2022-10-25T14:37:55.111+0000] {processor.py:758} INFO - Processing file /opt/airflow/dags/hadoop-2.7.3/share/hadoop/tools/lib/commons-compress-1.4.1.jar for tasks to queue
[2022-10-25T14:37:55.114+0000] {logging_mixin.py:117} INFO - [2022-10-25T14:37:55.114+0000] {dagbag.py:525} INFO - Filling up the DagBag from /opt/airflow/dags/hadoop-2.7.3/share/hadoop/tools/lib/commons-compress-1.4.1.jar
[2022-10-25T14:37:55.130+0000] {processor.py:770} WARNING - No viable dags retrieved from /opt/airflow/dags/hadoop-2.7.3/share/hadoop/tools/lib/commons-compress-1.4.1.jar
[2022-10-25T14:37:55.180+0000] {processor.py:178} INFO - Processing /opt/airflow/dags/hadoop-2.7.3/share/hadoop/tools/lib/commons-compress-1.4.1.jar took 0.086 seconds
[2022-10-25T14:38:17.726+0000] {processor.py:156} INFO - Started process (PID=30565) to work on /opt/airflow/dags/hadoop-2.7.3/share/hadoop/tools/lib/commons-compress-1.4.1.jar
[2022-10-25T14:38:17.730+0000] {processor.py:758} INFO - Processing file /opt/airflow/dags/hadoop-2.7.3/share/hadoop/tools/lib/commons-compress-1.4.1.jar for tasks to queue
[2022-10-25T14:38:17.732+0000] {logging_mixin.py:117} INFO - [2022-10-25T14:38:17.732+0000] {dagbag.py:525} INFO - Filling up the DagBag from /opt/airflow/dags/hadoop-2.7.3/share/hadoop/tools/lib/commons-compress-1.4.1.jar
[2022-10-25T14:38:17.748+0000] {processor.py:770} WARNING - No viable dags retrieved from /opt/airflow/dags/hadoop-2.7.3/share/hadoop/tools/lib/commons-compress-1.4.1.jar
[2022-10-25T14:38:17.789+0000] {processor.py:178} INFO - Processing /opt/airflow/dags/hadoop-2.7.3/share/hadoop/tools/lib/commons-compress-1.4.1.jar took 0.077 seconds
[2022-10-25T14:38:45.683+0000] {processor.py:156} INFO - Started process (PID=32178) to work on /opt/airflow/dags/hadoop-2.7.3/share/hadoop/tools/lib/commons-compress-1.4.1.jar
[2022-10-25T14:38:45.689+0000] {processor.py:758} INFO - Processing file /opt/airflow/dags/hadoop-2.7.3/share/hadoop/tools/lib/commons-compress-1.4.1.jar for tasks to queue
[2022-10-25T14:38:45.692+0000] {logging_mixin.py:117} INFO - [2022-10-25T14:38:45.691+0000] {dagbag.py:525} INFO - Filling up the DagBag from /opt/airflow/dags/hadoop-2.7.3/share/hadoop/tools/lib/commons-compress-1.4.1.jar
[2022-10-25T14:38:45.708+0000] {processor.py:770} WARNING - No viable dags retrieved from /opt/airflow/dags/hadoop-2.7.3/share/hadoop/tools/lib/commons-compress-1.4.1.jar
[2022-10-25T14:38:45.755+0000] {processor.py:178} INFO - Processing /opt/airflow/dags/hadoop-2.7.3/share/hadoop/tools/lib/commons-compress-1.4.1.jar took 0.081 seconds
[2022-10-25T14:39:58.238+0000] {processor.py:156} INFO - Started process (PID=31190) to work on /opt/airflow/dags/hadoop-2.7.3/share/hadoop/tools/lib/commons-compress-1.4.1.jar
[2022-10-25T14:39:58.241+0000] {processor.py:758} INFO - Processing file /opt/airflow/dags/hadoop-2.7.3/share/hadoop/tools/lib/commons-compress-1.4.1.jar for tasks to queue
[2022-10-25T14:39:58.244+0000] {logging_mixin.py:117} INFO - [2022-10-25T14:39:58.244+0000] {dagbag.py:525} INFO - Filling up the DagBag from /opt/airflow/dags/hadoop-2.7.3/share/hadoop/tools/lib/commons-compress-1.4.1.jar
[2022-10-25T14:39:58.413+0000] {processor.py:770} WARNING - No viable dags retrieved from /opt/airflow/dags/hadoop-2.7.3/share/hadoop/tools/lib/commons-compress-1.4.1.jar
[2022-10-25T14:39:58.454+0000] {processor.py:178} INFO - Processing /opt/airflow/dags/hadoop-2.7.3/share/hadoop/tools/lib/commons-compress-1.4.1.jar took 0.222 seconds
[2022-10-25T14:40:33.703+0000] {processor.py:156} INFO - Started process (PID=32918) to work on /opt/airflow/dags/hadoop-2.7.3/share/hadoop/tools/lib/commons-compress-1.4.1.jar
[2022-10-25T14:40:33.708+0000] {processor.py:758} INFO - Processing file /opt/airflow/dags/hadoop-2.7.3/share/hadoop/tools/lib/commons-compress-1.4.1.jar for tasks to queue
[2022-10-25T14:40:33.711+0000] {logging_mixin.py:117} INFO - [2022-10-25T14:40:33.711+0000] {dagbag.py:525} INFO - Filling up the DagBag from /opt/airflow/dags/hadoop-2.7.3/share/hadoop/tools/lib/commons-compress-1.4.1.jar
[2022-10-25T14:40:33.725+0000] {processor.py:770} WARNING - No viable dags retrieved from /opt/airflow/dags/hadoop-2.7.3/share/hadoop/tools/lib/commons-compress-1.4.1.jar
[2022-10-25T14:40:33.767+0000] {processor.py:178} INFO - Processing /opt/airflow/dags/hadoop-2.7.3/share/hadoop/tools/lib/commons-compress-1.4.1.jar took 0.075 seconds
[2022-10-25T14:40:49.909+0000] {processor.py:156} INFO - Started process (PID=31724) to work on /opt/airflow/dags/hadoop-2.7.3/share/hadoop/tools/lib/commons-compress-1.4.1.jar
[2022-10-25T14:40:49.912+0000] {processor.py:758} INFO - Processing file /opt/airflow/dags/hadoop-2.7.3/share/hadoop/tools/lib/commons-compress-1.4.1.jar for tasks to queue
[2022-10-25T14:40:49.915+0000] {logging_mixin.py:117} INFO - [2022-10-25T14:40:49.915+0000] {dagbag.py:525} INFO - Filling up the DagBag from /opt/airflow/dags/hadoop-2.7.3/share/hadoop/tools/lib/commons-compress-1.4.1.jar
[2022-10-25T14:40:49.932+0000] {processor.py:770} WARNING - No viable dags retrieved from /opt/airflow/dags/hadoop-2.7.3/share/hadoop/tools/lib/commons-compress-1.4.1.jar
[2022-10-25T14:40:49.987+0000] {processor.py:178} INFO - Processing /opt/airflow/dags/hadoop-2.7.3/share/hadoop/tools/lib/commons-compress-1.4.1.jar took 0.087 seconds
[2022-10-25T14:41:24.275+0000] {processor.py:156} INFO - Started process (PID=33441) to work on /opt/airflow/dags/hadoop-2.7.3/share/hadoop/tools/lib/commons-compress-1.4.1.jar
[2022-10-25T14:41:24.293+0000] {processor.py:758} INFO - Processing file /opt/airflow/dags/hadoop-2.7.3/share/hadoop/tools/lib/commons-compress-1.4.1.jar for tasks to queue
[2022-10-25T14:41:24.298+0000] {logging_mixin.py:117} INFO - [2022-10-25T14:41:24.298+0000] {dagbag.py:525} INFO - Filling up the DagBag from /opt/airflow/dags/hadoop-2.7.3/share/hadoop/tools/lib/commons-compress-1.4.1.jar
[2022-10-25T14:41:24.826+0000] {processor.py:770} WARNING - No viable dags retrieved from /opt/airflow/dags/hadoop-2.7.3/share/hadoop/tools/lib/commons-compress-1.4.1.jar
[2022-10-25T14:41:24.860+0000] {processor.py:178} INFO - Processing /opt/airflow/dags/hadoop-2.7.3/share/hadoop/tools/lib/commons-compress-1.4.1.jar took 0.599 seconds
[2022-10-25T14:41:44.112+0000] {processor.py:156} INFO - Started process (PID=32311) to work on /opt/airflow/dags/hadoop-2.7.3/share/hadoop/tools/lib/commons-compress-1.4.1.jar
[2022-10-25T14:41:44.117+0000] {processor.py:758} INFO - Processing file /opt/airflow/dags/hadoop-2.7.3/share/hadoop/tools/lib/commons-compress-1.4.1.jar for tasks to queue
[2022-10-25T14:41:44.119+0000] {logging_mixin.py:117} INFO - [2022-10-25T14:41:44.119+0000] {dagbag.py:525} INFO - Filling up the DagBag from /opt/airflow/dags/hadoop-2.7.3/share/hadoop/tools/lib/commons-compress-1.4.1.jar
[2022-10-25T14:41:44.129+0000] {processor.py:770} WARNING - No viable dags retrieved from /opt/airflow/dags/hadoop-2.7.3/share/hadoop/tools/lib/commons-compress-1.4.1.jar
[2022-10-25T14:41:44.175+0000] {processor.py:178} INFO - Processing /opt/airflow/dags/hadoop-2.7.3/share/hadoop/tools/lib/commons-compress-1.4.1.jar took 0.076 seconds
[2022-10-25T14:42:23.857+0000] {processor.py:156} INFO - Started process (PID=34063) to work on /opt/airflow/dags/hadoop-2.7.3/share/hadoop/tools/lib/commons-compress-1.4.1.jar
[2022-10-25T14:42:23.860+0000] {processor.py:758} INFO - Processing file /opt/airflow/dags/hadoop-2.7.3/share/hadoop/tools/lib/commons-compress-1.4.1.jar for tasks to queue
[2022-10-25T14:42:23.863+0000] {logging_mixin.py:117} INFO - [2022-10-25T14:42:23.863+0000] {dagbag.py:525} INFO - Filling up the DagBag from /opt/airflow/dags/hadoop-2.7.3/share/hadoop/tools/lib/commons-compress-1.4.1.jar
[2022-10-25T14:42:23.876+0000] {processor.py:770} WARNING - No viable dags retrieved from /opt/airflow/dags/hadoop-2.7.3/share/hadoop/tools/lib/commons-compress-1.4.1.jar
[2022-10-25T14:42:23.920+0000] {processor.py:178} INFO - Processing /opt/airflow/dags/hadoop-2.7.3/share/hadoop/tools/lib/commons-compress-1.4.1.jar took 0.069 seconds
[2022-10-25T14:42:40.929+0000] {processor.py:156} INFO - Started process (PID=32892) to work on /opt/airflow/dags/hadoop-2.7.3/share/hadoop/tools/lib/commons-compress-1.4.1.jar
[2022-10-25T14:42:40.932+0000] {processor.py:758} INFO - Processing file /opt/airflow/dags/hadoop-2.7.3/share/hadoop/tools/lib/commons-compress-1.4.1.jar for tasks to queue
[2022-10-25T14:42:40.935+0000] {logging_mixin.py:117} INFO - [2022-10-25T14:42:40.935+0000] {dagbag.py:525} INFO - Filling up the DagBag from /opt/airflow/dags/hadoop-2.7.3/share/hadoop/tools/lib/commons-compress-1.4.1.jar
[2022-10-25T14:42:40.949+0000] {processor.py:770} WARNING - No viable dags retrieved from /opt/airflow/dags/hadoop-2.7.3/share/hadoop/tools/lib/commons-compress-1.4.1.jar
[2022-10-25T14:42:40.994+0000] {processor.py:178} INFO - Processing /opt/airflow/dags/hadoop-2.7.3/share/hadoop/tools/lib/commons-compress-1.4.1.jar took 0.076 seconds
[2022-10-25T14:43:15.599+0000] {processor.py:156} INFO - Started process (PID=34641) to work on /opt/airflow/dags/hadoop-2.7.3/share/hadoop/tools/lib/commons-compress-1.4.1.jar
[2022-10-25T14:43:15.602+0000] {processor.py:758} INFO - Processing file /opt/airflow/dags/hadoop-2.7.3/share/hadoop/tools/lib/commons-compress-1.4.1.jar for tasks to queue
[2022-10-25T14:43:15.606+0000] {logging_mixin.py:117} INFO - [2022-10-25T14:43:15.606+0000] {dagbag.py:525} INFO - Filling up the DagBag from /opt/airflow/dags/hadoop-2.7.3/share/hadoop/tools/lib/commons-compress-1.4.1.jar
[2022-10-25T14:43:15.628+0000] {processor.py:770} WARNING - No viable dags retrieved from /opt/airflow/dags/hadoop-2.7.3/share/hadoop/tools/lib/commons-compress-1.4.1.jar
[2022-10-25T14:43:15.675+0000] {processor.py:178} INFO - Processing /opt/airflow/dags/hadoop-2.7.3/share/hadoop/tools/lib/commons-compress-1.4.1.jar took 0.087 seconds
[2022-10-25T14:43:41.245+0000] {processor.py:156} INFO - Started process (PID=33517) to work on /opt/airflow/dags/hadoop-2.7.3/share/hadoop/tools/lib/commons-compress-1.4.1.jar
[2022-10-25T14:43:41.250+0000] {processor.py:758} INFO - Processing file /opt/airflow/dags/hadoop-2.7.3/share/hadoop/tools/lib/commons-compress-1.4.1.jar for tasks to queue
[2022-10-25T14:43:41.254+0000] {logging_mixin.py:117} INFO - [2022-10-25T14:43:41.253+0000] {dagbag.py:525} INFO - Filling up the DagBag from /opt/airflow/dags/hadoop-2.7.3/share/hadoop/tools/lib/commons-compress-1.4.1.jar
[2022-10-25T14:43:41.269+0000] {processor.py:770} WARNING - No viable dags retrieved from /opt/airflow/dags/hadoop-2.7.3/share/hadoop/tools/lib/commons-compress-1.4.1.jar
[2022-10-25T14:43:41.327+0000] {processor.py:178} INFO - Processing /opt/airflow/dags/hadoop-2.7.3/share/hadoop/tools/lib/commons-compress-1.4.1.jar took 0.088 seconds
[2022-10-25T14:44:02.292+0000] {processor.py:156} INFO - Started process (PID=35170) to work on /opt/airflow/dags/hadoop-2.7.3/share/hadoop/tools/lib/commons-compress-1.4.1.jar
[2022-10-25T14:44:02.295+0000] {processor.py:758} INFO - Processing file /opt/airflow/dags/hadoop-2.7.3/share/hadoop/tools/lib/commons-compress-1.4.1.jar for tasks to queue
[2022-10-25T14:44:02.297+0000] {logging_mixin.py:117} INFO - [2022-10-25T14:44:02.297+0000] {dagbag.py:525} INFO - Filling up the DagBag from /opt/airflow/dags/hadoop-2.7.3/share/hadoop/tools/lib/commons-compress-1.4.1.jar
[2022-10-25T14:44:02.318+0000] {processor.py:770} WARNING - No viable dags retrieved from /opt/airflow/dags/hadoop-2.7.3/share/hadoop/tools/lib/commons-compress-1.4.1.jar
[2022-10-25T14:44:02.371+0000] {processor.py:178} INFO - Processing /opt/airflow/dags/hadoop-2.7.3/share/hadoop/tools/lib/commons-compress-1.4.1.jar took 0.088 seconds
[2022-10-25T15:03:47.126+0000] {processor.py:156} INFO - Started process (PID=34187) to work on /opt/airflow/dags/hadoop-2.7.3/share/hadoop/tools/lib/commons-compress-1.4.1.jar
[2022-10-25T15:03:47.130+0000] {processor.py:758} INFO - Processing file /opt/airflow/dags/hadoop-2.7.3/share/hadoop/tools/lib/commons-compress-1.4.1.jar for tasks to queue
[2022-10-25T15:03:47.134+0000] {logging_mixin.py:117} INFO - [2022-10-25T15:03:47.133+0000] {dagbag.py:525} INFO - Filling up the DagBag from /opt/airflow/dags/hadoop-2.7.3/share/hadoop/tools/lib/commons-compress-1.4.1.jar
[2022-10-25T15:03:47.148+0000] {processor.py:770} WARNING - No viable dags retrieved from /opt/airflow/dags/hadoop-2.7.3/share/hadoop/tools/lib/commons-compress-1.4.1.jar
[2022-10-25T15:03:47.190+0000] {processor.py:178} INFO - Processing /opt/airflow/dags/hadoop-2.7.3/share/hadoop/tools/lib/commons-compress-1.4.1.jar took 0.071 seconds
[2022-10-25T15:04:04.751+0000] {processor.py:156} INFO - Started process (PID=35865) to work on /opt/airflow/dags/hadoop-2.7.3/share/hadoop/tools/lib/commons-compress-1.4.1.jar
[2022-10-25T15:04:04.754+0000] {processor.py:758} INFO - Processing file /opt/airflow/dags/hadoop-2.7.3/share/hadoop/tools/lib/commons-compress-1.4.1.jar for tasks to queue
[2022-10-25T15:04:04.756+0000] {logging_mixin.py:117} INFO - [2022-10-25T15:04:04.756+0000] {dagbag.py:525} INFO - Filling up the DagBag from /opt/airflow/dags/hadoop-2.7.3/share/hadoop/tools/lib/commons-compress-1.4.1.jar
[2022-10-25T15:04:04.767+0000] {processor.py:770} WARNING - No viable dags retrieved from /opt/airflow/dags/hadoop-2.7.3/share/hadoop/tools/lib/commons-compress-1.4.1.jar
[2022-10-25T15:04:04.822+0000] {processor.py:178} INFO - Processing /opt/airflow/dags/hadoop-2.7.3/share/hadoop/tools/lib/commons-compress-1.4.1.jar took 0.078 seconds
[2022-10-25T15:05:23.261+0000] {processor.py:156} INFO - Started process (PID=34735) to work on /opt/airflow/dags/hadoop-2.7.3/share/hadoop/tools/lib/commons-compress-1.4.1.jar
[2022-10-25T15:05:23.264+0000] {processor.py:758} INFO - Processing file /opt/airflow/dags/hadoop-2.7.3/share/hadoop/tools/lib/commons-compress-1.4.1.jar for tasks to queue
[2022-10-25T15:05:23.267+0000] {logging_mixin.py:117} INFO - [2022-10-25T15:05:23.267+0000] {dagbag.py:525} INFO - Filling up the DagBag from /opt/airflow/dags/hadoop-2.7.3/share/hadoop/tools/lib/commons-compress-1.4.1.jar
[2022-10-25T15:05:23.278+0000] {processor.py:770} WARNING - No viable dags retrieved from /opt/airflow/dags/hadoop-2.7.3/share/hadoop/tools/lib/commons-compress-1.4.1.jar
[2022-10-25T15:05:23.333+0000] {processor.py:178} INFO - Processing /opt/airflow/dags/hadoop-2.7.3/share/hadoop/tools/lib/commons-compress-1.4.1.jar took 0.082 seconds
[2022-10-25T15:05:34.644+0000] {processor.py:156} INFO - Started process (PID=36408) to work on /opt/airflow/dags/hadoop-2.7.3/share/hadoop/tools/lib/commons-compress-1.4.1.jar
[2022-10-25T15:05:34.653+0000] {processor.py:758} INFO - Processing file /opt/airflow/dags/hadoop-2.7.3/share/hadoop/tools/lib/commons-compress-1.4.1.jar for tasks to queue
[2022-10-25T15:05:34.660+0000] {logging_mixin.py:117} INFO - [2022-10-25T15:05:34.658+0000] {dagbag.py:525} INFO - Filling up the DagBag from /opt/airflow/dags/hadoop-2.7.3/share/hadoop/tools/lib/commons-compress-1.4.1.jar
[2022-10-25T15:05:34.685+0000] {processor.py:770} WARNING - No viable dags retrieved from /opt/airflow/dags/hadoop-2.7.3/share/hadoop/tools/lib/commons-compress-1.4.1.jar
[2022-10-25T15:05:34.743+0000] {processor.py:178} INFO - Processing /opt/airflow/dags/hadoop-2.7.3/share/hadoop/tools/lib/commons-compress-1.4.1.jar took 0.108 seconds
[2022-10-25T15:06:15.269+0000] {processor.py:156} INFO - Started process (PID=35257) to work on /opt/airflow/dags/hadoop-2.7.3/share/hadoop/tools/lib/commons-compress-1.4.1.jar
[2022-10-25T15:06:15.274+0000] {processor.py:758} INFO - Processing file /opt/airflow/dags/hadoop-2.7.3/share/hadoop/tools/lib/commons-compress-1.4.1.jar for tasks to queue
[2022-10-25T15:06:15.278+0000] {logging_mixin.py:117} INFO - [2022-10-25T15:06:15.278+0000] {dagbag.py:525} INFO - Filling up the DagBag from /opt/airflow/dags/hadoop-2.7.3/share/hadoop/tools/lib/commons-compress-1.4.1.jar
[2022-10-25T15:06:15.304+0000] {processor.py:770} WARNING - No viable dags retrieved from /opt/airflow/dags/hadoop-2.7.3/share/hadoop/tools/lib/commons-compress-1.4.1.jar
[2022-10-25T15:06:15.374+0000] {processor.py:178} INFO - Processing /opt/airflow/dags/hadoop-2.7.3/share/hadoop/tools/lib/commons-compress-1.4.1.jar took 0.116 seconds
[2022-10-25T15:06:28.569+0000] {processor.py:156} INFO - Started process (PID=36992) to work on /opt/airflow/dags/hadoop-2.7.3/share/hadoop/tools/lib/commons-compress-1.4.1.jar
[2022-10-25T15:06:28.572+0000] {processor.py:758} INFO - Processing file /opt/airflow/dags/hadoop-2.7.3/share/hadoop/tools/lib/commons-compress-1.4.1.jar for tasks to queue
[2022-10-25T15:06:28.576+0000] {logging_mixin.py:117} INFO - [2022-10-25T15:06:28.575+0000] {dagbag.py:525} INFO - Filling up the DagBag from /opt/airflow/dags/hadoop-2.7.3/share/hadoop/tools/lib/commons-compress-1.4.1.jar
[2022-10-25T15:06:28.593+0000] {processor.py:770} WARNING - No viable dags retrieved from /opt/airflow/dags/hadoop-2.7.3/share/hadoop/tools/lib/commons-compress-1.4.1.jar
[2022-10-25T15:06:28.685+0000] {processor.py:178} INFO - Processing /opt/airflow/dags/hadoop-2.7.3/share/hadoop/tools/lib/commons-compress-1.4.1.jar took 0.131 seconds
