[2022-10-25T00:38:01.725+0000] {processor.py:156} INFO - Started process (PID=4567) to work on /opt/airflow/dags/hadoop-2.7.3/share/hadoop/tools/lib/commons-httpclient-3.1.jar
[2022-10-25T00:38:01.727+0000] {processor.py:758} INFO - Processing file /opt/airflow/dags/hadoop-2.7.3/share/hadoop/tools/lib/commons-httpclient-3.1.jar for tasks to queue
[2022-10-25T00:38:01.729+0000] {logging_mixin.py:117} INFO - [2022-10-25T00:38:01.729+0000] {dagbag.py:525} INFO - Filling up the DagBag from /opt/airflow/dags/hadoop-2.7.3/share/hadoop/tools/lib/commons-httpclient-3.1.jar
[2022-10-25T00:38:01.740+0000] {processor.py:770} WARNING - No viable dags retrieved from /opt/airflow/dags/hadoop-2.7.3/share/hadoop/tools/lib/commons-httpclient-3.1.jar
[2022-10-25T00:38:01.783+0000] {processor.py:178} INFO - Processing /opt/airflow/dags/hadoop-2.7.3/share/hadoop/tools/lib/commons-httpclient-3.1.jar took 0.066 seconds
[2022-10-25T00:38:30.202+0000] {processor.py:156} INFO - Started process (PID=2596) to work on /opt/airflow/dags/hadoop-2.7.3/share/hadoop/tools/lib/commons-httpclient-3.1.jar
[2022-10-25T00:38:30.206+0000] {processor.py:758} INFO - Processing file /opt/airflow/dags/hadoop-2.7.3/share/hadoop/tools/lib/commons-httpclient-3.1.jar for tasks to queue
[2022-10-25T00:38:30.211+0000] {logging_mixin.py:117} INFO - [2022-10-25T00:38:30.211+0000] {dagbag.py:525} INFO - Filling up the DagBag from /opt/airflow/dags/hadoop-2.7.3/share/hadoop/tools/lib/commons-httpclient-3.1.jar
[2022-10-25T00:38:30.221+0000] {processor.py:770} WARNING - No viable dags retrieved from /opt/airflow/dags/hadoop-2.7.3/share/hadoop/tools/lib/commons-httpclient-3.1.jar
[2022-10-25T00:38:30.255+0000] {processor.py:178} INFO - Processing /opt/airflow/dags/hadoop-2.7.3/share/hadoop/tools/lib/commons-httpclient-3.1.jar took 0.068 seconds
[2022-10-25T00:38:40.782+0000] {processor.py:156} INFO - Started process (PID=5083) to work on /opt/airflow/dags/hadoop-2.7.3/share/hadoop/tools/lib/commons-httpclient-3.1.jar
[2022-10-25T00:38:40.785+0000] {processor.py:758} INFO - Processing file /opt/airflow/dags/hadoop-2.7.3/share/hadoop/tools/lib/commons-httpclient-3.1.jar for tasks to queue
[2022-10-25T00:38:40.788+0000] {logging_mixin.py:117} INFO - [2022-10-25T00:38:40.787+0000] {dagbag.py:525} INFO - Filling up the DagBag from /opt/airflow/dags/hadoop-2.7.3/share/hadoop/tools/lib/commons-httpclient-3.1.jar
[2022-10-25T00:38:40.803+0000] {processor.py:770} WARNING - No viable dags retrieved from /opt/airflow/dags/hadoop-2.7.3/share/hadoop/tools/lib/commons-httpclient-3.1.jar
[2022-10-25T00:38:40.850+0000] {processor.py:178} INFO - Processing /opt/airflow/dags/hadoop-2.7.3/share/hadoop/tools/lib/commons-httpclient-3.1.jar took 0.075 seconds
[2022-10-25T00:39:09.109+0000] {processor.py:156} INFO - Started process (PID=3104) to work on /opt/airflow/dags/hadoop-2.7.3/share/hadoop/tools/lib/commons-httpclient-3.1.jar
[2022-10-25T00:39:09.111+0000] {processor.py:758} INFO - Processing file /opt/airflow/dags/hadoop-2.7.3/share/hadoop/tools/lib/commons-httpclient-3.1.jar for tasks to queue
[2022-10-25T00:39:09.116+0000] {logging_mixin.py:117} INFO - [2022-10-25T00:39:09.115+0000] {dagbag.py:525} INFO - Filling up the DagBag from /opt/airflow/dags/hadoop-2.7.3/share/hadoop/tools/lib/commons-httpclient-3.1.jar
[2022-10-25T00:39:09.129+0000] {processor.py:770} WARNING - No viable dags retrieved from /opt/airflow/dags/hadoop-2.7.3/share/hadoop/tools/lib/commons-httpclient-3.1.jar
[2022-10-25T00:39:09.165+0000] {processor.py:178} INFO - Processing /opt/airflow/dags/hadoop-2.7.3/share/hadoop/tools/lib/commons-httpclient-3.1.jar took 0.064 seconds
[2022-10-25T00:39:21.187+0000] {processor.py:156} INFO - Started process (PID=5598) to work on /opt/airflow/dags/hadoop-2.7.3/share/hadoop/tools/lib/commons-httpclient-3.1.jar
[2022-10-25T00:39:21.189+0000] {processor.py:758} INFO - Processing file /opt/airflow/dags/hadoop-2.7.3/share/hadoop/tools/lib/commons-httpclient-3.1.jar for tasks to queue
[2022-10-25T00:39:21.191+0000] {logging_mixin.py:117} INFO - [2022-10-25T00:39:21.191+0000] {dagbag.py:525} INFO - Filling up the DagBag from /opt/airflow/dags/hadoop-2.7.3/share/hadoop/tools/lib/commons-httpclient-3.1.jar
[2022-10-25T00:39:21.204+0000] {processor.py:770} WARNING - No viable dags retrieved from /opt/airflow/dags/hadoop-2.7.3/share/hadoop/tools/lib/commons-httpclient-3.1.jar
[2022-10-25T00:39:21.245+0000] {processor.py:178} INFO - Processing /opt/airflow/dags/hadoop-2.7.3/share/hadoop/tools/lib/commons-httpclient-3.1.jar took 0.065 seconds
[2022-10-25T00:39:51.094+0000] {processor.py:156} INFO - Started process (PID=3621) to work on /opt/airflow/dags/hadoop-2.7.3/share/hadoop/tools/lib/commons-httpclient-3.1.jar
[2022-10-25T00:39:51.097+0000] {processor.py:758} INFO - Processing file /opt/airflow/dags/hadoop-2.7.3/share/hadoop/tools/lib/commons-httpclient-3.1.jar for tasks to queue
[2022-10-25T00:39:51.103+0000] {logging_mixin.py:117} INFO - [2022-10-25T00:39:51.103+0000] {dagbag.py:525} INFO - Filling up the DagBag from /opt/airflow/dags/hadoop-2.7.3/share/hadoop/tools/lib/commons-httpclient-3.1.jar
[2022-10-25T00:39:51.113+0000] {processor.py:770} WARNING - No viable dags retrieved from /opt/airflow/dags/hadoop-2.7.3/share/hadoop/tools/lib/commons-httpclient-3.1.jar
[2022-10-25T00:39:51.147+0000] {processor.py:178} INFO - Processing /opt/airflow/dags/hadoop-2.7.3/share/hadoop/tools/lib/commons-httpclient-3.1.jar took 0.060 seconds
[2022-10-25T00:53:03.683+0000] {processor.py:156} INFO - Started process (PID=6189) to work on /opt/airflow/dags/hadoop-2.7.3/share/hadoop/tools/lib/commons-httpclient-3.1.jar
[2022-10-25T00:53:03.687+0000] {processor.py:758} INFO - Processing file /opt/airflow/dags/hadoop-2.7.3/share/hadoop/tools/lib/commons-httpclient-3.1.jar for tasks to queue
[2022-10-25T00:53:03.689+0000] {logging_mixin.py:117} INFO - [2022-10-25T00:53:03.689+0000] {dagbag.py:525} INFO - Filling up the DagBag from /opt/airflow/dags/hadoop-2.7.3/share/hadoop/tools/lib/commons-httpclient-3.1.jar
[2022-10-25T00:53:03.714+0000] {processor.py:770} WARNING - No viable dags retrieved from /opt/airflow/dags/hadoop-2.7.3/share/hadoop/tools/lib/commons-httpclient-3.1.jar
[2022-10-25T00:53:03.762+0000] {processor.py:178} INFO - Processing /opt/airflow/dags/hadoop-2.7.3/share/hadoop/tools/lib/commons-httpclient-3.1.jar took 0.100 seconds
[2022-10-25T00:53:25.337+0000] {processor.py:156} INFO - Started process (PID=4103) to work on /opt/airflow/dags/hadoop-2.7.3/share/hadoop/tools/lib/commons-httpclient-3.1.jar
[2022-10-25T00:53:25.341+0000] {processor.py:758} INFO - Processing file /opt/airflow/dags/hadoop-2.7.3/share/hadoop/tools/lib/commons-httpclient-3.1.jar for tasks to queue
[2022-10-25T00:53:25.347+0000] {logging_mixin.py:117} INFO - [2022-10-25T00:53:25.346+0000] {dagbag.py:525} INFO - Filling up the DagBag from /opt/airflow/dags/hadoop-2.7.3/share/hadoop/tools/lib/commons-httpclient-3.1.jar
[2022-10-25T00:53:25.360+0000] {processor.py:770} WARNING - No viable dags retrieved from /opt/airflow/dags/hadoop-2.7.3/share/hadoop/tools/lib/commons-httpclient-3.1.jar
[2022-10-25T00:53:25.410+0000] {processor.py:178} INFO - Processing /opt/airflow/dags/hadoop-2.7.3/share/hadoop/tools/lib/commons-httpclient-3.1.jar took 0.080 seconds
[2022-10-25T00:53:46.081+0000] {processor.py:156} INFO - Started process (PID=6707) to work on /opt/airflow/dags/hadoop-2.7.3/share/hadoop/tools/lib/commons-httpclient-3.1.jar
[2022-10-25T00:53:46.085+0000] {processor.py:758} INFO - Processing file /opt/airflow/dags/hadoop-2.7.3/share/hadoop/tools/lib/commons-httpclient-3.1.jar for tasks to queue
[2022-10-25T00:53:46.088+0000] {logging_mixin.py:117} INFO - [2022-10-25T00:53:46.087+0000] {dagbag.py:525} INFO - Filling up the DagBag from /opt/airflow/dags/hadoop-2.7.3/share/hadoop/tools/lib/commons-httpclient-3.1.jar
[2022-10-25T00:53:46.104+0000] {processor.py:770} WARNING - No viable dags retrieved from /opt/airflow/dags/hadoop-2.7.3/share/hadoop/tools/lib/commons-httpclient-3.1.jar
[2022-10-25T00:53:46.145+0000] {processor.py:178} INFO - Processing /opt/airflow/dags/hadoop-2.7.3/share/hadoop/tools/lib/commons-httpclient-3.1.jar took 0.072 seconds
[2022-10-25T00:54:04.873+0000] {processor.py:156} INFO - Started process (PID=4618) to work on /opt/airflow/dags/hadoop-2.7.3/share/hadoop/tools/lib/commons-httpclient-3.1.jar
[2022-10-25T00:54:04.877+0000] {processor.py:758} INFO - Processing file /opt/airflow/dags/hadoop-2.7.3/share/hadoop/tools/lib/commons-httpclient-3.1.jar for tasks to queue
[2022-10-25T00:54:04.884+0000] {logging_mixin.py:117} INFO - [2022-10-25T00:54:04.883+0000] {dagbag.py:525} INFO - Filling up the DagBag from /opt/airflow/dags/hadoop-2.7.3/share/hadoop/tools/lib/commons-httpclient-3.1.jar
[2022-10-25T00:54:04.900+0000] {processor.py:770} WARNING - No viable dags retrieved from /opt/airflow/dags/hadoop-2.7.3/share/hadoop/tools/lib/commons-httpclient-3.1.jar
[2022-10-25T00:54:04.956+0000] {processor.py:178} INFO - Processing /opt/airflow/dags/hadoop-2.7.3/share/hadoop/tools/lib/commons-httpclient-3.1.jar took 0.095 seconds
[2022-10-25T00:54:31.268+0000] {processor.py:156} INFO - Started process (PID=7232) to work on /opt/airflow/dags/hadoop-2.7.3/share/hadoop/tools/lib/commons-httpclient-3.1.jar
[2022-10-25T00:54:31.271+0000] {processor.py:758} INFO - Processing file /opt/airflow/dags/hadoop-2.7.3/share/hadoop/tools/lib/commons-httpclient-3.1.jar for tasks to queue
[2022-10-25T00:54:31.274+0000] {logging_mixin.py:117} INFO - [2022-10-25T00:54:31.273+0000] {dagbag.py:525} INFO - Filling up the DagBag from /opt/airflow/dags/hadoop-2.7.3/share/hadoop/tools/lib/commons-httpclient-3.1.jar
[2022-10-25T00:54:31.288+0000] {processor.py:770} WARNING - No viable dags retrieved from /opt/airflow/dags/hadoop-2.7.3/share/hadoop/tools/lib/commons-httpclient-3.1.jar
[2022-10-25T00:54:31.338+0000] {processor.py:178} INFO - Processing /opt/airflow/dags/hadoop-2.7.3/share/hadoop/tools/lib/commons-httpclient-3.1.jar took 0.081 seconds
[2022-10-25T00:54:58.210+0000] {processor.py:156} INFO - Started process (PID=5147) to work on /opt/airflow/dags/hadoop-2.7.3/share/hadoop/tools/lib/commons-httpclient-3.1.jar
[2022-10-25T00:54:58.214+0000] {processor.py:758} INFO - Processing file /opt/airflow/dags/hadoop-2.7.3/share/hadoop/tools/lib/commons-httpclient-3.1.jar for tasks to queue
[2022-10-25T00:54:58.227+0000] {logging_mixin.py:117} INFO - [2022-10-25T00:54:58.226+0000] {dagbag.py:525} INFO - Filling up the DagBag from /opt/airflow/dags/hadoop-2.7.3/share/hadoop/tools/lib/commons-httpclient-3.1.jar
[2022-10-25T00:54:58.250+0000] {processor.py:770} WARNING - No viable dags retrieved from /opt/airflow/dags/hadoop-2.7.3/share/hadoop/tools/lib/commons-httpclient-3.1.jar
[2022-10-25T00:54:58.323+0000] {processor.py:178} INFO - Processing /opt/airflow/dags/hadoop-2.7.3/share/hadoop/tools/lib/commons-httpclient-3.1.jar took 0.122 seconds
[2022-10-25T00:56:13.520+0000] {processor.py:156} INFO - Started process (PID=7916) to work on /opt/airflow/dags/hadoop-2.7.3/share/hadoop/tools/lib/commons-httpclient-3.1.jar
[2022-10-25T00:56:13.529+0000] {processor.py:758} INFO - Processing file /opt/airflow/dags/hadoop-2.7.3/share/hadoop/tools/lib/commons-httpclient-3.1.jar for tasks to queue
[2022-10-25T00:56:13.533+0000] {logging_mixin.py:117} INFO - [2022-10-25T00:56:13.533+0000] {dagbag.py:525} INFO - Filling up the DagBag from /opt/airflow/dags/hadoop-2.7.3/share/hadoop/tools/lib/commons-httpclient-3.1.jar
[2022-10-25T00:56:13.556+0000] {processor.py:770} WARNING - No viable dags retrieved from /opt/airflow/dags/hadoop-2.7.3/share/hadoop/tools/lib/commons-httpclient-3.1.jar
[2022-10-25T00:56:13.637+0000] {processor.py:178} INFO - Processing /opt/airflow/dags/hadoop-2.7.3/share/hadoop/tools/lib/commons-httpclient-3.1.jar took 0.138 seconds
[2022-10-25T00:56:43.895+0000] {processor.py:156} INFO - Started process (PID=5807) to work on /opt/airflow/dags/hadoop-2.7.3/share/hadoop/tools/lib/commons-httpclient-3.1.jar
[2022-10-25T00:56:43.906+0000] {processor.py:758} INFO - Processing file /opt/airflow/dags/hadoop-2.7.3/share/hadoop/tools/lib/commons-httpclient-3.1.jar for tasks to queue
[2022-10-25T00:56:43.938+0000] {logging_mixin.py:117} INFO - [2022-10-25T00:56:43.938+0000] {dagbag.py:525} INFO - Filling up the DagBag from /opt/airflow/dags/hadoop-2.7.3/share/hadoop/tools/lib/commons-httpclient-3.1.jar
[2022-10-25T00:56:43.977+0000] {processor.py:770} WARNING - No viable dags retrieved from /opt/airflow/dags/hadoop-2.7.3/share/hadoop/tools/lib/commons-httpclient-3.1.jar
[2022-10-25T00:56:44.073+0000] {processor.py:178} INFO - Processing /opt/airflow/dags/hadoop-2.7.3/share/hadoop/tools/lib/commons-httpclient-3.1.jar took 0.199 seconds
[2022-10-25T14:08:57.667+0000] {processor.py:156} INFO - Started process (PID=18922) to work on /opt/airflow/dags/hadoop-2.7.3/share/hadoop/tools/lib/commons-httpclient-3.1.jar
[2022-10-25T14:08:57.672+0000] {processor.py:758} INFO - Processing file /opt/airflow/dags/hadoop-2.7.3/share/hadoop/tools/lib/commons-httpclient-3.1.jar for tasks to queue
[2022-10-25T14:08:57.676+0000] {logging_mixin.py:117} INFO - [2022-10-25T14:08:57.675+0000] {dagbag.py:525} INFO - Filling up the DagBag from /opt/airflow/dags/hadoop-2.7.3/share/hadoop/tools/lib/commons-httpclient-3.1.jar
[2022-10-25T14:08:57.686+0000] {processor.py:770} WARNING - No viable dags retrieved from /opt/airflow/dags/hadoop-2.7.3/share/hadoop/tools/lib/commons-httpclient-3.1.jar
[2022-10-25T14:08:57.740+0000] {processor.py:178} INFO - Processing /opt/airflow/dags/hadoop-2.7.3/share/hadoop/tools/lib/commons-httpclient-3.1.jar took 0.083 seconds
[2022-10-25T14:09:15.192+0000] {processor.py:156} INFO - Started process (PID=17838) to work on /opt/airflow/dags/hadoop-2.7.3/share/hadoop/tools/lib/commons-httpclient-3.1.jar
[2022-10-25T14:09:15.196+0000] {processor.py:758} INFO - Processing file /opt/airflow/dags/hadoop-2.7.3/share/hadoop/tools/lib/commons-httpclient-3.1.jar for tasks to queue
[2022-10-25T14:09:15.200+0000] {logging_mixin.py:117} INFO - [2022-10-25T14:09:15.199+0000] {dagbag.py:525} INFO - Filling up the DagBag from /opt/airflow/dags/hadoop-2.7.3/share/hadoop/tools/lib/commons-httpclient-3.1.jar
[2022-10-25T14:09:15.216+0000] {processor.py:770} WARNING - No viable dags retrieved from /opt/airflow/dags/hadoop-2.7.3/share/hadoop/tools/lib/commons-httpclient-3.1.jar
[2022-10-25T14:09:15.266+0000] {processor.py:178} INFO - Processing /opt/airflow/dags/hadoop-2.7.3/share/hadoop/tools/lib/commons-httpclient-3.1.jar took 0.080 seconds
[2022-10-25T14:09:43.297+0000] {processor.py:156} INFO - Started process (PID=19439) to work on /opt/airflow/dags/hadoop-2.7.3/share/hadoop/tools/lib/commons-httpclient-3.1.jar
[2022-10-25T14:09:43.301+0000] {processor.py:758} INFO - Processing file /opt/airflow/dags/hadoop-2.7.3/share/hadoop/tools/lib/commons-httpclient-3.1.jar for tasks to queue
[2022-10-25T14:09:43.305+0000] {logging_mixin.py:117} INFO - [2022-10-25T14:09:43.305+0000] {dagbag.py:525} INFO - Filling up the DagBag from /opt/airflow/dags/hadoop-2.7.3/share/hadoop/tools/lib/commons-httpclient-3.1.jar
[2022-10-25T14:09:43.316+0000] {processor.py:770} WARNING - No viable dags retrieved from /opt/airflow/dags/hadoop-2.7.3/share/hadoop/tools/lib/commons-httpclient-3.1.jar
[2022-10-25T14:09:43.363+0000] {processor.py:178} INFO - Processing /opt/airflow/dags/hadoop-2.7.3/share/hadoop/tools/lib/commons-httpclient-3.1.jar took 0.074 seconds
[2022-10-25T14:09:57.556+0000] {processor.py:156} INFO - Started process (PID=18351) to work on /opt/airflow/dags/hadoop-2.7.3/share/hadoop/tools/lib/commons-httpclient-3.1.jar
[2022-10-25T14:09:57.559+0000] {processor.py:758} INFO - Processing file /opt/airflow/dags/hadoop-2.7.3/share/hadoop/tools/lib/commons-httpclient-3.1.jar for tasks to queue
[2022-10-25T14:09:57.562+0000] {logging_mixin.py:117} INFO - [2022-10-25T14:09:57.561+0000] {dagbag.py:525} INFO - Filling up the DagBag from /opt/airflow/dags/hadoop-2.7.3/share/hadoop/tools/lib/commons-httpclient-3.1.jar
[2022-10-25T14:09:57.572+0000] {processor.py:770} WARNING - No viable dags retrieved from /opt/airflow/dags/hadoop-2.7.3/share/hadoop/tools/lib/commons-httpclient-3.1.jar
[2022-10-25T14:09:57.630+0000] {processor.py:178} INFO - Processing /opt/airflow/dags/hadoop-2.7.3/share/hadoop/tools/lib/commons-httpclient-3.1.jar took 0.090 seconds
[2022-10-25T14:10:27.167+0000] {processor.py:156} INFO - Started process (PID=19960) to work on /opt/airflow/dags/hadoop-2.7.3/share/hadoop/tools/lib/commons-httpclient-3.1.jar
[2022-10-25T14:10:27.169+0000] {processor.py:758} INFO - Processing file /opt/airflow/dags/hadoop-2.7.3/share/hadoop/tools/lib/commons-httpclient-3.1.jar for tasks to queue
[2022-10-25T14:10:27.171+0000] {logging_mixin.py:117} INFO - [2022-10-25T14:10:27.171+0000] {dagbag.py:525} INFO - Filling up the DagBag from /opt/airflow/dags/hadoop-2.7.3/share/hadoop/tools/lib/commons-httpclient-3.1.jar
[2022-10-25T14:10:27.182+0000] {processor.py:770} WARNING - No viable dags retrieved from /opt/airflow/dags/hadoop-2.7.3/share/hadoop/tools/lib/commons-httpclient-3.1.jar
[2022-10-25T14:10:27.224+0000] {processor.py:178} INFO - Processing /opt/airflow/dags/hadoop-2.7.3/share/hadoop/tools/lib/commons-httpclient-3.1.jar took 0.064 seconds
[2022-10-25T14:10:41.102+0000] {processor.py:156} INFO - Started process (PID=18866) to work on /opt/airflow/dags/hadoop-2.7.3/share/hadoop/tools/lib/commons-httpclient-3.1.jar
[2022-10-25T14:10:41.105+0000] {processor.py:758} INFO - Processing file /opt/airflow/dags/hadoop-2.7.3/share/hadoop/tools/lib/commons-httpclient-3.1.jar for tasks to queue
[2022-10-25T14:10:41.107+0000] {logging_mixin.py:117} INFO - [2022-10-25T14:10:41.107+0000] {dagbag.py:525} INFO - Filling up the DagBag from /opt/airflow/dags/hadoop-2.7.3/share/hadoop/tools/lib/commons-httpclient-3.1.jar
[2022-10-25T14:10:41.119+0000] {processor.py:770} WARNING - No viable dags retrieved from /opt/airflow/dags/hadoop-2.7.3/share/hadoop/tools/lib/commons-httpclient-3.1.jar
[2022-10-25T14:10:41.154+0000] {processor.py:178} INFO - Processing /opt/airflow/dags/hadoop-2.7.3/share/hadoop/tools/lib/commons-httpclient-3.1.jar took 0.061 seconds
[2022-10-25T14:11:11.412+0000] {processor.py:156} INFO - Started process (PID=20519) to work on /opt/airflow/dags/hadoop-2.7.3/share/hadoop/tools/lib/commons-httpclient-3.1.jar
[2022-10-25T14:11:11.414+0000] {processor.py:758} INFO - Processing file /opt/airflow/dags/hadoop-2.7.3/share/hadoop/tools/lib/commons-httpclient-3.1.jar for tasks to queue
[2022-10-25T14:11:11.417+0000] {logging_mixin.py:117} INFO - [2022-10-25T14:11:11.417+0000] {dagbag.py:525} INFO - Filling up the DagBag from /opt/airflow/dags/hadoop-2.7.3/share/hadoop/tools/lib/commons-httpclient-3.1.jar
[2022-10-25T14:11:11.427+0000] {processor.py:770} WARNING - No viable dags retrieved from /opt/airflow/dags/hadoop-2.7.3/share/hadoop/tools/lib/commons-httpclient-3.1.jar
[2022-10-25T14:11:11.467+0000] {processor.py:178} INFO - Processing /opt/airflow/dags/hadoop-2.7.3/share/hadoop/tools/lib/commons-httpclient-3.1.jar took 0.063 seconds
[2022-10-25T14:11:22.788+0000] {processor.py:156} INFO - Started process (PID=19381) to work on /opt/airflow/dags/hadoop-2.7.3/share/hadoop/tools/lib/commons-httpclient-3.1.jar
[2022-10-25T14:11:22.799+0000] {processor.py:758} INFO - Processing file /opt/airflow/dags/hadoop-2.7.3/share/hadoop/tools/lib/commons-httpclient-3.1.jar for tasks to queue
[2022-10-25T14:11:22.810+0000] {logging_mixin.py:117} INFO - [2022-10-25T14:11:22.810+0000] {dagbag.py:525} INFO - Filling up the DagBag from /opt/airflow/dags/hadoop-2.7.3/share/hadoop/tools/lib/commons-httpclient-3.1.jar
[2022-10-25T14:11:22.865+0000] {processor.py:770} WARNING - No viable dags retrieved from /opt/airflow/dags/hadoop-2.7.3/share/hadoop/tools/lib/commons-httpclient-3.1.jar
[2022-10-25T14:11:22.925+0000] {processor.py:178} INFO - Processing /opt/airflow/dags/hadoop-2.7.3/share/hadoop/tools/lib/commons-httpclient-3.1.jar took 0.149 seconds
[2022-10-25T14:11:53.983+0000] {processor.py:156} INFO - Started process (PID=21035) to work on /opt/airflow/dags/hadoop-2.7.3/share/hadoop/tools/lib/commons-httpclient-3.1.jar
[2022-10-25T14:11:53.986+0000] {processor.py:758} INFO - Processing file /opt/airflow/dags/hadoop-2.7.3/share/hadoop/tools/lib/commons-httpclient-3.1.jar for tasks to queue
[2022-10-25T14:11:53.988+0000] {logging_mixin.py:117} INFO - [2022-10-25T14:11:53.988+0000] {dagbag.py:525} INFO - Filling up the DagBag from /opt/airflow/dags/hadoop-2.7.3/share/hadoop/tools/lib/commons-httpclient-3.1.jar
[2022-10-25T14:11:54.008+0000] {processor.py:770} WARNING - No viable dags retrieved from /opt/airflow/dags/hadoop-2.7.3/share/hadoop/tools/lib/commons-httpclient-3.1.jar
[2022-10-25T14:11:54.060+0000] {processor.py:178} INFO - Processing /opt/airflow/dags/hadoop-2.7.3/share/hadoop/tools/lib/commons-httpclient-3.1.jar took 0.097 seconds
[2022-10-25T14:12:15.375+0000] {processor.py:156} INFO - Started process (PID=19971) to work on /opt/airflow/dags/hadoop-2.7.3/share/hadoop/tools/lib/commons-httpclient-3.1.jar
[2022-10-25T14:12:15.377+0000] {processor.py:758} INFO - Processing file /opt/airflow/dags/hadoop-2.7.3/share/hadoop/tools/lib/commons-httpclient-3.1.jar for tasks to queue
[2022-10-25T14:12:15.380+0000] {logging_mixin.py:117} INFO - [2022-10-25T14:12:15.379+0000] {dagbag.py:525} INFO - Filling up the DagBag from /opt/airflow/dags/hadoop-2.7.3/share/hadoop/tools/lib/commons-httpclient-3.1.jar
[2022-10-25T14:12:15.388+0000] {processor.py:770} WARNING - No viable dags retrieved from /opt/airflow/dags/hadoop-2.7.3/share/hadoop/tools/lib/commons-httpclient-3.1.jar
[2022-10-25T14:12:15.425+0000] {processor.py:178} INFO - Processing /opt/airflow/dags/hadoop-2.7.3/share/hadoop/tools/lib/commons-httpclient-3.1.jar took 0.058 seconds
[2022-10-25T14:13:21.613+0000] {processor.py:156} INFO - Started process (PID=21587) to work on /opt/airflow/dags/hadoop-2.7.3/share/hadoop/tools/lib/commons-httpclient-3.1.jar
[2022-10-25T14:13:21.616+0000] {processor.py:758} INFO - Processing file /opt/airflow/dags/hadoop-2.7.3/share/hadoop/tools/lib/commons-httpclient-3.1.jar for tasks to queue
[2022-10-25T14:13:21.619+0000] {logging_mixin.py:117} INFO - [2022-10-25T14:13:21.618+0000] {dagbag.py:525} INFO - Filling up the DagBag from /opt/airflow/dags/hadoop-2.7.3/share/hadoop/tools/lib/commons-httpclient-3.1.jar
[2022-10-25T14:13:21.632+0000] {processor.py:770} WARNING - No viable dags retrieved from /opt/airflow/dags/hadoop-2.7.3/share/hadoop/tools/lib/commons-httpclient-3.1.jar
[2022-10-25T14:13:21.669+0000] {processor.py:178} INFO - Processing /opt/airflow/dags/hadoop-2.7.3/share/hadoop/tools/lib/commons-httpclient-3.1.jar took 0.064 seconds
[2022-10-25T14:13:37.868+0000] {processor.py:156} INFO - Started process (PID=20509) to work on /opt/airflow/dags/hadoop-2.7.3/share/hadoop/tools/lib/commons-httpclient-3.1.jar
[2022-10-25T14:13:37.871+0000] {processor.py:758} INFO - Processing file /opt/airflow/dags/hadoop-2.7.3/share/hadoop/tools/lib/commons-httpclient-3.1.jar for tasks to queue
[2022-10-25T14:13:37.874+0000] {logging_mixin.py:117} INFO - [2022-10-25T14:13:37.874+0000] {dagbag.py:525} INFO - Filling up the DagBag from /opt/airflow/dags/hadoop-2.7.3/share/hadoop/tools/lib/commons-httpclient-3.1.jar
[2022-10-25T14:13:37.908+0000] {processor.py:770} WARNING - No viable dags retrieved from /opt/airflow/dags/hadoop-2.7.3/share/hadoop/tools/lib/commons-httpclient-3.1.jar
[2022-10-25T14:13:37.958+0000] {processor.py:178} INFO - Processing /opt/airflow/dags/hadoop-2.7.3/share/hadoop/tools/lib/commons-httpclient-3.1.jar took 0.105 seconds
[2022-10-25T14:14:06.385+0000] {processor.py:156} INFO - Started process (PID=22139) to work on /opt/airflow/dags/hadoop-2.7.3/share/hadoop/tools/lib/commons-httpclient-3.1.jar
[2022-10-25T14:14:06.391+0000] {processor.py:758} INFO - Processing file /opt/airflow/dags/hadoop-2.7.3/share/hadoop/tools/lib/commons-httpclient-3.1.jar for tasks to queue
[2022-10-25T14:14:06.397+0000] {logging_mixin.py:117} INFO - [2022-10-25T14:14:06.397+0000] {dagbag.py:525} INFO - Filling up the DagBag from /opt/airflow/dags/hadoop-2.7.3/share/hadoop/tools/lib/commons-httpclient-3.1.jar
[2022-10-25T14:14:06.425+0000] {processor.py:770} WARNING - No viable dags retrieved from /opt/airflow/dags/hadoop-2.7.3/share/hadoop/tools/lib/commons-httpclient-3.1.jar
[2022-10-25T14:14:06.492+0000] {processor.py:178} INFO - Processing /opt/airflow/dags/hadoop-2.7.3/share/hadoop/tools/lib/commons-httpclient-3.1.jar took 0.121 seconds
[2022-10-25T14:14:37.614+0000] {processor.py:156} INFO - Started process (PID=21160) to work on /opt/airflow/dags/hadoop-2.7.3/share/hadoop/tools/lib/commons-httpclient-3.1.jar
[2022-10-25T14:14:37.617+0000] {processor.py:758} INFO - Processing file /opt/airflow/dags/hadoop-2.7.3/share/hadoop/tools/lib/commons-httpclient-3.1.jar for tasks to queue
[2022-10-25T14:14:37.620+0000] {logging_mixin.py:117} INFO - [2022-10-25T14:14:37.619+0000] {dagbag.py:525} INFO - Filling up the DagBag from /opt/airflow/dags/hadoop-2.7.3/share/hadoop/tools/lib/commons-httpclient-3.1.jar
[2022-10-25T14:14:37.637+0000] {processor.py:770} WARNING - No viable dags retrieved from /opt/airflow/dags/hadoop-2.7.3/share/hadoop/tools/lib/commons-httpclient-3.1.jar
[2022-10-25T14:14:37.683+0000] {processor.py:178} INFO - Processing /opt/airflow/dags/hadoop-2.7.3/share/hadoop/tools/lib/commons-httpclient-3.1.jar took 0.080 seconds
[2022-10-25T14:14:57.338+0000] {processor.py:156} INFO - Started process (PID=22694) to work on /opt/airflow/dags/hadoop-2.7.3/share/hadoop/tools/lib/commons-httpclient-3.1.jar
[2022-10-25T14:14:57.341+0000] {processor.py:758} INFO - Processing file /opt/airflow/dags/hadoop-2.7.3/share/hadoop/tools/lib/commons-httpclient-3.1.jar for tasks to queue
[2022-10-25T14:14:57.346+0000] {logging_mixin.py:117} INFO - [2022-10-25T14:14:57.346+0000] {dagbag.py:525} INFO - Filling up the DagBag from /opt/airflow/dags/hadoop-2.7.3/share/hadoop/tools/lib/commons-httpclient-3.1.jar
[2022-10-25T14:14:57.356+0000] {processor.py:770} WARNING - No viable dags retrieved from /opt/airflow/dags/hadoop-2.7.3/share/hadoop/tools/lib/commons-httpclient-3.1.jar
[2022-10-25T14:14:57.412+0000] {processor.py:178} INFO - Processing /opt/airflow/dags/hadoop-2.7.3/share/hadoop/tools/lib/commons-httpclient-3.1.jar took 0.085 seconds
[2022-10-25T14:15:37.400+0000] {processor.py:156} INFO - Started process (PID=21708) to work on /opt/airflow/dags/hadoop-2.7.3/share/hadoop/tools/lib/commons-httpclient-3.1.jar
[2022-10-25T14:15:37.407+0000] {processor.py:758} INFO - Processing file /opt/airflow/dags/hadoop-2.7.3/share/hadoop/tools/lib/commons-httpclient-3.1.jar for tasks to queue
[2022-10-25T14:15:37.411+0000] {logging_mixin.py:117} INFO - [2022-10-25T14:15:37.411+0000] {dagbag.py:525} INFO - Filling up the DagBag from /opt/airflow/dags/hadoop-2.7.3/share/hadoop/tools/lib/commons-httpclient-3.1.jar
[2022-10-25T14:15:37.425+0000] {processor.py:770} WARNING - No viable dags retrieved from /opt/airflow/dags/hadoop-2.7.3/share/hadoop/tools/lib/commons-httpclient-3.1.jar
[2022-10-25T14:15:37.485+0000] {processor.py:178} INFO - Processing /opt/airflow/dags/hadoop-2.7.3/share/hadoop/tools/lib/commons-httpclient-3.1.jar took 0.095 seconds
[2022-10-25T14:16:12.942+0000] {processor.py:156} INFO - Started process (PID=23393) to work on /opt/airflow/dags/hadoop-2.7.3/share/hadoop/tools/lib/commons-httpclient-3.1.jar
[2022-10-25T14:16:12.950+0000] {processor.py:758} INFO - Processing file /opt/airflow/dags/hadoop-2.7.3/share/hadoop/tools/lib/commons-httpclient-3.1.jar for tasks to queue
[2022-10-25T14:16:12.954+0000] {logging_mixin.py:117} INFO - [2022-10-25T14:16:12.954+0000] {dagbag.py:525} INFO - Filling up the DagBag from /opt/airflow/dags/hadoop-2.7.3/share/hadoop/tools/lib/commons-httpclient-3.1.jar
[2022-10-25T14:16:12.973+0000] {processor.py:770} WARNING - No viable dags retrieved from /opt/airflow/dags/hadoop-2.7.3/share/hadoop/tools/lib/commons-httpclient-3.1.jar
[2022-10-25T14:16:13.035+0000] {processor.py:178} INFO - Processing /opt/airflow/dags/hadoop-2.7.3/share/hadoop/tools/lib/commons-httpclient-3.1.jar took 0.115 seconds
[2022-10-25T14:16:25.188+0000] {processor.py:156} INFO - Started process (PID=22214) to work on /opt/airflow/dags/hadoop-2.7.3/share/hadoop/tools/lib/commons-httpclient-3.1.jar
[2022-10-25T14:16:25.194+0000] {processor.py:758} INFO - Processing file /opt/airflow/dags/hadoop-2.7.3/share/hadoop/tools/lib/commons-httpclient-3.1.jar for tasks to queue
[2022-10-25T14:16:25.199+0000] {logging_mixin.py:117} INFO - [2022-10-25T14:16:25.198+0000] {dagbag.py:525} INFO - Filling up the DagBag from /opt/airflow/dags/hadoop-2.7.3/share/hadoop/tools/lib/commons-httpclient-3.1.jar
[2022-10-25T14:16:25.219+0000] {processor.py:770} WARNING - No viable dags retrieved from /opt/airflow/dags/hadoop-2.7.3/share/hadoop/tools/lib/commons-httpclient-3.1.jar
[2022-10-25T14:16:25.274+0000] {processor.py:178} INFO - Processing /opt/airflow/dags/hadoop-2.7.3/share/hadoop/tools/lib/commons-httpclient-3.1.jar took 0.107 seconds
[2022-10-25T14:17:19.989+0000] {processor.py:156} INFO - Started process (PID=24026) to work on /opt/airflow/dags/hadoop-2.7.3/share/hadoop/tools/lib/commons-httpclient-3.1.jar
[2022-10-25T14:17:19.992+0000] {processor.py:758} INFO - Processing file /opt/airflow/dags/hadoop-2.7.3/share/hadoop/tools/lib/commons-httpclient-3.1.jar for tasks to queue
[2022-10-25T14:17:19.995+0000] {logging_mixin.py:117} INFO - [2022-10-25T14:17:19.995+0000] {dagbag.py:525} INFO - Filling up the DagBag from /opt/airflow/dags/hadoop-2.7.3/share/hadoop/tools/lib/commons-httpclient-3.1.jar
[2022-10-25T14:17:20.009+0000] {processor.py:770} WARNING - No viable dags retrieved from /opt/airflow/dags/hadoop-2.7.3/share/hadoop/tools/lib/commons-httpclient-3.1.jar
[2022-10-25T14:17:20.043+0000] {processor.py:178} INFO - Processing /opt/airflow/dags/hadoop-2.7.3/share/hadoop/tools/lib/commons-httpclient-3.1.jar took 0.068 seconds
[2022-10-25T14:17:40.256+0000] {processor.py:156} INFO - Started process (PID=22896) to work on /opt/airflow/dags/hadoop-2.7.3/share/hadoop/tools/lib/commons-httpclient-3.1.jar
[2022-10-25T14:17:40.260+0000] {processor.py:758} INFO - Processing file /opt/airflow/dags/hadoop-2.7.3/share/hadoop/tools/lib/commons-httpclient-3.1.jar for tasks to queue
[2022-10-25T14:17:40.264+0000] {logging_mixin.py:117} INFO - [2022-10-25T14:17:40.264+0000] {dagbag.py:525} INFO - Filling up the DagBag from /opt/airflow/dags/hadoop-2.7.3/share/hadoop/tools/lib/commons-httpclient-3.1.jar
[2022-10-25T14:17:40.286+0000] {processor.py:770} WARNING - No viable dags retrieved from /opt/airflow/dags/hadoop-2.7.3/share/hadoop/tools/lib/commons-httpclient-3.1.jar
[2022-10-25T14:17:40.353+0000] {processor.py:178} INFO - Processing /opt/airflow/dags/hadoop-2.7.3/share/hadoop/tools/lib/commons-httpclient-3.1.jar took 0.117 seconds
