[2022-10-25T00:38:02.566+0000] {processor.py:156} INFO - Started process (PID=4582) to work on /opt/airflow/dags/hadoop-2.7.3/share/hadoop/tools/lib/hadoop-aws-2.7.3.jar
[2022-10-25T00:38:02.568+0000] {processor.py:758} INFO - Processing file /opt/airflow/dags/hadoop-2.7.3/share/hadoop/tools/lib/hadoop-aws-2.7.3.jar for tasks to queue
[2022-10-25T00:38:02.571+0000] {logging_mixin.py:117} INFO - [2022-10-25T00:38:02.570+0000] {dagbag.py:525} INFO - Filling up the DagBag from /opt/airflow/dags/hadoop-2.7.3/share/hadoop/tools/lib/hadoop-aws-2.7.3.jar
[2022-10-25T00:38:02.577+0000] {processor.py:770} WARNING - No viable dags retrieved from /opt/airflow/dags/hadoop-2.7.3/share/hadoop/tools/lib/hadoop-aws-2.7.3.jar
[2022-10-25T00:38:02.608+0000] {processor.py:178} INFO - Processing /opt/airflow/dags/hadoop-2.7.3/share/hadoop/tools/lib/hadoop-aws-2.7.3.jar took 0.049 seconds
[2022-10-25T00:38:31.185+0000] {processor.py:156} INFO - Started process (PID=2611) to work on /opt/airflow/dags/hadoop-2.7.3/share/hadoop/tools/lib/hadoop-aws-2.7.3.jar
[2022-10-25T00:38:31.190+0000] {processor.py:758} INFO - Processing file /opt/airflow/dags/hadoop-2.7.3/share/hadoop/tools/lib/hadoop-aws-2.7.3.jar for tasks to queue
[2022-10-25T00:38:31.194+0000] {logging_mixin.py:117} INFO - [2022-10-25T00:38:31.194+0000] {dagbag.py:525} INFO - Filling up the DagBag from /opt/airflow/dags/hadoop-2.7.3/share/hadoop/tools/lib/hadoop-aws-2.7.3.jar
[2022-10-25T00:38:31.204+0000] {processor.py:770} WARNING - No viable dags retrieved from /opt/airflow/dags/hadoop-2.7.3/share/hadoop/tools/lib/hadoop-aws-2.7.3.jar
[2022-10-25T00:38:31.242+0000] {processor.py:178} INFO - Processing /opt/airflow/dags/hadoop-2.7.3/share/hadoop/tools/lib/hadoop-aws-2.7.3.jar took 0.065 seconds
[2022-10-25T00:38:41.945+0000] {processor.py:156} INFO - Started process (PID=5098) to work on /opt/airflow/dags/hadoop-2.7.3/share/hadoop/tools/lib/hadoop-aws-2.7.3.jar
[2022-10-25T00:38:41.948+0000] {processor.py:758} INFO - Processing file /opt/airflow/dags/hadoop-2.7.3/share/hadoop/tools/lib/hadoop-aws-2.7.3.jar for tasks to queue
[2022-10-25T00:38:41.953+0000] {logging_mixin.py:117} INFO - [2022-10-25T00:38:41.952+0000] {dagbag.py:525} INFO - Filling up the DagBag from /opt/airflow/dags/hadoop-2.7.3/share/hadoop/tools/lib/hadoop-aws-2.7.3.jar
[2022-10-25T00:38:41.961+0000] {processor.py:770} WARNING - No viable dags retrieved from /opt/airflow/dags/hadoop-2.7.3/share/hadoop/tools/lib/hadoop-aws-2.7.3.jar
[2022-10-25T00:38:41.990+0000] {processor.py:178} INFO - Processing /opt/airflow/dags/hadoop-2.7.3/share/hadoop/tools/lib/hadoop-aws-2.7.3.jar took 0.053 seconds
[2022-10-25T00:39:10.021+0000] {processor.py:156} INFO - Started process (PID=3119) to work on /opt/airflow/dags/hadoop-2.7.3/share/hadoop/tools/lib/hadoop-aws-2.7.3.jar
[2022-10-25T00:39:10.027+0000] {processor.py:758} INFO - Processing file /opt/airflow/dags/hadoop-2.7.3/share/hadoop/tools/lib/hadoop-aws-2.7.3.jar for tasks to queue
[2022-10-25T00:39:10.038+0000] {logging_mixin.py:117} INFO - [2022-10-25T00:39:10.038+0000] {dagbag.py:525} INFO - Filling up the DagBag from /opt/airflow/dags/hadoop-2.7.3/share/hadoop/tools/lib/hadoop-aws-2.7.3.jar
[2022-10-25T00:39:10.048+0000] {processor.py:770} WARNING - No viable dags retrieved from /opt/airflow/dags/hadoop-2.7.3/share/hadoop/tools/lib/hadoop-aws-2.7.3.jar
[2022-10-25T00:39:10.081+0000] {processor.py:178} INFO - Processing /opt/airflow/dags/hadoop-2.7.3/share/hadoop/tools/lib/hadoop-aws-2.7.3.jar took 0.068 seconds
[2022-10-25T00:39:22.268+0000] {processor.py:156} INFO - Started process (PID=5613) to work on /opt/airflow/dags/hadoop-2.7.3/share/hadoop/tools/lib/hadoop-aws-2.7.3.jar
[2022-10-25T00:39:22.271+0000] {processor.py:758} INFO - Processing file /opt/airflow/dags/hadoop-2.7.3/share/hadoop/tools/lib/hadoop-aws-2.7.3.jar for tasks to queue
[2022-10-25T00:39:22.276+0000] {logging_mixin.py:117} INFO - [2022-10-25T00:39:22.276+0000] {dagbag.py:525} INFO - Filling up the DagBag from /opt/airflow/dags/hadoop-2.7.3/share/hadoop/tools/lib/hadoop-aws-2.7.3.jar
[2022-10-25T00:39:22.285+0000] {processor.py:770} WARNING - No viable dags retrieved from /opt/airflow/dags/hadoop-2.7.3/share/hadoop/tools/lib/hadoop-aws-2.7.3.jar
[2022-10-25T00:39:22.328+0000] {processor.py:178} INFO - Processing /opt/airflow/dags/hadoop-2.7.3/share/hadoop/tools/lib/hadoop-aws-2.7.3.jar took 0.073 seconds
[2022-10-25T00:39:52.320+0000] {processor.py:156} INFO - Started process (PID=3643) to work on /opt/airflow/dags/hadoop-2.7.3/share/hadoop/tools/lib/hadoop-aws-2.7.3.jar
[2022-10-25T00:39:52.323+0000] {processor.py:758} INFO - Processing file /opt/airflow/dags/hadoop-2.7.3/share/hadoop/tools/lib/hadoop-aws-2.7.3.jar for tasks to queue
[2022-10-25T00:39:52.332+0000] {logging_mixin.py:117} INFO - [2022-10-25T00:39:52.332+0000] {dagbag.py:525} INFO - Filling up the DagBag from /opt/airflow/dags/hadoop-2.7.3/share/hadoop/tools/lib/hadoop-aws-2.7.3.jar
[2022-10-25T00:39:52.339+0000] {processor.py:770} WARNING - No viable dags retrieved from /opt/airflow/dags/hadoop-2.7.3/share/hadoop/tools/lib/hadoop-aws-2.7.3.jar
[2022-10-25T00:39:52.409+0000] {processor.py:178} INFO - Processing /opt/airflow/dags/hadoop-2.7.3/share/hadoop/tools/lib/hadoop-aws-2.7.3.jar took 0.096 seconds
[2022-10-25T00:53:05.114+0000] {processor.py:156} INFO - Started process (PID=6206) to work on /opt/airflow/dags/hadoop-2.7.3/share/hadoop/tools/lib/hadoop-aws-2.7.3.jar
[2022-10-25T00:53:05.116+0000] {processor.py:758} INFO - Processing file /opt/airflow/dags/hadoop-2.7.3/share/hadoop/tools/lib/hadoop-aws-2.7.3.jar for tasks to queue
[2022-10-25T00:53:05.119+0000] {logging_mixin.py:117} INFO - [2022-10-25T00:53:05.118+0000] {dagbag.py:525} INFO - Filling up the DagBag from /opt/airflow/dags/hadoop-2.7.3/share/hadoop/tools/lib/hadoop-aws-2.7.3.jar
[2022-10-25T00:53:05.127+0000] {processor.py:770} WARNING - No viable dags retrieved from /opt/airflow/dags/hadoop-2.7.3/share/hadoop/tools/lib/hadoop-aws-2.7.3.jar
[2022-10-25T00:53:05.159+0000] {processor.py:178} INFO - Processing /opt/airflow/dags/hadoop-2.7.3/share/hadoop/tools/lib/hadoop-aws-2.7.3.jar took 0.053 seconds
[2022-10-25T00:53:26.633+0000] {processor.py:156} INFO - Started process (PID=4118) to work on /opt/airflow/dags/hadoop-2.7.3/share/hadoop/tools/lib/hadoop-aws-2.7.3.jar
[2022-10-25T00:53:26.636+0000] {processor.py:758} INFO - Processing file /opt/airflow/dags/hadoop-2.7.3/share/hadoop/tools/lib/hadoop-aws-2.7.3.jar for tasks to queue
[2022-10-25T00:53:26.641+0000] {logging_mixin.py:117} INFO - [2022-10-25T00:53:26.641+0000] {dagbag.py:525} INFO - Filling up the DagBag from /opt/airflow/dags/hadoop-2.7.3/share/hadoop/tools/lib/hadoop-aws-2.7.3.jar
[2022-10-25T00:53:26.650+0000] {processor.py:770} WARNING - No viable dags retrieved from /opt/airflow/dags/hadoop-2.7.3/share/hadoop/tools/lib/hadoop-aws-2.7.3.jar
[2022-10-25T00:53:26.701+0000] {processor.py:178} INFO - Processing /opt/airflow/dags/hadoop-2.7.3/share/hadoop/tools/lib/hadoop-aws-2.7.3.jar took 0.075 seconds
[2022-10-25T00:53:47.297+0000] {processor.py:156} INFO - Started process (PID=6722) to work on /opt/airflow/dags/hadoop-2.7.3/share/hadoop/tools/lib/hadoop-aws-2.7.3.jar
[2022-10-25T00:53:47.300+0000] {processor.py:758} INFO - Processing file /opt/airflow/dags/hadoop-2.7.3/share/hadoop/tools/lib/hadoop-aws-2.7.3.jar for tasks to queue
[2022-10-25T00:53:47.302+0000] {logging_mixin.py:117} INFO - [2022-10-25T00:53:47.302+0000] {dagbag.py:525} INFO - Filling up the DagBag from /opt/airflow/dags/hadoop-2.7.3/share/hadoop/tools/lib/hadoop-aws-2.7.3.jar
[2022-10-25T00:53:47.309+0000] {processor.py:770} WARNING - No viable dags retrieved from /opt/airflow/dags/hadoop-2.7.3/share/hadoop/tools/lib/hadoop-aws-2.7.3.jar
[2022-10-25T00:53:47.345+0000] {processor.py:178} INFO - Processing /opt/airflow/dags/hadoop-2.7.3/share/hadoop/tools/lib/hadoop-aws-2.7.3.jar took 0.054 seconds
[2022-10-25T00:54:05.946+0000] {processor.py:156} INFO - Started process (PID=4633) to work on /opt/airflow/dags/hadoop-2.7.3/share/hadoop/tools/lib/hadoop-aws-2.7.3.jar
[2022-10-25T00:54:05.948+0000] {processor.py:758} INFO - Processing file /opt/airflow/dags/hadoop-2.7.3/share/hadoop/tools/lib/hadoop-aws-2.7.3.jar for tasks to queue
[2022-10-25T00:54:05.961+0000] {logging_mixin.py:117} INFO - [2022-10-25T00:54:05.961+0000] {dagbag.py:525} INFO - Filling up the DagBag from /opt/airflow/dags/hadoop-2.7.3/share/hadoop/tools/lib/hadoop-aws-2.7.3.jar
[2022-10-25T00:54:05.968+0000] {processor.py:770} WARNING - No viable dags retrieved from /opt/airflow/dags/hadoop-2.7.3/share/hadoop/tools/lib/hadoop-aws-2.7.3.jar
[2022-10-25T00:54:05.997+0000] {processor.py:178} INFO - Processing /opt/airflow/dags/hadoop-2.7.3/share/hadoop/tools/lib/hadoop-aws-2.7.3.jar took 0.058 seconds
[2022-10-25T00:54:32.644+0000] {processor.py:156} INFO - Started process (PID=7247) to work on /opt/airflow/dags/hadoop-2.7.3/share/hadoop/tools/lib/hadoop-aws-2.7.3.jar
[2022-10-25T00:54:32.648+0000] {processor.py:758} INFO - Processing file /opt/airflow/dags/hadoop-2.7.3/share/hadoop/tools/lib/hadoop-aws-2.7.3.jar for tasks to queue
[2022-10-25T00:54:32.651+0000] {logging_mixin.py:117} INFO - [2022-10-25T00:54:32.650+0000] {dagbag.py:525} INFO - Filling up the DagBag from /opt/airflow/dags/hadoop-2.7.3/share/hadoop/tools/lib/hadoop-aws-2.7.3.jar
[2022-10-25T00:54:32.659+0000] {processor.py:770} WARNING - No viable dags retrieved from /opt/airflow/dags/hadoop-2.7.3/share/hadoop/tools/lib/hadoop-aws-2.7.3.jar
[2022-10-25T00:54:32.705+0000] {processor.py:178} INFO - Processing /opt/airflow/dags/hadoop-2.7.3/share/hadoop/tools/lib/hadoop-aws-2.7.3.jar took 0.074 seconds
[2022-10-25T00:55:00.477+0000] {processor.py:156} INFO - Started process (PID=5170) to work on /opt/airflow/dags/hadoop-2.7.3/share/hadoop/tools/lib/hadoop-aws-2.7.3.jar
[2022-10-25T00:55:00.482+0000] {processor.py:758} INFO - Processing file /opt/airflow/dags/hadoop-2.7.3/share/hadoop/tools/lib/hadoop-aws-2.7.3.jar for tasks to queue
[2022-10-25T00:55:00.491+0000] {logging_mixin.py:117} INFO - [2022-10-25T00:55:00.491+0000] {dagbag.py:525} INFO - Filling up the DagBag from /opt/airflow/dags/hadoop-2.7.3/share/hadoop/tools/lib/hadoop-aws-2.7.3.jar
[2022-10-25T00:55:00.517+0000] {processor.py:770} WARNING - No viable dags retrieved from /opt/airflow/dags/hadoop-2.7.3/share/hadoop/tools/lib/hadoop-aws-2.7.3.jar
[2022-10-25T00:55:00.594+0000] {processor.py:178} INFO - Processing /opt/airflow/dags/hadoop-2.7.3/share/hadoop/tools/lib/hadoop-aws-2.7.3.jar took 0.140 seconds
[2022-10-25T00:56:16.243+0000] {processor.py:156} INFO - Started process (PID=7931) to work on /opt/airflow/dags/hadoop-2.7.3/share/hadoop/tools/lib/hadoop-aws-2.7.3.jar
[2022-10-25T00:56:16.250+0000] {processor.py:758} INFO - Processing file /opt/airflow/dags/hadoop-2.7.3/share/hadoop/tools/lib/hadoop-aws-2.7.3.jar for tasks to queue
[2022-10-25T00:56:16.257+0000] {logging_mixin.py:117} INFO - [2022-10-25T00:56:16.256+0000] {dagbag.py:525} INFO - Filling up the DagBag from /opt/airflow/dags/hadoop-2.7.3/share/hadoop/tools/lib/hadoop-aws-2.7.3.jar
[2022-10-25T00:56:16.282+0000] {processor.py:770} WARNING - No viable dags retrieved from /opt/airflow/dags/hadoop-2.7.3/share/hadoop/tools/lib/hadoop-aws-2.7.3.jar
[2022-10-25T00:56:16.397+0000] {processor.py:178} INFO - Processing /opt/airflow/dags/hadoop-2.7.3/share/hadoop/tools/lib/hadoop-aws-2.7.3.jar took 0.173 seconds
[2022-10-25T00:56:46.024+0000] {processor.py:156} INFO - Started process (PID=5828) to work on /opt/airflow/dags/hadoop-2.7.3/share/hadoop/tools/lib/hadoop-aws-2.7.3.jar
[2022-10-25T00:56:46.030+0000] {processor.py:758} INFO - Processing file /opt/airflow/dags/hadoop-2.7.3/share/hadoop/tools/lib/hadoop-aws-2.7.3.jar for tasks to queue
[2022-10-25T00:56:46.037+0000] {logging_mixin.py:117} INFO - [2022-10-25T00:56:46.036+0000] {dagbag.py:525} INFO - Filling up the DagBag from /opt/airflow/dags/hadoop-2.7.3/share/hadoop/tools/lib/hadoop-aws-2.7.3.jar
[2022-10-25T00:56:46.047+0000] {processor.py:770} WARNING - No viable dags retrieved from /opt/airflow/dags/hadoop-2.7.3/share/hadoop/tools/lib/hadoop-aws-2.7.3.jar
[2022-10-25T00:56:46.108+0000] {processor.py:178} INFO - Processing /opt/airflow/dags/hadoop-2.7.3/share/hadoop/tools/lib/hadoop-aws-2.7.3.jar took 0.098 seconds
[2022-10-25T14:08:59.002+0000] {processor.py:156} INFO - Started process (PID=18937) to work on /opt/airflow/dags/hadoop-2.7.3/share/hadoop/tools/lib/hadoop-aws-2.7.3.jar
[2022-10-25T14:08:59.006+0000] {processor.py:758} INFO - Processing file /opt/airflow/dags/hadoop-2.7.3/share/hadoop/tools/lib/hadoop-aws-2.7.3.jar for tasks to queue
[2022-10-25T14:08:59.009+0000] {logging_mixin.py:117} INFO - [2022-10-25T14:08:59.008+0000] {dagbag.py:525} INFO - Filling up the DagBag from /opt/airflow/dags/hadoop-2.7.3/share/hadoop/tools/lib/hadoop-aws-2.7.3.jar
[2022-10-25T14:08:59.032+0000] {processor.py:770} WARNING - No viable dags retrieved from /opt/airflow/dags/hadoop-2.7.3/share/hadoop/tools/lib/hadoop-aws-2.7.3.jar
[2022-10-25T14:08:59.086+0000] {processor.py:178} INFO - Processing /opt/airflow/dags/hadoop-2.7.3/share/hadoop/tools/lib/hadoop-aws-2.7.3.jar took 0.092 seconds
[2022-10-25T14:09:16.908+0000] {processor.py:156} INFO - Started process (PID=17853) to work on /opt/airflow/dags/hadoop-2.7.3/share/hadoop/tools/lib/hadoop-aws-2.7.3.jar
[2022-10-25T14:09:16.927+0000] {processor.py:758} INFO - Processing file /opt/airflow/dags/hadoop-2.7.3/share/hadoop/tools/lib/hadoop-aws-2.7.3.jar for tasks to queue
[2022-10-25T14:09:16.932+0000] {logging_mixin.py:117} INFO - [2022-10-25T14:09:16.932+0000] {dagbag.py:525} INFO - Filling up the DagBag from /opt/airflow/dags/hadoop-2.7.3/share/hadoop/tools/lib/hadoop-aws-2.7.3.jar
[2022-10-25T14:09:16.943+0000] {processor.py:770} WARNING - No viable dags retrieved from /opt/airflow/dags/hadoop-2.7.3/share/hadoop/tools/lib/hadoop-aws-2.7.3.jar
[2022-10-25T14:09:16.997+0000] {processor.py:178} INFO - Processing /opt/airflow/dags/hadoop-2.7.3/share/hadoop/tools/lib/hadoop-aws-2.7.3.jar took 0.098 seconds
[2022-10-25T14:09:44.331+0000] {processor.py:156} INFO - Started process (PID=19454) to work on /opt/airflow/dags/hadoop-2.7.3/share/hadoop/tools/lib/hadoop-aws-2.7.3.jar
[2022-10-25T14:09:44.333+0000] {processor.py:758} INFO - Processing file /opt/airflow/dags/hadoop-2.7.3/share/hadoop/tools/lib/hadoop-aws-2.7.3.jar for tasks to queue
[2022-10-25T14:09:44.338+0000] {logging_mixin.py:117} INFO - [2022-10-25T14:09:44.338+0000] {dagbag.py:525} INFO - Filling up the DagBag from /opt/airflow/dags/hadoop-2.7.3/share/hadoop/tools/lib/hadoop-aws-2.7.3.jar
[2022-10-25T14:09:44.346+0000] {processor.py:770} WARNING - No viable dags retrieved from /opt/airflow/dags/hadoop-2.7.3/share/hadoop/tools/lib/hadoop-aws-2.7.3.jar
[2022-10-25T14:09:44.381+0000] {processor.py:178} INFO - Processing /opt/airflow/dags/hadoop-2.7.3/share/hadoop/tools/lib/hadoop-aws-2.7.3.jar took 0.057 seconds
[2022-10-25T14:09:58.921+0000] {processor.py:156} INFO - Started process (PID=18366) to work on /opt/airflow/dags/hadoop-2.7.3/share/hadoop/tools/lib/hadoop-aws-2.7.3.jar
[2022-10-25T14:09:58.928+0000] {processor.py:758} INFO - Processing file /opt/airflow/dags/hadoop-2.7.3/share/hadoop/tools/lib/hadoop-aws-2.7.3.jar for tasks to queue
[2022-10-25T14:09:58.932+0000] {logging_mixin.py:117} INFO - [2022-10-25T14:09:58.932+0000] {dagbag.py:525} INFO - Filling up the DagBag from /opt/airflow/dags/hadoop-2.7.3/share/hadoop/tools/lib/hadoop-aws-2.7.3.jar
[2022-10-25T14:09:58.946+0000] {processor.py:770} WARNING - No viable dags retrieved from /opt/airflow/dags/hadoop-2.7.3/share/hadoop/tools/lib/hadoop-aws-2.7.3.jar
[2022-10-25T14:09:58.999+0000] {processor.py:178} INFO - Processing /opt/airflow/dags/hadoop-2.7.3/share/hadoop/tools/lib/hadoop-aws-2.7.3.jar took 0.085 seconds
[2022-10-25T14:10:28.278+0000] {processor.py:156} INFO - Started process (PID=19975) to work on /opt/airflow/dags/hadoop-2.7.3/share/hadoop/tools/lib/hadoop-aws-2.7.3.jar
[2022-10-25T14:10:28.280+0000] {processor.py:758} INFO - Processing file /opt/airflow/dags/hadoop-2.7.3/share/hadoop/tools/lib/hadoop-aws-2.7.3.jar for tasks to queue
[2022-10-25T14:10:28.282+0000] {logging_mixin.py:117} INFO - [2022-10-25T14:10:28.282+0000] {dagbag.py:525} INFO - Filling up the DagBag from /opt/airflow/dags/hadoop-2.7.3/share/hadoop/tools/lib/hadoop-aws-2.7.3.jar
[2022-10-25T14:10:28.291+0000] {processor.py:770} WARNING - No viable dags retrieved from /opt/airflow/dags/hadoop-2.7.3/share/hadoop/tools/lib/hadoop-aws-2.7.3.jar
[2022-10-25T14:10:28.332+0000] {processor.py:178} INFO - Processing /opt/airflow/dags/hadoop-2.7.3/share/hadoop/tools/lib/hadoop-aws-2.7.3.jar took 0.062 seconds
[2022-10-25T14:10:42.133+0000] {processor.py:156} INFO - Started process (PID=18881) to work on /opt/airflow/dags/hadoop-2.7.3/share/hadoop/tools/lib/hadoop-aws-2.7.3.jar
[2022-10-25T14:10:42.135+0000] {processor.py:758} INFO - Processing file /opt/airflow/dags/hadoop-2.7.3/share/hadoop/tools/lib/hadoop-aws-2.7.3.jar for tasks to queue
[2022-10-25T14:10:42.138+0000] {logging_mixin.py:117} INFO - [2022-10-25T14:10:42.138+0000] {dagbag.py:525} INFO - Filling up the DagBag from /opt/airflow/dags/hadoop-2.7.3/share/hadoop/tools/lib/hadoop-aws-2.7.3.jar
[2022-10-25T14:10:42.145+0000] {processor.py:770} WARNING - No viable dags retrieved from /opt/airflow/dags/hadoop-2.7.3/share/hadoop/tools/lib/hadoop-aws-2.7.3.jar
[2022-10-25T14:10:42.184+0000] {processor.py:178} INFO - Processing /opt/airflow/dags/hadoop-2.7.3/share/hadoop/tools/lib/hadoop-aws-2.7.3.jar took 0.059 seconds
[2022-10-25T14:11:12.591+0000] {processor.py:156} INFO - Started process (PID=20534) to work on /opt/airflow/dags/hadoop-2.7.3/share/hadoop/tools/lib/hadoop-aws-2.7.3.jar
[2022-10-25T14:11:12.594+0000] {processor.py:758} INFO - Processing file /opt/airflow/dags/hadoop-2.7.3/share/hadoop/tools/lib/hadoop-aws-2.7.3.jar for tasks to queue
[2022-10-25T14:11:12.597+0000] {logging_mixin.py:117} INFO - [2022-10-25T14:11:12.596+0000] {dagbag.py:525} INFO - Filling up the DagBag from /opt/airflow/dags/hadoop-2.7.3/share/hadoop/tools/lib/hadoop-aws-2.7.3.jar
[2022-10-25T14:11:12.606+0000] {processor.py:770} WARNING - No viable dags retrieved from /opt/airflow/dags/hadoop-2.7.3/share/hadoop/tools/lib/hadoop-aws-2.7.3.jar
[2022-10-25T14:11:12.647+0000] {processor.py:178} INFO - Processing /opt/airflow/dags/hadoop-2.7.3/share/hadoop/tools/lib/hadoop-aws-2.7.3.jar took 0.063 seconds
[2022-10-25T14:11:24.096+0000] {processor.py:156} INFO - Started process (PID=19396) to work on /opt/airflow/dags/hadoop-2.7.3/share/hadoop/tools/lib/hadoop-aws-2.7.3.jar
[2022-10-25T14:11:24.108+0000] {processor.py:758} INFO - Processing file /opt/airflow/dags/hadoop-2.7.3/share/hadoop/tools/lib/hadoop-aws-2.7.3.jar for tasks to queue
[2022-10-25T14:11:24.111+0000] {logging_mixin.py:117} INFO - [2022-10-25T14:11:24.111+0000] {dagbag.py:525} INFO - Filling up the DagBag from /opt/airflow/dags/hadoop-2.7.3/share/hadoop/tools/lib/hadoop-aws-2.7.3.jar
[2022-10-25T14:11:24.125+0000] {processor.py:770} WARNING - No viable dags retrieved from /opt/airflow/dags/hadoop-2.7.3/share/hadoop/tools/lib/hadoop-aws-2.7.3.jar
[2022-10-25T14:11:24.168+0000] {processor.py:178} INFO - Processing /opt/airflow/dags/hadoop-2.7.3/share/hadoop/tools/lib/hadoop-aws-2.7.3.jar took 0.082 seconds
[2022-10-25T14:12:02.969+0000] {processor.py:156} INFO - Started process (PID=21126) to work on /opt/airflow/dags/hadoop-2.7.3/share/hadoop/tools/lib/hadoop-aws-2.7.3.jar
[2022-10-25T14:12:02.974+0000] {processor.py:758} INFO - Processing file /opt/airflow/dags/hadoop-2.7.3/share/hadoop/tools/lib/hadoop-aws-2.7.3.jar for tasks to queue
[2022-10-25T14:12:02.976+0000] {logging_mixin.py:117} INFO - [2022-10-25T14:12:02.976+0000] {dagbag.py:525} INFO - Filling up the DagBag from /opt/airflow/dags/hadoop-2.7.3/share/hadoop/tools/lib/hadoop-aws-2.7.3.jar
[2022-10-25T14:12:02.984+0000] {processor.py:770} WARNING - No viable dags retrieved from /opt/airflow/dags/hadoop-2.7.3/share/hadoop/tools/lib/hadoop-aws-2.7.3.jar
[2022-10-25T14:12:03.025+0000] {processor.py:178} INFO - Processing /opt/airflow/dags/hadoop-2.7.3/share/hadoop/tools/lib/hadoop-aws-2.7.3.jar took 0.089 seconds
[2022-10-25T14:12:16.297+0000] {processor.py:156} INFO - Started process (PID=19986) to work on /opt/airflow/dags/hadoop-2.7.3/share/hadoop/tools/lib/hadoop-aws-2.7.3.jar
[2022-10-25T14:12:16.300+0000] {processor.py:758} INFO - Processing file /opt/airflow/dags/hadoop-2.7.3/share/hadoop/tools/lib/hadoop-aws-2.7.3.jar for tasks to queue
[2022-10-25T14:12:16.303+0000] {logging_mixin.py:117} INFO - [2022-10-25T14:12:16.303+0000] {dagbag.py:525} INFO - Filling up the DagBag from /opt/airflow/dags/hadoop-2.7.3/share/hadoop/tools/lib/hadoop-aws-2.7.3.jar
[2022-10-25T14:12:16.309+0000] {processor.py:770} WARNING - No viable dags retrieved from /opt/airflow/dags/hadoop-2.7.3/share/hadoop/tools/lib/hadoop-aws-2.7.3.jar
[2022-10-25T14:12:16.336+0000] {processor.py:178} INFO - Processing /opt/airflow/dags/hadoop-2.7.3/share/hadoop/tools/lib/hadoop-aws-2.7.3.jar took 0.045 seconds
[2022-10-25T14:13:35.429+0000] {processor.py:156} INFO - Started process (PID=21787) to work on /opt/airflow/dags/hadoop-2.7.3/share/hadoop/tools/lib/hadoop-aws-2.7.3.jar
[2022-10-25T14:13:35.434+0000] {processor.py:758} INFO - Processing file /opt/airflow/dags/hadoop-2.7.3/share/hadoop/tools/lib/hadoop-aws-2.7.3.jar for tasks to queue
[2022-10-25T14:13:35.436+0000] {logging_mixin.py:117} INFO - [2022-10-25T14:13:35.436+0000] {dagbag.py:525} INFO - Filling up the DagBag from /opt/airflow/dags/hadoop-2.7.3/share/hadoop/tools/lib/hadoop-aws-2.7.3.jar
[2022-10-25T14:13:35.447+0000] {processor.py:770} WARNING - No viable dags retrieved from /opt/airflow/dags/hadoop-2.7.3/share/hadoop/tools/lib/hadoop-aws-2.7.3.jar
[2022-10-25T14:13:35.484+0000] {processor.py:178} INFO - Processing /opt/airflow/dags/hadoop-2.7.3/share/hadoop/tools/lib/hadoop-aws-2.7.3.jar took 0.063 seconds
[2022-10-25T14:13:38.883+0000] {processor.py:156} INFO - Started process (PID=20524) to work on /opt/airflow/dags/hadoop-2.7.3/share/hadoop/tools/lib/hadoop-aws-2.7.3.jar
[2022-10-25T14:13:38.885+0000] {processor.py:758} INFO - Processing file /opt/airflow/dags/hadoop-2.7.3/share/hadoop/tools/lib/hadoop-aws-2.7.3.jar for tasks to queue
[2022-10-25T14:13:38.888+0000] {logging_mixin.py:117} INFO - [2022-10-25T14:13:38.888+0000] {dagbag.py:525} INFO - Filling up the DagBag from /opt/airflow/dags/hadoop-2.7.3/share/hadoop/tools/lib/hadoop-aws-2.7.3.jar
[2022-10-25T14:13:38.904+0000] {processor.py:770} WARNING - No viable dags retrieved from /opt/airflow/dags/hadoop-2.7.3/share/hadoop/tools/lib/hadoop-aws-2.7.3.jar
[2022-10-25T14:13:38.950+0000] {processor.py:178} INFO - Processing /opt/airflow/dags/hadoop-2.7.3/share/hadoop/tools/lib/hadoop-aws-2.7.3.jar took 0.077 seconds
[2022-10-25T14:14:21.458+0000] {processor.py:156} INFO - Started process (PID=22301) to work on /opt/airflow/dags/hadoop-2.7.3/share/hadoop/tools/lib/hadoop-aws-2.7.3.jar
[2022-10-25T14:14:21.462+0000] {processor.py:758} INFO - Processing file /opt/airflow/dags/hadoop-2.7.3/share/hadoop/tools/lib/hadoop-aws-2.7.3.jar for tasks to queue
[2022-10-25T14:14:21.466+0000] {logging_mixin.py:117} INFO - [2022-10-25T14:14:21.466+0000] {dagbag.py:525} INFO - Filling up the DagBag from /opt/airflow/dags/hadoop-2.7.3/share/hadoop/tools/lib/hadoop-aws-2.7.3.jar
[2022-10-25T14:14:21.475+0000] {processor.py:770} WARNING - No viable dags retrieved from /opt/airflow/dags/hadoop-2.7.3/share/hadoop/tools/lib/hadoop-aws-2.7.3.jar
[2022-10-25T14:14:21.527+0000] {processor.py:178} INFO - Processing /opt/airflow/dags/hadoop-2.7.3/share/hadoop/tools/lib/hadoop-aws-2.7.3.jar took 0.080 seconds
[2022-10-25T14:14:38.931+0000] {processor.py:156} INFO - Started process (PID=21175) to work on /opt/airflow/dags/hadoop-2.7.3/share/hadoop/tools/lib/hadoop-aws-2.7.3.jar
[2022-10-25T14:14:38.935+0000] {processor.py:758} INFO - Processing file /opt/airflow/dags/hadoop-2.7.3/share/hadoop/tools/lib/hadoop-aws-2.7.3.jar for tasks to queue
[2022-10-25T14:14:38.938+0000] {logging_mixin.py:117} INFO - [2022-10-25T14:14:38.937+0000] {dagbag.py:525} INFO - Filling up the DagBag from /opt/airflow/dags/hadoop-2.7.3/share/hadoop/tools/lib/hadoop-aws-2.7.3.jar
[2022-10-25T14:14:38.948+0000] {processor.py:770} WARNING - No viable dags retrieved from /opt/airflow/dags/hadoop-2.7.3/share/hadoop/tools/lib/hadoop-aws-2.7.3.jar
[2022-10-25T14:14:38.982+0000] {processor.py:178} INFO - Processing /opt/airflow/dags/hadoop-2.7.3/share/hadoop/tools/lib/hadoop-aws-2.7.3.jar took 0.061 seconds
[2022-10-25T14:15:17.826+0000] {processor.py:156} INFO - Started process (PID=22885) to work on /opt/airflow/dags/hadoop-2.7.3/share/hadoop/tools/lib/hadoop-aws-2.7.3.jar
[2022-10-25T14:15:17.840+0000] {processor.py:758} INFO - Processing file /opt/airflow/dags/hadoop-2.7.3/share/hadoop/tools/lib/hadoop-aws-2.7.3.jar for tasks to queue
[2022-10-25T14:15:17.846+0000] {logging_mixin.py:117} INFO - [2022-10-25T14:15:17.845+0000] {dagbag.py:525} INFO - Filling up the DagBag from /opt/airflow/dags/hadoop-2.7.3/share/hadoop/tools/lib/hadoop-aws-2.7.3.jar
[2022-10-25T14:15:17.861+0000] {processor.py:770} WARNING - No viable dags retrieved from /opt/airflow/dags/hadoop-2.7.3/share/hadoop/tools/lib/hadoop-aws-2.7.3.jar
[2022-10-25T14:15:17.919+0000] {processor.py:178} INFO - Processing /opt/airflow/dags/hadoop-2.7.3/share/hadoop/tools/lib/hadoop-aws-2.7.3.jar took 0.114 seconds
[2022-10-25T14:15:39.229+0000] {processor.py:156} INFO - Started process (PID=21723) to work on /opt/airflow/dags/hadoop-2.7.3/share/hadoop/tools/lib/hadoop-aws-2.7.3.jar
[2022-10-25T14:15:39.233+0000] {processor.py:758} INFO - Processing file /opt/airflow/dags/hadoop-2.7.3/share/hadoop/tools/lib/hadoop-aws-2.7.3.jar for tasks to queue
[2022-10-25T14:15:39.237+0000] {logging_mixin.py:117} INFO - [2022-10-25T14:15:39.236+0000] {dagbag.py:525} INFO - Filling up the DagBag from /opt/airflow/dags/hadoop-2.7.3/share/hadoop/tools/lib/hadoop-aws-2.7.3.jar
[2022-10-25T14:15:39.249+0000] {processor.py:770} WARNING - No viable dags retrieved from /opt/airflow/dags/hadoop-2.7.3/share/hadoop/tools/lib/hadoop-aws-2.7.3.jar
[2022-10-25T14:15:39.298+0000] {processor.py:178} INFO - Processing /opt/airflow/dags/hadoop-2.7.3/share/hadoop/tools/lib/hadoop-aws-2.7.3.jar took 0.077 seconds
[2022-10-25T14:16:14.421+0000] {processor.py:156} INFO - Started process (PID=23408) to work on /opt/airflow/dags/hadoop-2.7.3/share/hadoop/tools/lib/hadoop-aws-2.7.3.jar
[2022-10-25T14:16:14.426+0000] {processor.py:758} INFO - Processing file /opt/airflow/dags/hadoop-2.7.3/share/hadoop/tools/lib/hadoop-aws-2.7.3.jar for tasks to queue
[2022-10-25T14:16:14.430+0000] {logging_mixin.py:117} INFO - [2022-10-25T14:16:14.429+0000] {dagbag.py:525} INFO - Filling up the DagBag from /opt/airflow/dags/hadoop-2.7.3/share/hadoop/tools/lib/hadoop-aws-2.7.3.jar
[2022-10-25T14:16:14.445+0000] {processor.py:770} WARNING - No viable dags retrieved from /opt/airflow/dags/hadoop-2.7.3/share/hadoop/tools/lib/hadoop-aws-2.7.3.jar
[2022-10-25T14:16:14.502+0000] {processor.py:178} INFO - Processing /opt/airflow/dags/hadoop-2.7.3/share/hadoop/tools/lib/hadoop-aws-2.7.3.jar took 0.090 seconds
[2022-10-25T14:16:26.603+0000] {processor.py:156} INFO - Started process (PID=22238) to work on /opt/airflow/dags/hadoop-2.7.3/share/hadoop/tools/lib/hadoop-aws-2.7.3.jar
[2022-10-25T14:16:26.605+0000] {processor.py:758} INFO - Processing file /opt/airflow/dags/hadoop-2.7.3/share/hadoop/tools/lib/hadoop-aws-2.7.3.jar for tasks to queue
[2022-10-25T14:16:26.609+0000] {logging_mixin.py:117} INFO - [2022-10-25T14:16:26.608+0000] {dagbag.py:525} INFO - Filling up the DagBag from /opt/airflow/dags/hadoop-2.7.3/share/hadoop/tools/lib/hadoop-aws-2.7.3.jar
[2022-10-25T14:16:26.617+0000] {processor.py:770} WARNING - No viable dags retrieved from /opt/airflow/dags/hadoop-2.7.3/share/hadoop/tools/lib/hadoop-aws-2.7.3.jar
[2022-10-25T14:16:26.663+0000] {processor.py:178} INFO - Processing /opt/airflow/dags/hadoop-2.7.3/share/hadoop/tools/lib/hadoop-aws-2.7.3.jar took 0.070 seconds
[2022-10-25T14:17:21.028+0000] {processor.py:156} INFO - Started process (PID=24041) to work on /opt/airflow/dags/hadoop-2.7.3/share/hadoop/tools/lib/hadoop-aws-2.7.3.jar
[2022-10-25T14:17:21.032+0000] {processor.py:758} INFO - Processing file /opt/airflow/dags/hadoop-2.7.3/share/hadoop/tools/lib/hadoop-aws-2.7.3.jar for tasks to queue
[2022-10-25T14:17:21.034+0000] {logging_mixin.py:117} INFO - [2022-10-25T14:17:21.033+0000] {dagbag.py:525} INFO - Filling up the DagBag from /opt/airflow/dags/hadoop-2.7.3/share/hadoop/tools/lib/hadoop-aws-2.7.3.jar
[2022-10-25T14:17:21.041+0000] {processor.py:770} WARNING - No viable dags retrieved from /opt/airflow/dags/hadoop-2.7.3/share/hadoop/tools/lib/hadoop-aws-2.7.3.jar
[2022-10-25T14:17:21.084+0000] {processor.py:178} INFO - Processing /opt/airflow/dags/hadoop-2.7.3/share/hadoop/tools/lib/hadoop-aws-2.7.3.jar took 0.063 seconds
[2022-10-25T14:17:41.700+0000] {processor.py:156} INFO - Started process (PID=22919) to work on /opt/airflow/dags/hadoop-2.7.3/share/hadoop/tools/lib/hadoop-aws-2.7.3.jar
[2022-10-25T14:17:41.704+0000] {processor.py:758} INFO - Processing file /opt/airflow/dags/hadoop-2.7.3/share/hadoop/tools/lib/hadoop-aws-2.7.3.jar for tasks to queue
[2022-10-25T14:17:41.709+0000] {logging_mixin.py:117} INFO - [2022-10-25T14:17:41.708+0000] {dagbag.py:525} INFO - Filling up the DagBag from /opt/airflow/dags/hadoop-2.7.3/share/hadoop/tools/lib/hadoop-aws-2.7.3.jar
[2022-10-25T14:17:41.720+0000] {processor.py:770} WARNING - No viable dags retrieved from /opt/airflow/dags/hadoop-2.7.3/share/hadoop/tools/lib/hadoop-aws-2.7.3.jar
[2022-10-25T14:17:41.787+0000] {processor.py:178} INFO - Processing /opt/airflow/dags/hadoop-2.7.3/share/hadoop/tools/lib/hadoop-aws-2.7.3.jar took 0.102 seconds
[2022-10-25T14:25:24.881+0000] {processor.py:156} INFO - Started process (PID=23699) to work on /opt/airflow/dags/hadoop-2.7.3/share/hadoop/tools/lib/hadoop-aws-2.7.3.jar
[2022-10-25T14:25:24.884+0000] {processor.py:758} INFO - Processing file /opt/airflow/dags/hadoop-2.7.3/share/hadoop/tools/lib/hadoop-aws-2.7.3.jar for tasks to queue
[2022-10-25T14:25:24.888+0000] {logging_mixin.py:117} INFO - [2022-10-25T14:25:24.887+0000] {dagbag.py:525} INFO - Filling up the DagBag from /opt/airflow/dags/hadoop-2.7.3/share/hadoop/tools/lib/hadoop-aws-2.7.3.jar
[2022-10-25T14:25:24.897+0000] {processor.py:770} WARNING - No viable dags retrieved from /opt/airflow/dags/hadoop-2.7.3/share/hadoop/tools/lib/hadoop-aws-2.7.3.jar
[2022-10-25T14:25:24.940+0000] {processor.py:178} INFO - Processing /opt/airflow/dags/hadoop-2.7.3/share/hadoop/tools/lib/hadoop-aws-2.7.3.jar took 0.070 seconds
[2022-10-25T14:25:42.164+0000] {processor.py:156} INFO - Started process (PID=24779) to work on /opt/airflow/dags/hadoop-2.7.3/share/hadoop/tools/lib/hadoop-aws-2.7.3.jar
[2022-10-25T14:25:42.167+0000] {processor.py:758} INFO - Processing file /opt/airflow/dags/hadoop-2.7.3/share/hadoop/tools/lib/hadoop-aws-2.7.3.jar for tasks to queue
[2022-10-25T14:25:42.173+0000] {logging_mixin.py:117} INFO - [2022-10-25T14:25:42.173+0000] {dagbag.py:525} INFO - Filling up the DagBag from /opt/airflow/dags/hadoop-2.7.3/share/hadoop/tools/lib/hadoop-aws-2.7.3.jar
[2022-10-25T14:25:42.189+0000] {processor.py:770} WARNING - No viable dags retrieved from /opt/airflow/dags/hadoop-2.7.3/share/hadoop/tools/lib/hadoop-aws-2.7.3.jar
[2022-10-25T14:25:42.224+0000] {processor.py:178} INFO - Processing /opt/airflow/dags/hadoop-2.7.3/share/hadoop/tools/lib/hadoop-aws-2.7.3.jar took 0.070 seconds
[2022-10-25T14:26:16.729+0000] {processor.py:156} INFO - Started process (PID=24214) to work on /opt/airflow/dags/hadoop-2.7.3/share/hadoop/tools/lib/hadoop-aws-2.7.3.jar
[2022-10-25T14:26:16.732+0000] {processor.py:758} INFO - Processing file /opt/airflow/dags/hadoop-2.7.3/share/hadoop/tools/lib/hadoop-aws-2.7.3.jar for tasks to queue
[2022-10-25T14:26:16.736+0000] {logging_mixin.py:117} INFO - [2022-10-25T14:26:16.736+0000] {dagbag.py:525} INFO - Filling up the DagBag from /opt/airflow/dags/hadoop-2.7.3/share/hadoop/tools/lib/hadoop-aws-2.7.3.jar
[2022-10-25T14:26:16.746+0000] {processor.py:770} WARNING - No viable dags retrieved from /opt/airflow/dags/hadoop-2.7.3/share/hadoop/tools/lib/hadoop-aws-2.7.3.jar
[2022-10-25T14:26:16.813+0000] {processor.py:178} INFO - Processing /opt/airflow/dags/hadoop-2.7.3/share/hadoop/tools/lib/hadoop-aws-2.7.3.jar took 0.094 seconds
[2022-10-25T14:26:34.550+0000] {processor.py:156} INFO - Started process (PID=25302) to work on /opt/airflow/dags/hadoop-2.7.3/share/hadoop/tools/lib/hadoop-aws-2.7.3.jar
[2022-10-25T14:26:34.557+0000] {processor.py:758} INFO - Processing file /opt/airflow/dags/hadoop-2.7.3/share/hadoop/tools/lib/hadoop-aws-2.7.3.jar for tasks to queue
[2022-10-25T14:26:34.562+0000] {logging_mixin.py:117} INFO - [2022-10-25T14:26:34.562+0000] {dagbag.py:525} INFO - Filling up the DagBag from /opt/airflow/dags/hadoop-2.7.3/share/hadoop/tools/lib/hadoop-aws-2.7.3.jar
[2022-10-25T14:26:34.571+0000] {processor.py:770} WARNING - No viable dags retrieved from /opt/airflow/dags/hadoop-2.7.3/share/hadoop/tools/lib/hadoop-aws-2.7.3.jar
[2022-10-25T14:26:34.622+0000] {processor.py:178} INFO - Processing /opt/airflow/dags/hadoop-2.7.3/share/hadoop/tools/lib/hadoop-aws-2.7.3.jar took 0.080 seconds
[2022-10-25T14:27:24.040+0000] {processor.py:156} INFO - Started process (PID=24858) to work on /opt/airflow/dags/hadoop-2.7.3/share/hadoop/tools/lib/hadoop-aws-2.7.3.jar
[2022-10-25T14:27:24.044+0000] {processor.py:758} INFO - Processing file /opt/airflow/dags/hadoop-2.7.3/share/hadoop/tools/lib/hadoop-aws-2.7.3.jar for tasks to queue
[2022-10-25T14:27:24.050+0000] {logging_mixin.py:117} INFO - [2022-10-25T14:27:24.050+0000] {dagbag.py:525} INFO - Filling up the DagBag from /opt/airflow/dags/hadoop-2.7.3/share/hadoop/tools/lib/hadoop-aws-2.7.3.jar
[2022-10-25T14:27:24.070+0000] {processor.py:770} WARNING - No viable dags retrieved from /opt/airflow/dags/hadoop-2.7.3/share/hadoop/tools/lib/hadoop-aws-2.7.3.jar
[2022-10-25T14:27:24.147+0000] {processor.py:178} INFO - Processing /opt/airflow/dags/hadoop-2.7.3/share/hadoop/tools/lib/hadoop-aws-2.7.3.jar took 0.123 seconds
[2022-10-25T14:27:36.572+0000] {processor.py:156} INFO - Started process (PID=25938) to work on /opt/airflow/dags/hadoop-2.7.3/share/hadoop/tools/lib/hadoop-aws-2.7.3.jar
[2022-10-25T14:27:36.575+0000] {processor.py:758} INFO - Processing file /opt/airflow/dags/hadoop-2.7.3/share/hadoop/tools/lib/hadoop-aws-2.7.3.jar for tasks to queue
[2022-10-25T14:27:36.579+0000] {logging_mixin.py:117} INFO - [2022-10-25T14:27:36.579+0000] {dagbag.py:525} INFO - Filling up the DagBag from /opt/airflow/dags/hadoop-2.7.3/share/hadoop/tools/lib/hadoop-aws-2.7.3.jar
[2022-10-25T14:27:36.593+0000] {processor.py:770} WARNING - No viable dags retrieved from /opt/airflow/dags/hadoop-2.7.3/share/hadoop/tools/lib/hadoop-aws-2.7.3.jar
[2022-10-25T14:27:36.653+0000] {processor.py:178} INFO - Processing /opt/airflow/dags/hadoop-2.7.3/share/hadoop/tools/lib/hadoop-aws-2.7.3.jar took 0.088 seconds
[2022-10-25T14:28:15.618+0000] {processor.py:156} INFO - Started process (PID=25435) to work on /opt/airflow/dags/hadoop-2.7.3/share/hadoop/tools/lib/hadoop-aws-2.7.3.jar
[2022-10-25T14:28:15.622+0000] {processor.py:758} INFO - Processing file /opt/airflow/dags/hadoop-2.7.3/share/hadoop/tools/lib/hadoop-aws-2.7.3.jar for tasks to queue
[2022-10-25T14:28:15.625+0000] {logging_mixin.py:117} INFO - [2022-10-25T14:28:15.624+0000] {dagbag.py:525} INFO - Filling up the DagBag from /opt/airflow/dags/hadoop-2.7.3/share/hadoop/tools/lib/hadoop-aws-2.7.3.jar
[2022-10-25T14:28:15.633+0000] {processor.py:770} WARNING - No viable dags retrieved from /opt/airflow/dags/hadoop-2.7.3/share/hadoop/tools/lib/hadoop-aws-2.7.3.jar
[2022-10-25T14:28:15.666+0000] {processor.py:178} INFO - Processing /opt/airflow/dags/hadoop-2.7.3/share/hadoop/tools/lib/hadoop-aws-2.7.3.jar took 0.070 seconds
[2022-10-25T14:28:23.145+0000] {processor.py:156} INFO - Started process (PID=26458) to work on /opt/airflow/dags/hadoop-2.7.3/share/hadoop/tools/lib/hadoop-aws-2.7.3.jar
[2022-10-25T14:28:23.149+0000] {processor.py:758} INFO - Processing file /opt/airflow/dags/hadoop-2.7.3/share/hadoop/tools/lib/hadoop-aws-2.7.3.jar for tasks to queue
[2022-10-25T14:28:23.152+0000] {logging_mixin.py:117} INFO - [2022-10-25T14:28:23.151+0000] {dagbag.py:525} INFO - Filling up the DagBag from /opt/airflow/dags/hadoop-2.7.3/share/hadoop/tools/lib/hadoop-aws-2.7.3.jar
[2022-10-25T14:28:23.161+0000] {processor.py:770} WARNING - No viable dags retrieved from /opt/airflow/dags/hadoop-2.7.3/share/hadoop/tools/lib/hadoop-aws-2.7.3.jar
[2022-10-25T14:28:23.209+0000] {processor.py:178} INFO - Processing /opt/airflow/dags/hadoop-2.7.3/share/hadoop/tools/lib/hadoop-aws-2.7.3.jar took 0.072 seconds
[2022-10-25T14:30:06.778+0000] {processor.py:156} INFO - Started process (PID=27108) to work on /opt/airflow/dags/hadoop-2.7.3/share/hadoop/tools/lib/hadoop-aws-2.7.3.jar
[2022-10-25T14:30:06.785+0000] {processor.py:758} INFO - Processing file /opt/airflow/dags/hadoop-2.7.3/share/hadoop/tools/lib/hadoop-aws-2.7.3.jar for tasks to queue
[2022-10-25T14:30:06.789+0000] {logging_mixin.py:117} INFO - [2022-10-25T14:30:06.789+0000] {dagbag.py:525} INFO - Filling up the DagBag from /opt/airflow/dags/hadoop-2.7.3/share/hadoop/tools/lib/hadoop-aws-2.7.3.jar
[2022-10-25T14:30:06.802+0000] {processor.py:770} WARNING - No viable dags retrieved from /opt/airflow/dags/hadoop-2.7.3/share/hadoop/tools/lib/hadoop-aws-2.7.3.jar
[2022-10-25T14:30:06.845+0000] {processor.py:178} INFO - Processing /opt/airflow/dags/hadoop-2.7.3/share/hadoop/tools/lib/hadoop-aws-2.7.3.jar took 0.076 seconds
[2022-10-25T14:30:20.954+0000] {processor.py:156} INFO - Started process (PID=26263) to work on /opt/airflow/dags/hadoop-2.7.3/share/hadoop/tools/lib/hadoop-aws-2.7.3.jar
[2022-10-25T14:30:20.957+0000] {processor.py:758} INFO - Processing file /opt/airflow/dags/hadoop-2.7.3/share/hadoop/tools/lib/hadoop-aws-2.7.3.jar for tasks to queue
[2022-10-25T14:30:20.960+0000] {logging_mixin.py:117} INFO - [2022-10-25T14:30:20.960+0000] {dagbag.py:525} INFO - Filling up the DagBag from /opt/airflow/dags/hadoop-2.7.3/share/hadoop/tools/lib/hadoop-aws-2.7.3.jar
[2022-10-25T14:30:20.976+0000] {processor.py:770} WARNING - No viable dags retrieved from /opt/airflow/dags/hadoop-2.7.3/share/hadoop/tools/lib/hadoop-aws-2.7.3.jar
[2022-10-25T14:30:21.027+0000] {processor.py:178} INFO - Processing /opt/airflow/dags/hadoop-2.7.3/share/hadoop/tools/lib/hadoop-aws-2.7.3.jar took 0.084 seconds
[2022-10-25T14:31:00.210+0000] {processor.py:156} INFO - Started process (PID=27657) to work on /opt/airflow/dags/hadoop-2.7.3/share/hadoop/tools/lib/hadoop-aws-2.7.3.jar
[2022-10-25T14:31:00.214+0000] {processor.py:758} INFO - Processing file /opt/airflow/dags/hadoop-2.7.3/share/hadoop/tools/lib/hadoop-aws-2.7.3.jar for tasks to queue
[2022-10-25T14:31:00.217+0000] {logging_mixin.py:117} INFO - [2022-10-25T14:31:00.216+0000] {dagbag.py:525} INFO - Filling up the DagBag from /opt/airflow/dags/hadoop-2.7.3/share/hadoop/tools/lib/hadoop-aws-2.7.3.jar
[2022-10-25T14:31:00.229+0000] {processor.py:770} WARNING - No viable dags retrieved from /opt/airflow/dags/hadoop-2.7.3/share/hadoop/tools/lib/hadoop-aws-2.7.3.jar
[2022-10-25T14:31:00.307+0000] {processor.py:178} INFO - Processing /opt/airflow/dags/hadoop-2.7.3/share/hadoop/tools/lib/hadoop-aws-2.7.3.jar took 0.110 seconds
[2022-10-25T14:31:17.140+0000] {processor.py:156} INFO - Started process (PID=26788) to work on /opt/airflow/dags/hadoop-2.7.3/share/hadoop/tools/lib/hadoop-aws-2.7.3.jar
[2022-10-25T14:31:17.149+0000] {processor.py:758} INFO - Processing file /opt/airflow/dags/hadoop-2.7.3/share/hadoop/tools/lib/hadoop-aws-2.7.3.jar for tasks to queue
[2022-10-25T14:31:17.153+0000] {logging_mixin.py:117} INFO - [2022-10-25T14:31:17.152+0000] {dagbag.py:525} INFO - Filling up the DagBag from /opt/airflow/dags/hadoop-2.7.3/share/hadoop/tools/lib/hadoop-aws-2.7.3.jar
[2022-10-25T14:31:17.170+0000] {processor.py:770} WARNING - No viable dags retrieved from /opt/airflow/dags/hadoop-2.7.3/share/hadoop/tools/lib/hadoop-aws-2.7.3.jar
[2022-10-25T14:31:17.332+0000] {processor.py:178} INFO - Processing /opt/airflow/dags/hadoop-2.7.3/share/hadoop/tools/lib/hadoop-aws-2.7.3.jar took 0.217 seconds
[2022-10-25T14:31:47.023+0000] {processor.py:156} INFO - Started process (PID=28107) to work on /opt/airflow/dags/hadoop-2.7.3/share/hadoop/tools/lib/hadoop-aws-2.7.3.jar
[2022-10-25T14:31:47.027+0000] {processor.py:758} INFO - Processing file /opt/airflow/dags/hadoop-2.7.3/share/hadoop/tools/lib/hadoop-aws-2.7.3.jar for tasks to queue
[2022-10-25T14:31:47.030+0000] {logging_mixin.py:117} INFO - [2022-10-25T14:31:47.029+0000] {dagbag.py:525} INFO - Filling up the DagBag from /opt/airflow/dags/hadoop-2.7.3/share/hadoop/tools/lib/hadoop-aws-2.7.3.jar
[2022-10-25T14:31:47.046+0000] {processor.py:770} WARNING - No viable dags retrieved from /opt/airflow/dags/hadoop-2.7.3/share/hadoop/tools/lib/hadoop-aws-2.7.3.jar
[2022-10-25T14:31:47.094+0000] {processor.py:178} INFO - Processing /opt/airflow/dags/hadoop-2.7.3/share/hadoop/tools/lib/hadoop-aws-2.7.3.jar took 0.081 seconds
[2022-10-25T14:32:11.370+0000] {processor.py:156} INFO - Started process (PID=27302) to work on /opt/airflow/dags/hadoop-2.7.3/share/hadoop/tools/lib/hadoop-aws-2.7.3.jar
[2022-10-25T14:32:11.376+0000] {processor.py:758} INFO - Processing file /opt/airflow/dags/hadoop-2.7.3/share/hadoop/tools/lib/hadoop-aws-2.7.3.jar for tasks to queue
[2022-10-25T14:32:11.380+0000] {logging_mixin.py:117} INFO - [2022-10-25T14:32:11.379+0000] {dagbag.py:525} INFO - Filling up the DagBag from /opt/airflow/dags/hadoop-2.7.3/share/hadoop/tools/lib/hadoop-aws-2.7.3.jar
[2022-10-25T14:32:11.402+0000] {processor.py:770} WARNING - No viable dags retrieved from /opt/airflow/dags/hadoop-2.7.3/share/hadoop/tools/lib/hadoop-aws-2.7.3.jar
[2022-10-25T14:32:11.519+0000] {processor.py:178} INFO - Processing /opt/airflow/dags/hadoop-2.7.3/share/hadoop/tools/lib/hadoop-aws-2.7.3.jar took 0.167 seconds
[2022-10-25T14:32:37.705+0000] {processor.py:156} INFO - Started process (PID=28630) to work on /opt/airflow/dags/hadoop-2.7.3/share/hadoop/tools/lib/hadoop-aws-2.7.3.jar
[2022-10-25T14:32:37.707+0000] {processor.py:758} INFO - Processing file /opt/airflow/dags/hadoop-2.7.3/share/hadoop/tools/lib/hadoop-aws-2.7.3.jar for tasks to queue
[2022-10-25T14:32:37.709+0000] {logging_mixin.py:117} INFO - [2022-10-25T14:32:37.709+0000] {dagbag.py:525} INFO - Filling up the DagBag from /opt/airflow/dags/hadoop-2.7.3/share/hadoop/tools/lib/hadoop-aws-2.7.3.jar
[2022-10-25T14:32:37.717+0000] {processor.py:770} WARNING - No viable dags retrieved from /opt/airflow/dags/hadoop-2.7.3/share/hadoop/tools/lib/hadoop-aws-2.7.3.jar
[2022-10-25T14:32:37.768+0000] {processor.py:178} INFO - Processing /opt/airflow/dags/hadoop-2.7.3/share/hadoop/tools/lib/hadoop-aws-2.7.3.jar took 0.071 seconds
[2022-10-25T14:33:17.169+0000] {processor.py:156} INFO - Started process (PID=27948) to work on /opt/airflow/dags/hadoop-2.7.3/share/hadoop/tools/lib/hadoop-aws-2.7.3.jar
[2022-10-25T14:33:17.174+0000] {processor.py:758} INFO - Processing file /opt/airflow/dags/hadoop-2.7.3/share/hadoop/tools/lib/hadoop-aws-2.7.3.jar for tasks to queue
[2022-10-25T14:33:17.177+0000] {logging_mixin.py:117} INFO - [2022-10-25T14:33:17.176+0000] {dagbag.py:525} INFO - Filling up the DagBag from /opt/airflow/dags/hadoop-2.7.3/share/hadoop/tools/lib/hadoop-aws-2.7.3.jar
[2022-10-25T14:33:17.190+0000] {processor.py:770} WARNING - No viable dags retrieved from /opt/airflow/dags/hadoop-2.7.3/share/hadoop/tools/lib/hadoop-aws-2.7.3.jar
[2022-10-25T14:33:17.238+0000] {processor.py:178} INFO - Processing /opt/airflow/dags/hadoop-2.7.3/share/hadoop/tools/lib/hadoop-aws-2.7.3.jar took 0.078 seconds
[2022-10-25T14:33:34.535+0000] {processor.py:156} INFO - Started process (PID=29232) to work on /opt/airflow/dags/hadoop-2.7.3/share/hadoop/tools/lib/hadoop-aws-2.7.3.jar
[2022-10-25T14:33:34.537+0000] {processor.py:758} INFO - Processing file /opt/airflow/dags/hadoop-2.7.3/share/hadoop/tools/lib/hadoop-aws-2.7.3.jar for tasks to queue
[2022-10-25T14:33:34.540+0000] {logging_mixin.py:117} INFO - [2022-10-25T14:33:34.539+0000] {dagbag.py:525} INFO - Filling up the DagBag from /opt/airflow/dags/hadoop-2.7.3/share/hadoop/tools/lib/hadoop-aws-2.7.3.jar
[2022-10-25T14:33:34.547+0000] {processor.py:770} WARNING - No viable dags retrieved from /opt/airflow/dags/hadoop-2.7.3/share/hadoop/tools/lib/hadoop-aws-2.7.3.jar
[2022-10-25T14:33:34.591+0000] {processor.py:178} INFO - Processing /opt/airflow/dags/hadoop-2.7.3/share/hadoop/tools/lib/hadoop-aws-2.7.3.jar took 0.064 seconds
[2022-10-25T14:35:17.823+0000] {processor.py:156} INFO - Started process (PID=29893) to work on /opt/airflow/dags/hadoop-2.7.3/share/hadoop/tools/lib/hadoop-aws-2.7.3.jar
[2022-10-25T14:35:17.837+0000] {processor.py:758} INFO - Processing file /opt/airflow/dags/hadoop-2.7.3/share/hadoop/tools/lib/hadoop-aws-2.7.3.jar for tasks to queue
[2022-10-25T14:35:17.850+0000] {logging_mixin.py:117} INFO - [2022-10-25T14:35:17.848+0000] {dagbag.py:525} INFO - Filling up the DagBag from /opt/airflow/dags/hadoop-2.7.3/share/hadoop/tools/lib/hadoop-aws-2.7.3.jar
[2022-10-25T14:35:17.886+0000] {processor.py:770} WARNING - No viable dags retrieved from /opt/airflow/dags/hadoop-2.7.3/share/hadoop/tools/lib/hadoop-aws-2.7.3.jar
[2022-10-25T14:35:18.002+0000] {processor.py:178} INFO - Processing /opt/airflow/dags/hadoop-2.7.3/share/hadoop/tools/lib/hadoop-aws-2.7.3.jar took 0.190 seconds
[2022-10-25T14:35:27.301+0000] {processor.py:156} INFO - Started process (PID=28827) to work on /opt/airflow/dags/hadoop-2.7.3/share/hadoop/tools/lib/hadoop-aws-2.7.3.jar
[2022-10-25T14:35:27.305+0000] {processor.py:758} INFO - Processing file /opt/airflow/dags/hadoop-2.7.3/share/hadoop/tools/lib/hadoop-aws-2.7.3.jar for tasks to queue
[2022-10-25T14:35:27.310+0000] {logging_mixin.py:117} INFO - [2022-10-25T14:35:27.310+0000] {dagbag.py:525} INFO - Filling up the DagBag from /opt/airflow/dags/hadoop-2.7.3/share/hadoop/tools/lib/hadoop-aws-2.7.3.jar
[2022-10-25T14:35:27.322+0000] {processor.py:770} WARNING - No viable dags retrieved from /opt/airflow/dags/hadoop-2.7.3/share/hadoop/tools/lib/hadoop-aws-2.7.3.jar
[2022-10-25T14:35:27.360+0000] {processor.py:178} INFO - Processing /opt/airflow/dags/hadoop-2.7.3/share/hadoop/tools/lib/hadoop-aws-2.7.3.jar took 0.068 seconds
[2022-10-25T14:36:17.148+0000] {processor.py:156} INFO - Started process (PID=30555) to work on /opt/airflow/dags/hadoop-2.7.3/share/hadoop/tools/lib/hadoop-aws-2.7.3.jar
[2022-10-25T14:36:17.153+0000] {processor.py:758} INFO - Processing file /opt/airflow/dags/hadoop-2.7.3/share/hadoop/tools/lib/hadoop-aws-2.7.3.jar for tasks to queue
[2022-10-25T14:36:17.156+0000] {logging_mixin.py:117} INFO - [2022-10-25T14:36:17.155+0000] {dagbag.py:525} INFO - Filling up the DagBag from /opt/airflow/dags/hadoop-2.7.3/share/hadoop/tools/lib/hadoop-aws-2.7.3.jar
[2022-10-25T14:36:17.166+0000] {processor.py:770} WARNING - No viable dags retrieved from /opt/airflow/dags/hadoop-2.7.3/share/hadoop/tools/lib/hadoop-aws-2.7.3.jar
[2022-10-25T14:36:17.225+0000] {processor.py:178} INFO - Processing /opt/airflow/dags/hadoop-2.7.3/share/hadoop/tools/lib/hadoop-aws-2.7.3.jar took 0.099 seconds
[2022-10-25T14:36:18.155+0000] {processor.py:156} INFO - Started process (PID=29350) to work on /opt/airflow/dags/hadoop-2.7.3/share/hadoop/tools/lib/hadoop-aws-2.7.3.jar
[2022-10-25T14:36:18.160+0000] {processor.py:758} INFO - Processing file /opt/airflow/dags/hadoop-2.7.3/share/hadoop/tools/lib/hadoop-aws-2.7.3.jar for tasks to queue
[2022-10-25T14:36:18.164+0000] {logging_mixin.py:117} INFO - [2022-10-25T14:36:18.164+0000] {dagbag.py:525} INFO - Filling up the DagBag from /opt/airflow/dags/hadoop-2.7.3/share/hadoop/tools/lib/hadoop-aws-2.7.3.jar
[2022-10-25T14:36:18.176+0000] {processor.py:770} WARNING - No viable dags retrieved from /opt/airflow/dags/hadoop-2.7.3/share/hadoop/tools/lib/hadoop-aws-2.7.3.jar
[2022-10-25T14:36:18.249+0000] {processor.py:178} INFO - Processing /opt/airflow/dags/hadoop-2.7.3/share/hadoop/tools/lib/hadoop-aws-2.7.3.jar took 0.110 seconds
[2022-10-25T14:37:08.013+0000] {processor.py:156} INFO - Started process (PID=31104) to work on /opt/airflow/dags/hadoop-2.7.3/share/hadoop/tools/lib/hadoop-aws-2.7.3.jar
[2022-10-25T14:37:08.017+0000] {processor.py:758} INFO - Processing file /opt/airflow/dags/hadoop-2.7.3/share/hadoop/tools/lib/hadoop-aws-2.7.3.jar for tasks to queue
[2022-10-25T14:37:08.020+0000] {logging_mixin.py:117} INFO - [2022-10-25T14:37:08.020+0000] {dagbag.py:525} INFO - Filling up the DagBag from /opt/airflow/dags/hadoop-2.7.3/share/hadoop/tools/lib/hadoop-aws-2.7.3.jar
[2022-10-25T14:37:08.035+0000] {processor.py:770} WARNING - No viable dags retrieved from /opt/airflow/dags/hadoop-2.7.3/share/hadoop/tools/lib/hadoop-aws-2.7.3.jar
[2022-10-25T14:37:08.095+0000] {processor.py:178} INFO - Processing /opt/airflow/dags/hadoop-2.7.3/share/hadoop/tools/lib/hadoop-aws-2.7.3.jar took 0.093 seconds
[2022-10-25T14:37:21.921+0000] {processor.py:156} INFO - Started process (PID=29975) to work on /opt/airflow/dags/hadoop-2.7.3/share/hadoop/tools/lib/hadoop-aws-2.7.3.jar
[2022-10-25T14:37:21.923+0000] {processor.py:758} INFO - Processing file /opt/airflow/dags/hadoop-2.7.3/share/hadoop/tools/lib/hadoop-aws-2.7.3.jar for tasks to queue
[2022-10-25T14:37:21.926+0000] {logging_mixin.py:117} INFO - [2022-10-25T14:37:21.925+0000] {dagbag.py:525} INFO - Filling up the DagBag from /opt/airflow/dags/hadoop-2.7.3/share/hadoop/tools/lib/hadoop-aws-2.7.3.jar
[2022-10-25T14:37:21.932+0000] {processor.py:770} WARNING - No viable dags retrieved from /opt/airflow/dags/hadoop-2.7.3/share/hadoop/tools/lib/hadoop-aws-2.7.3.jar
[2022-10-25T14:37:21.960+0000] {processor.py:178} INFO - Processing /opt/airflow/dags/hadoop-2.7.3/share/hadoop/tools/lib/hadoop-aws-2.7.3.jar took 0.050 seconds
[2022-10-25T14:37:56.616+0000] {processor.py:156} INFO - Started process (PID=31633) to work on /opt/airflow/dags/hadoop-2.7.3/share/hadoop/tools/lib/hadoop-aws-2.7.3.jar
[2022-10-25T14:37:56.620+0000] {processor.py:758} INFO - Processing file /opt/airflow/dags/hadoop-2.7.3/share/hadoop/tools/lib/hadoop-aws-2.7.3.jar for tasks to queue
[2022-10-25T14:37:56.624+0000] {logging_mixin.py:117} INFO - [2022-10-25T14:37:56.623+0000] {dagbag.py:525} INFO - Filling up the DagBag from /opt/airflow/dags/hadoop-2.7.3/share/hadoop/tools/lib/hadoop-aws-2.7.3.jar
[2022-10-25T14:37:56.672+0000] {processor.py:770} WARNING - No viable dags retrieved from /opt/airflow/dags/hadoop-2.7.3/share/hadoop/tools/lib/hadoop-aws-2.7.3.jar
[2022-10-25T14:37:56.744+0000] {processor.py:178} INFO - Processing /opt/airflow/dags/hadoop-2.7.3/share/hadoop/tools/lib/hadoop-aws-2.7.3.jar took 0.138 seconds
[2022-10-25T14:38:19.320+0000] {processor.py:156} INFO - Started process (PID=30583) to work on /opt/airflow/dags/hadoop-2.7.3/share/hadoop/tools/lib/hadoop-aws-2.7.3.jar
[2022-10-25T14:38:19.322+0000] {processor.py:758} INFO - Processing file /opt/airflow/dags/hadoop-2.7.3/share/hadoop/tools/lib/hadoop-aws-2.7.3.jar for tasks to queue
[2022-10-25T14:38:19.326+0000] {logging_mixin.py:117} INFO - [2022-10-25T14:38:19.326+0000] {dagbag.py:525} INFO - Filling up the DagBag from /opt/airflow/dags/hadoop-2.7.3/share/hadoop/tools/lib/hadoop-aws-2.7.3.jar
[2022-10-25T14:38:19.336+0000] {processor.py:770} WARNING - No viable dags retrieved from /opt/airflow/dags/hadoop-2.7.3/share/hadoop/tools/lib/hadoop-aws-2.7.3.jar
[2022-10-25T14:38:19.371+0000] {processor.py:178} INFO - Processing /opt/airflow/dags/hadoop-2.7.3/share/hadoop/tools/lib/hadoop-aws-2.7.3.jar took 0.062 seconds
[2022-10-25T14:38:47.211+0000] {processor.py:156} INFO - Started process (PID=32196) to work on /opt/airflow/dags/hadoop-2.7.3/share/hadoop/tools/lib/hadoop-aws-2.7.3.jar
[2022-10-25T14:38:47.216+0000] {processor.py:758} INFO - Processing file /opt/airflow/dags/hadoop-2.7.3/share/hadoop/tools/lib/hadoop-aws-2.7.3.jar for tasks to queue
[2022-10-25T14:38:47.219+0000] {logging_mixin.py:117} INFO - [2022-10-25T14:38:47.218+0000] {dagbag.py:525} INFO - Filling up the DagBag from /opt/airflow/dags/hadoop-2.7.3/share/hadoop/tools/lib/hadoop-aws-2.7.3.jar
[2022-10-25T14:38:47.231+0000] {processor.py:770} WARNING - No viable dags retrieved from /opt/airflow/dags/hadoop-2.7.3/share/hadoop/tools/lib/hadoop-aws-2.7.3.jar
[2022-10-25T14:38:47.293+0000] {processor.py:178} INFO - Processing /opt/airflow/dags/hadoop-2.7.3/share/hadoop/tools/lib/hadoop-aws-2.7.3.jar took 0.090 seconds
[2022-10-25T14:40:00.398+0000] {processor.py:156} INFO - Started process (PID=31218) to work on /opt/airflow/dags/hadoop-2.7.3/share/hadoop/tools/lib/hadoop-aws-2.7.3.jar
[2022-10-25T14:40:00.401+0000] {processor.py:758} INFO - Processing file /opt/airflow/dags/hadoop-2.7.3/share/hadoop/tools/lib/hadoop-aws-2.7.3.jar for tasks to queue
[2022-10-25T14:40:00.403+0000] {logging_mixin.py:117} INFO - [2022-10-25T14:40:00.403+0000] {dagbag.py:525} INFO - Filling up the DagBag from /opt/airflow/dags/hadoop-2.7.3/share/hadoop/tools/lib/hadoop-aws-2.7.3.jar
[2022-10-25T14:40:00.416+0000] {processor.py:770} WARNING - No viable dags retrieved from /opt/airflow/dags/hadoop-2.7.3/share/hadoop/tools/lib/hadoop-aws-2.7.3.jar
[2022-10-25T14:40:00.470+0000] {processor.py:178} INFO - Processing /opt/airflow/dags/hadoop-2.7.3/share/hadoop/tools/lib/hadoop-aws-2.7.3.jar took 0.085 seconds
[2022-10-25T14:40:35.540+0000] {processor.py:156} INFO - Started process (PID=32936) to work on /opt/airflow/dags/hadoop-2.7.3/share/hadoop/tools/lib/hadoop-aws-2.7.3.jar
[2022-10-25T14:40:35.543+0000] {processor.py:758} INFO - Processing file /opt/airflow/dags/hadoop-2.7.3/share/hadoop/tools/lib/hadoop-aws-2.7.3.jar for tasks to queue
[2022-10-25T14:40:35.547+0000] {logging_mixin.py:117} INFO - [2022-10-25T14:40:35.547+0000] {dagbag.py:525} INFO - Filling up the DagBag from /opt/airflow/dags/hadoop-2.7.3/share/hadoop/tools/lib/hadoop-aws-2.7.3.jar
[2022-10-25T14:40:35.564+0000] {processor.py:770} WARNING - No viable dags retrieved from /opt/airflow/dags/hadoop-2.7.3/share/hadoop/tools/lib/hadoop-aws-2.7.3.jar
[2022-10-25T14:40:35.631+0000] {processor.py:178} INFO - Processing /opt/airflow/dags/hadoop-2.7.3/share/hadoop/tools/lib/hadoop-aws-2.7.3.jar took 0.098 seconds
[2022-10-25T14:40:51.440+0000] {processor.py:156} INFO - Started process (PID=31742) to work on /opt/airflow/dags/hadoop-2.7.3/share/hadoop/tools/lib/hadoop-aws-2.7.3.jar
[2022-10-25T14:40:51.444+0000] {processor.py:758} INFO - Processing file /opt/airflow/dags/hadoop-2.7.3/share/hadoop/tools/lib/hadoop-aws-2.7.3.jar for tasks to queue
[2022-10-25T14:40:51.447+0000] {logging_mixin.py:117} INFO - [2022-10-25T14:40:51.447+0000] {dagbag.py:525} INFO - Filling up the DagBag from /opt/airflow/dags/hadoop-2.7.3/share/hadoop/tools/lib/hadoop-aws-2.7.3.jar
[2022-10-25T14:40:51.456+0000] {processor.py:770} WARNING - No viable dags retrieved from /opt/airflow/dags/hadoop-2.7.3/share/hadoop/tools/lib/hadoop-aws-2.7.3.jar
[2022-10-25T14:40:51.502+0000] {processor.py:178} INFO - Processing /opt/airflow/dags/hadoop-2.7.3/share/hadoop/tools/lib/hadoop-aws-2.7.3.jar took 0.073 seconds
[2022-10-25T14:41:28.718+0000] {processor.py:156} INFO - Started process (PID=33459) to work on /opt/airflow/dags/hadoop-2.7.3/share/hadoop/tools/lib/hadoop-aws-2.7.3.jar
[2022-10-25T14:41:28.720+0000] {processor.py:758} INFO - Processing file /opt/airflow/dags/hadoop-2.7.3/share/hadoop/tools/lib/hadoop-aws-2.7.3.jar for tasks to queue
[2022-10-25T14:41:28.722+0000] {logging_mixin.py:117} INFO - [2022-10-25T14:41:28.722+0000] {dagbag.py:525} INFO - Filling up the DagBag from /opt/airflow/dags/hadoop-2.7.3/share/hadoop/tools/lib/hadoop-aws-2.7.3.jar
[2022-10-25T14:41:28.732+0000] {processor.py:770} WARNING - No viable dags retrieved from /opt/airflow/dags/hadoop-2.7.3/share/hadoop/tools/lib/hadoop-aws-2.7.3.jar
[2022-10-25T14:41:28.773+0000] {processor.py:178} INFO - Processing /opt/airflow/dags/hadoop-2.7.3/share/hadoop/tools/lib/hadoop-aws-2.7.3.jar took 0.062 seconds
[2022-10-25T14:41:45.938+0000] {processor.py:156} INFO - Started process (PID=32329) to work on /opt/airflow/dags/hadoop-2.7.3/share/hadoop/tools/lib/hadoop-aws-2.7.3.jar
[2022-10-25T14:41:45.943+0000] {processor.py:758} INFO - Processing file /opt/airflow/dags/hadoop-2.7.3/share/hadoop/tools/lib/hadoop-aws-2.7.3.jar for tasks to queue
[2022-10-25T14:41:45.947+0000] {logging_mixin.py:117} INFO - [2022-10-25T14:41:45.946+0000] {dagbag.py:525} INFO - Filling up the DagBag from /opt/airflow/dags/hadoop-2.7.3/share/hadoop/tools/lib/hadoop-aws-2.7.3.jar
[2022-10-25T14:41:45.961+0000] {processor.py:770} WARNING - No viable dags retrieved from /opt/airflow/dags/hadoop-2.7.3/share/hadoop/tools/lib/hadoop-aws-2.7.3.jar
[2022-10-25T14:41:46.028+0000] {processor.py:178} INFO - Processing /opt/airflow/dags/hadoop-2.7.3/share/hadoop/tools/lib/hadoop-aws-2.7.3.jar took 0.100 seconds
[2022-10-25T14:42:25.388+0000] {processor.py:156} INFO - Started process (PID=34088) to work on /opt/airflow/dags/hadoop-2.7.3/share/hadoop/tools/lib/hadoop-aws-2.7.3.jar
[2022-10-25T14:42:25.393+0000] {processor.py:758} INFO - Processing file /opt/airflow/dags/hadoop-2.7.3/share/hadoop/tools/lib/hadoop-aws-2.7.3.jar for tasks to queue
[2022-10-25T14:42:25.395+0000] {logging_mixin.py:117} INFO - [2022-10-25T14:42:25.395+0000] {dagbag.py:525} INFO - Filling up the DagBag from /opt/airflow/dags/hadoop-2.7.3/share/hadoop/tools/lib/hadoop-aws-2.7.3.jar
[2022-10-25T14:42:25.405+0000] {processor.py:770} WARNING - No viable dags retrieved from /opt/airflow/dags/hadoop-2.7.3/share/hadoop/tools/lib/hadoop-aws-2.7.3.jar
[2022-10-25T14:42:25.452+0000] {processor.py:178} INFO - Processing /opt/airflow/dags/hadoop-2.7.3/share/hadoop/tools/lib/hadoop-aws-2.7.3.jar took 0.079 seconds
[2022-10-25T14:42:42.457+0000] {processor.py:156} INFO - Started process (PID=32910) to work on /opt/airflow/dags/hadoop-2.7.3/share/hadoop/tools/lib/hadoop-aws-2.7.3.jar
[2022-10-25T14:42:42.460+0000] {processor.py:758} INFO - Processing file /opt/airflow/dags/hadoop-2.7.3/share/hadoop/tools/lib/hadoop-aws-2.7.3.jar for tasks to queue
[2022-10-25T14:42:42.462+0000] {logging_mixin.py:117} INFO - [2022-10-25T14:42:42.462+0000] {dagbag.py:525} INFO - Filling up the DagBag from /opt/airflow/dags/hadoop-2.7.3/share/hadoop/tools/lib/hadoop-aws-2.7.3.jar
[2022-10-25T14:42:42.472+0000] {processor.py:770} WARNING - No viable dags retrieved from /opt/airflow/dags/hadoop-2.7.3/share/hadoop/tools/lib/hadoop-aws-2.7.3.jar
[2022-10-25T14:42:42.515+0000] {processor.py:178} INFO - Processing /opt/airflow/dags/hadoop-2.7.3/share/hadoop/tools/lib/hadoop-aws-2.7.3.jar took 0.071 seconds
[2022-10-25T14:43:17.398+0000] {processor.py:156} INFO - Started process (PID=34666) to work on /opt/airflow/dags/hadoop-2.7.3/share/hadoop/tools/lib/hadoop-aws-2.7.3.jar
[2022-10-25T14:43:17.401+0000] {processor.py:758} INFO - Processing file /opt/airflow/dags/hadoop-2.7.3/share/hadoop/tools/lib/hadoop-aws-2.7.3.jar for tasks to queue
[2022-10-25T14:43:17.404+0000] {logging_mixin.py:117} INFO - [2022-10-25T14:43:17.403+0000] {dagbag.py:525} INFO - Filling up the DagBag from /opt/airflow/dags/hadoop-2.7.3/share/hadoop/tools/lib/hadoop-aws-2.7.3.jar
[2022-10-25T14:43:17.418+0000] {processor.py:770} WARNING - No viable dags retrieved from /opt/airflow/dags/hadoop-2.7.3/share/hadoop/tools/lib/hadoop-aws-2.7.3.jar
[2022-10-25T14:43:17.480+0000] {processor.py:178} INFO - Processing /opt/airflow/dags/hadoop-2.7.3/share/hadoop/tools/lib/hadoop-aws-2.7.3.jar took 0.095 seconds
[2022-10-25T14:43:43.328+0000] {processor.py:156} INFO - Started process (PID=33537) to work on /opt/airflow/dags/hadoop-2.7.3/share/hadoop/tools/lib/hadoop-aws-2.7.3.jar
[2022-10-25T14:43:43.333+0000] {processor.py:758} INFO - Processing file /opt/airflow/dags/hadoop-2.7.3/share/hadoop/tools/lib/hadoop-aws-2.7.3.jar for tasks to queue
[2022-10-25T14:43:43.341+0000] {logging_mixin.py:117} INFO - [2022-10-25T14:43:43.340+0000] {dagbag.py:525} INFO - Filling up the DagBag from /opt/airflow/dags/hadoop-2.7.3/share/hadoop/tools/lib/hadoop-aws-2.7.3.jar
[2022-10-25T14:43:43.357+0000] {processor.py:770} WARNING - No viable dags retrieved from /opt/airflow/dags/hadoop-2.7.3/share/hadoop/tools/lib/hadoop-aws-2.7.3.jar
[2022-10-25T14:43:43.439+0000] {processor.py:178} INFO - Processing /opt/airflow/dags/hadoop-2.7.3/share/hadoop/tools/lib/hadoop-aws-2.7.3.jar took 0.124 seconds
[2022-10-25T14:44:04.044+0000] {processor.py:156} INFO - Started process (PID=35188) to work on /opt/airflow/dags/hadoop-2.7.3/share/hadoop/tools/lib/hadoop-aws-2.7.3.jar
[2022-10-25T14:44:04.050+0000] {processor.py:758} INFO - Processing file /opt/airflow/dags/hadoop-2.7.3/share/hadoop/tools/lib/hadoop-aws-2.7.3.jar for tasks to queue
[2022-10-25T14:44:04.053+0000] {logging_mixin.py:117} INFO - [2022-10-25T14:44:04.053+0000] {dagbag.py:525} INFO - Filling up the DagBag from /opt/airflow/dags/hadoop-2.7.3/share/hadoop/tools/lib/hadoop-aws-2.7.3.jar
[2022-10-25T14:44:04.063+0000] {processor.py:770} WARNING - No viable dags retrieved from /opt/airflow/dags/hadoop-2.7.3/share/hadoop/tools/lib/hadoop-aws-2.7.3.jar
[2022-10-25T14:44:04.142+0000] {processor.py:178} INFO - Processing /opt/airflow/dags/hadoop-2.7.3/share/hadoop/tools/lib/hadoop-aws-2.7.3.jar took 0.118 seconds
[2022-10-25T15:03:48.854+0000] {processor.py:156} INFO - Started process (PID=34205) to work on /opt/airflow/dags/hadoop-2.7.3/share/hadoop/tools/lib/hadoop-aws-2.7.3.jar
[2022-10-25T15:03:48.866+0000] {processor.py:758} INFO - Processing file /opt/airflow/dags/hadoop-2.7.3/share/hadoop/tools/lib/hadoop-aws-2.7.3.jar for tasks to queue
[2022-10-25T15:03:48.878+0000] {logging_mixin.py:117} INFO - [2022-10-25T15:03:48.877+0000] {dagbag.py:525} INFO - Filling up the DagBag from /opt/airflow/dags/hadoop-2.7.3/share/hadoop/tools/lib/hadoop-aws-2.7.3.jar
[2022-10-25T15:03:48.889+0000] {processor.py:770} WARNING - No viable dags retrieved from /opt/airflow/dags/hadoop-2.7.3/share/hadoop/tools/lib/hadoop-aws-2.7.3.jar
[2022-10-25T15:03:48.959+0000] {processor.py:178} INFO - Processing /opt/airflow/dags/hadoop-2.7.3/share/hadoop/tools/lib/hadoop-aws-2.7.3.jar took 0.118 seconds
[2022-10-25T15:04:06.899+0000] {processor.py:156} INFO - Started process (PID=35883) to work on /opt/airflow/dags/hadoop-2.7.3/share/hadoop/tools/lib/hadoop-aws-2.7.3.jar
[2022-10-25T15:04:06.902+0000] {processor.py:758} INFO - Processing file /opt/airflow/dags/hadoop-2.7.3/share/hadoop/tools/lib/hadoop-aws-2.7.3.jar for tasks to queue
[2022-10-25T15:04:06.907+0000] {logging_mixin.py:117} INFO - [2022-10-25T15:04:06.906+0000] {dagbag.py:525} INFO - Filling up the DagBag from /opt/airflow/dags/hadoop-2.7.3/share/hadoop/tools/lib/hadoop-aws-2.7.3.jar
[2022-10-25T15:04:06.917+0000] {processor.py:770} WARNING - No viable dags retrieved from /opt/airflow/dags/hadoop-2.7.3/share/hadoop/tools/lib/hadoop-aws-2.7.3.jar
[2022-10-25T15:04:06.961+0000] {processor.py:178} INFO - Processing /opt/airflow/dags/hadoop-2.7.3/share/hadoop/tools/lib/hadoop-aws-2.7.3.jar took 0.073 seconds
[2022-10-25T15:05:25.025+0000] {processor.py:156} INFO - Started process (PID=34753) to work on /opt/airflow/dags/hadoop-2.7.3/share/hadoop/tools/lib/hadoop-aws-2.7.3.jar
[2022-10-25T15:05:25.028+0000] {processor.py:758} INFO - Processing file /opt/airflow/dags/hadoop-2.7.3/share/hadoop/tools/lib/hadoop-aws-2.7.3.jar for tasks to queue
[2022-10-25T15:05:25.031+0000] {logging_mixin.py:117} INFO - [2022-10-25T15:05:25.031+0000] {dagbag.py:525} INFO - Filling up the DagBag from /opt/airflow/dags/hadoop-2.7.3/share/hadoop/tools/lib/hadoop-aws-2.7.3.jar
[2022-10-25T15:05:25.040+0000] {processor.py:770} WARNING - No viable dags retrieved from /opt/airflow/dags/hadoop-2.7.3/share/hadoop/tools/lib/hadoop-aws-2.7.3.jar
[2022-10-25T15:05:25.072+0000] {processor.py:178} INFO - Processing /opt/airflow/dags/hadoop-2.7.3/share/hadoop/tools/lib/hadoop-aws-2.7.3.jar took 0.053 seconds
[2022-10-25T15:05:36.306+0000] {processor.py:156} INFO - Started process (PID=36433) to work on /opt/airflow/dags/hadoop-2.7.3/share/hadoop/tools/lib/hadoop-aws-2.7.3.jar
[2022-10-25T15:05:36.309+0000] {processor.py:758} INFO - Processing file /opt/airflow/dags/hadoop-2.7.3/share/hadoop/tools/lib/hadoop-aws-2.7.3.jar for tasks to queue
[2022-10-25T15:05:36.312+0000] {logging_mixin.py:117} INFO - [2022-10-25T15:05:36.312+0000] {dagbag.py:525} INFO - Filling up the DagBag from /opt/airflow/dags/hadoop-2.7.3/share/hadoop/tools/lib/hadoop-aws-2.7.3.jar
[2022-10-25T15:05:36.322+0000] {processor.py:770} WARNING - No viable dags retrieved from /opt/airflow/dags/hadoop-2.7.3/share/hadoop/tools/lib/hadoop-aws-2.7.3.jar
[2022-10-25T15:05:36.369+0000] {processor.py:178} INFO - Processing /opt/airflow/dags/hadoop-2.7.3/share/hadoop/tools/lib/hadoop-aws-2.7.3.jar took 0.073 seconds
[2022-10-25T15:06:17.383+0000] {processor.py:156} INFO - Started process (PID=35277) to work on /opt/airflow/dags/hadoop-2.7.3/share/hadoop/tools/lib/hadoop-aws-2.7.3.jar
[2022-10-25T15:06:17.387+0000] {processor.py:758} INFO - Processing file /opt/airflow/dags/hadoop-2.7.3/share/hadoop/tools/lib/hadoop-aws-2.7.3.jar for tasks to queue
[2022-10-25T15:06:17.391+0000] {logging_mixin.py:117} INFO - [2022-10-25T15:06:17.391+0000] {dagbag.py:525} INFO - Filling up the DagBag from /opt/airflow/dags/hadoop-2.7.3/share/hadoop/tools/lib/hadoop-aws-2.7.3.jar
[2022-10-25T15:06:17.399+0000] {processor.py:770} WARNING - No viable dags retrieved from /opt/airflow/dags/hadoop-2.7.3/share/hadoop/tools/lib/hadoop-aws-2.7.3.jar
[2022-10-25T15:06:17.444+0000] {processor.py:178} INFO - Processing /opt/airflow/dags/hadoop-2.7.3/share/hadoop/tools/lib/hadoop-aws-2.7.3.jar took 0.072 seconds
[2022-10-25T15:06:30.308+0000] {processor.py:156} INFO - Started process (PID=37010) to work on /opt/airflow/dags/hadoop-2.7.3/share/hadoop/tools/lib/hadoop-aws-2.7.3.jar
[2022-10-25T15:06:30.311+0000] {processor.py:758} INFO - Processing file /opt/airflow/dags/hadoop-2.7.3/share/hadoop/tools/lib/hadoop-aws-2.7.3.jar for tasks to queue
[2022-10-25T15:06:30.313+0000] {logging_mixin.py:117} INFO - [2022-10-25T15:06:30.313+0000] {dagbag.py:525} INFO - Filling up the DagBag from /opt/airflow/dags/hadoop-2.7.3/share/hadoop/tools/lib/hadoop-aws-2.7.3.jar
[2022-10-25T15:06:30.325+0000] {processor.py:770} WARNING - No viable dags retrieved from /opt/airflow/dags/hadoop-2.7.3/share/hadoop/tools/lib/hadoop-aws-2.7.3.jar
[2022-10-25T15:06:30.374+0000] {processor.py:178} INFO - Processing /opt/airflow/dags/hadoop-2.7.3/share/hadoop/tools/lib/hadoop-aws-2.7.3.jar took 0.078 seconds
