[2022-10-25T00:38:05.241+0000] {processor.py:156} INFO - Started process (PID=4621) to work on /opt/airflow/dags/hadoop-2.7.3/share/hadoop/tools/lib/netty-3.6.2.Final.jar
[2022-10-25T00:38:05.243+0000] {processor.py:758} INFO - Processing file /opt/airflow/dags/hadoop-2.7.3/share/hadoop/tools/lib/netty-3.6.2.Final.jar for tasks to queue
[2022-10-25T00:38:05.245+0000] {logging_mixin.py:117} INFO - [2022-10-25T00:38:05.245+0000] {dagbag.py:525} INFO - Filling up the DagBag from /opt/airflow/dags/hadoop-2.7.3/share/hadoop/tools/lib/netty-3.6.2.Final.jar
[2022-10-25T00:38:05.276+0000] {processor.py:770} WARNING - No viable dags retrieved from /opt/airflow/dags/hadoop-2.7.3/share/hadoop/tools/lib/netty-3.6.2.Final.jar
[2022-10-25T00:38:05.303+0000] {processor.py:178} INFO - Processing /opt/airflow/dags/hadoop-2.7.3/share/hadoop/tools/lib/netty-3.6.2.Final.jar took 0.071 seconds
[2022-10-25T00:38:34.042+0000] {processor.py:156} INFO - Started process (PID=2650) to work on /opt/airflow/dags/hadoop-2.7.3/share/hadoop/tools/lib/netty-3.6.2.Final.jar
[2022-10-25T00:38:34.047+0000] {processor.py:758} INFO - Processing file /opt/airflow/dags/hadoop-2.7.3/share/hadoop/tools/lib/netty-3.6.2.Final.jar for tasks to queue
[2022-10-25T00:38:34.054+0000] {logging_mixin.py:117} INFO - [2022-10-25T00:38:34.053+0000] {dagbag.py:525} INFO - Filling up the DagBag from /opt/airflow/dags/hadoop-2.7.3/share/hadoop/tools/lib/netty-3.6.2.Final.jar
[2022-10-25T00:38:34.075+0000] {processor.py:770} WARNING - No viable dags retrieved from /opt/airflow/dags/hadoop-2.7.3/share/hadoop/tools/lib/netty-3.6.2.Final.jar
[2022-10-25T00:38:34.122+0000] {processor.py:178} INFO - Processing /opt/airflow/dags/hadoop-2.7.3/share/hadoop/tools/lib/netty-3.6.2.Final.jar took 0.090 seconds
[2022-10-25T00:38:44.520+0000] {processor.py:156} INFO - Started process (PID=5137) to work on /opt/airflow/dags/hadoop-2.7.3/share/hadoop/tools/lib/netty-3.6.2.Final.jar
[2022-10-25T00:38:44.523+0000] {processor.py:758} INFO - Processing file /opt/airflow/dags/hadoop-2.7.3/share/hadoop/tools/lib/netty-3.6.2.Final.jar for tasks to queue
[2022-10-25T00:38:44.526+0000] {logging_mixin.py:117} INFO - [2022-10-25T00:38:44.525+0000] {dagbag.py:525} INFO - Filling up the DagBag from /opt/airflow/dags/hadoop-2.7.3/share/hadoop/tools/lib/netty-3.6.2.Final.jar
[2022-10-25T00:38:44.551+0000] {processor.py:770} WARNING - No viable dags retrieved from /opt/airflow/dags/hadoop-2.7.3/share/hadoop/tools/lib/netty-3.6.2.Final.jar
[2022-10-25T00:38:44.586+0000] {processor.py:178} INFO - Processing /opt/airflow/dags/hadoop-2.7.3/share/hadoop/tools/lib/netty-3.6.2.Final.jar took 0.075 seconds
[2022-10-25T00:39:13.344+0000] {processor.py:156} INFO - Started process (PID=3166) to work on /opt/airflow/dags/hadoop-2.7.3/share/hadoop/tools/lib/netty-3.6.2.Final.jar
[2022-10-25T00:39:13.349+0000] {processor.py:758} INFO - Processing file /opt/airflow/dags/hadoop-2.7.3/share/hadoop/tools/lib/netty-3.6.2.Final.jar for tasks to queue
[2022-10-25T00:39:13.358+0000] {logging_mixin.py:117} INFO - [2022-10-25T00:39:13.358+0000] {dagbag.py:525} INFO - Filling up the DagBag from /opt/airflow/dags/hadoop-2.7.3/share/hadoop/tools/lib/netty-3.6.2.Final.jar
[2022-10-25T00:39:13.395+0000] {processor.py:770} WARNING - No viable dags retrieved from /opt/airflow/dags/hadoop-2.7.3/share/hadoop/tools/lib/netty-3.6.2.Final.jar
[2022-10-25T00:39:13.443+0000] {processor.py:178} INFO - Processing /opt/airflow/dags/hadoop-2.7.3/share/hadoop/tools/lib/netty-3.6.2.Final.jar took 0.120 seconds
[2022-10-25T00:39:24.981+0000] {processor.py:156} INFO - Started process (PID=5652) to work on /opt/airflow/dags/hadoop-2.7.3/share/hadoop/tools/lib/netty-3.6.2.Final.jar
[2022-10-25T00:39:24.984+0000] {processor.py:758} INFO - Processing file /opt/airflow/dags/hadoop-2.7.3/share/hadoop/tools/lib/netty-3.6.2.Final.jar for tasks to queue
[2022-10-25T00:39:24.987+0000] {logging_mixin.py:117} INFO - [2022-10-25T00:39:24.986+0000] {dagbag.py:525} INFO - Filling up the DagBag from /opt/airflow/dags/hadoop-2.7.3/share/hadoop/tools/lib/netty-3.6.2.Final.jar
[2022-10-25T00:39:25.040+0000] {processor.py:770} WARNING - No viable dags retrieved from /opt/airflow/dags/hadoop-2.7.3/share/hadoop/tools/lib/netty-3.6.2.Final.jar
[2022-10-25T00:39:25.100+0000] {processor.py:178} INFO - Processing /opt/airflow/dags/hadoop-2.7.3/share/hadoop/tools/lib/netty-3.6.2.Final.jar took 0.126 seconds
[2022-10-25T00:52:55.143+0000] {processor.py:156} INFO - Started process (PID=3737) to work on /opt/airflow/dags/hadoop-2.7.3/share/hadoop/tools/lib/netty-3.6.2.Final.jar
[2022-10-25T00:52:55.145+0000] {processor.py:758} INFO - Processing file /opt/airflow/dags/hadoop-2.7.3/share/hadoop/tools/lib/netty-3.6.2.Final.jar for tasks to queue
[2022-10-25T00:52:55.153+0000] {logging_mixin.py:117} INFO - [2022-10-25T00:52:55.152+0000] {dagbag.py:525} INFO - Filling up the DagBag from /opt/airflow/dags/hadoop-2.7.3/share/hadoop/tools/lib/netty-3.6.2.Final.jar
[2022-10-25T00:52:55.186+0000] {processor.py:770} WARNING - No viable dags retrieved from /opt/airflow/dags/hadoop-2.7.3/share/hadoop/tools/lib/netty-3.6.2.Final.jar
[2022-10-25T00:52:55.223+0000] {processor.py:178} INFO - Processing /opt/airflow/dags/hadoop-2.7.3/share/hadoop/tools/lib/netty-3.6.2.Final.jar took 0.087 seconds
[2022-10-25T00:53:08.329+0000] {processor.py:156} INFO - Started process (PID=6245) to work on /opt/airflow/dags/hadoop-2.7.3/share/hadoop/tools/lib/netty-3.6.2.Final.jar
[2022-10-25T00:53:08.333+0000] {processor.py:758} INFO - Processing file /opt/airflow/dags/hadoop-2.7.3/share/hadoop/tools/lib/netty-3.6.2.Final.jar for tasks to queue
[2022-10-25T00:53:08.336+0000] {logging_mixin.py:117} INFO - [2022-10-25T00:53:08.335+0000] {dagbag.py:525} INFO - Filling up the DagBag from /opt/airflow/dags/hadoop-2.7.3/share/hadoop/tools/lib/netty-3.6.2.Final.jar
[2022-10-25T00:53:08.363+0000] {processor.py:770} WARNING - No viable dags retrieved from /opt/airflow/dags/hadoop-2.7.3/share/hadoop/tools/lib/netty-3.6.2.Final.jar
[2022-10-25T00:53:08.403+0000] {processor.py:178} INFO - Processing /opt/airflow/dags/hadoop-2.7.3/share/hadoop/tools/lib/netty-3.6.2.Final.jar took 0.084 seconds
[2022-10-25T00:53:45.770+0000] {processor.py:156} INFO - Started process (PID=4357) to work on /opt/airflow/dags/hadoop-2.7.3/share/hadoop/tools/lib/netty-3.6.2.Final.jar
[2022-10-25T00:53:45.773+0000] {processor.py:758} INFO - Processing file /opt/airflow/dags/hadoop-2.7.3/share/hadoop/tools/lib/netty-3.6.2.Final.jar for tasks to queue
[2022-10-25T00:53:45.778+0000] {logging_mixin.py:117} INFO - [2022-10-25T00:53:45.778+0000] {dagbag.py:525} INFO - Filling up the DagBag from /opt/airflow/dags/hadoop-2.7.3/share/hadoop/tools/lib/netty-3.6.2.Final.jar
[2022-10-25T00:53:45.807+0000] {processor.py:770} WARNING - No viable dags retrieved from /opt/airflow/dags/hadoop-2.7.3/share/hadoop/tools/lib/netty-3.6.2.Final.jar
[2022-10-25T00:53:45.840+0000] {processor.py:178} INFO - Processing /opt/airflow/dags/hadoop-2.7.3/share/hadoop/tools/lib/netty-3.6.2.Final.jar took 0.077 seconds
[2022-10-25T00:53:54.480+0000] {processor.py:156} INFO - Started process (PID=6804) to work on /opt/airflow/dags/hadoop-2.7.3/share/hadoop/tools/lib/netty-3.6.2.Final.jar
[2022-10-25T00:53:54.485+0000] {processor.py:758} INFO - Processing file /opt/airflow/dags/hadoop-2.7.3/share/hadoop/tools/lib/netty-3.6.2.Final.jar for tasks to queue
[2022-10-25T00:53:54.490+0000] {logging_mixin.py:117} INFO - [2022-10-25T00:53:54.489+0000] {dagbag.py:525} INFO - Filling up the DagBag from /opt/airflow/dags/hadoop-2.7.3/share/hadoop/tools/lib/netty-3.6.2.Final.jar
[2022-10-25T00:53:54.544+0000] {processor.py:770} WARNING - No viable dags retrieved from /opt/airflow/dags/hadoop-2.7.3/share/hadoop/tools/lib/netty-3.6.2.Final.jar
[2022-10-25T00:53:54.595+0000] {processor.py:178} INFO - Processing /opt/airflow/dags/hadoop-2.7.3/share/hadoop/tools/lib/netty-3.6.2.Final.jar took 0.124 seconds
[2022-10-25T00:54:43.671+0000] {processor.py:156} INFO - Started process (PID=5025) to work on /opt/airflow/dags/hadoop-2.7.3/share/hadoop/tools/lib/netty-3.6.2.Final.jar
[2022-10-25T00:54:43.676+0000] {processor.py:758} INFO - Processing file /opt/airflow/dags/hadoop-2.7.3/share/hadoop/tools/lib/netty-3.6.2.Final.jar for tasks to queue
[2022-10-25T00:54:43.683+0000] {logging_mixin.py:117} INFO - [2022-10-25T00:54:43.683+0000] {dagbag.py:525} INFO - Filling up the DagBag from /opt/airflow/dags/hadoop-2.7.3/share/hadoop/tools/lib/netty-3.6.2.Final.jar
[2022-10-25T00:54:43.721+0000] {processor.py:770} WARNING - No viable dags retrieved from /opt/airflow/dags/hadoop-2.7.3/share/hadoop/tools/lib/netty-3.6.2.Final.jar
[2022-10-25T00:54:43.767+0000] {processor.py:178} INFO - Processing /opt/airflow/dags/hadoop-2.7.3/share/hadoop/tools/lib/netty-3.6.2.Final.jar took 0.104 seconds
[2022-10-25T00:54:47.827+0000] {processor.py:156} INFO - Started process (PID=7392) to work on /opt/airflow/dags/hadoop-2.7.3/share/hadoop/tools/lib/netty-3.6.2.Final.jar
[2022-10-25T00:54:47.830+0000] {processor.py:758} INFO - Processing file /opt/airflow/dags/hadoop-2.7.3/share/hadoop/tools/lib/netty-3.6.2.Final.jar for tasks to queue
[2022-10-25T00:54:47.832+0000] {logging_mixin.py:117} INFO - [2022-10-25T00:54:47.832+0000] {dagbag.py:525} INFO - Filling up the DagBag from /opt/airflow/dags/hadoop-2.7.3/share/hadoop/tools/lib/netty-3.6.2.Final.jar
[2022-10-25T00:54:47.878+0000] {processor.py:770} WARNING - No viable dags retrieved from /opt/airflow/dags/hadoop-2.7.3/share/hadoop/tools/lib/netty-3.6.2.Final.jar
[2022-10-25T00:54:47.940+0000] {processor.py:178} INFO - Processing /opt/airflow/dags/hadoop-2.7.3/share/hadoop/tools/lib/netty-3.6.2.Final.jar took 0.123 seconds
[2022-10-25T00:55:59.509+0000] {processor.py:156} INFO - Started process (PID=5553) to work on /opt/airflow/dags/hadoop-2.7.3/share/hadoop/tools/lib/netty-3.6.2.Final.jar
[2022-10-25T00:55:59.522+0000] {processor.py:758} INFO - Processing file /opt/airflow/dags/hadoop-2.7.3/share/hadoop/tools/lib/netty-3.6.2.Final.jar for tasks to queue
[2022-10-25T00:55:59.559+0000] {logging_mixin.py:117} INFO - [2022-10-25T00:55:59.558+0000] {dagbag.py:525} INFO - Filling up the DagBag from /opt/airflow/dags/hadoop-2.7.3/share/hadoop/tools/lib/netty-3.6.2.Final.jar
[2022-10-25T00:55:59.761+0000] {processor.py:770} WARNING - No viable dags retrieved from /opt/airflow/dags/hadoop-2.7.3/share/hadoop/tools/lib/netty-3.6.2.Final.jar
[2022-10-25T00:55:59.881+0000] {processor.py:178} INFO - Processing /opt/airflow/dags/hadoop-2.7.3/share/hadoop/tools/lib/netty-3.6.2.Final.jar took 0.373 seconds
[2022-10-25T00:56:23.919+0000] {processor.py:156} INFO - Started process (PID=7978) to work on /opt/airflow/dags/hadoop-2.7.3/share/hadoop/tools/lib/netty-3.6.2.Final.jar
[2022-10-25T00:56:23.928+0000] {processor.py:758} INFO - Processing file /opt/airflow/dags/hadoop-2.7.3/share/hadoop/tools/lib/netty-3.6.2.Final.jar for tasks to queue
[2022-10-25T00:56:23.932+0000] {logging_mixin.py:117} INFO - [2022-10-25T00:56:23.931+0000] {dagbag.py:525} INFO - Filling up the DagBag from /opt/airflow/dags/hadoop-2.7.3/share/hadoop/tools/lib/netty-3.6.2.Final.jar
[2022-10-25T00:56:24.012+0000] {processor.py:770} WARNING - No viable dags retrieved from /opt/airflow/dags/hadoop-2.7.3/share/hadoop/tools/lib/netty-3.6.2.Final.jar
[2022-10-25T00:56:24.103+0000] {processor.py:178} INFO - Processing /opt/airflow/dags/hadoop-2.7.3/share/hadoop/tools/lib/netty-3.6.2.Final.jar took 0.196 seconds
[2022-10-25T14:09:03.226+0000] {processor.py:156} INFO - Started process (PID=18976) to work on /opt/airflow/dags/hadoop-2.7.3/share/hadoop/tools/lib/netty-3.6.2.Final.jar
[2022-10-25T14:09:03.231+0000] {processor.py:758} INFO - Processing file /opt/airflow/dags/hadoop-2.7.3/share/hadoop/tools/lib/netty-3.6.2.Final.jar for tasks to queue
[2022-10-25T14:09:03.236+0000] {logging_mixin.py:117} INFO - [2022-10-25T14:09:03.236+0000] {dagbag.py:525} INFO - Filling up the DagBag from /opt/airflow/dags/hadoop-2.7.3/share/hadoop/tools/lib/netty-3.6.2.Final.jar
[2022-10-25T14:09:03.269+0000] {processor.py:770} WARNING - No viable dags retrieved from /opt/airflow/dags/hadoop-2.7.3/share/hadoop/tools/lib/netty-3.6.2.Final.jar
[2022-10-25T14:09:03.316+0000] {processor.py:178} INFO - Processing /opt/airflow/dags/hadoop-2.7.3/share/hadoop/tools/lib/netty-3.6.2.Final.jar took 0.095 seconds
[2022-10-25T14:09:20.640+0000] {processor.py:156} INFO - Started process (PID=17892) to work on /opt/airflow/dags/hadoop-2.7.3/share/hadoop/tools/lib/netty-3.6.2.Final.jar
[2022-10-25T14:09:20.643+0000] {processor.py:758} INFO - Processing file /opt/airflow/dags/hadoop-2.7.3/share/hadoop/tools/lib/netty-3.6.2.Final.jar for tasks to queue
[2022-10-25T14:09:20.646+0000] {logging_mixin.py:117} INFO - [2022-10-25T14:09:20.646+0000] {dagbag.py:525} INFO - Filling up the DagBag from /opt/airflow/dags/hadoop-2.7.3/share/hadoop/tools/lib/netty-3.6.2.Final.jar
[2022-10-25T14:09:20.679+0000] {processor.py:770} WARNING - No viable dags retrieved from /opt/airflow/dags/hadoop-2.7.3/share/hadoop/tools/lib/netty-3.6.2.Final.jar
[2022-10-25T14:09:20.718+0000] {processor.py:178} INFO - Processing /opt/airflow/dags/hadoop-2.7.3/share/hadoop/tools/lib/netty-3.6.2.Final.jar took 0.087 seconds
[2022-10-25T14:09:47.867+0000] {processor.py:156} INFO - Started process (PID=19505) to work on /opt/airflow/dags/hadoop-2.7.3/share/hadoop/tools/lib/netty-3.6.2.Final.jar
[2022-10-25T14:09:47.886+0000] {processor.py:758} INFO - Processing file /opt/airflow/dags/hadoop-2.7.3/share/hadoop/tools/lib/netty-3.6.2.Final.jar for tasks to queue
[2022-10-25T14:09:47.889+0000] {logging_mixin.py:117} INFO - [2022-10-25T14:09:47.889+0000] {dagbag.py:525} INFO - Filling up the DagBag from /opt/airflow/dags/hadoop-2.7.3/share/hadoop/tools/lib/netty-3.6.2.Final.jar
[2022-10-25T14:09:47.926+0000] {processor.py:770} WARNING - No viable dags retrieved from /opt/airflow/dags/hadoop-2.7.3/share/hadoop/tools/lib/netty-3.6.2.Final.jar
[2022-10-25T14:09:47.966+0000] {processor.py:178} INFO - Processing /opt/airflow/dags/hadoop-2.7.3/share/hadoop/tools/lib/netty-3.6.2.Final.jar took 0.106 seconds
[2022-10-25T14:10:01.606+0000] {processor.py:156} INFO - Started process (PID=18405) to work on /opt/airflow/dags/hadoop-2.7.3/share/hadoop/tools/lib/netty-3.6.2.Final.jar
[2022-10-25T14:10:01.609+0000] {processor.py:758} INFO - Processing file /opt/airflow/dags/hadoop-2.7.3/share/hadoop/tools/lib/netty-3.6.2.Final.jar for tasks to queue
[2022-10-25T14:10:01.613+0000] {logging_mixin.py:117} INFO - [2022-10-25T14:10:01.612+0000] {dagbag.py:525} INFO - Filling up the DagBag from /opt/airflow/dags/hadoop-2.7.3/share/hadoop/tools/lib/netty-3.6.2.Final.jar
[2022-10-25T14:10:01.641+0000] {processor.py:770} WARNING - No viable dags retrieved from /opt/airflow/dags/hadoop-2.7.3/share/hadoop/tools/lib/netty-3.6.2.Final.jar
[2022-10-25T14:10:01.674+0000] {processor.py:178} INFO - Processing /opt/airflow/dags/hadoop-2.7.3/share/hadoop/tools/lib/netty-3.6.2.Final.jar took 0.077 seconds
[2022-10-25T14:10:34.971+0000] {processor.py:156} INFO - Started process (PID=20057) to work on /opt/airflow/dags/hadoop-2.7.3/share/hadoop/tools/lib/netty-3.6.2.Final.jar
[2022-10-25T14:10:34.976+0000] {processor.py:758} INFO - Processing file /opt/airflow/dags/hadoop-2.7.3/share/hadoop/tools/lib/netty-3.6.2.Final.jar for tasks to queue
[2022-10-25T14:10:34.979+0000] {logging_mixin.py:117} INFO - [2022-10-25T14:10:34.979+0000] {dagbag.py:525} INFO - Filling up the DagBag from /opt/airflow/dags/hadoop-2.7.3/share/hadoop/tools/lib/netty-3.6.2.Final.jar
[2022-10-25T14:10:35.042+0000] {processor.py:770} WARNING - No viable dags retrieved from /opt/airflow/dags/hadoop-2.7.3/share/hadoop/tools/lib/netty-3.6.2.Final.jar
[2022-10-25T14:10:35.128+0000] {processor.py:178} INFO - Processing /opt/airflow/dags/hadoop-2.7.3/share/hadoop/tools/lib/netty-3.6.2.Final.jar took 0.166 seconds
[2022-10-25T14:10:45.121+0000] {processor.py:156} INFO - Started process (PID=18920) to work on /opt/airflow/dags/hadoop-2.7.3/share/hadoop/tools/lib/netty-3.6.2.Final.jar
[2022-10-25T14:10:45.125+0000] {processor.py:758} INFO - Processing file /opt/airflow/dags/hadoop-2.7.3/share/hadoop/tools/lib/netty-3.6.2.Final.jar for tasks to queue
[2022-10-25T14:10:45.129+0000] {logging_mixin.py:117} INFO - [2022-10-25T14:10:45.129+0000] {dagbag.py:525} INFO - Filling up the DagBag from /opt/airflow/dags/hadoop-2.7.3/share/hadoop/tools/lib/netty-3.6.2.Final.jar
[2022-10-25T14:10:45.182+0000] {processor.py:770} WARNING - No viable dags retrieved from /opt/airflow/dags/hadoop-2.7.3/share/hadoop/tools/lib/netty-3.6.2.Final.jar
[2022-10-25T14:10:45.217+0000] {processor.py:178} INFO - Processing /opt/airflow/dags/hadoop-2.7.3/share/hadoop/tools/lib/netty-3.6.2.Final.jar took 0.102 seconds
[2022-10-25T14:11:15.530+0000] {processor.py:156} INFO - Started process (PID=20573) to work on /opt/airflow/dags/hadoop-2.7.3/share/hadoop/tools/lib/netty-3.6.2.Final.jar
[2022-10-25T14:11:15.535+0000] {processor.py:758} INFO - Processing file /opt/airflow/dags/hadoop-2.7.3/share/hadoop/tools/lib/netty-3.6.2.Final.jar for tasks to queue
[2022-10-25T14:11:15.538+0000] {logging_mixin.py:117} INFO - [2022-10-25T14:11:15.538+0000] {dagbag.py:525} INFO - Filling up the DagBag from /opt/airflow/dags/hadoop-2.7.3/share/hadoop/tools/lib/netty-3.6.2.Final.jar
[2022-10-25T14:11:15.580+0000] {processor.py:770} WARNING - No viable dags retrieved from /opt/airflow/dags/hadoop-2.7.3/share/hadoop/tools/lib/netty-3.6.2.Final.jar
[2022-10-25T14:11:15.624+0000] {processor.py:178} INFO - Processing /opt/airflow/dags/hadoop-2.7.3/share/hadoop/tools/lib/netty-3.6.2.Final.jar took 0.100 seconds
[2022-10-25T14:11:34.844+0000] {processor.py:156} INFO - Started process (PID=19510) to work on /opt/airflow/dags/hadoop-2.7.3/share/hadoop/tools/lib/netty-3.6.2.Final.jar
[2022-10-25T14:11:34.847+0000] {processor.py:758} INFO - Processing file /opt/airflow/dags/hadoop-2.7.3/share/hadoop/tools/lib/netty-3.6.2.Final.jar for tasks to queue
[2022-10-25T14:11:34.848+0000] {logging_mixin.py:117} INFO - [2022-10-25T14:11:34.848+0000] {dagbag.py:525} INFO - Filling up the DagBag from /opt/airflow/dags/hadoop-2.7.3/share/hadoop/tools/lib/netty-3.6.2.Final.jar
[2022-10-25T14:11:34.877+0000] {processor.py:770} WARNING - No viable dags retrieved from /opt/airflow/dags/hadoop-2.7.3/share/hadoop/tools/lib/netty-3.6.2.Final.jar
[2022-10-25T14:11:34.915+0000] {processor.py:178} INFO - Processing /opt/airflow/dags/hadoop-2.7.3/share/hadoop/tools/lib/netty-3.6.2.Final.jar took 0.079 seconds
[2022-10-25T14:12:06.792+0000] {processor.py:156} INFO - Started process (PID=21165) to work on /opt/airflow/dags/hadoop-2.7.3/share/hadoop/tools/lib/netty-3.6.2.Final.jar
[2022-10-25T14:12:06.798+0000] {processor.py:758} INFO - Processing file /opt/airflow/dags/hadoop-2.7.3/share/hadoop/tools/lib/netty-3.6.2.Final.jar for tasks to queue
[2022-10-25T14:12:06.801+0000] {logging_mixin.py:117} INFO - [2022-10-25T14:12:06.800+0000] {dagbag.py:525} INFO - Filling up the DagBag from /opt/airflow/dags/hadoop-2.7.3/share/hadoop/tools/lib/netty-3.6.2.Final.jar
[2022-10-25T14:12:06.832+0000] {processor.py:770} WARNING - No viable dags retrieved from /opt/airflow/dags/hadoop-2.7.3/share/hadoop/tools/lib/netty-3.6.2.Final.jar
[2022-10-25T14:12:06.868+0000] {processor.py:178} INFO - Processing /opt/airflow/dags/hadoop-2.7.3/share/hadoop/tools/lib/netty-3.6.2.Final.jar took 0.082 seconds
[2022-10-25T14:12:28.032+0000] {processor.py:156} INFO - Started process (PID=20125) to work on /opt/airflow/dags/hadoop-2.7.3/share/hadoop/tools/lib/netty-3.6.2.Final.jar
[2022-10-25T14:12:28.035+0000] {processor.py:758} INFO - Processing file /opt/airflow/dags/hadoop-2.7.3/share/hadoop/tools/lib/netty-3.6.2.Final.jar for tasks to queue
[2022-10-25T14:12:28.040+0000] {logging_mixin.py:117} INFO - [2022-10-25T14:12:28.039+0000] {dagbag.py:525} INFO - Filling up the DagBag from /opt/airflow/dags/hadoop-2.7.3/share/hadoop/tools/lib/netty-3.6.2.Final.jar
[2022-10-25T14:12:28.126+0000] {processor.py:770} WARNING - No viable dags retrieved from /opt/airflow/dags/hadoop-2.7.3/share/hadoop/tools/lib/netty-3.6.2.Final.jar
[2022-10-25T14:12:28.184+0000] {processor.py:178} INFO - Processing /opt/airflow/dags/hadoop-2.7.3/share/hadoop/tools/lib/netty-3.6.2.Final.jar took 0.160 seconds
[2022-10-25T14:13:38.570+0000] {processor.py:156} INFO - Started process (PID=21826) to work on /opt/airflow/dags/hadoop-2.7.3/share/hadoop/tools/lib/netty-3.6.2.Final.jar
[2022-10-25T14:13:38.575+0000] {processor.py:758} INFO - Processing file /opt/airflow/dags/hadoop-2.7.3/share/hadoop/tools/lib/netty-3.6.2.Final.jar for tasks to queue
[2022-10-25T14:13:38.579+0000] {logging_mixin.py:117} INFO - [2022-10-25T14:13:38.579+0000] {dagbag.py:525} INFO - Filling up the DagBag from /opt/airflow/dags/hadoop-2.7.3/share/hadoop/tools/lib/netty-3.6.2.Final.jar
[2022-10-25T14:13:38.614+0000] {processor.py:770} WARNING - No viable dags retrieved from /opt/airflow/dags/hadoop-2.7.3/share/hadoop/tools/lib/netty-3.6.2.Final.jar
[2022-10-25T14:13:38.657+0000] {processor.py:178} INFO - Processing /opt/airflow/dags/hadoop-2.7.3/share/hadoop/tools/lib/netty-3.6.2.Final.jar took 0.095 seconds
[2022-10-25T14:14:13.652+0000] {processor.py:156} INFO - Started process (PID=20892) to work on /opt/airflow/dags/hadoop-2.7.3/share/hadoop/tools/lib/netty-3.6.2.Final.jar
[2022-10-25T14:14:13.654+0000] {processor.py:758} INFO - Processing file /opt/airflow/dags/hadoop-2.7.3/share/hadoop/tools/lib/netty-3.6.2.Final.jar for tasks to queue
[2022-10-25T14:14:13.658+0000] {logging_mixin.py:117} INFO - [2022-10-25T14:14:13.657+0000] {dagbag.py:525} INFO - Filling up the DagBag from /opt/airflow/dags/hadoop-2.7.3/share/hadoop/tools/lib/netty-3.6.2.Final.jar
[2022-10-25T14:14:13.696+0000] {processor.py:770} WARNING - No viable dags retrieved from /opt/airflow/dags/hadoop-2.7.3/share/hadoop/tools/lib/netty-3.6.2.Final.jar
[2022-10-25T14:14:13.758+0000] {processor.py:178} INFO - Processing /opt/airflow/dags/hadoop-2.7.3/share/hadoop/tools/lib/netty-3.6.2.Final.jar took 0.115 seconds
[2022-10-25T14:14:30.492+0000] {processor.py:156} INFO - Started process (PID=22408) to work on /opt/airflow/dags/hadoop-2.7.3/share/hadoop/tools/lib/netty-3.6.2.Final.jar
[2022-10-25T14:14:30.495+0000] {processor.py:758} INFO - Processing file /opt/airflow/dags/hadoop-2.7.3/share/hadoop/tools/lib/netty-3.6.2.Final.jar for tasks to queue
[2022-10-25T14:14:30.498+0000] {logging_mixin.py:117} INFO - [2022-10-25T14:14:30.498+0000] {dagbag.py:525} INFO - Filling up the DagBag from /opt/airflow/dags/hadoop-2.7.3/share/hadoop/tools/lib/netty-3.6.2.Final.jar
[2022-10-25T14:14:30.531+0000] {processor.py:770} WARNING - No viable dags retrieved from /opt/airflow/dags/hadoop-2.7.3/share/hadoop/tools/lib/netty-3.6.2.Final.jar
[2022-10-25T14:14:30.588+0000] {processor.py:178} INFO - Processing /opt/airflow/dags/hadoop-2.7.3/share/hadoop/tools/lib/netty-3.6.2.Final.jar took 0.104 seconds
[2022-10-25T14:15:01.915+0000] {processor.py:156} INFO - Started process (PID=21434) to work on /opt/airflow/dags/hadoop-2.7.3/share/hadoop/tools/lib/netty-3.6.2.Final.jar
[2022-10-25T14:15:01.920+0000] {processor.py:758} INFO - Processing file /opt/airflow/dags/hadoop-2.7.3/share/hadoop/tools/lib/netty-3.6.2.Final.jar for tasks to queue
[2022-10-25T14:15:01.924+0000] {logging_mixin.py:117} INFO - [2022-10-25T14:15:01.923+0000] {dagbag.py:525} INFO - Filling up the DagBag from /opt/airflow/dags/hadoop-2.7.3/share/hadoop/tools/lib/netty-3.6.2.Final.jar
[2022-10-25T14:15:01.954+0000] {processor.py:770} WARNING - No viable dags retrieved from /opt/airflow/dags/hadoop-2.7.3/share/hadoop/tools/lib/netty-3.6.2.Final.jar
[2022-10-25T14:15:01.998+0000] {processor.py:178} INFO - Processing /opt/airflow/dags/hadoop-2.7.3/share/hadoop/tools/lib/netty-3.6.2.Final.jar took 0.100 seconds
[2022-10-25T14:15:39.351+0000] {processor.py:156} INFO - Started process (PID=23032) to work on /opt/airflow/dags/hadoop-2.7.3/share/hadoop/tools/lib/netty-3.6.2.Final.jar
[2022-10-25T14:15:39.356+0000] {processor.py:758} INFO - Processing file /opt/airflow/dags/hadoop-2.7.3/share/hadoop/tools/lib/netty-3.6.2.Final.jar for tasks to queue
[2022-10-25T14:15:39.360+0000] {logging_mixin.py:117} INFO - [2022-10-25T14:15:39.360+0000] {dagbag.py:525} INFO - Filling up the DagBag from /opt/airflow/dags/hadoop-2.7.3/share/hadoop/tools/lib/netty-3.6.2.Final.jar
[2022-10-25T14:15:39.396+0000] {processor.py:770} WARNING - No viable dags retrieved from /opt/airflow/dags/hadoop-2.7.3/share/hadoop/tools/lib/netty-3.6.2.Final.jar
[2022-10-25T14:15:39.443+0000] {processor.py:178} INFO - Processing /opt/airflow/dags/hadoop-2.7.3/share/hadoop/tools/lib/netty-3.6.2.Final.jar took 0.102 seconds
[2022-10-25T14:16:02.041+0000] {processor.py:156} INFO - Started process (PID=21957) to work on /opt/airflow/dags/hadoop-2.7.3/share/hadoop/tools/lib/netty-3.6.2.Final.jar
[2022-10-25T14:16:02.045+0000] {processor.py:758} INFO - Processing file /opt/airflow/dags/hadoop-2.7.3/share/hadoop/tools/lib/netty-3.6.2.Final.jar for tasks to queue
[2022-10-25T14:16:02.049+0000] {logging_mixin.py:117} INFO - [2022-10-25T14:16:02.049+0000] {dagbag.py:525} INFO - Filling up the DagBag from /opt/airflow/dags/hadoop-2.7.3/share/hadoop/tools/lib/netty-3.6.2.Final.jar
[2022-10-25T14:16:02.100+0000] {processor.py:770} WARNING - No viable dags retrieved from /opt/airflow/dags/hadoop-2.7.3/share/hadoop/tools/lib/netty-3.6.2.Final.jar
[2022-10-25T14:16:02.141+0000] {processor.py:178} INFO - Processing /opt/airflow/dags/hadoop-2.7.3/share/hadoop/tools/lib/netty-3.6.2.Final.jar took 0.109 seconds
[2022-10-25T14:16:29.022+0000] {processor.py:156} INFO - Started process (PID=23556) to work on /opt/airflow/dags/hadoop-2.7.3/share/hadoop/tools/lib/netty-3.6.2.Final.jar
[2022-10-25T14:16:29.028+0000] {processor.py:758} INFO - Processing file /opt/airflow/dags/hadoop-2.7.3/share/hadoop/tools/lib/netty-3.6.2.Final.jar for tasks to queue
[2022-10-25T14:16:29.032+0000] {logging_mixin.py:117} INFO - [2022-10-25T14:16:29.031+0000] {dagbag.py:525} INFO - Filling up the DagBag from /opt/airflow/dags/hadoop-2.7.3/share/hadoop/tools/lib/netty-3.6.2.Final.jar
[2022-10-25T14:16:29.099+0000] {processor.py:770} WARNING - No viable dags retrieved from /opt/airflow/dags/hadoop-2.7.3/share/hadoop/tools/lib/netty-3.6.2.Final.jar
[2022-10-25T14:16:29.153+0000] {processor.py:178} INFO - Processing /opt/airflow/dags/hadoop-2.7.3/share/hadoop/tools/lib/netty-3.6.2.Final.jar took 0.144 seconds
[2022-10-25T14:17:08.365+0000] {processor.py:156} INFO - Started process (PID=22593) to work on /opt/airflow/dags/hadoop-2.7.3/share/hadoop/tools/lib/netty-3.6.2.Final.jar
[2022-10-25T14:17:08.369+0000] {processor.py:758} INFO - Processing file /opt/airflow/dags/hadoop-2.7.3/share/hadoop/tools/lib/netty-3.6.2.Final.jar for tasks to queue
[2022-10-25T14:17:08.373+0000] {logging_mixin.py:117} INFO - [2022-10-25T14:17:08.373+0000] {dagbag.py:525} INFO - Filling up the DagBag from /opt/airflow/dags/hadoop-2.7.3/share/hadoop/tools/lib/netty-3.6.2.Final.jar
[2022-10-25T14:17:08.407+0000] {processor.py:770} WARNING - No viable dags retrieved from /opt/airflow/dags/hadoop-2.7.3/share/hadoop/tools/lib/netty-3.6.2.Final.jar
[2022-10-25T14:17:08.455+0000] {processor.py:178} INFO - Processing /opt/airflow/dags/hadoop-2.7.3/share/hadoop/tools/lib/netty-3.6.2.Final.jar took 0.102 seconds
