[2022-10-25T00:38:05.448+0000] {processor.py:156} INFO - Started process (PID=4624) to work on /opt/airflow/dags/hadoop-2.7.3/share/hadoop/tools/lib/servlet-api-2.5.jar
[2022-10-25T00:38:05.450+0000] {processor.py:758} INFO - Processing file /opt/airflow/dags/hadoop-2.7.3/share/hadoop/tools/lib/servlet-api-2.5.jar for tasks to queue
[2022-10-25T00:38:05.452+0000] {logging_mixin.py:117} INFO - [2022-10-25T00:38:05.452+0000] {dagbag.py:525} INFO - Filling up the DagBag from /opt/airflow/dags/hadoop-2.7.3/share/hadoop/tools/lib/servlet-api-2.5.jar
[2022-10-25T00:38:05.461+0000] {processor.py:770} WARNING - No viable dags retrieved from /opt/airflow/dags/hadoop-2.7.3/share/hadoop/tools/lib/servlet-api-2.5.jar
[2022-10-25T00:38:05.496+0000] {processor.py:178} INFO - Processing /opt/airflow/dags/hadoop-2.7.3/share/hadoop/tools/lib/servlet-api-2.5.jar took 0.061 seconds
[2022-10-25T00:38:34.265+0000] {processor.py:156} INFO - Started process (PID=2653) to work on /opt/airflow/dags/hadoop-2.7.3/share/hadoop/tools/lib/servlet-api-2.5.jar
[2022-10-25T00:38:34.267+0000] {processor.py:758} INFO - Processing file /opt/airflow/dags/hadoop-2.7.3/share/hadoop/tools/lib/servlet-api-2.5.jar for tasks to queue
[2022-10-25T00:38:34.274+0000] {logging_mixin.py:117} INFO - [2022-10-25T00:38:34.274+0000] {dagbag.py:525} INFO - Filling up the DagBag from /opt/airflow/dags/hadoop-2.7.3/share/hadoop/tools/lib/servlet-api-2.5.jar
[2022-10-25T00:38:34.283+0000] {processor.py:770} WARNING - No viable dags retrieved from /opt/airflow/dags/hadoop-2.7.3/share/hadoop/tools/lib/servlet-api-2.5.jar
[2022-10-25T00:38:34.330+0000] {processor.py:178} INFO - Processing /opt/airflow/dags/hadoop-2.7.3/share/hadoop/tools/lib/servlet-api-2.5.jar took 0.073 seconds
[2022-10-25T00:38:44.741+0000] {processor.py:156} INFO - Started process (PID=5140) to work on /opt/airflow/dags/hadoop-2.7.3/share/hadoop/tools/lib/servlet-api-2.5.jar
[2022-10-25T00:38:44.749+0000] {processor.py:758} INFO - Processing file /opt/airflow/dags/hadoop-2.7.3/share/hadoop/tools/lib/servlet-api-2.5.jar for tasks to queue
[2022-10-25T00:38:44.752+0000] {logging_mixin.py:117} INFO - [2022-10-25T00:38:44.752+0000] {dagbag.py:525} INFO - Filling up the DagBag from /opt/airflow/dags/hadoop-2.7.3/share/hadoop/tools/lib/servlet-api-2.5.jar
[2022-10-25T00:38:44.776+0000] {processor.py:770} WARNING - No viable dags retrieved from /opt/airflow/dags/hadoop-2.7.3/share/hadoop/tools/lib/servlet-api-2.5.jar
[2022-10-25T00:38:44.831+0000] {processor.py:178} INFO - Processing /opt/airflow/dags/hadoop-2.7.3/share/hadoop/tools/lib/servlet-api-2.5.jar took 0.098 seconds
[2022-10-25T00:39:13.514+0000] {processor.py:156} INFO - Started process (PID=3169) to work on /opt/airflow/dags/hadoop-2.7.3/share/hadoop/tools/lib/servlet-api-2.5.jar
[2022-10-25T00:39:13.516+0000] {processor.py:758} INFO - Processing file /opt/airflow/dags/hadoop-2.7.3/share/hadoop/tools/lib/servlet-api-2.5.jar for tasks to queue
[2022-10-25T00:39:13.523+0000] {logging_mixin.py:117} INFO - [2022-10-25T00:39:13.523+0000] {dagbag.py:525} INFO - Filling up the DagBag from /opt/airflow/dags/hadoop-2.7.3/share/hadoop/tools/lib/servlet-api-2.5.jar
[2022-10-25T00:39:13.537+0000] {processor.py:770} WARNING - No viable dags retrieved from /opt/airflow/dags/hadoop-2.7.3/share/hadoop/tools/lib/servlet-api-2.5.jar
[2022-10-25T00:39:13.579+0000] {processor.py:178} INFO - Processing /opt/airflow/dags/hadoop-2.7.3/share/hadoop/tools/lib/servlet-api-2.5.jar took 0.074 seconds
[2022-10-25T00:39:25.223+0000] {processor.py:156} INFO - Started process (PID=5655) to work on /opt/airflow/dags/hadoop-2.7.3/share/hadoop/tools/lib/servlet-api-2.5.jar
[2022-10-25T00:39:25.227+0000] {processor.py:758} INFO - Processing file /opt/airflow/dags/hadoop-2.7.3/share/hadoop/tools/lib/servlet-api-2.5.jar for tasks to queue
[2022-10-25T00:39:25.232+0000] {logging_mixin.py:117} INFO - [2022-10-25T00:39:25.231+0000] {dagbag.py:525} INFO - Filling up the DagBag from /opt/airflow/dags/hadoop-2.7.3/share/hadoop/tools/lib/servlet-api-2.5.jar
[2022-10-25T00:39:25.244+0000] {processor.py:770} WARNING - No viable dags retrieved from /opt/airflow/dags/hadoop-2.7.3/share/hadoop/tools/lib/servlet-api-2.5.jar
[2022-10-25T00:39:25.288+0000] {processor.py:178} INFO - Processing /opt/airflow/dags/hadoop-2.7.3/share/hadoop/tools/lib/servlet-api-2.5.jar took 0.075 seconds
[2022-10-25T00:52:55.376+0000] {processor.py:156} INFO - Started process (PID=3740) to work on /opt/airflow/dags/hadoop-2.7.3/share/hadoop/tools/lib/servlet-api-2.5.jar
[2022-10-25T00:52:55.379+0000] {processor.py:758} INFO - Processing file /opt/airflow/dags/hadoop-2.7.3/share/hadoop/tools/lib/servlet-api-2.5.jar for tasks to queue
[2022-10-25T00:52:55.385+0000] {logging_mixin.py:117} INFO - [2022-10-25T00:52:55.385+0000] {dagbag.py:525} INFO - Filling up the DagBag from /opt/airflow/dags/hadoop-2.7.3/share/hadoop/tools/lib/servlet-api-2.5.jar
[2022-10-25T00:52:55.396+0000] {processor.py:770} WARNING - No viable dags retrieved from /opt/airflow/dags/hadoop-2.7.3/share/hadoop/tools/lib/servlet-api-2.5.jar
[2022-10-25T00:52:55.435+0000] {processor.py:178} INFO - Processing /opt/airflow/dags/hadoop-2.7.3/share/hadoop/tools/lib/servlet-api-2.5.jar took 0.070 seconds
[2022-10-25T00:53:08.582+0000] {processor.py:156} INFO - Started process (PID=6248) to work on /opt/airflow/dags/hadoop-2.7.3/share/hadoop/tools/lib/servlet-api-2.5.jar
[2022-10-25T00:53:08.585+0000] {processor.py:758} INFO - Processing file /opt/airflow/dags/hadoop-2.7.3/share/hadoop/tools/lib/servlet-api-2.5.jar for tasks to queue
[2022-10-25T00:53:08.587+0000] {logging_mixin.py:117} INFO - [2022-10-25T00:53:08.587+0000] {dagbag.py:525} INFO - Filling up the DagBag from /opt/airflow/dags/hadoop-2.7.3/share/hadoop/tools/lib/servlet-api-2.5.jar
[2022-10-25T00:53:08.605+0000] {processor.py:770} WARNING - No viable dags retrieved from /opt/airflow/dags/hadoop-2.7.3/share/hadoop/tools/lib/servlet-api-2.5.jar
[2022-10-25T00:53:08.655+0000] {processor.py:178} INFO - Processing /opt/airflow/dags/hadoop-2.7.3/share/hadoop/tools/lib/servlet-api-2.5.jar took 0.087 seconds
[2022-10-25T00:53:46.019+0000] {processor.py:156} INFO - Started process (PID=4360) to work on /opt/airflow/dags/hadoop-2.7.3/share/hadoop/tools/lib/servlet-api-2.5.jar
[2022-10-25T00:53:46.022+0000] {processor.py:758} INFO - Processing file /opt/airflow/dags/hadoop-2.7.3/share/hadoop/tools/lib/servlet-api-2.5.jar for tasks to queue
[2022-10-25T00:53:46.028+0000] {logging_mixin.py:117} INFO - [2022-10-25T00:53:46.027+0000] {dagbag.py:525} INFO - Filling up the DagBag from /opt/airflow/dags/hadoop-2.7.3/share/hadoop/tools/lib/servlet-api-2.5.jar
[2022-10-25T00:53:46.038+0000] {processor.py:770} WARNING - No viable dags retrieved from /opt/airflow/dags/hadoop-2.7.3/share/hadoop/tools/lib/servlet-api-2.5.jar
[2022-10-25T00:53:46.088+0000] {processor.py:178} INFO - Processing /opt/airflow/dags/hadoop-2.7.3/share/hadoop/tools/lib/servlet-api-2.5.jar took 0.077 seconds
[2022-10-25T00:53:54.715+0000] {processor.py:156} INFO - Started process (PID=6807) to work on /opt/airflow/dags/hadoop-2.7.3/share/hadoop/tools/lib/servlet-api-2.5.jar
[2022-10-25T00:53:54.718+0000] {processor.py:758} INFO - Processing file /opt/airflow/dags/hadoop-2.7.3/share/hadoop/tools/lib/servlet-api-2.5.jar for tasks to queue
[2022-10-25T00:53:54.720+0000] {logging_mixin.py:117} INFO - [2022-10-25T00:53:54.720+0000] {dagbag.py:525} INFO - Filling up the DagBag from /opt/airflow/dags/hadoop-2.7.3/share/hadoop/tools/lib/servlet-api-2.5.jar
[2022-10-25T00:53:54.733+0000] {processor.py:770} WARNING - No viable dags retrieved from /opt/airflow/dags/hadoop-2.7.3/share/hadoop/tools/lib/servlet-api-2.5.jar
[2022-10-25T00:53:54.797+0000] {processor.py:178} INFO - Processing /opt/airflow/dags/hadoop-2.7.3/share/hadoop/tools/lib/servlet-api-2.5.jar took 0.091 seconds
[2022-10-25T00:54:43.963+0000] {processor.py:156} INFO - Started process (PID=5028) to work on /opt/airflow/dags/hadoop-2.7.3/share/hadoop/tools/lib/servlet-api-2.5.jar
[2022-10-25T00:54:43.971+0000] {processor.py:758} INFO - Processing file /opt/airflow/dags/hadoop-2.7.3/share/hadoop/tools/lib/servlet-api-2.5.jar for tasks to queue
[2022-10-25T00:54:43.983+0000] {logging_mixin.py:117} INFO - [2022-10-25T00:54:43.982+0000] {dagbag.py:525} INFO - Filling up the DagBag from /opt/airflow/dags/hadoop-2.7.3/share/hadoop/tools/lib/servlet-api-2.5.jar
[2022-10-25T00:54:43.998+0000] {processor.py:770} WARNING - No viable dags retrieved from /opt/airflow/dags/hadoop-2.7.3/share/hadoop/tools/lib/servlet-api-2.5.jar
[2022-10-25T00:54:44.072+0000] {processor.py:178} INFO - Processing /opt/airflow/dags/hadoop-2.7.3/share/hadoop/tools/lib/servlet-api-2.5.jar took 0.121 seconds
[2022-10-25T00:54:48.175+0000] {processor.py:156} INFO - Started process (PID=7395) to work on /opt/airflow/dags/hadoop-2.7.3/share/hadoop/tools/lib/servlet-api-2.5.jar
[2022-10-25T00:54:48.177+0000] {processor.py:758} INFO - Processing file /opt/airflow/dags/hadoop-2.7.3/share/hadoop/tools/lib/servlet-api-2.5.jar for tasks to queue
[2022-10-25T00:54:48.183+0000] {logging_mixin.py:117} INFO - [2022-10-25T00:54:48.182+0000] {dagbag.py:525} INFO - Filling up the DagBag from /opt/airflow/dags/hadoop-2.7.3/share/hadoop/tools/lib/servlet-api-2.5.jar
[2022-10-25T00:54:48.202+0000] {processor.py:770} WARNING - No viable dags retrieved from /opt/airflow/dags/hadoop-2.7.3/share/hadoop/tools/lib/servlet-api-2.5.jar
[2022-10-25T00:54:48.265+0000] {processor.py:178} INFO - Processing /opt/airflow/dags/hadoop-2.7.3/share/hadoop/tools/lib/servlet-api-2.5.jar took 0.107 seconds
[2022-10-25T00:56:00.462+0000] {processor.py:156} INFO - Started process (PID=5556) to work on /opt/airflow/dags/hadoop-2.7.3/share/hadoop/tools/lib/servlet-api-2.5.jar
[2022-10-25T00:56:00.475+0000] {processor.py:758} INFO - Processing file /opt/airflow/dags/hadoop-2.7.3/share/hadoop/tools/lib/servlet-api-2.5.jar for tasks to queue
[2022-10-25T00:56:00.494+0000] {logging_mixin.py:117} INFO - [2022-10-25T00:56:00.493+0000] {dagbag.py:525} INFO - Filling up the DagBag from /opt/airflow/dags/hadoop-2.7.3/share/hadoop/tools/lib/servlet-api-2.5.jar
[2022-10-25T00:56:00.509+0000] {processor.py:770} WARNING - No viable dags retrieved from /opt/airflow/dags/hadoop-2.7.3/share/hadoop/tools/lib/servlet-api-2.5.jar
[2022-10-25T00:56:00.569+0000] {processor.py:178} INFO - Processing /opt/airflow/dags/hadoop-2.7.3/share/hadoop/tools/lib/servlet-api-2.5.jar took 0.144 seconds
[2022-10-25T00:56:24.515+0000] {processor.py:156} INFO - Started process (PID=7981) to work on /opt/airflow/dags/hadoop-2.7.3/share/hadoop/tools/lib/servlet-api-2.5.jar
[2022-10-25T00:56:24.521+0000] {processor.py:758} INFO - Processing file /opt/airflow/dags/hadoop-2.7.3/share/hadoop/tools/lib/servlet-api-2.5.jar for tasks to queue
[2022-10-25T00:56:24.527+0000] {logging_mixin.py:117} INFO - [2022-10-25T00:56:24.526+0000] {dagbag.py:525} INFO - Filling up the DagBag from /opt/airflow/dags/hadoop-2.7.3/share/hadoop/tools/lib/servlet-api-2.5.jar
[2022-10-25T00:56:24.541+0000] {processor.py:770} WARNING - No viable dags retrieved from /opt/airflow/dags/hadoop-2.7.3/share/hadoop/tools/lib/servlet-api-2.5.jar
[2022-10-25T00:56:24.646+0000] {processor.py:178} INFO - Processing /opt/airflow/dags/hadoop-2.7.3/share/hadoop/tools/lib/servlet-api-2.5.jar took 0.144 seconds
[2022-10-25T14:09:03.507+0000] {processor.py:156} INFO - Started process (PID=18979) to work on /opt/airflow/dags/hadoop-2.7.3/share/hadoop/tools/lib/servlet-api-2.5.jar
[2022-10-25T14:09:03.513+0000] {processor.py:758} INFO - Processing file /opt/airflow/dags/hadoop-2.7.3/share/hadoop/tools/lib/servlet-api-2.5.jar for tasks to queue
[2022-10-25T14:09:03.516+0000] {logging_mixin.py:117} INFO - [2022-10-25T14:09:03.515+0000] {dagbag.py:525} INFO - Filling up the DagBag from /opt/airflow/dags/hadoop-2.7.3/share/hadoop/tools/lib/servlet-api-2.5.jar
[2022-10-25T14:09:03.524+0000] {processor.py:770} WARNING - No viable dags retrieved from /opt/airflow/dags/hadoop-2.7.3/share/hadoop/tools/lib/servlet-api-2.5.jar
[2022-10-25T14:09:03.567+0000] {processor.py:178} INFO - Processing /opt/airflow/dags/hadoop-2.7.3/share/hadoop/tools/lib/servlet-api-2.5.jar took 0.073 seconds
[2022-10-25T14:09:20.895+0000] {processor.py:156} INFO - Started process (PID=17895) to work on /opt/airflow/dags/hadoop-2.7.3/share/hadoop/tools/lib/servlet-api-2.5.jar
[2022-10-25T14:09:20.905+0000] {processor.py:758} INFO - Processing file /opt/airflow/dags/hadoop-2.7.3/share/hadoop/tools/lib/servlet-api-2.5.jar for tasks to queue
[2022-10-25T14:09:20.909+0000] {logging_mixin.py:117} INFO - [2022-10-25T14:09:20.908+0000] {dagbag.py:525} INFO - Filling up the DagBag from /opt/airflow/dags/hadoop-2.7.3/share/hadoop/tools/lib/servlet-api-2.5.jar
[2022-10-25T14:09:20.922+0000] {processor.py:770} WARNING - No viable dags retrieved from /opt/airflow/dags/hadoop-2.7.3/share/hadoop/tools/lib/servlet-api-2.5.jar
[2022-10-25T14:09:21.007+0000] {processor.py:178} INFO - Processing /opt/airflow/dags/hadoop-2.7.3/share/hadoop/tools/lib/servlet-api-2.5.jar took 0.122 seconds
[2022-10-25T14:09:48.142+0000] {processor.py:156} INFO - Started process (PID=19508) to work on /opt/airflow/dags/hadoop-2.7.3/share/hadoop/tools/lib/servlet-api-2.5.jar
[2022-10-25T14:09:48.145+0000] {processor.py:758} INFO - Processing file /opt/airflow/dags/hadoop-2.7.3/share/hadoop/tools/lib/servlet-api-2.5.jar for tasks to queue
[2022-10-25T14:09:48.147+0000] {logging_mixin.py:117} INFO - [2022-10-25T14:09:48.147+0000] {dagbag.py:525} INFO - Filling up the DagBag from /opt/airflow/dags/hadoop-2.7.3/share/hadoop/tools/lib/servlet-api-2.5.jar
[2022-10-25T14:09:48.156+0000] {processor.py:770} WARNING - No viable dags retrieved from /opt/airflow/dags/hadoop-2.7.3/share/hadoop/tools/lib/servlet-api-2.5.jar
[2022-10-25T14:09:48.183+0000] {processor.py:178} INFO - Processing /opt/airflow/dags/hadoop-2.7.3/share/hadoop/tools/lib/servlet-api-2.5.jar took 0.051 seconds
[2022-10-25T14:10:01.819+0000] {processor.py:156} INFO - Started process (PID=18408) to work on /opt/airflow/dags/hadoop-2.7.3/share/hadoop/tools/lib/servlet-api-2.5.jar
[2022-10-25T14:10:01.823+0000] {processor.py:758} INFO - Processing file /opt/airflow/dags/hadoop-2.7.3/share/hadoop/tools/lib/servlet-api-2.5.jar for tasks to queue
[2022-10-25T14:10:01.826+0000] {logging_mixin.py:117} INFO - [2022-10-25T14:10:01.826+0000] {dagbag.py:525} INFO - Filling up the DagBag from /opt/airflow/dags/hadoop-2.7.3/share/hadoop/tools/lib/servlet-api-2.5.jar
[2022-10-25T14:10:01.846+0000] {processor.py:770} WARNING - No viable dags retrieved from /opt/airflow/dags/hadoop-2.7.3/share/hadoop/tools/lib/servlet-api-2.5.jar
[2022-10-25T14:10:01.882+0000] {processor.py:178} INFO - Processing /opt/airflow/dags/hadoop-2.7.3/share/hadoop/tools/lib/servlet-api-2.5.jar took 0.073 seconds
[2022-10-25T14:10:35.410+0000] {processor.py:156} INFO - Started process (PID=20060) to work on /opt/airflow/dags/hadoop-2.7.3/share/hadoop/tools/lib/servlet-api-2.5.jar
[2022-10-25T14:10:35.415+0000] {processor.py:758} INFO - Processing file /opt/airflow/dags/hadoop-2.7.3/share/hadoop/tools/lib/servlet-api-2.5.jar for tasks to queue
[2022-10-25T14:10:35.418+0000] {logging_mixin.py:117} INFO - [2022-10-25T14:10:35.418+0000] {dagbag.py:525} INFO - Filling up the DagBag from /opt/airflow/dags/hadoop-2.7.3/share/hadoop/tools/lib/servlet-api-2.5.jar
[2022-10-25T14:10:35.428+0000] {processor.py:770} WARNING - No viable dags retrieved from /opt/airflow/dags/hadoop-2.7.3/share/hadoop/tools/lib/servlet-api-2.5.jar
[2022-10-25T14:10:35.470+0000] {processor.py:178} INFO - Processing /opt/airflow/dags/hadoop-2.7.3/share/hadoop/tools/lib/servlet-api-2.5.jar took 0.071 seconds
[2022-10-25T14:10:45.416+0000] {processor.py:156} INFO - Started process (PID=18923) to work on /opt/airflow/dags/hadoop-2.7.3/share/hadoop/tools/lib/servlet-api-2.5.jar
[2022-10-25T14:10:45.420+0000] {processor.py:758} INFO - Processing file /opt/airflow/dags/hadoop-2.7.3/share/hadoop/tools/lib/servlet-api-2.5.jar for tasks to queue
[2022-10-25T14:10:45.424+0000] {logging_mixin.py:117} INFO - [2022-10-25T14:10:45.423+0000] {dagbag.py:525} INFO - Filling up the DagBag from /opt/airflow/dags/hadoop-2.7.3/share/hadoop/tools/lib/servlet-api-2.5.jar
[2022-10-25T14:10:45.438+0000] {processor.py:770} WARNING - No viable dags retrieved from /opt/airflow/dags/hadoop-2.7.3/share/hadoop/tools/lib/servlet-api-2.5.jar
[2022-10-25T14:10:45.489+0000] {processor.py:178} INFO - Processing /opt/airflow/dags/hadoop-2.7.3/share/hadoop/tools/lib/servlet-api-2.5.jar took 0.087 seconds
[2022-10-25T14:11:15.826+0000] {processor.py:156} INFO - Started process (PID=20576) to work on /opt/airflow/dags/hadoop-2.7.3/share/hadoop/tools/lib/servlet-api-2.5.jar
[2022-10-25T14:11:15.830+0000] {processor.py:758} INFO - Processing file /opt/airflow/dags/hadoop-2.7.3/share/hadoop/tools/lib/servlet-api-2.5.jar for tasks to queue
[2022-10-25T14:11:15.834+0000] {logging_mixin.py:117} INFO - [2022-10-25T14:11:15.833+0000] {dagbag.py:525} INFO - Filling up the DagBag from /opt/airflow/dags/hadoop-2.7.3/share/hadoop/tools/lib/servlet-api-2.5.jar
[2022-10-25T14:11:15.842+0000] {processor.py:770} WARNING - No viable dags retrieved from /opt/airflow/dags/hadoop-2.7.3/share/hadoop/tools/lib/servlet-api-2.5.jar
[2022-10-25T14:11:15.884+0000] {processor.py:178} INFO - Processing /opt/airflow/dags/hadoop-2.7.3/share/hadoop/tools/lib/servlet-api-2.5.jar took 0.066 seconds
[2022-10-25T14:11:35.088+0000] {processor.py:156} INFO - Started process (PID=19513) to work on /opt/airflow/dags/hadoop-2.7.3/share/hadoop/tools/lib/servlet-api-2.5.jar
[2022-10-25T14:11:35.092+0000] {processor.py:758} INFO - Processing file /opt/airflow/dags/hadoop-2.7.3/share/hadoop/tools/lib/servlet-api-2.5.jar for tasks to queue
[2022-10-25T14:11:35.096+0000] {logging_mixin.py:117} INFO - [2022-10-25T14:11:35.096+0000] {dagbag.py:525} INFO - Filling up the DagBag from /opt/airflow/dags/hadoop-2.7.3/share/hadoop/tools/lib/servlet-api-2.5.jar
[2022-10-25T14:11:35.105+0000] {processor.py:770} WARNING - No viable dags retrieved from /opt/airflow/dags/hadoop-2.7.3/share/hadoop/tools/lib/servlet-api-2.5.jar
[2022-10-25T14:11:35.139+0000] {processor.py:178} INFO - Processing /opt/airflow/dags/hadoop-2.7.3/share/hadoop/tools/lib/servlet-api-2.5.jar took 0.059 seconds
[2022-10-25T14:12:06.956+0000] {processor.py:156} INFO - Started process (PID=21168) to work on /opt/airflow/dags/hadoop-2.7.3/share/hadoop/tools/lib/servlet-api-2.5.jar
[2022-10-25T14:12:06.959+0000] {processor.py:758} INFO - Processing file /opt/airflow/dags/hadoop-2.7.3/share/hadoop/tools/lib/servlet-api-2.5.jar for tasks to queue
[2022-10-25T14:12:06.962+0000] {logging_mixin.py:117} INFO - [2022-10-25T14:12:06.961+0000] {dagbag.py:525} INFO - Filling up the DagBag from /opt/airflow/dags/hadoop-2.7.3/share/hadoop/tools/lib/servlet-api-2.5.jar
[2022-10-25T14:12:06.968+0000] {processor.py:770} WARNING - No viable dags retrieved from /opt/airflow/dags/hadoop-2.7.3/share/hadoop/tools/lib/servlet-api-2.5.jar
[2022-10-25T14:12:07.007+0000] {processor.py:178} INFO - Processing /opt/airflow/dags/hadoop-2.7.3/share/hadoop/tools/lib/servlet-api-2.5.jar took 0.058 seconds
[2022-10-25T14:12:28.350+0000] {processor.py:156} INFO - Started process (PID=20128) to work on /opt/airflow/dags/hadoop-2.7.3/share/hadoop/tools/lib/servlet-api-2.5.jar
[2022-10-25T14:12:28.357+0000] {processor.py:758} INFO - Processing file /opt/airflow/dags/hadoop-2.7.3/share/hadoop/tools/lib/servlet-api-2.5.jar for tasks to queue
[2022-10-25T14:12:28.363+0000] {logging_mixin.py:117} INFO - [2022-10-25T14:12:28.363+0000] {dagbag.py:525} INFO - Filling up the DagBag from /opt/airflow/dags/hadoop-2.7.3/share/hadoop/tools/lib/servlet-api-2.5.jar
[2022-10-25T14:12:28.375+0000] {processor.py:770} WARNING - No viable dags retrieved from /opt/airflow/dags/hadoop-2.7.3/share/hadoop/tools/lib/servlet-api-2.5.jar
[2022-10-25T14:12:28.415+0000] {processor.py:178} INFO - Processing /opt/airflow/dags/hadoop-2.7.3/share/hadoop/tools/lib/servlet-api-2.5.jar took 0.083 seconds
[2022-10-25T14:13:38.717+0000] {processor.py:156} INFO - Started process (PID=21829) to work on /opt/airflow/dags/hadoop-2.7.3/share/hadoop/tools/lib/servlet-api-2.5.jar
[2022-10-25T14:13:38.719+0000] {processor.py:758} INFO - Processing file /opt/airflow/dags/hadoop-2.7.3/share/hadoop/tools/lib/servlet-api-2.5.jar for tasks to queue
[2022-10-25T14:13:38.723+0000] {logging_mixin.py:117} INFO - [2022-10-25T14:13:38.723+0000] {dagbag.py:525} INFO - Filling up the DagBag from /opt/airflow/dags/hadoop-2.7.3/share/hadoop/tools/lib/servlet-api-2.5.jar
[2022-10-25T14:13:38.729+0000] {processor.py:770} WARNING - No viable dags retrieved from /opt/airflow/dags/hadoop-2.7.3/share/hadoop/tools/lib/servlet-api-2.5.jar
[2022-10-25T14:13:38.770+0000] {processor.py:178} INFO - Processing /opt/airflow/dags/hadoop-2.7.3/share/hadoop/tools/lib/servlet-api-2.5.jar took 0.058 seconds
[2022-10-25T14:14:13.946+0000] {processor.py:156} INFO - Started process (PID=20895) to work on /opt/airflow/dags/hadoop-2.7.3/share/hadoop/tools/lib/servlet-api-2.5.jar
[2022-10-25T14:14:13.949+0000] {processor.py:758} INFO - Processing file /opt/airflow/dags/hadoop-2.7.3/share/hadoop/tools/lib/servlet-api-2.5.jar for tasks to queue
[2022-10-25T14:14:13.953+0000] {logging_mixin.py:117} INFO - [2022-10-25T14:14:13.953+0000] {dagbag.py:525} INFO - Filling up the DagBag from /opt/airflow/dags/hadoop-2.7.3/share/hadoop/tools/lib/servlet-api-2.5.jar
[2022-10-25T14:14:13.966+0000] {processor.py:770} WARNING - No viable dags retrieved from /opt/airflow/dags/hadoop-2.7.3/share/hadoop/tools/lib/servlet-api-2.5.jar
[2022-10-25T14:14:14.053+0000] {processor.py:178} INFO - Processing /opt/airflow/dags/hadoop-2.7.3/share/hadoop/tools/lib/servlet-api-2.5.jar took 0.123 seconds
[2022-10-25T14:14:30.735+0000] {processor.py:156} INFO - Started process (PID=22411) to work on /opt/airflow/dags/hadoop-2.7.3/share/hadoop/tools/lib/servlet-api-2.5.jar
[2022-10-25T14:14:30.739+0000] {processor.py:758} INFO - Processing file /opt/airflow/dags/hadoop-2.7.3/share/hadoop/tools/lib/servlet-api-2.5.jar for tasks to queue
[2022-10-25T14:14:30.741+0000] {logging_mixin.py:117} INFO - [2022-10-25T14:14:30.741+0000] {dagbag.py:525} INFO - Filling up the DagBag from /opt/airflow/dags/hadoop-2.7.3/share/hadoop/tools/lib/servlet-api-2.5.jar
[2022-10-25T14:14:30.750+0000] {processor.py:770} WARNING - No viable dags retrieved from /opt/airflow/dags/hadoop-2.7.3/share/hadoop/tools/lib/servlet-api-2.5.jar
[2022-10-25T14:14:30.790+0000] {processor.py:178} INFO - Processing /opt/airflow/dags/hadoop-2.7.3/share/hadoop/tools/lib/servlet-api-2.5.jar took 0.064 seconds
[2022-10-25T14:15:02.189+0000] {processor.py:156} INFO - Started process (PID=21437) to work on /opt/airflow/dags/hadoop-2.7.3/share/hadoop/tools/lib/servlet-api-2.5.jar
[2022-10-25T14:15:02.192+0000] {processor.py:758} INFO - Processing file /opt/airflow/dags/hadoop-2.7.3/share/hadoop/tools/lib/servlet-api-2.5.jar for tasks to queue
[2022-10-25T14:15:02.196+0000] {logging_mixin.py:117} INFO - [2022-10-25T14:15:02.195+0000] {dagbag.py:525} INFO - Filling up the DagBag from /opt/airflow/dags/hadoop-2.7.3/share/hadoop/tools/lib/servlet-api-2.5.jar
[2022-10-25T14:15:02.209+0000] {processor.py:770} WARNING - No viable dags retrieved from /opt/airflow/dags/hadoop-2.7.3/share/hadoop/tools/lib/servlet-api-2.5.jar
[2022-10-25T14:15:02.261+0000] {processor.py:178} INFO - Processing /opt/airflow/dags/hadoop-2.7.3/share/hadoop/tools/lib/servlet-api-2.5.jar took 0.080 seconds
[2022-10-25T14:15:39.784+0000] {processor.py:156} INFO - Started process (PID=23035) to work on /opt/airflow/dags/hadoop-2.7.3/share/hadoop/tools/lib/servlet-api-2.5.jar
[2022-10-25T14:15:39.791+0000] {processor.py:758} INFO - Processing file /opt/airflow/dags/hadoop-2.7.3/share/hadoop/tools/lib/servlet-api-2.5.jar for tasks to queue
[2022-10-25T14:15:39.798+0000] {logging_mixin.py:117} INFO - [2022-10-25T14:15:39.797+0000] {dagbag.py:525} INFO - Filling up the DagBag from /opt/airflow/dags/hadoop-2.7.3/share/hadoop/tools/lib/servlet-api-2.5.jar
[2022-10-25T14:15:39.827+0000] {processor.py:770} WARNING - No viable dags retrieved from /opt/airflow/dags/hadoop-2.7.3/share/hadoop/tools/lib/servlet-api-2.5.jar
[2022-10-25T14:15:39.905+0000] {processor.py:178} INFO - Processing /opt/airflow/dags/hadoop-2.7.3/share/hadoop/tools/lib/servlet-api-2.5.jar took 0.130 seconds
[2022-10-25T14:16:02.364+0000] {processor.py:156} INFO - Started process (PID=21960) to work on /opt/airflow/dags/hadoop-2.7.3/share/hadoop/tools/lib/servlet-api-2.5.jar
[2022-10-25T14:16:02.369+0000] {processor.py:758} INFO - Processing file /opt/airflow/dags/hadoop-2.7.3/share/hadoop/tools/lib/servlet-api-2.5.jar for tasks to queue
[2022-10-25T14:16:02.372+0000] {logging_mixin.py:117} INFO - [2022-10-25T14:16:02.372+0000] {dagbag.py:525} INFO - Filling up the DagBag from /opt/airflow/dags/hadoop-2.7.3/share/hadoop/tools/lib/servlet-api-2.5.jar
[2022-10-25T14:16:02.386+0000] {processor.py:770} WARNING - No viable dags retrieved from /opt/airflow/dags/hadoop-2.7.3/share/hadoop/tools/lib/servlet-api-2.5.jar
[2022-10-25T14:16:02.431+0000] {processor.py:178} INFO - Processing /opt/airflow/dags/hadoop-2.7.3/share/hadoop/tools/lib/servlet-api-2.5.jar took 0.074 seconds
[2022-10-25T14:16:29.334+0000] {processor.py:156} INFO - Started process (PID=23559) to work on /opt/airflow/dags/hadoop-2.7.3/share/hadoop/tools/lib/servlet-api-2.5.jar
[2022-10-25T14:16:29.339+0000] {processor.py:758} INFO - Processing file /opt/airflow/dags/hadoop-2.7.3/share/hadoop/tools/lib/servlet-api-2.5.jar for tasks to queue
[2022-10-25T14:16:29.351+0000] {logging_mixin.py:117} INFO - [2022-10-25T14:16:29.350+0000] {dagbag.py:525} INFO - Filling up the DagBag from /opt/airflow/dags/hadoop-2.7.3/share/hadoop/tools/lib/servlet-api-2.5.jar
[2022-10-25T14:16:29.361+0000] {processor.py:770} WARNING - No viable dags retrieved from /opt/airflow/dags/hadoop-2.7.3/share/hadoop/tools/lib/servlet-api-2.5.jar
[2022-10-25T14:16:29.422+0000] {processor.py:178} INFO - Processing /opt/airflow/dags/hadoop-2.7.3/share/hadoop/tools/lib/servlet-api-2.5.jar took 0.099 seconds
[2022-10-25T14:17:08.776+0000] {processor.py:156} INFO - Started process (PID=22596) to work on /opt/airflow/dags/hadoop-2.7.3/share/hadoop/tools/lib/servlet-api-2.5.jar
[2022-10-25T14:17:08.781+0000] {processor.py:758} INFO - Processing file /opt/airflow/dags/hadoop-2.7.3/share/hadoop/tools/lib/servlet-api-2.5.jar for tasks to queue
[2022-10-25T14:17:08.784+0000] {logging_mixin.py:117} INFO - [2022-10-25T14:17:08.784+0000] {dagbag.py:525} INFO - Filling up the DagBag from /opt/airflow/dags/hadoop-2.7.3/share/hadoop/tools/lib/servlet-api-2.5.jar
[2022-10-25T14:17:08.796+0000] {processor.py:770} WARNING - No viable dags retrieved from /opt/airflow/dags/hadoop-2.7.3/share/hadoop/tools/lib/servlet-api-2.5.jar
[2022-10-25T14:17:08.860+0000] {processor.py:178} INFO - Processing /opt/airflow/dags/hadoop-2.7.3/share/hadoop/tools/lib/servlet-api-2.5.jar took 0.098 seconds
[2022-10-25T14:25:29.291+0000] {processor.py:156} INFO - Started process (PID=23741) to work on /opt/airflow/dags/hadoop-2.7.3/share/hadoop/tools/lib/servlet-api-2.5.jar
[2022-10-25T14:25:29.294+0000] {processor.py:758} INFO - Processing file /opt/airflow/dags/hadoop-2.7.3/share/hadoop/tools/lib/servlet-api-2.5.jar for tasks to queue
[2022-10-25T14:25:29.297+0000] {logging_mixin.py:117} INFO - [2022-10-25T14:25:29.296+0000] {dagbag.py:525} INFO - Filling up the DagBag from /opt/airflow/dags/hadoop-2.7.3/share/hadoop/tools/lib/servlet-api-2.5.jar
[2022-10-25T14:25:29.306+0000] {processor.py:770} WARNING - No viable dags retrieved from /opt/airflow/dags/hadoop-2.7.3/share/hadoop/tools/lib/servlet-api-2.5.jar
[2022-10-25T14:25:29.359+0000] {processor.py:178} INFO - Processing /opt/airflow/dags/hadoop-2.7.3/share/hadoop/tools/lib/servlet-api-2.5.jar took 0.079 seconds
[2022-10-25T14:25:45.979+0000] {processor.py:156} INFO - Started process (PID=24821) to work on /opt/airflow/dags/hadoop-2.7.3/share/hadoop/tools/lib/servlet-api-2.5.jar
[2022-10-25T14:25:45.983+0000] {processor.py:758} INFO - Processing file /opt/airflow/dags/hadoop-2.7.3/share/hadoop/tools/lib/servlet-api-2.5.jar for tasks to queue
[2022-10-25T14:25:45.985+0000] {logging_mixin.py:117} INFO - [2022-10-25T14:25:45.985+0000] {dagbag.py:525} INFO - Filling up the DagBag from /opt/airflow/dags/hadoop-2.7.3/share/hadoop/tools/lib/servlet-api-2.5.jar
[2022-10-25T14:25:45.993+0000] {processor.py:770} WARNING - No viable dags retrieved from /opt/airflow/dags/hadoop-2.7.3/share/hadoop/tools/lib/servlet-api-2.5.jar
[2022-10-25T14:25:46.037+0000] {processor.py:178} INFO - Processing /opt/airflow/dags/hadoop-2.7.3/share/hadoop/tools/lib/servlet-api-2.5.jar took 0.066 seconds
[2022-10-25T14:26:36.334+0000] {processor.py:156} INFO - Started process (PID=24385) to work on /opt/airflow/dags/hadoop-2.7.3/share/hadoop/tools/lib/servlet-api-2.5.jar
[2022-10-25T14:26:36.346+0000] {processor.py:758} INFO - Processing file /opt/airflow/dags/hadoop-2.7.3/share/hadoop/tools/lib/servlet-api-2.5.jar for tasks to queue
[2022-10-25T14:26:36.351+0000] {logging_mixin.py:117} INFO - [2022-10-25T14:26:36.350+0000] {dagbag.py:525} INFO - Filling up the DagBag from /opt/airflow/dags/hadoop-2.7.3/share/hadoop/tools/lib/servlet-api-2.5.jar
[2022-10-25T14:26:36.370+0000] {processor.py:770} WARNING - No viable dags retrieved from /opt/airflow/dags/hadoop-2.7.3/share/hadoop/tools/lib/servlet-api-2.5.jar
[2022-10-25T14:26:36.454+0000] {processor.py:178} INFO - Processing /opt/airflow/dags/hadoop-2.7.3/share/hadoop/tools/lib/servlet-api-2.5.jar took 0.134 seconds
[2022-10-25T14:26:51.983+0000] {processor.py:156} INFO - Started process (PID=25457) to work on /opt/airflow/dags/hadoop-2.7.3/share/hadoop/tools/lib/servlet-api-2.5.jar
[2022-10-25T14:26:51.987+0000] {processor.py:758} INFO - Processing file /opt/airflow/dags/hadoop-2.7.3/share/hadoop/tools/lib/servlet-api-2.5.jar for tasks to queue
[2022-10-25T14:26:51.989+0000] {logging_mixin.py:117} INFO - [2022-10-25T14:26:51.989+0000] {dagbag.py:525} INFO - Filling up the DagBag from /opt/airflow/dags/hadoop-2.7.3/share/hadoop/tools/lib/servlet-api-2.5.jar
[2022-10-25T14:26:51.999+0000] {processor.py:770} WARNING - No viable dags retrieved from /opt/airflow/dags/hadoop-2.7.3/share/hadoop/tools/lib/servlet-api-2.5.jar
[2022-10-25T14:26:52.044+0000] {processor.py:178} INFO - Processing /opt/airflow/dags/hadoop-2.7.3/share/hadoop/tools/lib/servlet-api-2.5.jar took 0.070 seconds
[2022-10-25T14:27:27.372+0000] {processor.py:156} INFO - Started process (PID=24900) to work on /opt/airflow/dags/hadoop-2.7.3/share/hadoop/tools/lib/servlet-api-2.5.jar
[2022-10-25T14:27:27.376+0000] {processor.py:758} INFO - Processing file /opt/airflow/dags/hadoop-2.7.3/share/hadoop/tools/lib/servlet-api-2.5.jar for tasks to queue
[2022-10-25T14:27:27.380+0000] {logging_mixin.py:117} INFO - [2022-10-25T14:27:27.379+0000] {dagbag.py:525} INFO - Filling up the DagBag from /opt/airflow/dags/hadoop-2.7.3/share/hadoop/tools/lib/servlet-api-2.5.jar
[2022-10-25T14:27:27.389+0000] {processor.py:770} WARNING - No viable dags retrieved from /opt/airflow/dags/hadoop-2.7.3/share/hadoop/tools/lib/servlet-api-2.5.jar
[2022-10-25T14:27:27.435+0000] {processor.py:178} INFO - Processing /opt/airflow/dags/hadoop-2.7.3/share/hadoop/tools/lib/servlet-api-2.5.jar took 0.070 seconds
[2022-10-25T14:27:40.438+0000] {processor.py:156} INFO - Started process (PID=25980) to work on /opt/airflow/dags/hadoop-2.7.3/share/hadoop/tools/lib/servlet-api-2.5.jar
[2022-10-25T14:27:40.441+0000] {processor.py:758} INFO - Processing file /opt/airflow/dags/hadoop-2.7.3/share/hadoop/tools/lib/servlet-api-2.5.jar for tasks to queue
[2022-10-25T14:27:40.444+0000] {logging_mixin.py:117} INFO - [2022-10-25T14:27:40.443+0000] {dagbag.py:525} INFO - Filling up the DagBag from /opt/airflow/dags/hadoop-2.7.3/share/hadoop/tools/lib/servlet-api-2.5.jar
[2022-10-25T14:27:40.455+0000] {processor.py:770} WARNING - No viable dags retrieved from /opt/airflow/dags/hadoop-2.7.3/share/hadoop/tools/lib/servlet-api-2.5.jar
[2022-10-25T14:27:40.501+0000] {processor.py:178} INFO - Processing /opt/airflow/dags/hadoop-2.7.3/share/hadoop/tools/lib/servlet-api-2.5.jar took 0.073 seconds
[2022-10-25T14:28:19.968+0000] {processor.py:156} INFO - Started process (PID=25477) to work on /opt/airflow/dags/hadoop-2.7.3/share/hadoop/tools/lib/servlet-api-2.5.jar
[2022-10-25T14:28:19.971+0000] {processor.py:758} INFO - Processing file /opt/airflow/dags/hadoop-2.7.3/share/hadoop/tools/lib/servlet-api-2.5.jar for tasks to queue
[2022-10-25T14:28:19.980+0000] {logging_mixin.py:117} INFO - [2022-10-25T14:28:19.979+0000] {dagbag.py:525} INFO - Filling up the DagBag from /opt/airflow/dags/hadoop-2.7.3/share/hadoop/tools/lib/servlet-api-2.5.jar
[2022-10-25T14:28:19.989+0000] {processor.py:770} WARNING - No viable dags retrieved from /opt/airflow/dags/hadoop-2.7.3/share/hadoop/tools/lib/servlet-api-2.5.jar
[2022-10-25T14:28:20.031+0000] {processor.py:178} INFO - Processing /opt/airflow/dags/hadoop-2.7.3/share/hadoop/tools/lib/servlet-api-2.5.jar took 0.071 seconds
[2022-10-25T14:28:27.267+0000] {processor.py:156} INFO - Started process (PID=26507) to work on /opt/airflow/dags/hadoop-2.7.3/share/hadoop/tools/lib/servlet-api-2.5.jar
[2022-10-25T14:28:27.273+0000] {processor.py:758} INFO - Processing file /opt/airflow/dags/hadoop-2.7.3/share/hadoop/tools/lib/servlet-api-2.5.jar for tasks to queue
[2022-10-25T14:28:27.279+0000] {logging_mixin.py:117} INFO - [2022-10-25T14:28:27.278+0000] {dagbag.py:525} INFO - Filling up the DagBag from /opt/airflow/dags/hadoop-2.7.3/share/hadoop/tools/lib/servlet-api-2.5.jar
[2022-10-25T14:28:27.305+0000] {processor.py:770} WARNING - No viable dags retrieved from /opt/airflow/dags/hadoop-2.7.3/share/hadoop/tools/lib/servlet-api-2.5.jar
[2022-10-25T14:28:27.351+0000] {processor.py:178} INFO - Processing /opt/airflow/dags/hadoop-2.7.3/share/hadoop/tools/lib/servlet-api-2.5.jar took 0.108 seconds
[2022-10-25T14:30:10.678+0000] {processor.py:156} INFO - Started process (PID=27157) to work on /opt/airflow/dags/hadoop-2.7.3/share/hadoop/tools/lib/servlet-api-2.5.jar
[2022-10-25T14:30:10.681+0000] {processor.py:758} INFO - Processing file /opt/airflow/dags/hadoop-2.7.3/share/hadoop/tools/lib/servlet-api-2.5.jar for tasks to queue
[2022-10-25T14:30:10.684+0000] {logging_mixin.py:117} INFO - [2022-10-25T14:30:10.683+0000] {dagbag.py:525} INFO - Filling up the DagBag from /opt/airflow/dags/hadoop-2.7.3/share/hadoop/tools/lib/servlet-api-2.5.jar
[2022-10-25T14:30:10.693+0000] {processor.py:770} WARNING - No viable dags retrieved from /opt/airflow/dags/hadoop-2.7.3/share/hadoop/tools/lib/servlet-api-2.5.jar
[2022-10-25T14:30:10.737+0000] {processor.py:178} INFO - Processing /opt/airflow/dags/hadoop-2.7.3/share/hadoop/tools/lib/servlet-api-2.5.jar took 0.072 seconds
[2022-10-25T14:30:24.948+0000] {processor.py:156} INFO - Started process (PID=26305) to work on /opt/airflow/dags/hadoop-2.7.3/share/hadoop/tools/lib/servlet-api-2.5.jar
[2022-10-25T14:30:24.951+0000] {processor.py:758} INFO - Processing file /opt/airflow/dags/hadoop-2.7.3/share/hadoop/tools/lib/servlet-api-2.5.jar for tasks to queue
[2022-10-25T14:30:24.954+0000] {logging_mixin.py:117} INFO - [2022-10-25T14:30:24.954+0000] {dagbag.py:525} INFO - Filling up the DagBag from /opt/airflow/dags/hadoop-2.7.3/share/hadoop/tools/lib/servlet-api-2.5.jar
[2022-10-25T14:30:24.974+0000] {processor.py:770} WARNING - No viable dags retrieved from /opt/airflow/dags/hadoop-2.7.3/share/hadoop/tools/lib/servlet-api-2.5.jar
[2022-10-25T14:30:25.032+0000] {processor.py:178} INFO - Processing /opt/airflow/dags/hadoop-2.7.3/share/hadoop/tools/lib/servlet-api-2.5.jar took 0.092 seconds
[2022-10-25T14:31:04.598+0000] {processor.py:156} INFO - Started process (PID=27699) to work on /opt/airflow/dags/hadoop-2.7.3/share/hadoop/tools/lib/servlet-api-2.5.jar
[2022-10-25T14:31:04.605+0000] {processor.py:758} INFO - Processing file /opt/airflow/dags/hadoop-2.7.3/share/hadoop/tools/lib/servlet-api-2.5.jar for tasks to queue
[2022-10-25T14:31:04.608+0000] {logging_mixin.py:117} INFO - [2022-10-25T14:31:04.607+0000] {dagbag.py:525} INFO - Filling up the DagBag from /opt/airflow/dags/hadoop-2.7.3/share/hadoop/tools/lib/servlet-api-2.5.jar
[2022-10-25T14:31:04.638+0000] {processor.py:770} WARNING - No viable dags retrieved from /opt/airflow/dags/hadoop-2.7.3/share/hadoop/tools/lib/servlet-api-2.5.jar
[2022-10-25T14:31:04.709+0000] {processor.py:178} INFO - Processing /opt/airflow/dags/hadoop-2.7.3/share/hadoop/tools/lib/servlet-api-2.5.jar took 0.131 seconds
[2022-10-25T14:31:22.162+0000] {processor.py:156} INFO - Started process (PID=26830) to work on /opt/airflow/dags/hadoop-2.7.3/share/hadoop/tools/lib/servlet-api-2.5.jar
[2022-10-25T14:31:22.167+0000] {processor.py:758} INFO - Processing file /opt/airflow/dags/hadoop-2.7.3/share/hadoop/tools/lib/servlet-api-2.5.jar for tasks to queue
[2022-10-25T14:31:22.174+0000] {logging_mixin.py:117} INFO - [2022-10-25T14:31:22.173+0000] {dagbag.py:525} INFO - Filling up the DagBag from /opt/airflow/dags/hadoop-2.7.3/share/hadoop/tools/lib/servlet-api-2.5.jar
[2022-10-25T14:31:22.190+0000] {processor.py:770} WARNING - No viable dags retrieved from /opt/airflow/dags/hadoop-2.7.3/share/hadoop/tools/lib/servlet-api-2.5.jar
[2022-10-25T14:31:22.260+0000] {processor.py:178} INFO - Processing /opt/airflow/dags/hadoop-2.7.3/share/hadoop/tools/lib/servlet-api-2.5.jar took 0.118 seconds
[2022-10-25T14:32:16.457+0000] {processor.py:156} INFO - Started process (PID=28405) to work on /opt/airflow/dags/hadoop-2.7.3/share/hadoop/tools/lib/servlet-api-2.5.jar
[2022-10-25T14:32:16.461+0000] {processor.py:758} INFO - Processing file /opt/airflow/dags/hadoop-2.7.3/share/hadoop/tools/lib/servlet-api-2.5.jar for tasks to queue
[2022-10-25T14:32:16.468+0000] {logging_mixin.py:117} INFO - [2022-10-25T14:32:16.467+0000] {dagbag.py:525} INFO - Filling up the DagBag from /opt/airflow/dags/hadoop-2.7.3/share/hadoop/tools/lib/servlet-api-2.5.jar
[2022-10-25T14:32:16.487+0000] {processor.py:770} WARNING - No viable dags retrieved from /opt/airflow/dags/hadoop-2.7.3/share/hadoop/tools/lib/servlet-api-2.5.jar
[2022-10-25T14:32:16.555+0000] {processor.py:178} INFO - Processing /opt/airflow/dags/hadoop-2.7.3/share/hadoop/tools/lib/servlet-api-2.5.jar took 0.113 seconds
[2022-10-25T14:32:34.698+0000] {processor.py:156} INFO - Started process (PID=27523) to work on /opt/airflow/dags/hadoop-2.7.3/share/hadoop/tools/lib/servlet-api-2.5.jar
[2022-10-25T14:32:34.701+0000] {processor.py:758} INFO - Processing file /opt/airflow/dags/hadoop-2.7.3/share/hadoop/tools/lib/servlet-api-2.5.jar for tasks to queue
[2022-10-25T14:32:34.708+0000] {logging_mixin.py:117} INFO - [2022-10-25T14:32:34.707+0000] {dagbag.py:525} INFO - Filling up the DagBag from /opt/airflow/dags/hadoop-2.7.3/share/hadoop/tools/lib/servlet-api-2.5.jar
[2022-10-25T14:32:34.718+0000] {processor.py:770} WARNING - No viable dags retrieved from /opt/airflow/dags/hadoop-2.7.3/share/hadoop/tools/lib/servlet-api-2.5.jar
[2022-10-25T14:32:34.768+0000] {processor.py:178} INFO - Processing /opt/airflow/dags/hadoop-2.7.3/share/hadoop/tools/lib/servlet-api-2.5.jar took 0.077 seconds
[2022-10-25T14:33:14.548+0000] {processor.py:156} INFO - Started process (PID=29006) to work on /opt/airflow/dags/hadoop-2.7.3/share/hadoop/tools/lib/servlet-api-2.5.jar
[2022-10-25T14:33:14.565+0000] {processor.py:758} INFO - Processing file /opt/airflow/dags/hadoop-2.7.3/share/hadoop/tools/lib/servlet-api-2.5.jar for tasks to queue
[2022-10-25T14:33:14.571+0000] {logging_mixin.py:117} INFO - [2022-10-25T14:33:14.571+0000] {dagbag.py:525} INFO - Filling up the DagBag from /opt/airflow/dags/hadoop-2.7.3/share/hadoop/tools/lib/servlet-api-2.5.jar
[2022-10-25T14:33:14.591+0000] {processor.py:770} WARNING - No viable dags retrieved from /opt/airflow/dags/hadoop-2.7.3/share/hadoop/tools/lib/servlet-api-2.5.jar
[2022-10-25T14:33:14.658+0000] {processor.py:178} INFO - Processing /opt/airflow/dags/hadoop-2.7.3/share/hadoop/tools/lib/servlet-api-2.5.jar took 0.126 seconds
[2022-10-25T14:33:38.430+0000] {processor.py:156} INFO - Started process (PID=28177) to work on /opt/airflow/dags/hadoop-2.7.3/share/hadoop/tools/lib/servlet-api-2.5.jar
[2022-10-25T14:33:38.433+0000] {processor.py:758} INFO - Processing file /opt/airflow/dags/hadoop-2.7.3/share/hadoop/tools/lib/servlet-api-2.5.jar for tasks to queue
[2022-10-25T14:33:38.435+0000] {logging_mixin.py:117} INFO - [2022-10-25T14:33:38.435+0000] {dagbag.py:525} INFO - Filling up the DagBag from /opt/airflow/dags/hadoop-2.7.3/share/hadoop/tools/lib/servlet-api-2.5.jar
[2022-10-25T14:33:38.448+0000] {processor.py:770} WARNING - No viable dags retrieved from /opt/airflow/dags/hadoop-2.7.3/share/hadoop/tools/lib/servlet-api-2.5.jar
[2022-10-25T14:33:38.500+0000] {processor.py:178} INFO - Processing /opt/airflow/dags/hadoop-2.7.3/share/hadoop/tools/lib/servlet-api-2.5.jar took 0.079 seconds
[2022-10-25T14:34:15.150+0000] {processor.py:156} INFO - Started process (PID=29631) to work on /opt/airflow/dags/hadoop-2.7.3/share/hadoop/tools/lib/servlet-api-2.5.jar
[2022-10-25T14:34:15.154+0000] {processor.py:758} INFO - Processing file /opt/airflow/dags/hadoop-2.7.3/share/hadoop/tools/lib/servlet-api-2.5.jar for tasks to queue
[2022-10-25T14:34:15.158+0000] {logging_mixin.py:117} INFO - [2022-10-25T14:34:15.157+0000] {dagbag.py:525} INFO - Filling up the DagBag from /opt/airflow/dags/hadoop-2.7.3/share/hadoop/tools/lib/servlet-api-2.5.jar
[2022-10-25T14:34:15.172+0000] {processor.py:770} WARNING - No viable dags retrieved from /opt/airflow/dags/hadoop-2.7.3/share/hadoop/tools/lib/servlet-api-2.5.jar
[2022-10-25T14:34:15.229+0000] {processor.py:178} INFO - Processing /opt/airflow/dags/hadoop-2.7.3/share/hadoop/tools/lib/servlet-api-2.5.jar took 0.092 seconds
[2022-10-25T14:35:31.145+0000] {processor.py:156} INFO - Started process (PID=28869) to work on /opt/airflow/dags/hadoop-2.7.3/share/hadoop/tools/lib/servlet-api-2.5.jar
[2022-10-25T14:35:31.150+0000] {processor.py:758} INFO - Processing file /opt/airflow/dags/hadoop-2.7.3/share/hadoop/tools/lib/servlet-api-2.5.jar for tasks to queue
[2022-10-25T14:35:31.154+0000] {logging_mixin.py:117} INFO - [2022-10-25T14:35:31.153+0000] {dagbag.py:525} INFO - Filling up the DagBag from /opt/airflow/dags/hadoop-2.7.3/share/hadoop/tools/lib/servlet-api-2.5.jar
[2022-10-25T14:35:31.169+0000] {processor.py:770} WARNING - No viable dags retrieved from /opt/airflow/dags/hadoop-2.7.3/share/hadoop/tools/lib/servlet-api-2.5.jar
[2022-10-25T14:35:31.241+0000] {processor.py:178} INFO - Processing /opt/airflow/dags/hadoop-2.7.3/share/hadoop/tools/lib/servlet-api-2.5.jar took 0.104 seconds
[2022-10-25T14:35:37.270+0000] {processor.py:156} INFO - Started process (PID=30109) to work on /opt/airflow/dags/hadoop-2.7.3/share/hadoop/tools/lib/servlet-api-2.5.jar
[2022-10-25T14:35:37.274+0000] {processor.py:758} INFO - Processing file /opt/airflow/dags/hadoop-2.7.3/share/hadoop/tools/lib/servlet-api-2.5.jar for tasks to queue
[2022-10-25T14:35:37.278+0000] {logging_mixin.py:117} INFO - [2022-10-25T14:35:37.277+0000] {dagbag.py:525} INFO - Filling up the DagBag from /opt/airflow/dags/hadoop-2.7.3/share/hadoop/tools/lib/servlet-api-2.5.jar
[2022-10-25T14:35:37.291+0000] {processor.py:770} WARNING - No viable dags retrieved from /opt/airflow/dags/hadoop-2.7.3/share/hadoop/tools/lib/servlet-api-2.5.jar
[2022-10-25T14:35:37.349+0000] {processor.py:178} INFO - Processing /opt/airflow/dags/hadoop-2.7.3/share/hadoop/tools/lib/servlet-api-2.5.jar took 0.089 seconds
[2022-10-25T14:36:27.030+0000] {processor.py:156} INFO - Started process (PID=30655) to work on /opt/airflow/dags/hadoop-2.7.3/share/hadoop/tools/lib/servlet-api-2.5.jar
[2022-10-25T14:36:27.036+0000] {processor.py:758} INFO - Processing file /opt/airflow/dags/hadoop-2.7.3/share/hadoop/tools/lib/servlet-api-2.5.jar for tasks to queue
[2022-10-25T14:36:27.048+0000] {logging_mixin.py:117} INFO - [2022-10-25T14:36:27.048+0000] {dagbag.py:525} INFO - Filling up the DagBag from /opt/airflow/dags/hadoop-2.7.3/share/hadoop/tools/lib/servlet-api-2.5.jar
[2022-10-25T14:36:27.068+0000] {processor.py:770} WARNING - No viable dags retrieved from /opt/airflow/dags/hadoop-2.7.3/share/hadoop/tools/lib/servlet-api-2.5.jar
[2022-10-25T14:36:27.129+0000] {processor.py:178} INFO - Processing /opt/airflow/dags/hadoop-2.7.3/share/hadoop/tools/lib/servlet-api-2.5.jar took 0.108 seconds
[2022-10-25T14:36:35.207+0000] {processor.py:156} INFO - Started process (PID=29502) to work on /opt/airflow/dags/hadoop-2.7.3/share/hadoop/tools/lib/servlet-api-2.5.jar
[2022-10-25T14:36:35.211+0000] {processor.py:758} INFO - Processing file /opt/airflow/dags/hadoop-2.7.3/share/hadoop/tools/lib/servlet-api-2.5.jar for tasks to queue
[2022-10-25T14:36:35.214+0000] {logging_mixin.py:117} INFO - [2022-10-25T14:36:35.214+0000] {dagbag.py:525} INFO - Filling up the DagBag from /opt/airflow/dags/hadoop-2.7.3/share/hadoop/tools/lib/servlet-api-2.5.jar
[2022-10-25T14:36:35.227+0000] {processor.py:770} WARNING - No viable dags retrieved from /opt/airflow/dags/hadoop-2.7.3/share/hadoop/tools/lib/servlet-api-2.5.jar
[2022-10-25T14:36:35.279+0000] {processor.py:178} INFO - Processing /opt/airflow/dags/hadoop-2.7.3/share/hadoop/tools/lib/servlet-api-2.5.jar took 0.088 seconds
[2022-10-25T14:37:17.354+0000] {processor.py:156} INFO - Started process (PID=31210) to work on /opt/airflow/dags/hadoop-2.7.3/share/hadoop/tools/lib/servlet-api-2.5.jar
[2022-10-25T14:37:17.358+0000] {processor.py:758} INFO - Processing file /opt/airflow/dags/hadoop-2.7.3/share/hadoop/tools/lib/servlet-api-2.5.jar for tasks to queue
[2022-10-25T14:37:17.361+0000] {logging_mixin.py:117} INFO - [2022-10-25T14:37:17.361+0000] {dagbag.py:525} INFO - Filling up the DagBag from /opt/airflow/dags/hadoop-2.7.3/share/hadoop/tools/lib/servlet-api-2.5.jar
[2022-10-25T14:37:17.373+0000] {processor.py:770} WARNING - No viable dags retrieved from /opt/airflow/dags/hadoop-2.7.3/share/hadoop/tools/lib/servlet-api-2.5.jar
[2022-10-25T14:37:17.424+0000] {processor.py:178} INFO - Processing /opt/airflow/dags/hadoop-2.7.3/share/hadoop/tools/lib/servlet-api-2.5.jar took 0.077 seconds
[2022-10-25T14:37:37.724+0000] {processor.py:156} INFO - Started process (PID=30149) to work on /opt/airflow/dags/hadoop-2.7.3/share/hadoop/tools/lib/servlet-api-2.5.jar
[2022-10-25T14:37:37.728+0000] {processor.py:758} INFO - Processing file /opt/airflow/dags/hadoop-2.7.3/share/hadoop/tools/lib/servlet-api-2.5.jar for tasks to queue
[2022-10-25T14:37:37.731+0000] {logging_mixin.py:117} INFO - [2022-10-25T14:37:37.731+0000] {dagbag.py:525} INFO - Filling up the DagBag from /opt/airflow/dags/hadoop-2.7.3/share/hadoop/tools/lib/servlet-api-2.5.jar
[2022-10-25T14:37:37.743+0000] {processor.py:770} WARNING - No viable dags retrieved from /opt/airflow/dags/hadoop-2.7.3/share/hadoop/tools/lib/servlet-api-2.5.jar
[2022-10-25T14:37:37.790+0000] {processor.py:178} INFO - Processing /opt/airflow/dags/hadoop-2.7.3/share/hadoop/tools/lib/servlet-api-2.5.jar took 0.075 seconds
[2022-10-25T14:38:08.011+0000] {processor.py:156} INFO - Started process (PID=31752) to work on /opt/airflow/dags/hadoop-2.7.3/share/hadoop/tools/lib/servlet-api-2.5.jar
[2022-10-25T14:38:08.014+0000] {processor.py:758} INFO - Processing file /opt/airflow/dags/hadoop-2.7.3/share/hadoop/tools/lib/servlet-api-2.5.jar for tasks to queue
[2022-10-25T14:38:08.017+0000] {logging_mixin.py:117} INFO - [2022-10-25T14:38:08.017+0000] {dagbag.py:525} INFO - Filling up the DagBag from /opt/airflow/dags/hadoop-2.7.3/share/hadoop/tools/lib/servlet-api-2.5.jar
[2022-10-25T14:38:08.034+0000] {processor.py:770} WARNING - No viable dags retrieved from /opt/airflow/dags/hadoop-2.7.3/share/hadoop/tools/lib/servlet-api-2.5.jar
[2022-10-25T14:38:08.073+0000] {processor.py:178} INFO - Processing /opt/airflow/dags/hadoop-2.7.3/share/hadoop/tools/lib/servlet-api-2.5.jar took 0.072 seconds
[2022-10-25T14:38:35.292+0000] {processor.py:156} INFO - Started process (PID=30747) to work on /opt/airflow/dags/hadoop-2.7.3/share/hadoop/tools/lib/servlet-api-2.5.jar
[2022-10-25T14:38:35.298+0000] {processor.py:758} INFO - Processing file /opt/airflow/dags/hadoop-2.7.3/share/hadoop/tools/lib/servlet-api-2.5.jar for tasks to queue
[2022-10-25T14:38:35.302+0000] {logging_mixin.py:117} INFO - [2022-10-25T14:38:35.301+0000] {dagbag.py:525} INFO - Filling up the DagBag from /opt/airflow/dags/hadoop-2.7.3/share/hadoop/tools/lib/servlet-api-2.5.jar
[2022-10-25T14:38:35.314+0000] {processor.py:770} WARNING - No viable dags retrieved from /opt/airflow/dags/hadoop-2.7.3/share/hadoop/tools/lib/servlet-api-2.5.jar
[2022-10-25T14:38:35.372+0000] {processor.py:178} INFO - Processing /opt/airflow/dags/hadoop-2.7.3/share/hadoop/tools/lib/servlet-api-2.5.jar took 0.090 seconds
[2022-10-25T14:38:57.438+0000] {processor.py:156} INFO - Started process (PID=32295) to work on /opt/airflow/dags/hadoop-2.7.3/share/hadoop/tools/lib/servlet-api-2.5.jar
[2022-10-25T14:38:57.442+0000] {processor.py:758} INFO - Processing file /opt/airflow/dags/hadoop-2.7.3/share/hadoop/tools/lib/servlet-api-2.5.jar for tasks to queue
[2022-10-25T14:38:57.445+0000] {logging_mixin.py:117} INFO - [2022-10-25T14:38:57.444+0000] {dagbag.py:525} INFO - Filling up the DagBag from /opt/airflow/dags/hadoop-2.7.3/share/hadoop/tools/lib/servlet-api-2.5.jar
[2022-10-25T14:38:57.454+0000] {processor.py:770} WARNING - No viable dags retrieved from /opt/airflow/dags/hadoop-2.7.3/share/hadoop/tools/lib/servlet-api-2.5.jar
[2022-10-25T14:38:57.495+0000] {processor.py:178} INFO - Processing /opt/airflow/dags/hadoop-2.7.3/share/hadoop/tools/lib/servlet-api-2.5.jar took 0.068 seconds
[2022-10-25T14:40:23.807+0000] {processor.py:156} INFO - Started process (PID=31453) to work on /opt/airflow/dags/hadoop-2.7.3/share/hadoop/tools/lib/servlet-api-2.5.jar
[2022-10-25T14:40:23.811+0000] {processor.py:758} INFO - Processing file /opt/airflow/dags/hadoop-2.7.3/share/hadoop/tools/lib/servlet-api-2.5.jar for tasks to queue
[2022-10-25T14:40:23.815+0000] {logging_mixin.py:117} INFO - [2022-10-25T14:40:23.814+0000] {dagbag.py:525} INFO - Filling up the DagBag from /opt/airflow/dags/hadoop-2.7.3/share/hadoop/tools/lib/servlet-api-2.5.jar
[2022-10-25T14:40:23.822+0000] {processor.py:770} WARNING - No viable dags retrieved from /opt/airflow/dags/hadoop-2.7.3/share/hadoop/tools/lib/servlet-api-2.5.jar
[2022-10-25T14:40:23.867+0000] {processor.py:178} INFO - Processing /opt/airflow/dags/hadoop-2.7.3/share/hadoop/tools/lib/servlet-api-2.5.jar took 0.077 seconds
[2022-10-25T14:40:39.362+0000] {processor.py:156} INFO - Started process (PID=32978) to work on /opt/airflow/dags/hadoop-2.7.3/share/hadoop/tools/lib/servlet-api-2.5.jar
[2022-10-25T14:40:39.365+0000] {processor.py:758} INFO - Processing file /opt/airflow/dags/hadoop-2.7.3/share/hadoop/tools/lib/servlet-api-2.5.jar for tasks to queue
[2022-10-25T14:40:39.367+0000] {logging_mixin.py:117} INFO - [2022-10-25T14:40:39.367+0000] {dagbag.py:525} INFO - Filling up the DagBag from /opt/airflow/dags/hadoop-2.7.3/share/hadoop/tools/lib/servlet-api-2.5.jar
[2022-10-25T14:40:39.377+0000] {processor.py:770} WARNING - No viable dags retrieved from /opt/airflow/dags/hadoop-2.7.3/share/hadoop/tools/lib/servlet-api-2.5.jar
[2022-10-25T14:40:39.423+0000] {processor.py:178} INFO - Processing /opt/airflow/dags/hadoop-2.7.3/share/hadoop/tools/lib/servlet-api-2.5.jar took 0.072 seconds
[2022-10-25T14:41:20.602+0000] {processor.py:156} INFO - Started process (PID=32044) to work on /opt/airflow/dags/hadoop-2.7.3/share/hadoop/tools/lib/servlet-api-2.5.jar
[2022-10-25T14:41:20.605+0000] {processor.py:758} INFO - Processing file /opt/airflow/dags/hadoop-2.7.3/share/hadoop/tools/lib/servlet-api-2.5.jar for tasks to queue
[2022-10-25T14:41:20.607+0000] {logging_mixin.py:117} INFO - [2022-10-25T14:41:20.607+0000] {dagbag.py:525} INFO - Filling up the DagBag from /opt/airflow/dags/hadoop-2.7.3/share/hadoop/tools/lib/servlet-api-2.5.jar
[2022-10-25T14:41:20.614+0000] {processor.py:770} WARNING - No viable dags retrieved from /opt/airflow/dags/hadoop-2.7.3/share/hadoop/tools/lib/servlet-api-2.5.jar
[2022-10-25T14:41:20.660+0000] {processor.py:178} INFO - Processing /opt/airflow/dags/hadoop-2.7.3/share/hadoop/tools/lib/servlet-api-2.5.jar took 0.063 seconds
[2022-10-25T14:41:42.457+0000] {processor.py:156} INFO - Started process (PID=33608) to work on /opt/airflow/dags/hadoop-2.7.3/share/hadoop/tools/lib/servlet-api-2.5.jar
[2022-10-25T14:41:42.465+0000] {processor.py:758} INFO - Processing file /opt/airflow/dags/hadoop-2.7.3/share/hadoop/tools/lib/servlet-api-2.5.jar for tasks to queue
[2022-10-25T14:41:42.467+0000] {logging_mixin.py:117} INFO - [2022-10-25T14:41:42.467+0000] {dagbag.py:525} INFO - Filling up the DagBag from /opt/airflow/dags/hadoop-2.7.3/share/hadoop/tools/lib/servlet-api-2.5.jar
[2022-10-25T14:41:42.476+0000] {processor.py:770} WARNING - No viable dags retrieved from /opt/airflow/dags/hadoop-2.7.3/share/hadoop/tools/lib/servlet-api-2.5.jar
[2022-10-25T14:41:42.534+0000] {processor.py:178} INFO - Processing /opt/airflow/dags/hadoop-2.7.3/share/hadoop/tools/lib/servlet-api-2.5.jar took 0.086 seconds
[2022-10-25T14:42:15.812+0000] {processor.py:156} INFO - Started process (PID=32635) to work on /opt/airflow/dags/hadoop-2.7.3/share/hadoop/tools/lib/servlet-api-2.5.jar
[2022-10-25T14:42:15.815+0000] {processor.py:758} INFO - Processing file /opt/airflow/dags/hadoop-2.7.3/share/hadoop/tools/lib/servlet-api-2.5.jar for tasks to queue
[2022-10-25T14:42:15.818+0000] {logging_mixin.py:117} INFO - [2022-10-25T14:42:15.818+0000] {dagbag.py:525} INFO - Filling up the DagBag from /opt/airflow/dags/hadoop-2.7.3/share/hadoop/tools/lib/servlet-api-2.5.jar
[2022-10-25T14:42:15.826+0000] {processor.py:770} WARNING - No viable dags retrieved from /opt/airflow/dags/hadoop-2.7.3/share/hadoop/tools/lib/servlet-api-2.5.jar
[2022-10-25T14:42:15.866+0000] {processor.py:178} INFO - Processing /opt/airflow/dags/hadoop-2.7.3/share/hadoop/tools/lib/servlet-api-2.5.jar took 0.060 seconds
[2022-10-25T14:42:37.883+0000] {processor.py:156} INFO - Started process (PID=34222) to work on /opt/airflow/dags/hadoop-2.7.3/share/hadoop/tools/lib/servlet-api-2.5.jar
[2022-10-25T14:42:37.886+0000] {processor.py:758} INFO - Processing file /opt/airflow/dags/hadoop-2.7.3/share/hadoop/tools/lib/servlet-api-2.5.jar for tasks to queue
[2022-10-25T14:42:37.890+0000] {logging_mixin.py:117} INFO - [2022-10-25T14:42:37.890+0000] {dagbag.py:525} INFO - Filling up the DagBag from /opt/airflow/dags/hadoop-2.7.3/share/hadoop/tools/lib/servlet-api-2.5.jar
[2022-10-25T14:42:37.900+0000] {processor.py:770} WARNING - No viable dags retrieved from /opt/airflow/dags/hadoop-2.7.3/share/hadoop/tools/lib/servlet-api-2.5.jar
[2022-10-25T14:42:37.950+0000] {processor.py:178} INFO - Processing /opt/airflow/dags/hadoop-2.7.3/share/hadoop/tools/lib/servlet-api-2.5.jar took 0.080 seconds
[2022-10-25T14:43:14.240+0000] {processor.py:156} INFO - Started process (PID=33238) to work on /opt/airflow/dags/hadoop-2.7.3/share/hadoop/tools/lib/servlet-api-2.5.jar
[2022-10-25T14:43:14.252+0000] {processor.py:758} INFO - Processing file /opt/airflow/dags/hadoop-2.7.3/share/hadoop/tools/lib/servlet-api-2.5.jar for tasks to queue
[2022-10-25T14:43:14.264+0000] {logging_mixin.py:117} INFO - [2022-10-25T14:43:14.264+0000] {dagbag.py:525} INFO - Filling up the DagBag from /opt/airflow/dags/hadoop-2.7.3/share/hadoop/tools/lib/servlet-api-2.5.jar
[2022-10-25T14:43:14.276+0000] {processor.py:770} WARNING - No viable dags retrieved from /opt/airflow/dags/hadoop-2.7.3/share/hadoop/tools/lib/servlet-api-2.5.jar
[2022-10-25T14:43:14.319+0000] {processor.py:178} INFO - Processing /opt/airflow/dags/hadoop-2.7.3/share/hadoop/tools/lib/servlet-api-2.5.jar took 0.100 seconds
[2022-10-25T14:43:26.944+0000] {processor.py:156} INFO - Started process (PID=34768) to work on /opt/airflow/dags/hadoop-2.7.3/share/hadoop/tools/lib/servlet-api-2.5.jar
[2022-10-25T14:43:26.950+0000] {processor.py:758} INFO - Processing file /opt/airflow/dags/hadoop-2.7.3/share/hadoop/tools/lib/servlet-api-2.5.jar for tasks to queue
[2022-10-25T14:43:26.954+0000] {logging_mixin.py:117} INFO - [2022-10-25T14:43:26.953+0000] {dagbag.py:525} INFO - Filling up the DagBag from /opt/airflow/dags/hadoop-2.7.3/share/hadoop/tools/lib/servlet-api-2.5.jar
[2022-10-25T14:43:26.970+0000] {processor.py:770} WARNING - No viable dags retrieved from /opt/airflow/dags/hadoop-2.7.3/share/hadoop/tools/lib/servlet-api-2.5.jar
[2022-10-25T14:43:27.016+0000] {processor.py:178} INFO - Processing /opt/airflow/dags/hadoop-2.7.3/share/hadoop/tools/lib/servlet-api-2.5.jar took 0.091 seconds
[2022-10-25T14:44:14.138+0000] {processor.py:156} INFO - Started process (PID=35292) to work on /opt/airflow/dags/hadoop-2.7.3/share/hadoop/tools/lib/servlet-api-2.5.jar
[2022-10-25T14:44:14.142+0000] {processor.py:758} INFO - Processing file /opt/airflow/dags/hadoop-2.7.3/share/hadoop/tools/lib/servlet-api-2.5.jar for tasks to queue
[2022-10-25T14:44:14.145+0000] {logging_mixin.py:117} INFO - [2022-10-25T14:44:14.145+0000] {dagbag.py:525} INFO - Filling up the DagBag from /opt/airflow/dags/hadoop-2.7.3/share/hadoop/tools/lib/servlet-api-2.5.jar
[2022-10-25T14:44:14.158+0000] {processor.py:770} WARNING - No viable dags retrieved from /opt/airflow/dags/hadoop-2.7.3/share/hadoop/tools/lib/servlet-api-2.5.jar
[2022-10-25T14:44:14.204+0000] {processor.py:178} INFO - Processing /opt/airflow/dags/hadoop-2.7.3/share/hadoop/tools/lib/servlet-api-2.5.jar took 0.079 seconds
[2022-10-25T15:03:55.088+0000] {processor.py:156} INFO - Started process (PID=34255) to work on /opt/airflow/dags/hadoop-2.7.3/share/hadoop/tools/lib/servlet-api-2.5.jar
[2022-10-25T15:03:55.092+0000] {processor.py:758} INFO - Processing file /opt/airflow/dags/hadoop-2.7.3/share/hadoop/tools/lib/servlet-api-2.5.jar for tasks to queue
[2022-10-25T15:03:55.099+0000] {logging_mixin.py:117} INFO - [2022-10-25T15:03:55.098+0000] {dagbag.py:525} INFO - Filling up the DagBag from /opt/airflow/dags/hadoop-2.7.3/share/hadoop/tools/lib/servlet-api-2.5.jar
[2022-10-25T15:03:55.110+0000] {processor.py:770} WARNING - No viable dags retrieved from /opt/airflow/dags/hadoop-2.7.3/share/hadoop/tools/lib/servlet-api-2.5.jar
[2022-10-25T15:03:55.149+0000] {processor.py:178} INFO - Processing /opt/airflow/dags/hadoop-2.7.3/share/hadoop/tools/lib/servlet-api-2.5.jar took 0.073 seconds
[2022-10-25T15:04:11.485+0000] {processor.py:156} INFO - Started process (PID=35925) to work on /opt/airflow/dags/hadoop-2.7.3/share/hadoop/tools/lib/servlet-api-2.5.jar
[2022-10-25T15:04:11.489+0000] {processor.py:758} INFO - Processing file /opt/airflow/dags/hadoop-2.7.3/share/hadoop/tools/lib/servlet-api-2.5.jar for tasks to queue
[2022-10-25T15:04:11.495+0000] {logging_mixin.py:117} INFO - [2022-10-25T15:04:11.493+0000] {dagbag.py:525} INFO - Filling up the DagBag from /opt/airflow/dags/hadoop-2.7.3/share/hadoop/tools/lib/servlet-api-2.5.jar
[2022-10-25T15:04:11.510+0000] {processor.py:770} WARNING - No viable dags retrieved from /opt/airflow/dags/hadoop-2.7.3/share/hadoop/tools/lib/servlet-api-2.5.jar
[2022-10-25T15:04:11.563+0000] {processor.py:178} INFO - Processing /opt/airflow/dags/hadoop-2.7.3/share/hadoop/tools/lib/servlet-api-2.5.jar took 0.104 seconds
[2022-10-25T15:05:28.481+0000] {processor.py:156} INFO - Started process (PID=34795) to work on /opt/airflow/dags/hadoop-2.7.3/share/hadoop/tools/lib/servlet-api-2.5.jar
[2022-10-25T15:05:28.483+0000] {processor.py:758} INFO - Processing file /opt/airflow/dags/hadoop-2.7.3/share/hadoop/tools/lib/servlet-api-2.5.jar for tasks to queue
[2022-10-25T15:05:28.489+0000] {logging_mixin.py:117} INFO - [2022-10-25T15:05:28.488+0000] {dagbag.py:525} INFO - Filling up the DagBag from /opt/airflow/dags/hadoop-2.7.3/share/hadoop/tools/lib/servlet-api-2.5.jar
[2022-10-25T15:05:28.500+0000] {processor.py:770} WARNING - No viable dags retrieved from /opt/airflow/dags/hadoop-2.7.3/share/hadoop/tools/lib/servlet-api-2.5.jar
[2022-10-25T15:05:28.546+0000] {processor.py:178} INFO - Processing /opt/airflow/dags/hadoop-2.7.3/share/hadoop/tools/lib/servlet-api-2.5.jar took 0.074 seconds
[2022-10-25T15:05:41.236+0000] {processor.py:156} INFO - Started process (PID=36475) to work on /opt/airflow/dags/hadoop-2.7.3/share/hadoop/tools/lib/servlet-api-2.5.jar
[2022-10-25T15:05:41.240+0000] {processor.py:758} INFO - Processing file /opt/airflow/dags/hadoop-2.7.3/share/hadoop/tools/lib/servlet-api-2.5.jar for tasks to queue
[2022-10-25T15:05:41.244+0000] {logging_mixin.py:117} INFO - [2022-10-25T15:05:41.242+0000] {dagbag.py:525} INFO - Filling up the DagBag from /opt/airflow/dags/hadoop-2.7.3/share/hadoop/tools/lib/servlet-api-2.5.jar
[2022-10-25T15:05:41.260+0000] {processor.py:770} WARNING - No viable dags retrieved from /opt/airflow/dags/hadoop-2.7.3/share/hadoop/tools/lib/servlet-api-2.5.jar
[2022-10-25T15:05:41.322+0000] {processor.py:178} INFO - Processing /opt/airflow/dags/hadoop-2.7.3/share/hadoop/tools/lib/servlet-api-2.5.jar took 0.096 seconds
[2022-10-25T15:06:33.830+0000] {processor.py:156} INFO - Started process (PID=37052) to work on /opt/airflow/dags/hadoop-2.7.3/share/hadoop/tools/lib/servlet-api-2.5.jar
[2022-10-25T15:06:33.834+0000] {processor.py:758} INFO - Processing file /opt/airflow/dags/hadoop-2.7.3/share/hadoop/tools/lib/servlet-api-2.5.jar for tasks to queue
[2022-10-25T15:06:33.836+0000] {logging_mixin.py:117} INFO - [2022-10-25T15:06:33.836+0000] {dagbag.py:525} INFO - Filling up the DagBag from /opt/airflow/dags/hadoop-2.7.3/share/hadoop/tools/lib/servlet-api-2.5.jar
[2022-10-25T15:06:33.852+0000] {processor.py:770} WARNING - No viable dags retrieved from /opt/airflow/dags/hadoop-2.7.3/share/hadoop/tools/lib/servlet-api-2.5.jar
[2022-10-25T15:06:33.858+0000] {processor.py:156} INFO - Started process (PID=35436) to work on /opt/airflow/dags/hadoop-2.7.3/share/hadoop/tools/lib/servlet-api-2.5.jar
[2022-10-25T15:06:33.861+0000] {processor.py:758} INFO - Processing file /opt/airflow/dags/hadoop-2.7.3/share/hadoop/tools/lib/servlet-api-2.5.jar for tasks to queue
[2022-10-25T15:06:33.864+0000] {logging_mixin.py:117} INFO - [2022-10-25T15:06:33.864+0000] {dagbag.py:525} INFO - Filling up the DagBag from /opt/airflow/dags/hadoop-2.7.3/share/hadoop/tools/lib/servlet-api-2.5.jar
[2022-10-25T15:06:33.871+0000] {processor.py:770} WARNING - No viable dags retrieved from /opt/airflow/dags/hadoop-2.7.3/share/hadoop/tools/lib/servlet-api-2.5.jar
[2022-10-25T15:06:33.900+0000] {processor.py:178} INFO - Processing /opt/airflow/dags/hadoop-2.7.3/share/hadoop/tools/lib/servlet-api-2.5.jar took 0.055 seconds
[2022-10-25T15:06:33.916+0000] {processor.py:178} INFO - Processing /opt/airflow/dags/hadoop-2.7.3/share/hadoop/tools/lib/servlet-api-2.5.jar took 0.095 seconds
