[2022-10-25T00:37:51.551+0000] {processor.py:156} INFO - Started process (PID=4441) to work on /opt/airflow/dags/hadoop-2.7.3/share/hadoop/kms/tomcat/webapps/kms/WEB-INF/lib/commons-beanutils-1.7.0.jar
[2022-10-25T00:37:51.554+0000] {processor.py:758} INFO - Processing file /opt/airflow/dags/hadoop-2.7.3/share/hadoop/kms/tomcat/webapps/kms/WEB-INF/lib/commons-beanutils-1.7.0.jar for tasks to queue
[2022-10-25T00:37:51.556+0000] {logging_mixin.py:117} INFO - [2022-10-25T00:37:51.555+0000] {dagbag.py:525} INFO - Filling up the DagBag from /opt/airflow/dags/hadoop-2.7.3/share/hadoop/kms/tomcat/webapps/kms/WEB-INF/lib/commons-beanutils-1.7.0.jar
[2022-10-25T00:37:51.565+0000] {processor.py:770} WARNING - No viable dags retrieved from /opt/airflow/dags/hadoop-2.7.3/share/hadoop/kms/tomcat/webapps/kms/WEB-INF/lib/commons-beanutils-1.7.0.jar
[2022-10-25T00:37:51.589+0000] {processor.py:178} INFO - Processing /opt/airflow/dags/hadoop-2.7.3/share/hadoop/kms/tomcat/webapps/kms/WEB-INF/lib/commons-beanutils-1.7.0.jar took 0.044 seconds
[2022-10-25T00:38:21.176+0000] {processor.py:156} INFO - Started process (PID=2472) to work on /opt/airflow/dags/hadoop-2.7.3/share/hadoop/kms/tomcat/webapps/kms/WEB-INF/lib/commons-beanutils-1.7.0.jar
[2022-10-25T00:38:21.179+0000] {processor.py:758} INFO - Processing file /opt/airflow/dags/hadoop-2.7.3/share/hadoop/kms/tomcat/webapps/kms/WEB-INF/lib/commons-beanutils-1.7.0.jar for tasks to queue
[2022-10-25T00:38:21.188+0000] {logging_mixin.py:117} INFO - [2022-10-25T00:38:21.188+0000] {dagbag.py:525} INFO - Filling up the DagBag from /opt/airflow/dags/hadoop-2.7.3/share/hadoop/kms/tomcat/webapps/kms/WEB-INF/lib/commons-beanutils-1.7.0.jar
[2022-10-25T00:38:21.201+0000] {processor.py:770} WARNING - No viable dags retrieved from /opt/airflow/dags/hadoop-2.7.3/share/hadoop/kms/tomcat/webapps/kms/WEB-INF/lib/commons-beanutils-1.7.0.jar
[2022-10-25T00:38:21.237+0000] {processor.py:178} INFO - Processing /opt/airflow/dags/hadoop-2.7.3/share/hadoop/kms/tomcat/webapps/kms/WEB-INF/lib/commons-beanutils-1.7.0.jar took 0.070 seconds
[2022-10-25T00:38:31.150+0000] {processor.py:156} INFO - Started process (PID=4956) to work on /opt/airflow/dags/hadoop-2.7.3/share/hadoop/kms/tomcat/webapps/kms/WEB-INF/lib/commons-beanutils-1.7.0.jar
[2022-10-25T00:38:31.152+0000] {processor.py:758} INFO - Processing file /opt/airflow/dags/hadoop-2.7.3/share/hadoop/kms/tomcat/webapps/kms/WEB-INF/lib/commons-beanutils-1.7.0.jar for tasks to queue
[2022-10-25T00:38:31.154+0000] {logging_mixin.py:117} INFO - [2022-10-25T00:38:31.154+0000] {dagbag.py:525} INFO - Filling up the DagBag from /opt/airflow/dags/hadoop-2.7.3/share/hadoop/kms/tomcat/webapps/kms/WEB-INF/lib/commons-beanutils-1.7.0.jar
[2022-10-25T00:38:31.161+0000] {processor.py:770} WARNING - No viable dags retrieved from /opt/airflow/dags/hadoop-2.7.3/share/hadoop/kms/tomcat/webapps/kms/WEB-INF/lib/commons-beanutils-1.7.0.jar
[2022-10-25T00:38:31.197+0000] {processor.py:178} INFO - Processing /opt/airflow/dags/hadoop-2.7.3/share/hadoop/kms/tomcat/webapps/kms/WEB-INF/lib/commons-beanutils-1.7.0.jar took 0.056 seconds
[2022-10-25T00:38:59.221+0000] {processor.py:156} INFO - Started process (PID=2980) to work on /opt/airflow/dags/hadoop-2.7.3/share/hadoop/kms/tomcat/webapps/kms/WEB-INF/lib/commons-beanutils-1.7.0.jar
[2022-10-25T00:38:59.225+0000] {processor.py:758} INFO - Processing file /opt/airflow/dags/hadoop-2.7.3/share/hadoop/kms/tomcat/webapps/kms/WEB-INF/lib/commons-beanutils-1.7.0.jar for tasks to queue
[2022-10-25T00:38:59.230+0000] {logging_mixin.py:117} INFO - [2022-10-25T00:38:59.230+0000] {dagbag.py:525} INFO - Filling up the DagBag from /opt/airflow/dags/hadoop-2.7.3/share/hadoop/kms/tomcat/webapps/kms/WEB-INF/lib/commons-beanutils-1.7.0.jar
[2022-10-25T00:38:59.243+0000] {processor.py:770} WARNING - No viable dags retrieved from /opt/airflow/dags/hadoop-2.7.3/share/hadoop/kms/tomcat/webapps/kms/WEB-INF/lib/commons-beanutils-1.7.0.jar
[2022-10-25T00:38:59.283+0000] {processor.py:178} INFO - Processing /opt/airflow/dags/hadoop-2.7.3/share/hadoop/kms/tomcat/webapps/kms/WEB-INF/lib/commons-beanutils-1.7.0.jar took 0.071 seconds
[2022-10-25T00:39:11.268+0000] {processor.py:156} INFO - Started process (PID=5472) to work on /opt/airflow/dags/hadoop-2.7.3/share/hadoop/kms/tomcat/webapps/kms/WEB-INF/lib/commons-beanutils-1.7.0.jar
[2022-10-25T00:39:11.272+0000] {processor.py:758} INFO - Processing file /opt/airflow/dags/hadoop-2.7.3/share/hadoop/kms/tomcat/webapps/kms/WEB-INF/lib/commons-beanutils-1.7.0.jar for tasks to queue
[2022-10-25T00:39:11.274+0000] {logging_mixin.py:117} INFO - [2022-10-25T00:39:11.274+0000] {dagbag.py:525} INFO - Filling up the DagBag from /opt/airflow/dags/hadoop-2.7.3/share/hadoop/kms/tomcat/webapps/kms/WEB-INF/lib/commons-beanutils-1.7.0.jar
[2022-10-25T00:39:11.285+0000] {processor.py:770} WARNING - No viable dags retrieved from /opt/airflow/dags/hadoop-2.7.3/share/hadoop/kms/tomcat/webapps/kms/WEB-INF/lib/commons-beanutils-1.7.0.jar
[2022-10-25T00:39:11.314+0000] {processor.py:178} INFO - Processing /opt/airflow/dags/hadoop-2.7.3/share/hadoop/kms/tomcat/webapps/kms/WEB-INF/lib/commons-beanutils-1.7.0.jar took 0.055 seconds
[2022-10-25T00:39:39.779+0000] {processor.py:156} INFO - Started process (PID=3496) to work on /opt/airflow/dags/hadoop-2.7.3/share/hadoop/kms/tomcat/webapps/kms/WEB-INF/lib/commons-beanutils-1.7.0.jar
[2022-10-25T00:39:39.783+0000] {processor.py:758} INFO - Processing file /opt/airflow/dags/hadoop-2.7.3/share/hadoop/kms/tomcat/webapps/kms/WEB-INF/lib/commons-beanutils-1.7.0.jar for tasks to queue
[2022-10-25T00:39:39.793+0000] {logging_mixin.py:117} INFO - [2022-10-25T00:39:39.792+0000] {dagbag.py:525} INFO - Filling up the DagBag from /opt/airflow/dags/hadoop-2.7.3/share/hadoop/kms/tomcat/webapps/kms/WEB-INF/lib/commons-beanutils-1.7.0.jar
[2022-10-25T00:39:39.803+0000] {processor.py:770} WARNING - No viable dags retrieved from /opt/airflow/dags/hadoop-2.7.3/share/hadoop/kms/tomcat/webapps/kms/WEB-INF/lib/commons-beanutils-1.7.0.jar
[2022-10-25T00:39:39.849+0000] {processor.py:178} INFO - Processing /opt/airflow/dags/hadoop-2.7.3/share/hadoop/kms/tomcat/webapps/kms/WEB-INF/lib/commons-beanutils-1.7.0.jar took 0.082 seconds
[2022-10-25T00:52:54.371+0000] {processor.py:156} INFO - Started process (PID=6065) to work on /opt/airflow/dags/hadoop-2.7.3/share/hadoop/kms/tomcat/webapps/kms/WEB-INF/lib/commons-beanutils-1.7.0.jar
[2022-10-25T00:52:54.375+0000] {processor.py:758} INFO - Processing file /opt/airflow/dags/hadoop-2.7.3/share/hadoop/kms/tomcat/webapps/kms/WEB-INF/lib/commons-beanutils-1.7.0.jar for tasks to queue
[2022-10-25T00:52:54.378+0000] {logging_mixin.py:117} INFO - [2022-10-25T00:52:54.377+0000] {dagbag.py:525} INFO - Filling up the DagBag from /opt/airflow/dags/hadoop-2.7.3/share/hadoop/kms/tomcat/webapps/kms/WEB-INF/lib/commons-beanutils-1.7.0.jar
[2022-10-25T00:52:54.390+0000] {processor.py:770} WARNING - No viable dags retrieved from /opt/airflow/dags/hadoop-2.7.3/share/hadoop/kms/tomcat/webapps/kms/WEB-INF/lib/commons-beanutils-1.7.0.jar
[2022-10-25T00:52:54.434+0000] {processor.py:178} INFO - Processing /opt/airflow/dags/hadoop-2.7.3/share/hadoop/kms/tomcat/webapps/kms/WEB-INF/lib/commons-beanutils-1.7.0.jar took 0.076 seconds
[2022-10-25T00:53:15.286+0000] {processor.py:156} INFO - Started process (PID=3979) to work on /opt/airflow/dags/hadoop-2.7.3/share/hadoop/kms/tomcat/webapps/kms/WEB-INF/lib/commons-beanutils-1.7.0.jar
[2022-10-25T00:53:15.289+0000] {processor.py:758} INFO - Processing file /opt/airflow/dags/hadoop-2.7.3/share/hadoop/kms/tomcat/webapps/kms/WEB-INF/lib/commons-beanutils-1.7.0.jar for tasks to queue
[2022-10-25T00:53:15.294+0000] {logging_mixin.py:117} INFO - [2022-10-25T00:53:15.294+0000] {dagbag.py:525} INFO - Filling up the DagBag from /opt/airflow/dags/hadoop-2.7.3/share/hadoop/kms/tomcat/webapps/kms/WEB-INF/lib/commons-beanutils-1.7.0.jar
[2022-10-25T00:53:15.311+0000] {processor.py:770} WARNING - No viable dags retrieved from /opt/airflow/dags/hadoop-2.7.3/share/hadoop/kms/tomcat/webapps/kms/WEB-INF/lib/commons-beanutils-1.7.0.jar
[2022-10-25T00:53:15.351+0000] {processor.py:178} INFO - Processing /opt/airflow/dags/hadoop-2.7.3/share/hadoop/kms/tomcat/webapps/kms/WEB-INF/lib/commons-beanutils-1.7.0.jar took 0.081 seconds
[2022-10-25T00:53:36.358+0000] {processor.py:156} INFO - Started process (PID=6581) to work on /opt/airflow/dags/hadoop-2.7.3/share/hadoop/kms/tomcat/webapps/kms/WEB-INF/lib/commons-beanutils-1.7.0.jar
[2022-10-25T00:53:36.360+0000] {processor.py:758} INFO - Processing file /opt/airflow/dags/hadoop-2.7.3/share/hadoop/kms/tomcat/webapps/kms/WEB-INF/lib/commons-beanutils-1.7.0.jar for tasks to queue
[2022-10-25T00:53:36.362+0000] {logging_mixin.py:117} INFO - [2022-10-25T00:53:36.362+0000] {dagbag.py:525} INFO - Filling up the DagBag from /opt/airflow/dags/hadoop-2.7.3/share/hadoop/kms/tomcat/webapps/kms/WEB-INF/lib/commons-beanutils-1.7.0.jar
[2022-10-25T00:53:36.375+0000] {processor.py:770} WARNING - No viable dags retrieved from /opt/airflow/dags/hadoop-2.7.3/share/hadoop/kms/tomcat/webapps/kms/WEB-INF/lib/commons-beanutils-1.7.0.jar
[2022-10-25T00:53:36.417+0000] {processor.py:178} INFO - Processing /opt/airflow/dags/hadoop-2.7.3/share/hadoop/kms/tomcat/webapps/kms/WEB-INF/lib/commons-beanutils-1.7.0.jar took 0.067 seconds
[2022-10-25T00:53:56.624+0000] {processor.py:156} INFO - Started process (PID=4494) to work on /opt/airflow/dags/hadoop-2.7.3/share/hadoop/kms/tomcat/webapps/kms/WEB-INF/lib/commons-beanutils-1.7.0.jar
[2022-10-25T00:53:56.628+0000] {processor.py:758} INFO - Processing file /opt/airflow/dags/hadoop-2.7.3/share/hadoop/kms/tomcat/webapps/kms/WEB-INF/lib/commons-beanutils-1.7.0.jar for tasks to queue
[2022-10-25T00:53:56.636+0000] {logging_mixin.py:117} INFO - [2022-10-25T00:53:56.636+0000] {dagbag.py:525} INFO - Filling up the DagBag from /opt/airflow/dags/hadoop-2.7.3/share/hadoop/kms/tomcat/webapps/kms/WEB-INF/lib/commons-beanutils-1.7.0.jar
[2022-10-25T00:53:56.644+0000] {processor.py:770} WARNING - No viable dags retrieved from /opt/airflow/dags/hadoop-2.7.3/share/hadoop/kms/tomcat/webapps/kms/WEB-INF/lib/commons-beanutils-1.7.0.jar
[2022-10-25T00:53:56.684+0000] {processor.py:178} INFO - Processing /opt/airflow/dags/hadoop-2.7.3/share/hadoop/kms/tomcat/webapps/kms/WEB-INF/lib/commons-beanutils-1.7.0.jar took 0.068 seconds
[2022-10-25T00:54:16.684+0000] {processor.py:156} INFO - Started process (PID=7096) to work on /opt/airflow/dags/hadoop-2.7.3/share/hadoop/kms/tomcat/webapps/kms/WEB-INF/lib/commons-beanutils-1.7.0.jar
[2022-10-25T00:54:16.691+0000] {processor.py:758} INFO - Processing file /opt/airflow/dags/hadoop-2.7.3/share/hadoop/kms/tomcat/webapps/kms/WEB-INF/lib/commons-beanutils-1.7.0.jar for tasks to queue
[2022-10-25T00:54:16.698+0000] {logging_mixin.py:117} INFO - [2022-10-25T00:54:16.698+0000] {dagbag.py:525} INFO - Filling up the DagBag from /opt/airflow/dags/hadoop-2.7.3/share/hadoop/kms/tomcat/webapps/kms/WEB-INF/lib/commons-beanutils-1.7.0.jar
[2022-10-25T00:54:16.718+0000] {processor.py:770} WARNING - No viable dags retrieved from /opt/airflow/dags/hadoop-2.7.3/share/hadoop/kms/tomcat/webapps/kms/WEB-INF/lib/commons-beanutils-1.7.0.jar
[2022-10-25T00:54:16.775+0000] {processor.py:178} INFO - Processing /opt/airflow/dags/hadoop-2.7.3/share/hadoop/kms/tomcat/webapps/kms/WEB-INF/lib/commons-beanutils-1.7.0.jar took 0.102 seconds
[2022-10-25T00:54:41.397+0000] {processor.py:156} INFO - Started process (PID=5001) to work on /opt/airflow/dags/hadoop-2.7.3/share/hadoop/kms/tomcat/webapps/kms/WEB-INF/lib/commons-beanutils-1.7.0.jar
[2022-10-25T00:54:41.402+0000] {processor.py:758} INFO - Processing file /opt/airflow/dags/hadoop-2.7.3/share/hadoop/kms/tomcat/webapps/kms/WEB-INF/lib/commons-beanutils-1.7.0.jar for tasks to queue
[2022-10-25T00:54:41.412+0000] {logging_mixin.py:117} INFO - [2022-10-25T00:54:41.412+0000] {dagbag.py:525} INFO - Filling up the DagBag from /opt/airflow/dags/hadoop-2.7.3/share/hadoop/kms/tomcat/webapps/kms/WEB-INF/lib/commons-beanutils-1.7.0.jar
[2022-10-25T00:54:41.427+0000] {processor.py:770} WARNING - No viable dags retrieved from /opt/airflow/dags/hadoop-2.7.3/share/hadoop/kms/tomcat/webapps/kms/WEB-INF/lib/commons-beanutils-1.7.0.jar
[2022-10-25T00:54:41.479+0000] {processor.py:178} INFO - Processing /opt/airflow/dags/hadoop-2.7.3/share/hadoop/kms/tomcat/webapps/kms/WEB-INF/lib/commons-beanutils-1.7.0.jar took 0.093 seconds
[2022-10-25T00:55:15.732+0000] {processor.py:156} INFO - Started process (PID=7596) to work on /opt/airflow/dags/hadoop-2.7.3/share/hadoop/kms/tomcat/webapps/kms/WEB-INF/lib/commons-beanutils-1.7.0.jar
[2022-10-25T00:55:15.737+0000] {processor.py:758} INFO - Processing file /opt/airflow/dags/hadoop-2.7.3/share/hadoop/kms/tomcat/webapps/kms/WEB-INF/lib/commons-beanutils-1.7.0.jar for tasks to queue
[2022-10-25T00:55:15.744+0000] {logging_mixin.py:117} INFO - [2022-10-25T00:55:15.743+0000] {dagbag.py:525} INFO - Filling up the DagBag from /opt/airflow/dags/hadoop-2.7.3/share/hadoop/kms/tomcat/webapps/kms/WEB-INF/lib/commons-beanutils-1.7.0.jar
[2022-10-25T00:55:15.773+0000] {processor.py:770} WARNING - No viable dags retrieved from /opt/airflow/dags/hadoop-2.7.3/share/hadoop/kms/tomcat/webapps/kms/WEB-INF/lib/commons-beanutils-1.7.0.jar
[2022-10-25T00:55:15.905+0000] {processor.py:178} INFO - Processing /opt/airflow/dags/hadoop-2.7.3/share/hadoop/kms/tomcat/webapps/kms/WEB-INF/lib/commons-beanutils-1.7.0.jar took 0.191 seconds
[2022-10-25T00:55:52.266+0000] {processor.py:156} INFO - Started process (PID=5509) to work on /opt/airflow/dags/hadoop-2.7.3/share/hadoop/kms/tomcat/webapps/kms/WEB-INF/lib/commons-beanutils-1.7.0.jar
[2022-10-25T00:55:52.274+0000] {processor.py:758} INFO - Processing file /opt/airflow/dags/hadoop-2.7.3/share/hadoop/kms/tomcat/webapps/kms/WEB-INF/lib/commons-beanutils-1.7.0.jar for tasks to queue
[2022-10-25T00:55:52.289+0000] {logging_mixin.py:117} INFO - [2022-10-25T00:55:52.288+0000] {dagbag.py:525} INFO - Filling up the DagBag from /opt/airflow/dags/hadoop-2.7.3/share/hadoop/kms/tomcat/webapps/kms/WEB-INF/lib/commons-beanutils-1.7.0.jar
[2022-10-25T00:55:52.307+0000] {processor.py:770} WARNING - No viable dags retrieved from /opt/airflow/dags/hadoop-2.7.3/share/hadoop/kms/tomcat/webapps/kms/WEB-INF/lib/commons-beanutils-1.7.0.jar
[2022-10-25T00:55:52.393+0000] {processor.py:178} INFO - Processing /opt/airflow/dags/hadoop-2.7.3/share/hadoop/kms/tomcat/webapps/kms/WEB-INF/lib/commons-beanutils-1.7.0.jar took 0.146 seconds
[2022-10-25T14:08:47.576+0000] {processor.py:156} INFO - Started process (PID=18798) to work on /opt/airflow/dags/hadoop-2.7.3/share/hadoop/kms/tomcat/webapps/kms/WEB-INF/lib/commons-beanutils-1.7.0.jar
[2022-10-25T14:08:47.578+0000] {processor.py:758} INFO - Processing file /opt/airflow/dags/hadoop-2.7.3/share/hadoop/kms/tomcat/webapps/kms/WEB-INF/lib/commons-beanutils-1.7.0.jar for tasks to queue
[2022-10-25T14:08:47.580+0000] {logging_mixin.py:117} INFO - [2022-10-25T14:08:47.580+0000] {dagbag.py:525} INFO - Filling up the DagBag from /opt/airflow/dags/hadoop-2.7.3/share/hadoop/kms/tomcat/webapps/kms/WEB-INF/lib/commons-beanutils-1.7.0.jar
[2022-10-25T14:08:47.598+0000] {processor.py:770} WARNING - No viable dags retrieved from /opt/airflow/dags/hadoop-2.7.3/share/hadoop/kms/tomcat/webapps/kms/WEB-INF/lib/commons-beanutils-1.7.0.jar
[2022-10-25T14:08:47.656+0000] {processor.py:178} INFO - Processing /opt/airflow/dags/hadoop-2.7.3/share/hadoop/kms/tomcat/webapps/kms/WEB-INF/lib/commons-beanutils-1.7.0.jar took 0.095 seconds
[2022-10-25T14:09:03.610+0000] {processor.py:156} INFO - Started process (PID=17711) to work on /opt/airflow/dags/hadoop-2.7.3/share/hadoop/kms/tomcat/webapps/kms/WEB-INF/lib/commons-beanutils-1.7.0.jar
[2022-10-25T14:09:03.616+0000] {processor.py:758} INFO - Processing file /opt/airflow/dags/hadoop-2.7.3/share/hadoop/kms/tomcat/webapps/kms/WEB-INF/lib/commons-beanutils-1.7.0.jar for tasks to queue
[2022-10-25T14:09:03.619+0000] {logging_mixin.py:117} INFO - [2022-10-25T14:09:03.619+0000] {dagbag.py:525} INFO - Filling up the DagBag from /opt/airflow/dags/hadoop-2.7.3/share/hadoop/kms/tomcat/webapps/kms/WEB-INF/lib/commons-beanutils-1.7.0.jar
[2022-10-25T14:09:03.631+0000] {processor.py:770} WARNING - No viable dags retrieved from /opt/airflow/dags/hadoop-2.7.3/share/hadoop/kms/tomcat/webapps/kms/WEB-INF/lib/commons-beanutils-1.7.0.jar
[2022-10-25T14:09:03.695+0000] {processor.py:178} INFO - Processing /opt/airflow/dags/hadoop-2.7.3/share/hadoop/kms/tomcat/webapps/kms/WEB-INF/lib/commons-beanutils-1.7.0.jar took 0.092 seconds
[2022-10-25T14:09:33.891+0000] {processor.py:156} INFO - Started process (PID=19315) to work on /opt/airflow/dags/hadoop-2.7.3/share/hadoop/kms/tomcat/webapps/kms/WEB-INF/lib/commons-beanutils-1.7.0.jar
[2022-10-25T14:09:33.893+0000] {processor.py:758} INFO - Processing file /opt/airflow/dags/hadoop-2.7.3/share/hadoop/kms/tomcat/webapps/kms/WEB-INF/lib/commons-beanutils-1.7.0.jar for tasks to queue
[2022-10-25T14:09:33.895+0000] {logging_mixin.py:117} INFO - [2022-10-25T14:09:33.895+0000] {dagbag.py:525} INFO - Filling up the DagBag from /opt/airflow/dags/hadoop-2.7.3/share/hadoop/kms/tomcat/webapps/kms/WEB-INF/lib/commons-beanutils-1.7.0.jar
[2022-10-25T14:09:33.905+0000] {processor.py:770} WARNING - No viable dags retrieved from /opt/airflow/dags/hadoop-2.7.3/share/hadoop/kms/tomcat/webapps/kms/WEB-INF/lib/commons-beanutils-1.7.0.jar
[2022-10-25T14:09:33.940+0000] {processor.py:178} INFO - Processing /opt/airflow/dags/hadoop-2.7.3/share/hadoop/kms/tomcat/webapps/kms/WEB-INF/lib/commons-beanutils-1.7.0.jar took 0.054 seconds
[2022-10-25T14:09:47.338+0000] {processor.py:156} INFO - Started process (PID=18226) to work on /opt/airflow/dags/hadoop-2.7.3/share/hadoop/kms/tomcat/webapps/kms/WEB-INF/lib/commons-beanutils-1.7.0.jar
[2022-10-25T14:09:47.341+0000] {processor.py:758} INFO - Processing file /opt/airflow/dags/hadoop-2.7.3/share/hadoop/kms/tomcat/webapps/kms/WEB-INF/lib/commons-beanutils-1.7.0.jar for tasks to queue
[2022-10-25T14:09:47.343+0000] {logging_mixin.py:117} INFO - [2022-10-25T14:09:47.343+0000] {dagbag.py:525} INFO - Filling up the DagBag from /opt/airflow/dags/hadoop-2.7.3/share/hadoop/kms/tomcat/webapps/kms/WEB-INF/lib/commons-beanutils-1.7.0.jar
[2022-10-25T14:09:47.350+0000] {processor.py:770} WARNING - No viable dags retrieved from /opt/airflow/dags/hadoop-2.7.3/share/hadoop/kms/tomcat/webapps/kms/WEB-INF/lib/commons-beanutils-1.7.0.jar
[2022-10-25T14:09:47.379+0000] {processor.py:178} INFO - Processing /opt/airflow/dags/hadoop-2.7.3/share/hadoop/kms/tomcat/webapps/kms/WEB-INF/lib/commons-beanutils-1.7.0.jar took 0.049 seconds
[2022-10-25T14:10:14.163+0000] {processor.py:156} INFO - Started process (PID=19831) to work on /opt/airflow/dags/hadoop-2.7.3/share/hadoop/kms/tomcat/webapps/kms/WEB-INF/lib/commons-beanutils-1.7.0.jar
[2022-10-25T14:10:14.166+0000] {processor.py:758} INFO - Processing file /opt/airflow/dags/hadoop-2.7.3/share/hadoop/kms/tomcat/webapps/kms/WEB-INF/lib/commons-beanutils-1.7.0.jar for tasks to queue
[2022-10-25T14:10:14.168+0000] {logging_mixin.py:117} INFO - [2022-10-25T14:10:14.167+0000] {dagbag.py:525} INFO - Filling up the DagBag from /opt/airflow/dags/hadoop-2.7.3/share/hadoop/kms/tomcat/webapps/kms/WEB-INF/lib/commons-beanutils-1.7.0.jar
[2022-10-25T14:10:14.182+0000] {processor.py:770} WARNING - No viable dags retrieved from /opt/airflow/dags/hadoop-2.7.3/share/hadoop/kms/tomcat/webapps/kms/WEB-INF/lib/commons-beanutils-1.7.0.jar
[2022-10-25T14:10:14.226+0000] {processor.py:178} INFO - Processing /opt/airflow/dags/hadoop-2.7.3/share/hadoop/kms/tomcat/webapps/kms/WEB-INF/lib/commons-beanutils-1.7.0.jar took 0.071 seconds
[2022-10-25T14:10:30.630+0000] {processor.py:156} INFO - Started process (PID=18740) to work on /opt/airflow/dags/hadoop-2.7.3/share/hadoop/kms/tomcat/webapps/kms/WEB-INF/lib/commons-beanutils-1.7.0.jar
[2022-10-25T14:10:30.633+0000] {processor.py:758} INFO - Processing file /opt/airflow/dags/hadoop-2.7.3/share/hadoop/kms/tomcat/webapps/kms/WEB-INF/lib/commons-beanutils-1.7.0.jar for tasks to queue
[2022-10-25T14:10:30.635+0000] {logging_mixin.py:117} INFO - [2022-10-25T14:10:30.635+0000] {dagbag.py:525} INFO - Filling up the DagBag from /opt/airflow/dags/hadoop-2.7.3/share/hadoop/kms/tomcat/webapps/kms/WEB-INF/lib/commons-beanutils-1.7.0.jar
[2022-10-25T14:10:30.646+0000] {processor.py:770} WARNING - No viable dags retrieved from /opt/airflow/dags/hadoop-2.7.3/share/hadoop/kms/tomcat/webapps/kms/WEB-INF/lib/commons-beanutils-1.7.0.jar
[2022-10-25T14:10:30.699+0000] {processor.py:178} INFO - Processing /opt/airflow/dags/hadoop-2.7.3/share/hadoop/kms/tomcat/webapps/kms/WEB-INF/lib/commons-beanutils-1.7.0.jar took 0.076 seconds
[2022-10-25T14:10:58.767+0000] {processor.py:156} INFO - Started process (PID=20352) to work on /opt/airflow/dags/hadoop-2.7.3/share/hadoop/kms/tomcat/webapps/kms/WEB-INF/lib/commons-beanutils-1.7.0.jar
[2022-10-25T14:10:58.770+0000] {processor.py:758} INFO - Processing file /opt/airflow/dags/hadoop-2.7.3/share/hadoop/kms/tomcat/webapps/kms/WEB-INF/lib/commons-beanutils-1.7.0.jar for tasks to queue
[2022-10-25T14:10:58.772+0000] {logging_mixin.py:117} INFO - [2022-10-25T14:10:58.772+0000] {dagbag.py:525} INFO - Filling up the DagBag from /opt/airflow/dags/hadoop-2.7.3/share/hadoop/kms/tomcat/webapps/kms/WEB-INF/lib/commons-beanutils-1.7.0.jar
[2022-10-25T14:10:58.784+0000] {processor.py:770} WARNING - No viable dags retrieved from /opt/airflow/dags/hadoop-2.7.3/share/hadoop/kms/tomcat/webapps/kms/WEB-INF/lib/commons-beanutils-1.7.0.jar
[2022-10-25T14:10:58.821+0000] {processor.py:178} INFO - Processing /opt/airflow/dags/hadoop-2.7.3/share/hadoop/kms/tomcat/webapps/kms/WEB-INF/lib/commons-beanutils-1.7.0.jar took 0.064 seconds
[2022-10-25T14:11:10.600+0000] {processor.py:156} INFO - Started process (PID=19227) to work on /opt/airflow/dags/hadoop-2.7.3/share/hadoop/kms/tomcat/webapps/kms/WEB-INF/lib/commons-beanutils-1.7.0.jar
[2022-10-25T14:11:10.605+0000] {processor.py:758} INFO - Processing file /opt/airflow/dags/hadoop-2.7.3/share/hadoop/kms/tomcat/webapps/kms/WEB-INF/lib/commons-beanutils-1.7.0.jar for tasks to queue
[2022-10-25T14:11:10.608+0000] {logging_mixin.py:117} INFO - [2022-10-25T14:11:10.607+0000] {dagbag.py:525} INFO - Filling up the DagBag from /opt/airflow/dags/hadoop-2.7.3/share/hadoop/kms/tomcat/webapps/kms/WEB-INF/lib/commons-beanutils-1.7.0.jar
[2022-10-25T14:11:10.619+0000] {processor.py:770} WARNING - No viable dags retrieved from /opt/airflow/dags/hadoop-2.7.3/share/hadoop/kms/tomcat/webapps/kms/WEB-INF/lib/commons-beanutils-1.7.0.jar
[2022-10-25T14:11:10.650+0000] {processor.py:178} INFO - Processing /opt/airflow/dags/hadoop-2.7.3/share/hadoop/kms/tomcat/webapps/kms/WEB-INF/lib/commons-beanutils-1.7.0.jar took 0.060 seconds
[2022-10-25T14:11:39.534+0000] {processor.py:156} INFO - Started process (PID=20868) to work on /opt/airflow/dags/hadoop-2.7.3/share/hadoop/kms/tomcat/webapps/kms/WEB-INF/lib/commons-beanutils-1.7.0.jar
[2022-10-25T14:11:39.540+0000] {processor.py:758} INFO - Processing file /opt/airflow/dags/hadoop-2.7.3/share/hadoop/kms/tomcat/webapps/kms/WEB-INF/lib/commons-beanutils-1.7.0.jar for tasks to queue
[2022-10-25T14:11:39.542+0000] {logging_mixin.py:117} INFO - [2022-10-25T14:11:39.542+0000] {dagbag.py:525} INFO - Filling up the DagBag from /opt/airflow/dags/hadoop-2.7.3/share/hadoop/kms/tomcat/webapps/kms/WEB-INF/lib/commons-beanutils-1.7.0.jar
[2022-10-25T14:11:39.556+0000] {processor.py:770} WARNING - No viable dags retrieved from /opt/airflow/dags/hadoop-2.7.3/share/hadoop/kms/tomcat/webapps/kms/WEB-INF/lib/commons-beanutils-1.7.0.jar
[2022-10-25T14:11:39.611+0000] {processor.py:178} INFO - Processing /opt/airflow/dags/hadoop-2.7.3/share/hadoop/kms/tomcat/webapps/kms/WEB-INF/lib/commons-beanutils-1.7.0.jar took 0.087 seconds
[2022-10-25T14:11:53.129+0000] {processor.py:156} INFO - Started process (PID=19742) to work on /opt/airflow/dags/hadoop-2.7.3/share/hadoop/kms/tomcat/webapps/kms/WEB-INF/lib/commons-beanutils-1.7.0.jar
[2022-10-25T14:11:53.132+0000] {processor.py:758} INFO - Processing file /opt/airflow/dags/hadoop-2.7.3/share/hadoop/kms/tomcat/webapps/kms/WEB-INF/lib/commons-beanutils-1.7.0.jar for tasks to queue
[2022-10-25T14:11:53.136+0000] {logging_mixin.py:117} INFO - [2022-10-25T14:11:53.135+0000] {dagbag.py:525} INFO - Filling up the DagBag from /opt/airflow/dags/hadoop-2.7.3/share/hadoop/kms/tomcat/webapps/kms/WEB-INF/lib/commons-beanutils-1.7.0.jar
[2022-10-25T14:11:53.146+0000] {processor.py:770} WARNING - No viable dags retrieved from /opt/airflow/dags/hadoop-2.7.3/share/hadoop/kms/tomcat/webapps/kms/WEB-INF/lib/commons-beanutils-1.7.0.jar
[2022-10-25T14:11:53.188+0000] {processor.py:178} INFO - Processing /opt/airflow/dags/hadoop-2.7.3/share/hadoop/kms/tomcat/webapps/kms/WEB-INF/lib/commons-beanutils-1.7.0.jar took 0.071 seconds
[2022-10-25T14:12:37.743+0000] {processor.py:156} INFO - Started process (PID=20235) to work on /opt/airflow/dags/hadoop-2.7.3/share/hadoop/kms/tomcat/webapps/kms/WEB-INF/lib/commons-beanutils-1.7.0.jar
[2022-10-25T14:12:37.752+0000] {processor.py:758} INFO - Processing file /opt/airflow/dags/hadoop-2.7.3/share/hadoop/kms/tomcat/webapps/kms/WEB-INF/lib/commons-beanutils-1.7.0.jar for tasks to queue
[2022-10-25T14:12:37.756+0000] {logging_mixin.py:117} INFO - [2022-10-25T14:12:37.755+0000] {dagbag.py:525} INFO - Filling up the DagBag from /opt/airflow/dags/hadoop-2.7.3/share/hadoop/kms/tomcat/webapps/kms/WEB-INF/lib/commons-beanutils-1.7.0.jar
[2022-10-25T14:12:37.772+0000] {processor.py:770} WARNING - No viable dags retrieved from /opt/airflow/dags/hadoop-2.7.3/share/hadoop/kms/tomcat/webapps/kms/WEB-INF/lib/commons-beanutils-1.7.0.jar
[2022-10-25T14:12:37.818+0000] {processor.py:178} INFO - Processing /opt/airflow/dags/hadoop-2.7.3/share/hadoop/kms/tomcat/webapps/kms/WEB-INF/lib/commons-beanutils-1.7.0.jar took 0.083 seconds
[2022-10-25T14:13:12.326+0000] {processor.py:156} INFO - Started process (PID=21463) to work on /opt/airflow/dags/hadoop-2.7.3/share/hadoop/kms/tomcat/webapps/kms/WEB-INF/lib/commons-beanutils-1.7.0.jar
[2022-10-25T14:13:12.329+0000] {processor.py:758} INFO - Processing file /opt/airflow/dags/hadoop-2.7.3/share/hadoop/kms/tomcat/webapps/kms/WEB-INF/lib/commons-beanutils-1.7.0.jar for tasks to queue
[2022-10-25T14:13:12.331+0000] {logging_mixin.py:117} INFO - [2022-10-25T14:13:12.331+0000] {dagbag.py:525} INFO - Filling up the DagBag from /opt/airflow/dags/hadoop-2.7.3/share/hadoop/kms/tomcat/webapps/kms/WEB-INF/lib/commons-beanutils-1.7.0.jar
[2022-10-25T14:13:12.341+0000] {processor.py:770} WARNING - No viable dags retrieved from /opt/airflow/dags/hadoop-2.7.3/share/hadoop/kms/tomcat/webapps/kms/WEB-INF/lib/commons-beanutils-1.7.0.jar
[2022-10-25T14:13:12.376+0000] {processor.py:178} INFO - Processing /opt/airflow/dags/hadoop-2.7.3/share/hadoop/kms/tomcat/webapps/kms/WEB-INF/lib/commons-beanutils-1.7.0.jar took 0.057 seconds
[2022-10-25T14:13:50.775+0000] {processor.py:156} INFO - Started process (PID=21971) to work on /opt/airflow/dags/hadoop-2.7.3/share/hadoop/kms/tomcat/webapps/kms/WEB-INF/lib/commons-beanutils-1.7.0.jar
[2022-10-25T14:13:50.779+0000] {processor.py:758} INFO - Processing file /opt/airflow/dags/hadoop-2.7.3/share/hadoop/kms/tomcat/webapps/kms/WEB-INF/lib/commons-beanutils-1.7.0.jar for tasks to queue
[2022-10-25T14:13:50.783+0000] {logging_mixin.py:117} INFO - [2022-10-25T14:13:50.782+0000] {dagbag.py:525} INFO - Filling up the DagBag from /opt/airflow/dags/hadoop-2.7.3/share/hadoop/kms/tomcat/webapps/kms/WEB-INF/lib/commons-beanutils-1.7.0.jar
[2022-10-25T14:13:50.796+0000] {processor.py:770} WARNING - No viable dags retrieved from /opt/airflow/dags/hadoop-2.7.3/share/hadoop/kms/tomcat/webapps/kms/WEB-INF/lib/commons-beanutils-1.7.0.jar
[2022-10-25T14:13:50.842+0000] {processor.py:178} INFO - Processing /opt/airflow/dags/hadoop-2.7.3/share/hadoop/kms/tomcat/webapps/kms/WEB-INF/lib/commons-beanutils-1.7.0.jar took 0.077 seconds
[2022-10-25T14:14:00.288+0000] {processor.py:156} INFO - Started process (PID=20769) to work on /opt/airflow/dags/hadoop-2.7.3/share/hadoop/kms/tomcat/webapps/kms/WEB-INF/lib/commons-beanutils-1.7.0.jar
[2022-10-25T14:14:00.292+0000] {processor.py:758} INFO - Processing file /opt/airflow/dags/hadoop-2.7.3/share/hadoop/kms/tomcat/webapps/kms/WEB-INF/lib/commons-beanutils-1.7.0.jar for tasks to queue
[2022-10-25T14:14:00.295+0000] {logging_mixin.py:117} INFO - [2022-10-25T14:14:00.295+0000] {dagbag.py:525} INFO - Filling up the DagBag from /opt/airflow/dags/hadoop-2.7.3/share/hadoop/kms/tomcat/webapps/kms/WEB-INF/lib/commons-beanutils-1.7.0.jar
[2022-10-25T14:14:00.305+0000] {processor.py:770} WARNING - No viable dags retrieved from /opt/airflow/dags/hadoop-2.7.3/share/hadoop/kms/tomcat/webapps/kms/WEB-INF/lib/commons-beanutils-1.7.0.jar
[2022-10-25T14:14:00.356+0000] {processor.py:178} INFO - Processing /opt/airflow/dags/hadoop-2.7.3/share/hadoop/kms/tomcat/webapps/kms/WEB-INF/lib/commons-beanutils-1.7.0.jar took 0.083 seconds
[2022-10-25T14:14:26.540+0000] {processor.py:156} INFO - Started process (PID=22363) to work on /opt/airflow/dags/hadoop-2.7.3/share/hadoop/kms/tomcat/webapps/kms/WEB-INF/lib/commons-beanutils-1.7.0.jar
[2022-10-25T14:14:26.545+0000] {processor.py:758} INFO - Processing file /opt/airflow/dags/hadoop-2.7.3/share/hadoop/kms/tomcat/webapps/kms/WEB-INF/lib/commons-beanutils-1.7.0.jar for tasks to queue
[2022-10-25T14:14:26.548+0000] {logging_mixin.py:117} INFO - [2022-10-25T14:14:26.548+0000] {dagbag.py:525} INFO - Filling up the DagBag from /opt/airflow/dags/hadoop-2.7.3/share/hadoop/kms/tomcat/webapps/kms/WEB-INF/lib/commons-beanutils-1.7.0.jar
[2022-10-25T14:14:26.561+0000] {processor.py:770} WARNING - No viable dags retrieved from /opt/airflow/dags/hadoop-2.7.3/share/hadoop/kms/tomcat/webapps/kms/WEB-INF/lib/commons-beanutils-1.7.0.jar
[2022-10-25T14:14:26.620+0000] {processor.py:178} INFO - Processing /opt/airflow/dags/hadoop-2.7.3/share/hadoop/kms/tomcat/webapps/kms/WEB-INF/lib/commons-beanutils-1.7.0.jar took 0.092 seconds
[2022-10-25T14:14:48.055+0000] {processor.py:156} INFO - Started process (PID=21284) to work on /opt/airflow/dags/hadoop-2.7.3/share/hadoop/kms/tomcat/webapps/kms/WEB-INF/lib/commons-beanutils-1.7.0.jar
[2022-10-25T14:14:48.057+0000] {processor.py:758} INFO - Processing file /opt/airflow/dags/hadoop-2.7.3/share/hadoop/kms/tomcat/webapps/kms/WEB-INF/lib/commons-beanutils-1.7.0.jar for tasks to queue
[2022-10-25T14:14:48.059+0000] {logging_mixin.py:117} INFO - [2022-10-25T14:14:48.059+0000] {dagbag.py:525} INFO - Filling up the DagBag from /opt/airflow/dags/hadoop-2.7.3/share/hadoop/kms/tomcat/webapps/kms/WEB-INF/lib/commons-beanutils-1.7.0.jar
[2022-10-25T14:14:48.070+0000] {processor.py:770} WARNING - No viable dags retrieved from /opt/airflow/dags/hadoop-2.7.3/share/hadoop/kms/tomcat/webapps/kms/WEB-INF/lib/commons-beanutils-1.7.0.jar
[2022-10-25T14:14:48.097+0000] {processor.py:178} INFO - Processing /opt/airflow/dags/hadoop-2.7.3/share/hadoop/kms/tomcat/webapps/kms/WEB-INF/lib/commons-beanutils-1.7.0.jar took 0.049 seconds
[2022-10-25T14:15:14.723+0000] {processor.py:156} INFO - Started process (PID=22859) to work on /opt/airflow/dags/hadoop-2.7.3/share/hadoop/kms/tomcat/webapps/kms/WEB-INF/lib/commons-beanutils-1.7.0.jar
[2022-10-25T14:15:14.729+0000] {processor.py:758} INFO - Processing file /opt/airflow/dags/hadoop-2.7.3/share/hadoop/kms/tomcat/webapps/kms/WEB-INF/lib/commons-beanutils-1.7.0.jar for tasks to queue
[2022-10-25T14:15:14.739+0000] {logging_mixin.py:117} INFO - [2022-10-25T14:15:14.739+0000] {dagbag.py:525} INFO - Filling up the DagBag from /opt/airflow/dags/hadoop-2.7.3/share/hadoop/kms/tomcat/webapps/kms/WEB-INF/lib/commons-beanutils-1.7.0.jar
[2022-10-25T14:15:14.759+0000] {processor.py:770} WARNING - No viable dags retrieved from /opt/airflow/dags/hadoop-2.7.3/share/hadoop/kms/tomcat/webapps/kms/WEB-INF/lib/commons-beanutils-1.7.0.jar
[2022-10-25T14:15:14.847+0000] {processor.py:178} INFO - Processing /opt/airflow/dags/hadoop-2.7.3/share/hadoop/kms/tomcat/webapps/kms/WEB-INF/lib/commons-beanutils-1.7.0.jar took 0.138 seconds
[2022-10-25T14:15:50.478+0000] {processor.py:156} INFO - Started process (PID=21827) to work on /opt/airflow/dags/hadoop-2.7.3/share/hadoop/kms/tomcat/webapps/kms/WEB-INF/lib/commons-beanutils-1.7.0.jar
[2022-10-25T14:15:50.482+0000] {processor.py:758} INFO - Processing file /opt/airflow/dags/hadoop-2.7.3/share/hadoop/kms/tomcat/webapps/kms/WEB-INF/lib/commons-beanutils-1.7.0.jar for tasks to queue
[2022-10-25T14:15:50.486+0000] {logging_mixin.py:117} INFO - [2022-10-25T14:15:50.485+0000] {dagbag.py:525} INFO - Filling up the DagBag from /opt/airflow/dags/hadoop-2.7.3/share/hadoop/kms/tomcat/webapps/kms/WEB-INF/lib/commons-beanutils-1.7.0.jar
[2022-10-25T14:15:50.503+0000] {processor.py:770} WARNING - No viable dags retrieved from /opt/airflow/dags/hadoop-2.7.3/share/hadoop/kms/tomcat/webapps/kms/WEB-INF/lib/commons-beanutils-1.7.0.jar
[2022-10-25T14:15:50.583+0000] {processor.py:178} INFO - Processing /opt/airflow/dags/hadoop-2.7.3/share/hadoop/kms/tomcat/webapps/kms/WEB-INF/lib/commons-beanutils-1.7.0.jar took 0.119 seconds
[2022-10-25T14:16:04.753+0000] {processor.py:156} INFO - Started process (PID=23294) to work on /opt/airflow/dags/hadoop-2.7.3/share/hadoop/kms/tomcat/webapps/kms/WEB-INF/lib/commons-beanutils-1.7.0.jar
[2022-10-25T14:16:04.757+0000] {processor.py:758} INFO - Processing file /opt/airflow/dags/hadoop-2.7.3/share/hadoop/kms/tomcat/webapps/kms/WEB-INF/lib/commons-beanutils-1.7.0.jar for tasks to queue
[2022-10-25T14:16:04.759+0000] {logging_mixin.py:117} INFO - [2022-10-25T14:16:04.759+0000] {dagbag.py:525} INFO - Filling up the DagBag from /opt/airflow/dags/hadoop-2.7.3/share/hadoop/kms/tomcat/webapps/kms/WEB-INF/lib/commons-beanutils-1.7.0.jar
[2022-10-25T14:16:04.774+0000] {processor.py:770} WARNING - No viable dags retrieved from /opt/airflow/dags/hadoop-2.7.3/share/hadoop/kms/tomcat/webapps/kms/WEB-INF/lib/commons-beanutils-1.7.0.jar
[2022-10-25T14:16:04.824+0000] {processor.py:178} INFO - Processing /opt/airflow/dags/hadoop-2.7.3/share/hadoop/kms/tomcat/webapps/kms/WEB-INF/lib/commons-beanutils-1.7.0.jar took 0.079 seconds
[2022-10-25T14:16:37.651+0000] {processor.py:156} INFO - Started process (PID=22331) to work on /opt/airflow/dags/hadoop-2.7.3/share/hadoop/kms/tomcat/webapps/kms/WEB-INF/lib/commons-beanutils-1.7.0.jar
[2022-10-25T14:16:37.656+0000] {processor.py:758} INFO - Processing file /opt/airflow/dags/hadoop-2.7.3/share/hadoop/kms/tomcat/webapps/kms/WEB-INF/lib/commons-beanutils-1.7.0.jar for tasks to queue
[2022-10-25T14:16:37.660+0000] {logging_mixin.py:117} INFO - [2022-10-25T14:16:37.660+0000] {dagbag.py:525} INFO - Filling up the DagBag from /opt/airflow/dags/hadoop-2.7.3/share/hadoop/kms/tomcat/webapps/kms/WEB-INF/lib/commons-beanutils-1.7.0.jar
[2022-10-25T14:16:37.680+0000] {processor.py:770} WARNING - No viable dags retrieved from /opt/airflow/dags/hadoop-2.7.3/share/hadoop/kms/tomcat/webapps/kms/WEB-INF/lib/commons-beanutils-1.7.0.jar
[2022-10-25T14:16:37.731+0000] {processor.py:178} INFO - Processing /opt/airflow/dags/hadoop-2.7.3/share/hadoop/kms/tomcat/webapps/kms/WEB-INF/lib/commons-beanutils-1.7.0.jar took 0.090 seconds
[2022-10-25T14:17:07.810+0000] {processor.py:156} INFO - Started process (PID=23902) to work on /opt/airflow/dags/hadoop-2.7.3/share/hadoop/kms/tomcat/webapps/kms/WEB-INF/lib/commons-beanutils-1.7.0.jar
[2022-10-25T14:17:07.821+0000] {processor.py:758} INFO - Processing file /opt/airflow/dags/hadoop-2.7.3/share/hadoop/kms/tomcat/webapps/kms/WEB-INF/lib/commons-beanutils-1.7.0.jar for tasks to queue
[2022-10-25T14:17:07.830+0000] {logging_mixin.py:117} INFO - [2022-10-25T14:17:07.830+0000] {dagbag.py:525} INFO - Filling up the DagBag from /opt/airflow/dags/hadoop-2.7.3/share/hadoop/kms/tomcat/webapps/kms/WEB-INF/lib/commons-beanutils-1.7.0.jar
[2022-10-25T14:17:07.846+0000] {processor.py:770} WARNING - No viable dags retrieved from /opt/airflow/dags/hadoop-2.7.3/share/hadoop/kms/tomcat/webapps/kms/WEB-INF/lib/commons-beanutils-1.7.0.jar
[2022-10-25T14:17:07.909+0000] {processor.py:178} INFO - Processing /opt/airflow/dags/hadoop-2.7.3/share/hadoop/kms/tomcat/webapps/kms/WEB-INF/lib/commons-beanutils-1.7.0.jar took 0.124 seconds
[2022-10-25T14:17:28.950+0000] {processor.py:156} INFO - Started process (PID=22805) to work on /opt/airflow/dags/hadoop-2.7.3/share/hadoop/kms/tomcat/webapps/kms/WEB-INF/lib/commons-beanutils-1.7.0.jar
[2022-10-25T14:17:28.955+0000] {processor.py:758} INFO - Processing file /opt/airflow/dags/hadoop-2.7.3/share/hadoop/kms/tomcat/webapps/kms/WEB-INF/lib/commons-beanutils-1.7.0.jar for tasks to queue
[2022-10-25T14:17:28.958+0000] {logging_mixin.py:117} INFO - [2022-10-25T14:17:28.958+0000] {dagbag.py:525} INFO - Filling up the DagBag from /opt/airflow/dags/hadoop-2.7.3/share/hadoop/kms/tomcat/webapps/kms/WEB-INF/lib/commons-beanutils-1.7.0.jar
[2022-10-25T14:17:28.969+0000] {processor.py:770} WARNING - No viable dags retrieved from /opt/airflow/dags/hadoop-2.7.3/share/hadoop/kms/tomcat/webapps/kms/WEB-INF/lib/commons-beanutils-1.7.0.jar
[2022-10-25T14:17:29.030+0000] {processor.py:178} INFO - Processing /opt/airflow/dags/hadoop-2.7.3/share/hadoop/kms/tomcat/webapps/kms/WEB-INF/lib/commons-beanutils-1.7.0.jar took 0.092 seconds
