[2022-10-22T00:00:44.276+0000] {processor.py:156} INFO - Started process (PID=16990) to work on /opt/airflow/dags/hadoop-2.7.3/share/hadoop/tools/lib/asm-3.2.jar
[2022-10-22T00:00:44.285+0000] {processor.py:758} INFO - Processing file /opt/airflow/dags/hadoop-2.7.3/share/hadoop/tools/lib/asm-3.2.jar for tasks to queue
[2022-10-22T00:00:44.293+0000] {logging_mixin.py:117} INFO - [2022-10-22T00:00:44.292+0000] {dagbag.py:525} INFO - Filling up the DagBag from /opt/airflow/dags/hadoop-2.7.3/share/hadoop/tools/lib/asm-3.2.jar
[2022-10-22T00:00:44.321+0000] {processor.py:770} WARNING - No viable dags retrieved from /opt/airflow/dags/hadoop-2.7.3/share/hadoop/tools/lib/asm-3.2.jar
[2022-10-22T00:00:44.496+0000] {processor.py:178} INFO - Processing /opt/airflow/dags/hadoop-2.7.3/share/hadoop/tools/lib/asm-3.2.jar took 0.270 seconds
[2022-10-22T00:01:55.196+0000] {processor.py:156} INFO - Started process (PID=19836) to work on /opt/airflow/dags/hadoop-2.7.3/share/hadoop/tools/lib/asm-3.2.jar
[2022-10-22T00:01:55.200+0000] {processor.py:758} INFO - Processing file /opt/airflow/dags/hadoop-2.7.3/share/hadoop/tools/lib/asm-3.2.jar for tasks to queue
[2022-10-22T00:01:55.203+0000] {logging_mixin.py:117} INFO - [2022-10-22T00:01:55.203+0000] {dagbag.py:525} INFO - Filling up the DagBag from /opt/airflow/dags/hadoop-2.7.3/share/hadoop/tools/lib/asm-3.2.jar
[2022-10-22T00:01:55.211+0000] {processor.py:770} WARNING - No viable dags retrieved from /opt/airflow/dags/hadoop-2.7.3/share/hadoop/tools/lib/asm-3.2.jar
[2022-10-22T00:01:55.253+0000] {processor.py:178} INFO - Processing /opt/airflow/dags/hadoop-2.7.3/share/hadoop/tools/lib/asm-3.2.jar took 0.070 seconds
[2022-10-22T00:02:06.638+0000] {processor.py:156} INFO - Started process (PID=17584) to work on /opt/airflow/dags/hadoop-2.7.3/share/hadoop/tools/lib/asm-3.2.jar
[2022-10-22T00:02:06.641+0000] {processor.py:758} INFO - Processing file /opt/airflow/dags/hadoop-2.7.3/share/hadoop/tools/lib/asm-3.2.jar for tasks to queue
[2022-10-22T00:02:06.660+0000] {logging_mixin.py:117} INFO - [2022-10-22T00:02:06.660+0000] {dagbag.py:525} INFO - Filling up the DagBag from /opt/airflow/dags/hadoop-2.7.3/share/hadoop/tools/lib/asm-3.2.jar
[2022-10-22T00:02:06.668+0000] {processor.py:770} WARNING - No viable dags retrieved from /opt/airflow/dags/hadoop-2.7.3/share/hadoop/tools/lib/asm-3.2.jar
[2022-10-22T00:02:06.728+0000] {processor.py:178} INFO - Processing /opt/airflow/dags/hadoop-2.7.3/share/hadoop/tools/lib/asm-3.2.jar took 0.111 seconds
[2022-10-22T00:02:54.451+0000] {processor.py:156} INFO - Started process (PID=20368) to work on /opt/airflow/dags/hadoop-2.7.3/share/hadoop/tools/lib/asm-3.2.jar
[2022-10-22T00:02:54.453+0000] {processor.py:758} INFO - Processing file /opt/airflow/dags/hadoop-2.7.3/share/hadoop/tools/lib/asm-3.2.jar for tasks to queue
[2022-10-22T00:02:54.456+0000] {logging_mixin.py:117} INFO - [2022-10-22T00:02:54.455+0000] {dagbag.py:525} INFO - Filling up the DagBag from /opt/airflow/dags/hadoop-2.7.3/share/hadoop/tools/lib/asm-3.2.jar
[2022-10-22T00:02:54.462+0000] {processor.py:770} WARNING - No viable dags retrieved from /opt/airflow/dags/hadoop-2.7.3/share/hadoop/tools/lib/asm-3.2.jar
[2022-10-22T00:02:54.497+0000] {processor.py:178} INFO - Processing /opt/airflow/dags/hadoop-2.7.3/share/hadoop/tools/lib/asm-3.2.jar took 0.059 seconds
[2022-10-22T00:03:50.790+0000] {processor.py:156} INFO - Started process (PID=18225) to work on /opt/airflow/dags/hadoop-2.7.3/share/hadoop/tools/lib/asm-3.2.jar
[2022-10-22T00:03:50.794+0000] {processor.py:758} INFO - Processing file /opt/airflow/dags/hadoop-2.7.3/share/hadoop/tools/lib/asm-3.2.jar for tasks to queue
[2022-10-22T00:03:50.797+0000] {logging_mixin.py:117} INFO - [2022-10-22T00:03:50.797+0000] {dagbag.py:525} INFO - Filling up the DagBag from /opt/airflow/dags/hadoop-2.7.3/share/hadoop/tools/lib/asm-3.2.jar
[2022-10-22T00:03:50.813+0000] {processor.py:770} WARNING - No viable dags retrieved from /opt/airflow/dags/hadoop-2.7.3/share/hadoop/tools/lib/asm-3.2.jar
[2022-10-22T00:03:50.895+0000] {processor.py:178} INFO - Processing /opt/airflow/dags/hadoop-2.7.3/share/hadoop/tools/lib/asm-3.2.jar took 0.118 seconds
[2022-10-22T00:04:16.509+0000] {processor.py:156} INFO - Started process (PID=20842) to work on /opt/airflow/dags/hadoop-2.7.3/share/hadoop/tools/lib/asm-3.2.jar
[2022-10-22T00:04:16.511+0000] {processor.py:758} INFO - Processing file /opt/airflow/dags/hadoop-2.7.3/share/hadoop/tools/lib/asm-3.2.jar for tasks to queue
[2022-10-22T00:04:16.514+0000] {logging_mixin.py:117} INFO - [2022-10-22T00:04:16.514+0000] {dagbag.py:525} INFO - Filling up the DagBag from /opt/airflow/dags/hadoop-2.7.3/share/hadoop/tools/lib/asm-3.2.jar
[2022-10-22T00:04:16.523+0000] {processor.py:770} WARNING - No viable dags retrieved from /opt/airflow/dags/hadoop-2.7.3/share/hadoop/tools/lib/asm-3.2.jar
[2022-10-22T00:04:16.608+0000] {processor.py:178} INFO - Processing /opt/airflow/dags/hadoop-2.7.3/share/hadoop/tools/lib/asm-3.2.jar took 0.109 seconds
[2022-10-22T00:04:51.106+0000] {processor.py:156} INFO - Started process (PID=18750) to work on /opt/airflow/dags/hadoop-2.7.3/share/hadoop/tools/lib/asm-3.2.jar
[2022-10-22T00:04:51.111+0000] {processor.py:758} INFO - Processing file /opt/airflow/dags/hadoop-2.7.3/share/hadoop/tools/lib/asm-3.2.jar for tasks to queue
[2022-10-22T00:04:51.114+0000] {logging_mixin.py:117} INFO - [2022-10-22T00:04:51.113+0000] {dagbag.py:525} INFO - Filling up the DagBag from /opt/airflow/dags/hadoop-2.7.3/share/hadoop/tools/lib/asm-3.2.jar
[2022-10-22T00:04:51.133+0000] {processor.py:770} WARNING - No viable dags retrieved from /opt/airflow/dags/hadoop-2.7.3/share/hadoop/tools/lib/asm-3.2.jar
[2022-10-22T00:04:51.216+0000] {processor.py:178} INFO - Processing /opt/airflow/dags/hadoop-2.7.3/share/hadoop/tools/lib/asm-3.2.jar took 0.126 seconds
[2022-10-22T00:05:11.919+0000] {processor.py:156} INFO - Started process (PID=21363) to work on /opt/airflow/dags/hadoop-2.7.3/share/hadoop/tools/lib/asm-3.2.jar
[2022-10-22T00:05:11.926+0000] {processor.py:758} INFO - Processing file /opt/airflow/dags/hadoop-2.7.3/share/hadoop/tools/lib/asm-3.2.jar for tasks to queue
[2022-10-22T00:05:11.928+0000] {logging_mixin.py:117} INFO - [2022-10-22T00:05:11.928+0000] {dagbag.py:525} INFO - Filling up the DagBag from /opt/airflow/dags/hadoop-2.7.3/share/hadoop/tools/lib/asm-3.2.jar
[2022-10-22T00:05:11.935+0000] {processor.py:770} WARNING - No viable dags retrieved from /opt/airflow/dags/hadoop-2.7.3/share/hadoop/tools/lib/asm-3.2.jar
[2022-10-22T00:05:11.989+0000] {processor.py:178} INFO - Processing /opt/airflow/dags/hadoop-2.7.3/share/hadoop/tools/lib/asm-3.2.jar took 0.077 seconds
[2022-10-22T00:05:44.325+0000] {processor.py:156} INFO - Started process (PID=19275) to work on /opt/airflow/dags/hadoop-2.7.3/share/hadoop/tools/lib/asm-3.2.jar
[2022-10-22T00:05:44.328+0000] {processor.py:758} INFO - Processing file /opt/airflow/dags/hadoop-2.7.3/share/hadoop/tools/lib/asm-3.2.jar for tasks to queue
[2022-10-22T00:05:44.331+0000] {logging_mixin.py:117} INFO - [2022-10-22T00:05:44.330+0000] {dagbag.py:525} INFO - Filling up the DagBag from /opt/airflow/dags/hadoop-2.7.3/share/hadoop/tools/lib/asm-3.2.jar
[2022-10-22T00:05:44.343+0000] {processor.py:770} WARNING - No viable dags retrieved from /opt/airflow/dags/hadoop-2.7.3/share/hadoop/tools/lib/asm-3.2.jar
[2022-10-22T00:05:44.416+0000] {processor.py:178} INFO - Processing /opt/airflow/dags/hadoop-2.7.3/share/hadoop/tools/lib/asm-3.2.jar took 0.108 seconds
[2022-10-22T00:06:17.166+0000] {processor.py:156} INFO - Started process (PID=22003) to work on /opt/airflow/dags/hadoop-2.7.3/share/hadoop/tools/lib/asm-3.2.jar
[2022-10-22T00:06:17.172+0000] {processor.py:758} INFO - Processing file /opt/airflow/dags/hadoop-2.7.3/share/hadoop/tools/lib/asm-3.2.jar for tasks to queue
[2022-10-22T00:06:17.174+0000] {logging_mixin.py:117} INFO - [2022-10-22T00:06:17.174+0000] {dagbag.py:525} INFO - Filling up the DagBag from /opt/airflow/dags/hadoop-2.7.3/share/hadoop/tools/lib/asm-3.2.jar
[2022-10-22T00:06:17.181+0000] {processor.py:770} WARNING - No viable dags retrieved from /opt/airflow/dags/hadoop-2.7.3/share/hadoop/tools/lib/asm-3.2.jar
[2022-10-22T00:06:17.222+0000] {processor.py:178} INFO - Processing /opt/airflow/dags/hadoop-2.7.3/share/hadoop/tools/lib/asm-3.2.jar took 0.068 seconds
[2022-10-22T00:06:39.650+0000] {processor.py:156} INFO - Started process (PID=19797) to work on /opt/airflow/dags/hadoop-2.7.3/share/hadoop/tools/lib/asm-3.2.jar
[2022-10-22T00:06:39.653+0000] {processor.py:758} INFO - Processing file /opt/airflow/dags/hadoop-2.7.3/share/hadoop/tools/lib/asm-3.2.jar for tasks to queue
[2022-10-22T00:06:39.656+0000] {logging_mixin.py:117} INFO - [2022-10-22T00:06:39.656+0000] {dagbag.py:525} INFO - Filling up the DagBag from /opt/airflow/dags/hadoop-2.7.3/share/hadoop/tools/lib/asm-3.2.jar
[2022-10-22T00:06:39.669+0000] {processor.py:770} WARNING - No viable dags retrieved from /opt/airflow/dags/hadoop-2.7.3/share/hadoop/tools/lib/asm-3.2.jar
[2022-10-22T00:06:39.705+0000] {processor.py:178} INFO - Processing /opt/airflow/dags/hadoop-2.7.3/share/hadoop/tools/lib/asm-3.2.jar took 0.067 seconds
[2022-10-22T00:07:22.638+0000] {processor.py:156} INFO - Started process (PID=22686) to work on /opt/airflow/dags/hadoop-2.7.3/share/hadoop/tools/lib/asm-3.2.jar
[2022-10-22T00:07:22.641+0000] {processor.py:758} INFO - Processing file /opt/airflow/dags/hadoop-2.7.3/share/hadoop/tools/lib/asm-3.2.jar for tasks to queue
[2022-10-22T00:07:22.645+0000] {logging_mixin.py:117} INFO - [2022-10-22T00:07:22.644+0000] {dagbag.py:525} INFO - Filling up the DagBag from /opt/airflow/dags/hadoop-2.7.3/share/hadoop/tools/lib/asm-3.2.jar
[2022-10-22T00:07:22.657+0000] {processor.py:770} WARNING - No viable dags retrieved from /opt/airflow/dags/hadoop-2.7.3/share/hadoop/tools/lib/asm-3.2.jar
[2022-10-22T00:07:22.719+0000] {processor.py:178} INFO - Processing /opt/airflow/dags/hadoop-2.7.3/share/hadoop/tools/lib/asm-3.2.jar took 0.090 seconds
[2022-10-22T00:08:26.979+0000] {processor.py:156} INFO - Started process (PID=20465) to work on /opt/airflow/dags/hadoop-2.7.3/share/hadoop/tools/lib/asm-3.2.jar
[2022-10-22T00:08:26.984+0000] {processor.py:758} INFO - Processing file /opt/airflow/dags/hadoop-2.7.3/share/hadoop/tools/lib/asm-3.2.jar for tasks to queue
[2022-10-22T00:08:26.987+0000] {logging_mixin.py:117} INFO - [2022-10-22T00:08:26.987+0000] {dagbag.py:525} INFO - Filling up the DagBag from /opt/airflow/dags/hadoop-2.7.3/share/hadoop/tools/lib/asm-3.2.jar
[2022-10-22T00:08:26.994+0000] {processor.py:770} WARNING - No viable dags retrieved from /opt/airflow/dags/hadoop-2.7.3/share/hadoop/tools/lib/asm-3.2.jar
[2022-10-22T00:08:27.026+0000] {processor.py:178} INFO - Processing /opt/airflow/dags/hadoop-2.7.3/share/hadoop/tools/lib/asm-3.2.jar took 0.055 seconds
[2022-10-22T00:09:18.701+0000] {processor.py:156} INFO - Started process (PID=23413) to work on /opt/airflow/dags/hadoop-2.7.3/share/hadoop/tools/lib/asm-3.2.jar
[2022-10-22T00:09:18.709+0000] {processor.py:758} INFO - Processing file /opt/airflow/dags/hadoop-2.7.3/share/hadoop/tools/lib/asm-3.2.jar for tasks to queue
[2022-10-22T00:09:18.713+0000] {logging_mixin.py:117} INFO - [2022-10-22T00:09:18.712+0000] {dagbag.py:525} INFO - Filling up the DagBag from /opt/airflow/dags/hadoop-2.7.3/share/hadoop/tools/lib/asm-3.2.jar
[2022-10-22T00:09:18.733+0000] {processor.py:770} WARNING - No viable dags retrieved from /opt/airflow/dags/hadoop-2.7.3/share/hadoop/tools/lib/asm-3.2.jar
[2022-10-22T00:09:18.798+0000] {processor.py:178} INFO - Processing /opt/airflow/dags/hadoop-2.7.3/share/hadoop/tools/lib/asm-3.2.jar took 0.113 seconds
[2022-10-22T00:09:37.627+0000] {processor.py:156} INFO - Started process (PID=21101) to work on /opt/airflow/dags/hadoop-2.7.3/share/hadoop/tools/lib/asm-3.2.jar
[2022-10-22T00:09:37.636+0000] {processor.py:758} INFO - Processing file /opt/airflow/dags/hadoop-2.7.3/share/hadoop/tools/lib/asm-3.2.jar for tasks to queue
[2022-10-22T00:09:37.641+0000] {logging_mixin.py:117} INFO - [2022-10-22T00:09:37.640+0000] {dagbag.py:525} INFO - Filling up the DagBag from /opt/airflow/dags/hadoop-2.7.3/share/hadoop/tools/lib/asm-3.2.jar
[2022-10-22T00:09:37.655+0000] {processor.py:770} WARNING - No viable dags retrieved from /opt/airflow/dags/hadoop-2.7.3/share/hadoop/tools/lib/asm-3.2.jar
[2022-10-22T00:09:37.764+0000] {processor.py:178} INFO - Processing /opt/airflow/dags/hadoop-2.7.3/share/hadoop/tools/lib/asm-3.2.jar took 0.147 seconds
[2022-10-22T00:11:19.808+0000] {processor.py:156} INFO - Started process (PID=23937) to work on /opt/airflow/dags/hadoop-2.7.3/share/hadoop/tools/lib/asm-3.2.jar
[2022-10-22T00:11:19.811+0000] {processor.py:758} INFO - Processing file /opt/airflow/dags/hadoop-2.7.3/share/hadoop/tools/lib/asm-3.2.jar for tasks to queue
[2022-10-22T00:11:19.817+0000] {logging_mixin.py:117} INFO - [2022-10-22T00:11:19.816+0000] {dagbag.py:525} INFO - Filling up the DagBag from /opt/airflow/dags/hadoop-2.7.3/share/hadoop/tools/lib/asm-3.2.jar
[2022-10-22T00:11:19.822+0000] {processor.py:770} WARNING - No viable dags retrieved from /opt/airflow/dags/hadoop-2.7.3/share/hadoop/tools/lib/asm-3.2.jar
[2022-10-22T00:11:19.854+0000] {processor.py:178} INFO - Processing /opt/airflow/dags/hadoop-2.7.3/share/hadoop/tools/lib/asm-3.2.jar took 0.053 seconds
[2022-10-22T00:11:37.246+0000] {processor.py:156} INFO - Started process (PID=21715) to work on /opt/airflow/dags/hadoop-2.7.3/share/hadoop/tools/lib/asm-3.2.jar
[2022-10-22T00:11:37.251+0000] {processor.py:758} INFO - Processing file /opt/airflow/dags/hadoop-2.7.3/share/hadoop/tools/lib/asm-3.2.jar for tasks to queue
[2022-10-22T00:11:37.253+0000] {logging_mixin.py:117} INFO - [2022-10-22T00:11:37.252+0000] {dagbag.py:525} INFO - Filling up the DagBag from /opt/airflow/dags/hadoop-2.7.3/share/hadoop/tools/lib/asm-3.2.jar
[2022-10-22T00:11:37.259+0000] {processor.py:770} WARNING - No viable dags retrieved from /opt/airflow/dags/hadoop-2.7.3/share/hadoop/tools/lib/asm-3.2.jar
[2022-10-22T00:11:37.328+0000] {processor.py:178} INFO - Processing /opt/airflow/dags/hadoop-2.7.3/share/hadoop/tools/lib/asm-3.2.jar took 0.102 seconds
[2022-10-22T00:11:59.638+0000] {processor.py:156} INFO - Started process (PID=24481) to work on /opt/airflow/dags/hadoop-2.7.3/share/hadoop/tools/lib/asm-3.2.jar
[2022-10-22T00:11:59.646+0000] {processor.py:758} INFO - Processing file /opt/airflow/dags/hadoop-2.7.3/share/hadoop/tools/lib/asm-3.2.jar for tasks to queue
[2022-10-22T00:11:59.650+0000] {logging_mixin.py:117} INFO - [2022-10-22T00:11:59.649+0000] {dagbag.py:525} INFO - Filling up the DagBag from /opt/airflow/dags/hadoop-2.7.3/share/hadoop/tools/lib/asm-3.2.jar
[2022-10-22T00:11:59.672+0000] {processor.py:770} WARNING - No viable dags retrieved from /opt/airflow/dags/hadoop-2.7.3/share/hadoop/tools/lib/asm-3.2.jar
[2022-10-22T00:11:59.718+0000] {processor.py:178} INFO - Processing /opt/airflow/dags/hadoop-2.7.3/share/hadoop/tools/lib/asm-3.2.jar took 0.097 seconds
[2022-10-22T00:12:26.470+0000] {processor.py:156} INFO - Started process (PID=22232) to work on /opt/airflow/dags/hadoop-2.7.3/share/hadoop/tools/lib/asm-3.2.jar
[2022-10-22T00:12:26.474+0000] {processor.py:758} INFO - Processing file /opt/airflow/dags/hadoop-2.7.3/share/hadoop/tools/lib/asm-3.2.jar for tasks to queue
[2022-10-22T00:12:26.478+0000] {logging_mixin.py:117} INFO - [2022-10-22T00:12:26.478+0000] {dagbag.py:525} INFO - Filling up the DagBag from /opt/airflow/dags/hadoop-2.7.3/share/hadoop/tools/lib/asm-3.2.jar
[2022-10-22T00:12:26.488+0000] {processor.py:770} WARNING - No viable dags retrieved from /opt/airflow/dags/hadoop-2.7.3/share/hadoop/tools/lib/asm-3.2.jar
[2022-10-22T00:12:26.549+0000] {processor.py:178} INFO - Processing /opt/airflow/dags/hadoop-2.7.3/share/hadoop/tools/lib/asm-3.2.jar took 0.092 seconds
[2022-10-22T00:15:29.880+0000] {processor.py:156} INFO - Started process (PID=22728) to work on /opt/airflow/dags/hadoop-2.7.3/share/hadoop/tools/lib/asm-3.2.jar
[2022-10-22T00:15:29.886+0000] {processor.py:758} INFO - Processing file /opt/airflow/dags/hadoop-2.7.3/share/hadoop/tools/lib/asm-3.2.jar for tasks to queue
[2022-10-22T00:15:29.889+0000] {logging_mixin.py:117} INFO - [2022-10-22T00:15:29.888+0000] {dagbag.py:525} INFO - Filling up the DagBag from /opt/airflow/dags/hadoop-2.7.3/share/hadoop/tools/lib/asm-3.2.jar
[2022-10-22T00:15:29.898+0000] {processor.py:770} WARNING - No viable dags retrieved from /opt/airflow/dags/hadoop-2.7.3/share/hadoop/tools/lib/asm-3.2.jar
[2022-10-22T00:15:29.940+0000] {processor.py:178} INFO - Processing /opt/airflow/dags/hadoop-2.7.3/share/hadoop/tools/lib/asm-3.2.jar took 0.085 seconds
[2022-10-22T00:15:43.658+0000] {processor.py:156} INFO - Started process (PID=25291) to work on /opt/airflow/dags/hadoop-2.7.3/share/hadoop/tools/lib/asm-3.2.jar
[2022-10-22T00:15:43.662+0000] {processor.py:758} INFO - Processing file /opt/airflow/dags/hadoop-2.7.3/share/hadoop/tools/lib/asm-3.2.jar for tasks to queue
[2022-10-22T00:15:43.666+0000] {logging_mixin.py:117} INFO - [2022-10-22T00:15:43.666+0000] {dagbag.py:525} INFO - Filling up the DagBag from /opt/airflow/dags/hadoop-2.7.3/share/hadoop/tools/lib/asm-3.2.jar
[2022-10-22T00:15:43.681+0000] {processor.py:770} WARNING - No viable dags retrieved from /opt/airflow/dags/hadoop-2.7.3/share/hadoop/tools/lib/asm-3.2.jar
[2022-10-22T00:15:43.732+0000] {processor.py:178} INFO - Processing /opt/airflow/dags/hadoop-2.7.3/share/hadoop/tools/lib/asm-3.2.jar took 0.081 seconds
[2022-10-22T00:16:18.157+0000] {processor.py:156} INFO - Started process (PID=23244) to work on /opt/airflow/dags/hadoop-2.7.3/share/hadoop/tools/lib/asm-3.2.jar
[2022-10-22T00:16:18.162+0000] {processor.py:758} INFO - Processing file /opt/airflow/dags/hadoop-2.7.3/share/hadoop/tools/lib/asm-3.2.jar for tasks to queue
[2022-10-22T00:16:18.167+0000] {logging_mixin.py:117} INFO - [2022-10-22T00:16:18.166+0000] {dagbag.py:525} INFO - Filling up the DagBag from /opt/airflow/dags/hadoop-2.7.3/share/hadoop/tools/lib/asm-3.2.jar
[2022-10-22T00:16:18.177+0000] {processor.py:770} WARNING - No viable dags retrieved from /opt/airflow/dags/hadoop-2.7.3/share/hadoop/tools/lib/asm-3.2.jar
[2022-10-22T00:16:18.222+0000] {processor.py:178} INFO - Processing /opt/airflow/dags/hadoop-2.7.3/share/hadoop/tools/lib/asm-3.2.jar took 0.077 seconds
[2022-10-22T00:16:29.214+0000] {processor.py:156} INFO - Started process (PID=25807) to work on /opt/airflow/dags/hadoop-2.7.3/share/hadoop/tools/lib/asm-3.2.jar
[2022-10-22T00:16:29.218+0000] {processor.py:758} INFO - Processing file /opt/airflow/dags/hadoop-2.7.3/share/hadoop/tools/lib/asm-3.2.jar for tasks to queue
[2022-10-22T00:16:29.221+0000] {logging_mixin.py:117} INFO - [2022-10-22T00:16:29.220+0000] {dagbag.py:525} INFO - Filling up the DagBag from /opt/airflow/dags/hadoop-2.7.3/share/hadoop/tools/lib/asm-3.2.jar
[2022-10-22T00:16:29.227+0000] {processor.py:770} WARNING - No viable dags retrieved from /opt/airflow/dags/hadoop-2.7.3/share/hadoop/tools/lib/asm-3.2.jar
[2022-10-22T00:16:29.276+0000] {processor.py:178} INFO - Processing /opt/airflow/dags/hadoop-2.7.3/share/hadoop/tools/lib/asm-3.2.jar took 0.069 seconds
[2022-10-22T00:17:09.395+0000] {processor.py:156} INFO - Started process (PID=23779) to work on /opt/airflow/dags/hadoop-2.7.3/share/hadoop/tools/lib/asm-3.2.jar
[2022-10-22T00:17:09.399+0000] {processor.py:758} INFO - Processing file /opt/airflow/dags/hadoop-2.7.3/share/hadoop/tools/lib/asm-3.2.jar for tasks to queue
[2022-10-22T00:17:09.403+0000] {logging_mixin.py:117} INFO - [2022-10-22T00:17:09.402+0000] {dagbag.py:525} INFO - Filling up the DagBag from /opt/airflow/dags/hadoop-2.7.3/share/hadoop/tools/lib/asm-3.2.jar
[2022-10-22T00:17:09.410+0000] {processor.py:770} WARNING - No viable dags retrieved from /opt/airflow/dags/hadoop-2.7.3/share/hadoop/tools/lib/asm-3.2.jar
[2022-10-22T00:17:09.462+0000] {processor.py:178} INFO - Processing /opt/airflow/dags/hadoop-2.7.3/share/hadoop/tools/lib/asm-3.2.jar took 0.078 seconds
[2022-10-22T00:17:19.550+0000] {processor.py:156} INFO - Started process (PID=26338) to work on /opt/airflow/dags/hadoop-2.7.3/share/hadoop/tools/lib/asm-3.2.jar
[2022-10-22T00:17:19.562+0000] {processor.py:758} INFO - Processing file /opt/airflow/dags/hadoop-2.7.3/share/hadoop/tools/lib/asm-3.2.jar for tasks to queue
[2022-10-22T00:17:19.570+0000] {logging_mixin.py:117} INFO - [2022-10-22T00:17:19.567+0000] {dagbag.py:525} INFO - Filling up the DagBag from /opt/airflow/dags/hadoop-2.7.3/share/hadoop/tools/lib/asm-3.2.jar
[2022-10-22T00:17:19.583+0000] {processor.py:770} WARNING - No viable dags retrieved from /opt/airflow/dags/hadoop-2.7.3/share/hadoop/tools/lib/asm-3.2.jar
[2022-10-22T00:17:19.676+0000] {processor.py:178} INFO - Processing /opt/airflow/dags/hadoop-2.7.3/share/hadoop/tools/lib/asm-3.2.jar took 0.150 seconds
[2022-10-22T00:18:09.232+0000] {processor.py:156} INFO - Started process (PID=24396) to work on /opt/airflow/dags/hadoop-2.7.3/share/hadoop/tools/lib/asm-3.2.jar
[2022-10-22T00:18:09.235+0000] {processor.py:758} INFO - Processing file /opt/airflow/dags/hadoop-2.7.3/share/hadoop/tools/lib/asm-3.2.jar for tasks to queue
[2022-10-22T00:18:09.248+0000] {logging_mixin.py:117} INFO - [2022-10-22T00:18:09.247+0000] {dagbag.py:525} INFO - Filling up the DagBag from /opt/airflow/dags/hadoop-2.7.3/share/hadoop/tools/lib/asm-3.2.jar
[2022-10-22T00:18:09.256+0000] {processor.py:770} WARNING - No viable dags retrieved from /opt/airflow/dags/hadoop-2.7.3/share/hadoop/tools/lib/asm-3.2.jar
[2022-10-22T00:18:09.349+0000] {processor.py:178} INFO - Processing /opt/airflow/dags/hadoop-2.7.3/share/hadoop/tools/lib/asm-3.2.jar took 0.129 seconds
[2022-10-22T00:18:14.678+0000] {processor.py:156} INFO - Started process (PID=26927) to work on /opt/airflow/dags/hadoop-2.7.3/share/hadoop/tools/lib/asm-3.2.jar
[2022-10-22T00:18:14.683+0000] {processor.py:758} INFO - Processing file /opt/airflow/dags/hadoop-2.7.3/share/hadoop/tools/lib/asm-3.2.jar for tasks to queue
[2022-10-22T00:18:14.686+0000] {logging_mixin.py:117} INFO - [2022-10-22T00:18:14.685+0000] {dagbag.py:525} INFO - Filling up the DagBag from /opt/airflow/dags/hadoop-2.7.3/share/hadoop/tools/lib/asm-3.2.jar
[2022-10-22T00:18:14.694+0000] {processor.py:770} WARNING - No viable dags retrieved from /opt/airflow/dags/hadoop-2.7.3/share/hadoop/tools/lib/asm-3.2.jar
[2022-10-22T00:18:14.738+0000] {processor.py:178} INFO - Processing /opt/airflow/dags/hadoop-2.7.3/share/hadoop/tools/lib/asm-3.2.jar took 0.068 seconds
[2022-10-22T00:19:08.173+0000] {processor.py:156} INFO - Started process (PID=24999) to work on /opt/airflow/dags/hadoop-2.7.3/share/hadoop/tools/lib/asm-3.2.jar
[2022-10-22T00:19:08.176+0000] {processor.py:758} INFO - Processing file /opt/airflow/dags/hadoop-2.7.3/share/hadoop/tools/lib/asm-3.2.jar for tasks to queue
[2022-10-22T00:19:08.180+0000] {logging_mixin.py:117} INFO - [2022-10-22T00:19:08.180+0000] {dagbag.py:525} INFO - Filling up the DagBag from /opt/airflow/dags/hadoop-2.7.3/share/hadoop/tools/lib/asm-3.2.jar
[2022-10-22T00:19:08.191+0000] {processor.py:770} WARNING - No viable dags retrieved from /opt/airflow/dags/hadoop-2.7.3/share/hadoop/tools/lib/asm-3.2.jar
[2022-10-22T00:19:08.203+0000] {processor.py:156} INFO - Started process (PID=27499) to work on /opt/airflow/dags/hadoop-2.7.3/share/hadoop/tools/lib/asm-3.2.jar
[2022-10-22T00:19:08.206+0000] {processor.py:758} INFO - Processing file /opt/airflow/dags/hadoop-2.7.3/share/hadoop/tools/lib/asm-3.2.jar for tasks to queue
[2022-10-22T00:19:08.208+0000] {logging_mixin.py:117} INFO - [2022-10-22T00:19:08.208+0000] {dagbag.py:525} INFO - Filling up the DagBag from /opt/airflow/dags/hadoop-2.7.3/share/hadoop/tools/lib/asm-3.2.jar
[2022-10-22T00:19:08.215+0000] {processor.py:770} WARNING - No viable dags retrieved from /opt/airflow/dags/hadoop-2.7.3/share/hadoop/tools/lib/asm-3.2.jar
[2022-10-22T00:19:08.236+0000] {processor.py:178} INFO - Processing /opt/airflow/dags/hadoop-2.7.3/share/hadoop/tools/lib/asm-3.2.jar took 0.075 seconds
[2022-10-22T00:19:08.249+0000] {processor.py:178} INFO - Processing /opt/airflow/dags/hadoop-2.7.3/share/hadoop/tools/lib/asm-3.2.jar took 0.052 seconds
[2022-10-22T00:20:46.748+0000] {processor.py:156} INFO - Started process (PID=25639) to work on /opt/airflow/dags/hadoop-2.7.3/share/hadoop/tools/lib/asm-3.2.jar
[2022-10-22T00:20:46.750+0000] {processor.py:758} INFO - Processing file /opt/airflow/dags/hadoop-2.7.3/share/hadoop/tools/lib/asm-3.2.jar for tasks to queue
[2022-10-22T00:20:46.755+0000] {logging_mixin.py:117} INFO - [2022-10-22T00:20:46.754+0000] {dagbag.py:525} INFO - Filling up the DagBag from /opt/airflow/dags/hadoop-2.7.3/share/hadoop/tools/lib/asm-3.2.jar
[2022-10-22T00:20:46.761+0000] {processor.py:770} WARNING - No viable dags retrieved from /opt/airflow/dags/hadoop-2.7.3/share/hadoop/tools/lib/asm-3.2.jar
[2022-10-22T00:20:46.791+0000] {processor.py:178} INFO - Processing /opt/airflow/dags/hadoop-2.7.3/share/hadoop/tools/lib/asm-3.2.jar took 0.057 seconds
[2022-10-22T00:20:49.690+0000] {processor.py:156} INFO - Started process (PID=28187) to work on /opt/airflow/dags/hadoop-2.7.3/share/hadoop/tools/lib/asm-3.2.jar
[2022-10-22T00:20:49.692+0000] {processor.py:758} INFO - Processing file /opt/airflow/dags/hadoop-2.7.3/share/hadoop/tools/lib/asm-3.2.jar for tasks to queue
[2022-10-22T00:20:49.694+0000] {logging_mixin.py:117} INFO - [2022-10-22T00:20:49.694+0000] {dagbag.py:525} INFO - Filling up the DagBag from /opt/airflow/dags/hadoop-2.7.3/share/hadoop/tools/lib/asm-3.2.jar
[2022-10-22T00:20:49.701+0000] {processor.py:770} WARNING - No viable dags retrieved from /opt/airflow/dags/hadoop-2.7.3/share/hadoop/tools/lib/asm-3.2.jar
[2022-10-22T00:20:49.747+0000] {processor.py:178} INFO - Processing /opt/airflow/dags/hadoop-2.7.3/share/hadoop/tools/lib/asm-3.2.jar took 0.072 seconds
[2022-10-22T00:21:42.751+0000] {processor.py:156} INFO - Started process (PID=28711) to work on /opt/airflow/dags/hadoop-2.7.3/share/hadoop/tools/lib/asm-3.2.jar
[2022-10-22T00:21:42.754+0000] {processor.py:758} INFO - Processing file /opt/airflow/dags/hadoop-2.7.3/share/hadoop/tools/lib/asm-3.2.jar for tasks to queue
[2022-10-22T00:21:42.756+0000] {logging_mixin.py:117} INFO - [2022-10-22T00:21:42.756+0000] {dagbag.py:525} INFO - Filling up the DagBag from /opt/airflow/dags/hadoop-2.7.3/share/hadoop/tools/lib/asm-3.2.jar
[2022-10-22T00:21:42.767+0000] {processor.py:770} WARNING - No viable dags retrieved from /opt/airflow/dags/hadoop-2.7.3/share/hadoop/tools/lib/asm-3.2.jar
[2022-10-22T00:21:42.852+0000] {processor.py:178} INFO - Processing /opt/airflow/dags/hadoop-2.7.3/share/hadoop/tools/lib/asm-3.2.jar took 0.112 seconds
[2022-10-22T00:21:53.550+0000] {processor.py:156} INFO - Started process (PID=26256) to work on /opt/airflow/dags/hadoop-2.7.3/share/hadoop/tools/lib/asm-3.2.jar
[2022-10-22T00:21:53.555+0000] {processor.py:758} INFO - Processing file /opt/airflow/dags/hadoop-2.7.3/share/hadoop/tools/lib/asm-3.2.jar for tasks to queue
[2022-10-22T00:21:53.560+0000] {logging_mixin.py:117} INFO - [2022-10-22T00:21:53.559+0000] {dagbag.py:525} INFO - Filling up the DagBag from /opt/airflow/dags/hadoop-2.7.3/share/hadoop/tools/lib/asm-3.2.jar
[2022-10-22T00:21:53.569+0000] {processor.py:770} WARNING - No viable dags retrieved from /opt/airflow/dags/hadoop-2.7.3/share/hadoop/tools/lib/asm-3.2.jar
[2022-10-22T00:21:53.647+0000] {processor.py:178} INFO - Processing /opt/airflow/dags/hadoop-2.7.3/share/hadoop/tools/lib/asm-3.2.jar took 0.106 seconds
[2022-10-22T00:22:37.118+0000] {processor.py:156} INFO - Started process (PID=29233) to work on /opt/airflow/dags/hadoop-2.7.3/share/hadoop/tools/lib/asm-3.2.jar
[2022-10-22T00:22:37.122+0000] {processor.py:758} INFO - Processing file /opt/airflow/dags/hadoop-2.7.3/share/hadoop/tools/lib/asm-3.2.jar for tasks to queue
[2022-10-22T00:22:37.125+0000] {logging_mixin.py:117} INFO - [2022-10-22T00:22:37.124+0000] {dagbag.py:525} INFO - Filling up the DagBag from /opt/airflow/dags/hadoop-2.7.3/share/hadoop/tools/lib/asm-3.2.jar
[2022-10-22T00:22:37.133+0000] {processor.py:770} WARNING - No viable dags retrieved from /opt/airflow/dags/hadoop-2.7.3/share/hadoop/tools/lib/asm-3.2.jar
[2022-10-22T00:22:37.196+0000] {processor.py:178} INFO - Processing /opt/airflow/dags/hadoop-2.7.3/share/hadoop/tools/lib/asm-3.2.jar took 0.097 seconds
[2022-10-22T00:22:49.625+0000] {processor.py:156} INFO - Started process (PID=26781) to work on /opt/airflow/dags/hadoop-2.7.3/share/hadoop/tools/lib/asm-3.2.jar
[2022-10-22T00:22:49.628+0000] {processor.py:758} INFO - Processing file /opt/airflow/dags/hadoop-2.7.3/share/hadoop/tools/lib/asm-3.2.jar for tasks to queue
[2022-10-22T00:22:49.634+0000] {logging_mixin.py:117} INFO - [2022-10-22T00:22:49.633+0000] {dagbag.py:525} INFO - Filling up the DagBag from /opt/airflow/dags/hadoop-2.7.3/share/hadoop/tools/lib/asm-3.2.jar
[2022-10-22T00:22:49.646+0000] {processor.py:770} WARNING - No viable dags retrieved from /opt/airflow/dags/hadoop-2.7.3/share/hadoop/tools/lib/asm-3.2.jar
[2022-10-22T00:22:49.693+0000] {processor.py:178} INFO - Processing /opt/airflow/dags/hadoop-2.7.3/share/hadoop/tools/lib/asm-3.2.jar took 0.084 seconds
[2022-10-22T00:23:34.201+0000] {processor.py:156} INFO - Started process (PID=27271) to work on /opt/airflow/dags/hadoop-2.7.3/share/hadoop/tools/lib/asm-3.2.jar
[2022-10-22T00:23:34.203+0000] {processor.py:758} INFO - Processing file /opt/airflow/dags/hadoop-2.7.3/share/hadoop/tools/lib/asm-3.2.jar for tasks to queue
[2022-10-22T00:23:34.205+0000] {logging_mixin.py:117} INFO - [2022-10-22T00:23:34.204+0000] {dagbag.py:525} INFO - Filling up the DagBag from /opt/airflow/dags/hadoop-2.7.3/share/hadoop/tools/lib/asm-3.2.jar
[2022-10-22T00:23:34.210+0000] {processor.py:770} WARNING - No viable dags retrieved from /opt/airflow/dags/hadoop-2.7.3/share/hadoop/tools/lib/asm-3.2.jar
[2022-10-22T00:23:34.247+0000] {processor.py:178} INFO - Processing /opt/airflow/dags/hadoop-2.7.3/share/hadoop/tools/lib/asm-3.2.jar took 0.051 seconds
[2022-10-22T00:23:37.607+0000] {processor.py:156} INFO - Started process (PID=29879) to work on /opt/airflow/dags/hadoop-2.7.3/share/hadoop/tools/lib/asm-3.2.jar
[2022-10-22T00:23:37.613+0000] {processor.py:758} INFO - Processing file /opt/airflow/dags/hadoop-2.7.3/share/hadoop/tools/lib/asm-3.2.jar for tasks to queue
[2022-10-22T00:23:37.617+0000] {logging_mixin.py:117} INFO - [2022-10-22T00:23:37.615+0000] {dagbag.py:525} INFO - Filling up the DagBag from /opt/airflow/dags/hadoop-2.7.3/share/hadoop/tools/lib/asm-3.2.jar
[2022-10-22T00:23:37.624+0000] {processor.py:770} WARNING - No viable dags retrieved from /opt/airflow/dags/hadoop-2.7.3/share/hadoop/tools/lib/asm-3.2.jar
[2022-10-22T00:23:37.683+0000] {processor.py:178} INFO - Processing /opt/airflow/dags/hadoop-2.7.3/share/hadoop/tools/lib/asm-3.2.jar took 0.088 seconds
