[2022-10-22T00:00:47.843+0000] {processor.py:156} INFO - Started process (PID=17005) to work on /opt/airflow/dags/hadoop-2.7.3/share/hadoop/tools/lib/commons-lang3-3.3.2.jar
[2022-10-22T00:00:47.850+0000] {processor.py:758} INFO - Processing file /opt/airflow/dags/hadoop-2.7.3/share/hadoop/tools/lib/commons-lang3-3.3.2.jar for tasks to queue
[2022-10-22T00:00:47.854+0000] {logging_mixin.py:117} INFO - [2022-10-22T00:00:47.854+0000] {dagbag.py:525} INFO - Filling up the DagBag from /opt/airflow/dags/hadoop-2.7.3/share/hadoop/tools/lib/commons-lang3-3.3.2.jar
[2022-10-22T00:00:47.891+0000] {processor.py:770} WARNING - No viable dags retrieved from /opt/airflow/dags/hadoop-2.7.3/share/hadoop/tools/lib/commons-lang3-3.3.2.jar
[2022-10-22T00:00:47.940+0000] {processor.py:178} INFO - Processing /opt/airflow/dags/hadoop-2.7.3/share/hadoop/tools/lib/commons-lang3-3.3.2.jar took 0.132 seconds
[2022-10-22T00:01:56.715+0000] {processor.py:156} INFO - Started process (PID=19851) to work on /opt/airflow/dags/hadoop-2.7.3/share/hadoop/tools/lib/commons-lang3-3.3.2.jar
[2022-10-22T00:01:56.718+0000] {processor.py:758} INFO - Processing file /opt/airflow/dags/hadoop-2.7.3/share/hadoop/tools/lib/commons-lang3-3.3.2.jar for tasks to queue
[2022-10-22T00:01:56.721+0000] {logging_mixin.py:117} INFO - [2022-10-22T00:01:56.721+0000] {dagbag.py:525} INFO - Filling up the DagBag from /opt/airflow/dags/hadoop-2.7.3/share/hadoop/tools/lib/commons-lang3-3.3.2.jar
[2022-10-22T00:01:56.751+0000] {processor.py:770} WARNING - No viable dags retrieved from /opt/airflow/dags/hadoop-2.7.3/share/hadoop/tools/lib/commons-lang3-3.3.2.jar
[2022-10-22T00:01:56.812+0000] {processor.py:178} INFO - Processing /opt/airflow/dags/hadoop-2.7.3/share/hadoop/tools/lib/commons-lang3-3.3.2.jar took 0.108 seconds
[2022-10-22T00:02:08.547+0000] {processor.py:156} INFO - Started process (PID=17599) to work on /opt/airflow/dags/hadoop-2.7.3/share/hadoop/tools/lib/commons-lang3-3.3.2.jar
[2022-10-22T00:02:08.553+0000] {processor.py:758} INFO - Processing file /opt/airflow/dags/hadoop-2.7.3/share/hadoop/tools/lib/commons-lang3-3.3.2.jar for tasks to queue
[2022-10-22T00:02:08.557+0000] {logging_mixin.py:117} INFO - [2022-10-22T00:02:08.556+0000] {dagbag.py:525} INFO - Filling up the DagBag from /opt/airflow/dags/hadoop-2.7.3/share/hadoop/tools/lib/commons-lang3-3.3.2.jar
[2022-10-22T00:02:08.587+0000] {processor.py:770} WARNING - No viable dags retrieved from /opt/airflow/dags/hadoop-2.7.3/share/hadoop/tools/lib/commons-lang3-3.3.2.jar
[2022-10-22T00:02:08.625+0000] {processor.py:178} INFO - Processing /opt/airflow/dags/hadoop-2.7.3/share/hadoop/tools/lib/commons-lang3-3.3.2.jar took 0.091 seconds
[2022-10-22T00:03:30.544+0000] {processor.py:156} INFO - Started process (PID=20404) to work on /opt/airflow/dags/hadoop-2.7.3/share/hadoop/tools/lib/commons-lang3-3.3.2.jar
[2022-10-22T00:03:30.547+0000] {processor.py:758} INFO - Processing file /opt/airflow/dags/hadoop-2.7.3/share/hadoop/tools/lib/commons-lang3-3.3.2.jar for tasks to queue
[2022-10-22T00:03:30.549+0000] {logging_mixin.py:117} INFO - [2022-10-22T00:03:30.549+0000] {dagbag.py:525} INFO - Filling up the DagBag from /opt/airflow/dags/hadoop-2.7.3/share/hadoop/tools/lib/commons-lang3-3.3.2.jar
[2022-10-22T00:03:30.562+0000] {processor.py:770} WARNING - No viable dags retrieved from /opt/airflow/dags/hadoop-2.7.3/share/hadoop/tools/lib/commons-lang3-3.3.2.jar
[2022-10-22T00:03:30.611+0000] {processor.py:178} INFO - Processing /opt/airflow/dags/hadoop-2.7.3/share/hadoop/tools/lib/commons-lang3-3.3.2.jar took 0.076 seconds
[2022-10-22T00:03:52.791+0000] {processor.py:156} INFO - Started process (PID=18240) to work on /opt/airflow/dags/hadoop-2.7.3/share/hadoop/tools/lib/commons-lang3-3.3.2.jar
[2022-10-22T00:03:52.794+0000] {processor.py:758} INFO - Processing file /opt/airflow/dags/hadoop-2.7.3/share/hadoop/tools/lib/commons-lang3-3.3.2.jar for tasks to queue
[2022-10-22T00:03:52.802+0000] {logging_mixin.py:117} INFO - [2022-10-22T00:03:52.800+0000] {dagbag.py:525} INFO - Filling up the DagBag from /opt/airflow/dags/hadoop-2.7.3/share/hadoop/tools/lib/commons-lang3-3.3.2.jar
[2022-10-22T00:03:52.825+0000] {processor.py:770} WARNING - No viable dags retrieved from /opt/airflow/dags/hadoop-2.7.3/share/hadoop/tools/lib/commons-lang3-3.3.2.jar
[2022-10-22T00:03:52.887+0000] {processor.py:178} INFO - Processing /opt/airflow/dags/hadoop-2.7.3/share/hadoop/tools/lib/commons-lang3-3.3.2.jar took 0.105 seconds
[2022-10-22T00:04:44.233+0000] {processor.py:156} INFO - Started process (PID=21085) to work on /opt/airflow/dags/hadoop-2.7.3/share/hadoop/tools/lib/commons-lang3-3.3.2.jar
[2022-10-22T00:04:44.242+0000] {processor.py:758} INFO - Processing file /opt/airflow/dags/hadoop-2.7.3/share/hadoop/tools/lib/commons-lang3-3.3.2.jar for tasks to queue
[2022-10-22T00:04:44.245+0000] {logging_mixin.py:117} INFO - [2022-10-22T00:04:44.245+0000] {dagbag.py:525} INFO - Filling up the DagBag from /opt/airflow/dags/hadoop-2.7.3/share/hadoop/tools/lib/commons-lang3-3.3.2.jar
[2022-10-22T00:04:44.280+0000] {processor.py:770} WARNING - No viable dags retrieved from /opt/airflow/dags/hadoop-2.7.3/share/hadoop/tools/lib/commons-lang3-3.3.2.jar
[2022-10-22T00:04:44.361+0000] {processor.py:178} INFO - Processing /opt/airflow/dags/hadoop-2.7.3/share/hadoop/tools/lib/commons-lang3-3.3.2.jar took 0.143 seconds
[2022-10-22T00:04:53.268+0000] {processor.py:156} INFO - Started process (PID=18765) to work on /opt/airflow/dags/hadoop-2.7.3/share/hadoop/tools/lib/commons-lang3-3.3.2.jar
[2022-10-22T00:04:53.271+0000] {processor.py:758} INFO - Processing file /opt/airflow/dags/hadoop-2.7.3/share/hadoop/tools/lib/commons-lang3-3.3.2.jar for tasks to queue
[2022-10-22T00:04:53.275+0000] {logging_mixin.py:117} INFO - [2022-10-22T00:04:53.275+0000] {dagbag.py:525} INFO - Filling up the DagBag from /opt/airflow/dags/hadoop-2.7.3/share/hadoop/tools/lib/commons-lang3-3.3.2.jar
[2022-10-22T00:04:53.309+0000] {processor.py:770} WARNING - No viable dags retrieved from /opt/airflow/dags/hadoop-2.7.3/share/hadoop/tools/lib/commons-lang3-3.3.2.jar
[2022-10-22T00:04:53.384+0000] {processor.py:178} INFO - Processing /opt/airflow/dags/hadoop-2.7.3/share/hadoop/tools/lib/commons-lang3-3.3.2.jar took 0.138 seconds
[2022-10-22T00:05:34.316+0000] {processor.py:156} INFO - Started process (PID=21584) to work on /opt/airflow/dags/hadoop-2.7.3/share/hadoop/tools/lib/commons-lang3-3.3.2.jar
[2022-10-22T00:05:34.323+0000] {processor.py:758} INFO - Processing file /opt/airflow/dags/hadoop-2.7.3/share/hadoop/tools/lib/commons-lang3-3.3.2.jar for tasks to queue
[2022-10-22T00:05:34.325+0000] {logging_mixin.py:117} INFO - [2022-10-22T00:05:34.325+0000] {dagbag.py:525} INFO - Filling up the DagBag from /opt/airflow/dags/hadoop-2.7.3/share/hadoop/tools/lib/commons-lang3-3.3.2.jar
[2022-10-22T00:05:34.348+0000] {processor.py:770} WARNING - No viable dags retrieved from /opt/airflow/dags/hadoop-2.7.3/share/hadoop/tools/lib/commons-lang3-3.3.2.jar
[2022-10-22T00:05:34.412+0000] {processor.py:178} INFO - Processing /opt/airflow/dags/hadoop-2.7.3/share/hadoop/tools/lib/commons-lang3-3.3.2.jar took 0.104 seconds
[2022-10-22T00:05:46.045+0000] {processor.py:156} INFO - Started process (PID=19290) to work on /opt/airflow/dags/hadoop-2.7.3/share/hadoop/tools/lib/commons-lang3-3.3.2.jar
[2022-10-22T00:05:46.049+0000] {processor.py:758} INFO - Processing file /opt/airflow/dags/hadoop-2.7.3/share/hadoop/tools/lib/commons-lang3-3.3.2.jar for tasks to queue
[2022-10-22T00:05:46.053+0000] {logging_mixin.py:117} INFO - [2022-10-22T00:05:46.053+0000] {dagbag.py:525} INFO - Filling up the DagBag from /opt/airflow/dags/hadoop-2.7.3/share/hadoop/tools/lib/commons-lang3-3.3.2.jar
[2022-10-22T00:05:46.065+0000] {processor.py:770} WARNING - No viable dags retrieved from /opt/airflow/dags/hadoop-2.7.3/share/hadoop/tools/lib/commons-lang3-3.3.2.jar
[2022-10-22T00:05:46.102+0000] {processor.py:178} INFO - Processing /opt/airflow/dags/hadoop-2.7.3/share/hadoop/tools/lib/commons-lang3-3.3.2.jar took 0.065 seconds
[2022-10-22T00:06:41.536+0000] {processor.py:156} INFO - Started process (PID=19812) to work on /opt/airflow/dags/hadoop-2.7.3/share/hadoop/tools/lib/commons-lang3-3.3.2.jar
[2022-10-22T00:06:41.539+0000] {processor.py:758} INFO - Processing file /opt/airflow/dags/hadoop-2.7.3/share/hadoop/tools/lib/commons-lang3-3.3.2.jar for tasks to queue
[2022-10-22T00:06:41.544+0000] {logging_mixin.py:117} INFO - [2022-10-22T00:06:41.543+0000] {dagbag.py:525} INFO - Filling up the DagBag from /opt/airflow/dags/hadoop-2.7.3/share/hadoop/tools/lib/commons-lang3-3.3.2.jar
[2022-10-22T00:06:41.573+0000] {processor.py:770} WARNING - No viable dags retrieved from /opt/airflow/dags/hadoop-2.7.3/share/hadoop/tools/lib/commons-lang3-3.3.2.jar
[2022-10-22T00:06:41.629+0000] {processor.py:178} INFO - Processing /opt/airflow/dags/hadoop-2.7.3/share/hadoop/tools/lib/commons-lang3-3.3.2.jar took 0.107 seconds
[2022-10-22T00:06:41.963+0000] {processor.py:156} INFO - Started process (PID=22260) to work on /opt/airflow/dags/hadoop-2.7.3/share/hadoop/tools/lib/commons-lang3-3.3.2.jar
[2022-10-22T00:06:41.966+0000] {processor.py:758} INFO - Processing file /opt/airflow/dags/hadoop-2.7.3/share/hadoop/tools/lib/commons-lang3-3.3.2.jar for tasks to queue
[2022-10-22T00:06:41.969+0000] {logging_mixin.py:117} INFO - [2022-10-22T00:06:41.968+0000] {dagbag.py:525} INFO - Filling up the DagBag from /opt/airflow/dags/hadoop-2.7.3/share/hadoop/tools/lib/commons-lang3-3.3.2.jar
[2022-10-22T00:06:41.984+0000] {processor.py:770} WARNING - No viable dags retrieved from /opt/airflow/dags/hadoop-2.7.3/share/hadoop/tools/lib/commons-lang3-3.3.2.jar
[2022-10-22T00:06:42.023+0000] {processor.py:178} INFO - Processing /opt/airflow/dags/hadoop-2.7.3/share/hadoop/tools/lib/commons-lang3-3.3.2.jar took 0.071 seconds
[2022-10-22T00:07:44.713+0000] {processor.py:156} INFO - Started process (PID=22890) to work on /opt/airflow/dags/hadoop-2.7.3/share/hadoop/tools/lib/commons-lang3-3.3.2.jar
[2022-10-22T00:07:44.716+0000] {processor.py:758} INFO - Processing file /opt/airflow/dags/hadoop-2.7.3/share/hadoop/tools/lib/commons-lang3-3.3.2.jar for tasks to queue
[2022-10-22T00:07:44.719+0000] {logging_mixin.py:117} INFO - [2022-10-22T00:07:44.718+0000] {dagbag.py:525} INFO - Filling up the DagBag from /opt/airflow/dags/hadoop-2.7.3/share/hadoop/tools/lib/commons-lang3-3.3.2.jar
[2022-10-22T00:07:44.737+0000] {processor.py:770} WARNING - No viable dags retrieved from /opt/airflow/dags/hadoop-2.7.3/share/hadoop/tools/lib/commons-lang3-3.3.2.jar
[2022-10-22T00:07:44.777+0000] {processor.py:178} INFO - Processing /opt/airflow/dags/hadoop-2.7.3/share/hadoop/tools/lib/commons-lang3-3.3.2.jar took 0.075 seconds
[2022-10-22T00:08:28.511+0000] {processor.py:156} INFO - Started process (PID=20480) to work on /opt/airflow/dags/hadoop-2.7.3/share/hadoop/tools/lib/commons-lang3-3.3.2.jar
[2022-10-22T00:08:28.514+0000] {processor.py:758} INFO - Processing file /opt/airflow/dags/hadoop-2.7.3/share/hadoop/tools/lib/commons-lang3-3.3.2.jar for tasks to queue
[2022-10-22T00:08:28.518+0000] {logging_mixin.py:117} INFO - [2022-10-22T00:08:28.517+0000] {dagbag.py:525} INFO - Filling up the DagBag from /opt/airflow/dags/hadoop-2.7.3/share/hadoop/tools/lib/commons-lang3-3.3.2.jar
[2022-10-22T00:08:28.541+0000] {processor.py:770} WARNING - No viable dags retrieved from /opt/airflow/dags/hadoop-2.7.3/share/hadoop/tools/lib/commons-lang3-3.3.2.jar
[2022-10-22T00:08:28.604+0000] {processor.py:178} INFO - Processing /opt/airflow/dags/hadoop-2.7.3/share/hadoop/tools/lib/commons-lang3-3.3.2.jar took 0.103 seconds
[2022-10-22T00:09:20.668+0000] {processor.py:156} INFO - Started process (PID=23428) to work on /opt/airflow/dags/hadoop-2.7.3/share/hadoop/tools/lib/commons-lang3-3.3.2.jar
[2022-10-22T00:09:20.672+0000] {processor.py:758} INFO - Processing file /opt/airflow/dags/hadoop-2.7.3/share/hadoop/tools/lib/commons-lang3-3.3.2.jar for tasks to queue
[2022-10-22T00:09:20.675+0000] {logging_mixin.py:117} INFO - [2022-10-22T00:09:20.674+0000] {dagbag.py:525} INFO - Filling up the DagBag from /opt/airflow/dags/hadoop-2.7.3/share/hadoop/tools/lib/commons-lang3-3.3.2.jar
[2022-10-22T00:09:20.697+0000] {processor.py:770} WARNING - No viable dags retrieved from /opt/airflow/dags/hadoop-2.7.3/share/hadoop/tools/lib/commons-lang3-3.3.2.jar
[2022-10-22T00:09:20.743+0000] {processor.py:178} INFO - Processing /opt/airflow/dags/hadoop-2.7.3/share/hadoop/tools/lib/commons-lang3-3.3.2.jar took 0.091 seconds
[2022-10-22T00:09:39.381+0000] {processor.py:156} INFO - Started process (PID=21116) to work on /opt/airflow/dags/hadoop-2.7.3/share/hadoop/tools/lib/commons-lang3-3.3.2.jar
[2022-10-22T00:09:39.385+0000] {processor.py:758} INFO - Processing file /opt/airflow/dags/hadoop-2.7.3/share/hadoop/tools/lib/commons-lang3-3.3.2.jar for tasks to queue
[2022-10-22T00:09:39.389+0000] {logging_mixin.py:117} INFO - [2022-10-22T00:09:39.389+0000] {dagbag.py:525} INFO - Filling up the DagBag from /opt/airflow/dags/hadoop-2.7.3/share/hadoop/tools/lib/commons-lang3-3.3.2.jar
[2022-10-22T00:09:39.408+0000] {processor.py:770} WARNING - No viable dags retrieved from /opt/airflow/dags/hadoop-2.7.3/share/hadoop/tools/lib/commons-lang3-3.3.2.jar
[2022-10-22T00:09:39.452+0000] {processor.py:178} INFO - Processing /opt/airflow/dags/hadoop-2.7.3/share/hadoop/tools/lib/commons-lang3-3.3.2.jar took 0.099 seconds
[2022-10-22T00:11:21.318+0000] {processor.py:156} INFO - Started process (PID=23952) to work on /opt/airflow/dags/hadoop-2.7.3/share/hadoop/tools/lib/commons-lang3-3.3.2.jar
[2022-10-22T00:11:21.320+0000] {processor.py:758} INFO - Processing file /opt/airflow/dags/hadoop-2.7.3/share/hadoop/tools/lib/commons-lang3-3.3.2.jar for tasks to queue
[2022-10-22T00:11:21.322+0000] {logging_mixin.py:117} INFO - [2022-10-22T00:11:21.322+0000] {dagbag.py:525} INFO - Filling up the DagBag from /opt/airflow/dags/hadoop-2.7.3/share/hadoop/tools/lib/commons-lang3-3.3.2.jar
[2022-10-22T00:11:21.332+0000] {processor.py:770} WARNING - No viable dags retrieved from /opt/airflow/dags/hadoop-2.7.3/share/hadoop/tools/lib/commons-lang3-3.3.2.jar
[2022-10-22T00:11:21.363+0000] {processor.py:178} INFO - Processing /opt/airflow/dags/hadoop-2.7.3/share/hadoop/tools/lib/commons-lang3-3.3.2.jar took 0.057 seconds
[2022-10-22T00:11:39.772+0000] {processor.py:156} INFO - Started process (PID=21730) to work on /opt/airflow/dags/hadoop-2.7.3/share/hadoop/tools/lib/commons-lang3-3.3.2.jar
[2022-10-22T00:11:39.774+0000] {processor.py:758} INFO - Processing file /opt/airflow/dags/hadoop-2.7.3/share/hadoop/tools/lib/commons-lang3-3.3.2.jar for tasks to queue
[2022-10-22T00:11:39.776+0000] {logging_mixin.py:117} INFO - [2022-10-22T00:11:39.776+0000] {dagbag.py:525} INFO - Filling up the DagBag from /opt/airflow/dags/hadoop-2.7.3/share/hadoop/tools/lib/commons-lang3-3.3.2.jar
[2022-10-22T00:11:39.785+0000] {processor.py:770} WARNING - No viable dags retrieved from /opt/airflow/dags/hadoop-2.7.3/share/hadoop/tools/lib/commons-lang3-3.3.2.jar
[2022-10-22T00:11:39.818+0000] {processor.py:178} INFO - Processing /opt/airflow/dags/hadoop-2.7.3/share/hadoop/tools/lib/commons-lang3-3.3.2.jar took 0.053 seconds
[2022-10-22T00:12:00.984+0000] {processor.py:156} INFO - Started process (PID=24496) to work on /opt/airflow/dags/hadoop-2.7.3/share/hadoop/tools/lib/commons-lang3-3.3.2.jar
[2022-10-22T00:12:00.988+0000] {processor.py:758} INFO - Processing file /opt/airflow/dags/hadoop-2.7.3/share/hadoop/tools/lib/commons-lang3-3.3.2.jar for tasks to queue
[2022-10-22T00:12:00.990+0000] {logging_mixin.py:117} INFO - [2022-10-22T00:12:00.990+0000] {dagbag.py:525} INFO - Filling up the DagBag from /opt/airflow/dags/hadoop-2.7.3/share/hadoop/tools/lib/commons-lang3-3.3.2.jar
[2022-10-22T00:12:01.023+0000] {processor.py:770} WARNING - No viable dags retrieved from /opt/airflow/dags/hadoop-2.7.3/share/hadoop/tools/lib/commons-lang3-3.3.2.jar
[2022-10-22T00:12:01.092+0000] {processor.py:178} INFO - Processing /opt/airflow/dags/hadoop-2.7.3/share/hadoop/tools/lib/commons-lang3-3.3.2.jar took 0.120 seconds
[2022-10-22T00:12:29.022+0000] {processor.py:156} INFO - Started process (PID=22255) to work on /opt/airflow/dags/hadoop-2.7.3/share/hadoop/tools/lib/commons-lang3-3.3.2.jar
[2022-10-22T00:12:29.026+0000] {processor.py:758} INFO - Processing file /opt/airflow/dags/hadoop-2.7.3/share/hadoop/tools/lib/commons-lang3-3.3.2.jar for tasks to queue
[2022-10-22T00:12:29.034+0000] {logging_mixin.py:117} INFO - [2022-10-22T00:12:29.034+0000] {dagbag.py:525} INFO - Filling up the DagBag from /opt/airflow/dags/hadoop-2.7.3/share/hadoop/tools/lib/commons-lang3-3.3.2.jar
[2022-10-22T00:12:29.055+0000] {processor.py:770} WARNING - No viable dags retrieved from /opt/airflow/dags/hadoop-2.7.3/share/hadoop/tools/lib/commons-lang3-3.3.2.jar
[2022-10-22T00:12:29.094+0000] {processor.py:178} INFO - Processing /opt/airflow/dags/hadoop-2.7.3/share/hadoop/tools/lib/commons-lang3-3.3.2.jar took 0.093 seconds
[2022-10-22T00:15:31.304+0000] {processor.py:156} INFO - Started process (PID=22743) to work on /opt/airflow/dags/hadoop-2.7.3/share/hadoop/tools/lib/commons-lang3-3.3.2.jar
[2022-10-22T00:15:31.311+0000] {processor.py:758} INFO - Processing file /opt/airflow/dags/hadoop-2.7.3/share/hadoop/tools/lib/commons-lang3-3.3.2.jar for tasks to queue
[2022-10-22T00:15:31.317+0000] {logging_mixin.py:117} INFO - [2022-10-22T00:15:31.317+0000] {dagbag.py:525} INFO - Filling up the DagBag from /opt/airflow/dags/hadoop-2.7.3/share/hadoop/tools/lib/commons-lang3-3.3.2.jar
[2022-10-22T00:15:31.331+0000] {processor.py:770} WARNING - No viable dags retrieved from /opt/airflow/dags/hadoop-2.7.3/share/hadoop/tools/lib/commons-lang3-3.3.2.jar
[2022-10-22T00:15:31.391+0000] {processor.py:178} INFO - Processing /opt/airflow/dags/hadoop-2.7.3/share/hadoop/tools/lib/commons-lang3-3.3.2.jar took 0.094 seconds
[2022-10-22T00:15:45.032+0000] {processor.py:156} INFO - Started process (PID=25306) to work on /opt/airflow/dags/hadoop-2.7.3/share/hadoop/tools/lib/commons-lang3-3.3.2.jar
[2022-10-22T00:15:45.035+0000] {processor.py:758} INFO - Processing file /opt/airflow/dags/hadoop-2.7.3/share/hadoop/tools/lib/commons-lang3-3.3.2.jar for tasks to queue
[2022-10-22T00:15:45.039+0000] {logging_mixin.py:117} INFO - [2022-10-22T00:15:45.038+0000] {dagbag.py:525} INFO - Filling up the DagBag from /opt/airflow/dags/hadoop-2.7.3/share/hadoop/tools/lib/commons-lang3-3.3.2.jar
[2022-10-22T00:15:45.062+0000] {processor.py:770} WARNING - No viable dags retrieved from /opt/airflow/dags/hadoop-2.7.3/share/hadoop/tools/lib/commons-lang3-3.3.2.jar
[2022-10-22T00:15:45.116+0000] {processor.py:178} INFO - Processing /opt/airflow/dags/hadoop-2.7.3/share/hadoop/tools/lib/commons-lang3-3.3.2.jar took 0.107 seconds
[2022-10-22T00:16:19.778+0000] {processor.py:156} INFO - Started process (PID=23259) to work on /opt/airflow/dags/hadoop-2.7.3/share/hadoop/tools/lib/commons-lang3-3.3.2.jar
[2022-10-22T00:16:19.781+0000] {processor.py:758} INFO - Processing file /opt/airflow/dags/hadoop-2.7.3/share/hadoop/tools/lib/commons-lang3-3.3.2.jar for tasks to queue
[2022-10-22T00:16:19.789+0000] {logging_mixin.py:117} INFO - [2022-10-22T00:16:19.784+0000] {dagbag.py:525} INFO - Filling up the DagBag from /opt/airflow/dags/hadoop-2.7.3/share/hadoop/tools/lib/commons-lang3-3.3.2.jar
[2022-10-22T00:16:19.811+0000] {processor.py:770} WARNING - No viable dags retrieved from /opt/airflow/dags/hadoop-2.7.3/share/hadoop/tools/lib/commons-lang3-3.3.2.jar
[2022-10-22T00:16:19.869+0000] {processor.py:178} INFO - Processing /opt/airflow/dags/hadoop-2.7.3/share/hadoop/tools/lib/commons-lang3-3.3.2.jar took 0.100 seconds
[2022-10-22T00:16:32.316+0000] {processor.py:156} INFO - Started process (PID=25829) to work on /opt/airflow/dags/hadoop-2.7.3/share/hadoop/tools/lib/commons-lang3-3.3.2.jar
[2022-10-22T00:16:32.320+0000] {processor.py:758} INFO - Processing file /opt/airflow/dags/hadoop-2.7.3/share/hadoop/tools/lib/commons-lang3-3.3.2.jar for tasks to queue
[2022-10-22T00:16:32.322+0000] {logging_mixin.py:117} INFO - [2022-10-22T00:16:32.322+0000] {dagbag.py:525} INFO - Filling up the DagBag from /opt/airflow/dags/hadoop-2.7.3/share/hadoop/tools/lib/commons-lang3-3.3.2.jar
[2022-10-22T00:16:32.337+0000] {processor.py:770} WARNING - No viable dags retrieved from /opt/airflow/dags/hadoop-2.7.3/share/hadoop/tools/lib/commons-lang3-3.3.2.jar
[2022-10-22T00:16:32.417+0000] {processor.py:178} INFO - Processing /opt/airflow/dags/hadoop-2.7.3/share/hadoop/tools/lib/commons-lang3-3.3.2.jar took 0.118 seconds
[2022-10-22T00:17:10.679+0000] {processor.py:156} INFO - Started process (PID=23794) to work on /opt/airflow/dags/hadoop-2.7.3/share/hadoop/tools/lib/commons-lang3-3.3.2.jar
[2022-10-22T00:17:10.683+0000] {processor.py:758} INFO - Processing file /opt/airflow/dags/hadoop-2.7.3/share/hadoop/tools/lib/commons-lang3-3.3.2.jar for tasks to queue
[2022-10-22T00:17:10.685+0000] {logging_mixin.py:117} INFO - [2022-10-22T00:17:10.685+0000] {dagbag.py:525} INFO - Filling up the DagBag from /opt/airflow/dags/hadoop-2.7.3/share/hadoop/tools/lib/commons-lang3-3.3.2.jar
[2022-10-22T00:17:10.699+0000] {processor.py:770} WARNING - No viable dags retrieved from /opt/airflow/dags/hadoop-2.7.3/share/hadoop/tools/lib/commons-lang3-3.3.2.jar
[2022-10-22T00:17:10.755+0000] {processor.py:178} INFO - Processing /opt/airflow/dags/hadoop-2.7.3/share/hadoop/tools/lib/commons-lang3-3.3.2.jar took 0.083 seconds
[2022-10-22T00:17:21.394+0000] {processor.py:156} INFO - Started process (PID=26353) to work on /opt/airflow/dags/hadoop-2.7.3/share/hadoop/tools/lib/commons-lang3-3.3.2.jar
[2022-10-22T00:17:21.399+0000] {processor.py:758} INFO - Processing file /opt/airflow/dags/hadoop-2.7.3/share/hadoop/tools/lib/commons-lang3-3.3.2.jar for tasks to queue
[2022-10-22T00:17:21.408+0000] {logging_mixin.py:117} INFO - [2022-10-22T00:17:21.407+0000] {dagbag.py:525} INFO - Filling up the DagBag from /opt/airflow/dags/hadoop-2.7.3/share/hadoop/tools/lib/commons-lang3-3.3.2.jar
[2022-10-22T00:17:21.431+0000] {processor.py:770} WARNING - No viable dags retrieved from /opt/airflow/dags/hadoop-2.7.3/share/hadoop/tools/lib/commons-lang3-3.3.2.jar
[2022-10-22T00:17:21.501+0000] {processor.py:178} INFO - Processing /opt/airflow/dags/hadoop-2.7.3/share/hadoop/tools/lib/commons-lang3-3.3.2.jar took 0.117 seconds
[2022-10-22T00:18:10.931+0000] {processor.py:156} INFO - Started process (PID=24411) to work on /opt/airflow/dags/hadoop-2.7.3/share/hadoop/tools/lib/commons-lang3-3.3.2.jar
[2022-10-22T00:18:10.934+0000] {processor.py:758} INFO - Processing file /opt/airflow/dags/hadoop-2.7.3/share/hadoop/tools/lib/commons-lang3-3.3.2.jar for tasks to queue
[2022-10-22T00:18:10.937+0000] {logging_mixin.py:117} INFO - [2022-10-22T00:18:10.937+0000] {dagbag.py:525} INFO - Filling up the DagBag from /opt/airflow/dags/hadoop-2.7.3/share/hadoop/tools/lib/commons-lang3-3.3.2.jar
[2022-10-22T00:18:10.953+0000] {processor.py:770} WARNING - No viable dags retrieved from /opt/airflow/dags/hadoop-2.7.3/share/hadoop/tools/lib/commons-lang3-3.3.2.jar
[2022-10-22T00:18:10.999+0000] {processor.py:178} INFO - Processing /opt/airflow/dags/hadoop-2.7.3/share/hadoop/tools/lib/commons-lang3-3.3.2.jar took 0.083 seconds
[2022-10-22T00:18:16.027+0000] {processor.py:156} INFO - Started process (PID=26948) to work on /opt/airflow/dags/hadoop-2.7.3/share/hadoop/tools/lib/commons-lang3-3.3.2.jar
[2022-10-22T00:18:16.030+0000] {processor.py:758} INFO - Processing file /opt/airflow/dags/hadoop-2.7.3/share/hadoop/tools/lib/commons-lang3-3.3.2.jar for tasks to queue
[2022-10-22T00:18:16.032+0000] {logging_mixin.py:117} INFO - [2022-10-22T00:18:16.032+0000] {dagbag.py:525} INFO - Filling up the DagBag from /opt/airflow/dags/hadoop-2.7.3/share/hadoop/tools/lib/commons-lang3-3.3.2.jar
[2022-10-22T00:18:16.048+0000] {processor.py:770} WARNING - No viable dags retrieved from /opt/airflow/dags/hadoop-2.7.3/share/hadoop/tools/lib/commons-lang3-3.3.2.jar
[2022-10-22T00:18:16.098+0000] {processor.py:178} INFO - Processing /opt/airflow/dags/hadoop-2.7.3/share/hadoop/tools/lib/commons-lang3-3.3.2.jar took 0.078 seconds
[2022-10-22T00:19:09.488+0000] {processor.py:156} INFO - Started process (PID=25014) to work on /opt/airflow/dags/hadoop-2.7.3/share/hadoop/tools/lib/commons-lang3-3.3.2.jar
[2022-10-22T00:19:09.492+0000] {processor.py:758} INFO - Processing file /opt/airflow/dags/hadoop-2.7.3/share/hadoop/tools/lib/commons-lang3-3.3.2.jar for tasks to queue
[2022-10-22T00:19:09.497+0000] {logging_mixin.py:117} INFO - [2022-10-22T00:19:09.496+0000] {dagbag.py:525} INFO - Filling up the DagBag from /opt/airflow/dags/hadoop-2.7.3/share/hadoop/tools/lib/commons-lang3-3.3.2.jar
[2022-10-22T00:19:09.534+0000] {processor.py:770} WARNING - No viable dags retrieved from /opt/airflow/dags/hadoop-2.7.3/share/hadoop/tools/lib/commons-lang3-3.3.2.jar
[2022-10-22T00:19:09.539+0000] {processor.py:156} INFO - Started process (PID=27514) to work on /opt/airflow/dags/hadoop-2.7.3/share/hadoop/tools/lib/commons-lang3-3.3.2.jar
[2022-10-22T00:19:09.545+0000] {processor.py:758} INFO - Processing file /opt/airflow/dags/hadoop-2.7.3/share/hadoop/tools/lib/commons-lang3-3.3.2.jar for tasks to queue
[2022-10-22T00:19:09.548+0000] {logging_mixin.py:117} INFO - [2022-10-22T00:19:09.547+0000] {dagbag.py:525} INFO - Filling up the DagBag from /opt/airflow/dags/hadoop-2.7.3/share/hadoop/tools/lib/commons-lang3-3.3.2.jar
[2022-10-22T00:19:09.566+0000] {processor.py:770} WARNING - No viable dags retrieved from /opt/airflow/dags/hadoop-2.7.3/share/hadoop/tools/lib/commons-lang3-3.3.2.jar
[2022-10-22T00:19:09.615+0000] {processor.py:178} INFO - Processing /opt/airflow/dags/hadoop-2.7.3/share/hadoop/tools/lib/commons-lang3-3.3.2.jar took 0.083 seconds
[2022-10-22T00:19:09.629+0000] {processor.py:178} INFO - Processing /opt/airflow/dags/hadoop-2.7.3/share/hadoop/tools/lib/commons-lang3-3.3.2.jar took 0.152 seconds
[2022-10-22T00:20:48.394+0000] {processor.py:156} INFO - Started process (PID=25654) to work on /opt/airflow/dags/hadoop-2.7.3/share/hadoop/tools/lib/commons-lang3-3.3.2.jar
[2022-10-22T00:20:48.400+0000] {processor.py:758} INFO - Processing file /opt/airflow/dags/hadoop-2.7.3/share/hadoop/tools/lib/commons-lang3-3.3.2.jar for tasks to queue
[2022-10-22T00:20:48.407+0000] {logging_mixin.py:117} INFO - [2022-10-22T00:20:48.406+0000] {dagbag.py:525} INFO - Filling up the DagBag from /opt/airflow/dags/hadoop-2.7.3/share/hadoop/tools/lib/commons-lang3-3.3.2.jar
[2022-10-22T00:20:48.435+0000] {processor.py:770} WARNING - No viable dags retrieved from /opt/airflow/dags/hadoop-2.7.3/share/hadoop/tools/lib/commons-lang3-3.3.2.jar
[2022-10-22T00:20:48.476+0000] {processor.py:178} INFO - Processing /opt/airflow/dags/hadoop-2.7.3/share/hadoop/tools/lib/commons-lang3-3.3.2.jar took 0.093 seconds
[2022-10-22T00:20:50.956+0000] {processor.py:156} INFO - Started process (PID=28202) to work on /opt/airflow/dags/hadoop-2.7.3/share/hadoop/tools/lib/commons-lang3-3.3.2.jar
[2022-10-22T00:20:50.959+0000] {processor.py:758} INFO - Processing file /opt/airflow/dags/hadoop-2.7.3/share/hadoop/tools/lib/commons-lang3-3.3.2.jar for tasks to queue
[2022-10-22T00:20:50.961+0000] {logging_mixin.py:117} INFO - [2022-10-22T00:20:50.961+0000] {dagbag.py:525} INFO - Filling up the DagBag from /opt/airflow/dags/hadoop-2.7.3/share/hadoop/tools/lib/commons-lang3-3.3.2.jar
[2022-10-22T00:20:50.976+0000] {processor.py:770} WARNING - No viable dags retrieved from /opt/airflow/dags/hadoop-2.7.3/share/hadoop/tools/lib/commons-lang3-3.3.2.jar
[2022-10-22T00:20:51.033+0000] {processor.py:178} INFO - Processing /opt/airflow/dags/hadoop-2.7.3/share/hadoop/tools/lib/commons-lang3-3.3.2.jar took 0.091 seconds
[2022-10-22T00:21:44.308+0000] {processor.py:156} INFO - Started process (PID=28726) to work on /opt/airflow/dags/hadoop-2.7.3/share/hadoop/tools/lib/commons-lang3-3.3.2.jar
[2022-10-22T00:21:44.314+0000] {processor.py:758} INFO - Processing file /opt/airflow/dags/hadoop-2.7.3/share/hadoop/tools/lib/commons-lang3-3.3.2.jar for tasks to queue
[2022-10-22T00:21:44.318+0000] {logging_mixin.py:117} INFO - [2022-10-22T00:21:44.317+0000] {dagbag.py:525} INFO - Filling up the DagBag from /opt/airflow/dags/hadoop-2.7.3/share/hadoop/tools/lib/commons-lang3-3.3.2.jar
[2022-10-22T00:21:44.336+0000] {processor.py:770} WARNING - No viable dags retrieved from /opt/airflow/dags/hadoop-2.7.3/share/hadoop/tools/lib/commons-lang3-3.3.2.jar
[2022-10-22T00:21:44.399+0000] {processor.py:178} INFO - Processing /opt/airflow/dags/hadoop-2.7.3/share/hadoop/tools/lib/commons-lang3-3.3.2.jar took 0.105 seconds
[2022-10-22T00:21:55.218+0000] {processor.py:156} INFO - Started process (PID=26271) to work on /opt/airflow/dags/hadoop-2.7.3/share/hadoop/tools/lib/commons-lang3-3.3.2.jar
[2022-10-22T00:21:55.224+0000] {processor.py:758} INFO - Processing file /opt/airflow/dags/hadoop-2.7.3/share/hadoop/tools/lib/commons-lang3-3.3.2.jar for tasks to queue
[2022-10-22T00:21:55.232+0000] {logging_mixin.py:117} INFO - [2022-10-22T00:21:55.230+0000] {dagbag.py:525} INFO - Filling up the DagBag from /opt/airflow/dags/hadoop-2.7.3/share/hadoop/tools/lib/commons-lang3-3.3.2.jar
[2022-10-22T00:21:55.271+0000] {processor.py:770} WARNING - No viable dags retrieved from /opt/airflow/dags/hadoop-2.7.3/share/hadoop/tools/lib/commons-lang3-3.3.2.jar
[2022-10-22T00:21:55.344+0000] {processor.py:178} INFO - Processing /opt/airflow/dags/hadoop-2.7.3/share/hadoop/tools/lib/commons-lang3-3.3.2.jar took 0.156 seconds
[2022-10-22T00:22:38.923+0000] {processor.py:156} INFO - Started process (PID=29248) to work on /opt/airflow/dags/hadoop-2.7.3/share/hadoop/tools/lib/commons-lang3-3.3.2.jar
[2022-10-22T00:22:38.926+0000] {processor.py:758} INFO - Processing file /opt/airflow/dags/hadoop-2.7.3/share/hadoop/tools/lib/commons-lang3-3.3.2.jar for tasks to queue
[2022-10-22T00:22:38.929+0000] {logging_mixin.py:117} INFO - [2022-10-22T00:22:38.929+0000] {dagbag.py:525} INFO - Filling up the DagBag from /opt/airflow/dags/hadoop-2.7.3/share/hadoop/tools/lib/commons-lang3-3.3.2.jar
[2022-10-22T00:22:38.943+0000] {processor.py:770} WARNING - No viable dags retrieved from /opt/airflow/dags/hadoop-2.7.3/share/hadoop/tools/lib/commons-lang3-3.3.2.jar
[2022-10-22T00:22:38.984+0000] {processor.py:178} INFO - Processing /opt/airflow/dags/hadoop-2.7.3/share/hadoop/tools/lib/commons-lang3-3.3.2.jar took 0.072 seconds
[2022-10-22T00:22:51.599+0000] {processor.py:156} INFO - Started process (PID=26796) to work on /opt/airflow/dags/hadoop-2.7.3/share/hadoop/tools/lib/commons-lang3-3.3.2.jar
[2022-10-22T00:22:51.607+0000] {processor.py:758} INFO - Processing file /opt/airflow/dags/hadoop-2.7.3/share/hadoop/tools/lib/commons-lang3-3.3.2.jar for tasks to queue
[2022-10-22T00:22:51.630+0000] {logging_mixin.py:117} INFO - [2022-10-22T00:22:51.629+0000] {dagbag.py:525} INFO - Filling up the DagBag from /opt/airflow/dags/hadoop-2.7.3/share/hadoop/tools/lib/commons-lang3-3.3.2.jar
[2022-10-22T00:22:51.670+0000] {processor.py:770} WARNING - No viable dags retrieved from /opt/airflow/dags/hadoop-2.7.3/share/hadoop/tools/lib/commons-lang3-3.3.2.jar
[2022-10-22T00:22:51.728+0000] {processor.py:178} INFO - Processing /opt/airflow/dags/hadoop-2.7.3/share/hadoop/tools/lib/commons-lang3-3.3.2.jar took 0.146 seconds
[2022-10-22T00:23:38.637+0000] {processor.py:156} INFO - Started process (PID=29894) to work on /opt/airflow/dags/hadoop-2.7.3/share/hadoop/tools/lib/commons-lang3-3.3.2.jar
[2022-10-22T00:23:38.639+0000] {processor.py:758} INFO - Processing file /opt/airflow/dags/hadoop-2.7.3/share/hadoop/tools/lib/commons-lang3-3.3.2.jar for tasks to queue
[2022-10-22T00:23:38.642+0000] {logging_mixin.py:117} INFO - [2022-10-22T00:23:38.641+0000] {dagbag.py:525} INFO - Filling up the DagBag from /opt/airflow/dags/hadoop-2.7.3/share/hadoop/tools/lib/commons-lang3-3.3.2.jar
[2022-10-22T00:23:38.660+0000] {processor.py:770} WARNING - No viable dags retrieved from /opt/airflow/dags/hadoop-2.7.3/share/hadoop/tools/lib/commons-lang3-3.3.2.jar
[2022-10-22T00:23:38.682+0000] {processor.py:178} INFO - Processing /opt/airflow/dags/hadoop-2.7.3/share/hadoop/tools/lib/commons-lang3-3.3.2.jar took 0.055 seconds
[2022-10-22T00:23:43.916+0000] {processor.py:156} INFO - Started process (PID=27385) to work on /opt/airflow/dags/hadoop-2.7.3/share/hadoop/tools/lib/commons-lang3-3.3.2.jar
[2022-10-22T00:23:43.919+0000] {processor.py:758} INFO - Processing file /opt/airflow/dags/hadoop-2.7.3/share/hadoop/tools/lib/commons-lang3-3.3.2.jar for tasks to queue
[2022-10-22T00:23:43.929+0000] {logging_mixin.py:117} INFO - [2022-10-22T00:23:43.929+0000] {dagbag.py:525} INFO - Filling up the DagBag from /opt/airflow/dags/hadoop-2.7.3/share/hadoop/tools/lib/commons-lang3-3.3.2.jar
[2022-10-22T00:23:43.945+0000] {processor.py:770} WARNING - No viable dags retrieved from /opt/airflow/dags/hadoop-2.7.3/share/hadoop/tools/lib/commons-lang3-3.3.2.jar
[2022-10-22T00:23:43.998+0000] {processor.py:178} INFO - Processing /opt/airflow/dags/hadoop-2.7.3/share/hadoop/tools/lib/commons-lang3-3.3.2.jar took 0.097 seconds
