[2022-10-22T00:00:48.091+0000] {processor.py:156} INFO - Started process (PID=17007) to work on /opt/airflow/dags/hadoop-2.7.3/share/hadoop/tools/lib/commons-math3-3.1.1.jar
[2022-10-22T00:00:48.096+0000] {processor.py:758} INFO - Processing file /opt/airflow/dags/hadoop-2.7.3/share/hadoop/tools/lib/commons-math3-3.1.1.jar for tasks to queue
[2022-10-22T00:00:48.107+0000] {logging_mixin.py:117} INFO - [2022-10-22T00:00:48.106+0000] {dagbag.py:525} INFO - Filling up the DagBag from /opt/airflow/dags/hadoop-2.7.3/share/hadoop/tools/lib/commons-math3-3.1.1.jar
[2022-10-22T00:00:48.187+0000] {processor.py:770} WARNING - No viable dags retrieved from /opt/airflow/dags/hadoop-2.7.3/share/hadoop/tools/lib/commons-math3-3.1.1.jar
[2022-10-22T00:00:48.264+0000] {processor.py:178} INFO - Processing /opt/airflow/dags/hadoop-2.7.3/share/hadoop/tools/lib/commons-math3-3.1.1.jar took 0.197 seconds
[2022-10-22T00:01:56.906+0000] {processor.py:156} INFO - Started process (PID=19853) to work on /opt/airflow/dags/hadoop-2.7.3/share/hadoop/tools/lib/commons-math3-3.1.1.jar
[2022-10-22T00:01:56.911+0000] {processor.py:758} INFO - Processing file /opt/airflow/dags/hadoop-2.7.3/share/hadoop/tools/lib/commons-math3-3.1.1.jar for tasks to queue
[2022-10-22T00:01:56.914+0000] {logging_mixin.py:117} INFO - [2022-10-22T00:01:56.913+0000] {dagbag.py:525} INFO - Filling up the DagBag from /opt/airflow/dags/hadoop-2.7.3/share/hadoop/tools/lib/commons-math3-3.1.1.jar
[2022-10-22T00:01:56.989+0000] {processor.py:770} WARNING - No viable dags retrieved from /opt/airflow/dags/hadoop-2.7.3/share/hadoop/tools/lib/commons-math3-3.1.1.jar
[2022-10-22T00:01:57.058+0000] {processor.py:178} INFO - Processing /opt/airflow/dags/hadoop-2.7.3/share/hadoop/tools/lib/commons-math3-3.1.1.jar took 0.165 seconds
[2022-10-22T00:02:08.748+0000] {processor.py:156} INFO - Started process (PID=17601) to work on /opt/airflow/dags/hadoop-2.7.3/share/hadoop/tools/lib/commons-math3-3.1.1.jar
[2022-10-22T00:02:08.755+0000] {processor.py:758} INFO - Processing file /opt/airflow/dags/hadoop-2.7.3/share/hadoop/tools/lib/commons-math3-3.1.1.jar for tasks to queue
[2022-10-22T00:02:08.760+0000] {logging_mixin.py:117} INFO - [2022-10-22T00:02:08.759+0000] {dagbag.py:525} INFO - Filling up the DagBag from /opt/airflow/dags/hadoop-2.7.3/share/hadoop/tools/lib/commons-math3-3.1.1.jar
[2022-10-22T00:02:08.843+0000] {processor.py:770} WARNING - No viable dags retrieved from /opt/airflow/dags/hadoop-2.7.3/share/hadoop/tools/lib/commons-math3-3.1.1.jar
[2022-10-22T00:02:08.920+0000] {processor.py:178} INFO - Processing /opt/airflow/dags/hadoop-2.7.3/share/hadoop/tools/lib/commons-math3-3.1.1.jar took 0.186 seconds
[2022-10-22T00:03:30.802+0000] {processor.py:156} INFO - Started process (PID=20406) to work on /opt/airflow/dags/hadoop-2.7.3/share/hadoop/tools/lib/commons-math3-3.1.1.jar
[2022-10-22T00:03:30.806+0000] {processor.py:758} INFO - Processing file /opt/airflow/dags/hadoop-2.7.3/share/hadoop/tools/lib/commons-math3-3.1.1.jar for tasks to queue
[2022-10-22T00:03:30.812+0000] {logging_mixin.py:117} INFO - [2022-10-22T00:03:30.811+0000] {dagbag.py:525} INFO - Filling up the DagBag from /opt/airflow/dags/hadoop-2.7.3/share/hadoop/tools/lib/commons-math3-3.1.1.jar
[2022-10-22T00:03:30.894+0000] {processor.py:770} WARNING - No viable dags retrieved from /opt/airflow/dags/hadoop-2.7.3/share/hadoop/tools/lib/commons-math3-3.1.1.jar
[2022-10-22T00:03:30.970+0000] {processor.py:178} INFO - Processing /opt/airflow/dags/hadoop-2.7.3/share/hadoop/tools/lib/commons-math3-3.1.1.jar took 0.175 seconds
[2022-10-22T00:03:53.023+0000] {processor.py:156} INFO - Started process (PID=18242) to work on /opt/airflow/dags/hadoop-2.7.3/share/hadoop/tools/lib/commons-math3-3.1.1.jar
[2022-10-22T00:03:53.027+0000] {processor.py:758} INFO - Processing file /opt/airflow/dags/hadoop-2.7.3/share/hadoop/tools/lib/commons-math3-3.1.1.jar for tasks to queue
[2022-10-22T00:03:53.030+0000] {logging_mixin.py:117} INFO - [2022-10-22T00:03:53.030+0000] {dagbag.py:525} INFO - Filling up the DagBag from /opt/airflow/dags/hadoop-2.7.3/share/hadoop/tools/lib/commons-math3-3.1.1.jar
[2022-10-22T00:03:53.146+0000] {processor.py:770} WARNING - No viable dags retrieved from /opt/airflow/dags/hadoop-2.7.3/share/hadoop/tools/lib/commons-math3-3.1.1.jar
[2022-10-22T00:03:53.192+0000] {processor.py:178} INFO - Processing /opt/airflow/dags/hadoop-2.7.3/share/hadoop/tools/lib/commons-math3-3.1.1.jar took 0.178 seconds
[2022-10-22T00:04:44.587+0000] {processor.py:156} INFO - Started process (PID=21087) to work on /opt/airflow/dags/hadoop-2.7.3/share/hadoop/tools/lib/commons-math3-3.1.1.jar
[2022-10-22T00:04:44.591+0000] {processor.py:758} INFO - Processing file /opt/airflow/dags/hadoop-2.7.3/share/hadoop/tools/lib/commons-math3-3.1.1.jar for tasks to queue
[2022-10-22T00:04:44.594+0000] {logging_mixin.py:117} INFO - [2022-10-22T00:04:44.594+0000] {dagbag.py:525} INFO - Filling up the DagBag from /opt/airflow/dags/hadoop-2.7.3/share/hadoop/tools/lib/commons-math3-3.1.1.jar
[2022-10-22T00:04:44.650+0000] {processor.py:770} WARNING - No viable dags retrieved from /opt/airflow/dags/hadoop-2.7.3/share/hadoop/tools/lib/commons-math3-3.1.1.jar
[2022-10-22T00:04:44.708+0000] {processor.py:178} INFO - Processing /opt/airflow/dags/hadoop-2.7.3/share/hadoop/tools/lib/commons-math3-3.1.1.jar took 0.132 seconds
[2022-10-22T00:04:53.588+0000] {processor.py:156} INFO - Started process (PID=18767) to work on /opt/airflow/dags/hadoop-2.7.3/share/hadoop/tools/lib/commons-math3-3.1.1.jar
[2022-10-22T00:04:53.590+0000] {processor.py:758} INFO - Processing file /opt/airflow/dags/hadoop-2.7.3/share/hadoop/tools/lib/commons-math3-3.1.1.jar for tasks to queue
[2022-10-22T00:04:53.593+0000] {logging_mixin.py:117} INFO - [2022-10-22T00:04:53.593+0000] {dagbag.py:525} INFO - Filling up the DagBag from /opt/airflow/dags/hadoop-2.7.3/share/hadoop/tools/lib/commons-math3-3.1.1.jar
[2022-10-22T00:04:53.636+0000] {processor.py:770} WARNING - No viable dags retrieved from /opt/airflow/dags/hadoop-2.7.3/share/hadoop/tools/lib/commons-math3-3.1.1.jar
[2022-10-22T00:04:53.675+0000] {processor.py:178} INFO - Processing /opt/airflow/dags/hadoop-2.7.3/share/hadoop/tools/lib/commons-math3-3.1.1.jar took 0.107 seconds
[2022-10-22T00:05:34.483+0000] {processor.py:156} INFO - Started process (PID=21586) to work on /opt/airflow/dags/hadoop-2.7.3/share/hadoop/tools/lib/commons-math3-3.1.1.jar
[2022-10-22T00:05:34.486+0000] {processor.py:758} INFO - Processing file /opt/airflow/dags/hadoop-2.7.3/share/hadoop/tools/lib/commons-math3-3.1.1.jar for tasks to queue
[2022-10-22T00:05:34.488+0000] {logging_mixin.py:117} INFO - [2022-10-22T00:05:34.488+0000] {dagbag.py:525} INFO - Filling up the DagBag from /opt/airflow/dags/hadoop-2.7.3/share/hadoop/tools/lib/commons-math3-3.1.1.jar
[2022-10-22T00:05:34.552+0000] {processor.py:770} WARNING - No viable dags retrieved from /opt/airflow/dags/hadoop-2.7.3/share/hadoop/tools/lib/commons-math3-3.1.1.jar
[2022-10-22T00:05:34.600+0000] {processor.py:178} INFO - Processing /opt/airflow/dags/hadoop-2.7.3/share/hadoop/tools/lib/commons-math3-3.1.1.jar took 0.125 seconds
[2022-10-22T00:05:46.158+0000] {processor.py:156} INFO - Started process (PID=19292) to work on /opt/airflow/dags/hadoop-2.7.3/share/hadoop/tools/lib/commons-math3-3.1.1.jar
[2022-10-22T00:05:46.162+0000] {processor.py:758} INFO - Processing file /opt/airflow/dags/hadoop-2.7.3/share/hadoop/tools/lib/commons-math3-3.1.1.jar for tasks to queue
[2022-10-22T00:05:46.166+0000] {logging_mixin.py:117} INFO - [2022-10-22T00:05:46.165+0000] {dagbag.py:525} INFO - Filling up the DagBag from /opt/airflow/dags/hadoop-2.7.3/share/hadoop/tools/lib/commons-math3-3.1.1.jar
[2022-10-22T00:05:46.226+0000] {processor.py:770} WARNING - No viable dags retrieved from /opt/airflow/dags/hadoop-2.7.3/share/hadoop/tools/lib/commons-math3-3.1.1.jar
[2022-10-22T00:05:46.270+0000] {processor.py:178} INFO - Processing /opt/airflow/dags/hadoop-2.7.3/share/hadoop/tools/lib/commons-math3-3.1.1.jar took 0.121 seconds
[2022-10-22T00:06:41.686+0000] {processor.py:156} INFO - Started process (PID=19814) to work on /opt/airflow/dags/hadoop-2.7.3/share/hadoop/tools/lib/commons-math3-3.1.1.jar
[2022-10-22T00:06:41.690+0000] {processor.py:758} INFO - Processing file /opt/airflow/dags/hadoop-2.7.3/share/hadoop/tools/lib/commons-math3-3.1.1.jar for tasks to queue
[2022-10-22T00:06:41.692+0000] {logging_mixin.py:117} INFO - [2022-10-22T00:06:41.691+0000] {dagbag.py:525} INFO - Filling up the DagBag from /opt/airflow/dags/hadoop-2.7.3/share/hadoop/tools/lib/commons-math3-3.1.1.jar
[2022-10-22T00:06:41.736+0000] {processor.py:770} WARNING - No viable dags retrieved from /opt/airflow/dags/hadoop-2.7.3/share/hadoop/tools/lib/commons-math3-3.1.1.jar
[2022-10-22T00:06:41.779+0000] {processor.py:178} INFO - Processing /opt/airflow/dags/hadoop-2.7.3/share/hadoop/tools/lib/commons-math3-3.1.1.jar took 0.099 seconds
[2022-10-22T00:06:42.177+0000] {processor.py:156} INFO - Started process (PID=22262) to work on /opt/airflow/dags/hadoop-2.7.3/share/hadoop/tools/lib/commons-math3-3.1.1.jar
[2022-10-22T00:06:42.179+0000] {processor.py:758} INFO - Processing file /opt/airflow/dags/hadoop-2.7.3/share/hadoop/tools/lib/commons-math3-3.1.1.jar for tasks to queue
[2022-10-22T00:06:42.181+0000] {logging_mixin.py:117} INFO - [2022-10-22T00:06:42.181+0000] {dagbag.py:525} INFO - Filling up the DagBag from /opt/airflow/dags/hadoop-2.7.3/share/hadoop/tools/lib/commons-math3-3.1.1.jar
[2022-10-22T00:06:42.218+0000] {processor.py:770} WARNING - No viable dags retrieved from /opt/airflow/dags/hadoop-2.7.3/share/hadoop/tools/lib/commons-math3-3.1.1.jar
[2022-10-22T00:06:42.256+0000] {processor.py:178} INFO - Processing /opt/airflow/dags/hadoop-2.7.3/share/hadoop/tools/lib/commons-math3-3.1.1.jar took 0.087 seconds
[2022-10-22T00:07:44.894+0000] {processor.py:156} INFO - Started process (PID=22892) to work on /opt/airflow/dags/hadoop-2.7.3/share/hadoop/tools/lib/commons-math3-3.1.1.jar
[2022-10-22T00:07:44.899+0000] {processor.py:758} INFO - Processing file /opt/airflow/dags/hadoop-2.7.3/share/hadoop/tools/lib/commons-math3-3.1.1.jar for tasks to queue
[2022-10-22T00:07:44.904+0000] {logging_mixin.py:117} INFO - [2022-10-22T00:07:44.904+0000] {dagbag.py:525} INFO - Filling up the DagBag from /opt/airflow/dags/hadoop-2.7.3/share/hadoop/tools/lib/commons-math3-3.1.1.jar
[2022-10-22T00:07:44.985+0000] {processor.py:770} WARNING - No viable dags retrieved from /opt/airflow/dags/hadoop-2.7.3/share/hadoop/tools/lib/commons-math3-3.1.1.jar
[2022-10-22T00:07:45.044+0000] {processor.py:178} INFO - Processing /opt/airflow/dags/hadoop-2.7.3/share/hadoop/tools/lib/commons-math3-3.1.1.jar took 0.177 seconds
[2022-10-22T00:08:28.681+0000] {processor.py:156} INFO - Started process (PID=20482) to work on /opt/airflow/dags/hadoop-2.7.3/share/hadoop/tools/lib/commons-math3-3.1.1.jar
[2022-10-22T00:08:28.684+0000] {processor.py:758} INFO - Processing file /opt/airflow/dags/hadoop-2.7.3/share/hadoop/tools/lib/commons-math3-3.1.1.jar for tasks to queue
[2022-10-22T00:08:28.686+0000] {logging_mixin.py:117} INFO - [2022-10-22T00:08:28.686+0000] {dagbag.py:525} INFO - Filling up the DagBag from /opt/airflow/dags/hadoop-2.7.3/share/hadoop/tools/lib/commons-math3-3.1.1.jar
[2022-10-22T00:08:28.728+0000] {processor.py:770} WARNING - No viable dags retrieved from /opt/airflow/dags/hadoop-2.7.3/share/hadoop/tools/lib/commons-math3-3.1.1.jar
[2022-10-22T00:08:28.764+0000] {processor.py:178} INFO - Processing /opt/airflow/dags/hadoop-2.7.3/share/hadoop/tools/lib/commons-math3-3.1.1.jar took 0.090 seconds
[2022-10-22T00:09:20.826+0000] {processor.py:156} INFO - Started process (PID=23430) to work on /opt/airflow/dags/hadoop-2.7.3/share/hadoop/tools/lib/commons-math3-3.1.1.jar
[2022-10-22T00:09:20.832+0000] {processor.py:758} INFO - Processing file /opt/airflow/dags/hadoop-2.7.3/share/hadoop/tools/lib/commons-math3-3.1.1.jar for tasks to queue
[2022-10-22T00:09:20.834+0000] {logging_mixin.py:117} INFO - [2022-10-22T00:09:20.834+0000] {dagbag.py:525} INFO - Filling up the DagBag from /opt/airflow/dags/hadoop-2.7.3/share/hadoop/tools/lib/commons-math3-3.1.1.jar
[2022-10-22T00:09:20.874+0000] {processor.py:770} WARNING - No viable dags retrieved from /opt/airflow/dags/hadoop-2.7.3/share/hadoop/tools/lib/commons-math3-3.1.1.jar
[2022-10-22T00:09:20.927+0000] {processor.py:178} INFO - Processing /opt/airflow/dags/hadoop-2.7.3/share/hadoop/tools/lib/commons-math3-3.1.1.jar took 0.108 seconds
[2022-10-22T00:09:39.558+0000] {processor.py:156} INFO - Started process (PID=21118) to work on /opt/airflow/dags/hadoop-2.7.3/share/hadoop/tools/lib/commons-math3-3.1.1.jar
[2022-10-22T00:09:39.561+0000] {processor.py:758} INFO - Processing file /opt/airflow/dags/hadoop-2.7.3/share/hadoop/tools/lib/commons-math3-3.1.1.jar for tasks to queue
[2022-10-22T00:09:39.563+0000] {logging_mixin.py:117} INFO - [2022-10-22T00:09:39.562+0000] {dagbag.py:525} INFO - Filling up the DagBag from /opt/airflow/dags/hadoop-2.7.3/share/hadoop/tools/lib/commons-math3-3.1.1.jar
[2022-10-22T00:09:39.603+0000] {processor.py:770} WARNING - No viable dags retrieved from /opt/airflow/dags/hadoop-2.7.3/share/hadoop/tools/lib/commons-math3-3.1.1.jar
[2022-10-22T00:09:39.645+0000] {processor.py:178} INFO - Processing /opt/airflow/dags/hadoop-2.7.3/share/hadoop/tools/lib/commons-math3-3.1.1.jar took 0.094 seconds
[2022-10-22T00:11:21.421+0000] {processor.py:156} INFO - Started process (PID=23954) to work on /opt/airflow/dags/hadoop-2.7.3/share/hadoop/tools/lib/commons-math3-3.1.1.jar
[2022-10-22T00:11:21.426+0000] {processor.py:758} INFO - Processing file /opt/airflow/dags/hadoop-2.7.3/share/hadoop/tools/lib/commons-math3-3.1.1.jar for tasks to queue
[2022-10-22T00:11:21.429+0000] {logging_mixin.py:117} INFO - [2022-10-22T00:11:21.429+0000] {dagbag.py:525} INFO - Filling up the DagBag from /opt/airflow/dags/hadoop-2.7.3/share/hadoop/tools/lib/commons-math3-3.1.1.jar
[2022-10-22T00:11:21.463+0000] {processor.py:770} WARNING - No viable dags retrieved from /opt/airflow/dags/hadoop-2.7.3/share/hadoop/tools/lib/commons-math3-3.1.1.jar
[2022-10-22T00:11:21.483+0000] {processor.py:178} INFO - Processing /opt/airflow/dags/hadoop-2.7.3/share/hadoop/tools/lib/commons-math3-3.1.1.jar took 0.071 seconds
[2022-10-22T00:11:39.923+0000] {processor.py:156} INFO - Started process (PID=21732) to work on /opt/airflow/dags/hadoop-2.7.3/share/hadoop/tools/lib/commons-math3-3.1.1.jar
[2022-10-22T00:11:39.925+0000] {processor.py:758} INFO - Processing file /opt/airflow/dags/hadoop-2.7.3/share/hadoop/tools/lib/commons-math3-3.1.1.jar for tasks to queue
[2022-10-22T00:11:39.926+0000] {logging_mixin.py:117} INFO - [2022-10-22T00:11:39.926+0000] {dagbag.py:525} INFO - Filling up the DagBag from /opt/airflow/dags/hadoop-2.7.3/share/hadoop/tools/lib/commons-math3-3.1.1.jar
[2022-10-22T00:11:39.973+0000] {processor.py:770} WARNING - No viable dags retrieved from /opt/airflow/dags/hadoop-2.7.3/share/hadoop/tools/lib/commons-math3-3.1.1.jar
[2022-10-22T00:11:40.038+0000] {processor.py:178} INFO - Processing /opt/airflow/dags/hadoop-2.7.3/share/hadoop/tools/lib/commons-math3-3.1.1.jar took 0.133 seconds
[2022-10-22T00:12:01.194+0000] {processor.py:156} INFO - Started process (PID=24498) to work on /opt/airflow/dags/hadoop-2.7.3/share/hadoop/tools/lib/commons-math3-3.1.1.jar
[2022-10-22T00:12:01.200+0000] {processor.py:758} INFO - Processing file /opt/airflow/dags/hadoop-2.7.3/share/hadoop/tools/lib/commons-math3-3.1.1.jar for tasks to queue
[2022-10-22T00:12:01.203+0000] {logging_mixin.py:117} INFO - [2022-10-22T00:12:01.203+0000] {dagbag.py:525} INFO - Filling up the DagBag from /opt/airflow/dags/hadoop-2.7.3/share/hadoop/tools/lib/commons-math3-3.1.1.jar
[2022-10-22T00:12:01.262+0000] {processor.py:770} WARNING - No viable dags retrieved from /opt/airflow/dags/hadoop-2.7.3/share/hadoop/tools/lib/commons-math3-3.1.1.jar
[2022-10-22T00:12:01.299+0000] {processor.py:178} INFO - Processing /opt/airflow/dags/hadoop-2.7.3/share/hadoop/tools/lib/commons-math3-3.1.1.jar took 0.127 seconds
[2022-10-22T00:12:29.212+0000] {processor.py:156} INFO - Started process (PID=22257) to work on /opt/airflow/dags/hadoop-2.7.3/share/hadoop/tools/lib/commons-math3-3.1.1.jar
[2022-10-22T00:12:29.220+0000] {processor.py:758} INFO - Processing file /opt/airflow/dags/hadoop-2.7.3/share/hadoop/tools/lib/commons-math3-3.1.1.jar for tasks to queue
[2022-10-22T00:12:29.228+0000] {logging_mixin.py:117} INFO - [2022-10-22T00:12:29.228+0000] {dagbag.py:525} INFO - Filling up the DagBag from /opt/airflow/dags/hadoop-2.7.3/share/hadoop/tools/lib/commons-math3-3.1.1.jar
[2022-10-22T00:12:29.292+0000] {processor.py:770} WARNING - No viable dags retrieved from /opt/airflow/dags/hadoop-2.7.3/share/hadoop/tools/lib/commons-math3-3.1.1.jar
[2022-10-22T00:12:29.395+0000] {processor.py:178} INFO - Processing /opt/airflow/dags/hadoop-2.7.3/share/hadoop/tools/lib/commons-math3-3.1.1.jar took 0.201 seconds
[2022-10-22T00:15:31.525+0000] {processor.py:156} INFO - Started process (PID=22745) to work on /opt/airflow/dags/hadoop-2.7.3/share/hadoop/tools/lib/commons-math3-3.1.1.jar
[2022-10-22T00:15:31.541+0000] {processor.py:758} INFO - Processing file /opt/airflow/dags/hadoop-2.7.3/share/hadoop/tools/lib/commons-math3-3.1.1.jar for tasks to queue
[2022-10-22T00:15:31.549+0000] {logging_mixin.py:117} INFO - [2022-10-22T00:15:31.545+0000] {dagbag.py:525} INFO - Filling up the DagBag from /opt/airflow/dags/hadoop-2.7.3/share/hadoop/tools/lib/commons-math3-3.1.1.jar
[2022-10-22T00:15:31.620+0000] {processor.py:770} WARNING - No viable dags retrieved from /opt/airflow/dags/hadoop-2.7.3/share/hadoop/tools/lib/commons-math3-3.1.1.jar
[2022-10-22T00:15:31.685+0000] {processor.py:178} INFO - Processing /opt/airflow/dags/hadoop-2.7.3/share/hadoop/tools/lib/commons-math3-3.1.1.jar took 0.171 seconds
[2022-10-22T00:15:45.190+0000] {processor.py:156} INFO - Started process (PID=25308) to work on /opt/airflow/dags/hadoop-2.7.3/share/hadoop/tools/lib/commons-math3-3.1.1.jar
[2022-10-22T00:15:45.192+0000] {processor.py:758} INFO - Processing file /opt/airflow/dags/hadoop-2.7.3/share/hadoop/tools/lib/commons-math3-3.1.1.jar for tasks to queue
[2022-10-22T00:15:45.195+0000] {logging_mixin.py:117} INFO - [2022-10-22T00:15:45.195+0000] {dagbag.py:525} INFO - Filling up the DagBag from /opt/airflow/dags/hadoop-2.7.3/share/hadoop/tools/lib/commons-math3-3.1.1.jar
[2022-10-22T00:15:45.244+0000] {processor.py:770} WARNING - No viable dags retrieved from /opt/airflow/dags/hadoop-2.7.3/share/hadoop/tools/lib/commons-math3-3.1.1.jar
[2022-10-22T00:15:45.293+0000] {processor.py:178} INFO - Processing /opt/airflow/dags/hadoop-2.7.3/share/hadoop/tools/lib/commons-math3-3.1.1.jar took 0.110 seconds
[2022-10-22T00:16:20.081+0000] {processor.py:156} INFO - Started process (PID=23261) to work on /opt/airflow/dags/hadoop-2.7.3/share/hadoop/tools/lib/commons-math3-3.1.1.jar
[2022-10-22T00:16:20.084+0000] {processor.py:758} INFO - Processing file /opt/airflow/dags/hadoop-2.7.3/share/hadoop/tools/lib/commons-math3-3.1.1.jar for tasks to queue
[2022-10-22T00:16:20.086+0000] {logging_mixin.py:117} INFO - [2022-10-22T00:16:20.085+0000] {dagbag.py:525} INFO - Filling up the DagBag from /opt/airflow/dags/hadoop-2.7.3/share/hadoop/tools/lib/commons-math3-3.1.1.jar
[2022-10-22T00:16:20.123+0000] {processor.py:770} WARNING - No viable dags retrieved from /opt/airflow/dags/hadoop-2.7.3/share/hadoop/tools/lib/commons-math3-3.1.1.jar
[2022-10-22T00:16:20.170+0000] {processor.py:178} INFO - Processing /opt/airflow/dags/hadoop-2.7.3/share/hadoop/tools/lib/commons-math3-3.1.1.jar took 0.098 seconds
[2022-10-22T00:16:32.489+0000] {processor.py:156} INFO - Started process (PID=25831) to work on /opt/airflow/dags/hadoop-2.7.3/share/hadoop/tools/lib/commons-math3-3.1.1.jar
[2022-10-22T00:16:32.492+0000] {processor.py:758} INFO - Processing file /opt/airflow/dags/hadoop-2.7.3/share/hadoop/tools/lib/commons-math3-3.1.1.jar for tasks to queue
[2022-10-22T00:16:32.496+0000] {logging_mixin.py:117} INFO - [2022-10-22T00:16:32.495+0000] {dagbag.py:525} INFO - Filling up the DagBag from /opt/airflow/dags/hadoop-2.7.3/share/hadoop/tools/lib/commons-math3-3.1.1.jar
[2022-10-22T00:16:32.552+0000] {processor.py:770} WARNING - No viable dags retrieved from /opt/airflow/dags/hadoop-2.7.3/share/hadoop/tools/lib/commons-math3-3.1.1.jar
[2022-10-22T00:16:32.604+0000] {processor.py:178} INFO - Processing /opt/airflow/dags/hadoop-2.7.3/share/hadoop/tools/lib/commons-math3-3.1.1.jar took 0.121 seconds
[2022-10-22T00:17:10.920+0000] {processor.py:156} INFO - Started process (PID=23796) to work on /opt/airflow/dags/hadoop-2.7.3/share/hadoop/tools/lib/commons-math3-3.1.1.jar
[2022-10-22T00:17:10.927+0000] {processor.py:758} INFO - Processing file /opt/airflow/dags/hadoop-2.7.3/share/hadoop/tools/lib/commons-math3-3.1.1.jar for tasks to queue
[2022-10-22T00:17:10.933+0000] {logging_mixin.py:117} INFO - [2022-10-22T00:17:10.931+0000] {dagbag.py:525} INFO - Filling up the DagBag from /opt/airflow/dags/hadoop-2.7.3/share/hadoop/tools/lib/commons-math3-3.1.1.jar
[2022-10-22T00:17:10.990+0000] {processor.py:770} WARNING - No viable dags retrieved from /opt/airflow/dags/hadoop-2.7.3/share/hadoop/tools/lib/commons-math3-3.1.1.jar
[2022-10-22T00:17:11.051+0000] {processor.py:178} INFO - Processing /opt/airflow/dags/hadoop-2.7.3/share/hadoop/tools/lib/commons-math3-3.1.1.jar took 0.138 seconds
[2022-10-22T00:17:21.600+0000] {processor.py:156} INFO - Started process (PID=26355) to work on /opt/airflow/dags/hadoop-2.7.3/share/hadoop/tools/lib/commons-math3-3.1.1.jar
[2022-10-22T00:17:21.602+0000] {processor.py:758} INFO - Processing file /opt/airflow/dags/hadoop-2.7.3/share/hadoop/tools/lib/commons-math3-3.1.1.jar for tasks to queue
[2022-10-22T00:17:21.605+0000] {logging_mixin.py:117} INFO - [2022-10-22T00:17:21.605+0000] {dagbag.py:525} INFO - Filling up the DagBag from /opt/airflow/dags/hadoop-2.7.3/share/hadoop/tools/lib/commons-math3-3.1.1.jar
[2022-10-22T00:17:21.685+0000] {processor.py:770} WARNING - No viable dags retrieved from /opt/airflow/dags/hadoop-2.7.3/share/hadoop/tools/lib/commons-math3-3.1.1.jar
[2022-10-22T00:17:21.751+0000] {processor.py:178} INFO - Processing /opt/airflow/dags/hadoop-2.7.3/share/hadoop/tools/lib/commons-math3-3.1.1.jar took 0.158 seconds
[2022-10-22T00:18:11.063+0000] {processor.py:156} INFO - Started process (PID=24413) to work on /opt/airflow/dags/hadoop-2.7.3/share/hadoop/tools/lib/commons-math3-3.1.1.jar
[2022-10-22T00:18:11.067+0000] {processor.py:758} INFO - Processing file /opt/airflow/dags/hadoop-2.7.3/share/hadoop/tools/lib/commons-math3-3.1.1.jar for tasks to queue
[2022-10-22T00:18:11.069+0000] {logging_mixin.py:117} INFO - [2022-10-22T00:18:11.069+0000] {dagbag.py:525} INFO - Filling up the DagBag from /opt/airflow/dags/hadoop-2.7.3/share/hadoop/tools/lib/commons-math3-3.1.1.jar
[2022-10-22T00:18:11.102+0000] {processor.py:770} WARNING - No viable dags retrieved from /opt/airflow/dags/hadoop-2.7.3/share/hadoop/tools/lib/commons-math3-3.1.1.jar
[2022-10-22T00:18:11.136+0000] {processor.py:178} INFO - Processing /opt/airflow/dags/hadoop-2.7.3/share/hadoop/tools/lib/commons-math3-3.1.1.jar took 0.080 seconds
[2022-10-22T00:18:16.175+0000] {processor.py:156} INFO - Started process (PID=26950) to work on /opt/airflow/dags/hadoop-2.7.3/share/hadoop/tools/lib/commons-math3-3.1.1.jar
[2022-10-22T00:18:16.181+0000] {processor.py:758} INFO - Processing file /opt/airflow/dags/hadoop-2.7.3/share/hadoop/tools/lib/commons-math3-3.1.1.jar for tasks to queue
[2022-10-22T00:18:16.184+0000] {logging_mixin.py:117} INFO - [2022-10-22T00:18:16.183+0000] {dagbag.py:525} INFO - Filling up the DagBag from /opt/airflow/dags/hadoop-2.7.3/share/hadoop/tools/lib/commons-math3-3.1.1.jar
[2022-10-22T00:18:16.231+0000] {processor.py:770} WARNING - No viable dags retrieved from /opt/airflow/dags/hadoop-2.7.3/share/hadoop/tools/lib/commons-math3-3.1.1.jar
[2022-10-22T00:18:16.279+0000] {processor.py:178} INFO - Processing /opt/airflow/dags/hadoop-2.7.3/share/hadoop/tools/lib/commons-math3-3.1.1.jar took 0.116 seconds
[2022-10-22T00:19:09.717+0000] {processor.py:156} INFO - Started process (PID=27516) to work on /opt/airflow/dags/hadoop-2.7.3/share/hadoop/tools/lib/commons-math3-3.1.1.jar
[2022-10-22T00:19:09.727+0000] {processor.py:758} INFO - Processing file /opt/airflow/dags/hadoop-2.7.3/share/hadoop/tools/lib/commons-math3-3.1.1.jar for tasks to queue
[2022-10-22T00:19:09.736+0000] {logging_mixin.py:117} INFO - [2022-10-22T00:19:09.736+0000] {dagbag.py:525} INFO - Filling up the DagBag from /opt/airflow/dags/hadoop-2.7.3/share/hadoop/tools/lib/commons-math3-3.1.1.jar
[2022-10-22T00:19:09.759+0000] {processor.py:156} INFO - Started process (PID=25023) to work on /opt/airflow/dags/hadoop-2.7.3/share/hadoop/tools/lib/commons-math3-3.1.1.jar
[2022-10-22T00:19:09.764+0000] {processor.py:758} INFO - Processing file /opt/airflow/dags/hadoop-2.7.3/share/hadoop/tools/lib/commons-math3-3.1.1.jar for tasks to queue
[2022-10-22T00:19:09.766+0000] {logging_mixin.py:117} INFO - [2022-10-22T00:19:09.766+0000] {dagbag.py:525} INFO - Filling up the DagBag from /opt/airflow/dags/hadoop-2.7.3/share/hadoop/tools/lib/commons-math3-3.1.1.jar
[2022-10-22T00:19:09.807+0000] {processor.py:770} WARNING - No viable dags retrieved from /opt/airflow/dags/hadoop-2.7.3/share/hadoop/tools/lib/commons-math3-3.1.1.jar
[2022-10-22T00:19:09.846+0000] {processor.py:178} INFO - Processing /opt/airflow/dags/hadoop-2.7.3/share/hadoop/tools/lib/commons-math3-3.1.1.jar took 0.163 seconds
[2022-10-22T00:19:09.854+0000] {processor.py:770} WARNING - No viable dags retrieved from /opt/airflow/dags/hadoop-2.7.3/share/hadoop/tools/lib/commons-math3-3.1.1.jar
[2022-10-22T00:19:09.891+0000] {processor.py:178} INFO - Processing /opt/airflow/dags/hadoop-2.7.3/share/hadoop/tools/lib/commons-math3-3.1.1.jar took 0.160 seconds
[2022-10-22T00:20:48.543+0000] {processor.py:156} INFO - Started process (PID=25656) to work on /opt/airflow/dags/hadoop-2.7.3/share/hadoop/tools/lib/commons-math3-3.1.1.jar
[2022-10-22T00:20:48.549+0000] {processor.py:758} INFO - Processing file /opt/airflow/dags/hadoop-2.7.3/share/hadoop/tools/lib/commons-math3-3.1.1.jar for tasks to queue
[2022-10-22T00:20:48.552+0000] {logging_mixin.py:117} INFO - [2022-10-22T00:20:48.551+0000] {dagbag.py:525} INFO - Filling up the DagBag from /opt/airflow/dags/hadoop-2.7.3/share/hadoop/tools/lib/commons-math3-3.1.1.jar
[2022-10-22T00:20:48.595+0000] {processor.py:770} WARNING - No viable dags retrieved from /opt/airflow/dags/hadoop-2.7.3/share/hadoop/tools/lib/commons-math3-3.1.1.jar
[2022-10-22T00:20:48.627+0000] {processor.py:178} INFO - Processing /opt/airflow/dags/hadoop-2.7.3/share/hadoop/tools/lib/commons-math3-3.1.1.jar took 0.092 seconds
[2022-10-22T00:20:51.114+0000] {processor.py:156} INFO - Started process (PID=28204) to work on /opt/airflow/dags/hadoop-2.7.3/share/hadoop/tools/lib/commons-math3-3.1.1.jar
[2022-10-22T00:20:51.117+0000] {processor.py:758} INFO - Processing file /opt/airflow/dags/hadoop-2.7.3/share/hadoop/tools/lib/commons-math3-3.1.1.jar for tasks to queue
[2022-10-22T00:20:51.119+0000] {logging_mixin.py:117} INFO - [2022-10-22T00:20:51.119+0000] {dagbag.py:525} INFO - Filling up the DagBag from /opt/airflow/dags/hadoop-2.7.3/share/hadoop/tools/lib/commons-math3-3.1.1.jar
[2022-10-22T00:20:51.157+0000] {processor.py:770} WARNING - No viable dags retrieved from /opt/airflow/dags/hadoop-2.7.3/share/hadoop/tools/lib/commons-math3-3.1.1.jar
[2022-10-22T00:20:51.201+0000] {processor.py:178} INFO - Processing /opt/airflow/dags/hadoop-2.7.3/share/hadoop/tools/lib/commons-math3-3.1.1.jar took 0.096 seconds
[2022-10-22T00:21:44.507+0000] {processor.py:156} INFO - Started process (PID=28728) to work on /opt/airflow/dags/hadoop-2.7.3/share/hadoop/tools/lib/commons-math3-3.1.1.jar
[2022-10-22T00:21:44.511+0000] {processor.py:758} INFO - Processing file /opt/airflow/dags/hadoop-2.7.3/share/hadoop/tools/lib/commons-math3-3.1.1.jar for tasks to queue
[2022-10-22T00:21:44.513+0000] {logging_mixin.py:117} INFO - [2022-10-22T00:21:44.513+0000] {dagbag.py:525} INFO - Filling up the DagBag from /opt/airflow/dags/hadoop-2.7.3/share/hadoop/tools/lib/commons-math3-3.1.1.jar
[2022-10-22T00:21:44.583+0000] {processor.py:770} WARNING - No viable dags retrieved from /opt/airflow/dags/hadoop-2.7.3/share/hadoop/tools/lib/commons-math3-3.1.1.jar
[2022-10-22T00:21:44.636+0000] {processor.py:178} INFO - Processing /opt/airflow/dags/hadoop-2.7.3/share/hadoop/tools/lib/commons-math3-3.1.1.jar took 0.144 seconds
[2022-10-22T00:21:55.421+0000] {processor.py:156} INFO - Started process (PID=26280) to work on /opt/airflow/dags/hadoop-2.7.3/share/hadoop/tools/lib/commons-math3-3.1.1.jar
[2022-10-22T00:21:55.428+0000] {processor.py:758} INFO - Processing file /opt/airflow/dags/hadoop-2.7.3/share/hadoop/tools/lib/commons-math3-3.1.1.jar for tasks to queue
[2022-10-22T00:21:55.434+0000] {logging_mixin.py:117} INFO - [2022-10-22T00:21:55.432+0000] {dagbag.py:525} INFO - Filling up the DagBag from /opt/airflow/dags/hadoop-2.7.3/share/hadoop/tools/lib/commons-math3-3.1.1.jar
[2022-10-22T00:21:55.475+0000] {processor.py:770} WARNING - No viable dags retrieved from /opt/airflow/dags/hadoop-2.7.3/share/hadoop/tools/lib/commons-math3-3.1.1.jar
[2022-10-22T00:21:55.520+0000] {processor.py:178} INFO - Processing /opt/airflow/dags/hadoop-2.7.3/share/hadoop/tools/lib/commons-math3-3.1.1.jar took 0.119 seconds
[2022-10-22T00:22:39.093+0000] {processor.py:156} INFO - Started process (PID=29250) to work on /opt/airflow/dags/hadoop-2.7.3/share/hadoop/tools/lib/commons-math3-3.1.1.jar
[2022-10-22T00:22:39.097+0000] {processor.py:758} INFO - Processing file /opt/airflow/dags/hadoop-2.7.3/share/hadoop/tools/lib/commons-math3-3.1.1.jar for tasks to queue
[2022-10-22T00:22:39.099+0000] {logging_mixin.py:117} INFO - [2022-10-22T00:22:39.099+0000] {dagbag.py:525} INFO - Filling up the DagBag from /opt/airflow/dags/hadoop-2.7.3/share/hadoop/tools/lib/commons-math3-3.1.1.jar
[2022-10-22T00:22:39.152+0000] {processor.py:770} WARNING - No viable dags retrieved from /opt/airflow/dags/hadoop-2.7.3/share/hadoop/tools/lib/commons-math3-3.1.1.jar
[2022-10-22T00:22:39.204+0000] {processor.py:178} INFO - Processing /opt/airflow/dags/hadoop-2.7.3/share/hadoop/tools/lib/commons-math3-3.1.1.jar took 0.129 seconds
[2022-10-22T00:22:51.821+0000] {processor.py:156} INFO - Started process (PID=26798) to work on /opt/airflow/dags/hadoop-2.7.3/share/hadoop/tools/lib/commons-math3-3.1.1.jar
[2022-10-22T00:22:51.823+0000] {processor.py:758} INFO - Processing file /opt/airflow/dags/hadoop-2.7.3/share/hadoop/tools/lib/commons-math3-3.1.1.jar for tasks to queue
[2022-10-22T00:22:51.826+0000] {logging_mixin.py:117} INFO - [2022-10-22T00:22:51.825+0000] {dagbag.py:525} INFO - Filling up the DagBag from /opt/airflow/dags/hadoop-2.7.3/share/hadoop/tools/lib/commons-math3-3.1.1.jar
[2022-10-22T00:22:51.873+0000] {processor.py:770} WARNING - No viable dags retrieved from /opt/airflow/dags/hadoop-2.7.3/share/hadoop/tools/lib/commons-math3-3.1.1.jar
[2022-10-22T00:22:51.912+0000] {processor.py:178} INFO - Processing /opt/airflow/dags/hadoop-2.7.3/share/hadoop/tools/lib/commons-math3-3.1.1.jar took 0.099 seconds
[2022-10-22T00:23:38.735+0000] {processor.py:156} INFO - Started process (PID=29896) to work on /opt/airflow/dags/hadoop-2.7.3/share/hadoop/tools/lib/commons-math3-3.1.1.jar
[2022-10-22T00:23:38.737+0000] {processor.py:758} INFO - Processing file /opt/airflow/dags/hadoop-2.7.3/share/hadoop/tools/lib/commons-math3-3.1.1.jar for tasks to queue
[2022-10-22T00:23:38.739+0000] {logging_mixin.py:117} INFO - [2022-10-22T00:23:38.739+0000] {dagbag.py:525} INFO - Filling up the DagBag from /opt/airflow/dags/hadoop-2.7.3/share/hadoop/tools/lib/commons-math3-3.1.1.jar
[2022-10-22T00:23:38.773+0000] {processor.py:770} WARNING - No viable dags retrieved from /opt/airflow/dags/hadoop-2.7.3/share/hadoop/tools/lib/commons-math3-3.1.1.jar
[2022-10-22T00:23:38.803+0000] {processor.py:178} INFO - Processing /opt/airflow/dags/hadoop-2.7.3/share/hadoop/tools/lib/commons-math3-3.1.1.jar took 0.074 seconds
[2022-10-22T00:23:44.038+0000] {processor.py:156} INFO - Started process (PID=27387) to work on /opt/airflow/dags/hadoop-2.7.3/share/hadoop/tools/lib/commons-math3-3.1.1.jar
[2022-10-22T00:23:44.040+0000] {processor.py:758} INFO - Processing file /opt/airflow/dags/hadoop-2.7.3/share/hadoop/tools/lib/commons-math3-3.1.1.jar for tasks to queue
[2022-10-22T00:23:44.042+0000] {logging_mixin.py:117} INFO - [2022-10-22T00:23:44.042+0000] {dagbag.py:525} INFO - Filling up the DagBag from /opt/airflow/dags/hadoop-2.7.3/share/hadoop/tools/lib/commons-math3-3.1.1.jar
[2022-10-22T00:23:44.075+0000] {processor.py:770} WARNING - No viable dags retrieved from /opt/airflow/dags/hadoop-2.7.3/share/hadoop/tools/lib/commons-math3-3.1.1.jar
[2022-10-22T00:23:44.122+0000] {processor.py:178} INFO - Processing /opt/airflow/dags/hadoop-2.7.3/share/hadoop/tools/lib/commons-math3-3.1.1.jar took 0.099 seconds
