[2022-10-22T00:00:49.115+0000] {processor.py:156} INFO - Started process (PID=17013) to work on /opt/airflow/dags/hadoop-2.7.3/share/hadoop/tools/lib/guava-11.0.2.jar
[2022-10-22T00:00:49.120+0000] {processor.py:758} INFO - Processing file /opt/airflow/dags/hadoop-2.7.3/share/hadoop/tools/lib/guava-11.0.2.jar for tasks to queue
[2022-10-22T00:00:49.123+0000] {logging_mixin.py:117} INFO - [2022-10-22T00:00:49.123+0000] {dagbag.py:525} INFO - Filling up the DagBag from /opt/airflow/dags/hadoop-2.7.3/share/hadoop/tools/lib/guava-11.0.2.jar
[2022-10-22T00:00:49.239+0000] {processor.py:770} WARNING - No viable dags retrieved from /opt/airflow/dags/hadoop-2.7.3/share/hadoop/tools/lib/guava-11.0.2.jar
[2022-10-22T00:00:49.319+0000] {processor.py:178} INFO - Processing /opt/airflow/dags/hadoop-2.7.3/share/hadoop/tools/lib/guava-11.0.2.jar took 0.215 seconds
[2022-10-22T00:01:57.640+0000] {processor.py:156} INFO - Started process (PID=19859) to work on /opt/airflow/dags/hadoop-2.7.3/share/hadoop/tools/lib/guava-11.0.2.jar
[2022-10-22T00:01:57.649+0000] {processor.py:758} INFO - Processing file /opt/airflow/dags/hadoop-2.7.3/share/hadoop/tools/lib/guava-11.0.2.jar for tasks to queue
[2022-10-22T00:01:57.653+0000] {logging_mixin.py:117} INFO - [2022-10-22T00:01:57.652+0000] {dagbag.py:525} INFO - Filling up the DagBag from /opt/airflow/dags/hadoop-2.7.3/share/hadoop/tools/lib/guava-11.0.2.jar
[2022-10-22T00:01:57.750+0000] {processor.py:770} WARNING - No viable dags retrieved from /opt/airflow/dags/hadoop-2.7.3/share/hadoop/tools/lib/guava-11.0.2.jar
[2022-10-22T00:01:57.786+0000] {processor.py:178} INFO - Processing /opt/airflow/dags/hadoop-2.7.3/share/hadoop/tools/lib/guava-11.0.2.jar took 0.181 seconds
[2022-10-22T00:02:09.530+0000] {processor.py:156} INFO - Started process (PID=17607) to work on /opt/airflow/dags/hadoop-2.7.3/share/hadoop/tools/lib/guava-11.0.2.jar
[2022-10-22T00:02:09.533+0000] {processor.py:758} INFO - Processing file /opt/airflow/dags/hadoop-2.7.3/share/hadoop/tools/lib/guava-11.0.2.jar for tasks to queue
[2022-10-22T00:02:09.536+0000] {logging_mixin.py:117} INFO - [2022-10-22T00:02:09.535+0000] {dagbag.py:525} INFO - Filling up the DagBag from /opt/airflow/dags/hadoop-2.7.3/share/hadoop/tools/lib/guava-11.0.2.jar
[2022-10-22T00:02:09.583+0000] {processor.py:770} WARNING - No viable dags retrieved from /opt/airflow/dags/hadoop-2.7.3/share/hadoop/tools/lib/guava-11.0.2.jar
[2022-10-22T00:02:09.648+0000] {processor.py:178} INFO - Processing /opt/airflow/dags/hadoop-2.7.3/share/hadoop/tools/lib/guava-11.0.2.jar took 0.127 seconds
[2022-10-22T00:03:31.342+0000] {processor.py:156} INFO - Started process (PID=20412) to work on /opt/airflow/dags/hadoop-2.7.3/share/hadoop/tools/lib/guava-11.0.2.jar
[2022-10-22T00:03:31.345+0000] {processor.py:758} INFO - Processing file /opt/airflow/dags/hadoop-2.7.3/share/hadoop/tools/lib/guava-11.0.2.jar for tasks to queue
[2022-10-22T00:03:31.348+0000] {logging_mixin.py:117} INFO - [2022-10-22T00:03:31.348+0000] {dagbag.py:525} INFO - Filling up the DagBag from /opt/airflow/dags/hadoop-2.7.3/share/hadoop/tools/lib/guava-11.0.2.jar
[2022-10-22T00:03:31.399+0000] {processor.py:770} WARNING - No viable dags retrieved from /opt/airflow/dags/hadoop-2.7.3/share/hadoop/tools/lib/guava-11.0.2.jar
[2022-10-22T00:03:31.432+0000] {processor.py:178} INFO - Processing /opt/airflow/dags/hadoop-2.7.3/share/hadoop/tools/lib/guava-11.0.2.jar took 0.097 seconds
[2022-10-22T00:03:53.975+0000] {processor.py:156} INFO - Started process (PID=18248) to work on /opt/airflow/dags/hadoop-2.7.3/share/hadoop/tools/lib/guava-11.0.2.jar
[2022-10-22T00:03:53.978+0000] {processor.py:758} INFO - Processing file /opt/airflow/dags/hadoop-2.7.3/share/hadoop/tools/lib/guava-11.0.2.jar for tasks to queue
[2022-10-22T00:03:53.982+0000] {logging_mixin.py:117} INFO - [2022-10-22T00:03:53.981+0000] {dagbag.py:525} INFO - Filling up the DagBag from /opt/airflow/dags/hadoop-2.7.3/share/hadoop/tools/lib/guava-11.0.2.jar
[2022-10-22T00:03:54.118+0000] {processor.py:770} WARNING - No viable dags retrieved from /opt/airflow/dags/hadoop-2.7.3/share/hadoop/tools/lib/guava-11.0.2.jar
[2022-10-22T00:03:54.195+0000] {processor.py:178} INFO - Processing /opt/airflow/dags/hadoop-2.7.3/share/hadoop/tools/lib/guava-11.0.2.jar took 0.232 seconds
[2022-10-22T00:04:45.144+0000] {processor.py:156} INFO - Started process (PID=21093) to work on /opt/airflow/dags/hadoop-2.7.3/share/hadoop/tools/lib/guava-11.0.2.jar
[2022-10-22T00:04:45.156+0000] {processor.py:758} INFO - Processing file /opt/airflow/dags/hadoop-2.7.3/share/hadoop/tools/lib/guava-11.0.2.jar for tasks to queue
[2022-10-22T00:04:45.161+0000] {logging_mixin.py:117} INFO - [2022-10-22T00:04:45.160+0000] {dagbag.py:525} INFO - Filling up the DagBag from /opt/airflow/dags/hadoop-2.7.3/share/hadoop/tools/lib/guava-11.0.2.jar
[2022-10-22T00:04:45.259+0000] {processor.py:770} WARNING - No viable dags retrieved from /opt/airflow/dags/hadoop-2.7.3/share/hadoop/tools/lib/guava-11.0.2.jar
[2022-10-22T00:04:45.315+0000] {processor.py:178} INFO - Processing /opt/airflow/dags/hadoop-2.7.3/share/hadoop/tools/lib/guava-11.0.2.jar took 0.188 seconds
[2022-10-22T00:04:54.265+0000] {processor.py:156} INFO - Started process (PID=18773) to work on /opt/airflow/dags/hadoop-2.7.3/share/hadoop/tools/lib/guava-11.0.2.jar
[2022-10-22T00:04:54.267+0000] {processor.py:758} INFO - Processing file /opt/airflow/dags/hadoop-2.7.3/share/hadoop/tools/lib/guava-11.0.2.jar for tasks to queue
[2022-10-22T00:04:54.271+0000] {logging_mixin.py:117} INFO - [2022-10-22T00:04:54.270+0000] {dagbag.py:525} INFO - Filling up the DagBag from /opt/airflow/dags/hadoop-2.7.3/share/hadoop/tools/lib/guava-11.0.2.jar
[2022-10-22T00:04:54.388+0000] {processor.py:770} WARNING - No viable dags retrieved from /opt/airflow/dags/hadoop-2.7.3/share/hadoop/tools/lib/guava-11.0.2.jar
[2022-10-22T00:04:54.437+0000] {processor.py:178} INFO - Processing /opt/airflow/dags/hadoop-2.7.3/share/hadoop/tools/lib/guava-11.0.2.jar took 0.186 seconds
[2022-10-22T00:05:35.080+0000] {processor.py:156} INFO - Started process (PID=21592) to work on /opt/airflow/dags/hadoop-2.7.3/share/hadoop/tools/lib/guava-11.0.2.jar
[2022-10-22T00:05:35.083+0000] {processor.py:758} INFO - Processing file /opt/airflow/dags/hadoop-2.7.3/share/hadoop/tools/lib/guava-11.0.2.jar for tasks to queue
[2022-10-22T00:05:35.087+0000] {logging_mixin.py:117} INFO - [2022-10-22T00:05:35.086+0000] {dagbag.py:525} INFO - Filling up the DagBag from /opt/airflow/dags/hadoop-2.7.3/share/hadoop/tools/lib/guava-11.0.2.jar
[2022-10-22T00:05:35.136+0000] {processor.py:770} WARNING - No viable dags retrieved from /opt/airflow/dags/hadoop-2.7.3/share/hadoop/tools/lib/guava-11.0.2.jar
[2022-10-22T00:05:35.209+0000] {processor.py:178} INFO - Processing /opt/airflow/dags/hadoop-2.7.3/share/hadoop/tools/lib/guava-11.0.2.jar took 0.136 seconds
[2022-10-22T00:05:46.771+0000] {processor.py:156} INFO - Started process (PID=19298) to work on /opt/airflow/dags/hadoop-2.7.3/share/hadoop/tools/lib/guava-11.0.2.jar
[2022-10-22T00:05:46.775+0000] {processor.py:758} INFO - Processing file /opt/airflow/dags/hadoop-2.7.3/share/hadoop/tools/lib/guava-11.0.2.jar for tasks to queue
[2022-10-22T00:05:46.780+0000] {logging_mixin.py:117} INFO - [2022-10-22T00:05:46.780+0000] {dagbag.py:525} INFO - Filling up the DagBag from /opt/airflow/dags/hadoop-2.7.3/share/hadoop/tools/lib/guava-11.0.2.jar
[2022-10-22T00:05:46.825+0000] {processor.py:770} WARNING - No viable dags retrieved from /opt/airflow/dags/hadoop-2.7.3/share/hadoop/tools/lib/guava-11.0.2.jar
[2022-10-22T00:05:46.889+0000] {processor.py:178} INFO - Processing /opt/airflow/dags/hadoop-2.7.3/share/hadoop/tools/lib/guava-11.0.2.jar took 0.125 seconds
[2022-10-22T00:06:42.301+0000] {processor.py:156} INFO - Started process (PID=19820) to work on /opt/airflow/dags/hadoop-2.7.3/share/hadoop/tools/lib/guava-11.0.2.jar
[2022-10-22T00:06:42.304+0000] {processor.py:758} INFO - Processing file /opt/airflow/dags/hadoop-2.7.3/share/hadoop/tools/lib/guava-11.0.2.jar for tasks to queue
[2022-10-22T00:06:42.306+0000] {logging_mixin.py:117} INFO - [2022-10-22T00:06:42.306+0000] {dagbag.py:525} INFO - Filling up the DagBag from /opt/airflow/dags/hadoop-2.7.3/share/hadoop/tools/lib/guava-11.0.2.jar
[2022-10-22T00:06:42.365+0000] {processor.py:770} WARNING - No viable dags retrieved from /opt/airflow/dags/hadoop-2.7.3/share/hadoop/tools/lib/guava-11.0.2.jar
[2022-10-22T00:06:42.409+0000] {processor.py:178} INFO - Processing /opt/airflow/dags/hadoop-2.7.3/share/hadoop/tools/lib/guava-11.0.2.jar took 0.115 seconds
[2022-10-22T00:06:42.711+0000] {processor.py:156} INFO - Started process (PID=22268) to work on /opt/airflow/dags/hadoop-2.7.3/share/hadoop/tools/lib/guava-11.0.2.jar
[2022-10-22T00:06:42.714+0000] {processor.py:758} INFO - Processing file /opt/airflow/dags/hadoop-2.7.3/share/hadoop/tools/lib/guava-11.0.2.jar for tasks to queue
[2022-10-22T00:06:42.717+0000] {logging_mixin.py:117} INFO - [2022-10-22T00:06:42.716+0000] {dagbag.py:525} INFO - Filling up the DagBag from /opt/airflow/dags/hadoop-2.7.3/share/hadoop/tools/lib/guava-11.0.2.jar
[2022-10-22T00:06:42.766+0000] {processor.py:770} WARNING - No viable dags retrieved from /opt/airflow/dags/hadoop-2.7.3/share/hadoop/tools/lib/guava-11.0.2.jar
[2022-10-22T00:06:42.816+0000] {processor.py:178} INFO - Processing /opt/airflow/dags/hadoop-2.7.3/share/hadoop/tools/lib/guava-11.0.2.jar took 0.117 seconds
[2022-10-22T00:07:45.581+0000] {processor.py:156} INFO - Started process (PID=22898) to work on /opt/airflow/dags/hadoop-2.7.3/share/hadoop/tools/lib/guava-11.0.2.jar
[2022-10-22T00:07:45.585+0000] {processor.py:758} INFO - Processing file /opt/airflow/dags/hadoop-2.7.3/share/hadoop/tools/lib/guava-11.0.2.jar for tasks to queue
[2022-10-22T00:07:45.592+0000] {logging_mixin.py:117} INFO - [2022-10-22T00:07:45.591+0000] {dagbag.py:525} INFO - Filling up the DagBag from /opt/airflow/dags/hadoop-2.7.3/share/hadoop/tools/lib/guava-11.0.2.jar
[2022-10-22T00:07:45.682+0000] {processor.py:770} WARNING - No viable dags retrieved from /opt/airflow/dags/hadoop-2.7.3/share/hadoop/tools/lib/guava-11.0.2.jar
[2022-10-22T00:07:45.769+0000] {processor.py:178} INFO - Processing /opt/airflow/dags/hadoop-2.7.3/share/hadoop/tools/lib/guava-11.0.2.jar took 0.209 seconds
[2022-10-22T00:08:29.333+0000] {processor.py:156} INFO - Started process (PID=20488) to work on /opt/airflow/dags/hadoop-2.7.3/share/hadoop/tools/lib/guava-11.0.2.jar
[2022-10-22T00:08:29.338+0000] {processor.py:758} INFO - Processing file /opt/airflow/dags/hadoop-2.7.3/share/hadoop/tools/lib/guava-11.0.2.jar for tasks to queue
[2022-10-22T00:08:29.342+0000] {logging_mixin.py:117} INFO - [2022-10-22T00:08:29.341+0000] {dagbag.py:525} INFO - Filling up the DagBag from /opt/airflow/dags/hadoop-2.7.3/share/hadoop/tools/lib/guava-11.0.2.jar
[2022-10-22T00:08:29.386+0000] {processor.py:770} WARNING - No viable dags retrieved from /opt/airflow/dags/hadoop-2.7.3/share/hadoop/tools/lib/guava-11.0.2.jar
[2022-10-22T00:08:29.428+0000] {processor.py:178} INFO - Processing /opt/airflow/dags/hadoop-2.7.3/share/hadoop/tools/lib/guava-11.0.2.jar took 0.104 seconds
[2022-10-22T00:09:21.708+0000] {processor.py:156} INFO - Started process (PID=23442) to work on /opt/airflow/dags/hadoop-2.7.3/share/hadoop/tools/lib/guava-11.0.2.jar
[2022-10-22T00:09:21.711+0000] {processor.py:758} INFO - Processing file /opt/airflow/dags/hadoop-2.7.3/share/hadoop/tools/lib/guava-11.0.2.jar for tasks to queue
[2022-10-22T00:09:21.713+0000] {logging_mixin.py:117} INFO - [2022-10-22T00:09:21.713+0000] {dagbag.py:525} INFO - Filling up the DagBag from /opt/airflow/dags/hadoop-2.7.3/share/hadoop/tools/lib/guava-11.0.2.jar
[2022-10-22T00:09:21.766+0000] {processor.py:770} WARNING - No viable dags retrieved from /opt/airflow/dags/hadoop-2.7.3/share/hadoop/tools/lib/guava-11.0.2.jar
[2022-10-22T00:09:21.831+0000] {processor.py:178} INFO - Processing /opt/airflow/dags/hadoop-2.7.3/share/hadoop/tools/lib/guava-11.0.2.jar took 0.138 seconds
[2022-10-22T00:09:40.126+0000] {processor.py:156} INFO - Started process (PID=21124) to work on /opt/airflow/dags/hadoop-2.7.3/share/hadoop/tools/lib/guava-11.0.2.jar
[2022-10-22T00:09:40.130+0000] {processor.py:758} INFO - Processing file /opt/airflow/dags/hadoop-2.7.3/share/hadoop/tools/lib/guava-11.0.2.jar for tasks to queue
[2022-10-22T00:09:40.133+0000] {logging_mixin.py:117} INFO - [2022-10-22T00:09:40.133+0000] {dagbag.py:525} INFO - Filling up the DagBag from /opt/airflow/dags/hadoop-2.7.3/share/hadoop/tools/lib/guava-11.0.2.jar
[2022-10-22T00:09:40.174+0000] {processor.py:770} WARNING - No viable dags retrieved from /opt/airflow/dags/hadoop-2.7.3/share/hadoop/tools/lib/guava-11.0.2.jar
[2022-10-22T00:09:40.214+0000] {processor.py:178} INFO - Processing /opt/airflow/dags/hadoop-2.7.3/share/hadoop/tools/lib/guava-11.0.2.jar took 0.095 seconds
[2022-10-22T00:11:33.637+0000] {processor.py:156} INFO - Started process (PID=24153) to work on /opt/airflow/dags/hadoop-2.7.3/share/hadoop/tools/lib/guava-11.0.2.jar
[2022-10-22T00:11:33.645+0000] {processor.py:758} INFO - Processing file /opt/airflow/dags/hadoop-2.7.3/share/hadoop/tools/lib/guava-11.0.2.jar for tasks to queue
[2022-10-22T00:11:33.646+0000] {logging_mixin.py:117} INFO - [2022-10-22T00:11:33.646+0000] {dagbag.py:525} INFO - Filling up the DagBag from /opt/airflow/dags/hadoop-2.7.3/share/hadoop/tools/lib/guava-11.0.2.jar
[2022-10-22T00:11:33.671+0000] {processor.py:770} WARNING - No viable dags retrieved from /opt/airflow/dags/hadoop-2.7.3/share/hadoop/tools/lib/guava-11.0.2.jar
[2022-10-22T00:11:33.697+0000] {processor.py:178} INFO - Processing /opt/airflow/dags/hadoop-2.7.3/share/hadoop/tools/lib/guava-11.0.2.jar took 0.066 seconds
[2022-10-22T00:11:40.377+0000] {processor.py:156} INFO - Started process (PID=21738) to work on /opt/airflow/dags/hadoop-2.7.3/share/hadoop/tools/lib/guava-11.0.2.jar
[2022-10-22T00:11:40.387+0000] {processor.py:758} INFO - Processing file /opt/airflow/dags/hadoop-2.7.3/share/hadoop/tools/lib/guava-11.0.2.jar for tasks to queue
[2022-10-22T00:11:40.391+0000] {logging_mixin.py:117} INFO - [2022-10-22T00:11:40.391+0000] {dagbag.py:525} INFO - Filling up the DagBag from /opt/airflow/dags/hadoop-2.7.3/share/hadoop/tools/lib/guava-11.0.2.jar
[2022-10-22T00:11:40.464+0000] {processor.py:770} WARNING - No viable dags retrieved from /opt/airflow/dags/hadoop-2.7.3/share/hadoop/tools/lib/guava-11.0.2.jar
[2022-10-22T00:11:40.499+0000] {processor.py:178} INFO - Processing /opt/airflow/dags/hadoop-2.7.3/share/hadoop/tools/lib/guava-11.0.2.jar took 0.135 seconds
[2022-10-22T00:12:18.098+0000] {processor.py:156} INFO - Started process (PID=24670) to work on /opt/airflow/dags/hadoop-2.7.3/share/hadoop/tools/lib/guava-11.0.2.jar
[2022-10-22T00:12:18.102+0000] {processor.py:758} INFO - Processing file /opt/airflow/dags/hadoop-2.7.3/share/hadoop/tools/lib/guava-11.0.2.jar for tasks to queue
[2022-10-22T00:12:18.112+0000] {logging_mixin.py:117} INFO - [2022-10-22T00:12:18.108+0000] {dagbag.py:525} INFO - Filling up the DagBag from /opt/airflow/dags/hadoop-2.7.3/share/hadoop/tools/lib/guava-11.0.2.jar
[2022-10-22T00:12:18.237+0000] {processor.py:770} WARNING - No viable dags retrieved from /opt/airflow/dags/hadoop-2.7.3/share/hadoop/tools/lib/guava-11.0.2.jar
[2022-10-22T00:12:18.371+0000] {processor.py:178} INFO - Processing /opt/airflow/dags/hadoop-2.7.3/share/hadoop/tools/lib/guava-11.0.2.jar took 0.326 seconds
[2022-10-22T00:12:29.873+0000] {processor.py:156} INFO - Started process (PID=22265) to work on /opt/airflow/dags/hadoop-2.7.3/share/hadoop/tools/lib/guava-11.0.2.jar
[2022-10-22T00:12:29.878+0000] {processor.py:758} INFO - Processing file /opt/airflow/dags/hadoop-2.7.3/share/hadoop/tools/lib/guava-11.0.2.jar for tasks to queue
[2022-10-22T00:12:29.889+0000] {logging_mixin.py:117} INFO - [2022-10-22T00:12:29.888+0000] {dagbag.py:525} INFO - Filling up the DagBag from /opt/airflow/dags/hadoop-2.7.3/share/hadoop/tools/lib/guava-11.0.2.jar
[2022-10-22T00:12:29.943+0000] {processor.py:770} WARNING - No viable dags retrieved from /opt/airflow/dags/hadoop-2.7.3/share/hadoop/tools/lib/guava-11.0.2.jar
[2022-10-22T00:12:30.000+0000] {processor.py:178} INFO - Processing /opt/airflow/dags/hadoop-2.7.3/share/hadoop/tools/lib/guava-11.0.2.jar took 0.138 seconds
[2022-10-22T00:15:32.198+0000] {processor.py:156} INFO - Started process (PID=22751) to work on /opt/airflow/dags/hadoop-2.7.3/share/hadoop/tools/lib/guava-11.0.2.jar
[2022-10-22T00:15:32.204+0000] {processor.py:758} INFO - Processing file /opt/airflow/dags/hadoop-2.7.3/share/hadoop/tools/lib/guava-11.0.2.jar for tasks to queue
[2022-10-22T00:15:32.207+0000] {logging_mixin.py:117} INFO - [2022-10-22T00:15:32.206+0000] {dagbag.py:525} INFO - Filling up the DagBag from /opt/airflow/dags/hadoop-2.7.3/share/hadoop/tools/lib/guava-11.0.2.jar
[2022-10-22T00:15:32.286+0000] {processor.py:770} WARNING - No viable dags retrieved from /opt/airflow/dags/hadoop-2.7.3/share/hadoop/tools/lib/guava-11.0.2.jar
[2022-10-22T00:15:32.341+0000] {processor.py:178} INFO - Processing /opt/airflow/dags/hadoop-2.7.3/share/hadoop/tools/lib/guava-11.0.2.jar took 0.150 seconds
[2022-10-22T00:15:45.803+0000] {processor.py:156} INFO - Started process (PID=25314) to work on /opt/airflow/dags/hadoop-2.7.3/share/hadoop/tools/lib/guava-11.0.2.jar
[2022-10-22T00:15:45.811+0000] {processor.py:758} INFO - Processing file /opt/airflow/dags/hadoop-2.7.3/share/hadoop/tools/lib/guava-11.0.2.jar for tasks to queue
[2022-10-22T00:15:45.815+0000] {logging_mixin.py:117} INFO - [2022-10-22T00:15:45.815+0000] {dagbag.py:525} INFO - Filling up the DagBag from /opt/airflow/dags/hadoop-2.7.3/share/hadoop/tools/lib/guava-11.0.2.jar
[2022-10-22T00:15:45.875+0000] {processor.py:770} WARNING - No viable dags retrieved from /opt/airflow/dags/hadoop-2.7.3/share/hadoop/tools/lib/guava-11.0.2.jar
[2022-10-22T00:15:45.924+0000] {processor.py:178} INFO - Processing /opt/airflow/dags/hadoop-2.7.3/share/hadoop/tools/lib/guava-11.0.2.jar took 0.136 seconds
[2022-10-22T00:16:20.647+0000] {processor.py:156} INFO - Started process (PID=23274) to work on /opt/airflow/dags/hadoop-2.7.3/share/hadoop/tools/lib/guava-11.0.2.jar
[2022-10-22T00:16:20.650+0000] {processor.py:758} INFO - Processing file /opt/airflow/dags/hadoop-2.7.3/share/hadoop/tools/lib/guava-11.0.2.jar for tasks to queue
[2022-10-22T00:16:20.653+0000] {logging_mixin.py:117} INFO - [2022-10-22T00:16:20.652+0000] {dagbag.py:525} INFO - Filling up the DagBag from /opt/airflow/dags/hadoop-2.7.3/share/hadoop/tools/lib/guava-11.0.2.jar
[2022-10-22T00:16:20.727+0000] {processor.py:770} WARNING - No viable dags retrieved from /opt/airflow/dags/hadoop-2.7.3/share/hadoop/tools/lib/guava-11.0.2.jar
[2022-10-22T00:16:20.756+0000] {processor.py:178} INFO - Processing /opt/airflow/dags/hadoop-2.7.3/share/hadoop/tools/lib/guava-11.0.2.jar took 0.119 seconds
[2022-10-22T00:16:33.180+0000] {processor.py:156} INFO - Started process (PID=25844) to work on /opt/airflow/dags/hadoop-2.7.3/share/hadoop/tools/lib/guava-11.0.2.jar
[2022-10-22T00:16:33.186+0000] {processor.py:758} INFO - Processing file /opt/airflow/dags/hadoop-2.7.3/share/hadoop/tools/lib/guava-11.0.2.jar for tasks to queue
[2022-10-22T00:16:33.199+0000] {logging_mixin.py:117} INFO - [2022-10-22T00:16:33.198+0000] {dagbag.py:525} INFO - Filling up the DagBag from /opt/airflow/dags/hadoop-2.7.3/share/hadoop/tools/lib/guava-11.0.2.jar
[2022-10-22T00:16:33.274+0000] {processor.py:770} WARNING - No viable dags retrieved from /opt/airflow/dags/hadoop-2.7.3/share/hadoop/tools/lib/guava-11.0.2.jar
[2022-10-22T00:16:33.304+0000] {processor.py:178} INFO - Processing /opt/airflow/dags/hadoop-2.7.3/share/hadoop/tools/lib/guava-11.0.2.jar took 0.132 seconds
[2022-10-22T00:17:11.572+0000] {processor.py:156} INFO - Started process (PID=23802) to work on /opt/airflow/dags/hadoop-2.7.3/share/hadoop/tools/lib/guava-11.0.2.jar
[2022-10-22T00:17:11.576+0000] {processor.py:758} INFO - Processing file /opt/airflow/dags/hadoop-2.7.3/share/hadoop/tools/lib/guava-11.0.2.jar for tasks to queue
[2022-10-22T00:17:11.580+0000] {logging_mixin.py:117} INFO - [2022-10-22T00:17:11.579+0000] {dagbag.py:525} INFO - Filling up the DagBag from /opt/airflow/dags/hadoop-2.7.3/share/hadoop/tools/lib/guava-11.0.2.jar
[2022-10-22T00:17:11.634+0000] {processor.py:770} WARNING - No viable dags retrieved from /opt/airflow/dags/hadoop-2.7.3/share/hadoop/tools/lib/guava-11.0.2.jar
[2022-10-22T00:17:11.687+0000] {processor.py:178} INFO - Processing /opt/airflow/dags/hadoop-2.7.3/share/hadoop/tools/lib/guava-11.0.2.jar took 0.123 seconds
[2022-10-22T00:17:22.335+0000] {processor.py:156} INFO - Started process (PID=26361) to work on /opt/airflow/dags/hadoop-2.7.3/share/hadoop/tools/lib/guava-11.0.2.jar
[2022-10-22T00:17:22.338+0000] {processor.py:758} INFO - Processing file /opt/airflow/dags/hadoop-2.7.3/share/hadoop/tools/lib/guava-11.0.2.jar for tasks to queue
[2022-10-22T00:17:22.342+0000] {logging_mixin.py:117} INFO - [2022-10-22T00:17:22.341+0000] {dagbag.py:525} INFO - Filling up the DagBag from /opt/airflow/dags/hadoop-2.7.3/share/hadoop/tools/lib/guava-11.0.2.jar
[2022-10-22T00:17:22.420+0000] {processor.py:770} WARNING - No viable dags retrieved from /opt/airflow/dags/hadoop-2.7.3/share/hadoop/tools/lib/guava-11.0.2.jar
[2022-10-22T00:17:22.467+0000] {processor.py:178} INFO - Processing /opt/airflow/dags/hadoop-2.7.3/share/hadoop/tools/lib/guava-11.0.2.jar took 0.141 seconds
[2022-10-22T00:18:11.615+0000] {processor.py:156} INFO - Started process (PID=24419) to work on /opt/airflow/dags/hadoop-2.7.3/share/hadoop/tools/lib/guava-11.0.2.jar
[2022-10-22T00:18:11.618+0000] {processor.py:758} INFO - Processing file /opt/airflow/dags/hadoop-2.7.3/share/hadoop/tools/lib/guava-11.0.2.jar for tasks to queue
[2022-10-22T00:18:11.620+0000] {logging_mixin.py:117} INFO - [2022-10-22T00:18:11.620+0000] {dagbag.py:525} INFO - Filling up the DagBag from /opt/airflow/dags/hadoop-2.7.3/share/hadoop/tools/lib/guava-11.0.2.jar
[2022-10-22T00:18:11.663+0000] {processor.py:770} WARNING - No viable dags retrieved from /opt/airflow/dags/hadoop-2.7.3/share/hadoop/tools/lib/guava-11.0.2.jar
[2022-10-22T00:18:11.710+0000] {processor.py:178} INFO - Processing /opt/airflow/dags/hadoop-2.7.3/share/hadoop/tools/lib/guava-11.0.2.jar took 0.106 seconds
[2022-10-22T00:18:16.640+0000] {processor.py:156} INFO - Started process (PID=26956) to work on /opt/airflow/dags/hadoop-2.7.3/share/hadoop/tools/lib/guava-11.0.2.jar
[2022-10-22T00:18:16.642+0000] {processor.py:758} INFO - Processing file /opt/airflow/dags/hadoop-2.7.3/share/hadoop/tools/lib/guava-11.0.2.jar for tasks to queue
[2022-10-22T00:18:16.645+0000] {logging_mixin.py:117} INFO - [2022-10-22T00:18:16.644+0000] {dagbag.py:525} INFO - Filling up the DagBag from /opt/airflow/dags/hadoop-2.7.3/share/hadoop/tools/lib/guava-11.0.2.jar
[2022-10-22T00:18:16.694+0000] {processor.py:770} WARNING - No viable dags retrieved from /opt/airflow/dags/hadoop-2.7.3/share/hadoop/tools/lib/guava-11.0.2.jar
[2022-10-22T00:18:16.751+0000] {processor.py:178} INFO - Processing /opt/airflow/dags/hadoop-2.7.3/share/hadoop/tools/lib/guava-11.0.2.jar took 0.117 seconds
[2022-10-22T00:19:10.336+0000] {processor.py:156} INFO - Started process (PID=25029) to work on /opt/airflow/dags/hadoop-2.7.3/share/hadoop/tools/lib/guava-11.0.2.jar
[2022-10-22T00:19:10.342+0000] {processor.py:758} INFO - Processing file /opt/airflow/dags/hadoop-2.7.3/share/hadoop/tools/lib/guava-11.0.2.jar for tasks to queue
[2022-10-22T00:19:10.348+0000] {logging_mixin.py:117} INFO - [2022-10-22T00:19:10.346+0000] {dagbag.py:525} INFO - Filling up the DagBag from /opt/airflow/dags/hadoop-2.7.3/share/hadoop/tools/lib/guava-11.0.2.jar
[2022-10-22T00:19:10.399+0000] {processor.py:770} WARNING - No viable dags retrieved from /opt/airflow/dags/hadoop-2.7.3/share/hadoop/tools/lib/guava-11.0.2.jar
[2022-10-22T00:19:10.457+0000] {processor.py:178} INFO - Processing /opt/airflow/dags/hadoop-2.7.3/share/hadoop/tools/lib/guava-11.0.2.jar took 0.142 seconds
[2022-10-22T00:19:10.486+0000] {processor.py:156} INFO - Started process (PID=27522) to work on /opt/airflow/dags/hadoop-2.7.3/share/hadoop/tools/lib/guava-11.0.2.jar
[2022-10-22T00:19:10.494+0000] {processor.py:758} INFO - Processing file /opt/airflow/dags/hadoop-2.7.3/share/hadoop/tools/lib/guava-11.0.2.jar for tasks to queue
[2022-10-22T00:19:10.497+0000] {logging_mixin.py:117} INFO - [2022-10-22T00:19:10.496+0000] {dagbag.py:525} INFO - Filling up the DagBag from /opt/airflow/dags/hadoop-2.7.3/share/hadoop/tools/lib/guava-11.0.2.jar
[2022-10-22T00:19:10.562+0000] {processor.py:770} WARNING - No viable dags retrieved from /opt/airflow/dags/hadoop-2.7.3/share/hadoop/tools/lib/guava-11.0.2.jar
[2022-10-22T00:19:10.605+0000] {processor.py:178} INFO - Processing /opt/airflow/dags/hadoop-2.7.3/share/hadoop/tools/lib/guava-11.0.2.jar took 0.130 seconds
[2022-10-22T00:20:49.008+0000] {processor.py:156} INFO - Started process (PID=25662) to work on /opt/airflow/dags/hadoop-2.7.3/share/hadoop/tools/lib/guava-11.0.2.jar
[2022-10-22T00:20:49.011+0000] {processor.py:758} INFO - Processing file /opt/airflow/dags/hadoop-2.7.3/share/hadoop/tools/lib/guava-11.0.2.jar for tasks to queue
[2022-10-22T00:20:49.013+0000] {logging_mixin.py:117} INFO - [2022-10-22T00:20:49.013+0000] {dagbag.py:525} INFO - Filling up the DagBag from /opt/airflow/dags/hadoop-2.7.3/share/hadoop/tools/lib/guava-11.0.2.jar
[2022-10-22T00:20:49.048+0000] {processor.py:770} WARNING - No viable dags retrieved from /opt/airflow/dags/hadoop-2.7.3/share/hadoop/tools/lib/guava-11.0.2.jar
[2022-10-22T00:20:49.088+0000] {processor.py:178} INFO - Processing /opt/airflow/dags/hadoop-2.7.3/share/hadoop/tools/lib/guava-11.0.2.jar took 0.090 seconds
[2022-10-22T00:20:51.576+0000] {processor.py:156} INFO - Started process (PID=28210) to work on /opt/airflow/dags/hadoop-2.7.3/share/hadoop/tools/lib/guava-11.0.2.jar
[2022-10-22T00:20:51.579+0000] {processor.py:758} INFO - Processing file /opt/airflow/dags/hadoop-2.7.3/share/hadoop/tools/lib/guava-11.0.2.jar for tasks to queue
[2022-10-22T00:20:51.582+0000] {logging_mixin.py:117} INFO - [2022-10-22T00:20:51.582+0000] {dagbag.py:525} INFO - Filling up the DagBag from /opt/airflow/dags/hadoop-2.7.3/share/hadoop/tools/lib/guava-11.0.2.jar
[2022-10-22T00:20:51.636+0000] {processor.py:770} WARNING - No viable dags retrieved from /opt/airflow/dags/hadoop-2.7.3/share/hadoop/tools/lib/guava-11.0.2.jar
[2022-10-22T00:20:51.676+0000] {processor.py:178} INFO - Processing /opt/airflow/dags/hadoop-2.7.3/share/hadoop/tools/lib/guava-11.0.2.jar took 0.108 seconds
[2022-10-22T00:21:45.119+0000] {processor.py:156} INFO - Started process (PID=28734) to work on /opt/airflow/dags/hadoop-2.7.3/share/hadoop/tools/lib/guava-11.0.2.jar
[2022-10-22T00:21:45.123+0000] {processor.py:758} INFO - Processing file /opt/airflow/dags/hadoop-2.7.3/share/hadoop/tools/lib/guava-11.0.2.jar for tasks to queue
[2022-10-22T00:21:45.134+0000] {logging_mixin.py:117} INFO - [2022-10-22T00:21:45.133+0000] {dagbag.py:525} INFO - Filling up the DagBag from /opt/airflow/dags/hadoop-2.7.3/share/hadoop/tools/lib/guava-11.0.2.jar
[2022-10-22T00:21:45.186+0000] {processor.py:770} WARNING - No viable dags retrieved from /opt/airflow/dags/hadoop-2.7.3/share/hadoop/tools/lib/guava-11.0.2.jar
[2022-10-22T00:21:45.230+0000] {processor.py:178} INFO - Processing /opt/airflow/dags/hadoop-2.7.3/share/hadoop/tools/lib/guava-11.0.2.jar took 0.119 seconds
[2022-10-22T00:21:56.183+0000] {processor.py:156} INFO - Started process (PID=26286) to work on /opt/airflow/dags/hadoop-2.7.3/share/hadoop/tools/lib/guava-11.0.2.jar
[2022-10-22T00:21:56.188+0000] {processor.py:758} INFO - Processing file /opt/airflow/dags/hadoop-2.7.3/share/hadoop/tools/lib/guava-11.0.2.jar for tasks to queue
[2022-10-22T00:21:56.196+0000] {logging_mixin.py:117} INFO - [2022-10-22T00:21:56.195+0000] {dagbag.py:525} INFO - Filling up the DagBag from /opt/airflow/dags/hadoop-2.7.3/share/hadoop/tools/lib/guava-11.0.2.jar
[2022-10-22T00:21:56.249+0000] {processor.py:770} WARNING - No viable dags retrieved from /opt/airflow/dags/hadoop-2.7.3/share/hadoop/tools/lib/guava-11.0.2.jar
[2022-10-22T00:21:56.282+0000] {processor.py:178} INFO - Processing /opt/airflow/dags/hadoop-2.7.3/share/hadoop/tools/lib/guava-11.0.2.jar took 0.118 seconds
[2022-10-22T00:22:52.446+0000] {processor.py:156} INFO - Started process (PID=26811) to work on /opt/airflow/dags/hadoop-2.7.3/share/hadoop/tools/lib/guava-11.0.2.jar
[2022-10-22T00:22:52.449+0000] {processor.py:758} INFO - Processing file /opt/airflow/dags/hadoop-2.7.3/share/hadoop/tools/lib/guava-11.0.2.jar for tasks to queue
[2022-10-22T00:22:52.458+0000] {logging_mixin.py:117} INFO - [2022-10-22T00:22:52.458+0000] {dagbag.py:525} INFO - Filling up the DagBag from /opt/airflow/dags/hadoop-2.7.3/share/hadoop/tools/lib/guava-11.0.2.jar
[2022-10-22T00:22:52.531+0000] {processor.py:770} WARNING - No viable dags retrieved from /opt/airflow/dags/hadoop-2.7.3/share/hadoop/tools/lib/guava-11.0.2.jar
[2022-10-22T00:22:52.597+0000] {processor.py:178} INFO - Processing /opt/airflow/dags/hadoop-2.7.3/share/hadoop/tools/lib/guava-11.0.2.jar took 0.169 seconds
[2022-10-22T00:22:55.866+0000] {processor.py:156} INFO - Started process (PID=29385) to work on /opt/airflow/dags/hadoop-2.7.3/share/hadoop/tools/lib/guava-11.0.2.jar
[2022-10-22T00:22:55.869+0000] {processor.py:758} INFO - Processing file /opt/airflow/dags/hadoop-2.7.3/share/hadoop/tools/lib/guava-11.0.2.jar for tasks to queue
[2022-10-22T00:22:55.875+0000] {logging_mixin.py:117} INFO - [2022-10-22T00:22:55.874+0000] {dagbag.py:525} INFO - Filling up the DagBag from /opt/airflow/dags/hadoop-2.7.3/share/hadoop/tools/lib/guava-11.0.2.jar
[2022-10-22T00:22:55.933+0000] {processor.py:770} WARNING - No viable dags retrieved from /opt/airflow/dags/hadoop-2.7.3/share/hadoop/tools/lib/guava-11.0.2.jar
[2022-10-22T00:22:55.975+0000] {processor.py:178} INFO - Processing /opt/airflow/dags/hadoop-2.7.3/share/hadoop/tools/lib/guava-11.0.2.jar took 0.116 seconds
[2022-10-22T00:23:38.963+0000] {processor.py:156} INFO - Started process (PID=29902) to work on /opt/airflow/dags/hadoop-2.7.3/share/hadoop/tools/lib/guava-11.0.2.jar
[2022-10-22T00:23:38.968+0000] {processor.py:758} INFO - Processing file /opt/airflow/dags/hadoop-2.7.3/share/hadoop/tools/lib/guava-11.0.2.jar for tasks to queue
[2022-10-22T00:23:38.970+0000] {logging_mixin.py:117} INFO - [2022-10-22T00:23:38.970+0000] {dagbag.py:525} INFO - Filling up the DagBag from /opt/airflow/dags/hadoop-2.7.3/share/hadoop/tools/lib/guava-11.0.2.jar
[2022-10-22T00:23:39.001+0000] {processor.py:770} WARNING - No viable dags retrieved from /opt/airflow/dags/hadoop-2.7.3/share/hadoop/tools/lib/guava-11.0.2.jar
[2022-10-22T00:23:39.026+0000] {processor.py:178} INFO - Processing /opt/airflow/dags/hadoop-2.7.3/share/hadoop/tools/lib/guava-11.0.2.jar took 0.071 seconds
[2022-10-22T00:23:44.858+0000] {processor.py:156} INFO - Started process (PID=27393) to work on /opt/airflow/dags/hadoop-2.7.3/share/hadoop/tools/lib/guava-11.0.2.jar
[2022-10-22T00:23:44.870+0000] {processor.py:758} INFO - Processing file /opt/airflow/dags/hadoop-2.7.3/share/hadoop/tools/lib/guava-11.0.2.jar for tasks to queue
[2022-10-22T00:23:44.903+0000] {logging_mixin.py:117} INFO - [2022-10-22T00:23:44.897+0000] {dagbag.py:525} INFO - Filling up the DagBag from /opt/airflow/dags/hadoop-2.7.3/share/hadoop/tools/lib/guava-11.0.2.jar
[2022-10-22T00:23:45.209+0000] {processor.py:770} WARNING - No viable dags retrieved from /opt/airflow/dags/hadoop-2.7.3/share/hadoop/tools/lib/guava-11.0.2.jar
[2022-10-22T00:23:45.409+0000] {processor.py:178} INFO - Processing /opt/airflow/dags/hadoop-2.7.3/share/hadoop/tools/lib/guava-11.0.2.jar took 0.613 seconds
