[2022-10-22T00:00:49.431+0000] {processor.py:156} INFO - Started process (PID=17015) to work on /opt/airflow/dags/hadoop-2.7.3/share/hadoop/tools/lib/hadoop-archives-2.7.3.jar
[2022-10-22T00:00:49.438+0000] {processor.py:758} INFO - Processing file /opt/airflow/dags/hadoop-2.7.3/share/hadoop/tools/lib/hadoop-archives-2.7.3.jar for tasks to queue
[2022-10-22T00:00:49.443+0000] {logging_mixin.py:117} INFO - [2022-10-22T00:00:49.443+0000] {dagbag.py:525} INFO - Filling up the DagBag from /opt/airflow/dags/hadoop-2.7.3/share/hadoop/tools/lib/hadoop-archives-2.7.3.jar
[2022-10-22T00:00:49.454+0000] {processor.py:770} WARNING - No viable dags retrieved from /opt/airflow/dags/hadoop-2.7.3/share/hadoop/tools/lib/hadoop-archives-2.7.3.jar
[2022-10-22T00:00:49.505+0000] {processor.py:178} INFO - Processing /opt/airflow/dags/hadoop-2.7.3/share/hadoop/tools/lib/hadoop-archives-2.7.3.jar took 0.110 seconds
[2022-10-22T00:01:57.911+0000] {processor.py:156} INFO - Started process (PID=19861) to work on /opt/airflow/dags/hadoop-2.7.3/share/hadoop/tools/lib/hadoop-archives-2.7.3.jar
[2022-10-22T00:01:57.915+0000] {processor.py:758} INFO - Processing file /opt/airflow/dags/hadoop-2.7.3/share/hadoop/tools/lib/hadoop-archives-2.7.3.jar for tasks to queue
[2022-10-22T00:01:57.919+0000] {logging_mixin.py:117} INFO - [2022-10-22T00:01:57.919+0000] {dagbag.py:525} INFO - Filling up the DagBag from /opt/airflow/dags/hadoop-2.7.3/share/hadoop/tools/lib/hadoop-archives-2.7.3.jar
[2022-10-22T00:01:57.928+0000] {processor.py:770} WARNING - No viable dags retrieved from /opt/airflow/dags/hadoop-2.7.3/share/hadoop/tools/lib/hadoop-archives-2.7.3.jar
[2022-10-22T00:01:57.983+0000] {processor.py:178} INFO - Processing /opt/airflow/dags/hadoop-2.7.3/share/hadoop/tools/lib/hadoop-archives-2.7.3.jar took 0.083 seconds
[2022-10-22T00:02:09.796+0000] {processor.py:156} INFO - Started process (PID=17609) to work on /opt/airflow/dags/hadoop-2.7.3/share/hadoop/tools/lib/hadoop-archives-2.7.3.jar
[2022-10-22T00:02:09.800+0000] {processor.py:758} INFO - Processing file /opt/airflow/dags/hadoop-2.7.3/share/hadoop/tools/lib/hadoop-archives-2.7.3.jar for tasks to queue
[2022-10-22T00:02:09.808+0000] {logging_mixin.py:117} INFO - [2022-10-22T00:02:09.806+0000] {dagbag.py:525} INFO - Filling up the DagBag from /opt/airflow/dags/hadoop-2.7.3/share/hadoop/tools/lib/hadoop-archives-2.7.3.jar
[2022-10-22T00:02:09.825+0000] {processor.py:770} WARNING - No viable dags retrieved from /opt/airflow/dags/hadoop-2.7.3/share/hadoop/tools/lib/hadoop-archives-2.7.3.jar
[2022-10-22T00:02:09.895+0000] {processor.py:178} INFO - Processing /opt/airflow/dags/hadoop-2.7.3/share/hadoop/tools/lib/hadoop-archives-2.7.3.jar took 0.123 seconds
[2022-10-22T00:03:31.511+0000] {processor.py:156} INFO - Started process (PID=20414) to work on /opt/airflow/dags/hadoop-2.7.3/share/hadoop/tools/lib/hadoop-archives-2.7.3.jar
[2022-10-22T00:03:31.513+0000] {processor.py:758} INFO - Processing file /opt/airflow/dags/hadoop-2.7.3/share/hadoop/tools/lib/hadoop-archives-2.7.3.jar for tasks to queue
[2022-10-22T00:03:31.516+0000] {logging_mixin.py:117} INFO - [2022-10-22T00:03:31.515+0000] {dagbag.py:525} INFO - Filling up the DagBag from /opt/airflow/dags/hadoop-2.7.3/share/hadoop/tools/lib/hadoop-archives-2.7.3.jar
[2022-10-22T00:03:31.522+0000] {processor.py:770} WARNING - No viable dags retrieved from /opt/airflow/dags/hadoop-2.7.3/share/hadoop/tools/lib/hadoop-archives-2.7.3.jar
[2022-10-22T00:03:31.572+0000] {processor.py:178} INFO - Processing /opt/airflow/dags/hadoop-2.7.3/share/hadoop/tools/lib/hadoop-archives-2.7.3.jar took 0.070 seconds
[2022-10-22T00:03:54.310+0000] {processor.py:156} INFO - Started process (PID=18250) to work on /opt/airflow/dags/hadoop-2.7.3/share/hadoop/tools/lib/hadoop-archives-2.7.3.jar
[2022-10-22T00:03:54.313+0000] {processor.py:758} INFO - Processing file /opt/airflow/dags/hadoop-2.7.3/share/hadoop/tools/lib/hadoop-archives-2.7.3.jar for tasks to queue
[2022-10-22T00:03:54.317+0000] {logging_mixin.py:117} INFO - [2022-10-22T00:03:54.317+0000] {dagbag.py:525} INFO - Filling up the DagBag from /opt/airflow/dags/hadoop-2.7.3/share/hadoop/tools/lib/hadoop-archives-2.7.3.jar
[2022-10-22T00:03:54.326+0000] {processor.py:770} WARNING - No viable dags retrieved from /opt/airflow/dags/hadoop-2.7.3/share/hadoop/tools/lib/hadoop-archives-2.7.3.jar
[2022-10-22T00:03:54.375+0000] {processor.py:178} INFO - Processing /opt/airflow/dags/hadoop-2.7.3/share/hadoop/tools/lib/hadoop-archives-2.7.3.jar took 0.077 seconds
[2022-10-22T00:04:45.381+0000] {processor.py:156} INFO - Started process (PID=21095) to work on /opt/airflow/dags/hadoop-2.7.3/share/hadoop/tools/lib/hadoop-archives-2.7.3.jar
[2022-10-22T00:04:45.393+0000] {processor.py:758} INFO - Processing file /opt/airflow/dags/hadoop-2.7.3/share/hadoop/tools/lib/hadoop-archives-2.7.3.jar for tasks to queue
[2022-10-22T00:04:45.400+0000] {logging_mixin.py:117} INFO - [2022-10-22T00:04:45.397+0000] {dagbag.py:525} INFO - Filling up the DagBag from /opt/airflow/dags/hadoop-2.7.3/share/hadoop/tools/lib/hadoop-archives-2.7.3.jar
[2022-10-22T00:04:45.415+0000] {processor.py:770} WARNING - No viable dags retrieved from /opt/airflow/dags/hadoop-2.7.3/share/hadoop/tools/lib/hadoop-archives-2.7.3.jar
[2022-10-22T00:04:45.497+0000] {processor.py:178} INFO - Processing /opt/airflow/dags/hadoop-2.7.3/share/hadoop/tools/lib/hadoop-archives-2.7.3.jar took 0.131 seconds
[2022-10-22T00:04:54.533+0000] {processor.py:156} INFO - Started process (PID=18775) to work on /opt/airflow/dags/hadoop-2.7.3/share/hadoop/tools/lib/hadoop-archives-2.7.3.jar
[2022-10-22T00:04:54.549+0000] {processor.py:758} INFO - Processing file /opt/airflow/dags/hadoop-2.7.3/share/hadoop/tools/lib/hadoop-archives-2.7.3.jar for tasks to queue
[2022-10-22T00:04:54.553+0000] {logging_mixin.py:117} INFO - [2022-10-22T00:04:54.553+0000] {dagbag.py:525} INFO - Filling up the DagBag from /opt/airflow/dags/hadoop-2.7.3/share/hadoop/tools/lib/hadoop-archives-2.7.3.jar
[2022-10-22T00:04:54.566+0000] {processor.py:770} WARNING - No viable dags retrieved from /opt/airflow/dags/hadoop-2.7.3/share/hadoop/tools/lib/hadoop-archives-2.7.3.jar
[2022-10-22T00:04:54.638+0000] {processor.py:178} INFO - Processing /opt/airflow/dags/hadoop-2.7.3/share/hadoop/tools/lib/hadoop-archives-2.7.3.jar took 0.112 seconds
[2022-10-22T00:05:35.307+0000] {processor.py:156} INFO - Started process (PID=21594) to work on /opt/airflow/dags/hadoop-2.7.3/share/hadoop/tools/lib/hadoop-archives-2.7.3.jar
[2022-10-22T00:05:35.310+0000] {processor.py:758} INFO - Processing file /opt/airflow/dags/hadoop-2.7.3/share/hadoop/tools/lib/hadoop-archives-2.7.3.jar for tasks to queue
[2022-10-22T00:05:35.313+0000] {logging_mixin.py:117} INFO - [2022-10-22T00:05:35.313+0000] {dagbag.py:525} INFO - Filling up the DagBag from /opt/airflow/dags/hadoop-2.7.3/share/hadoop/tools/lib/hadoop-archives-2.7.3.jar
[2022-10-22T00:05:35.320+0000] {processor.py:770} WARNING - No viable dags retrieved from /opt/airflow/dags/hadoop-2.7.3/share/hadoop/tools/lib/hadoop-archives-2.7.3.jar
[2022-10-22T00:05:35.364+0000] {processor.py:178} INFO - Processing /opt/airflow/dags/hadoop-2.7.3/share/hadoop/tools/lib/hadoop-archives-2.7.3.jar took 0.065 seconds
[2022-10-22T00:05:46.982+0000] {processor.py:156} INFO - Started process (PID=19300) to work on /opt/airflow/dags/hadoop-2.7.3/share/hadoop/tools/lib/hadoop-archives-2.7.3.jar
[2022-10-22T00:05:46.987+0000] {processor.py:758} INFO - Processing file /opt/airflow/dags/hadoop-2.7.3/share/hadoop/tools/lib/hadoop-archives-2.7.3.jar for tasks to queue
[2022-10-22T00:05:46.997+0000] {logging_mixin.py:117} INFO - [2022-10-22T00:05:46.991+0000] {dagbag.py:525} INFO - Filling up the DagBag from /opt/airflow/dags/hadoop-2.7.3/share/hadoop/tools/lib/hadoop-archives-2.7.3.jar
[2022-10-22T00:05:47.010+0000] {processor.py:770} WARNING - No viable dags retrieved from /opt/airflow/dags/hadoop-2.7.3/share/hadoop/tools/lib/hadoop-archives-2.7.3.jar
[2022-10-22T00:05:47.095+0000] {processor.py:178} INFO - Processing /opt/airflow/dags/hadoop-2.7.3/share/hadoop/tools/lib/hadoop-archives-2.7.3.jar took 0.122 seconds
[2022-10-22T00:06:42.455+0000] {processor.py:156} INFO - Started process (PID=19822) to work on /opt/airflow/dags/hadoop-2.7.3/share/hadoop/tools/lib/hadoop-archives-2.7.3.jar
[2022-10-22T00:06:42.459+0000] {processor.py:758} INFO - Processing file /opt/airflow/dags/hadoop-2.7.3/share/hadoop/tools/lib/hadoop-archives-2.7.3.jar for tasks to queue
[2022-10-22T00:06:42.467+0000] {logging_mixin.py:117} INFO - [2022-10-22T00:06:42.467+0000] {dagbag.py:525} INFO - Filling up the DagBag from /opt/airflow/dags/hadoop-2.7.3/share/hadoop/tools/lib/hadoop-archives-2.7.3.jar
[2022-10-22T00:06:42.479+0000] {processor.py:770} WARNING - No viable dags retrieved from /opt/airflow/dags/hadoop-2.7.3/share/hadoop/tools/lib/hadoop-archives-2.7.3.jar
[2022-10-22T00:06:42.553+0000] {processor.py:178} INFO - Processing /opt/airflow/dags/hadoop-2.7.3/share/hadoop/tools/lib/hadoop-archives-2.7.3.jar took 0.112 seconds
[2022-10-22T00:06:42.860+0000] {processor.py:156} INFO - Started process (PID=22270) to work on /opt/airflow/dags/hadoop-2.7.3/share/hadoop/tools/lib/hadoop-archives-2.7.3.jar
[2022-10-22T00:06:42.865+0000] {processor.py:758} INFO - Processing file /opt/airflow/dags/hadoop-2.7.3/share/hadoop/tools/lib/hadoop-archives-2.7.3.jar for tasks to queue
[2022-10-22T00:06:42.869+0000] {logging_mixin.py:117} INFO - [2022-10-22T00:06:42.868+0000] {dagbag.py:525} INFO - Filling up the DagBag from /opt/airflow/dags/hadoop-2.7.3/share/hadoop/tools/lib/hadoop-archives-2.7.3.jar
[2022-10-22T00:06:42.874+0000] {processor.py:770} WARNING - No viable dags retrieved from /opt/airflow/dags/hadoop-2.7.3/share/hadoop/tools/lib/hadoop-archives-2.7.3.jar
[2022-10-22T00:06:42.920+0000] {processor.py:178} INFO - Processing /opt/airflow/dags/hadoop-2.7.3/share/hadoop/tools/lib/hadoop-archives-2.7.3.jar took 0.067 seconds
[2022-10-22T00:07:45.935+0000] {processor.py:156} INFO - Started process (PID=22900) to work on /opt/airflow/dags/hadoop-2.7.3/share/hadoop/tools/lib/hadoop-archives-2.7.3.jar
[2022-10-22T00:07:45.939+0000] {processor.py:758} INFO - Processing file /opt/airflow/dags/hadoop-2.7.3/share/hadoop/tools/lib/hadoop-archives-2.7.3.jar for tasks to queue
[2022-10-22T00:07:45.942+0000] {logging_mixin.py:117} INFO - [2022-10-22T00:07:45.941+0000] {dagbag.py:525} INFO - Filling up the DagBag from /opt/airflow/dags/hadoop-2.7.3/share/hadoop/tools/lib/hadoop-archives-2.7.3.jar
[2022-10-22T00:07:45.949+0000] {processor.py:770} WARNING - No viable dags retrieved from /opt/airflow/dags/hadoop-2.7.3/share/hadoop/tools/lib/hadoop-archives-2.7.3.jar
[2022-10-22T00:07:46.005+0000] {processor.py:178} INFO - Processing /opt/airflow/dags/hadoop-2.7.3/share/hadoop/tools/lib/hadoop-archives-2.7.3.jar took 0.087 seconds
[2022-10-22T00:08:29.535+0000] {processor.py:156} INFO - Started process (PID=20490) to work on /opt/airflow/dags/hadoop-2.7.3/share/hadoop/tools/lib/hadoop-archives-2.7.3.jar
[2022-10-22T00:08:29.549+0000] {processor.py:758} INFO - Processing file /opt/airflow/dags/hadoop-2.7.3/share/hadoop/tools/lib/hadoop-archives-2.7.3.jar for tasks to queue
[2022-10-22T00:08:29.552+0000] {logging_mixin.py:117} INFO - [2022-10-22T00:08:29.551+0000] {dagbag.py:525} INFO - Filling up the DagBag from /opt/airflow/dags/hadoop-2.7.3/share/hadoop/tools/lib/hadoop-archives-2.7.3.jar
[2022-10-22T00:08:29.560+0000] {processor.py:770} WARNING - No viable dags retrieved from /opt/airflow/dags/hadoop-2.7.3/share/hadoop/tools/lib/hadoop-archives-2.7.3.jar
[2022-10-22T00:08:29.614+0000] {processor.py:178} INFO - Processing /opt/airflow/dags/hadoop-2.7.3/share/hadoop/tools/lib/hadoop-archives-2.7.3.jar took 0.089 seconds
[2022-10-22T00:09:21.972+0000] {processor.py:156} INFO - Started process (PID=23444) to work on /opt/airflow/dags/hadoop-2.7.3/share/hadoop/tools/lib/hadoop-archives-2.7.3.jar
[2022-10-22T00:09:21.981+0000] {processor.py:758} INFO - Processing file /opt/airflow/dags/hadoop-2.7.3/share/hadoop/tools/lib/hadoop-archives-2.7.3.jar for tasks to queue
[2022-10-22T00:09:21.984+0000] {logging_mixin.py:117} INFO - [2022-10-22T00:09:21.983+0000] {dagbag.py:525} INFO - Filling up the DagBag from /opt/airflow/dags/hadoop-2.7.3/share/hadoop/tools/lib/hadoop-archives-2.7.3.jar
[2022-10-22T00:09:22.005+0000] {processor.py:770} WARNING - No viable dags retrieved from /opt/airflow/dags/hadoop-2.7.3/share/hadoop/tools/lib/hadoop-archives-2.7.3.jar
[2022-10-22T00:09:22.111+0000] {processor.py:178} INFO - Processing /opt/airflow/dags/hadoop-2.7.3/share/hadoop/tools/lib/hadoop-archives-2.7.3.jar took 0.146 seconds
[2022-10-22T00:09:40.297+0000] {processor.py:156} INFO - Started process (PID=21126) to work on /opt/airflow/dags/hadoop-2.7.3/share/hadoop/tools/lib/hadoop-archives-2.7.3.jar
[2022-10-22T00:09:40.301+0000] {processor.py:758} INFO - Processing file /opt/airflow/dags/hadoop-2.7.3/share/hadoop/tools/lib/hadoop-archives-2.7.3.jar for tasks to queue
[2022-10-22T00:09:40.305+0000] {logging_mixin.py:117} INFO - [2022-10-22T00:09:40.304+0000] {dagbag.py:525} INFO - Filling up the DagBag from /opt/airflow/dags/hadoop-2.7.3/share/hadoop/tools/lib/hadoop-archives-2.7.3.jar
[2022-10-22T00:09:40.315+0000] {processor.py:770} WARNING - No viable dags retrieved from /opt/airflow/dags/hadoop-2.7.3/share/hadoop/tools/lib/hadoop-archives-2.7.3.jar
[2022-10-22T00:09:40.373+0000] {processor.py:178} INFO - Processing /opt/airflow/dags/hadoop-2.7.3/share/hadoop/tools/lib/hadoop-archives-2.7.3.jar took 0.088 seconds
[2022-10-22T00:11:33.746+0000] {processor.py:156} INFO - Started process (PID=24155) to work on /opt/airflow/dags/hadoop-2.7.3/share/hadoop/tools/lib/hadoop-archives-2.7.3.jar
[2022-10-22T00:11:33.748+0000] {processor.py:758} INFO - Processing file /opt/airflow/dags/hadoop-2.7.3/share/hadoop/tools/lib/hadoop-archives-2.7.3.jar for tasks to queue
[2022-10-22T00:11:33.749+0000] {logging_mixin.py:117} INFO - [2022-10-22T00:11:33.749+0000] {dagbag.py:525} INFO - Filling up the DagBag from /opt/airflow/dags/hadoop-2.7.3/share/hadoop/tools/lib/hadoop-archives-2.7.3.jar
[2022-10-22T00:11:33.753+0000] {processor.py:770} WARNING - No viable dags retrieved from /opt/airflow/dags/hadoop-2.7.3/share/hadoop/tools/lib/hadoop-archives-2.7.3.jar
[2022-10-22T00:11:33.773+0000] {processor.py:178} INFO - Processing /opt/airflow/dags/hadoop-2.7.3/share/hadoop/tools/lib/hadoop-archives-2.7.3.jar took 0.034 seconds
[2022-10-22T00:11:40.569+0000] {processor.py:156} INFO - Started process (PID=21740) to work on /opt/airflow/dags/hadoop-2.7.3/share/hadoop/tools/lib/hadoop-archives-2.7.3.jar
[2022-10-22T00:11:40.588+0000] {processor.py:758} INFO - Processing file /opt/airflow/dags/hadoop-2.7.3/share/hadoop/tools/lib/hadoop-archives-2.7.3.jar for tasks to queue
[2022-10-22T00:11:40.590+0000] {logging_mixin.py:117} INFO - [2022-10-22T00:11:40.589+0000] {dagbag.py:525} INFO - Filling up the DagBag from /opt/airflow/dags/hadoop-2.7.3/share/hadoop/tools/lib/hadoop-archives-2.7.3.jar
[2022-10-22T00:11:40.595+0000] {processor.py:770} WARNING - No viable dags retrieved from /opt/airflow/dags/hadoop-2.7.3/share/hadoop/tools/lib/hadoop-archives-2.7.3.jar
[2022-10-22T00:11:40.628+0000] {processor.py:178} INFO - Processing /opt/airflow/dags/hadoop-2.7.3/share/hadoop/tools/lib/hadoop-archives-2.7.3.jar took 0.072 seconds
[2022-10-22T00:12:18.497+0000] {processor.py:156} INFO - Started process (PID=24672) to work on /opt/airflow/dags/hadoop-2.7.3/share/hadoop/tools/lib/hadoop-archives-2.7.3.jar
[2022-10-22T00:12:18.500+0000] {processor.py:758} INFO - Processing file /opt/airflow/dags/hadoop-2.7.3/share/hadoop/tools/lib/hadoop-archives-2.7.3.jar for tasks to queue
[2022-10-22T00:12:18.503+0000] {logging_mixin.py:117} INFO - [2022-10-22T00:12:18.503+0000] {dagbag.py:525} INFO - Filling up the DagBag from /opt/airflow/dags/hadoop-2.7.3/share/hadoop/tools/lib/hadoop-archives-2.7.3.jar
[2022-10-22T00:12:18.512+0000] {processor.py:770} WARNING - No viable dags retrieved from /opt/airflow/dags/hadoop-2.7.3/share/hadoop/tools/lib/hadoop-archives-2.7.3.jar
[2022-10-22T00:12:18.590+0000] {processor.py:178} INFO - Processing /opt/airflow/dags/hadoop-2.7.3/share/hadoop/tools/lib/hadoop-archives-2.7.3.jar took 0.101 seconds
[2022-10-22T00:12:30.122+0000] {processor.py:156} INFO - Started process (PID=22267) to work on /opt/airflow/dags/hadoop-2.7.3/share/hadoop/tools/lib/hadoop-archives-2.7.3.jar
[2022-10-22T00:12:30.128+0000] {processor.py:758} INFO - Processing file /opt/airflow/dags/hadoop-2.7.3/share/hadoop/tools/lib/hadoop-archives-2.7.3.jar for tasks to queue
[2022-10-22T00:12:30.137+0000] {logging_mixin.py:117} INFO - [2022-10-22T00:12:30.132+0000] {dagbag.py:525} INFO - Filling up the DagBag from /opt/airflow/dags/hadoop-2.7.3/share/hadoop/tools/lib/hadoop-archives-2.7.3.jar
[2022-10-22T00:12:30.153+0000] {processor.py:770} WARNING - No viable dags retrieved from /opt/airflow/dags/hadoop-2.7.3/share/hadoop/tools/lib/hadoop-archives-2.7.3.jar
[2022-10-22T00:12:30.243+0000] {processor.py:178} INFO - Processing /opt/airflow/dags/hadoop-2.7.3/share/hadoop/tools/lib/hadoop-archives-2.7.3.jar took 0.135 seconds
[2022-10-22T00:15:32.443+0000] {processor.py:156} INFO - Started process (PID=22753) to work on /opt/airflow/dags/hadoop-2.7.3/share/hadoop/tools/lib/hadoop-archives-2.7.3.jar
[2022-10-22T00:15:32.447+0000] {processor.py:758} INFO - Processing file /opt/airflow/dags/hadoop-2.7.3/share/hadoop/tools/lib/hadoop-archives-2.7.3.jar for tasks to queue
[2022-10-22T00:15:32.449+0000] {logging_mixin.py:117} INFO - [2022-10-22T00:15:32.449+0000] {dagbag.py:525} INFO - Filling up the DagBag from /opt/airflow/dags/hadoop-2.7.3/share/hadoop/tools/lib/hadoop-archives-2.7.3.jar
[2022-10-22T00:15:32.463+0000] {processor.py:770} WARNING - No viable dags retrieved from /opt/airflow/dags/hadoop-2.7.3/share/hadoop/tools/lib/hadoop-archives-2.7.3.jar
[2022-10-22T00:15:32.513+0000] {processor.py:178} INFO - Processing /opt/airflow/dags/hadoop-2.7.3/share/hadoop/tools/lib/hadoop-archives-2.7.3.jar took 0.089 seconds
[2022-10-22T00:15:46.029+0000] {processor.py:156} INFO - Started process (PID=25316) to work on /opt/airflow/dags/hadoop-2.7.3/share/hadoop/tools/lib/hadoop-archives-2.7.3.jar
[2022-10-22T00:15:46.031+0000] {processor.py:758} INFO - Processing file /opt/airflow/dags/hadoop-2.7.3/share/hadoop/tools/lib/hadoop-archives-2.7.3.jar for tasks to queue
[2022-10-22T00:15:46.034+0000] {logging_mixin.py:117} INFO - [2022-10-22T00:15:46.034+0000] {dagbag.py:525} INFO - Filling up the DagBag from /opt/airflow/dags/hadoop-2.7.3/share/hadoop/tools/lib/hadoop-archives-2.7.3.jar
[2022-10-22T00:15:46.040+0000] {processor.py:770} WARNING - No viable dags retrieved from /opt/airflow/dags/hadoop-2.7.3/share/hadoop/tools/lib/hadoop-archives-2.7.3.jar
[2022-10-22T00:15:46.069+0000] {processor.py:178} INFO - Processing /opt/airflow/dags/hadoop-2.7.3/share/hadoop/tools/lib/hadoop-archives-2.7.3.jar took 0.051 seconds
[2022-10-22T00:16:20.866+0000] {processor.py:156} INFO - Started process (PID=23276) to work on /opt/airflow/dags/hadoop-2.7.3/share/hadoop/tools/lib/hadoop-archives-2.7.3.jar
[2022-10-22T00:16:20.874+0000] {processor.py:758} INFO - Processing file /opt/airflow/dags/hadoop-2.7.3/share/hadoop/tools/lib/hadoop-archives-2.7.3.jar for tasks to queue
[2022-10-22T00:16:20.878+0000] {logging_mixin.py:117} INFO - [2022-10-22T00:16:20.878+0000] {dagbag.py:525} INFO - Filling up the DagBag from /opt/airflow/dags/hadoop-2.7.3/share/hadoop/tools/lib/hadoop-archives-2.7.3.jar
[2022-10-22T00:16:20.888+0000] {processor.py:770} WARNING - No viable dags retrieved from /opt/airflow/dags/hadoop-2.7.3/share/hadoop/tools/lib/hadoop-archives-2.7.3.jar
[2022-10-22T00:16:20.947+0000] {processor.py:178} INFO - Processing /opt/airflow/dags/hadoop-2.7.3/share/hadoop/tools/lib/hadoop-archives-2.7.3.jar took 0.088 seconds
[2022-10-22T00:16:33.385+0000] {processor.py:156} INFO - Started process (PID=25846) to work on /opt/airflow/dags/hadoop-2.7.3/share/hadoop/tools/lib/hadoop-archives-2.7.3.jar
[2022-10-22T00:16:33.388+0000] {processor.py:758} INFO - Processing file /opt/airflow/dags/hadoop-2.7.3/share/hadoop/tools/lib/hadoop-archives-2.7.3.jar for tasks to queue
[2022-10-22T00:16:33.393+0000] {logging_mixin.py:117} INFO - [2022-10-22T00:16:33.392+0000] {dagbag.py:525} INFO - Filling up the DagBag from /opt/airflow/dags/hadoop-2.7.3/share/hadoop/tools/lib/hadoop-archives-2.7.3.jar
[2022-10-22T00:16:33.400+0000] {processor.py:770} WARNING - No viable dags retrieved from /opt/airflow/dags/hadoop-2.7.3/share/hadoop/tools/lib/hadoop-archives-2.7.3.jar
[2022-10-22T00:16:33.447+0000] {processor.py:178} INFO - Processing /opt/airflow/dags/hadoop-2.7.3/share/hadoop/tools/lib/hadoop-archives-2.7.3.jar took 0.073 seconds
[2022-10-22T00:17:11.808+0000] {processor.py:156} INFO - Started process (PID=23804) to work on /opt/airflow/dags/hadoop-2.7.3/share/hadoop/tools/lib/hadoop-archives-2.7.3.jar
[2022-10-22T00:17:11.824+0000] {processor.py:758} INFO - Processing file /opt/airflow/dags/hadoop-2.7.3/share/hadoop/tools/lib/hadoop-archives-2.7.3.jar for tasks to queue
[2022-10-22T00:17:11.830+0000] {logging_mixin.py:117} INFO - [2022-10-22T00:17:11.830+0000] {dagbag.py:525} INFO - Filling up the DagBag from /opt/airflow/dags/hadoop-2.7.3/share/hadoop/tools/lib/hadoop-archives-2.7.3.jar
[2022-10-22T00:17:11.843+0000] {processor.py:770} WARNING - No viable dags retrieved from /opt/airflow/dags/hadoop-2.7.3/share/hadoop/tools/lib/hadoop-archives-2.7.3.jar
[2022-10-22T00:17:11.889+0000] {processor.py:178} INFO - Processing /opt/airflow/dags/hadoop-2.7.3/share/hadoop/tools/lib/hadoop-archives-2.7.3.jar took 0.092 seconds
[2022-10-22T00:17:22.541+0000] {processor.py:156} INFO - Started process (PID=26363) to work on /opt/airflow/dags/hadoop-2.7.3/share/hadoop/tools/lib/hadoop-archives-2.7.3.jar
[2022-10-22T00:17:22.544+0000] {processor.py:758} INFO - Processing file /opt/airflow/dags/hadoop-2.7.3/share/hadoop/tools/lib/hadoop-archives-2.7.3.jar for tasks to queue
[2022-10-22T00:17:22.547+0000] {logging_mixin.py:117} INFO - [2022-10-22T00:17:22.547+0000] {dagbag.py:525} INFO - Filling up the DagBag from /opt/airflow/dags/hadoop-2.7.3/share/hadoop/tools/lib/hadoop-archives-2.7.3.jar
[2022-10-22T00:17:22.555+0000] {processor.py:770} WARNING - No viable dags retrieved from /opt/airflow/dags/hadoop-2.7.3/share/hadoop/tools/lib/hadoop-archives-2.7.3.jar
[2022-10-22T00:17:22.594+0000] {processor.py:178} INFO - Processing /opt/airflow/dags/hadoop-2.7.3/share/hadoop/tools/lib/hadoop-archives-2.7.3.jar took 0.061 seconds
[2022-10-22T00:18:11.819+0000] {processor.py:156} INFO - Started process (PID=24421) to work on /opt/airflow/dags/hadoop-2.7.3/share/hadoop/tools/lib/hadoop-archives-2.7.3.jar
[2022-10-22T00:18:11.822+0000] {processor.py:758} INFO - Processing file /opt/airflow/dags/hadoop-2.7.3/share/hadoop/tools/lib/hadoop-archives-2.7.3.jar for tasks to queue
[2022-10-22T00:18:11.826+0000] {logging_mixin.py:117} INFO - [2022-10-22T00:18:11.825+0000] {dagbag.py:525} INFO - Filling up the DagBag from /opt/airflow/dags/hadoop-2.7.3/share/hadoop/tools/lib/hadoop-archives-2.7.3.jar
[2022-10-22T00:18:11.833+0000] {processor.py:770} WARNING - No viable dags retrieved from /opt/airflow/dags/hadoop-2.7.3/share/hadoop/tools/lib/hadoop-archives-2.7.3.jar
[2022-10-22T00:18:11.865+0000] {processor.py:178} INFO - Processing /opt/airflow/dags/hadoop-2.7.3/share/hadoop/tools/lib/hadoop-archives-2.7.3.jar took 0.057 seconds
[2022-10-22T00:18:16.821+0000] {processor.py:156} INFO - Started process (PID=26958) to work on /opt/airflow/dags/hadoop-2.7.3/share/hadoop/tools/lib/hadoop-archives-2.7.3.jar
[2022-10-22T00:18:16.824+0000] {processor.py:758} INFO - Processing file /opt/airflow/dags/hadoop-2.7.3/share/hadoop/tools/lib/hadoop-archives-2.7.3.jar for tasks to queue
[2022-10-22T00:18:16.826+0000] {logging_mixin.py:117} INFO - [2022-10-22T00:18:16.826+0000] {dagbag.py:525} INFO - Filling up the DagBag from /opt/airflow/dags/hadoop-2.7.3/share/hadoop/tools/lib/hadoop-archives-2.7.3.jar
[2022-10-22T00:18:16.842+0000] {processor.py:770} WARNING - No viable dags retrieved from /opt/airflow/dags/hadoop-2.7.3/share/hadoop/tools/lib/hadoop-archives-2.7.3.jar
[2022-10-22T00:18:16.887+0000] {processor.py:178} INFO - Processing /opt/airflow/dags/hadoop-2.7.3/share/hadoop/tools/lib/hadoop-archives-2.7.3.jar took 0.072 seconds
[2022-10-22T00:19:10.560+0000] {processor.py:156} INFO - Started process (PID=25033) to work on /opt/airflow/dags/hadoop-2.7.3/share/hadoop/tools/lib/hadoop-archives-2.7.3.jar
[2022-10-22T00:19:10.564+0000] {processor.py:758} INFO - Processing file /opt/airflow/dags/hadoop-2.7.3/share/hadoop/tools/lib/hadoop-archives-2.7.3.jar for tasks to queue
[2022-10-22T00:19:10.566+0000] {logging_mixin.py:117} INFO - [2022-10-22T00:19:10.566+0000] {dagbag.py:525} INFO - Filling up the DagBag from /opt/airflow/dags/hadoop-2.7.3/share/hadoop/tools/lib/hadoop-archives-2.7.3.jar
[2022-10-22T00:19:10.576+0000] {processor.py:770} WARNING - No viable dags retrieved from /opt/airflow/dags/hadoop-2.7.3/share/hadoop/tools/lib/hadoop-archives-2.7.3.jar
[2022-10-22T00:19:10.636+0000] {processor.py:178} INFO - Processing /opt/airflow/dags/hadoop-2.7.3/share/hadoop/tools/lib/hadoop-archives-2.7.3.jar took 0.084 seconds
[2022-10-22T00:19:10.662+0000] {processor.py:156} INFO - Started process (PID=27524) to work on /opt/airflow/dags/hadoop-2.7.3/share/hadoop/tools/lib/hadoop-archives-2.7.3.jar
[2022-10-22T00:19:10.665+0000] {processor.py:758} INFO - Processing file /opt/airflow/dags/hadoop-2.7.3/share/hadoop/tools/lib/hadoop-archives-2.7.3.jar for tasks to queue
[2022-10-22T00:19:10.676+0000] {logging_mixin.py:117} INFO - [2022-10-22T00:19:10.675+0000] {dagbag.py:525} INFO - Filling up the DagBag from /opt/airflow/dags/hadoop-2.7.3/share/hadoop/tools/lib/hadoop-archives-2.7.3.jar
[2022-10-22T00:19:10.685+0000] {processor.py:770} WARNING - No viable dags retrieved from /opt/airflow/dags/hadoop-2.7.3/share/hadoop/tools/lib/hadoop-archives-2.7.3.jar
[2022-10-22T00:19:10.772+0000] {processor.py:178} INFO - Processing /opt/airflow/dags/hadoop-2.7.3/share/hadoop/tools/lib/hadoop-archives-2.7.3.jar took 0.122 seconds
[2022-10-22T00:20:49.160+0000] {processor.py:156} INFO - Started process (PID=25664) to work on /opt/airflow/dags/hadoop-2.7.3/share/hadoop/tools/lib/hadoop-archives-2.7.3.jar
[2022-10-22T00:20:49.164+0000] {processor.py:758} INFO - Processing file /opt/airflow/dags/hadoop-2.7.3/share/hadoop/tools/lib/hadoop-archives-2.7.3.jar for tasks to queue
[2022-10-22T00:20:49.166+0000] {logging_mixin.py:117} INFO - [2022-10-22T00:20:49.166+0000] {dagbag.py:525} INFO - Filling up the DagBag from /opt/airflow/dags/hadoop-2.7.3/share/hadoop/tools/lib/hadoop-archives-2.7.3.jar
[2022-10-22T00:20:49.172+0000] {processor.py:770} WARNING - No viable dags retrieved from /opt/airflow/dags/hadoop-2.7.3/share/hadoop/tools/lib/hadoop-archives-2.7.3.jar
[2022-10-22T00:20:49.205+0000] {processor.py:178} INFO - Processing /opt/airflow/dags/hadoop-2.7.3/share/hadoop/tools/lib/hadoop-archives-2.7.3.jar took 0.053 seconds
[2022-10-22T00:20:51.784+0000] {processor.py:156} INFO - Started process (PID=28212) to work on /opt/airflow/dags/hadoop-2.7.3/share/hadoop/tools/lib/hadoop-archives-2.7.3.jar
[2022-10-22T00:20:51.787+0000] {processor.py:758} INFO - Processing file /opt/airflow/dags/hadoop-2.7.3/share/hadoop/tools/lib/hadoop-archives-2.7.3.jar for tasks to queue
[2022-10-22T00:20:51.789+0000] {logging_mixin.py:117} INFO - [2022-10-22T00:20:51.789+0000] {dagbag.py:525} INFO - Filling up the DagBag from /opt/airflow/dags/hadoop-2.7.3/share/hadoop/tools/lib/hadoop-archives-2.7.3.jar
[2022-10-22T00:20:51.795+0000] {processor.py:770} WARNING - No viable dags retrieved from /opt/airflow/dags/hadoop-2.7.3/share/hadoop/tools/lib/hadoop-archives-2.7.3.jar
[2022-10-22T00:20:51.832+0000] {processor.py:178} INFO - Processing /opt/airflow/dags/hadoop-2.7.3/share/hadoop/tools/lib/hadoop-archives-2.7.3.jar took 0.074 seconds
[2022-10-22T00:21:45.328+0000] {processor.py:156} INFO - Started process (PID=28736) to work on /opt/airflow/dags/hadoop-2.7.3/share/hadoop/tools/lib/hadoop-archives-2.7.3.jar
[2022-10-22T00:21:45.330+0000] {processor.py:758} INFO - Processing file /opt/airflow/dags/hadoop-2.7.3/share/hadoop/tools/lib/hadoop-archives-2.7.3.jar for tasks to queue
[2022-10-22T00:21:45.333+0000] {logging_mixin.py:117} INFO - [2022-10-22T00:21:45.332+0000] {dagbag.py:525} INFO - Filling up the DagBag from /opt/airflow/dags/hadoop-2.7.3/share/hadoop/tools/lib/hadoop-archives-2.7.3.jar
[2022-10-22T00:21:45.341+0000] {processor.py:770} WARNING - No viable dags retrieved from /opt/airflow/dags/hadoop-2.7.3/share/hadoop/tools/lib/hadoop-archives-2.7.3.jar
[2022-10-22T00:21:45.385+0000] {processor.py:178} INFO - Processing /opt/airflow/dags/hadoop-2.7.3/share/hadoop/tools/lib/hadoop-archives-2.7.3.jar took 0.068 seconds
[2022-10-22T00:21:56.388+0000] {processor.py:156} INFO - Started process (PID=26290) to work on /opt/airflow/dags/hadoop-2.7.3/share/hadoop/tools/lib/hadoop-archives-2.7.3.jar
[2022-10-22T00:21:56.390+0000] {processor.py:758} INFO - Processing file /opt/airflow/dags/hadoop-2.7.3/share/hadoop/tools/lib/hadoop-archives-2.7.3.jar for tasks to queue
[2022-10-22T00:21:56.394+0000] {logging_mixin.py:117} INFO - [2022-10-22T00:21:56.393+0000] {dagbag.py:525} INFO - Filling up the DagBag from /opt/airflow/dags/hadoop-2.7.3/share/hadoop/tools/lib/hadoop-archives-2.7.3.jar
[2022-10-22T00:21:56.402+0000] {processor.py:770} WARNING - No viable dags retrieved from /opt/airflow/dags/hadoop-2.7.3/share/hadoop/tools/lib/hadoop-archives-2.7.3.jar
[2022-10-22T00:21:56.469+0000] {processor.py:178} INFO - Processing /opt/airflow/dags/hadoop-2.7.3/share/hadoop/tools/lib/hadoop-archives-2.7.3.jar took 0.091 seconds
[2022-10-22T00:22:52.678+0000] {processor.py:156} INFO - Started process (PID=26813) to work on /opt/airflow/dags/hadoop-2.7.3/share/hadoop/tools/lib/hadoop-archives-2.7.3.jar
[2022-10-22T00:22:52.681+0000] {processor.py:758} INFO - Processing file /opt/airflow/dags/hadoop-2.7.3/share/hadoop/tools/lib/hadoop-archives-2.7.3.jar for tasks to queue
[2022-10-22T00:22:52.684+0000] {logging_mixin.py:117} INFO - [2022-10-22T00:22:52.683+0000] {dagbag.py:525} INFO - Filling up the DagBag from /opt/airflow/dags/hadoop-2.7.3/share/hadoop/tools/lib/hadoop-archives-2.7.3.jar
[2022-10-22T00:22:52.700+0000] {processor.py:770} WARNING - No viable dags retrieved from /opt/airflow/dags/hadoop-2.7.3/share/hadoop/tools/lib/hadoop-archives-2.7.3.jar
[2022-10-22T00:22:52.744+0000] {processor.py:178} INFO - Processing /opt/airflow/dags/hadoop-2.7.3/share/hadoop/tools/lib/hadoop-archives-2.7.3.jar took 0.073 seconds
[2022-10-22T00:22:56.086+0000] {processor.py:156} INFO - Started process (PID=29387) to work on /opt/airflow/dags/hadoop-2.7.3/share/hadoop/tools/lib/hadoop-archives-2.7.3.jar
[2022-10-22T00:22:56.090+0000] {processor.py:758} INFO - Processing file /opt/airflow/dags/hadoop-2.7.3/share/hadoop/tools/lib/hadoop-archives-2.7.3.jar for tasks to queue
[2022-10-22T00:22:56.094+0000] {logging_mixin.py:117} INFO - [2022-10-22T00:22:56.093+0000] {dagbag.py:525} INFO - Filling up the DagBag from /opt/airflow/dags/hadoop-2.7.3/share/hadoop/tools/lib/hadoop-archives-2.7.3.jar
[2022-10-22T00:22:56.106+0000] {processor.py:770} WARNING - No viable dags retrieved from /opt/airflow/dags/hadoop-2.7.3/share/hadoop/tools/lib/hadoop-archives-2.7.3.jar
[2022-10-22T00:22:56.152+0000] {processor.py:178} INFO - Processing /opt/airflow/dags/hadoop-2.7.3/share/hadoop/tools/lib/hadoop-archives-2.7.3.jar took 0.101 seconds
[2022-10-22T00:23:39.076+0000] {processor.py:156} INFO - Started process (PID=29904) to work on /opt/airflow/dags/hadoop-2.7.3/share/hadoop/tools/lib/hadoop-archives-2.7.3.jar
[2022-10-22T00:23:39.078+0000] {processor.py:758} INFO - Processing file /opt/airflow/dags/hadoop-2.7.3/share/hadoop/tools/lib/hadoop-archives-2.7.3.jar for tasks to queue
[2022-10-22T00:23:39.079+0000] {logging_mixin.py:117} INFO - [2022-10-22T00:23:39.079+0000] {dagbag.py:525} INFO - Filling up the DagBag from /opt/airflow/dags/hadoop-2.7.3/share/hadoop/tools/lib/hadoop-archives-2.7.3.jar
[2022-10-22T00:23:39.083+0000] {processor.py:770} WARNING - No viable dags retrieved from /opt/airflow/dags/hadoop-2.7.3/share/hadoop/tools/lib/hadoop-archives-2.7.3.jar
[2022-10-22T00:23:39.105+0000] {processor.py:178} INFO - Processing /opt/airflow/dags/hadoop-2.7.3/share/hadoop/tools/lib/hadoop-archives-2.7.3.jar took 0.037 seconds
[2022-10-22T00:23:45.759+0000] {processor.py:156} INFO - Started process (PID=27395) to work on /opt/airflow/dags/hadoop-2.7.3/share/hadoop/tools/lib/hadoop-archives-2.7.3.jar
[2022-10-22T00:23:45.775+0000] {processor.py:758} INFO - Processing file /opt/airflow/dags/hadoop-2.7.3/share/hadoop/tools/lib/hadoop-archives-2.7.3.jar for tasks to queue
[2022-10-22T00:23:45.784+0000] {logging_mixin.py:117} INFO - [2022-10-22T00:23:45.783+0000] {dagbag.py:525} INFO - Filling up the DagBag from /opt/airflow/dags/hadoop-2.7.3/share/hadoop/tools/lib/hadoop-archives-2.7.3.jar
[2022-10-22T00:23:45.817+0000] {processor.py:770} WARNING - No viable dags retrieved from /opt/airflow/dags/hadoop-2.7.3/share/hadoop/tools/lib/hadoop-archives-2.7.3.jar
[2022-10-22T00:23:46.042+0000] {processor.py:178} INFO - Processing /opt/airflow/dags/hadoop-2.7.3/share/hadoop/tools/lib/hadoop-archives-2.7.3.jar took 0.327 seconds
