[2022-10-22T00:00:51.088+0000] {processor.py:156} INFO - Started process (PID=17029) to work on /opt/airflow/dags/hadoop-2.7.3/share/hadoop/tools/lib/httpclient-4.2.5.jar
[2022-10-22T00:00:51.092+0000] {processor.py:758} INFO - Processing file /opt/airflow/dags/hadoop-2.7.3/share/hadoop/tools/lib/httpclient-4.2.5.jar for tasks to queue
[2022-10-22T00:00:51.096+0000] {logging_mixin.py:117} INFO - [2022-10-22T00:00:51.094+0000] {dagbag.py:525} INFO - Filling up the DagBag from /opt/airflow/dags/hadoop-2.7.3/share/hadoop/tools/lib/httpclient-4.2.5.jar
[2022-10-22T00:00:51.122+0000] {processor.py:770} WARNING - No viable dags retrieved from /opt/airflow/dags/hadoop-2.7.3/share/hadoop/tools/lib/httpclient-4.2.5.jar
[2022-10-22T00:00:51.191+0000] {processor.py:178} INFO - Processing /opt/airflow/dags/hadoop-2.7.3/share/hadoop/tools/lib/httpclient-4.2.5.jar took 0.116 seconds
[2022-10-22T00:01:59.589+0000] {processor.py:156} INFO - Started process (PID=19875) to work on /opt/airflow/dags/hadoop-2.7.3/share/hadoop/tools/lib/httpclient-4.2.5.jar
[2022-10-22T00:01:59.592+0000] {processor.py:758} INFO - Processing file /opt/airflow/dags/hadoop-2.7.3/share/hadoop/tools/lib/httpclient-4.2.5.jar for tasks to queue
[2022-10-22T00:01:59.595+0000] {logging_mixin.py:117} INFO - [2022-10-22T00:01:59.594+0000] {dagbag.py:525} INFO - Filling up the DagBag from /opt/airflow/dags/hadoop-2.7.3/share/hadoop/tools/lib/httpclient-4.2.5.jar
[2022-10-22T00:01:59.659+0000] {processor.py:770} WARNING - No viable dags retrieved from /opt/airflow/dags/hadoop-2.7.3/share/hadoop/tools/lib/httpclient-4.2.5.jar
[2022-10-22T00:01:59.731+0000] {processor.py:178} INFO - Processing /opt/airflow/dags/hadoop-2.7.3/share/hadoop/tools/lib/httpclient-4.2.5.jar took 0.160 seconds
[2022-10-22T00:02:11.804+0000] {processor.py:156} INFO - Started process (PID=17623) to work on /opt/airflow/dags/hadoop-2.7.3/share/hadoop/tools/lib/httpclient-4.2.5.jar
[2022-10-22T00:02:11.815+0000] {processor.py:758} INFO - Processing file /opt/airflow/dags/hadoop-2.7.3/share/hadoop/tools/lib/httpclient-4.2.5.jar for tasks to queue
[2022-10-22T00:02:11.819+0000] {logging_mixin.py:117} INFO - [2022-10-22T00:02:11.819+0000] {dagbag.py:525} INFO - Filling up the DagBag from /opt/airflow/dags/hadoop-2.7.3/share/hadoop/tools/lib/httpclient-4.2.5.jar
[2022-10-22T00:02:11.848+0000] {processor.py:770} WARNING - No viable dags retrieved from /opt/airflow/dags/hadoop-2.7.3/share/hadoop/tools/lib/httpclient-4.2.5.jar
[2022-10-22T00:02:11.925+0000] {processor.py:178} INFO - Processing /opt/airflow/dags/hadoop-2.7.3/share/hadoop/tools/lib/httpclient-4.2.5.jar took 0.151 seconds
[2022-10-22T00:03:32.753+0000] {processor.py:156} INFO - Started process (PID=20428) to work on /opt/airflow/dags/hadoop-2.7.3/share/hadoop/tools/lib/httpclient-4.2.5.jar
[2022-10-22T00:03:32.756+0000] {processor.py:758} INFO - Processing file /opt/airflow/dags/hadoop-2.7.3/share/hadoop/tools/lib/httpclient-4.2.5.jar for tasks to queue
[2022-10-22T00:03:32.758+0000] {logging_mixin.py:117} INFO - [2022-10-22T00:03:32.758+0000] {dagbag.py:525} INFO - Filling up the DagBag from /opt/airflow/dags/hadoop-2.7.3/share/hadoop/tools/lib/httpclient-4.2.5.jar
[2022-10-22T00:03:32.775+0000] {processor.py:770} WARNING - No viable dags retrieved from /opt/airflow/dags/hadoop-2.7.3/share/hadoop/tools/lib/httpclient-4.2.5.jar
[2022-10-22T00:03:32.803+0000] {processor.py:178} INFO - Processing /opt/airflow/dags/hadoop-2.7.3/share/hadoop/tools/lib/httpclient-4.2.5.jar took 0.058 seconds
[2022-10-22T00:03:56.182+0000] {processor.py:156} INFO - Started process (PID=18271) to work on /opt/airflow/dags/hadoop-2.7.3/share/hadoop/tools/lib/httpclient-4.2.5.jar
[2022-10-22T00:03:56.186+0000] {processor.py:758} INFO - Processing file /opt/airflow/dags/hadoop-2.7.3/share/hadoop/tools/lib/httpclient-4.2.5.jar for tasks to queue
[2022-10-22T00:03:56.190+0000] {logging_mixin.py:117} INFO - [2022-10-22T00:03:56.189+0000] {dagbag.py:525} INFO - Filling up the DagBag from /opt/airflow/dags/hadoop-2.7.3/share/hadoop/tools/lib/httpclient-4.2.5.jar
[2022-10-22T00:03:56.245+0000] {processor.py:770} WARNING - No viable dags retrieved from /opt/airflow/dags/hadoop-2.7.3/share/hadoop/tools/lib/httpclient-4.2.5.jar
[2022-10-22T00:03:56.365+0000] {processor.py:178} INFO - Processing /opt/airflow/dags/hadoop-2.7.3/share/hadoop/tools/lib/httpclient-4.2.5.jar took 0.220 seconds
[2022-10-22T00:04:46.793+0000] {processor.py:156} INFO - Started process (PID=21115) to work on /opt/airflow/dags/hadoop-2.7.3/share/hadoop/tools/lib/httpclient-4.2.5.jar
[2022-10-22T00:04:46.797+0000] {processor.py:758} INFO - Processing file /opt/airflow/dags/hadoop-2.7.3/share/hadoop/tools/lib/httpclient-4.2.5.jar for tasks to queue
[2022-10-22T00:04:46.807+0000] {logging_mixin.py:117} INFO - [2022-10-22T00:04:46.806+0000] {dagbag.py:525} INFO - Filling up the DagBag from /opt/airflow/dags/hadoop-2.7.3/share/hadoop/tools/lib/httpclient-4.2.5.jar
[2022-10-22T00:04:46.851+0000] {processor.py:770} WARNING - No viable dags retrieved from /opt/airflow/dags/hadoop-2.7.3/share/hadoop/tools/lib/httpclient-4.2.5.jar
[2022-10-22T00:04:46.909+0000] {processor.py:178} INFO - Processing /opt/airflow/dags/hadoop-2.7.3/share/hadoop/tools/lib/httpclient-4.2.5.jar took 0.124 seconds
[2022-10-22T00:04:56.302+0000] {processor.py:156} INFO - Started process (PID=18796) to work on /opt/airflow/dags/hadoop-2.7.3/share/hadoop/tools/lib/httpclient-4.2.5.jar
[2022-10-22T00:04:56.308+0000] {processor.py:758} INFO - Processing file /opt/airflow/dags/hadoop-2.7.3/share/hadoop/tools/lib/httpclient-4.2.5.jar for tasks to queue
[2022-10-22T00:04:56.315+0000] {logging_mixin.py:117} INFO - [2022-10-22T00:04:56.312+0000] {dagbag.py:525} INFO - Filling up the DagBag from /opt/airflow/dags/hadoop-2.7.3/share/hadoop/tools/lib/httpclient-4.2.5.jar
[2022-10-22T00:04:56.366+0000] {processor.py:770} WARNING - No viable dags retrieved from /opt/airflow/dags/hadoop-2.7.3/share/hadoop/tools/lib/httpclient-4.2.5.jar
[2022-10-22T00:04:56.446+0000] {processor.py:178} INFO - Processing /opt/airflow/dags/hadoop-2.7.3/share/hadoop/tools/lib/httpclient-4.2.5.jar took 0.161 seconds
[2022-10-22T00:05:36.907+0000] {processor.py:156} INFO - Started process (PID=21616) to work on /opt/airflow/dags/hadoop-2.7.3/share/hadoop/tools/lib/httpclient-4.2.5.jar
[2022-10-22T00:05:36.911+0000] {processor.py:758} INFO - Processing file /opt/airflow/dags/hadoop-2.7.3/share/hadoop/tools/lib/httpclient-4.2.5.jar for tasks to queue
[2022-10-22T00:05:36.914+0000] {logging_mixin.py:117} INFO - [2022-10-22T00:05:36.913+0000] {dagbag.py:525} INFO - Filling up the DagBag from /opt/airflow/dags/hadoop-2.7.3/share/hadoop/tools/lib/httpclient-4.2.5.jar
[2022-10-22T00:05:36.949+0000] {processor.py:770} WARNING - No viable dags retrieved from /opt/airflow/dags/hadoop-2.7.3/share/hadoop/tools/lib/httpclient-4.2.5.jar
[2022-10-22T00:05:37.044+0000] {processor.py:178} INFO - Processing /opt/airflow/dags/hadoop-2.7.3/share/hadoop/tools/lib/httpclient-4.2.5.jar took 0.149 seconds
[2022-10-22T00:05:48.420+0000] {processor.py:156} INFO - Started process (PID=19314) to work on /opt/airflow/dags/hadoop-2.7.3/share/hadoop/tools/lib/httpclient-4.2.5.jar
[2022-10-22T00:05:48.426+0000] {processor.py:758} INFO - Processing file /opt/airflow/dags/hadoop-2.7.3/share/hadoop/tools/lib/httpclient-4.2.5.jar for tasks to queue
[2022-10-22T00:05:48.429+0000] {logging_mixin.py:117} INFO - [2022-10-22T00:05:48.429+0000] {dagbag.py:525} INFO - Filling up the DagBag from /opt/airflow/dags/hadoop-2.7.3/share/hadoop/tools/lib/httpclient-4.2.5.jar
[2022-10-22T00:05:48.456+0000] {processor.py:770} WARNING - No viable dags retrieved from /opt/airflow/dags/hadoop-2.7.3/share/hadoop/tools/lib/httpclient-4.2.5.jar
[2022-10-22T00:05:48.500+0000] {processor.py:178} INFO - Processing /opt/airflow/dags/hadoop-2.7.3/share/hadoop/tools/lib/httpclient-4.2.5.jar took 0.096 seconds
[2022-10-22T00:06:43.644+0000] {processor.py:156} INFO - Started process (PID=19836) to work on /opt/airflow/dags/hadoop-2.7.3/share/hadoop/tools/lib/httpclient-4.2.5.jar
[2022-10-22T00:06:43.647+0000] {processor.py:758} INFO - Processing file /opt/airflow/dags/hadoop-2.7.3/share/hadoop/tools/lib/httpclient-4.2.5.jar for tasks to queue
[2022-10-22T00:06:43.653+0000] {logging_mixin.py:117} INFO - [2022-10-22T00:06:43.652+0000] {dagbag.py:525} INFO - Filling up the DagBag from /opt/airflow/dags/hadoop-2.7.3/share/hadoop/tools/lib/httpclient-4.2.5.jar
[2022-10-22T00:06:43.668+0000] {processor.py:770} WARNING - No viable dags retrieved from /opt/airflow/dags/hadoop-2.7.3/share/hadoop/tools/lib/httpclient-4.2.5.jar
[2022-10-22T00:06:43.743+0000] {processor.py:178} INFO - Processing /opt/airflow/dags/hadoop-2.7.3/share/hadoop/tools/lib/httpclient-4.2.5.jar took 0.112 seconds
[2022-10-22T00:06:44.423+0000] {processor.py:156} INFO - Started process (PID=22284) to work on /opt/airflow/dags/hadoop-2.7.3/share/hadoop/tools/lib/httpclient-4.2.5.jar
[2022-10-22T00:06:44.425+0000] {processor.py:758} INFO - Processing file /opt/airflow/dags/hadoop-2.7.3/share/hadoop/tools/lib/httpclient-4.2.5.jar for tasks to queue
[2022-10-22T00:06:44.428+0000] {logging_mixin.py:117} INFO - [2022-10-22T00:06:44.427+0000] {dagbag.py:525} INFO - Filling up the DagBag from /opt/airflow/dags/hadoop-2.7.3/share/hadoop/tools/lib/httpclient-4.2.5.jar
[2022-10-22T00:06:44.451+0000] {processor.py:770} WARNING - No viable dags retrieved from /opt/airflow/dags/hadoop-2.7.3/share/hadoop/tools/lib/httpclient-4.2.5.jar
[2022-10-22T00:06:44.518+0000] {processor.py:178} INFO - Processing /opt/airflow/dags/hadoop-2.7.3/share/hadoop/tools/lib/httpclient-4.2.5.jar took 0.102 seconds
[2022-10-22T00:07:47.643+0000] {processor.py:156} INFO - Started process (PID=22914) to work on /opt/airflow/dags/hadoop-2.7.3/share/hadoop/tools/lib/httpclient-4.2.5.jar
[2022-10-22T00:07:47.649+0000] {processor.py:758} INFO - Processing file /opt/airflow/dags/hadoop-2.7.3/share/hadoop/tools/lib/httpclient-4.2.5.jar for tasks to queue
[2022-10-22T00:07:47.655+0000] {logging_mixin.py:117} INFO - [2022-10-22T00:07:47.653+0000] {dagbag.py:525} INFO - Filling up the DagBag from /opt/airflow/dags/hadoop-2.7.3/share/hadoop/tools/lib/httpclient-4.2.5.jar
[2022-10-22T00:07:47.706+0000] {processor.py:770} WARNING - No viable dags retrieved from /opt/airflow/dags/hadoop-2.7.3/share/hadoop/tools/lib/httpclient-4.2.5.jar
[2022-10-22T00:07:47.760+0000] {processor.py:178} INFO - Processing /opt/airflow/dags/hadoop-2.7.3/share/hadoop/tools/lib/httpclient-4.2.5.jar took 0.144 seconds
[2022-10-22T00:08:30.860+0000] {processor.py:156} INFO - Started process (PID=20511) to work on /opt/airflow/dags/hadoop-2.7.3/share/hadoop/tools/lib/httpclient-4.2.5.jar
[2022-10-22T00:08:30.865+0000] {processor.py:758} INFO - Processing file /opt/airflow/dags/hadoop-2.7.3/share/hadoop/tools/lib/httpclient-4.2.5.jar for tasks to queue
[2022-10-22T00:08:30.868+0000] {logging_mixin.py:117} INFO - [2022-10-22T00:08:30.868+0000] {dagbag.py:525} INFO - Filling up the DagBag from /opt/airflow/dags/hadoop-2.7.3/share/hadoop/tools/lib/httpclient-4.2.5.jar
[2022-10-22T00:08:30.888+0000] {processor.py:770} WARNING - No viable dags retrieved from /opt/airflow/dags/hadoop-2.7.3/share/hadoop/tools/lib/httpclient-4.2.5.jar
[2022-10-22T00:08:30.927+0000] {processor.py:178} INFO - Processing /opt/airflow/dags/hadoop-2.7.3/share/hadoop/tools/lib/httpclient-4.2.5.jar took 0.079 seconds
[2022-10-22T00:09:23.392+0000] {processor.py:156} INFO - Started process (PID=23458) to work on /opt/airflow/dags/hadoop-2.7.3/share/hadoop/tools/lib/httpclient-4.2.5.jar
[2022-10-22T00:09:23.397+0000] {processor.py:758} INFO - Processing file /opt/airflow/dags/hadoop-2.7.3/share/hadoop/tools/lib/httpclient-4.2.5.jar for tasks to queue
[2022-10-22T00:09:23.400+0000] {logging_mixin.py:117} INFO - [2022-10-22T00:09:23.399+0000] {dagbag.py:525} INFO - Filling up the DagBag from /opt/airflow/dags/hadoop-2.7.3/share/hadoop/tools/lib/httpclient-4.2.5.jar
[2022-10-22T00:09:23.419+0000] {processor.py:770} WARNING - No viable dags retrieved from /opt/airflow/dags/hadoop-2.7.3/share/hadoop/tools/lib/httpclient-4.2.5.jar
[2022-10-22T00:09:23.476+0000] {processor.py:178} INFO - Processing /opt/airflow/dags/hadoop-2.7.3/share/hadoop/tools/lib/httpclient-4.2.5.jar took 0.099 seconds
[2022-10-22T00:09:41.360+0000] {processor.py:156} INFO - Started process (PID=21140) to work on /opt/airflow/dags/hadoop-2.7.3/share/hadoop/tools/lib/httpclient-4.2.5.jar
[2022-10-22T00:09:41.363+0000] {processor.py:758} INFO - Processing file /opt/airflow/dags/hadoop-2.7.3/share/hadoop/tools/lib/httpclient-4.2.5.jar for tasks to queue
[2022-10-22T00:09:41.366+0000] {logging_mixin.py:117} INFO - [2022-10-22T00:09:41.365+0000] {dagbag.py:525} INFO - Filling up the DagBag from /opt/airflow/dags/hadoop-2.7.3/share/hadoop/tools/lib/httpclient-4.2.5.jar
[2022-10-22T00:09:41.382+0000] {processor.py:770} WARNING - No viable dags retrieved from /opt/airflow/dags/hadoop-2.7.3/share/hadoop/tools/lib/httpclient-4.2.5.jar
[2022-10-22T00:09:41.413+0000] {processor.py:178} INFO - Processing /opt/airflow/dags/hadoop-2.7.3/share/hadoop/tools/lib/httpclient-4.2.5.jar took 0.063 seconds
[2022-10-22T00:11:34.536+0000] {processor.py:156} INFO - Started process (PID=24169) to work on /opt/airflow/dags/hadoop-2.7.3/share/hadoop/tools/lib/httpclient-4.2.5.jar
[2022-10-22T00:11:34.539+0000] {processor.py:758} INFO - Processing file /opt/airflow/dags/hadoop-2.7.3/share/hadoop/tools/lib/httpclient-4.2.5.jar for tasks to queue
[2022-10-22T00:11:34.541+0000] {logging_mixin.py:117} INFO - [2022-10-22T00:11:34.540+0000] {dagbag.py:525} INFO - Filling up the DagBag from /opt/airflow/dags/hadoop-2.7.3/share/hadoop/tools/lib/httpclient-4.2.5.jar
[2022-10-22T00:11:34.557+0000] {processor.py:770} WARNING - No viable dags retrieved from /opt/airflow/dags/hadoop-2.7.3/share/hadoop/tools/lib/httpclient-4.2.5.jar
[2022-10-22T00:11:34.595+0000] {processor.py:178} INFO - Processing /opt/airflow/dags/hadoop-2.7.3/share/hadoop/tools/lib/httpclient-4.2.5.jar took 0.066 seconds
[2022-10-22T00:11:41.378+0000] {processor.py:156} INFO - Started process (PID=21754) to work on /opt/airflow/dags/hadoop-2.7.3/share/hadoop/tools/lib/httpclient-4.2.5.jar
[2022-10-22T00:11:41.380+0000] {processor.py:758} INFO - Processing file /opt/airflow/dags/hadoop-2.7.3/share/hadoop/tools/lib/httpclient-4.2.5.jar for tasks to queue
[2022-10-22T00:11:41.383+0000] {logging_mixin.py:117} INFO - [2022-10-22T00:11:41.383+0000] {dagbag.py:525} INFO - Filling up the DagBag from /opt/airflow/dags/hadoop-2.7.3/share/hadoop/tools/lib/httpclient-4.2.5.jar
[2022-10-22T00:11:41.405+0000] {processor.py:770} WARNING - No viable dags retrieved from /opt/airflow/dags/hadoop-2.7.3/share/hadoop/tools/lib/httpclient-4.2.5.jar
[2022-10-22T00:11:41.448+0000] {processor.py:178} INFO - Processing /opt/airflow/dags/hadoop-2.7.3/share/hadoop/tools/lib/httpclient-4.2.5.jar took 0.076 seconds
[2022-10-22T00:12:21.288+0000] {processor.py:156} INFO - Started process (PID=24686) to work on /opt/airflow/dags/hadoop-2.7.3/share/hadoop/tools/lib/httpclient-4.2.5.jar
[2022-10-22T00:12:21.294+0000] {processor.py:758} INFO - Processing file /opt/airflow/dags/hadoop-2.7.3/share/hadoop/tools/lib/httpclient-4.2.5.jar for tasks to queue
[2022-10-22T00:12:21.297+0000] {logging_mixin.py:117} INFO - [2022-10-22T00:12:21.297+0000] {dagbag.py:525} INFO - Filling up the DagBag from /opt/airflow/dags/hadoop-2.7.3/share/hadoop/tools/lib/httpclient-4.2.5.jar
[2022-10-22T00:12:21.324+0000] {processor.py:770} WARNING - No viable dags retrieved from /opt/airflow/dags/hadoop-2.7.3/share/hadoop/tools/lib/httpclient-4.2.5.jar
[2022-10-22T00:12:21.365+0000] {processor.py:178} INFO - Processing /opt/airflow/dags/hadoop-2.7.3/share/hadoop/tools/lib/httpclient-4.2.5.jar took 0.088 seconds
[2022-10-22T00:12:31.828+0000] {processor.py:156} INFO - Started process (PID=22281) to work on /opt/airflow/dags/hadoop-2.7.3/share/hadoop/tools/lib/httpclient-4.2.5.jar
[2022-10-22T00:12:31.843+0000] {processor.py:758} INFO - Processing file /opt/airflow/dags/hadoop-2.7.3/share/hadoop/tools/lib/httpclient-4.2.5.jar for tasks to queue
[2022-10-22T00:12:31.846+0000] {logging_mixin.py:117} INFO - [2022-10-22T00:12:31.845+0000] {dagbag.py:525} INFO - Filling up the DagBag from /opt/airflow/dags/hadoop-2.7.3/share/hadoop/tools/lib/httpclient-4.2.5.jar
[2022-10-22T00:12:31.869+0000] {processor.py:770} WARNING - No viable dags retrieved from /opt/airflow/dags/hadoop-2.7.3/share/hadoop/tools/lib/httpclient-4.2.5.jar
[2022-10-22T00:12:31.950+0000] {processor.py:178} INFO - Processing /opt/airflow/dags/hadoop-2.7.3/share/hadoop/tools/lib/httpclient-4.2.5.jar took 0.137 seconds
[2022-10-22T00:15:33.842+0000] {processor.py:156} INFO - Started process (PID=22767) to work on /opt/airflow/dags/hadoop-2.7.3/share/hadoop/tools/lib/httpclient-4.2.5.jar
[2022-10-22T00:15:33.845+0000] {processor.py:758} INFO - Processing file /opt/airflow/dags/hadoop-2.7.3/share/hadoop/tools/lib/httpclient-4.2.5.jar for tasks to queue
[2022-10-22T00:15:33.847+0000] {logging_mixin.py:117} INFO - [2022-10-22T00:15:33.846+0000] {dagbag.py:525} INFO - Filling up the DagBag from /opt/airflow/dags/hadoop-2.7.3/share/hadoop/tools/lib/httpclient-4.2.5.jar
[2022-10-22T00:15:33.861+0000] {processor.py:770} WARNING - No viable dags retrieved from /opt/airflow/dags/hadoop-2.7.3/share/hadoop/tools/lib/httpclient-4.2.5.jar
[2022-10-22T00:15:33.898+0000] {processor.py:178} INFO - Processing /opt/airflow/dags/hadoop-2.7.3/share/hadoop/tools/lib/httpclient-4.2.5.jar took 0.063 seconds
[2022-10-22T00:15:47.127+0000] {processor.py:156} INFO - Started process (PID=25330) to work on /opt/airflow/dags/hadoop-2.7.3/share/hadoop/tools/lib/httpclient-4.2.5.jar
[2022-10-22T00:15:47.131+0000] {processor.py:758} INFO - Processing file /opt/airflow/dags/hadoop-2.7.3/share/hadoop/tools/lib/httpclient-4.2.5.jar for tasks to queue
[2022-10-22T00:15:47.134+0000] {logging_mixin.py:117} INFO - [2022-10-22T00:15:47.134+0000] {dagbag.py:525} INFO - Filling up the DagBag from /opt/airflow/dags/hadoop-2.7.3/share/hadoop/tools/lib/httpclient-4.2.5.jar
[2022-10-22T00:15:47.159+0000] {processor.py:770} WARNING - No viable dags retrieved from /opt/airflow/dags/hadoop-2.7.3/share/hadoop/tools/lib/httpclient-4.2.5.jar
[2022-10-22T00:15:47.241+0000] {processor.py:178} INFO - Processing /opt/airflow/dags/hadoop-2.7.3/share/hadoop/tools/lib/httpclient-4.2.5.jar took 0.127 seconds
[2022-10-22T00:16:22.124+0000] {processor.py:156} INFO - Started process (PID=23292) to work on /opt/airflow/dags/hadoop-2.7.3/share/hadoop/tools/lib/httpclient-4.2.5.jar
[2022-10-22T00:16:22.127+0000] {processor.py:758} INFO - Processing file /opt/airflow/dags/hadoop-2.7.3/share/hadoop/tools/lib/httpclient-4.2.5.jar for tasks to queue
[2022-10-22T00:16:22.129+0000] {logging_mixin.py:117} INFO - [2022-10-22T00:16:22.129+0000] {dagbag.py:525} INFO - Filling up the DagBag from /opt/airflow/dags/hadoop-2.7.3/share/hadoop/tools/lib/httpclient-4.2.5.jar
[2022-10-22T00:16:22.146+0000] {processor.py:770} WARNING - No viable dags retrieved from /opt/airflow/dags/hadoop-2.7.3/share/hadoop/tools/lib/httpclient-4.2.5.jar
[2022-10-22T00:16:22.218+0000] {processor.py:178} INFO - Processing /opt/airflow/dags/hadoop-2.7.3/share/hadoop/tools/lib/httpclient-4.2.5.jar took 0.105 seconds
[2022-10-22T00:16:34.662+0000] {processor.py:156} INFO - Started process (PID=25860) to work on /opt/airflow/dags/hadoop-2.7.3/share/hadoop/tools/lib/httpclient-4.2.5.jar
[2022-10-22T00:16:34.669+0000] {processor.py:758} INFO - Processing file /opt/airflow/dags/hadoop-2.7.3/share/hadoop/tools/lib/httpclient-4.2.5.jar for tasks to queue
[2022-10-22T00:16:34.671+0000] {logging_mixin.py:117} INFO - [2022-10-22T00:16:34.671+0000] {dagbag.py:525} INFO - Filling up the DagBag from /opt/airflow/dags/hadoop-2.7.3/share/hadoop/tools/lib/httpclient-4.2.5.jar
[2022-10-22T00:16:34.686+0000] {processor.py:770} WARNING - No viable dags retrieved from /opt/airflow/dags/hadoop-2.7.3/share/hadoop/tools/lib/httpclient-4.2.5.jar
[2022-10-22T00:16:34.710+0000] {processor.py:178} INFO - Processing /opt/airflow/dags/hadoop-2.7.3/share/hadoop/tools/lib/httpclient-4.2.5.jar took 0.059 seconds
[2022-10-22T00:17:13.100+0000] {processor.py:156} INFO - Started process (PID=23818) to work on /opt/airflow/dags/hadoop-2.7.3/share/hadoop/tools/lib/httpclient-4.2.5.jar
[2022-10-22T00:17:13.109+0000] {processor.py:758} INFO - Processing file /opt/airflow/dags/hadoop-2.7.3/share/hadoop/tools/lib/httpclient-4.2.5.jar for tasks to queue
[2022-10-22T00:17:13.114+0000] {logging_mixin.py:117} INFO - [2022-10-22T00:17:13.114+0000] {dagbag.py:525} INFO - Filling up the DagBag from /opt/airflow/dags/hadoop-2.7.3/share/hadoop/tools/lib/httpclient-4.2.5.jar
[2022-10-22T00:17:13.143+0000] {processor.py:770} WARNING - No viable dags retrieved from /opt/airflow/dags/hadoop-2.7.3/share/hadoop/tools/lib/httpclient-4.2.5.jar
[2022-10-22T00:17:13.205+0000] {processor.py:178} INFO - Processing /opt/airflow/dags/hadoop-2.7.3/share/hadoop/tools/lib/httpclient-4.2.5.jar took 0.122 seconds
[2022-10-22T00:17:30.439+0000] {processor.py:156} INFO - Started process (PID=26450) to work on /opt/airflow/dags/hadoop-2.7.3/share/hadoop/tools/lib/httpclient-4.2.5.jar
[2022-10-22T00:17:30.446+0000] {processor.py:758} INFO - Processing file /opt/airflow/dags/hadoop-2.7.3/share/hadoop/tools/lib/httpclient-4.2.5.jar for tasks to queue
[2022-10-22T00:17:30.448+0000] {logging_mixin.py:117} INFO - [2022-10-22T00:17:30.448+0000] {dagbag.py:525} INFO - Filling up the DagBag from /opt/airflow/dags/hadoop-2.7.3/share/hadoop/tools/lib/httpclient-4.2.5.jar
[2022-10-22T00:17:30.484+0000] {processor.py:770} WARNING - No viable dags retrieved from /opt/airflow/dags/hadoop-2.7.3/share/hadoop/tools/lib/httpclient-4.2.5.jar
[2022-10-22T00:17:30.513+0000] {processor.py:178} INFO - Processing /opt/airflow/dags/hadoop-2.7.3/share/hadoop/tools/lib/httpclient-4.2.5.jar took 0.087 seconds
[2022-10-22T00:18:12.903+0000] {processor.py:156} INFO - Started process (PID=24435) to work on /opt/airflow/dags/hadoop-2.7.3/share/hadoop/tools/lib/httpclient-4.2.5.jar
[2022-10-22T00:18:12.908+0000] {processor.py:758} INFO - Processing file /opt/airflow/dags/hadoop-2.7.3/share/hadoop/tools/lib/httpclient-4.2.5.jar for tasks to queue
[2022-10-22T00:18:12.910+0000] {logging_mixin.py:117} INFO - [2022-10-22T00:18:12.910+0000] {dagbag.py:525} INFO - Filling up the DagBag from /opt/airflow/dags/hadoop-2.7.3/share/hadoop/tools/lib/httpclient-4.2.5.jar
[2022-10-22T00:18:12.929+0000] {processor.py:770} WARNING - No viable dags retrieved from /opt/airflow/dags/hadoop-2.7.3/share/hadoop/tools/lib/httpclient-4.2.5.jar
[2022-10-22T00:18:12.966+0000] {processor.py:178} INFO - Processing /opt/airflow/dags/hadoop-2.7.3/share/hadoop/tools/lib/httpclient-4.2.5.jar took 0.071 seconds
[2022-10-22T00:18:17.936+0000] {processor.py:156} INFO - Started process (PID=26972) to work on /opt/airflow/dags/hadoop-2.7.3/share/hadoop/tools/lib/httpclient-4.2.5.jar
[2022-10-22T00:18:17.938+0000] {processor.py:758} INFO - Processing file /opt/airflow/dags/hadoop-2.7.3/share/hadoop/tools/lib/httpclient-4.2.5.jar for tasks to queue
[2022-10-22T00:18:17.940+0000] {logging_mixin.py:117} INFO - [2022-10-22T00:18:17.940+0000] {dagbag.py:525} INFO - Filling up the DagBag from /opt/airflow/dags/hadoop-2.7.3/share/hadoop/tools/lib/httpclient-4.2.5.jar
[2022-10-22T00:18:17.961+0000] {processor.py:770} WARNING - No viable dags retrieved from /opt/airflow/dags/hadoop-2.7.3/share/hadoop/tools/lib/httpclient-4.2.5.jar
[2022-10-22T00:18:18.014+0000] {processor.py:178} INFO - Processing /opt/airflow/dags/hadoop-2.7.3/share/hadoop/tools/lib/httpclient-4.2.5.jar took 0.085 seconds
[2022-10-22T00:19:11.849+0000] {processor.py:156} INFO - Started process (PID=25047) to work on /opt/airflow/dags/hadoop-2.7.3/share/hadoop/tools/lib/httpclient-4.2.5.jar
[2022-10-22T00:19:11.853+0000] {processor.py:758} INFO - Processing file /opt/airflow/dags/hadoop-2.7.3/share/hadoop/tools/lib/httpclient-4.2.5.jar for tasks to queue
[2022-10-22T00:19:11.857+0000] {logging_mixin.py:117} INFO - [2022-10-22T00:19:11.856+0000] {dagbag.py:525} INFO - Filling up the DagBag from /opt/airflow/dags/hadoop-2.7.3/share/hadoop/tools/lib/httpclient-4.2.5.jar
[2022-10-22T00:19:11.884+0000] {processor.py:770} WARNING - No viable dags retrieved from /opt/airflow/dags/hadoop-2.7.3/share/hadoop/tools/lib/httpclient-4.2.5.jar
[2022-10-22T00:19:11.884+0000] {processor.py:156} INFO - Started process (PID=27538) to work on /opt/airflow/dags/hadoop-2.7.3/share/hadoop/tools/lib/httpclient-4.2.5.jar
[2022-10-22T00:19:11.890+0000] {processor.py:758} INFO - Processing file /opt/airflow/dags/hadoop-2.7.3/share/hadoop/tools/lib/httpclient-4.2.5.jar for tasks to queue
[2022-10-22T00:19:11.893+0000] {logging_mixin.py:117} INFO - [2022-10-22T00:19:11.893+0000] {dagbag.py:525} INFO - Filling up the DagBag from /opt/airflow/dags/hadoop-2.7.3/share/hadoop/tools/lib/httpclient-4.2.5.jar
[2022-10-22T00:19:11.910+0000] {processor.py:770} WARNING - No viable dags retrieved from /opt/airflow/dags/hadoop-2.7.3/share/hadoop/tools/lib/httpclient-4.2.5.jar
[2022-10-22T00:19:11.939+0000] {processor.py:178} INFO - Processing /opt/airflow/dags/hadoop-2.7.3/share/hadoop/tools/lib/httpclient-4.2.5.jar took 0.069 seconds
[2022-10-22T00:19:11.946+0000] {processor.py:178} INFO - Processing /opt/airflow/dags/hadoop-2.7.3/share/hadoop/tools/lib/httpclient-4.2.5.jar took 0.112 seconds
[2022-10-22T00:20:50.225+0000] {processor.py:156} INFO - Started process (PID=25678) to work on /opt/airflow/dags/hadoop-2.7.3/share/hadoop/tools/lib/httpclient-4.2.5.jar
[2022-10-22T00:20:50.228+0000] {processor.py:758} INFO - Processing file /opt/airflow/dags/hadoop-2.7.3/share/hadoop/tools/lib/httpclient-4.2.5.jar for tasks to queue
[2022-10-22T00:20:50.230+0000] {logging_mixin.py:117} INFO - [2022-10-22T00:20:50.230+0000] {dagbag.py:525} INFO - Filling up the DagBag from /opt/airflow/dags/hadoop-2.7.3/share/hadoop/tools/lib/httpclient-4.2.5.jar
[2022-10-22T00:20:50.256+0000] {processor.py:770} WARNING - No viable dags retrieved from /opt/airflow/dags/hadoop-2.7.3/share/hadoop/tools/lib/httpclient-4.2.5.jar
[2022-10-22T00:20:50.299+0000] {processor.py:178} INFO - Processing /opt/airflow/dags/hadoop-2.7.3/share/hadoop/tools/lib/httpclient-4.2.5.jar took 0.087 seconds
[2022-10-22T00:20:53.205+0000] {processor.py:156} INFO - Started process (PID=28226) to work on /opt/airflow/dags/hadoop-2.7.3/share/hadoop/tools/lib/httpclient-4.2.5.jar
[2022-10-22T00:20:53.223+0000] {processor.py:758} INFO - Processing file /opt/airflow/dags/hadoop-2.7.3/share/hadoop/tools/lib/httpclient-4.2.5.jar for tasks to queue
[2022-10-22T00:20:53.226+0000] {logging_mixin.py:117} INFO - [2022-10-22T00:20:53.225+0000] {dagbag.py:525} INFO - Filling up the DagBag from /opt/airflow/dags/hadoop-2.7.3/share/hadoop/tools/lib/httpclient-4.2.5.jar
[2022-10-22T00:20:53.264+0000] {processor.py:770} WARNING - No viable dags retrieved from /opt/airflow/dags/hadoop-2.7.3/share/hadoop/tools/lib/httpclient-4.2.5.jar
[2022-10-22T00:20:53.343+0000] {processor.py:178} INFO - Processing /opt/airflow/dags/hadoop-2.7.3/share/hadoop/tools/lib/httpclient-4.2.5.jar took 0.152 seconds
[2022-10-22T00:21:47.063+0000] {processor.py:156} INFO - Started process (PID=28750) to work on /opt/airflow/dags/hadoop-2.7.3/share/hadoop/tools/lib/httpclient-4.2.5.jar
[2022-10-22T00:21:47.068+0000] {processor.py:758} INFO - Processing file /opt/airflow/dags/hadoop-2.7.3/share/hadoop/tools/lib/httpclient-4.2.5.jar for tasks to queue
[2022-10-22T00:21:47.070+0000] {logging_mixin.py:117} INFO - [2022-10-22T00:21:47.070+0000] {dagbag.py:525} INFO - Filling up the DagBag from /opt/airflow/dags/hadoop-2.7.3/share/hadoop/tools/lib/httpclient-4.2.5.jar
[2022-10-22T00:21:47.091+0000] {processor.py:770} WARNING - No viable dags retrieved from /opt/airflow/dags/hadoop-2.7.3/share/hadoop/tools/lib/httpclient-4.2.5.jar
[2022-10-22T00:21:47.146+0000] {processor.py:178} INFO - Processing /opt/airflow/dags/hadoop-2.7.3/share/hadoop/tools/lib/httpclient-4.2.5.jar took 0.093 seconds
[2022-10-22T00:21:57.811+0000] {processor.py:156} INFO - Started process (PID=26304) to work on /opt/airflow/dags/hadoop-2.7.3/share/hadoop/tools/lib/httpclient-4.2.5.jar
[2022-10-22T00:21:57.814+0000] {processor.py:758} INFO - Processing file /opt/airflow/dags/hadoop-2.7.3/share/hadoop/tools/lib/httpclient-4.2.5.jar for tasks to queue
[2022-10-22T00:21:57.816+0000] {logging_mixin.py:117} INFO - [2022-10-22T00:21:57.816+0000] {dagbag.py:525} INFO - Filling up the DagBag from /opt/airflow/dags/hadoop-2.7.3/share/hadoop/tools/lib/httpclient-4.2.5.jar
[2022-10-22T00:21:57.836+0000] {processor.py:770} WARNING - No viable dags retrieved from /opt/airflow/dags/hadoop-2.7.3/share/hadoop/tools/lib/httpclient-4.2.5.jar
[2022-10-22T00:21:57.884+0000] {processor.py:178} INFO - Processing /opt/airflow/dags/hadoop-2.7.3/share/hadoop/tools/lib/httpclient-4.2.5.jar took 0.083 seconds
[2022-10-22T00:22:54.277+0000] {processor.py:156} INFO - Started process (PID=26829) to work on /opt/airflow/dags/hadoop-2.7.3/share/hadoop/tools/lib/httpclient-4.2.5.jar
[2022-10-22T00:22:54.280+0000] {processor.py:758} INFO - Processing file /opt/airflow/dags/hadoop-2.7.3/share/hadoop/tools/lib/httpclient-4.2.5.jar for tasks to queue
[2022-10-22T00:22:54.283+0000] {logging_mixin.py:117} INFO - [2022-10-22T00:22:54.283+0000] {dagbag.py:525} INFO - Filling up the DagBag from /opt/airflow/dags/hadoop-2.7.3/share/hadoop/tools/lib/httpclient-4.2.5.jar
[2022-10-22T00:22:54.306+0000] {processor.py:770} WARNING - No viable dags retrieved from /opt/airflow/dags/hadoop-2.7.3/share/hadoop/tools/lib/httpclient-4.2.5.jar
[2022-10-22T00:22:54.371+0000] {processor.py:178} INFO - Processing /opt/airflow/dags/hadoop-2.7.3/share/hadoop/tools/lib/httpclient-4.2.5.jar took 0.100 seconds
[2022-10-22T00:22:57.187+0000] {processor.py:156} INFO - Started process (PID=29401) to work on /opt/airflow/dags/hadoop-2.7.3/share/hadoop/tools/lib/httpclient-4.2.5.jar
[2022-10-22T00:22:57.191+0000] {processor.py:758} INFO - Processing file /opt/airflow/dags/hadoop-2.7.3/share/hadoop/tools/lib/httpclient-4.2.5.jar for tasks to queue
[2022-10-22T00:22:57.199+0000] {logging_mixin.py:117} INFO - [2022-10-22T00:22:57.199+0000] {dagbag.py:525} INFO - Filling up the DagBag from /opt/airflow/dags/hadoop-2.7.3/share/hadoop/tools/lib/httpclient-4.2.5.jar
[2022-10-22T00:22:57.219+0000] {processor.py:770} WARNING - No viable dags retrieved from /opt/airflow/dags/hadoop-2.7.3/share/hadoop/tools/lib/httpclient-4.2.5.jar
[2022-10-22T00:22:57.256+0000] {processor.py:178} INFO - Processing /opt/airflow/dags/hadoop-2.7.3/share/hadoop/tools/lib/httpclient-4.2.5.jar took 0.077 seconds
[2022-10-22T00:23:39.956+0000] {processor.py:156} INFO - Started process (PID=29918) to work on /opt/airflow/dags/hadoop-2.7.3/share/hadoop/tools/lib/httpclient-4.2.5.jar
[2022-10-22T00:23:39.963+0000] {processor.py:758} INFO - Processing file /opt/airflow/dags/hadoop-2.7.3/share/hadoop/tools/lib/httpclient-4.2.5.jar for tasks to queue
[2022-10-22T00:23:39.967+0000] {logging_mixin.py:117} INFO - [2022-10-22T00:23:39.966+0000] {dagbag.py:525} INFO - Filling up the DagBag from /opt/airflow/dags/hadoop-2.7.3/share/hadoop/tools/lib/httpclient-4.2.5.jar
[2022-10-22T00:23:39.995+0000] {processor.py:770} WARNING - No viable dags retrieved from /opt/airflow/dags/hadoop-2.7.3/share/hadoop/tools/lib/httpclient-4.2.5.jar
[2022-10-22T00:23:40.038+0000] {processor.py:178} INFO - Processing /opt/airflow/dags/hadoop-2.7.3/share/hadoop/tools/lib/httpclient-4.2.5.jar took 0.090 seconds
[2022-10-22T00:23:53.223+0000] {processor.py:156} INFO - Started process (PID=27418) to work on /opt/airflow/dags/hadoop-2.7.3/share/hadoop/tools/lib/httpclient-4.2.5.jar
[2022-10-22T00:23:53.244+0000] {processor.py:758} INFO - Processing file /opt/airflow/dags/hadoop-2.7.3/share/hadoop/tools/lib/httpclient-4.2.5.jar for tasks to queue
[2022-10-22T00:23:53.272+0000] {logging_mixin.py:117} INFO - [2022-10-22T00:23:53.264+0000] {dagbag.py:525} INFO - Filling up the DagBag from /opt/airflow/dags/hadoop-2.7.3/share/hadoop/tools/lib/httpclient-4.2.5.jar
[2022-10-22T00:23:53.397+0000] {processor.py:770} WARNING - No viable dags retrieved from /opt/airflow/dags/hadoop-2.7.3/share/hadoop/tools/lib/httpclient-4.2.5.jar
[2022-10-22T00:23:53.534+0000] {processor.py:178} INFO - Processing /opt/airflow/dags/hadoop-2.7.3/share/hadoop/tools/lib/httpclient-4.2.5.jar took 0.380 seconds
