[2022-10-22T00:00:53.741+0000] {processor.py:156} INFO - Started process (PID=17051) to work on /opt/airflow/dags/hadoop-2.7.3/share/hadoop/tools/lib/jsr305-3.0.0.jar
[2022-10-22T00:00:53.744+0000] {processor.py:758} INFO - Processing file /opt/airflow/dags/hadoop-2.7.3/share/hadoop/tools/lib/jsr305-3.0.0.jar for tasks to queue
[2022-10-22T00:00:53.746+0000] {logging_mixin.py:117} INFO - [2022-10-22T00:00:53.746+0000] {dagbag.py:525} INFO - Filling up the DagBag from /opt/airflow/dags/hadoop-2.7.3/share/hadoop/tools/lib/jsr305-3.0.0.jar
[2022-10-22T00:00:53.758+0000] {processor.py:770} WARNING - No viable dags retrieved from /opt/airflow/dags/hadoop-2.7.3/share/hadoop/tools/lib/jsr305-3.0.0.jar
[2022-10-22T00:00:53.815+0000] {processor.py:178} INFO - Processing /opt/airflow/dags/hadoop-2.7.3/share/hadoop/tools/lib/jsr305-3.0.0.jar took 0.084 seconds
[2022-10-22T00:02:03.056+0000] {processor.py:156} INFO - Started process (PID=19904) to work on /opt/airflow/dags/hadoop-2.7.3/share/hadoop/tools/lib/jsr305-3.0.0.jar
[2022-10-22T00:02:03.061+0000] {processor.py:758} INFO - Processing file /opt/airflow/dags/hadoop-2.7.3/share/hadoop/tools/lib/jsr305-3.0.0.jar for tasks to queue
[2022-10-22T00:02:03.064+0000] {logging_mixin.py:117} INFO - [2022-10-22T00:02:03.063+0000] {dagbag.py:525} INFO - Filling up the DagBag from /opt/airflow/dags/hadoop-2.7.3/share/hadoop/tools/lib/jsr305-3.0.0.jar
[2022-10-22T00:02:03.074+0000] {processor.py:770} WARNING - No viable dags retrieved from /opt/airflow/dags/hadoop-2.7.3/share/hadoop/tools/lib/jsr305-3.0.0.jar
[2022-10-22T00:02:03.128+0000] {processor.py:178} INFO - Processing /opt/airflow/dags/hadoop-2.7.3/share/hadoop/tools/lib/jsr305-3.0.0.jar took 0.080 seconds
[2022-10-22T00:02:15.148+0000] {processor.py:156} INFO - Started process (PID=17645) to work on /opt/airflow/dags/hadoop-2.7.3/share/hadoop/tools/lib/jsr305-3.0.0.jar
[2022-10-22T00:02:15.150+0000] {processor.py:758} INFO - Processing file /opt/airflow/dags/hadoop-2.7.3/share/hadoop/tools/lib/jsr305-3.0.0.jar for tasks to queue
[2022-10-22T00:02:15.152+0000] {logging_mixin.py:117} INFO - [2022-10-22T00:02:15.152+0000] {dagbag.py:525} INFO - Filling up the DagBag from /opt/airflow/dags/hadoop-2.7.3/share/hadoop/tools/lib/jsr305-3.0.0.jar
[2022-10-22T00:02:15.160+0000] {processor.py:770} WARNING - No viable dags retrieved from /opt/airflow/dags/hadoop-2.7.3/share/hadoop/tools/lib/jsr305-3.0.0.jar
[2022-10-22T00:02:15.227+0000] {processor.py:178} INFO - Processing /opt/airflow/dags/hadoop-2.7.3/share/hadoop/tools/lib/jsr305-3.0.0.jar took 0.089 seconds
[2022-10-22T00:03:34.756+0000] {processor.py:156} INFO - Started process (PID=20457) to work on /opt/airflow/dags/hadoop-2.7.3/share/hadoop/tools/lib/jsr305-3.0.0.jar
[2022-10-22T00:03:34.761+0000] {processor.py:758} INFO - Processing file /opt/airflow/dags/hadoop-2.7.3/share/hadoop/tools/lib/jsr305-3.0.0.jar for tasks to queue
[2022-10-22T00:03:34.765+0000] {logging_mixin.py:117} INFO - [2022-10-22T00:03:34.764+0000] {dagbag.py:525} INFO - Filling up the DagBag from /opt/airflow/dags/hadoop-2.7.3/share/hadoop/tools/lib/jsr305-3.0.0.jar
[2022-10-22T00:03:34.783+0000] {processor.py:770} WARNING - No viable dags retrieved from /opt/airflow/dags/hadoop-2.7.3/share/hadoop/tools/lib/jsr305-3.0.0.jar
[2022-10-22T00:03:34.819+0000] {processor.py:178} INFO - Processing /opt/airflow/dags/hadoop-2.7.3/share/hadoop/tools/lib/jsr305-3.0.0.jar took 0.088 seconds
[2022-10-22T00:03:59.340+0000] {processor.py:156} INFO - Started process (PID=18295) to work on /opt/airflow/dags/hadoop-2.7.3/share/hadoop/tools/lib/jsr305-3.0.0.jar
[2022-10-22T00:03:59.344+0000] {processor.py:758} INFO - Processing file /opt/airflow/dags/hadoop-2.7.3/share/hadoop/tools/lib/jsr305-3.0.0.jar for tasks to queue
[2022-10-22T00:03:59.357+0000] {logging_mixin.py:117} INFO - [2022-10-22T00:03:59.357+0000] {dagbag.py:525} INFO - Filling up the DagBag from /opt/airflow/dags/hadoop-2.7.3/share/hadoop/tools/lib/jsr305-3.0.0.jar
[2022-10-22T00:03:59.364+0000] {processor.py:770} WARNING - No viable dags retrieved from /opt/airflow/dags/hadoop-2.7.3/share/hadoop/tools/lib/jsr305-3.0.0.jar
[2022-10-22T00:03:59.398+0000] {processor.py:178} INFO - Processing /opt/airflow/dags/hadoop-2.7.3/share/hadoop/tools/lib/jsr305-3.0.0.jar took 0.076 seconds
[2022-10-22T00:04:49.112+0000] {processor.py:156} INFO - Started process (PID=21137) to work on /opt/airflow/dags/hadoop-2.7.3/share/hadoop/tools/lib/jsr305-3.0.0.jar
[2022-10-22T00:04:49.127+0000] {processor.py:758} INFO - Processing file /opt/airflow/dags/hadoop-2.7.3/share/hadoop/tools/lib/jsr305-3.0.0.jar for tasks to queue
[2022-10-22T00:04:49.130+0000] {logging_mixin.py:117} INFO - [2022-10-22T00:04:49.130+0000] {dagbag.py:525} INFO - Filling up the DagBag from /opt/airflow/dags/hadoop-2.7.3/share/hadoop/tools/lib/jsr305-3.0.0.jar
[2022-10-22T00:04:49.144+0000] {processor.py:770} WARNING - No viable dags retrieved from /opt/airflow/dags/hadoop-2.7.3/share/hadoop/tools/lib/jsr305-3.0.0.jar
[2022-10-22T00:04:49.231+0000] {processor.py:178} INFO - Processing /opt/airflow/dags/hadoop-2.7.3/share/hadoop/tools/lib/jsr305-3.0.0.jar took 0.147 seconds
[2022-10-22T00:04:59.041+0000] {processor.py:156} INFO - Started process (PID=18820) to work on /opt/airflow/dags/hadoop-2.7.3/share/hadoop/tools/lib/jsr305-3.0.0.jar
[2022-10-22T00:04:59.045+0000] {processor.py:758} INFO - Processing file /opt/airflow/dags/hadoop-2.7.3/share/hadoop/tools/lib/jsr305-3.0.0.jar for tasks to queue
[2022-10-22T00:04:59.048+0000] {logging_mixin.py:117} INFO - [2022-10-22T00:04:59.048+0000] {dagbag.py:525} INFO - Filling up the DagBag from /opt/airflow/dags/hadoop-2.7.3/share/hadoop/tools/lib/jsr305-3.0.0.jar
[2022-10-22T00:04:59.056+0000] {processor.py:770} WARNING - No viable dags retrieved from /opt/airflow/dags/hadoop-2.7.3/share/hadoop/tools/lib/jsr305-3.0.0.jar
[2022-10-22T00:04:59.098+0000] {processor.py:178} INFO - Processing /opt/airflow/dags/hadoop-2.7.3/share/hadoop/tools/lib/jsr305-3.0.0.jar took 0.066 seconds
[2022-10-22T00:05:50.817+0000] {processor.py:156} INFO - Started process (PID=19336) to work on /opt/airflow/dags/hadoop-2.7.3/share/hadoop/tools/lib/jsr305-3.0.0.jar
[2022-10-22T00:05:50.833+0000] {processor.py:758} INFO - Processing file /opt/airflow/dags/hadoop-2.7.3/share/hadoop/tools/lib/jsr305-3.0.0.jar for tasks to queue
[2022-10-22T00:05:50.837+0000] {logging_mixin.py:117} INFO - [2022-10-22T00:05:50.836+0000] {dagbag.py:525} INFO - Filling up the DagBag from /opt/airflow/dags/hadoop-2.7.3/share/hadoop/tools/lib/jsr305-3.0.0.jar
[2022-10-22T00:05:50.844+0000] {processor.py:770} WARNING - No viable dags retrieved from /opt/airflow/dags/hadoop-2.7.3/share/hadoop/tools/lib/jsr305-3.0.0.jar
[2022-10-22T00:05:50.887+0000] {processor.py:178} INFO - Processing /opt/airflow/dags/hadoop-2.7.3/share/hadoop/tools/lib/jsr305-3.0.0.jar took 0.085 seconds
[2022-10-22T00:05:56.082+0000] {processor.py:156} INFO - Started process (PID=21820) to work on /opt/airflow/dags/hadoop-2.7.3/share/hadoop/tools/lib/jsr305-3.0.0.jar
[2022-10-22T00:05:56.091+0000] {processor.py:758} INFO - Processing file /opt/airflow/dags/hadoop-2.7.3/share/hadoop/tools/lib/jsr305-3.0.0.jar for tasks to queue
[2022-10-22T00:05:56.099+0000] {logging_mixin.py:117} INFO - [2022-10-22T00:05:56.098+0000] {dagbag.py:525} INFO - Filling up the DagBag from /opt/airflow/dags/hadoop-2.7.3/share/hadoop/tools/lib/jsr305-3.0.0.jar
[2022-10-22T00:05:56.125+0000] {processor.py:770} WARNING - No viable dags retrieved from /opt/airflow/dags/hadoop-2.7.3/share/hadoop/tools/lib/jsr305-3.0.0.jar
[2022-10-22T00:05:56.162+0000] {processor.py:178} INFO - Processing /opt/airflow/dags/hadoop-2.7.3/share/hadoop/tools/lib/jsr305-3.0.0.jar took 0.110 seconds
[2022-10-22T00:07:01.438+0000] {processor.py:156} INFO - Started process (PID=20000) to work on /opt/airflow/dags/hadoop-2.7.3/share/hadoop/tools/lib/jsr305-3.0.0.jar
[2022-10-22T00:07:01.441+0000] {processor.py:758} INFO - Processing file /opt/airflow/dags/hadoop-2.7.3/share/hadoop/tools/lib/jsr305-3.0.0.jar for tasks to queue
[2022-10-22T00:07:01.442+0000] {logging_mixin.py:117} INFO - [2022-10-22T00:07:01.442+0000] {dagbag.py:525} INFO - Filling up the DagBag from /opt/airflow/dags/hadoop-2.7.3/share/hadoop/tools/lib/jsr305-3.0.0.jar
[2022-10-22T00:07:01.451+0000] {processor.py:770} WARNING - No viable dags retrieved from /opt/airflow/dags/hadoop-2.7.3/share/hadoop/tools/lib/jsr305-3.0.0.jar
[2022-10-22T00:07:01.498+0000] {processor.py:178} INFO - Processing /opt/airflow/dags/hadoop-2.7.3/share/hadoop/tools/lib/jsr305-3.0.0.jar took 0.068 seconds
[2022-10-22T00:07:04.637+0000] {processor.py:156} INFO - Started process (PID=22489) to work on /opt/airflow/dags/hadoop-2.7.3/share/hadoop/tools/lib/jsr305-3.0.0.jar
[2022-10-22T00:07:04.641+0000] {processor.py:758} INFO - Processing file /opt/airflow/dags/hadoop-2.7.3/share/hadoop/tools/lib/jsr305-3.0.0.jar for tasks to queue
[2022-10-22T00:07:04.647+0000] {logging_mixin.py:117} INFO - [2022-10-22T00:07:04.647+0000] {dagbag.py:525} INFO - Filling up the DagBag from /opt/airflow/dags/hadoop-2.7.3/share/hadoop/tools/lib/jsr305-3.0.0.jar
[2022-10-22T00:07:04.654+0000] {processor.py:770} WARNING - No viable dags retrieved from /opt/airflow/dags/hadoop-2.7.3/share/hadoop/tools/lib/jsr305-3.0.0.jar
[2022-10-22T00:07:04.706+0000] {processor.py:178} INFO - Processing /opt/airflow/dags/hadoop-2.7.3/share/hadoop/tools/lib/jsr305-3.0.0.jar took 0.075 seconds
[2022-10-22T00:08:52.526+0000] {processor.py:156} INFO - Started process (PID=23186) to work on /opt/airflow/dags/hadoop-2.7.3/share/hadoop/tools/lib/jsr305-3.0.0.jar
[2022-10-22T00:08:52.540+0000] {processor.py:758} INFO - Processing file /opt/airflow/dags/hadoop-2.7.3/share/hadoop/tools/lib/jsr305-3.0.0.jar for tasks to queue
[2022-10-22T00:08:52.555+0000] {logging_mixin.py:117} INFO - [2022-10-22T00:08:52.552+0000] {dagbag.py:525} INFO - Filling up the DagBag from /opt/airflow/dags/hadoop-2.7.3/share/hadoop/tools/lib/jsr305-3.0.0.jar
[2022-10-22T00:08:52.569+0000] {processor.py:770} WARNING - No viable dags retrieved from /opt/airflow/dags/hadoop-2.7.3/share/hadoop/tools/lib/jsr305-3.0.0.jar
[2022-10-22T00:08:52.630+0000] {processor.py:178} INFO - Processing /opt/airflow/dags/hadoop-2.7.3/share/hadoop/tools/lib/jsr305-3.0.0.jar took 0.116 seconds
[2022-10-22T00:09:04.204+0000] {processor.py:156} INFO - Started process (PID=20808) to work on /opt/airflow/dags/hadoop-2.7.3/share/hadoop/tools/lib/jsr305-3.0.0.jar
[2022-10-22T00:09:04.207+0000] {processor.py:758} INFO - Processing file /opt/airflow/dags/hadoop-2.7.3/share/hadoop/tools/lib/jsr305-3.0.0.jar for tasks to queue
[2022-10-22T00:09:04.210+0000] {logging_mixin.py:117} INFO - [2022-10-22T00:09:04.209+0000] {dagbag.py:525} INFO - Filling up the DagBag from /opt/airflow/dags/hadoop-2.7.3/share/hadoop/tools/lib/jsr305-3.0.0.jar
[2022-10-22T00:09:04.218+0000] {processor.py:770} WARNING - No viable dags retrieved from /opt/airflow/dags/hadoop-2.7.3/share/hadoop/tools/lib/jsr305-3.0.0.jar
[2022-10-22T00:09:04.286+0000] {processor.py:178} INFO - Processing /opt/airflow/dags/hadoop-2.7.3/share/hadoop/tools/lib/jsr305-3.0.0.jar took 0.090 seconds
[2022-10-22T00:09:48.582+0000] {processor.py:156} INFO - Started process (PID=23721) to work on /opt/airflow/dags/hadoop-2.7.3/share/hadoop/tools/lib/jsr305-3.0.0.jar
[2022-10-22T00:09:48.584+0000] {processor.py:758} INFO - Processing file /opt/airflow/dags/hadoop-2.7.3/share/hadoop/tools/lib/jsr305-3.0.0.jar for tasks to queue
[2022-10-22T00:09:48.587+0000] {logging_mixin.py:117} INFO - [2022-10-22T00:09:48.586+0000] {dagbag.py:525} INFO - Filling up the DagBag from /opt/airflow/dags/hadoop-2.7.3/share/hadoop/tools/lib/jsr305-3.0.0.jar
[2022-10-22T00:09:48.595+0000] {processor.py:770} WARNING - No viable dags retrieved from /opt/airflow/dags/hadoop-2.7.3/share/hadoop/tools/lib/jsr305-3.0.0.jar
[2022-10-22T00:09:48.645+0000] {processor.py:178} INFO - Processing /opt/airflow/dags/hadoop-2.7.3/share/hadoop/tools/lib/jsr305-3.0.0.jar took 0.072 seconds
[2022-10-22T00:11:12.088+0000] {processor.py:156} INFO - Started process (PID=21333) to work on /opt/airflow/dags/hadoop-2.7.3/share/hadoop/tools/lib/jsr305-3.0.0.jar
[2022-10-22T00:11:12.090+0000] {processor.py:758} INFO - Processing file /opt/airflow/dags/hadoop-2.7.3/share/hadoop/tools/lib/jsr305-3.0.0.jar for tasks to queue
[2022-10-22T00:11:12.094+0000] {logging_mixin.py:117} INFO - [2022-10-22T00:11:12.093+0000] {dagbag.py:525} INFO - Filling up the DagBag from /opt/airflow/dags/hadoop-2.7.3/share/hadoop/tools/lib/jsr305-3.0.0.jar
[2022-10-22T00:11:12.105+0000] {processor.py:770} WARNING - No viable dags retrieved from /opt/airflow/dags/hadoop-2.7.3/share/hadoop/tools/lib/jsr305-3.0.0.jar
[2022-10-22T00:11:12.148+0000] {processor.py:178} INFO - Processing /opt/airflow/dags/hadoop-2.7.3/share/hadoop/tools/lib/jsr305-3.0.0.jar took 0.073 seconds
[2022-10-22T00:11:35.752+0000] {processor.py:156} INFO - Started process (PID=24191) to work on /opt/airflow/dags/hadoop-2.7.3/share/hadoop/tools/lib/jsr305-3.0.0.jar
[2022-10-22T00:11:35.754+0000] {processor.py:758} INFO - Processing file /opt/airflow/dags/hadoop-2.7.3/share/hadoop/tools/lib/jsr305-3.0.0.jar for tasks to queue
[2022-10-22T00:11:35.759+0000] {logging_mixin.py:117} INFO - [2022-10-22T00:11:35.756+0000] {dagbag.py:525} INFO - Filling up the DagBag from /opt/airflow/dags/hadoop-2.7.3/share/hadoop/tools/lib/jsr305-3.0.0.jar
[2022-10-22T00:11:35.768+0000] {processor.py:770} WARNING - No viable dags retrieved from /opt/airflow/dags/hadoop-2.7.3/share/hadoop/tools/lib/jsr305-3.0.0.jar
[2022-10-22T00:11:35.813+0000] {processor.py:178} INFO - Processing /opt/airflow/dags/hadoop-2.7.3/share/hadoop/tools/lib/jsr305-3.0.0.jar took 0.066 seconds
[2022-10-22T00:11:46.963+0000] {processor.py:156} INFO - Started process (PID=21850) to work on /opt/airflow/dags/hadoop-2.7.3/share/hadoop/tools/lib/jsr305-3.0.0.jar
[2022-10-22T00:11:46.965+0000] {processor.py:758} INFO - Processing file /opt/airflow/dags/hadoop-2.7.3/share/hadoop/tools/lib/jsr305-3.0.0.jar for tasks to queue
[2022-10-22T00:11:46.969+0000] {logging_mixin.py:117} INFO - [2022-10-22T00:11:46.968+0000] {dagbag.py:525} INFO - Filling up the DagBag from /opt/airflow/dags/hadoop-2.7.3/share/hadoop/tools/lib/jsr305-3.0.0.jar
[2022-10-22T00:11:46.976+0000] {processor.py:770} WARNING - No viable dags retrieved from /opt/airflow/dags/hadoop-2.7.3/share/hadoop/tools/lib/jsr305-3.0.0.jar
[2022-10-22T00:11:47.008+0000] {processor.py:178} INFO - Processing /opt/airflow/dags/hadoop-2.7.3/share/hadoop/tools/lib/jsr305-3.0.0.jar took 0.051 seconds
[2022-10-22T00:12:24.769+0000] {processor.py:156} INFO - Started process (PID=24708) to work on /opt/airflow/dags/hadoop-2.7.3/share/hadoop/tools/lib/jsr305-3.0.0.jar
[2022-10-22T00:12:24.773+0000] {processor.py:758} INFO - Processing file /opt/airflow/dags/hadoop-2.7.3/share/hadoop/tools/lib/jsr305-3.0.0.jar for tasks to queue
[2022-10-22T00:12:24.777+0000] {logging_mixin.py:117} INFO - [2022-10-22T00:12:24.776+0000] {dagbag.py:525} INFO - Filling up the DagBag from /opt/airflow/dags/hadoop-2.7.3/share/hadoop/tools/lib/jsr305-3.0.0.jar
[2022-10-22T00:12:24.788+0000] {processor.py:770} WARNING - No viable dags retrieved from /opt/airflow/dags/hadoop-2.7.3/share/hadoop/tools/lib/jsr305-3.0.0.jar
[2022-10-22T00:12:24.855+0000] {processor.py:178} INFO - Processing /opt/airflow/dags/hadoop-2.7.3/share/hadoop/tools/lib/jsr305-3.0.0.jar took 0.108 seconds
[2022-10-22T00:15:36.038+0000] {processor.py:156} INFO - Started process (PID=22789) to work on /opt/airflow/dags/hadoop-2.7.3/share/hadoop/tools/lib/jsr305-3.0.0.jar
[2022-10-22T00:15:36.040+0000] {processor.py:758} INFO - Processing file /opt/airflow/dags/hadoop-2.7.3/share/hadoop/tools/lib/jsr305-3.0.0.jar for tasks to queue
[2022-10-22T00:15:36.043+0000] {logging_mixin.py:117} INFO - [2022-10-22T00:15:36.043+0000] {dagbag.py:525} INFO - Filling up the DagBag from /opt/airflow/dags/hadoop-2.7.3/share/hadoop/tools/lib/jsr305-3.0.0.jar
[2022-10-22T00:15:36.054+0000] {processor.py:770} WARNING - No viable dags retrieved from /opt/airflow/dags/hadoop-2.7.3/share/hadoop/tools/lib/jsr305-3.0.0.jar
[2022-10-22T00:15:36.089+0000] {processor.py:178} INFO - Processing /opt/airflow/dags/hadoop-2.7.3/share/hadoop/tools/lib/jsr305-3.0.0.jar took 0.066 seconds
[2022-10-22T00:15:49.238+0000] {processor.py:156} INFO - Started process (PID=25352) to work on /opt/airflow/dags/hadoop-2.7.3/share/hadoop/tools/lib/jsr305-3.0.0.jar
[2022-10-22T00:15:49.245+0000] {processor.py:758} INFO - Processing file /opt/airflow/dags/hadoop-2.7.3/share/hadoop/tools/lib/jsr305-3.0.0.jar for tasks to queue
[2022-10-22T00:15:49.251+0000] {logging_mixin.py:117} INFO - [2022-10-22T00:15:49.251+0000] {dagbag.py:525} INFO - Filling up the DagBag from /opt/airflow/dags/hadoop-2.7.3/share/hadoop/tools/lib/jsr305-3.0.0.jar
[2022-10-22T00:15:49.267+0000] {processor.py:770} WARNING - No viable dags retrieved from /opt/airflow/dags/hadoop-2.7.3/share/hadoop/tools/lib/jsr305-3.0.0.jar
[2022-10-22T00:15:49.309+0000] {processor.py:178} INFO - Processing /opt/airflow/dags/hadoop-2.7.3/share/hadoop/tools/lib/jsr305-3.0.0.jar took 0.078 seconds
[2022-10-22T00:16:31.464+0000] {processor.py:156} INFO - Started process (PID=23368) to work on /opt/airflow/dags/hadoop-2.7.3/share/hadoop/tools/lib/jsr305-3.0.0.jar
[2022-10-22T00:16:31.469+0000] {processor.py:758} INFO - Processing file /opt/airflow/dags/hadoop-2.7.3/share/hadoop/tools/lib/jsr305-3.0.0.jar for tasks to queue
[2022-10-22T00:16:31.472+0000] {logging_mixin.py:117} INFO - [2022-10-22T00:16:31.471+0000] {dagbag.py:525} INFO - Filling up the DagBag from /opt/airflow/dags/hadoop-2.7.3/share/hadoop/tools/lib/jsr305-3.0.0.jar
[2022-10-22T00:16:31.482+0000] {processor.py:770} WARNING - No viable dags retrieved from /opt/airflow/dags/hadoop-2.7.3/share/hadoop/tools/lib/jsr305-3.0.0.jar
[2022-10-22T00:16:31.520+0000] {processor.py:178} INFO - Processing /opt/airflow/dags/hadoop-2.7.3/share/hadoop/tools/lib/jsr305-3.0.0.jar took 0.071 seconds
[2022-10-22T00:16:36.423+0000] {processor.py:156} INFO - Started process (PID=25882) to work on /opt/airflow/dags/hadoop-2.7.3/share/hadoop/tools/lib/jsr305-3.0.0.jar
[2022-10-22T00:16:36.429+0000] {processor.py:758} INFO - Processing file /opt/airflow/dags/hadoop-2.7.3/share/hadoop/tools/lib/jsr305-3.0.0.jar for tasks to queue
[2022-10-22T00:16:36.435+0000] {logging_mixin.py:117} INFO - [2022-10-22T00:16:36.434+0000] {dagbag.py:525} INFO - Filling up the DagBag from /opt/airflow/dags/hadoop-2.7.3/share/hadoop/tools/lib/jsr305-3.0.0.jar
[2022-10-22T00:16:36.451+0000] {processor.py:770} WARNING - No viable dags retrieved from /opt/airflow/dags/hadoop-2.7.3/share/hadoop/tools/lib/jsr305-3.0.0.jar
[2022-10-22T00:16:36.523+0000] {processor.py:178} INFO - Processing /opt/airflow/dags/hadoop-2.7.3/share/hadoop/tools/lib/jsr305-3.0.0.jar took 0.113 seconds
[2022-10-22T00:17:25.902+0000] {processor.py:156} INFO - Started process (PID=23946) to work on /opt/airflow/dags/hadoop-2.7.3/share/hadoop/tools/lib/jsr305-3.0.0.jar
[2022-10-22T00:17:25.912+0000] {processor.py:758} INFO - Processing file /opt/airflow/dags/hadoop-2.7.3/share/hadoop/tools/lib/jsr305-3.0.0.jar for tasks to queue
[2022-10-22T00:17:25.916+0000] {logging_mixin.py:117} INFO - [2022-10-22T00:17:25.916+0000] {dagbag.py:525} INFO - Filling up the DagBag from /opt/airflow/dags/hadoop-2.7.3/share/hadoop/tools/lib/jsr305-3.0.0.jar
[2022-10-22T00:17:25.933+0000] {processor.py:770} WARNING - No viable dags retrieved from /opt/airflow/dags/hadoop-2.7.3/share/hadoop/tools/lib/jsr305-3.0.0.jar
[2022-10-22T00:17:25.981+0000] {processor.py:178} INFO - Processing /opt/airflow/dags/hadoop-2.7.3/share/hadoop/tools/lib/jsr305-3.0.0.jar took 0.087 seconds
[2022-10-22T00:17:32.592+0000] {processor.py:156} INFO - Started process (PID=26472) to work on /opt/airflow/dags/hadoop-2.7.3/share/hadoop/tools/lib/jsr305-3.0.0.jar
[2022-10-22T00:17:32.595+0000] {processor.py:758} INFO - Processing file /opt/airflow/dags/hadoop-2.7.3/share/hadoop/tools/lib/jsr305-3.0.0.jar for tasks to queue
[2022-10-22T00:17:32.598+0000] {logging_mixin.py:117} INFO - [2022-10-22T00:17:32.597+0000] {dagbag.py:525} INFO - Filling up the DagBag from /opt/airflow/dags/hadoop-2.7.3/share/hadoop/tools/lib/jsr305-3.0.0.jar
[2022-10-22T00:17:32.607+0000] {processor.py:770} WARNING - No viable dags retrieved from /opt/airflow/dags/hadoop-2.7.3/share/hadoop/tools/lib/jsr305-3.0.0.jar
[2022-10-22T00:17:32.636+0000] {processor.py:178} INFO - Processing /opt/airflow/dags/hadoop-2.7.3/share/hadoop/tools/lib/jsr305-3.0.0.jar took 0.051 seconds
[2022-10-22T00:18:24.782+0000] {processor.py:156} INFO - Started process (PID=24553) to work on /opt/airflow/dags/hadoop-2.7.3/share/hadoop/tools/lib/jsr305-3.0.0.jar
[2022-10-22T00:18:24.785+0000] {processor.py:758} INFO - Processing file /opt/airflow/dags/hadoop-2.7.3/share/hadoop/tools/lib/jsr305-3.0.0.jar for tasks to queue
[2022-10-22T00:18:24.789+0000] {logging_mixin.py:117} INFO - [2022-10-22T00:18:24.788+0000] {dagbag.py:525} INFO - Filling up the DagBag from /opt/airflow/dags/hadoop-2.7.3/share/hadoop/tools/lib/jsr305-3.0.0.jar
[2022-10-22T00:18:24.799+0000] {processor.py:770} WARNING - No viable dags retrieved from /opt/airflow/dags/hadoop-2.7.3/share/hadoop/tools/lib/jsr305-3.0.0.jar
[2022-10-22T00:18:24.846+0000] {processor.py:178} INFO - Processing /opt/airflow/dags/hadoop-2.7.3/share/hadoop/tools/lib/jsr305-3.0.0.jar took 0.073 seconds
[2022-10-22T00:18:26.131+0000] {processor.py:156} INFO - Started process (PID=27054) to work on /opt/airflow/dags/hadoop-2.7.3/share/hadoop/tools/lib/jsr305-3.0.0.jar
[2022-10-22T00:18:26.136+0000] {processor.py:758} INFO - Processing file /opt/airflow/dags/hadoop-2.7.3/share/hadoop/tools/lib/jsr305-3.0.0.jar for tasks to queue
[2022-10-22T00:18:26.138+0000] {logging_mixin.py:117} INFO - [2022-10-22T00:18:26.138+0000] {dagbag.py:525} INFO - Filling up the DagBag from /opt/airflow/dags/hadoop-2.7.3/share/hadoop/tools/lib/jsr305-3.0.0.jar
[2022-10-22T00:18:26.152+0000] {processor.py:770} WARNING - No viable dags retrieved from /opt/airflow/dags/hadoop-2.7.3/share/hadoop/tools/lib/jsr305-3.0.0.jar
[2022-10-22T00:18:26.221+0000] {processor.py:178} INFO - Processing /opt/airflow/dags/hadoop-2.7.3/share/hadoop/tools/lib/jsr305-3.0.0.jar took 0.103 seconds
[2022-10-22T00:19:21.352+0000] {processor.py:156} INFO - Started process (PID=27638) to work on /opt/airflow/dags/hadoop-2.7.3/share/hadoop/tools/lib/jsr305-3.0.0.jar
[2022-10-22T00:19:21.355+0000] {processor.py:758} INFO - Processing file /opt/airflow/dags/hadoop-2.7.3/share/hadoop/tools/lib/jsr305-3.0.0.jar for tasks to queue
[2022-10-22T00:19:21.358+0000] {logging_mixin.py:117} INFO - [2022-10-22T00:19:21.357+0000] {dagbag.py:525} INFO - Filling up the DagBag from /opt/airflow/dags/hadoop-2.7.3/share/hadoop/tools/lib/jsr305-3.0.0.jar
[2022-10-22T00:19:21.366+0000] {processor.py:770} WARNING - No viable dags retrieved from /opt/airflow/dags/hadoop-2.7.3/share/hadoop/tools/lib/jsr305-3.0.0.jar
[2022-10-22T00:19:21.398+0000] {processor.py:178} INFO - Processing /opt/airflow/dags/hadoop-2.7.3/share/hadoop/tools/lib/jsr305-3.0.0.jar took 0.056 seconds
[2022-10-22T00:20:02.212+0000] {processor.py:156} INFO - Started process (PID=25186) to work on /opt/airflow/dags/hadoop-2.7.3/share/hadoop/tools/lib/jsr305-3.0.0.jar
[2022-10-22T00:20:02.215+0000] {processor.py:758} INFO - Processing file /opt/airflow/dags/hadoop-2.7.3/share/hadoop/tools/lib/jsr305-3.0.0.jar for tasks to queue
[2022-10-22T00:20:02.217+0000] {logging_mixin.py:117} INFO - [2022-10-22T00:20:02.217+0000] {dagbag.py:525} INFO - Filling up the DagBag from /opt/airflow/dags/hadoop-2.7.3/share/hadoop/tools/lib/jsr305-3.0.0.jar
[2022-10-22T00:20:02.225+0000] {processor.py:770} WARNING - No viable dags retrieved from /opt/airflow/dags/hadoop-2.7.3/share/hadoop/tools/lib/jsr305-3.0.0.jar
[2022-10-22T00:20:02.266+0000] {processor.py:178} INFO - Processing /opt/airflow/dags/hadoop-2.7.3/share/hadoop/tools/lib/jsr305-3.0.0.jar took 0.063 seconds
[2022-10-22T00:20:56.307+0000] {processor.py:156} INFO - Started process (PID=28248) to work on /opt/airflow/dags/hadoop-2.7.3/share/hadoop/tools/lib/jsr305-3.0.0.jar
[2022-10-22T00:20:56.313+0000] {processor.py:758} INFO - Processing file /opt/airflow/dags/hadoop-2.7.3/share/hadoop/tools/lib/jsr305-3.0.0.jar for tasks to queue
[2022-10-22T00:20:56.318+0000] {logging_mixin.py:117} INFO - [2022-10-22T00:20:56.317+0000] {dagbag.py:525} INFO - Filling up the DagBag from /opt/airflow/dags/hadoop-2.7.3/share/hadoop/tools/lib/jsr305-3.0.0.jar
[2022-10-22T00:20:56.338+0000] {processor.py:770} WARNING - No viable dags retrieved from /opt/airflow/dags/hadoop-2.7.3/share/hadoop/tools/lib/jsr305-3.0.0.jar
[2022-10-22T00:20:56.418+0000] {processor.py:178} INFO - Processing /opt/airflow/dags/hadoop-2.7.3/share/hadoop/tools/lib/jsr305-3.0.0.jar took 0.134 seconds
[2022-10-22T00:21:04.536+0000] {processor.py:156} INFO - Started process (PID=25802) to work on /opt/airflow/dags/hadoop-2.7.3/share/hadoop/tools/lib/jsr305-3.0.0.jar
[2022-10-22T00:21:04.540+0000] {processor.py:758} INFO - Processing file /opt/airflow/dags/hadoop-2.7.3/share/hadoop/tools/lib/jsr305-3.0.0.jar for tasks to queue
[2022-10-22T00:21:04.543+0000] {logging_mixin.py:117} INFO - [2022-10-22T00:21:04.543+0000] {dagbag.py:525} INFO - Filling up the DagBag from /opt/airflow/dags/hadoop-2.7.3/share/hadoop/tools/lib/jsr305-3.0.0.jar
[2022-10-22T00:21:04.549+0000] {processor.py:770} WARNING - No viable dags retrieved from /opt/airflow/dags/hadoop-2.7.3/share/hadoop/tools/lib/jsr305-3.0.0.jar
[2022-10-22T00:21:04.610+0000] {processor.py:178} INFO - Processing /opt/airflow/dags/hadoop-2.7.3/share/hadoop/tools/lib/jsr305-3.0.0.jar took 0.081 seconds
[2022-10-22T00:21:49.472+0000] {processor.py:156} INFO - Started process (PID=28772) to work on /opt/airflow/dags/hadoop-2.7.3/share/hadoop/tools/lib/jsr305-3.0.0.jar
[2022-10-22T00:21:49.477+0000] {processor.py:758} INFO - Processing file /opt/airflow/dags/hadoop-2.7.3/share/hadoop/tools/lib/jsr305-3.0.0.jar for tasks to queue
[2022-10-22T00:21:49.479+0000] {logging_mixin.py:117} INFO - [2022-10-22T00:21:49.479+0000] {dagbag.py:525} INFO - Filling up the DagBag from /opt/airflow/dags/hadoop-2.7.3/share/hadoop/tools/lib/jsr305-3.0.0.jar
[2022-10-22T00:21:49.494+0000] {processor.py:770} WARNING - No viable dags retrieved from /opt/airflow/dags/hadoop-2.7.3/share/hadoop/tools/lib/jsr305-3.0.0.jar
[2022-10-22T00:21:49.582+0000] {processor.py:178} INFO - Processing /opt/airflow/dags/hadoop-2.7.3/share/hadoop/tools/lib/jsr305-3.0.0.jar took 0.120 seconds
[2022-10-22T00:22:00.044+0000] {processor.py:156} INFO - Started process (PID=26326) to work on /opt/airflow/dags/hadoop-2.7.3/share/hadoop/tools/lib/jsr305-3.0.0.jar
[2022-10-22T00:22:00.052+0000] {processor.py:758} INFO - Processing file /opt/airflow/dags/hadoop-2.7.3/share/hadoop/tools/lib/jsr305-3.0.0.jar for tasks to queue
[2022-10-22T00:22:00.062+0000] {logging_mixin.py:117} INFO - [2022-10-22T00:22:00.060+0000] {dagbag.py:525} INFO - Filling up the DagBag from /opt/airflow/dags/hadoop-2.7.3/share/hadoop/tools/lib/jsr305-3.0.0.jar
[2022-10-22T00:22:00.073+0000] {processor.py:770} WARNING - No viable dags retrieved from /opt/airflow/dags/hadoop-2.7.3/share/hadoop/tools/lib/jsr305-3.0.0.jar
[2022-10-22T00:22:00.110+0000] {processor.py:178} INFO - Processing /opt/airflow/dags/hadoop-2.7.3/share/hadoop/tools/lib/jsr305-3.0.0.jar took 0.103 seconds
[2022-10-22T00:22:57.009+0000] {processor.py:156} INFO - Started process (PID=26851) to work on /opt/airflow/dags/hadoop-2.7.3/share/hadoop/tools/lib/jsr305-3.0.0.jar
[2022-10-22T00:22:57.011+0000] {processor.py:758} INFO - Processing file /opt/airflow/dags/hadoop-2.7.3/share/hadoop/tools/lib/jsr305-3.0.0.jar for tasks to queue
[2022-10-22T00:22:57.014+0000] {logging_mixin.py:117} INFO - [2022-10-22T00:22:57.013+0000] {dagbag.py:525} INFO - Filling up the DagBag from /opt/airflow/dags/hadoop-2.7.3/share/hadoop/tools/lib/jsr305-3.0.0.jar
[2022-10-22T00:22:57.020+0000] {processor.py:770} WARNING - No viable dags retrieved from /opt/airflow/dags/hadoop-2.7.3/share/hadoop/tools/lib/jsr305-3.0.0.jar
[2022-10-22T00:22:57.072+0000] {processor.py:178} INFO - Processing /opt/airflow/dags/hadoop-2.7.3/share/hadoop/tools/lib/jsr305-3.0.0.jar took 0.077 seconds
[2022-10-22T00:22:59.477+0000] {processor.py:156} INFO - Started process (PID=29423) to work on /opt/airflow/dags/hadoop-2.7.3/share/hadoop/tools/lib/jsr305-3.0.0.jar
[2022-10-22T00:22:59.487+0000] {processor.py:758} INFO - Processing file /opt/airflow/dags/hadoop-2.7.3/share/hadoop/tools/lib/jsr305-3.0.0.jar for tasks to queue
[2022-10-22T00:22:59.495+0000] {logging_mixin.py:117} INFO - [2022-10-22T00:22:59.492+0000] {dagbag.py:525} INFO - Filling up the DagBag from /opt/airflow/dags/hadoop-2.7.3/share/hadoop/tools/lib/jsr305-3.0.0.jar
[2022-10-22T00:22:59.516+0000] {processor.py:770} WARNING - No viable dags retrieved from /opt/airflow/dags/hadoop-2.7.3/share/hadoop/tools/lib/jsr305-3.0.0.jar
[2022-10-22T00:22:59.582+0000] {processor.py:178} INFO - Processing /opt/airflow/dags/hadoop-2.7.3/share/hadoop/tools/lib/jsr305-3.0.0.jar took 0.122 seconds
[2022-10-22T00:23:55.601+0000] {processor.py:156} INFO - Started process (PID=29992) to work on /opt/airflow/dags/hadoop-2.7.3/share/hadoop/tools/lib/jsr305-3.0.0.jar
[2022-10-22T00:23:55.603+0000] {processor.py:758} INFO - Processing file /opt/airflow/dags/hadoop-2.7.3/share/hadoop/tools/lib/jsr305-3.0.0.jar for tasks to queue
[2022-10-22T00:23:55.605+0000] {logging_mixin.py:117} INFO - [2022-10-22T00:23:55.604+0000] {dagbag.py:525} INFO - Filling up the DagBag from /opt/airflow/dags/hadoop-2.7.3/share/hadoop/tools/lib/jsr305-3.0.0.jar
[2022-10-22T00:23:55.610+0000] {processor.py:770} WARNING - No viable dags retrieved from /opt/airflow/dags/hadoop-2.7.3/share/hadoop/tools/lib/jsr305-3.0.0.jar
[2022-10-22T00:23:55.634+0000] {processor.py:178} INFO - Processing /opt/airflow/dags/hadoop-2.7.3/share/hadoop/tools/lib/jsr305-3.0.0.jar took 0.038 seconds
[2022-10-22T00:23:56.428+0000] {processor.py:156} INFO - Started process (PID=27440) to work on /opt/airflow/dags/hadoop-2.7.3/share/hadoop/tools/lib/jsr305-3.0.0.jar
[2022-10-22T00:23:56.429+0000] {processor.py:758} INFO - Processing file /opt/airflow/dags/hadoop-2.7.3/share/hadoop/tools/lib/jsr305-3.0.0.jar for tasks to queue
[2022-10-22T00:23:56.438+0000] {logging_mixin.py:117} INFO - [2022-10-22T00:23:56.438+0000] {dagbag.py:525} INFO - Filling up the DagBag from /opt/airflow/dags/hadoop-2.7.3/share/hadoop/tools/lib/jsr305-3.0.0.jar
[2022-10-22T00:23:56.446+0000] {processor.py:770} WARNING - No viable dags retrieved from /opt/airflow/dags/hadoop-2.7.3/share/hadoop/tools/lib/jsr305-3.0.0.jar
[2022-10-22T00:23:56.516+0000] {processor.py:178} INFO - Processing /opt/airflow/dags/hadoop-2.7.3/share/hadoop/tools/lib/jsr305-3.0.0.jar took 0.099 seconds
