[2022-10-25T17:32:17.261+0000] {taskinstance.py:1165} INFO - Dependencies all met for <TaskInstance: load_and_normalize_data_headers.trigger_data_unification_dag manual__2022-10-25T17:29:53.291929+00:00 [queued]>
[2022-10-25T17:32:17.285+0000] {taskinstance.py:1165} INFO - Dependencies all met for <TaskInstance: load_and_normalize_data_headers.trigger_data_unification_dag manual__2022-10-25T17:29:53.291929+00:00 [queued]>
[2022-10-25T17:32:17.286+0000] {taskinstance.py:1362} INFO - 
--------------------------------------------------------------------------------
[2022-10-25T17:32:17.288+0000] {taskinstance.py:1363} INFO - Starting attempt 1 of 2
[2022-10-25T17:32:17.290+0000] {taskinstance.py:1364} INFO - 
--------------------------------------------------------------------------------
[2022-10-25T17:32:17.321+0000] {taskinstance.py:1383} INFO - Executing <Task(TriggerDagRunOperator): trigger_data_unification_dag> on 2022-10-25 17:29:53.291929+00:00
[2022-10-25T17:32:17.337+0000] {standard_task_runner.py:54} INFO - Started process 2671 to run task
[2022-10-25T17:32:17.347+0000] {standard_task_runner.py:82} INFO - Running: ['***', 'tasks', 'run', 'load_and_normalize_data_headers', 'trigger_data_unification_dag', 'manual__2022-10-25T17:29:53.291929+00:00', '--job-id', '619', '--raw', '--subdir', 'DAGS_FOLDER/pyspark_jobs.py', '--cfg-path', '/tmp/tmp0ra7sc0p']
[2022-10-25T17:32:17.353+0000] {standard_task_runner.py:83} INFO - Job 619: Subtask trigger_data_unification_dag
[2022-10-25T17:32:17.357+0000] {dagbag.py:525} INFO - Filling up the DagBag from /opt/***/dags/pyspark_jobs.py
[2022-10-25T17:32:17.539+0000] {task_command.py:384} INFO - Running <TaskInstance: load_and_normalize_data_headers.trigger_data_unification_dag manual__2022-10-25T17:29:53.291929+00:00 [running]> on host caeffc6e0742
[2022-10-25T17:32:17.691+0000] {taskinstance.py:1592} INFO - Exporting the following env vars:
AIRFLOW_CTX_DAG_OWNER=***
AIRFLOW_CTX_DAG_ID=load_and_normalize_data_headers
AIRFLOW_CTX_TASK_ID=trigger_data_unification_dag
AIRFLOW_CTX_EXECUTION_DATE=2022-10-25T17:29:53.291929+00:00
AIRFLOW_CTX_TRY_NUMBER=1
AIRFLOW_CTX_DAG_RUN_ID=manual__2022-10-25T17:29:53.291929+00:00
[2022-10-25T17:32:17.956+0000] {taskinstance.py:1406} INFO - Marking task as SUCCESS. dag_id=load_and_normalize_data_headers, task_id=trigger_data_unification_dag, execution_date=20221025T172953, start_date=20221025T173217, end_date=20221025T173217
[2022-10-25T17:32:18.042+0000] {local_task_job.py:164} INFO - Task exited with return code 0
[2022-10-25T17:32:18.101+0000] {local_task_job.py:273} INFO - 0 downstream tasks scheduled from follow-on schedule check
