[2022-10-22T00:00:41.208+0000] {processor.py:156} INFO - Started process (PID=16973) to work on /opt/airflow/dags/hadoop-2.7.3/share/hadoop/mapreduce/sources/hadoop-mapreduce-client-core-2.7.3-sources.jar
[2022-10-22T00:00:41.216+0000] {processor.py:758} INFO - Processing file /opt/airflow/dags/hadoop-2.7.3/share/hadoop/mapreduce/sources/hadoop-mapreduce-client-core-2.7.3-sources.jar for tasks to queue
[2022-10-22T00:00:41.220+0000] {logging_mixin.py:117} INFO - [2022-10-22T00:00:41.219+0000] {dagbag.py:525} INFO - Filling up the DagBag from /opt/airflow/dags/hadoop-2.7.3/share/hadoop/mapreduce/sources/hadoop-mapreduce-client-core-2.7.3-sources.jar
[2022-10-22T00:00:41.309+0000] {processor.py:770} WARNING - No viable dags retrieved from /opt/airflow/dags/hadoop-2.7.3/share/hadoop/mapreduce/sources/hadoop-mapreduce-client-core-2.7.3-sources.jar
[2022-10-22T00:00:41.444+0000] {processor.py:178} INFO - Processing /opt/airflow/dags/hadoop-2.7.3/share/hadoop/mapreduce/sources/hadoop-mapreduce-client-core-2.7.3-sources.jar took 0.263 seconds
[2022-10-22T00:01:53.409+0000] {processor.py:156} INFO - Started process (PID=19796) to work on /opt/airflow/dags/hadoop-2.7.3/share/hadoop/mapreduce/sources/hadoop-mapreduce-client-core-2.7.3-sources.jar
[2022-10-22T00:01:53.417+0000] {processor.py:758} INFO - Processing file /opt/airflow/dags/hadoop-2.7.3/share/hadoop/mapreduce/sources/hadoop-mapreduce-client-core-2.7.3-sources.jar for tasks to queue
[2022-10-22T00:01:53.421+0000] {logging_mixin.py:117} INFO - [2022-10-22T00:01:53.420+0000] {dagbag.py:525} INFO - Filling up the DagBag from /opt/airflow/dags/hadoop-2.7.3/share/hadoop/mapreduce/sources/hadoop-mapreduce-client-core-2.7.3-sources.jar
[2022-10-22T00:01:53.484+0000] {processor.py:770} WARNING - No viable dags retrieved from /opt/airflow/dags/hadoop-2.7.3/share/hadoop/mapreduce/sources/hadoop-mapreduce-client-core-2.7.3-sources.jar
[2022-10-22T00:01:53.576+0000] {processor.py:178} INFO - Processing /opt/airflow/dags/hadoop-2.7.3/share/hadoop/mapreduce/sources/hadoop-mapreduce-client-core-2.7.3-sources.jar took 0.185 seconds
[2022-10-22T00:02:04.709+0000] {processor.py:156} INFO - Started process (PID=17567) to work on /opt/airflow/dags/hadoop-2.7.3/share/hadoop/mapreduce/sources/hadoop-mapreduce-client-core-2.7.3-sources.jar
[2022-10-22T00:02:04.713+0000] {processor.py:758} INFO - Processing file /opt/airflow/dags/hadoop-2.7.3/share/hadoop/mapreduce/sources/hadoop-mapreduce-client-core-2.7.3-sources.jar for tasks to queue
[2022-10-22T00:02:04.715+0000] {logging_mixin.py:117} INFO - [2022-10-22T00:02:04.715+0000] {dagbag.py:525} INFO - Filling up the DagBag from /opt/airflow/dags/hadoop-2.7.3/share/hadoop/mapreduce/sources/hadoop-mapreduce-client-core-2.7.3-sources.jar
[2022-10-22T00:02:04.759+0000] {processor.py:770} WARNING - No viable dags retrieved from /opt/airflow/dags/hadoop-2.7.3/share/hadoop/mapreduce/sources/hadoop-mapreduce-client-core-2.7.3-sources.jar
[2022-10-22T00:02:04.829+0000] {processor.py:178} INFO - Processing /opt/airflow/dags/hadoop-2.7.3/share/hadoop/mapreduce/sources/hadoop-mapreduce-client-core-2.7.3-sources.jar took 0.128 seconds
[2022-10-22T00:02:52.650+0000] {processor.py:156} INFO - Started process (PID=20344) to work on /opt/airflow/dags/hadoop-2.7.3/share/hadoop/mapreduce/sources/hadoop-mapreduce-client-core-2.7.3-sources.jar
[2022-10-22T00:02:52.656+0000] {processor.py:758} INFO - Processing file /opt/airflow/dags/hadoop-2.7.3/share/hadoop/mapreduce/sources/hadoop-mapreduce-client-core-2.7.3-sources.jar for tasks to queue
[2022-10-22T00:02:52.659+0000] {logging_mixin.py:117} INFO - [2022-10-22T00:02:52.659+0000] {dagbag.py:525} INFO - Filling up the DagBag from /opt/airflow/dags/hadoop-2.7.3/share/hadoop/mapreduce/sources/hadoop-mapreduce-client-core-2.7.3-sources.jar
[2022-10-22T00:02:52.708+0000] {processor.py:770} WARNING - No viable dags retrieved from /opt/airflow/dags/hadoop-2.7.3/share/hadoop/mapreduce/sources/hadoop-mapreduce-client-core-2.7.3-sources.jar
[2022-10-22T00:02:52.788+0000] {processor.py:178} INFO - Processing /opt/airflow/dags/hadoop-2.7.3/share/hadoop/mapreduce/sources/hadoop-mapreduce-client-core-2.7.3-sources.jar took 0.146 seconds
[2022-10-22T00:03:48.904+0000] {processor.py:156} INFO - Started process (PID=18208) to work on /opt/airflow/dags/hadoop-2.7.3/share/hadoop/mapreduce/sources/hadoop-mapreduce-client-core-2.7.3-sources.jar
[2022-10-22T00:03:48.910+0000] {processor.py:758} INFO - Processing file /opt/airflow/dags/hadoop-2.7.3/share/hadoop/mapreduce/sources/hadoop-mapreduce-client-core-2.7.3-sources.jar for tasks to queue
[2022-10-22T00:03:48.912+0000] {logging_mixin.py:117} INFO - [2022-10-22T00:03:48.912+0000] {dagbag.py:525} INFO - Filling up the DagBag from /opt/airflow/dags/hadoop-2.7.3/share/hadoop/mapreduce/sources/hadoop-mapreduce-client-core-2.7.3-sources.jar
[2022-10-22T00:03:48.933+0000] {processor.py:770} WARNING - No viable dags retrieved from /opt/airflow/dags/hadoop-2.7.3/share/hadoop/mapreduce/sources/hadoop-mapreduce-client-core-2.7.3-sources.jar
[2022-10-22T00:03:48.984+0000] {processor.py:178} INFO - Processing /opt/airflow/dags/hadoop-2.7.3/share/hadoop/mapreduce/sources/hadoop-mapreduce-client-core-2.7.3-sources.jar took 0.093 seconds
[2022-10-22T00:04:14.577+0000] {processor.py:156} INFO - Started process (PID=20824) to work on /opt/airflow/dags/hadoop-2.7.3/share/hadoop/mapreduce/sources/hadoop-mapreduce-client-core-2.7.3-sources.jar
[2022-10-22T00:04:14.580+0000] {processor.py:758} INFO - Processing file /opt/airflow/dags/hadoop-2.7.3/share/hadoop/mapreduce/sources/hadoop-mapreduce-client-core-2.7.3-sources.jar for tasks to queue
[2022-10-22T00:04:14.582+0000] {logging_mixin.py:117} INFO - [2022-10-22T00:04:14.582+0000] {dagbag.py:525} INFO - Filling up the DagBag from /opt/airflow/dags/hadoop-2.7.3/share/hadoop/mapreduce/sources/hadoop-mapreduce-client-core-2.7.3-sources.jar
[2022-10-22T00:04:14.610+0000] {processor.py:770} WARNING - No viable dags retrieved from /opt/airflow/dags/hadoop-2.7.3/share/hadoop/mapreduce/sources/hadoop-mapreduce-client-core-2.7.3-sources.jar
[2022-10-22T00:04:14.669+0000] {processor.py:178} INFO - Processing /opt/airflow/dags/hadoop-2.7.3/share/hadoop/mapreduce/sources/hadoop-mapreduce-client-core-2.7.3-sources.jar took 0.129 seconds
[2022-10-22T00:04:49.099+0000] {processor.py:156} INFO - Started process (PID=18733) to work on /opt/airflow/dags/hadoop-2.7.3/share/hadoop/mapreduce/sources/hadoop-mapreduce-client-core-2.7.3-sources.jar
[2022-10-22T00:04:49.107+0000] {processor.py:758} INFO - Processing file /opt/airflow/dags/hadoop-2.7.3/share/hadoop/mapreduce/sources/hadoop-mapreduce-client-core-2.7.3-sources.jar for tasks to queue
[2022-10-22T00:04:49.110+0000] {logging_mixin.py:117} INFO - [2022-10-22T00:04:49.110+0000] {dagbag.py:525} INFO - Filling up the DagBag from /opt/airflow/dags/hadoop-2.7.3/share/hadoop/mapreduce/sources/hadoop-mapreduce-client-core-2.7.3-sources.jar
[2022-10-22T00:04:49.140+0000] {processor.py:770} WARNING - No viable dags retrieved from /opt/airflow/dags/hadoop-2.7.3/share/hadoop/mapreduce/sources/hadoop-mapreduce-client-core-2.7.3-sources.jar
[2022-10-22T00:04:49.201+0000] {processor.py:178} INFO - Processing /opt/airflow/dags/hadoop-2.7.3/share/hadoop/mapreduce/sources/hadoop-mapreduce-client-core-2.7.3-sources.jar took 0.112 seconds
[2022-10-22T00:05:10.353+0000] {processor.py:156} INFO - Started process (PID=21346) to work on /opt/airflow/dags/hadoop-2.7.3/share/hadoop/mapreduce/sources/hadoop-mapreduce-client-core-2.7.3-sources.jar
[2022-10-22T00:05:10.358+0000] {processor.py:758} INFO - Processing file /opt/airflow/dags/hadoop-2.7.3/share/hadoop/mapreduce/sources/hadoop-mapreduce-client-core-2.7.3-sources.jar for tasks to queue
[2022-10-22T00:05:10.369+0000] {logging_mixin.py:117} INFO - [2022-10-22T00:05:10.362+0000] {dagbag.py:525} INFO - Filling up the DagBag from /opt/airflow/dags/hadoop-2.7.3/share/hadoop/mapreduce/sources/hadoop-mapreduce-client-core-2.7.3-sources.jar
[2022-10-22T00:05:10.404+0000] {processor.py:770} WARNING - No viable dags retrieved from /opt/airflow/dags/hadoop-2.7.3/share/hadoop/mapreduce/sources/hadoop-mapreduce-client-core-2.7.3-sources.jar
[2022-10-22T00:05:10.481+0000] {processor.py:178} INFO - Processing /opt/airflow/dags/hadoop-2.7.3/share/hadoop/mapreduce/sources/hadoop-mapreduce-client-core-2.7.3-sources.jar took 0.137 seconds
[2022-10-22T00:05:42.718+0000] {processor.py:156} INFO - Started process (PID=19258) to work on /opt/airflow/dags/hadoop-2.7.3/share/hadoop/mapreduce/sources/hadoop-mapreduce-client-core-2.7.3-sources.jar
[2022-10-22T00:05:42.721+0000] {processor.py:758} INFO - Processing file /opt/airflow/dags/hadoop-2.7.3/share/hadoop/mapreduce/sources/hadoop-mapreduce-client-core-2.7.3-sources.jar for tasks to queue
[2022-10-22T00:05:42.732+0000] {logging_mixin.py:117} INFO - [2022-10-22T00:05:42.731+0000] {dagbag.py:525} INFO - Filling up the DagBag from /opt/airflow/dags/hadoop-2.7.3/share/hadoop/mapreduce/sources/hadoop-mapreduce-client-core-2.7.3-sources.jar
[2022-10-22T00:05:42.786+0000] {processor.py:770} WARNING - No viable dags retrieved from /opt/airflow/dags/hadoop-2.7.3/share/hadoop/mapreduce/sources/hadoop-mapreduce-client-core-2.7.3-sources.jar
[2022-10-22T00:05:42.828+0000] {processor.py:178} INFO - Processing /opt/airflow/dags/hadoop-2.7.3/share/hadoop/mapreduce/sources/hadoop-mapreduce-client-core-2.7.3-sources.jar took 0.127 seconds
[2022-10-22T00:06:15.142+0000] {processor.py:156} INFO - Started process (PID=21986) to work on /opt/airflow/dags/hadoop-2.7.3/share/hadoop/mapreduce/sources/hadoop-mapreduce-client-core-2.7.3-sources.jar
[2022-10-22T00:06:15.152+0000] {processor.py:758} INFO - Processing file /opt/airflow/dags/hadoop-2.7.3/share/hadoop/mapreduce/sources/hadoop-mapreduce-client-core-2.7.3-sources.jar for tasks to queue
[2022-10-22T00:06:15.154+0000] {logging_mixin.py:117} INFO - [2022-10-22T00:06:15.154+0000] {dagbag.py:525} INFO - Filling up the DagBag from /opt/airflow/dags/hadoop-2.7.3/share/hadoop/mapreduce/sources/hadoop-mapreduce-client-core-2.7.3-sources.jar
[2022-10-22T00:06:15.183+0000] {processor.py:770} WARNING - No viable dags retrieved from /opt/airflow/dags/hadoop-2.7.3/share/hadoop/mapreduce/sources/hadoop-mapreduce-client-core-2.7.3-sources.jar
[2022-10-22T00:06:15.240+0000] {processor.py:178} INFO - Processing /opt/airflow/dags/hadoop-2.7.3/share/hadoop/mapreduce/sources/hadoop-mapreduce-client-core-2.7.3-sources.jar took 0.118 seconds
[2022-10-22T00:06:37.284+0000] {processor.py:156} INFO - Started process (PID=19778) to work on /opt/airflow/dags/hadoop-2.7.3/share/hadoop/mapreduce/sources/hadoop-mapreduce-client-core-2.7.3-sources.jar
[2022-10-22T00:06:37.288+0000] {processor.py:758} INFO - Processing file /opt/airflow/dags/hadoop-2.7.3/share/hadoop/mapreduce/sources/hadoop-mapreduce-client-core-2.7.3-sources.jar for tasks to queue
[2022-10-22T00:06:37.293+0000] {logging_mixin.py:117} INFO - [2022-10-22T00:06:37.292+0000] {dagbag.py:525} INFO - Filling up the DagBag from /opt/airflow/dags/hadoop-2.7.3/share/hadoop/mapreduce/sources/hadoop-mapreduce-client-core-2.7.3-sources.jar
[2022-10-22T00:06:37.327+0000] {processor.py:770} WARNING - No viable dags retrieved from /opt/airflow/dags/hadoop-2.7.3/share/hadoop/mapreduce/sources/hadoop-mapreduce-client-core-2.7.3-sources.jar
[2022-10-22T00:06:37.377+0000] {processor.py:178} INFO - Processing /opt/airflow/dags/hadoop-2.7.3/share/hadoop/mapreduce/sources/hadoop-mapreduce-client-core-2.7.3-sources.jar took 0.101 seconds
[2022-10-22T00:07:01.753+0000] {processor.py:156} INFO - Started process (PID=22458) to work on /opt/airflow/dags/hadoop-2.7.3/share/hadoop/mapreduce/sources/hadoop-mapreduce-client-core-2.7.3-sources.jar
[2022-10-22T00:07:01.757+0000] {processor.py:758} INFO - Processing file /opt/airflow/dags/hadoop-2.7.3/share/hadoop/mapreduce/sources/hadoop-mapreduce-client-core-2.7.3-sources.jar for tasks to queue
[2022-10-22T00:07:01.759+0000] {logging_mixin.py:117} INFO - [2022-10-22T00:07:01.759+0000] {dagbag.py:525} INFO - Filling up the DagBag from /opt/airflow/dags/hadoop-2.7.3/share/hadoop/mapreduce/sources/hadoop-mapreduce-client-core-2.7.3-sources.jar
[2022-10-22T00:07:01.793+0000] {processor.py:770} WARNING - No viable dags retrieved from /opt/airflow/dags/hadoop-2.7.3/share/hadoop/mapreduce/sources/hadoop-mapreduce-client-core-2.7.3-sources.jar
[2022-10-22T00:07:01.834+0000] {processor.py:178} INFO - Processing /opt/airflow/dags/hadoop-2.7.3/share/hadoop/mapreduce/sources/hadoop-mapreduce-client-core-2.7.3-sources.jar took 0.089 seconds
[2022-10-22T00:08:25.675+0000] {processor.py:156} INFO - Started process (PID=20448) to work on /opt/airflow/dags/hadoop-2.7.3/share/hadoop/mapreduce/sources/hadoop-mapreduce-client-core-2.7.3-sources.jar
[2022-10-22T00:08:25.678+0000] {processor.py:758} INFO - Processing file /opt/airflow/dags/hadoop-2.7.3/share/hadoop/mapreduce/sources/hadoop-mapreduce-client-core-2.7.3-sources.jar for tasks to queue
[2022-10-22T00:08:25.681+0000] {logging_mixin.py:117} INFO - [2022-10-22T00:08:25.680+0000] {dagbag.py:525} INFO - Filling up the DagBag from /opt/airflow/dags/hadoop-2.7.3/share/hadoop/mapreduce/sources/hadoop-mapreduce-client-core-2.7.3-sources.jar
[2022-10-22T00:08:25.721+0000] {processor.py:770} WARNING - No viable dags retrieved from /opt/airflow/dags/hadoop-2.7.3/share/hadoop/mapreduce/sources/hadoop-mapreduce-client-core-2.7.3-sources.jar
[2022-10-22T00:08:25.767+0000] {processor.py:178} INFO - Processing /opt/airflow/dags/hadoop-2.7.3/share/hadoop/mapreduce/sources/hadoop-mapreduce-client-core-2.7.3-sources.jar took 0.105 seconds
[2022-10-22T00:08:48.820+0000] {processor.py:156} INFO - Started process (PID=23148) to work on /opt/airflow/dags/hadoop-2.7.3/share/hadoop/mapreduce/sources/hadoop-mapreduce-client-core-2.7.3-sources.jar
[2022-10-22T00:08:48.824+0000] {processor.py:758} INFO - Processing file /opt/airflow/dags/hadoop-2.7.3/share/hadoop/mapreduce/sources/hadoop-mapreduce-client-core-2.7.3-sources.jar for tasks to queue
[2022-10-22T00:08:48.826+0000] {logging_mixin.py:117} INFO - [2022-10-22T00:08:48.826+0000] {dagbag.py:525} INFO - Filling up the DagBag from /opt/airflow/dags/hadoop-2.7.3/share/hadoop/mapreduce/sources/hadoop-mapreduce-client-core-2.7.3-sources.jar
[2022-10-22T00:08:48.858+0000] {processor.py:770} WARNING - No viable dags retrieved from /opt/airflow/dags/hadoop-2.7.3/share/hadoop/mapreduce/sources/hadoop-mapreduce-client-core-2.7.3-sources.jar
[2022-10-22T00:08:48.916+0000] {processor.py:178} INFO - Processing /opt/airflow/dags/hadoop-2.7.3/share/hadoop/mapreduce/sources/hadoop-mapreduce-client-core-2.7.3-sources.jar took 0.103 seconds
[2022-10-22T00:09:35.540+0000] {processor.py:156} INFO - Started process (PID=21084) to work on /opt/airflow/dags/hadoop-2.7.3/share/hadoop/mapreduce/sources/hadoop-mapreduce-client-core-2.7.3-sources.jar
[2022-10-22T00:09:35.542+0000] {processor.py:758} INFO - Processing file /opt/airflow/dags/hadoop-2.7.3/share/hadoop/mapreduce/sources/hadoop-mapreduce-client-core-2.7.3-sources.jar for tasks to queue
[2022-10-22T00:09:35.544+0000] {logging_mixin.py:117} INFO - [2022-10-22T00:09:35.544+0000] {dagbag.py:525} INFO - Filling up the DagBag from /opt/airflow/dags/hadoop-2.7.3/share/hadoop/mapreduce/sources/hadoop-mapreduce-client-core-2.7.3-sources.jar
[2022-10-22T00:09:35.592+0000] {processor.py:770} WARNING - No viable dags retrieved from /opt/airflow/dags/hadoop-2.7.3/share/hadoop/mapreduce/sources/hadoop-mapreduce-client-core-2.7.3-sources.jar
[2022-10-22T00:09:35.670+0000] {processor.py:178} INFO - Processing /opt/airflow/dags/hadoop-2.7.3/share/hadoop/mapreduce/sources/hadoop-mapreduce-client-core-2.7.3-sources.jar took 0.150 seconds
[2022-10-22T00:09:45.582+0000] {processor.py:156} INFO - Started process (PID=23690) to work on /opt/airflow/dags/hadoop-2.7.3/share/hadoop/mapreduce/sources/hadoop-mapreduce-client-core-2.7.3-sources.jar
[2022-10-22T00:09:45.586+0000] {processor.py:758} INFO - Processing file /opt/airflow/dags/hadoop-2.7.3/share/hadoop/mapreduce/sources/hadoop-mapreduce-client-core-2.7.3-sources.jar for tasks to queue
[2022-10-22T00:09:45.588+0000] {logging_mixin.py:117} INFO - [2022-10-22T00:09:45.588+0000] {dagbag.py:525} INFO - Filling up the DagBag from /opt/airflow/dags/hadoop-2.7.3/share/hadoop/mapreduce/sources/hadoop-mapreduce-client-core-2.7.3-sources.jar
[2022-10-22T00:09:45.611+0000] {processor.py:770} WARNING - No viable dags retrieved from /opt/airflow/dags/hadoop-2.7.3/share/hadoop/mapreduce/sources/hadoop-mapreduce-client-core-2.7.3-sources.jar
[2022-10-22T00:09:45.655+0000] {processor.py:178} INFO - Processing /opt/airflow/dags/hadoop-2.7.3/share/hadoop/mapreduce/sources/hadoop-mapreduce-client-core-2.7.3-sources.jar took 0.080 seconds
[2022-10-22T00:11:32.630+0000] {processor.py:156} INFO - Started process (PID=24131) to work on /opt/airflow/dags/hadoop-2.7.3/share/hadoop/mapreduce/sources/hadoop-mapreduce-client-core-2.7.3-sources.jar
[2022-10-22T00:11:32.632+0000] {processor.py:758} INFO - Processing file /opt/airflow/dags/hadoop-2.7.3/share/hadoop/mapreduce/sources/hadoop-mapreduce-client-core-2.7.3-sources.jar for tasks to queue
[2022-10-22T00:11:32.635+0000] {logging_mixin.py:117} INFO - [2022-10-22T00:11:32.633+0000] {dagbag.py:525} INFO - Filling up the DagBag from /opt/airflow/dags/hadoop-2.7.3/share/hadoop/mapreduce/sources/hadoop-mapreduce-client-core-2.7.3-sources.jar
[2022-10-22T00:11:32.659+0000] {processor.py:770} WARNING - No viable dags retrieved from /opt/airflow/dags/hadoop-2.7.3/share/hadoop/mapreduce/sources/hadoop-mapreduce-client-core-2.7.3-sources.jar
[2022-10-22T00:11:32.705+0000] {processor.py:178} INFO - Processing /opt/airflow/dags/hadoop-2.7.3/share/hadoop/mapreduce/sources/hadoop-mapreduce-client-core-2.7.3-sources.jar took 0.083 seconds
[2022-10-22T00:11:35.956+0000] {processor.py:156} INFO - Started process (PID=21698) to work on /opt/airflow/dags/hadoop-2.7.3/share/hadoop/mapreduce/sources/hadoop-mapreduce-client-core-2.7.3-sources.jar
[2022-10-22T00:11:35.957+0000] {processor.py:758} INFO - Processing file /opt/airflow/dags/hadoop-2.7.3/share/hadoop/mapreduce/sources/hadoop-mapreduce-client-core-2.7.3-sources.jar for tasks to queue
[2022-10-22T00:11:35.959+0000] {logging_mixin.py:117} INFO - [2022-10-22T00:11:35.959+0000] {dagbag.py:525} INFO - Filling up the DagBag from /opt/airflow/dags/hadoop-2.7.3/share/hadoop/mapreduce/sources/hadoop-mapreduce-client-core-2.7.3-sources.jar
[2022-10-22T00:11:35.995+0000] {processor.py:770} WARNING - No viable dags retrieved from /opt/airflow/dags/hadoop-2.7.3/share/hadoop/mapreduce/sources/hadoop-mapreduce-client-core-2.7.3-sources.jar
[2022-10-22T00:11:36.024+0000] {processor.py:178} INFO - Processing /opt/airflow/dags/hadoop-2.7.3/share/hadoop/mapreduce/sources/hadoop-mapreduce-client-core-2.7.3-sources.jar took 0.074 seconds
[2022-10-22T00:12:14.578+0000] {processor.py:156} INFO - Started process (PID=24648) to work on /opt/airflow/dags/hadoop-2.7.3/share/hadoop/mapreduce/sources/hadoop-mapreduce-client-core-2.7.3-sources.jar
[2022-10-22T00:12:14.591+0000] {processor.py:758} INFO - Processing file /opt/airflow/dags/hadoop-2.7.3/share/hadoop/mapreduce/sources/hadoop-mapreduce-client-core-2.7.3-sources.jar for tasks to queue
[2022-10-22T00:12:14.598+0000] {logging_mixin.py:117} INFO - [2022-10-22T00:12:14.596+0000] {dagbag.py:525} INFO - Filling up the DagBag from /opt/airflow/dags/hadoop-2.7.3/share/hadoop/mapreduce/sources/hadoop-mapreduce-client-core-2.7.3-sources.jar
[2022-10-22T00:12:14.643+0000] {processor.py:770} WARNING - No viable dags retrieved from /opt/airflow/dags/hadoop-2.7.3/share/hadoop/mapreduce/sources/hadoop-mapreduce-client-core-2.7.3-sources.jar
[2022-10-22T00:12:14.757+0000] {processor.py:178} INFO - Processing /opt/airflow/dags/hadoop-2.7.3/share/hadoop/mapreduce/sources/hadoop-mapreduce-client-core-2.7.3-sources.jar took 0.200 seconds
[2022-10-22T00:12:24.387+0000] {processor.py:156} INFO - Started process (PID=22215) to work on /opt/airflow/dags/hadoop-2.7.3/share/hadoop/mapreduce/sources/hadoop-mapreduce-client-core-2.7.3-sources.jar
[2022-10-22T00:12:24.390+0000] {processor.py:758} INFO - Processing file /opt/airflow/dags/hadoop-2.7.3/share/hadoop/mapreduce/sources/hadoop-mapreduce-client-core-2.7.3-sources.jar for tasks to queue
[2022-10-22T00:12:24.396+0000] {logging_mixin.py:117} INFO - [2022-10-22T00:12:24.395+0000] {dagbag.py:525} INFO - Filling up the DagBag from /opt/airflow/dags/hadoop-2.7.3/share/hadoop/mapreduce/sources/hadoop-mapreduce-client-core-2.7.3-sources.jar
[2022-10-22T00:12:24.433+0000] {processor.py:770} WARNING - No viable dags retrieved from /opt/airflow/dags/hadoop-2.7.3/share/hadoop/mapreduce/sources/hadoop-mapreduce-client-core-2.7.3-sources.jar
[2022-10-22T00:12:24.478+0000] {processor.py:178} INFO - Processing /opt/airflow/dags/hadoop-2.7.3/share/hadoop/mapreduce/sources/hadoop-mapreduce-client-core-2.7.3-sources.jar took 0.119 seconds
[2022-10-22T00:15:28.457+0000] {processor.py:156} INFO - Started process (PID=22711) to work on /opt/airflow/dags/hadoop-2.7.3/share/hadoop/mapreduce/sources/hadoop-mapreduce-client-core-2.7.3-sources.jar
[2022-10-22T00:15:28.465+0000] {processor.py:758} INFO - Processing file /opt/airflow/dags/hadoop-2.7.3/share/hadoop/mapreduce/sources/hadoop-mapreduce-client-core-2.7.3-sources.jar for tasks to queue
[2022-10-22T00:15:28.474+0000] {logging_mixin.py:117} INFO - [2022-10-22T00:15:28.473+0000] {dagbag.py:525} INFO - Filling up the DagBag from /opt/airflow/dags/hadoop-2.7.3/share/hadoop/mapreduce/sources/hadoop-mapreduce-client-core-2.7.3-sources.jar
[2022-10-22T00:15:28.502+0000] {processor.py:770} WARNING - No viable dags retrieved from /opt/airflow/dags/hadoop-2.7.3/share/hadoop/mapreduce/sources/hadoop-mapreduce-client-core-2.7.3-sources.jar
[2022-10-22T00:15:28.536+0000] {processor.py:178} INFO - Processing /opt/airflow/dags/hadoop-2.7.3/share/hadoop/mapreduce/sources/hadoop-mapreduce-client-core-2.7.3-sources.jar took 0.101 seconds
[2022-10-22T00:15:42.165+0000] {processor.py:156} INFO - Started process (PID=25274) to work on /opt/airflow/dags/hadoop-2.7.3/share/hadoop/mapreduce/sources/hadoop-mapreduce-client-core-2.7.3-sources.jar
[2022-10-22T00:15:42.170+0000] {processor.py:758} INFO - Processing file /opt/airflow/dags/hadoop-2.7.3/share/hadoop/mapreduce/sources/hadoop-mapreduce-client-core-2.7.3-sources.jar for tasks to queue
[2022-10-22T00:15:42.172+0000] {logging_mixin.py:117} INFO - [2022-10-22T00:15:42.172+0000] {dagbag.py:525} INFO - Filling up the DagBag from /opt/airflow/dags/hadoop-2.7.3/share/hadoop/mapreduce/sources/hadoop-mapreduce-client-core-2.7.3-sources.jar
[2022-10-22T00:15:42.214+0000] {processor.py:770} WARNING - No viable dags retrieved from /opt/airflow/dags/hadoop-2.7.3/share/hadoop/mapreduce/sources/hadoop-mapreduce-client-core-2.7.3-sources.jar
[2022-10-22T00:15:42.259+0000] {processor.py:178} INFO - Processing /opt/airflow/dags/hadoop-2.7.3/share/hadoop/mapreduce/sources/hadoop-mapreduce-client-core-2.7.3-sources.jar took 0.101 seconds
[2022-10-22T00:16:16.751+0000] {processor.py:156} INFO - Started process (PID=23227) to work on /opt/airflow/dags/hadoop-2.7.3/share/hadoop/mapreduce/sources/hadoop-mapreduce-client-core-2.7.3-sources.jar
[2022-10-22T00:16:16.754+0000] {processor.py:758} INFO - Processing file /opt/airflow/dags/hadoop-2.7.3/share/hadoop/mapreduce/sources/hadoop-mapreduce-client-core-2.7.3-sources.jar for tasks to queue
[2022-10-22T00:16:16.762+0000] {logging_mixin.py:117} INFO - [2022-10-22T00:16:16.762+0000] {dagbag.py:525} INFO - Filling up the DagBag from /opt/airflow/dags/hadoop-2.7.3/share/hadoop/mapreduce/sources/hadoop-mapreduce-client-core-2.7.3-sources.jar
[2022-10-22T00:16:16.782+0000] {processor.py:770} WARNING - No viable dags retrieved from /opt/airflow/dags/hadoop-2.7.3/share/hadoop/mapreduce/sources/hadoop-mapreduce-client-core-2.7.3-sources.jar
[2022-10-22T00:16:16.821+0000] {processor.py:178} INFO - Processing /opt/airflow/dags/hadoop-2.7.3/share/hadoop/mapreduce/sources/hadoop-mapreduce-client-core-2.7.3-sources.jar took 0.076 seconds
[2022-10-22T00:16:27.642+0000] {processor.py:156} INFO - Started process (PID=25790) to work on /opt/airflow/dags/hadoop-2.7.3/share/hadoop/mapreduce/sources/hadoop-mapreduce-client-core-2.7.3-sources.jar
[2022-10-22T00:16:27.656+0000] {processor.py:758} INFO - Processing file /opt/airflow/dags/hadoop-2.7.3/share/hadoop/mapreduce/sources/hadoop-mapreduce-client-core-2.7.3-sources.jar for tasks to queue
[2022-10-22T00:16:27.661+0000] {logging_mixin.py:117} INFO - [2022-10-22T00:16:27.661+0000] {dagbag.py:525} INFO - Filling up the DagBag from /opt/airflow/dags/hadoop-2.7.3/share/hadoop/mapreduce/sources/hadoop-mapreduce-client-core-2.7.3-sources.jar
[2022-10-22T00:16:27.685+0000] {processor.py:770} WARNING - No viable dags retrieved from /opt/airflow/dags/hadoop-2.7.3/share/hadoop/mapreduce/sources/hadoop-mapreduce-client-core-2.7.3-sources.jar
[2022-10-22T00:16:27.716+0000] {processor.py:178} INFO - Processing /opt/airflow/dags/hadoop-2.7.3/share/hadoop/mapreduce/sources/hadoop-mapreduce-client-core-2.7.3-sources.jar took 0.084 seconds
[2022-10-22T00:17:07.972+0000] {processor.py:156} INFO - Started process (PID=23762) to work on /opt/airflow/dags/hadoop-2.7.3/share/hadoop/mapreduce/sources/hadoop-mapreduce-client-core-2.7.3-sources.jar
[2022-10-22T00:17:07.975+0000] {processor.py:758} INFO - Processing file /opt/airflow/dags/hadoop-2.7.3/share/hadoop/mapreduce/sources/hadoop-mapreduce-client-core-2.7.3-sources.jar for tasks to queue
[2022-10-22T00:17:07.978+0000] {logging_mixin.py:117} INFO - [2022-10-22T00:17:07.978+0000] {dagbag.py:525} INFO - Filling up the DagBag from /opt/airflow/dags/hadoop-2.7.3/share/hadoop/mapreduce/sources/hadoop-mapreduce-client-core-2.7.3-sources.jar
[2022-10-22T00:17:08.006+0000] {processor.py:770} WARNING - No viable dags retrieved from /opt/airflow/dags/hadoop-2.7.3/share/hadoop/mapreduce/sources/hadoop-mapreduce-client-core-2.7.3-sources.jar
[2022-10-22T00:17:08.066+0000] {processor.py:178} INFO - Processing /opt/airflow/dags/hadoop-2.7.3/share/hadoop/mapreduce/sources/hadoop-mapreduce-client-core-2.7.3-sources.jar took 0.109 seconds
[2022-10-22T00:17:17.734+0000] {processor.py:156} INFO - Started process (PID=26321) to work on /opt/airflow/dags/hadoop-2.7.3/share/hadoop/mapreduce/sources/hadoop-mapreduce-client-core-2.7.3-sources.jar
[2022-10-22T00:17:17.736+0000] {processor.py:758} INFO - Processing file /opt/airflow/dags/hadoop-2.7.3/share/hadoop/mapreduce/sources/hadoop-mapreduce-client-core-2.7.3-sources.jar for tasks to queue
[2022-10-22T00:17:17.738+0000] {logging_mixin.py:117} INFO - [2022-10-22T00:17:17.738+0000] {dagbag.py:525} INFO - Filling up the DagBag from /opt/airflow/dags/hadoop-2.7.3/share/hadoop/mapreduce/sources/hadoop-mapreduce-client-core-2.7.3-sources.jar
[2022-10-22T00:17:17.789+0000] {processor.py:770} WARNING - No viable dags retrieved from /opt/airflow/dags/hadoop-2.7.3/share/hadoop/mapreduce/sources/hadoop-mapreduce-client-core-2.7.3-sources.jar
[2022-10-22T00:17:17.848+0000] {processor.py:178} INFO - Processing /opt/airflow/dags/hadoop-2.7.3/share/hadoop/mapreduce/sources/hadoop-mapreduce-client-core-2.7.3-sources.jar took 0.133 seconds
[2022-10-22T00:18:07.405+0000] {processor.py:156} INFO - Started process (PID=24379) to work on /opt/airflow/dags/hadoop-2.7.3/share/hadoop/mapreduce/sources/hadoop-mapreduce-client-core-2.7.3-sources.jar
[2022-10-22T00:18:07.413+0000] {processor.py:758} INFO - Processing file /opt/airflow/dags/hadoop-2.7.3/share/hadoop/mapreduce/sources/hadoop-mapreduce-client-core-2.7.3-sources.jar for tasks to queue
[2022-10-22T00:18:07.418+0000] {logging_mixin.py:117} INFO - [2022-10-22T00:18:07.418+0000] {dagbag.py:525} INFO - Filling up the DagBag from /opt/airflow/dags/hadoop-2.7.3/share/hadoop/mapreduce/sources/hadoop-mapreduce-client-core-2.7.3-sources.jar
[2022-10-22T00:18:07.439+0000] {processor.py:770} WARNING - No viable dags retrieved from /opt/airflow/dags/hadoop-2.7.3/share/hadoop/mapreduce/sources/hadoop-mapreduce-client-core-2.7.3-sources.jar
[2022-10-22T00:18:07.487+0000] {processor.py:178} INFO - Processing /opt/airflow/dags/hadoop-2.7.3/share/hadoop/mapreduce/sources/hadoop-mapreduce-client-core-2.7.3-sources.jar took 0.095 seconds
[2022-10-22T00:18:12.913+0000] {processor.py:156} INFO - Started process (PID=26910) to work on /opt/airflow/dags/hadoop-2.7.3/share/hadoop/mapreduce/sources/hadoop-mapreduce-client-core-2.7.3-sources.jar
[2022-10-22T00:18:12.917+0000] {processor.py:758} INFO - Processing file /opt/airflow/dags/hadoop-2.7.3/share/hadoop/mapreduce/sources/hadoop-mapreduce-client-core-2.7.3-sources.jar for tasks to queue
[2022-10-22T00:18:12.924+0000] {logging_mixin.py:117} INFO - [2022-10-22T00:18:12.923+0000] {dagbag.py:525} INFO - Filling up the DagBag from /opt/airflow/dags/hadoop-2.7.3/share/hadoop/mapreduce/sources/hadoop-mapreduce-client-core-2.7.3-sources.jar
[2022-10-22T00:18:12.949+0000] {processor.py:770} WARNING - No viable dags retrieved from /opt/airflow/dags/hadoop-2.7.3/share/hadoop/mapreduce/sources/hadoop-mapreduce-client-core-2.7.3-sources.jar
[2022-10-22T00:18:13.008+0000] {processor.py:178} INFO - Processing /opt/airflow/dags/hadoop-2.7.3/share/hadoop/mapreduce/sources/hadoop-mapreduce-client-core-2.7.3-sources.jar took 0.110 seconds
[2022-10-22T00:19:06.513+0000] {processor.py:156} INFO - Started process (PID=24982) to work on /opt/airflow/dags/hadoop-2.7.3/share/hadoop/mapreduce/sources/hadoop-mapreduce-client-core-2.7.3-sources.jar
[2022-10-22T00:19:06.517+0000] {processor.py:758} INFO - Processing file /opt/airflow/dags/hadoop-2.7.3/share/hadoop/mapreduce/sources/hadoop-mapreduce-client-core-2.7.3-sources.jar for tasks to queue
[2022-10-22T00:19:06.521+0000] {logging_mixin.py:117} INFO - [2022-10-22T00:19:06.520+0000] {dagbag.py:525} INFO - Filling up the DagBag from /opt/airflow/dags/hadoop-2.7.3/share/hadoop/mapreduce/sources/hadoop-mapreduce-client-core-2.7.3-sources.jar
[2022-10-22T00:19:06.554+0000] {processor.py:770} WARNING - No viable dags retrieved from /opt/airflow/dags/hadoop-2.7.3/share/hadoop/mapreduce/sources/hadoop-mapreduce-client-core-2.7.3-sources.jar
[2022-10-22T00:19:06.608+0000] {processor.py:178} INFO - Processing /opt/airflow/dags/hadoop-2.7.3/share/hadoop/mapreduce/sources/hadoop-mapreduce-client-core-2.7.3-sources.jar took 0.106 seconds
[2022-10-22T00:19:06.840+0000] {processor.py:156} INFO - Started process (PID=27482) to work on /opt/airflow/dags/hadoop-2.7.3/share/hadoop/mapreduce/sources/hadoop-mapreduce-client-core-2.7.3-sources.jar
[2022-10-22T00:19:06.843+0000] {processor.py:758} INFO - Processing file /opt/airflow/dags/hadoop-2.7.3/share/hadoop/mapreduce/sources/hadoop-mapreduce-client-core-2.7.3-sources.jar for tasks to queue
[2022-10-22T00:19:06.845+0000] {logging_mixin.py:117} INFO - [2022-10-22T00:19:06.845+0000] {dagbag.py:525} INFO - Filling up the DagBag from /opt/airflow/dags/hadoop-2.7.3/share/hadoop/mapreduce/sources/hadoop-mapreduce-client-core-2.7.3-sources.jar
[2022-10-22T00:19:06.873+0000] {processor.py:770} WARNING - No viable dags retrieved from /opt/airflow/dags/hadoop-2.7.3/share/hadoop/mapreduce/sources/hadoop-mapreduce-client-core-2.7.3-sources.jar
[2022-10-22T00:19:06.942+0000] {processor.py:178} INFO - Processing /opt/airflow/dags/hadoop-2.7.3/share/hadoop/mapreduce/sources/hadoop-mapreduce-client-core-2.7.3-sources.jar took 0.114 seconds
[2022-10-22T00:20:45.335+0000] {processor.py:156} INFO - Started process (PID=25620) to work on /opt/airflow/dags/hadoop-2.7.3/share/hadoop/mapreduce/sources/hadoop-mapreduce-client-core-2.7.3-sources.jar
[2022-10-22T00:20:45.341+0000] {processor.py:758} INFO - Processing file /opt/airflow/dags/hadoop-2.7.3/share/hadoop/mapreduce/sources/hadoop-mapreduce-client-core-2.7.3-sources.jar for tasks to queue
[2022-10-22T00:20:45.346+0000] {logging_mixin.py:117} INFO - [2022-10-22T00:20:45.346+0000] {dagbag.py:525} INFO - Filling up the DagBag from /opt/airflow/dags/hadoop-2.7.3/share/hadoop/mapreduce/sources/hadoop-mapreduce-client-core-2.7.3-sources.jar
[2022-10-22T00:20:45.378+0000] {processor.py:770} WARNING - No viable dags retrieved from /opt/airflow/dags/hadoop-2.7.3/share/hadoop/mapreduce/sources/hadoop-mapreduce-client-core-2.7.3-sources.jar
[2022-10-22T00:20:45.426+0000] {processor.py:178} INFO - Processing /opt/airflow/dags/hadoop-2.7.3/share/hadoop/mapreduce/sources/hadoop-mapreduce-client-core-2.7.3-sources.jar took 0.109 seconds
[2022-10-22T00:20:48.431+0000] {processor.py:156} INFO - Started process (PID=28170) to work on /opt/airflow/dags/hadoop-2.7.3/share/hadoop/mapreduce/sources/hadoop-mapreduce-client-core-2.7.3-sources.jar
[2022-10-22T00:20:48.437+0000] {processor.py:758} INFO - Processing file /opt/airflow/dags/hadoop-2.7.3/share/hadoop/mapreduce/sources/hadoop-mapreduce-client-core-2.7.3-sources.jar for tasks to queue
[2022-10-22T00:20:48.441+0000] {logging_mixin.py:117} INFO - [2022-10-22T00:20:48.441+0000] {dagbag.py:525} INFO - Filling up the DagBag from /opt/airflow/dags/hadoop-2.7.3/share/hadoop/mapreduce/sources/hadoop-mapreduce-client-core-2.7.3-sources.jar
[2022-10-22T00:20:48.465+0000] {processor.py:770} WARNING - No viable dags retrieved from /opt/airflow/dags/hadoop-2.7.3/share/hadoop/mapreduce/sources/hadoop-mapreduce-client-core-2.7.3-sources.jar
[2022-10-22T00:20:48.518+0000] {processor.py:178} INFO - Processing /opt/airflow/dags/hadoop-2.7.3/share/hadoop/mapreduce/sources/hadoop-mapreduce-client-core-2.7.3-sources.jar took 0.103 seconds
[2022-10-22T00:21:38.747+0000] {processor.py:156} INFO - Started process (PID=26136) to work on /opt/airflow/dags/hadoop-2.7.3/share/hadoop/mapreduce/sources/hadoop-mapreduce-client-core-2.7.3-sources.jar
[2022-10-22T00:21:38.750+0000] {processor.py:758} INFO - Processing file /opt/airflow/dags/hadoop-2.7.3/share/hadoop/mapreduce/sources/hadoop-mapreduce-client-core-2.7.3-sources.jar for tasks to queue
[2022-10-22T00:21:38.753+0000] {logging_mixin.py:117} INFO - [2022-10-22T00:21:38.752+0000] {dagbag.py:525} INFO - Filling up the DagBag from /opt/airflow/dags/hadoop-2.7.3/share/hadoop/mapreduce/sources/hadoop-mapreduce-client-core-2.7.3-sources.jar
[2022-10-22T00:21:38.781+0000] {processor.py:770} WARNING - No viable dags retrieved from /opt/airflow/dags/hadoop-2.7.3/share/hadoop/mapreduce/sources/hadoop-mapreduce-client-core-2.7.3-sources.jar
[2022-10-22T00:21:38.814+0000] {processor.py:178} INFO - Processing /opt/airflow/dags/hadoop-2.7.3/share/hadoop/mapreduce/sources/hadoop-mapreduce-client-core-2.7.3-sources.jar took 0.088 seconds
[2022-10-22T00:21:41.058+0000] {processor.py:156} INFO - Started process (PID=28694) to work on /opt/airflow/dags/hadoop-2.7.3/share/hadoop/mapreduce/sources/hadoop-mapreduce-client-core-2.7.3-sources.jar
[2022-10-22T00:21:41.065+0000] {processor.py:758} INFO - Processing file /opt/airflow/dags/hadoop-2.7.3/share/hadoop/mapreduce/sources/hadoop-mapreduce-client-core-2.7.3-sources.jar for tasks to queue
[2022-10-22T00:21:41.067+0000] {logging_mixin.py:117} INFO - [2022-10-22T00:21:41.067+0000] {dagbag.py:525} INFO - Filling up the DagBag from /opt/airflow/dags/hadoop-2.7.3/share/hadoop/mapreduce/sources/hadoop-mapreduce-client-core-2.7.3-sources.jar
[2022-10-22T00:21:41.095+0000] {processor.py:770} WARNING - No viable dags retrieved from /opt/airflow/dags/hadoop-2.7.3/share/hadoop/mapreduce/sources/hadoop-mapreduce-client-core-2.7.3-sources.jar
[2022-10-22T00:21:41.128+0000] {processor.py:178} INFO - Processing /opt/airflow/dags/hadoop-2.7.3/share/hadoop/mapreduce/sources/hadoop-mapreduce-client-core-2.7.3-sources.jar took 0.082 seconds
[2022-10-22T00:22:35.469+0000] {processor.py:156} INFO - Started process (PID=29216) to work on /opt/airflow/dags/hadoop-2.7.3/share/hadoop/mapreduce/sources/hadoop-mapreduce-client-core-2.7.3-sources.jar
[2022-10-22T00:22:35.472+0000] {processor.py:758} INFO - Processing file /opt/airflow/dags/hadoop-2.7.3/share/hadoop/mapreduce/sources/hadoop-mapreduce-client-core-2.7.3-sources.jar for tasks to queue
[2022-10-22T00:22:35.474+0000] {logging_mixin.py:117} INFO - [2022-10-22T00:22:35.474+0000] {dagbag.py:525} INFO - Filling up the DagBag from /opt/airflow/dags/hadoop-2.7.3/share/hadoop/mapreduce/sources/hadoop-mapreduce-client-core-2.7.3-sources.jar
[2022-10-22T00:22:35.507+0000] {processor.py:770} WARNING - No viable dags retrieved from /opt/airflow/dags/hadoop-2.7.3/share/hadoop/mapreduce/sources/hadoop-mapreduce-client-core-2.7.3-sources.jar
[2022-10-22T00:22:35.555+0000] {processor.py:178} INFO - Processing /opt/airflow/dags/hadoop-2.7.3/share/hadoop/mapreduce/sources/hadoop-mapreduce-client-core-2.7.3-sources.jar took 0.095 seconds
[2022-10-22T00:22:47.444+0000] {processor.py:156} INFO - Started process (PID=26764) to work on /opt/airflow/dags/hadoop-2.7.3/share/hadoop/mapreduce/sources/hadoop-mapreduce-client-core-2.7.3-sources.jar
[2022-10-22T00:22:47.454+0000] {processor.py:758} INFO - Processing file /opt/airflow/dags/hadoop-2.7.3/share/hadoop/mapreduce/sources/hadoop-mapreduce-client-core-2.7.3-sources.jar for tasks to queue
[2022-10-22T00:22:47.457+0000] {logging_mixin.py:117} INFO - [2022-10-22T00:22:47.456+0000] {dagbag.py:525} INFO - Filling up the DagBag from /opt/airflow/dags/hadoop-2.7.3/share/hadoop/mapreduce/sources/hadoop-mapreduce-client-core-2.7.3-sources.jar
[2022-10-22T00:22:47.505+0000] {processor.py:770} WARNING - No viable dags retrieved from /opt/airflow/dags/hadoop-2.7.3/share/hadoop/mapreduce/sources/hadoop-mapreduce-client-core-2.7.3-sources.jar
[2022-10-22T00:22:47.618+0000] {processor.py:178} INFO - Processing /opt/airflow/dags/hadoop-2.7.3/share/hadoop/mapreduce/sources/hadoop-mapreduce-client-core-2.7.3-sources.jar took 0.194 seconds
[2022-10-22T00:23:22.529+0000] {processor.py:156} INFO - Started process (PID=29683) to work on /opt/airflow/dags/hadoop-2.7.3/share/hadoop/mapreduce/sources/hadoop-mapreduce-client-core-2.7.3-sources.jar
[2022-10-22T00:23:22.532+0000] {processor.py:758} INFO - Processing file /opt/airflow/dags/hadoop-2.7.3/share/hadoop/mapreduce/sources/hadoop-mapreduce-client-core-2.7.3-sources.jar for tasks to queue
[2022-10-22T00:23:22.534+0000] {logging_mixin.py:117} INFO - [2022-10-22T00:23:22.534+0000] {dagbag.py:525} INFO - Filling up the DagBag from /opt/airflow/dags/hadoop-2.7.3/share/hadoop/mapreduce/sources/hadoop-mapreduce-client-core-2.7.3-sources.jar
[2022-10-22T00:23:22.580+0000] {processor.py:770} WARNING - No viable dags retrieved from /opt/airflow/dags/hadoop-2.7.3/share/hadoop/mapreduce/sources/hadoop-mapreduce-client-core-2.7.3-sources.jar
[2022-10-22T00:23:22.621+0000] {processor.py:178} INFO - Processing /opt/airflow/dags/hadoop-2.7.3/share/hadoop/mapreduce/sources/hadoop-mapreduce-client-core-2.7.3-sources.jar took 0.099 seconds
[2022-10-22T00:23:33.014+0000] {processor.py:156} INFO - Started process (PID=27247) to work on /opt/airflow/dags/hadoop-2.7.3/share/hadoop/mapreduce/sources/hadoop-mapreduce-client-core-2.7.3-sources.jar
[2022-10-22T00:23:33.016+0000] {processor.py:758} INFO - Processing file /opt/airflow/dags/hadoop-2.7.3/share/hadoop/mapreduce/sources/hadoop-mapreduce-client-core-2.7.3-sources.jar for tasks to queue
[2022-10-22T00:23:33.018+0000] {logging_mixin.py:117} INFO - [2022-10-22T00:23:33.018+0000] {dagbag.py:525} INFO - Filling up the DagBag from /opt/airflow/dags/hadoop-2.7.3/share/hadoop/mapreduce/sources/hadoop-mapreduce-client-core-2.7.3-sources.jar
[2022-10-22T00:23:33.040+0000] {processor.py:770} WARNING - No viable dags retrieved from /opt/airflow/dags/hadoop-2.7.3/share/hadoop/mapreduce/sources/hadoop-mapreduce-client-core-2.7.3-sources.jar
[2022-10-22T00:23:33.098+0000] {processor.py:178} INFO - Processing /opt/airflow/dags/hadoop-2.7.3/share/hadoop/mapreduce/sources/hadoop-mapreduce-client-core-2.7.3-sources.jar took 0.094 seconds
[2022-10-22T00:24:06.597+0000] {processor.py:156} INFO - Started process (PID=30203) to work on /opt/airflow/dags/hadoop-2.7.3/share/hadoop/mapreduce/sources/hadoop-mapreduce-client-core-2.7.3-sources.jar
[2022-10-22T00:24:06.600+0000] {processor.py:758} INFO - Processing file /opt/airflow/dags/hadoop-2.7.3/share/hadoop/mapreduce/sources/hadoop-mapreduce-client-core-2.7.3-sources.jar for tasks to queue
[2022-10-22T00:24:06.602+0000] {logging_mixin.py:117} INFO - [2022-10-22T00:24:06.602+0000] {dagbag.py:525} INFO - Filling up the DagBag from /opt/airflow/dags/hadoop-2.7.3/share/hadoop/mapreduce/sources/hadoop-mapreduce-client-core-2.7.3-sources.jar
[2022-10-22T00:24:06.620+0000] {processor.py:770} WARNING - No viable dags retrieved from /opt/airflow/dags/hadoop-2.7.3/share/hadoop/mapreduce/sources/hadoop-mapreduce-client-core-2.7.3-sources.jar
[2022-10-22T00:24:06.645+0000] {processor.py:178} INFO - Processing /opt/airflow/dags/hadoop-2.7.3/share/hadoop/mapreduce/sources/hadoop-mapreduce-client-core-2.7.3-sources.jar took 0.054 seconds
