[2022-10-25T00:38:12.312+0000] {processor.py:156} INFO - Started process (PID=4706) to work on /opt/airflow/dags/hadoop-2.7.3/share/hadoop/yarn/sources/hadoop-yarn-api-2.7.3-sources.jar
[2022-10-25T00:38:12.319+0000] {processor.py:758} INFO - Processing file /opt/airflow/dags/hadoop-2.7.3/share/hadoop/yarn/sources/hadoop-yarn-api-2.7.3-sources.jar for tasks to queue
[2022-10-25T00:38:12.321+0000] {logging_mixin.py:117} INFO - [2022-10-25T00:38:12.321+0000] {dagbag.py:525} INFO - Filling up the DagBag from /opt/airflow/dags/hadoop-2.7.3/share/hadoop/yarn/sources/hadoop-yarn-api-2.7.3-sources.jar
[2022-10-25T00:38:12.335+0000] {processor.py:770} WARNING - No viable dags retrieved from /opt/airflow/dags/hadoop-2.7.3/share/hadoop/yarn/sources/hadoop-yarn-api-2.7.3-sources.jar
[2022-10-25T00:38:12.373+0000] {processor.py:178} INFO - Processing /opt/airflow/dags/hadoop-2.7.3/share/hadoop/yarn/sources/hadoop-yarn-api-2.7.3-sources.jar took 0.066 seconds
[2022-10-25T00:38:39.953+0000] {processor.py:156} INFO - Started process (PID=2726) to work on /opt/airflow/dags/hadoop-2.7.3/share/hadoop/yarn/sources/hadoop-yarn-api-2.7.3-sources.jar
[2022-10-25T00:38:39.956+0000] {processor.py:758} INFO - Processing file /opt/airflow/dags/hadoop-2.7.3/share/hadoop/yarn/sources/hadoop-yarn-api-2.7.3-sources.jar for tasks to queue
[2022-10-25T00:38:39.961+0000] {logging_mixin.py:117} INFO - [2022-10-25T00:38:39.960+0000] {dagbag.py:525} INFO - Filling up the DagBag from /opt/airflow/dags/hadoop-2.7.3/share/hadoop/yarn/sources/hadoop-yarn-api-2.7.3-sources.jar
[2022-10-25T00:38:39.989+0000] {processor.py:770} WARNING - No viable dags retrieved from /opt/airflow/dags/hadoop-2.7.3/share/hadoop/yarn/sources/hadoop-yarn-api-2.7.3-sources.jar
[2022-10-25T00:38:40.023+0000] {processor.py:178} INFO - Processing /opt/airflow/dags/hadoop-2.7.3/share/hadoop/yarn/sources/hadoop-yarn-api-2.7.3-sources.jar took 0.078 seconds
[2022-10-25T00:38:58.284+0000] {processor.py:156} INFO - Started process (PID=5299) to work on /opt/airflow/dags/hadoop-2.7.3/share/hadoop/yarn/sources/hadoop-yarn-api-2.7.3-sources.jar
[2022-10-25T00:38:58.287+0000] {processor.py:758} INFO - Processing file /opt/airflow/dags/hadoop-2.7.3/share/hadoop/yarn/sources/hadoop-yarn-api-2.7.3-sources.jar for tasks to queue
[2022-10-25T00:38:58.289+0000] {logging_mixin.py:117} INFO - [2022-10-25T00:38:58.289+0000] {dagbag.py:525} INFO - Filling up the DagBag from /opt/airflow/dags/hadoop-2.7.3/share/hadoop/yarn/sources/hadoop-yarn-api-2.7.3-sources.jar
[2022-10-25T00:38:58.301+0000] {processor.py:770} WARNING - No viable dags retrieved from /opt/airflow/dags/hadoop-2.7.3/share/hadoop/yarn/sources/hadoop-yarn-api-2.7.3-sources.jar
[2022-10-25T00:38:58.340+0000] {processor.py:178} INFO - Processing /opt/airflow/dags/hadoop-2.7.3/share/hadoop/yarn/sources/hadoop-yarn-api-2.7.3-sources.jar took 0.063 seconds
[2022-10-25T00:39:22.133+0000] {processor.py:156} INFO - Started process (PID=3275) to work on /opt/airflow/dags/hadoop-2.7.3/share/hadoop/yarn/sources/hadoop-yarn-api-2.7.3-sources.jar
[2022-10-25T00:39:22.136+0000] {processor.py:758} INFO - Processing file /opt/airflow/dags/hadoop-2.7.3/share/hadoop/yarn/sources/hadoop-yarn-api-2.7.3-sources.jar for tasks to queue
[2022-10-25T00:39:22.142+0000] {logging_mixin.py:117} INFO - [2022-10-25T00:39:22.142+0000] {dagbag.py:525} INFO - Filling up the DagBag from /opt/airflow/dags/hadoop-2.7.3/share/hadoop/yarn/sources/hadoop-yarn-api-2.7.3-sources.jar
[2022-10-25T00:39:22.153+0000] {processor.py:770} WARNING - No viable dags retrieved from /opt/airflow/dags/hadoop-2.7.3/share/hadoop/yarn/sources/hadoop-yarn-api-2.7.3-sources.jar
[2022-10-25T00:39:22.188+0000] {processor.py:178} INFO - Processing /opt/airflow/dags/hadoop-2.7.3/share/hadoop/yarn/sources/hadoop-yarn-api-2.7.3-sources.jar took 0.062 seconds
[2022-10-25T00:40:25.381+0000] {processor.py:156} INFO - Started process (PID=5856) to work on /opt/airflow/dags/hadoop-2.7.3/share/hadoop/yarn/sources/hadoop-yarn-api-2.7.3-sources.jar
[2022-10-25T00:40:25.384+0000] {processor.py:758} INFO - Processing file /opt/airflow/dags/hadoop-2.7.3/share/hadoop/yarn/sources/hadoop-yarn-api-2.7.3-sources.jar for tasks to queue
[2022-10-25T00:40:25.387+0000] {logging_mixin.py:117} INFO - [2022-10-25T00:40:25.387+0000] {dagbag.py:525} INFO - Filling up the DagBag from /opt/airflow/dags/hadoop-2.7.3/share/hadoop/yarn/sources/hadoop-yarn-api-2.7.3-sources.jar
[2022-10-25T00:40:25.405+0000] {processor.py:770} WARNING - No viable dags retrieved from /opt/airflow/dags/hadoop-2.7.3/share/hadoop/yarn/sources/hadoop-yarn-api-2.7.3-sources.jar
[2022-10-25T00:40:25.445+0000] {processor.py:178} INFO - Processing /opt/airflow/dags/hadoop-2.7.3/share/hadoop/yarn/sources/hadoop-yarn-api-2.7.3-sources.jar took 0.072 seconds
[2022-10-25T00:53:22.886+0000] {processor.py:156} INFO - Started process (PID=6413) to work on /opt/airflow/dags/hadoop-2.7.3/share/hadoop/yarn/sources/hadoop-yarn-api-2.7.3-sources.jar
[2022-10-25T00:53:22.890+0000] {processor.py:758} INFO - Processing file /opt/airflow/dags/hadoop-2.7.3/share/hadoop/yarn/sources/hadoop-yarn-api-2.7.3-sources.jar for tasks to queue
[2022-10-25T00:53:22.893+0000] {logging_mixin.py:117} INFO - [2022-10-25T00:53:22.892+0000] {dagbag.py:525} INFO - Filling up the DagBag from /opt/airflow/dags/hadoop-2.7.3/share/hadoop/yarn/sources/hadoop-yarn-api-2.7.3-sources.jar
[2022-10-25T00:53:22.906+0000] {processor.py:770} WARNING - No viable dags retrieved from /opt/airflow/dags/hadoop-2.7.3/share/hadoop/yarn/sources/hadoop-yarn-api-2.7.3-sources.jar
[2022-10-25T00:53:22.961+0000] {processor.py:178} INFO - Processing /opt/airflow/dags/hadoop-2.7.3/share/hadoop/yarn/sources/hadoop-yarn-api-2.7.3-sources.jar took 0.087 seconds
[2022-10-25T00:53:33.820+0000] {processor.py:156} INFO - Started process (PID=4210) to work on /opt/airflow/dags/hadoop-2.7.3/share/hadoop/yarn/sources/hadoop-yarn-api-2.7.3-sources.jar
[2022-10-25T00:53:33.825+0000] {processor.py:758} INFO - Processing file /opt/airflow/dags/hadoop-2.7.3/share/hadoop/yarn/sources/hadoop-yarn-api-2.7.3-sources.jar for tasks to queue
[2022-10-25T00:53:33.829+0000] {logging_mixin.py:117} INFO - [2022-10-25T00:53:33.829+0000] {dagbag.py:525} INFO - Filling up the DagBag from /opt/airflow/dags/hadoop-2.7.3/share/hadoop/yarn/sources/hadoop-yarn-api-2.7.3-sources.jar
[2022-10-25T00:53:33.842+0000] {processor.py:770} WARNING - No viable dags retrieved from /opt/airflow/dags/hadoop-2.7.3/share/hadoop/yarn/sources/hadoop-yarn-api-2.7.3-sources.jar
[2022-10-25T00:53:33.873+0000] {processor.py:178} INFO - Processing /opt/airflow/dags/hadoop-2.7.3/share/hadoop/yarn/sources/hadoop-yarn-api-2.7.3-sources.jar took 0.066 seconds
[2022-10-25T00:54:07.980+0000] {processor.py:156} INFO - Started process (PID=6980) to work on /opt/airflow/dags/hadoop-2.7.3/share/hadoop/yarn/sources/hadoop-yarn-api-2.7.3-sources.jar
[2022-10-25T00:54:07.984+0000] {processor.py:758} INFO - Processing file /opt/airflow/dags/hadoop-2.7.3/share/hadoop/yarn/sources/hadoop-yarn-api-2.7.3-sources.jar for tasks to queue
[2022-10-25T00:54:07.989+0000] {logging_mixin.py:117} INFO - [2022-10-25T00:54:07.989+0000] {dagbag.py:525} INFO - Filling up the DagBag from /opt/airflow/dags/hadoop-2.7.3/share/hadoop/yarn/sources/hadoop-yarn-api-2.7.3-sources.jar
[2022-10-25T00:54:08.010+0000] {processor.py:770} WARNING - No viable dags retrieved from /opt/airflow/dags/hadoop-2.7.3/share/hadoop/yarn/sources/hadoop-yarn-api-2.7.3-sources.jar
[2022-10-25T00:54:08.057+0000] {processor.py:178} INFO - Processing /opt/airflow/dags/hadoop-2.7.3/share/hadoop/yarn/sources/hadoop-yarn-api-2.7.3-sources.jar took 0.084 seconds
[2022-10-25T00:54:13.805+0000] {processor.py:156} INFO - Started process (PID=4732) to work on /opt/airflow/dags/hadoop-2.7.3/share/hadoop/yarn/sources/hadoop-yarn-api-2.7.3-sources.jar
[2022-10-25T00:54:13.807+0000] {processor.py:758} INFO - Processing file /opt/airflow/dags/hadoop-2.7.3/share/hadoop/yarn/sources/hadoop-yarn-api-2.7.3-sources.jar for tasks to queue
[2022-10-25T00:54:13.811+0000] {logging_mixin.py:117} INFO - [2022-10-25T00:54:13.811+0000] {dagbag.py:525} INFO - Filling up the DagBag from /opt/airflow/dags/hadoop-2.7.3/share/hadoop/yarn/sources/hadoop-yarn-api-2.7.3-sources.jar
[2022-10-25T00:54:13.825+0000] {processor.py:770} WARNING - No viable dags retrieved from /opt/airflow/dags/hadoop-2.7.3/share/hadoop/yarn/sources/hadoop-yarn-api-2.7.3-sources.jar
[2022-10-25T00:54:13.863+0000] {processor.py:178} INFO - Processing /opt/airflow/dags/hadoop-2.7.3/share/hadoop/yarn/sources/hadoop-yarn-api-2.7.3-sources.jar took 0.068 seconds
[2022-10-25T00:55:13.516+0000] {processor.py:156} INFO - Started process (PID=5262) to work on /opt/airflow/dags/hadoop-2.7.3/share/hadoop/yarn/sources/hadoop-yarn-api-2.7.3-sources.jar
[2022-10-25T00:55:13.521+0000] {processor.py:758} INFO - Processing file /opt/airflow/dags/hadoop-2.7.3/share/hadoop/yarn/sources/hadoop-yarn-api-2.7.3-sources.jar for tasks to queue
[2022-10-25T00:55:13.532+0000] {logging_mixin.py:117} INFO - [2022-10-25T00:55:13.532+0000] {dagbag.py:525} INFO - Filling up the DagBag from /opt/airflow/dags/hadoop-2.7.3/share/hadoop/yarn/sources/hadoop-yarn-api-2.7.3-sources.jar
[2022-10-25T00:55:13.554+0000] {processor.py:770} WARNING - No viable dags retrieved from /opt/airflow/dags/hadoop-2.7.3/share/hadoop/yarn/sources/hadoop-yarn-api-2.7.3-sources.jar
[2022-10-25T00:55:13.649+0000] {processor.py:178} INFO - Processing /opt/airflow/dags/hadoop-2.7.3/share/hadoop/yarn/sources/hadoop-yarn-api-2.7.3-sources.jar took 0.151 seconds
[2022-10-25T00:55:29.245+0000] {processor.py:156} INFO - Started process (PID=7683) to work on /opt/airflow/dags/hadoop-2.7.3/share/hadoop/yarn/sources/hadoop-yarn-api-2.7.3-sources.jar
[2022-10-25T00:55:29.250+0000] {processor.py:758} INFO - Processing file /opt/airflow/dags/hadoop-2.7.3/share/hadoop/yarn/sources/hadoop-yarn-api-2.7.3-sources.jar for tasks to queue
[2022-10-25T00:55:29.255+0000] {logging_mixin.py:117} INFO - [2022-10-25T00:55:29.254+0000] {dagbag.py:525} INFO - Filling up the DagBag from /opt/airflow/dags/hadoop-2.7.3/share/hadoop/yarn/sources/hadoop-yarn-api-2.7.3-sources.jar
[2022-10-25T00:55:29.277+0000] {processor.py:770} WARNING - No viable dags retrieved from /opt/airflow/dags/hadoop-2.7.3/share/hadoop/yarn/sources/hadoop-yarn-api-2.7.3-sources.jar
[2022-10-25T00:55:29.368+0000] {processor.py:178} INFO - Processing /opt/airflow/dags/hadoop-2.7.3/share/hadoop/yarn/sources/hadoop-yarn-api-2.7.3-sources.jar took 0.137 seconds
[2022-10-25T00:57:01.047+0000] {processor.py:156} INFO - Started process (PID=5922) to work on /opt/airflow/dags/hadoop-2.7.3/share/hadoop/yarn/sources/hadoop-yarn-api-2.7.3-sources.jar
[2022-10-25T00:57:01.060+0000] {processor.py:758} INFO - Processing file /opt/airflow/dags/hadoop-2.7.3/share/hadoop/yarn/sources/hadoop-yarn-api-2.7.3-sources.jar for tasks to queue
[2022-10-25T00:57:01.069+0000] {logging_mixin.py:117} INFO - [2022-10-25T00:57:01.069+0000] {dagbag.py:525} INFO - Filling up the DagBag from /opt/airflow/dags/hadoop-2.7.3/share/hadoop/yarn/sources/hadoop-yarn-api-2.7.3-sources.jar
[2022-10-25T00:57:01.137+0000] {processor.py:770} WARNING - No viable dags retrieved from /opt/airflow/dags/hadoop-2.7.3/share/hadoop/yarn/sources/hadoop-yarn-api-2.7.3-sources.jar
[2022-10-25T00:57:01.244+0000] {processor.py:178} INFO - Processing /opt/airflow/dags/hadoop-2.7.3/share/hadoop/yarn/sources/hadoop-yarn-api-2.7.3-sources.jar took 0.230 seconds
[2022-10-25T14:09:09.950+0000] {processor.py:156} INFO - Started process (PID=19059) to work on /opt/airflow/dags/hadoop-2.7.3/share/hadoop/yarn/sources/hadoop-yarn-api-2.7.3-sources.jar
[2022-10-25T14:09:09.954+0000] {processor.py:758} INFO - Processing file /opt/airflow/dags/hadoop-2.7.3/share/hadoop/yarn/sources/hadoop-yarn-api-2.7.3-sources.jar for tasks to queue
[2022-10-25T14:09:09.957+0000] {logging_mixin.py:117} INFO - [2022-10-25T14:09:09.957+0000] {dagbag.py:525} INFO - Filling up the DagBag from /opt/airflow/dags/hadoop-2.7.3/share/hadoop/yarn/sources/hadoop-yarn-api-2.7.3-sources.jar
[2022-10-25T14:09:09.970+0000] {processor.py:770} WARNING - No viable dags retrieved from /opt/airflow/dags/hadoop-2.7.3/share/hadoop/yarn/sources/hadoop-yarn-api-2.7.3-sources.jar
[2022-10-25T14:09:10.010+0000] {processor.py:178} INFO - Processing /opt/airflow/dags/hadoop-2.7.3/share/hadoop/yarn/sources/hadoop-yarn-api-2.7.3-sources.jar took 0.070 seconds
[2022-10-25T14:09:27.705+0000] {processor.py:156} INFO - Started process (PID=17975) to work on /opt/airflow/dags/hadoop-2.7.3/share/hadoop/yarn/sources/hadoop-yarn-api-2.7.3-sources.jar
[2022-10-25T14:09:27.708+0000] {processor.py:758} INFO - Processing file /opt/airflow/dags/hadoop-2.7.3/share/hadoop/yarn/sources/hadoop-yarn-api-2.7.3-sources.jar for tasks to queue
[2022-10-25T14:09:27.711+0000] {logging_mixin.py:117} INFO - [2022-10-25T14:09:27.710+0000] {dagbag.py:525} INFO - Filling up the DagBag from /opt/airflow/dags/hadoop-2.7.3/share/hadoop/yarn/sources/hadoop-yarn-api-2.7.3-sources.jar
[2022-10-25T14:09:27.723+0000] {processor.py:770} WARNING - No viable dags retrieved from /opt/airflow/dags/hadoop-2.7.3/share/hadoop/yarn/sources/hadoop-yarn-api-2.7.3-sources.jar
[2022-10-25T14:09:27.771+0000] {processor.py:178} INFO - Processing /opt/airflow/dags/hadoop-2.7.3/share/hadoop/yarn/sources/hadoop-yarn-api-2.7.3-sources.jar took 0.075 seconds
[2022-10-25T14:09:54.309+0000] {processor.py:156} INFO - Started process (PID=19581) to work on /opt/airflow/dags/hadoop-2.7.3/share/hadoop/yarn/sources/hadoop-yarn-api-2.7.3-sources.jar
[2022-10-25T14:09:54.314+0000] {processor.py:758} INFO - Processing file /opt/airflow/dags/hadoop-2.7.3/share/hadoop/yarn/sources/hadoop-yarn-api-2.7.3-sources.jar for tasks to queue
[2022-10-25T14:09:54.317+0000] {logging_mixin.py:117} INFO - [2022-10-25T14:09:54.317+0000] {dagbag.py:525} INFO - Filling up the DagBag from /opt/airflow/dags/hadoop-2.7.3/share/hadoop/yarn/sources/hadoop-yarn-api-2.7.3-sources.jar
[2022-10-25T14:09:54.339+0000] {processor.py:770} WARNING - No viable dags retrieved from /opt/airflow/dags/hadoop-2.7.3/share/hadoop/yarn/sources/hadoop-yarn-api-2.7.3-sources.jar
[2022-10-25T14:09:54.372+0000] {processor.py:178} INFO - Processing /opt/airflow/dags/hadoop-2.7.3/share/hadoop/yarn/sources/hadoop-yarn-api-2.7.3-sources.jar took 0.072 seconds
[2022-10-25T14:10:17.572+0000] {processor.py:156} INFO - Started process (PID=18598) to work on /opt/airflow/dags/hadoop-2.7.3/share/hadoop/yarn/sources/hadoop-yarn-api-2.7.3-sources.jar
[2022-10-25T14:10:17.578+0000] {processor.py:758} INFO - Processing file /opt/airflow/dags/hadoop-2.7.3/share/hadoop/yarn/sources/hadoop-yarn-api-2.7.3-sources.jar for tasks to queue
[2022-10-25T14:10:17.580+0000] {logging_mixin.py:117} INFO - [2022-10-25T14:10:17.579+0000] {dagbag.py:525} INFO - Filling up the DagBag from /opt/airflow/dags/hadoop-2.7.3/share/hadoop/yarn/sources/hadoop-yarn-api-2.7.3-sources.jar
[2022-10-25T14:10:17.589+0000] {processor.py:770} WARNING - No viable dags retrieved from /opt/airflow/dags/hadoop-2.7.3/share/hadoop/yarn/sources/hadoop-yarn-api-2.7.3-sources.jar
[2022-10-25T14:10:17.623+0000] {processor.py:178} INFO - Processing /opt/airflow/dags/hadoop-2.7.3/share/hadoop/yarn/sources/hadoop-yarn-api-2.7.3-sources.jar took 0.058 seconds
[2022-10-25T14:10:42.139+0000] {processor.py:156} INFO - Started process (PID=20140) to work on /opt/airflow/dags/hadoop-2.7.3/share/hadoop/yarn/sources/hadoop-yarn-api-2.7.3-sources.jar
[2022-10-25T14:10:42.142+0000] {processor.py:758} INFO - Processing file /opt/airflow/dags/hadoop-2.7.3/share/hadoop/yarn/sources/hadoop-yarn-api-2.7.3-sources.jar for tasks to queue
[2022-10-25T14:10:42.145+0000] {logging_mixin.py:117} INFO - [2022-10-25T14:10:42.145+0000] {dagbag.py:525} INFO - Filling up the DagBag from /opt/airflow/dags/hadoop-2.7.3/share/hadoop/yarn/sources/hadoop-yarn-api-2.7.3-sources.jar
[2022-10-25T14:10:42.163+0000] {processor.py:770} WARNING - No viable dags retrieved from /opt/airflow/dags/hadoop-2.7.3/share/hadoop/yarn/sources/hadoop-yarn-api-2.7.3-sources.jar
[2022-10-25T14:10:42.203+0000] {processor.py:178} INFO - Processing /opt/airflow/dags/hadoop-2.7.3/share/hadoop/yarn/sources/hadoop-yarn-api-2.7.3-sources.jar took 0.079 seconds
[2022-10-25T14:11:11.167+0000] {processor.py:156} INFO - Started process (PID=19236) to work on /opt/airflow/dags/hadoop-2.7.3/share/hadoop/yarn/sources/hadoop-yarn-api-2.7.3-sources.jar
[2022-10-25T14:11:11.171+0000] {processor.py:758} INFO - Processing file /opt/airflow/dags/hadoop-2.7.3/share/hadoop/yarn/sources/hadoop-yarn-api-2.7.3-sources.jar for tasks to queue
[2022-10-25T14:11:11.174+0000] {logging_mixin.py:117} INFO - [2022-10-25T14:11:11.174+0000] {dagbag.py:525} INFO - Filling up the DagBag from /opt/airflow/dags/hadoop-2.7.3/share/hadoop/yarn/sources/hadoop-yarn-api-2.7.3-sources.jar
[2022-10-25T14:11:11.188+0000] {processor.py:770} WARNING - No viable dags retrieved from /opt/airflow/dags/hadoop-2.7.3/share/hadoop/yarn/sources/hadoop-yarn-api-2.7.3-sources.jar
[2022-10-25T14:11:11.241+0000] {processor.py:178} INFO - Processing /opt/airflow/dags/hadoop-2.7.3/share/hadoop/yarn/sources/hadoop-yarn-api-2.7.3-sources.jar took 0.082 seconds
[2022-10-25T14:11:28.981+0000] {processor.py:156} INFO - Started process (PID=20725) to work on /opt/airflow/dags/hadoop-2.7.3/share/hadoop/yarn/sources/hadoop-yarn-api-2.7.3-sources.jar
[2022-10-25T14:11:28.986+0000] {processor.py:758} INFO - Processing file /opt/airflow/dags/hadoop-2.7.3/share/hadoop/yarn/sources/hadoop-yarn-api-2.7.3-sources.jar for tasks to queue
[2022-10-25T14:11:28.992+0000] {logging_mixin.py:117} INFO - [2022-10-25T14:11:28.991+0000] {dagbag.py:525} INFO - Filling up the DagBag from /opt/airflow/dags/hadoop-2.7.3/share/hadoop/yarn/sources/hadoop-yarn-api-2.7.3-sources.jar
[2022-10-25T14:11:29.007+0000] {processor.py:770} WARNING - No viable dags retrieved from /opt/airflow/dags/hadoop-2.7.3/share/hadoop/yarn/sources/hadoop-yarn-api-2.7.3-sources.jar
[2022-10-25T14:11:29.067+0000] {processor.py:178} INFO - Processing /opt/airflow/dags/hadoop-2.7.3/share/hadoop/yarn/sources/hadoop-yarn-api-2.7.3-sources.jar took 0.094 seconds
[2022-10-25T14:11:59.573+0000] {processor.py:156} INFO - Started process (PID=19817) to work on /opt/airflow/dags/hadoop-2.7.3/share/hadoop/yarn/sources/hadoop-yarn-api-2.7.3-sources.jar
[2022-10-25T14:11:59.576+0000] {processor.py:758} INFO - Processing file /opt/airflow/dags/hadoop-2.7.3/share/hadoop/yarn/sources/hadoop-yarn-api-2.7.3-sources.jar for tasks to queue
[2022-10-25T14:11:59.580+0000] {logging_mixin.py:117} INFO - [2022-10-25T14:11:59.579+0000] {dagbag.py:525} INFO - Filling up the DagBag from /opt/airflow/dags/hadoop-2.7.3/share/hadoop/yarn/sources/hadoop-yarn-api-2.7.3-sources.jar
[2022-10-25T14:11:59.593+0000] {processor.py:770} WARNING - No viable dags retrieved from /opt/airflow/dags/hadoop-2.7.3/share/hadoop/yarn/sources/hadoop-yarn-api-2.7.3-sources.jar
[2022-10-25T14:11:59.633+0000] {processor.py:178} INFO - Processing /opt/airflow/dags/hadoop-2.7.3/share/hadoop/yarn/sources/hadoop-yarn-api-2.7.3-sources.jar took 0.066 seconds
[2022-10-25T14:12:22.220+0000] {processor.py:156} INFO - Started process (PID=21363) to work on /opt/airflow/dags/hadoop-2.7.3/share/hadoop/yarn/sources/hadoop-yarn-api-2.7.3-sources.jar
[2022-10-25T14:12:22.226+0000] {processor.py:758} INFO - Processing file /opt/airflow/dags/hadoop-2.7.3/share/hadoop/yarn/sources/hadoop-yarn-api-2.7.3-sources.jar for tasks to queue
[2022-10-25T14:12:22.231+0000] {logging_mixin.py:117} INFO - [2022-10-25T14:12:22.230+0000] {dagbag.py:525} INFO - Filling up the DagBag from /opt/airflow/dags/hadoop-2.7.3/share/hadoop/yarn/sources/hadoop-yarn-api-2.7.3-sources.jar
[2022-10-25T14:12:22.255+0000] {processor.py:770} WARNING - No viable dags retrieved from /opt/airflow/dags/hadoop-2.7.3/share/hadoop/yarn/sources/hadoop-yarn-api-2.7.3-sources.jar
[2022-10-25T14:12:22.298+0000] {processor.py:178} INFO - Processing /opt/airflow/dags/hadoop-2.7.3/share/hadoop/yarn/sources/hadoop-yarn-api-2.7.3-sources.jar took 0.088 seconds
[2022-10-25T14:12:45.473+0000] {processor.py:156} INFO - Started process (PID=20332) to work on /opt/airflow/dags/hadoop-2.7.3/share/hadoop/yarn/sources/hadoop-yarn-api-2.7.3-sources.jar
[2022-10-25T14:12:45.476+0000] {processor.py:758} INFO - Processing file /opt/airflow/dags/hadoop-2.7.3/share/hadoop/yarn/sources/hadoop-yarn-api-2.7.3-sources.jar for tasks to queue
[2022-10-25T14:12:45.478+0000] {logging_mixin.py:117} INFO - [2022-10-25T14:12:45.478+0000] {dagbag.py:525} INFO - Filling up the DagBag from /opt/airflow/dags/hadoop-2.7.3/share/hadoop/yarn/sources/hadoop-yarn-api-2.7.3-sources.jar
[2022-10-25T14:12:45.490+0000] {processor.py:770} WARNING - No viable dags retrieved from /opt/airflow/dags/hadoop-2.7.3/share/hadoop/yarn/sources/hadoop-yarn-api-2.7.3-sources.jar
[2022-10-25T14:12:45.519+0000] {processor.py:178} INFO - Processing /opt/airflow/dags/hadoop-2.7.3/share/hadoop/yarn/sources/hadoop-yarn-api-2.7.3-sources.jar took 0.052 seconds
[2022-10-25T14:13:44.748+0000] {processor.py:156} INFO - Started process (PID=21908) to work on /opt/airflow/dags/hadoop-2.7.3/share/hadoop/yarn/sources/hadoop-yarn-api-2.7.3-sources.jar
[2022-10-25T14:13:44.751+0000] {processor.py:758} INFO - Processing file /opt/airflow/dags/hadoop-2.7.3/share/hadoop/yarn/sources/hadoop-yarn-api-2.7.3-sources.jar for tasks to queue
[2022-10-25T14:13:44.754+0000] {logging_mixin.py:117} INFO - [2022-10-25T14:13:44.754+0000] {dagbag.py:525} INFO - Filling up the DagBag from /opt/airflow/dags/hadoop-2.7.3/share/hadoop/yarn/sources/hadoop-yarn-api-2.7.3-sources.jar
[2022-10-25T14:13:44.771+0000] {processor.py:770} WARNING - No viable dags retrieved from /opt/airflow/dags/hadoop-2.7.3/share/hadoop/yarn/sources/hadoop-yarn-api-2.7.3-sources.jar
[2022-10-25T14:13:44.812+0000] {processor.py:178} INFO - Processing /opt/airflow/dags/hadoop-2.7.3/share/hadoop/yarn/sources/hadoop-yarn-api-2.7.3-sources.jar took 0.072 seconds
[2022-10-25T14:14:20.906+0000] {processor.py:156} INFO - Started process (PID=20976) to work on /opt/airflow/dags/hadoop-2.7.3/share/hadoop/yarn/sources/hadoop-yarn-api-2.7.3-sources.jar
[2022-10-25T14:14:20.909+0000] {processor.py:758} INFO - Processing file /opt/airflow/dags/hadoop-2.7.3/share/hadoop/yarn/sources/hadoop-yarn-api-2.7.3-sources.jar for tasks to queue
[2022-10-25T14:14:20.911+0000] {logging_mixin.py:117} INFO - [2022-10-25T14:14:20.911+0000] {dagbag.py:525} INFO - Filling up the DagBag from /opt/airflow/dags/hadoop-2.7.3/share/hadoop/yarn/sources/hadoop-yarn-api-2.7.3-sources.jar
[2022-10-25T14:14:20.925+0000] {processor.py:770} WARNING - No viable dags retrieved from /opt/airflow/dags/hadoop-2.7.3/share/hadoop/yarn/sources/hadoop-yarn-api-2.7.3-sources.jar
[2022-10-25T14:14:20.966+0000] {processor.py:178} INFO - Processing /opt/airflow/dags/hadoop-2.7.3/share/hadoop/yarn/sources/hadoop-yarn-api-2.7.3-sources.jar took 0.066 seconds
[2022-10-25T14:14:38.067+0000] {processor.py:156} INFO - Started process (PID=22491) to work on /opt/airflow/dags/hadoop-2.7.3/share/hadoop/yarn/sources/hadoop-yarn-api-2.7.3-sources.jar
[2022-10-25T14:14:38.072+0000] {processor.py:758} INFO - Processing file /opt/airflow/dags/hadoop-2.7.3/share/hadoop/yarn/sources/hadoop-yarn-api-2.7.3-sources.jar for tasks to queue
[2022-10-25T14:14:38.076+0000] {logging_mixin.py:117} INFO - [2022-10-25T14:14:38.076+0000] {dagbag.py:525} INFO - Filling up the DagBag from /opt/airflow/dags/hadoop-2.7.3/share/hadoop/yarn/sources/hadoop-yarn-api-2.7.3-sources.jar
[2022-10-25T14:14:38.103+0000] {processor.py:770} WARNING - No viable dags retrieved from /opt/airflow/dags/hadoop-2.7.3/share/hadoop/yarn/sources/hadoop-yarn-api-2.7.3-sources.jar
[2022-10-25T14:14:38.143+0000] {processor.py:178} INFO - Processing /opt/airflow/dags/hadoop-2.7.3/share/hadoop/yarn/sources/hadoop-yarn-api-2.7.3-sources.jar took 0.088 seconds
[2022-10-25T14:15:09.536+0000] {processor.py:156} INFO - Started process (PID=21510) to work on /opt/airflow/dags/hadoop-2.7.3/share/hadoop/yarn/sources/hadoop-yarn-api-2.7.3-sources.jar
[2022-10-25T14:15:09.541+0000] {processor.py:758} INFO - Processing file /opt/airflow/dags/hadoop-2.7.3/share/hadoop/yarn/sources/hadoop-yarn-api-2.7.3-sources.jar for tasks to queue
[2022-10-25T14:15:09.544+0000] {logging_mixin.py:117} INFO - [2022-10-25T14:15:09.544+0000] {dagbag.py:525} INFO - Filling up the DagBag from /opt/airflow/dags/hadoop-2.7.3/share/hadoop/yarn/sources/hadoop-yarn-api-2.7.3-sources.jar
[2022-10-25T14:15:09.565+0000] {processor.py:770} WARNING - No viable dags retrieved from /opt/airflow/dags/hadoop-2.7.3/share/hadoop/yarn/sources/hadoop-yarn-api-2.7.3-sources.jar
[2022-10-25T14:15:09.616+0000] {processor.py:178} INFO - Processing /opt/airflow/dags/hadoop-2.7.3/share/hadoop/yarn/sources/hadoop-yarn-api-2.7.3-sources.jar took 0.091 seconds
[2022-10-25T14:15:47.772+0000] {processor.py:156} INFO - Started process (PID=23115) to work on /opt/airflow/dags/hadoop-2.7.3/share/hadoop/yarn/sources/hadoop-yarn-api-2.7.3-sources.jar
[2022-10-25T14:15:47.777+0000] {processor.py:758} INFO - Processing file /opt/airflow/dags/hadoop-2.7.3/share/hadoop/yarn/sources/hadoop-yarn-api-2.7.3-sources.jar for tasks to queue
[2022-10-25T14:15:47.783+0000] {logging_mixin.py:117} INFO - [2022-10-25T14:15:47.782+0000] {dagbag.py:525} INFO - Filling up the DagBag from /opt/airflow/dags/hadoop-2.7.3/share/hadoop/yarn/sources/hadoop-yarn-api-2.7.3-sources.jar
[2022-10-25T14:15:47.809+0000] {processor.py:770} WARNING - No viable dags retrieved from /opt/airflow/dags/hadoop-2.7.3/share/hadoop/yarn/sources/hadoop-yarn-api-2.7.3-sources.jar
[2022-10-25T14:15:47.936+0000] {processor.py:178} INFO - Processing /opt/airflow/dags/hadoop-2.7.3/share/hadoop/yarn/sources/hadoop-yarn-api-2.7.3-sources.jar took 0.175 seconds
[2022-10-25T14:16:08.696+0000] {processor.py:156} INFO - Started process (PID=22033) to work on /opt/airflow/dags/hadoop-2.7.3/share/hadoop/yarn/sources/hadoop-yarn-api-2.7.3-sources.jar
[2022-10-25T14:16:08.699+0000] {processor.py:758} INFO - Processing file /opt/airflow/dags/hadoop-2.7.3/share/hadoop/yarn/sources/hadoop-yarn-api-2.7.3-sources.jar for tasks to queue
[2022-10-25T14:16:08.701+0000] {logging_mixin.py:117} INFO - [2022-10-25T14:16:08.701+0000] {dagbag.py:525} INFO - Filling up the DagBag from /opt/airflow/dags/hadoop-2.7.3/share/hadoop/yarn/sources/hadoop-yarn-api-2.7.3-sources.jar
[2022-10-25T14:16:08.720+0000] {processor.py:770} WARNING - No viable dags retrieved from /opt/airflow/dags/hadoop-2.7.3/share/hadoop/yarn/sources/hadoop-yarn-api-2.7.3-sources.jar
[2022-10-25T14:16:08.761+0000] {processor.py:178} INFO - Processing /opt/airflow/dags/hadoop-2.7.3/share/hadoop/yarn/sources/hadoop-yarn-api-2.7.3-sources.jar took 0.073 seconds
[2022-10-25T14:16:54.804+0000] {processor.py:156} INFO - Started process (PID=23793) to work on /opt/airflow/dags/hadoop-2.7.3/share/hadoop/yarn/sources/hadoop-yarn-api-2.7.3-sources.jar
[2022-10-25T14:16:54.808+0000] {processor.py:758} INFO - Processing file /opt/airflow/dags/hadoop-2.7.3/share/hadoop/yarn/sources/hadoop-yarn-api-2.7.3-sources.jar for tasks to queue
[2022-10-25T14:16:54.811+0000] {logging_mixin.py:117} INFO - [2022-10-25T14:16:54.811+0000] {dagbag.py:525} INFO - Filling up the DagBag from /opt/airflow/dags/hadoop-2.7.3/share/hadoop/yarn/sources/hadoop-yarn-api-2.7.3-sources.jar
[2022-10-25T14:16:54.828+0000] {processor.py:770} WARNING - No viable dags retrieved from /opt/airflow/dags/hadoop-2.7.3/share/hadoop/yarn/sources/hadoop-yarn-api-2.7.3-sources.jar
[2022-10-25T14:16:54.878+0000] {processor.py:178} INFO - Processing /opt/airflow/dags/hadoop-2.7.3/share/hadoop/yarn/sources/hadoop-yarn-api-2.7.3-sources.jar took 0.083 seconds
[2022-10-25T14:17:16.556+0000] {processor.py:156} INFO - Started process (PID=22678) to work on /opt/airflow/dags/hadoop-2.7.3/share/hadoop/yarn/sources/hadoop-yarn-api-2.7.3-sources.jar
[2022-10-25T14:17:16.559+0000] {processor.py:758} INFO - Processing file /opt/airflow/dags/hadoop-2.7.3/share/hadoop/yarn/sources/hadoop-yarn-api-2.7.3-sources.jar for tasks to queue
[2022-10-25T14:17:16.563+0000] {logging_mixin.py:117} INFO - [2022-10-25T14:17:16.563+0000] {dagbag.py:525} INFO - Filling up the DagBag from /opt/airflow/dags/hadoop-2.7.3/share/hadoop/yarn/sources/hadoop-yarn-api-2.7.3-sources.jar
[2022-10-25T14:17:16.580+0000] {processor.py:770} WARNING - No viable dags retrieved from /opt/airflow/dags/hadoop-2.7.3/share/hadoop/yarn/sources/hadoop-yarn-api-2.7.3-sources.jar
[2022-10-25T14:17:16.628+0000] {processor.py:178} INFO - Processing /opt/airflow/dags/hadoop-2.7.3/share/hadoop/yarn/sources/hadoop-yarn-api-2.7.3-sources.jar took 0.084 seconds
