[2022-10-21 16:37:50,054] {taskinstance.py:1179} INFO - Dependencies all met for <TaskInstance: pyspark_jobs.load_and_normalize_jsonlines manual__2022-10-21T16:35:09.055521+00:00 [queued]>
[2022-10-21 16:37:50,161] {taskinstance.py:1179} INFO - Dependencies all met for <TaskInstance: pyspark_jobs.load_and_normalize_jsonlines manual__2022-10-21T16:35:09.055521+00:00 [queued]>
[2022-10-21 16:37:50,162] {taskinstance.py:1376} INFO - 
--------------------------------------------------------------------------------
[2022-10-21 16:37:50,164] {taskinstance.py:1377} INFO - Starting attempt 2 of 2
[2022-10-21 16:37:50,166] {taskinstance.py:1378} INFO - 
--------------------------------------------------------------------------------
[2022-10-21 16:37:50,271] {taskinstance.py:1397} INFO - Executing <Task(PythonOperator): load_and_normalize_jsonlines> on 2022-10-21 16:35:09.055521+00:00
[2022-10-21 16:37:50,310] {standard_task_runner.py:52} INFO - Started process 77848 to run task
[2022-10-21 16:37:50,371] {standard_task_runner.py:79} INFO - Running: ['***', 'tasks', 'run', 'pyspark_jobs', 'load_and_normalize_jsonlines', 'manual__2022-10-21T16:35:09.055521+00:00', '--job-id', '479', '--raw', '--subdir', 'DAGS_FOLDER/pyspark_jobs.py', '--cfg-path', '/tmp/tmpd7yt4b9t', '--error-file', '/tmp/tmpx3_250fd']
[2022-10-21 16:37:50,380] {standard_task_runner.py:80} INFO - Job 479: Subtask load_and_normalize_jsonlines
[2022-10-21 16:37:50,710] {task_command.py:371} INFO - Running <TaskInstance: pyspark_jobs.load_and_normalize_jsonlines manual__2022-10-21T16:35:09.055521+00:00 [running]> on host ee1a3e6935ec
[2022-10-21 16:37:51,138] {taskinstance.py:1591} INFO - Exporting the following env vars:
AIRFLOW_CTX_DAG_OWNER=***
AIRFLOW_CTX_DAG_ID=pyspark_jobs
AIRFLOW_CTX_TASK_ID=load_and_normalize_jsonlines
AIRFLOW_CTX_EXECUTION_DATE=2022-10-21T16:35:09.055521+00:00
AIRFLOW_CTX_TRY_NUMBER=2
AIRFLOW_CTX_DAG_RUN_ID=manual__2022-10-21T16:35:09.055521+00:00
[2022-10-21 16:37:51,148] {pyspark_scripts.py:42} INFO - Found the following subdirectories ['2022-10-14', '2022-10-17', '2022-10-18', '2022-10-19']
[2022-10-21 16:37:51,199] {pyspark_scripts.py:51} INFO - Latest folder: 2022-10-19
[2022-10-21 16:37:51,201] {taskinstance.py:1909} ERROR - Task failed with exception
Traceback (most recent call last):
  File "/home/airflow/.local/lib/python3.7/site-packages/airflow/operators/python.py", line 171, in execute
    return_value = self.execute_callable()
  File "/home/airflow/.local/lib/python3.7/site-packages/airflow/operators/python.py", line 189, in execute_callable
    return self.python_callable(*self.op_args, **self.op_kwargs)
  File "/opt/airflow/dags/pyspark_scripts.py", line 65, in load_and_normalize_json_data
    df = spark.read.json(os.path.join(json_path, latest))
NameError: name 'spark' is not defined
[2022-10-21 16:37:51,235] {taskinstance.py:1420} INFO - Marking task as FAILED. dag_id=pyspark_jobs, task_id=load_and_normalize_jsonlines, execution_date=20221021T163509, start_date=20221021T163750, end_date=20221021T163751
[2022-10-21 16:37:51,298] {standard_task_runner.py:97} ERROR - Failed to execute job 479 for task load_and_normalize_jsonlines (name 'spark' is not defined; 77848)
[2022-10-21 16:37:51,342] {local_task_job.py:156} INFO - Task exited with return code 1
[2022-10-21 16:37:51,612] {local_task_job.py:273} INFO - 0 downstream tasks scheduled from follow-on schedule check
