[2022-10-25T00:25:23.777+0000] {processor.py:156} INFO - Started process (PID=4198) to work on /opt/airflow/dags/parquet_factory.py
[2022-10-25T00:25:23.780+0000] {processor.py:758} INFO - Processing file /opt/airflow/dags/parquet_factory.py for tasks to queue
[2022-10-25T00:25:23.785+0000] {logging_mixin.py:117} INFO - [2022-10-25T00:25:23.784+0000] {dagbag.py:525} INFO - Filling up the DagBag from /opt/airflow/dags/parquet_factory.py
[2022-10-25T00:25:24.069+0000] {processor.py:770} WARNING - No viable dags retrieved from /opt/airflow/dags/parquet_factory.py
[2022-10-25T00:25:24.107+0000] {processor.py:178} INFO - Processing /opt/airflow/dags/parquet_factory.py took 0.338 seconds
[2022-10-25T00:38:05.243+0000] {processor.py:156} INFO - Started process (PID=2250) to work on /opt/airflow/dags/parquet_factory.py
[2022-10-25T00:38:05.245+0000] {processor.py:758} INFO - Processing file /opt/airflow/dags/parquet_factory.py for tasks to queue
[2022-10-25T00:38:05.252+0000] {logging_mixin.py:117} INFO - [2022-10-25T00:38:05.252+0000] {dagbag.py:525} INFO - Filling up the DagBag from /opt/airflow/dags/parquet_factory.py
[2022-10-25T00:38:05.471+0000] {processor.py:770} WARNING - No viable dags retrieved from /opt/airflow/dags/parquet_factory.py
[2022-10-25T00:38:05.499+0000] {processor.py:178} INFO - Processing /opt/airflow/dags/parquet_factory.py took 0.263 seconds
[2022-10-25T00:38:15.244+0000] {processor.py:156} INFO - Started process (PID=4739) to work on /opt/airflow/dags/parquet_factory.py
[2022-10-25T00:38:15.247+0000] {processor.py:758} INFO - Processing file /opt/airflow/dags/parquet_factory.py for tasks to queue
[2022-10-25T00:38:15.250+0000] {logging_mixin.py:117} INFO - [2022-10-25T00:38:15.250+0000] {dagbag.py:525} INFO - Filling up the DagBag from /opt/airflow/dags/parquet_factory.py
[2022-10-25T00:38:15.521+0000] {processor.py:770} WARNING - No viable dags retrieved from /opt/airflow/dags/parquet_factory.py
[2022-10-25T00:38:15.552+0000] {processor.py:178} INFO - Processing /opt/airflow/dags/parquet_factory.py took 0.318 seconds
[2022-10-25T00:38:43.196+0000] {processor.py:156} INFO - Started process (PID=2766) to work on /opt/airflow/dags/parquet_factory.py
[2022-10-25T00:38:43.200+0000] {processor.py:758} INFO - Processing file /opt/airflow/dags/parquet_factory.py for tasks to queue
[2022-10-25T00:38:43.207+0000] {logging_mixin.py:117} INFO - [2022-10-25T00:38:43.207+0000] {dagbag.py:525} INFO - Filling up the DagBag from /opt/airflow/dags/parquet_factory.py
[2022-10-25T00:38:43.469+0000] {processor.py:770} WARNING - No viable dags retrieved from /opt/airflow/dags/parquet_factory.py
[2022-10-25T00:38:43.503+0000] {processor.py:178} INFO - Processing /opt/airflow/dags/parquet_factory.py took 0.313 seconds
[2022-10-25T00:38:52.015+0000] {processor.py:156} INFO - Started process (PID=5224) to work on /opt/airflow/dags/parquet_factory.py
[2022-10-25T00:38:52.019+0000] {processor.py:758} INFO - Processing file /opt/airflow/dags/parquet_factory.py for tasks to queue
[2022-10-25T00:38:52.021+0000] {logging_mixin.py:117} INFO - [2022-10-25T00:38:52.021+0000] {dagbag.py:525} INFO - Filling up the DagBag from /opt/airflow/dags/parquet_factory.py
[2022-10-25T00:38:52.336+0000] {processor.py:770} WARNING - No viable dags retrieved from /opt/airflow/dags/parquet_factory.py
[2022-10-25T00:38:52.379+0000] {processor.py:178} INFO - Processing /opt/airflow/dags/parquet_factory.py took 0.372 seconds
[2022-10-25T00:39:16.368+0000] {processor.py:156} INFO - Started process (PID=3197) to work on /opt/airflow/dags/parquet_factory.py
[2022-10-25T00:39:16.372+0000] {processor.py:758} INFO - Processing file /opt/airflow/dags/parquet_factory.py for tasks to queue
[2022-10-25T00:39:16.379+0000] {logging_mixin.py:117} INFO - [2022-10-25T00:39:16.378+0000] {dagbag.py:525} INFO - Filling up the DagBag from /opt/airflow/dags/parquet_factory.py
[2022-10-25T00:39:16.736+0000] {processor.py:770} WARNING - No viable dags retrieved from /opt/airflow/dags/parquet_factory.py
[2022-10-25T00:39:16.765+0000] {processor.py:178} INFO - Processing /opt/airflow/dags/parquet_factory.py took 0.406 seconds
[2022-10-25T00:39:32.135+0000] {processor.py:156} INFO - Started process (PID=5736) to work on /opt/airflow/dags/parquet_factory.py
[2022-10-25T00:39:32.138+0000] {processor.py:758} INFO - Processing file /opt/airflow/dags/parquet_factory.py for tasks to queue
[2022-10-25T00:39:32.140+0000] {logging_mixin.py:117} INFO - [2022-10-25T00:39:32.140+0000] {dagbag.py:525} INFO - Filling up the DagBag from /opt/airflow/dags/parquet_factory.py
[2022-10-25T00:39:32.425+0000] {processor.py:770} WARNING - No viable dags retrieved from /opt/airflow/dags/parquet_factory.py
[2022-10-25T00:39:32.454+0000] {processor.py:178} INFO - Processing /opt/airflow/dags/parquet_factory.py took 0.333 seconds
[2022-10-25T00:52:43.241+0000] {processor.py:156} INFO - Started process (PID=5915) to work on /opt/airflow/dags/parquet_factory.py
[2022-10-25T00:52:43.244+0000] {processor.py:758} INFO - Processing file /opt/airflow/dags/parquet_factory.py for tasks to queue
[2022-10-25T00:52:43.246+0000] {logging_mixin.py:117} INFO - [2022-10-25T00:52:43.245+0000] {dagbag.py:525} INFO - Filling up the DagBag from /opt/airflow/dags/parquet_factory.py
[2022-10-25T00:52:43.513+0000] {processor.py:770} WARNING - No viable dags retrieved from /opt/airflow/dags/parquet_factory.py
[2022-10-25T00:52:43.547+0000] {processor.py:178} INFO - Processing /opt/airflow/dags/parquet_factory.py took 0.311 seconds
[2022-10-25T00:52:57.283+0000] {processor.py:156} INFO - Started process (PID=3758) to work on /opt/airflow/dags/parquet_factory.py
[2022-10-25T00:52:57.290+0000] {processor.py:758} INFO - Processing file /opt/airflow/dags/parquet_factory.py for tasks to queue
[2022-10-25T00:52:57.298+0000] {logging_mixin.py:117} INFO - [2022-10-25T00:52:57.298+0000] {dagbag.py:525} INFO - Filling up the DagBag from /opt/airflow/dags/parquet_factory.py
[2022-10-25T00:52:57.637+0000] {processor.py:770} WARNING - No viable dags retrieved from /opt/airflow/dags/parquet_factory.py
[2022-10-25T00:52:57.697+0000] {processor.py:178} INFO - Processing /opt/airflow/dags/parquet_factory.py took 0.422 seconds
[2022-10-25T00:53:15.701+0000] {processor.py:156} INFO - Started process (PID=6320) to work on /opt/airflow/dags/parquet_factory.py
[2022-10-25T00:53:15.706+0000] {processor.py:758} INFO - Processing file /opt/airflow/dags/parquet_factory.py for tasks to queue
[2022-10-25T00:53:15.708+0000] {logging_mixin.py:117} INFO - [2022-10-25T00:53:15.708+0000] {dagbag.py:525} INFO - Filling up the DagBag from /opt/airflow/dags/parquet_factory.py
[2022-10-25T00:53:16.081+0000] {processor.py:770} WARNING - No viable dags retrieved from /opt/airflow/dags/parquet_factory.py
[2022-10-25T00:53:16.115+0000] {processor.py:178} INFO - Processing /opt/airflow/dags/parquet_factory.py took 0.425 seconds
[2022-10-25T00:53:37.013+0000] {processor.py:156} INFO - Started process (PID=4243) to work on /opt/airflow/dags/parquet_factory.py
[2022-10-25T00:53:37.018+0000] {processor.py:758} INFO - Processing file /opt/airflow/dags/parquet_factory.py for tasks to queue
[2022-10-25T00:53:37.024+0000] {logging_mixin.py:117} INFO - [2022-10-25T00:53:37.024+0000] {dagbag.py:525} INFO - Filling up the DagBag from /opt/airflow/dags/parquet_factory.py
[2022-10-25T00:53:37.363+0000] {processor.py:770} WARNING - No viable dags retrieved from /opt/airflow/dags/parquet_factory.py
[2022-10-25T00:53:37.397+0000] {processor.py:178} INFO - Processing /opt/airflow/dags/parquet_factory.py took 0.391 seconds
[2022-10-25T00:53:50.268+0000] {processor.py:156} INFO - Started process (PID=6752) to work on /opt/airflow/dags/parquet_factory.py
[2022-10-25T00:53:50.272+0000] {processor.py:758} INFO - Processing file /opt/airflow/dags/parquet_factory.py for tasks to queue
[2022-10-25T00:53:50.274+0000] {logging_mixin.py:117} INFO - [2022-10-25T00:53:50.274+0000] {dagbag.py:525} INFO - Filling up the DagBag from /opt/airflow/dags/parquet_factory.py
[2022-10-25T00:53:50.550+0000] {processor.py:770} WARNING - No viable dags retrieved from /opt/airflow/dags/parquet_factory.py
[2022-10-25T00:53:50.585+0000] {processor.py:178} INFO - Processing /opt/airflow/dags/parquet_factory.py took 0.327 seconds
[2022-10-25T00:54:15.880+0000] {processor.py:156} INFO - Started process (PID=4759) to work on /opt/airflow/dags/parquet_factory.py
[2022-10-25T00:54:15.883+0000] {processor.py:758} INFO - Processing file /opt/airflow/dags/parquet_factory.py for tasks to queue
[2022-10-25T00:54:15.887+0000] {logging_mixin.py:117} INFO - [2022-10-25T00:54:15.887+0000] {dagbag.py:525} INFO - Filling up the DagBag from /opt/airflow/dags/parquet_factory.py
[2022-10-25T00:54:16.197+0000] {processor.py:770} WARNING - No viable dags retrieved from /opt/airflow/dags/parquet_factory.py
[2022-10-25T00:54:16.238+0000] {processor.py:178} INFO - Processing /opt/airflow/dags/parquet_factory.py took 0.369 seconds
[2022-10-25T00:54:35.159+0000] {processor.py:156} INFO - Started process (PID=7268) to work on /opt/airflow/dags/parquet_factory.py
[2022-10-25T00:54:35.185+0000] {processor.py:758} INFO - Processing file /opt/airflow/dags/parquet_factory.py for tasks to queue
[2022-10-25T00:54:35.190+0000] {logging_mixin.py:117} INFO - [2022-10-25T00:54:35.189+0000] {dagbag.py:525} INFO - Filling up the DagBag from /opt/airflow/dags/parquet_factory.py
[2022-10-25T00:54:35.559+0000] {processor.py:770} WARNING - No viable dags retrieved from /opt/airflow/dags/parquet_factory.py
[2022-10-25T00:54:35.610+0000] {processor.py:178} INFO - Processing /opt/airflow/dags/parquet_factory.py took 0.556 seconds
[2022-10-25T00:55:16.125+0000] {processor.py:156} INFO - Started process (PID=5278) to work on /opt/airflow/dags/parquet_factory.py
[2022-10-25T00:55:16.130+0000] {processor.py:758} INFO - Processing file /opt/airflow/dags/parquet_factory.py for tasks to queue
[2022-10-25T00:55:16.138+0000] {logging_mixin.py:117} INFO - [2022-10-25T00:55:16.137+0000] {dagbag.py:525} INFO - Filling up the DagBag from /opt/airflow/dags/parquet_factory.py
[2022-10-25T00:55:16.915+0000] {processor.py:770} WARNING - No viable dags retrieved from /opt/airflow/dags/parquet_factory.py
[2022-10-25T00:55:17.009+0000] {processor.py:178} INFO - Processing /opt/airflow/dags/parquet_factory.py took 0.907 seconds
[2022-10-25T00:55:36.410+0000] {processor.py:156} INFO - Started process (PID=7716) to work on /opt/airflow/dags/parquet_factory.py
[2022-10-25T00:55:36.415+0000] {processor.py:758} INFO - Processing file /opt/airflow/dags/parquet_factory.py for tasks to queue
[2022-10-25T00:55:36.422+0000] {logging_mixin.py:117} INFO - [2022-10-25T00:55:36.422+0000] {dagbag.py:525} INFO - Filling up the DagBag from /opt/airflow/dags/parquet_factory.py
[2022-10-25T00:55:37.040+0000] {processor.py:770} WARNING - No viable dags retrieved from /opt/airflow/dags/parquet_factory.py
[2022-10-25T00:55:37.116+0000] {processor.py:178} INFO - Processing /opt/airflow/dags/parquet_factory.py took 0.720 seconds
[2022-10-25T00:56:08.322+0000] {processor.py:156} INFO - Started process (PID=5592) to work on /opt/airflow/dags/parquet_factory.py
[2022-10-25T00:56:08.332+0000] {processor.py:758} INFO - Processing file /opt/airflow/dags/parquet_factory.py for tasks to queue
[2022-10-25T00:56:08.346+0000] {logging_mixin.py:117} INFO - [2022-10-25T00:56:08.345+0000] {dagbag.py:525} INFO - Filling up the DagBag from /opt/airflow/dags/parquet_factory.py
[2022-10-25T00:56:09.176+0000] {processor.py:770} WARNING - No viable dags retrieved from /opt/airflow/dags/parquet_factory.py
[2022-10-25T00:56:09.255+0000] {processor.py:178} INFO - Processing /opt/airflow/dags/parquet_factory.py took 0.948 seconds
[2022-10-25T00:56:39.337+0000] {processor.py:156} INFO - Started process (PID=8060) to work on /opt/airflow/dags/parquet_factory.py
[2022-10-25T00:56:39.342+0000] {processor.py:758} INFO - Processing file /opt/airflow/dags/parquet_factory.py for tasks to queue
[2022-10-25T00:56:39.347+0000] {logging_mixin.py:117} INFO - [2022-10-25T00:56:39.346+0000] {dagbag.py:525} INFO - Filling up the DagBag from /opt/airflow/dags/parquet_factory.py
[2022-10-25T00:56:40.174+0000] {processor.py:770} WARNING - No viable dags retrieved from /opt/airflow/dags/parquet_factory.py
[2022-10-25T00:56:40.267+0000] {processor.py:178} INFO - Processing /opt/airflow/dags/parquet_factory.py took 0.951 seconds
[2022-10-25T00:57:04.955+0000] {processor.py:156} INFO - Started process (PID=5943) to work on /opt/airflow/dags/parquet_factory.py
[2022-10-25T00:57:04.963+0000] {processor.py:758} INFO - Processing file /opt/airflow/dags/parquet_factory.py for tasks to queue
[2022-10-25T00:57:05.006+0000] {logging_mixin.py:117} INFO - [2022-10-25T00:57:05.005+0000] {dagbag.py:525} INFO - Filling up the DagBag from /opt/airflow/dags/parquet_factory.py
[2022-10-25T00:57:05.505+0000] {processor.py:770} WARNING - No viable dags retrieved from /opt/airflow/dags/parquet_factory.py
[2022-10-25T00:57:05.561+0000] {processor.py:178} INFO - Processing /opt/airflow/dags/parquet_factory.py took 0.630 seconds
[2022-10-25T14:08:22.605+0000] {processor.py:156} INFO - Started process (PID=18569) to work on /opt/airflow/dags/parquet_factory.py
[2022-10-25T14:08:22.662+0000] {processor.py:758} INFO - Processing file /opt/airflow/dags/parquet_factory.py for tasks to queue
[2022-10-25T14:08:22.673+0000] {logging_mixin.py:117} INFO - [2022-10-25T14:08:22.672+0000] {dagbag.py:525} INFO - Filling up the DagBag from /opt/airflow/dags/parquet_factory.py
[2022-10-25T14:08:23.517+0000] {processor.py:770} WARNING - No viable dags retrieved from /opt/airflow/dags/parquet_factory.py
[2022-10-25T14:08:23.543+0000] {processor.py:178} INFO - Processing /opt/airflow/dags/parquet_factory.py took 0.949 seconds
[2022-10-25T14:08:43.704+0000] {processor.py:156} INFO - Started process (PID=17485) to work on /opt/airflow/dags/parquet_factory.py
[2022-10-25T14:08:43.707+0000] {processor.py:758} INFO - Processing file /opt/airflow/dags/parquet_factory.py for tasks to queue
[2022-10-25T14:08:43.711+0000] {logging_mixin.py:117} INFO - [2022-10-25T14:08:43.710+0000] {dagbag.py:525} INFO - Filling up the DagBag from /opt/airflow/dags/parquet_factory.py
[2022-10-25T14:08:44.080+0000] {processor.py:770} WARNING - No viable dags retrieved from /opt/airflow/dags/parquet_factory.py
[2022-10-25T14:08:44.126+0000] {processor.py:178} INFO - Processing /opt/airflow/dags/parquet_factory.py took 0.432 seconds
[2022-10-25T14:09:14.913+0000] {processor.py:156} INFO - Started process (PID=19092) to work on /opt/airflow/dags/parquet_factory.py
[2022-10-25T14:09:14.918+0000] {processor.py:758} INFO - Processing file /opt/airflow/dags/parquet_factory.py for tasks to queue
[2022-10-25T14:09:14.922+0000] {logging_mixin.py:117} INFO - [2022-10-25T14:09:14.922+0000] {dagbag.py:525} INFO - Filling up the DagBag from /opt/airflow/dags/parquet_factory.py
[2022-10-25T14:09:15.257+0000] {processor.py:770} WARNING - No viable dags retrieved from /opt/airflow/dags/parquet_factory.py
[2022-10-25T14:09:15.300+0000] {processor.py:178} INFO - Processing /opt/airflow/dags/parquet_factory.py took 0.396 seconds
[2022-10-25T14:09:30.781+0000] {processor.py:156} INFO - Started process (PID=18010) to work on /opt/airflow/dags/parquet_factory.py
[2022-10-25T14:09:30.791+0000] {processor.py:758} INFO - Processing file /opt/airflow/dags/parquet_factory.py for tasks to queue
[2022-10-25T14:09:30.794+0000] {logging_mixin.py:117} INFO - [2022-10-25T14:09:30.793+0000] {dagbag.py:525} INFO - Filling up the DagBag from /opt/airflow/dags/parquet_factory.py
[2022-10-25T14:09:31.069+0000] {processor.py:770} WARNING - No viable dags retrieved from /opt/airflow/dags/parquet_factory.py
[2022-10-25T14:09:31.103+0000] {processor.py:178} INFO - Processing /opt/airflow/dags/parquet_factory.py took 0.332 seconds
[2022-10-25T14:09:56.626+0000] {processor.py:156} INFO - Started process (PID=19609) to work on /opt/airflow/dags/parquet_factory.py
[2022-10-25T14:09:56.631+0000] {processor.py:758} INFO - Processing file /opt/airflow/dags/parquet_factory.py for tasks to queue
[2022-10-25T14:09:56.635+0000] {logging_mixin.py:117} INFO - [2022-10-25T14:09:56.634+0000] {dagbag.py:525} INFO - Filling up the DagBag from /opt/airflow/dags/parquet_factory.py
[2022-10-25T14:09:56.937+0000] {processor.py:770} WARNING - No viable dags retrieved from /opt/airflow/dags/parquet_factory.py
[2022-10-25T14:09:56.972+0000] {processor.py:178} INFO - Processing /opt/airflow/dags/parquet_factory.py took 0.359 seconds
[2022-10-25T14:10:09.879+0000] {processor.py:156} INFO - Started process (PID=18495) to work on /opt/airflow/dags/parquet_factory.py
[2022-10-25T14:10:09.881+0000] {processor.py:758} INFO - Processing file /opt/airflow/dags/parquet_factory.py for tasks to queue
[2022-10-25T14:10:09.884+0000] {logging_mixin.py:117} INFO - [2022-10-25T14:10:09.884+0000] {dagbag.py:525} INFO - Filling up the DagBag from /opt/airflow/dags/parquet_factory.py
[2022-10-25T14:10:10.136+0000] {processor.py:770} WARNING - No viable dags retrieved from /opt/airflow/dags/parquet_factory.py
[2022-10-25T14:10:10.178+0000] {processor.py:178} INFO - Processing /opt/airflow/dags/parquet_factory.py took 0.308 seconds
[2022-10-25T14:10:30.446+0000] {processor.py:156} INFO - Started process (PID=20002) to work on /opt/airflow/dags/parquet_factory.py
[2022-10-25T14:10:30.449+0000] {processor.py:758} INFO - Processing file /opt/airflow/dags/parquet_factory.py for tasks to queue
[2022-10-25T14:10:30.454+0000] {logging_mixin.py:117} INFO - [2022-10-25T14:10:30.453+0000] {dagbag.py:525} INFO - Filling up the DagBag from /opt/airflow/dags/parquet_factory.py
[2022-10-25T14:10:30.692+0000] {processor.py:770} WARNING - No viable dags retrieved from /opt/airflow/dags/parquet_factory.py
[2022-10-25T14:10:30.729+0000] {processor.py:178} INFO - Processing /opt/airflow/dags/parquet_factory.py took 0.298 seconds
[2022-10-25T14:10:48.569+0000] {processor.py:156} INFO - Started process (PID=18946) to work on /opt/airflow/dags/parquet_factory.py
[2022-10-25T14:10:48.573+0000] {processor.py:758} INFO - Processing file /opt/airflow/dags/parquet_factory.py for tasks to queue
[2022-10-25T14:10:48.577+0000] {logging_mixin.py:117} INFO - [2022-10-25T14:10:48.576+0000] {dagbag.py:525} INFO - Filling up the DagBag from /opt/airflow/dags/parquet_factory.py
[2022-10-25T14:10:48.886+0000] {processor.py:770} WARNING - No viable dags retrieved from /opt/airflow/dags/parquet_factory.py
[2022-10-25T14:10:48.931+0000] {processor.py:178} INFO - Processing /opt/airflow/dags/parquet_factory.py took 0.380 seconds
[2022-10-25T14:11:08.817+0000] {processor.py:156} INFO - Started process (PID=20481) to work on /opt/airflow/dags/parquet_factory.py
[2022-10-25T14:11:08.820+0000] {processor.py:758} INFO - Processing file /opt/airflow/dags/parquet_factory.py for tasks to queue
[2022-10-25T14:11:08.823+0000] {logging_mixin.py:117} INFO - [2022-10-25T14:11:08.823+0000] {dagbag.py:525} INFO - Filling up the DagBag from /opt/airflow/dags/parquet_factory.py
[2022-10-25T14:11:09.080+0000] {processor.py:770} WARNING - No viable dags retrieved from /opt/airflow/dags/parquet_factory.py
[2022-10-25T14:11:09.119+0000] {processor.py:178} INFO - Processing /opt/airflow/dags/parquet_factory.py took 0.314 seconds
[2022-10-25T14:11:26.790+0000] {processor.py:156} INFO - Started process (PID=19412) to work on /opt/airflow/dags/parquet_factory.py
[2022-10-25T14:11:26.794+0000] {processor.py:758} INFO - Processing file /opt/airflow/dags/parquet_factory.py for tasks to queue
[2022-10-25T14:11:26.797+0000] {logging_mixin.py:117} INFO - [2022-10-25T14:11:26.797+0000] {dagbag.py:525} INFO - Filling up the DagBag from /opt/airflow/dags/parquet_factory.py
[2022-10-25T14:11:27.203+0000] {processor.py:770} WARNING - No viable dags retrieved from /opt/airflow/dags/parquet_factory.py
[2022-10-25T14:11:27.262+0000] {processor.py:178} INFO - Processing /opt/airflow/dags/parquet_factory.py took 0.482 seconds
[2022-10-25T14:11:43.097+0000] {processor.py:156} INFO - Started process (PID=20906) to work on /opt/airflow/dags/parquet_factory.py
[2022-10-25T14:11:43.100+0000] {processor.py:758} INFO - Processing file /opt/airflow/dags/parquet_factory.py for tasks to queue
[2022-10-25T14:11:43.103+0000] {logging_mixin.py:117} INFO - [2022-10-25T14:11:43.102+0000] {dagbag.py:525} INFO - Filling up the DagBag from /opt/airflow/dags/parquet_factory.py
[2022-10-25T14:11:43.607+0000] {processor.py:770} WARNING - No viable dags retrieved from /opt/airflow/dags/parquet_factory.py
[2022-10-25T14:11:43.655+0000] {processor.py:178} INFO - Processing /opt/airflow/dags/parquet_factory.py took 0.568 seconds
[2022-10-25T14:12:05.517+0000] {processor.py:156} INFO - Started process (PID=19850) to work on /opt/airflow/dags/parquet_factory.py
[2022-10-25T14:12:05.520+0000] {processor.py:758} INFO - Processing file /opt/airflow/dags/parquet_factory.py for tasks to queue
[2022-10-25T14:12:05.523+0000] {logging_mixin.py:117} INFO - [2022-10-25T14:12:05.522+0000] {dagbag.py:525} INFO - Filling up the DagBag from /opt/airflow/dags/parquet_factory.py
[2022-10-25T14:12:05.753+0000] {processor.py:770} WARNING - No viable dags retrieved from /opt/airflow/dags/parquet_factory.py
[2022-10-25T14:12:05.782+0000] {processor.py:178} INFO - Processing /opt/airflow/dags/parquet_factory.py took 0.272 seconds
[2022-10-25T14:12:48.251+0000] {processor.py:156} INFO - Started process (PID=20360) to work on /opt/airflow/dags/parquet_factory.py
[2022-10-25T14:12:48.253+0000] {processor.py:758} INFO - Processing file /opt/airflow/dags/parquet_factory.py for tasks to queue
[2022-10-25T14:12:48.255+0000] {logging_mixin.py:117} INFO - [2022-10-25T14:12:48.255+0000] {dagbag.py:525} INFO - Filling up the DagBag from /opt/airflow/dags/parquet_factory.py
[2022-10-25T14:12:48.500+0000] {processor.py:770} WARNING - No viable dags retrieved from /opt/airflow/dags/parquet_factory.py
[2022-10-25T14:12:48.549+0000] {processor.py:178} INFO - Processing /opt/airflow/dags/parquet_factory.py took 0.304 seconds
[2022-10-25T14:13:08.584+0000] {processor.py:156} INFO - Started process (PID=21421) to work on /opt/airflow/dags/parquet_factory.py
[2022-10-25T14:13:08.588+0000] {processor.py:758} INFO - Processing file /opt/airflow/dags/parquet_factory.py for tasks to queue
[2022-10-25T14:13:08.591+0000] {logging_mixin.py:117} INFO - [2022-10-25T14:13:08.591+0000] {dagbag.py:525} INFO - Filling up the DagBag from /opt/airflow/dags/parquet_factory.py
[2022-10-25T14:13:08.937+0000] {processor.py:770} WARNING - No viable dags retrieved from /opt/airflow/dags/parquet_factory.py
[2022-10-25T14:13:08.972+0000] {processor.py:178} INFO - Processing /opt/airflow/dags/parquet_factory.py took 0.398 seconds
[2022-10-25T14:13:42.434+0000] {processor.py:156} INFO - Started process (PID=20546) to work on /opt/airflow/dags/parquet_factory.py
[2022-10-25T14:13:42.436+0000] {processor.py:758} INFO - Processing file /opt/airflow/dags/parquet_factory.py for tasks to queue
[2022-10-25T14:13:42.438+0000] {logging_mixin.py:117} INFO - [2022-10-25T14:13:42.438+0000] {dagbag.py:525} INFO - Filling up the DagBag from /opt/airflow/dags/parquet_factory.py
[2022-10-25T14:13:42.662+0000] {processor.py:770} WARNING - No viable dags retrieved from /opt/airflow/dags/parquet_factory.py
[2022-10-25T14:13:42.689+0000] {processor.py:178} INFO - Processing /opt/airflow/dags/parquet_factory.py took 0.265 seconds
[2022-10-25T14:13:47.207+0000] {processor.py:156} INFO - Started process (PID=21935) to work on /opt/airflow/dags/parquet_factory.py
[2022-10-25T14:13:47.209+0000] {processor.py:758} INFO - Processing file /opt/airflow/dags/parquet_factory.py for tasks to queue
[2022-10-25T14:13:47.212+0000] {logging_mixin.py:117} INFO - [2022-10-25T14:13:47.212+0000] {dagbag.py:525} INFO - Filling up the DagBag from /opt/airflow/dags/parquet_factory.py
[2022-10-25T14:13:47.532+0000] {processor.py:770} WARNING - No viable dags retrieved from /opt/airflow/dags/parquet_factory.py
[2022-10-25T14:13:47.577+0000] {processor.py:178} INFO - Processing /opt/airflow/dags/parquet_factory.py took 0.383 seconds
[2022-10-25T14:14:23.211+0000] {processor.py:156} INFO - Started process (PID=22327) to work on /opt/airflow/dags/parquet_factory.py
[2022-10-25T14:14:23.213+0000] {processor.py:758} INFO - Processing file /opt/airflow/dags/parquet_factory.py for tasks to queue
[2022-10-25T14:14:23.216+0000] {logging_mixin.py:117} INFO - [2022-10-25T14:14:23.216+0000] {dagbag.py:525} INFO - Filling up the DagBag from /opt/airflow/dags/parquet_factory.py
[2022-10-25T14:14:23.466+0000] {processor.py:770} WARNING - No viable dags retrieved from /opt/airflow/dags/parquet_factory.py
[2022-10-25T14:14:23.503+0000] {processor.py:178} INFO - Processing /opt/airflow/dags/parquet_factory.py took 0.300 seconds
[2022-10-25T14:14:23.655+0000] {processor.py:156} INFO - Started process (PID=21004) to work on /opt/airflow/dags/parquet_factory.py
[2022-10-25T14:14:23.658+0000] {processor.py:758} INFO - Processing file /opt/airflow/dags/parquet_factory.py for tasks to queue
[2022-10-25T14:14:23.663+0000] {logging_mixin.py:117} INFO - [2022-10-25T14:14:23.663+0000] {dagbag.py:525} INFO - Filling up the DagBag from /opt/airflow/dags/parquet_factory.py
[2022-10-25T14:14:23.945+0000] {processor.py:770} WARNING - No viable dags retrieved from /opt/airflow/dags/parquet_factory.py
[2022-10-25T14:14:23.996+0000] {processor.py:178} INFO - Processing /opt/airflow/dags/parquet_factory.py took 0.348 seconds
[2022-10-25T14:14:56.614+0000] {processor.py:156} INFO - Started process (PID=21383) to work on /opt/airflow/dags/parquet_factory.py
[2022-10-25T14:14:56.624+0000] {processor.py:758} INFO - Processing file /opt/airflow/dags/parquet_factory.py for tasks to queue
[2022-10-25T14:14:56.641+0000] {logging_mixin.py:117} INFO - [2022-10-25T14:14:56.640+0000] {dagbag.py:525} INFO - Filling up the DagBag from /opt/airflow/dags/parquet_factory.py
[2022-10-25T14:14:56.984+0000] {processor.py:770} WARNING - No viable dags retrieved from /opt/airflow/dags/parquet_factory.py
[2022-10-25T14:14:57.030+0000] {processor.py:178} INFO - Processing /opt/airflow/dags/parquet_factory.py took 0.423 seconds
[2022-10-25T14:14:58.399+0000] {processor.py:156} INFO - Started process (PID=22701) to work on /opt/airflow/dags/parquet_factory.py
[2022-10-25T14:14:58.402+0000] {processor.py:758} INFO - Processing file /opt/airflow/dags/parquet_factory.py for tasks to queue
[2022-10-25T14:14:58.404+0000] {logging_mixin.py:117} INFO - [2022-10-25T14:14:58.404+0000] {dagbag.py:525} INFO - Filling up the DagBag from /opt/airflow/dags/parquet_factory.py
[2022-10-25T14:14:58.742+0000] {processor.py:770} WARNING - No viable dags retrieved from /opt/airflow/dags/parquet_factory.py
[2022-10-25T14:14:58.788+0000] {processor.py:178} INFO - Processing /opt/airflow/dags/parquet_factory.py took 0.395 seconds
[2022-10-25T14:15:42.695+0000] {processor.py:156} INFO - Started process (PID=21745) to work on /opt/airflow/dags/parquet_factory.py
[2022-10-25T14:15:42.698+0000] {processor.py:758} INFO - Processing file /opt/airflow/dags/parquet_factory.py for tasks to queue
[2022-10-25T14:15:42.701+0000] {logging_mixin.py:117} INFO - [2022-10-25T14:15:42.701+0000] {dagbag.py:525} INFO - Filling up the DagBag from /opt/airflow/dags/parquet_factory.py
[2022-10-25T14:15:43.144+0000] {processor.py:770} WARNING - No viable dags retrieved from /opt/airflow/dags/parquet_factory.py
[2022-10-25T14:15:43.188+0000] {processor.py:178} INFO - Processing /opt/airflow/dags/parquet_factory.py took 0.505 seconds
[2022-10-25T14:15:50.716+0000] {processor.py:156} INFO - Started process (PID=23142) to work on /opt/airflow/dags/parquet_factory.py
[2022-10-25T14:15:50.719+0000] {processor.py:758} INFO - Processing file /opt/airflow/dags/parquet_factory.py for tasks to queue
[2022-10-25T14:15:50.723+0000] {logging_mixin.py:117} INFO - [2022-10-25T14:15:50.722+0000] {dagbag.py:525} INFO - Filling up the DagBag from /opt/airflow/dags/parquet_factory.py
[2022-10-25T14:15:51.100+0000] {processor.py:770} WARNING - No viable dags retrieved from /opt/airflow/dags/parquet_factory.py
[2022-10-25T14:15:51.155+0000] {processor.py:178} INFO - Processing /opt/airflow/dags/parquet_factory.py took 0.453 seconds
[2022-10-25T14:16:29.472+0000] {processor.py:156} INFO - Started process (PID=22257) to work on /opt/airflow/dags/parquet_factory.py
[2022-10-25T14:16:29.476+0000] {processor.py:758} INFO - Processing file /opt/airflow/dags/parquet_factory.py for tasks to queue
[2022-10-25T14:16:29.479+0000] {logging_mixin.py:117} INFO - [2022-10-25T14:16:29.479+0000] {dagbag.py:525} INFO - Filling up the DagBag from /opt/airflow/dags/parquet_factory.py
[2022-10-25T14:16:29.912+0000] {processor.py:770} WARNING - No viable dags retrieved from /opt/airflow/dags/parquet_factory.py
[2022-10-25T14:16:29.982+0000] {processor.py:178} INFO - Processing /opt/airflow/dags/parquet_factory.py took 0.518 seconds
[2022-10-25T14:16:35.330+0000] {processor.py:156} INFO - Started process (PID=23617) to work on /opt/airflow/dags/parquet_factory.py
[2022-10-25T14:16:35.333+0000] {processor.py:758} INFO - Processing file /opt/airflow/dags/parquet_factory.py for tasks to queue
[2022-10-25T14:16:35.337+0000] {logging_mixin.py:117} INFO - [2022-10-25T14:16:35.336+0000] {dagbag.py:525} INFO - Filling up the DagBag from /opt/airflow/dags/parquet_factory.py
[2022-10-25T14:16:35.652+0000] {processor.py:770} WARNING - No viable dags retrieved from /opt/airflow/dags/parquet_factory.py
[2022-10-25T14:16:35.723+0000] {processor.py:178} INFO - Processing /opt/airflow/dags/parquet_factory.py took 0.403 seconds
[2022-10-25T14:17:19.499+0000] {processor.py:156} INFO - Started process (PID=22698) to work on /opt/airflow/dags/parquet_factory.py
[2022-10-25T14:17:19.505+0000] {processor.py:758} INFO - Processing file /opt/airflow/dags/parquet_factory.py for tasks to queue
[2022-10-25T14:17:19.508+0000] {logging_mixin.py:117} INFO - [2022-10-25T14:17:19.508+0000] {dagbag.py:525} INFO - Filling up the DagBag from /opt/airflow/dags/parquet_factory.py
[2022-10-25T14:17:19.856+0000] {processor.py:770} WARNING - No viable dags retrieved from /opt/airflow/dags/parquet_factory.py
[2022-10-25T14:17:19.910+0000] {processor.py:178} INFO - Processing /opt/airflow/dags/parquet_factory.py took 0.418 seconds
[2022-10-25T14:17:23.326+0000] {processor.py:156} INFO - Started process (PID=24066) to work on /opt/airflow/dags/parquet_factory.py
[2022-10-25T14:17:23.329+0000] {processor.py:758} INFO - Processing file /opt/airflow/dags/parquet_factory.py for tasks to queue
[2022-10-25T14:17:23.335+0000] {logging_mixin.py:117} INFO - [2022-10-25T14:17:23.334+0000] {dagbag.py:525} INFO - Filling up the DagBag from /opt/airflow/dags/parquet_factory.py
[2022-10-25T14:17:23.672+0000] {processor.py:770} WARNING - No viable dags retrieved from /opt/airflow/dags/parquet_factory.py
[2022-10-25T14:17:23.731+0000] {processor.py:178} INFO - Processing /opt/airflow/dags/parquet_factory.py took 0.414 seconds
