[2022-10-25T00:37:46.507+0000] {processor.py:156} INFO - Started process (PID=4362) to work on /opt/airflow/dags/hadoop-2.7.3/share/hadoop/httpfs/tomcat/webapps/webhdfs/WEB-INF/lib/commons-cli-1.2.jar
[2022-10-25T00:37:46.510+0000] {processor.py:758} INFO - Processing file /opt/airflow/dags/hadoop-2.7.3/share/hadoop/httpfs/tomcat/webapps/webhdfs/WEB-INF/lib/commons-cli-1.2.jar for tasks to queue
[2022-10-25T00:37:46.512+0000] {logging_mixin.py:117} INFO - [2022-10-25T00:37:46.512+0000] {dagbag.py:525} INFO - Filling up the DagBag from /opt/airflow/dags/hadoop-2.7.3/share/hadoop/httpfs/tomcat/webapps/webhdfs/WEB-INF/lib/commons-cli-1.2.jar
[2022-10-25T00:37:46.517+0000] {processor.py:770} WARNING - No viable dags retrieved from /opt/airflow/dags/hadoop-2.7.3/share/hadoop/httpfs/tomcat/webapps/webhdfs/WEB-INF/lib/commons-cli-1.2.jar
[2022-10-25T00:37:46.545+0000] {processor.py:178} INFO - Processing /opt/airflow/dags/hadoop-2.7.3/share/hadoop/httpfs/tomcat/webapps/webhdfs/WEB-INF/lib/commons-cli-1.2.jar took 0.044 seconds
[2022-10-25T00:38:15.395+0000] {processor.py:156} INFO - Started process (PID=2386) to work on /opt/airflow/dags/hadoop-2.7.3/share/hadoop/httpfs/tomcat/webapps/webhdfs/WEB-INF/lib/commons-cli-1.2.jar
[2022-10-25T00:38:15.397+0000] {processor.py:758} INFO - Processing file /opt/airflow/dags/hadoop-2.7.3/share/hadoop/httpfs/tomcat/webapps/webhdfs/WEB-INF/lib/commons-cli-1.2.jar for tasks to queue
[2022-10-25T00:38:15.401+0000] {logging_mixin.py:117} INFO - [2022-10-25T00:38:15.401+0000] {dagbag.py:525} INFO - Filling up the DagBag from /opt/airflow/dags/hadoop-2.7.3/share/hadoop/httpfs/tomcat/webapps/webhdfs/WEB-INF/lib/commons-cli-1.2.jar
[2022-10-25T00:38:15.408+0000] {processor.py:770} WARNING - No viable dags retrieved from /opt/airflow/dags/hadoop-2.7.3/share/hadoop/httpfs/tomcat/webapps/webhdfs/WEB-INF/lib/commons-cli-1.2.jar
[2022-10-25T00:38:15.437+0000] {processor.py:178} INFO - Processing /opt/airflow/dags/hadoop-2.7.3/share/hadoop/httpfs/tomcat/webapps/webhdfs/WEB-INF/lib/commons-cli-1.2.jar took 0.052 seconds
[2022-10-25T00:38:25.145+0000] {processor.py:156} INFO - Started process (PID=4877) to work on /opt/airflow/dags/hadoop-2.7.3/share/hadoop/httpfs/tomcat/webapps/webhdfs/WEB-INF/lib/commons-cli-1.2.jar
[2022-10-25T00:38:25.149+0000] {processor.py:758} INFO - Processing file /opt/airflow/dags/hadoop-2.7.3/share/hadoop/httpfs/tomcat/webapps/webhdfs/WEB-INF/lib/commons-cli-1.2.jar for tasks to queue
[2022-10-25T00:38:25.154+0000] {logging_mixin.py:117} INFO - [2022-10-25T00:38:25.153+0000] {dagbag.py:525} INFO - Filling up the DagBag from /opt/airflow/dags/hadoop-2.7.3/share/hadoop/httpfs/tomcat/webapps/webhdfs/WEB-INF/lib/commons-cli-1.2.jar
[2022-10-25T00:38:25.163+0000] {processor.py:770} WARNING - No viable dags retrieved from /opt/airflow/dags/hadoop-2.7.3/share/hadoop/httpfs/tomcat/webapps/webhdfs/WEB-INF/lib/commons-cli-1.2.jar
[2022-10-25T00:38:25.196+0000] {processor.py:178} INFO - Processing /opt/airflow/dags/hadoop-2.7.3/share/hadoop/httpfs/tomcat/webapps/webhdfs/WEB-INF/lib/commons-cli-1.2.jar took 0.059 seconds
[2022-10-25T00:38:53.553+0000] {processor.py:156} INFO - Started process (PID=2901) to work on /opt/airflow/dags/hadoop-2.7.3/share/hadoop/httpfs/tomcat/webapps/webhdfs/WEB-INF/lib/commons-cli-1.2.jar
[2022-10-25T00:38:53.557+0000] {processor.py:758} INFO - Processing file /opt/airflow/dags/hadoop-2.7.3/share/hadoop/httpfs/tomcat/webapps/webhdfs/WEB-INF/lib/commons-cli-1.2.jar for tasks to queue
[2022-10-25T00:38:53.562+0000] {logging_mixin.py:117} INFO - [2022-10-25T00:38:53.561+0000] {dagbag.py:525} INFO - Filling up the DagBag from /opt/airflow/dags/hadoop-2.7.3/share/hadoop/httpfs/tomcat/webapps/webhdfs/WEB-INF/lib/commons-cli-1.2.jar
[2022-10-25T00:38:53.576+0000] {processor.py:770} WARNING - No viable dags retrieved from /opt/airflow/dags/hadoop-2.7.3/share/hadoop/httpfs/tomcat/webapps/webhdfs/WEB-INF/lib/commons-cli-1.2.jar
[2022-10-25T00:38:53.620+0000] {processor.py:178} INFO - Processing /opt/airflow/dags/hadoop-2.7.3/share/hadoop/httpfs/tomcat/webapps/webhdfs/WEB-INF/lib/commons-cli-1.2.jar took 0.074 seconds
[2022-10-25T00:39:05.148+0000] {processor.py:156} INFO - Started process (PID=5393) to work on /opt/airflow/dags/hadoop-2.7.3/share/hadoop/httpfs/tomcat/webapps/webhdfs/WEB-INF/lib/commons-cli-1.2.jar
[2022-10-25T00:39:05.151+0000] {processor.py:758} INFO - Processing file /opt/airflow/dags/hadoop-2.7.3/share/hadoop/httpfs/tomcat/webapps/webhdfs/WEB-INF/lib/commons-cli-1.2.jar for tasks to queue
[2022-10-25T00:39:05.159+0000] {logging_mixin.py:117} INFO - [2022-10-25T00:39:05.159+0000] {dagbag.py:525} INFO - Filling up the DagBag from /opt/airflow/dags/hadoop-2.7.3/share/hadoop/httpfs/tomcat/webapps/webhdfs/WEB-INF/lib/commons-cli-1.2.jar
[2022-10-25T00:39:05.166+0000] {processor.py:770} WARNING - No viable dags retrieved from /opt/airflow/dags/hadoop-2.7.3/share/hadoop/httpfs/tomcat/webapps/webhdfs/WEB-INF/lib/commons-cli-1.2.jar
[2022-10-25T00:39:05.212+0000] {processor.py:178} INFO - Processing /opt/airflow/dags/hadoop-2.7.3/share/hadoop/httpfs/tomcat/webapps/webhdfs/WEB-INF/lib/commons-cli-1.2.jar took 0.073 seconds
[2022-10-25T00:39:32.894+0000] {processor.py:156} INFO - Started process (PID=3417) to work on /opt/airflow/dags/hadoop-2.7.3/share/hadoop/httpfs/tomcat/webapps/webhdfs/WEB-INF/lib/commons-cli-1.2.jar
[2022-10-25T00:39:32.896+0000] {processor.py:758} INFO - Processing file /opt/airflow/dags/hadoop-2.7.3/share/hadoop/httpfs/tomcat/webapps/webhdfs/WEB-INF/lib/commons-cli-1.2.jar for tasks to queue
[2022-10-25T00:39:32.902+0000] {logging_mixin.py:117} INFO - [2022-10-25T00:39:32.901+0000] {dagbag.py:525} INFO - Filling up the DagBag from /opt/airflow/dags/hadoop-2.7.3/share/hadoop/httpfs/tomcat/webapps/webhdfs/WEB-INF/lib/commons-cli-1.2.jar
[2022-10-25T00:39:32.909+0000] {processor.py:770} WARNING - No viable dags retrieved from /opt/airflow/dags/hadoop-2.7.3/share/hadoop/httpfs/tomcat/webapps/webhdfs/WEB-INF/lib/commons-cli-1.2.jar
[2022-10-25T00:39:32.951+0000] {processor.py:178} INFO - Processing /opt/airflow/dags/hadoop-2.7.3/share/hadoop/httpfs/tomcat/webapps/webhdfs/WEB-INF/lib/commons-cli-1.2.jar took 0.068 seconds
[2022-10-25T00:52:48.329+0000] {processor.py:156} INFO - Started process (PID=5978) to work on /opt/airflow/dags/hadoop-2.7.3/share/hadoop/httpfs/tomcat/webapps/webhdfs/WEB-INF/lib/commons-cli-1.2.jar
[2022-10-25T00:52:48.333+0000] {processor.py:758} INFO - Processing file /opt/airflow/dags/hadoop-2.7.3/share/hadoop/httpfs/tomcat/webapps/webhdfs/WEB-INF/lib/commons-cli-1.2.jar for tasks to queue
[2022-10-25T00:52:48.336+0000] {logging_mixin.py:117} INFO - [2022-10-25T00:52:48.336+0000] {dagbag.py:525} INFO - Filling up the DagBag from /opt/airflow/dags/hadoop-2.7.3/share/hadoop/httpfs/tomcat/webapps/webhdfs/WEB-INF/lib/commons-cli-1.2.jar
[2022-10-25T00:52:48.344+0000] {processor.py:770} WARNING - No viable dags retrieved from /opt/airflow/dags/hadoop-2.7.3/share/hadoop/httpfs/tomcat/webapps/webhdfs/WEB-INF/lib/commons-cli-1.2.jar
[2022-10-25T00:52:48.382+0000] {processor.py:178} INFO - Processing /opt/airflow/dags/hadoop-2.7.3/share/hadoop/httpfs/tomcat/webapps/webhdfs/WEB-INF/lib/commons-cli-1.2.jar took 0.061 seconds
[2022-10-25T00:53:08.489+0000] {processor.py:156} INFO - Started process (PID=3900) to work on /opt/airflow/dags/hadoop-2.7.3/share/hadoop/httpfs/tomcat/webapps/webhdfs/WEB-INF/lib/commons-cli-1.2.jar
[2022-10-25T00:53:08.502+0000] {processor.py:758} INFO - Processing file /opt/airflow/dags/hadoop-2.7.3/share/hadoop/httpfs/tomcat/webapps/webhdfs/WEB-INF/lib/commons-cli-1.2.jar for tasks to queue
[2022-10-25T00:53:08.510+0000] {logging_mixin.py:117} INFO - [2022-10-25T00:53:08.509+0000] {dagbag.py:525} INFO - Filling up the DagBag from /opt/airflow/dags/hadoop-2.7.3/share/hadoop/httpfs/tomcat/webapps/webhdfs/WEB-INF/lib/commons-cli-1.2.jar
[2022-10-25T00:53:08.525+0000] {processor.py:770} WARNING - No viable dags retrieved from /opt/airflow/dags/hadoop-2.7.3/share/hadoop/httpfs/tomcat/webapps/webhdfs/WEB-INF/lib/commons-cli-1.2.jar
[2022-10-25T00:53:08.572+0000] {processor.py:178} INFO - Processing /opt/airflow/dags/hadoop-2.7.3/share/hadoop/httpfs/tomcat/webapps/webhdfs/WEB-INF/lib/commons-cli-1.2.jar took 0.093 seconds
[2022-10-25T00:53:30.154+0000] {processor.py:156} INFO - Started process (PID=6493) to work on /opt/airflow/dags/hadoop-2.7.3/share/hadoop/httpfs/tomcat/webapps/webhdfs/WEB-INF/lib/commons-cli-1.2.jar
[2022-10-25T00:53:30.157+0000] {processor.py:758} INFO - Processing file /opt/airflow/dags/hadoop-2.7.3/share/hadoop/httpfs/tomcat/webapps/webhdfs/WEB-INF/lib/commons-cli-1.2.jar for tasks to queue
[2022-10-25T00:53:30.161+0000] {logging_mixin.py:117} INFO - [2022-10-25T00:53:30.160+0000] {dagbag.py:525} INFO - Filling up the DagBag from /opt/airflow/dags/hadoop-2.7.3/share/hadoop/httpfs/tomcat/webapps/webhdfs/WEB-INF/lib/commons-cli-1.2.jar
[2022-10-25T00:53:30.169+0000] {processor.py:770} WARNING - No viable dags retrieved from /opt/airflow/dags/hadoop-2.7.3/share/hadoop/httpfs/tomcat/webapps/webhdfs/WEB-INF/lib/commons-cli-1.2.jar
[2022-10-25T00:53:30.215+0000] {processor.py:178} INFO - Processing /opt/airflow/dags/hadoop-2.7.3/share/hadoop/httpfs/tomcat/webapps/webhdfs/WEB-INF/lib/commons-cli-1.2.jar took 0.069 seconds
[2022-10-25T00:53:49.586+0000] {processor.py:156} INFO - Started process (PID=4415) to work on /opt/airflow/dags/hadoop-2.7.3/share/hadoop/httpfs/tomcat/webapps/webhdfs/WEB-INF/lib/commons-cli-1.2.jar
[2022-10-25T00:53:49.590+0000] {processor.py:758} INFO - Processing file /opt/airflow/dags/hadoop-2.7.3/share/hadoop/httpfs/tomcat/webapps/webhdfs/WEB-INF/lib/commons-cli-1.2.jar for tasks to queue
[2022-10-25T00:53:49.596+0000] {logging_mixin.py:117} INFO - [2022-10-25T00:53:49.596+0000] {dagbag.py:525} INFO - Filling up the DagBag from /opt/airflow/dags/hadoop-2.7.3/share/hadoop/httpfs/tomcat/webapps/webhdfs/WEB-INF/lib/commons-cli-1.2.jar
[2022-10-25T00:53:49.604+0000] {processor.py:770} WARNING - No viable dags retrieved from /opt/airflow/dags/hadoop-2.7.3/share/hadoop/httpfs/tomcat/webapps/webhdfs/WEB-INF/lib/commons-cli-1.2.jar
[2022-10-25T00:53:49.660+0000] {processor.py:178} INFO - Processing /opt/airflow/dags/hadoop-2.7.3/share/hadoop/httpfs/tomcat/webapps/webhdfs/WEB-INF/lib/commons-cli-1.2.jar took 0.083 seconds
[2022-10-25T00:54:10.501+0000] {processor.py:156} INFO - Started process (PID=7015) to work on /opt/airflow/dags/hadoop-2.7.3/share/hadoop/httpfs/tomcat/webapps/webhdfs/WEB-INF/lib/commons-cli-1.2.jar
[2022-10-25T00:54:10.504+0000] {processor.py:758} INFO - Processing file /opt/airflow/dags/hadoop-2.7.3/share/hadoop/httpfs/tomcat/webapps/webhdfs/WEB-INF/lib/commons-cli-1.2.jar for tasks to queue
[2022-10-25T00:54:10.514+0000] {logging_mixin.py:117} INFO - [2022-10-25T00:54:10.514+0000] {dagbag.py:525} INFO - Filling up the DagBag from /opt/airflow/dags/hadoop-2.7.3/share/hadoop/httpfs/tomcat/webapps/webhdfs/WEB-INF/lib/commons-cli-1.2.jar
[2022-10-25T00:54:10.521+0000] {processor.py:770} WARNING - No viable dags retrieved from /opt/airflow/dags/hadoop-2.7.3/share/hadoop/httpfs/tomcat/webapps/webhdfs/WEB-INF/lib/commons-cli-1.2.jar
[2022-10-25T00:54:10.569+0000] {processor.py:178} INFO - Processing /opt/airflow/dags/hadoop-2.7.3/share/hadoop/httpfs/tomcat/webapps/webhdfs/WEB-INF/lib/commons-cli-1.2.jar took 0.078 seconds
[2022-10-25T00:54:31.751+0000] {processor.py:156} INFO - Started process (PID=4915) to work on /opt/airflow/dags/hadoop-2.7.3/share/hadoop/httpfs/tomcat/webapps/webhdfs/WEB-INF/lib/commons-cli-1.2.jar
[2022-10-25T00:54:31.755+0000] {processor.py:758} INFO - Processing file /opt/airflow/dags/hadoop-2.7.3/share/hadoop/httpfs/tomcat/webapps/webhdfs/WEB-INF/lib/commons-cli-1.2.jar for tasks to queue
[2022-10-25T00:54:31.762+0000] {logging_mixin.py:117} INFO - [2022-10-25T00:54:31.762+0000] {dagbag.py:525} INFO - Filling up the DagBag from /opt/airflow/dags/hadoop-2.7.3/share/hadoop/httpfs/tomcat/webapps/webhdfs/WEB-INF/lib/commons-cli-1.2.jar
[2022-10-25T00:54:31.773+0000] {processor.py:770} WARNING - No viable dags retrieved from /opt/airflow/dags/hadoop-2.7.3/share/hadoop/httpfs/tomcat/webapps/webhdfs/WEB-INF/lib/commons-cli-1.2.jar
[2022-10-25T00:54:31.820+0000] {processor.py:178} INFO - Processing /opt/airflow/dags/hadoop-2.7.3/share/hadoop/httpfs/tomcat/webapps/webhdfs/WEB-INF/lib/commons-cli-1.2.jar took 0.081 seconds
[2022-10-25T00:55:02.161+0000] {processor.py:156} INFO - Started process (PID=7508) to work on /opt/airflow/dags/hadoop-2.7.3/share/hadoop/httpfs/tomcat/webapps/webhdfs/WEB-INF/lib/commons-cli-1.2.jar
[2022-10-25T00:55:02.164+0000] {processor.py:758} INFO - Processing file /opt/airflow/dags/hadoop-2.7.3/share/hadoop/httpfs/tomcat/webapps/webhdfs/WEB-INF/lib/commons-cli-1.2.jar for tasks to queue
[2022-10-25T00:55:02.168+0000] {logging_mixin.py:117} INFO - [2022-10-25T00:55:02.168+0000] {dagbag.py:525} INFO - Filling up the DagBag from /opt/airflow/dags/hadoop-2.7.3/share/hadoop/httpfs/tomcat/webapps/webhdfs/WEB-INF/lib/commons-cli-1.2.jar
[2022-10-25T00:55:02.185+0000] {processor.py:770} WARNING - No viable dags retrieved from /opt/airflow/dags/hadoop-2.7.3/share/hadoop/httpfs/tomcat/webapps/webhdfs/WEB-INF/lib/commons-cli-1.2.jar
[2022-10-25T00:55:02.268+0000] {processor.py:178} INFO - Processing /opt/airflow/dags/hadoop-2.7.3/share/hadoop/httpfs/tomcat/webapps/webhdfs/WEB-INF/lib/commons-cli-1.2.jar took 0.121 seconds
[2022-10-25T00:55:38.522+0000] {processor.py:156} INFO - Started process (PID=5422) to work on /opt/airflow/dags/hadoop-2.7.3/share/hadoop/httpfs/tomcat/webapps/webhdfs/WEB-INF/lib/commons-cli-1.2.jar
[2022-10-25T00:55:38.528+0000] {processor.py:758} INFO - Processing file /opt/airflow/dags/hadoop-2.7.3/share/hadoop/httpfs/tomcat/webapps/webhdfs/WEB-INF/lib/commons-cli-1.2.jar for tasks to queue
[2022-10-25T00:55:38.536+0000] {logging_mixin.py:117} INFO - [2022-10-25T00:55:38.535+0000] {dagbag.py:525} INFO - Filling up the DagBag from /opt/airflow/dags/hadoop-2.7.3/share/hadoop/httpfs/tomcat/webapps/webhdfs/WEB-INF/lib/commons-cli-1.2.jar
[2022-10-25T00:55:38.548+0000] {processor.py:770} WARNING - No viable dags retrieved from /opt/airflow/dags/hadoop-2.7.3/share/hadoop/httpfs/tomcat/webapps/webhdfs/WEB-INF/lib/commons-cli-1.2.jar
[2022-10-25T00:55:38.624+0000] {processor.py:178} INFO - Processing /opt/airflow/dags/hadoop-2.7.3/share/hadoop/httpfs/tomcat/webapps/webhdfs/WEB-INF/lib/commons-cli-1.2.jar took 0.111 seconds
[2022-10-25T00:56:04.397+0000] {processor.py:156} INFO - Started process (PID=7863) to work on /opt/airflow/dags/hadoop-2.7.3/share/hadoop/httpfs/tomcat/webapps/webhdfs/WEB-INF/lib/commons-cli-1.2.jar
[2022-10-25T00:56:04.404+0000] {processor.py:758} INFO - Processing file /opt/airflow/dags/hadoop-2.7.3/share/hadoop/httpfs/tomcat/webapps/webhdfs/WEB-INF/lib/commons-cli-1.2.jar for tasks to queue
[2022-10-25T00:56:04.410+0000] {logging_mixin.py:117} INFO - [2022-10-25T00:56:04.409+0000] {dagbag.py:525} INFO - Filling up the DagBag from /opt/airflow/dags/hadoop-2.7.3/share/hadoop/httpfs/tomcat/webapps/webhdfs/WEB-INF/lib/commons-cli-1.2.jar
[2022-10-25T00:56:04.423+0000] {processor.py:770} WARNING - No viable dags retrieved from /opt/airflow/dags/hadoop-2.7.3/share/hadoop/httpfs/tomcat/webapps/webhdfs/WEB-INF/lib/commons-cli-1.2.jar
[2022-10-25T00:56:04.491+0000] {processor.py:178} INFO - Processing /opt/airflow/dags/hadoop-2.7.3/share/hadoop/httpfs/tomcat/webapps/webhdfs/WEB-INF/lib/commons-cli-1.2.jar took 0.123 seconds
[2022-10-25T14:08:41.055+0000] {processor.py:156} INFO - Started process (PID=18712) to work on /opt/airflow/dags/hadoop-2.7.3/share/hadoop/httpfs/tomcat/webapps/webhdfs/WEB-INF/lib/commons-cli-1.2.jar
[2022-10-25T14:08:41.061+0000] {processor.py:758} INFO - Processing file /opt/airflow/dags/hadoop-2.7.3/share/hadoop/httpfs/tomcat/webapps/webhdfs/WEB-INF/lib/commons-cli-1.2.jar for tasks to queue
[2022-10-25T14:08:41.063+0000] {logging_mixin.py:117} INFO - [2022-10-25T14:08:41.063+0000] {dagbag.py:525} INFO - Filling up the DagBag from /opt/airflow/dags/hadoop-2.7.3/share/hadoop/httpfs/tomcat/webapps/webhdfs/WEB-INF/lib/commons-cli-1.2.jar
[2022-10-25T14:08:41.071+0000] {processor.py:770} WARNING - No viable dags retrieved from /opt/airflow/dags/hadoop-2.7.3/share/hadoop/httpfs/tomcat/webapps/webhdfs/WEB-INF/lib/commons-cli-1.2.jar
[2022-10-25T14:08:41.116+0000] {processor.py:178} INFO - Processing /opt/airflow/dags/hadoop-2.7.3/share/hadoop/httpfs/tomcat/webapps/webhdfs/WEB-INF/lib/commons-cli-1.2.jar took 0.071 seconds
[2022-10-25T14:08:55.259+0000] {processor.py:156} INFO - Started process (PID=17623) to work on /opt/airflow/dags/hadoop-2.7.3/share/hadoop/httpfs/tomcat/webapps/webhdfs/WEB-INF/lib/commons-cli-1.2.jar
[2022-10-25T14:08:55.261+0000] {processor.py:758} INFO - Processing file /opt/airflow/dags/hadoop-2.7.3/share/hadoop/httpfs/tomcat/webapps/webhdfs/WEB-INF/lib/commons-cli-1.2.jar for tasks to queue
[2022-10-25T14:08:55.264+0000] {logging_mixin.py:117} INFO - [2022-10-25T14:08:55.263+0000] {dagbag.py:525} INFO - Filling up the DagBag from /opt/airflow/dags/hadoop-2.7.3/share/hadoop/httpfs/tomcat/webapps/webhdfs/WEB-INF/lib/commons-cli-1.2.jar
[2022-10-25T14:08:55.270+0000] {processor.py:770} WARNING - No viable dags retrieved from /opt/airflow/dags/hadoop-2.7.3/share/hadoop/httpfs/tomcat/webapps/webhdfs/WEB-INF/lib/commons-cli-1.2.jar
[2022-10-25T14:08:55.333+0000] {processor.py:178} INFO - Processing /opt/airflow/dags/hadoop-2.7.3/share/hadoop/httpfs/tomcat/webapps/webhdfs/WEB-INF/lib/commons-cli-1.2.jar took 0.081 seconds
[2022-10-25T14:09:28.037+0000] {processor.py:156} INFO - Started process (PID=19236) to work on /opt/airflow/dags/hadoop-2.7.3/share/hadoop/httpfs/tomcat/webapps/webhdfs/WEB-INF/lib/commons-cli-1.2.jar
[2022-10-25T14:09:28.040+0000] {processor.py:758} INFO - Processing file /opt/airflow/dags/hadoop-2.7.3/share/hadoop/httpfs/tomcat/webapps/webhdfs/WEB-INF/lib/commons-cli-1.2.jar for tasks to queue
[2022-10-25T14:09:28.044+0000] {logging_mixin.py:117} INFO - [2022-10-25T14:09:28.044+0000] {dagbag.py:525} INFO - Filling up the DagBag from /opt/airflow/dags/hadoop-2.7.3/share/hadoop/httpfs/tomcat/webapps/webhdfs/WEB-INF/lib/commons-cli-1.2.jar
[2022-10-25T14:09:28.054+0000] {processor.py:770} WARNING - No viable dags retrieved from /opt/airflow/dags/hadoop-2.7.3/share/hadoop/httpfs/tomcat/webapps/webhdfs/WEB-INF/lib/commons-cli-1.2.jar
[2022-10-25T14:09:28.110+0000] {processor.py:178} INFO - Processing /opt/airflow/dags/hadoop-2.7.3/share/hadoop/httpfs/tomcat/webapps/webhdfs/WEB-INF/lib/commons-cli-1.2.jar took 0.080 seconds
[2022-10-25T14:09:40.660+0000] {processor.py:156} INFO - Started process (PID=18145) to work on /opt/airflow/dags/hadoop-2.7.3/share/hadoop/httpfs/tomcat/webapps/webhdfs/WEB-INF/lib/commons-cli-1.2.jar
[2022-10-25T14:09:40.663+0000] {processor.py:758} INFO - Processing file /opt/airflow/dags/hadoop-2.7.3/share/hadoop/httpfs/tomcat/webapps/webhdfs/WEB-INF/lib/commons-cli-1.2.jar for tasks to queue
[2022-10-25T14:09:40.667+0000] {logging_mixin.py:117} INFO - [2022-10-25T14:09:40.666+0000] {dagbag.py:525} INFO - Filling up the DagBag from /opt/airflow/dags/hadoop-2.7.3/share/hadoop/httpfs/tomcat/webapps/webhdfs/WEB-INF/lib/commons-cli-1.2.jar
[2022-10-25T14:09:40.673+0000] {processor.py:770} WARNING - No viable dags retrieved from /opt/airflow/dags/hadoop-2.7.3/share/hadoop/httpfs/tomcat/webapps/webhdfs/WEB-INF/lib/commons-cli-1.2.jar
[2022-10-25T14:09:40.715+0000] {processor.py:178} INFO - Processing /opt/airflow/dags/hadoop-2.7.3/share/hadoop/httpfs/tomcat/webapps/webhdfs/WEB-INF/lib/commons-cli-1.2.jar took 0.062 seconds
[2022-10-25T14:10:08.654+0000] {processor.py:156} INFO - Started process (PID=19752) to work on /opt/airflow/dags/hadoop-2.7.3/share/hadoop/httpfs/tomcat/webapps/webhdfs/WEB-INF/lib/commons-cli-1.2.jar
[2022-10-25T14:10:08.660+0000] {processor.py:758} INFO - Processing file /opt/airflow/dags/hadoop-2.7.3/share/hadoop/httpfs/tomcat/webapps/webhdfs/WEB-INF/lib/commons-cli-1.2.jar for tasks to queue
[2022-10-25T14:10:08.667+0000] {logging_mixin.py:117} INFO - [2022-10-25T14:10:08.666+0000] {dagbag.py:525} INFO - Filling up the DagBag from /opt/airflow/dags/hadoop-2.7.3/share/hadoop/httpfs/tomcat/webapps/webhdfs/WEB-INF/lib/commons-cli-1.2.jar
[2022-10-25T14:10:08.679+0000] {processor.py:770} WARNING - No viable dags retrieved from /opt/airflow/dags/hadoop-2.7.3/share/hadoop/httpfs/tomcat/webapps/webhdfs/WEB-INF/lib/commons-cli-1.2.jar
[2022-10-25T14:10:08.739+0000] {processor.py:178} INFO - Processing /opt/airflow/dags/hadoop-2.7.3/share/hadoop/httpfs/tomcat/webapps/webhdfs/WEB-INF/lib/commons-cli-1.2.jar took 0.096 seconds
[2022-10-25T14:10:22.707+0000] {processor.py:156} INFO - Started process (PID=18661) to work on /opt/airflow/dags/hadoop-2.7.3/share/hadoop/httpfs/tomcat/webapps/webhdfs/WEB-INF/lib/commons-cli-1.2.jar
[2022-10-25T14:10:22.711+0000] {processor.py:758} INFO - Processing file /opt/airflow/dags/hadoop-2.7.3/share/hadoop/httpfs/tomcat/webapps/webhdfs/WEB-INF/lib/commons-cli-1.2.jar for tasks to queue
[2022-10-25T14:10:22.716+0000] {logging_mixin.py:117} INFO - [2022-10-25T14:10:22.715+0000] {dagbag.py:525} INFO - Filling up the DagBag from /opt/airflow/dags/hadoop-2.7.3/share/hadoop/httpfs/tomcat/webapps/webhdfs/WEB-INF/lib/commons-cli-1.2.jar
[2022-10-25T14:10:22.725+0000] {processor.py:770} WARNING - No viable dags retrieved from /opt/airflow/dags/hadoop-2.7.3/share/hadoop/httpfs/tomcat/webapps/webhdfs/WEB-INF/lib/commons-cli-1.2.jar
[2022-10-25T14:10:22.794+0000] {processor.py:178} INFO - Processing /opt/airflow/dags/hadoop-2.7.3/share/hadoop/httpfs/tomcat/webapps/webhdfs/WEB-INF/lib/commons-cli-1.2.jar took 0.124 seconds
[2022-10-25T14:10:51.254+0000] {processor.py:156} INFO - Started process (PID=20268) to work on /opt/airflow/dags/hadoop-2.7.3/share/hadoop/httpfs/tomcat/webapps/webhdfs/WEB-INF/lib/commons-cli-1.2.jar
[2022-10-25T14:10:51.258+0000] {processor.py:758} INFO - Processing file /opt/airflow/dags/hadoop-2.7.3/share/hadoop/httpfs/tomcat/webapps/webhdfs/WEB-INF/lib/commons-cli-1.2.jar for tasks to queue
[2022-10-25T14:10:51.264+0000] {logging_mixin.py:117} INFO - [2022-10-25T14:10:51.261+0000] {dagbag.py:525} INFO - Filling up the DagBag from /opt/airflow/dags/hadoop-2.7.3/share/hadoop/httpfs/tomcat/webapps/webhdfs/WEB-INF/lib/commons-cli-1.2.jar
[2022-10-25T14:10:51.272+0000] {processor.py:770} WARNING - No viable dags retrieved from /opt/airflow/dags/hadoop-2.7.3/share/hadoop/httpfs/tomcat/webapps/webhdfs/WEB-INF/lib/commons-cli-1.2.jar
[2022-10-25T14:10:51.321+0000] {processor.py:178} INFO - Processing /opt/airflow/dags/hadoop-2.7.3/share/hadoop/httpfs/tomcat/webapps/webhdfs/WEB-INF/lib/commons-cli-1.2.jar took 0.081 seconds
[2022-10-25T14:11:04.672+0000] {processor.py:156} INFO - Started process (PID=19148) to work on /opt/airflow/dags/hadoop-2.7.3/share/hadoop/httpfs/tomcat/webapps/webhdfs/WEB-INF/lib/commons-cli-1.2.jar
[2022-10-25T14:11:04.674+0000] {processor.py:758} INFO - Processing file /opt/airflow/dags/hadoop-2.7.3/share/hadoop/httpfs/tomcat/webapps/webhdfs/WEB-INF/lib/commons-cli-1.2.jar for tasks to queue
[2022-10-25T14:11:04.676+0000] {logging_mixin.py:117} INFO - [2022-10-25T14:11:04.676+0000] {dagbag.py:525} INFO - Filling up the DagBag from /opt/airflow/dags/hadoop-2.7.3/share/hadoop/httpfs/tomcat/webapps/webhdfs/WEB-INF/lib/commons-cli-1.2.jar
[2022-10-25T14:11:04.683+0000] {processor.py:770} WARNING - No viable dags retrieved from /opt/airflow/dags/hadoop-2.7.3/share/hadoop/httpfs/tomcat/webapps/webhdfs/WEB-INF/lib/commons-cli-1.2.jar
[2022-10-25T14:11:04.719+0000] {processor.py:178} INFO - Processing /opt/airflow/dags/hadoop-2.7.3/share/hadoop/httpfs/tomcat/webapps/webhdfs/WEB-INF/lib/commons-cli-1.2.jar took 0.055 seconds
[2022-10-25T14:11:34.305+0000] {processor.py:156} INFO - Started process (PID=20789) to work on /opt/airflow/dags/hadoop-2.7.3/share/hadoop/httpfs/tomcat/webapps/webhdfs/WEB-INF/lib/commons-cli-1.2.jar
[2022-10-25T14:11:34.308+0000] {processor.py:758} INFO - Processing file /opt/airflow/dags/hadoop-2.7.3/share/hadoop/httpfs/tomcat/webapps/webhdfs/WEB-INF/lib/commons-cli-1.2.jar for tasks to queue
[2022-10-25T14:11:34.310+0000] {logging_mixin.py:117} INFO - [2022-10-25T14:11:34.310+0000] {dagbag.py:525} INFO - Filling up the DagBag from /opt/airflow/dags/hadoop-2.7.3/share/hadoop/httpfs/tomcat/webapps/webhdfs/WEB-INF/lib/commons-cli-1.2.jar
[2022-10-25T14:11:34.316+0000] {processor.py:770} WARNING - No viable dags retrieved from /opt/airflow/dags/hadoop-2.7.3/share/hadoop/httpfs/tomcat/webapps/webhdfs/WEB-INF/lib/commons-cli-1.2.jar
[2022-10-25T14:11:34.350+0000] {processor.py:178} INFO - Processing /opt/airflow/dags/hadoop-2.7.3/share/hadoop/httpfs/tomcat/webapps/webhdfs/WEB-INF/lib/commons-cli-1.2.jar took 0.052 seconds
[2022-10-25T14:11:41.397+0000] {processor.py:156} INFO - Started process (PID=19599) to work on /opt/airflow/dags/hadoop-2.7.3/share/hadoop/httpfs/tomcat/webapps/webhdfs/WEB-INF/lib/commons-cli-1.2.jar
[2022-10-25T14:11:41.400+0000] {processor.py:758} INFO - Processing file /opt/airflow/dags/hadoop-2.7.3/share/hadoop/httpfs/tomcat/webapps/webhdfs/WEB-INF/lib/commons-cli-1.2.jar for tasks to queue
[2022-10-25T14:11:41.403+0000] {logging_mixin.py:117} INFO - [2022-10-25T14:11:41.403+0000] {dagbag.py:525} INFO - Filling up the DagBag from /opt/airflow/dags/hadoop-2.7.3/share/hadoop/httpfs/tomcat/webapps/webhdfs/WEB-INF/lib/commons-cli-1.2.jar
[2022-10-25T14:11:41.410+0000] {processor.py:770} WARNING - No viable dags retrieved from /opt/airflow/dags/hadoop-2.7.3/share/hadoop/httpfs/tomcat/webapps/webhdfs/WEB-INF/lib/commons-cli-1.2.jar
[2022-10-25T14:11:41.471+0000] {processor.py:178} INFO - Processing /opt/airflow/dags/hadoop-2.7.3/share/hadoop/httpfs/tomcat/webapps/webhdfs/WEB-INF/lib/commons-cli-1.2.jar took 0.089 seconds
[2022-10-25T14:12:12.627+0000] {processor.py:156} INFO - Started process (PID=21237) to work on /opt/airflow/dags/hadoop-2.7.3/share/hadoop/httpfs/tomcat/webapps/webhdfs/WEB-INF/lib/commons-cli-1.2.jar
[2022-10-25T14:12:12.630+0000] {processor.py:758} INFO - Processing file /opt/airflow/dags/hadoop-2.7.3/share/hadoop/httpfs/tomcat/webapps/webhdfs/WEB-INF/lib/commons-cli-1.2.jar for tasks to queue
[2022-10-25T14:12:12.632+0000] {logging_mixin.py:117} INFO - [2022-10-25T14:12:12.631+0000] {dagbag.py:525} INFO - Filling up the DagBag from /opt/airflow/dags/hadoop-2.7.3/share/hadoop/httpfs/tomcat/webapps/webhdfs/WEB-INF/lib/commons-cli-1.2.jar
[2022-10-25T14:12:12.637+0000] {processor.py:770} WARNING - No viable dags retrieved from /opt/airflow/dags/hadoop-2.7.3/share/hadoop/httpfs/tomcat/webapps/webhdfs/WEB-INF/lib/commons-cli-1.2.jar
[2022-10-25T14:12:12.670+0000] {processor.py:178} INFO - Processing /opt/airflow/dags/hadoop-2.7.3/share/hadoop/httpfs/tomcat/webapps/webhdfs/WEB-INF/lib/commons-cli-1.2.jar took 0.053 seconds
[2022-10-25T14:12:22.865+0000] {processor.py:156} INFO - Started process (PID=20066) to work on /opt/airflow/dags/hadoop-2.7.3/share/hadoop/httpfs/tomcat/webapps/webhdfs/WEB-INF/lib/commons-cli-1.2.jar
[2022-10-25T14:12:22.868+0000] {processor.py:758} INFO - Processing file /opt/airflow/dags/hadoop-2.7.3/share/hadoop/httpfs/tomcat/webapps/webhdfs/WEB-INF/lib/commons-cli-1.2.jar for tasks to queue
[2022-10-25T14:12:22.871+0000] {logging_mixin.py:117} INFO - [2022-10-25T14:12:22.871+0000] {dagbag.py:525} INFO - Filling up the DagBag from /opt/airflow/dags/hadoop-2.7.3/share/hadoop/httpfs/tomcat/webapps/webhdfs/WEB-INF/lib/commons-cli-1.2.jar
[2022-10-25T14:12:22.889+0000] {processor.py:770} WARNING - No viable dags retrieved from /opt/airflow/dags/hadoop-2.7.3/share/hadoop/httpfs/tomcat/webapps/webhdfs/WEB-INF/lib/commons-cli-1.2.jar
[2022-10-25T14:12:22.941+0000] {processor.py:178} INFO - Processing /opt/airflow/dags/hadoop-2.7.3/share/hadoop/httpfs/tomcat/webapps/webhdfs/WEB-INF/lib/commons-cli-1.2.jar took 0.085 seconds
[2022-10-25T14:13:28.884+0000] {processor.py:156} INFO - Started process (PID=21694) to work on /opt/airflow/dags/hadoop-2.7.3/share/hadoop/httpfs/tomcat/webapps/webhdfs/WEB-INF/lib/commons-cli-1.2.jar
[2022-10-25T14:13:28.886+0000] {processor.py:758} INFO - Processing file /opt/airflow/dags/hadoop-2.7.3/share/hadoop/httpfs/tomcat/webapps/webhdfs/WEB-INF/lib/commons-cli-1.2.jar for tasks to queue
[2022-10-25T14:13:28.888+0000] {logging_mixin.py:117} INFO - [2022-10-25T14:13:28.888+0000] {dagbag.py:525} INFO - Filling up the DagBag from /opt/airflow/dags/hadoop-2.7.3/share/hadoop/httpfs/tomcat/webapps/webhdfs/WEB-INF/lib/commons-cli-1.2.jar
[2022-10-25T14:13:28.893+0000] {processor.py:770} WARNING - No viable dags retrieved from /opt/airflow/dags/hadoop-2.7.3/share/hadoop/httpfs/tomcat/webapps/webhdfs/WEB-INF/lib/commons-cli-1.2.jar
[2022-10-25T14:13:28.927+0000] {processor.py:178} INFO - Processing /opt/airflow/dags/hadoop-2.7.3/share/hadoop/httpfs/tomcat/webapps/webhdfs/WEB-INF/lib/commons-cli-1.2.jar took 0.048 seconds
[2022-10-25T14:13:52.988+0000] {processor.py:156} INFO - Started process (PID=20683) to work on /opt/airflow/dags/hadoop-2.7.3/share/hadoop/httpfs/tomcat/webapps/webhdfs/WEB-INF/lib/commons-cli-1.2.jar
[2022-10-25T14:13:52.991+0000] {processor.py:758} INFO - Processing file /opt/airflow/dags/hadoop-2.7.3/share/hadoop/httpfs/tomcat/webapps/webhdfs/WEB-INF/lib/commons-cli-1.2.jar for tasks to queue
[2022-10-25T14:13:52.994+0000] {logging_mixin.py:117} INFO - [2022-10-25T14:13:52.993+0000] {dagbag.py:525} INFO - Filling up the DagBag from /opt/airflow/dags/hadoop-2.7.3/share/hadoop/httpfs/tomcat/webapps/webhdfs/WEB-INF/lib/commons-cli-1.2.jar
[2022-10-25T14:13:53.002+0000] {processor.py:770} WARNING - No viable dags retrieved from /opt/airflow/dags/hadoop-2.7.3/share/hadoop/httpfs/tomcat/webapps/webhdfs/WEB-INF/lib/commons-cli-1.2.jar
[2022-10-25T14:13:53.048+0000] {processor.py:178} INFO - Processing /opt/airflow/dags/hadoop-2.7.3/share/hadoop/httpfs/tomcat/webapps/webhdfs/WEB-INF/lib/commons-cli-1.2.jar took 0.070 seconds
[2022-10-25T14:14:13.594+0000] {processor.py:156} INFO - Started process (PID=22215) to work on /opt/airflow/dags/hadoop-2.7.3/share/hadoop/httpfs/tomcat/webapps/webhdfs/WEB-INF/lib/commons-cli-1.2.jar
[2022-10-25T14:14:13.597+0000] {processor.py:758} INFO - Processing file /opt/airflow/dags/hadoop-2.7.3/share/hadoop/httpfs/tomcat/webapps/webhdfs/WEB-INF/lib/commons-cli-1.2.jar for tasks to queue
[2022-10-25T14:14:13.599+0000] {logging_mixin.py:117} INFO - [2022-10-25T14:14:13.599+0000] {dagbag.py:525} INFO - Filling up the DagBag from /opt/airflow/dags/hadoop-2.7.3/share/hadoop/httpfs/tomcat/webapps/webhdfs/WEB-INF/lib/commons-cli-1.2.jar
[2022-10-25T14:14:13.626+0000] {processor.py:770} WARNING - No viable dags retrieved from /opt/airflow/dags/hadoop-2.7.3/share/hadoop/httpfs/tomcat/webapps/webhdfs/WEB-INF/lib/commons-cli-1.2.jar
[2022-10-25T14:14:13.711+0000] {processor.py:178} INFO - Processing /opt/airflow/dags/hadoop-2.7.3/share/hadoop/httpfs/tomcat/webapps/webhdfs/WEB-INF/lib/commons-cli-1.2.jar took 0.135 seconds
[2022-10-25T14:14:40.752+0000] {processor.py:156} INFO - Started process (PID=21197) to work on /opt/airflow/dags/hadoop-2.7.3/share/hadoop/httpfs/tomcat/webapps/webhdfs/WEB-INF/lib/commons-cli-1.2.jar
[2022-10-25T14:14:40.757+0000] {processor.py:758} INFO - Processing file /opt/airflow/dags/hadoop-2.7.3/share/hadoop/httpfs/tomcat/webapps/webhdfs/WEB-INF/lib/commons-cli-1.2.jar for tasks to queue
[2022-10-25T14:14:40.760+0000] {logging_mixin.py:117} INFO - [2022-10-25T14:14:40.759+0000] {dagbag.py:525} INFO - Filling up the DagBag from /opt/airflow/dags/hadoop-2.7.3/share/hadoop/httpfs/tomcat/webapps/webhdfs/WEB-INF/lib/commons-cli-1.2.jar
[2022-10-25T14:14:40.768+0000] {processor.py:770} WARNING - No viable dags retrieved from /opt/airflow/dags/hadoop-2.7.3/share/hadoop/httpfs/tomcat/webapps/webhdfs/WEB-INF/lib/commons-cli-1.2.jar
[2022-10-25T14:14:40.819+0000] {processor.py:178} INFO - Processing /opt/airflow/dags/hadoop-2.7.3/share/hadoop/httpfs/tomcat/webapps/webhdfs/WEB-INF/lib/commons-cli-1.2.jar took 0.081 seconds
[2022-10-25T14:15:04.975+0000] {processor.py:156} INFO - Started process (PID=22773) to work on /opt/airflow/dags/hadoop-2.7.3/share/hadoop/httpfs/tomcat/webapps/webhdfs/WEB-INF/lib/commons-cli-1.2.jar
[2022-10-25T14:15:04.979+0000] {processor.py:758} INFO - Processing file /opt/airflow/dags/hadoop-2.7.3/share/hadoop/httpfs/tomcat/webapps/webhdfs/WEB-INF/lib/commons-cli-1.2.jar for tasks to queue
[2022-10-25T14:15:04.982+0000] {logging_mixin.py:117} INFO - [2022-10-25T14:15:04.981+0000] {dagbag.py:525} INFO - Filling up the DagBag from /opt/airflow/dags/hadoop-2.7.3/share/hadoop/httpfs/tomcat/webapps/webhdfs/WEB-INF/lib/commons-cli-1.2.jar
[2022-10-25T14:15:04.994+0000] {processor.py:770} WARNING - No viable dags retrieved from /opt/airflow/dags/hadoop-2.7.3/share/hadoop/httpfs/tomcat/webapps/webhdfs/WEB-INF/lib/commons-cli-1.2.jar
[2022-10-25T14:15:05.061+0000] {processor.py:178} INFO - Processing /opt/airflow/dags/hadoop-2.7.3/share/hadoop/httpfs/tomcat/webapps/webhdfs/WEB-INF/lib/commons-cli-1.2.jar took 0.100 seconds
[2022-10-25T14:15:30.594+0000] {processor.py:156} INFO - Started process (PID=21665) to work on /opt/airflow/dags/hadoop-2.7.3/share/hadoop/httpfs/tomcat/webapps/webhdfs/WEB-INF/lib/commons-cli-1.2.jar
[2022-10-25T14:15:30.605+0000] {processor.py:758} INFO - Processing file /opt/airflow/dags/hadoop-2.7.3/share/hadoop/httpfs/tomcat/webapps/webhdfs/WEB-INF/lib/commons-cli-1.2.jar for tasks to queue
[2022-10-25T14:15:30.611+0000] {logging_mixin.py:117} INFO - [2022-10-25T14:15:30.610+0000] {dagbag.py:525} INFO - Filling up the DagBag from /opt/airflow/dags/hadoop-2.7.3/share/hadoop/httpfs/tomcat/webapps/webhdfs/WEB-INF/lib/commons-cli-1.2.jar
[2022-10-25T14:15:30.628+0000] {processor.py:770} WARNING - No viable dags retrieved from /opt/airflow/dags/hadoop-2.7.3/share/hadoop/httpfs/tomcat/webapps/webhdfs/WEB-INF/lib/commons-cli-1.2.jar
[2022-10-25T14:15:30.772+0000] {processor.py:178} INFO - Processing /opt/airflow/dags/hadoop-2.7.3/share/hadoop/httpfs/tomcat/webapps/webhdfs/WEB-INF/lib/commons-cli-1.2.jar took 0.194 seconds
[2022-10-25T14:15:57.208+0000] {processor.py:156} INFO - Started process (PID=23215) to work on /opt/airflow/dags/hadoop-2.7.3/share/hadoop/httpfs/tomcat/webapps/webhdfs/WEB-INF/lib/commons-cli-1.2.jar
[2022-10-25T14:15:57.213+0000] {processor.py:758} INFO - Processing file /opt/airflow/dags/hadoop-2.7.3/share/hadoop/httpfs/tomcat/webapps/webhdfs/WEB-INF/lib/commons-cli-1.2.jar for tasks to queue
[2022-10-25T14:15:57.216+0000] {logging_mixin.py:117} INFO - [2022-10-25T14:15:57.216+0000] {dagbag.py:525} INFO - Filling up the DagBag from /opt/airflow/dags/hadoop-2.7.3/share/hadoop/httpfs/tomcat/webapps/webhdfs/WEB-INF/lib/commons-cli-1.2.jar
[2022-10-25T14:15:57.226+0000] {processor.py:770} WARNING - No viable dags retrieved from /opt/airflow/dags/hadoop-2.7.3/share/hadoop/httpfs/tomcat/webapps/webhdfs/WEB-INF/lib/commons-cli-1.2.jar
[2022-10-25T14:15:57.267+0000] {processor.py:178} INFO - Processing /opt/airflow/dags/hadoop-2.7.3/share/hadoop/httpfs/tomcat/webapps/webhdfs/WEB-INF/lib/commons-cli-1.2.jar took 0.069 seconds
[2022-10-25T14:16:21.144+0000] {processor.py:156} INFO - Started process (PID=22171) to work on /opt/airflow/dags/hadoop-2.7.3/share/hadoop/httpfs/tomcat/webapps/webhdfs/WEB-INF/lib/commons-cli-1.2.jar
[2022-10-25T14:16:21.149+0000] {processor.py:758} INFO - Processing file /opt/airflow/dags/hadoop-2.7.3/share/hadoop/httpfs/tomcat/webapps/webhdfs/WEB-INF/lib/commons-cli-1.2.jar for tasks to queue
[2022-10-25T14:16:21.151+0000] {logging_mixin.py:117} INFO - [2022-10-25T14:16:21.151+0000] {dagbag.py:525} INFO - Filling up the DagBag from /opt/airflow/dags/hadoop-2.7.3/share/hadoop/httpfs/tomcat/webapps/webhdfs/WEB-INF/lib/commons-cli-1.2.jar
[2022-10-25T14:16:21.160+0000] {processor.py:770} WARNING - No viable dags retrieved from /opt/airflow/dags/hadoop-2.7.3/share/hadoop/httpfs/tomcat/webapps/webhdfs/WEB-INF/lib/commons-cli-1.2.jar
[2022-10-25T14:16:21.207+0000] {processor.py:178} INFO - Processing /opt/airflow/dags/hadoop-2.7.3/share/hadoop/httpfs/tomcat/webapps/webhdfs/WEB-INF/lib/commons-cli-1.2.jar took 0.074 seconds
[2022-10-25T14:16:43.500+0000] {processor.py:156} INFO - Started process (PID=23689) to work on /opt/airflow/dags/hadoop-2.7.3/share/hadoop/httpfs/tomcat/webapps/webhdfs/WEB-INF/lib/commons-cli-1.2.jar
[2022-10-25T14:16:43.505+0000] {processor.py:758} INFO - Processing file /opt/airflow/dags/hadoop-2.7.3/share/hadoop/httpfs/tomcat/webapps/webhdfs/WEB-INF/lib/commons-cli-1.2.jar for tasks to queue
[2022-10-25T14:16:43.508+0000] {logging_mixin.py:117} INFO - [2022-10-25T14:16:43.508+0000] {dagbag.py:525} INFO - Filling up the DagBag from /opt/airflow/dags/hadoop-2.7.3/share/hadoop/httpfs/tomcat/webapps/webhdfs/WEB-INF/lib/commons-cli-1.2.jar
[2022-10-25T14:16:43.517+0000] {processor.py:770} WARNING - No viable dags retrieved from /opt/airflow/dags/hadoop-2.7.3/share/hadoop/httpfs/tomcat/webapps/webhdfs/WEB-INF/lib/commons-cli-1.2.jar
[2022-10-25T14:16:43.571+0000] {processor.py:178} INFO - Processing /opt/airflow/dags/hadoop-2.7.3/share/hadoop/httpfs/tomcat/webapps/webhdfs/WEB-INF/lib/commons-cli-1.2.jar took 0.083 seconds
[2022-10-25T14:17:21.512+0000] {processor.py:156} INFO - Started process (PID=22716) to work on /opt/airflow/dags/hadoop-2.7.3/share/hadoop/httpfs/tomcat/webapps/webhdfs/WEB-INF/lib/commons-cli-1.2.jar
[2022-10-25T14:17:21.517+0000] {processor.py:758} INFO - Processing file /opt/airflow/dags/hadoop-2.7.3/share/hadoop/httpfs/tomcat/webapps/webhdfs/WEB-INF/lib/commons-cli-1.2.jar for tasks to queue
[2022-10-25T14:17:21.521+0000] {logging_mixin.py:117} INFO - [2022-10-25T14:17:21.521+0000] {dagbag.py:525} INFO - Filling up the DagBag from /opt/airflow/dags/hadoop-2.7.3/share/hadoop/httpfs/tomcat/webapps/webhdfs/WEB-INF/lib/commons-cli-1.2.jar
[2022-10-25T14:17:21.528+0000] {processor.py:770} WARNING - No viable dags retrieved from /opt/airflow/dags/hadoop-2.7.3/share/hadoop/httpfs/tomcat/webapps/webhdfs/WEB-INF/lib/commons-cli-1.2.jar
[2022-10-25T14:17:21.593+0000] {processor.py:178} INFO - Processing /opt/airflow/dags/hadoop-2.7.3/share/hadoop/httpfs/tomcat/webapps/webhdfs/WEB-INF/lib/commons-cli-1.2.jar took 0.097 seconds
