[2022-10-25T00:37:47.206+0000] {processor.py:156} INFO - Started process (PID=4373) to work on /opt/airflow/dags/hadoop-2.7.3/share/hadoop/httpfs/tomcat/webapps/webhdfs/WEB-INF/lib/commons-net-3.1.jar
[2022-10-25T00:37:47.211+0000] {processor.py:758} INFO - Processing file /opt/airflow/dags/hadoop-2.7.3/share/hadoop/httpfs/tomcat/webapps/webhdfs/WEB-INF/lib/commons-net-3.1.jar for tasks to queue
[2022-10-25T00:37:47.216+0000] {logging_mixin.py:117} INFO - [2022-10-25T00:37:47.216+0000] {dagbag.py:525} INFO - Filling up the DagBag from /opt/airflow/dags/hadoop-2.7.3/share/hadoop/httpfs/tomcat/webapps/webhdfs/WEB-INF/lib/commons-net-3.1.jar
[2022-10-25T00:37:47.234+0000] {processor.py:770} WARNING - No viable dags retrieved from /opt/airflow/dags/hadoop-2.7.3/share/hadoop/httpfs/tomcat/webapps/webhdfs/WEB-INF/lib/commons-net-3.1.jar
[2022-10-25T00:37:47.267+0000] {processor.py:178} INFO - Processing /opt/airflow/dags/hadoop-2.7.3/share/hadoop/httpfs/tomcat/webapps/webhdfs/WEB-INF/lib/commons-net-3.1.jar took 0.068 seconds
[2022-10-25T00:38:16.073+0000] {processor.py:156} INFO - Started process (PID=2397) to work on /opt/airflow/dags/hadoop-2.7.3/share/hadoop/httpfs/tomcat/webapps/webhdfs/WEB-INF/lib/commons-net-3.1.jar
[2022-10-25T00:38:16.076+0000] {processor.py:758} INFO - Processing file /opt/airflow/dags/hadoop-2.7.3/share/hadoop/httpfs/tomcat/webapps/webhdfs/WEB-INF/lib/commons-net-3.1.jar for tasks to queue
[2022-10-25T00:38:16.079+0000] {logging_mixin.py:117} INFO - [2022-10-25T00:38:16.079+0000] {dagbag.py:525} INFO - Filling up the DagBag from /opt/airflow/dags/hadoop-2.7.3/share/hadoop/httpfs/tomcat/webapps/webhdfs/WEB-INF/lib/commons-net-3.1.jar
[2022-10-25T00:38:16.090+0000] {processor.py:770} WARNING - No viable dags retrieved from /opt/airflow/dags/hadoop-2.7.3/share/hadoop/httpfs/tomcat/webapps/webhdfs/WEB-INF/lib/commons-net-3.1.jar
[2022-10-25T00:38:16.125+0000] {processor.py:178} INFO - Processing /opt/airflow/dags/hadoop-2.7.3/share/hadoop/httpfs/tomcat/webapps/webhdfs/WEB-INF/lib/commons-net-3.1.jar took 0.059 seconds
[2022-10-25T00:38:26.122+0000] {processor.py:156} INFO - Started process (PID=4888) to work on /opt/airflow/dags/hadoop-2.7.3/share/hadoop/httpfs/tomcat/webapps/webhdfs/WEB-INF/lib/commons-net-3.1.jar
[2022-10-25T00:38:26.124+0000] {processor.py:758} INFO - Processing file /opt/airflow/dags/hadoop-2.7.3/share/hadoop/httpfs/tomcat/webapps/webhdfs/WEB-INF/lib/commons-net-3.1.jar for tasks to queue
[2022-10-25T00:38:26.127+0000] {logging_mixin.py:117} INFO - [2022-10-25T00:38:26.126+0000] {dagbag.py:525} INFO - Filling up the DagBag from /opt/airflow/dags/hadoop-2.7.3/share/hadoop/httpfs/tomcat/webapps/webhdfs/WEB-INF/lib/commons-net-3.1.jar
[2022-10-25T00:38:26.137+0000] {processor.py:770} WARNING - No viable dags retrieved from /opt/airflow/dags/hadoop-2.7.3/share/hadoop/httpfs/tomcat/webapps/webhdfs/WEB-INF/lib/commons-net-3.1.jar
[2022-10-25T00:38:26.175+0000] {processor.py:178} INFO - Processing /opt/airflow/dags/hadoop-2.7.3/share/hadoop/httpfs/tomcat/webapps/webhdfs/WEB-INF/lib/commons-net-3.1.jar took 0.067 seconds
[2022-10-25T00:38:54.370+0000] {processor.py:156} INFO - Started process (PID=2912) to work on /opt/airflow/dags/hadoop-2.7.3/share/hadoop/httpfs/tomcat/webapps/webhdfs/WEB-INF/lib/commons-net-3.1.jar
[2022-10-25T00:38:54.373+0000] {processor.py:758} INFO - Processing file /opt/airflow/dags/hadoop-2.7.3/share/hadoop/httpfs/tomcat/webapps/webhdfs/WEB-INF/lib/commons-net-3.1.jar for tasks to queue
[2022-10-25T00:38:54.378+0000] {logging_mixin.py:117} INFO - [2022-10-25T00:38:54.377+0000] {dagbag.py:525} INFO - Filling up the DagBag from /opt/airflow/dags/hadoop-2.7.3/share/hadoop/httpfs/tomcat/webapps/webhdfs/WEB-INF/lib/commons-net-3.1.jar
[2022-10-25T00:38:54.392+0000] {processor.py:770} WARNING - No viable dags retrieved from /opt/airflow/dags/hadoop-2.7.3/share/hadoop/httpfs/tomcat/webapps/webhdfs/WEB-INF/lib/commons-net-3.1.jar
[2022-10-25T00:38:54.442+0000] {processor.py:178} INFO - Processing /opt/airflow/dags/hadoop-2.7.3/share/hadoop/httpfs/tomcat/webapps/webhdfs/WEB-INF/lib/commons-net-3.1.jar took 0.080 seconds
[2022-10-25T00:39:05.981+0000] {processor.py:156} INFO - Started process (PID=5404) to work on /opt/airflow/dags/hadoop-2.7.3/share/hadoop/httpfs/tomcat/webapps/webhdfs/WEB-INF/lib/commons-net-3.1.jar
[2022-10-25T00:39:05.984+0000] {processor.py:758} INFO - Processing file /opt/airflow/dags/hadoop-2.7.3/share/hadoop/httpfs/tomcat/webapps/webhdfs/WEB-INF/lib/commons-net-3.1.jar for tasks to queue
[2022-10-25T00:39:05.987+0000] {logging_mixin.py:117} INFO - [2022-10-25T00:39:05.986+0000] {dagbag.py:525} INFO - Filling up the DagBag from /opt/airflow/dags/hadoop-2.7.3/share/hadoop/httpfs/tomcat/webapps/webhdfs/WEB-INF/lib/commons-net-3.1.jar
[2022-10-25T00:39:06.000+0000] {processor.py:770} WARNING - No viable dags retrieved from /opt/airflow/dags/hadoop-2.7.3/share/hadoop/httpfs/tomcat/webapps/webhdfs/WEB-INF/lib/commons-net-3.1.jar
[2022-10-25T00:39:06.032+0000] {processor.py:178} INFO - Processing /opt/airflow/dags/hadoop-2.7.3/share/hadoop/httpfs/tomcat/webapps/webhdfs/WEB-INF/lib/commons-net-3.1.jar took 0.058 seconds
[2022-10-25T00:39:33.681+0000] {processor.py:156} INFO - Started process (PID=3428) to work on /opt/airflow/dags/hadoop-2.7.3/share/hadoop/httpfs/tomcat/webapps/webhdfs/WEB-INF/lib/commons-net-3.1.jar
[2022-10-25T00:39:33.685+0000] {processor.py:758} INFO - Processing file /opt/airflow/dags/hadoop-2.7.3/share/hadoop/httpfs/tomcat/webapps/webhdfs/WEB-INF/lib/commons-net-3.1.jar for tasks to queue
[2022-10-25T00:39:33.692+0000] {logging_mixin.py:117} INFO - [2022-10-25T00:39:33.692+0000] {dagbag.py:525} INFO - Filling up the DagBag from /opt/airflow/dags/hadoop-2.7.3/share/hadoop/httpfs/tomcat/webapps/webhdfs/WEB-INF/lib/commons-net-3.1.jar
[2022-10-25T00:39:33.708+0000] {processor.py:770} WARNING - No viable dags retrieved from /opt/airflow/dags/hadoop-2.7.3/share/hadoop/httpfs/tomcat/webapps/webhdfs/WEB-INF/lib/commons-net-3.1.jar
[2022-10-25T00:39:33.755+0000] {processor.py:178} INFO - Processing /opt/airflow/dags/hadoop-2.7.3/share/hadoop/httpfs/tomcat/webapps/webhdfs/WEB-INF/lib/commons-net-3.1.jar took 0.089 seconds
[2022-10-25T00:52:49.093+0000] {processor.py:156} INFO - Started process (PID=5989) to work on /opt/airflow/dags/hadoop-2.7.3/share/hadoop/httpfs/tomcat/webapps/webhdfs/WEB-INF/lib/commons-net-3.1.jar
[2022-10-25T00:52:49.096+0000] {processor.py:758} INFO - Processing file /opt/airflow/dags/hadoop-2.7.3/share/hadoop/httpfs/tomcat/webapps/webhdfs/WEB-INF/lib/commons-net-3.1.jar for tasks to queue
[2022-10-25T00:52:49.099+0000] {logging_mixin.py:117} INFO - [2022-10-25T00:52:49.099+0000] {dagbag.py:525} INFO - Filling up the DagBag from /opt/airflow/dags/hadoop-2.7.3/share/hadoop/httpfs/tomcat/webapps/webhdfs/WEB-INF/lib/commons-net-3.1.jar
[2022-10-25T00:52:49.115+0000] {processor.py:770} WARNING - No viable dags retrieved from /opt/airflow/dags/hadoop-2.7.3/share/hadoop/httpfs/tomcat/webapps/webhdfs/WEB-INF/lib/commons-net-3.1.jar
[2022-10-25T00:52:49.157+0000] {processor.py:178} INFO - Processing /opt/airflow/dags/hadoop-2.7.3/share/hadoop/httpfs/tomcat/webapps/webhdfs/WEB-INF/lib/commons-net-3.1.jar took 0.072 seconds
[2022-10-25T00:53:09.363+0000] {processor.py:156} INFO - Started process (PID=3911) to work on /opt/airflow/dags/hadoop-2.7.3/share/hadoop/httpfs/tomcat/webapps/webhdfs/WEB-INF/lib/commons-net-3.1.jar
[2022-10-25T00:53:09.366+0000] {processor.py:758} INFO - Processing file /opt/airflow/dags/hadoop-2.7.3/share/hadoop/httpfs/tomcat/webapps/webhdfs/WEB-INF/lib/commons-net-3.1.jar for tasks to queue
[2022-10-25T00:53:09.370+0000] {logging_mixin.py:117} INFO - [2022-10-25T00:53:09.370+0000] {dagbag.py:525} INFO - Filling up the DagBag from /opt/airflow/dags/hadoop-2.7.3/share/hadoop/httpfs/tomcat/webapps/webhdfs/WEB-INF/lib/commons-net-3.1.jar
[2022-10-25T00:53:09.380+0000] {processor.py:770} WARNING - No viable dags retrieved from /opt/airflow/dags/hadoop-2.7.3/share/hadoop/httpfs/tomcat/webapps/webhdfs/WEB-INF/lib/commons-net-3.1.jar
[2022-10-25T00:53:09.422+0000] {processor.py:178} INFO - Processing /opt/airflow/dags/hadoop-2.7.3/share/hadoop/httpfs/tomcat/webapps/webhdfs/WEB-INF/lib/commons-net-3.1.jar took 0.065 seconds
[2022-10-25T00:53:30.968+0000] {processor.py:156} INFO - Started process (PID=6511) to work on /opt/airflow/dags/hadoop-2.7.3/share/hadoop/httpfs/tomcat/webapps/webhdfs/WEB-INF/lib/commons-net-3.1.jar
[2022-10-25T00:53:30.972+0000] {processor.py:758} INFO - Processing file /opt/airflow/dags/hadoop-2.7.3/share/hadoop/httpfs/tomcat/webapps/webhdfs/WEB-INF/lib/commons-net-3.1.jar for tasks to queue
[2022-10-25T00:53:30.974+0000] {logging_mixin.py:117} INFO - [2022-10-25T00:53:30.973+0000] {dagbag.py:525} INFO - Filling up the DagBag from /opt/airflow/dags/hadoop-2.7.3/share/hadoop/httpfs/tomcat/webapps/webhdfs/WEB-INF/lib/commons-net-3.1.jar
[2022-10-25T00:53:30.990+0000] {processor.py:770} WARNING - No viable dags retrieved from /opt/airflow/dags/hadoop-2.7.3/share/hadoop/httpfs/tomcat/webapps/webhdfs/WEB-INF/lib/commons-net-3.1.jar
[2022-10-25T00:53:31.038+0000] {processor.py:178} INFO - Processing /opt/airflow/dags/hadoop-2.7.3/share/hadoop/httpfs/tomcat/webapps/webhdfs/WEB-INF/lib/commons-net-3.1.jar took 0.080 seconds
[2022-10-25T00:53:50.363+0000] {processor.py:156} INFO - Started process (PID=4426) to work on /opt/airflow/dags/hadoop-2.7.3/share/hadoop/httpfs/tomcat/webapps/webhdfs/WEB-INF/lib/commons-net-3.1.jar
[2022-10-25T00:53:50.366+0000] {processor.py:758} INFO - Processing file /opt/airflow/dags/hadoop-2.7.3/share/hadoop/httpfs/tomcat/webapps/webhdfs/WEB-INF/lib/commons-net-3.1.jar for tasks to queue
[2022-10-25T00:53:50.372+0000] {logging_mixin.py:117} INFO - [2022-10-25T00:53:50.372+0000] {dagbag.py:525} INFO - Filling up the DagBag from /opt/airflow/dags/hadoop-2.7.3/share/hadoop/httpfs/tomcat/webapps/webhdfs/WEB-INF/lib/commons-net-3.1.jar
[2022-10-25T00:53:50.382+0000] {processor.py:770} WARNING - No viable dags retrieved from /opt/airflow/dags/hadoop-2.7.3/share/hadoop/httpfs/tomcat/webapps/webhdfs/WEB-INF/lib/commons-net-3.1.jar
[2022-10-25T00:53:50.414+0000] {processor.py:178} INFO - Processing /opt/airflow/dags/hadoop-2.7.3/share/hadoop/httpfs/tomcat/webapps/webhdfs/WEB-INF/lib/commons-net-3.1.jar took 0.058 seconds
[2022-10-25T00:54:11.405+0000] {processor.py:156} INFO - Started process (PID=7028) to work on /opt/airflow/dags/hadoop-2.7.3/share/hadoop/httpfs/tomcat/webapps/webhdfs/WEB-INF/lib/commons-net-3.1.jar
[2022-10-25T00:54:11.409+0000] {processor.py:758} INFO - Processing file /opt/airflow/dags/hadoop-2.7.3/share/hadoop/httpfs/tomcat/webapps/webhdfs/WEB-INF/lib/commons-net-3.1.jar for tasks to queue
[2022-10-25T00:54:11.412+0000] {logging_mixin.py:117} INFO - [2022-10-25T00:54:11.412+0000] {dagbag.py:525} INFO - Filling up the DagBag from /opt/airflow/dags/hadoop-2.7.3/share/hadoop/httpfs/tomcat/webapps/webhdfs/WEB-INF/lib/commons-net-3.1.jar
[2022-10-25T00:54:11.450+0000] {processor.py:770} WARNING - No viable dags retrieved from /opt/airflow/dags/hadoop-2.7.3/share/hadoop/httpfs/tomcat/webapps/webhdfs/WEB-INF/lib/commons-net-3.1.jar
[2022-10-25T00:54:11.516+0000] {processor.py:178} INFO - Processing /opt/airflow/dags/hadoop-2.7.3/share/hadoop/httpfs/tomcat/webapps/webhdfs/WEB-INF/lib/commons-net-3.1.jar took 0.125 seconds
[2022-10-25T00:54:32.688+0000] {processor.py:156} INFO - Started process (PID=4926) to work on /opt/airflow/dags/hadoop-2.7.3/share/hadoop/httpfs/tomcat/webapps/webhdfs/WEB-INF/lib/commons-net-3.1.jar
[2022-10-25T00:54:32.694+0000] {processor.py:758} INFO - Processing file /opt/airflow/dags/hadoop-2.7.3/share/hadoop/httpfs/tomcat/webapps/webhdfs/WEB-INF/lib/commons-net-3.1.jar for tasks to queue
[2022-10-25T00:54:32.701+0000] {logging_mixin.py:117} INFO - [2022-10-25T00:54:32.701+0000] {dagbag.py:525} INFO - Filling up the DagBag from /opt/airflow/dags/hadoop-2.7.3/share/hadoop/httpfs/tomcat/webapps/webhdfs/WEB-INF/lib/commons-net-3.1.jar
[2022-10-25T00:54:32.718+0000] {processor.py:770} WARNING - No viable dags retrieved from /opt/airflow/dags/hadoop-2.7.3/share/hadoop/httpfs/tomcat/webapps/webhdfs/WEB-INF/lib/commons-net-3.1.jar
[2022-10-25T00:54:32.775+0000] {processor.py:178} INFO - Processing /opt/airflow/dags/hadoop-2.7.3/share/hadoop/httpfs/tomcat/webapps/webhdfs/WEB-INF/lib/commons-net-3.1.jar took 0.096 seconds
[2022-10-25T00:55:03.452+0000] {processor.py:156} INFO - Started process (PID=7519) to work on /opt/airflow/dags/hadoop-2.7.3/share/hadoop/httpfs/tomcat/webapps/webhdfs/WEB-INF/lib/commons-net-3.1.jar
[2022-10-25T00:55:03.461+0000] {processor.py:758} INFO - Processing file /opt/airflow/dags/hadoop-2.7.3/share/hadoop/httpfs/tomcat/webapps/webhdfs/WEB-INF/lib/commons-net-3.1.jar for tasks to queue
[2022-10-25T00:55:03.466+0000] {logging_mixin.py:117} INFO - [2022-10-25T00:55:03.465+0000] {dagbag.py:525} INFO - Filling up the DagBag from /opt/airflow/dags/hadoop-2.7.3/share/hadoop/httpfs/tomcat/webapps/webhdfs/WEB-INF/lib/commons-net-3.1.jar
[2022-10-25T00:55:03.501+0000] {processor.py:770} WARNING - No viable dags retrieved from /opt/airflow/dags/hadoop-2.7.3/share/hadoop/httpfs/tomcat/webapps/webhdfs/WEB-INF/lib/commons-net-3.1.jar
[2022-10-25T00:55:03.566+0000] {processor.py:178} INFO - Processing /opt/airflow/dags/hadoop-2.7.3/share/hadoop/httpfs/tomcat/webapps/webhdfs/WEB-INF/lib/commons-net-3.1.jar took 0.130 seconds
[2022-10-25T00:55:40.104+0000] {processor.py:156} INFO - Started process (PID=5433) to work on /opt/airflow/dags/hadoop-2.7.3/share/hadoop/httpfs/tomcat/webapps/webhdfs/WEB-INF/lib/commons-net-3.1.jar
[2022-10-25T00:55:40.124+0000] {processor.py:758} INFO - Processing file /opt/airflow/dags/hadoop-2.7.3/share/hadoop/httpfs/tomcat/webapps/webhdfs/WEB-INF/lib/commons-net-3.1.jar for tasks to queue
[2022-10-25T00:55:40.211+0000] {logging_mixin.py:117} INFO - [2022-10-25T00:55:40.210+0000] {dagbag.py:525} INFO - Filling up the DagBag from /opt/airflow/dags/hadoop-2.7.3/share/hadoop/httpfs/tomcat/webapps/webhdfs/WEB-INF/lib/commons-net-3.1.jar
[2022-10-25T00:55:40.348+0000] {processor.py:770} WARNING - No viable dags retrieved from /opt/airflow/dags/hadoop-2.7.3/share/hadoop/httpfs/tomcat/webapps/webhdfs/WEB-INF/lib/commons-net-3.1.jar
[2022-10-25T00:55:40.434+0000] {processor.py:178} INFO - Processing /opt/airflow/dags/hadoop-2.7.3/share/hadoop/httpfs/tomcat/webapps/webhdfs/WEB-INF/lib/commons-net-3.1.jar took 0.386 seconds
[2022-10-25T14:08:41.749+0000] {processor.py:156} INFO - Started process (PID=18723) to work on /opt/airflow/dags/hadoop-2.7.3/share/hadoop/httpfs/tomcat/webapps/webhdfs/WEB-INF/lib/commons-net-3.1.jar
[2022-10-25T14:08:41.752+0000] {processor.py:758} INFO - Processing file /opt/airflow/dags/hadoop-2.7.3/share/hadoop/httpfs/tomcat/webapps/webhdfs/WEB-INF/lib/commons-net-3.1.jar for tasks to queue
[2022-10-25T14:08:41.754+0000] {logging_mixin.py:117} INFO - [2022-10-25T14:08:41.754+0000] {dagbag.py:525} INFO - Filling up the DagBag from /opt/airflow/dags/hadoop-2.7.3/share/hadoop/httpfs/tomcat/webapps/webhdfs/WEB-INF/lib/commons-net-3.1.jar
[2022-10-25T14:08:41.773+0000] {processor.py:770} WARNING - No viable dags retrieved from /opt/airflow/dags/hadoop-2.7.3/share/hadoop/httpfs/tomcat/webapps/webhdfs/WEB-INF/lib/commons-net-3.1.jar
[2022-10-25T14:08:41.816+0000] {processor.py:178} INFO - Processing /opt/airflow/dags/hadoop-2.7.3/share/hadoop/httpfs/tomcat/webapps/webhdfs/WEB-INF/lib/commons-net-3.1.jar took 0.075 seconds
[2022-10-25T14:08:56.043+0000] {processor.py:156} INFO - Started process (PID=17634) to work on /opt/airflow/dags/hadoop-2.7.3/share/hadoop/httpfs/tomcat/webapps/webhdfs/WEB-INF/lib/commons-net-3.1.jar
[2022-10-25T14:08:56.046+0000] {processor.py:758} INFO - Processing file /opt/airflow/dags/hadoop-2.7.3/share/hadoop/httpfs/tomcat/webapps/webhdfs/WEB-INF/lib/commons-net-3.1.jar for tasks to queue
[2022-10-25T14:08:56.049+0000] {logging_mixin.py:117} INFO - [2022-10-25T14:08:56.048+0000] {dagbag.py:525} INFO - Filling up the DagBag from /opt/airflow/dags/hadoop-2.7.3/share/hadoop/httpfs/tomcat/webapps/webhdfs/WEB-INF/lib/commons-net-3.1.jar
[2022-10-25T14:08:56.063+0000] {processor.py:770} WARNING - No viable dags retrieved from /opt/airflow/dags/hadoop-2.7.3/share/hadoop/httpfs/tomcat/webapps/webhdfs/WEB-INF/lib/commons-net-3.1.jar
[2022-10-25T14:08:56.113+0000] {processor.py:178} INFO - Processing /opt/airflow/dags/hadoop-2.7.3/share/hadoop/httpfs/tomcat/webapps/webhdfs/WEB-INF/lib/commons-net-3.1.jar took 0.078 seconds
[2022-10-25T14:09:28.924+0000] {processor.py:156} INFO - Started process (PID=19247) to work on /opt/airflow/dags/hadoop-2.7.3/share/hadoop/httpfs/tomcat/webapps/webhdfs/WEB-INF/lib/commons-net-3.1.jar
[2022-10-25T14:09:28.927+0000] {processor.py:758} INFO - Processing file /opt/airflow/dags/hadoop-2.7.3/share/hadoop/httpfs/tomcat/webapps/webhdfs/WEB-INF/lib/commons-net-3.1.jar for tasks to queue
[2022-10-25T14:09:28.929+0000] {logging_mixin.py:117} INFO - [2022-10-25T14:09:28.929+0000] {dagbag.py:525} INFO - Filling up the DagBag from /opt/airflow/dags/hadoop-2.7.3/share/hadoop/httpfs/tomcat/webapps/webhdfs/WEB-INF/lib/commons-net-3.1.jar
[2022-10-25T14:09:28.944+0000] {processor.py:770} WARNING - No viable dags retrieved from /opt/airflow/dags/hadoop-2.7.3/share/hadoop/httpfs/tomcat/webapps/webhdfs/WEB-INF/lib/commons-net-3.1.jar
[2022-10-25T14:09:28.984+0000] {processor.py:178} INFO - Processing /opt/airflow/dags/hadoop-2.7.3/share/hadoop/httpfs/tomcat/webapps/webhdfs/WEB-INF/lib/commons-net-3.1.jar took 0.074 seconds
[2022-10-25T14:09:41.768+0000] {processor.py:156} INFO - Started process (PID=18158) to work on /opt/airflow/dags/hadoop-2.7.3/share/hadoop/httpfs/tomcat/webapps/webhdfs/WEB-INF/lib/commons-net-3.1.jar
[2022-10-25T14:09:41.773+0000] {processor.py:758} INFO - Processing file /opt/airflow/dags/hadoop-2.7.3/share/hadoop/httpfs/tomcat/webapps/webhdfs/WEB-INF/lib/commons-net-3.1.jar for tasks to queue
[2022-10-25T14:09:41.777+0000] {logging_mixin.py:117} INFO - [2022-10-25T14:09:41.777+0000] {dagbag.py:525} INFO - Filling up the DagBag from /opt/airflow/dags/hadoop-2.7.3/share/hadoop/httpfs/tomcat/webapps/webhdfs/WEB-INF/lib/commons-net-3.1.jar
[2022-10-25T14:09:41.797+0000] {processor.py:770} WARNING - No viable dags retrieved from /opt/airflow/dags/hadoop-2.7.3/share/hadoop/httpfs/tomcat/webapps/webhdfs/WEB-INF/lib/commons-net-3.1.jar
[2022-10-25T14:09:41.855+0000] {processor.py:178} INFO - Processing /opt/airflow/dags/hadoop-2.7.3/share/hadoop/httpfs/tomcat/webapps/webhdfs/WEB-INF/lib/commons-net-3.1.jar took 0.104 seconds
[2022-10-25T14:10:09.554+0000] {processor.py:156} INFO - Started process (PID=19763) to work on /opt/airflow/dags/hadoop-2.7.3/share/hadoop/httpfs/tomcat/webapps/webhdfs/WEB-INF/lib/commons-net-3.1.jar
[2022-10-25T14:10:09.557+0000] {processor.py:758} INFO - Processing file /opt/airflow/dags/hadoop-2.7.3/share/hadoop/httpfs/tomcat/webapps/webhdfs/WEB-INF/lib/commons-net-3.1.jar for tasks to queue
[2022-10-25T14:10:09.560+0000] {logging_mixin.py:117} INFO - [2022-10-25T14:10:09.560+0000] {dagbag.py:525} INFO - Filling up the DagBag from /opt/airflow/dags/hadoop-2.7.3/share/hadoop/httpfs/tomcat/webapps/webhdfs/WEB-INF/lib/commons-net-3.1.jar
[2022-10-25T14:10:09.573+0000] {processor.py:770} WARNING - No viable dags retrieved from /opt/airflow/dags/hadoop-2.7.3/share/hadoop/httpfs/tomcat/webapps/webhdfs/WEB-INF/lib/commons-net-3.1.jar
[2022-10-25T14:10:09.617+0000] {processor.py:178} INFO - Processing /opt/airflow/dags/hadoop-2.7.3/share/hadoop/httpfs/tomcat/webapps/webhdfs/WEB-INF/lib/commons-net-3.1.jar took 0.072 seconds
[2022-10-25T14:10:25.227+0000] {processor.py:156} INFO - Started process (PID=18672) to work on /opt/airflow/dags/hadoop-2.7.3/share/hadoop/httpfs/tomcat/webapps/webhdfs/WEB-INF/lib/commons-net-3.1.jar
[2022-10-25T14:10:25.244+0000] {processor.py:758} INFO - Processing file /opt/airflow/dags/hadoop-2.7.3/share/hadoop/httpfs/tomcat/webapps/webhdfs/WEB-INF/lib/commons-net-3.1.jar for tasks to queue
[2022-10-25T14:10:25.248+0000] {logging_mixin.py:117} INFO - [2022-10-25T14:10:25.247+0000] {dagbag.py:525} INFO - Filling up the DagBag from /opt/airflow/dags/hadoop-2.7.3/share/hadoop/httpfs/tomcat/webapps/webhdfs/WEB-INF/lib/commons-net-3.1.jar
[2022-10-25T14:10:25.285+0000] {processor.py:770} WARNING - No viable dags retrieved from /opt/airflow/dags/hadoop-2.7.3/share/hadoop/httpfs/tomcat/webapps/webhdfs/WEB-INF/lib/commons-net-3.1.jar
[2022-10-25T14:10:25.331+0000] {processor.py:178} INFO - Processing /opt/airflow/dags/hadoop-2.7.3/share/hadoop/httpfs/tomcat/webapps/webhdfs/WEB-INF/lib/commons-net-3.1.jar took 0.125 seconds
[2022-10-25T14:10:52.242+0000] {processor.py:156} INFO - Started process (PID=20279) to work on /opt/airflow/dags/hadoop-2.7.3/share/hadoop/httpfs/tomcat/webapps/webhdfs/WEB-INF/lib/commons-net-3.1.jar
[2022-10-25T14:10:52.245+0000] {processor.py:758} INFO - Processing file /opt/airflow/dags/hadoop-2.7.3/share/hadoop/httpfs/tomcat/webapps/webhdfs/WEB-INF/lib/commons-net-3.1.jar for tasks to queue
[2022-10-25T14:10:52.249+0000] {logging_mixin.py:117} INFO - [2022-10-25T14:10:52.249+0000] {dagbag.py:525} INFO - Filling up the DagBag from /opt/airflow/dags/hadoop-2.7.3/share/hadoop/httpfs/tomcat/webapps/webhdfs/WEB-INF/lib/commons-net-3.1.jar
[2022-10-25T14:10:52.266+0000] {processor.py:770} WARNING - No viable dags retrieved from /opt/airflow/dags/hadoop-2.7.3/share/hadoop/httpfs/tomcat/webapps/webhdfs/WEB-INF/lib/commons-net-3.1.jar
[2022-10-25T14:10:52.306+0000] {processor.py:178} INFO - Processing /opt/airflow/dags/hadoop-2.7.3/share/hadoop/httpfs/tomcat/webapps/webhdfs/WEB-INF/lib/commons-net-3.1.jar took 0.079 seconds
[2022-10-25T14:11:05.390+0000] {processor.py:156} INFO - Started process (PID=19159) to work on /opt/airflow/dags/hadoop-2.7.3/share/hadoop/httpfs/tomcat/webapps/webhdfs/WEB-INF/lib/commons-net-3.1.jar
[2022-10-25T14:11:05.392+0000] {processor.py:758} INFO - Processing file /opt/airflow/dags/hadoop-2.7.3/share/hadoop/httpfs/tomcat/webapps/webhdfs/WEB-INF/lib/commons-net-3.1.jar for tasks to queue
[2022-10-25T14:11:05.394+0000] {logging_mixin.py:117} INFO - [2022-10-25T14:11:05.394+0000] {dagbag.py:525} INFO - Filling up the DagBag from /opt/airflow/dags/hadoop-2.7.3/share/hadoop/httpfs/tomcat/webapps/webhdfs/WEB-INF/lib/commons-net-3.1.jar
[2022-10-25T14:11:05.405+0000] {processor.py:770} WARNING - No viable dags retrieved from /opt/airflow/dags/hadoop-2.7.3/share/hadoop/httpfs/tomcat/webapps/webhdfs/WEB-INF/lib/commons-net-3.1.jar
[2022-10-25T14:11:05.436+0000] {processor.py:178} INFO - Processing /opt/airflow/dags/hadoop-2.7.3/share/hadoop/httpfs/tomcat/webapps/webhdfs/WEB-INF/lib/commons-net-3.1.jar took 0.053 seconds
[2022-10-25T14:11:34.962+0000] {processor.py:156} INFO - Started process (PID=20800) to work on /opt/airflow/dags/hadoop-2.7.3/share/hadoop/httpfs/tomcat/webapps/webhdfs/WEB-INF/lib/commons-net-3.1.jar
[2022-10-25T14:11:34.965+0000] {processor.py:758} INFO - Processing file /opt/airflow/dags/hadoop-2.7.3/share/hadoop/httpfs/tomcat/webapps/webhdfs/WEB-INF/lib/commons-net-3.1.jar for tasks to queue
[2022-10-25T14:11:34.967+0000] {logging_mixin.py:117} INFO - [2022-10-25T14:11:34.966+0000] {dagbag.py:525} INFO - Filling up the DagBag from /opt/airflow/dags/hadoop-2.7.3/share/hadoop/httpfs/tomcat/webapps/webhdfs/WEB-INF/lib/commons-net-3.1.jar
[2022-10-25T14:11:34.983+0000] {processor.py:770} WARNING - No viable dags retrieved from /opt/airflow/dags/hadoop-2.7.3/share/hadoop/httpfs/tomcat/webapps/webhdfs/WEB-INF/lib/commons-net-3.1.jar
[2022-10-25T14:11:35.013+0000] {processor.py:178} INFO - Processing /opt/airflow/dags/hadoop-2.7.3/share/hadoop/httpfs/tomcat/webapps/webhdfs/WEB-INF/lib/commons-net-3.1.jar took 0.056 seconds
[2022-10-25T14:11:42.392+0000] {processor.py:156} INFO - Started process (PID=19610) to work on /opt/airflow/dags/hadoop-2.7.3/share/hadoop/httpfs/tomcat/webapps/webhdfs/WEB-INF/lib/commons-net-3.1.jar
[2022-10-25T14:11:42.396+0000] {processor.py:758} INFO - Processing file /opt/airflow/dags/hadoop-2.7.3/share/hadoop/httpfs/tomcat/webapps/webhdfs/WEB-INF/lib/commons-net-3.1.jar for tasks to queue
[2022-10-25T14:11:42.401+0000] {logging_mixin.py:117} INFO - [2022-10-25T14:11:42.401+0000] {dagbag.py:525} INFO - Filling up the DagBag from /opt/airflow/dags/hadoop-2.7.3/share/hadoop/httpfs/tomcat/webapps/webhdfs/WEB-INF/lib/commons-net-3.1.jar
[2022-10-25T14:11:42.424+0000] {processor.py:770} WARNING - No viable dags retrieved from /opt/airflow/dags/hadoop-2.7.3/share/hadoop/httpfs/tomcat/webapps/webhdfs/WEB-INF/lib/commons-net-3.1.jar
[2022-10-25T14:11:42.457+0000] {processor.py:178} INFO - Processing /opt/airflow/dags/hadoop-2.7.3/share/hadoop/httpfs/tomcat/webapps/webhdfs/WEB-INF/lib/commons-net-3.1.jar took 0.086 seconds
[2022-10-25T14:12:13.652+0000] {processor.py:156} INFO - Started process (PID=21248) to work on /opt/airflow/dags/hadoop-2.7.3/share/hadoop/httpfs/tomcat/webapps/webhdfs/WEB-INF/lib/commons-net-3.1.jar
[2022-10-25T14:12:13.659+0000] {processor.py:758} INFO - Processing file /opt/airflow/dags/hadoop-2.7.3/share/hadoop/httpfs/tomcat/webapps/webhdfs/WEB-INF/lib/commons-net-3.1.jar for tasks to queue
[2022-10-25T14:12:13.661+0000] {logging_mixin.py:117} INFO - [2022-10-25T14:12:13.660+0000] {dagbag.py:525} INFO - Filling up the DagBag from /opt/airflow/dags/hadoop-2.7.3/share/hadoop/httpfs/tomcat/webapps/webhdfs/WEB-INF/lib/commons-net-3.1.jar
[2022-10-25T14:12:13.670+0000] {processor.py:770} WARNING - No viable dags retrieved from /opt/airflow/dags/hadoop-2.7.3/share/hadoop/httpfs/tomcat/webapps/webhdfs/WEB-INF/lib/commons-net-3.1.jar
[2022-10-25T14:12:13.699+0000] {processor.py:178} INFO - Processing /opt/airflow/dags/hadoop-2.7.3/share/hadoop/httpfs/tomcat/webapps/webhdfs/WEB-INF/lib/commons-net-3.1.jar took 0.056 seconds
[2022-10-25T14:12:24.032+0000] {processor.py:156} INFO - Started process (PID=20084) to work on /opt/airflow/dags/hadoop-2.7.3/share/hadoop/httpfs/tomcat/webapps/webhdfs/WEB-INF/lib/commons-net-3.1.jar
[2022-10-25T14:12:24.035+0000] {processor.py:758} INFO - Processing file /opt/airflow/dags/hadoop-2.7.3/share/hadoop/httpfs/tomcat/webapps/webhdfs/WEB-INF/lib/commons-net-3.1.jar for tasks to queue
[2022-10-25T14:12:24.057+0000] {logging_mixin.py:117} INFO - [2022-10-25T14:12:24.056+0000] {dagbag.py:525} INFO - Filling up the DagBag from /opt/airflow/dags/hadoop-2.7.3/share/hadoop/httpfs/tomcat/webapps/webhdfs/WEB-INF/lib/commons-net-3.1.jar
[2022-10-25T14:12:24.084+0000] {processor.py:770} WARNING - No viable dags retrieved from /opt/airflow/dags/hadoop-2.7.3/share/hadoop/httpfs/tomcat/webapps/webhdfs/WEB-INF/lib/commons-net-3.1.jar
[2022-10-25T14:12:24.153+0000] {processor.py:178} INFO - Processing /opt/airflow/dags/hadoop-2.7.3/share/hadoop/httpfs/tomcat/webapps/webhdfs/WEB-INF/lib/commons-net-3.1.jar took 0.129 seconds
[2022-10-25T14:13:29.389+0000] {processor.py:156} INFO - Started process (PID=21705) to work on /opt/airflow/dags/hadoop-2.7.3/share/hadoop/httpfs/tomcat/webapps/webhdfs/WEB-INF/lib/commons-net-3.1.jar
[2022-10-25T14:13:29.391+0000] {processor.py:758} INFO - Processing file /opt/airflow/dags/hadoop-2.7.3/share/hadoop/httpfs/tomcat/webapps/webhdfs/WEB-INF/lib/commons-net-3.1.jar for tasks to queue
[2022-10-25T14:13:29.393+0000] {logging_mixin.py:117} INFO - [2022-10-25T14:13:29.393+0000] {dagbag.py:525} INFO - Filling up the DagBag from /opt/airflow/dags/hadoop-2.7.3/share/hadoop/httpfs/tomcat/webapps/webhdfs/WEB-INF/lib/commons-net-3.1.jar
[2022-10-25T14:13:29.402+0000] {processor.py:770} WARNING - No viable dags retrieved from /opt/airflow/dags/hadoop-2.7.3/share/hadoop/httpfs/tomcat/webapps/webhdfs/WEB-INF/lib/commons-net-3.1.jar
[2022-10-25T14:13:29.428+0000] {processor.py:178} INFO - Processing /opt/airflow/dags/hadoop-2.7.3/share/hadoop/httpfs/tomcat/webapps/webhdfs/WEB-INF/lib/commons-net-3.1.jar took 0.046 seconds
[2022-10-25T14:13:53.787+0000] {processor.py:156} INFO - Started process (PID=20694) to work on /opt/airflow/dags/hadoop-2.7.3/share/hadoop/httpfs/tomcat/webapps/webhdfs/WEB-INF/lib/commons-net-3.1.jar
[2022-10-25T14:13:53.790+0000] {processor.py:758} INFO - Processing file /opt/airflow/dags/hadoop-2.7.3/share/hadoop/httpfs/tomcat/webapps/webhdfs/WEB-INF/lib/commons-net-3.1.jar for tasks to queue
[2022-10-25T14:13:53.794+0000] {logging_mixin.py:117} INFO - [2022-10-25T14:13:53.794+0000] {dagbag.py:525} INFO - Filling up the DagBag from /opt/airflow/dags/hadoop-2.7.3/share/hadoop/httpfs/tomcat/webapps/webhdfs/WEB-INF/lib/commons-net-3.1.jar
[2022-10-25T14:13:53.806+0000] {processor.py:770} WARNING - No viable dags retrieved from /opt/airflow/dags/hadoop-2.7.3/share/hadoop/httpfs/tomcat/webapps/webhdfs/WEB-INF/lib/commons-net-3.1.jar
[2022-10-25T14:13:53.850+0000] {processor.py:178} INFO - Processing /opt/airflow/dags/hadoop-2.7.3/share/hadoop/httpfs/tomcat/webapps/webhdfs/WEB-INF/lib/commons-net-3.1.jar took 0.072 seconds
[2022-10-25T14:14:14.575+0000] {processor.py:156} INFO - Started process (PID=22226) to work on /opt/airflow/dags/hadoop-2.7.3/share/hadoop/httpfs/tomcat/webapps/webhdfs/WEB-INF/lib/commons-net-3.1.jar
[2022-10-25T14:14:14.582+0000] {processor.py:758} INFO - Processing file /opt/airflow/dags/hadoop-2.7.3/share/hadoop/httpfs/tomcat/webapps/webhdfs/WEB-INF/lib/commons-net-3.1.jar for tasks to queue
[2022-10-25T14:14:14.586+0000] {logging_mixin.py:117} INFO - [2022-10-25T14:14:14.586+0000] {dagbag.py:525} INFO - Filling up the DagBag from /opt/airflow/dags/hadoop-2.7.3/share/hadoop/httpfs/tomcat/webapps/webhdfs/WEB-INF/lib/commons-net-3.1.jar
[2022-10-25T14:14:14.610+0000] {processor.py:770} WARNING - No viable dags retrieved from /opt/airflow/dags/hadoop-2.7.3/share/hadoop/httpfs/tomcat/webapps/webhdfs/WEB-INF/lib/commons-net-3.1.jar
[2022-10-25T14:14:14.662+0000] {processor.py:178} INFO - Processing /opt/airflow/dags/hadoop-2.7.3/share/hadoop/httpfs/tomcat/webapps/webhdfs/WEB-INF/lib/commons-net-3.1.jar took 0.099 seconds
[2022-10-25T14:14:41.568+0000] {processor.py:156} INFO - Started process (PID=21208) to work on /opt/airflow/dags/hadoop-2.7.3/share/hadoop/httpfs/tomcat/webapps/webhdfs/WEB-INF/lib/commons-net-3.1.jar
[2022-10-25T14:14:41.572+0000] {processor.py:758} INFO - Processing file /opt/airflow/dags/hadoop-2.7.3/share/hadoop/httpfs/tomcat/webapps/webhdfs/WEB-INF/lib/commons-net-3.1.jar for tasks to queue
[2022-10-25T14:14:41.575+0000] {logging_mixin.py:117} INFO - [2022-10-25T14:14:41.575+0000] {dagbag.py:525} INFO - Filling up the DagBag from /opt/airflow/dags/hadoop-2.7.3/share/hadoop/httpfs/tomcat/webapps/webhdfs/WEB-INF/lib/commons-net-3.1.jar
[2022-10-25T14:14:41.589+0000] {processor.py:770} WARNING - No viable dags retrieved from /opt/airflow/dags/hadoop-2.7.3/share/hadoop/httpfs/tomcat/webapps/webhdfs/WEB-INF/lib/commons-net-3.1.jar
[2022-10-25T14:14:41.623+0000] {processor.py:178} INFO - Processing /opt/airflow/dags/hadoop-2.7.3/share/hadoop/httpfs/tomcat/webapps/webhdfs/WEB-INF/lib/commons-net-3.1.jar took 0.066 seconds
[2022-10-25T14:15:06.076+0000] {processor.py:156} INFO - Started process (PID=22784) to work on /opt/airflow/dags/hadoop-2.7.3/share/hadoop/httpfs/tomcat/webapps/webhdfs/WEB-INF/lib/commons-net-3.1.jar
[2022-10-25T14:15:06.081+0000] {processor.py:758} INFO - Processing file /opt/airflow/dags/hadoop-2.7.3/share/hadoop/httpfs/tomcat/webapps/webhdfs/WEB-INF/lib/commons-net-3.1.jar for tasks to queue
[2022-10-25T14:15:06.085+0000] {logging_mixin.py:117} INFO - [2022-10-25T14:15:06.084+0000] {dagbag.py:525} INFO - Filling up the DagBag from /opt/airflow/dags/hadoop-2.7.3/share/hadoop/httpfs/tomcat/webapps/webhdfs/WEB-INF/lib/commons-net-3.1.jar
[2022-10-25T14:15:06.101+0000] {processor.py:770} WARNING - No viable dags retrieved from /opt/airflow/dags/hadoop-2.7.3/share/hadoop/httpfs/tomcat/webapps/webhdfs/WEB-INF/lib/commons-net-3.1.jar
[2022-10-25T14:15:06.153+0000] {processor.py:178} INFO - Processing /opt/airflow/dags/hadoop-2.7.3/share/hadoop/httpfs/tomcat/webapps/webhdfs/WEB-INF/lib/commons-net-3.1.jar took 0.086 seconds
[2022-10-25T14:15:32.212+0000] {processor.py:156} INFO - Started process (PID=21676) to work on /opt/airflow/dags/hadoop-2.7.3/share/hadoop/httpfs/tomcat/webapps/webhdfs/WEB-INF/lib/commons-net-3.1.jar
[2022-10-25T14:15:32.218+0000] {processor.py:758} INFO - Processing file /opt/airflow/dags/hadoop-2.7.3/share/hadoop/httpfs/tomcat/webapps/webhdfs/WEB-INF/lib/commons-net-3.1.jar for tasks to queue
[2022-10-25T14:15:32.226+0000] {logging_mixin.py:117} INFO - [2022-10-25T14:15:32.225+0000] {dagbag.py:525} INFO - Filling up the DagBag from /opt/airflow/dags/hadoop-2.7.3/share/hadoop/httpfs/tomcat/webapps/webhdfs/WEB-INF/lib/commons-net-3.1.jar
[2022-10-25T14:15:32.268+0000] {processor.py:770} WARNING - No viable dags retrieved from /opt/airflow/dags/hadoop-2.7.3/share/hadoop/httpfs/tomcat/webapps/webhdfs/WEB-INF/lib/commons-net-3.1.jar
[2022-10-25T14:15:32.369+0000] {processor.py:178} INFO - Processing /opt/airflow/dags/hadoop-2.7.3/share/hadoop/httpfs/tomcat/webapps/webhdfs/WEB-INF/lib/commons-net-3.1.jar took 0.169 seconds
[2022-10-25T14:15:58.142+0000] {processor.py:156} INFO - Started process (PID=23226) to work on /opt/airflow/dags/hadoop-2.7.3/share/hadoop/httpfs/tomcat/webapps/webhdfs/WEB-INF/lib/commons-net-3.1.jar
[2022-10-25T14:15:58.147+0000] {processor.py:758} INFO - Processing file /opt/airflow/dags/hadoop-2.7.3/share/hadoop/httpfs/tomcat/webapps/webhdfs/WEB-INF/lib/commons-net-3.1.jar for tasks to queue
[2022-10-25T14:15:58.154+0000] {logging_mixin.py:117} INFO - [2022-10-25T14:15:58.153+0000] {dagbag.py:525} INFO - Filling up the DagBag from /opt/airflow/dags/hadoop-2.7.3/share/hadoop/httpfs/tomcat/webapps/webhdfs/WEB-INF/lib/commons-net-3.1.jar
[2022-10-25T14:15:58.176+0000] {processor.py:770} WARNING - No viable dags retrieved from /opt/airflow/dags/hadoop-2.7.3/share/hadoop/httpfs/tomcat/webapps/webhdfs/WEB-INF/lib/commons-net-3.1.jar
[2022-10-25T14:15:58.223+0000] {processor.py:178} INFO - Processing /opt/airflow/dags/hadoop-2.7.3/share/hadoop/httpfs/tomcat/webapps/webhdfs/WEB-INF/lib/commons-net-3.1.jar took 0.087 seconds
[2022-10-25T14:16:22.030+0000] {processor.py:156} INFO - Started process (PID=22182) to work on /opt/airflow/dags/hadoop-2.7.3/share/hadoop/httpfs/tomcat/webapps/webhdfs/WEB-INF/lib/commons-net-3.1.jar
[2022-10-25T14:16:22.033+0000] {processor.py:758} INFO - Processing file /opt/airflow/dags/hadoop-2.7.3/share/hadoop/httpfs/tomcat/webapps/webhdfs/WEB-INF/lib/commons-net-3.1.jar for tasks to queue
[2022-10-25T14:16:22.035+0000] {logging_mixin.py:117} INFO - [2022-10-25T14:16:22.035+0000] {dagbag.py:525} INFO - Filling up the DagBag from /opt/airflow/dags/hadoop-2.7.3/share/hadoop/httpfs/tomcat/webapps/webhdfs/WEB-INF/lib/commons-net-3.1.jar
[2022-10-25T14:16:22.051+0000] {processor.py:770} WARNING - No viable dags retrieved from /opt/airflow/dags/hadoop-2.7.3/share/hadoop/httpfs/tomcat/webapps/webhdfs/WEB-INF/lib/commons-net-3.1.jar
[2022-10-25T14:16:22.104+0000] {processor.py:178} INFO - Processing /opt/airflow/dags/hadoop-2.7.3/share/hadoop/httpfs/tomcat/webapps/webhdfs/WEB-INF/lib/commons-net-3.1.jar took 0.082 seconds
[2022-10-25T14:16:45.291+0000] {processor.py:156} INFO - Started process (PID=23700) to work on /opt/airflow/dags/hadoop-2.7.3/share/hadoop/httpfs/tomcat/webapps/webhdfs/WEB-INF/lib/commons-net-3.1.jar
[2022-10-25T14:16:45.294+0000] {processor.py:758} INFO - Processing file /opt/airflow/dags/hadoop-2.7.3/share/hadoop/httpfs/tomcat/webapps/webhdfs/WEB-INF/lib/commons-net-3.1.jar for tasks to queue
[2022-10-25T14:16:45.300+0000] {logging_mixin.py:117} INFO - [2022-10-25T14:16:45.299+0000] {dagbag.py:525} INFO - Filling up the DagBag from /opt/airflow/dags/hadoop-2.7.3/share/hadoop/httpfs/tomcat/webapps/webhdfs/WEB-INF/lib/commons-net-3.1.jar
[2022-10-25T14:16:45.316+0000] {processor.py:770} WARNING - No viable dags retrieved from /opt/airflow/dags/hadoop-2.7.3/share/hadoop/httpfs/tomcat/webapps/webhdfs/WEB-INF/lib/commons-net-3.1.jar
[2022-10-25T14:16:45.400+0000] {processor.py:178} INFO - Processing /opt/airflow/dags/hadoop-2.7.3/share/hadoop/httpfs/tomcat/webapps/webhdfs/WEB-INF/lib/commons-net-3.1.jar took 0.130 seconds
[2022-10-25T14:17:22.402+0000] {processor.py:156} INFO - Started process (PID=22727) to work on /opt/airflow/dags/hadoop-2.7.3/share/hadoop/httpfs/tomcat/webapps/webhdfs/WEB-INF/lib/commons-net-3.1.jar
[2022-10-25T14:17:22.405+0000] {processor.py:758} INFO - Processing file /opt/airflow/dags/hadoop-2.7.3/share/hadoop/httpfs/tomcat/webapps/webhdfs/WEB-INF/lib/commons-net-3.1.jar for tasks to queue
[2022-10-25T14:17:22.409+0000] {logging_mixin.py:117} INFO - [2022-10-25T14:17:22.409+0000] {dagbag.py:525} INFO - Filling up the DagBag from /opt/airflow/dags/hadoop-2.7.3/share/hadoop/httpfs/tomcat/webapps/webhdfs/WEB-INF/lib/commons-net-3.1.jar
[2022-10-25T14:17:22.428+0000] {processor.py:770} WARNING - No viable dags retrieved from /opt/airflow/dags/hadoop-2.7.3/share/hadoop/httpfs/tomcat/webapps/webhdfs/WEB-INF/lib/commons-net-3.1.jar
[2022-10-25T14:17:22.465+0000] {processor.py:178} INFO - Processing /opt/airflow/dags/hadoop-2.7.3/share/hadoop/httpfs/tomcat/webapps/webhdfs/WEB-INF/lib/commons-net-3.1.jar took 0.073 seconds
[2022-10-25T14:25:04.508+0000] {processor.py:156} INFO - Started process (PID=23481) to work on /opt/airflow/dags/hadoop-2.7.3/share/hadoop/httpfs/tomcat/webapps/webhdfs/WEB-INF/lib/commons-net-3.1.jar
[2022-10-25T14:25:04.512+0000] {processor.py:758} INFO - Processing file /opt/airflow/dags/hadoop-2.7.3/share/hadoop/httpfs/tomcat/webapps/webhdfs/WEB-INF/lib/commons-net-3.1.jar for tasks to queue
[2022-10-25T14:25:04.516+0000] {logging_mixin.py:117} INFO - [2022-10-25T14:25:04.516+0000] {dagbag.py:525} INFO - Filling up the DagBag from /opt/airflow/dags/hadoop-2.7.3/share/hadoop/httpfs/tomcat/webapps/webhdfs/WEB-INF/lib/commons-net-3.1.jar
[2022-10-25T14:25:04.537+0000] {processor.py:770} WARNING - No viable dags retrieved from /opt/airflow/dags/hadoop-2.7.3/share/hadoop/httpfs/tomcat/webapps/webhdfs/WEB-INF/lib/commons-net-3.1.jar
[2022-10-25T14:25:04.578+0000] {processor.py:178} INFO - Processing /opt/airflow/dags/hadoop-2.7.3/share/hadoop/httpfs/tomcat/webapps/webhdfs/WEB-INF/lib/commons-net-3.1.jar took 0.078 seconds
[2022-10-25T14:25:23.093+0000] {processor.py:156} INFO - Started process (PID=24565) to work on /opt/airflow/dags/hadoop-2.7.3/share/hadoop/httpfs/tomcat/webapps/webhdfs/WEB-INF/lib/commons-net-3.1.jar
[2022-10-25T14:25:23.100+0000] {processor.py:758} INFO - Processing file /opt/airflow/dags/hadoop-2.7.3/share/hadoop/httpfs/tomcat/webapps/webhdfs/WEB-INF/lib/commons-net-3.1.jar for tasks to queue
[2022-10-25T14:25:23.103+0000] {logging_mixin.py:117} INFO - [2022-10-25T14:25:23.102+0000] {dagbag.py:525} INFO - Filling up the DagBag from /opt/airflow/dags/hadoop-2.7.3/share/hadoop/httpfs/tomcat/webapps/webhdfs/WEB-INF/lib/commons-net-3.1.jar
[2022-10-25T14:25:23.122+0000] {processor.py:770} WARNING - No viable dags retrieved from /opt/airflow/dags/hadoop-2.7.3/share/hadoop/httpfs/tomcat/webapps/webhdfs/WEB-INF/lib/commons-net-3.1.jar
[2022-10-25T14:25:23.197+0000] {processor.py:178} INFO - Processing /opt/airflow/dags/hadoop-2.7.3/share/hadoop/httpfs/tomcat/webapps/webhdfs/WEB-INF/lib/commons-net-3.1.jar took 0.114 seconds
[2022-10-25T14:25:55.161+0000] {processor.py:156} INFO - Started process (PID=24005) to work on /opt/airflow/dags/hadoop-2.7.3/share/hadoop/httpfs/tomcat/webapps/webhdfs/WEB-INF/lib/commons-net-3.1.jar
[2022-10-25T14:25:55.166+0000] {processor.py:758} INFO - Processing file /opt/airflow/dags/hadoop-2.7.3/share/hadoop/httpfs/tomcat/webapps/webhdfs/WEB-INF/lib/commons-net-3.1.jar for tasks to queue
[2022-10-25T14:25:55.170+0000] {logging_mixin.py:117} INFO - [2022-10-25T14:25:55.170+0000] {dagbag.py:525} INFO - Filling up the DagBag from /opt/airflow/dags/hadoop-2.7.3/share/hadoop/httpfs/tomcat/webapps/webhdfs/WEB-INF/lib/commons-net-3.1.jar
[2022-10-25T14:25:55.192+0000] {processor.py:770} WARNING - No viable dags retrieved from /opt/airflow/dags/hadoop-2.7.3/share/hadoop/httpfs/tomcat/webapps/webhdfs/WEB-INF/lib/commons-net-3.1.jar
[2022-10-25T14:25:55.245+0000] {processor.py:178} INFO - Processing /opt/airflow/dags/hadoop-2.7.3/share/hadoop/httpfs/tomcat/webapps/webhdfs/WEB-INF/lib/commons-net-3.1.jar took 0.097 seconds
[2022-10-25T14:26:13.231+0000] {processor.py:156} INFO - Started process (PID=25088) to work on /opt/airflow/dags/hadoop-2.7.3/share/hadoop/httpfs/tomcat/webapps/webhdfs/WEB-INF/lib/commons-net-3.1.jar
[2022-10-25T14:26:13.238+0000] {processor.py:758} INFO - Processing file /opt/airflow/dags/hadoop-2.7.3/share/hadoop/httpfs/tomcat/webapps/webhdfs/WEB-INF/lib/commons-net-3.1.jar for tasks to queue
[2022-10-25T14:26:13.241+0000] {logging_mixin.py:117} INFO - [2022-10-25T14:26:13.241+0000] {dagbag.py:525} INFO - Filling up the DagBag from /opt/airflow/dags/hadoop-2.7.3/share/hadoop/httpfs/tomcat/webapps/webhdfs/WEB-INF/lib/commons-net-3.1.jar
[2022-10-25T14:26:13.266+0000] {processor.py:770} WARNING - No viable dags retrieved from /opt/airflow/dags/hadoop-2.7.3/share/hadoop/httpfs/tomcat/webapps/webhdfs/WEB-INF/lib/commons-net-3.1.jar
[2022-10-25T14:26:13.331+0000] {processor.py:178} INFO - Processing /opt/airflow/dags/hadoop-2.7.3/share/hadoop/httpfs/tomcat/webapps/webhdfs/WEB-INF/lib/commons-net-3.1.jar took 0.113 seconds
[2022-10-25T14:26:49.973+0000] {processor.py:156} INFO - Started process (PID=24529) to work on /opt/airflow/dags/hadoop-2.7.3/share/hadoop/httpfs/tomcat/webapps/webhdfs/WEB-INF/lib/commons-net-3.1.jar
[2022-10-25T14:26:49.977+0000] {processor.py:758} INFO - Processing file /opt/airflow/dags/hadoop-2.7.3/share/hadoop/httpfs/tomcat/webapps/webhdfs/WEB-INF/lib/commons-net-3.1.jar for tasks to queue
[2022-10-25T14:26:49.983+0000] {logging_mixin.py:117} INFO - [2022-10-25T14:26:49.981+0000] {dagbag.py:525} INFO - Filling up the DagBag from /opt/airflow/dags/hadoop-2.7.3/share/hadoop/httpfs/tomcat/webapps/webhdfs/WEB-INF/lib/commons-net-3.1.jar
[2022-10-25T14:26:50.011+0000] {processor.py:770} WARNING - No viable dags retrieved from /opt/airflow/dags/hadoop-2.7.3/share/hadoop/httpfs/tomcat/webapps/webhdfs/WEB-INF/lib/commons-net-3.1.jar
[2022-10-25T14:26:50.060+0000] {processor.py:178} INFO - Processing /opt/airflow/dags/hadoop-2.7.3/share/hadoop/httpfs/tomcat/webapps/webhdfs/WEB-INF/lib/commons-net-3.1.jar took 0.100 seconds
[2022-10-25T14:27:05.674+0000] {processor.py:156} INFO - Started process (PID=25610) to work on /opt/airflow/dags/hadoop-2.7.3/share/hadoop/httpfs/tomcat/webapps/webhdfs/WEB-INF/lib/commons-net-3.1.jar
[2022-10-25T14:27:05.677+0000] {processor.py:758} INFO - Processing file /opt/airflow/dags/hadoop-2.7.3/share/hadoop/httpfs/tomcat/webapps/webhdfs/WEB-INF/lib/commons-net-3.1.jar for tasks to queue
[2022-10-25T14:27:05.680+0000] {logging_mixin.py:117} INFO - [2022-10-25T14:27:05.680+0000] {dagbag.py:525} INFO - Filling up the DagBag from /opt/airflow/dags/hadoop-2.7.3/share/hadoop/httpfs/tomcat/webapps/webhdfs/WEB-INF/lib/commons-net-3.1.jar
[2022-10-25T14:27:05.696+0000] {processor.py:770} WARNING - No viable dags retrieved from /opt/airflow/dags/hadoop-2.7.3/share/hadoop/httpfs/tomcat/webapps/webhdfs/WEB-INF/lib/commons-net-3.1.jar
[2022-10-25T14:27:05.734+0000] {processor.py:178} INFO - Processing /opt/airflow/dags/hadoop-2.7.3/share/hadoop/httpfs/tomcat/webapps/webhdfs/WEB-INF/lib/commons-net-3.1.jar took 0.072 seconds
[2022-10-25T14:27:33.905+0000] {processor.py:156} INFO - Started process (PID=24983) to work on /opt/airflow/dags/hadoop-2.7.3/share/hadoop/httpfs/tomcat/webapps/webhdfs/WEB-INF/lib/commons-net-3.1.jar
[2022-10-25T14:27:33.910+0000] {processor.py:758} INFO - Processing file /opt/airflow/dags/hadoop-2.7.3/share/hadoop/httpfs/tomcat/webapps/webhdfs/WEB-INF/lib/commons-net-3.1.jar for tasks to queue
[2022-10-25T14:27:33.914+0000] {logging_mixin.py:117} INFO - [2022-10-25T14:27:33.914+0000] {dagbag.py:525} INFO - Filling up the DagBag from /opt/airflow/dags/hadoop-2.7.3/share/hadoop/httpfs/tomcat/webapps/webhdfs/WEB-INF/lib/commons-net-3.1.jar
[2022-10-25T14:27:33.928+0000] {processor.py:770} WARNING - No viable dags retrieved from /opt/airflow/dags/hadoop-2.7.3/share/hadoop/httpfs/tomcat/webapps/webhdfs/WEB-INF/lib/commons-net-3.1.jar
[2022-10-25T14:27:34.006+0000] {processor.py:178} INFO - Processing /opt/airflow/dags/hadoop-2.7.3/share/hadoop/httpfs/tomcat/webapps/webhdfs/WEB-INF/lib/commons-net-3.1.jar took 0.113 seconds
[2022-10-25T14:27:45.102+0000] {processor.py:156} INFO - Started process (PID=26041) to work on /opt/airflow/dags/hadoop-2.7.3/share/hadoop/httpfs/tomcat/webapps/webhdfs/WEB-INF/lib/commons-net-3.1.jar
[2022-10-25T14:27:45.108+0000] {processor.py:758} INFO - Processing file /opt/airflow/dags/hadoop-2.7.3/share/hadoop/httpfs/tomcat/webapps/webhdfs/WEB-INF/lib/commons-net-3.1.jar for tasks to queue
[2022-10-25T14:27:45.114+0000] {logging_mixin.py:117} INFO - [2022-10-25T14:27:45.112+0000] {dagbag.py:525} INFO - Filling up the DagBag from /opt/airflow/dags/hadoop-2.7.3/share/hadoop/httpfs/tomcat/webapps/webhdfs/WEB-INF/lib/commons-net-3.1.jar
[2022-10-25T14:27:45.129+0000] {processor.py:770} WARNING - No viable dags retrieved from /opt/airflow/dags/hadoop-2.7.3/share/hadoop/httpfs/tomcat/webapps/webhdfs/WEB-INF/lib/commons-net-3.1.jar
[2022-10-25T14:27:45.186+0000] {processor.py:178} INFO - Processing /opt/airflow/dags/hadoop-2.7.3/share/hadoop/httpfs/tomcat/webapps/webhdfs/WEB-INF/lib/commons-net-3.1.jar took 0.097 seconds
[2022-10-25T14:28:13.733+0000] {processor.py:156} INFO - Started process (PID=25414) to work on /opt/airflow/dags/hadoop-2.7.3/share/hadoop/httpfs/tomcat/webapps/webhdfs/WEB-INF/lib/commons-net-3.1.jar
[2022-10-25T14:28:13.739+0000] {processor.py:758} INFO - Processing file /opt/airflow/dags/hadoop-2.7.3/share/hadoop/httpfs/tomcat/webapps/webhdfs/WEB-INF/lib/commons-net-3.1.jar for tasks to queue
[2022-10-25T14:28:13.742+0000] {logging_mixin.py:117} INFO - [2022-10-25T14:28:13.742+0000] {dagbag.py:525} INFO - Filling up the DagBag from /opt/airflow/dags/hadoop-2.7.3/share/hadoop/httpfs/tomcat/webapps/webhdfs/WEB-INF/lib/commons-net-3.1.jar
[2022-10-25T14:28:13.762+0000] {processor.py:770} WARNING - No viable dags retrieved from /opt/airflow/dags/hadoop-2.7.3/share/hadoop/httpfs/tomcat/webapps/webhdfs/WEB-INF/lib/commons-net-3.1.jar
[2022-10-25T14:28:13.816+0000] {processor.py:178} INFO - Processing /opt/airflow/dags/hadoop-2.7.3/share/hadoop/httpfs/tomcat/webapps/webhdfs/WEB-INF/lib/commons-net-3.1.jar took 0.095 seconds
[2022-10-25T14:28:34.232+0000] {processor.py:156} INFO - Started process (PID=26566) to work on /opt/airflow/dags/hadoop-2.7.3/share/hadoop/httpfs/tomcat/webapps/webhdfs/WEB-INF/lib/commons-net-3.1.jar
[2022-10-25T14:28:34.236+0000] {processor.py:758} INFO - Processing file /opt/airflow/dags/hadoop-2.7.3/share/hadoop/httpfs/tomcat/webapps/webhdfs/WEB-INF/lib/commons-net-3.1.jar for tasks to queue
[2022-10-25T14:28:34.240+0000] {logging_mixin.py:117} INFO - [2022-10-25T14:28:34.239+0000] {dagbag.py:525} INFO - Filling up the DagBag from /opt/airflow/dags/hadoop-2.7.3/share/hadoop/httpfs/tomcat/webapps/webhdfs/WEB-INF/lib/commons-net-3.1.jar
[2022-10-25T14:28:34.254+0000] {processor.py:770} WARNING - No viable dags retrieved from /opt/airflow/dags/hadoop-2.7.3/share/hadoop/httpfs/tomcat/webapps/webhdfs/WEB-INF/lib/commons-net-3.1.jar
[2022-10-25T14:28:34.298+0000] {processor.py:178} INFO - Processing /opt/airflow/dags/hadoop-2.7.3/share/hadoop/httpfs/tomcat/webapps/webhdfs/WEB-INF/lib/commons-net-3.1.jar took 0.078 seconds
[2022-10-25T14:29:59.834+0000] {processor.py:156} INFO - Started process (PID=27035) to work on /opt/airflow/dags/hadoop-2.7.3/share/hadoop/httpfs/tomcat/webapps/webhdfs/WEB-INF/lib/commons-net-3.1.jar
[2022-10-25T14:29:59.838+0000] {processor.py:758} INFO - Processing file /opt/airflow/dags/hadoop-2.7.3/share/hadoop/httpfs/tomcat/webapps/webhdfs/WEB-INF/lib/commons-net-3.1.jar for tasks to queue
[2022-10-25T14:29:59.841+0000] {logging_mixin.py:117} INFO - [2022-10-25T14:29:59.841+0000] {dagbag.py:525} INFO - Filling up the DagBag from /opt/airflow/dags/hadoop-2.7.3/share/hadoop/httpfs/tomcat/webapps/webhdfs/WEB-INF/lib/commons-net-3.1.jar
[2022-10-25T14:29:59.858+0000] {processor.py:770} WARNING - No viable dags retrieved from /opt/airflow/dags/hadoop-2.7.3/share/hadoop/httpfs/tomcat/webapps/webhdfs/WEB-INF/lib/commons-net-3.1.jar
[2022-10-25T14:29:59.914+0000] {processor.py:178} INFO - Processing /opt/airflow/dags/hadoop-2.7.3/share/hadoop/httpfs/tomcat/webapps/webhdfs/WEB-INF/lib/commons-net-3.1.jar took 0.090 seconds
[2022-10-25T14:30:06.859+0000] {processor.py:156} INFO - Started process (PID=26112) to work on /opt/airflow/dags/hadoop-2.7.3/share/hadoop/httpfs/tomcat/webapps/webhdfs/WEB-INF/lib/commons-net-3.1.jar
[2022-10-25T14:30:06.866+0000] {processor.py:758} INFO - Processing file /opt/airflow/dags/hadoop-2.7.3/share/hadoop/httpfs/tomcat/webapps/webhdfs/WEB-INF/lib/commons-net-3.1.jar for tasks to queue
[2022-10-25T14:30:06.870+0000] {logging_mixin.py:117} INFO - [2022-10-25T14:30:06.870+0000] {dagbag.py:525} INFO - Filling up the DagBag from /opt/airflow/dags/hadoop-2.7.3/share/hadoop/httpfs/tomcat/webapps/webhdfs/WEB-INF/lib/commons-net-3.1.jar
[2022-10-25T14:30:06.894+0000] {processor.py:770} WARNING - No viable dags retrieved from /opt/airflow/dags/hadoop-2.7.3/share/hadoop/httpfs/tomcat/webapps/webhdfs/WEB-INF/lib/commons-net-3.1.jar
[2022-10-25T14:30:06.947+0000] {processor.py:178} INFO - Processing /opt/airflow/dags/hadoop-2.7.3/share/hadoop/httpfs/tomcat/webapps/webhdfs/WEB-INF/lib/commons-net-3.1.jar took 0.099 seconds
[2022-10-25T14:30:51.201+0000] {processor.py:156} INFO - Started process (PID=27576) to work on /opt/airflow/dags/hadoop-2.7.3/share/hadoop/httpfs/tomcat/webapps/webhdfs/WEB-INF/lib/commons-net-3.1.jar
[2022-10-25T14:30:51.206+0000] {processor.py:758} INFO - Processing file /opt/airflow/dags/hadoop-2.7.3/share/hadoop/httpfs/tomcat/webapps/webhdfs/WEB-INF/lib/commons-net-3.1.jar for tasks to queue
[2022-10-25T14:30:51.210+0000] {logging_mixin.py:117} INFO - [2022-10-25T14:30:51.210+0000] {dagbag.py:525} INFO - Filling up the DagBag from /opt/airflow/dags/hadoop-2.7.3/share/hadoop/httpfs/tomcat/webapps/webhdfs/WEB-INF/lib/commons-net-3.1.jar
[2022-10-25T14:30:51.233+0000] {processor.py:770} WARNING - No viable dags retrieved from /opt/airflow/dags/hadoop-2.7.3/share/hadoop/httpfs/tomcat/webapps/webhdfs/WEB-INF/lib/commons-net-3.1.jar
[2022-10-25T14:30:51.304+0000] {processor.py:178} INFO - Processing /opt/airflow/dags/hadoop-2.7.3/share/hadoop/httpfs/tomcat/webapps/webhdfs/WEB-INF/lib/commons-net-3.1.jar took 0.118 seconds
[2022-10-25T14:31:00.553+0000] {processor.py:156} INFO - Started process (PID=26639) to work on /opt/airflow/dags/hadoop-2.7.3/share/hadoop/httpfs/tomcat/webapps/webhdfs/WEB-INF/lib/commons-net-3.1.jar
[2022-10-25T14:31:00.559+0000] {processor.py:758} INFO - Processing file /opt/airflow/dags/hadoop-2.7.3/share/hadoop/httpfs/tomcat/webapps/webhdfs/WEB-INF/lib/commons-net-3.1.jar for tasks to queue
[2022-10-25T14:31:00.565+0000] {logging_mixin.py:117} INFO - [2022-10-25T14:31:00.564+0000] {dagbag.py:525} INFO - Filling up the DagBag from /opt/airflow/dags/hadoop-2.7.3/share/hadoop/httpfs/tomcat/webapps/webhdfs/WEB-INF/lib/commons-net-3.1.jar
[2022-10-25T14:31:00.583+0000] {processor.py:770} WARNING - No viable dags retrieved from /opt/airflow/dags/hadoop-2.7.3/share/hadoop/httpfs/tomcat/webapps/webhdfs/WEB-INF/lib/commons-net-3.1.jar
[2022-10-25T14:31:00.656+0000] {processor.py:178} INFO - Processing /opt/airflow/dags/hadoop-2.7.3/share/hadoop/httpfs/tomcat/webapps/webhdfs/WEB-INF/lib/commons-net-3.1.jar took 0.114 seconds
[2022-10-25T14:31:38.322+0000] {processor.py:156} INFO - Started process (PID=28011) to work on /opt/airflow/dags/hadoop-2.7.3/share/hadoop/httpfs/tomcat/webapps/webhdfs/WEB-INF/lib/commons-net-3.1.jar
[2022-10-25T14:31:38.327+0000] {processor.py:758} INFO - Processing file /opt/airflow/dags/hadoop-2.7.3/share/hadoop/httpfs/tomcat/webapps/webhdfs/WEB-INF/lib/commons-net-3.1.jar for tasks to queue
[2022-10-25T14:31:38.330+0000] {logging_mixin.py:117} INFO - [2022-10-25T14:31:38.329+0000] {dagbag.py:525} INFO - Filling up the DagBag from /opt/airflow/dags/hadoop-2.7.3/share/hadoop/httpfs/tomcat/webapps/webhdfs/WEB-INF/lib/commons-net-3.1.jar
[2022-10-25T14:31:38.348+0000] {processor.py:770} WARNING - No viable dags retrieved from /opt/airflow/dags/hadoop-2.7.3/share/hadoop/httpfs/tomcat/webapps/webhdfs/WEB-INF/lib/commons-net-3.1.jar
[2022-10-25T14:31:38.390+0000] {processor.py:178} INFO - Processing /opt/airflow/dags/hadoop-2.7.3/share/hadoop/httpfs/tomcat/webapps/webhdfs/WEB-INF/lib/commons-net-3.1.jar took 0.087 seconds
[2022-10-25T14:31:54.384+0000] {processor.py:156} INFO - Started process (PID=27133) to work on /opt/airflow/dags/hadoop-2.7.3/share/hadoop/httpfs/tomcat/webapps/webhdfs/WEB-INF/lib/commons-net-3.1.jar
[2022-10-25T14:31:54.388+0000] {processor.py:758} INFO - Processing file /opt/airflow/dags/hadoop-2.7.3/share/hadoop/httpfs/tomcat/webapps/webhdfs/WEB-INF/lib/commons-net-3.1.jar for tasks to queue
[2022-10-25T14:31:54.393+0000] {logging_mixin.py:117} INFO - [2022-10-25T14:31:54.392+0000] {dagbag.py:525} INFO - Filling up the DagBag from /opt/airflow/dags/hadoop-2.7.3/share/hadoop/httpfs/tomcat/webapps/webhdfs/WEB-INF/lib/commons-net-3.1.jar
[2022-10-25T14:31:54.410+0000] {processor.py:770} WARNING - No viable dags retrieved from /opt/airflow/dags/hadoop-2.7.3/share/hadoop/httpfs/tomcat/webapps/webhdfs/WEB-INF/lib/commons-net-3.1.jar
[2022-10-25T14:31:54.464+0000] {processor.py:178} INFO - Processing /opt/airflow/dags/hadoop-2.7.3/share/hadoop/httpfs/tomcat/webapps/webhdfs/WEB-INF/lib/commons-net-3.1.jar took 0.091 seconds
[2022-10-25T14:32:23.516+0000] {processor.py:156} INFO - Started process (PID=28479) to work on /opt/airflow/dags/hadoop-2.7.3/share/hadoop/httpfs/tomcat/webapps/webhdfs/WEB-INF/lib/commons-net-3.1.jar
[2022-10-25T14:32:23.521+0000] {processor.py:758} INFO - Processing file /opt/airflow/dags/hadoop-2.7.3/share/hadoop/httpfs/tomcat/webapps/webhdfs/WEB-INF/lib/commons-net-3.1.jar for tasks to queue
[2022-10-25T14:32:23.526+0000] {logging_mixin.py:117} INFO - [2022-10-25T14:32:23.526+0000] {dagbag.py:525} INFO - Filling up the DagBag from /opt/airflow/dags/hadoop-2.7.3/share/hadoop/httpfs/tomcat/webapps/webhdfs/WEB-INF/lib/commons-net-3.1.jar
[2022-10-25T14:32:23.541+0000] {processor.py:770} WARNING - No viable dags retrieved from /opt/airflow/dags/hadoop-2.7.3/share/hadoop/httpfs/tomcat/webapps/webhdfs/WEB-INF/lib/commons-net-3.1.jar
[2022-10-25T14:32:23.592+0000] {processor.py:178} INFO - Processing /opt/airflow/dags/hadoop-2.7.3/share/hadoop/httpfs/tomcat/webapps/webhdfs/WEB-INF/lib/commons-net-3.1.jar took 0.087 seconds
[2022-10-25T14:32:40.490+0000] {processor.py:156} INFO - Started process (PID=27593) to work on /opt/airflow/dags/hadoop-2.7.3/share/hadoop/httpfs/tomcat/webapps/webhdfs/WEB-INF/lib/commons-net-3.1.jar
[2022-10-25T14:32:40.498+0000] {processor.py:758} INFO - Processing file /opt/airflow/dags/hadoop-2.7.3/share/hadoop/httpfs/tomcat/webapps/webhdfs/WEB-INF/lib/commons-net-3.1.jar for tasks to queue
[2022-10-25T14:32:40.509+0000] {logging_mixin.py:117} INFO - [2022-10-25T14:32:40.508+0000] {dagbag.py:525} INFO - Filling up the DagBag from /opt/airflow/dags/hadoop-2.7.3/share/hadoop/httpfs/tomcat/webapps/webhdfs/WEB-INF/lib/commons-net-3.1.jar
[2022-10-25T14:32:40.536+0000] {processor.py:770} WARNING - No viable dags retrieved from /opt/airflow/dags/hadoop-2.7.3/share/hadoop/httpfs/tomcat/webapps/webhdfs/WEB-INF/lib/commons-net-3.1.jar
[2022-10-25T14:32:40.612+0000] {processor.py:178} INFO - Processing /opt/airflow/dags/hadoop-2.7.3/share/hadoop/httpfs/tomcat/webapps/webhdfs/WEB-INF/lib/commons-net-3.1.jar took 0.141 seconds
[2022-10-25T14:33:03.066+0000] {processor.py:156} INFO - Started process (PID=28903) to work on /opt/airflow/dags/hadoop-2.7.3/share/hadoop/httpfs/tomcat/webapps/webhdfs/WEB-INF/lib/commons-net-3.1.jar
[2022-10-25T14:33:03.071+0000] {processor.py:758} INFO - Processing file /opt/airflow/dags/hadoop-2.7.3/share/hadoop/httpfs/tomcat/webapps/webhdfs/WEB-INF/lib/commons-net-3.1.jar for tasks to queue
[2022-10-25T14:33:03.075+0000] {logging_mixin.py:117} INFO - [2022-10-25T14:33:03.075+0000] {dagbag.py:525} INFO - Filling up the DagBag from /opt/airflow/dags/hadoop-2.7.3/share/hadoop/httpfs/tomcat/webapps/webhdfs/WEB-INF/lib/commons-net-3.1.jar
[2022-10-25T14:33:03.095+0000] {processor.py:770} WARNING - No viable dags retrieved from /opt/airflow/dags/hadoop-2.7.3/share/hadoop/httpfs/tomcat/webapps/webhdfs/WEB-INF/lib/commons-net-3.1.jar
[2022-10-25T14:33:03.149+0000] {processor.py:178} INFO - Processing /opt/airflow/dags/hadoop-2.7.3/share/hadoop/httpfs/tomcat/webapps/webhdfs/WEB-INF/lib/commons-net-3.1.jar took 0.094 seconds
[2022-10-25T14:33:24.212+0000] {processor.py:156} INFO - Started process (PID=28024) to work on /opt/airflow/dags/hadoop-2.7.3/share/hadoop/httpfs/tomcat/webapps/webhdfs/WEB-INF/lib/commons-net-3.1.jar
[2022-10-25T14:33:24.214+0000] {processor.py:758} INFO - Processing file /opt/airflow/dags/hadoop-2.7.3/share/hadoop/httpfs/tomcat/webapps/webhdfs/WEB-INF/lib/commons-net-3.1.jar for tasks to queue
[2022-10-25T14:33:24.220+0000] {logging_mixin.py:117} INFO - [2022-10-25T14:33:24.218+0000] {dagbag.py:525} INFO - Filling up the DagBag from /opt/airflow/dags/hadoop-2.7.3/share/hadoop/httpfs/tomcat/webapps/webhdfs/WEB-INF/lib/commons-net-3.1.jar
[2022-10-25T14:33:24.244+0000] {processor.py:770} WARNING - No viable dags retrieved from /opt/airflow/dags/hadoop-2.7.3/share/hadoop/httpfs/tomcat/webapps/webhdfs/WEB-INF/lib/commons-net-3.1.jar
[2022-10-25T14:33:24.306+0000] {processor.py:178} INFO - Processing /opt/airflow/dags/hadoop-2.7.3/share/hadoop/httpfs/tomcat/webapps/webhdfs/WEB-INF/lib/commons-net-3.1.jar took 0.105 seconds
[2022-10-25T14:33:45.159+0000] {processor.py:156} INFO - Started process (PID=29337) to work on /opt/airflow/dags/hadoop-2.7.3/share/hadoop/httpfs/tomcat/webapps/webhdfs/WEB-INF/lib/commons-net-3.1.jar
[2022-10-25T14:33:45.163+0000] {processor.py:758} INFO - Processing file /opt/airflow/dags/hadoop-2.7.3/share/hadoop/httpfs/tomcat/webapps/webhdfs/WEB-INF/lib/commons-net-3.1.jar for tasks to queue
[2022-10-25T14:33:45.168+0000] {logging_mixin.py:117} INFO - [2022-10-25T14:33:45.167+0000] {dagbag.py:525} INFO - Filling up the DagBag from /opt/airflow/dags/hadoop-2.7.3/share/hadoop/httpfs/tomcat/webapps/webhdfs/WEB-INF/lib/commons-net-3.1.jar
[2022-10-25T14:33:45.184+0000] {processor.py:770} WARNING - No viable dags retrieved from /opt/airflow/dags/hadoop-2.7.3/share/hadoop/httpfs/tomcat/webapps/webhdfs/WEB-INF/lib/commons-net-3.1.jar
[2022-10-25T14:33:45.236+0000] {processor.py:178} INFO - Processing /opt/airflow/dags/hadoop-2.7.3/share/hadoop/httpfs/tomcat/webapps/webhdfs/WEB-INF/lib/commons-net-3.1.jar took 0.090 seconds
[2022-10-25T14:35:06.348+0000] {processor.py:156} INFO - Started process (PID=29772) to work on /opt/airflow/dags/hadoop-2.7.3/share/hadoop/httpfs/tomcat/webapps/webhdfs/WEB-INF/lib/commons-net-3.1.jar
[2022-10-25T14:35:06.353+0000] {processor.py:758} INFO - Processing file /opt/airflow/dags/hadoop-2.7.3/share/hadoop/httpfs/tomcat/webapps/webhdfs/WEB-INF/lib/commons-net-3.1.jar for tasks to queue
[2022-10-25T14:35:06.350+0000] {processor.py:156} INFO - Started process (PID=28609) to work on /opt/airflow/dags/hadoop-2.7.3/share/hadoop/httpfs/tomcat/webapps/webhdfs/WEB-INF/lib/commons-net-3.1.jar
[2022-10-25T14:35:06.356+0000] {processor.py:758} INFO - Processing file /opt/airflow/dags/hadoop-2.7.3/share/hadoop/httpfs/tomcat/webapps/webhdfs/WEB-INF/lib/commons-net-3.1.jar for tasks to queue
[2022-10-25T14:35:06.357+0000] {logging_mixin.py:117} INFO - [2022-10-25T14:35:06.356+0000] {dagbag.py:525} INFO - Filling up the DagBag from /opt/airflow/dags/hadoop-2.7.3/share/hadoop/httpfs/tomcat/webapps/webhdfs/WEB-INF/lib/commons-net-3.1.jar
[2022-10-25T14:35:06.360+0000] {logging_mixin.py:117} INFO - [2022-10-25T14:35:06.359+0000] {dagbag.py:525} INFO - Filling up the DagBag from /opt/airflow/dags/hadoop-2.7.3/share/hadoop/httpfs/tomcat/webapps/webhdfs/WEB-INF/lib/commons-net-3.1.jar
[2022-10-25T14:35:06.378+0000] {processor.py:770} WARNING - No viable dags retrieved from /opt/airflow/dags/hadoop-2.7.3/share/hadoop/httpfs/tomcat/webapps/webhdfs/WEB-INF/lib/commons-net-3.1.jar
[2022-10-25T14:35:06.379+0000] {processor.py:770} WARNING - No viable dags retrieved from /opt/airflow/dags/hadoop-2.7.3/share/hadoop/httpfs/tomcat/webapps/webhdfs/WEB-INF/lib/commons-net-3.1.jar
[2022-10-25T14:35:06.417+0000] {processor.py:178} INFO - Processing /opt/airflow/dags/hadoop-2.7.3/share/hadoop/httpfs/tomcat/webapps/webhdfs/WEB-INF/lib/commons-net-3.1.jar took 0.081 seconds
[2022-10-25T14:35:06.436+0000] {processor.py:178} INFO - Processing /opt/airflow/dags/hadoop-2.7.3/share/hadoop/httpfs/tomcat/webapps/webhdfs/WEB-INF/lib/commons-net-3.1.jar took 0.095 seconds
[2022-10-25T14:35:54.011+0000] {processor.py:156} INFO - Started process (PID=30286) to work on /opt/airflow/dags/hadoop-2.7.3/share/hadoop/httpfs/tomcat/webapps/webhdfs/WEB-INF/lib/commons-net-3.1.jar
[2022-10-25T14:35:54.014+0000] {processor.py:758} INFO - Processing file /opt/airflow/dags/hadoop-2.7.3/share/hadoop/httpfs/tomcat/webapps/webhdfs/WEB-INF/lib/commons-net-3.1.jar for tasks to queue
[2022-10-25T14:35:54.018+0000] {logging_mixin.py:117} INFO - [2022-10-25T14:35:54.017+0000] {dagbag.py:525} INFO - Filling up the DagBag from /opt/airflow/dags/hadoop-2.7.3/share/hadoop/httpfs/tomcat/webapps/webhdfs/WEB-INF/lib/commons-net-3.1.jar
[2022-10-25T14:35:54.032+0000] {processor.py:770} WARNING - No viable dags retrieved from /opt/airflow/dags/hadoop-2.7.3/share/hadoop/httpfs/tomcat/webapps/webhdfs/WEB-INF/lib/commons-net-3.1.jar
[2022-10-25T14:35:54.078+0000] {processor.py:178} INFO - Processing /opt/airflow/dags/hadoop-2.7.3/share/hadoop/httpfs/tomcat/webapps/webhdfs/WEB-INF/lib/commons-net-3.1.jar took 0.074 seconds
[2022-10-25T14:35:57.706+0000] {processor.py:156} INFO - Started process (PID=29132) to work on /opt/airflow/dags/hadoop-2.7.3/share/hadoop/httpfs/tomcat/webapps/webhdfs/WEB-INF/lib/commons-net-3.1.jar
[2022-10-25T14:35:57.714+0000] {processor.py:758} INFO - Processing file /opt/airflow/dags/hadoop-2.7.3/share/hadoop/httpfs/tomcat/webapps/webhdfs/WEB-INF/lib/commons-net-3.1.jar for tasks to queue
[2022-10-25T14:35:57.721+0000] {logging_mixin.py:117} INFO - [2022-10-25T14:35:57.720+0000] {dagbag.py:525} INFO - Filling up the DagBag from /opt/airflow/dags/hadoop-2.7.3/share/hadoop/httpfs/tomcat/webapps/webhdfs/WEB-INF/lib/commons-net-3.1.jar
[2022-10-25T14:35:57.739+0000] {processor.py:770} WARNING - No viable dags retrieved from /opt/airflow/dags/hadoop-2.7.3/share/hadoop/httpfs/tomcat/webapps/webhdfs/WEB-INF/lib/commons-net-3.1.jar
[2022-10-25T14:35:57.789+0000] {processor.py:178} INFO - Processing /opt/airflow/dags/hadoop-2.7.3/share/hadoop/httpfs/tomcat/webapps/webhdfs/WEB-INF/lib/commons-net-3.1.jar took 0.088 seconds
[2022-10-25T14:36:43.753+0000] {processor.py:156} INFO - Started process (PID=30837) to work on /opt/airflow/dags/hadoop-2.7.3/share/hadoop/httpfs/tomcat/webapps/webhdfs/WEB-INF/lib/commons-net-3.1.jar
[2022-10-25T14:36:43.757+0000] {processor.py:758} INFO - Processing file /opt/airflow/dags/hadoop-2.7.3/share/hadoop/httpfs/tomcat/webapps/webhdfs/WEB-INF/lib/commons-net-3.1.jar for tasks to queue
[2022-10-25T14:36:43.761+0000] {logging_mixin.py:117} INFO - [2022-10-25T14:36:43.760+0000] {dagbag.py:525} INFO - Filling up the DagBag from /opt/airflow/dags/hadoop-2.7.3/share/hadoop/httpfs/tomcat/webapps/webhdfs/WEB-INF/lib/commons-net-3.1.jar
[2022-10-25T14:36:43.775+0000] {processor.py:770} WARNING - No viable dags retrieved from /opt/airflow/dags/hadoop-2.7.3/share/hadoop/httpfs/tomcat/webapps/webhdfs/WEB-INF/lib/commons-net-3.1.jar
[2022-10-25T14:36:43.814+0000] {processor.py:178} INFO - Processing /opt/airflow/dags/hadoop-2.7.3/share/hadoop/httpfs/tomcat/webapps/webhdfs/WEB-INF/lib/commons-net-3.1.jar took 0.073 seconds
[2022-10-25T14:36:44.896+0000] {processor.py:156} INFO - Started process (PID=29607) to work on /opt/airflow/dags/hadoop-2.7.3/share/hadoop/httpfs/tomcat/webapps/webhdfs/WEB-INF/lib/commons-net-3.1.jar
[2022-10-25T14:36:44.899+0000] {processor.py:758} INFO - Processing file /opt/airflow/dags/hadoop-2.7.3/share/hadoop/httpfs/tomcat/webapps/webhdfs/WEB-INF/lib/commons-net-3.1.jar for tasks to queue
[2022-10-25T14:36:44.902+0000] {logging_mixin.py:117} INFO - [2022-10-25T14:36:44.902+0000] {dagbag.py:525} INFO - Filling up the DagBag from /opt/airflow/dags/hadoop-2.7.3/share/hadoop/httpfs/tomcat/webapps/webhdfs/WEB-INF/lib/commons-net-3.1.jar
[2022-10-25T14:36:44.926+0000] {processor.py:770} WARNING - No viable dags retrieved from /opt/airflow/dags/hadoop-2.7.3/share/hadoop/httpfs/tomcat/webapps/webhdfs/WEB-INF/lib/commons-net-3.1.jar
[2022-10-25T14:36:45.075+0000] {processor.py:178} INFO - Processing /opt/airflow/dags/hadoop-2.7.3/share/hadoop/httpfs/tomcat/webapps/webhdfs/WEB-INF/lib/commons-net-3.1.jar took 0.193 seconds
[2022-10-25T14:37:27.693+0000] {processor.py:156} INFO - Started process (PID=30049) to work on /opt/airflow/dags/hadoop-2.7.3/share/hadoop/httpfs/tomcat/webapps/webhdfs/WEB-INF/lib/commons-net-3.1.jar
[2022-10-25T14:37:27.697+0000] {processor.py:758} INFO - Processing file /opt/airflow/dags/hadoop-2.7.3/share/hadoop/httpfs/tomcat/webapps/webhdfs/WEB-INF/lib/commons-net-3.1.jar for tasks to queue
[2022-10-25T14:37:27.709+0000] {logging_mixin.py:117} INFO - [2022-10-25T14:37:27.708+0000] {dagbag.py:525} INFO - Filling up the DagBag from /opt/airflow/dags/hadoop-2.7.3/share/hadoop/httpfs/tomcat/webapps/webhdfs/WEB-INF/lib/commons-net-3.1.jar
[2022-10-25T14:37:27.733+0000] {processor.py:770} WARNING - No viable dags retrieved from /opt/airflow/dags/hadoop-2.7.3/share/hadoop/httpfs/tomcat/webapps/webhdfs/WEB-INF/lib/commons-net-3.1.jar
[2022-10-25T14:37:27.792+0000] {processor.py:178} INFO - Processing /opt/airflow/dags/hadoop-2.7.3/share/hadoop/httpfs/tomcat/webapps/webhdfs/WEB-INF/lib/commons-net-3.1.jar took 0.111 seconds
[2022-10-25T14:37:33.012+0000] {processor.py:156} INFO - Started process (PID=31380) to work on /opt/airflow/dags/hadoop-2.7.3/share/hadoop/httpfs/tomcat/webapps/webhdfs/WEB-INF/lib/commons-net-3.1.jar
[2022-10-25T14:37:33.017+0000] {processor.py:758} INFO - Processing file /opt/airflow/dags/hadoop-2.7.3/share/hadoop/httpfs/tomcat/webapps/webhdfs/WEB-INF/lib/commons-net-3.1.jar for tasks to queue
[2022-10-25T14:37:33.021+0000] {logging_mixin.py:117} INFO - [2022-10-25T14:37:33.021+0000] {dagbag.py:525} INFO - Filling up the DagBag from /opt/airflow/dags/hadoop-2.7.3/share/hadoop/httpfs/tomcat/webapps/webhdfs/WEB-INF/lib/commons-net-3.1.jar
[2022-10-25T14:37:33.042+0000] {processor.py:770} WARNING - No viable dags retrieved from /opt/airflow/dags/hadoop-2.7.3/share/hadoop/httpfs/tomcat/webapps/webhdfs/WEB-INF/lib/commons-net-3.1.jar
[2022-10-25T14:37:33.106+0000] {processor.py:178} INFO - Processing /opt/airflow/dags/hadoop-2.7.3/share/hadoop/httpfs/tomcat/webapps/webhdfs/WEB-INF/lib/commons-net-3.1.jar took 0.108 seconds
[2022-10-25T14:38:07.592+0000] {processor.py:156} INFO - Started process (PID=30460) to work on /opt/airflow/dags/hadoop-2.7.3/share/hadoop/httpfs/tomcat/webapps/webhdfs/WEB-INF/lib/commons-net-3.1.jar
[2022-10-25T14:38:07.597+0000] {processor.py:758} INFO - Processing file /opt/airflow/dags/hadoop-2.7.3/share/hadoop/httpfs/tomcat/webapps/webhdfs/WEB-INF/lib/commons-net-3.1.jar for tasks to queue
[2022-10-25T14:38:07.600+0000] {logging_mixin.py:117} INFO - [2022-10-25T14:38:07.600+0000] {dagbag.py:525} INFO - Filling up the DagBag from /opt/airflow/dags/hadoop-2.7.3/share/hadoop/httpfs/tomcat/webapps/webhdfs/WEB-INF/lib/commons-net-3.1.jar
[2022-10-25T14:38:07.613+0000] {processor.py:770} WARNING - No viable dags retrieved from /opt/airflow/dags/hadoop-2.7.3/share/hadoop/httpfs/tomcat/webapps/webhdfs/WEB-INF/lib/commons-net-3.1.jar
[2022-10-25T14:38:07.653+0000] {processor.py:178} INFO - Processing /opt/airflow/dags/hadoop-2.7.3/share/hadoop/httpfs/tomcat/webapps/webhdfs/WEB-INF/lib/commons-net-3.1.jar took 0.068 seconds
[2022-10-25T14:38:24.825+0000] {processor.py:156} INFO - Started process (PID=31951) to work on /opt/airflow/dags/hadoop-2.7.3/share/hadoop/httpfs/tomcat/webapps/webhdfs/WEB-INF/lib/commons-net-3.1.jar
[2022-10-25T14:38:24.830+0000] {processor.py:758} INFO - Processing file /opt/airflow/dags/hadoop-2.7.3/share/hadoop/httpfs/tomcat/webapps/webhdfs/WEB-INF/lib/commons-net-3.1.jar for tasks to queue
[2022-10-25T14:38:24.833+0000] {logging_mixin.py:117} INFO - [2022-10-25T14:38:24.833+0000] {dagbag.py:525} INFO - Filling up the DagBag from /opt/airflow/dags/hadoop-2.7.3/share/hadoop/httpfs/tomcat/webapps/webhdfs/WEB-INF/lib/commons-net-3.1.jar
[2022-10-25T14:38:24.855+0000] {processor.py:770} WARNING - No viable dags retrieved from /opt/airflow/dags/hadoop-2.7.3/share/hadoop/httpfs/tomcat/webapps/webhdfs/WEB-INF/lib/commons-net-3.1.jar
[2022-10-25T14:38:24.970+0000] {processor.py:178} INFO - Processing /opt/airflow/dags/hadoop-2.7.3/share/hadoop/httpfs/tomcat/webapps/webhdfs/WEB-INF/lib/commons-net-3.1.jar took 0.154 seconds
[2022-10-25T14:38:47.240+0000] {processor.py:156} INFO - Started process (PID=30880) to work on /opt/airflow/dags/hadoop-2.7.3/share/hadoop/httpfs/tomcat/webapps/webhdfs/WEB-INF/lib/commons-net-3.1.jar
[2022-10-25T14:38:47.244+0000] {processor.py:758} INFO - Processing file /opt/airflow/dags/hadoop-2.7.3/share/hadoop/httpfs/tomcat/webapps/webhdfs/WEB-INF/lib/commons-net-3.1.jar for tasks to queue
[2022-10-25T14:38:47.246+0000] {logging_mixin.py:117} INFO - [2022-10-25T14:38:47.246+0000] {dagbag.py:525} INFO - Filling up the DagBag from /opt/airflow/dags/hadoop-2.7.3/share/hadoop/httpfs/tomcat/webapps/webhdfs/WEB-INF/lib/commons-net-3.1.jar
[2022-10-25T14:38:47.262+0000] {processor.py:770} WARNING - No viable dags retrieved from /opt/airflow/dags/hadoop-2.7.3/share/hadoop/httpfs/tomcat/webapps/webhdfs/WEB-INF/lib/commons-net-3.1.jar
[2022-10-25T14:38:47.305+0000] {processor.py:178} INFO - Processing /opt/airflow/dags/hadoop-2.7.3/share/hadoop/httpfs/tomcat/webapps/webhdfs/WEB-INF/lib/commons-net-3.1.jar took 0.074 seconds
[2022-10-25T14:39:16.070+0000] {processor.py:156} INFO - Started process (PID=32494) to work on /opt/airflow/dags/hadoop-2.7.3/share/hadoop/httpfs/tomcat/webapps/webhdfs/WEB-INF/lib/commons-net-3.1.jar
[2022-10-25T14:39:16.076+0000] {processor.py:758} INFO - Processing file /opt/airflow/dags/hadoop-2.7.3/share/hadoop/httpfs/tomcat/webapps/webhdfs/WEB-INF/lib/commons-net-3.1.jar for tasks to queue
[2022-10-25T14:39:16.081+0000] {logging_mixin.py:117} INFO - [2022-10-25T14:39:16.080+0000] {dagbag.py:525} INFO - Filling up the DagBag from /opt/airflow/dags/hadoop-2.7.3/share/hadoop/httpfs/tomcat/webapps/webhdfs/WEB-INF/lib/commons-net-3.1.jar
[2022-10-25T14:39:16.120+0000] {processor.py:770} WARNING - No viable dags retrieved from /opt/airflow/dags/hadoop-2.7.3/share/hadoop/httpfs/tomcat/webapps/webhdfs/WEB-INF/lib/commons-net-3.1.jar
[2022-10-25T14:39:16.171+0000] {processor.py:178} INFO - Processing /opt/airflow/dags/hadoop-2.7.3/share/hadoop/httpfs/tomcat/webapps/webhdfs/WEB-INF/lib/commons-net-3.1.jar took 0.111 seconds
[2022-10-25T14:40:10.156+0000] {processor.py:156} INFO - Started process (PID=31314) to work on /opt/airflow/dags/hadoop-2.7.3/share/hadoop/httpfs/tomcat/webapps/webhdfs/WEB-INF/lib/commons-net-3.1.jar
[2022-10-25T14:40:10.158+0000] {processor.py:758} INFO - Processing file /opt/airflow/dags/hadoop-2.7.3/share/hadoop/httpfs/tomcat/webapps/webhdfs/WEB-INF/lib/commons-net-3.1.jar for tasks to queue
[2022-10-25T14:40:10.163+0000] {logging_mixin.py:117} INFO - [2022-10-25T14:40:10.161+0000] {dagbag.py:525} INFO - Filling up the DagBag from /opt/airflow/dags/hadoop-2.7.3/share/hadoop/httpfs/tomcat/webapps/webhdfs/WEB-INF/lib/commons-net-3.1.jar
[2022-10-25T14:40:10.195+0000] {processor.py:770} WARNING - No viable dags retrieved from /opt/airflow/dags/hadoop-2.7.3/share/hadoop/httpfs/tomcat/webapps/webhdfs/WEB-INF/lib/commons-net-3.1.jar
[2022-10-25T14:40:10.253+0000] {processor.py:178} INFO - Processing /opt/airflow/dags/hadoop-2.7.3/share/hadoop/httpfs/tomcat/webapps/webhdfs/WEB-INF/lib/commons-net-3.1.jar took 0.106 seconds
[2022-10-25T14:40:21.781+0000] {processor.py:156} INFO - Started process (PID=32779) to work on /opt/airflow/dags/hadoop-2.7.3/share/hadoop/httpfs/tomcat/webapps/webhdfs/WEB-INF/lib/commons-net-3.1.jar
[2022-10-25T14:40:21.786+0000] {processor.py:758} INFO - Processing file /opt/airflow/dags/hadoop-2.7.3/share/hadoop/httpfs/tomcat/webapps/webhdfs/WEB-INF/lib/commons-net-3.1.jar for tasks to queue
[2022-10-25T14:40:21.793+0000] {logging_mixin.py:117} INFO - [2022-10-25T14:40:21.792+0000] {dagbag.py:525} INFO - Filling up the DagBag from /opt/airflow/dags/hadoop-2.7.3/share/hadoop/httpfs/tomcat/webapps/webhdfs/WEB-INF/lib/commons-net-3.1.jar
[2022-10-25T14:40:21.844+0000] {processor.py:770} WARNING - No viable dags retrieved from /opt/airflow/dags/hadoop-2.7.3/share/hadoop/httpfs/tomcat/webapps/webhdfs/WEB-INF/lib/commons-net-3.1.jar
[2022-10-25T14:40:21.899+0000] {processor.py:178} INFO - Processing /opt/airflow/dags/hadoop-2.7.3/share/hadoop/httpfs/tomcat/webapps/webhdfs/WEB-INF/lib/commons-net-3.1.jar took 0.129 seconds
[2022-10-25T14:40:59.598+0000] {processor.py:156} INFO - Started process (PID=31837) to work on /opt/airflow/dags/hadoop-2.7.3/share/hadoop/httpfs/tomcat/webapps/webhdfs/WEB-INF/lib/commons-net-3.1.jar
[2022-10-25T14:40:59.605+0000] {processor.py:758} INFO - Processing file /opt/airflow/dags/hadoop-2.7.3/share/hadoop/httpfs/tomcat/webapps/webhdfs/WEB-INF/lib/commons-net-3.1.jar for tasks to queue
[2022-10-25T14:40:59.607+0000] {logging_mixin.py:117} INFO - [2022-10-25T14:40:59.607+0000] {dagbag.py:525} INFO - Filling up the DagBag from /opt/airflow/dags/hadoop-2.7.3/share/hadoop/httpfs/tomcat/webapps/webhdfs/WEB-INF/lib/commons-net-3.1.jar
[2022-10-25T14:40:59.618+0000] {processor.py:770} WARNING - No viable dags retrieved from /opt/airflow/dags/hadoop-2.7.3/share/hadoop/httpfs/tomcat/webapps/webhdfs/WEB-INF/lib/commons-net-3.1.jar
[2022-10-25T14:40:59.674+0000] {processor.py:178} INFO - Processing /opt/airflow/dags/hadoop-2.7.3/share/hadoop/httpfs/tomcat/webapps/webhdfs/WEB-INF/lib/commons-net-3.1.jar took 0.083 seconds
[2022-10-25T14:41:09.140+0000] {processor.py:156} INFO - Started process (PID=33301) to work on /opt/airflow/dags/hadoop-2.7.3/share/hadoop/httpfs/tomcat/webapps/webhdfs/WEB-INF/lib/commons-net-3.1.jar
[2022-10-25T14:41:09.143+0000] {processor.py:758} INFO - Processing file /opt/airflow/dags/hadoop-2.7.3/share/hadoop/httpfs/tomcat/webapps/webhdfs/WEB-INF/lib/commons-net-3.1.jar for tasks to queue
[2022-10-25T14:41:09.146+0000] {logging_mixin.py:117} INFO - [2022-10-25T14:41:09.146+0000] {dagbag.py:525} INFO - Filling up the DagBag from /opt/airflow/dags/hadoop-2.7.3/share/hadoop/httpfs/tomcat/webapps/webhdfs/WEB-INF/lib/commons-net-3.1.jar
[2022-10-25T14:41:09.168+0000] {processor.py:770} WARNING - No viable dags retrieved from /opt/airflow/dags/hadoop-2.7.3/share/hadoop/httpfs/tomcat/webapps/webhdfs/WEB-INF/lib/commons-net-3.1.jar
[2022-10-25T14:41:09.225+0000] {processor.py:178} INFO - Processing /opt/airflow/dags/hadoop-2.7.3/share/hadoop/httpfs/tomcat/webapps/webhdfs/WEB-INF/lib/commons-net-3.1.jar took 0.095 seconds
[2022-10-25T14:41:54.735+0000] {processor.py:156} INFO - Started process (PID=32412) to work on /opt/airflow/dags/hadoop-2.7.3/share/hadoop/httpfs/tomcat/webapps/webhdfs/WEB-INF/lib/commons-net-3.1.jar
[2022-10-25T14:41:54.740+0000] {processor.py:758} INFO - Processing file /opt/airflow/dags/hadoop-2.7.3/share/hadoop/httpfs/tomcat/webapps/webhdfs/WEB-INF/lib/commons-net-3.1.jar for tasks to queue
[2022-10-25T14:41:54.743+0000] {logging_mixin.py:117} INFO - [2022-10-25T14:41:54.743+0000] {dagbag.py:525} INFO - Filling up the DagBag from /opt/airflow/dags/hadoop-2.7.3/share/hadoop/httpfs/tomcat/webapps/webhdfs/WEB-INF/lib/commons-net-3.1.jar
[2022-10-25T14:41:54.761+0000] {processor.py:770} WARNING - No viable dags retrieved from /opt/airflow/dags/hadoop-2.7.3/share/hadoop/httpfs/tomcat/webapps/webhdfs/WEB-INF/lib/commons-net-3.1.jar
[2022-10-25T14:41:54.809+0000] {processor.py:178} INFO - Processing /opt/airflow/dags/hadoop-2.7.3/share/hadoop/httpfs/tomcat/webapps/webhdfs/WEB-INF/lib/commons-net-3.1.jar took 0.085 seconds
[2022-10-25T14:41:54.810+0000] {processor.py:156} INFO - Started process (PID=33769) to work on /opt/airflow/dags/hadoop-2.7.3/share/hadoop/httpfs/tomcat/webapps/webhdfs/WEB-INF/lib/commons-net-3.1.jar
[2022-10-25T14:41:54.821+0000] {processor.py:758} INFO - Processing file /opt/airflow/dags/hadoop-2.7.3/share/hadoop/httpfs/tomcat/webapps/webhdfs/WEB-INF/lib/commons-net-3.1.jar for tasks to queue
[2022-10-25T14:41:54.827+0000] {logging_mixin.py:117} INFO - [2022-10-25T14:41:54.826+0000] {dagbag.py:525} INFO - Filling up the DagBag from /opt/airflow/dags/hadoop-2.7.3/share/hadoop/httpfs/tomcat/webapps/webhdfs/WEB-INF/lib/commons-net-3.1.jar
[2022-10-25T14:41:54.841+0000] {processor.py:770} WARNING - No viable dags retrieved from /opt/airflow/dags/hadoop-2.7.3/share/hadoop/httpfs/tomcat/webapps/webhdfs/WEB-INF/lib/commons-net-3.1.jar
[2022-10-25T14:41:54.894+0000] {processor.py:178} INFO - Processing /opt/airflow/dags/hadoop-2.7.3/share/hadoop/httpfs/tomcat/webapps/webhdfs/WEB-INF/lib/commons-net-3.1.jar took 0.092 seconds
[2022-10-25T14:42:32.726+0000] {processor.py:156} INFO - Started process (PID=34163) to work on /opt/airflow/dags/hadoop-2.7.3/share/hadoop/httpfs/tomcat/webapps/webhdfs/WEB-INF/lib/commons-net-3.1.jar
[2022-10-25T14:42:32.731+0000] {processor.py:758} INFO - Processing file /opt/airflow/dags/hadoop-2.7.3/share/hadoop/httpfs/tomcat/webapps/webhdfs/WEB-INF/lib/commons-net-3.1.jar for tasks to queue
[2022-10-25T14:42:32.736+0000] {logging_mixin.py:117} INFO - [2022-10-25T14:42:32.735+0000] {dagbag.py:525} INFO - Filling up the DagBag from /opt/airflow/dags/hadoop-2.7.3/share/hadoop/httpfs/tomcat/webapps/webhdfs/WEB-INF/lib/commons-net-3.1.jar
[2022-10-25T14:42:32.751+0000] {processor.py:770} WARNING - No viable dags retrieved from /opt/airflow/dags/hadoop-2.7.3/share/hadoop/httpfs/tomcat/webapps/webhdfs/WEB-INF/lib/commons-net-3.1.jar
[2022-10-25T14:42:32.821+0000] {processor.py:178} INFO - Processing /opt/airflow/dags/hadoop-2.7.3/share/hadoop/httpfs/tomcat/webapps/webhdfs/WEB-INF/lib/commons-net-3.1.jar took 0.104 seconds
[2022-10-25T14:42:33.401+0000] {processor.py:156} INFO - Started process (PID=32815) to work on /opt/airflow/dags/hadoop-2.7.3/share/hadoop/httpfs/tomcat/webapps/webhdfs/WEB-INF/lib/commons-net-3.1.jar
[2022-10-25T14:42:33.404+0000] {processor.py:758} INFO - Processing file /opt/airflow/dags/hadoop-2.7.3/share/hadoop/httpfs/tomcat/webapps/webhdfs/WEB-INF/lib/commons-net-3.1.jar for tasks to queue
[2022-10-25T14:42:33.406+0000] {logging_mixin.py:117} INFO - [2022-10-25T14:42:33.406+0000] {dagbag.py:525} INFO - Filling up the DagBag from /opt/airflow/dags/hadoop-2.7.3/share/hadoop/httpfs/tomcat/webapps/webhdfs/WEB-INF/lib/commons-net-3.1.jar
[2022-10-25T14:42:33.431+0000] {processor.py:770} WARNING - No viable dags retrieved from /opt/airflow/dags/hadoop-2.7.3/share/hadoop/httpfs/tomcat/webapps/webhdfs/WEB-INF/lib/commons-net-3.1.jar
[2022-10-25T14:42:33.488+0000] {processor.py:178} INFO - Processing /opt/airflow/dags/hadoop-2.7.3/share/hadoop/httpfs/tomcat/webapps/webhdfs/WEB-INF/lib/commons-net-3.1.jar took 0.098 seconds
[2022-10-25T14:43:12.855+0000] {processor.py:156} INFO - Started process (PID=33221) to work on /opt/airflow/dags/hadoop-2.7.3/share/hadoop/httpfs/tomcat/webapps/webhdfs/WEB-INF/lib/commons-net-3.1.jar
[2022-10-25T14:43:12.878+0000] {processor.py:758} INFO - Processing file /opt/airflow/dags/hadoop-2.7.3/share/hadoop/httpfs/tomcat/webapps/webhdfs/WEB-INF/lib/commons-net-3.1.jar for tasks to queue
[2022-10-25T14:43:12.882+0000] {logging_mixin.py:117} INFO - [2022-10-25T14:43:12.882+0000] {dagbag.py:525} INFO - Filling up the DagBag from /opt/airflow/dags/hadoop-2.7.3/share/hadoop/httpfs/tomcat/webapps/webhdfs/WEB-INF/lib/commons-net-3.1.jar
[2022-10-25T14:43:12.912+0000] {processor.py:770} WARNING - No viable dags retrieved from /opt/airflow/dags/hadoop-2.7.3/share/hadoop/httpfs/tomcat/webapps/webhdfs/WEB-INF/lib/commons-net-3.1.jar
[2022-10-25T14:43:12.972+0000] {processor.py:178} INFO - Processing /opt/airflow/dags/hadoop-2.7.3/share/hadoop/httpfs/tomcat/webapps/webhdfs/WEB-INF/lib/commons-net-3.1.jar took 0.132 seconds
[2022-10-25T14:43:13.395+0000] {processor.py:156} INFO - Started process (PID=34619) to work on /opt/airflow/dags/hadoop-2.7.3/share/hadoop/httpfs/tomcat/webapps/webhdfs/WEB-INF/lib/commons-net-3.1.jar
[2022-10-25T14:43:13.399+0000] {processor.py:758} INFO - Processing file /opt/airflow/dags/hadoop-2.7.3/share/hadoop/httpfs/tomcat/webapps/webhdfs/WEB-INF/lib/commons-net-3.1.jar for tasks to queue
[2022-10-25T14:43:13.403+0000] {logging_mixin.py:117} INFO - [2022-10-25T14:43:13.402+0000] {dagbag.py:525} INFO - Filling up the DagBag from /opt/airflow/dags/hadoop-2.7.3/share/hadoop/httpfs/tomcat/webapps/webhdfs/WEB-INF/lib/commons-net-3.1.jar
[2022-10-25T14:43:13.418+0000] {processor.py:770} WARNING - No viable dags retrieved from /opt/airflow/dags/hadoop-2.7.3/share/hadoop/httpfs/tomcat/webapps/webhdfs/WEB-INF/lib/commons-net-3.1.jar
[2022-10-25T14:43:13.469+0000] {processor.py:178} INFO - Processing /opt/airflow/dags/hadoop-2.7.3/share/hadoop/httpfs/tomcat/webapps/webhdfs/WEB-INF/lib/commons-net-3.1.jar took 0.082 seconds
[2022-10-25T14:43:53.110+0000] {processor.py:156} INFO - Started process (PID=33628) to work on /opt/airflow/dags/hadoop-2.7.3/share/hadoop/httpfs/tomcat/webapps/webhdfs/WEB-INF/lib/commons-net-3.1.jar
[2022-10-25T14:43:53.122+0000] {processor.py:758} INFO - Processing file /opt/airflow/dags/hadoop-2.7.3/share/hadoop/httpfs/tomcat/webapps/webhdfs/WEB-INF/lib/commons-net-3.1.jar for tasks to queue
[2022-10-25T14:43:53.124+0000] {logging_mixin.py:117} INFO - [2022-10-25T14:43:53.124+0000] {dagbag.py:525} INFO - Filling up the DagBag from /opt/airflow/dags/hadoop-2.7.3/share/hadoop/httpfs/tomcat/webapps/webhdfs/WEB-INF/lib/commons-net-3.1.jar
[2022-10-25T14:43:53.138+0000] {processor.py:770} WARNING - No viable dags retrieved from /opt/airflow/dags/hadoop-2.7.3/share/hadoop/httpfs/tomcat/webapps/webhdfs/WEB-INF/lib/commons-net-3.1.jar
[2022-10-25T14:43:53.180+0000] {processor.py:178} INFO - Processing /opt/airflow/dags/hadoop-2.7.3/share/hadoop/httpfs/tomcat/webapps/webhdfs/WEB-INF/lib/commons-net-3.1.jar took 0.080 seconds
[2022-10-25T14:44:00.092+0000] {processor.py:156} INFO - Started process (PID=35148) to work on /opt/airflow/dags/hadoop-2.7.3/share/hadoop/httpfs/tomcat/webapps/webhdfs/WEB-INF/lib/commons-net-3.1.jar
[2022-10-25T14:44:00.095+0000] {processor.py:758} INFO - Processing file /opt/airflow/dags/hadoop-2.7.3/share/hadoop/httpfs/tomcat/webapps/webhdfs/WEB-INF/lib/commons-net-3.1.jar for tasks to queue
[2022-10-25T14:44:00.116+0000] {logging_mixin.py:117} INFO - [2022-10-25T14:44:00.116+0000] {dagbag.py:525} INFO - Filling up the DagBag from /opt/airflow/dags/hadoop-2.7.3/share/hadoop/httpfs/tomcat/webapps/webhdfs/WEB-INF/lib/commons-net-3.1.jar
[2022-10-25T14:44:00.237+0000] {processor.py:770} WARNING - No viable dags retrieved from /opt/airflow/dags/hadoop-2.7.3/share/hadoop/httpfs/tomcat/webapps/webhdfs/WEB-INF/lib/commons-net-3.1.jar
[2022-10-25T14:44:00.306+0000] {processor.py:178} INFO - Processing /opt/airflow/dags/hadoop-2.7.3/share/hadoop/httpfs/tomcat/webapps/webhdfs/WEB-INF/lib/commons-net-3.1.jar took 0.224 seconds
[2022-10-25T15:03:25.993+0000] {processor.py:156} INFO - Started process (PID=33996) to work on /opt/airflow/dags/hadoop-2.7.3/share/hadoop/httpfs/tomcat/webapps/webhdfs/WEB-INF/lib/commons-net-3.1.jar
[2022-10-25T15:03:26.002+0000] {processor.py:758} INFO - Processing file /opt/airflow/dags/hadoop-2.7.3/share/hadoop/httpfs/tomcat/webapps/webhdfs/WEB-INF/lib/commons-net-3.1.jar for tasks to queue
[2022-10-25T15:03:26.007+0000] {logging_mixin.py:117} INFO - [2022-10-25T15:03:26.007+0000] {dagbag.py:525} INFO - Filling up the DagBag from /opt/airflow/dags/hadoop-2.7.3/share/hadoop/httpfs/tomcat/webapps/webhdfs/WEB-INF/lib/commons-net-3.1.jar
[2022-10-25T15:03:26.030+0000] {processor.py:770} WARNING - No viable dags retrieved from /opt/airflow/dags/hadoop-2.7.3/share/hadoop/httpfs/tomcat/webapps/webhdfs/WEB-INF/lib/commons-net-3.1.jar
[2022-10-25T15:03:26.081+0000] {processor.py:178} INFO - Processing /opt/airflow/dags/hadoop-2.7.3/share/hadoop/httpfs/tomcat/webapps/webhdfs/WEB-INF/lib/commons-net-3.1.jar took 0.098 seconds
[2022-10-25T15:03:46.176+0000] {processor.py:156} INFO - Started process (PID=35671) to work on /opt/airflow/dags/hadoop-2.7.3/share/hadoop/httpfs/tomcat/webapps/webhdfs/WEB-INF/lib/commons-net-3.1.jar
[2022-10-25T15:03:46.180+0000] {processor.py:758} INFO - Processing file /opt/airflow/dags/hadoop-2.7.3/share/hadoop/httpfs/tomcat/webapps/webhdfs/WEB-INF/lib/commons-net-3.1.jar for tasks to queue
[2022-10-25T15:03:46.184+0000] {logging_mixin.py:117} INFO - [2022-10-25T15:03:46.183+0000] {dagbag.py:525} INFO - Filling up the DagBag from /opt/airflow/dags/hadoop-2.7.3/share/hadoop/httpfs/tomcat/webapps/webhdfs/WEB-INF/lib/commons-net-3.1.jar
[2022-10-25T15:03:46.196+0000] {processor.py:770} WARNING - No viable dags retrieved from /opt/airflow/dags/hadoop-2.7.3/share/hadoop/httpfs/tomcat/webapps/webhdfs/WEB-INF/lib/commons-net-3.1.jar
[2022-10-25T15:03:46.237+0000] {processor.py:178} INFO - Processing /opt/airflow/dags/hadoop-2.7.3/share/hadoop/httpfs/tomcat/webapps/webhdfs/WEB-INF/lib/commons-net-3.1.jar took 0.072 seconds
[2022-10-25T15:05:04.287+0000] {processor.py:156} INFO - Started process (PID=34544) to work on /opt/airflow/dags/hadoop-2.7.3/share/hadoop/httpfs/tomcat/webapps/webhdfs/WEB-INF/lib/commons-net-3.1.jar
[2022-10-25T15:05:04.291+0000] {processor.py:758} INFO - Processing file /opt/airflow/dags/hadoop-2.7.3/share/hadoop/httpfs/tomcat/webapps/webhdfs/WEB-INF/lib/commons-net-3.1.jar for tasks to queue
[2022-10-25T15:05:04.294+0000] {logging_mixin.py:117} INFO - [2022-10-25T15:05:04.294+0000] {dagbag.py:525} INFO - Filling up the DagBag from /opt/airflow/dags/hadoop-2.7.3/share/hadoop/httpfs/tomcat/webapps/webhdfs/WEB-INF/lib/commons-net-3.1.jar
[2022-10-25T15:05:04.310+0000] {processor.py:770} WARNING - No viable dags retrieved from /opt/airflow/dags/hadoop-2.7.3/share/hadoop/httpfs/tomcat/webapps/webhdfs/WEB-INF/lib/commons-net-3.1.jar
[2022-10-25T15:05:04.354+0000] {processor.py:178} INFO - Processing /opt/airflow/dags/hadoop-2.7.3/share/hadoop/httpfs/tomcat/webapps/webhdfs/WEB-INF/lib/commons-net-3.1.jar took 0.075 seconds
[2022-10-25T15:05:17.781+0000] {processor.py:156} INFO - Started process (PID=36220) to work on /opt/airflow/dags/hadoop-2.7.3/share/hadoop/httpfs/tomcat/webapps/webhdfs/WEB-INF/lib/commons-net-3.1.jar
[2022-10-25T15:05:17.784+0000] {processor.py:758} INFO - Processing file /opt/airflow/dags/hadoop-2.7.3/share/hadoop/httpfs/tomcat/webapps/webhdfs/WEB-INF/lib/commons-net-3.1.jar for tasks to queue
[2022-10-25T15:05:17.790+0000] {logging_mixin.py:117} INFO - [2022-10-25T15:05:17.790+0000] {dagbag.py:525} INFO - Filling up the DagBag from /opt/airflow/dags/hadoop-2.7.3/share/hadoop/httpfs/tomcat/webapps/webhdfs/WEB-INF/lib/commons-net-3.1.jar
[2022-10-25T15:05:17.816+0000] {processor.py:770} WARNING - No viable dags retrieved from /opt/airflow/dags/hadoop-2.7.3/share/hadoop/httpfs/tomcat/webapps/webhdfs/WEB-INF/lib/commons-net-3.1.jar
[2022-10-25T15:05:17.863+0000] {processor.py:178} INFO - Processing /opt/airflow/dags/hadoop-2.7.3/share/hadoop/httpfs/tomcat/webapps/webhdfs/WEB-INF/lib/commons-net-3.1.jar took 0.092 seconds
[2022-10-25T15:05:54.577+0000] {processor.py:156} INFO - Started process (PID=35030) to work on /opt/airflow/dags/hadoop-2.7.3/share/hadoop/httpfs/tomcat/webapps/webhdfs/WEB-INF/lib/commons-net-3.1.jar
[2022-10-25T15:05:54.580+0000] {processor.py:758} INFO - Processing file /opt/airflow/dags/hadoop-2.7.3/share/hadoop/httpfs/tomcat/webapps/webhdfs/WEB-INF/lib/commons-net-3.1.jar for tasks to queue
[2022-10-25T15:05:54.582+0000] {logging_mixin.py:117} INFO - [2022-10-25T15:05:54.582+0000] {dagbag.py:525} INFO - Filling up the DagBag from /opt/airflow/dags/hadoop-2.7.3/share/hadoop/httpfs/tomcat/webapps/webhdfs/WEB-INF/lib/commons-net-3.1.jar
[2022-10-25T15:05:54.595+0000] {processor.py:770} WARNING - No viable dags retrieved from /opt/airflow/dags/hadoop-2.7.3/share/hadoop/httpfs/tomcat/webapps/webhdfs/WEB-INF/lib/commons-net-3.1.jar
[2022-10-25T15:05:54.637+0000] {processor.py:178} INFO - Processing /opt/airflow/dags/hadoop-2.7.3/share/hadoop/httpfs/tomcat/webapps/webhdfs/WEB-INF/lib/commons-net-3.1.jar took 0.069 seconds
[2022-10-25T15:06:06.821+0000] {processor.py:156} INFO - Started process (PID=36740) to work on /opt/airflow/dags/hadoop-2.7.3/share/hadoop/httpfs/tomcat/webapps/webhdfs/WEB-INF/lib/commons-net-3.1.jar
[2022-10-25T15:06:06.824+0000] {processor.py:758} INFO - Processing file /opt/airflow/dags/hadoop-2.7.3/share/hadoop/httpfs/tomcat/webapps/webhdfs/WEB-INF/lib/commons-net-3.1.jar for tasks to queue
[2022-10-25T15:06:06.827+0000] {logging_mixin.py:117} INFO - [2022-10-25T15:06:06.827+0000] {dagbag.py:525} INFO - Filling up the DagBag from /opt/airflow/dags/hadoop-2.7.3/share/hadoop/httpfs/tomcat/webapps/webhdfs/WEB-INF/lib/commons-net-3.1.jar
[2022-10-25T15:06:06.847+0000] {processor.py:770} WARNING - No viable dags retrieved from /opt/airflow/dags/hadoop-2.7.3/share/hadoop/httpfs/tomcat/webapps/webhdfs/WEB-INF/lib/commons-net-3.1.jar
[2022-10-25T15:06:06.891+0000] {processor.py:178} INFO - Processing /opt/airflow/dags/hadoop-2.7.3/share/hadoop/httpfs/tomcat/webapps/webhdfs/WEB-INF/lib/commons-net-3.1.jar took 0.082 seconds
[2022-10-25T15:06:43.652+0000] {processor.py:156} INFO - Started process (PID=35553) to work on /opt/airflow/dags/hadoop-2.7.3/share/hadoop/httpfs/tomcat/webapps/webhdfs/WEB-INF/lib/commons-net-3.1.jar
[2022-10-25T15:06:43.662+0000] {processor.py:758} INFO - Processing file /opt/airflow/dags/hadoop-2.7.3/share/hadoop/httpfs/tomcat/webapps/webhdfs/WEB-INF/lib/commons-net-3.1.jar for tasks to queue
[2022-10-25T15:06:43.675+0000] {logging_mixin.py:117} INFO - [2022-10-25T15:06:43.675+0000] {dagbag.py:525} INFO - Filling up the DagBag from /opt/airflow/dags/hadoop-2.7.3/share/hadoop/httpfs/tomcat/webapps/webhdfs/WEB-INF/lib/commons-net-3.1.jar
[2022-10-25T15:06:43.709+0000] {processor.py:770} WARNING - No viable dags retrieved from /opt/airflow/dags/hadoop-2.7.3/share/hadoop/httpfs/tomcat/webapps/webhdfs/WEB-INF/lib/commons-net-3.1.jar
[2022-10-25T15:06:43.797+0000] {processor.py:178} INFO - Processing /opt/airflow/dags/hadoop-2.7.3/share/hadoop/httpfs/tomcat/webapps/webhdfs/WEB-INF/lib/commons-net-3.1.jar took 0.183 seconds
[2022-10-25T15:06:49.809+0000] {processor.py:156} INFO - Started process (PID=37256) to work on /opt/airflow/dags/hadoop-2.7.3/share/hadoop/httpfs/tomcat/webapps/webhdfs/WEB-INF/lib/commons-net-3.1.jar
[2022-10-25T15:06:49.812+0000] {processor.py:758} INFO - Processing file /opt/airflow/dags/hadoop-2.7.3/share/hadoop/httpfs/tomcat/webapps/webhdfs/WEB-INF/lib/commons-net-3.1.jar for tasks to queue
[2022-10-25T15:06:49.815+0000] {logging_mixin.py:117} INFO - [2022-10-25T15:06:49.815+0000] {dagbag.py:525} INFO - Filling up the DagBag from /opt/airflow/dags/hadoop-2.7.3/share/hadoop/httpfs/tomcat/webapps/webhdfs/WEB-INF/lib/commons-net-3.1.jar
[2022-10-25T15:06:49.828+0000] {processor.py:770} WARNING - No viable dags retrieved from /opt/airflow/dags/hadoop-2.7.3/share/hadoop/httpfs/tomcat/webapps/webhdfs/WEB-INF/lib/commons-net-3.1.jar
[2022-10-25T15:06:49.870+0000] {processor.py:178} INFO - Processing /opt/airflow/dags/hadoop-2.7.3/share/hadoop/httpfs/tomcat/webapps/webhdfs/WEB-INF/lib/commons-net-3.1.jar took 0.071 seconds
