[2022-10-25T00:37:48.615+0000] {processor.py:156} INFO - Started process (PID=4394) to work on /opt/airflow/dags/hadoop-2.7.3/share/hadoop/httpfs/tomcat/webapps/webhdfs/WEB-INF/lib/jersey-server-1.9.jar
[2022-10-25T00:37:48.618+0000] {processor.py:758} INFO - Processing file /opt/airflow/dags/hadoop-2.7.3/share/hadoop/httpfs/tomcat/webapps/webhdfs/WEB-INF/lib/jersey-server-1.9.jar for tasks to queue
[2022-10-25T00:37:48.620+0000] {logging_mixin.py:117} INFO - [2022-10-25T00:37:48.620+0000] {dagbag.py:525} INFO - Filling up the DagBag from /opt/airflow/dags/hadoop-2.7.3/share/hadoop/httpfs/tomcat/webapps/webhdfs/WEB-INF/lib/jersey-server-1.9.jar
[2022-10-25T00:37:48.642+0000] {processor.py:770} WARNING - No viable dags retrieved from /opt/airflow/dags/hadoop-2.7.3/share/hadoop/httpfs/tomcat/webapps/webhdfs/WEB-INF/lib/jersey-server-1.9.jar
[2022-10-25T00:37:48.672+0000] {processor.py:178} INFO - Processing /opt/airflow/dags/hadoop-2.7.3/share/hadoop/httpfs/tomcat/webapps/webhdfs/WEB-INF/lib/jersey-server-1.9.jar took 0.064 seconds
[2022-10-25T00:38:17.731+0000] {processor.py:156} INFO - Started process (PID=2418) to work on /opt/airflow/dags/hadoop-2.7.3/share/hadoop/httpfs/tomcat/webapps/webhdfs/WEB-INF/lib/jersey-server-1.9.jar
[2022-10-25T00:38:17.735+0000] {processor.py:758} INFO - Processing file /opt/airflow/dags/hadoop-2.7.3/share/hadoop/httpfs/tomcat/webapps/webhdfs/WEB-INF/lib/jersey-server-1.9.jar for tasks to queue
[2022-10-25T00:38:17.740+0000] {logging_mixin.py:117} INFO - [2022-10-25T00:38:17.740+0000] {dagbag.py:525} INFO - Filling up the DagBag from /opt/airflow/dags/hadoop-2.7.3/share/hadoop/httpfs/tomcat/webapps/webhdfs/WEB-INF/lib/jersey-server-1.9.jar
[2022-10-25T00:38:17.761+0000] {processor.py:770} WARNING - No viable dags retrieved from /opt/airflow/dags/hadoop-2.7.3/share/hadoop/httpfs/tomcat/webapps/webhdfs/WEB-INF/lib/jersey-server-1.9.jar
[2022-10-25T00:38:17.794+0000] {processor.py:178} INFO - Processing /opt/airflow/dags/hadoop-2.7.3/share/hadoop/httpfs/tomcat/webapps/webhdfs/WEB-INF/lib/jersey-server-1.9.jar took 0.070 seconds
[2022-10-25T00:38:27.883+0000] {processor.py:156} INFO - Started process (PID=4909) to work on /opt/airflow/dags/hadoop-2.7.3/share/hadoop/httpfs/tomcat/webapps/webhdfs/WEB-INF/lib/jersey-server-1.9.jar
[2022-10-25T00:38:27.885+0000] {processor.py:758} INFO - Processing file /opt/airflow/dags/hadoop-2.7.3/share/hadoop/httpfs/tomcat/webapps/webhdfs/WEB-INF/lib/jersey-server-1.9.jar for tasks to queue
[2022-10-25T00:38:27.889+0000] {logging_mixin.py:117} INFO - [2022-10-25T00:38:27.889+0000] {dagbag.py:525} INFO - Filling up the DagBag from /opt/airflow/dags/hadoop-2.7.3/share/hadoop/httpfs/tomcat/webapps/webhdfs/WEB-INF/lib/jersey-server-1.9.jar
[2022-10-25T00:38:27.916+0000] {processor.py:770} WARNING - No viable dags retrieved from /opt/airflow/dags/hadoop-2.7.3/share/hadoop/httpfs/tomcat/webapps/webhdfs/WEB-INF/lib/jersey-server-1.9.jar
[2022-10-25T00:38:27.955+0000] {processor.py:178} INFO - Processing /opt/airflow/dags/hadoop-2.7.3/share/hadoop/httpfs/tomcat/webapps/webhdfs/WEB-INF/lib/jersey-server-1.9.jar took 0.081 seconds
[2022-10-25T00:38:55.826+0000] {processor.py:156} INFO - Started process (PID=2933) to work on /opt/airflow/dags/hadoop-2.7.3/share/hadoop/httpfs/tomcat/webapps/webhdfs/WEB-INF/lib/jersey-server-1.9.jar
[2022-10-25T00:38:55.829+0000] {processor.py:758} INFO - Processing file /opt/airflow/dags/hadoop-2.7.3/share/hadoop/httpfs/tomcat/webapps/webhdfs/WEB-INF/lib/jersey-server-1.9.jar for tasks to queue
[2022-10-25T00:38:55.834+0000] {logging_mixin.py:117} INFO - [2022-10-25T00:38:55.834+0000] {dagbag.py:525} INFO - Filling up the DagBag from /opt/airflow/dags/hadoop-2.7.3/share/hadoop/httpfs/tomcat/webapps/webhdfs/WEB-INF/lib/jersey-server-1.9.jar
[2022-10-25T00:38:55.861+0000] {processor.py:770} WARNING - No viable dags retrieved from /opt/airflow/dags/hadoop-2.7.3/share/hadoop/httpfs/tomcat/webapps/webhdfs/WEB-INF/lib/jersey-server-1.9.jar
[2022-10-25T00:38:55.895+0000] {processor.py:178} INFO - Processing /opt/airflow/dags/hadoop-2.7.3/share/hadoop/httpfs/tomcat/webapps/webhdfs/WEB-INF/lib/jersey-server-1.9.jar took 0.077 seconds
[2022-10-25T00:39:07.804+0000] {processor.py:156} INFO - Started process (PID=5425) to work on /opt/airflow/dags/hadoop-2.7.3/share/hadoop/httpfs/tomcat/webapps/webhdfs/WEB-INF/lib/jersey-server-1.9.jar
[2022-10-25T00:39:07.807+0000] {processor.py:758} INFO - Processing file /opt/airflow/dags/hadoop-2.7.3/share/hadoop/httpfs/tomcat/webapps/webhdfs/WEB-INF/lib/jersey-server-1.9.jar for tasks to queue
[2022-10-25T00:39:07.809+0000] {logging_mixin.py:117} INFO - [2022-10-25T00:39:07.809+0000] {dagbag.py:525} INFO - Filling up the DagBag from /opt/airflow/dags/hadoop-2.7.3/share/hadoop/httpfs/tomcat/webapps/webhdfs/WEB-INF/lib/jersey-server-1.9.jar
[2022-10-25T00:39:07.833+0000] {processor.py:770} WARNING - No viable dags retrieved from /opt/airflow/dags/hadoop-2.7.3/share/hadoop/httpfs/tomcat/webapps/webhdfs/WEB-INF/lib/jersey-server-1.9.jar
[2022-10-25T00:39:07.916+0000] {processor.py:178} INFO - Processing /opt/airflow/dags/hadoop-2.7.3/share/hadoop/httpfs/tomcat/webapps/webhdfs/WEB-INF/lib/jersey-server-1.9.jar took 0.123 seconds
[2022-10-25T00:39:35.956+0000] {processor.py:156} INFO - Started process (PID=3449) to work on /opt/airflow/dags/hadoop-2.7.3/share/hadoop/httpfs/tomcat/webapps/webhdfs/WEB-INF/lib/jersey-server-1.9.jar
[2022-10-25T00:39:35.960+0000] {processor.py:758} INFO - Processing file /opt/airflow/dags/hadoop-2.7.3/share/hadoop/httpfs/tomcat/webapps/webhdfs/WEB-INF/lib/jersey-server-1.9.jar for tasks to queue
[2022-10-25T00:39:35.967+0000] {logging_mixin.py:117} INFO - [2022-10-25T00:39:35.967+0000] {dagbag.py:525} INFO - Filling up the DagBag from /opt/airflow/dags/hadoop-2.7.3/share/hadoop/httpfs/tomcat/webapps/webhdfs/WEB-INF/lib/jersey-server-1.9.jar
[2022-10-25T00:39:36.003+0000] {processor.py:770} WARNING - No viable dags retrieved from /opt/airflow/dags/hadoop-2.7.3/share/hadoop/httpfs/tomcat/webapps/webhdfs/WEB-INF/lib/jersey-server-1.9.jar
[2022-10-25T00:39:36.048+0000] {processor.py:178} INFO - Processing /opt/airflow/dags/hadoop-2.7.3/share/hadoop/httpfs/tomcat/webapps/webhdfs/WEB-INF/lib/jersey-server-1.9.jar took 0.102 seconds
[2022-10-25T00:52:50.846+0000] {processor.py:156} INFO - Started process (PID=6018) to work on /opt/airflow/dags/hadoop-2.7.3/share/hadoop/httpfs/tomcat/webapps/webhdfs/WEB-INF/lib/jersey-server-1.9.jar
[2022-10-25T00:52:50.849+0000] {processor.py:758} INFO - Processing file /opt/airflow/dags/hadoop-2.7.3/share/hadoop/httpfs/tomcat/webapps/webhdfs/WEB-INF/lib/jersey-server-1.9.jar for tasks to queue
[2022-10-25T00:52:50.852+0000] {logging_mixin.py:117} INFO - [2022-10-25T00:52:50.852+0000] {dagbag.py:525} INFO - Filling up the DagBag from /opt/airflow/dags/hadoop-2.7.3/share/hadoop/httpfs/tomcat/webapps/webhdfs/WEB-INF/lib/jersey-server-1.9.jar
[2022-10-25T00:52:50.882+0000] {processor.py:770} WARNING - No viable dags retrieved from /opt/airflow/dags/hadoop-2.7.3/share/hadoop/httpfs/tomcat/webapps/webhdfs/WEB-INF/lib/jersey-server-1.9.jar
[2022-10-25T00:52:50.920+0000] {processor.py:178} INFO - Processing /opt/airflow/dags/hadoop-2.7.3/share/hadoop/httpfs/tomcat/webapps/webhdfs/WEB-INF/lib/jersey-server-1.9.jar took 0.080 seconds
[2022-10-25T00:53:11.182+0000] {processor.py:156} INFO - Started process (PID=3932) to work on /opt/airflow/dags/hadoop-2.7.3/share/hadoop/httpfs/tomcat/webapps/webhdfs/WEB-INF/lib/jersey-server-1.9.jar
[2022-10-25T00:53:11.185+0000] {processor.py:758} INFO - Processing file /opt/airflow/dags/hadoop-2.7.3/share/hadoop/httpfs/tomcat/webapps/webhdfs/WEB-INF/lib/jersey-server-1.9.jar for tasks to queue
[2022-10-25T00:53:11.194+0000] {logging_mixin.py:117} INFO - [2022-10-25T00:53:11.194+0000] {dagbag.py:525} INFO - Filling up the DagBag from /opt/airflow/dags/hadoop-2.7.3/share/hadoop/httpfs/tomcat/webapps/webhdfs/WEB-INF/lib/jersey-server-1.9.jar
[2022-10-25T00:53:11.234+0000] {processor.py:770} WARNING - No viable dags retrieved from /opt/airflow/dags/hadoop-2.7.3/share/hadoop/httpfs/tomcat/webapps/webhdfs/WEB-INF/lib/jersey-server-1.9.jar
[2022-10-25T00:53:11.277+0000] {processor.py:178} INFO - Processing /opt/airflow/dags/hadoop-2.7.3/share/hadoop/httpfs/tomcat/webapps/webhdfs/WEB-INF/lib/jersey-server-1.9.jar took 0.104 seconds
[2022-10-25T00:53:32.914+0000] {processor.py:156} INFO - Started process (PID=6534) to work on /opt/airflow/dags/hadoop-2.7.3/share/hadoop/httpfs/tomcat/webapps/webhdfs/WEB-INF/lib/jersey-server-1.9.jar
[2022-10-25T00:53:32.917+0000] {processor.py:758} INFO - Processing file /opt/airflow/dags/hadoop-2.7.3/share/hadoop/httpfs/tomcat/webapps/webhdfs/WEB-INF/lib/jersey-server-1.9.jar for tasks to queue
[2022-10-25T00:53:32.923+0000] {logging_mixin.py:117} INFO - [2022-10-25T00:53:32.923+0000] {dagbag.py:525} INFO - Filling up the DagBag from /opt/airflow/dags/hadoop-2.7.3/share/hadoop/httpfs/tomcat/webapps/webhdfs/WEB-INF/lib/jersey-server-1.9.jar
[2022-10-25T00:53:32.954+0000] {processor.py:770} WARNING - No viable dags retrieved from /opt/airflow/dags/hadoop-2.7.3/share/hadoop/httpfs/tomcat/webapps/webhdfs/WEB-INF/lib/jersey-server-1.9.jar
[2022-10-25T00:53:32.996+0000] {processor.py:178} INFO - Processing /opt/airflow/dags/hadoop-2.7.3/share/hadoop/httpfs/tomcat/webapps/webhdfs/WEB-INF/lib/jersey-server-1.9.jar took 0.092 seconds
[2022-10-25T00:53:52.158+0000] {processor.py:156} INFO - Started process (PID=4447) to work on /opt/airflow/dags/hadoop-2.7.3/share/hadoop/httpfs/tomcat/webapps/webhdfs/WEB-INF/lib/jersey-server-1.9.jar
[2022-10-25T00:53:52.164+0000] {processor.py:758} INFO - Processing file /opt/airflow/dags/hadoop-2.7.3/share/hadoop/httpfs/tomcat/webapps/webhdfs/WEB-INF/lib/jersey-server-1.9.jar for tasks to queue
[2022-10-25T00:53:52.169+0000] {logging_mixin.py:117} INFO - [2022-10-25T00:53:52.169+0000] {dagbag.py:525} INFO - Filling up the DagBag from /opt/airflow/dags/hadoop-2.7.3/share/hadoop/httpfs/tomcat/webapps/webhdfs/WEB-INF/lib/jersey-server-1.9.jar
[2022-10-25T00:53:52.201+0000] {processor.py:770} WARNING - No viable dags retrieved from /opt/airflow/dags/hadoop-2.7.3/share/hadoop/httpfs/tomcat/webapps/webhdfs/WEB-INF/lib/jersey-server-1.9.jar
[2022-10-25T00:53:52.252+0000] {processor.py:178} INFO - Processing /opt/airflow/dags/hadoop-2.7.3/share/hadoop/httpfs/tomcat/webapps/webhdfs/WEB-INF/lib/jersey-server-1.9.jar took 0.109 seconds
[2022-10-25T00:54:13.407+0000] {processor.py:156} INFO - Started process (PID=7049) to work on /opt/airflow/dags/hadoop-2.7.3/share/hadoop/httpfs/tomcat/webapps/webhdfs/WEB-INF/lib/jersey-server-1.9.jar
[2022-10-25T00:54:13.411+0000] {processor.py:758} INFO - Processing file /opt/airflow/dags/hadoop-2.7.3/share/hadoop/httpfs/tomcat/webapps/webhdfs/WEB-INF/lib/jersey-server-1.9.jar for tasks to queue
[2022-10-25T00:54:13.415+0000] {logging_mixin.py:117} INFO - [2022-10-25T00:54:13.414+0000] {dagbag.py:525} INFO - Filling up the DagBag from /opt/airflow/dags/hadoop-2.7.3/share/hadoop/httpfs/tomcat/webapps/webhdfs/WEB-INF/lib/jersey-server-1.9.jar
[2022-10-25T00:54:13.438+0000] {processor.py:770} WARNING - No viable dags retrieved from /opt/airflow/dags/hadoop-2.7.3/share/hadoop/httpfs/tomcat/webapps/webhdfs/WEB-INF/lib/jersey-server-1.9.jar
[2022-10-25T00:54:13.474+0000] {processor.py:178} INFO - Processing /opt/airflow/dags/hadoop-2.7.3/share/hadoop/httpfs/tomcat/webapps/webhdfs/WEB-INF/lib/jersey-server-1.9.jar took 0.075 seconds
[2022-10-25T00:54:35.205+0000] {processor.py:156} INFO - Started process (PID=4947) to work on /opt/airflow/dags/hadoop-2.7.3/share/hadoop/httpfs/tomcat/webapps/webhdfs/WEB-INF/lib/jersey-server-1.9.jar
[2022-10-25T00:54:35.211+0000] {processor.py:758} INFO - Processing file /opt/airflow/dags/hadoop-2.7.3/share/hadoop/httpfs/tomcat/webapps/webhdfs/WEB-INF/lib/jersey-server-1.9.jar for tasks to queue
[2022-10-25T00:54:35.215+0000] {logging_mixin.py:117} INFO - [2022-10-25T00:54:35.215+0000] {dagbag.py:525} INFO - Filling up the DagBag from /opt/airflow/dags/hadoop-2.7.3/share/hadoop/httpfs/tomcat/webapps/webhdfs/WEB-INF/lib/jersey-server-1.9.jar
[2022-10-25T00:54:35.253+0000] {processor.py:770} WARNING - No viable dags retrieved from /opt/airflow/dags/hadoop-2.7.3/share/hadoop/httpfs/tomcat/webapps/webhdfs/WEB-INF/lib/jersey-server-1.9.jar
[2022-10-25T00:54:35.298+0000] {processor.py:178} INFO - Processing /opt/airflow/dags/hadoop-2.7.3/share/hadoop/httpfs/tomcat/webapps/webhdfs/WEB-INF/lib/jersey-server-1.9.jar took 0.108 seconds
[2022-10-25T00:55:06.857+0000] {processor.py:156} INFO - Started process (PID=7540) to work on /opt/airflow/dags/hadoop-2.7.3/share/hadoop/httpfs/tomcat/webapps/webhdfs/WEB-INF/lib/jersey-server-1.9.jar
[2022-10-25T00:55:06.862+0000] {processor.py:758} INFO - Processing file /opt/airflow/dags/hadoop-2.7.3/share/hadoop/httpfs/tomcat/webapps/webhdfs/WEB-INF/lib/jersey-server-1.9.jar for tasks to queue
[2022-10-25T00:55:06.865+0000] {logging_mixin.py:117} INFO - [2022-10-25T00:55:06.864+0000] {dagbag.py:525} INFO - Filling up the DagBag from /opt/airflow/dags/hadoop-2.7.3/share/hadoop/httpfs/tomcat/webapps/webhdfs/WEB-INF/lib/jersey-server-1.9.jar
[2022-10-25T00:55:06.931+0000] {processor.py:770} WARNING - No viable dags retrieved from /opt/airflow/dags/hadoop-2.7.3/share/hadoop/httpfs/tomcat/webapps/webhdfs/WEB-INF/lib/jersey-server-1.9.jar
[2022-10-25T00:55:07.001+0000] {processor.py:178} INFO - Processing /opt/airflow/dags/hadoop-2.7.3/share/hadoop/httpfs/tomcat/webapps/webhdfs/WEB-INF/lib/jersey-server-1.9.jar took 0.158 seconds
[2022-10-25T00:55:44.163+0000] {processor.py:156} INFO - Started process (PID=5462) to work on /opt/airflow/dags/hadoop-2.7.3/share/hadoop/httpfs/tomcat/webapps/webhdfs/WEB-INF/lib/jersey-server-1.9.jar
[2022-10-25T00:55:44.325+0000] {processor.py:758} INFO - Processing file /opt/airflow/dags/hadoop-2.7.3/share/hadoop/httpfs/tomcat/webapps/webhdfs/WEB-INF/lib/jersey-server-1.9.jar for tasks to queue
[2022-10-25T00:55:44.333+0000] {logging_mixin.py:117} INFO - [2022-10-25T00:55:44.333+0000] {dagbag.py:525} INFO - Filling up the DagBag from /opt/airflow/dags/hadoop-2.7.3/share/hadoop/httpfs/tomcat/webapps/webhdfs/WEB-INF/lib/jersey-server-1.9.jar
[2022-10-25T00:55:44.403+0000] {processor.py:770} WARNING - No viable dags retrieved from /opt/airflow/dags/hadoop-2.7.3/share/hadoop/httpfs/tomcat/webapps/webhdfs/WEB-INF/lib/jersey-server-1.9.jar
[2022-10-25T00:55:44.474+0000] {processor.py:178} INFO - Processing /opt/airflow/dags/hadoop-2.7.3/share/hadoop/httpfs/tomcat/webapps/webhdfs/WEB-INF/lib/jersey-server-1.9.jar took 0.367 seconds
[2022-10-25T14:08:43.563+0000] {processor.py:156} INFO - Started process (PID=18744) to work on /opt/airflow/dags/hadoop-2.7.3/share/hadoop/httpfs/tomcat/webapps/webhdfs/WEB-INF/lib/jersey-server-1.9.jar
[2022-10-25T14:08:43.566+0000] {processor.py:758} INFO - Processing file /opt/airflow/dags/hadoop-2.7.3/share/hadoop/httpfs/tomcat/webapps/webhdfs/WEB-INF/lib/jersey-server-1.9.jar for tasks to queue
[2022-10-25T14:08:43.569+0000] {logging_mixin.py:117} INFO - [2022-10-25T14:08:43.569+0000] {dagbag.py:525} INFO - Filling up the DagBag from /opt/airflow/dags/hadoop-2.7.3/share/hadoop/httpfs/tomcat/webapps/webhdfs/WEB-INF/lib/jersey-server-1.9.jar
[2022-10-25T14:08:43.600+0000] {processor.py:770} WARNING - No viable dags retrieved from /opt/airflow/dags/hadoop-2.7.3/share/hadoop/httpfs/tomcat/webapps/webhdfs/WEB-INF/lib/jersey-server-1.9.jar
[2022-10-25T14:08:43.646+0000] {processor.py:178} INFO - Processing /opt/airflow/dags/hadoop-2.7.3/share/hadoop/httpfs/tomcat/webapps/webhdfs/WEB-INF/lib/jersey-server-1.9.jar took 0.092 seconds
[2022-10-25T14:08:58.129+0000] {processor.py:156} INFO - Started process (PID=17662) to work on /opt/airflow/dags/hadoop-2.7.3/share/hadoop/httpfs/tomcat/webapps/webhdfs/WEB-INF/lib/jersey-server-1.9.jar
[2022-10-25T14:08:58.131+0000] {processor.py:758} INFO - Processing file /opt/airflow/dags/hadoop-2.7.3/share/hadoop/httpfs/tomcat/webapps/webhdfs/WEB-INF/lib/jersey-server-1.9.jar for tasks to queue
[2022-10-25T14:08:58.134+0000] {logging_mixin.py:117} INFO - [2022-10-25T14:08:58.134+0000] {dagbag.py:525} INFO - Filling up the DagBag from /opt/airflow/dags/hadoop-2.7.3/share/hadoop/httpfs/tomcat/webapps/webhdfs/WEB-INF/lib/jersey-server-1.9.jar
[2022-10-25T14:08:58.157+0000] {processor.py:770} WARNING - No viable dags retrieved from /opt/airflow/dags/hadoop-2.7.3/share/hadoop/httpfs/tomcat/webapps/webhdfs/WEB-INF/lib/jersey-server-1.9.jar
[2022-10-25T14:08:58.215+0000] {processor.py:178} INFO - Processing /opt/airflow/dags/hadoop-2.7.3/share/hadoop/httpfs/tomcat/webapps/webhdfs/WEB-INF/lib/jersey-server-1.9.jar took 0.092 seconds
[2022-10-25T14:09:30.734+0000] {processor.py:156} INFO - Started process (PID=19268) to work on /opt/airflow/dags/hadoop-2.7.3/share/hadoop/httpfs/tomcat/webapps/webhdfs/WEB-INF/lib/jersey-server-1.9.jar
[2022-10-25T14:09:30.736+0000] {processor.py:758} INFO - Processing file /opt/airflow/dags/hadoop-2.7.3/share/hadoop/httpfs/tomcat/webapps/webhdfs/WEB-INF/lib/jersey-server-1.9.jar for tasks to queue
[2022-10-25T14:09:30.739+0000] {logging_mixin.py:117} INFO - [2022-10-25T14:09:30.738+0000] {dagbag.py:525} INFO - Filling up the DagBag from /opt/airflow/dags/hadoop-2.7.3/share/hadoop/httpfs/tomcat/webapps/webhdfs/WEB-INF/lib/jersey-server-1.9.jar
[2022-10-25T14:09:30.771+0000] {processor.py:770} WARNING - No viable dags retrieved from /opt/airflow/dags/hadoop-2.7.3/share/hadoop/httpfs/tomcat/webapps/webhdfs/WEB-INF/lib/jersey-server-1.9.jar
[2022-10-25T14:09:30.821+0000] {processor.py:178} INFO - Processing /opt/airflow/dags/hadoop-2.7.3/share/hadoop/httpfs/tomcat/webapps/webhdfs/WEB-INF/lib/jersey-server-1.9.jar took 0.093 seconds
[2022-10-25T14:09:43.964+0000] {processor.py:156} INFO - Started process (PID=18179) to work on /opt/airflow/dags/hadoop-2.7.3/share/hadoop/httpfs/tomcat/webapps/webhdfs/WEB-INF/lib/jersey-server-1.9.jar
[2022-10-25T14:09:43.967+0000] {processor.py:758} INFO - Processing file /opt/airflow/dags/hadoop-2.7.3/share/hadoop/httpfs/tomcat/webapps/webhdfs/WEB-INF/lib/jersey-server-1.9.jar for tasks to queue
[2022-10-25T14:09:43.969+0000] {logging_mixin.py:117} INFO - [2022-10-25T14:09:43.969+0000] {dagbag.py:525} INFO - Filling up the DagBag from /opt/airflow/dags/hadoop-2.7.3/share/hadoop/httpfs/tomcat/webapps/webhdfs/WEB-INF/lib/jersey-server-1.9.jar
[2022-10-25T14:09:43.989+0000] {processor.py:770} WARNING - No viable dags retrieved from /opt/airflow/dags/hadoop-2.7.3/share/hadoop/httpfs/tomcat/webapps/webhdfs/WEB-INF/lib/jersey-server-1.9.jar
[2022-10-25T14:09:44.032+0000] {processor.py:178} INFO - Processing /opt/airflow/dags/hadoop-2.7.3/share/hadoop/httpfs/tomcat/webapps/webhdfs/WEB-INF/lib/jersey-server-1.9.jar took 0.074 seconds
[2022-10-25T14:10:11.180+0000] {processor.py:156} INFO - Started process (PID=19784) to work on /opt/airflow/dags/hadoop-2.7.3/share/hadoop/httpfs/tomcat/webapps/webhdfs/WEB-INF/lib/jersey-server-1.9.jar
[2022-10-25T14:10:11.189+0000] {processor.py:758} INFO - Processing file /opt/airflow/dags/hadoop-2.7.3/share/hadoop/httpfs/tomcat/webapps/webhdfs/WEB-INF/lib/jersey-server-1.9.jar for tasks to queue
[2022-10-25T14:10:11.193+0000] {logging_mixin.py:117} INFO - [2022-10-25T14:10:11.192+0000] {dagbag.py:525} INFO - Filling up the DagBag from /opt/airflow/dags/hadoop-2.7.3/share/hadoop/httpfs/tomcat/webapps/webhdfs/WEB-INF/lib/jersey-server-1.9.jar
[2022-10-25T14:10:11.216+0000] {processor.py:770} WARNING - No viable dags retrieved from /opt/airflow/dags/hadoop-2.7.3/share/hadoop/httpfs/tomcat/webapps/webhdfs/WEB-INF/lib/jersey-server-1.9.jar
[2022-10-25T14:10:11.248+0000] {processor.py:178} INFO - Processing /opt/airflow/dags/hadoop-2.7.3/share/hadoop/httpfs/tomcat/webapps/webhdfs/WEB-INF/lib/jersey-server-1.9.jar took 0.084 seconds
[2022-10-25T14:10:27.043+0000] {processor.py:156} INFO - Started process (PID=18693) to work on /opt/airflow/dags/hadoop-2.7.3/share/hadoop/httpfs/tomcat/webapps/webhdfs/WEB-INF/lib/jersey-server-1.9.jar
[2022-10-25T14:10:27.046+0000] {processor.py:758} INFO - Processing file /opt/airflow/dags/hadoop-2.7.3/share/hadoop/httpfs/tomcat/webapps/webhdfs/WEB-INF/lib/jersey-server-1.9.jar for tasks to queue
[2022-10-25T14:10:27.049+0000] {logging_mixin.py:117} INFO - [2022-10-25T14:10:27.049+0000] {dagbag.py:525} INFO - Filling up the DagBag from /opt/airflow/dags/hadoop-2.7.3/share/hadoop/httpfs/tomcat/webapps/webhdfs/WEB-INF/lib/jersey-server-1.9.jar
[2022-10-25T14:10:27.074+0000] {processor.py:770} WARNING - No viable dags retrieved from /opt/airflow/dags/hadoop-2.7.3/share/hadoop/httpfs/tomcat/webapps/webhdfs/WEB-INF/lib/jersey-server-1.9.jar
[2022-10-25T14:10:27.120+0000] {processor.py:178} INFO - Processing /opt/airflow/dags/hadoop-2.7.3/share/hadoop/httpfs/tomcat/webapps/webhdfs/WEB-INF/lib/jersey-server-1.9.jar took 0.084 seconds
[2022-10-25T14:10:54.313+0000] {processor.py:156} INFO - Started process (PID=20300) to work on /opt/airflow/dags/hadoop-2.7.3/share/hadoop/httpfs/tomcat/webapps/webhdfs/WEB-INF/lib/jersey-server-1.9.jar
[2022-10-25T14:10:54.317+0000] {processor.py:758} INFO - Processing file /opt/airflow/dags/hadoop-2.7.3/share/hadoop/httpfs/tomcat/webapps/webhdfs/WEB-INF/lib/jersey-server-1.9.jar for tasks to queue
[2022-10-25T14:10:54.320+0000] {logging_mixin.py:117} INFO - [2022-10-25T14:10:54.320+0000] {dagbag.py:525} INFO - Filling up the DagBag from /opt/airflow/dags/hadoop-2.7.3/share/hadoop/httpfs/tomcat/webapps/webhdfs/WEB-INF/lib/jersey-server-1.9.jar
[2022-10-25T14:10:54.341+0000] {processor.py:770} WARNING - No viable dags retrieved from /opt/airflow/dags/hadoop-2.7.3/share/hadoop/httpfs/tomcat/webapps/webhdfs/WEB-INF/lib/jersey-server-1.9.jar
[2022-10-25T14:10:54.375+0000] {processor.py:178} INFO - Processing /opt/airflow/dags/hadoop-2.7.3/share/hadoop/httpfs/tomcat/webapps/webhdfs/WEB-INF/lib/jersey-server-1.9.jar took 0.067 seconds
[2022-10-25T14:11:07.191+0000] {processor.py:156} INFO - Started process (PID=19180) to work on /opt/airflow/dags/hadoop-2.7.3/share/hadoop/httpfs/tomcat/webapps/webhdfs/WEB-INF/lib/jersey-server-1.9.jar
[2022-10-25T14:11:07.198+0000] {processor.py:758} INFO - Processing file /opt/airflow/dags/hadoop-2.7.3/share/hadoop/httpfs/tomcat/webapps/webhdfs/WEB-INF/lib/jersey-server-1.9.jar for tasks to queue
[2022-10-25T14:11:07.209+0000] {logging_mixin.py:117} INFO - [2022-10-25T14:11:07.209+0000] {dagbag.py:525} INFO - Filling up the DagBag from /opt/airflow/dags/hadoop-2.7.3/share/hadoop/httpfs/tomcat/webapps/webhdfs/WEB-INF/lib/jersey-server-1.9.jar
[2022-10-25T14:11:07.242+0000] {processor.py:770} WARNING - No viable dags retrieved from /opt/airflow/dags/hadoop-2.7.3/share/hadoop/httpfs/tomcat/webapps/webhdfs/WEB-INF/lib/jersey-server-1.9.jar
[2022-10-25T14:11:07.272+0000] {processor.py:178} INFO - Processing /opt/airflow/dags/hadoop-2.7.3/share/hadoop/httpfs/tomcat/webapps/webhdfs/WEB-INF/lib/jersey-server-1.9.jar took 0.089 seconds
[2022-10-25T14:11:36.384+0000] {processor.py:156} INFO - Started process (PID=20821) to work on /opt/airflow/dags/hadoop-2.7.3/share/hadoop/httpfs/tomcat/webapps/webhdfs/WEB-INF/lib/jersey-server-1.9.jar
[2022-10-25T14:11:36.387+0000] {processor.py:758} INFO - Processing file /opt/airflow/dags/hadoop-2.7.3/share/hadoop/httpfs/tomcat/webapps/webhdfs/WEB-INF/lib/jersey-server-1.9.jar for tasks to queue
[2022-10-25T14:11:36.389+0000] {logging_mixin.py:117} INFO - [2022-10-25T14:11:36.389+0000] {dagbag.py:525} INFO - Filling up the DagBag from /opt/airflow/dags/hadoop-2.7.3/share/hadoop/httpfs/tomcat/webapps/webhdfs/WEB-INF/lib/jersey-server-1.9.jar
[2022-10-25T14:11:36.418+0000] {processor.py:770} WARNING - No viable dags retrieved from /opt/airflow/dags/hadoop-2.7.3/share/hadoop/httpfs/tomcat/webapps/webhdfs/WEB-INF/lib/jersey-server-1.9.jar
[2022-10-25T14:11:36.457+0000] {processor.py:178} INFO - Processing /opt/airflow/dags/hadoop-2.7.3/share/hadoop/httpfs/tomcat/webapps/webhdfs/WEB-INF/lib/jersey-server-1.9.jar took 0.086 seconds
[2022-10-25T14:11:49.476+0000] {processor.py:156} INFO - Started process (PID=19695) to work on /opt/airflow/dags/hadoop-2.7.3/share/hadoop/httpfs/tomcat/webapps/webhdfs/WEB-INF/lib/jersey-server-1.9.jar
[2022-10-25T14:11:49.478+0000] {processor.py:758} INFO - Processing file /opt/airflow/dags/hadoop-2.7.3/share/hadoop/httpfs/tomcat/webapps/webhdfs/WEB-INF/lib/jersey-server-1.9.jar for tasks to queue
[2022-10-25T14:11:49.481+0000] {logging_mixin.py:117} INFO - [2022-10-25T14:11:49.480+0000] {dagbag.py:525} INFO - Filling up the DagBag from /opt/airflow/dags/hadoop-2.7.3/share/hadoop/httpfs/tomcat/webapps/webhdfs/WEB-INF/lib/jersey-server-1.9.jar
[2022-10-25T14:11:49.509+0000] {processor.py:770} WARNING - No viable dags retrieved from /opt/airflow/dags/hadoop-2.7.3/share/hadoop/httpfs/tomcat/webapps/webhdfs/WEB-INF/lib/jersey-server-1.9.jar
[2022-10-25T14:11:49.550+0000] {processor.py:178} INFO - Processing /opt/airflow/dags/hadoop-2.7.3/share/hadoop/httpfs/tomcat/webapps/webhdfs/WEB-INF/lib/jersey-server-1.9.jar took 0.083 seconds
[2022-10-25T14:12:15.326+0000] {processor.py:156} INFO - Started process (PID=21269) to work on /opt/airflow/dags/hadoop-2.7.3/share/hadoop/httpfs/tomcat/webapps/webhdfs/WEB-INF/lib/jersey-server-1.9.jar
[2022-10-25T14:12:15.331+0000] {processor.py:758} INFO - Processing file /opt/airflow/dags/hadoop-2.7.3/share/hadoop/httpfs/tomcat/webapps/webhdfs/WEB-INF/lib/jersey-server-1.9.jar for tasks to queue
[2022-10-25T14:12:15.335+0000] {logging_mixin.py:117} INFO - [2022-10-25T14:12:15.334+0000] {dagbag.py:525} INFO - Filling up the DagBag from /opt/airflow/dags/hadoop-2.7.3/share/hadoop/httpfs/tomcat/webapps/webhdfs/WEB-INF/lib/jersey-server-1.9.jar
[2022-10-25T14:12:15.367+0000] {processor.py:770} WARNING - No viable dags retrieved from /opt/airflow/dags/hadoop-2.7.3/share/hadoop/httpfs/tomcat/webapps/webhdfs/WEB-INF/lib/jersey-server-1.9.jar
[2022-10-25T14:12:15.402+0000] {processor.py:178} INFO - Processing /opt/airflow/dags/hadoop-2.7.3/share/hadoop/httpfs/tomcat/webapps/webhdfs/WEB-INF/lib/jersey-server-1.9.jar took 0.097 seconds
[2022-10-25T14:12:33.406+0000] {processor.py:156} INFO - Started process (PID=20188) to work on /opt/airflow/dags/hadoop-2.7.3/share/hadoop/httpfs/tomcat/webapps/webhdfs/WEB-INF/lib/jersey-server-1.9.jar
[2022-10-25T14:12:33.412+0000] {processor.py:758} INFO - Processing file /opt/airflow/dags/hadoop-2.7.3/share/hadoop/httpfs/tomcat/webapps/webhdfs/WEB-INF/lib/jersey-server-1.9.jar for tasks to queue
[2022-10-25T14:12:33.414+0000] {logging_mixin.py:117} INFO - [2022-10-25T14:12:33.414+0000] {dagbag.py:525} INFO - Filling up the DagBag from /opt/airflow/dags/hadoop-2.7.3/share/hadoop/httpfs/tomcat/webapps/webhdfs/WEB-INF/lib/jersey-server-1.9.jar
[2022-10-25T14:12:33.440+0000] {processor.py:770} WARNING - No viable dags retrieved from /opt/airflow/dags/hadoop-2.7.3/share/hadoop/httpfs/tomcat/webapps/webhdfs/WEB-INF/lib/jersey-server-1.9.jar
[2022-10-25T14:12:33.485+0000] {processor.py:178} INFO - Processing /opt/airflow/dags/hadoop-2.7.3/share/hadoop/httpfs/tomcat/webapps/webhdfs/WEB-INF/lib/jersey-server-1.9.jar took 0.088 seconds
[2022-10-25T14:13:30.863+0000] {processor.py:156} INFO - Started process (PID=21726) to work on /opt/airflow/dags/hadoop-2.7.3/share/hadoop/httpfs/tomcat/webapps/webhdfs/WEB-INF/lib/jersey-server-1.9.jar
[2022-10-25T14:13:30.866+0000] {processor.py:758} INFO - Processing file /opt/airflow/dags/hadoop-2.7.3/share/hadoop/httpfs/tomcat/webapps/webhdfs/WEB-INF/lib/jersey-server-1.9.jar for tasks to queue
[2022-10-25T14:13:30.868+0000] {logging_mixin.py:117} INFO - [2022-10-25T14:13:30.868+0000] {dagbag.py:525} INFO - Filling up the DagBag from /opt/airflow/dags/hadoop-2.7.3/share/hadoop/httpfs/tomcat/webapps/webhdfs/WEB-INF/lib/jersey-server-1.9.jar
[2022-10-25T14:13:30.893+0000] {processor.py:770} WARNING - No viable dags retrieved from /opt/airflow/dags/hadoop-2.7.3/share/hadoop/httpfs/tomcat/webapps/webhdfs/WEB-INF/lib/jersey-server-1.9.jar
[2022-10-25T14:13:30.937+0000] {processor.py:178} INFO - Processing /opt/airflow/dags/hadoop-2.7.3/share/hadoop/httpfs/tomcat/webapps/webhdfs/WEB-INF/lib/jersey-server-1.9.jar took 0.081 seconds
[2022-10-25T14:13:55.568+0000] {processor.py:156} INFO - Started process (PID=20715) to work on /opt/airflow/dags/hadoop-2.7.3/share/hadoop/httpfs/tomcat/webapps/webhdfs/WEB-INF/lib/jersey-server-1.9.jar
[2022-10-25T14:13:55.571+0000] {processor.py:758} INFO - Processing file /opt/airflow/dags/hadoop-2.7.3/share/hadoop/httpfs/tomcat/webapps/webhdfs/WEB-INF/lib/jersey-server-1.9.jar for tasks to queue
[2022-10-25T14:13:55.573+0000] {logging_mixin.py:117} INFO - [2022-10-25T14:13:55.573+0000] {dagbag.py:525} INFO - Filling up the DagBag from /opt/airflow/dags/hadoop-2.7.3/share/hadoop/httpfs/tomcat/webapps/webhdfs/WEB-INF/lib/jersey-server-1.9.jar
[2022-10-25T14:13:55.606+0000] {processor.py:770} WARNING - No viable dags retrieved from /opt/airflow/dags/hadoop-2.7.3/share/hadoop/httpfs/tomcat/webapps/webhdfs/WEB-INF/lib/jersey-server-1.9.jar
[2022-10-25T14:13:55.647+0000] {processor.py:178} INFO - Processing /opt/airflow/dags/hadoop-2.7.3/share/hadoop/httpfs/tomcat/webapps/webhdfs/WEB-INF/lib/jersey-server-1.9.jar took 0.085 seconds
[2022-10-25T14:14:16.782+0000] {processor.py:156} INFO - Started process (PID=22247) to work on /opt/airflow/dags/hadoop-2.7.3/share/hadoop/httpfs/tomcat/webapps/webhdfs/WEB-INF/lib/jersey-server-1.9.jar
[2022-10-25T14:14:16.785+0000] {processor.py:758} INFO - Processing file /opt/airflow/dags/hadoop-2.7.3/share/hadoop/httpfs/tomcat/webapps/webhdfs/WEB-INF/lib/jersey-server-1.9.jar for tasks to queue
[2022-10-25T14:14:16.791+0000] {logging_mixin.py:117} INFO - [2022-10-25T14:14:16.789+0000] {dagbag.py:525} INFO - Filling up the DagBag from /opt/airflow/dags/hadoop-2.7.3/share/hadoop/httpfs/tomcat/webapps/webhdfs/WEB-INF/lib/jersey-server-1.9.jar
[2022-10-25T14:14:16.831+0000] {processor.py:770} WARNING - No viable dags retrieved from /opt/airflow/dags/hadoop-2.7.3/share/hadoop/httpfs/tomcat/webapps/webhdfs/WEB-INF/lib/jersey-server-1.9.jar
[2022-10-25T14:14:16.900+0000] {processor.py:178} INFO - Processing /opt/airflow/dags/hadoop-2.7.3/share/hadoop/httpfs/tomcat/webapps/webhdfs/WEB-INF/lib/jersey-server-1.9.jar took 0.129 seconds
[2022-10-25T14:14:43.809+0000] {processor.py:156} INFO - Started process (PID=21237) to work on /opt/airflow/dags/hadoop-2.7.3/share/hadoop/httpfs/tomcat/webapps/webhdfs/WEB-INF/lib/jersey-server-1.9.jar
[2022-10-25T14:14:43.813+0000] {processor.py:758} INFO - Processing file /opt/airflow/dags/hadoop-2.7.3/share/hadoop/httpfs/tomcat/webapps/webhdfs/WEB-INF/lib/jersey-server-1.9.jar for tasks to queue
[2022-10-25T14:14:43.815+0000] {logging_mixin.py:117} INFO - [2022-10-25T14:14:43.815+0000] {dagbag.py:525} INFO - Filling up the DagBag from /opt/airflow/dags/hadoop-2.7.3/share/hadoop/httpfs/tomcat/webapps/webhdfs/WEB-INF/lib/jersey-server-1.9.jar
[2022-10-25T14:14:43.851+0000] {processor.py:770} WARNING - No viable dags retrieved from /opt/airflow/dags/hadoop-2.7.3/share/hadoop/httpfs/tomcat/webapps/webhdfs/WEB-INF/lib/jersey-server-1.9.jar
[2022-10-25T14:14:43.892+0000] {processor.py:178} INFO - Processing /opt/airflow/dags/hadoop-2.7.3/share/hadoop/httpfs/tomcat/webapps/webhdfs/WEB-INF/lib/jersey-server-1.9.jar took 0.094 seconds
[2022-10-25T14:15:08.280+0000] {processor.py:156} INFO - Started process (PID=22805) to work on /opt/airflow/dags/hadoop-2.7.3/share/hadoop/httpfs/tomcat/webapps/webhdfs/WEB-INF/lib/jersey-server-1.9.jar
[2022-10-25T14:15:08.284+0000] {processor.py:758} INFO - Processing file /opt/airflow/dags/hadoop-2.7.3/share/hadoop/httpfs/tomcat/webapps/webhdfs/WEB-INF/lib/jersey-server-1.9.jar for tasks to queue
[2022-10-25T14:15:08.287+0000] {logging_mixin.py:117} INFO - [2022-10-25T14:15:08.287+0000] {dagbag.py:525} INFO - Filling up the DagBag from /opt/airflow/dags/hadoop-2.7.3/share/hadoop/httpfs/tomcat/webapps/webhdfs/WEB-INF/lib/jersey-server-1.9.jar
[2022-10-25T14:15:08.318+0000] {processor.py:770} WARNING - No viable dags retrieved from /opt/airflow/dags/hadoop-2.7.3/share/hadoop/httpfs/tomcat/webapps/webhdfs/WEB-INF/lib/jersey-server-1.9.jar
[2022-10-25T14:15:08.375+0000] {processor.py:178} INFO - Processing /opt/airflow/dags/hadoop-2.7.3/share/hadoop/httpfs/tomcat/webapps/webhdfs/WEB-INF/lib/jersey-server-1.9.jar took 0.105 seconds
[2022-10-25T14:15:45.820+0000] {processor.py:156} INFO - Started process (PID=21780) to work on /opt/airflow/dags/hadoop-2.7.3/share/hadoop/httpfs/tomcat/webapps/webhdfs/WEB-INF/lib/jersey-server-1.9.jar
[2022-10-25T14:15:45.826+0000] {processor.py:758} INFO - Processing file /opt/airflow/dags/hadoop-2.7.3/share/hadoop/httpfs/tomcat/webapps/webhdfs/WEB-INF/lib/jersey-server-1.9.jar for tasks to queue
[2022-10-25T14:15:45.831+0000] {logging_mixin.py:117} INFO - [2022-10-25T14:15:45.831+0000] {dagbag.py:525} INFO - Filling up the DagBag from /opt/airflow/dags/hadoop-2.7.3/share/hadoop/httpfs/tomcat/webapps/webhdfs/WEB-INF/lib/jersey-server-1.9.jar
[2022-10-25T14:15:45.861+0000] {processor.py:770} WARNING - No viable dags retrieved from /opt/airflow/dags/hadoop-2.7.3/share/hadoop/httpfs/tomcat/webapps/webhdfs/WEB-INF/lib/jersey-server-1.9.jar
[2022-10-25T14:15:45.912+0000] {processor.py:178} INFO - Processing /opt/airflow/dags/hadoop-2.7.3/share/hadoop/httpfs/tomcat/webapps/webhdfs/WEB-INF/lib/jersey-server-1.9.jar took 0.104 seconds
[2022-10-25T14:16:00.253+0000] {processor.py:156} INFO - Started process (PID=23247) to work on /opt/airflow/dags/hadoop-2.7.3/share/hadoop/httpfs/tomcat/webapps/webhdfs/WEB-INF/lib/jersey-server-1.9.jar
[2022-10-25T14:16:00.257+0000] {processor.py:758} INFO - Processing file /opt/airflow/dags/hadoop-2.7.3/share/hadoop/httpfs/tomcat/webapps/webhdfs/WEB-INF/lib/jersey-server-1.9.jar for tasks to queue
[2022-10-25T14:16:00.260+0000] {logging_mixin.py:117} INFO - [2022-10-25T14:16:00.260+0000] {dagbag.py:525} INFO - Filling up the DagBag from /opt/airflow/dags/hadoop-2.7.3/share/hadoop/httpfs/tomcat/webapps/webhdfs/WEB-INF/lib/jersey-server-1.9.jar
[2022-10-25T14:16:00.294+0000] {processor.py:770} WARNING - No viable dags retrieved from /opt/airflow/dags/hadoop-2.7.3/share/hadoop/httpfs/tomcat/webapps/webhdfs/WEB-INF/lib/jersey-server-1.9.jar
[2022-10-25T14:16:00.328+0000] {processor.py:178} INFO - Processing /opt/airflow/dags/hadoop-2.7.3/share/hadoop/httpfs/tomcat/webapps/webhdfs/WEB-INF/lib/jersey-server-1.9.jar took 0.087 seconds
[2022-10-25T14:16:33.283+0000] {processor.py:156} INFO - Started process (PID=22284) to work on /opt/airflow/dags/hadoop-2.7.3/share/hadoop/httpfs/tomcat/webapps/webhdfs/WEB-INF/lib/jersey-server-1.9.jar
[2022-10-25T14:16:33.286+0000] {processor.py:758} INFO - Processing file /opt/airflow/dags/hadoop-2.7.3/share/hadoop/httpfs/tomcat/webapps/webhdfs/WEB-INF/lib/jersey-server-1.9.jar for tasks to queue
[2022-10-25T14:16:33.289+0000] {logging_mixin.py:117} INFO - [2022-10-25T14:16:33.289+0000] {dagbag.py:525} INFO - Filling up the DagBag from /opt/airflow/dags/hadoop-2.7.3/share/hadoop/httpfs/tomcat/webapps/webhdfs/WEB-INF/lib/jersey-server-1.9.jar
[2022-10-25T14:16:33.323+0000] {processor.py:770} WARNING - No viable dags retrieved from /opt/airflow/dags/hadoop-2.7.3/share/hadoop/httpfs/tomcat/webapps/webhdfs/WEB-INF/lib/jersey-server-1.9.jar
[2022-10-25T14:16:33.377+0000] {processor.py:178} INFO - Processing /opt/airflow/dags/hadoop-2.7.3/share/hadoop/httpfs/tomcat/webapps/webhdfs/WEB-INF/lib/jersey-server-1.9.jar took 0.101 seconds
[2022-10-25T14:16:48.615+0000] {processor.py:156} INFO - Started process (PID=23728) to work on /opt/airflow/dags/hadoop-2.7.3/share/hadoop/httpfs/tomcat/webapps/webhdfs/WEB-INF/lib/jersey-server-1.9.jar
[2022-10-25T14:16:48.619+0000] {processor.py:758} INFO - Processing file /opt/airflow/dags/hadoop-2.7.3/share/hadoop/httpfs/tomcat/webapps/webhdfs/WEB-INF/lib/jersey-server-1.9.jar for tasks to queue
[2022-10-25T14:16:48.623+0000] {logging_mixin.py:117} INFO - [2022-10-25T14:16:48.622+0000] {dagbag.py:525} INFO - Filling up the DagBag from /opt/airflow/dags/hadoop-2.7.3/share/hadoop/httpfs/tomcat/webapps/webhdfs/WEB-INF/lib/jersey-server-1.9.jar
[2022-10-25T14:16:48.670+0000] {processor.py:770} WARNING - No viable dags retrieved from /opt/airflow/dags/hadoop-2.7.3/share/hadoop/httpfs/tomcat/webapps/webhdfs/WEB-INF/lib/jersey-server-1.9.jar
[2022-10-25T14:16:48.755+0000] {processor.py:178} INFO - Processing /opt/airflow/dags/hadoop-2.7.3/share/hadoop/httpfs/tomcat/webapps/webhdfs/WEB-INF/lib/jersey-server-1.9.jar took 0.156 seconds
[2022-10-25T14:17:24.220+0000] {processor.py:156} INFO - Started process (PID=22748) to work on /opt/airflow/dags/hadoop-2.7.3/share/hadoop/httpfs/tomcat/webapps/webhdfs/WEB-INF/lib/jersey-server-1.9.jar
[2022-10-25T14:17:24.223+0000] {processor.py:758} INFO - Processing file /opt/airflow/dags/hadoop-2.7.3/share/hadoop/httpfs/tomcat/webapps/webhdfs/WEB-INF/lib/jersey-server-1.9.jar for tasks to queue
[2022-10-25T14:17:24.227+0000] {logging_mixin.py:117} INFO - [2022-10-25T14:17:24.227+0000] {dagbag.py:525} INFO - Filling up the DagBag from /opt/airflow/dags/hadoop-2.7.3/share/hadoop/httpfs/tomcat/webapps/webhdfs/WEB-INF/lib/jersey-server-1.9.jar
[2022-10-25T14:17:24.260+0000] {processor.py:770} WARNING - No viable dags retrieved from /opt/airflow/dags/hadoop-2.7.3/share/hadoop/httpfs/tomcat/webapps/webhdfs/WEB-INF/lib/jersey-server-1.9.jar
[2022-10-25T14:17:24.310+0000] {processor.py:178} INFO - Processing /opt/airflow/dags/hadoop-2.7.3/share/hadoop/httpfs/tomcat/webapps/webhdfs/WEB-INF/lib/jersey-server-1.9.jar took 0.099 seconds
