[2022-10-25T00:37:49.678+0000] {processor.py:156} INFO - Started process (PID=4412) to work on /opt/airflow/dags/hadoop-2.7.3/share/hadoop/httpfs/tomcat/webapps/webhdfs/WEB-INF/lib/xz-1.0.jar
[2022-10-25T00:37:49.681+0000] {processor.py:758} INFO - Processing file /opt/airflow/dags/hadoop-2.7.3/share/hadoop/httpfs/tomcat/webapps/webhdfs/WEB-INF/lib/xz-1.0.jar for tasks to queue
[2022-10-25T00:37:49.683+0000] {logging_mixin.py:117} INFO - [2022-10-25T00:37:49.683+0000] {dagbag.py:525} INFO - Filling up the DagBag from /opt/airflow/dags/hadoop-2.7.3/share/hadoop/httpfs/tomcat/webapps/webhdfs/WEB-INF/lib/xz-1.0.jar
[2022-10-25T00:37:49.692+0000] {processor.py:770} WARNING - No viable dags retrieved from /opt/airflow/dags/hadoop-2.7.3/share/hadoop/httpfs/tomcat/webapps/webhdfs/WEB-INF/lib/xz-1.0.jar
[2022-10-25T00:37:49.718+0000] {processor.py:178} INFO - Processing /opt/airflow/dags/hadoop-2.7.3/share/hadoop/httpfs/tomcat/webapps/webhdfs/WEB-INF/lib/xz-1.0.jar took 0.046 seconds
[2022-10-25T00:38:18.944+0000] {processor.py:156} INFO - Started process (PID=2436) to work on /opt/airflow/dags/hadoop-2.7.3/share/hadoop/httpfs/tomcat/webapps/webhdfs/WEB-INF/lib/xz-1.0.jar
[2022-10-25T00:38:18.948+0000] {processor.py:758} INFO - Processing file /opt/airflow/dags/hadoop-2.7.3/share/hadoop/httpfs/tomcat/webapps/webhdfs/WEB-INF/lib/xz-1.0.jar for tasks to queue
[2022-10-25T00:38:18.953+0000] {logging_mixin.py:117} INFO - [2022-10-25T00:38:18.952+0000] {dagbag.py:525} INFO - Filling up the DagBag from /opt/airflow/dags/hadoop-2.7.3/share/hadoop/httpfs/tomcat/webapps/webhdfs/WEB-INF/lib/xz-1.0.jar
[2022-10-25T00:38:18.963+0000] {processor.py:770} WARNING - No viable dags retrieved from /opt/airflow/dags/hadoop-2.7.3/share/hadoop/httpfs/tomcat/webapps/webhdfs/WEB-INF/lib/xz-1.0.jar
[2022-10-25T00:38:18.999+0000] {processor.py:178} INFO - Processing /opt/airflow/dags/hadoop-2.7.3/share/hadoop/httpfs/tomcat/webapps/webhdfs/WEB-INF/lib/xz-1.0.jar took 0.064 seconds
[2022-10-25T00:38:29.090+0000] {processor.py:156} INFO - Started process (PID=4927) to work on /opt/airflow/dags/hadoop-2.7.3/share/hadoop/httpfs/tomcat/webapps/webhdfs/WEB-INF/lib/xz-1.0.jar
[2022-10-25T00:38:29.092+0000] {processor.py:758} INFO - Processing file /opt/airflow/dags/hadoop-2.7.3/share/hadoop/httpfs/tomcat/webapps/webhdfs/WEB-INF/lib/xz-1.0.jar for tasks to queue
[2022-10-25T00:38:29.095+0000] {logging_mixin.py:117} INFO - [2022-10-25T00:38:29.095+0000] {dagbag.py:525} INFO - Filling up the DagBag from /opt/airflow/dags/hadoop-2.7.3/share/hadoop/httpfs/tomcat/webapps/webhdfs/WEB-INF/lib/xz-1.0.jar
[2022-10-25T00:38:29.103+0000] {processor.py:770} WARNING - No viable dags retrieved from /opt/airflow/dags/hadoop-2.7.3/share/hadoop/httpfs/tomcat/webapps/webhdfs/WEB-INF/lib/xz-1.0.jar
[2022-10-25T00:38:29.142+0000] {processor.py:178} INFO - Processing /opt/airflow/dags/hadoop-2.7.3/share/hadoop/httpfs/tomcat/webapps/webhdfs/WEB-INF/lib/xz-1.0.jar took 0.062 seconds
[2022-10-25T00:38:57.125+0000] {processor.py:156} INFO - Started process (PID=2951) to work on /opt/airflow/dags/hadoop-2.7.3/share/hadoop/httpfs/tomcat/webapps/webhdfs/WEB-INF/lib/xz-1.0.jar
[2022-10-25T00:38:57.128+0000] {processor.py:758} INFO - Processing file /opt/airflow/dags/hadoop-2.7.3/share/hadoop/httpfs/tomcat/webapps/webhdfs/WEB-INF/lib/xz-1.0.jar for tasks to queue
[2022-10-25T00:38:57.132+0000] {logging_mixin.py:117} INFO - [2022-10-25T00:38:57.132+0000] {dagbag.py:525} INFO - Filling up the DagBag from /opt/airflow/dags/hadoop-2.7.3/share/hadoop/httpfs/tomcat/webapps/webhdfs/WEB-INF/lib/xz-1.0.jar
[2022-10-25T00:38:57.140+0000] {processor.py:770} WARNING - No viable dags retrieved from /opt/airflow/dags/hadoop-2.7.3/share/hadoop/httpfs/tomcat/webapps/webhdfs/WEB-INF/lib/xz-1.0.jar
[2022-10-25T00:38:57.179+0000] {processor.py:178} INFO - Processing /opt/airflow/dags/hadoop-2.7.3/share/hadoop/httpfs/tomcat/webapps/webhdfs/WEB-INF/lib/xz-1.0.jar took 0.062 seconds
[2022-10-25T00:39:09.113+0000] {processor.py:156} INFO - Started process (PID=5443) to work on /opt/airflow/dags/hadoop-2.7.3/share/hadoop/httpfs/tomcat/webapps/webhdfs/WEB-INF/lib/xz-1.0.jar
[2022-10-25T00:39:09.117+0000] {processor.py:758} INFO - Processing file /opt/airflow/dags/hadoop-2.7.3/share/hadoop/httpfs/tomcat/webapps/webhdfs/WEB-INF/lib/xz-1.0.jar for tasks to queue
[2022-10-25T00:39:09.120+0000] {logging_mixin.py:117} INFO - [2022-10-25T00:39:09.119+0000] {dagbag.py:525} INFO - Filling up the DagBag from /opt/airflow/dags/hadoop-2.7.3/share/hadoop/httpfs/tomcat/webapps/webhdfs/WEB-INF/lib/xz-1.0.jar
[2022-10-25T00:39:09.128+0000] {processor.py:770} WARNING - No viable dags retrieved from /opt/airflow/dags/hadoop-2.7.3/share/hadoop/httpfs/tomcat/webapps/webhdfs/WEB-INF/lib/xz-1.0.jar
[2022-10-25T00:39:09.164+0000] {processor.py:178} INFO - Processing /opt/airflow/dags/hadoop-2.7.3/share/hadoop/httpfs/tomcat/webapps/webhdfs/WEB-INF/lib/xz-1.0.jar took 0.059 seconds
[2022-10-25T00:39:37.427+0000] {processor.py:156} INFO - Started process (PID=3467) to work on /opt/airflow/dags/hadoop-2.7.3/share/hadoop/httpfs/tomcat/webapps/webhdfs/WEB-INF/lib/xz-1.0.jar
[2022-10-25T00:39:37.432+0000] {processor.py:758} INFO - Processing file /opt/airflow/dags/hadoop-2.7.3/share/hadoop/httpfs/tomcat/webapps/webhdfs/WEB-INF/lib/xz-1.0.jar for tasks to queue
[2022-10-25T00:39:37.438+0000] {logging_mixin.py:117} INFO - [2022-10-25T00:39:37.438+0000] {dagbag.py:525} INFO - Filling up the DagBag from /opt/airflow/dags/hadoop-2.7.3/share/hadoop/httpfs/tomcat/webapps/webhdfs/WEB-INF/lib/xz-1.0.jar
[2022-10-25T00:39:37.449+0000] {processor.py:770} WARNING - No viable dags retrieved from /opt/airflow/dags/hadoop-2.7.3/share/hadoop/httpfs/tomcat/webapps/webhdfs/WEB-INF/lib/xz-1.0.jar
[2022-10-25T00:39:37.496+0000] {processor.py:178} INFO - Processing /opt/airflow/dags/hadoop-2.7.3/share/hadoop/httpfs/tomcat/webapps/webhdfs/WEB-INF/lib/xz-1.0.jar took 0.077 seconds
[2022-10-25T00:52:52.363+0000] {processor.py:156} INFO - Started process (PID=6036) to work on /opt/airflow/dags/hadoop-2.7.3/share/hadoop/httpfs/tomcat/webapps/webhdfs/WEB-INF/lib/xz-1.0.jar
[2022-10-25T00:52:52.366+0000] {processor.py:758} INFO - Processing file /opt/airflow/dags/hadoop-2.7.3/share/hadoop/httpfs/tomcat/webapps/webhdfs/WEB-INF/lib/xz-1.0.jar for tasks to queue
[2022-10-25T00:52:52.369+0000] {logging_mixin.py:117} INFO - [2022-10-25T00:52:52.369+0000] {dagbag.py:525} INFO - Filling up the DagBag from /opt/airflow/dags/hadoop-2.7.3/share/hadoop/httpfs/tomcat/webapps/webhdfs/WEB-INF/lib/xz-1.0.jar
[2022-10-25T00:52:52.383+0000] {processor.py:770} WARNING - No viable dags retrieved from /opt/airflow/dags/hadoop-2.7.3/share/hadoop/httpfs/tomcat/webapps/webhdfs/WEB-INF/lib/xz-1.0.jar
[2022-10-25T00:52:52.427+0000] {processor.py:178} INFO - Processing /opt/airflow/dags/hadoop-2.7.3/share/hadoop/httpfs/tomcat/webapps/webhdfs/WEB-INF/lib/xz-1.0.jar took 0.071 seconds
[2022-10-25T00:53:12.699+0000] {processor.py:156} INFO - Started process (PID=3950) to work on /opt/airflow/dags/hadoop-2.7.3/share/hadoop/httpfs/tomcat/webapps/webhdfs/WEB-INF/lib/xz-1.0.jar
[2022-10-25T00:53:12.704+0000] {processor.py:758} INFO - Processing file /opt/airflow/dags/hadoop-2.7.3/share/hadoop/httpfs/tomcat/webapps/webhdfs/WEB-INF/lib/xz-1.0.jar for tasks to queue
[2022-10-25T00:53:12.715+0000] {logging_mixin.py:117} INFO - [2022-10-25T00:53:12.715+0000] {dagbag.py:525} INFO - Filling up the DagBag from /opt/airflow/dags/hadoop-2.7.3/share/hadoop/httpfs/tomcat/webapps/webhdfs/WEB-INF/lib/xz-1.0.jar
[2022-10-25T00:53:12.741+0000] {processor.py:770} WARNING - No viable dags retrieved from /opt/airflow/dags/hadoop-2.7.3/share/hadoop/httpfs/tomcat/webapps/webhdfs/WEB-INF/lib/xz-1.0.jar
[2022-10-25T00:53:12.786+0000] {processor.py:178} INFO - Processing /opt/airflow/dags/hadoop-2.7.3/share/hadoop/httpfs/tomcat/webapps/webhdfs/WEB-INF/lib/xz-1.0.jar took 0.098 seconds
[2022-10-25T00:53:34.240+0000] {processor.py:156} INFO - Started process (PID=6552) to work on /opt/airflow/dags/hadoop-2.7.3/share/hadoop/httpfs/tomcat/webapps/webhdfs/WEB-INF/lib/xz-1.0.jar
[2022-10-25T00:53:34.242+0000] {processor.py:758} INFO - Processing file /opt/airflow/dags/hadoop-2.7.3/share/hadoop/httpfs/tomcat/webapps/webhdfs/WEB-INF/lib/xz-1.0.jar for tasks to queue
[2022-10-25T00:53:34.245+0000] {logging_mixin.py:117} INFO - [2022-10-25T00:53:34.245+0000] {dagbag.py:525} INFO - Filling up the DagBag from /opt/airflow/dags/hadoop-2.7.3/share/hadoop/httpfs/tomcat/webapps/webhdfs/WEB-INF/lib/xz-1.0.jar
[2022-10-25T00:53:34.273+0000] {processor.py:770} WARNING - No viable dags retrieved from /opt/airflow/dags/hadoop-2.7.3/share/hadoop/httpfs/tomcat/webapps/webhdfs/WEB-INF/lib/xz-1.0.jar
[2022-10-25T00:53:34.307+0000] {processor.py:178} INFO - Processing /opt/airflow/dags/hadoop-2.7.3/share/hadoop/httpfs/tomcat/webapps/webhdfs/WEB-INF/lib/xz-1.0.jar took 0.075 seconds
[2022-10-25T00:53:53.682+0000] {processor.py:156} INFO - Started process (PID=4465) to work on /opt/airflow/dags/hadoop-2.7.3/share/hadoop/httpfs/tomcat/webapps/webhdfs/WEB-INF/lib/xz-1.0.jar
[2022-10-25T00:53:53.685+0000] {processor.py:758} INFO - Processing file /opt/airflow/dags/hadoop-2.7.3/share/hadoop/httpfs/tomcat/webapps/webhdfs/WEB-INF/lib/xz-1.0.jar for tasks to queue
[2022-10-25T00:53:53.690+0000] {logging_mixin.py:117} INFO - [2022-10-25T00:53:53.689+0000] {dagbag.py:525} INFO - Filling up the DagBag from /opt/airflow/dags/hadoop-2.7.3/share/hadoop/httpfs/tomcat/webapps/webhdfs/WEB-INF/lib/xz-1.0.jar
[2022-10-25T00:53:53.705+0000] {processor.py:770} WARNING - No viable dags retrieved from /opt/airflow/dags/hadoop-2.7.3/share/hadoop/httpfs/tomcat/webapps/webhdfs/WEB-INF/lib/xz-1.0.jar
[2022-10-25T00:53:53.756+0000] {processor.py:178} INFO - Processing /opt/airflow/dags/hadoop-2.7.3/share/hadoop/httpfs/tomcat/webapps/webhdfs/WEB-INF/lib/xz-1.0.jar took 0.084 seconds
[2022-10-25T00:54:14.611+0000] {processor.py:156} INFO - Started process (PID=7067) to work on /opt/airflow/dags/hadoop-2.7.3/share/hadoop/httpfs/tomcat/webapps/webhdfs/WEB-INF/lib/xz-1.0.jar
[2022-10-25T00:54:14.615+0000] {processor.py:758} INFO - Processing file /opt/airflow/dags/hadoop-2.7.3/share/hadoop/httpfs/tomcat/webapps/webhdfs/WEB-INF/lib/xz-1.0.jar for tasks to queue
[2022-10-25T00:54:14.618+0000] {logging_mixin.py:117} INFO - [2022-10-25T00:54:14.617+0000] {dagbag.py:525} INFO - Filling up the DagBag from /opt/airflow/dags/hadoop-2.7.3/share/hadoop/httpfs/tomcat/webapps/webhdfs/WEB-INF/lib/xz-1.0.jar
[2022-10-25T00:54:14.632+0000] {processor.py:770} WARNING - No viable dags retrieved from /opt/airflow/dags/hadoop-2.7.3/share/hadoop/httpfs/tomcat/webapps/webhdfs/WEB-INF/lib/xz-1.0.jar
[2022-10-25T00:54:14.671+0000] {processor.py:178} INFO - Processing /opt/airflow/dags/hadoop-2.7.3/share/hadoop/httpfs/tomcat/webapps/webhdfs/WEB-INF/lib/xz-1.0.jar took 0.067 seconds
[2022-10-25T00:54:38.476+0000] {processor.py:156} INFO - Started process (PID=4965) to work on /opt/airflow/dags/hadoop-2.7.3/share/hadoop/httpfs/tomcat/webapps/webhdfs/WEB-INF/lib/xz-1.0.jar
[2022-10-25T00:54:38.486+0000] {processor.py:758} INFO - Processing file /opt/airflow/dags/hadoop-2.7.3/share/hadoop/httpfs/tomcat/webapps/webhdfs/WEB-INF/lib/xz-1.0.jar for tasks to queue
[2022-10-25T00:54:38.495+0000] {logging_mixin.py:117} INFO - [2022-10-25T00:54:38.494+0000] {dagbag.py:525} INFO - Filling up the DagBag from /opt/airflow/dags/hadoop-2.7.3/share/hadoop/httpfs/tomcat/webapps/webhdfs/WEB-INF/lib/xz-1.0.jar
[2022-10-25T00:54:38.512+0000] {processor.py:770} WARNING - No viable dags retrieved from /opt/airflow/dags/hadoop-2.7.3/share/hadoop/httpfs/tomcat/webapps/webhdfs/WEB-INF/lib/xz-1.0.jar
[2022-10-25T00:54:38.684+0000] {processor.py:178} INFO - Processing /opt/airflow/dags/hadoop-2.7.3/share/hadoop/httpfs/tomcat/webapps/webhdfs/WEB-INF/lib/xz-1.0.jar took 0.220 seconds
[2022-10-25T00:55:10.267+0000] {processor.py:156} INFO - Started process (PID=7567) to work on /opt/airflow/dags/hadoop-2.7.3/share/hadoop/httpfs/tomcat/webapps/webhdfs/WEB-INF/lib/xz-1.0.jar
[2022-10-25T00:55:10.286+0000] {processor.py:758} INFO - Processing file /opt/airflow/dags/hadoop-2.7.3/share/hadoop/httpfs/tomcat/webapps/webhdfs/WEB-INF/lib/xz-1.0.jar for tasks to queue
[2022-10-25T00:55:10.304+0000] {logging_mixin.py:117} INFO - [2022-10-25T00:55:10.298+0000] {dagbag.py:525} INFO - Filling up the DagBag from /opt/airflow/dags/hadoop-2.7.3/share/hadoop/httpfs/tomcat/webapps/webhdfs/WEB-INF/lib/xz-1.0.jar
[2022-10-25T00:55:10.401+0000] {processor.py:770} WARNING - No viable dags retrieved from /opt/airflow/dags/hadoop-2.7.3/share/hadoop/httpfs/tomcat/webapps/webhdfs/WEB-INF/lib/xz-1.0.jar
[2022-10-25T00:55:10.623+0000] {processor.py:178} INFO - Processing /opt/airflow/dags/hadoop-2.7.3/share/hadoop/httpfs/tomcat/webapps/webhdfs/WEB-INF/lib/xz-1.0.jar took 0.433 seconds
[2022-10-25T00:55:47.501+0000] {processor.py:156} INFO - Started process (PID=5480) to work on /opt/airflow/dags/hadoop-2.7.3/share/hadoop/httpfs/tomcat/webapps/webhdfs/WEB-INF/lib/xz-1.0.jar
[2022-10-25T00:55:47.506+0000] {processor.py:758} INFO - Processing file /opt/airflow/dags/hadoop-2.7.3/share/hadoop/httpfs/tomcat/webapps/webhdfs/WEB-INF/lib/xz-1.0.jar for tasks to queue
[2022-10-25T00:55:47.517+0000] {logging_mixin.py:117} INFO - [2022-10-25T00:55:47.516+0000] {dagbag.py:525} INFO - Filling up the DagBag from /opt/airflow/dags/hadoop-2.7.3/share/hadoop/httpfs/tomcat/webapps/webhdfs/WEB-INF/lib/xz-1.0.jar
[2022-10-25T00:55:47.539+0000] {processor.py:770} WARNING - No viable dags retrieved from /opt/airflow/dags/hadoop-2.7.3/share/hadoop/httpfs/tomcat/webapps/webhdfs/WEB-INF/lib/xz-1.0.jar
[2022-10-25T00:55:47.617+0000] {processor.py:178} INFO - Processing /opt/airflow/dags/hadoop-2.7.3/share/hadoop/httpfs/tomcat/webapps/webhdfs/WEB-INF/lib/xz-1.0.jar took 0.137 seconds
[2022-10-25T14:08:45.251+0000] {processor.py:156} INFO - Started process (PID=18762) to work on /opt/airflow/dags/hadoop-2.7.3/share/hadoop/httpfs/tomcat/webapps/webhdfs/WEB-INF/lib/xz-1.0.jar
[2022-10-25T14:08:45.255+0000] {processor.py:758} INFO - Processing file /opt/airflow/dags/hadoop-2.7.3/share/hadoop/httpfs/tomcat/webapps/webhdfs/WEB-INF/lib/xz-1.0.jar for tasks to queue
[2022-10-25T14:08:45.257+0000] {logging_mixin.py:117} INFO - [2022-10-25T14:08:45.257+0000] {dagbag.py:525} INFO - Filling up the DagBag from /opt/airflow/dags/hadoop-2.7.3/share/hadoop/httpfs/tomcat/webapps/webhdfs/WEB-INF/lib/xz-1.0.jar
[2022-10-25T14:08:45.279+0000] {processor.py:770} WARNING - No viable dags retrieved from /opt/airflow/dags/hadoop-2.7.3/share/hadoop/httpfs/tomcat/webapps/webhdfs/WEB-INF/lib/xz-1.0.jar
[2022-10-25T14:08:45.329+0000] {processor.py:178} INFO - Processing /opt/airflow/dags/hadoop-2.7.3/share/hadoop/httpfs/tomcat/webapps/webhdfs/WEB-INF/lib/xz-1.0.jar took 0.090 seconds
[2022-10-25T14:09:00.003+0000] {processor.py:156} INFO - Started process (PID=17682) to work on /opt/airflow/dags/hadoop-2.7.3/share/hadoop/httpfs/tomcat/webapps/webhdfs/WEB-INF/lib/xz-1.0.jar
[2022-10-25T14:09:00.007+0000] {processor.py:758} INFO - Processing file /opt/airflow/dags/hadoop-2.7.3/share/hadoop/httpfs/tomcat/webapps/webhdfs/WEB-INF/lib/xz-1.0.jar for tasks to queue
[2022-10-25T14:09:00.009+0000] {logging_mixin.py:117} INFO - [2022-10-25T14:09:00.009+0000] {dagbag.py:525} INFO - Filling up the DagBag from /opt/airflow/dags/hadoop-2.7.3/share/hadoop/httpfs/tomcat/webapps/webhdfs/WEB-INF/lib/xz-1.0.jar
[2022-10-25T14:09:00.020+0000] {processor.py:770} WARNING - No viable dags retrieved from /opt/airflow/dags/hadoop-2.7.3/share/hadoop/httpfs/tomcat/webapps/webhdfs/WEB-INF/lib/xz-1.0.jar
[2022-10-25T14:09:00.083+0000] {processor.py:178} INFO - Processing /opt/airflow/dags/hadoop-2.7.3/share/hadoop/httpfs/tomcat/webapps/webhdfs/WEB-INF/lib/xz-1.0.jar took 0.095 seconds
[2022-10-25T14:09:31.962+0000] {processor.py:156} INFO - Started process (PID=19286) to work on /opt/airflow/dags/hadoop-2.7.3/share/hadoop/httpfs/tomcat/webapps/webhdfs/WEB-INF/lib/xz-1.0.jar
[2022-10-25T14:09:31.965+0000] {processor.py:758} INFO - Processing file /opt/airflow/dags/hadoop-2.7.3/share/hadoop/httpfs/tomcat/webapps/webhdfs/WEB-INF/lib/xz-1.0.jar for tasks to queue
[2022-10-25T14:09:31.967+0000] {logging_mixin.py:117} INFO - [2022-10-25T14:09:31.966+0000] {dagbag.py:525} INFO - Filling up the DagBag from /opt/airflow/dags/hadoop-2.7.3/share/hadoop/httpfs/tomcat/webapps/webhdfs/WEB-INF/lib/xz-1.0.jar
[2022-10-25T14:09:31.976+0000] {processor.py:770} WARNING - No viable dags retrieved from /opt/airflow/dags/hadoop-2.7.3/share/hadoop/httpfs/tomcat/webapps/webhdfs/WEB-INF/lib/xz-1.0.jar
[2022-10-25T14:09:32.008+0000] {processor.py:178} INFO - Processing /opt/airflow/dags/hadoop-2.7.3/share/hadoop/httpfs/tomcat/webapps/webhdfs/WEB-INF/lib/xz-1.0.jar took 0.051 seconds
[2022-10-25T14:09:45.226+0000] {processor.py:156} INFO - Started process (PID=18197) to work on /opt/airflow/dags/hadoop-2.7.3/share/hadoop/httpfs/tomcat/webapps/webhdfs/WEB-INF/lib/xz-1.0.jar
[2022-10-25T14:09:45.228+0000] {processor.py:758} INFO - Processing file /opt/airflow/dags/hadoop-2.7.3/share/hadoop/httpfs/tomcat/webapps/webhdfs/WEB-INF/lib/xz-1.0.jar for tasks to queue
[2022-10-25T14:09:45.230+0000] {logging_mixin.py:117} INFO - [2022-10-25T14:09:45.230+0000] {dagbag.py:525} INFO - Filling up the DagBag from /opt/airflow/dags/hadoop-2.7.3/share/hadoop/httpfs/tomcat/webapps/webhdfs/WEB-INF/lib/xz-1.0.jar
[2022-10-25T14:09:45.240+0000] {processor.py:770} WARNING - No viable dags retrieved from /opt/airflow/dags/hadoop-2.7.3/share/hadoop/httpfs/tomcat/webapps/webhdfs/WEB-INF/lib/xz-1.0.jar
[2022-10-25T14:09:45.281+0000] {processor.py:178} INFO - Processing /opt/airflow/dags/hadoop-2.7.3/share/hadoop/httpfs/tomcat/webapps/webhdfs/WEB-INF/lib/xz-1.0.jar took 0.067 seconds
[2022-10-25T14:10:12.293+0000] {processor.py:156} INFO - Started process (PID=19802) to work on /opt/airflow/dags/hadoop-2.7.3/share/hadoop/httpfs/tomcat/webapps/webhdfs/WEB-INF/lib/xz-1.0.jar
[2022-10-25T14:10:12.295+0000] {processor.py:758} INFO - Processing file /opt/airflow/dags/hadoop-2.7.3/share/hadoop/httpfs/tomcat/webapps/webhdfs/WEB-INF/lib/xz-1.0.jar for tasks to queue
[2022-10-25T14:10:12.297+0000] {logging_mixin.py:117} INFO - [2022-10-25T14:10:12.297+0000] {dagbag.py:525} INFO - Filling up the DagBag from /opt/airflow/dags/hadoop-2.7.3/share/hadoop/httpfs/tomcat/webapps/webhdfs/WEB-INF/lib/xz-1.0.jar
[2022-10-25T14:10:12.306+0000] {processor.py:770} WARNING - No viable dags retrieved from /opt/airflow/dags/hadoop-2.7.3/share/hadoop/httpfs/tomcat/webapps/webhdfs/WEB-INF/lib/xz-1.0.jar
[2022-10-25T14:10:12.329+0000] {processor.py:178} INFO - Processing /opt/airflow/dags/hadoop-2.7.3/share/hadoop/httpfs/tomcat/webapps/webhdfs/WEB-INF/lib/xz-1.0.jar took 0.042 seconds
[2022-10-25T14:10:28.381+0000] {processor.py:156} INFO - Started process (PID=18711) to work on /opt/airflow/dags/hadoop-2.7.3/share/hadoop/httpfs/tomcat/webapps/webhdfs/WEB-INF/lib/xz-1.0.jar
[2022-10-25T14:10:28.390+0000] {processor.py:758} INFO - Processing file /opt/airflow/dags/hadoop-2.7.3/share/hadoop/httpfs/tomcat/webapps/webhdfs/WEB-INF/lib/xz-1.0.jar for tasks to queue
[2022-10-25T14:10:28.393+0000] {logging_mixin.py:117} INFO - [2022-10-25T14:10:28.393+0000] {dagbag.py:525} INFO - Filling up the DagBag from /opt/airflow/dags/hadoop-2.7.3/share/hadoop/httpfs/tomcat/webapps/webhdfs/WEB-INF/lib/xz-1.0.jar
[2022-10-25T14:10:28.408+0000] {processor.py:770} WARNING - No viable dags retrieved from /opt/airflow/dags/hadoop-2.7.3/share/hadoop/httpfs/tomcat/webapps/webhdfs/WEB-INF/lib/xz-1.0.jar
[2022-10-25T14:10:28.448+0000] {processor.py:178} INFO - Processing /opt/airflow/dags/hadoop-2.7.3/share/hadoop/httpfs/tomcat/webapps/webhdfs/WEB-INF/lib/xz-1.0.jar took 0.074 seconds
[2022-10-25T14:10:55.802+0000] {processor.py:156} INFO - Started process (PID=20318) to work on /opt/airflow/dags/hadoop-2.7.3/share/hadoop/httpfs/tomcat/webapps/webhdfs/WEB-INF/lib/xz-1.0.jar
[2022-10-25T14:10:55.805+0000] {processor.py:758} INFO - Processing file /opt/airflow/dags/hadoop-2.7.3/share/hadoop/httpfs/tomcat/webapps/webhdfs/WEB-INF/lib/xz-1.0.jar for tasks to queue
[2022-10-25T14:10:55.808+0000] {logging_mixin.py:117} INFO - [2022-10-25T14:10:55.807+0000] {dagbag.py:525} INFO - Filling up the DagBag from /opt/airflow/dags/hadoop-2.7.3/share/hadoop/httpfs/tomcat/webapps/webhdfs/WEB-INF/lib/xz-1.0.jar
[2022-10-25T14:10:55.816+0000] {processor.py:770} WARNING - No viable dags retrieved from /opt/airflow/dags/hadoop-2.7.3/share/hadoop/httpfs/tomcat/webapps/webhdfs/WEB-INF/lib/xz-1.0.jar
[2022-10-25T14:10:55.852+0000] {processor.py:178} INFO - Processing /opt/airflow/dags/hadoop-2.7.3/share/hadoop/httpfs/tomcat/webapps/webhdfs/WEB-INF/lib/xz-1.0.jar took 0.057 seconds
[2022-10-25T14:11:08.507+0000] {processor.py:156} INFO - Started process (PID=19198) to work on /opt/airflow/dags/hadoop-2.7.3/share/hadoop/httpfs/tomcat/webapps/webhdfs/WEB-INF/lib/xz-1.0.jar
[2022-10-25T14:11:08.508+0000] {processor.py:758} INFO - Processing file /opt/airflow/dags/hadoop-2.7.3/share/hadoop/httpfs/tomcat/webapps/webhdfs/WEB-INF/lib/xz-1.0.jar for tasks to queue
[2022-10-25T14:11:08.510+0000] {logging_mixin.py:117} INFO - [2022-10-25T14:11:08.510+0000] {dagbag.py:525} INFO - Filling up the DagBag from /opt/airflow/dags/hadoop-2.7.3/share/hadoop/httpfs/tomcat/webapps/webhdfs/WEB-INF/lib/xz-1.0.jar
[2022-10-25T14:11:08.518+0000] {processor.py:770} WARNING - No viable dags retrieved from /opt/airflow/dags/hadoop-2.7.3/share/hadoop/httpfs/tomcat/webapps/webhdfs/WEB-INF/lib/xz-1.0.jar
[2022-10-25T14:11:08.544+0000] {processor.py:178} INFO - Processing /opt/airflow/dags/hadoop-2.7.3/share/hadoop/httpfs/tomcat/webapps/webhdfs/WEB-INF/lib/xz-1.0.jar took 0.042 seconds
[2022-10-25T14:11:37.559+0000] {processor.py:156} INFO - Started process (PID=20839) to work on /opt/airflow/dags/hadoop-2.7.3/share/hadoop/httpfs/tomcat/webapps/webhdfs/WEB-INF/lib/xz-1.0.jar
[2022-10-25T14:11:37.563+0000] {processor.py:758} INFO - Processing file /opt/airflow/dags/hadoop-2.7.3/share/hadoop/httpfs/tomcat/webapps/webhdfs/WEB-INF/lib/xz-1.0.jar for tasks to queue
[2022-10-25T14:11:37.565+0000] {logging_mixin.py:117} INFO - [2022-10-25T14:11:37.565+0000] {dagbag.py:525} INFO - Filling up the DagBag from /opt/airflow/dags/hadoop-2.7.3/share/hadoop/httpfs/tomcat/webapps/webhdfs/WEB-INF/lib/xz-1.0.jar
[2022-10-25T14:11:37.574+0000] {processor.py:770} WARNING - No viable dags retrieved from /opt/airflow/dags/hadoop-2.7.3/share/hadoop/httpfs/tomcat/webapps/webhdfs/WEB-INF/lib/xz-1.0.jar
[2022-10-25T14:11:37.607+0000] {processor.py:178} INFO - Processing /opt/airflow/dags/hadoop-2.7.3/share/hadoop/httpfs/tomcat/webapps/webhdfs/WEB-INF/lib/xz-1.0.jar took 0.065 seconds
[2022-10-25T14:11:51.002+0000] {processor.py:156} INFO - Started process (PID=19713) to work on /opt/airflow/dags/hadoop-2.7.3/share/hadoop/httpfs/tomcat/webapps/webhdfs/WEB-INF/lib/xz-1.0.jar
[2022-10-25T14:11:51.004+0000] {processor.py:758} INFO - Processing file /opt/airflow/dags/hadoop-2.7.3/share/hadoop/httpfs/tomcat/webapps/webhdfs/WEB-INF/lib/xz-1.0.jar for tasks to queue
[2022-10-25T14:11:51.006+0000] {logging_mixin.py:117} INFO - [2022-10-25T14:11:51.006+0000] {dagbag.py:525} INFO - Filling up the DagBag from /opt/airflow/dags/hadoop-2.7.3/share/hadoop/httpfs/tomcat/webapps/webhdfs/WEB-INF/lib/xz-1.0.jar
[2022-10-25T14:11:51.016+0000] {processor.py:770} WARNING - No viable dags retrieved from /opt/airflow/dags/hadoop-2.7.3/share/hadoop/httpfs/tomcat/webapps/webhdfs/WEB-INF/lib/xz-1.0.jar
[2022-10-25T14:11:51.061+0000] {processor.py:178} INFO - Processing /opt/airflow/dags/hadoop-2.7.3/share/hadoop/httpfs/tomcat/webapps/webhdfs/WEB-INF/lib/xz-1.0.jar took 0.070 seconds
[2022-10-25T14:12:16.750+0000] {processor.py:156} INFO - Started process (PID=21287) to work on /opt/airflow/dags/hadoop-2.7.3/share/hadoop/httpfs/tomcat/webapps/webhdfs/WEB-INF/lib/xz-1.0.jar
[2022-10-25T14:12:16.754+0000] {processor.py:758} INFO - Processing file /opt/airflow/dags/hadoop-2.7.3/share/hadoop/httpfs/tomcat/webapps/webhdfs/WEB-INF/lib/xz-1.0.jar for tasks to queue
[2022-10-25T14:12:16.757+0000] {logging_mixin.py:117} INFO - [2022-10-25T14:12:16.757+0000] {dagbag.py:525} INFO - Filling up the DagBag from /opt/airflow/dags/hadoop-2.7.3/share/hadoop/httpfs/tomcat/webapps/webhdfs/WEB-INF/lib/xz-1.0.jar
[2022-10-25T14:12:16.768+0000] {processor.py:770} WARNING - No viable dags retrieved from /opt/airflow/dags/hadoop-2.7.3/share/hadoop/httpfs/tomcat/webapps/webhdfs/WEB-INF/lib/xz-1.0.jar
[2022-10-25T14:12:16.818+0000] {processor.py:178} INFO - Processing /opt/airflow/dags/hadoop-2.7.3/share/hadoop/httpfs/tomcat/webapps/webhdfs/WEB-INF/lib/xz-1.0.jar took 0.076 seconds
[2022-10-25T14:12:34.874+0000] {processor.py:156} INFO - Started process (PID=20206) to work on /opt/airflow/dags/hadoop-2.7.3/share/hadoop/httpfs/tomcat/webapps/webhdfs/WEB-INF/lib/xz-1.0.jar
[2022-10-25T14:12:34.876+0000] {processor.py:758} INFO - Processing file /opt/airflow/dags/hadoop-2.7.3/share/hadoop/httpfs/tomcat/webapps/webhdfs/WEB-INF/lib/xz-1.0.jar for tasks to queue
[2022-10-25T14:12:34.887+0000] {logging_mixin.py:117} INFO - [2022-10-25T14:12:34.879+0000] {dagbag.py:525} INFO - Filling up the DagBag from /opt/airflow/dags/hadoop-2.7.3/share/hadoop/httpfs/tomcat/webapps/webhdfs/WEB-INF/lib/xz-1.0.jar
[2022-10-25T14:12:34.904+0000] {processor.py:770} WARNING - No viable dags retrieved from /opt/airflow/dags/hadoop-2.7.3/share/hadoop/httpfs/tomcat/webapps/webhdfs/WEB-INF/lib/xz-1.0.jar
[2022-10-25T14:12:34.959+0000] {processor.py:178} INFO - Processing /opt/airflow/dags/hadoop-2.7.3/share/hadoop/httpfs/tomcat/webapps/webhdfs/WEB-INF/lib/xz-1.0.jar took 0.092 seconds
[2022-10-25T14:13:32.465+0000] {processor.py:156} INFO - Started process (PID=21751) to work on /opt/airflow/dags/hadoop-2.7.3/share/hadoop/httpfs/tomcat/webapps/webhdfs/WEB-INF/lib/xz-1.0.jar
[2022-10-25T14:13:32.468+0000] {processor.py:758} INFO - Processing file /opt/airflow/dags/hadoop-2.7.3/share/hadoop/httpfs/tomcat/webapps/webhdfs/WEB-INF/lib/xz-1.0.jar for tasks to queue
[2022-10-25T14:13:32.471+0000] {logging_mixin.py:117} INFO - [2022-10-25T14:13:32.470+0000] {dagbag.py:525} INFO - Filling up the DagBag from /opt/airflow/dags/hadoop-2.7.3/share/hadoop/httpfs/tomcat/webapps/webhdfs/WEB-INF/lib/xz-1.0.jar
[2022-10-25T14:13:32.479+0000] {processor.py:770} WARNING - No viable dags retrieved from /opt/airflow/dags/hadoop-2.7.3/share/hadoop/httpfs/tomcat/webapps/webhdfs/WEB-INF/lib/xz-1.0.jar
[2022-10-25T14:13:32.539+0000] {processor.py:178} INFO - Processing /opt/airflow/dags/hadoop-2.7.3/share/hadoop/httpfs/tomcat/webapps/webhdfs/WEB-INF/lib/xz-1.0.jar took 0.081 seconds
[2022-10-25T14:13:57.131+0000] {processor.py:156} INFO - Started process (PID=20733) to work on /opt/airflow/dags/hadoop-2.7.3/share/hadoop/httpfs/tomcat/webapps/webhdfs/WEB-INF/lib/xz-1.0.jar
[2022-10-25T14:13:57.136+0000] {processor.py:758} INFO - Processing file /opt/airflow/dags/hadoop-2.7.3/share/hadoop/httpfs/tomcat/webapps/webhdfs/WEB-INF/lib/xz-1.0.jar for tasks to queue
[2022-10-25T14:13:57.138+0000] {logging_mixin.py:117} INFO - [2022-10-25T14:13:57.138+0000] {dagbag.py:525} INFO - Filling up the DagBag from /opt/airflow/dags/hadoop-2.7.3/share/hadoop/httpfs/tomcat/webapps/webhdfs/WEB-INF/lib/xz-1.0.jar
[2022-10-25T14:13:57.154+0000] {processor.py:770} WARNING - No viable dags retrieved from /opt/airflow/dags/hadoop-2.7.3/share/hadoop/httpfs/tomcat/webapps/webhdfs/WEB-INF/lib/xz-1.0.jar
[2022-10-25T14:13:57.207+0000] {processor.py:178} INFO - Processing /opt/airflow/dags/hadoop-2.7.3/share/hadoop/httpfs/tomcat/webapps/webhdfs/WEB-INF/lib/xz-1.0.jar took 0.096 seconds
[2022-10-25T14:14:18.847+0000] {processor.py:156} INFO - Started process (PID=22265) to work on /opt/airflow/dags/hadoop-2.7.3/share/hadoop/httpfs/tomcat/webapps/webhdfs/WEB-INF/lib/xz-1.0.jar
[2022-10-25T14:14:18.852+0000] {processor.py:758} INFO - Processing file /opt/airflow/dags/hadoop-2.7.3/share/hadoop/httpfs/tomcat/webapps/webhdfs/WEB-INF/lib/xz-1.0.jar for tasks to queue
[2022-10-25T14:14:18.855+0000] {logging_mixin.py:117} INFO - [2022-10-25T14:14:18.855+0000] {dagbag.py:525} INFO - Filling up the DagBag from /opt/airflow/dags/hadoop-2.7.3/share/hadoop/httpfs/tomcat/webapps/webhdfs/WEB-INF/lib/xz-1.0.jar
[2022-10-25T14:14:18.869+0000] {processor.py:770} WARNING - No viable dags retrieved from /opt/airflow/dags/hadoop-2.7.3/share/hadoop/httpfs/tomcat/webapps/webhdfs/WEB-INF/lib/xz-1.0.jar
[2022-10-25T14:14:18.926+0000] {processor.py:178} INFO - Processing /opt/airflow/dags/hadoop-2.7.3/share/hadoop/httpfs/tomcat/webapps/webhdfs/WEB-INF/lib/xz-1.0.jar took 0.092 seconds
[2022-10-25T14:14:45.417+0000] {processor.py:156} INFO - Started process (PID=21255) to work on /opt/airflow/dags/hadoop-2.7.3/share/hadoop/httpfs/tomcat/webapps/webhdfs/WEB-INF/lib/xz-1.0.jar
[2022-10-25T14:14:45.420+0000] {processor.py:758} INFO - Processing file /opt/airflow/dags/hadoop-2.7.3/share/hadoop/httpfs/tomcat/webapps/webhdfs/WEB-INF/lib/xz-1.0.jar for tasks to queue
[2022-10-25T14:14:45.424+0000] {logging_mixin.py:117} INFO - [2022-10-25T14:14:45.424+0000] {dagbag.py:525} INFO - Filling up the DagBag from /opt/airflow/dags/hadoop-2.7.3/share/hadoop/httpfs/tomcat/webapps/webhdfs/WEB-INF/lib/xz-1.0.jar
[2022-10-25T14:14:45.443+0000] {processor.py:770} WARNING - No viable dags retrieved from /opt/airflow/dags/hadoop-2.7.3/share/hadoop/httpfs/tomcat/webapps/webhdfs/WEB-INF/lib/xz-1.0.jar
[2022-10-25T14:14:45.493+0000] {processor.py:178} INFO - Processing /opt/airflow/dags/hadoop-2.7.3/share/hadoop/httpfs/tomcat/webapps/webhdfs/WEB-INF/lib/xz-1.0.jar took 0.086 seconds
[2022-10-25T14:15:10.323+0000] {processor.py:156} INFO - Started process (PID=22823) to work on /opt/airflow/dags/hadoop-2.7.3/share/hadoop/httpfs/tomcat/webapps/webhdfs/WEB-INF/lib/xz-1.0.jar
[2022-10-25T14:15:10.330+0000] {processor.py:758} INFO - Processing file /opt/airflow/dags/hadoop-2.7.3/share/hadoop/httpfs/tomcat/webapps/webhdfs/WEB-INF/lib/xz-1.0.jar for tasks to queue
[2022-10-25T14:15:10.334+0000] {logging_mixin.py:117} INFO - [2022-10-25T14:15:10.334+0000] {dagbag.py:525} INFO - Filling up the DagBag from /opt/airflow/dags/hadoop-2.7.3/share/hadoop/httpfs/tomcat/webapps/webhdfs/WEB-INF/lib/xz-1.0.jar
[2022-10-25T14:15:10.343+0000] {processor.py:770} WARNING - No viable dags retrieved from /opt/airflow/dags/hadoop-2.7.3/share/hadoop/httpfs/tomcat/webapps/webhdfs/WEB-INF/lib/xz-1.0.jar
[2022-10-25T14:15:10.392+0000] {processor.py:178} INFO - Processing /opt/airflow/dags/hadoop-2.7.3/share/hadoop/httpfs/tomcat/webapps/webhdfs/WEB-INF/lib/xz-1.0.jar took 0.080 seconds
[2022-10-25T14:15:47.624+0000] {processor.py:156} INFO - Started process (PID=21798) to work on /opt/airflow/dags/hadoop-2.7.3/share/hadoop/httpfs/tomcat/webapps/webhdfs/WEB-INF/lib/xz-1.0.jar
[2022-10-25T14:15:47.627+0000] {processor.py:758} INFO - Processing file /opt/airflow/dags/hadoop-2.7.3/share/hadoop/httpfs/tomcat/webapps/webhdfs/WEB-INF/lib/xz-1.0.jar for tasks to queue
[2022-10-25T14:15:47.634+0000] {logging_mixin.py:117} INFO - [2022-10-25T14:15:47.634+0000] {dagbag.py:525} INFO - Filling up the DagBag from /opt/airflow/dags/hadoop-2.7.3/share/hadoop/httpfs/tomcat/webapps/webhdfs/WEB-INF/lib/xz-1.0.jar
[2022-10-25T14:15:47.646+0000] {processor.py:770} WARNING - No viable dags retrieved from /opt/airflow/dags/hadoop-2.7.3/share/hadoop/httpfs/tomcat/webapps/webhdfs/WEB-INF/lib/xz-1.0.jar
[2022-10-25T14:15:47.711+0000] {processor.py:178} INFO - Processing /opt/airflow/dags/hadoop-2.7.3/share/hadoop/httpfs/tomcat/webapps/webhdfs/WEB-INF/lib/xz-1.0.jar took 0.095 seconds
[2022-10-25T14:16:02.269+0000] {processor.py:156} INFO - Started process (PID=23265) to work on /opt/airflow/dags/hadoop-2.7.3/share/hadoop/httpfs/tomcat/webapps/webhdfs/WEB-INF/lib/xz-1.0.jar
[2022-10-25T14:16:02.273+0000] {processor.py:758} INFO - Processing file /opt/airflow/dags/hadoop-2.7.3/share/hadoop/httpfs/tomcat/webapps/webhdfs/WEB-INF/lib/xz-1.0.jar for tasks to queue
[2022-10-25T14:16:02.276+0000] {logging_mixin.py:117} INFO - [2022-10-25T14:16:02.276+0000] {dagbag.py:525} INFO - Filling up the DagBag from /opt/airflow/dags/hadoop-2.7.3/share/hadoop/httpfs/tomcat/webapps/webhdfs/WEB-INF/lib/xz-1.0.jar
[2022-10-25T14:16:02.291+0000] {processor.py:770} WARNING - No viable dags retrieved from /opt/airflow/dags/hadoop-2.7.3/share/hadoop/httpfs/tomcat/webapps/webhdfs/WEB-INF/lib/xz-1.0.jar
[2022-10-25T14:16:02.331+0000] {processor.py:178} INFO - Processing /opt/airflow/dags/hadoop-2.7.3/share/hadoop/httpfs/tomcat/webapps/webhdfs/WEB-INF/lib/xz-1.0.jar took 0.070 seconds
[2022-10-25T14:16:35.009+0000] {processor.py:156} INFO - Started process (PID=22302) to work on /opt/airflow/dags/hadoop-2.7.3/share/hadoop/httpfs/tomcat/webapps/webhdfs/WEB-INF/lib/xz-1.0.jar
[2022-10-25T14:16:35.015+0000] {processor.py:758} INFO - Processing file /opt/airflow/dags/hadoop-2.7.3/share/hadoop/httpfs/tomcat/webapps/webhdfs/WEB-INF/lib/xz-1.0.jar for tasks to queue
[2022-10-25T14:16:35.017+0000] {logging_mixin.py:117} INFO - [2022-10-25T14:16:35.017+0000] {dagbag.py:525} INFO - Filling up the DagBag from /opt/airflow/dags/hadoop-2.7.3/share/hadoop/httpfs/tomcat/webapps/webhdfs/WEB-INF/lib/xz-1.0.jar
[2022-10-25T14:16:35.028+0000] {processor.py:770} WARNING - No viable dags retrieved from /opt/airflow/dags/hadoop-2.7.3/share/hadoop/httpfs/tomcat/webapps/webhdfs/WEB-INF/lib/xz-1.0.jar
[2022-10-25T14:16:35.062+0000] {processor.py:178} INFO - Processing /opt/airflow/dags/hadoop-2.7.3/share/hadoop/httpfs/tomcat/webapps/webhdfs/WEB-INF/lib/xz-1.0.jar took 0.059 seconds
[2022-10-25T14:16:50.582+0000] {processor.py:156} INFO - Started process (PID=23746) to work on /opt/airflow/dags/hadoop-2.7.3/share/hadoop/httpfs/tomcat/webapps/webhdfs/WEB-INF/lib/xz-1.0.jar
[2022-10-25T14:16:50.585+0000] {processor.py:758} INFO - Processing file /opt/airflow/dags/hadoop-2.7.3/share/hadoop/httpfs/tomcat/webapps/webhdfs/WEB-INF/lib/xz-1.0.jar for tasks to queue
[2022-10-25T14:16:50.593+0000] {logging_mixin.py:117} INFO - [2022-10-25T14:16:50.592+0000] {dagbag.py:525} INFO - Filling up the DagBag from /opt/airflow/dags/hadoop-2.7.3/share/hadoop/httpfs/tomcat/webapps/webhdfs/WEB-INF/lib/xz-1.0.jar
[2022-10-25T14:16:50.610+0000] {processor.py:770} WARNING - No viable dags retrieved from /opt/airflow/dags/hadoop-2.7.3/share/hadoop/httpfs/tomcat/webapps/webhdfs/WEB-INF/lib/xz-1.0.jar
[2022-10-25T14:16:50.682+0000] {processor.py:178} INFO - Processing /opt/airflow/dags/hadoop-2.7.3/share/hadoop/httpfs/tomcat/webapps/webhdfs/WEB-INF/lib/xz-1.0.jar took 0.114 seconds
[2022-10-25T14:17:25.647+0000] {processor.py:156} INFO - Started process (PID=22766) to work on /opt/airflow/dags/hadoop-2.7.3/share/hadoop/httpfs/tomcat/webapps/webhdfs/WEB-INF/lib/xz-1.0.jar
[2022-10-25T14:17:25.650+0000] {processor.py:758} INFO - Processing file /opt/airflow/dags/hadoop-2.7.3/share/hadoop/httpfs/tomcat/webapps/webhdfs/WEB-INF/lib/xz-1.0.jar for tasks to queue
[2022-10-25T14:17:25.654+0000] {logging_mixin.py:117} INFO - [2022-10-25T14:17:25.653+0000] {dagbag.py:525} INFO - Filling up the DagBag from /opt/airflow/dags/hadoop-2.7.3/share/hadoop/httpfs/tomcat/webapps/webhdfs/WEB-INF/lib/xz-1.0.jar
[2022-10-25T14:17:25.666+0000] {processor.py:770} WARNING - No viable dags retrieved from /opt/airflow/dags/hadoop-2.7.3/share/hadoop/httpfs/tomcat/webapps/webhdfs/WEB-INF/lib/xz-1.0.jar
[2022-10-25T14:17:25.713+0000] {processor.py:178} INFO - Processing /opt/airflow/dags/hadoop-2.7.3/share/hadoop/httpfs/tomcat/webapps/webhdfs/WEB-INF/lib/xz-1.0.jar took 0.080 seconds
