[2022-10-22T00:00:32.045+0000] {processor.py:156} INFO - Started process (PID=19111) to work on /opt/airflow/dags/hadoop-2.7.3/share/hadoop/httpfs/tomcat/webapps/webhdfs/WEB-INF/lib/hadoop-auth-2.7.3.jar
[2022-10-22T00:00:32.056+0000] {processor.py:758} INFO - Processing file /opt/airflow/dags/hadoop-2.7.3/share/hadoop/httpfs/tomcat/webapps/webhdfs/WEB-INF/lib/hadoop-auth-2.7.3.jar for tasks to queue
[2022-10-22T00:00:32.059+0000] {logging_mixin.py:117} INFO - [2022-10-22T00:00:32.059+0000] {dagbag.py:525} INFO - Filling up the DagBag from /opt/airflow/dags/hadoop-2.7.3/share/hadoop/httpfs/tomcat/webapps/webhdfs/WEB-INF/lib/hadoop-auth-2.7.3.jar
[2022-10-22T00:00:32.068+0000] {processor.py:770} WARNING - No viable dags retrieved from /opt/airflow/dags/hadoop-2.7.3/share/hadoop/httpfs/tomcat/webapps/webhdfs/WEB-INF/lib/hadoop-auth-2.7.3.jar
[2022-10-22T00:00:32.175+0000] {processor.py:178} INFO - Processing /opt/airflow/dags/hadoop-2.7.3/share/hadoop/httpfs/tomcat/webapps/webhdfs/WEB-INF/lib/hadoop-auth-2.7.3.jar took 0.153 seconds
[2022-10-22T00:01:31.922+0000] {processor.py:156} INFO - Started process (PID=17320) to work on /opt/airflow/dags/hadoop-2.7.3/share/hadoop/httpfs/tomcat/webapps/webhdfs/WEB-INF/lib/hadoop-auth-2.7.3.jar
[2022-10-22T00:01:31.925+0000] {processor.py:758} INFO - Processing file /opt/airflow/dags/hadoop-2.7.3/share/hadoop/httpfs/tomcat/webapps/webhdfs/WEB-INF/lib/hadoop-auth-2.7.3.jar for tasks to queue
[2022-10-22T00:01:31.937+0000] {logging_mixin.py:117} INFO - [2022-10-22T00:01:31.936+0000] {dagbag.py:525} INFO - Filling up the DagBag from /opt/airflow/dags/hadoop-2.7.3/share/hadoop/httpfs/tomcat/webapps/webhdfs/WEB-INF/lib/hadoop-auth-2.7.3.jar
[2022-10-22T00:01:31.962+0000] {processor.py:770} WARNING - No viable dags retrieved from /opt/airflow/dags/hadoop-2.7.3/share/hadoop/httpfs/tomcat/webapps/webhdfs/WEB-INF/lib/hadoop-auth-2.7.3.jar
[2022-10-22T00:01:32.095+0000] {processor.py:178} INFO - Processing /opt/airflow/dags/hadoop-2.7.3/share/hadoop/httpfs/tomcat/webapps/webhdfs/WEB-INF/lib/hadoop-auth-2.7.3.jar took 0.198 seconds
[2022-10-22T00:01:39.975+0000] {processor.py:156} INFO - Started process (PID=19650) to work on /opt/airflow/dags/hadoop-2.7.3/share/hadoop/httpfs/tomcat/webapps/webhdfs/WEB-INF/lib/hadoop-auth-2.7.3.jar
[2022-10-22T00:01:39.979+0000] {processor.py:758} INFO - Processing file /opt/airflow/dags/hadoop-2.7.3/share/hadoop/httpfs/tomcat/webapps/webhdfs/WEB-INF/lib/hadoop-auth-2.7.3.jar for tasks to queue
[2022-10-22T00:01:39.983+0000] {logging_mixin.py:117} INFO - [2022-10-22T00:01:39.982+0000] {dagbag.py:525} INFO - Filling up the DagBag from /opt/airflow/dags/hadoop-2.7.3/share/hadoop/httpfs/tomcat/webapps/webhdfs/WEB-INF/lib/hadoop-auth-2.7.3.jar
[2022-10-22T00:01:40.001+0000] {processor.py:770} WARNING - No viable dags retrieved from /opt/airflow/dags/hadoop-2.7.3/share/hadoop/httpfs/tomcat/webapps/webhdfs/WEB-INF/lib/hadoop-auth-2.7.3.jar
[2022-10-22T00:01:40.062+0000] {processor.py:178} INFO - Processing /opt/airflow/dags/hadoop-2.7.3/share/hadoop/httpfs/tomcat/webapps/webhdfs/WEB-INF/lib/hadoop-auth-2.7.3.jar took 0.105 seconds
[2022-10-22T00:02:43.133+0000] {processor.py:156} INFO - Started process (PID=20270) to work on /opt/airflow/dags/hadoop-2.7.3/share/hadoop/httpfs/tomcat/webapps/webhdfs/WEB-INF/lib/hadoop-auth-2.7.3.jar
[2022-10-22T00:02:43.139+0000] {processor.py:758} INFO - Processing file /opt/airflow/dags/hadoop-2.7.3/share/hadoop/httpfs/tomcat/webapps/webhdfs/WEB-INF/lib/hadoop-auth-2.7.3.jar for tasks to queue
[2022-10-22T00:02:43.151+0000] {logging_mixin.py:117} INFO - [2022-10-22T00:02:43.149+0000] {dagbag.py:525} INFO - Filling up the DagBag from /opt/airflow/dags/hadoop-2.7.3/share/hadoop/httpfs/tomcat/webapps/webhdfs/WEB-INF/lib/hadoop-auth-2.7.3.jar
[2022-10-22T00:02:43.180+0000] {processor.py:770} WARNING - No viable dags retrieved from /opt/airflow/dags/hadoop-2.7.3/share/hadoop/httpfs/tomcat/webapps/webhdfs/WEB-INF/lib/hadoop-auth-2.7.3.jar
[2022-10-22T00:02:43.295+0000] {processor.py:178} INFO - Processing /opt/airflow/dags/hadoop-2.7.3/share/hadoop/httpfs/tomcat/webapps/webhdfs/WEB-INF/lib/hadoop-auth-2.7.3.jar took 0.186 seconds
[2022-10-22T00:03:19.968+0000] {processor.py:156} INFO - Started process (PID=17899) to work on /opt/airflow/dags/hadoop-2.7.3/share/hadoop/httpfs/tomcat/webapps/webhdfs/WEB-INF/lib/hadoop-auth-2.7.3.jar
[2022-10-22T00:03:19.971+0000] {processor.py:758} INFO - Processing file /opt/airflow/dags/hadoop-2.7.3/share/hadoop/httpfs/tomcat/webapps/webhdfs/WEB-INF/lib/hadoop-auth-2.7.3.jar for tasks to queue
[2022-10-22T00:03:19.974+0000] {logging_mixin.py:117} INFO - [2022-10-22T00:03:19.973+0000] {dagbag.py:525} INFO - Filling up the DagBag from /opt/airflow/dags/hadoop-2.7.3/share/hadoop/httpfs/tomcat/webapps/webhdfs/WEB-INF/lib/hadoop-auth-2.7.3.jar
[2022-10-22T00:03:19.980+0000] {processor.py:770} WARNING - No viable dags retrieved from /opt/airflow/dags/hadoop-2.7.3/share/hadoop/httpfs/tomcat/webapps/webhdfs/WEB-INF/lib/hadoop-auth-2.7.3.jar
[2022-10-22T00:03:20.014+0000] {processor.py:178} INFO - Processing /opt/airflow/dags/hadoop-2.7.3/share/hadoop/httpfs/tomcat/webapps/webhdfs/WEB-INF/lib/hadoop-auth-2.7.3.jar took 0.053 seconds
[2022-10-22T00:03:57.330+0000] {processor.py:156} INFO - Started process (PID=20662) to work on /opt/airflow/dags/hadoop-2.7.3/share/hadoop/httpfs/tomcat/webapps/webhdfs/WEB-INF/lib/hadoop-auth-2.7.3.jar
[2022-10-22T00:03:57.343+0000] {processor.py:758} INFO - Processing file /opt/airflow/dags/hadoop-2.7.3/share/hadoop/httpfs/tomcat/webapps/webhdfs/WEB-INF/lib/hadoop-auth-2.7.3.jar for tasks to queue
[2022-10-22T00:03:57.346+0000] {logging_mixin.py:117} INFO - [2022-10-22T00:03:57.346+0000] {dagbag.py:525} INFO - Filling up the DagBag from /opt/airflow/dags/hadoop-2.7.3/share/hadoop/httpfs/tomcat/webapps/webhdfs/WEB-INF/lib/hadoop-auth-2.7.3.jar
[2022-10-22T00:03:57.363+0000] {processor.py:770} WARNING - No viable dags retrieved from /opt/airflow/dags/hadoop-2.7.3/share/hadoop/httpfs/tomcat/webapps/webhdfs/WEB-INF/lib/hadoop-auth-2.7.3.jar
[2022-10-22T00:03:57.441+0000] {processor.py:178} INFO - Processing /opt/airflow/dags/hadoop-2.7.3/share/hadoop/httpfs/tomcat/webapps/webhdfs/WEB-INF/lib/hadoop-auth-2.7.3.jar took 0.123 seconds
[2022-10-22T00:04:24.656+0000] {processor.py:156} INFO - Started process (PID=18499) to work on /opt/airflow/dags/hadoop-2.7.3/share/hadoop/httpfs/tomcat/webapps/webhdfs/WEB-INF/lib/hadoop-auth-2.7.3.jar
[2022-10-22T00:04:24.663+0000] {processor.py:758} INFO - Processing file /opt/airflow/dags/hadoop-2.7.3/share/hadoop/httpfs/tomcat/webapps/webhdfs/WEB-INF/lib/hadoop-auth-2.7.3.jar for tasks to queue
[2022-10-22T00:04:24.666+0000] {logging_mixin.py:117} INFO - [2022-10-22T00:04:24.666+0000] {dagbag.py:525} INFO - Filling up the DagBag from /opt/airflow/dags/hadoop-2.7.3/share/hadoop/httpfs/tomcat/webapps/webhdfs/WEB-INF/lib/hadoop-auth-2.7.3.jar
[2022-10-22T00:04:24.674+0000] {processor.py:770} WARNING - No viable dags retrieved from /opt/airflow/dags/hadoop-2.7.3/share/hadoop/httpfs/tomcat/webapps/webhdfs/WEB-INF/lib/hadoop-auth-2.7.3.jar
[2022-10-22T00:04:24.734+0000] {processor.py:178} INFO - Processing /opt/airflow/dags/hadoop-2.7.3/share/hadoop/httpfs/tomcat/webapps/webhdfs/WEB-INF/lib/hadoop-auth-2.7.3.jar took 0.093 seconds
[2022-10-22T00:04:54.780+0000] {processor.py:156} INFO - Started process (PID=21183) to work on /opt/airflow/dags/hadoop-2.7.3/share/hadoop/httpfs/tomcat/webapps/webhdfs/WEB-INF/lib/hadoop-auth-2.7.3.jar
[2022-10-22T00:04:54.787+0000] {processor.py:758} INFO - Processing file /opt/airflow/dags/hadoop-2.7.3/share/hadoop/httpfs/tomcat/webapps/webhdfs/WEB-INF/lib/hadoop-auth-2.7.3.jar for tasks to queue
[2022-10-22T00:04:54.796+0000] {logging_mixin.py:117} INFO - [2022-10-22T00:04:54.796+0000] {dagbag.py:525} INFO - Filling up the DagBag from /opt/airflow/dags/hadoop-2.7.3/share/hadoop/httpfs/tomcat/webapps/webhdfs/WEB-INF/lib/hadoop-auth-2.7.3.jar
[2022-10-22T00:04:54.807+0000] {processor.py:770} WARNING - No viable dags retrieved from /opt/airflow/dags/hadoop-2.7.3/share/hadoop/httpfs/tomcat/webapps/webhdfs/WEB-INF/lib/hadoop-auth-2.7.3.jar
[2022-10-22T00:04:54.860+0000] {processor.py:178} INFO - Processing /opt/airflow/dags/hadoop-2.7.3/share/hadoop/httpfs/tomcat/webapps/webhdfs/WEB-INF/lib/hadoop-auth-2.7.3.jar took 0.108 seconds
[2022-10-22T00:05:20.247+0000] {processor.py:156} INFO - Started process (PID=19022) to work on /opt/airflow/dags/hadoop-2.7.3/share/hadoop/httpfs/tomcat/webapps/webhdfs/WEB-INF/lib/hadoop-auth-2.7.3.jar
[2022-10-22T00:05:20.254+0000] {processor.py:758} INFO - Processing file /opt/airflow/dags/hadoop-2.7.3/share/hadoop/httpfs/tomcat/webapps/webhdfs/WEB-INF/lib/hadoop-auth-2.7.3.jar for tasks to queue
[2022-10-22T00:05:20.256+0000] {logging_mixin.py:117} INFO - [2022-10-22T00:05:20.256+0000] {dagbag.py:525} INFO - Filling up the DagBag from /opt/airflow/dags/hadoop-2.7.3/share/hadoop/httpfs/tomcat/webapps/webhdfs/WEB-INF/lib/hadoop-auth-2.7.3.jar
[2022-10-22T00:05:20.263+0000] {processor.py:770} WARNING - No viable dags retrieved from /opt/airflow/dags/hadoop-2.7.3/share/hadoop/httpfs/tomcat/webapps/webhdfs/WEB-INF/lib/hadoop-auth-2.7.3.jar
[2022-10-22T00:05:20.308+0000] {processor.py:178} INFO - Processing /opt/airflow/dags/hadoop-2.7.3/share/hadoop/httpfs/tomcat/webapps/webhdfs/WEB-INF/lib/hadoop-auth-2.7.3.jar took 0.075 seconds
[2022-10-22T00:05:40.677+0000] {processor.py:156} INFO - Started process (PID=21656) to work on /opt/airflow/dags/hadoop-2.7.3/share/hadoop/httpfs/tomcat/webapps/webhdfs/WEB-INF/lib/hadoop-auth-2.7.3.jar
[2022-10-22T00:05:40.680+0000] {processor.py:758} INFO - Processing file /opt/airflow/dags/hadoop-2.7.3/share/hadoop/httpfs/tomcat/webapps/webhdfs/WEB-INF/lib/hadoop-auth-2.7.3.jar for tasks to queue
[2022-10-22T00:05:40.682+0000] {logging_mixin.py:117} INFO - [2022-10-22T00:05:40.682+0000] {dagbag.py:525} INFO - Filling up the DagBag from /opt/airflow/dags/hadoop-2.7.3/share/hadoop/httpfs/tomcat/webapps/webhdfs/WEB-INF/lib/hadoop-auth-2.7.3.jar
[2022-10-22T00:05:40.697+0000] {processor.py:770} WARNING - No viable dags retrieved from /opt/airflow/dags/hadoop-2.7.3/share/hadoop/httpfs/tomcat/webapps/webhdfs/WEB-INF/lib/hadoop-auth-2.7.3.jar
[2022-10-22T00:05:40.727+0000] {processor.py:178} INFO - Processing /opt/airflow/dags/hadoop-2.7.3/share/hadoop/httpfs/tomcat/webapps/webhdfs/WEB-INF/lib/hadoop-auth-2.7.3.jar took 0.068 seconds
[2022-10-22T00:06:07.471+0000] {processor.py:156} INFO - Started process (PID=19485) to work on /opt/airflow/dags/hadoop-2.7.3/share/hadoop/httpfs/tomcat/webapps/webhdfs/WEB-INF/lib/hadoop-auth-2.7.3.jar
[2022-10-22T00:06:07.476+0000] {processor.py:758} INFO - Processing file /opt/airflow/dags/hadoop-2.7.3/share/hadoop/httpfs/tomcat/webapps/webhdfs/WEB-INF/lib/hadoop-auth-2.7.3.jar for tasks to queue
[2022-10-22T00:06:07.482+0000] {logging_mixin.py:117} INFO - [2022-10-22T00:06:07.481+0000] {dagbag.py:525} INFO - Filling up the DagBag from /opt/airflow/dags/hadoop-2.7.3/share/hadoop/httpfs/tomcat/webapps/webhdfs/WEB-INF/lib/hadoop-auth-2.7.3.jar
[2022-10-22T00:06:07.498+0000] {processor.py:770} WARNING - No viable dags retrieved from /opt/airflow/dags/hadoop-2.7.3/share/hadoop/httpfs/tomcat/webapps/webhdfs/WEB-INF/lib/hadoop-auth-2.7.3.jar
[2022-10-22T00:06:07.561+0000] {processor.py:178} INFO - Processing /opt/airflow/dags/hadoop-2.7.3/share/hadoop/httpfs/tomcat/webapps/webhdfs/WEB-INF/lib/hadoop-auth-2.7.3.jar took 0.097 seconds
[2022-10-22T00:06:28.618+0000] {processor.py:156} INFO - Started process (PID=22121) to work on /opt/airflow/dags/hadoop-2.7.3/share/hadoop/httpfs/tomcat/webapps/webhdfs/WEB-INF/lib/hadoop-auth-2.7.3.jar
[2022-10-22T00:06:28.621+0000] {processor.py:758} INFO - Processing file /opt/airflow/dags/hadoop-2.7.3/share/hadoop/httpfs/tomcat/webapps/webhdfs/WEB-INF/lib/hadoop-auth-2.7.3.jar for tasks to queue
[2022-10-22T00:06:28.623+0000] {logging_mixin.py:117} INFO - [2022-10-22T00:06:28.623+0000] {dagbag.py:525} INFO - Filling up the DagBag from /opt/airflow/dags/hadoop-2.7.3/share/hadoop/httpfs/tomcat/webapps/webhdfs/WEB-INF/lib/hadoop-auth-2.7.3.jar
[2022-10-22T00:06:28.630+0000] {processor.py:770} WARNING - No viable dags retrieved from /opt/airflow/dags/hadoop-2.7.3/share/hadoop/httpfs/tomcat/webapps/webhdfs/WEB-INF/lib/hadoop-auth-2.7.3.jar
[2022-10-22T00:06:28.669+0000] {processor.py:178} INFO - Processing /opt/airflow/dags/hadoop-2.7.3/share/hadoop/httpfs/tomcat/webapps/webhdfs/WEB-INF/lib/hadoop-auth-2.7.3.jar took 0.058 seconds
[2022-10-22T00:06:56.221+0000] {processor.py:156} INFO - Started process (PID=19946) to work on /opt/airflow/dags/hadoop-2.7.3/share/hadoop/httpfs/tomcat/webapps/webhdfs/WEB-INF/lib/hadoop-auth-2.7.3.jar
[2022-10-22T00:06:56.225+0000] {processor.py:758} INFO - Processing file /opt/airflow/dags/hadoop-2.7.3/share/hadoop/httpfs/tomcat/webapps/webhdfs/WEB-INF/lib/hadoop-auth-2.7.3.jar for tasks to queue
[2022-10-22T00:06:56.228+0000] {logging_mixin.py:117} INFO - [2022-10-22T00:06:56.227+0000] {dagbag.py:525} INFO - Filling up the DagBag from /opt/airflow/dags/hadoop-2.7.3/share/hadoop/httpfs/tomcat/webapps/webhdfs/WEB-INF/lib/hadoop-auth-2.7.3.jar
[2022-10-22T00:06:56.245+0000] {processor.py:770} WARNING - No viable dags retrieved from /opt/airflow/dags/hadoop-2.7.3/share/hadoop/httpfs/tomcat/webapps/webhdfs/WEB-INF/lib/hadoop-auth-2.7.3.jar
[2022-10-22T00:06:56.295+0000] {processor.py:178} INFO - Processing /opt/airflow/dags/hadoop-2.7.3/share/hadoop/httpfs/tomcat/webapps/webhdfs/WEB-INF/lib/hadoop-auth-2.7.3.jar took 0.089 seconds
[2022-10-22T00:07:12.893+0000] {processor.py:156} INFO - Started process (PID=22580) to work on /opt/airflow/dags/hadoop-2.7.3/share/hadoop/httpfs/tomcat/webapps/webhdfs/WEB-INF/lib/hadoop-auth-2.7.3.jar
[2022-10-22T00:07:12.895+0000] {processor.py:758} INFO - Processing file /opt/airflow/dags/hadoop-2.7.3/share/hadoop/httpfs/tomcat/webapps/webhdfs/WEB-INF/lib/hadoop-auth-2.7.3.jar for tasks to queue
[2022-10-22T00:07:12.898+0000] {logging_mixin.py:117} INFO - [2022-10-22T00:07:12.897+0000] {dagbag.py:525} INFO - Filling up the DagBag from /opt/airflow/dags/hadoop-2.7.3/share/hadoop/httpfs/tomcat/webapps/webhdfs/WEB-INF/lib/hadoop-auth-2.7.3.jar
[2022-10-22T00:07:12.906+0000] {processor.py:770} WARNING - No viable dags retrieved from /opt/airflow/dags/hadoop-2.7.3/share/hadoop/httpfs/tomcat/webapps/webhdfs/WEB-INF/lib/hadoop-auth-2.7.3.jar
[2022-10-22T00:07:12.941+0000] {processor.py:178} INFO - Processing /opt/airflow/dags/hadoop-2.7.3/share/hadoop/httpfs/tomcat/webapps/webhdfs/WEB-INF/lib/hadoop-auth-2.7.3.jar took 0.054 seconds
[2022-10-22T00:08:22.786+0000] {processor.py:156} INFO - Started process (PID=20414) to work on /opt/airflow/dags/hadoop-2.7.3/share/hadoop/httpfs/tomcat/webapps/webhdfs/WEB-INF/lib/hadoop-auth-2.7.3.jar
[2022-10-22T00:08:22.790+0000] {processor.py:758} INFO - Processing file /opt/airflow/dags/hadoop-2.7.3/share/hadoop/httpfs/tomcat/webapps/webhdfs/WEB-INF/lib/hadoop-auth-2.7.3.jar for tasks to queue
[2022-10-22T00:08:22.792+0000] {logging_mixin.py:117} INFO - [2022-10-22T00:08:22.792+0000] {dagbag.py:525} INFO - Filling up the DagBag from /opt/airflow/dags/hadoop-2.7.3/share/hadoop/httpfs/tomcat/webapps/webhdfs/WEB-INF/lib/hadoop-auth-2.7.3.jar
[2022-10-22T00:08:22.801+0000] {processor.py:770} WARNING - No viable dags retrieved from /opt/airflow/dags/hadoop-2.7.3/share/hadoop/httpfs/tomcat/webapps/webhdfs/WEB-INF/lib/hadoop-auth-2.7.3.jar
[2022-10-22T00:08:22.834+0000] {processor.py:178} INFO - Processing /opt/airflow/dags/hadoop-2.7.3/share/hadoop/httpfs/tomcat/webapps/webhdfs/WEB-INF/lib/hadoop-auth-2.7.3.jar took 0.056 seconds
[2022-10-22T00:08:36.917+0000] {processor.py:156} INFO - Started process (PID=23034) to work on /opt/airflow/dags/hadoop-2.7.3/share/hadoop/httpfs/tomcat/webapps/webhdfs/WEB-INF/lib/hadoop-auth-2.7.3.jar
[2022-10-22T00:08:36.919+0000] {processor.py:758} INFO - Processing file /opt/airflow/dags/hadoop-2.7.3/share/hadoop/httpfs/tomcat/webapps/webhdfs/WEB-INF/lib/hadoop-auth-2.7.3.jar for tasks to queue
[2022-10-22T00:08:36.923+0000] {logging_mixin.py:117} INFO - [2022-10-22T00:08:36.922+0000] {dagbag.py:525} INFO - Filling up the DagBag from /opt/airflow/dags/hadoop-2.7.3/share/hadoop/httpfs/tomcat/webapps/webhdfs/WEB-INF/lib/hadoop-auth-2.7.3.jar
[2022-10-22T00:08:36.933+0000] {processor.py:770} WARNING - No viable dags retrieved from /opt/airflow/dags/hadoop-2.7.3/share/hadoop/httpfs/tomcat/webapps/webhdfs/WEB-INF/lib/hadoop-auth-2.7.3.jar
[2022-10-22T00:08:36.972+0000] {processor.py:178} INFO - Processing /opt/airflow/dags/hadoop-2.7.3/share/hadoop/httpfs/tomcat/webapps/webhdfs/WEB-INF/lib/hadoop-auth-2.7.3.jar took 0.065 seconds
[2022-10-22T00:09:31.864+0000] {processor.py:156} INFO - Started process (PID=21050) to work on /opt/airflow/dags/hadoop-2.7.3/share/hadoop/httpfs/tomcat/webapps/webhdfs/WEB-INF/lib/hadoop-auth-2.7.3.jar
[2022-10-22T00:09:31.875+0000] {processor.py:758} INFO - Processing file /opt/airflow/dags/hadoop-2.7.3/share/hadoop/httpfs/tomcat/webapps/webhdfs/WEB-INF/lib/hadoop-auth-2.7.3.jar for tasks to queue
[2022-10-22T00:09:31.883+0000] {logging_mixin.py:117} INFO - [2022-10-22T00:09:31.883+0000] {dagbag.py:525} INFO - Filling up the DagBag from /opt/airflow/dags/hadoop-2.7.3/share/hadoop/httpfs/tomcat/webapps/webhdfs/WEB-INF/lib/hadoop-auth-2.7.3.jar
[2022-10-22T00:09:31.918+0000] {processor.py:770} WARNING - No viable dags retrieved from /opt/airflow/dags/hadoop-2.7.3/share/hadoop/httpfs/tomcat/webapps/webhdfs/WEB-INF/lib/hadoop-auth-2.7.3.jar
[2022-10-22T00:09:32.015+0000] {processor.py:178} INFO - Processing /opt/airflow/dags/hadoop-2.7.3/share/hadoop/httpfs/tomcat/webapps/webhdfs/WEB-INF/lib/hadoop-auth-2.7.3.jar took 0.169 seconds
[2022-10-22T00:09:35.528+0000] {processor.py:156} INFO - Started process (PID=23577) to work on /opt/airflow/dags/hadoop-2.7.3/share/hadoop/httpfs/tomcat/webapps/webhdfs/WEB-INF/lib/hadoop-auth-2.7.3.jar
[2022-10-22T00:09:35.530+0000] {processor.py:758} INFO - Processing file /opt/airflow/dags/hadoop-2.7.3/share/hadoop/httpfs/tomcat/webapps/webhdfs/WEB-INF/lib/hadoop-auth-2.7.3.jar for tasks to queue
[2022-10-22T00:09:35.533+0000] {logging_mixin.py:117} INFO - [2022-10-22T00:09:35.532+0000] {dagbag.py:525} INFO - Filling up the DagBag from /opt/airflow/dags/hadoop-2.7.3/share/hadoop/httpfs/tomcat/webapps/webhdfs/WEB-INF/lib/hadoop-auth-2.7.3.jar
[2022-10-22T00:09:35.541+0000] {processor.py:770} WARNING - No viable dags retrieved from /opt/airflow/dags/hadoop-2.7.3/share/hadoop/httpfs/tomcat/webapps/webhdfs/WEB-INF/lib/hadoop-auth-2.7.3.jar
[2022-10-22T00:09:35.585+0000] {processor.py:178} INFO - Processing /opt/airflow/dags/hadoop-2.7.3/share/hadoop/httpfs/tomcat/webapps/webhdfs/WEB-INF/lib/hadoop-auth-2.7.3.jar took 0.069 seconds
[2022-10-22T00:11:27.215+0000] {processor.py:156} INFO - Started process (PID=24024) to work on /opt/airflow/dags/hadoop-2.7.3/share/hadoop/httpfs/tomcat/webapps/webhdfs/WEB-INF/lib/hadoop-auth-2.7.3.jar
[2022-10-22T00:11:27.217+0000] {processor.py:758} INFO - Processing file /opt/airflow/dags/hadoop-2.7.3/share/hadoop/httpfs/tomcat/webapps/webhdfs/WEB-INF/lib/hadoop-auth-2.7.3.jar for tasks to queue
[2022-10-22T00:11:27.218+0000] {logging_mixin.py:117} INFO - [2022-10-22T00:11:27.218+0000] {dagbag.py:525} INFO - Filling up the DagBag from /opt/airflow/dags/hadoop-2.7.3/share/hadoop/httpfs/tomcat/webapps/webhdfs/WEB-INF/lib/hadoop-auth-2.7.3.jar
[2022-10-22T00:11:27.223+0000] {processor.py:770} WARNING - No viable dags retrieved from /opt/airflow/dags/hadoop-2.7.3/share/hadoop/httpfs/tomcat/webapps/webhdfs/WEB-INF/lib/hadoop-auth-2.7.3.jar
[2022-10-22T00:11:27.245+0000] {processor.py:178} INFO - Processing /opt/airflow/dags/hadoop-2.7.3/share/hadoop/httpfs/tomcat/webapps/webhdfs/WEB-INF/lib/hadoop-auth-2.7.3.jar took 0.035 seconds
[2022-10-22T00:11:28.687+0000] {processor.py:156} INFO - Started process (PID=21567) to work on /opt/airflow/dags/hadoop-2.7.3/share/hadoop/httpfs/tomcat/webapps/webhdfs/WEB-INF/lib/hadoop-auth-2.7.3.jar
[2022-10-22T00:11:28.689+0000] {processor.py:758} INFO - Processing file /opt/airflow/dags/hadoop-2.7.3/share/hadoop/httpfs/tomcat/webapps/webhdfs/WEB-INF/lib/hadoop-auth-2.7.3.jar for tasks to queue
[2022-10-22T00:11:28.691+0000] {logging_mixin.py:117} INFO - [2022-10-22T00:11:28.691+0000] {dagbag.py:525} INFO - Filling up the DagBag from /opt/airflow/dags/hadoop-2.7.3/share/hadoop/httpfs/tomcat/webapps/webhdfs/WEB-INF/lib/hadoop-auth-2.7.3.jar
[2022-10-22T00:11:28.697+0000] {processor.py:770} WARNING - No viable dags retrieved from /opt/airflow/dags/hadoop-2.7.3/share/hadoop/httpfs/tomcat/webapps/webhdfs/WEB-INF/lib/hadoop-auth-2.7.3.jar
[2022-10-22T00:11:28.726+0000] {processor.py:178} INFO - Processing /opt/airflow/dags/hadoop-2.7.3/share/hadoop/httpfs/tomcat/webapps/webhdfs/WEB-INF/lib/hadoop-auth-2.7.3.jar took 0.047 seconds
[2022-10-22T00:12:04.050+0000] {processor.py:156} INFO - Started process (PID=24534) to work on /opt/airflow/dags/hadoop-2.7.3/share/hadoop/httpfs/tomcat/webapps/webhdfs/WEB-INF/lib/hadoop-auth-2.7.3.jar
[2022-10-22T00:12:04.054+0000] {processor.py:758} INFO - Processing file /opt/airflow/dags/hadoop-2.7.3/share/hadoop/httpfs/tomcat/webapps/webhdfs/WEB-INF/lib/hadoop-auth-2.7.3.jar for tasks to queue
[2022-10-22T00:12:04.059+0000] {logging_mixin.py:117} INFO - [2022-10-22T00:12:04.058+0000] {dagbag.py:525} INFO - Filling up the DagBag from /opt/airflow/dags/hadoop-2.7.3/share/hadoop/httpfs/tomcat/webapps/webhdfs/WEB-INF/lib/hadoop-auth-2.7.3.jar
[2022-10-22T00:12:04.066+0000] {processor.py:770} WARNING - No viable dags retrieved from /opt/airflow/dags/hadoop-2.7.3/share/hadoop/httpfs/tomcat/webapps/webhdfs/WEB-INF/lib/hadoop-auth-2.7.3.jar
[2022-10-22T00:12:04.122+0000] {processor.py:178} INFO - Processing /opt/airflow/dags/hadoop-2.7.3/share/hadoop/httpfs/tomcat/webapps/webhdfs/WEB-INF/lib/hadoop-auth-2.7.3.jar took 0.093 seconds
[2022-10-22T00:12:07.160+0000] {processor.py:156} INFO - Started process (PID=22084) to work on /opt/airflow/dags/hadoop-2.7.3/share/hadoop/httpfs/tomcat/webapps/webhdfs/WEB-INF/lib/hadoop-auth-2.7.3.jar
[2022-10-22T00:12:07.162+0000] {processor.py:758} INFO - Processing file /opt/airflow/dags/hadoop-2.7.3/share/hadoop/httpfs/tomcat/webapps/webhdfs/WEB-INF/lib/hadoop-auth-2.7.3.jar for tasks to queue
[2022-10-22T00:12:07.164+0000] {logging_mixin.py:117} INFO - [2022-10-22T00:12:07.164+0000] {dagbag.py:525} INFO - Filling up the DagBag from /opt/airflow/dags/hadoop-2.7.3/share/hadoop/httpfs/tomcat/webapps/webhdfs/WEB-INF/lib/hadoop-auth-2.7.3.jar
[2022-10-22T00:12:07.169+0000] {processor.py:770} WARNING - No viable dags retrieved from /opt/airflow/dags/hadoop-2.7.3/share/hadoop/httpfs/tomcat/webapps/webhdfs/WEB-INF/lib/hadoop-auth-2.7.3.jar
[2022-10-22T00:12:07.230+0000] {processor.py:178} INFO - Processing /opt/airflow/dags/hadoop-2.7.3/share/hadoop/httpfs/tomcat/webapps/webhdfs/WEB-INF/lib/hadoop-auth-2.7.3.jar took 0.076 seconds
[2022-10-22T00:15:13.561+0000] {processor.py:156} INFO - Started process (PID=22553) to work on /opt/airflow/dags/hadoop-2.7.3/share/hadoop/httpfs/tomcat/webapps/webhdfs/WEB-INF/lib/hadoop-auth-2.7.3.jar
[2022-10-22T00:15:13.564+0000] {processor.py:758} INFO - Processing file /opt/airflow/dags/hadoop-2.7.3/share/hadoop/httpfs/tomcat/webapps/webhdfs/WEB-INF/lib/hadoop-auth-2.7.3.jar for tasks to queue
[2022-10-22T00:15:13.566+0000] {logging_mixin.py:117} INFO - [2022-10-22T00:15:13.565+0000] {dagbag.py:525} INFO - Filling up the DagBag from /opt/airflow/dags/hadoop-2.7.3/share/hadoop/httpfs/tomcat/webapps/webhdfs/WEB-INF/lib/hadoop-auth-2.7.3.jar
[2022-10-22T00:15:13.579+0000] {processor.py:770} WARNING - No viable dags retrieved from /opt/airflow/dags/hadoop-2.7.3/share/hadoop/httpfs/tomcat/webapps/webhdfs/WEB-INF/lib/hadoop-auth-2.7.3.jar
[2022-10-22T00:15:13.612+0000] {processor.py:178} INFO - Processing /opt/airflow/dags/hadoop-2.7.3/share/hadoop/httpfs/tomcat/webapps/webhdfs/WEB-INF/lib/hadoop-auth-2.7.3.jar took 0.057 seconds
[2022-10-22T00:15:27.197+0000] {processor.py:156} INFO - Started process (PID=25112) to work on /opt/airflow/dags/hadoop-2.7.3/share/hadoop/httpfs/tomcat/webapps/webhdfs/WEB-INF/lib/hadoop-auth-2.7.3.jar
[2022-10-22T00:15:27.200+0000] {processor.py:758} INFO - Processing file /opt/airflow/dags/hadoop-2.7.3/share/hadoop/httpfs/tomcat/webapps/webhdfs/WEB-INF/lib/hadoop-auth-2.7.3.jar for tasks to queue
[2022-10-22T00:15:27.206+0000] {logging_mixin.py:117} INFO - [2022-10-22T00:15:27.206+0000] {dagbag.py:525} INFO - Filling up the DagBag from /opt/airflow/dags/hadoop-2.7.3/share/hadoop/httpfs/tomcat/webapps/webhdfs/WEB-INF/lib/hadoop-auth-2.7.3.jar
[2022-10-22T00:15:27.219+0000] {processor.py:770} WARNING - No viable dags retrieved from /opt/airflow/dags/hadoop-2.7.3/share/hadoop/httpfs/tomcat/webapps/webhdfs/WEB-INF/lib/hadoop-auth-2.7.3.jar
[2022-10-22T00:15:27.266+0000] {processor.py:178} INFO - Processing /opt/airflow/dags/hadoop-2.7.3/share/hadoop/httpfs/tomcat/webapps/webhdfs/WEB-INF/lib/hadoop-auth-2.7.3.jar took 0.077 seconds
[2022-10-22T00:16:03.143+0000] {processor.py:156} INFO - Started process (PID=23069) to work on /opt/airflow/dags/hadoop-2.7.3/share/hadoop/httpfs/tomcat/webapps/webhdfs/WEB-INF/lib/hadoop-auth-2.7.3.jar
[2022-10-22T00:16:03.148+0000] {processor.py:758} INFO - Processing file /opt/airflow/dags/hadoop-2.7.3/share/hadoop/httpfs/tomcat/webapps/webhdfs/WEB-INF/lib/hadoop-auth-2.7.3.jar for tasks to queue
[2022-10-22T00:16:03.154+0000] {logging_mixin.py:117} INFO - [2022-10-22T00:16:03.152+0000] {dagbag.py:525} INFO - Filling up the DagBag from /opt/airflow/dags/hadoop-2.7.3/share/hadoop/httpfs/tomcat/webapps/webhdfs/WEB-INF/lib/hadoop-auth-2.7.3.jar
[2022-10-22T00:16:03.163+0000] {processor.py:770} WARNING - No viable dags retrieved from /opt/airflow/dags/hadoop-2.7.3/share/hadoop/httpfs/tomcat/webapps/webhdfs/WEB-INF/lib/hadoop-auth-2.7.3.jar
[2022-10-22T00:16:03.207+0000] {processor.py:178} INFO - Processing /opt/airflow/dags/hadoop-2.7.3/share/hadoop/httpfs/tomcat/webapps/webhdfs/WEB-INF/lib/hadoop-auth-2.7.3.jar took 0.073 seconds
[2022-10-22T00:16:13.495+0000] {processor.py:156} INFO - Started process (PID=25635) to work on /opt/airflow/dags/hadoop-2.7.3/share/hadoop/httpfs/tomcat/webapps/webhdfs/WEB-INF/lib/hadoop-auth-2.7.3.jar
[2022-10-22T00:16:13.498+0000] {processor.py:758} INFO - Processing file /opt/airflow/dags/hadoop-2.7.3/share/hadoop/httpfs/tomcat/webapps/webhdfs/WEB-INF/lib/hadoop-auth-2.7.3.jar for tasks to queue
[2022-10-22T00:16:13.500+0000] {logging_mixin.py:117} INFO - [2022-10-22T00:16:13.500+0000] {dagbag.py:525} INFO - Filling up the DagBag from /opt/airflow/dags/hadoop-2.7.3/share/hadoop/httpfs/tomcat/webapps/webhdfs/WEB-INF/lib/hadoop-auth-2.7.3.jar
[2022-10-22T00:16:13.511+0000] {processor.py:770} WARNING - No viable dags retrieved from /opt/airflow/dags/hadoop-2.7.3/share/hadoop/httpfs/tomcat/webapps/webhdfs/WEB-INF/lib/hadoop-auth-2.7.3.jar
[2022-10-22T00:16:13.552+0000] {processor.py:178} INFO - Processing /opt/airflow/dags/hadoop-2.7.3/share/hadoop/httpfs/tomcat/webapps/webhdfs/WEB-INF/lib/hadoop-auth-2.7.3.jar took 0.072 seconds
[2022-10-22T00:16:50.030+0000] {processor.py:156} INFO - Started process (PID=23595) to work on /opt/airflow/dags/hadoop-2.7.3/share/hadoop/httpfs/tomcat/webapps/webhdfs/WEB-INF/lib/hadoop-auth-2.7.3.jar
[2022-10-22T00:16:50.033+0000] {processor.py:758} INFO - Processing file /opt/airflow/dags/hadoop-2.7.3/share/hadoop/httpfs/tomcat/webapps/webhdfs/WEB-INF/lib/hadoop-auth-2.7.3.jar for tasks to queue
[2022-10-22T00:16:50.037+0000] {logging_mixin.py:117} INFO - [2022-10-22T00:16:50.037+0000] {dagbag.py:525} INFO - Filling up the DagBag from /opt/airflow/dags/hadoop-2.7.3/share/hadoop/httpfs/tomcat/webapps/webhdfs/WEB-INF/lib/hadoop-auth-2.7.3.jar
[2022-10-22T00:16:50.045+0000] {processor.py:770} WARNING - No viable dags retrieved from /opt/airflow/dags/hadoop-2.7.3/share/hadoop/httpfs/tomcat/webapps/webhdfs/WEB-INF/lib/hadoop-auth-2.7.3.jar
[2022-10-22T00:16:50.077+0000] {processor.py:178} INFO - Processing /opt/airflow/dags/hadoop-2.7.3/share/hadoop/httpfs/tomcat/webapps/webhdfs/WEB-INF/lib/hadoop-auth-2.7.3.jar took 0.056 seconds
[2022-10-22T00:17:01.049+0000] {processor.py:156} INFO - Started process (PID=26150) to work on /opt/airflow/dags/hadoop-2.7.3/share/hadoop/httpfs/tomcat/webapps/webhdfs/WEB-INF/lib/hadoop-auth-2.7.3.jar
[2022-10-22T00:17:01.053+0000] {processor.py:758} INFO - Processing file /opt/airflow/dags/hadoop-2.7.3/share/hadoop/httpfs/tomcat/webapps/webhdfs/WEB-INF/lib/hadoop-auth-2.7.3.jar for tasks to queue
[2022-10-22T00:17:01.062+0000] {logging_mixin.py:117} INFO - [2022-10-22T00:17:01.062+0000] {dagbag.py:525} INFO - Filling up the DagBag from /opt/airflow/dags/hadoop-2.7.3/share/hadoop/httpfs/tomcat/webapps/webhdfs/WEB-INF/lib/hadoop-auth-2.7.3.jar
[2022-10-22T00:17:01.077+0000] {processor.py:770} WARNING - No viable dags retrieved from /opt/airflow/dags/hadoop-2.7.3/share/hadoop/httpfs/tomcat/webapps/webhdfs/WEB-INF/lib/hadoop-auth-2.7.3.jar
[2022-10-22T00:17:01.153+0000] {processor.py:178} INFO - Processing /opt/airflow/dags/hadoop-2.7.3/share/hadoop/httpfs/tomcat/webapps/webhdfs/WEB-INF/lib/hadoop-auth-2.7.3.jar took 0.125 seconds
[2022-10-22T00:17:43.032+0000] {processor.py:156} INFO - Started process (PID=24119) to work on /opt/airflow/dags/hadoop-2.7.3/share/hadoop/httpfs/tomcat/webapps/webhdfs/WEB-INF/lib/hadoop-auth-2.7.3.jar
[2022-10-22T00:17:43.034+0000] {processor.py:758} INFO - Processing file /opt/airflow/dags/hadoop-2.7.3/share/hadoop/httpfs/tomcat/webapps/webhdfs/WEB-INF/lib/hadoop-auth-2.7.3.jar for tasks to queue
[2022-10-22T00:17:43.036+0000] {logging_mixin.py:117} INFO - [2022-10-22T00:17:43.036+0000] {dagbag.py:525} INFO - Filling up the DagBag from /opt/airflow/dags/hadoop-2.7.3/share/hadoop/httpfs/tomcat/webapps/webhdfs/WEB-INF/lib/hadoop-auth-2.7.3.jar
[2022-10-22T00:17:43.044+0000] {processor.py:770} WARNING - No viable dags retrieved from /opt/airflow/dags/hadoop-2.7.3/share/hadoop/httpfs/tomcat/webapps/webhdfs/WEB-INF/lib/hadoop-auth-2.7.3.jar
[2022-10-22T00:17:43.081+0000] {processor.py:178} INFO - Processing /opt/airflow/dags/hadoop-2.7.3/share/hadoop/httpfs/tomcat/webapps/webhdfs/WEB-INF/lib/hadoop-auth-2.7.3.jar took 0.059 seconds
[2022-10-22T00:17:51.519+0000] {processor.py:156} INFO - Started process (PID=26682) to work on /opt/airflow/dags/hadoop-2.7.3/share/hadoop/httpfs/tomcat/webapps/webhdfs/WEB-INF/lib/hadoop-auth-2.7.3.jar
[2022-10-22T00:17:51.522+0000] {processor.py:758} INFO - Processing file /opt/airflow/dags/hadoop-2.7.3/share/hadoop/httpfs/tomcat/webapps/webhdfs/WEB-INF/lib/hadoop-auth-2.7.3.jar for tasks to queue
[2022-10-22T00:17:51.524+0000] {logging_mixin.py:117} INFO - [2022-10-22T00:17:51.524+0000] {dagbag.py:525} INFO - Filling up the DagBag from /opt/airflow/dags/hadoop-2.7.3/share/hadoop/httpfs/tomcat/webapps/webhdfs/WEB-INF/lib/hadoop-auth-2.7.3.jar
[2022-10-22T00:17:51.531+0000] {processor.py:770} WARNING - No viable dags retrieved from /opt/airflow/dags/hadoop-2.7.3/share/hadoop/httpfs/tomcat/webapps/webhdfs/WEB-INF/lib/hadoop-auth-2.7.3.jar
[2022-10-22T00:17:51.573+0000] {processor.py:178} INFO - Processing /opt/airflow/dags/hadoop-2.7.3/share/hadoop/httpfs/tomcat/webapps/webhdfs/WEB-INF/lib/hadoop-auth-2.7.3.jar took 0.063 seconds
[2022-10-22T00:18:22.870+0000] {processor.py:156} INFO - Started process (PID=24531) to work on /opt/airflow/dags/hadoop-2.7.3/share/hadoop/httpfs/tomcat/webapps/webhdfs/WEB-INF/lib/hadoop-auth-2.7.3.jar
[2022-10-22T00:18:22.873+0000] {processor.py:758} INFO - Processing file /opt/airflow/dags/hadoop-2.7.3/share/hadoop/httpfs/tomcat/webapps/webhdfs/WEB-INF/lib/hadoop-auth-2.7.3.jar for tasks to queue
[2022-10-22T00:18:22.882+0000] {logging_mixin.py:117} INFO - [2022-10-22T00:18:22.882+0000] {dagbag.py:525} INFO - Filling up the DagBag from /opt/airflow/dags/hadoop-2.7.3/share/hadoop/httpfs/tomcat/webapps/webhdfs/WEB-INF/lib/hadoop-auth-2.7.3.jar
[2022-10-22T00:18:22.888+0000] {processor.py:770} WARNING - No viable dags retrieved from /opt/airflow/dags/hadoop-2.7.3/share/hadoop/httpfs/tomcat/webapps/webhdfs/WEB-INF/lib/hadoop-auth-2.7.3.jar
[2022-10-22T00:18:22.966+0000] {processor.py:178} INFO - Processing /opt/airflow/dags/hadoop-2.7.3/share/hadoop/httpfs/tomcat/webapps/webhdfs/WEB-INF/lib/hadoop-auth-2.7.3.jar took 0.112 seconds
[2022-10-22T00:18:44.215+0000] {processor.py:156} INFO - Started process (PID=27243) to work on /opt/airflow/dags/hadoop-2.7.3/share/hadoop/httpfs/tomcat/webapps/webhdfs/WEB-INF/lib/hadoop-auth-2.7.3.jar
[2022-10-22T00:18:44.219+0000] {processor.py:758} INFO - Processing file /opt/airflow/dags/hadoop-2.7.3/share/hadoop/httpfs/tomcat/webapps/webhdfs/WEB-INF/lib/hadoop-auth-2.7.3.jar for tasks to queue
[2022-10-22T00:18:44.223+0000] {logging_mixin.py:117} INFO - [2022-10-22T00:18:44.223+0000] {dagbag.py:525} INFO - Filling up the DagBag from /opt/airflow/dags/hadoop-2.7.3/share/hadoop/httpfs/tomcat/webapps/webhdfs/WEB-INF/lib/hadoop-auth-2.7.3.jar
[2022-10-22T00:18:44.237+0000] {processor.py:770} WARNING - No viable dags retrieved from /opt/airflow/dags/hadoop-2.7.3/share/hadoop/httpfs/tomcat/webapps/webhdfs/WEB-INF/lib/hadoop-auth-2.7.3.jar
[2022-10-22T00:18:44.294+0000] {processor.py:178} INFO - Processing /opt/airflow/dags/hadoop-2.7.3/share/hadoop/httpfs/tomcat/webapps/webhdfs/WEB-INF/lib/hadoop-auth-2.7.3.jar took 0.084 seconds
[2022-10-22T00:19:02.893+0000] {processor.py:156} INFO - Started process (PID=24949) to work on /opt/airflow/dags/hadoop-2.7.3/share/hadoop/httpfs/tomcat/webapps/webhdfs/WEB-INF/lib/hadoop-auth-2.7.3.jar
[2022-10-22T00:19:02.896+0000] {processor.py:758} INFO - Processing file /opt/airflow/dags/hadoop-2.7.3/share/hadoop/httpfs/tomcat/webapps/webhdfs/WEB-INF/lib/hadoop-auth-2.7.3.jar for tasks to queue
[2022-10-22T00:19:02.898+0000] {logging_mixin.py:117} INFO - [2022-10-22T00:19:02.898+0000] {dagbag.py:525} INFO - Filling up the DagBag from /opt/airflow/dags/hadoop-2.7.3/share/hadoop/httpfs/tomcat/webapps/webhdfs/WEB-INF/lib/hadoop-auth-2.7.3.jar
[2022-10-22T00:19:02.905+0000] {processor.py:770} WARNING - No viable dags retrieved from /opt/airflow/dags/hadoop-2.7.3/share/hadoop/httpfs/tomcat/webapps/webhdfs/WEB-INF/lib/hadoop-auth-2.7.3.jar
[2022-10-22T00:19:02.961+0000] {processor.py:178} INFO - Processing /opt/airflow/dags/hadoop-2.7.3/share/hadoop/httpfs/tomcat/webapps/webhdfs/WEB-INF/lib/hadoop-auth-2.7.3.jar took 0.075 seconds
[2022-10-22T00:20:17.811+0000] {processor.py:156} INFO - Started process (PID=27873) to work on /opt/airflow/dags/hadoop-2.7.3/share/hadoop/httpfs/tomcat/webapps/webhdfs/WEB-INF/lib/hadoop-auth-2.7.3.jar
[2022-10-22T00:20:17.814+0000] {processor.py:758} INFO - Processing file /opt/airflow/dags/hadoop-2.7.3/share/hadoop/httpfs/tomcat/webapps/webhdfs/WEB-INF/lib/hadoop-auth-2.7.3.jar for tasks to queue
[2022-10-22T00:20:17.816+0000] {logging_mixin.py:117} INFO - [2022-10-22T00:20:17.816+0000] {dagbag.py:525} INFO - Filling up the DagBag from /opt/airflow/dags/hadoop-2.7.3/share/hadoop/httpfs/tomcat/webapps/webhdfs/WEB-INF/lib/hadoop-auth-2.7.3.jar
[2022-10-22T00:20:17.824+0000] {processor.py:770} WARNING - No viable dags retrieved from /opt/airflow/dags/hadoop-2.7.3/share/hadoop/httpfs/tomcat/webapps/webhdfs/WEB-INF/lib/hadoop-auth-2.7.3.jar
[2022-10-22T00:20:17.870+0000] {processor.py:178} INFO - Processing /opt/airflow/dags/hadoop-2.7.3/share/hadoop/httpfs/tomcat/webapps/webhdfs/WEB-INF/lib/hadoop-auth-2.7.3.jar took 0.068 seconds
[2022-10-22T00:20:30.004+0000] {processor.py:156} INFO - Started process (PID=25462) to work on /opt/airflow/dags/hadoop-2.7.3/share/hadoop/httpfs/tomcat/webapps/webhdfs/WEB-INF/lib/hadoop-auth-2.7.3.jar
[2022-10-22T00:20:30.008+0000] {processor.py:758} INFO - Processing file /opt/airflow/dags/hadoop-2.7.3/share/hadoop/httpfs/tomcat/webapps/webhdfs/WEB-INF/lib/hadoop-auth-2.7.3.jar for tasks to queue
[2022-10-22T00:20:30.012+0000] {logging_mixin.py:117} INFO - [2022-10-22T00:20:30.011+0000] {dagbag.py:525} INFO - Filling up the DagBag from /opt/airflow/dags/hadoop-2.7.3/share/hadoop/httpfs/tomcat/webapps/webhdfs/WEB-INF/lib/hadoop-auth-2.7.3.jar
[2022-10-22T00:20:30.028+0000] {processor.py:770} WARNING - No viable dags retrieved from /opt/airflow/dags/hadoop-2.7.3/share/hadoop/httpfs/tomcat/webapps/webhdfs/WEB-INF/lib/hadoop-auth-2.7.3.jar
[2022-10-22T00:20:30.069+0000] {processor.py:178} INFO - Processing /opt/airflow/dags/hadoop-2.7.3/share/hadoop/httpfs/tomcat/webapps/webhdfs/WEB-INF/lib/hadoop-auth-2.7.3.jar took 0.074 seconds
[2022-10-22T00:21:15.387+0000] {processor.py:156} INFO - Started process (PID=28434) to work on /opt/airflow/dags/hadoop-2.7.3/share/hadoop/httpfs/tomcat/webapps/webhdfs/WEB-INF/lib/hadoop-auth-2.7.3.jar
[2022-10-22T00:21:15.391+0000] {processor.py:758} INFO - Processing file /opt/airflow/dags/hadoop-2.7.3/share/hadoop/httpfs/tomcat/webapps/webhdfs/WEB-INF/lib/hadoop-auth-2.7.3.jar for tasks to queue
[2022-10-22T00:21:15.400+0000] {logging_mixin.py:117} INFO - [2022-10-22T00:21:15.400+0000] {dagbag.py:525} INFO - Filling up the DagBag from /opt/airflow/dags/hadoop-2.7.3/share/hadoop/httpfs/tomcat/webapps/webhdfs/WEB-INF/lib/hadoop-auth-2.7.3.jar
[2022-10-22T00:21:15.416+0000] {processor.py:770} WARNING - No viable dags retrieved from /opt/airflow/dags/hadoop-2.7.3/share/hadoop/httpfs/tomcat/webapps/webhdfs/WEB-INF/lib/hadoop-auth-2.7.3.jar
[2022-10-22T00:21:15.485+0000] {processor.py:178} INFO - Processing /opt/airflow/dags/hadoop-2.7.3/share/hadoop/httpfs/tomcat/webapps/webhdfs/WEB-INF/lib/hadoop-auth-2.7.3.jar took 0.112 seconds
[2022-10-22T00:21:23.494+0000] {processor.py:156} INFO - Started process (PID=25987) to work on /opt/airflow/dags/hadoop-2.7.3/share/hadoop/httpfs/tomcat/webapps/webhdfs/WEB-INF/lib/hadoop-auth-2.7.3.jar
[2022-10-22T00:21:23.501+0000] {processor.py:758} INFO - Processing file /opt/airflow/dags/hadoop-2.7.3/share/hadoop/httpfs/tomcat/webapps/webhdfs/WEB-INF/lib/hadoop-auth-2.7.3.jar for tasks to queue
[2022-10-22T00:21:23.504+0000] {logging_mixin.py:117} INFO - [2022-10-22T00:21:23.503+0000] {dagbag.py:525} INFO - Filling up the DagBag from /opt/airflow/dags/hadoop-2.7.3/share/hadoop/httpfs/tomcat/webapps/webhdfs/WEB-INF/lib/hadoop-auth-2.7.3.jar
[2022-10-22T00:21:23.512+0000] {processor.py:770} WARNING - No viable dags retrieved from /opt/airflow/dags/hadoop-2.7.3/share/hadoop/httpfs/tomcat/webapps/webhdfs/WEB-INF/lib/hadoop-auth-2.7.3.jar
[2022-10-22T00:21:23.560+0000] {processor.py:178} INFO - Processing /opt/airflow/dags/hadoop-2.7.3/share/hadoop/httpfs/tomcat/webapps/webhdfs/WEB-INF/lib/hadoop-auth-2.7.3.jar took 0.073 seconds
[2022-10-22T00:22:00.244+0000] {processor.py:156} INFO - Started process (PID=28860) to work on /opt/airflow/dags/hadoop-2.7.3/share/hadoop/httpfs/tomcat/webapps/webhdfs/WEB-INF/lib/hadoop-auth-2.7.3.jar
[2022-10-22T00:22:00.246+0000] {processor.py:758} INFO - Processing file /opt/airflow/dags/hadoop-2.7.3/share/hadoop/httpfs/tomcat/webapps/webhdfs/WEB-INF/lib/hadoop-auth-2.7.3.jar for tasks to queue
[2022-10-22T00:22:00.249+0000] {logging_mixin.py:117} INFO - [2022-10-22T00:22:00.249+0000] {dagbag.py:525} INFO - Filling up the DagBag from /opt/airflow/dags/hadoop-2.7.3/share/hadoop/httpfs/tomcat/webapps/webhdfs/WEB-INF/lib/hadoop-auth-2.7.3.jar
[2022-10-22T00:22:00.259+0000] {processor.py:770} WARNING - No viable dags retrieved from /opt/airflow/dags/hadoop-2.7.3/share/hadoop/httpfs/tomcat/webapps/webhdfs/WEB-INF/lib/hadoop-auth-2.7.3.jar
[2022-10-22T00:22:00.322+0000] {processor.py:178} INFO - Processing /opt/airflow/dags/hadoop-2.7.3/share/hadoop/httpfs/tomcat/webapps/webhdfs/WEB-INF/lib/hadoop-auth-2.7.3.jar took 0.087 seconds
[2022-10-22T00:22:13.381+0000] {processor.py:156} INFO - Started process (PID=26449) to work on /opt/airflow/dags/hadoop-2.7.3/share/hadoop/httpfs/tomcat/webapps/webhdfs/WEB-INF/lib/hadoop-auth-2.7.3.jar
[2022-10-22T00:22:13.383+0000] {processor.py:758} INFO - Processing file /opt/airflow/dags/hadoop-2.7.3/share/hadoop/httpfs/tomcat/webapps/webhdfs/WEB-INF/lib/hadoop-auth-2.7.3.jar for tasks to queue
[2022-10-22T00:22:13.387+0000] {logging_mixin.py:117} INFO - [2022-10-22T00:22:13.387+0000] {dagbag.py:525} INFO - Filling up the DagBag from /opt/airflow/dags/hadoop-2.7.3/share/hadoop/httpfs/tomcat/webapps/webhdfs/WEB-INF/lib/hadoop-auth-2.7.3.jar
[2022-10-22T00:22:13.401+0000] {processor.py:770} WARNING - No viable dags retrieved from /opt/airflow/dags/hadoop-2.7.3/share/hadoop/httpfs/tomcat/webapps/webhdfs/WEB-INF/lib/hadoop-auth-2.7.3.jar
[2022-10-22T00:22:13.464+0000] {processor.py:178} INFO - Processing /opt/airflow/dags/hadoop-2.7.3/share/hadoop/httpfs/tomcat/webapps/webhdfs/WEB-INF/lib/hadoop-auth-2.7.3.jar took 0.098 seconds
[2022-10-22T00:22:50.316+0000] {processor.py:156} INFO - Started process (PID=29327) to work on /opt/airflow/dags/hadoop-2.7.3/share/hadoop/httpfs/tomcat/webapps/webhdfs/WEB-INF/lib/hadoop-auth-2.7.3.jar
[2022-10-22T00:22:50.322+0000] {processor.py:758} INFO - Processing file /opt/airflow/dags/hadoop-2.7.3/share/hadoop/httpfs/tomcat/webapps/webhdfs/WEB-INF/lib/hadoop-auth-2.7.3.jar for tasks to queue
[2022-10-22T00:22:50.326+0000] {logging_mixin.py:117} INFO - [2022-10-22T00:22:50.325+0000] {dagbag.py:525} INFO - Filling up the DagBag from /opt/airflow/dags/hadoop-2.7.3/share/hadoop/httpfs/tomcat/webapps/webhdfs/WEB-INF/lib/hadoop-auth-2.7.3.jar
[2022-10-22T00:22:50.338+0000] {processor.py:770} WARNING - No viable dags retrieved from /opt/airflow/dags/hadoop-2.7.3/share/hadoop/httpfs/tomcat/webapps/webhdfs/WEB-INF/lib/hadoop-auth-2.7.3.jar
[2022-10-22T00:22:50.409+0000] {processor.py:178} INFO - Processing /opt/airflow/dags/hadoop-2.7.3/share/hadoop/httpfs/tomcat/webapps/webhdfs/WEB-INF/lib/hadoop-auth-2.7.3.jar took 0.123 seconds
[2022-10-22T00:23:07.723+0000] {processor.py:156} INFO - Started process (PID=26936) to work on /opt/airflow/dags/hadoop-2.7.3/share/hadoop/httpfs/tomcat/webapps/webhdfs/WEB-INF/lib/hadoop-auth-2.7.3.jar
[2022-10-22T00:23:07.726+0000] {processor.py:758} INFO - Processing file /opt/airflow/dags/hadoop-2.7.3/share/hadoop/httpfs/tomcat/webapps/webhdfs/WEB-INF/lib/hadoop-auth-2.7.3.jar for tasks to queue
[2022-10-22T00:23:07.731+0000] {logging_mixin.py:117} INFO - [2022-10-22T00:23:07.731+0000] {dagbag.py:525} INFO - Filling up the DagBag from /opt/airflow/dags/hadoop-2.7.3/share/hadoop/httpfs/tomcat/webapps/webhdfs/WEB-INF/lib/hadoop-auth-2.7.3.jar
[2022-10-22T00:23:07.740+0000] {processor.py:770} WARNING - No viable dags retrieved from /opt/airflow/dags/hadoop-2.7.3/share/hadoop/httpfs/tomcat/webapps/webhdfs/WEB-INF/lib/hadoop-auth-2.7.3.jar
[2022-10-22T00:23:07.816+0000] {processor.py:178} INFO - Processing /opt/airflow/dags/hadoop-2.7.3/share/hadoop/httpfs/tomcat/webapps/webhdfs/WEB-INF/lib/hadoop-auth-2.7.3.jar took 0.100 seconds
[2022-10-22T00:23:34.449+0000] {processor.py:156} INFO - Started process (PID=29831) to work on /opt/airflow/dags/hadoop-2.7.3/share/hadoop/httpfs/tomcat/webapps/webhdfs/WEB-INF/lib/hadoop-auth-2.7.3.jar
[2022-10-22T00:23:34.450+0000] {processor.py:758} INFO - Processing file /opt/airflow/dags/hadoop-2.7.3/share/hadoop/httpfs/tomcat/webapps/webhdfs/WEB-INF/lib/hadoop-auth-2.7.3.jar for tasks to queue
[2022-10-22T00:23:34.452+0000] {logging_mixin.py:117} INFO - [2022-10-22T00:23:34.452+0000] {dagbag.py:525} INFO - Filling up the DagBag from /opt/airflow/dags/hadoop-2.7.3/share/hadoop/httpfs/tomcat/webapps/webhdfs/WEB-INF/lib/hadoop-auth-2.7.3.jar
[2022-10-22T00:23:34.457+0000] {processor.py:770} WARNING - No viable dags retrieved from /opt/airflow/dags/hadoop-2.7.3/share/hadoop/httpfs/tomcat/webapps/webhdfs/WEB-INF/lib/hadoop-auth-2.7.3.jar
[2022-10-22T00:23:34.478+0000] {processor.py:178} INFO - Processing /opt/airflow/dags/hadoop-2.7.3/share/hadoop/httpfs/tomcat/webapps/webhdfs/WEB-INF/lib/hadoop-auth-2.7.3.jar took 0.035 seconds
[2022-10-22T00:24:00.533+0000] {processor.py:156} INFO - Started process (PID=27496) to work on /opt/airflow/dags/hadoop-2.7.3/share/hadoop/httpfs/tomcat/webapps/webhdfs/WEB-INF/lib/hadoop-auth-2.7.3.jar
[2022-10-22T00:24:00.535+0000] {processor.py:758} INFO - Processing file /opt/airflow/dags/hadoop-2.7.3/share/hadoop/httpfs/tomcat/webapps/webhdfs/WEB-INF/lib/hadoop-auth-2.7.3.jar for tasks to queue
[2022-10-22T00:24:00.536+0000] {logging_mixin.py:117} INFO - [2022-10-22T00:24:00.536+0000] {dagbag.py:525} INFO - Filling up the DagBag from /opt/airflow/dags/hadoop-2.7.3/share/hadoop/httpfs/tomcat/webapps/webhdfs/WEB-INF/lib/hadoop-auth-2.7.3.jar
[2022-10-22T00:24:00.541+0000] {processor.py:770} WARNING - No viable dags retrieved from /opt/airflow/dags/hadoop-2.7.3/share/hadoop/httpfs/tomcat/webapps/webhdfs/WEB-INF/lib/hadoop-auth-2.7.3.jar
[2022-10-22T00:24:00.567+0000] {processor.py:178} INFO - Processing /opt/airflow/dags/hadoop-2.7.3/share/hadoop/httpfs/tomcat/webapps/webhdfs/WEB-INF/lib/hadoop-auth-2.7.3.jar took 0.040 seconds
