[2022-10-22T00:00:33.705+0000] {processor.py:156} INFO - Started process (PID=19116) to work on /opt/airflow/dags/hadoop-2.7.3/share/hadoop/httpfs/tomcat/webapps/webhdfs/WEB-INF/lib/httpcore-4.2.5.jar
[2022-10-22T00:00:33.718+0000] {processor.py:758} INFO - Processing file /opt/airflow/dags/hadoop-2.7.3/share/hadoop/httpfs/tomcat/webapps/webhdfs/WEB-INF/lib/httpcore-4.2.5.jar for tasks to queue
[2022-10-22T00:00:33.731+0000] {logging_mixin.py:117} INFO - [2022-10-22T00:00:33.727+0000] {dagbag.py:525} INFO - Filling up the DagBag from /opt/airflow/dags/hadoop-2.7.3/share/hadoop/httpfs/tomcat/webapps/webhdfs/WEB-INF/lib/httpcore-4.2.5.jar
[2022-10-22T00:00:33.795+0000] {processor.py:770} WARNING - No viable dags retrieved from /opt/airflow/dags/hadoop-2.7.3/share/hadoop/httpfs/tomcat/webapps/webhdfs/WEB-INF/lib/httpcore-4.2.5.jar
[2022-10-22T00:00:33.848+0000] {processor.py:178} INFO - Processing /opt/airflow/dags/hadoop-2.7.3/share/hadoop/httpfs/tomcat/webapps/webhdfs/WEB-INF/lib/httpcore-4.2.5.jar took 0.196 seconds
[2022-10-22T00:01:32.897+0000] {processor.py:156} INFO - Started process (PID=17327) to work on /opt/airflow/dags/hadoop-2.7.3/share/hadoop/httpfs/tomcat/webapps/webhdfs/WEB-INF/lib/httpcore-4.2.5.jar
[2022-10-22T00:01:32.899+0000] {processor.py:758} INFO - Processing file /opt/airflow/dags/hadoop-2.7.3/share/hadoop/httpfs/tomcat/webapps/webhdfs/WEB-INF/lib/httpcore-4.2.5.jar for tasks to queue
[2022-10-22T00:01:32.902+0000] {logging_mixin.py:117} INFO - [2022-10-22T00:01:32.902+0000] {dagbag.py:525} INFO - Filling up the DagBag from /opt/airflow/dags/hadoop-2.7.3/share/hadoop/httpfs/tomcat/webapps/webhdfs/WEB-INF/lib/httpcore-4.2.5.jar
[2022-10-22T00:01:32.930+0000] {processor.py:770} WARNING - No viable dags retrieved from /opt/airflow/dags/hadoop-2.7.3/share/hadoop/httpfs/tomcat/webapps/webhdfs/WEB-INF/lib/httpcore-4.2.5.jar
[2022-10-22T00:01:32.998+0000] {processor.py:178} INFO - Processing /opt/airflow/dags/hadoop-2.7.3/share/hadoop/httpfs/tomcat/webapps/webhdfs/WEB-INF/lib/httpcore-4.2.5.jar took 0.126 seconds
[2022-10-22T00:01:40.885+0000] {processor.py:156} INFO - Started process (PID=19661) to work on /opt/airflow/dags/hadoop-2.7.3/share/hadoop/httpfs/tomcat/webapps/webhdfs/WEB-INF/lib/httpcore-4.2.5.jar
[2022-10-22T00:01:40.891+0000] {processor.py:758} INFO - Processing file /opt/airflow/dags/hadoop-2.7.3/share/hadoop/httpfs/tomcat/webapps/webhdfs/WEB-INF/lib/httpcore-4.2.5.jar for tasks to queue
[2022-10-22T00:01:40.898+0000] {logging_mixin.py:117} INFO - [2022-10-22T00:01:40.897+0000] {dagbag.py:525} INFO - Filling up the DagBag from /opt/airflow/dags/hadoop-2.7.3/share/hadoop/httpfs/tomcat/webapps/webhdfs/WEB-INF/lib/httpcore-4.2.5.jar
[2022-10-22T00:01:40.937+0000] {processor.py:770} WARNING - No viable dags retrieved from /opt/airflow/dags/hadoop-2.7.3/share/hadoop/httpfs/tomcat/webapps/webhdfs/WEB-INF/lib/httpcore-4.2.5.jar
[2022-10-22T00:01:41.034+0000] {processor.py:178} INFO - Processing /opt/airflow/dags/hadoop-2.7.3/share/hadoop/httpfs/tomcat/webapps/webhdfs/WEB-INF/lib/httpcore-4.2.5.jar took 0.223 seconds
[2022-10-22T00:02:44.163+0000] {processor.py:156} INFO - Started process (PID=20275) to work on /opt/airflow/dags/hadoop-2.7.3/share/hadoop/httpfs/tomcat/webapps/webhdfs/WEB-INF/lib/httpcore-4.2.5.jar
[2022-10-22T00:02:44.165+0000] {processor.py:758} INFO - Processing file /opt/airflow/dags/hadoop-2.7.3/share/hadoop/httpfs/tomcat/webapps/webhdfs/WEB-INF/lib/httpcore-4.2.5.jar for tasks to queue
[2022-10-22T00:02:44.170+0000] {logging_mixin.py:117} INFO - [2022-10-22T00:02:44.170+0000] {dagbag.py:525} INFO - Filling up the DagBag from /opt/airflow/dags/hadoop-2.7.3/share/hadoop/httpfs/tomcat/webapps/webhdfs/WEB-INF/lib/httpcore-4.2.5.jar
[2022-10-22T00:02:44.196+0000] {processor.py:770} WARNING - No viable dags retrieved from /opt/airflow/dags/hadoop-2.7.3/share/hadoop/httpfs/tomcat/webapps/webhdfs/WEB-INF/lib/httpcore-4.2.5.jar
[2022-10-22T00:02:44.249+0000] {processor.py:178} INFO - Processing /opt/airflow/dags/hadoop-2.7.3/share/hadoop/httpfs/tomcat/webapps/webhdfs/WEB-INF/lib/httpcore-4.2.5.jar took 0.103 seconds
[2022-10-22T00:03:20.418+0000] {processor.py:156} INFO - Started process (PID=17904) to work on /opt/airflow/dags/hadoop-2.7.3/share/hadoop/httpfs/tomcat/webapps/webhdfs/WEB-INF/lib/httpcore-4.2.5.jar
[2022-10-22T00:03:20.421+0000] {processor.py:758} INFO - Processing file /opt/airflow/dags/hadoop-2.7.3/share/hadoop/httpfs/tomcat/webapps/webhdfs/WEB-INF/lib/httpcore-4.2.5.jar for tasks to queue
[2022-10-22T00:03:20.424+0000] {logging_mixin.py:117} INFO - [2022-10-22T00:03:20.424+0000] {dagbag.py:525} INFO - Filling up the DagBag from /opt/airflow/dags/hadoop-2.7.3/share/hadoop/httpfs/tomcat/webapps/webhdfs/WEB-INF/lib/httpcore-4.2.5.jar
[2022-10-22T00:03:20.436+0000] {processor.py:770} WARNING - No viable dags retrieved from /opt/airflow/dags/hadoop-2.7.3/share/hadoop/httpfs/tomcat/webapps/webhdfs/WEB-INF/lib/httpcore-4.2.5.jar
[2022-10-22T00:03:20.481+0000] {processor.py:178} INFO - Processing /opt/airflow/dags/hadoop-2.7.3/share/hadoop/httpfs/tomcat/webapps/webhdfs/WEB-INF/lib/httpcore-4.2.5.jar took 0.072 seconds
[2022-10-22T00:03:57.969+0000] {processor.py:156} INFO - Started process (PID=20667) to work on /opt/airflow/dags/hadoop-2.7.3/share/hadoop/httpfs/tomcat/webapps/webhdfs/WEB-INF/lib/httpcore-4.2.5.jar
[2022-10-22T00:03:57.973+0000] {processor.py:758} INFO - Processing file /opt/airflow/dags/hadoop-2.7.3/share/hadoop/httpfs/tomcat/webapps/webhdfs/WEB-INF/lib/httpcore-4.2.5.jar for tasks to queue
[2022-10-22T00:03:57.976+0000] {logging_mixin.py:117} INFO - [2022-10-22T00:03:57.976+0000] {dagbag.py:525} INFO - Filling up the DagBag from /opt/airflow/dags/hadoop-2.7.3/share/hadoop/httpfs/tomcat/webapps/webhdfs/WEB-INF/lib/httpcore-4.2.5.jar
[2022-10-22T00:03:58.015+0000] {processor.py:770} WARNING - No viable dags retrieved from /opt/airflow/dags/hadoop-2.7.3/share/hadoop/httpfs/tomcat/webapps/webhdfs/WEB-INF/lib/httpcore-4.2.5.jar
[2022-10-22T00:03:58.095+0000] {processor.py:178} INFO - Processing /opt/airflow/dags/hadoop-2.7.3/share/hadoop/httpfs/tomcat/webapps/webhdfs/WEB-INF/lib/httpcore-4.2.5.jar took 0.133 seconds
[2022-10-22T00:04:25.535+0000] {processor.py:156} INFO - Started process (PID=18504) to work on /opt/airflow/dags/hadoop-2.7.3/share/hadoop/httpfs/tomcat/webapps/webhdfs/WEB-INF/lib/httpcore-4.2.5.jar
[2022-10-22T00:04:25.539+0000] {processor.py:758} INFO - Processing file /opt/airflow/dags/hadoop-2.7.3/share/hadoop/httpfs/tomcat/webapps/webhdfs/WEB-INF/lib/httpcore-4.2.5.jar for tasks to queue
[2022-10-22T00:04:25.542+0000] {logging_mixin.py:117} INFO - [2022-10-22T00:04:25.541+0000] {dagbag.py:525} INFO - Filling up the DagBag from /opt/airflow/dags/hadoop-2.7.3/share/hadoop/httpfs/tomcat/webapps/webhdfs/WEB-INF/lib/httpcore-4.2.5.jar
[2022-10-22T00:04:25.568+0000] {processor.py:770} WARNING - No viable dags retrieved from /opt/airflow/dags/hadoop-2.7.3/share/hadoop/httpfs/tomcat/webapps/webhdfs/WEB-INF/lib/httpcore-4.2.5.jar
[2022-10-22T00:04:25.622+0000] {processor.py:178} INFO - Processing /opt/airflow/dags/hadoop-2.7.3/share/hadoop/httpfs/tomcat/webapps/webhdfs/WEB-INF/lib/httpcore-4.2.5.jar took 0.102 seconds
[2022-10-22T00:04:55.495+0000] {processor.py:156} INFO - Started process (PID=21188) to work on /opt/airflow/dags/hadoop-2.7.3/share/hadoop/httpfs/tomcat/webapps/webhdfs/WEB-INF/lib/httpcore-4.2.5.jar
[2022-10-22T00:04:55.499+0000] {processor.py:758} INFO - Processing file /opt/airflow/dags/hadoop-2.7.3/share/hadoop/httpfs/tomcat/webapps/webhdfs/WEB-INF/lib/httpcore-4.2.5.jar for tasks to queue
[2022-10-22T00:04:55.504+0000] {logging_mixin.py:117} INFO - [2022-10-22T00:04:55.503+0000] {dagbag.py:525} INFO - Filling up the DagBag from /opt/airflow/dags/hadoop-2.7.3/share/hadoop/httpfs/tomcat/webapps/webhdfs/WEB-INF/lib/httpcore-4.2.5.jar
[2022-10-22T00:04:55.526+0000] {processor.py:770} WARNING - No viable dags retrieved from /opt/airflow/dags/hadoop-2.7.3/share/hadoop/httpfs/tomcat/webapps/webhdfs/WEB-INF/lib/httpcore-4.2.5.jar
[2022-10-22T00:04:55.607+0000] {processor.py:178} INFO - Processing /opt/airflow/dags/hadoop-2.7.3/share/hadoop/httpfs/tomcat/webapps/webhdfs/WEB-INF/lib/httpcore-4.2.5.jar took 0.128 seconds
[2022-10-22T00:05:20.931+0000] {processor.py:156} INFO - Started process (PID=19027) to work on /opt/airflow/dags/hadoop-2.7.3/share/hadoop/httpfs/tomcat/webapps/webhdfs/WEB-INF/lib/httpcore-4.2.5.jar
[2022-10-22T00:05:20.934+0000] {processor.py:758} INFO - Processing file /opt/airflow/dags/hadoop-2.7.3/share/hadoop/httpfs/tomcat/webapps/webhdfs/WEB-INF/lib/httpcore-4.2.5.jar for tasks to queue
[2022-10-22T00:05:20.936+0000] {logging_mixin.py:117} INFO - [2022-10-22T00:05:20.936+0000] {dagbag.py:525} INFO - Filling up the DagBag from /opt/airflow/dags/hadoop-2.7.3/share/hadoop/httpfs/tomcat/webapps/webhdfs/WEB-INF/lib/httpcore-4.2.5.jar
[2022-10-22T00:05:20.949+0000] {processor.py:770} WARNING - No viable dags retrieved from /opt/airflow/dags/hadoop-2.7.3/share/hadoop/httpfs/tomcat/webapps/webhdfs/WEB-INF/lib/httpcore-4.2.5.jar
[2022-10-22T00:05:21.004+0000] {processor.py:178} INFO - Processing /opt/airflow/dags/hadoop-2.7.3/share/hadoop/httpfs/tomcat/webapps/webhdfs/WEB-INF/lib/httpcore-4.2.5.jar took 0.081 seconds
[2022-10-22T00:05:41.283+0000] {processor.py:156} INFO - Started process (PID=21661) to work on /opt/airflow/dags/hadoop-2.7.3/share/hadoop/httpfs/tomcat/webapps/webhdfs/WEB-INF/lib/httpcore-4.2.5.jar
[2022-10-22T00:05:41.286+0000] {processor.py:758} INFO - Processing file /opt/airflow/dags/hadoop-2.7.3/share/hadoop/httpfs/tomcat/webapps/webhdfs/WEB-INF/lib/httpcore-4.2.5.jar for tasks to queue
[2022-10-22T00:05:41.292+0000] {logging_mixin.py:117} INFO - [2022-10-22T00:05:41.291+0000] {dagbag.py:525} INFO - Filling up the DagBag from /opt/airflow/dags/hadoop-2.7.3/share/hadoop/httpfs/tomcat/webapps/webhdfs/WEB-INF/lib/httpcore-4.2.5.jar
[2022-10-22T00:05:41.308+0000] {processor.py:770} WARNING - No viable dags retrieved from /opt/airflow/dags/hadoop-2.7.3/share/hadoop/httpfs/tomcat/webapps/webhdfs/WEB-INF/lib/httpcore-4.2.5.jar
[2022-10-22T00:05:41.347+0000] {processor.py:178} INFO - Processing /opt/airflow/dags/hadoop-2.7.3/share/hadoop/httpfs/tomcat/webapps/webhdfs/WEB-INF/lib/httpcore-4.2.5.jar took 0.076 seconds
[2022-10-22T00:06:08.172+0000] {processor.py:156} INFO - Started process (PID=19492) to work on /opt/airflow/dags/hadoop-2.7.3/share/hadoop/httpfs/tomcat/webapps/webhdfs/WEB-INF/lib/httpcore-4.2.5.jar
[2022-10-22T00:06:08.177+0000] {processor.py:758} INFO - Processing file /opt/airflow/dags/hadoop-2.7.3/share/hadoop/httpfs/tomcat/webapps/webhdfs/WEB-INF/lib/httpcore-4.2.5.jar for tasks to queue
[2022-10-22T00:06:08.180+0000] {logging_mixin.py:117} INFO - [2022-10-22T00:06:08.180+0000] {dagbag.py:525} INFO - Filling up the DagBag from /opt/airflow/dags/hadoop-2.7.3/share/hadoop/httpfs/tomcat/webapps/webhdfs/WEB-INF/lib/httpcore-4.2.5.jar
[2022-10-22T00:06:08.194+0000] {processor.py:770} WARNING - No viable dags retrieved from /opt/airflow/dags/hadoop-2.7.3/share/hadoop/httpfs/tomcat/webapps/webhdfs/WEB-INF/lib/httpcore-4.2.5.jar
[2022-10-22T00:06:08.233+0000] {processor.py:178} INFO - Processing /opt/airflow/dags/hadoop-2.7.3/share/hadoop/httpfs/tomcat/webapps/webhdfs/WEB-INF/lib/httpcore-4.2.5.jar took 0.074 seconds
[2022-10-22T00:06:29.167+0000] {processor.py:156} INFO - Started process (PID=22126) to work on /opt/airflow/dags/hadoop-2.7.3/share/hadoop/httpfs/tomcat/webapps/webhdfs/WEB-INF/lib/httpcore-4.2.5.jar
[2022-10-22T00:06:29.171+0000] {processor.py:758} INFO - Processing file /opt/airflow/dags/hadoop-2.7.3/share/hadoop/httpfs/tomcat/webapps/webhdfs/WEB-INF/lib/httpcore-4.2.5.jar for tasks to queue
[2022-10-22T00:06:29.173+0000] {logging_mixin.py:117} INFO - [2022-10-22T00:06:29.173+0000] {dagbag.py:525} INFO - Filling up the DagBag from /opt/airflow/dags/hadoop-2.7.3/share/hadoop/httpfs/tomcat/webapps/webhdfs/WEB-INF/lib/httpcore-4.2.5.jar
[2022-10-22T00:06:29.188+0000] {processor.py:770} WARNING - No viable dags retrieved from /opt/airflow/dags/hadoop-2.7.3/share/hadoop/httpfs/tomcat/webapps/webhdfs/WEB-INF/lib/httpcore-4.2.5.jar
[2022-10-22T00:06:29.230+0000] {processor.py:178} INFO - Processing /opt/airflow/dags/hadoop-2.7.3/share/hadoop/httpfs/tomcat/webapps/webhdfs/WEB-INF/lib/httpcore-4.2.5.jar took 0.078 seconds
[2022-10-22T00:06:56.684+0000] {processor.py:156} INFO - Started process (PID=19951) to work on /opt/airflow/dags/hadoop-2.7.3/share/hadoop/httpfs/tomcat/webapps/webhdfs/WEB-INF/lib/httpcore-4.2.5.jar
[2022-10-22T00:06:56.688+0000] {processor.py:758} INFO - Processing file /opt/airflow/dags/hadoop-2.7.3/share/hadoop/httpfs/tomcat/webapps/webhdfs/WEB-INF/lib/httpcore-4.2.5.jar for tasks to queue
[2022-10-22T00:06:56.693+0000] {logging_mixin.py:117} INFO - [2022-10-22T00:06:56.693+0000] {dagbag.py:525} INFO - Filling up the DagBag from /opt/airflow/dags/hadoop-2.7.3/share/hadoop/httpfs/tomcat/webapps/webhdfs/WEB-INF/lib/httpcore-4.2.5.jar
[2022-10-22T00:06:56.714+0000] {processor.py:770} WARNING - No viable dags retrieved from /opt/airflow/dags/hadoop-2.7.3/share/hadoop/httpfs/tomcat/webapps/webhdfs/WEB-INF/lib/httpcore-4.2.5.jar
[2022-10-22T00:06:56.754+0000] {processor.py:178} INFO - Processing /opt/airflow/dags/hadoop-2.7.3/share/hadoop/httpfs/tomcat/webapps/webhdfs/WEB-INF/lib/httpcore-4.2.5.jar took 0.086 seconds
[2022-10-22T00:07:13.445+0000] {processor.py:156} INFO - Started process (PID=22585) to work on /opt/airflow/dags/hadoop-2.7.3/share/hadoop/httpfs/tomcat/webapps/webhdfs/WEB-INF/lib/httpcore-4.2.5.jar
[2022-10-22T00:07:13.451+0000] {processor.py:758} INFO - Processing file /opt/airflow/dags/hadoop-2.7.3/share/hadoop/httpfs/tomcat/webapps/webhdfs/WEB-INF/lib/httpcore-4.2.5.jar for tasks to queue
[2022-10-22T00:07:13.453+0000] {logging_mixin.py:117} INFO - [2022-10-22T00:07:13.453+0000] {dagbag.py:525} INFO - Filling up the DagBag from /opt/airflow/dags/hadoop-2.7.3/share/hadoop/httpfs/tomcat/webapps/webhdfs/WEB-INF/lib/httpcore-4.2.5.jar
[2022-10-22T00:07:13.475+0000] {processor.py:770} WARNING - No viable dags retrieved from /opt/airflow/dags/hadoop-2.7.3/share/hadoop/httpfs/tomcat/webapps/webhdfs/WEB-INF/lib/httpcore-4.2.5.jar
[2022-10-22T00:07:13.517+0000] {processor.py:178} INFO - Processing /opt/airflow/dags/hadoop-2.7.3/share/hadoop/httpfs/tomcat/webapps/webhdfs/WEB-INF/lib/httpcore-4.2.5.jar took 0.079 seconds
[2022-10-22T00:08:23.346+0000] {processor.py:156} INFO - Started process (PID=20419) to work on /opt/airflow/dags/hadoop-2.7.3/share/hadoop/httpfs/tomcat/webapps/webhdfs/WEB-INF/lib/httpcore-4.2.5.jar
[2022-10-22T00:08:23.350+0000] {processor.py:758} INFO - Processing file /opt/airflow/dags/hadoop-2.7.3/share/hadoop/httpfs/tomcat/webapps/webhdfs/WEB-INF/lib/httpcore-4.2.5.jar for tasks to queue
[2022-10-22T00:08:23.353+0000] {logging_mixin.py:117} INFO - [2022-10-22T00:08:23.353+0000] {dagbag.py:525} INFO - Filling up the DagBag from /opt/airflow/dags/hadoop-2.7.3/share/hadoop/httpfs/tomcat/webapps/webhdfs/WEB-INF/lib/httpcore-4.2.5.jar
[2022-10-22T00:08:23.378+0000] {processor.py:770} WARNING - No viable dags retrieved from /opt/airflow/dags/hadoop-2.7.3/share/hadoop/httpfs/tomcat/webapps/webhdfs/WEB-INF/lib/httpcore-4.2.5.jar
[2022-10-22T00:08:23.444+0000] {processor.py:178} INFO - Processing /opt/airflow/dags/hadoop-2.7.3/share/hadoop/httpfs/tomcat/webapps/webhdfs/WEB-INF/lib/httpcore-4.2.5.jar took 0.120 seconds
[2022-10-22T00:08:37.656+0000] {processor.py:156} INFO - Started process (PID=23039) to work on /opt/airflow/dags/hadoop-2.7.3/share/hadoop/httpfs/tomcat/webapps/webhdfs/WEB-INF/lib/httpcore-4.2.5.jar
[2022-10-22T00:08:37.659+0000] {processor.py:758} INFO - Processing file /opt/airflow/dags/hadoop-2.7.3/share/hadoop/httpfs/tomcat/webapps/webhdfs/WEB-INF/lib/httpcore-4.2.5.jar for tasks to queue
[2022-10-22T00:08:37.664+0000] {logging_mixin.py:117} INFO - [2022-10-22T00:08:37.663+0000] {dagbag.py:525} INFO - Filling up the DagBag from /opt/airflow/dags/hadoop-2.7.3/share/hadoop/httpfs/tomcat/webapps/webhdfs/WEB-INF/lib/httpcore-4.2.5.jar
[2022-10-22T00:08:37.687+0000] {processor.py:770} WARNING - No viable dags retrieved from /opt/airflow/dags/hadoop-2.7.3/share/hadoop/httpfs/tomcat/webapps/webhdfs/WEB-INF/lib/httpcore-4.2.5.jar
[2022-10-22T00:08:37.739+0000] {processor.py:178} INFO - Processing /opt/airflow/dags/hadoop-2.7.3/share/hadoop/httpfs/tomcat/webapps/webhdfs/WEB-INF/lib/httpcore-4.2.5.jar took 0.093 seconds
[2022-10-22T00:09:32.645+0000] {processor.py:156} INFO - Started process (PID=21055) to work on /opt/airflow/dags/hadoop-2.7.3/share/hadoop/httpfs/tomcat/webapps/webhdfs/WEB-INF/lib/httpcore-4.2.5.jar
[2022-10-22T00:09:32.649+0000] {processor.py:758} INFO - Processing file /opt/airflow/dags/hadoop-2.7.3/share/hadoop/httpfs/tomcat/webapps/webhdfs/WEB-INF/lib/httpcore-4.2.5.jar for tasks to queue
[2022-10-22T00:09:32.652+0000] {logging_mixin.py:117} INFO - [2022-10-22T00:09:32.651+0000] {dagbag.py:525} INFO - Filling up the DagBag from /opt/airflow/dags/hadoop-2.7.3/share/hadoop/httpfs/tomcat/webapps/webhdfs/WEB-INF/lib/httpcore-4.2.5.jar
[2022-10-22T00:09:32.668+0000] {processor.py:770} WARNING - No viable dags retrieved from /opt/airflow/dags/hadoop-2.7.3/share/hadoop/httpfs/tomcat/webapps/webhdfs/WEB-INF/lib/httpcore-4.2.5.jar
[2022-10-22T00:09:32.707+0000] {processor.py:178} INFO - Processing /opt/airflow/dags/hadoop-2.7.3/share/hadoop/httpfs/tomcat/webapps/webhdfs/WEB-INF/lib/httpcore-4.2.5.jar took 0.080 seconds
[2022-10-22T00:09:36.392+0000] {processor.py:156} INFO - Started process (PID=23582) to work on /opt/airflow/dags/hadoop-2.7.3/share/hadoop/httpfs/tomcat/webapps/webhdfs/WEB-INF/lib/httpcore-4.2.5.jar
[2022-10-22T00:09:36.396+0000] {processor.py:758} INFO - Processing file /opt/airflow/dags/hadoop-2.7.3/share/hadoop/httpfs/tomcat/webapps/webhdfs/WEB-INF/lib/httpcore-4.2.5.jar for tasks to queue
[2022-10-22T00:09:36.400+0000] {logging_mixin.py:117} INFO - [2022-10-22T00:09:36.399+0000] {dagbag.py:525} INFO - Filling up the DagBag from /opt/airflow/dags/hadoop-2.7.3/share/hadoop/httpfs/tomcat/webapps/webhdfs/WEB-INF/lib/httpcore-4.2.5.jar
[2022-10-22T00:09:36.415+0000] {processor.py:770} WARNING - No viable dags retrieved from /opt/airflow/dags/hadoop-2.7.3/share/hadoop/httpfs/tomcat/webapps/webhdfs/WEB-INF/lib/httpcore-4.2.5.jar
[2022-10-22T00:09:36.449+0000] {processor.py:178} INFO - Processing /opt/airflow/dags/hadoop-2.7.3/share/hadoop/httpfs/tomcat/webapps/webhdfs/WEB-INF/lib/httpcore-4.2.5.jar took 0.070 seconds
[2022-10-22T00:11:27.535+0000] {processor.py:156} INFO - Started process (PID=24029) to work on /opt/airflow/dags/hadoop-2.7.3/share/hadoop/httpfs/tomcat/webapps/webhdfs/WEB-INF/lib/httpcore-4.2.5.jar
[2022-10-22T00:11:27.537+0000] {processor.py:758} INFO - Processing file /opt/airflow/dags/hadoop-2.7.3/share/hadoop/httpfs/tomcat/webapps/webhdfs/WEB-INF/lib/httpcore-4.2.5.jar for tasks to queue
[2022-10-22T00:11:27.538+0000] {logging_mixin.py:117} INFO - [2022-10-22T00:11:27.538+0000] {dagbag.py:525} INFO - Filling up the DagBag from /opt/airflow/dags/hadoop-2.7.3/share/hadoop/httpfs/tomcat/webapps/webhdfs/WEB-INF/lib/httpcore-4.2.5.jar
[2022-10-22T00:11:27.548+0000] {processor.py:770} WARNING - No viable dags retrieved from /opt/airflow/dags/hadoop-2.7.3/share/hadoop/httpfs/tomcat/webapps/webhdfs/WEB-INF/lib/httpcore-4.2.5.jar
[2022-10-22T00:11:27.580+0000] {processor.py:178} INFO - Processing /opt/airflow/dags/hadoop-2.7.3/share/hadoop/httpfs/tomcat/webapps/webhdfs/WEB-INF/lib/httpcore-4.2.5.jar took 0.050 seconds
[2022-10-22T00:11:29.101+0000] {processor.py:156} INFO - Started process (PID=21572) to work on /opt/airflow/dags/hadoop-2.7.3/share/hadoop/httpfs/tomcat/webapps/webhdfs/WEB-INF/lib/httpcore-4.2.5.jar
[2022-10-22T00:11:29.104+0000] {processor.py:758} INFO - Processing file /opt/airflow/dags/hadoop-2.7.3/share/hadoop/httpfs/tomcat/webapps/webhdfs/WEB-INF/lib/httpcore-4.2.5.jar for tasks to queue
[2022-10-22T00:11:29.106+0000] {logging_mixin.py:117} INFO - [2022-10-22T00:11:29.106+0000] {dagbag.py:525} INFO - Filling up the DagBag from /opt/airflow/dags/hadoop-2.7.3/share/hadoop/httpfs/tomcat/webapps/webhdfs/WEB-INF/lib/httpcore-4.2.5.jar
[2022-10-22T00:11:29.117+0000] {processor.py:770} WARNING - No viable dags retrieved from /opt/airflow/dags/hadoop-2.7.3/share/hadoop/httpfs/tomcat/webapps/webhdfs/WEB-INF/lib/httpcore-4.2.5.jar
[2022-10-22T00:11:29.146+0000] {processor.py:178} INFO - Processing /opt/airflow/dags/hadoop-2.7.3/share/hadoop/httpfs/tomcat/webapps/webhdfs/WEB-INF/lib/httpcore-4.2.5.jar took 0.053 seconds
[2022-10-22T00:12:04.745+0000] {processor.py:156} INFO - Started process (PID=24546) to work on /opt/airflow/dags/hadoop-2.7.3/share/hadoop/httpfs/tomcat/webapps/webhdfs/WEB-INF/lib/httpcore-4.2.5.jar
[2022-10-22T00:12:04.748+0000] {processor.py:758} INFO - Processing file /opt/airflow/dags/hadoop-2.7.3/share/hadoop/httpfs/tomcat/webapps/webhdfs/WEB-INF/lib/httpcore-4.2.5.jar for tasks to queue
[2022-10-22T00:12:04.750+0000] {logging_mixin.py:117} INFO - [2022-10-22T00:12:04.749+0000] {dagbag.py:525} INFO - Filling up the DagBag from /opt/airflow/dags/hadoop-2.7.3/share/hadoop/httpfs/tomcat/webapps/webhdfs/WEB-INF/lib/httpcore-4.2.5.jar
[2022-10-22T00:12:04.759+0000] {processor.py:770} WARNING - No viable dags retrieved from /opt/airflow/dags/hadoop-2.7.3/share/hadoop/httpfs/tomcat/webapps/webhdfs/WEB-INF/lib/httpcore-4.2.5.jar
[2022-10-22T00:12:04.794+0000] {processor.py:178} INFO - Processing /opt/airflow/dags/hadoop-2.7.3/share/hadoop/httpfs/tomcat/webapps/webhdfs/WEB-INF/lib/httpcore-4.2.5.jar took 0.057 seconds
[2022-10-22T00:12:07.696+0000] {processor.py:156} INFO - Started process (PID=22089) to work on /opt/airflow/dags/hadoop-2.7.3/share/hadoop/httpfs/tomcat/webapps/webhdfs/WEB-INF/lib/httpcore-4.2.5.jar
[2022-10-22T00:12:07.700+0000] {processor.py:758} INFO - Processing file /opt/airflow/dags/hadoop-2.7.3/share/hadoop/httpfs/tomcat/webapps/webhdfs/WEB-INF/lib/httpcore-4.2.5.jar for tasks to queue
[2022-10-22T00:12:07.704+0000] {logging_mixin.py:117} INFO - [2022-10-22T00:12:07.704+0000] {dagbag.py:525} INFO - Filling up the DagBag from /opt/airflow/dags/hadoop-2.7.3/share/hadoop/httpfs/tomcat/webapps/webhdfs/WEB-INF/lib/httpcore-4.2.5.jar
[2022-10-22T00:12:07.718+0000] {processor.py:770} WARNING - No viable dags retrieved from /opt/airflow/dags/hadoop-2.7.3/share/hadoop/httpfs/tomcat/webapps/webhdfs/WEB-INF/lib/httpcore-4.2.5.jar
[2022-10-22T00:12:07.750+0000] {processor.py:178} INFO - Processing /opt/airflow/dags/hadoop-2.7.3/share/hadoop/httpfs/tomcat/webapps/webhdfs/WEB-INF/lib/httpcore-4.2.5.jar took 0.068 seconds
[2022-10-22T00:15:14.097+0000] {processor.py:156} INFO - Started process (PID=22558) to work on /opt/airflow/dags/hadoop-2.7.3/share/hadoop/httpfs/tomcat/webapps/webhdfs/WEB-INF/lib/httpcore-4.2.5.jar
[2022-10-22T00:15:14.103+0000] {processor.py:758} INFO - Processing file /opt/airflow/dags/hadoop-2.7.3/share/hadoop/httpfs/tomcat/webapps/webhdfs/WEB-INF/lib/httpcore-4.2.5.jar for tasks to queue
[2022-10-22T00:15:14.106+0000] {logging_mixin.py:117} INFO - [2022-10-22T00:15:14.105+0000] {dagbag.py:525} INFO - Filling up the DagBag from /opt/airflow/dags/hadoop-2.7.3/share/hadoop/httpfs/tomcat/webapps/webhdfs/WEB-INF/lib/httpcore-4.2.5.jar
[2022-10-22T00:15:14.134+0000] {processor.py:770} WARNING - No viable dags retrieved from /opt/airflow/dags/hadoop-2.7.3/share/hadoop/httpfs/tomcat/webapps/webhdfs/WEB-INF/lib/httpcore-4.2.5.jar
[2022-10-22T00:15:14.189+0000] {processor.py:178} INFO - Processing /opt/airflow/dags/hadoop-2.7.3/share/hadoop/httpfs/tomcat/webapps/webhdfs/WEB-INF/lib/httpcore-4.2.5.jar took 0.098 seconds
[2022-10-22T00:15:27.725+0000] {processor.py:156} INFO - Started process (PID=25117) to work on /opt/airflow/dags/hadoop-2.7.3/share/hadoop/httpfs/tomcat/webapps/webhdfs/WEB-INF/lib/httpcore-4.2.5.jar
[2022-10-22T00:15:27.731+0000] {processor.py:758} INFO - Processing file /opt/airflow/dags/hadoop-2.7.3/share/hadoop/httpfs/tomcat/webapps/webhdfs/WEB-INF/lib/httpcore-4.2.5.jar for tasks to queue
[2022-10-22T00:15:27.736+0000] {logging_mixin.py:117} INFO - [2022-10-22T00:15:27.736+0000] {dagbag.py:525} INFO - Filling up the DagBag from /opt/airflow/dags/hadoop-2.7.3/share/hadoop/httpfs/tomcat/webapps/webhdfs/WEB-INF/lib/httpcore-4.2.5.jar
[2022-10-22T00:15:27.756+0000] {processor.py:770} WARNING - No viable dags retrieved from /opt/airflow/dags/hadoop-2.7.3/share/hadoop/httpfs/tomcat/webapps/webhdfs/WEB-INF/lib/httpcore-4.2.5.jar
[2022-10-22T00:15:27.798+0000] {processor.py:178} INFO - Processing /opt/airflow/dags/hadoop-2.7.3/share/hadoop/httpfs/tomcat/webapps/webhdfs/WEB-INF/lib/httpcore-4.2.5.jar took 0.088 seconds
[2022-10-22T00:16:03.528+0000] {processor.py:156} INFO - Started process (PID=23074) to work on /opt/airflow/dags/hadoop-2.7.3/share/hadoop/httpfs/tomcat/webapps/webhdfs/WEB-INF/lib/httpcore-4.2.5.jar
[2022-10-22T00:16:03.531+0000] {processor.py:758} INFO - Processing file /opt/airflow/dags/hadoop-2.7.3/share/hadoop/httpfs/tomcat/webapps/webhdfs/WEB-INF/lib/httpcore-4.2.5.jar for tasks to queue
[2022-10-22T00:16:03.533+0000] {logging_mixin.py:117} INFO - [2022-10-22T00:16:03.533+0000] {dagbag.py:525} INFO - Filling up the DagBag from /opt/airflow/dags/hadoop-2.7.3/share/hadoop/httpfs/tomcat/webapps/webhdfs/WEB-INF/lib/httpcore-4.2.5.jar
[2022-10-22T00:16:03.547+0000] {processor.py:770} WARNING - No viable dags retrieved from /opt/airflow/dags/hadoop-2.7.3/share/hadoop/httpfs/tomcat/webapps/webhdfs/WEB-INF/lib/httpcore-4.2.5.jar
[2022-10-22T00:16:03.586+0000] {processor.py:178} INFO - Processing /opt/airflow/dags/hadoop-2.7.3/share/hadoop/httpfs/tomcat/webapps/webhdfs/WEB-INF/lib/httpcore-4.2.5.jar took 0.065 seconds
[2022-10-22T00:16:14.047+0000] {processor.py:156} INFO - Started process (PID=25640) to work on /opt/airflow/dags/hadoop-2.7.3/share/hadoop/httpfs/tomcat/webapps/webhdfs/WEB-INF/lib/httpcore-4.2.5.jar
[2022-10-22T00:16:14.053+0000] {processor.py:758} INFO - Processing file /opt/airflow/dags/hadoop-2.7.3/share/hadoop/httpfs/tomcat/webapps/webhdfs/WEB-INF/lib/httpcore-4.2.5.jar for tasks to queue
[2022-10-22T00:16:14.055+0000] {logging_mixin.py:117} INFO - [2022-10-22T00:16:14.055+0000] {dagbag.py:525} INFO - Filling up the DagBag from /opt/airflow/dags/hadoop-2.7.3/share/hadoop/httpfs/tomcat/webapps/webhdfs/WEB-INF/lib/httpcore-4.2.5.jar
[2022-10-22T00:16:14.067+0000] {processor.py:770} WARNING - No viable dags retrieved from /opt/airflow/dags/hadoop-2.7.3/share/hadoop/httpfs/tomcat/webapps/webhdfs/WEB-INF/lib/httpcore-4.2.5.jar
[2022-10-22T00:16:14.123+0000] {processor.py:178} INFO - Processing /opt/airflow/dags/hadoop-2.7.3/share/hadoop/httpfs/tomcat/webapps/webhdfs/WEB-INF/lib/httpcore-4.2.5.jar took 0.090 seconds
[2022-10-22T00:16:50.886+0000] {processor.py:156} INFO - Started process (PID=23600) to work on /opt/airflow/dags/hadoop-2.7.3/share/hadoop/httpfs/tomcat/webapps/webhdfs/WEB-INF/lib/httpcore-4.2.5.jar
[2022-10-22T00:16:50.892+0000] {processor.py:758} INFO - Processing file /opt/airflow/dags/hadoop-2.7.3/share/hadoop/httpfs/tomcat/webapps/webhdfs/WEB-INF/lib/httpcore-4.2.5.jar for tasks to queue
[2022-10-22T00:16:50.899+0000] {logging_mixin.py:117} INFO - [2022-10-22T00:16:50.899+0000] {dagbag.py:525} INFO - Filling up the DagBag from /opt/airflow/dags/hadoop-2.7.3/share/hadoop/httpfs/tomcat/webapps/webhdfs/WEB-INF/lib/httpcore-4.2.5.jar
[2022-10-22T00:16:50.913+0000] {processor.py:770} WARNING - No viable dags retrieved from /opt/airflow/dags/hadoop-2.7.3/share/hadoop/httpfs/tomcat/webapps/webhdfs/WEB-INF/lib/httpcore-4.2.5.jar
[2022-10-22T00:16:50.959+0000] {processor.py:178} INFO - Processing /opt/airflow/dags/hadoop-2.7.3/share/hadoop/httpfs/tomcat/webapps/webhdfs/WEB-INF/lib/httpcore-4.2.5.jar took 0.081 seconds
[2022-10-22T00:17:01.555+0000] {processor.py:156} INFO - Started process (PID=26155) to work on /opt/airflow/dags/hadoop-2.7.3/share/hadoop/httpfs/tomcat/webapps/webhdfs/WEB-INF/lib/httpcore-4.2.5.jar
[2022-10-22T00:17:01.566+0000] {processor.py:758} INFO - Processing file /opt/airflow/dags/hadoop-2.7.3/share/hadoop/httpfs/tomcat/webapps/webhdfs/WEB-INF/lib/httpcore-4.2.5.jar for tasks to queue
[2022-10-22T00:17:01.571+0000] {logging_mixin.py:117} INFO - [2022-10-22T00:17:01.571+0000] {dagbag.py:525} INFO - Filling up the DagBag from /opt/airflow/dags/hadoop-2.7.3/share/hadoop/httpfs/tomcat/webapps/webhdfs/WEB-INF/lib/httpcore-4.2.5.jar
[2022-10-22T00:17:01.589+0000] {processor.py:770} WARNING - No viable dags retrieved from /opt/airflow/dags/hadoop-2.7.3/share/hadoop/httpfs/tomcat/webapps/webhdfs/WEB-INF/lib/httpcore-4.2.5.jar
[2022-10-22T00:17:01.624+0000] {processor.py:178} INFO - Processing /opt/airflow/dags/hadoop-2.7.3/share/hadoop/httpfs/tomcat/webapps/webhdfs/WEB-INF/lib/httpcore-4.2.5.jar took 0.084 seconds
[2022-10-22T00:17:43.539+0000] {processor.py:156} INFO - Started process (PID=24124) to work on /opt/airflow/dags/hadoop-2.7.3/share/hadoop/httpfs/tomcat/webapps/webhdfs/WEB-INF/lib/httpcore-4.2.5.jar
[2022-10-22T00:17:43.542+0000] {processor.py:758} INFO - Processing file /opt/airflow/dags/hadoop-2.7.3/share/hadoop/httpfs/tomcat/webapps/webhdfs/WEB-INF/lib/httpcore-4.2.5.jar for tasks to queue
[2022-10-22T00:17:43.545+0000] {logging_mixin.py:117} INFO - [2022-10-22T00:17:43.544+0000] {dagbag.py:525} INFO - Filling up the DagBag from /opt/airflow/dags/hadoop-2.7.3/share/hadoop/httpfs/tomcat/webapps/webhdfs/WEB-INF/lib/httpcore-4.2.5.jar
[2022-10-22T00:17:43.559+0000] {processor.py:770} WARNING - No viable dags retrieved from /opt/airflow/dags/hadoop-2.7.3/share/hadoop/httpfs/tomcat/webapps/webhdfs/WEB-INF/lib/httpcore-4.2.5.jar
[2022-10-22T00:17:43.597+0000] {processor.py:178} INFO - Processing /opt/airflow/dags/hadoop-2.7.3/share/hadoop/httpfs/tomcat/webapps/webhdfs/WEB-INF/lib/httpcore-4.2.5.jar took 0.068 seconds
[2022-10-22T00:17:51.955+0000] {processor.py:156} INFO - Started process (PID=26687) to work on /opt/airflow/dags/hadoop-2.7.3/share/hadoop/httpfs/tomcat/webapps/webhdfs/WEB-INF/lib/httpcore-4.2.5.jar
[2022-10-22T00:17:51.957+0000] {processor.py:758} INFO - Processing file /opt/airflow/dags/hadoop-2.7.3/share/hadoop/httpfs/tomcat/webapps/webhdfs/WEB-INF/lib/httpcore-4.2.5.jar for tasks to queue
[2022-10-22T00:17:51.963+0000] {logging_mixin.py:117} INFO - [2022-10-22T00:17:51.962+0000] {dagbag.py:525} INFO - Filling up the DagBag from /opt/airflow/dags/hadoop-2.7.3/share/hadoop/httpfs/tomcat/webapps/webhdfs/WEB-INF/lib/httpcore-4.2.5.jar
[2022-10-22T00:17:51.978+0000] {processor.py:770} WARNING - No viable dags retrieved from /opt/airflow/dags/hadoop-2.7.3/share/hadoop/httpfs/tomcat/webapps/webhdfs/WEB-INF/lib/httpcore-4.2.5.jar
[2022-10-22T00:17:52.030+0000] {processor.py:178} INFO - Processing /opt/airflow/dags/hadoop-2.7.3/share/hadoop/httpfs/tomcat/webapps/webhdfs/WEB-INF/lib/httpcore-4.2.5.jar took 0.085 seconds
[2022-10-22T00:18:23.369+0000] {processor.py:156} INFO - Started process (PID=24536) to work on /opt/airflow/dags/hadoop-2.7.3/share/hadoop/httpfs/tomcat/webapps/webhdfs/WEB-INF/lib/httpcore-4.2.5.jar
[2022-10-22T00:18:23.374+0000] {processor.py:758} INFO - Processing file /opt/airflow/dags/hadoop-2.7.3/share/hadoop/httpfs/tomcat/webapps/webhdfs/WEB-INF/lib/httpcore-4.2.5.jar for tasks to queue
[2022-10-22T00:18:23.377+0000] {logging_mixin.py:117} INFO - [2022-10-22T00:18:23.377+0000] {dagbag.py:525} INFO - Filling up the DagBag from /opt/airflow/dags/hadoop-2.7.3/share/hadoop/httpfs/tomcat/webapps/webhdfs/WEB-INF/lib/httpcore-4.2.5.jar
[2022-10-22T00:18:23.391+0000] {processor.py:770} WARNING - No viable dags retrieved from /opt/airflow/dags/hadoop-2.7.3/share/hadoop/httpfs/tomcat/webapps/webhdfs/WEB-INF/lib/httpcore-4.2.5.jar
[2022-10-22T00:18:23.438+0000] {processor.py:178} INFO - Processing /opt/airflow/dags/hadoop-2.7.3/share/hadoop/httpfs/tomcat/webapps/webhdfs/WEB-INF/lib/httpcore-4.2.5.jar took 0.076 seconds
[2022-10-22T00:18:44.821+0000] {processor.py:156} INFO - Started process (PID=27248) to work on /opt/airflow/dags/hadoop-2.7.3/share/hadoop/httpfs/tomcat/webapps/webhdfs/WEB-INF/lib/httpcore-4.2.5.jar
[2022-10-22T00:18:44.825+0000] {processor.py:758} INFO - Processing file /opt/airflow/dags/hadoop-2.7.3/share/hadoop/httpfs/tomcat/webapps/webhdfs/WEB-INF/lib/httpcore-4.2.5.jar for tasks to queue
[2022-10-22T00:18:44.829+0000] {logging_mixin.py:117} INFO - [2022-10-22T00:18:44.829+0000] {dagbag.py:525} INFO - Filling up the DagBag from /opt/airflow/dags/hadoop-2.7.3/share/hadoop/httpfs/tomcat/webapps/webhdfs/WEB-INF/lib/httpcore-4.2.5.jar
[2022-10-22T00:18:44.847+0000] {processor.py:770} WARNING - No viable dags retrieved from /opt/airflow/dags/hadoop-2.7.3/share/hadoop/httpfs/tomcat/webapps/webhdfs/WEB-INF/lib/httpcore-4.2.5.jar
[2022-10-22T00:18:44.913+0000] {processor.py:178} INFO - Processing /opt/airflow/dags/hadoop-2.7.3/share/hadoop/httpfs/tomcat/webapps/webhdfs/WEB-INF/lib/httpcore-4.2.5.jar took 0.099 seconds
[2022-10-22T00:19:03.467+0000] {processor.py:156} INFO - Started process (PID=24954) to work on /opt/airflow/dags/hadoop-2.7.3/share/hadoop/httpfs/tomcat/webapps/webhdfs/WEB-INF/lib/httpcore-4.2.5.jar
[2022-10-22T00:19:03.481+0000] {processor.py:758} INFO - Processing file /opt/airflow/dags/hadoop-2.7.3/share/hadoop/httpfs/tomcat/webapps/webhdfs/WEB-INF/lib/httpcore-4.2.5.jar for tasks to queue
[2022-10-22T00:19:03.483+0000] {logging_mixin.py:117} INFO - [2022-10-22T00:19:03.483+0000] {dagbag.py:525} INFO - Filling up the DagBag from /opt/airflow/dags/hadoop-2.7.3/share/hadoop/httpfs/tomcat/webapps/webhdfs/WEB-INF/lib/httpcore-4.2.5.jar
[2022-10-22T00:19:03.496+0000] {processor.py:770} WARNING - No viable dags retrieved from /opt/airflow/dags/hadoop-2.7.3/share/hadoop/httpfs/tomcat/webapps/webhdfs/WEB-INF/lib/httpcore-4.2.5.jar
[2022-10-22T00:19:03.559+0000] {processor.py:178} INFO - Processing /opt/airflow/dags/hadoop-2.7.3/share/hadoop/httpfs/tomcat/webapps/webhdfs/WEB-INF/lib/httpcore-4.2.5.jar took 0.103 seconds
[2022-10-22T00:20:18.422+0000] {processor.py:156} INFO - Started process (PID=27878) to work on /opt/airflow/dags/hadoop-2.7.3/share/hadoop/httpfs/tomcat/webapps/webhdfs/WEB-INF/lib/httpcore-4.2.5.jar
[2022-10-22T00:20:18.430+0000] {processor.py:758} INFO - Processing file /opt/airflow/dags/hadoop-2.7.3/share/hadoop/httpfs/tomcat/webapps/webhdfs/WEB-INF/lib/httpcore-4.2.5.jar for tasks to queue
[2022-10-22T00:20:18.435+0000] {logging_mixin.py:117} INFO - [2022-10-22T00:20:18.435+0000] {dagbag.py:525} INFO - Filling up the DagBag from /opt/airflow/dags/hadoop-2.7.3/share/hadoop/httpfs/tomcat/webapps/webhdfs/WEB-INF/lib/httpcore-4.2.5.jar
[2022-10-22T00:20:18.462+0000] {processor.py:770} WARNING - No viable dags retrieved from /opt/airflow/dags/hadoop-2.7.3/share/hadoop/httpfs/tomcat/webapps/webhdfs/WEB-INF/lib/httpcore-4.2.5.jar
[2022-10-22T00:20:18.503+0000] {processor.py:178} INFO - Processing /opt/airflow/dags/hadoop-2.7.3/share/hadoop/httpfs/tomcat/webapps/webhdfs/WEB-INF/lib/httpcore-4.2.5.jar took 0.100 seconds
[2022-10-22T00:20:30.530+0000] {processor.py:156} INFO - Started process (PID=25467) to work on /opt/airflow/dags/hadoop-2.7.3/share/hadoop/httpfs/tomcat/webapps/webhdfs/WEB-INF/lib/httpcore-4.2.5.jar
[2022-10-22T00:20:30.535+0000] {processor.py:758} INFO - Processing file /opt/airflow/dags/hadoop-2.7.3/share/hadoop/httpfs/tomcat/webapps/webhdfs/WEB-INF/lib/httpcore-4.2.5.jar for tasks to queue
[2022-10-22T00:20:30.538+0000] {logging_mixin.py:117} INFO - [2022-10-22T00:20:30.538+0000] {dagbag.py:525} INFO - Filling up the DagBag from /opt/airflow/dags/hadoop-2.7.3/share/hadoop/httpfs/tomcat/webapps/webhdfs/WEB-INF/lib/httpcore-4.2.5.jar
[2022-10-22T00:20:30.571+0000] {processor.py:770} WARNING - No viable dags retrieved from /opt/airflow/dags/hadoop-2.7.3/share/hadoop/httpfs/tomcat/webapps/webhdfs/WEB-INF/lib/httpcore-4.2.5.jar
[2022-10-22T00:20:30.631+0000] {processor.py:178} INFO - Processing /opt/airflow/dags/hadoop-2.7.3/share/hadoop/httpfs/tomcat/webapps/webhdfs/WEB-INF/lib/httpcore-4.2.5.jar took 0.111 seconds
[2022-10-22T00:21:16.065+0000] {processor.py:156} INFO - Started process (PID=28439) to work on /opt/airflow/dags/hadoop-2.7.3/share/hadoop/httpfs/tomcat/webapps/webhdfs/WEB-INF/lib/httpcore-4.2.5.jar
[2022-10-22T00:21:16.070+0000] {processor.py:758} INFO - Processing file /opt/airflow/dags/hadoop-2.7.3/share/hadoop/httpfs/tomcat/webapps/webhdfs/WEB-INF/lib/httpcore-4.2.5.jar for tasks to queue
[2022-10-22T00:21:16.073+0000] {logging_mixin.py:117} INFO - [2022-10-22T00:21:16.072+0000] {dagbag.py:525} INFO - Filling up the DagBag from /opt/airflow/dags/hadoop-2.7.3/share/hadoop/httpfs/tomcat/webapps/webhdfs/WEB-INF/lib/httpcore-4.2.5.jar
[2022-10-22T00:21:16.091+0000] {processor.py:770} WARNING - No viable dags retrieved from /opt/airflow/dags/hadoop-2.7.3/share/hadoop/httpfs/tomcat/webapps/webhdfs/WEB-INF/lib/httpcore-4.2.5.jar
[2022-10-22T00:21:16.130+0000] {processor.py:178} INFO - Processing /opt/airflow/dags/hadoop-2.7.3/share/hadoop/httpfs/tomcat/webapps/webhdfs/WEB-INF/lib/httpcore-4.2.5.jar took 0.080 seconds
[2022-10-22T00:21:24.270+0000] {processor.py:156} INFO - Started process (PID=25992) to work on /opt/airflow/dags/hadoop-2.7.3/share/hadoop/httpfs/tomcat/webapps/webhdfs/WEB-INF/lib/httpcore-4.2.5.jar
[2022-10-22T00:21:24.273+0000] {processor.py:758} INFO - Processing file /opt/airflow/dags/hadoop-2.7.3/share/hadoop/httpfs/tomcat/webapps/webhdfs/WEB-INF/lib/httpcore-4.2.5.jar for tasks to queue
[2022-10-22T00:21:24.279+0000] {logging_mixin.py:117} INFO - [2022-10-22T00:21:24.279+0000] {dagbag.py:525} INFO - Filling up the DagBag from /opt/airflow/dags/hadoop-2.7.3/share/hadoop/httpfs/tomcat/webapps/webhdfs/WEB-INF/lib/httpcore-4.2.5.jar
[2022-10-22T00:21:24.293+0000] {processor.py:770} WARNING - No viable dags retrieved from /opt/airflow/dags/hadoop-2.7.3/share/hadoop/httpfs/tomcat/webapps/webhdfs/WEB-INF/lib/httpcore-4.2.5.jar
[2022-10-22T00:21:24.329+0000] {processor.py:178} INFO - Processing /opt/airflow/dags/hadoop-2.7.3/share/hadoop/httpfs/tomcat/webapps/webhdfs/WEB-INF/lib/httpcore-4.2.5.jar took 0.074 seconds
[2022-10-22T00:22:00.877+0000] {processor.py:156} INFO - Started process (PID=28865) to work on /opt/airflow/dags/hadoop-2.7.3/share/hadoop/httpfs/tomcat/webapps/webhdfs/WEB-INF/lib/httpcore-4.2.5.jar
[2022-10-22T00:22:00.880+0000] {processor.py:758} INFO - Processing file /opt/airflow/dags/hadoop-2.7.3/share/hadoop/httpfs/tomcat/webapps/webhdfs/WEB-INF/lib/httpcore-4.2.5.jar for tasks to queue
[2022-10-22T00:22:00.882+0000] {logging_mixin.py:117} INFO - [2022-10-22T00:22:00.882+0000] {dagbag.py:525} INFO - Filling up the DagBag from /opt/airflow/dags/hadoop-2.7.3/share/hadoop/httpfs/tomcat/webapps/webhdfs/WEB-INF/lib/httpcore-4.2.5.jar
[2022-10-22T00:22:00.896+0000] {processor.py:770} WARNING - No viable dags retrieved from /opt/airflow/dags/hadoop-2.7.3/share/hadoop/httpfs/tomcat/webapps/webhdfs/WEB-INF/lib/httpcore-4.2.5.jar
[2022-10-22T00:22:00.963+0000] {processor.py:178} INFO - Processing /opt/airflow/dags/hadoop-2.7.3/share/hadoop/httpfs/tomcat/webapps/webhdfs/WEB-INF/lib/httpcore-4.2.5.jar took 0.100 seconds
[2022-10-22T00:22:13.863+0000] {processor.py:156} INFO - Started process (PID=26454) to work on /opt/airflow/dags/hadoop-2.7.3/share/hadoop/httpfs/tomcat/webapps/webhdfs/WEB-INF/lib/httpcore-4.2.5.jar
[2022-10-22T00:22:13.869+0000] {processor.py:758} INFO - Processing file /opt/airflow/dags/hadoop-2.7.3/share/hadoop/httpfs/tomcat/webapps/webhdfs/WEB-INF/lib/httpcore-4.2.5.jar for tasks to queue
[2022-10-22T00:22:13.872+0000] {logging_mixin.py:117} INFO - [2022-10-22T00:22:13.872+0000] {dagbag.py:525} INFO - Filling up the DagBag from /opt/airflow/dags/hadoop-2.7.3/share/hadoop/httpfs/tomcat/webapps/webhdfs/WEB-INF/lib/httpcore-4.2.5.jar
[2022-10-22T00:22:13.889+0000] {processor.py:770} WARNING - No viable dags retrieved from /opt/airflow/dags/hadoop-2.7.3/share/hadoop/httpfs/tomcat/webapps/webhdfs/WEB-INF/lib/httpcore-4.2.5.jar
[2022-10-22T00:22:13.922+0000] {processor.py:178} INFO - Processing /opt/airflow/dags/hadoop-2.7.3/share/hadoop/httpfs/tomcat/webapps/webhdfs/WEB-INF/lib/httpcore-4.2.5.jar took 0.067 seconds
[2022-10-22T00:22:51.172+0000] {processor.py:156} INFO - Started process (PID=29338) to work on /opt/airflow/dags/hadoop-2.7.3/share/hadoop/httpfs/tomcat/webapps/webhdfs/WEB-INF/lib/httpcore-4.2.5.jar
[2022-10-22T00:22:51.175+0000] {processor.py:758} INFO - Processing file /opt/airflow/dags/hadoop-2.7.3/share/hadoop/httpfs/tomcat/webapps/webhdfs/WEB-INF/lib/httpcore-4.2.5.jar for tasks to queue
[2022-10-22T00:22:51.180+0000] {logging_mixin.py:117} INFO - [2022-10-22T00:22:51.179+0000] {dagbag.py:525} INFO - Filling up the DagBag from /opt/airflow/dags/hadoop-2.7.3/share/hadoop/httpfs/tomcat/webapps/webhdfs/WEB-INF/lib/httpcore-4.2.5.jar
[2022-10-22T00:22:51.206+0000] {processor.py:770} WARNING - No viable dags retrieved from /opt/airflow/dags/hadoop-2.7.3/share/hadoop/httpfs/tomcat/webapps/webhdfs/WEB-INF/lib/httpcore-4.2.5.jar
[2022-10-22T00:22:51.264+0000] {processor.py:178} INFO - Processing /opt/airflow/dags/hadoop-2.7.3/share/hadoop/httpfs/tomcat/webapps/webhdfs/WEB-INF/lib/httpcore-4.2.5.jar took 0.131 seconds
[2022-10-22T00:23:08.250+0000] {processor.py:156} INFO - Started process (PID=26941) to work on /opt/airflow/dags/hadoop-2.7.3/share/hadoop/httpfs/tomcat/webapps/webhdfs/WEB-INF/lib/httpcore-4.2.5.jar
[2022-10-22T00:23:08.257+0000] {processor.py:758} INFO - Processing file /opt/airflow/dags/hadoop-2.7.3/share/hadoop/httpfs/tomcat/webapps/webhdfs/WEB-INF/lib/httpcore-4.2.5.jar for tasks to queue
[2022-10-22T00:23:08.259+0000] {logging_mixin.py:117} INFO - [2022-10-22T00:23:08.259+0000] {dagbag.py:525} INFO - Filling up the DagBag from /opt/airflow/dags/hadoop-2.7.3/share/hadoop/httpfs/tomcat/webapps/webhdfs/WEB-INF/lib/httpcore-4.2.5.jar
[2022-10-22T00:23:08.273+0000] {processor.py:770} WARNING - No viable dags retrieved from /opt/airflow/dags/hadoop-2.7.3/share/hadoop/httpfs/tomcat/webapps/webhdfs/WEB-INF/lib/httpcore-4.2.5.jar
[2022-10-22T00:23:08.323+0000] {processor.py:178} INFO - Processing /opt/airflow/dags/hadoop-2.7.3/share/hadoop/httpfs/tomcat/webapps/webhdfs/WEB-INF/lib/httpcore-4.2.5.jar took 0.079 seconds
[2022-10-22T00:23:34.846+0000] {processor.py:156} INFO - Started process (PID=29836) to work on /opt/airflow/dags/hadoop-2.7.3/share/hadoop/httpfs/tomcat/webapps/webhdfs/WEB-INF/lib/httpcore-4.2.5.jar
[2022-10-22T00:23:34.852+0000] {processor.py:758} INFO - Processing file /opt/airflow/dags/hadoop-2.7.3/share/hadoop/httpfs/tomcat/webapps/webhdfs/WEB-INF/lib/httpcore-4.2.5.jar for tasks to queue
[2022-10-22T00:23:34.853+0000] {logging_mixin.py:117} INFO - [2022-10-22T00:23:34.853+0000] {dagbag.py:525} INFO - Filling up the DagBag from /opt/airflow/dags/hadoop-2.7.3/share/hadoop/httpfs/tomcat/webapps/webhdfs/WEB-INF/lib/httpcore-4.2.5.jar
[2022-10-22T00:23:34.871+0000] {processor.py:770} WARNING - No viable dags retrieved from /opt/airflow/dags/hadoop-2.7.3/share/hadoop/httpfs/tomcat/webapps/webhdfs/WEB-INF/lib/httpcore-4.2.5.jar
[2022-10-22T00:23:34.904+0000] {processor.py:178} INFO - Processing /opt/airflow/dags/hadoop-2.7.3/share/hadoop/httpfs/tomcat/webapps/webhdfs/WEB-INF/lib/httpcore-4.2.5.jar took 0.063 seconds
[2022-10-22T00:24:00.807+0000] {processor.py:156} INFO - Started process (PID=27501) to work on /opt/airflow/dags/hadoop-2.7.3/share/hadoop/httpfs/tomcat/webapps/webhdfs/WEB-INF/lib/httpcore-4.2.5.jar
[2022-10-22T00:24:00.809+0000] {processor.py:758} INFO - Processing file /opt/airflow/dags/hadoop-2.7.3/share/hadoop/httpfs/tomcat/webapps/webhdfs/WEB-INF/lib/httpcore-4.2.5.jar for tasks to queue
[2022-10-22T00:24:00.810+0000] {logging_mixin.py:117} INFO - [2022-10-22T00:24:00.810+0000] {dagbag.py:525} INFO - Filling up the DagBag from /opt/airflow/dags/hadoop-2.7.3/share/hadoop/httpfs/tomcat/webapps/webhdfs/WEB-INF/lib/httpcore-4.2.5.jar
[2022-10-22T00:24:00.819+0000] {processor.py:770} WARNING - No viable dags retrieved from /opt/airflow/dags/hadoop-2.7.3/share/hadoop/httpfs/tomcat/webapps/webhdfs/WEB-INF/lib/httpcore-4.2.5.jar
[2022-10-22T00:24:00.863+0000] {processor.py:178} INFO - Processing /opt/airflow/dags/hadoop-2.7.3/share/hadoop/httpfs/tomcat/webapps/webhdfs/WEB-INF/lib/httpcore-4.2.5.jar took 0.061 seconds
