[2022-10-22T00:00:33.988+0000] {processor.py:156} INFO - Started process (PID=19117) to work on /opt/airflow/dags/hadoop-2.7.3/share/hadoop/httpfs/tomcat/webapps/webhdfs/WEB-INF/lib/jackson-core-asl-1.9.13.jar
[2022-10-22T00:00:33.995+0000] {processor.py:758} INFO - Processing file /opt/airflow/dags/hadoop-2.7.3/share/hadoop/httpfs/tomcat/webapps/webhdfs/WEB-INF/lib/jackson-core-asl-1.9.13.jar for tasks to queue
[2022-10-22T00:00:33.999+0000] {logging_mixin.py:117} INFO - [2022-10-22T00:00:33.998+0000] {dagbag.py:525} INFO - Filling up the DagBag from /opt/airflow/dags/hadoop-2.7.3/share/hadoop/httpfs/tomcat/webapps/webhdfs/WEB-INF/lib/jackson-core-asl-1.9.13.jar
[2022-10-22T00:00:34.028+0000] {processor.py:770} WARNING - No viable dags retrieved from /opt/airflow/dags/hadoop-2.7.3/share/hadoop/httpfs/tomcat/webapps/webhdfs/WEB-INF/lib/jackson-core-asl-1.9.13.jar
[2022-10-22T00:00:34.094+0000] {processor.py:178} INFO - Processing /opt/airflow/dags/hadoop-2.7.3/share/hadoop/httpfs/tomcat/webapps/webhdfs/WEB-INF/lib/jackson-core-asl-1.9.13.jar took 0.139 seconds
[2022-10-22T00:01:32.994+0000] {processor.py:156} INFO - Started process (PID=17328) to work on /opt/airflow/dags/hadoop-2.7.3/share/hadoop/httpfs/tomcat/webapps/webhdfs/WEB-INF/lib/jackson-core-asl-1.9.13.jar
[2022-10-22T00:01:33.008+0000] {processor.py:758} INFO - Processing file /opt/airflow/dags/hadoop-2.7.3/share/hadoop/httpfs/tomcat/webapps/webhdfs/WEB-INF/lib/jackson-core-asl-1.9.13.jar for tasks to queue
[2022-10-22T00:01:33.015+0000] {logging_mixin.py:117} INFO - [2022-10-22T00:01:33.013+0000] {dagbag.py:525} INFO - Filling up the DagBag from /opt/airflow/dags/hadoop-2.7.3/share/hadoop/httpfs/tomcat/webapps/webhdfs/WEB-INF/lib/jackson-core-asl-1.9.13.jar
[2022-10-22T00:01:33.038+0000] {processor.py:770} WARNING - No viable dags retrieved from /opt/airflow/dags/hadoop-2.7.3/share/hadoop/httpfs/tomcat/webapps/webhdfs/WEB-INF/lib/jackson-core-asl-1.9.13.jar
[2022-10-22T00:01:33.086+0000] {processor.py:178} INFO - Processing /opt/airflow/dags/hadoop-2.7.3/share/hadoop/httpfs/tomcat/webapps/webhdfs/WEB-INF/lib/jackson-core-asl-1.9.13.jar took 0.125 seconds
[2022-10-22T00:01:40.977+0000] {processor.py:156} INFO - Started process (PID=19662) to work on /opt/airflow/dags/hadoop-2.7.3/share/hadoop/httpfs/tomcat/webapps/webhdfs/WEB-INF/lib/jackson-core-asl-1.9.13.jar
[2022-10-22T00:01:40.980+0000] {processor.py:758} INFO - Processing file /opt/airflow/dags/hadoop-2.7.3/share/hadoop/httpfs/tomcat/webapps/webhdfs/WEB-INF/lib/jackson-core-asl-1.9.13.jar for tasks to queue
[2022-10-22T00:01:40.984+0000] {logging_mixin.py:117} INFO - [2022-10-22T00:01:40.983+0000] {dagbag.py:525} INFO - Filling up the DagBag from /opt/airflow/dags/hadoop-2.7.3/share/hadoop/httpfs/tomcat/webapps/webhdfs/WEB-INF/lib/jackson-core-asl-1.9.13.jar
[2022-10-22T00:01:40.998+0000] {processor.py:770} WARNING - No viable dags retrieved from /opt/airflow/dags/hadoop-2.7.3/share/hadoop/httpfs/tomcat/webapps/webhdfs/WEB-INF/lib/jackson-core-asl-1.9.13.jar
[2022-10-22T00:01:41.057+0000] {processor.py:178} INFO - Processing /opt/airflow/dags/hadoop-2.7.3/share/hadoop/httpfs/tomcat/webapps/webhdfs/WEB-INF/lib/jackson-core-asl-1.9.13.jar took 0.099 seconds
[2022-10-22T00:02:44.390+0000] {processor.py:156} INFO - Started process (PID=20276) to work on /opt/airflow/dags/hadoop-2.7.3/share/hadoop/httpfs/tomcat/webapps/webhdfs/WEB-INF/lib/jackson-core-asl-1.9.13.jar
[2022-10-22T00:02:44.396+0000] {processor.py:758} INFO - Processing file /opt/airflow/dags/hadoop-2.7.3/share/hadoop/httpfs/tomcat/webapps/webhdfs/WEB-INF/lib/jackson-core-asl-1.9.13.jar for tasks to queue
[2022-10-22T00:02:44.404+0000] {logging_mixin.py:117} INFO - [2022-10-22T00:02:44.402+0000] {dagbag.py:525} INFO - Filling up the DagBag from /opt/airflow/dags/hadoop-2.7.3/share/hadoop/httpfs/tomcat/webapps/webhdfs/WEB-INF/lib/jackson-core-asl-1.9.13.jar
[2022-10-22T00:02:44.418+0000] {processor.py:770} WARNING - No viable dags retrieved from /opt/airflow/dags/hadoop-2.7.3/share/hadoop/httpfs/tomcat/webapps/webhdfs/WEB-INF/lib/jackson-core-asl-1.9.13.jar
[2022-10-22T00:02:44.538+0000] {processor.py:178} INFO - Processing /opt/airflow/dags/hadoop-2.7.3/share/hadoop/httpfs/tomcat/webapps/webhdfs/WEB-INF/lib/jackson-core-asl-1.9.13.jar took 0.167 seconds
[2022-10-22T00:03:20.501+0000] {processor.py:156} INFO - Started process (PID=17905) to work on /opt/airflow/dags/hadoop-2.7.3/share/hadoop/httpfs/tomcat/webapps/webhdfs/WEB-INF/lib/jackson-core-asl-1.9.13.jar
[2022-10-22T00:03:20.507+0000] {processor.py:758} INFO - Processing file /opt/airflow/dags/hadoop-2.7.3/share/hadoop/httpfs/tomcat/webapps/webhdfs/WEB-INF/lib/jackson-core-asl-1.9.13.jar for tasks to queue
[2022-10-22T00:03:20.509+0000] {logging_mixin.py:117} INFO - [2022-10-22T00:03:20.509+0000] {dagbag.py:525} INFO - Filling up the DagBag from /opt/airflow/dags/hadoop-2.7.3/share/hadoop/httpfs/tomcat/webapps/webhdfs/WEB-INF/lib/jackson-core-asl-1.9.13.jar
[2022-10-22T00:03:20.520+0000] {processor.py:770} WARNING - No viable dags retrieved from /opt/airflow/dags/hadoop-2.7.3/share/hadoop/httpfs/tomcat/webapps/webhdfs/WEB-INF/lib/jackson-core-asl-1.9.13.jar
[2022-10-22T00:03:20.552+0000] {processor.py:178} INFO - Processing /opt/airflow/dags/hadoop-2.7.3/share/hadoop/httpfs/tomcat/webapps/webhdfs/WEB-INF/lib/jackson-core-asl-1.9.13.jar took 0.057 seconds
[2022-10-22T00:03:58.143+0000] {processor.py:156} INFO - Started process (PID=20668) to work on /opt/airflow/dags/hadoop-2.7.3/share/hadoop/httpfs/tomcat/webapps/webhdfs/WEB-INF/lib/jackson-core-asl-1.9.13.jar
[2022-10-22T00:03:58.145+0000] {processor.py:758} INFO - Processing file /opt/airflow/dags/hadoop-2.7.3/share/hadoop/httpfs/tomcat/webapps/webhdfs/WEB-INF/lib/jackson-core-asl-1.9.13.jar for tasks to queue
[2022-10-22T00:03:58.149+0000] {logging_mixin.py:117} INFO - [2022-10-22T00:03:58.148+0000] {dagbag.py:525} INFO - Filling up the DagBag from /opt/airflow/dags/hadoop-2.7.3/share/hadoop/httpfs/tomcat/webapps/webhdfs/WEB-INF/lib/jackson-core-asl-1.9.13.jar
[2022-10-22T00:03:58.163+0000] {processor.py:770} WARNING - No viable dags retrieved from /opt/airflow/dags/hadoop-2.7.3/share/hadoop/httpfs/tomcat/webapps/webhdfs/WEB-INF/lib/jackson-core-asl-1.9.13.jar
[2022-10-22T00:03:58.206+0000] {processor.py:178} INFO - Processing /opt/airflow/dags/hadoop-2.7.3/share/hadoop/httpfs/tomcat/webapps/webhdfs/WEB-INF/lib/jackson-core-asl-1.9.13.jar took 0.075 seconds
[2022-10-22T00:04:25.559+0000] {processor.py:156} INFO - Started process (PID=18505) to work on /opt/airflow/dags/hadoop-2.7.3/share/hadoop/httpfs/tomcat/webapps/webhdfs/WEB-INF/lib/jackson-core-asl-1.9.13.jar
[2022-10-22T00:04:25.567+0000] {processor.py:758} INFO - Processing file /opt/airflow/dags/hadoop-2.7.3/share/hadoop/httpfs/tomcat/webapps/webhdfs/WEB-INF/lib/jackson-core-asl-1.9.13.jar for tasks to queue
[2022-10-22T00:04:25.572+0000] {logging_mixin.py:117} INFO - [2022-10-22T00:04:25.572+0000] {dagbag.py:525} INFO - Filling up the DagBag from /opt/airflow/dags/hadoop-2.7.3/share/hadoop/httpfs/tomcat/webapps/webhdfs/WEB-INF/lib/jackson-core-asl-1.9.13.jar
[2022-10-22T00:04:25.586+0000] {processor.py:770} WARNING - No viable dags retrieved from /opt/airflow/dags/hadoop-2.7.3/share/hadoop/httpfs/tomcat/webapps/webhdfs/WEB-INF/lib/jackson-core-asl-1.9.13.jar
[2022-10-22T00:04:25.671+0000] {processor.py:178} INFO - Processing /opt/airflow/dags/hadoop-2.7.3/share/hadoop/httpfs/tomcat/webapps/webhdfs/WEB-INF/lib/jackson-core-asl-1.9.13.jar took 0.133 seconds
[2022-10-22T00:04:55.628+0000] {processor.py:156} INFO - Started process (PID=21189) to work on /opt/airflow/dags/hadoop-2.7.3/share/hadoop/httpfs/tomcat/webapps/webhdfs/WEB-INF/lib/jackson-core-asl-1.9.13.jar
[2022-10-22T00:04:55.644+0000] {processor.py:758} INFO - Processing file /opt/airflow/dags/hadoop-2.7.3/share/hadoop/httpfs/tomcat/webapps/webhdfs/WEB-INF/lib/jackson-core-asl-1.9.13.jar for tasks to queue
[2022-10-22T00:04:55.649+0000] {logging_mixin.py:117} INFO - [2022-10-22T00:04:55.649+0000] {dagbag.py:525} INFO - Filling up the DagBag from /opt/airflow/dags/hadoop-2.7.3/share/hadoop/httpfs/tomcat/webapps/webhdfs/WEB-INF/lib/jackson-core-asl-1.9.13.jar
[2022-10-22T00:04:55.687+0000] {processor.py:770} WARNING - No viable dags retrieved from /opt/airflow/dags/hadoop-2.7.3/share/hadoop/httpfs/tomcat/webapps/webhdfs/WEB-INF/lib/jackson-core-asl-1.9.13.jar
[2022-10-22T00:04:55.861+0000] {processor.py:178} INFO - Processing /opt/airflow/dags/hadoop-2.7.3/share/hadoop/httpfs/tomcat/webapps/webhdfs/WEB-INF/lib/jackson-core-asl-1.9.13.jar took 0.261 seconds
[2022-10-22T00:05:21.117+0000] {processor.py:156} INFO - Started process (PID=19028) to work on /opt/airflow/dags/hadoop-2.7.3/share/hadoop/httpfs/tomcat/webapps/webhdfs/WEB-INF/lib/jackson-core-asl-1.9.13.jar
[2022-10-22T00:05:21.121+0000] {processor.py:758} INFO - Processing file /opt/airflow/dags/hadoop-2.7.3/share/hadoop/httpfs/tomcat/webapps/webhdfs/WEB-INF/lib/jackson-core-asl-1.9.13.jar for tasks to queue
[2022-10-22T00:05:21.124+0000] {logging_mixin.py:117} INFO - [2022-10-22T00:05:21.124+0000] {dagbag.py:525} INFO - Filling up the DagBag from /opt/airflow/dags/hadoop-2.7.3/share/hadoop/httpfs/tomcat/webapps/webhdfs/WEB-INF/lib/jackson-core-asl-1.9.13.jar
[2022-10-22T00:05:21.139+0000] {processor.py:770} WARNING - No viable dags retrieved from /opt/airflow/dags/hadoop-2.7.3/share/hadoop/httpfs/tomcat/webapps/webhdfs/WEB-INF/lib/jackson-core-asl-1.9.13.jar
[2022-10-22T00:05:21.180+0000] {processor.py:178} INFO - Processing /opt/airflow/dags/hadoop-2.7.3/share/hadoop/httpfs/tomcat/webapps/webhdfs/WEB-INF/lib/jackson-core-asl-1.9.13.jar took 0.080 seconds
[2022-10-22T00:05:41.364+0000] {processor.py:156} INFO - Started process (PID=21662) to work on /opt/airflow/dags/hadoop-2.7.3/share/hadoop/httpfs/tomcat/webapps/webhdfs/WEB-INF/lib/jackson-core-asl-1.9.13.jar
[2022-10-22T00:05:41.367+0000] {processor.py:758} INFO - Processing file /opt/airflow/dags/hadoop-2.7.3/share/hadoop/httpfs/tomcat/webapps/webhdfs/WEB-INF/lib/jackson-core-asl-1.9.13.jar for tasks to queue
[2022-10-22T00:05:41.371+0000] {logging_mixin.py:117} INFO - [2022-10-22T00:05:41.370+0000] {dagbag.py:525} INFO - Filling up the DagBag from /opt/airflow/dags/hadoop-2.7.3/share/hadoop/httpfs/tomcat/webapps/webhdfs/WEB-INF/lib/jackson-core-asl-1.9.13.jar
[2022-10-22T00:05:41.381+0000] {processor.py:770} WARNING - No viable dags retrieved from /opt/airflow/dags/hadoop-2.7.3/share/hadoop/httpfs/tomcat/webapps/webhdfs/WEB-INF/lib/jackson-core-asl-1.9.13.jar
[2022-10-22T00:05:41.435+0000] {processor.py:178} INFO - Processing /opt/airflow/dags/hadoop-2.7.3/share/hadoop/httpfs/tomcat/webapps/webhdfs/WEB-INF/lib/jackson-core-asl-1.9.13.jar took 0.083 seconds
[2022-10-22T00:06:08.344+0000] {processor.py:156} INFO - Started process (PID=19493) to work on /opt/airflow/dags/hadoop-2.7.3/share/hadoop/httpfs/tomcat/webapps/webhdfs/WEB-INF/lib/jackson-core-asl-1.9.13.jar
[2022-10-22T00:06:08.352+0000] {processor.py:758} INFO - Processing file /opt/airflow/dags/hadoop-2.7.3/share/hadoop/httpfs/tomcat/webapps/webhdfs/WEB-INF/lib/jackson-core-asl-1.9.13.jar for tasks to queue
[2022-10-22T00:06:08.359+0000] {logging_mixin.py:117} INFO - [2022-10-22T00:06:08.358+0000] {dagbag.py:525} INFO - Filling up the DagBag from /opt/airflow/dags/hadoop-2.7.3/share/hadoop/httpfs/tomcat/webapps/webhdfs/WEB-INF/lib/jackson-core-asl-1.9.13.jar
[2022-10-22T00:06:08.377+0000] {processor.py:770} WARNING - No viable dags retrieved from /opt/airflow/dags/hadoop-2.7.3/share/hadoop/httpfs/tomcat/webapps/webhdfs/WEB-INF/lib/jackson-core-asl-1.9.13.jar
[2022-10-22T00:06:08.452+0000] {processor.py:178} INFO - Processing /opt/airflow/dags/hadoop-2.7.3/share/hadoop/httpfs/tomcat/webapps/webhdfs/WEB-INF/lib/jackson-core-asl-1.9.13.jar took 0.136 seconds
[2022-10-22T00:06:29.195+0000] {processor.py:156} INFO - Started process (PID=22127) to work on /opt/airflow/dags/hadoop-2.7.3/share/hadoop/httpfs/tomcat/webapps/webhdfs/WEB-INF/lib/jackson-core-asl-1.9.13.jar
[2022-10-22T00:06:29.198+0000] {processor.py:758} INFO - Processing file /opt/airflow/dags/hadoop-2.7.3/share/hadoop/httpfs/tomcat/webapps/webhdfs/WEB-INF/lib/jackson-core-asl-1.9.13.jar for tasks to queue
[2022-10-22T00:06:29.202+0000] {logging_mixin.py:117} INFO - [2022-10-22T00:06:29.202+0000] {dagbag.py:525} INFO - Filling up the DagBag from /opt/airflow/dags/hadoop-2.7.3/share/hadoop/httpfs/tomcat/webapps/webhdfs/WEB-INF/lib/jackson-core-asl-1.9.13.jar
[2022-10-22T00:06:29.223+0000] {processor.py:770} WARNING - No viable dags retrieved from /opt/airflow/dags/hadoop-2.7.3/share/hadoop/httpfs/tomcat/webapps/webhdfs/WEB-INF/lib/jackson-core-asl-1.9.13.jar
[2022-10-22T00:06:29.270+0000] {processor.py:178} INFO - Processing /opt/airflow/dags/hadoop-2.7.3/share/hadoop/httpfs/tomcat/webapps/webhdfs/WEB-INF/lib/jackson-core-asl-1.9.13.jar took 0.093 seconds
[2022-10-22T00:06:56.768+0000] {processor.py:156} INFO - Started process (PID=19952) to work on /opt/airflow/dags/hadoop-2.7.3/share/hadoop/httpfs/tomcat/webapps/webhdfs/WEB-INF/lib/jackson-core-asl-1.9.13.jar
[2022-10-22T00:06:56.771+0000] {processor.py:758} INFO - Processing file /opt/airflow/dags/hadoop-2.7.3/share/hadoop/httpfs/tomcat/webapps/webhdfs/WEB-INF/lib/jackson-core-asl-1.9.13.jar for tasks to queue
[2022-10-22T00:06:56.774+0000] {logging_mixin.py:117} INFO - [2022-10-22T00:06:56.773+0000] {dagbag.py:525} INFO - Filling up the DagBag from /opt/airflow/dags/hadoop-2.7.3/share/hadoop/httpfs/tomcat/webapps/webhdfs/WEB-INF/lib/jackson-core-asl-1.9.13.jar
[2022-10-22T00:06:56.787+0000] {processor.py:770} WARNING - No viable dags retrieved from /opt/airflow/dags/hadoop-2.7.3/share/hadoop/httpfs/tomcat/webapps/webhdfs/WEB-INF/lib/jackson-core-asl-1.9.13.jar
[2022-10-22T00:06:56.831+0000] {processor.py:178} INFO - Processing /opt/airflow/dags/hadoop-2.7.3/share/hadoop/httpfs/tomcat/webapps/webhdfs/WEB-INF/lib/jackson-core-asl-1.9.13.jar took 0.070 seconds
[2022-10-22T00:07:13.445+0000] {processor.py:156} INFO - Started process (PID=22586) to work on /opt/airflow/dags/hadoop-2.7.3/share/hadoop/httpfs/tomcat/webapps/webhdfs/WEB-INF/lib/jackson-core-asl-1.9.13.jar
[2022-10-22T00:07:13.451+0000] {processor.py:758} INFO - Processing file /opt/airflow/dags/hadoop-2.7.3/share/hadoop/httpfs/tomcat/webapps/webhdfs/WEB-INF/lib/jackson-core-asl-1.9.13.jar for tasks to queue
[2022-10-22T00:07:13.453+0000] {logging_mixin.py:117} INFO - [2022-10-22T00:07:13.453+0000] {dagbag.py:525} INFO - Filling up the DagBag from /opt/airflow/dags/hadoop-2.7.3/share/hadoop/httpfs/tomcat/webapps/webhdfs/WEB-INF/lib/jackson-core-asl-1.9.13.jar
[2022-10-22T00:07:13.464+0000] {processor.py:770} WARNING - No viable dags retrieved from /opt/airflow/dags/hadoop-2.7.3/share/hadoop/httpfs/tomcat/webapps/webhdfs/WEB-INF/lib/jackson-core-asl-1.9.13.jar
[2022-10-22T00:07:13.533+0000] {processor.py:178} INFO - Processing /opt/airflow/dags/hadoop-2.7.3/share/hadoop/httpfs/tomcat/webapps/webhdfs/WEB-INF/lib/jackson-core-asl-1.9.13.jar took 0.095 seconds
[2022-10-22T00:08:23.407+0000] {processor.py:156} INFO - Started process (PID=20420) to work on /opt/airflow/dags/hadoop-2.7.3/share/hadoop/httpfs/tomcat/webapps/webhdfs/WEB-INF/lib/jackson-core-asl-1.9.13.jar
[2022-10-22T00:08:23.410+0000] {processor.py:758} INFO - Processing file /opt/airflow/dags/hadoop-2.7.3/share/hadoop/httpfs/tomcat/webapps/webhdfs/WEB-INF/lib/jackson-core-asl-1.9.13.jar for tasks to queue
[2022-10-22T00:08:23.412+0000] {logging_mixin.py:117} INFO - [2022-10-22T00:08:23.412+0000] {dagbag.py:525} INFO - Filling up the DagBag from /opt/airflow/dags/hadoop-2.7.3/share/hadoop/httpfs/tomcat/webapps/webhdfs/WEB-INF/lib/jackson-core-asl-1.9.13.jar
[2022-10-22T00:08:23.426+0000] {processor.py:770} WARNING - No viable dags retrieved from /opt/airflow/dags/hadoop-2.7.3/share/hadoop/httpfs/tomcat/webapps/webhdfs/WEB-INF/lib/jackson-core-asl-1.9.13.jar
[2022-10-22T00:08:23.473+0000] {processor.py:178} INFO - Processing /opt/airflow/dags/hadoop-2.7.3/share/hadoop/httpfs/tomcat/webapps/webhdfs/WEB-INF/lib/jackson-core-asl-1.9.13.jar took 0.087 seconds
[2022-10-22T00:08:37.729+0000] {processor.py:156} INFO - Started process (PID=23040) to work on /opt/airflow/dags/hadoop-2.7.3/share/hadoop/httpfs/tomcat/webapps/webhdfs/WEB-INF/lib/jackson-core-asl-1.9.13.jar
[2022-10-22T00:08:37.736+0000] {processor.py:758} INFO - Processing file /opt/airflow/dags/hadoop-2.7.3/share/hadoop/httpfs/tomcat/webapps/webhdfs/WEB-INF/lib/jackson-core-asl-1.9.13.jar for tasks to queue
[2022-10-22T00:08:37.740+0000] {logging_mixin.py:117} INFO - [2022-10-22T00:08:37.740+0000] {dagbag.py:525} INFO - Filling up the DagBag from /opt/airflow/dags/hadoop-2.7.3/share/hadoop/httpfs/tomcat/webapps/webhdfs/WEB-INF/lib/jackson-core-asl-1.9.13.jar
[2022-10-22T00:08:37.751+0000] {processor.py:770} WARNING - No viable dags retrieved from /opt/airflow/dags/hadoop-2.7.3/share/hadoop/httpfs/tomcat/webapps/webhdfs/WEB-INF/lib/jackson-core-asl-1.9.13.jar
[2022-10-22T00:08:37.789+0000] {processor.py:178} INFO - Processing /opt/airflow/dags/hadoop-2.7.3/share/hadoop/httpfs/tomcat/webapps/webhdfs/WEB-INF/lib/jackson-core-asl-1.9.13.jar took 0.079 seconds
[2022-10-22T00:09:32.720+0000] {processor.py:156} INFO - Started process (PID=21056) to work on /opt/airflow/dags/hadoop-2.7.3/share/hadoop/httpfs/tomcat/webapps/webhdfs/WEB-INF/lib/jackson-core-asl-1.9.13.jar
[2022-10-22T00:09:32.729+0000] {processor.py:758} INFO - Processing file /opt/airflow/dags/hadoop-2.7.3/share/hadoop/httpfs/tomcat/webapps/webhdfs/WEB-INF/lib/jackson-core-asl-1.9.13.jar for tasks to queue
[2022-10-22T00:09:32.732+0000] {logging_mixin.py:117} INFO - [2022-10-22T00:09:32.731+0000] {dagbag.py:525} INFO - Filling up the DagBag from /opt/airflow/dags/hadoop-2.7.3/share/hadoop/httpfs/tomcat/webapps/webhdfs/WEB-INF/lib/jackson-core-asl-1.9.13.jar
[2022-10-22T00:09:32.739+0000] {processor.py:770} WARNING - No viable dags retrieved from /opt/airflow/dags/hadoop-2.7.3/share/hadoop/httpfs/tomcat/webapps/webhdfs/WEB-INF/lib/jackson-core-asl-1.9.13.jar
[2022-10-22T00:09:32.772+0000] {processor.py:178} INFO - Processing /opt/airflow/dags/hadoop-2.7.3/share/hadoop/httpfs/tomcat/webapps/webhdfs/WEB-INF/lib/jackson-core-asl-1.9.13.jar took 0.089 seconds
[2022-10-22T00:09:36.541+0000] {processor.py:156} INFO - Started process (PID=23583) to work on /opt/airflow/dags/hadoop-2.7.3/share/hadoop/httpfs/tomcat/webapps/webhdfs/WEB-INF/lib/jackson-core-asl-1.9.13.jar
[2022-10-22T00:09:36.546+0000] {processor.py:758} INFO - Processing file /opt/airflow/dags/hadoop-2.7.3/share/hadoop/httpfs/tomcat/webapps/webhdfs/WEB-INF/lib/jackson-core-asl-1.9.13.jar for tasks to queue
[2022-10-22T00:09:36.549+0000] {logging_mixin.py:117} INFO - [2022-10-22T00:09:36.548+0000] {dagbag.py:525} INFO - Filling up the DagBag from /opt/airflow/dags/hadoop-2.7.3/share/hadoop/httpfs/tomcat/webapps/webhdfs/WEB-INF/lib/jackson-core-asl-1.9.13.jar
[2022-10-22T00:09:36.558+0000] {processor.py:770} WARNING - No viable dags retrieved from /opt/airflow/dags/hadoop-2.7.3/share/hadoop/httpfs/tomcat/webapps/webhdfs/WEB-INF/lib/jackson-core-asl-1.9.13.jar
[2022-10-22T00:09:36.596+0000] {processor.py:178} INFO - Processing /opt/airflow/dags/hadoop-2.7.3/share/hadoop/httpfs/tomcat/webapps/webhdfs/WEB-INF/lib/jackson-core-asl-1.9.13.jar took 0.077 seconds
[2022-10-22T00:11:27.563+0000] {processor.py:156} INFO - Started process (PID=24030) to work on /opt/airflow/dags/hadoop-2.7.3/share/hadoop/httpfs/tomcat/webapps/webhdfs/WEB-INF/lib/jackson-core-asl-1.9.13.jar
[2022-10-22T00:11:27.565+0000] {processor.py:758} INFO - Processing file /opt/airflow/dags/hadoop-2.7.3/share/hadoop/httpfs/tomcat/webapps/webhdfs/WEB-INF/lib/jackson-core-asl-1.9.13.jar for tasks to queue
[2022-10-22T00:11:27.568+0000] {logging_mixin.py:117} INFO - [2022-10-22T00:11:27.567+0000] {dagbag.py:525} INFO - Filling up the DagBag from /opt/airflow/dags/hadoop-2.7.3/share/hadoop/httpfs/tomcat/webapps/webhdfs/WEB-INF/lib/jackson-core-asl-1.9.13.jar
[2022-10-22T00:11:27.576+0000] {processor.py:770} WARNING - No viable dags retrieved from /opt/airflow/dags/hadoop-2.7.3/share/hadoop/httpfs/tomcat/webapps/webhdfs/WEB-INF/lib/jackson-core-asl-1.9.13.jar
[2022-10-22T00:11:27.610+0000] {processor.py:178} INFO - Processing /opt/airflow/dags/hadoop-2.7.3/share/hadoop/httpfs/tomcat/webapps/webhdfs/WEB-INF/lib/jackson-core-asl-1.9.13.jar took 0.052 seconds
[2022-10-22T00:11:29.119+0000] {processor.py:156} INFO - Started process (PID=21573) to work on /opt/airflow/dags/hadoop-2.7.3/share/hadoop/httpfs/tomcat/webapps/webhdfs/WEB-INF/lib/jackson-core-asl-1.9.13.jar
[2022-10-22T00:11:29.121+0000] {processor.py:758} INFO - Processing file /opt/airflow/dags/hadoop-2.7.3/share/hadoop/httpfs/tomcat/webapps/webhdfs/WEB-INF/lib/jackson-core-asl-1.9.13.jar for tasks to queue
[2022-10-22T00:11:29.122+0000] {logging_mixin.py:117} INFO - [2022-10-22T00:11:29.122+0000] {dagbag.py:525} INFO - Filling up the DagBag from /opt/airflow/dags/hadoop-2.7.3/share/hadoop/httpfs/tomcat/webapps/webhdfs/WEB-INF/lib/jackson-core-asl-1.9.13.jar
[2022-10-22T00:11:29.130+0000] {processor.py:770} WARNING - No viable dags retrieved from /opt/airflow/dags/hadoop-2.7.3/share/hadoop/httpfs/tomcat/webapps/webhdfs/WEB-INF/lib/jackson-core-asl-1.9.13.jar
[2022-10-22T00:11:29.157+0000] {processor.py:178} INFO - Processing /opt/airflow/dags/hadoop-2.7.3/share/hadoop/httpfs/tomcat/webapps/webhdfs/WEB-INF/lib/jackson-core-asl-1.9.13.jar took 0.042 seconds
[2022-10-22T00:12:04.874+0000] {processor.py:156} INFO - Started process (PID=24547) to work on /opt/airflow/dags/hadoop-2.7.3/share/hadoop/httpfs/tomcat/webapps/webhdfs/WEB-INF/lib/jackson-core-asl-1.9.13.jar
[2022-10-22T00:12:04.876+0000] {processor.py:758} INFO - Processing file /opt/airflow/dags/hadoop-2.7.3/share/hadoop/httpfs/tomcat/webapps/webhdfs/WEB-INF/lib/jackson-core-asl-1.9.13.jar for tasks to queue
[2022-10-22T00:12:04.878+0000] {logging_mixin.py:117} INFO - [2022-10-22T00:12:04.878+0000] {dagbag.py:525} INFO - Filling up the DagBag from /opt/airflow/dags/hadoop-2.7.3/share/hadoop/httpfs/tomcat/webapps/webhdfs/WEB-INF/lib/jackson-core-asl-1.9.13.jar
[2022-10-22T00:12:04.888+0000] {processor.py:770} WARNING - No viable dags retrieved from /opt/airflow/dags/hadoop-2.7.3/share/hadoop/httpfs/tomcat/webapps/webhdfs/WEB-INF/lib/jackson-core-asl-1.9.13.jar
[2022-10-22T00:12:04.925+0000] {processor.py:178} INFO - Processing /opt/airflow/dags/hadoop-2.7.3/share/hadoop/httpfs/tomcat/webapps/webhdfs/WEB-INF/lib/jackson-core-asl-1.9.13.jar took 0.062 seconds
[2022-10-22T00:12:07.746+0000] {processor.py:156} INFO - Started process (PID=22090) to work on /opt/airflow/dags/hadoop-2.7.3/share/hadoop/httpfs/tomcat/webapps/webhdfs/WEB-INF/lib/jackson-core-asl-1.9.13.jar
[2022-10-22T00:12:07.748+0000] {processor.py:758} INFO - Processing file /opt/airflow/dags/hadoop-2.7.3/share/hadoop/httpfs/tomcat/webapps/webhdfs/WEB-INF/lib/jackson-core-asl-1.9.13.jar for tasks to queue
[2022-10-22T00:12:07.751+0000] {logging_mixin.py:117} INFO - [2022-10-22T00:12:07.751+0000] {dagbag.py:525} INFO - Filling up the DagBag from /opt/airflow/dags/hadoop-2.7.3/share/hadoop/httpfs/tomcat/webapps/webhdfs/WEB-INF/lib/jackson-core-asl-1.9.13.jar
[2022-10-22T00:12:07.764+0000] {processor.py:770} WARNING - No viable dags retrieved from /opt/airflow/dags/hadoop-2.7.3/share/hadoop/httpfs/tomcat/webapps/webhdfs/WEB-INF/lib/jackson-core-asl-1.9.13.jar
[2022-10-22T00:12:07.810+0000] {processor.py:178} INFO - Processing /opt/airflow/dags/hadoop-2.7.3/share/hadoop/httpfs/tomcat/webapps/webhdfs/WEB-INF/lib/jackson-core-asl-1.9.13.jar took 0.072 seconds
[2022-10-22T00:15:14.195+0000] {processor.py:156} INFO - Started process (PID=22559) to work on /opt/airflow/dags/hadoop-2.7.3/share/hadoop/httpfs/tomcat/webapps/webhdfs/WEB-INF/lib/jackson-core-asl-1.9.13.jar
[2022-10-22T00:15:14.198+0000] {processor.py:758} INFO - Processing file /opt/airflow/dags/hadoop-2.7.3/share/hadoop/httpfs/tomcat/webapps/webhdfs/WEB-INF/lib/jackson-core-asl-1.9.13.jar for tasks to queue
[2022-10-22T00:15:14.208+0000] {logging_mixin.py:117} INFO - [2022-10-22T00:15:14.206+0000] {dagbag.py:525} INFO - Filling up the DagBag from /opt/airflow/dags/hadoop-2.7.3/share/hadoop/httpfs/tomcat/webapps/webhdfs/WEB-INF/lib/jackson-core-asl-1.9.13.jar
[2022-10-22T00:15:14.219+0000] {processor.py:770} WARNING - No viable dags retrieved from /opt/airflow/dags/hadoop-2.7.3/share/hadoop/httpfs/tomcat/webapps/webhdfs/WEB-INF/lib/jackson-core-asl-1.9.13.jar
[2022-10-22T00:15:14.265+0000] {processor.py:178} INFO - Processing /opt/airflow/dags/hadoop-2.7.3/share/hadoop/httpfs/tomcat/webapps/webhdfs/WEB-INF/lib/jackson-core-asl-1.9.13.jar took 0.081 seconds
[2022-10-22T00:15:27.813+0000] {processor.py:156} INFO - Started process (PID=25118) to work on /opt/airflow/dags/hadoop-2.7.3/share/hadoop/httpfs/tomcat/webapps/webhdfs/WEB-INF/lib/jackson-core-asl-1.9.13.jar
[2022-10-22T00:15:27.816+0000] {processor.py:758} INFO - Processing file /opt/airflow/dags/hadoop-2.7.3/share/hadoop/httpfs/tomcat/webapps/webhdfs/WEB-INF/lib/jackson-core-asl-1.9.13.jar for tasks to queue
[2022-10-22T00:15:27.821+0000] {logging_mixin.py:117} INFO - [2022-10-22T00:15:27.820+0000] {dagbag.py:525} INFO - Filling up the DagBag from /opt/airflow/dags/hadoop-2.7.3/share/hadoop/httpfs/tomcat/webapps/webhdfs/WEB-INF/lib/jackson-core-asl-1.9.13.jar
[2022-10-22T00:15:27.838+0000] {processor.py:770} WARNING - No viable dags retrieved from /opt/airflow/dags/hadoop-2.7.3/share/hadoop/httpfs/tomcat/webapps/webhdfs/WEB-INF/lib/jackson-core-asl-1.9.13.jar
[2022-10-22T00:15:27.879+0000] {processor.py:178} INFO - Processing /opt/airflow/dags/hadoop-2.7.3/share/hadoop/httpfs/tomcat/webapps/webhdfs/WEB-INF/lib/jackson-core-asl-1.9.13.jar took 0.075 seconds
[2022-10-22T00:16:03.620+0000] {processor.py:156} INFO - Started process (PID=23075) to work on /opt/airflow/dags/hadoop-2.7.3/share/hadoop/httpfs/tomcat/webapps/webhdfs/WEB-INF/lib/jackson-core-asl-1.9.13.jar
[2022-10-22T00:16:03.630+0000] {processor.py:758} INFO - Processing file /opt/airflow/dags/hadoop-2.7.3/share/hadoop/httpfs/tomcat/webapps/webhdfs/WEB-INF/lib/jackson-core-asl-1.9.13.jar for tasks to queue
[2022-10-22T00:16:03.634+0000] {logging_mixin.py:117} INFO - [2022-10-22T00:16:03.634+0000] {dagbag.py:525} INFO - Filling up the DagBag from /opt/airflow/dags/hadoop-2.7.3/share/hadoop/httpfs/tomcat/webapps/webhdfs/WEB-INF/lib/jackson-core-asl-1.9.13.jar
[2022-10-22T00:16:03.649+0000] {processor.py:770} WARNING - No viable dags retrieved from /opt/airflow/dags/hadoop-2.7.3/share/hadoop/httpfs/tomcat/webapps/webhdfs/WEB-INF/lib/jackson-core-asl-1.9.13.jar
[2022-10-22T00:16:03.706+0000] {processor.py:178} INFO - Processing /opt/airflow/dags/hadoop-2.7.3/share/hadoop/httpfs/tomcat/webapps/webhdfs/WEB-INF/lib/jackson-core-asl-1.9.13.jar took 0.094 seconds
[2022-10-22T00:16:14.152+0000] {processor.py:156} INFO - Started process (PID=25641) to work on /opt/airflow/dags/hadoop-2.7.3/share/hadoop/httpfs/tomcat/webapps/webhdfs/WEB-INF/lib/jackson-core-asl-1.9.13.jar
[2022-10-22T00:16:14.156+0000] {processor.py:758} INFO - Processing file /opt/airflow/dags/hadoop-2.7.3/share/hadoop/httpfs/tomcat/webapps/webhdfs/WEB-INF/lib/jackson-core-asl-1.9.13.jar for tasks to queue
[2022-10-22T00:16:14.159+0000] {logging_mixin.py:117} INFO - [2022-10-22T00:16:14.159+0000] {dagbag.py:525} INFO - Filling up the DagBag from /opt/airflow/dags/hadoop-2.7.3/share/hadoop/httpfs/tomcat/webapps/webhdfs/WEB-INF/lib/jackson-core-asl-1.9.13.jar
[2022-10-22T00:16:14.173+0000] {processor.py:770} WARNING - No viable dags retrieved from /opt/airflow/dags/hadoop-2.7.3/share/hadoop/httpfs/tomcat/webapps/webhdfs/WEB-INF/lib/jackson-core-asl-1.9.13.jar
[2022-10-22T00:16:14.221+0000] {processor.py:178} INFO - Processing /opt/airflow/dags/hadoop-2.7.3/share/hadoop/httpfs/tomcat/webapps/webhdfs/WEB-INF/lib/jackson-core-asl-1.9.13.jar took 0.077 seconds
[2022-10-22T00:16:51.037+0000] {processor.py:156} INFO - Started process (PID=23601) to work on /opt/airflow/dags/hadoop-2.7.3/share/hadoop/httpfs/tomcat/webapps/webhdfs/WEB-INF/lib/jackson-core-asl-1.9.13.jar
[2022-10-22T00:16:51.042+0000] {processor.py:758} INFO - Processing file /opt/airflow/dags/hadoop-2.7.3/share/hadoop/httpfs/tomcat/webapps/webhdfs/WEB-INF/lib/jackson-core-asl-1.9.13.jar for tasks to queue
[2022-10-22T00:16:51.045+0000] {logging_mixin.py:117} INFO - [2022-10-22T00:16:51.045+0000] {dagbag.py:525} INFO - Filling up the DagBag from /opt/airflow/dags/hadoop-2.7.3/share/hadoop/httpfs/tomcat/webapps/webhdfs/WEB-INF/lib/jackson-core-asl-1.9.13.jar
[2022-10-22T00:16:51.055+0000] {processor.py:770} WARNING - No viable dags retrieved from /opt/airflow/dags/hadoop-2.7.3/share/hadoop/httpfs/tomcat/webapps/webhdfs/WEB-INF/lib/jackson-core-asl-1.9.13.jar
[2022-10-22T00:16:51.110+0000] {processor.py:178} INFO - Processing /opt/airflow/dags/hadoop-2.7.3/share/hadoop/httpfs/tomcat/webapps/webhdfs/WEB-INF/lib/jackson-core-asl-1.9.13.jar took 0.080 seconds
[2022-10-22T00:17:01.657+0000] {processor.py:156} INFO - Started process (PID=26156) to work on /opt/airflow/dags/hadoop-2.7.3/share/hadoop/httpfs/tomcat/webapps/webhdfs/WEB-INF/lib/jackson-core-asl-1.9.13.jar
[2022-10-22T00:17:01.660+0000] {processor.py:758} INFO - Processing file /opt/airflow/dags/hadoop-2.7.3/share/hadoop/httpfs/tomcat/webapps/webhdfs/WEB-INF/lib/jackson-core-asl-1.9.13.jar for tasks to queue
[2022-10-22T00:17:01.666+0000] {logging_mixin.py:117} INFO - [2022-10-22T00:17:01.664+0000] {dagbag.py:525} INFO - Filling up the DagBag from /opt/airflow/dags/hadoop-2.7.3/share/hadoop/httpfs/tomcat/webapps/webhdfs/WEB-INF/lib/jackson-core-asl-1.9.13.jar
[2022-10-22T00:17:01.686+0000] {processor.py:770} WARNING - No viable dags retrieved from /opt/airflow/dags/hadoop-2.7.3/share/hadoop/httpfs/tomcat/webapps/webhdfs/WEB-INF/lib/jackson-core-asl-1.9.13.jar
[2022-10-22T00:17:01.725+0000] {processor.py:178} INFO - Processing /opt/airflow/dags/hadoop-2.7.3/share/hadoop/httpfs/tomcat/webapps/webhdfs/WEB-INF/lib/jackson-core-asl-1.9.13.jar took 0.080 seconds
[2022-10-22T00:17:43.663+0000] {processor.py:156} INFO - Started process (PID=24125) to work on /opt/airflow/dags/hadoop-2.7.3/share/hadoop/httpfs/tomcat/webapps/webhdfs/WEB-INF/lib/jackson-core-asl-1.9.13.jar
[2022-10-22T00:17:43.671+0000] {processor.py:758} INFO - Processing file /opt/airflow/dags/hadoop-2.7.3/share/hadoop/httpfs/tomcat/webapps/webhdfs/WEB-INF/lib/jackson-core-asl-1.9.13.jar for tasks to queue
[2022-10-22T00:17:43.673+0000] {logging_mixin.py:117} INFO - [2022-10-22T00:17:43.673+0000] {dagbag.py:525} INFO - Filling up the DagBag from /opt/airflow/dags/hadoop-2.7.3/share/hadoop/httpfs/tomcat/webapps/webhdfs/WEB-INF/lib/jackson-core-asl-1.9.13.jar
[2022-10-22T00:17:43.682+0000] {processor.py:770} WARNING - No viable dags retrieved from /opt/airflow/dags/hadoop-2.7.3/share/hadoop/httpfs/tomcat/webapps/webhdfs/WEB-INF/lib/jackson-core-asl-1.9.13.jar
[2022-10-22T00:17:43.718+0000] {processor.py:178} INFO - Processing /opt/airflow/dags/hadoop-2.7.3/share/hadoop/httpfs/tomcat/webapps/webhdfs/WEB-INF/lib/jackson-core-asl-1.9.13.jar took 0.063 seconds
[2022-10-22T00:17:52.067+0000] {processor.py:156} INFO - Started process (PID=26688) to work on /opt/airflow/dags/hadoop-2.7.3/share/hadoop/httpfs/tomcat/webapps/webhdfs/WEB-INF/lib/jackson-core-asl-1.9.13.jar
[2022-10-22T00:17:52.069+0000] {processor.py:758} INFO - Processing file /opt/airflow/dags/hadoop-2.7.3/share/hadoop/httpfs/tomcat/webapps/webhdfs/WEB-INF/lib/jackson-core-asl-1.9.13.jar for tasks to queue
[2022-10-22T00:17:52.071+0000] {logging_mixin.py:117} INFO - [2022-10-22T00:17:52.070+0000] {dagbag.py:525} INFO - Filling up the DagBag from /opt/airflow/dags/hadoop-2.7.3/share/hadoop/httpfs/tomcat/webapps/webhdfs/WEB-INF/lib/jackson-core-asl-1.9.13.jar
[2022-10-22T00:17:52.079+0000] {processor.py:770} WARNING - No viable dags retrieved from /opt/airflow/dags/hadoop-2.7.3/share/hadoop/httpfs/tomcat/webapps/webhdfs/WEB-INF/lib/jackson-core-asl-1.9.13.jar
[2022-10-22T00:17:52.140+0000] {processor.py:178} INFO - Processing /opt/airflow/dags/hadoop-2.7.3/share/hadoop/httpfs/tomcat/webapps/webhdfs/WEB-INF/lib/jackson-core-asl-1.9.13.jar took 0.079 seconds
[2022-10-22T00:18:23.427+0000] {processor.py:156} INFO - Started process (PID=24537) to work on /opt/airflow/dags/hadoop-2.7.3/share/hadoop/httpfs/tomcat/webapps/webhdfs/WEB-INF/lib/jackson-core-asl-1.9.13.jar
[2022-10-22T00:18:23.432+0000] {processor.py:758} INFO - Processing file /opt/airflow/dags/hadoop-2.7.3/share/hadoop/httpfs/tomcat/webapps/webhdfs/WEB-INF/lib/jackson-core-asl-1.9.13.jar for tasks to queue
[2022-10-22T00:18:23.435+0000] {logging_mixin.py:117} INFO - [2022-10-22T00:18:23.435+0000] {dagbag.py:525} INFO - Filling up the DagBag from /opt/airflow/dags/hadoop-2.7.3/share/hadoop/httpfs/tomcat/webapps/webhdfs/WEB-INF/lib/jackson-core-asl-1.9.13.jar
[2022-10-22T00:18:23.446+0000] {processor.py:770} WARNING - No viable dags retrieved from /opt/airflow/dags/hadoop-2.7.3/share/hadoop/httpfs/tomcat/webapps/webhdfs/WEB-INF/lib/jackson-core-asl-1.9.13.jar
[2022-10-22T00:18:23.481+0000] {processor.py:178} INFO - Processing /opt/airflow/dags/hadoop-2.7.3/share/hadoop/httpfs/tomcat/webapps/webhdfs/WEB-INF/lib/jackson-core-asl-1.9.13.jar took 0.060 seconds
[2022-10-22T00:18:44.838+0000] {processor.py:156} INFO - Started process (PID=27249) to work on /opt/airflow/dags/hadoop-2.7.3/share/hadoop/httpfs/tomcat/webapps/webhdfs/WEB-INF/lib/jackson-core-asl-1.9.13.jar
[2022-10-22T00:18:44.843+0000] {processor.py:758} INFO - Processing file /opt/airflow/dags/hadoop-2.7.3/share/hadoop/httpfs/tomcat/webapps/webhdfs/WEB-INF/lib/jackson-core-asl-1.9.13.jar for tasks to queue
[2022-10-22T00:18:44.846+0000] {logging_mixin.py:117} INFO - [2022-10-22T00:18:44.846+0000] {dagbag.py:525} INFO - Filling up the DagBag from /opt/airflow/dags/hadoop-2.7.3/share/hadoop/httpfs/tomcat/webapps/webhdfs/WEB-INF/lib/jackson-core-asl-1.9.13.jar
[2022-10-22T00:18:44.865+0000] {processor.py:770} WARNING - No viable dags retrieved from /opt/airflow/dags/hadoop-2.7.3/share/hadoop/httpfs/tomcat/webapps/webhdfs/WEB-INF/lib/jackson-core-asl-1.9.13.jar
[2022-10-22T00:18:44.938+0000] {processor.py:178} INFO - Processing /opt/airflow/dags/hadoop-2.7.3/share/hadoop/httpfs/tomcat/webapps/webhdfs/WEB-INF/lib/jackson-core-asl-1.9.13.jar took 0.121 seconds
[2022-10-22T00:19:03.529+0000] {processor.py:156} INFO - Started process (PID=24955) to work on /opt/airflow/dags/hadoop-2.7.3/share/hadoop/httpfs/tomcat/webapps/webhdfs/WEB-INF/lib/jackson-core-asl-1.9.13.jar
[2022-10-22T00:19:03.536+0000] {processor.py:758} INFO - Processing file /opt/airflow/dags/hadoop-2.7.3/share/hadoop/httpfs/tomcat/webapps/webhdfs/WEB-INF/lib/jackson-core-asl-1.9.13.jar for tasks to queue
[2022-10-22T00:19:03.543+0000] {logging_mixin.py:117} INFO - [2022-10-22T00:19:03.543+0000] {dagbag.py:525} INFO - Filling up the DagBag from /opt/airflow/dags/hadoop-2.7.3/share/hadoop/httpfs/tomcat/webapps/webhdfs/WEB-INF/lib/jackson-core-asl-1.9.13.jar
[2022-10-22T00:19:03.557+0000] {processor.py:770} WARNING - No viable dags retrieved from /opt/airflow/dags/hadoop-2.7.3/share/hadoop/httpfs/tomcat/webapps/webhdfs/WEB-INF/lib/jackson-core-asl-1.9.13.jar
[2022-10-22T00:19:03.618+0000] {processor.py:178} INFO - Processing /opt/airflow/dags/hadoop-2.7.3/share/hadoop/httpfs/tomcat/webapps/webhdfs/WEB-INF/lib/jackson-core-asl-1.9.13.jar took 0.112 seconds
[2022-10-22T00:20:18.520+0000] {processor.py:156} INFO - Started process (PID=27879) to work on /opt/airflow/dags/hadoop-2.7.3/share/hadoop/httpfs/tomcat/webapps/webhdfs/WEB-INF/lib/jackson-core-asl-1.9.13.jar
[2022-10-22T00:20:18.524+0000] {processor.py:758} INFO - Processing file /opt/airflow/dags/hadoop-2.7.3/share/hadoop/httpfs/tomcat/webapps/webhdfs/WEB-INF/lib/jackson-core-asl-1.9.13.jar for tasks to queue
[2022-10-22T00:20:18.531+0000] {logging_mixin.py:117} INFO - [2022-10-22T00:20:18.530+0000] {dagbag.py:525} INFO - Filling up the DagBag from /opt/airflow/dags/hadoop-2.7.3/share/hadoop/httpfs/tomcat/webapps/webhdfs/WEB-INF/lib/jackson-core-asl-1.9.13.jar
[2022-10-22T00:20:18.543+0000] {processor.py:770} WARNING - No viable dags retrieved from /opt/airflow/dags/hadoop-2.7.3/share/hadoop/httpfs/tomcat/webapps/webhdfs/WEB-INF/lib/jackson-core-asl-1.9.13.jar
[2022-10-22T00:20:18.580+0000] {processor.py:178} INFO - Processing /opt/airflow/dags/hadoop-2.7.3/share/hadoop/httpfs/tomcat/webapps/webhdfs/WEB-INF/lib/jackson-core-asl-1.9.13.jar took 0.076 seconds
[2022-10-22T00:20:30.566+0000] {processor.py:156} INFO - Started process (PID=25469) to work on /opt/airflow/dags/hadoop-2.7.3/share/hadoop/httpfs/tomcat/webapps/webhdfs/WEB-INF/lib/jackson-core-asl-1.9.13.jar
[2022-10-22T00:20:30.570+0000] {processor.py:758} INFO - Processing file /opt/airflow/dags/hadoop-2.7.3/share/hadoop/httpfs/tomcat/webapps/webhdfs/WEB-INF/lib/jackson-core-asl-1.9.13.jar for tasks to queue
[2022-10-22T00:20:30.575+0000] {logging_mixin.py:117} INFO - [2022-10-22T00:20:30.575+0000] {dagbag.py:525} INFO - Filling up the DagBag from /opt/airflow/dags/hadoop-2.7.3/share/hadoop/httpfs/tomcat/webapps/webhdfs/WEB-INF/lib/jackson-core-asl-1.9.13.jar
[2022-10-22T00:20:30.597+0000] {processor.py:770} WARNING - No viable dags retrieved from /opt/airflow/dags/hadoop-2.7.3/share/hadoop/httpfs/tomcat/webapps/webhdfs/WEB-INF/lib/jackson-core-asl-1.9.13.jar
[2022-10-22T00:20:30.673+0000] {processor.py:178} INFO - Processing /opt/airflow/dags/hadoop-2.7.3/share/hadoop/httpfs/tomcat/webapps/webhdfs/WEB-INF/lib/jackson-core-asl-1.9.13.jar took 0.122 seconds
[2022-10-22T00:21:16.072+0000] {processor.py:156} INFO - Started process (PID=28440) to work on /opt/airflow/dags/hadoop-2.7.3/share/hadoop/httpfs/tomcat/webapps/webhdfs/WEB-INF/lib/jackson-core-asl-1.9.13.jar
[2022-10-22T00:21:16.075+0000] {processor.py:758} INFO - Processing file /opt/airflow/dags/hadoop-2.7.3/share/hadoop/httpfs/tomcat/webapps/webhdfs/WEB-INF/lib/jackson-core-asl-1.9.13.jar for tasks to queue
[2022-10-22T00:21:16.078+0000] {logging_mixin.py:117} INFO - [2022-10-22T00:21:16.077+0000] {dagbag.py:525} INFO - Filling up the DagBag from /opt/airflow/dags/hadoop-2.7.3/share/hadoop/httpfs/tomcat/webapps/webhdfs/WEB-INF/lib/jackson-core-asl-1.9.13.jar
[2022-10-22T00:21:16.095+0000] {processor.py:770} WARNING - No viable dags retrieved from /opt/airflow/dags/hadoop-2.7.3/share/hadoop/httpfs/tomcat/webapps/webhdfs/WEB-INF/lib/jackson-core-asl-1.9.13.jar
[2022-10-22T00:21:16.157+0000] {processor.py:178} INFO - Processing /opt/airflow/dags/hadoop-2.7.3/share/hadoop/httpfs/tomcat/webapps/webhdfs/WEB-INF/lib/jackson-core-asl-1.9.13.jar took 0.093 seconds
[2022-10-22T00:21:24.365+0000] {processor.py:156} INFO - Started process (PID=25993) to work on /opt/airflow/dags/hadoop-2.7.3/share/hadoop/httpfs/tomcat/webapps/webhdfs/WEB-INF/lib/jackson-core-asl-1.9.13.jar
[2022-10-22T00:21:24.374+0000] {processor.py:758} INFO - Processing file /opt/airflow/dags/hadoop-2.7.3/share/hadoop/httpfs/tomcat/webapps/webhdfs/WEB-INF/lib/jackson-core-asl-1.9.13.jar for tasks to queue
[2022-10-22T00:21:24.378+0000] {logging_mixin.py:117} INFO - [2022-10-22T00:21:24.377+0000] {dagbag.py:525} INFO - Filling up the DagBag from /opt/airflow/dags/hadoop-2.7.3/share/hadoop/httpfs/tomcat/webapps/webhdfs/WEB-INF/lib/jackson-core-asl-1.9.13.jar
[2022-10-22T00:21:24.394+0000] {processor.py:770} WARNING - No viable dags retrieved from /opt/airflow/dags/hadoop-2.7.3/share/hadoop/httpfs/tomcat/webapps/webhdfs/WEB-INF/lib/jackson-core-asl-1.9.13.jar
[2022-10-22T00:21:24.436+0000] {processor.py:178} INFO - Processing /opt/airflow/dags/hadoop-2.7.3/share/hadoop/httpfs/tomcat/webapps/webhdfs/WEB-INF/lib/jackson-core-asl-1.9.13.jar took 0.077 seconds
[2022-10-22T00:22:00.917+0000] {processor.py:156} INFO - Started process (PID=28866) to work on /opt/airflow/dags/hadoop-2.7.3/share/hadoop/httpfs/tomcat/webapps/webhdfs/WEB-INF/lib/jackson-core-asl-1.9.13.jar
[2022-10-22T00:22:00.924+0000] {processor.py:758} INFO - Processing file /opt/airflow/dags/hadoop-2.7.3/share/hadoop/httpfs/tomcat/webapps/webhdfs/WEB-INF/lib/jackson-core-asl-1.9.13.jar for tasks to queue
[2022-10-22T00:22:00.926+0000] {logging_mixin.py:117} INFO - [2022-10-22T00:22:00.926+0000] {dagbag.py:525} INFO - Filling up the DagBag from /opt/airflow/dags/hadoop-2.7.3/share/hadoop/httpfs/tomcat/webapps/webhdfs/WEB-INF/lib/jackson-core-asl-1.9.13.jar
[2022-10-22T00:22:00.940+0000] {processor.py:770} WARNING - No viable dags retrieved from /opt/airflow/dags/hadoop-2.7.3/share/hadoop/httpfs/tomcat/webapps/webhdfs/WEB-INF/lib/jackson-core-asl-1.9.13.jar
[2022-10-22T00:22:00.995+0000] {processor.py:178} INFO - Processing /opt/airflow/dags/hadoop-2.7.3/share/hadoop/httpfs/tomcat/webapps/webhdfs/WEB-INF/lib/jackson-core-asl-1.9.13.jar took 0.089 seconds
[2022-10-22T00:22:13.945+0000] {processor.py:156} INFO - Started process (PID=26455) to work on /opt/airflow/dags/hadoop-2.7.3/share/hadoop/httpfs/tomcat/webapps/webhdfs/WEB-INF/lib/jackson-core-asl-1.9.13.jar
[2022-10-22T00:22:13.950+0000] {processor.py:758} INFO - Processing file /opt/airflow/dags/hadoop-2.7.3/share/hadoop/httpfs/tomcat/webapps/webhdfs/WEB-INF/lib/jackson-core-asl-1.9.13.jar for tasks to queue
[2022-10-22T00:22:13.953+0000] {logging_mixin.py:117} INFO - [2022-10-22T00:22:13.952+0000] {dagbag.py:525} INFO - Filling up the DagBag from /opt/airflow/dags/hadoop-2.7.3/share/hadoop/httpfs/tomcat/webapps/webhdfs/WEB-INF/lib/jackson-core-asl-1.9.13.jar
[2022-10-22T00:22:13.963+0000] {processor.py:770} WARNING - No viable dags retrieved from /opt/airflow/dags/hadoop-2.7.3/share/hadoop/httpfs/tomcat/webapps/webhdfs/WEB-INF/lib/jackson-core-asl-1.9.13.jar
[2022-10-22T00:22:14.008+0000] {processor.py:178} INFO - Processing /opt/airflow/dags/hadoop-2.7.3/share/hadoop/httpfs/tomcat/webapps/webhdfs/WEB-INF/lib/jackson-core-asl-1.9.13.jar took 0.074 seconds
[2022-10-22T00:22:51.368+0000] {processor.py:156} INFO - Started process (PID=29340) to work on /opt/airflow/dags/hadoop-2.7.3/share/hadoop/httpfs/tomcat/webapps/webhdfs/WEB-INF/lib/jackson-core-asl-1.9.13.jar
[2022-10-22T00:22:51.371+0000] {processor.py:758} INFO - Processing file /opt/airflow/dags/hadoop-2.7.3/share/hadoop/httpfs/tomcat/webapps/webhdfs/WEB-INF/lib/jackson-core-asl-1.9.13.jar for tasks to queue
[2022-10-22T00:22:51.374+0000] {logging_mixin.py:117} INFO - [2022-10-22T00:22:51.373+0000] {dagbag.py:525} INFO - Filling up the DagBag from /opt/airflow/dags/hadoop-2.7.3/share/hadoop/httpfs/tomcat/webapps/webhdfs/WEB-INF/lib/jackson-core-asl-1.9.13.jar
[2022-10-22T00:22:51.387+0000] {processor.py:770} WARNING - No viable dags retrieved from /opt/airflow/dags/hadoop-2.7.3/share/hadoop/httpfs/tomcat/webapps/webhdfs/WEB-INF/lib/jackson-core-asl-1.9.13.jar
[2022-10-22T00:22:51.441+0000] {processor.py:178} INFO - Processing /opt/airflow/dags/hadoop-2.7.3/share/hadoop/httpfs/tomcat/webapps/webhdfs/WEB-INF/lib/jackson-core-asl-1.9.13.jar took 0.082 seconds
[2022-10-22T00:23:08.387+0000] {processor.py:156} INFO - Started process (PID=26942) to work on /opt/airflow/dags/hadoop-2.7.3/share/hadoop/httpfs/tomcat/webapps/webhdfs/WEB-INF/lib/jackson-core-asl-1.9.13.jar
[2022-10-22T00:23:08.392+0000] {processor.py:758} INFO - Processing file /opt/airflow/dags/hadoop-2.7.3/share/hadoop/httpfs/tomcat/webapps/webhdfs/WEB-INF/lib/jackson-core-asl-1.9.13.jar for tasks to queue
[2022-10-22T00:23:08.397+0000] {logging_mixin.py:117} INFO - [2022-10-22T00:23:08.396+0000] {dagbag.py:525} INFO - Filling up the DagBag from /opt/airflow/dags/hadoop-2.7.3/share/hadoop/httpfs/tomcat/webapps/webhdfs/WEB-INF/lib/jackson-core-asl-1.9.13.jar
[2022-10-22T00:23:08.413+0000] {processor.py:770} WARNING - No viable dags retrieved from /opt/airflow/dags/hadoop-2.7.3/share/hadoop/httpfs/tomcat/webapps/webhdfs/WEB-INF/lib/jackson-core-asl-1.9.13.jar
[2022-10-22T00:23:08.453+0000] {processor.py:178} INFO - Processing /opt/airflow/dags/hadoop-2.7.3/share/hadoop/httpfs/tomcat/webapps/webhdfs/WEB-INF/lib/jackson-core-asl-1.9.13.jar took 0.078 seconds
[2022-10-22T00:23:34.870+0000] {processor.py:156} INFO - Started process (PID=29837) to work on /opt/airflow/dags/hadoop-2.7.3/share/hadoop/httpfs/tomcat/webapps/webhdfs/WEB-INF/lib/jackson-core-asl-1.9.13.jar
[2022-10-22T00:23:34.872+0000] {processor.py:758} INFO - Processing file /opt/airflow/dags/hadoop-2.7.3/share/hadoop/httpfs/tomcat/webapps/webhdfs/WEB-INF/lib/jackson-core-asl-1.9.13.jar for tasks to queue
[2022-10-22T00:23:34.874+0000] {logging_mixin.py:117} INFO - [2022-10-22T00:23:34.874+0000] {dagbag.py:525} INFO - Filling up the DagBag from /opt/airflow/dags/hadoop-2.7.3/share/hadoop/httpfs/tomcat/webapps/webhdfs/WEB-INF/lib/jackson-core-asl-1.9.13.jar
[2022-10-22T00:23:34.881+0000] {processor.py:770} WARNING - No viable dags retrieved from /opt/airflow/dags/hadoop-2.7.3/share/hadoop/httpfs/tomcat/webapps/webhdfs/WEB-INF/lib/jackson-core-asl-1.9.13.jar
[2022-10-22T00:23:34.906+0000] {processor.py:178} INFO - Processing /opt/airflow/dags/hadoop-2.7.3/share/hadoop/httpfs/tomcat/webapps/webhdfs/WEB-INF/lib/jackson-core-asl-1.9.13.jar took 0.041 seconds
[2022-10-22T00:24:00.860+0000] {processor.py:156} INFO - Started process (PID=27502) to work on /opt/airflow/dags/hadoop-2.7.3/share/hadoop/httpfs/tomcat/webapps/webhdfs/WEB-INF/lib/jackson-core-asl-1.9.13.jar
[2022-10-22T00:24:00.862+0000] {processor.py:758} INFO - Processing file /opt/airflow/dags/hadoop-2.7.3/share/hadoop/httpfs/tomcat/webapps/webhdfs/WEB-INF/lib/jackson-core-asl-1.9.13.jar for tasks to queue
[2022-10-22T00:24:00.869+0000] {logging_mixin.py:117} INFO - [2022-10-22T00:24:00.869+0000] {dagbag.py:525} INFO - Filling up the DagBag from /opt/airflow/dags/hadoop-2.7.3/share/hadoop/httpfs/tomcat/webapps/webhdfs/WEB-INF/lib/jackson-core-asl-1.9.13.jar
[2022-10-22T00:24:00.885+0000] {processor.py:770} WARNING - No viable dags retrieved from /opt/airflow/dags/hadoop-2.7.3/share/hadoop/httpfs/tomcat/webapps/webhdfs/WEB-INF/lib/jackson-core-asl-1.9.13.jar
[2022-10-22T00:24:00.914+0000] {processor.py:178} INFO - Processing /opt/airflow/dags/hadoop-2.7.3/share/hadoop/httpfs/tomcat/webapps/webhdfs/WEB-INF/lib/jackson-core-asl-1.9.13.jar took 0.068 seconds
