[2022-10-22T00:00:36.740+0000] {processor.py:156} INFO - Started process (PID=19133) to work on /opt/airflow/dags/hadoop-2.7.3/share/hadoop/httpfs/tomcat/webapps/webhdfs/WEB-INF/lib/leveldbjni-all-1.8.jar
[2022-10-22T00:00:36.743+0000] {processor.py:758} INFO - Processing file /opt/airflow/dags/hadoop-2.7.3/share/hadoop/httpfs/tomcat/webapps/webhdfs/WEB-INF/lib/leveldbjni-all-1.8.jar for tasks to queue
[2022-10-22T00:00:36.748+0000] {logging_mixin.py:117} INFO - [2022-10-22T00:00:36.748+0000] {dagbag.py:525} INFO - Filling up the DagBag from /opt/airflow/dags/hadoop-2.7.3/share/hadoop/httpfs/tomcat/webapps/webhdfs/WEB-INF/lib/leveldbjni-all-1.8.jar
[2022-10-22T00:00:36.768+0000] {processor.py:770} WARNING - No viable dags retrieved from /opt/airflow/dags/hadoop-2.7.3/share/hadoop/httpfs/tomcat/webapps/webhdfs/WEB-INF/lib/leveldbjni-all-1.8.jar
[2022-10-22T00:00:36.827+0000] {processor.py:178} INFO - Processing /opt/airflow/dags/hadoop-2.7.3/share/hadoop/httpfs/tomcat/webapps/webhdfs/WEB-INF/lib/leveldbjni-all-1.8.jar took 0.124 seconds
[2022-10-22T00:01:34.738+0000] {processor.py:156} INFO - Started process (PID=17342) to work on /opt/airflow/dags/hadoop-2.7.3/share/hadoop/httpfs/tomcat/webapps/webhdfs/WEB-INF/lib/leveldbjni-all-1.8.jar
[2022-10-22T00:01:34.751+0000] {processor.py:758} INFO - Processing file /opt/airflow/dags/hadoop-2.7.3/share/hadoop/httpfs/tomcat/webapps/webhdfs/WEB-INF/lib/leveldbjni-all-1.8.jar for tasks to queue
[2022-10-22T00:01:34.758+0000] {logging_mixin.py:117} INFO - [2022-10-22T00:01:34.758+0000] {dagbag.py:525} INFO - Filling up the DagBag from /opt/airflow/dags/hadoop-2.7.3/share/hadoop/httpfs/tomcat/webapps/webhdfs/WEB-INF/lib/leveldbjni-all-1.8.jar
[2022-10-22T00:01:34.778+0000] {processor.py:770} WARNING - No viable dags retrieved from /opt/airflow/dags/hadoop-2.7.3/share/hadoop/httpfs/tomcat/webapps/webhdfs/WEB-INF/lib/leveldbjni-all-1.8.jar
[2022-10-22T00:01:34.858+0000] {processor.py:178} INFO - Processing /opt/airflow/dags/hadoop-2.7.3/share/hadoop/httpfs/tomcat/webapps/webhdfs/WEB-INF/lib/leveldbjni-all-1.8.jar took 0.155 seconds
[2022-10-22T00:01:44.149+0000] {processor.py:156} INFO - Started process (PID=19685) to work on /opt/airflow/dags/hadoop-2.7.3/share/hadoop/httpfs/tomcat/webapps/webhdfs/WEB-INF/lib/leveldbjni-all-1.8.jar
[2022-10-22T00:01:44.155+0000] {processor.py:758} INFO - Processing file /opt/airflow/dags/hadoop-2.7.3/share/hadoop/httpfs/tomcat/webapps/webhdfs/WEB-INF/lib/leveldbjni-all-1.8.jar for tasks to queue
[2022-10-22T00:01:44.181+0000] {logging_mixin.py:117} INFO - [2022-10-22T00:01:44.173+0000] {dagbag.py:525} INFO - Filling up the DagBag from /opt/airflow/dags/hadoop-2.7.3/share/hadoop/httpfs/tomcat/webapps/webhdfs/WEB-INF/lib/leveldbjni-all-1.8.jar
[2022-10-22T00:01:44.209+0000] {processor.py:770} WARNING - No viable dags retrieved from /opt/airflow/dags/hadoop-2.7.3/share/hadoop/httpfs/tomcat/webapps/webhdfs/WEB-INF/lib/leveldbjni-all-1.8.jar
[2022-10-22T00:01:44.367+0000] {processor.py:178} INFO - Processing /opt/airflow/dags/hadoop-2.7.3/share/hadoop/httpfs/tomcat/webapps/webhdfs/WEB-INF/lib/leveldbjni-all-1.8.jar took 0.247 seconds
[2022-10-22T00:02:46.593+0000] {processor.py:156} INFO - Started process (PID=20290) to work on /opt/airflow/dags/hadoop-2.7.3/share/hadoop/httpfs/tomcat/webapps/webhdfs/WEB-INF/lib/leveldbjni-all-1.8.jar
[2022-10-22T00:02:46.602+0000] {processor.py:758} INFO - Processing file /opt/airflow/dags/hadoop-2.7.3/share/hadoop/httpfs/tomcat/webapps/webhdfs/WEB-INF/lib/leveldbjni-all-1.8.jar for tasks to queue
[2022-10-22T00:02:46.607+0000] {logging_mixin.py:117} INFO - [2022-10-22T00:02:46.606+0000] {dagbag.py:525} INFO - Filling up the DagBag from /opt/airflow/dags/hadoop-2.7.3/share/hadoop/httpfs/tomcat/webapps/webhdfs/WEB-INF/lib/leveldbjni-all-1.8.jar
[2022-10-22T00:02:46.638+0000] {processor.py:770} WARNING - No viable dags retrieved from /opt/airflow/dags/hadoop-2.7.3/share/hadoop/httpfs/tomcat/webapps/webhdfs/WEB-INF/lib/leveldbjni-all-1.8.jar
[2022-10-22T00:02:46.708+0000] {processor.py:178} INFO - Processing /opt/airflow/dags/hadoop-2.7.3/share/hadoop/httpfs/tomcat/webapps/webhdfs/WEB-INF/lib/leveldbjni-all-1.8.jar took 0.155 seconds
[2022-10-22T00:03:21.467+0000] {processor.py:156} INFO - Started process (PID=17919) to work on /opt/airflow/dags/hadoop-2.7.3/share/hadoop/httpfs/tomcat/webapps/webhdfs/WEB-INF/lib/leveldbjni-all-1.8.jar
[2022-10-22T00:03:21.471+0000] {processor.py:758} INFO - Processing file /opt/airflow/dags/hadoop-2.7.3/share/hadoop/httpfs/tomcat/webapps/webhdfs/WEB-INF/lib/leveldbjni-all-1.8.jar for tasks to queue
[2022-10-22T00:03:21.473+0000] {logging_mixin.py:117} INFO - [2022-10-22T00:03:21.473+0000] {dagbag.py:525} INFO - Filling up the DagBag from /opt/airflow/dags/hadoop-2.7.3/share/hadoop/httpfs/tomcat/webapps/webhdfs/WEB-INF/lib/leveldbjni-all-1.8.jar
[2022-10-22T00:03:21.493+0000] {processor.py:770} WARNING - No viable dags retrieved from /opt/airflow/dags/hadoop-2.7.3/share/hadoop/httpfs/tomcat/webapps/webhdfs/WEB-INF/lib/leveldbjni-all-1.8.jar
[2022-10-22T00:03:21.557+0000] {processor.py:178} INFO - Processing /opt/airflow/dags/hadoop-2.7.3/share/hadoop/httpfs/tomcat/webapps/webhdfs/WEB-INF/lib/leveldbjni-all-1.8.jar took 0.095 seconds
[2022-10-22T00:03:59.485+0000] {processor.py:156} INFO - Started process (PID=20682) to work on /opt/airflow/dags/hadoop-2.7.3/share/hadoop/httpfs/tomcat/webapps/webhdfs/WEB-INF/lib/leveldbjni-all-1.8.jar
[2022-10-22T00:03:59.491+0000] {processor.py:758} INFO - Processing file /opt/airflow/dags/hadoop-2.7.3/share/hadoop/httpfs/tomcat/webapps/webhdfs/WEB-INF/lib/leveldbjni-all-1.8.jar for tasks to queue
[2022-10-22T00:03:59.497+0000] {logging_mixin.py:117} INFO - [2022-10-22T00:03:59.496+0000] {dagbag.py:525} INFO - Filling up the DagBag from /opt/airflow/dags/hadoop-2.7.3/share/hadoop/httpfs/tomcat/webapps/webhdfs/WEB-INF/lib/leveldbjni-all-1.8.jar
[2022-10-22T00:03:59.514+0000] {processor.py:770} WARNING - No viable dags retrieved from /opt/airflow/dags/hadoop-2.7.3/share/hadoop/httpfs/tomcat/webapps/webhdfs/WEB-INF/lib/leveldbjni-all-1.8.jar
[2022-10-22T00:03:59.565+0000] {processor.py:178} INFO - Processing /opt/airflow/dags/hadoop-2.7.3/share/hadoop/httpfs/tomcat/webapps/webhdfs/WEB-INF/lib/leveldbjni-all-1.8.jar took 0.101 seconds
[2022-10-22T00:04:27.205+0000] {processor.py:156} INFO - Started process (PID=18527) to work on /opt/airflow/dags/hadoop-2.7.3/share/hadoop/httpfs/tomcat/webapps/webhdfs/WEB-INF/lib/leveldbjni-all-1.8.jar
[2022-10-22T00:04:27.209+0000] {processor.py:758} INFO - Processing file /opt/airflow/dags/hadoop-2.7.3/share/hadoop/httpfs/tomcat/webapps/webhdfs/WEB-INF/lib/leveldbjni-all-1.8.jar for tasks to queue
[2022-10-22T00:04:27.214+0000] {logging_mixin.py:117} INFO - [2022-10-22T00:04:27.213+0000] {dagbag.py:525} INFO - Filling up the DagBag from /opt/airflow/dags/hadoop-2.7.3/share/hadoop/httpfs/tomcat/webapps/webhdfs/WEB-INF/lib/leveldbjni-all-1.8.jar
[2022-10-22T00:04:27.232+0000] {processor.py:770} WARNING - No viable dags retrieved from /opt/airflow/dags/hadoop-2.7.3/share/hadoop/httpfs/tomcat/webapps/webhdfs/WEB-INF/lib/leveldbjni-all-1.8.jar
[2022-10-22T00:04:27.298+0000] {processor.py:178} INFO - Processing /opt/airflow/dags/hadoop-2.7.3/share/hadoop/httpfs/tomcat/webapps/webhdfs/WEB-INF/lib/leveldbjni-all-1.8.jar took 0.108 seconds
[2022-10-22T00:04:57.238+0000] {processor.py:156} INFO - Started process (PID=21210) to work on /opt/airflow/dags/hadoop-2.7.3/share/hadoop/httpfs/tomcat/webapps/webhdfs/WEB-INF/lib/leveldbjni-all-1.8.jar
[2022-10-22T00:04:57.242+0000] {processor.py:758} INFO - Processing file /opt/airflow/dags/hadoop-2.7.3/share/hadoop/httpfs/tomcat/webapps/webhdfs/WEB-INF/lib/leveldbjni-all-1.8.jar for tasks to queue
[2022-10-22T00:04:57.246+0000] {logging_mixin.py:117} INFO - [2022-10-22T00:04:57.245+0000] {dagbag.py:525} INFO - Filling up the DagBag from /opt/airflow/dags/hadoop-2.7.3/share/hadoop/httpfs/tomcat/webapps/webhdfs/WEB-INF/lib/leveldbjni-all-1.8.jar
[2022-10-22T00:04:57.259+0000] {processor.py:770} WARNING - No viable dags retrieved from /opt/airflow/dags/hadoop-2.7.3/share/hadoop/httpfs/tomcat/webapps/webhdfs/WEB-INF/lib/leveldbjni-all-1.8.jar
[2022-10-22T00:04:57.319+0000] {processor.py:178} INFO - Processing /opt/airflow/dags/hadoop-2.7.3/share/hadoop/httpfs/tomcat/webapps/webhdfs/WEB-INF/lib/leveldbjni-all-1.8.jar took 0.098 seconds
[2022-10-22T00:05:22.576+0000] {processor.py:156} INFO - Started process (PID=19042) to work on /opt/airflow/dags/hadoop-2.7.3/share/hadoop/httpfs/tomcat/webapps/webhdfs/WEB-INF/lib/leveldbjni-all-1.8.jar
[2022-10-22T00:05:22.578+0000] {processor.py:758} INFO - Processing file /opt/airflow/dags/hadoop-2.7.3/share/hadoop/httpfs/tomcat/webapps/webhdfs/WEB-INF/lib/leveldbjni-all-1.8.jar for tasks to queue
[2022-10-22T00:05:22.581+0000] {logging_mixin.py:117} INFO - [2022-10-22T00:05:22.581+0000] {dagbag.py:525} INFO - Filling up the DagBag from /opt/airflow/dags/hadoop-2.7.3/share/hadoop/httpfs/tomcat/webapps/webhdfs/WEB-INF/lib/leveldbjni-all-1.8.jar
[2022-10-22T00:05:22.591+0000] {processor.py:770} WARNING - No viable dags retrieved from /opt/airflow/dags/hadoop-2.7.3/share/hadoop/httpfs/tomcat/webapps/webhdfs/WEB-INF/lib/leveldbjni-all-1.8.jar
[2022-10-22T00:05:22.655+0000] {processor.py:178} INFO - Processing /opt/airflow/dags/hadoop-2.7.3/share/hadoop/httpfs/tomcat/webapps/webhdfs/WEB-INF/lib/leveldbjni-all-1.8.jar took 0.086 seconds
[2022-10-22T00:05:42.860+0000] {processor.py:156} INFO - Started process (PID=21676) to work on /opt/airflow/dags/hadoop-2.7.3/share/hadoop/httpfs/tomcat/webapps/webhdfs/WEB-INF/lib/leveldbjni-all-1.8.jar
[2022-10-22T00:05:42.865+0000] {processor.py:758} INFO - Processing file /opt/airflow/dags/hadoop-2.7.3/share/hadoop/httpfs/tomcat/webapps/webhdfs/WEB-INF/lib/leveldbjni-all-1.8.jar for tasks to queue
[2022-10-22T00:05:42.869+0000] {logging_mixin.py:117} INFO - [2022-10-22T00:05:42.868+0000] {dagbag.py:525} INFO - Filling up the DagBag from /opt/airflow/dags/hadoop-2.7.3/share/hadoop/httpfs/tomcat/webapps/webhdfs/WEB-INF/lib/leveldbjni-all-1.8.jar
[2022-10-22T00:05:42.885+0000] {processor.py:770} WARNING - No viable dags retrieved from /opt/airflow/dags/hadoop-2.7.3/share/hadoop/httpfs/tomcat/webapps/webhdfs/WEB-INF/lib/leveldbjni-all-1.8.jar
[2022-10-22T00:05:42.935+0000] {processor.py:178} INFO - Processing /opt/airflow/dags/hadoop-2.7.3/share/hadoop/httpfs/tomcat/webapps/webhdfs/WEB-INF/lib/leveldbjni-all-1.8.jar took 0.082 seconds
[2022-10-22T00:06:10.157+0000] {processor.py:156} INFO - Started process (PID=19507) to work on /opt/airflow/dags/hadoop-2.7.3/share/hadoop/httpfs/tomcat/webapps/webhdfs/WEB-INF/lib/leveldbjni-all-1.8.jar
[2022-10-22T00:06:10.167+0000] {processor.py:758} INFO - Processing file /opt/airflow/dags/hadoop-2.7.3/share/hadoop/httpfs/tomcat/webapps/webhdfs/WEB-INF/lib/leveldbjni-all-1.8.jar for tasks to queue
[2022-10-22T00:06:10.171+0000] {logging_mixin.py:117} INFO - [2022-10-22T00:06:10.170+0000] {dagbag.py:525} INFO - Filling up the DagBag from /opt/airflow/dags/hadoop-2.7.3/share/hadoop/httpfs/tomcat/webapps/webhdfs/WEB-INF/lib/leveldbjni-all-1.8.jar
[2022-10-22T00:06:10.180+0000] {processor.py:770} WARNING - No viable dags retrieved from /opt/airflow/dags/hadoop-2.7.3/share/hadoop/httpfs/tomcat/webapps/webhdfs/WEB-INF/lib/leveldbjni-all-1.8.jar
[2022-10-22T00:06:10.261+0000] {processor.py:178} INFO - Processing /opt/airflow/dags/hadoop-2.7.3/share/hadoop/httpfs/tomcat/webapps/webhdfs/WEB-INF/lib/leveldbjni-all-1.8.jar took 0.121 seconds
[2022-10-22T00:06:30.624+0000] {processor.py:156} INFO - Started process (PID=22141) to work on /opt/airflow/dags/hadoop-2.7.3/share/hadoop/httpfs/tomcat/webapps/webhdfs/WEB-INF/lib/leveldbjni-all-1.8.jar
[2022-10-22T00:06:30.626+0000] {processor.py:758} INFO - Processing file /opt/airflow/dags/hadoop-2.7.3/share/hadoop/httpfs/tomcat/webapps/webhdfs/WEB-INF/lib/leveldbjni-all-1.8.jar for tasks to queue
[2022-10-22T00:06:30.629+0000] {logging_mixin.py:117} INFO - [2022-10-22T00:06:30.628+0000] {dagbag.py:525} INFO - Filling up the DagBag from /opt/airflow/dags/hadoop-2.7.3/share/hadoop/httpfs/tomcat/webapps/webhdfs/WEB-INF/lib/leveldbjni-all-1.8.jar
[2022-10-22T00:06:30.638+0000] {processor.py:770} WARNING - No viable dags retrieved from /opt/airflow/dags/hadoop-2.7.3/share/hadoop/httpfs/tomcat/webapps/webhdfs/WEB-INF/lib/leveldbjni-all-1.8.jar
[2022-10-22T00:06:30.679+0000] {processor.py:178} INFO - Processing /opt/airflow/dags/hadoop-2.7.3/share/hadoop/httpfs/tomcat/webapps/webhdfs/WEB-INF/lib/leveldbjni-all-1.8.jar took 0.070 seconds
[2022-10-22T00:06:58.224+0000] {processor.py:156} INFO - Started process (PID=19966) to work on /opt/airflow/dags/hadoop-2.7.3/share/hadoop/httpfs/tomcat/webapps/webhdfs/WEB-INF/lib/leveldbjni-all-1.8.jar
[2022-10-22T00:06:58.228+0000] {processor.py:758} INFO - Processing file /opt/airflow/dags/hadoop-2.7.3/share/hadoop/httpfs/tomcat/webapps/webhdfs/WEB-INF/lib/leveldbjni-all-1.8.jar for tasks to queue
[2022-10-22T00:06:58.230+0000] {logging_mixin.py:117} INFO - [2022-10-22T00:06:58.230+0000] {dagbag.py:525} INFO - Filling up the DagBag from /opt/airflow/dags/hadoop-2.7.3/share/hadoop/httpfs/tomcat/webapps/webhdfs/WEB-INF/lib/leveldbjni-all-1.8.jar
[2022-10-22T00:06:58.239+0000] {processor.py:770} WARNING - No viable dags retrieved from /opt/airflow/dags/hadoop-2.7.3/share/hadoop/httpfs/tomcat/webapps/webhdfs/WEB-INF/lib/leveldbjni-all-1.8.jar
[2022-10-22T00:06:58.315+0000] {processor.py:178} INFO - Processing /opt/airflow/dags/hadoop-2.7.3/share/hadoop/httpfs/tomcat/webapps/webhdfs/WEB-INF/lib/leveldbjni-all-1.8.jar took 0.108 seconds
[2022-10-22T00:07:15.064+0000] {processor.py:156} INFO - Started process (PID=22600) to work on /opt/airflow/dags/hadoop-2.7.3/share/hadoop/httpfs/tomcat/webapps/webhdfs/WEB-INF/lib/leveldbjni-all-1.8.jar
[2022-10-22T00:07:15.068+0000] {processor.py:758} INFO - Processing file /opt/airflow/dags/hadoop-2.7.3/share/hadoop/httpfs/tomcat/webapps/webhdfs/WEB-INF/lib/leveldbjni-all-1.8.jar for tasks to queue
[2022-10-22T00:07:15.070+0000] {logging_mixin.py:117} INFO - [2022-10-22T00:07:15.070+0000] {dagbag.py:525} INFO - Filling up the DagBag from /opt/airflow/dags/hadoop-2.7.3/share/hadoop/httpfs/tomcat/webapps/webhdfs/WEB-INF/lib/leveldbjni-all-1.8.jar
[2022-10-22T00:07:15.084+0000] {processor.py:770} WARNING - No viable dags retrieved from /opt/airflow/dags/hadoop-2.7.3/share/hadoop/httpfs/tomcat/webapps/webhdfs/WEB-INF/lib/leveldbjni-all-1.8.jar
[2022-10-22T00:07:15.124+0000] {processor.py:178} INFO - Processing /opt/airflow/dags/hadoop-2.7.3/share/hadoop/httpfs/tomcat/webapps/webhdfs/WEB-INF/lib/leveldbjni-all-1.8.jar took 0.068 seconds
[2022-10-22T00:08:24.644+0000] {processor.py:156} INFO - Started process (PID=20434) to work on /opt/airflow/dags/hadoop-2.7.3/share/hadoop/httpfs/tomcat/webapps/webhdfs/WEB-INF/lib/leveldbjni-all-1.8.jar
[2022-10-22T00:08:24.647+0000] {processor.py:758} INFO - Processing file /opt/airflow/dags/hadoop-2.7.3/share/hadoop/httpfs/tomcat/webapps/webhdfs/WEB-INF/lib/leveldbjni-all-1.8.jar for tasks to queue
[2022-10-22T00:08:24.650+0000] {logging_mixin.py:117} INFO - [2022-10-22T00:08:24.649+0000] {dagbag.py:525} INFO - Filling up the DagBag from /opt/airflow/dags/hadoop-2.7.3/share/hadoop/httpfs/tomcat/webapps/webhdfs/WEB-INF/lib/leveldbjni-all-1.8.jar
[2022-10-22T00:08:24.660+0000] {processor.py:770} WARNING - No viable dags retrieved from /opt/airflow/dags/hadoop-2.7.3/share/hadoop/httpfs/tomcat/webapps/webhdfs/WEB-INF/lib/leveldbjni-all-1.8.jar
[2022-10-22T00:08:24.694+0000] {processor.py:178} INFO - Processing /opt/airflow/dags/hadoop-2.7.3/share/hadoop/httpfs/tomcat/webapps/webhdfs/WEB-INF/lib/leveldbjni-all-1.8.jar took 0.061 seconds
[2022-10-22T00:08:39.188+0000] {processor.py:156} INFO - Started process (PID=23054) to work on /opt/airflow/dags/hadoop-2.7.3/share/hadoop/httpfs/tomcat/webapps/webhdfs/WEB-INF/lib/leveldbjni-all-1.8.jar
[2022-10-22T00:08:39.190+0000] {processor.py:758} INFO - Processing file /opt/airflow/dags/hadoop-2.7.3/share/hadoop/httpfs/tomcat/webapps/webhdfs/WEB-INF/lib/leveldbjni-all-1.8.jar for tasks to queue
[2022-10-22T00:08:39.192+0000] {logging_mixin.py:117} INFO - [2022-10-22T00:08:39.192+0000] {dagbag.py:525} INFO - Filling up the DagBag from /opt/airflow/dags/hadoop-2.7.3/share/hadoop/httpfs/tomcat/webapps/webhdfs/WEB-INF/lib/leveldbjni-all-1.8.jar
[2022-10-22T00:08:39.208+0000] {processor.py:770} WARNING - No viable dags retrieved from /opt/airflow/dags/hadoop-2.7.3/share/hadoop/httpfs/tomcat/webapps/webhdfs/WEB-INF/lib/leveldbjni-all-1.8.jar
[2022-10-22T00:08:39.273+0000] {processor.py:178} INFO - Processing /opt/airflow/dags/hadoop-2.7.3/share/hadoop/httpfs/tomcat/webapps/webhdfs/WEB-INF/lib/leveldbjni-all-1.8.jar took 0.092 seconds
[2022-10-22T00:09:34.062+0000] {processor.py:156} INFO - Started process (PID=21070) to work on /opt/airflow/dags/hadoop-2.7.3/share/hadoop/httpfs/tomcat/webapps/webhdfs/WEB-INF/lib/leveldbjni-all-1.8.jar
[2022-10-22T00:09:34.065+0000] {processor.py:758} INFO - Processing file /opt/airflow/dags/hadoop-2.7.3/share/hadoop/httpfs/tomcat/webapps/webhdfs/WEB-INF/lib/leveldbjni-all-1.8.jar for tasks to queue
[2022-10-22T00:09:34.070+0000] {logging_mixin.py:117} INFO - [2022-10-22T00:09:34.069+0000] {dagbag.py:525} INFO - Filling up the DagBag from /opt/airflow/dags/hadoop-2.7.3/share/hadoop/httpfs/tomcat/webapps/webhdfs/WEB-INF/lib/leveldbjni-all-1.8.jar
[2022-10-22T00:09:34.082+0000] {processor.py:770} WARNING - No viable dags retrieved from /opt/airflow/dags/hadoop-2.7.3/share/hadoop/httpfs/tomcat/webapps/webhdfs/WEB-INF/lib/leveldbjni-all-1.8.jar
[2022-10-22T00:09:34.134+0000] {processor.py:178} INFO - Processing /opt/airflow/dags/hadoop-2.7.3/share/hadoop/httpfs/tomcat/webapps/webhdfs/WEB-INF/lib/leveldbjni-all-1.8.jar took 0.085 seconds
[2022-10-22T00:09:38.431+0000] {processor.py:156} INFO - Started process (PID=23597) to work on /opt/airflow/dags/hadoop-2.7.3/share/hadoop/httpfs/tomcat/webapps/webhdfs/WEB-INF/lib/leveldbjni-all-1.8.jar
[2022-10-22T00:09:38.435+0000] {processor.py:758} INFO - Processing file /opt/airflow/dags/hadoop-2.7.3/share/hadoop/httpfs/tomcat/webapps/webhdfs/WEB-INF/lib/leveldbjni-all-1.8.jar for tasks to queue
[2022-10-22T00:09:38.440+0000] {logging_mixin.py:117} INFO - [2022-10-22T00:09:38.439+0000] {dagbag.py:525} INFO - Filling up the DagBag from /opt/airflow/dags/hadoop-2.7.3/share/hadoop/httpfs/tomcat/webapps/webhdfs/WEB-INF/lib/leveldbjni-all-1.8.jar
[2022-10-22T00:09:38.456+0000] {processor.py:770} WARNING - No viable dags retrieved from /opt/airflow/dags/hadoop-2.7.3/share/hadoop/httpfs/tomcat/webapps/webhdfs/WEB-INF/lib/leveldbjni-all-1.8.jar
[2022-10-22T00:09:38.517+0000] {processor.py:178} INFO - Processing /opt/airflow/dags/hadoop-2.7.3/share/hadoop/httpfs/tomcat/webapps/webhdfs/WEB-INF/lib/leveldbjni-all-1.8.jar took 0.108 seconds
[2022-10-22T00:11:28.225+0000] {processor.py:156} INFO - Started process (PID=24044) to work on /opt/airflow/dags/hadoop-2.7.3/share/hadoop/httpfs/tomcat/webapps/webhdfs/WEB-INF/lib/leveldbjni-all-1.8.jar
[2022-10-22T00:11:28.227+0000] {processor.py:758} INFO - Processing file /opt/airflow/dags/hadoop-2.7.3/share/hadoop/httpfs/tomcat/webapps/webhdfs/WEB-INF/lib/leveldbjni-all-1.8.jar for tasks to queue
[2022-10-22T00:11:28.229+0000] {logging_mixin.py:117} INFO - [2022-10-22T00:11:28.228+0000] {dagbag.py:525} INFO - Filling up the DagBag from /opt/airflow/dags/hadoop-2.7.3/share/hadoop/httpfs/tomcat/webapps/webhdfs/WEB-INF/lib/leveldbjni-all-1.8.jar
[2022-10-22T00:11:28.233+0000] {processor.py:770} WARNING - No viable dags retrieved from /opt/airflow/dags/hadoop-2.7.3/share/hadoop/httpfs/tomcat/webapps/webhdfs/WEB-INF/lib/leveldbjni-all-1.8.jar
[2022-10-22T00:11:28.256+0000] {processor.py:178} INFO - Processing /opt/airflow/dags/hadoop-2.7.3/share/hadoop/httpfs/tomcat/webapps/webhdfs/WEB-INF/lib/leveldbjni-all-1.8.jar took 0.036 seconds
[2022-10-22T00:11:30.010+0000] {processor.py:156} INFO - Started process (PID=21587) to work on /opt/airflow/dags/hadoop-2.7.3/share/hadoop/httpfs/tomcat/webapps/webhdfs/WEB-INF/lib/leveldbjni-all-1.8.jar
[2022-10-22T00:11:30.012+0000] {processor.py:758} INFO - Processing file /opt/airflow/dags/hadoop-2.7.3/share/hadoop/httpfs/tomcat/webapps/webhdfs/WEB-INF/lib/leveldbjni-all-1.8.jar for tasks to queue
[2022-10-22T00:11:30.016+0000] {logging_mixin.py:117} INFO - [2022-10-22T00:11:30.016+0000] {dagbag.py:525} INFO - Filling up the DagBag from /opt/airflow/dags/hadoop-2.7.3/share/hadoop/httpfs/tomcat/webapps/webhdfs/WEB-INF/lib/leveldbjni-all-1.8.jar
[2022-10-22T00:11:30.022+0000] {processor.py:770} WARNING - No viable dags retrieved from /opt/airflow/dags/hadoop-2.7.3/share/hadoop/httpfs/tomcat/webapps/webhdfs/WEB-INF/lib/leveldbjni-all-1.8.jar
[2022-10-22T00:11:30.047+0000] {processor.py:178} INFO - Processing /opt/airflow/dags/hadoop-2.7.3/share/hadoop/httpfs/tomcat/webapps/webhdfs/WEB-INF/lib/leveldbjni-all-1.8.jar took 0.043 seconds
[2022-10-22T00:12:06.045+0000] {processor.py:156} INFO - Started process (PID=24561) to work on /opt/airflow/dags/hadoop-2.7.3/share/hadoop/httpfs/tomcat/webapps/webhdfs/WEB-INF/lib/leveldbjni-all-1.8.jar
[2022-10-22T00:12:06.052+0000] {processor.py:758} INFO - Processing file /opt/airflow/dags/hadoop-2.7.3/share/hadoop/httpfs/tomcat/webapps/webhdfs/WEB-INF/lib/leveldbjni-all-1.8.jar for tasks to queue
[2022-10-22T00:12:06.055+0000] {logging_mixin.py:117} INFO - [2022-10-22T00:12:06.055+0000] {dagbag.py:525} INFO - Filling up the DagBag from /opt/airflow/dags/hadoop-2.7.3/share/hadoop/httpfs/tomcat/webapps/webhdfs/WEB-INF/lib/leveldbjni-all-1.8.jar
[2022-10-22T00:12:06.071+0000] {processor.py:770} WARNING - No viable dags retrieved from /opt/airflow/dags/hadoop-2.7.3/share/hadoop/httpfs/tomcat/webapps/webhdfs/WEB-INF/lib/leveldbjni-all-1.8.jar
[2022-10-22T00:12:06.141+0000] {processor.py:178} INFO - Processing /opt/airflow/dags/hadoop-2.7.3/share/hadoop/httpfs/tomcat/webapps/webhdfs/WEB-INF/lib/leveldbjni-all-1.8.jar took 0.102 seconds
[2022-10-22T00:12:09.009+0000] {processor.py:156} INFO - Started process (PID=22104) to work on /opt/airflow/dags/hadoop-2.7.3/share/hadoop/httpfs/tomcat/webapps/webhdfs/WEB-INF/lib/leveldbjni-all-1.8.jar
[2022-10-22T00:12:09.012+0000] {processor.py:758} INFO - Processing file /opt/airflow/dags/hadoop-2.7.3/share/hadoop/httpfs/tomcat/webapps/webhdfs/WEB-INF/lib/leveldbjni-all-1.8.jar for tasks to queue
[2022-10-22T00:12:09.014+0000] {logging_mixin.py:117} INFO - [2022-10-22T00:12:09.014+0000] {dagbag.py:525} INFO - Filling up the DagBag from /opt/airflow/dags/hadoop-2.7.3/share/hadoop/httpfs/tomcat/webapps/webhdfs/WEB-INF/lib/leveldbjni-all-1.8.jar
[2022-10-22T00:12:09.027+0000] {processor.py:770} WARNING - No viable dags retrieved from /opt/airflow/dags/hadoop-2.7.3/share/hadoop/httpfs/tomcat/webapps/webhdfs/WEB-INF/lib/leveldbjni-all-1.8.jar
[2022-10-22T00:12:09.075+0000] {processor.py:178} INFO - Processing /opt/airflow/dags/hadoop-2.7.3/share/hadoop/httpfs/tomcat/webapps/webhdfs/WEB-INF/lib/leveldbjni-all-1.8.jar took 0.072 seconds
[2022-10-22T00:15:15.315+0000] {processor.py:156} INFO - Started process (PID=22573) to work on /opt/airflow/dags/hadoop-2.7.3/share/hadoop/httpfs/tomcat/webapps/webhdfs/WEB-INF/lib/leveldbjni-all-1.8.jar
[2022-10-22T00:15:15.321+0000] {processor.py:758} INFO - Processing file /opt/airflow/dags/hadoop-2.7.3/share/hadoop/httpfs/tomcat/webapps/webhdfs/WEB-INF/lib/leveldbjni-all-1.8.jar for tasks to queue
[2022-10-22T00:15:15.325+0000] {logging_mixin.py:117} INFO - [2022-10-22T00:15:15.324+0000] {dagbag.py:525} INFO - Filling up the DagBag from /opt/airflow/dags/hadoop-2.7.3/share/hadoop/httpfs/tomcat/webapps/webhdfs/WEB-INF/lib/leveldbjni-all-1.8.jar
[2022-10-22T00:15:15.335+0000] {processor.py:770} WARNING - No viable dags retrieved from /opt/airflow/dags/hadoop-2.7.3/share/hadoop/httpfs/tomcat/webapps/webhdfs/WEB-INF/lib/leveldbjni-all-1.8.jar
[2022-10-22T00:15:15.377+0000] {processor.py:178} INFO - Processing /opt/airflow/dags/hadoop-2.7.3/share/hadoop/httpfs/tomcat/webapps/webhdfs/WEB-INF/lib/leveldbjni-all-1.8.jar took 0.069 seconds
[2022-10-22T00:15:29.182+0000] {processor.py:156} INFO - Started process (PID=25132) to work on /opt/airflow/dags/hadoop-2.7.3/share/hadoop/httpfs/tomcat/webapps/webhdfs/WEB-INF/lib/leveldbjni-all-1.8.jar
[2022-10-22T00:15:29.186+0000] {processor.py:758} INFO - Processing file /opt/airflow/dags/hadoop-2.7.3/share/hadoop/httpfs/tomcat/webapps/webhdfs/WEB-INF/lib/leveldbjni-all-1.8.jar for tasks to queue
[2022-10-22T00:15:29.191+0000] {logging_mixin.py:117} INFO - [2022-10-22T00:15:29.190+0000] {dagbag.py:525} INFO - Filling up the DagBag from /opt/airflow/dags/hadoop-2.7.3/share/hadoop/httpfs/tomcat/webapps/webhdfs/WEB-INF/lib/leveldbjni-all-1.8.jar
[2022-10-22T00:15:29.203+0000] {processor.py:770} WARNING - No viable dags retrieved from /opt/airflow/dags/hadoop-2.7.3/share/hadoop/httpfs/tomcat/webapps/webhdfs/WEB-INF/lib/leveldbjni-all-1.8.jar
[2022-10-22T00:15:29.281+0000] {processor.py:178} INFO - Processing /opt/airflow/dags/hadoop-2.7.3/share/hadoop/httpfs/tomcat/webapps/webhdfs/WEB-INF/lib/leveldbjni-all-1.8.jar took 0.118 seconds
[2022-10-22T00:16:04.822+0000] {processor.py:156} INFO - Started process (PID=23089) to work on /opt/airflow/dags/hadoop-2.7.3/share/hadoop/httpfs/tomcat/webapps/webhdfs/WEB-INF/lib/leveldbjni-all-1.8.jar
[2022-10-22T00:16:04.825+0000] {processor.py:758} INFO - Processing file /opt/airflow/dags/hadoop-2.7.3/share/hadoop/httpfs/tomcat/webapps/webhdfs/WEB-INF/lib/leveldbjni-all-1.8.jar for tasks to queue
[2022-10-22T00:16:04.827+0000] {logging_mixin.py:117} INFO - [2022-10-22T00:16:04.827+0000] {dagbag.py:525} INFO - Filling up the DagBag from /opt/airflow/dags/hadoop-2.7.3/share/hadoop/httpfs/tomcat/webapps/webhdfs/WEB-INF/lib/leveldbjni-all-1.8.jar
[2022-10-22T00:16:04.839+0000] {processor.py:770} WARNING - No viable dags retrieved from /opt/airflow/dags/hadoop-2.7.3/share/hadoop/httpfs/tomcat/webapps/webhdfs/WEB-INF/lib/leveldbjni-all-1.8.jar
[2022-10-22T00:16:04.867+0000] {processor.py:178} INFO - Processing /opt/airflow/dags/hadoop-2.7.3/share/hadoop/httpfs/tomcat/webapps/webhdfs/WEB-INF/lib/leveldbjni-all-1.8.jar took 0.055 seconds
[2022-10-22T00:16:15.361+0000] {processor.py:156} INFO - Started process (PID=25655) to work on /opt/airflow/dags/hadoop-2.7.3/share/hadoop/httpfs/tomcat/webapps/webhdfs/WEB-INF/lib/leveldbjni-all-1.8.jar
[2022-10-22T00:16:15.363+0000] {processor.py:758} INFO - Processing file /opt/airflow/dags/hadoop-2.7.3/share/hadoop/httpfs/tomcat/webapps/webhdfs/WEB-INF/lib/leveldbjni-all-1.8.jar for tasks to queue
[2022-10-22T00:16:15.368+0000] {logging_mixin.py:117} INFO - [2022-10-22T00:16:15.367+0000] {dagbag.py:525} INFO - Filling up the DagBag from /opt/airflow/dags/hadoop-2.7.3/share/hadoop/httpfs/tomcat/webapps/webhdfs/WEB-INF/lib/leveldbjni-all-1.8.jar
[2022-10-22T00:16:15.380+0000] {processor.py:770} WARNING - No viable dags retrieved from /opt/airflow/dags/hadoop-2.7.3/share/hadoop/httpfs/tomcat/webapps/webhdfs/WEB-INF/lib/leveldbjni-all-1.8.jar
[2022-10-22T00:16:15.441+0000] {processor.py:178} INFO - Processing /opt/airflow/dags/hadoop-2.7.3/share/hadoop/httpfs/tomcat/webapps/webhdfs/WEB-INF/lib/leveldbjni-all-1.8.jar took 0.095 seconds
[2022-10-22T00:16:52.362+0000] {processor.py:156} INFO - Started process (PID=23615) to work on /opt/airflow/dags/hadoop-2.7.3/share/hadoop/httpfs/tomcat/webapps/webhdfs/WEB-INF/lib/leveldbjni-all-1.8.jar
[2022-10-22T00:16:52.372+0000] {processor.py:758} INFO - Processing file /opt/airflow/dags/hadoop-2.7.3/share/hadoop/httpfs/tomcat/webapps/webhdfs/WEB-INF/lib/leveldbjni-all-1.8.jar for tasks to queue
[2022-10-22T00:16:52.376+0000] {logging_mixin.py:117} INFO - [2022-10-22T00:16:52.375+0000] {dagbag.py:525} INFO - Filling up the DagBag from /opt/airflow/dags/hadoop-2.7.3/share/hadoop/httpfs/tomcat/webapps/webhdfs/WEB-INF/lib/leveldbjni-all-1.8.jar
[2022-10-22T00:16:52.385+0000] {processor.py:770} WARNING - No viable dags retrieved from /opt/airflow/dags/hadoop-2.7.3/share/hadoop/httpfs/tomcat/webapps/webhdfs/WEB-INF/lib/leveldbjni-all-1.8.jar
[2022-10-22T00:16:52.412+0000] {processor.py:178} INFO - Processing /opt/airflow/dags/hadoop-2.7.3/share/hadoop/httpfs/tomcat/webapps/webhdfs/WEB-INF/lib/leveldbjni-all-1.8.jar took 0.057 seconds
[2022-10-22T00:17:02.840+0000] {processor.py:156} INFO - Started process (PID=26170) to work on /opt/airflow/dags/hadoop-2.7.3/share/hadoop/httpfs/tomcat/webapps/webhdfs/WEB-INF/lib/leveldbjni-all-1.8.jar
[2022-10-22T00:17:02.848+0000] {processor.py:758} INFO - Processing file /opt/airflow/dags/hadoop-2.7.3/share/hadoop/httpfs/tomcat/webapps/webhdfs/WEB-INF/lib/leveldbjni-all-1.8.jar for tasks to queue
[2022-10-22T00:17:02.852+0000] {logging_mixin.py:117} INFO - [2022-10-22T00:17:02.851+0000] {dagbag.py:525} INFO - Filling up the DagBag from /opt/airflow/dags/hadoop-2.7.3/share/hadoop/httpfs/tomcat/webapps/webhdfs/WEB-INF/lib/leveldbjni-all-1.8.jar
[2022-10-22T00:17:02.859+0000] {processor.py:770} WARNING - No viable dags retrieved from /opt/airflow/dags/hadoop-2.7.3/share/hadoop/httpfs/tomcat/webapps/webhdfs/WEB-INF/lib/leveldbjni-all-1.8.jar
[2022-10-22T00:17:02.898+0000] {processor.py:178} INFO - Processing /opt/airflow/dags/hadoop-2.7.3/share/hadoop/httpfs/tomcat/webapps/webhdfs/WEB-INF/lib/leveldbjni-all-1.8.jar took 0.075 seconds
[2022-10-22T00:17:44.824+0000] {processor.py:156} INFO - Started process (PID=24139) to work on /opt/airflow/dags/hadoop-2.7.3/share/hadoop/httpfs/tomcat/webapps/webhdfs/WEB-INF/lib/leveldbjni-all-1.8.jar
[2022-10-22T00:17:44.828+0000] {processor.py:758} INFO - Processing file /opt/airflow/dags/hadoop-2.7.3/share/hadoop/httpfs/tomcat/webapps/webhdfs/WEB-INF/lib/leveldbjni-all-1.8.jar for tasks to queue
[2022-10-22T00:17:44.830+0000] {logging_mixin.py:117} INFO - [2022-10-22T00:17:44.830+0000] {dagbag.py:525} INFO - Filling up the DagBag from /opt/airflow/dags/hadoop-2.7.3/share/hadoop/httpfs/tomcat/webapps/webhdfs/WEB-INF/lib/leveldbjni-all-1.8.jar
[2022-10-22T00:17:44.843+0000] {processor.py:770} WARNING - No viable dags retrieved from /opt/airflow/dags/hadoop-2.7.3/share/hadoop/httpfs/tomcat/webapps/webhdfs/WEB-INF/lib/leveldbjni-all-1.8.jar
[2022-10-22T00:17:44.879+0000] {processor.py:178} INFO - Processing /opt/airflow/dags/hadoop-2.7.3/share/hadoop/httpfs/tomcat/webapps/webhdfs/WEB-INF/lib/leveldbjni-all-1.8.jar took 0.061 seconds
[2022-10-22T00:17:53.452+0000] {processor.py:156} INFO - Started process (PID=26702) to work on /opt/airflow/dags/hadoop-2.7.3/share/hadoop/httpfs/tomcat/webapps/webhdfs/WEB-INF/lib/leveldbjni-all-1.8.jar
[2022-10-22T00:17:53.457+0000] {processor.py:758} INFO - Processing file /opt/airflow/dags/hadoop-2.7.3/share/hadoop/httpfs/tomcat/webapps/webhdfs/WEB-INF/lib/leveldbjni-all-1.8.jar for tasks to queue
[2022-10-22T00:17:53.461+0000] {logging_mixin.py:117} INFO - [2022-10-22T00:17:53.461+0000] {dagbag.py:525} INFO - Filling up the DagBag from /opt/airflow/dags/hadoop-2.7.3/share/hadoop/httpfs/tomcat/webapps/webhdfs/WEB-INF/lib/leveldbjni-all-1.8.jar
[2022-10-22T00:17:53.471+0000] {processor.py:770} WARNING - No viable dags retrieved from /opt/airflow/dags/hadoop-2.7.3/share/hadoop/httpfs/tomcat/webapps/webhdfs/WEB-INF/lib/leveldbjni-all-1.8.jar
[2022-10-22T00:17:53.553+0000] {processor.py:178} INFO - Processing /opt/airflow/dags/hadoop-2.7.3/share/hadoop/httpfs/tomcat/webapps/webhdfs/WEB-INF/lib/leveldbjni-all-1.8.jar took 0.113 seconds
[2022-10-22T00:18:24.581+0000] {processor.py:156} INFO - Started process (PID=24551) to work on /opt/airflow/dags/hadoop-2.7.3/share/hadoop/httpfs/tomcat/webapps/webhdfs/WEB-INF/lib/leveldbjni-all-1.8.jar
[2022-10-22T00:18:24.587+0000] {processor.py:758} INFO - Processing file /opt/airflow/dags/hadoop-2.7.3/share/hadoop/httpfs/tomcat/webapps/webhdfs/WEB-INF/lib/leveldbjni-all-1.8.jar for tasks to queue
[2022-10-22T00:18:24.589+0000] {logging_mixin.py:117} INFO - [2022-10-22T00:18:24.589+0000] {dagbag.py:525} INFO - Filling up the DagBag from /opt/airflow/dags/hadoop-2.7.3/share/hadoop/httpfs/tomcat/webapps/webhdfs/WEB-INF/lib/leveldbjni-all-1.8.jar
[2022-10-22T00:18:24.608+0000] {processor.py:770} WARNING - No viable dags retrieved from /opt/airflow/dags/hadoop-2.7.3/share/hadoop/httpfs/tomcat/webapps/webhdfs/WEB-INF/lib/leveldbjni-all-1.8.jar
[2022-10-22T00:18:24.695+0000] {processor.py:178} INFO - Processing /opt/airflow/dags/hadoop-2.7.3/share/hadoop/httpfs/tomcat/webapps/webhdfs/WEB-INF/lib/leveldbjni-all-1.8.jar took 0.128 seconds
[2022-10-22T00:18:46.346+0000] {processor.py:156} INFO - Started process (PID=27270) to work on /opt/airflow/dags/hadoop-2.7.3/share/hadoop/httpfs/tomcat/webapps/webhdfs/WEB-INF/lib/leveldbjni-all-1.8.jar
[2022-10-22T00:18:46.350+0000] {processor.py:758} INFO - Processing file /opt/airflow/dags/hadoop-2.7.3/share/hadoop/httpfs/tomcat/webapps/webhdfs/WEB-INF/lib/leveldbjni-all-1.8.jar for tasks to queue
[2022-10-22T00:18:46.352+0000] {logging_mixin.py:117} INFO - [2022-10-22T00:18:46.352+0000] {dagbag.py:525} INFO - Filling up the DagBag from /opt/airflow/dags/hadoop-2.7.3/share/hadoop/httpfs/tomcat/webapps/webhdfs/WEB-INF/lib/leveldbjni-all-1.8.jar
[2022-10-22T00:18:46.361+0000] {processor.py:770} WARNING - No viable dags retrieved from /opt/airflow/dags/hadoop-2.7.3/share/hadoop/httpfs/tomcat/webapps/webhdfs/WEB-INF/lib/leveldbjni-all-1.8.jar
[2022-10-22T00:18:46.422+0000] {processor.py:178} INFO - Processing /opt/airflow/dags/hadoop-2.7.3/share/hadoop/httpfs/tomcat/webapps/webhdfs/WEB-INF/lib/leveldbjni-all-1.8.jar took 0.086 seconds
[2022-10-22T00:20:02.099+0000] {processor.py:156} INFO - Started process (PID=25184) to work on /opt/airflow/dags/hadoop-2.7.3/share/hadoop/httpfs/tomcat/webapps/webhdfs/WEB-INF/lib/leveldbjni-all-1.8.jar
[2022-10-22T00:20:02.101+0000] {processor.py:758} INFO - Processing file /opt/airflow/dags/hadoop-2.7.3/share/hadoop/httpfs/tomcat/webapps/webhdfs/WEB-INF/lib/leveldbjni-all-1.8.jar for tasks to queue
[2022-10-22T00:20:02.103+0000] {logging_mixin.py:117} INFO - [2022-10-22T00:20:02.103+0000] {dagbag.py:525} INFO - Filling up the DagBag from /opt/airflow/dags/hadoop-2.7.3/share/hadoop/httpfs/tomcat/webapps/webhdfs/WEB-INF/lib/leveldbjni-all-1.8.jar
[2022-10-22T00:20:02.114+0000] {processor.py:770} WARNING - No viable dags retrieved from /opt/airflow/dags/hadoop-2.7.3/share/hadoop/httpfs/tomcat/webapps/webhdfs/WEB-INF/lib/leveldbjni-all-1.8.jar
[2022-10-22T00:20:02.150+0000] {processor.py:178} INFO - Processing /opt/airflow/dags/hadoop-2.7.3/share/hadoop/httpfs/tomcat/webapps/webhdfs/WEB-INF/lib/leveldbjni-all-1.8.jar took 0.058 seconds
[2022-10-22T00:20:19.760+0000] {processor.py:156} INFO - Started process (PID=27893) to work on /opt/airflow/dags/hadoop-2.7.3/share/hadoop/httpfs/tomcat/webapps/webhdfs/WEB-INF/lib/leveldbjni-all-1.8.jar
[2022-10-22T00:20:19.780+0000] {processor.py:758} INFO - Processing file /opt/airflow/dags/hadoop-2.7.3/share/hadoop/httpfs/tomcat/webapps/webhdfs/WEB-INF/lib/leveldbjni-all-1.8.jar for tasks to queue
[2022-10-22T00:20:19.782+0000] {logging_mixin.py:117} INFO - [2022-10-22T00:20:19.782+0000] {dagbag.py:525} INFO - Filling up the DagBag from /opt/airflow/dags/hadoop-2.7.3/share/hadoop/httpfs/tomcat/webapps/webhdfs/WEB-INF/lib/leveldbjni-all-1.8.jar
[2022-10-22T00:20:19.794+0000] {processor.py:770} WARNING - No viable dags retrieved from /opt/airflow/dags/hadoop-2.7.3/share/hadoop/httpfs/tomcat/webapps/webhdfs/WEB-INF/lib/leveldbjni-all-1.8.jar
[2022-10-22T00:20:19.831+0000] {processor.py:178} INFO - Processing /opt/airflow/dags/hadoop-2.7.3/share/hadoop/httpfs/tomcat/webapps/webhdfs/WEB-INF/lib/leveldbjni-all-1.8.jar took 0.086 seconds
[2022-10-22T00:21:04.374+0000] {processor.py:156} INFO - Started process (PID=25800) to work on /opt/airflow/dags/hadoop-2.7.3/share/hadoop/httpfs/tomcat/webapps/webhdfs/WEB-INF/lib/leveldbjni-all-1.8.jar
[2022-10-22T00:21:04.378+0000] {processor.py:758} INFO - Processing file /opt/airflow/dags/hadoop-2.7.3/share/hadoop/httpfs/tomcat/webapps/webhdfs/WEB-INF/lib/leveldbjni-all-1.8.jar for tasks to queue
[2022-10-22T00:21:04.383+0000] {logging_mixin.py:117} INFO - [2022-10-22T00:21:04.383+0000] {dagbag.py:525} INFO - Filling up the DagBag from /opt/airflow/dags/hadoop-2.7.3/share/hadoop/httpfs/tomcat/webapps/webhdfs/WEB-INF/lib/leveldbjni-all-1.8.jar
[2022-10-22T00:21:04.397+0000] {processor.py:770} WARNING - No viable dags retrieved from /opt/airflow/dags/hadoop-2.7.3/share/hadoop/httpfs/tomcat/webapps/webhdfs/WEB-INF/lib/leveldbjni-all-1.8.jar
[2022-10-22T00:21:04.445+0000] {processor.py:178} INFO - Processing /opt/airflow/dags/hadoop-2.7.3/share/hadoop/httpfs/tomcat/webapps/webhdfs/WEB-INF/lib/leveldbjni-all-1.8.jar took 0.078 seconds
[2022-10-22T00:21:17.483+0000] {processor.py:156} INFO - Started process (PID=28454) to work on /opt/airflow/dags/hadoop-2.7.3/share/hadoop/httpfs/tomcat/webapps/webhdfs/WEB-INF/lib/leveldbjni-all-1.8.jar
[2022-10-22T00:21:17.487+0000] {processor.py:758} INFO - Processing file /opt/airflow/dags/hadoop-2.7.3/share/hadoop/httpfs/tomcat/webapps/webhdfs/WEB-INF/lib/leveldbjni-all-1.8.jar for tasks to queue
[2022-10-22T00:21:17.490+0000] {logging_mixin.py:117} INFO - [2022-10-22T00:21:17.489+0000] {dagbag.py:525} INFO - Filling up the DagBag from /opt/airflow/dags/hadoop-2.7.3/share/hadoop/httpfs/tomcat/webapps/webhdfs/WEB-INF/lib/leveldbjni-all-1.8.jar
[2022-10-22T00:21:17.525+0000] {processor.py:770} WARNING - No viable dags retrieved from /opt/airflow/dags/hadoop-2.7.3/share/hadoop/httpfs/tomcat/webapps/webhdfs/WEB-INF/lib/leveldbjni-all-1.8.jar
[2022-10-22T00:21:17.576+0000] {processor.py:178} INFO - Processing /opt/airflow/dags/hadoop-2.7.3/share/hadoop/httpfs/tomcat/webapps/webhdfs/WEB-INF/lib/leveldbjni-all-1.8.jar took 0.101 seconds
[2022-10-22T00:21:51.818+0000] {processor.py:156} INFO - Started process (PID=26243) to work on /opt/airflow/dags/hadoop-2.7.3/share/hadoop/httpfs/tomcat/webapps/webhdfs/WEB-INF/lib/leveldbjni-all-1.8.jar
[2022-10-22T00:21:51.821+0000] {processor.py:758} INFO - Processing file /opt/airflow/dags/hadoop-2.7.3/share/hadoop/httpfs/tomcat/webapps/webhdfs/WEB-INF/lib/leveldbjni-all-1.8.jar for tasks to queue
[2022-10-22T00:21:51.824+0000] {logging_mixin.py:117} INFO - [2022-10-22T00:21:51.823+0000] {dagbag.py:525} INFO - Filling up the DagBag from /opt/airflow/dags/hadoop-2.7.3/share/hadoop/httpfs/tomcat/webapps/webhdfs/WEB-INF/lib/leveldbjni-all-1.8.jar
[2022-10-22T00:21:51.835+0000] {processor.py:770} WARNING - No viable dags retrieved from /opt/airflow/dags/hadoop-2.7.3/share/hadoop/httpfs/tomcat/webapps/webhdfs/WEB-INF/lib/leveldbjni-all-1.8.jar
[2022-10-22T00:21:51.870+0000] {processor.py:178} INFO - Processing /opt/airflow/dags/hadoop-2.7.3/share/hadoop/httpfs/tomcat/webapps/webhdfs/WEB-INF/lib/leveldbjni-all-1.8.jar took 0.061 seconds
[2022-10-22T00:22:02.224+0000] {processor.py:156} INFO - Started process (PID=28880) to work on /opt/airflow/dags/hadoop-2.7.3/share/hadoop/httpfs/tomcat/webapps/webhdfs/WEB-INF/lib/leveldbjni-all-1.8.jar
[2022-10-22T00:22:02.230+0000] {processor.py:758} INFO - Processing file /opt/airflow/dags/hadoop-2.7.3/share/hadoop/httpfs/tomcat/webapps/webhdfs/WEB-INF/lib/leveldbjni-all-1.8.jar for tasks to queue
[2022-10-22T00:22:02.234+0000] {logging_mixin.py:117} INFO - [2022-10-22T00:22:02.233+0000] {dagbag.py:525} INFO - Filling up the DagBag from /opt/airflow/dags/hadoop-2.7.3/share/hadoop/httpfs/tomcat/webapps/webhdfs/WEB-INF/lib/leveldbjni-all-1.8.jar
[2022-10-22T00:22:02.250+0000] {processor.py:770} WARNING - No viable dags retrieved from /opt/airflow/dags/hadoop-2.7.3/share/hadoop/httpfs/tomcat/webapps/webhdfs/WEB-INF/lib/leveldbjni-all-1.8.jar
[2022-10-22T00:22:02.321+0000] {processor.py:178} INFO - Processing /opt/airflow/dags/hadoop-2.7.3/share/hadoop/httpfs/tomcat/webapps/webhdfs/WEB-INF/lib/leveldbjni-all-1.8.jar took 0.125 seconds
[2022-10-22T00:22:43.439+0000] {processor.py:156} INFO - Started process (PID=26724) to work on /opt/airflow/dags/hadoop-2.7.3/share/hadoop/httpfs/tomcat/webapps/webhdfs/WEB-INF/lib/leveldbjni-all-1.8.jar
[2022-10-22T00:22:43.443+0000] {processor.py:758} INFO - Processing file /opt/airflow/dags/hadoop-2.7.3/share/hadoop/httpfs/tomcat/webapps/webhdfs/WEB-INF/lib/leveldbjni-all-1.8.jar for tasks to queue
[2022-10-22T00:22:43.447+0000] {logging_mixin.py:117} INFO - [2022-10-22T00:22:43.447+0000] {dagbag.py:525} INFO - Filling up the DagBag from /opt/airflow/dags/hadoop-2.7.3/share/hadoop/httpfs/tomcat/webapps/webhdfs/WEB-INF/lib/leveldbjni-all-1.8.jar
[2022-10-22T00:22:43.459+0000] {processor.py:770} WARNING - No viable dags retrieved from /opt/airflow/dags/hadoop-2.7.3/share/hadoop/httpfs/tomcat/webapps/webhdfs/WEB-INF/lib/leveldbjni-all-1.8.jar
[2022-10-22T00:22:43.529+0000] {processor.py:178} INFO - Processing /opt/airflow/dags/hadoop-2.7.3/share/hadoop/httpfs/tomcat/webapps/webhdfs/WEB-INF/lib/leveldbjni-all-1.8.jar took 0.107 seconds
[2022-10-22T00:22:52.723+0000] {processor.py:156} INFO - Started process (PID=29354) to work on /opt/airflow/dags/hadoop-2.7.3/share/hadoop/httpfs/tomcat/webapps/webhdfs/WEB-INF/lib/leveldbjni-all-1.8.jar
[2022-10-22T00:22:52.726+0000] {processor.py:758} INFO - Processing file /opt/airflow/dags/hadoop-2.7.3/share/hadoop/httpfs/tomcat/webapps/webhdfs/WEB-INF/lib/leveldbjni-all-1.8.jar for tasks to queue
[2022-10-22T00:22:52.728+0000] {logging_mixin.py:117} INFO - [2022-10-22T00:22:52.728+0000] {dagbag.py:525} INFO - Filling up the DagBag from /opt/airflow/dags/hadoop-2.7.3/share/hadoop/httpfs/tomcat/webapps/webhdfs/WEB-INF/lib/leveldbjni-all-1.8.jar
[2022-10-22T00:22:52.737+0000] {processor.py:770} WARNING - No viable dags retrieved from /opt/airflow/dags/hadoop-2.7.3/share/hadoop/httpfs/tomcat/webapps/webhdfs/WEB-INF/lib/leveldbjni-all-1.8.jar
[2022-10-22T00:22:52.771+0000] {processor.py:178} INFO - Processing /opt/airflow/dags/hadoop-2.7.3/share/hadoop/httpfs/tomcat/webapps/webhdfs/WEB-INF/lib/leveldbjni-all-1.8.jar took 0.056 seconds
[2022-10-22T00:23:30.053+0000] {processor.py:156} INFO - Started process (PID=27207) to work on /opt/airflow/dags/hadoop-2.7.3/share/hadoop/httpfs/tomcat/webapps/webhdfs/WEB-INF/lib/leveldbjni-all-1.8.jar
[2022-10-22T00:23:30.055+0000] {processor.py:758} INFO - Processing file /opt/airflow/dags/hadoop-2.7.3/share/hadoop/httpfs/tomcat/webapps/webhdfs/WEB-INF/lib/leveldbjni-all-1.8.jar for tasks to queue
[2022-10-22T00:23:30.058+0000] {logging_mixin.py:117} INFO - [2022-10-22T00:23:30.057+0000] {dagbag.py:525} INFO - Filling up the DagBag from /opt/airflow/dags/hadoop-2.7.3/share/hadoop/httpfs/tomcat/webapps/webhdfs/WEB-INF/lib/leveldbjni-all-1.8.jar
[2022-10-22T00:23:30.064+0000] {processor.py:770} WARNING - No viable dags retrieved from /opt/airflow/dags/hadoop-2.7.3/share/hadoop/httpfs/tomcat/webapps/webhdfs/WEB-INF/lib/leveldbjni-all-1.8.jar
[2022-10-22T00:23:30.095+0000] {processor.py:178} INFO - Processing /opt/airflow/dags/hadoop-2.7.3/share/hadoop/httpfs/tomcat/webapps/webhdfs/WEB-INF/lib/leveldbjni-all-1.8.jar took 0.050 seconds
[2022-10-22T00:23:35.830+0000] {processor.py:156} INFO - Started process (PID=29851) to work on /opt/airflow/dags/hadoop-2.7.3/share/hadoop/httpfs/tomcat/webapps/webhdfs/WEB-INF/lib/leveldbjni-all-1.8.jar
[2022-10-22T00:23:35.832+0000] {processor.py:758} INFO - Processing file /opt/airflow/dags/hadoop-2.7.3/share/hadoop/httpfs/tomcat/webapps/webhdfs/WEB-INF/lib/leveldbjni-all-1.8.jar for tasks to queue
[2022-10-22T00:23:35.833+0000] {logging_mixin.py:117} INFO - [2022-10-22T00:23:35.833+0000] {dagbag.py:525} INFO - Filling up the DagBag from /opt/airflow/dags/hadoop-2.7.3/share/hadoop/httpfs/tomcat/webapps/webhdfs/WEB-INF/lib/leveldbjni-all-1.8.jar
[2022-10-22T00:23:35.840+0000] {processor.py:770} WARNING - No viable dags retrieved from /opt/airflow/dags/hadoop-2.7.3/share/hadoop/httpfs/tomcat/webapps/webhdfs/WEB-INF/lib/leveldbjni-all-1.8.jar
[2022-10-22T00:23:35.873+0000] {processor.py:178} INFO - Processing /opt/airflow/dags/hadoop-2.7.3/share/hadoop/httpfs/tomcat/webapps/webhdfs/WEB-INF/lib/leveldbjni-all-1.8.jar took 0.048 seconds
