[2022-10-22T00:00:37.663+0000] {processor.py:156} INFO - Started process (PID=19138) to work on /opt/airflow/dags/hadoop-2.7.3/share/hadoop/httpfs/tomcat/webapps/webhdfs/WEB-INF/lib/protobuf-java-2.5.0.jar
[2022-10-22T00:00:37.675+0000] {processor.py:758} INFO - Processing file /opt/airflow/dags/hadoop-2.7.3/share/hadoop/httpfs/tomcat/webapps/webhdfs/WEB-INF/lib/protobuf-java-2.5.0.jar for tasks to queue
[2022-10-22T00:00:37.680+0000] {logging_mixin.py:117} INFO - [2022-10-22T00:00:37.680+0000] {dagbag.py:525} INFO - Filling up the DagBag from /opt/airflow/dags/hadoop-2.7.3/share/hadoop/httpfs/tomcat/webapps/webhdfs/WEB-INF/lib/protobuf-java-2.5.0.jar
[2022-10-22T00:00:37.707+0000] {processor.py:770} WARNING - No viable dags retrieved from /opt/airflow/dags/hadoop-2.7.3/share/hadoop/httpfs/tomcat/webapps/webhdfs/WEB-INF/lib/protobuf-java-2.5.0.jar
[2022-10-22T00:00:37.792+0000] {processor.py:178} INFO - Processing /opt/airflow/dags/hadoop-2.7.3/share/hadoop/httpfs/tomcat/webapps/webhdfs/WEB-INF/lib/protobuf-java-2.5.0.jar took 0.162 seconds
[2022-10-22T00:01:35.572+0000] {processor.py:156} INFO - Started process (PID=17347) to work on /opt/airflow/dags/hadoop-2.7.3/share/hadoop/httpfs/tomcat/webapps/webhdfs/WEB-INF/lib/protobuf-java-2.5.0.jar
[2022-10-22T00:01:35.575+0000] {processor.py:758} INFO - Processing file /opt/airflow/dags/hadoop-2.7.3/share/hadoop/httpfs/tomcat/webapps/webhdfs/WEB-INF/lib/protobuf-java-2.5.0.jar for tasks to queue
[2022-10-22T00:01:35.580+0000] {logging_mixin.py:117} INFO - [2022-10-22T00:01:35.579+0000] {dagbag.py:525} INFO - Filling up the DagBag from /opt/airflow/dags/hadoop-2.7.3/share/hadoop/httpfs/tomcat/webapps/webhdfs/WEB-INF/lib/protobuf-java-2.5.0.jar
[2022-10-22T00:01:35.620+0000] {processor.py:770} WARNING - No viable dags retrieved from /opt/airflow/dags/hadoop-2.7.3/share/hadoop/httpfs/tomcat/webapps/webhdfs/WEB-INF/lib/protobuf-java-2.5.0.jar
[2022-10-22T00:01:35.733+0000] {processor.py:178} INFO - Processing /opt/airflow/dags/hadoop-2.7.3/share/hadoop/httpfs/tomcat/webapps/webhdfs/WEB-INF/lib/protobuf-java-2.5.0.jar took 0.201 seconds
[2022-10-22T00:02:25.232+0000] {processor.py:156} INFO - Started process (PID=20086) to work on /opt/airflow/dags/hadoop-2.7.3/share/hadoop/httpfs/tomcat/webapps/webhdfs/WEB-INF/lib/protobuf-java-2.5.0.jar
[2022-10-22T00:02:25.236+0000] {processor.py:758} INFO - Processing file /opt/airflow/dags/hadoop-2.7.3/share/hadoop/httpfs/tomcat/webapps/webhdfs/WEB-INF/lib/protobuf-java-2.5.0.jar for tasks to queue
[2022-10-22T00:02:25.238+0000] {logging_mixin.py:117} INFO - [2022-10-22T00:02:25.238+0000] {dagbag.py:525} INFO - Filling up the DagBag from /opt/airflow/dags/hadoop-2.7.3/share/hadoop/httpfs/tomcat/webapps/webhdfs/WEB-INF/lib/protobuf-java-2.5.0.jar
[2022-10-22T00:02:25.251+0000] {processor.py:770} WARNING - No viable dags retrieved from /opt/airflow/dags/hadoop-2.7.3/share/hadoop/httpfs/tomcat/webapps/webhdfs/WEB-INF/lib/protobuf-java-2.5.0.jar
[2022-10-22T00:02:25.295+0000] {processor.py:178} INFO - Processing /opt/airflow/dags/hadoop-2.7.3/share/hadoop/httpfs/tomcat/webapps/webhdfs/WEB-INF/lib/protobuf-java-2.5.0.jar took 0.071 seconds
[2022-10-22T00:03:21.822+0000] {processor.py:156} INFO - Started process (PID=17924) to work on /opt/airflow/dags/hadoop-2.7.3/share/hadoop/httpfs/tomcat/webapps/webhdfs/WEB-INF/lib/protobuf-java-2.5.0.jar
[2022-10-22T00:03:21.827+0000] {processor.py:758} INFO - Processing file /opt/airflow/dags/hadoop-2.7.3/share/hadoop/httpfs/tomcat/webapps/webhdfs/WEB-INF/lib/protobuf-java-2.5.0.jar for tasks to queue
[2022-10-22T00:03:21.830+0000] {logging_mixin.py:117} INFO - [2022-10-22T00:03:21.830+0000] {dagbag.py:525} INFO - Filling up the DagBag from /opt/airflow/dags/hadoop-2.7.3/share/hadoop/httpfs/tomcat/webapps/webhdfs/WEB-INF/lib/protobuf-java-2.5.0.jar
[2022-10-22T00:03:21.850+0000] {processor.py:770} WARNING - No viable dags retrieved from /opt/airflow/dags/hadoop-2.7.3/share/hadoop/httpfs/tomcat/webapps/webhdfs/WEB-INF/lib/protobuf-java-2.5.0.jar
[2022-10-22T00:03:21.899+0000] {processor.py:178} INFO - Processing /opt/airflow/dags/hadoop-2.7.3/share/hadoop/httpfs/tomcat/webapps/webhdfs/WEB-INF/lib/protobuf-java-2.5.0.jar took 0.088 seconds
[2022-10-22T00:03:59.955+0000] {processor.py:156} INFO - Started process (PID=20687) to work on /opt/airflow/dags/hadoop-2.7.3/share/hadoop/httpfs/tomcat/webapps/webhdfs/WEB-INF/lib/protobuf-java-2.5.0.jar
[2022-10-22T00:03:59.958+0000] {processor.py:758} INFO - Processing file /opt/airflow/dags/hadoop-2.7.3/share/hadoop/httpfs/tomcat/webapps/webhdfs/WEB-INF/lib/protobuf-java-2.5.0.jar for tasks to queue
[2022-10-22T00:03:59.961+0000] {logging_mixin.py:117} INFO - [2022-10-22T00:03:59.961+0000] {dagbag.py:525} INFO - Filling up the DagBag from /opt/airflow/dags/hadoop-2.7.3/share/hadoop/httpfs/tomcat/webapps/webhdfs/WEB-INF/lib/protobuf-java-2.5.0.jar
[2022-10-22T00:03:59.973+0000] {processor.py:770} WARNING - No viable dags retrieved from /opt/airflow/dags/hadoop-2.7.3/share/hadoop/httpfs/tomcat/webapps/webhdfs/WEB-INF/lib/protobuf-java-2.5.0.jar
[2022-10-22T00:04:00.014+0000] {processor.py:178} INFO - Processing /opt/airflow/dags/hadoop-2.7.3/share/hadoop/httpfs/tomcat/webapps/webhdfs/WEB-INF/lib/protobuf-java-2.5.0.jar took 0.068 seconds
[2022-10-22T00:04:27.895+0000] {processor.py:156} INFO - Started process (PID=18534) to work on /opt/airflow/dags/hadoop-2.7.3/share/hadoop/httpfs/tomcat/webapps/webhdfs/WEB-INF/lib/protobuf-java-2.5.0.jar
[2022-10-22T00:04:27.910+0000] {processor.py:758} INFO - Processing file /opt/airflow/dags/hadoop-2.7.3/share/hadoop/httpfs/tomcat/webapps/webhdfs/WEB-INF/lib/protobuf-java-2.5.0.jar for tasks to queue
[2022-10-22T00:04:27.916+0000] {logging_mixin.py:117} INFO - [2022-10-22T00:04:27.915+0000] {dagbag.py:525} INFO - Filling up the DagBag from /opt/airflow/dags/hadoop-2.7.3/share/hadoop/httpfs/tomcat/webapps/webhdfs/WEB-INF/lib/protobuf-java-2.5.0.jar
[2022-10-22T00:04:27.940+0000] {processor.py:770} WARNING - No viable dags retrieved from /opt/airflow/dags/hadoop-2.7.3/share/hadoop/httpfs/tomcat/webapps/webhdfs/WEB-INF/lib/protobuf-java-2.5.0.jar
[2022-10-22T00:04:28.010+0000] {processor.py:178} INFO - Processing /opt/airflow/dags/hadoop-2.7.3/share/hadoop/httpfs/tomcat/webapps/webhdfs/WEB-INF/lib/protobuf-java-2.5.0.jar took 0.124 seconds
[2022-10-22T00:04:57.759+0000] {processor.py:156} INFO - Started process (PID=21215) to work on /opt/airflow/dags/hadoop-2.7.3/share/hadoop/httpfs/tomcat/webapps/webhdfs/WEB-INF/lib/protobuf-java-2.5.0.jar
[2022-10-22T00:04:57.761+0000] {processor.py:758} INFO - Processing file /opt/airflow/dags/hadoop-2.7.3/share/hadoop/httpfs/tomcat/webapps/webhdfs/WEB-INF/lib/protobuf-java-2.5.0.jar for tasks to queue
[2022-10-22T00:04:57.764+0000] {logging_mixin.py:117} INFO - [2022-10-22T00:04:57.764+0000] {dagbag.py:525} INFO - Filling up the DagBag from /opt/airflow/dags/hadoop-2.7.3/share/hadoop/httpfs/tomcat/webapps/webhdfs/WEB-INF/lib/protobuf-java-2.5.0.jar
[2022-10-22T00:04:57.793+0000] {processor.py:770} WARNING - No viable dags retrieved from /opt/airflow/dags/hadoop-2.7.3/share/hadoop/httpfs/tomcat/webapps/webhdfs/WEB-INF/lib/protobuf-java-2.5.0.jar
[2022-10-22T00:04:57.845+0000] {processor.py:178} INFO - Processing /opt/airflow/dags/hadoop-2.7.3/share/hadoop/httpfs/tomcat/webapps/webhdfs/WEB-INF/lib/protobuf-java-2.5.0.jar took 0.101 seconds
[2022-10-22T00:05:23.068+0000] {processor.py:156} INFO - Started process (PID=19047) to work on /opt/airflow/dags/hadoop-2.7.3/share/hadoop/httpfs/tomcat/webapps/webhdfs/WEB-INF/lib/protobuf-java-2.5.0.jar
[2022-10-22T00:05:23.071+0000] {processor.py:758} INFO - Processing file /opt/airflow/dags/hadoop-2.7.3/share/hadoop/httpfs/tomcat/webapps/webhdfs/WEB-INF/lib/protobuf-java-2.5.0.jar for tasks to queue
[2022-10-22T00:05:23.073+0000] {logging_mixin.py:117} INFO - [2022-10-22T00:05:23.073+0000] {dagbag.py:525} INFO - Filling up the DagBag from /opt/airflow/dags/hadoop-2.7.3/share/hadoop/httpfs/tomcat/webapps/webhdfs/WEB-INF/lib/protobuf-java-2.5.0.jar
[2022-10-22T00:05:23.099+0000] {processor.py:770} WARNING - No viable dags retrieved from /opt/airflow/dags/hadoop-2.7.3/share/hadoop/httpfs/tomcat/webapps/webhdfs/WEB-INF/lib/protobuf-java-2.5.0.jar
[2022-10-22T00:05:23.167+0000] {processor.py:178} INFO - Processing /opt/airflow/dags/hadoop-2.7.3/share/hadoop/httpfs/tomcat/webapps/webhdfs/WEB-INF/lib/protobuf-java-2.5.0.jar took 0.122 seconds
[2022-10-22T00:05:43.348+0000] {processor.py:156} INFO - Started process (PID=21681) to work on /opt/airflow/dags/hadoop-2.7.3/share/hadoop/httpfs/tomcat/webapps/webhdfs/WEB-INF/lib/protobuf-java-2.5.0.jar
[2022-10-22T00:05:43.352+0000] {processor.py:758} INFO - Processing file /opt/airflow/dags/hadoop-2.7.3/share/hadoop/httpfs/tomcat/webapps/webhdfs/WEB-INF/lib/protobuf-java-2.5.0.jar for tasks to queue
[2022-10-22T00:05:43.355+0000] {logging_mixin.py:117} INFO - [2022-10-22T00:05:43.354+0000] {dagbag.py:525} INFO - Filling up the DagBag from /opt/airflow/dags/hadoop-2.7.3/share/hadoop/httpfs/tomcat/webapps/webhdfs/WEB-INF/lib/protobuf-java-2.5.0.jar
[2022-10-22T00:05:43.383+0000] {processor.py:770} WARNING - No viable dags retrieved from /opt/airflow/dags/hadoop-2.7.3/share/hadoop/httpfs/tomcat/webapps/webhdfs/WEB-INF/lib/protobuf-java-2.5.0.jar
[2022-10-22T00:05:43.442+0000] {processor.py:178} INFO - Processing /opt/airflow/dags/hadoop-2.7.3/share/hadoop/httpfs/tomcat/webapps/webhdfs/WEB-INF/lib/protobuf-java-2.5.0.jar took 0.107 seconds
[2022-10-22T00:06:11.121+0000] {processor.py:156} INFO - Started process (PID=19512) to work on /opt/airflow/dags/hadoop-2.7.3/share/hadoop/httpfs/tomcat/webapps/webhdfs/WEB-INF/lib/protobuf-java-2.5.0.jar
[2022-10-22T00:06:11.125+0000] {processor.py:758} INFO - Processing file /opt/airflow/dags/hadoop-2.7.3/share/hadoop/httpfs/tomcat/webapps/webhdfs/WEB-INF/lib/protobuf-java-2.5.0.jar for tasks to queue
[2022-10-22T00:06:11.130+0000] {logging_mixin.py:117} INFO - [2022-10-22T00:06:11.130+0000] {dagbag.py:525} INFO - Filling up the DagBag from /opt/airflow/dags/hadoop-2.7.3/share/hadoop/httpfs/tomcat/webapps/webhdfs/WEB-INF/lib/protobuf-java-2.5.0.jar
[2022-10-22T00:06:11.169+0000] {processor.py:770} WARNING - No viable dags retrieved from /opt/airflow/dags/hadoop-2.7.3/share/hadoop/httpfs/tomcat/webapps/webhdfs/WEB-INF/lib/protobuf-java-2.5.0.jar
[2022-10-22T00:06:11.285+0000] {processor.py:178} INFO - Processing /opt/airflow/dags/hadoop-2.7.3/share/hadoop/httpfs/tomcat/webapps/webhdfs/WEB-INF/lib/protobuf-java-2.5.0.jar took 0.184 seconds
[2022-10-22T00:06:31.139+0000] {processor.py:156} INFO - Started process (PID=22146) to work on /opt/airflow/dags/hadoop-2.7.3/share/hadoop/httpfs/tomcat/webapps/webhdfs/WEB-INF/lib/protobuf-java-2.5.0.jar
[2022-10-22T00:06:31.142+0000] {processor.py:758} INFO - Processing file /opt/airflow/dags/hadoop-2.7.3/share/hadoop/httpfs/tomcat/webapps/webhdfs/WEB-INF/lib/protobuf-java-2.5.0.jar for tasks to queue
[2022-10-22T00:06:31.149+0000] {logging_mixin.py:117} INFO - [2022-10-22T00:06:31.148+0000] {dagbag.py:525} INFO - Filling up the DagBag from /opt/airflow/dags/hadoop-2.7.3/share/hadoop/httpfs/tomcat/webapps/webhdfs/WEB-INF/lib/protobuf-java-2.5.0.jar
[2022-10-22T00:06:31.166+0000] {processor.py:770} WARNING - No viable dags retrieved from /opt/airflow/dags/hadoop-2.7.3/share/hadoop/httpfs/tomcat/webapps/webhdfs/WEB-INF/lib/protobuf-java-2.5.0.jar
[2022-10-22T00:06:31.235+0000] {processor.py:178} INFO - Processing /opt/airflow/dags/hadoop-2.7.3/share/hadoop/httpfs/tomcat/webapps/webhdfs/WEB-INF/lib/protobuf-java-2.5.0.jar took 0.109 seconds
[2022-10-22T00:06:58.808+0000] {processor.py:156} INFO - Started process (PID=19971) to work on /opt/airflow/dags/hadoop-2.7.3/share/hadoop/httpfs/tomcat/webapps/webhdfs/WEB-INF/lib/protobuf-java-2.5.0.jar
[2022-10-22T00:06:58.816+0000] {processor.py:758} INFO - Processing file /opt/airflow/dags/hadoop-2.7.3/share/hadoop/httpfs/tomcat/webapps/webhdfs/WEB-INF/lib/protobuf-java-2.5.0.jar for tasks to queue
[2022-10-22T00:06:58.824+0000] {logging_mixin.py:117} INFO - [2022-10-22T00:06:58.823+0000] {dagbag.py:525} INFO - Filling up the DagBag from /opt/airflow/dags/hadoop-2.7.3/share/hadoop/httpfs/tomcat/webapps/webhdfs/WEB-INF/lib/protobuf-java-2.5.0.jar
[2022-10-22T00:06:58.841+0000] {processor.py:770} WARNING - No viable dags retrieved from /opt/airflow/dags/hadoop-2.7.3/share/hadoop/httpfs/tomcat/webapps/webhdfs/WEB-INF/lib/protobuf-java-2.5.0.jar
[2022-10-22T00:06:58.913+0000] {processor.py:178} INFO - Processing /opt/airflow/dags/hadoop-2.7.3/share/hadoop/httpfs/tomcat/webapps/webhdfs/WEB-INF/lib/protobuf-java-2.5.0.jar took 0.129 seconds
[2022-10-22T00:07:15.546+0000] {processor.py:156} INFO - Started process (PID=22605) to work on /opt/airflow/dags/hadoop-2.7.3/share/hadoop/httpfs/tomcat/webapps/webhdfs/WEB-INF/lib/protobuf-java-2.5.0.jar
[2022-10-22T00:07:15.549+0000] {processor.py:758} INFO - Processing file /opt/airflow/dags/hadoop-2.7.3/share/hadoop/httpfs/tomcat/webapps/webhdfs/WEB-INF/lib/protobuf-java-2.5.0.jar for tasks to queue
[2022-10-22T00:07:15.554+0000] {logging_mixin.py:117} INFO - [2022-10-22T00:07:15.553+0000] {dagbag.py:525} INFO - Filling up the DagBag from /opt/airflow/dags/hadoop-2.7.3/share/hadoop/httpfs/tomcat/webapps/webhdfs/WEB-INF/lib/protobuf-java-2.5.0.jar
[2022-10-22T00:07:15.566+0000] {processor.py:770} WARNING - No viable dags retrieved from /opt/airflow/dags/hadoop-2.7.3/share/hadoop/httpfs/tomcat/webapps/webhdfs/WEB-INF/lib/protobuf-java-2.5.0.jar
[2022-10-22T00:07:15.596+0000] {processor.py:178} INFO - Processing /opt/airflow/dags/hadoop-2.7.3/share/hadoop/httpfs/tomcat/webapps/webhdfs/WEB-INF/lib/protobuf-java-2.5.0.jar took 0.056 seconds
[2022-10-22T00:08:25.036+0000] {processor.py:156} INFO - Started process (PID=20439) to work on /opt/airflow/dags/hadoop-2.7.3/share/hadoop/httpfs/tomcat/webapps/webhdfs/WEB-INF/lib/protobuf-java-2.5.0.jar
[2022-10-22T00:08:25.039+0000] {processor.py:758} INFO - Processing file /opt/airflow/dags/hadoop-2.7.3/share/hadoop/httpfs/tomcat/webapps/webhdfs/WEB-INF/lib/protobuf-java-2.5.0.jar for tasks to queue
[2022-10-22T00:08:25.055+0000] {logging_mixin.py:117} INFO - [2022-10-22T00:08:25.054+0000] {dagbag.py:525} INFO - Filling up the DagBag from /opt/airflow/dags/hadoop-2.7.3/share/hadoop/httpfs/tomcat/webapps/webhdfs/WEB-INF/lib/protobuf-java-2.5.0.jar
[2022-10-22T00:08:25.090+0000] {processor.py:770} WARNING - No viable dags retrieved from /opt/airflow/dags/hadoop-2.7.3/share/hadoop/httpfs/tomcat/webapps/webhdfs/WEB-INF/lib/protobuf-java-2.5.0.jar
[2022-10-22T00:08:25.127+0000] {processor.py:178} INFO - Processing /opt/airflow/dags/hadoop-2.7.3/share/hadoop/httpfs/tomcat/webapps/webhdfs/WEB-INF/lib/protobuf-java-2.5.0.jar took 0.098 seconds
[2022-10-22T00:08:39.825+0000] {processor.py:156} INFO - Started process (PID=23059) to work on /opt/airflow/dags/hadoop-2.7.3/share/hadoop/httpfs/tomcat/webapps/webhdfs/WEB-INF/lib/protobuf-java-2.5.0.jar
[2022-10-22T00:08:39.829+0000] {processor.py:758} INFO - Processing file /opt/airflow/dags/hadoop-2.7.3/share/hadoop/httpfs/tomcat/webapps/webhdfs/WEB-INF/lib/protobuf-java-2.5.0.jar for tasks to queue
[2022-10-22T00:08:39.832+0000] {logging_mixin.py:117} INFO - [2022-10-22T00:08:39.831+0000] {dagbag.py:525} INFO - Filling up the DagBag from /opt/airflow/dags/hadoop-2.7.3/share/hadoop/httpfs/tomcat/webapps/webhdfs/WEB-INF/lib/protobuf-java-2.5.0.jar
[2022-10-22T00:08:39.861+0000] {processor.py:770} WARNING - No viable dags retrieved from /opt/airflow/dags/hadoop-2.7.3/share/hadoop/httpfs/tomcat/webapps/webhdfs/WEB-INF/lib/protobuf-java-2.5.0.jar
[2022-10-22T00:08:39.987+0000] {processor.py:178} INFO - Processing /opt/airflow/dags/hadoop-2.7.3/share/hadoop/httpfs/tomcat/webapps/webhdfs/WEB-INF/lib/protobuf-java-2.5.0.jar took 0.174 seconds
[2022-10-22T00:09:34.558+0000] {processor.py:156} INFO - Started process (PID=21075) to work on /opt/airflow/dags/hadoop-2.7.3/share/hadoop/httpfs/tomcat/webapps/webhdfs/WEB-INF/lib/protobuf-java-2.5.0.jar
[2022-10-22T00:09:34.564+0000] {processor.py:758} INFO - Processing file /opt/airflow/dags/hadoop-2.7.3/share/hadoop/httpfs/tomcat/webapps/webhdfs/WEB-INF/lib/protobuf-java-2.5.0.jar for tasks to queue
[2022-10-22T00:09:34.574+0000] {logging_mixin.py:117} INFO - [2022-10-22T00:09:34.573+0000] {dagbag.py:525} INFO - Filling up the DagBag from /opt/airflow/dags/hadoop-2.7.3/share/hadoop/httpfs/tomcat/webapps/webhdfs/WEB-INF/lib/protobuf-java-2.5.0.jar
[2022-10-22T00:09:34.609+0000] {processor.py:770} WARNING - No viable dags retrieved from /opt/airflow/dags/hadoop-2.7.3/share/hadoop/httpfs/tomcat/webapps/webhdfs/WEB-INF/lib/protobuf-java-2.5.0.jar
[2022-10-22T00:09:34.677+0000] {processor.py:178} INFO - Processing /opt/airflow/dags/hadoop-2.7.3/share/hadoop/httpfs/tomcat/webapps/webhdfs/WEB-INF/lib/protobuf-java-2.5.0.jar took 0.126 seconds
[2022-10-22T00:09:38.915+0000] {processor.py:156} INFO - Started process (PID=23602) to work on /opt/airflow/dags/hadoop-2.7.3/share/hadoop/httpfs/tomcat/webapps/webhdfs/WEB-INF/lib/protobuf-java-2.5.0.jar
[2022-10-22T00:09:38.918+0000] {processor.py:758} INFO - Processing file /opt/airflow/dags/hadoop-2.7.3/share/hadoop/httpfs/tomcat/webapps/webhdfs/WEB-INF/lib/protobuf-java-2.5.0.jar for tasks to queue
[2022-10-22T00:09:38.920+0000] {logging_mixin.py:117} INFO - [2022-10-22T00:09:38.919+0000] {dagbag.py:525} INFO - Filling up the DagBag from /opt/airflow/dags/hadoop-2.7.3/share/hadoop/httpfs/tomcat/webapps/webhdfs/WEB-INF/lib/protobuf-java-2.5.0.jar
[2022-10-22T00:09:38.934+0000] {processor.py:770} WARNING - No viable dags retrieved from /opt/airflow/dags/hadoop-2.7.3/share/hadoop/httpfs/tomcat/webapps/webhdfs/WEB-INF/lib/protobuf-java-2.5.0.jar
[2022-10-22T00:09:38.974+0000] {processor.py:178} INFO - Processing /opt/airflow/dags/hadoop-2.7.3/share/hadoop/httpfs/tomcat/webapps/webhdfs/WEB-INF/lib/protobuf-java-2.5.0.jar took 0.068 seconds
[2022-10-22T00:11:28.469+0000] {processor.py:156} INFO - Started process (PID=24049) to work on /opt/airflow/dags/hadoop-2.7.3/share/hadoop/httpfs/tomcat/webapps/webhdfs/WEB-INF/lib/protobuf-java-2.5.0.jar
[2022-10-22T00:11:28.471+0000] {processor.py:758} INFO - Processing file /opt/airflow/dags/hadoop-2.7.3/share/hadoop/httpfs/tomcat/webapps/webhdfs/WEB-INF/lib/protobuf-java-2.5.0.jar for tasks to queue
[2022-10-22T00:11:28.473+0000] {logging_mixin.py:117} INFO - [2022-10-22T00:11:28.472+0000] {dagbag.py:525} INFO - Filling up the DagBag from /opt/airflow/dags/hadoop-2.7.3/share/hadoop/httpfs/tomcat/webapps/webhdfs/WEB-INF/lib/protobuf-java-2.5.0.jar
[2022-10-22T00:11:28.481+0000] {processor.py:770} WARNING - No viable dags retrieved from /opt/airflow/dags/hadoop-2.7.3/share/hadoop/httpfs/tomcat/webapps/webhdfs/WEB-INF/lib/protobuf-java-2.5.0.jar
[2022-10-22T00:11:28.504+0000] {processor.py:178} INFO - Processing /opt/airflow/dags/hadoop-2.7.3/share/hadoop/httpfs/tomcat/webapps/webhdfs/WEB-INF/lib/protobuf-java-2.5.0.jar took 0.040 seconds
[2022-10-22T00:11:30.290+0000] {processor.py:156} INFO - Started process (PID=21592) to work on /opt/airflow/dags/hadoop-2.7.3/share/hadoop/httpfs/tomcat/webapps/webhdfs/WEB-INF/lib/protobuf-java-2.5.0.jar
[2022-10-22T00:11:30.292+0000] {processor.py:758} INFO - Processing file /opt/airflow/dags/hadoop-2.7.3/share/hadoop/httpfs/tomcat/webapps/webhdfs/WEB-INF/lib/protobuf-java-2.5.0.jar for tasks to queue
[2022-10-22T00:11:30.293+0000] {logging_mixin.py:117} INFO - [2022-10-22T00:11:30.293+0000] {dagbag.py:525} INFO - Filling up the DagBag from /opt/airflow/dags/hadoop-2.7.3/share/hadoop/httpfs/tomcat/webapps/webhdfs/WEB-INF/lib/protobuf-java-2.5.0.jar
[2022-10-22T00:11:30.302+0000] {processor.py:770} WARNING - No viable dags retrieved from /opt/airflow/dags/hadoop-2.7.3/share/hadoop/httpfs/tomcat/webapps/webhdfs/WEB-INF/lib/protobuf-java-2.5.0.jar
[2022-10-22T00:11:30.334+0000] {processor.py:178} INFO - Processing /opt/airflow/dags/hadoop-2.7.3/share/hadoop/httpfs/tomcat/webapps/webhdfs/WEB-INF/lib/protobuf-java-2.5.0.jar took 0.048 seconds
[2022-10-22T00:12:06.464+0000] {processor.py:156} INFO - Started process (PID=24566) to work on /opt/airflow/dags/hadoop-2.7.3/share/hadoop/httpfs/tomcat/webapps/webhdfs/WEB-INF/lib/protobuf-java-2.5.0.jar
[2022-10-22T00:12:06.468+0000] {processor.py:758} INFO - Processing file /opt/airflow/dags/hadoop-2.7.3/share/hadoop/httpfs/tomcat/webapps/webhdfs/WEB-INF/lib/protobuf-java-2.5.0.jar for tasks to queue
[2022-10-22T00:12:06.471+0000] {logging_mixin.py:117} INFO - [2022-10-22T00:12:06.471+0000] {dagbag.py:525} INFO - Filling up the DagBag from /opt/airflow/dags/hadoop-2.7.3/share/hadoop/httpfs/tomcat/webapps/webhdfs/WEB-INF/lib/protobuf-java-2.5.0.jar
[2022-10-22T00:12:06.484+0000] {processor.py:770} WARNING - No viable dags retrieved from /opt/airflow/dags/hadoop-2.7.3/share/hadoop/httpfs/tomcat/webapps/webhdfs/WEB-INF/lib/protobuf-java-2.5.0.jar
[2022-10-22T00:12:06.514+0000] {processor.py:178} INFO - Processing /opt/airflow/dags/hadoop-2.7.3/share/hadoop/httpfs/tomcat/webapps/webhdfs/WEB-INF/lib/protobuf-java-2.5.0.jar took 0.057 seconds
[2022-10-22T00:12:09.417+0000] {processor.py:156} INFO - Started process (PID=22109) to work on /opt/airflow/dags/hadoop-2.7.3/share/hadoop/httpfs/tomcat/webapps/webhdfs/WEB-INF/lib/protobuf-java-2.5.0.jar
[2022-10-22T00:12:09.420+0000] {processor.py:758} INFO - Processing file /opt/airflow/dags/hadoop-2.7.3/share/hadoop/httpfs/tomcat/webapps/webhdfs/WEB-INF/lib/protobuf-java-2.5.0.jar for tasks to queue
[2022-10-22T00:12:09.423+0000] {logging_mixin.py:117} INFO - [2022-10-22T00:12:09.423+0000] {dagbag.py:525} INFO - Filling up the DagBag from /opt/airflow/dags/hadoop-2.7.3/share/hadoop/httpfs/tomcat/webapps/webhdfs/WEB-INF/lib/protobuf-java-2.5.0.jar
[2022-10-22T00:12:09.437+0000] {processor.py:770} WARNING - No viable dags retrieved from /opt/airflow/dags/hadoop-2.7.3/share/hadoop/httpfs/tomcat/webapps/webhdfs/WEB-INF/lib/protobuf-java-2.5.0.jar
[2022-10-22T00:12:09.469+0000] {processor.py:178} INFO - Processing /opt/airflow/dags/hadoop-2.7.3/share/hadoop/httpfs/tomcat/webapps/webhdfs/WEB-INF/lib/protobuf-java-2.5.0.jar took 0.083 seconds
[2022-10-22T00:15:15.836+0000] {processor.py:156} INFO - Started process (PID=22578) to work on /opt/airflow/dags/hadoop-2.7.3/share/hadoop/httpfs/tomcat/webapps/webhdfs/WEB-INF/lib/protobuf-java-2.5.0.jar
[2022-10-22T00:15:15.841+0000] {processor.py:758} INFO - Processing file /opt/airflow/dags/hadoop-2.7.3/share/hadoop/httpfs/tomcat/webapps/webhdfs/WEB-INF/lib/protobuf-java-2.5.0.jar for tasks to queue
[2022-10-22T00:15:15.862+0000] {logging_mixin.py:117} INFO - [2022-10-22T00:15:15.861+0000] {dagbag.py:525} INFO - Filling up the DagBag from /opt/airflow/dags/hadoop-2.7.3/share/hadoop/httpfs/tomcat/webapps/webhdfs/WEB-INF/lib/protobuf-java-2.5.0.jar
[2022-10-22T00:15:15.875+0000] {processor.py:770} WARNING - No viable dags retrieved from /opt/airflow/dags/hadoop-2.7.3/share/hadoop/httpfs/tomcat/webapps/webhdfs/WEB-INF/lib/protobuf-java-2.5.0.jar
[2022-10-22T00:15:15.915+0000] {processor.py:178} INFO - Processing /opt/airflow/dags/hadoop-2.7.3/share/hadoop/httpfs/tomcat/webapps/webhdfs/WEB-INF/lib/protobuf-java-2.5.0.jar took 0.091 seconds
[2022-10-22T00:15:29.593+0000] {processor.py:156} INFO - Started process (PID=25137) to work on /opt/airflow/dags/hadoop-2.7.3/share/hadoop/httpfs/tomcat/webapps/webhdfs/WEB-INF/lib/protobuf-java-2.5.0.jar
[2022-10-22T00:15:29.595+0000] {processor.py:758} INFO - Processing file /opt/airflow/dags/hadoop-2.7.3/share/hadoop/httpfs/tomcat/webapps/webhdfs/WEB-INF/lib/protobuf-java-2.5.0.jar for tasks to queue
[2022-10-22T00:15:29.598+0000] {logging_mixin.py:117} INFO - [2022-10-22T00:15:29.597+0000] {dagbag.py:525} INFO - Filling up the DagBag from /opt/airflow/dags/hadoop-2.7.3/share/hadoop/httpfs/tomcat/webapps/webhdfs/WEB-INF/lib/protobuf-java-2.5.0.jar
[2022-10-22T00:15:29.612+0000] {processor.py:770} WARNING - No viable dags retrieved from /opt/airflow/dags/hadoop-2.7.3/share/hadoop/httpfs/tomcat/webapps/webhdfs/WEB-INF/lib/protobuf-java-2.5.0.jar
[2022-10-22T00:15:29.674+0000] {processor.py:178} INFO - Processing /opt/airflow/dags/hadoop-2.7.3/share/hadoop/httpfs/tomcat/webapps/webhdfs/WEB-INF/lib/protobuf-java-2.5.0.jar took 0.088 seconds
[2022-10-22T00:16:05.314+0000] {processor.py:156} INFO - Started process (PID=23094) to work on /opt/airflow/dags/hadoop-2.7.3/share/hadoop/httpfs/tomcat/webapps/webhdfs/WEB-INF/lib/protobuf-java-2.5.0.jar
[2022-10-22T00:16:05.317+0000] {processor.py:758} INFO - Processing file /opt/airflow/dags/hadoop-2.7.3/share/hadoop/httpfs/tomcat/webapps/webhdfs/WEB-INF/lib/protobuf-java-2.5.0.jar for tasks to queue
[2022-10-22T00:16:05.320+0000] {logging_mixin.py:117} INFO - [2022-10-22T00:16:05.320+0000] {dagbag.py:525} INFO - Filling up the DagBag from /opt/airflow/dags/hadoop-2.7.3/share/hadoop/httpfs/tomcat/webapps/webhdfs/WEB-INF/lib/protobuf-java-2.5.0.jar
[2022-10-22T00:16:05.334+0000] {processor.py:770} WARNING - No viable dags retrieved from /opt/airflow/dags/hadoop-2.7.3/share/hadoop/httpfs/tomcat/webapps/webhdfs/WEB-INF/lib/protobuf-java-2.5.0.jar
[2022-10-22T00:16:05.365+0000] {processor.py:178} INFO - Processing /opt/airflow/dags/hadoop-2.7.3/share/hadoop/httpfs/tomcat/webapps/webhdfs/WEB-INF/lib/protobuf-java-2.5.0.jar took 0.061 seconds
[2022-10-22T00:16:15.761+0000] {processor.py:156} INFO - Started process (PID=25660) to work on /opt/airflow/dags/hadoop-2.7.3/share/hadoop/httpfs/tomcat/webapps/webhdfs/WEB-INF/lib/protobuf-java-2.5.0.jar
[2022-10-22T00:16:15.764+0000] {processor.py:758} INFO - Processing file /opt/airflow/dags/hadoop-2.7.3/share/hadoop/httpfs/tomcat/webapps/webhdfs/WEB-INF/lib/protobuf-java-2.5.0.jar for tasks to queue
[2022-10-22T00:16:15.768+0000] {logging_mixin.py:117} INFO - [2022-10-22T00:16:15.768+0000] {dagbag.py:525} INFO - Filling up the DagBag from /opt/airflow/dags/hadoop-2.7.3/share/hadoop/httpfs/tomcat/webapps/webhdfs/WEB-INF/lib/protobuf-java-2.5.0.jar
[2022-10-22T00:16:15.781+0000] {processor.py:770} WARNING - No viable dags retrieved from /opt/airflow/dags/hadoop-2.7.3/share/hadoop/httpfs/tomcat/webapps/webhdfs/WEB-INF/lib/protobuf-java-2.5.0.jar
[2022-10-22T00:16:15.813+0000] {processor.py:178} INFO - Processing /opt/airflow/dags/hadoop-2.7.3/share/hadoop/httpfs/tomcat/webapps/webhdfs/WEB-INF/lib/protobuf-java-2.5.0.jar took 0.058 seconds
[2022-10-22T00:16:52.849+0000] {processor.py:156} INFO - Started process (PID=23620) to work on /opt/airflow/dags/hadoop-2.7.3/share/hadoop/httpfs/tomcat/webapps/webhdfs/WEB-INF/lib/protobuf-java-2.5.0.jar
[2022-10-22T00:16:52.851+0000] {processor.py:758} INFO - Processing file /opt/airflow/dags/hadoop-2.7.3/share/hadoop/httpfs/tomcat/webapps/webhdfs/WEB-INF/lib/protobuf-java-2.5.0.jar for tasks to queue
[2022-10-22T00:16:52.853+0000] {logging_mixin.py:117} INFO - [2022-10-22T00:16:52.853+0000] {dagbag.py:525} INFO - Filling up the DagBag from /opt/airflow/dags/hadoop-2.7.3/share/hadoop/httpfs/tomcat/webapps/webhdfs/WEB-INF/lib/protobuf-java-2.5.0.jar
[2022-10-22T00:16:52.866+0000] {processor.py:770} WARNING - No viable dags retrieved from /opt/airflow/dags/hadoop-2.7.3/share/hadoop/httpfs/tomcat/webapps/webhdfs/WEB-INF/lib/protobuf-java-2.5.0.jar
[2022-10-22T00:16:52.899+0000] {processor.py:178} INFO - Processing /opt/airflow/dags/hadoop-2.7.3/share/hadoop/httpfs/tomcat/webapps/webhdfs/WEB-INF/lib/protobuf-java-2.5.0.jar took 0.058 seconds
[2022-10-22T00:17:03.246+0000] {processor.py:156} INFO - Started process (PID=26175) to work on /opt/airflow/dags/hadoop-2.7.3/share/hadoop/httpfs/tomcat/webapps/webhdfs/WEB-INF/lib/protobuf-java-2.5.0.jar
[2022-10-22T00:17:03.249+0000] {processor.py:758} INFO - Processing file /opt/airflow/dags/hadoop-2.7.3/share/hadoop/httpfs/tomcat/webapps/webhdfs/WEB-INF/lib/protobuf-java-2.5.0.jar for tasks to queue
[2022-10-22T00:17:03.253+0000] {logging_mixin.py:117} INFO - [2022-10-22T00:17:03.252+0000] {dagbag.py:525} INFO - Filling up the DagBag from /opt/airflow/dags/hadoop-2.7.3/share/hadoop/httpfs/tomcat/webapps/webhdfs/WEB-INF/lib/protobuf-java-2.5.0.jar
[2022-10-22T00:17:03.269+0000] {processor.py:770} WARNING - No viable dags retrieved from /opt/airflow/dags/hadoop-2.7.3/share/hadoop/httpfs/tomcat/webapps/webhdfs/WEB-INF/lib/protobuf-java-2.5.0.jar
[2022-10-22T00:17:03.317+0000] {processor.py:178} INFO - Processing /opt/airflow/dags/hadoop-2.7.3/share/hadoop/httpfs/tomcat/webapps/webhdfs/WEB-INF/lib/protobuf-java-2.5.0.jar took 0.088 seconds
[2022-10-22T00:17:45.501+0000] {processor.py:156} INFO - Started process (PID=24151) to work on /opt/airflow/dags/hadoop-2.7.3/share/hadoop/httpfs/tomcat/webapps/webhdfs/WEB-INF/lib/protobuf-java-2.5.0.jar
[2022-10-22T00:17:45.504+0000] {processor.py:758} INFO - Processing file /opt/airflow/dags/hadoop-2.7.3/share/hadoop/httpfs/tomcat/webapps/webhdfs/WEB-INF/lib/protobuf-java-2.5.0.jar for tasks to queue
[2022-10-22T00:17:45.507+0000] {logging_mixin.py:117} INFO - [2022-10-22T00:17:45.507+0000] {dagbag.py:525} INFO - Filling up the DagBag from /opt/airflow/dags/hadoop-2.7.3/share/hadoop/httpfs/tomcat/webapps/webhdfs/WEB-INF/lib/protobuf-java-2.5.0.jar
[2022-10-22T00:17:45.539+0000] {processor.py:770} WARNING - No viable dags retrieved from /opt/airflow/dags/hadoop-2.7.3/share/hadoop/httpfs/tomcat/webapps/webhdfs/WEB-INF/lib/protobuf-java-2.5.0.jar
[2022-10-22T00:17:45.583+0000] {processor.py:178} INFO - Processing /opt/airflow/dags/hadoop-2.7.3/share/hadoop/httpfs/tomcat/webapps/webhdfs/WEB-INF/lib/protobuf-java-2.5.0.jar took 0.093 seconds
[2022-10-22T00:17:54.032+0000] {processor.py:156} INFO - Started process (PID=26707) to work on /opt/airflow/dags/hadoop-2.7.3/share/hadoop/httpfs/tomcat/webapps/webhdfs/WEB-INF/lib/protobuf-java-2.5.0.jar
[2022-10-22T00:17:54.038+0000] {processor.py:758} INFO - Processing file /opt/airflow/dags/hadoop-2.7.3/share/hadoop/httpfs/tomcat/webapps/webhdfs/WEB-INF/lib/protobuf-java-2.5.0.jar for tasks to queue
[2022-10-22T00:17:54.043+0000] {logging_mixin.py:117} INFO - [2022-10-22T00:17:54.043+0000] {dagbag.py:525} INFO - Filling up the DagBag from /opt/airflow/dags/hadoop-2.7.3/share/hadoop/httpfs/tomcat/webapps/webhdfs/WEB-INF/lib/protobuf-java-2.5.0.jar
[2022-10-22T00:17:54.055+0000] {processor.py:770} WARNING - No viable dags retrieved from /opt/airflow/dags/hadoop-2.7.3/share/hadoop/httpfs/tomcat/webapps/webhdfs/WEB-INF/lib/protobuf-java-2.5.0.jar
[2022-10-22T00:17:54.091+0000] {processor.py:178} INFO - Processing /opt/airflow/dags/hadoop-2.7.3/share/hadoop/httpfs/tomcat/webapps/webhdfs/WEB-INF/lib/protobuf-java-2.5.0.jar took 0.072 seconds
[2022-10-22T00:18:44.185+0000] {processor.py:156} INFO - Started process (PID=24760) to work on /opt/airflow/dags/hadoop-2.7.3/share/hadoop/httpfs/tomcat/webapps/webhdfs/WEB-INF/lib/protobuf-java-2.5.0.jar
[2022-10-22T00:18:44.193+0000] {processor.py:758} INFO - Processing file /opt/airflow/dags/hadoop-2.7.3/share/hadoop/httpfs/tomcat/webapps/webhdfs/WEB-INF/lib/protobuf-java-2.5.0.jar for tasks to queue
[2022-10-22T00:18:44.196+0000] {logging_mixin.py:117} INFO - [2022-10-22T00:18:44.195+0000] {dagbag.py:525} INFO - Filling up the DagBag from /opt/airflow/dags/hadoop-2.7.3/share/hadoop/httpfs/tomcat/webapps/webhdfs/WEB-INF/lib/protobuf-java-2.5.0.jar
[2022-10-22T00:18:44.229+0000] {processor.py:770} WARNING - No viable dags retrieved from /opt/airflow/dags/hadoop-2.7.3/share/hadoop/httpfs/tomcat/webapps/webhdfs/WEB-INF/lib/protobuf-java-2.5.0.jar
[2022-10-22T00:18:44.305+0000] {processor.py:178} INFO - Processing /opt/airflow/dags/hadoop-2.7.3/share/hadoop/httpfs/tomcat/webapps/webhdfs/WEB-INF/lib/protobuf-java-2.5.0.jar took 0.133 seconds
[2022-10-22T00:18:46.847+0000] {processor.py:156} INFO - Started process (PID=27275) to work on /opt/airflow/dags/hadoop-2.7.3/share/hadoop/httpfs/tomcat/webapps/webhdfs/WEB-INF/lib/protobuf-java-2.5.0.jar
[2022-10-22T00:18:46.850+0000] {processor.py:758} INFO - Processing file /opt/airflow/dags/hadoop-2.7.3/share/hadoop/httpfs/tomcat/webapps/webhdfs/WEB-INF/lib/protobuf-java-2.5.0.jar for tasks to queue
[2022-10-22T00:18:46.852+0000] {logging_mixin.py:117} INFO - [2022-10-22T00:18:46.851+0000] {dagbag.py:525} INFO - Filling up the DagBag from /opt/airflow/dags/hadoop-2.7.3/share/hadoop/httpfs/tomcat/webapps/webhdfs/WEB-INF/lib/protobuf-java-2.5.0.jar
[2022-10-22T00:18:46.874+0000] {processor.py:770} WARNING - No viable dags retrieved from /opt/airflow/dags/hadoop-2.7.3/share/hadoop/httpfs/tomcat/webapps/webhdfs/WEB-INF/lib/protobuf-java-2.5.0.jar
[2022-10-22T00:18:46.911+0000] {processor.py:178} INFO - Processing /opt/airflow/dags/hadoop-2.7.3/share/hadoop/httpfs/tomcat/webapps/webhdfs/WEB-INF/lib/protobuf-java-2.5.0.jar took 0.073 seconds
[2022-10-22T00:20:20.220+0000] {processor.py:156} INFO - Started process (PID=27898) to work on /opt/airflow/dags/hadoop-2.7.3/share/hadoop/httpfs/tomcat/webapps/webhdfs/WEB-INF/lib/protobuf-java-2.5.0.jar
[2022-10-22T00:20:20.226+0000] {processor.py:758} INFO - Processing file /opt/airflow/dags/hadoop-2.7.3/share/hadoop/httpfs/tomcat/webapps/webhdfs/WEB-INF/lib/protobuf-java-2.5.0.jar for tasks to queue
[2022-10-22T00:20:20.229+0000] {logging_mixin.py:117} INFO - [2022-10-22T00:20:20.228+0000] {dagbag.py:525} INFO - Filling up the DagBag from /opt/airflow/dags/hadoop-2.7.3/share/hadoop/httpfs/tomcat/webapps/webhdfs/WEB-INF/lib/protobuf-java-2.5.0.jar
[2022-10-22T00:20:20.256+0000] {processor.py:770} WARNING - No viable dags retrieved from /opt/airflow/dags/hadoop-2.7.3/share/hadoop/httpfs/tomcat/webapps/webhdfs/WEB-INF/lib/protobuf-java-2.5.0.jar
[2022-10-22T00:20:20.323+0000] {processor.py:178} INFO - Processing /opt/airflow/dags/hadoop-2.7.3/share/hadoop/httpfs/tomcat/webapps/webhdfs/WEB-INF/lib/protobuf-java-2.5.0.jar took 0.129 seconds
[2022-10-22T00:20:32.027+0000] {processor.py:156} INFO - Started process (PID=25488) to work on /opt/airflow/dags/hadoop-2.7.3/share/hadoop/httpfs/tomcat/webapps/webhdfs/WEB-INF/lib/protobuf-java-2.5.0.jar
[2022-10-22T00:20:32.035+0000] {processor.py:758} INFO - Processing file /opt/airflow/dags/hadoop-2.7.3/share/hadoop/httpfs/tomcat/webapps/webhdfs/WEB-INF/lib/protobuf-java-2.5.0.jar for tasks to queue
[2022-10-22T00:20:32.046+0000] {logging_mixin.py:117} INFO - [2022-10-22T00:20:32.045+0000] {dagbag.py:525} INFO - Filling up the DagBag from /opt/airflow/dags/hadoop-2.7.3/share/hadoop/httpfs/tomcat/webapps/webhdfs/WEB-INF/lib/protobuf-java-2.5.0.jar
[2022-10-22T00:20:32.062+0000] {processor.py:770} WARNING - No viable dags retrieved from /opt/airflow/dags/hadoop-2.7.3/share/hadoop/httpfs/tomcat/webapps/webhdfs/WEB-INF/lib/protobuf-java-2.5.0.jar
[2022-10-22T00:20:32.116+0000] {processor.py:178} INFO - Processing /opt/airflow/dags/hadoop-2.7.3/share/hadoop/httpfs/tomcat/webapps/webhdfs/WEB-INF/lib/protobuf-java-2.5.0.jar took 0.101 seconds
[2022-10-22T00:21:17.957+0000] {processor.py:156} INFO - Started process (PID=28459) to work on /opt/airflow/dags/hadoop-2.7.3/share/hadoop/httpfs/tomcat/webapps/webhdfs/WEB-INF/lib/protobuf-java-2.5.0.jar
[2022-10-22T00:21:17.959+0000] {processor.py:758} INFO - Processing file /opt/airflow/dags/hadoop-2.7.3/share/hadoop/httpfs/tomcat/webapps/webhdfs/WEB-INF/lib/protobuf-java-2.5.0.jar for tasks to queue
[2022-10-22T00:21:17.963+0000] {logging_mixin.py:117} INFO - [2022-10-22T00:21:17.962+0000] {dagbag.py:525} INFO - Filling up the DagBag from /opt/airflow/dags/hadoop-2.7.3/share/hadoop/httpfs/tomcat/webapps/webhdfs/WEB-INF/lib/protobuf-java-2.5.0.jar
[2022-10-22T00:21:17.974+0000] {processor.py:770} WARNING - No viable dags retrieved from /opt/airflow/dags/hadoop-2.7.3/share/hadoop/httpfs/tomcat/webapps/webhdfs/WEB-INF/lib/protobuf-java-2.5.0.jar
[2022-10-22T00:21:18.020+0000] {processor.py:178} INFO - Processing /opt/airflow/dags/hadoop-2.7.3/share/hadoop/httpfs/tomcat/webapps/webhdfs/WEB-INF/lib/protobuf-java-2.5.0.jar took 0.077 seconds
[2022-10-22T00:21:25.827+0000] {processor.py:156} INFO - Started process (PID=26004) to work on /opt/airflow/dags/hadoop-2.7.3/share/hadoop/httpfs/tomcat/webapps/webhdfs/WEB-INF/lib/protobuf-java-2.5.0.jar
[2022-10-22T00:21:25.837+0000] {processor.py:758} INFO - Processing file /opt/airflow/dags/hadoop-2.7.3/share/hadoop/httpfs/tomcat/webapps/webhdfs/WEB-INF/lib/protobuf-java-2.5.0.jar for tasks to queue
[2022-10-22T00:21:25.840+0000] {logging_mixin.py:117} INFO - [2022-10-22T00:21:25.839+0000] {dagbag.py:525} INFO - Filling up the DagBag from /opt/airflow/dags/hadoop-2.7.3/share/hadoop/httpfs/tomcat/webapps/webhdfs/WEB-INF/lib/protobuf-java-2.5.0.jar
[2022-10-22T00:21:25.864+0000] {processor.py:770} WARNING - No viable dags retrieved from /opt/airflow/dags/hadoop-2.7.3/share/hadoop/httpfs/tomcat/webapps/webhdfs/WEB-INF/lib/protobuf-java-2.5.0.jar
[2022-10-22T00:21:25.967+0000] {processor.py:178} INFO - Processing /opt/airflow/dags/hadoop-2.7.3/share/hadoop/httpfs/tomcat/webapps/webhdfs/WEB-INF/lib/protobuf-java-2.5.0.jar took 0.155 seconds
[2022-10-22T00:22:02.666+0000] {processor.py:156} INFO - Started process (PID=28885) to work on /opt/airflow/dags/hadoop-2.7.3/share/hadoop/httpfs/tomcat/webapps/webhdfs/WEB-INF/lib/protobuf-java-2.5.0.jar
[2022-10-22T00:22:02.669+0000] {processor.py:758} INFO - Processing file /opt/airflow/dags/hadoop-2.7.3/share/hadoop/httpfs/tomcat/webapps/webhdfs/WEB-INF/lib/protobuf-java-2.5.0.jar for tasks to queue
[2022-10-22T00:22:02.672+0000] {logging_mixin.py:117} INFO - [2022-10-22T00:22:02.672+0000] {dagbag.py:525} INFO - Filling up the DagBag from /opt/airflow/dags/hadoop-2.7.3/share/hadoop/httpfs/tomcat/webapps/webhdfs/WEB-INF/lib/protobuf-java-2.5.0.jar
[2022-10-22T00:22:02.687+0000] {processor.py:770} WARNING - No viable dags retrieved from /opt/airflow/dags/hadoop-2.7.3/share/hadoop/httpfs/tomcat/webapps/webhdfs/WEB-INF/lib/protobuf-java-2.5.0.jar
[2022-10-22T00:22:02.730+0000] {processor.py:178} INFO - Processing /opt/airflow/dags/hadoop-2.7.3/share/hadoop/httpfs/tomcat/webapps/webhdfs/WEB-INF/lib/protobuf-java-2.5.0.jar took 0.084 seconds
[2022-10-22T00:22:14.880+0000] {processor.py:156} INFO - Started process (PID=26466) to work on /opt/airflow/dags/hadoop-2.7.3/share/hadoop/httpfs/tomcat/webapps/webhdfs/WEB-INF/lib/protobuf-java-2.5.0.jar
[2022-10-22T00:22:14.883+0000] {processor.py:758} INFO - Processing file /opt/airflow/dags/hadoop-2.7.3/share/hadoop/httpfs/tomcat/webapps/webhdfs/WEB-INF/lib/protobuf-java-2.5.0.jar for tasks to queue
[2022-10-22T00:22:14.885+0000] {logging_mixin.py:117} INFO - [2022-10-22T00:22:14.885+0000] {dagbag.py:525} INFO - Filling up the DagBag from /opt/airflow/dags/hadoop-2.7.3/share/hadoop/httpfs/tomcat/webapps/webhdfs/WEB-INF/lib/protobuf-java-2.5.0.jar
[2022-10-22T00:22:14.907+0000] {processor.py:770} WARNING - No viable dags retrieved from /opt/airflow/dags/hadoop-2.7.3/share/hadoop/httpfs/tomcat/webapps/webhdfs/WEB-INF/lib/protobuf-java-2.5.0.jar
[2022-10-22T00:22:14.970+0000] {processor.py:178} INFO - Processing /opt/airflow/dags/hadoop-2.7.3/share/hadoop/httpfs/tomcat/webapps/webhdfs/WEB-INF/lib/protobuf-java-2.5.0.jar took 0.096 seconds
[2022-10-22T00:22:53.210+0000] {processor.py:156} INFO - Started process (PID=29359) to work on /opt/airflow/dags/hadoop-2.7.3/share/hadoop/httpfs/tomcat/webapps/webhdfs/WEB-INF/lib/protobuf-java-2.5.0.jar
[2022-10-22T00:22:53.212+0000] {processor.py:758} INFO - Processing file /opt/airflow/dags/hadoop-2.7.3/share/hadoop/httpfs/tomcat/webapps/webhdfs/WEB-INF/lib/protobuf-java-2.5.0.jar for tasks to queue
[2022-10-22T00:22:53.214+0000] {logging_mixin.py:117} INFO - [2022-10-22T00:22:53.214+0000] {dagbag.py:525} INFO - Filling up the DagBag from /opt/airflow/dags/hadoop-2.7.3/share/hadoop/httpfs/tomcat/webapps/webhdfs/WEB-INF/lib/protobuf-java-2.5.0.jar
[2022-10-22T00:22:53.230+0000] {processor.py:770} WARNING - No viable dags retrieved from /opt/airflow/dags/hadoop-2.7.3/share/hadoop/httpfs/tomcat/webapps/webhdfs/WEB-INF/lib/protobuf-java-2.5.0.jar
[2022-10-22T00:22:53.285+0000] {processor.py:178} INFO - Processing /opt/airflow/dags/hadoop-2.7.3/share/hadoop/httpfs/tomcat/webapps/webhdfs/WEB-INF/lib/protobuf-java-2.5.0.jar took 0.087 seconds
[2022-10-22T00:23:09.332+0000] {processor.py:156} INFO - Started process (PID=26953) to work on /opt/airflow/dags/hadoop-2.7.3/share/hadoop/httpfs/tomcat/webapps/webhdfs/WEB-INF/lib/protobuf-java-2.5.0.jar
[2022-10-22T00:23:09.335+0000] {processor.py:758} INFO - Processing file /opt/airflow/dags/hadoop-2.7.3/share/hadoop/httpfs/tomcat/webapps/webhdfs/WEB-INF/lib/protobuf-java-2.5.0.jar for tasks to queue
[2022-10-22T00:23:09.338+0000] {logging_mixin.py:117} INFO - [2022-10-22T00:23:09.337+0000] {dagbag.py:525} INFO - Filling up the DagBag from /opt/airflow/dags/hadoop-2.7.3/share/hadoop/httpfs/tomcat/webapps/webhdfs/WEB-INF/lib/protobuf-java-2.5.0.jar
[2022-10-22T00:23:09.356+0000] {processor.py:770} WARNING - No viable dags retrieved from /opt/airflow/dags/hadoop-2.7.3/share/hadoop/httpfs/tomcat/webapps/webhdfs/WEB-INF/lib/protobuf-java-2.5.0.jar
[2022-10-22T00:23:09.396+0000] {processor.py:178} INFO - Processing /opt/airflow/dags/hadoop-2.7.3/share/hadoop/httpfs/tomcat/webapps/webhdfs/WEB-INF/lib/protobuf-java-2.5.0.jar took 0.079 seconds
[2022-10-22T00:23:36.222+0000] {processor.py:156} INFO - Started process (PID=29856) to work on /opt/airflow/dags/hadoop-2.7.3/share/hadoop/httpfs/tomcat/webapps/webhdfs/WEB-INF/lib/protobuf-java-2.5.0.jar
[2022-10-22T00:23:36.224+0000] {processor.py:758} INFO - Processing file /opt/airflow/dags/hadoop-2.7.3/share/hadoop/httpfs/tomcat/webapps/webhdfs/WEB-INF/lib/protobuf-java-2.5.0.jar for tasks to queue
[2022-10-22T00:23:36.226+0000] {logging_mixin.py:117} INFO - [2022-10-22T00:23:36.226+0000] {dagbag.py:525} INFO - Filling up the DagBag from /opt/airflow/dags/hadoop-2.7.3/share/hadoop/httpfs/tomcat/webapps/webhdfs/WEB-INF/lib/protobuf-java-2.5.0.jar
[2022-10-22T00:23:36.237+0000] {processor.py:770} WARNING - No viable dags retrieved from /opt/airflow/dags/hadoop-2.7.3/share/hadoop/httpfs/tomcat/webapps/webhdfs/WEB-INF/lib/protobuf-java-2.5.0.jar
[2022-10-22T00:23:36.284+0000] {processor.py:178} INFO - Processing /opt/airflow/dags/hadoop-2.7.3/share/hadoop/httpfs/tomcat/webapps/webhdfs/WEB-INF/lib/protobuf-java-2.5.0.jar took 0.070 seconds
[2022-10-22T00:24:01.459+0000] {processor.py:156} INFO - Started process (PID=27513) to work on /opt/airflow/dags/hadoop-2.7.3/share/hadoop/httpfs/tomcat/webapps/webhdfs/WEB-INF/lib/protobuf-java-2.5.0.jar
[2022-10-22T00:24:01.461+0000] {processor.py:758} INFO - Processing file /opt/airflow/dags/hadoop-2.7.3/share/hadoop/httpfs/tomcat/webapps/webhdfs/WEB-INF/lib/protobuf-java-2.5.0.jar for tasks to queue
[2022-10-22T00:24:01.463+0000] {logging_mixin.py:117} INFO - [2022-10-22T00:24:01.463+0000] {dagbag.py:525} INFO - Filling up the DagBag from /opt/airflow/dags/hadoop-2.7.3/share/hadoop/httpfs/tomcat/webapps/webhdfs/WEB-INF/lib/protobuf-java-2.5.0.jar
[2022-10-22T00:24:01.474+0000] {processor.py:770} WARNING - No viable dags retrieved from /opt/airflow/dags/hadoop-2.7.3/share/hadoop/httpfs/tomcat/webapps/webhdfs/WEB-INF/lib/protobuf-java-2.5.0.jar
[2022-10-22T00:24:01.514+0000] {processor.py:178} INFO - Processing /opt/airflow/dags/hadoop-2.7.3/share/hadoop/httpfs/tomcat/webapps/webhdfs/WEB-INF/lib/protobuf-java-2.5.0.jar took 0.059 seconds
