[2022-10-22T00:00:38.790+0000] {processor.py:156} INFO - Started process (PID=19151) to work on /opt/airflow/dags/hadoop-2.7.3/share/hadoop/httpfs/tomcat/webapps/webhdfs/WEB-INF/lib/xz-1.0.jar
[2022-10-22T00:00:38.798+0000] {processor.py:758} INFO - Processing file /opt/airflow/dags/hadoop-2.7.3/share/hadoop/httpfs/tomcat/webapps/webhdfs/WEB-INF/lib/xz-1.0.jar for tasks to queue
[2022-10-22T00:00:38.804+0000] {logging_mixin.py:117} INFO - [2022-10-22T00:00:38.803+0000] {dagbag.py:525} INFO - Filling up the DagBag from /opt/airflow/dags/hadoop-2.7.3/share/hadoop/httpfs/tomcat/webapps/webhdfs/WEB-INF/lib/xz-1.0.jar
[2022-10-22T00:00:38.832+0000] {processor.py:770} WARNING - No viable dags retrieved from /opt/airflow/dags/hadoop-2.7.3/share/hadoop/httpfs/tomcat/webapps/webhdfs/WEB-INF/lib/xz-1.0.jar
[2022-10-22T00:00:38.992+0000] {processor.py:178} INFO - Processing /opt/airflow/dags/hadoop-2.7.3/share/hadoop/httpfs/tomcat/webapps/webhdfs/WEB-INF/lib/xz-1.0.jar took 0.212 seconds
[2022-10-22T00:01:36.603+0000] {processor.py:156} INFO - Started process (PID=17354) to work on /opt/airflow/dags/hadoop-2.7.3/share/hadoop/httpfs/tomcat/webapps/webhdfs/WEB-INF/lib/xz-1.0.jar
[2022-10-22T00:01:36.606+0000] {processor.py:758} INFO - Processing file /opt/airflow/dags/hadoop-2.7.3/share/hadoop/httpfs/tomcat/webapps/webhdfs/WEB-INF/lib/xz-1.0.jar for tasks to queue
[2022-10-22T00:01:36.609+0000] {logging_mixin.py:117} INFO - [2022-10-22T00:01:36.609+0000] {dagbag.py:525} INFO - Filling up the DagBag from /opt/airflow/dags/hadoop-2.7.3/share/hadoop/httpfs/tomcat/webapps/webhdfs/WEB-INF/lib/xz-1.0.jar
[2022-10-22T00:01:36.629+0000] {processor.py:770} WARNING - No viable dags retrieved from /opt/airflow/dags/hadoop-2.7.3/share/hadoop/httpfs/tomcat/webapps/webhdfs/WEB-INF/lib/xz-1.0.jar
[2022-10-22T00:01:36.692+0000] {processor.py:178} INFO - Processing /opt/airflow/dags/hadoop-2.7.3/share/hadoop/httpfs/tomcat/webapps/webhdfs/WEB-INF/lib/xz-1.0.jar took 0.118 seconds
[2022-10-22T00:02:25.830+0000] {processor.py:156} INFO - Started process (PID=20093) to work on /opt/airflow/dags/hadoop-2.7.3/share/hadoop/httpfs/tomcat/webapps/webhdfs/WEB-INF/lib/xz-1.0.jar
[2022-10-22T00:02:25.834+0000] {processor.py:758} INFO - Processing file /opt/airflow/dags/hadoop-2.7.3/share/hadoop/httpfs/tomcat/webapps/webhdfs/WEB-INF/lib/xz-1.0.jar for tasks to queue
[2022-10-22T00:02:25.839+0000] {logging_mixin.py:117} INFO - [2022-10-22T00:02:25.838+0000] {dagbag.py:525} INFO - Filling up the DagBag from /opt/airflow/dags/hadoop-2.7.3/share/hadoop/httpfs/tomcat/webapps/webhdfs/WEB-INF/lib/xz-1.0.jar
[2022-10-22T00:02:25.872+0000] {processor.py:770} WARNING - No viable dags retrieved from /opt/airflow/dags/hadoop-2.7.3/share/hadoop/httpfs/tomcat/webapps/webhdfs/WEB-INF/lib/xz-1.0.jar
[2022-10-22T00:02:25.901+0000] {processor.py:178} INFO - Processing /opt/airflow/dags/hadoop-2.7.3/share/hadoop/httpfs/tomcat/webapps/webhdfs/WEB-INF/lib/xz-1.0.jar took 0.091 seconds
[2022-10-22T00:03:22.320+0000] {processor.py:156} INFO - Started process (PID=17931) to work on /opt/airflow/dags/hadoop-2.7.3/share/hadoop/httpfs/tomcat/webapps/webhdfs/WEB-INF/lib/xz-1.0.jar
[2022-10-22T00:03:22.323+0000] {processor.py:758} INFO - Processing file /opt/airflow/dags/hadoop-2.7.3/share/hadoop/httpfs/tomcat/webapps/webhdfs/WEB-INF/lib/xz-1.0.jar for tasks to queue
[2022-10-22T00:03:22.326+0000] {logging_mixin.py:117} INFO - [2022-10-22T00:03:22.325+0000] {dagbag.py:525} INFO - Filling up the DagBag from /opt/airflow/dags/hadoop-2.7.3/share/hadoop/httpfs/tomcat/webapps/webhdfs/WEB-INF/lib/xz-1.0.jar
[2022-10-22T00:03:22.345+0000] {processor.py:770} WARNING - No viable dags retrieved from /opt/airflow/dags/hadoop-2.7.3/share/hadoop/httpfs/tomcat/webapps/webhdfs/WEB-INF/lib/xz-1.0.jar
[2022-10-22T00:03:22.379+0000] {processor.py:178} INFO - Processing /opt/airflow/dags/hadoop-2.7.3/share/hadoop/httpfs/tomcat/webapps/webhdfs/WEB-INF/lib/xz-1.0.jar took 0.066 seconds
[2022-10-22T00:04:00.896+0000] {processor.py:156} INFO - Started process (PID=20694) to work on /opt/airflow/dags/hadoop-2.7.3/share/hadoop/httpfs/tomcat/webapps/webhdfs/WEB-INF/lib/xz-1.0.jar
[2022-10-22T00:04:00.904+0000] {processor.py:758} INFO - Processing file /opt/airflow/dags/hadoop-2.7.3/share/hadoop/httpfs/tomcat/webapps/webhdfs/WEB-INF/lib/xz-1.0.jar for tasks to queue
[2022-10-22T00:04:00.909+0000] {logging_mixin.py:117} INFO - [2022-10-22T00:04:00.908+0000] {dagbag.py:525} INFO - Filling up the DagBag from /opt/airflow/dags/hadoop-2.7.3/share/hadoop/httpfs/tomcat/webapps/webhdfs/WEB-INF/lib/xz-1.0.jar
[2022-10-22T00:04:00.921+0000] {processor.py:770} WARNING - No viable dags retrieved from /opt/airflow/dags/hadoop-2.7.3/share/hadoop/httpfs/tomcat/webapps/webhdfs/WEB-INF/lib/xz-1.0.jar
[2022-10-22T00:04:00.972+0000] {processor.py:178} INFO - Processing /opt/airflow/dags/hadoop-2.7.3/share/hadoop/httpfs/tomcat/webapps/webhdfs/WEB-INF/lib/xz-1.0.jar took 0.087 seconds
[2022-10-22T00:04:28.703+0000] {processor.py:156} INFO - Started process (PID=18541) to work on /opt/airflow/dags/hadoop-2.7.3/share/hadoop/httpfs/tomcat/webapps/webhdfs/WEB-INF/lib/xz-1.0.jar
[2022-10-22T00:04:28.711+0000] {processor.py:758} INFO - Processing file /opt/airflow/dags/hadoop-2.7.3/share/hadoop/httpfs/tomcat/webapps/webhdfs/WEB-INF/lib/xz-1.0.jar for tasks to queue
[2022-10-22T00:04:28.718+0000] {logging_mixin.py:117} INFO - [2022-10-22T00:04:28.717+0000] {dagbag.py:525} INFO - Filling up the DagBag from /opt/airflow/dags/hadoop-2.7.3/share/hadoop/httpfs/tomcat/webapps/webhdfs/WEB-INF/lib/xz-1.0.jar
[2022-10-22T00:04:28.739+0000] {processor.py:770} WARNING - No viable dags retrieved from /opt/airflow/dags/hadoop-2.7.3/share/hadoop/httpfs/tomcat/webapps/webhdfs/WEB-INF/lib/xz-1.0.jar
[2022-10-22T00:04:28.813+0000] {processor.py:178} INFO - Processing /opt/airflow/dags/hadoop-2.7.3/share/hadoop/httpfs/tomcat/webapps/webhdfs/WEB-INF/lib/xz-1.0.jar took 0.124 seconds
[2022-10-22T00:04:58.414+0000] {processor.py:156} INFO - Started process (PID=21222) to work on /opt/airflow/dags/hadoop-2.7.3/share/hadoop/httpfs/tomcat/webapps/webhdfs/WEB-INF/lib/xz-1.0.jar
[2022-10-22T00:04:58.420+0000] {processor.py:758} INFO - Processing file /opt/airflow/dags/hadoop-2.7.3/share/hadoop/httpfs/tomcat/webapps/webhdfs/WEB-INF/lib/xz-1.0.jar for tasks to queue
[2022-10-22T00:04:58.425+0000] {logging_mixin.py:117} INFO - [2022-10-22T00:04:58.424+0000] {dagbag.py:525} INFO - Filling up the DagBag from /opt/airflow/dags/hadoop-2.7.3/share/hadoop/httpfs/tomcat/webapps/webhdfs/WEB-INF/lib/xz-1.0.jar
[2022-10-22T00:04:58.435+0000] {processor.py:770} WARNING - No viable dags retrieved from /opt/airflow/dags/hadoop-2.7.3/share/hadoop/httpfs/tomcat/webapps/webhdfs/WEB-INF/lib/xz-1.0.jar
[2022-10-22T00:04:58.484+0000] {processor.py:178} INFO - Processing /opt/airflow/dags/hadoop-2.7.3/share/hadoop/httpfs/tomcat/webapps/webhdfs/WEB-INF/lib/xz-1.0.jar took 0.079 seconds
[2022-10-22T00:05:23.773+0000] {processor.py:156} INFO - Started process (PID=19054) to work on /opt/airflow/dags/hadoop-2.7.3/share/hadoop/httpfs/tomcat/webapps/webhdfs/WEB-INF/lib/xz-1.0.jar
[2022-10-22T00:05:23.776+0000] {processor.py:758} INFO - Processing file /opt/airflow/dags/hadoop-2.7.3/share/hadoop/httpfs/tomcat/webapps/webhdfs/WEB-INF/lib/xz-1.0.jar for tasks to queue
[2022-10-22T00:05:23.779+0000] {logging_mixin.py:117} INFO - [2022-10-22T00:05:23.779+0000] {dagbag.py:525} INFO - Filling up the DagBag from /opt/airflow/dags/hadoop-2.7.3/share/hadoop/httpfs/tomcat/webapps/webhdfs/WEB-INF/lib/xz-1.0.jar
[2022-10-22T00:05:23.790+0000] {processor.py:770} WARNING - No viable dags retrieved from /opt/airflow/dags/hadoop-2.7.3/share/hadoop/httpfs/tomcat/webapps/webhdfs/WEB-INF/lib/xz-1.0.jar
[2022-10-22T00:05:23.859+0000] {processor.py:178} INFO - Processing /opt/airflow/dags/hadoop-2.7.3/share/hadoop/httpfs/tomcat/webapps/webhdfs/WEB-INF/lib/xz-1.0.jar took 0.094 seconds
[2022-10-22T00:05:44.199+0000] {processor.py:156} INFO - Started process (PID=21688) to work on /opt/airflow/dags/hadoop-2.7.3/share/hadoop/httpfs/tomcat/webapps/webhdfs/WEB-INF/lib/xz-1.0.jar
[2022-10-22T00:05:44.202+0000] {processor.py:758} INFO - Processing file /opt/airflow/dags/hadoop-2.7.3/share/hadoop/httpfs/tomcat/webapps/webhdfs/WEB-INF/lib/xz-1.0.jar for tasks to queue
[2022-10-22T00:05:44.206+0000] {logging_mixin.py:117} INFO - [2022-10-22T00:05:44.205+0000] {dagbag.py:525} INFO - Filling up the DagBag from /opt/airflow/dags/hadoop-2.7.3/share/hadoop/httpfs/tomcat/webapps/webhdfs/WEB-INF/lib/xz-1.0.jar
[2022-10-22T00:05:44.216+0000] {processor.py:770} WARNING - No viable dags retrieved from /opt/airflow/dags/hadoop-2.7.3/share/hadoop/httpfs/tomcat/webapps/webhdfs/WEB-INF/lib/xz-1.0.jar
[2022-10-22T00:05:44.270+0000] {processor.py:178} INFO - Processing /opt/airflow/dags/hadoop-2.7.3/share/hadoop/httpfs/tomcat/webapps/webhdfs/WEB-INF/lib/xz-1.0.jar took 0.080 seconds
[2022-10-22T00:06:11.947+0000] {processor.py:156} INFO - Started process (PID=19519) to work on /opt/airflow/dags/hadoop-2.7.3/share/hadoop/httpfs/tomcat/webapps/webhdfs/WEB-INF/lib/xz-1.0.jar
[2022-10-22T00:06:11.950+0000] {processor.py:758} INFO - Processing file /opt/airflow/dags/hadoop-2.7.3/share/hadoop/httpfs/tomcat/webapps/webhdfs/WEB-INF/lib/xz-1.0.jar for tasks to queue
[2022-10-22T00:06:11.952+0000] {logging_mixin.py:117} INFO - [2022-10-22T00:06:11.952+0000] {dagbag.py:525} INFO - Filling up the DagBag from /opt/airflow/dags/hadoop-2.7.3/share/hadoop/httpfs/tomcat/webapps/webhdfs/WEB-INF/lib/xz-1.0.jar
[2022-10-22T00:06:11.964+0000] {processor.py:770} WARNING - No viable dags retrieved from /opt/airflow/dags/hadoop-2.7.3/share/hadoop/httpfs/tomcat/webapps/webhdfs/WEB-INF/lib/xz-1.0.jar
[2022-10-22T00:06:12.005+0000] {processor.py:178} INFO - Processing /opt/airflow/dags/hadoop-2.7.3/share/hadoop/httpfs/tomcat/webapps/webhdfs/WEB-INF/lib/xz-1.0.jar took 0.068 seconds
[2022-10-22T00:06:31.925+0000] {processor.py:156} INFO - Started process (PID=22153) to work on /opt/airflow/dags/hadoop-2.7.3/share/hadoop/httpfs/tomcat/webapps/webhdfs/WEB-INF/lib/xz-1.0.jar
[2022-10-22T00:06:31.930+0000] {processor.py:758} INFO - Processing file /opt/airflow/dags/hadoop-2.7.3/share/hadoop/httpfs/tomcat/webapps/webhdfs/WEB-INF/lib/xz-1.0.jar for tasks to queue
[2022-10-22T00:06:31.933+0000] {logging_mixin.py:117} INFO - [2022-10-22T00:06:31.933+0000] {dagbag.py:525} INFO - Filling up the DagBag from /opt/airflow/dags/hadoop-2.7.3/share/hadoop/httpfs/tomcat/webapps/webhdfs/WEB-INF/lib/xz-1.0.jar
[2022-10-22T00:06:31.954+0000] {processor.py:770} WARNING - No viable dags retrieved from /opt/airflow/dags/hadoop-2.7.3/share/hadoop/httpfs/tomcat/webapps/webhdfs/WEB-INF/lib/xz-1.0.jar
[2022-10-22T00:06:32.007+0000] {processor.py:178} INFO - Processing /opt/airflow/dags/hadoop-2.7.3/share/hadoop/httpfs/tomcat/webapps/webhdfs/WEB-INF/lib/xz-1.0.jar took 0.102 seconds
[2022-10-22T00:06:59.564+0000] {processor.py:156} INFO - Started process (PID=19978) to work on /opt/airflow/dags/hadoop-2.7.3/share/hadoop/httpfs/tomcat/webapps/webhdfs/WEB-INF/lib/xz-1.0.jar
[2022-10-22T00:06:59.567+0000] {processor.py:758} INFO - Processing file /opt/airflow/dags/hadoop-2.7.3/share/hadoop/httpfs/tomcat/webapps/webhdfs/WEB-INF/lib/xz-1.0.jar for tasks to queue
[2022-10-22T00:06:59.570+0000] {logging_mixin.py:117} INFO - [2022-10-22T00:06:59.569+0000] {dagbag.py:525} INFO - Filling up the DagBag from /opt/airflow/dags/hadoop-2.7.3/share/hadoop/httpfs/tomcat/webapps/webhdfs/WEB-INF/lib/xz-1.0.jar
[2022-10-22T00:06:59.578+0000] {processor.py:770} WARNING - No viable dags retrieved from /opt/airflow/dags/hadoop-2.7.3/share/hadoop/httpfs/tomcat/webapps/webhdfs/WEB-INF/lib/xz-1.0.jar
[2022-10-22T00:06:59.643+0000] {processor.py:178} INFO - Processing /opt/airflow/dags/hadoop-2.7.3/share/hadoop/httpfs/tomcat/webapps/webhdfs/WEB-INF/lib/xz-1.0.jar took 0.094 seconds
[2022-10-22T00:07:16.141+0000] {processor.py:156} INFO - Started process (PID=22612) to work on /opt/airflow/dags/hadoop-2.7.3/share/hadoop/httpfs/tomcat/webapps/webhdfs/WEB-INF/lib/xz-1.0.jar
[2022-10-22T00:07:16.146+0000] {processor.py:758} INFO - Processing file /opt/airflow/dags/hadoop-2.7.3/share/hadoop/httpfs/tomcat/webapps/webhdfs/WEB-INF/lib/xz-1.0.jar for tasks to queue
[2022-10-22T00:07:16.149+0000] {logging_mixin.py:117} INFO - [2022-10-22T00:07:16.148+0000] {dagbag.py:525} INFO - Filling up the DagBag from /opt/airflow/dags/hadoop-2.7.3/share/hadoop/httpfs/tomcat/webapps/webhdfs/WEB-INF/lib/xz-1.0.jar
[2022-10-22T00:07:16.164+0000] {processor.py:770} WARNING - No viable dags retrieved from /opt/airflow/dags/hadoop-2.7.3/share/hadoop/httpfs/tomcat/webapps/webhdfs/WEB-INF/lib/xz-1.0.jar
[2022-10-22T00:07:16.202+0000] {processor.py:178} INFO - Processing /opt/airflow/dags/hadoop-2.7.3/share/hadoop/httpfs/tomcat/webapps/webhdfs/WEB-INF/lib/xz-1.0.jar took 0.079 seconds
[2022-10-22T00:08:40.794+0000] {processor.py:156} INFO - Started process (PID=23073) to work on /opt/airflow/dags/hadoop-2.7.3/share/hadoop/httpfs/tomcat/webapps/webhdfs/WEB-INF/lib/xz-1.0.jar
[2022-10-22T00:08:40.806+0000] {processor.py:758} INFO - Processing file /opt/airflow/dags/hadoop-2.7.3/share/hadoop/httpfs/tomcat/webapps/webhdfs/WEB-INF/lib/xz-1.0.jar for tasks to queue
[2022-10-22T00:08:40.809+0000] {logging_mixin.py:117} INFO - [2022-10-22T00:08:40.808+0000] {dagbag.py:525} INFO - Filling up the DagBag from /opt/airflow/dags/hadoop-2.7.3/share/hadoop/httpfs/tomcat/webapps/webhdfs/WEB-INF/lib/xz-1.0.jar
[2022-10-22T00:08:40.822+0000] {processor.py:770} WARNING - No viable dags retrieved from /opt/airflow/dags/hadoop-2.7.3/share/hadoop/httpfs/tomcat/webapps/webhdfs/WEB-INF/lib/xz-1.0.jar
[2022-10-22T00:08:40.866+0000] {processor.py:178} INFO - Processing /opt/airflow/dags/hadoop-2.7.3/share/hadoop/httpfs/tomcat/webapps/webhdfs/WEB-INF/lib/xz-1.0.jar took 0.085 seconds
[2022-10-22T00:08:50.168+0000] {processor.py:156} INFO - Started process (PID=20673) to work on /opt/airflow/dags/hadoop-2.7.3/share/hadoop/httpfs/tomcat/webapps/webhdfs/WEB-INF/lib/xz-1.0.jar
[2022-10-22T00:08:50.173+0000] {processor.py:758} INFO - Processing file /opt/airflow/dags/hadoop-2.7.3/share/hadoop/httpfs/tomcat/webapps/webhdfs/WEB-INF/lib/xz-1.0.jar for tasks to queue
[2022-10-22T00:08:50.183+0000] {logging_mixin.py:117} INFO - [2022-10-22T00:08:50.182+0000] {dagbag.py:525} INFO - Filling up the DagBag from /opt/airflow/dags/hadoop-2.7.3/share/hadoop/httpfs/tomcat/webapps/webhdfs/WEB-INF/lib/xz-1.0.jar
[2022-10-22T00:08:50.198+0000] {processor.py:770} WARNING - No viable dags retrieved from /opt/airflow/dags/hadoop-2.7.3/share/hadoop/httpfs/tomcat/webapps/webhdfs/WEB-INF/lib/xz-1.0.jar
[2022-10-22T00:08:50.321+0000] {processor.py:178} INFO - Processing /opt/airflow/dags/hadoop-2.7.3/share/hadoop/httpfs/tomcat/webapps/webhdfs/WEB-INF/lib/xz-1.0.jar took 0.168 seconds
[2022-10-22T00:09:39.528+0000] {processor.py:156} INFO - Started process (PID=23609) to work on /opt/airflow/dags/hadoop-2.7.3/share/hadoop/httpfs/tomcat/webapps/webhdfs/WEB-INF/lib/xz-1.0.jar
[2022-10-22T00:09:39.531+0000] {processor.py:758} INFO - Processing file /opt/airflow/dags/hadoop-2.7.3/share/hadoop/httpfs/tomcat/webapps/webhdfs/WEB-INF/lib/xz-1.0.jar for tasks to queue
[2022-10-22T00:09:39.534+0000] {logging_mixin.py:117} INFO - [2022-10-22T00:09:39.534+0000] {dagbag.py:525} INFO - Filling up the DagBag from /opt/airflow/dags/hadoop-2.7.3/share/hadoop/httpfs/tomcat/webapps/webhdfs/WEB-INF/lib/xz-1.0.jar
[2022-10-22T00:09:39.543+0000] {processor.py:770} WARNING - No viable dags retrieved from /opt/airflow/dags/hadoop-2.7.3/share/hadoop/httpfs/tomcat/webapps/webhdfs/WEB-INF/lib/xz-1.0.jar
[2022-10-22T00:09:39.607+0000] {processor.py:178} INFO - Processing /opt/airflow/dags/hadoop-2.7.3/share/hadoop/httpfs/tomcat/webapps/webhdfs/WEB-INF/lib/xz-1.0.jar took 0.086 seconds
[2022-10-22T00:09:46.364+0000] {processor.py:156} INFO - Started process (PID=21198) to work on /opt/airflow/dags/hadoop-2.7.3/share/hadoop/httpfs/tomcat/webapps/webhdfs/WEB-INF/lib/xz-1.0.jar
[2022-10-22T00:09:46.373+0000] {processor.py:758} INFO - Processing file /opt/airflow/dags/hadoop-2.7.3/share/hadoop/httpfs/tomcat/webapps/webhdfs/WEB-INF/lib/xz-1.0.jar for tasks to queue
[2022-10-22T00:09:46.376+0000] {logging_mixin.py:117} INFO - [2022-10-22T00:09:46.376+0000] {dagbag.py:525} INFO - Filling up the DagBag from /opt/airflow/dags/hadoop-2.7.3/share/hadoop/httpfs/tomcat/webapps/webhdfs/WEB-INF/lib/xz-1.0.jar
[2022-10-22T00:09:46.388+0000] {processor.py:770} WARNING - No viable dags retrieved from /opt/airflow/dags/hadoop-2.7.3/share/hadoop/httpfs/tomcat/webapps/webhdfs/WEB-INF/lib/xz-1.0.jar
[2022-10-22T00:09:46.423+0000] {processor.py:178} INFO - Processing /opt/airflow/dags/hadoop-2.7.3/share/hadoop/httpfs/tomcat/webapps/webhdfs/WEB-INF/lib/xz-1.0.jar took 0.077 seconds
[2022-10-22T00:11:28.773+0000] {processor.py:156} INFO - Started process (PID=24056) to work on /opt/airflow/dags/hadoop-2.7.3/share/hadoop/httpfs/tomcat/webapps/webhdfs/WEB-INF/lib/xz-1.0.jar
[2022-10-22T00:11:28.775+0000] {processor.py:758} INFO - Processing file /opt/airflow/dags/hadoop-2.7.3/share/hadoop/httpfs/tomcat/webapps/webhdfs/WEB-INF/lib/xz-1.0.jar for tasks to queue
[2022-10-22T00:11:28.777+0000] {logging_mixin.py:117} INFO - [2022-10-22T00:11:28.777+0000] {dagbag.py:525} INFO - Filling up the DagBag from /opt/airflow/dags/hadoop-2.7.3/share/hadoop/httpfs/tomcat/webapps/webhdfs/WEB-INF/lib/xz-1.0.jar
[2022-10-22T00:11:28.789+0000] {processor.py:770} WARNING - No viable dags retrieved from /opt/airflow/dags/hadoop-2.7.3/share/hadoop/httpfs/tomcat/webapps/webhdfs/WEB-INF/lib/xz-1.0.jar
[2022-10-22T00:11:28.812+0000] {processor.py:178} INFO - Processing /opt/airflow/dags/hadoop-2.7.3/share/hadoop/httpfs/tomcat/webapps/webhdfs/WEB-INF/lib/xz-1.0.jar took 0.044 seconds
[2022-10-22T00:11:30.642+0000] {processor.py:156} INFO - Started process (PID=21599) to work on /opt/airflow/dags/hadoop-2.7.3/share/hadoop/httpfs/tomcat/webapps/webhdfs/WEB-INF/lib/xz-1.0.jar
[2022-10-22T00:11:30.644+0000] {processor.py:758} INFO - Processing file /opt/airflow/dags/hadoop-2.7.3/share/hadoop/httpfs/tomcat/webapps/webhdfs/WEB-INF/lib/xz-1.0.jar for tasks to queue
[2022-10-22T00:11:30.647+0000] {logging_mixin.py:117} INFO - [2022-10-22T00:11:30.647+0000] {dagbag.py:525} INFO - Filling up the DagBag from /opt/airflow/dags/hadoop-2.7.3/share/hadoop/httpfs/tomcat/webapps/webhdfs/WEB-INF/lib/xz-1.0.jar
[2022-10-22T00:11:30.655+0000] {processor.py:770} WARNING - No viable dags retrieved from /opt/airflow/dags/hadoop-2.7.3/share/hadoop/httpfs/tomcat/webapps/webhdfs/WEB-INF/lib/xz-1.0.jar
[2022-10-22T00:11:30.694+0000] {processor.py:178} INFO - Processing /opt/airflow/dags/hadoop-2.7.3/share/hadoop/httpfs/tomcat/webapps/webhdfs/WEB-INF/lib/xz-1.0.jar took 0.056 seconds
[2022-10-22T00:12:07.075+0000] {processor.py:156} INFO - Started process (PID=24573) to work on /opt/airflow/dags/hadoop-2.7.3/share/hadoop/httpfs/tomcat/webapps/webhdfs/WEB-INF/lib/xz-1.0.jar
[2022-10-22T00:12:07.078+0000] {processor.py:758} INFO - Processing file /opt/airflow/dags/hadoop-2.7.3/share/hadoop/httpfs/tomcat/webapps/webhdfs/WEB-INF/lib/xz-1.0.jar for tasks to queue
[2022-10-22T00:12:07.080+0000] {logging_mixin.py:117} INFO - [2022-10-22T00:12:07.079+0000] {dagbag.py:525} INFO - Filling up the DagBag from /opt/airflow/dags/hadoop-2.7.3/share/hadoop/httpfs/tomcat/webapps/webhdfs/WEB-INF/lib/xz-1.0.jar
[2022-10-22T00:12:07.092+0000] {processor.py:770} WARNING - No viable dags retrieved from /opt/airflow/dags/hadoop-2.7.3/share/hadoop/httpfs/tomcat/webapps/webhdfs/WEB-INF/lib/xz-1.0.jar
[2022-10-22T00:12:07.126+0000] {processor.py:178} INFO - Processing /opt/airflow/dags/hadoop-2.7.3/share/hadoop/httpfs/tomcat/webapps/webhdfs/WEB-INF/lib/xz-1.0.jar took 0.059 seconds
[2022-10-22T00:12:10.117+0000] {processor.py:156} INFO - Started process (PID=22116) to work on /opt/airflow/dags/hadoop-2.7.3/share/hadoop/httpfs/tomcat/webapps/webhdfs/WEB-INF/lib/xz-1.0.jar
[2022-10-22T00:12:10.123+0000] {processor.py:758} INFO - Processing file /opt/airflow/dags/hadoop-2.7.3/share/hadoop/httpfs/tomcat/webapps/webhdfs/WEB-INF/lib/xz-1.0.jar for tasks to queue
[2022-10-22T00:12:10.126+0000] {logging_mixin.py:117} INFO - [2022-10-22T00:12:10.125+0000] {dagbag.py:525} INFO - Filling up the DagBag from /opt/airflow/dags/hadoop-2.7.3/share/hadoop/httpfs/tomcat/webapps/webhdfs/WEB-INF/lib/xz-1.0.jar
[2022-10-22T00:12:10.146+0000] {processor.py:770} WARNING - No viable dags retrieved from /opt/airflow/dags/hadoop-2.7.3/share/hadoop/httpfs/tomcat/webapps/webhdfs/WEB-INF/lib/xz-1.0.jar
[2022-10-22T00:12:10.213+0000] {processor.py:178} INFO - Processing /opt/airflow/dags/hadoop-2.7.3/share/hadoop/httpfs/tomcat/webapps/webhdfs/WEB-INF/lib/xz-1.0.jar took 0.105 seconds
[2022-10-22T00:15:16.393+0000] {processor.py:156} INFO - Started process (PID=22585) to work on /opt/airflow/dags/hadoop-2.7.3/share/hadoop/httpfs/tomcat/webapps/webhdfs/WEB-INF/lib/xz-1.0.jar
[2022-10-22T00:15:16.395+0000] {processor.py:758} INFO - Processing file /opt/airflow/dags/hadoop-2.7.3/share/hadoop/httpfs/tomcat/webapps/webhdfs/WEB-INF/lib/xz-1.0.jar for tasks to queue
[2022-10-22T00:15:16.398+0000] {logging_mixin.py:117} INFO - [2022-10-22T00:15:16.398+0000] {dagbag.py:525} INFO - Filling up the DagBag from /opt/airflow/dags/hadoop-2.7.3/share/hadoop/httpfs/tomcat/webapps/webhdfs/WEB-INF/lib/xz-1.0.jar
[2022-10-22T00:15:16.408+0000] {processor.py:770} WARNING - No viable dags retrieved from /opt/airflow/dags/hadoop-2.7.3/share/hadoop/httpfs/tomcat/webapps/webhdfs/WEB-INF/lib/xz-1.0.jar
[2022-10-22T00:15:16.458+0000] {processor.py:178} INFO - Processing /opt/airflow/dags/hadoop-2.7.3/share/hadoop/httpfs/tomcat/webapps/webhdfs/WEB-INF/lib/xz-1.0.jar took 0.070 seconds
[2022-10-22T00:15:30.278+0000] {processor.py:156} INFO - Started process (PID=25144) to work on /opt/airflow/dags/hadoop-2.7.3/share/hadoop/httpfs/tomcat/webapps/webhdfs/WEB-INF/lib/xz-1.0.jar
[2022-10-22T00:15:30.280+0000] {processor.py:758} INFO - Processing file /opt/airflow/dags/hadoop-2.7.3/share/hadoop/httpfs/tomcat/webapps/webhdfs/WEB-INF/lib/xz-1.0.jar for tasks to queue
[2022-10-22T00:15:30.285+0000] {logging_mixin.py:117} INFO - [2022-10-22T00:15:30.283+0000] {dagbag.py:525} INFO - Filling up the DagBag from /opt/airflow/dags/hadoop-2.7.3/share/hadoop/httpfs/tomcat/webapps/webhdfs/WEB-INF/lib/xz-1.0.jar
[2022-10-22T00:15:30.294+0000] {processor.py:770} WARNING - No viable dags retrieved from /opt/airflow/dags/hadoop-2.7.3/share/hadoop/httpfs/tomcat/webapps/webhdfs/WEB-INF/lib/xz-1.0.jar
[2022-10-22T00:15:30.343+0000] {processor.py:178} INFO - Processing /opt/airflow/dags/hadoop-2.7.3/share/hadoop/httpfs/tomcat/webapps/webhdfs/WEB-INF/lib/xz-1.0.jar took 0.074 seconds
[2022-10-22T00:16:06.091+0000] {processor.py:156} INFO - Started process (PID=23101) to work on /opt/airflow/dags/hadoop-2.7.3/share/hadoop/httpfs/tomcat/webapps/webhdfs/WEB-INF/lib/xz-1.0.jar
[2022-10-22T00:16:06.094+0000] {processor.py:758} INFO - Processing file /opt/airflow/dags/hadoop-2.7.3/share/hadoop/httpfs/tomcat/webapps/webhdfs/WEB-INF/lib/xz-1.0.jar for tasks to queue
[2022-10-22T00:16:06.098+0000] {logging_mixin.py:117} INFO - [2022-10-22T00:16:06.097+0000] {dagbag.py:525} INFO - Filling up the DagBag from /opt/airflow/dags/hadoop-2.7.3/share/hadoop/httpfs/tomcat/webapps/webhdfs/WEB-INF/lib/xz-1.0.jar
[2022-10-22T00:16:06.111+0000] {processor.py:770} WARNING - No viable dags retrieved from /opt/airflow/dags/hadoop-2.7.3/share/hadoop/httpfs/tomcat/webapps/webhdfs/WEB-INF/lib/xz-1.0.jar
[2022-10-22T00:16:06.164+0000] {processor.py:178} INFO - Processing /opt/airflow/dags/hadoop-2.7.3/share/hadoop/httpfs/tomcat/webapps/webhdfs/WEB-INF/lib/xz-1.0.jar took 0.083 seconds
[2022-10-22T00:16:16.272+0000] {processor.py:156} INFO - Started process (PID=25667) to work on /opt/airflow/dags/hadoop-2.7.3/share/hadoop/httpfs/tomcat/webapps/webhdfs/WEB-INF/lib/xz-1.0.jar
[2022-10-22T00:16:16.275+0000] {processor.py:758} INFO - Processing file /opt/airflow/dags/hadoop-2.7.3/share/hadoop/httpfs/tomcat/webapps/webhdfs/WEB-INF/lib/xz-1.0.jar for tasks to queue
[2022-10-22T00:16:16.277+0000] {logging_mixin.py:117} INFO - [2022-10-22T00:16:16.277+0000] {dagbag.py:525} INFO - Filling up the DagBag from /opt/airflow/dags/hadoop-2.7.3/share/hadoop/httpfs/tomcat/webapps/webhdfs/WEB-INF/lib/xz-1.0.jar
[2022-10-22T00:16:16.286+0000] {processor.py:770} WARNING - No viable dags retrieved from /opt/airflow/dags/hadoop-2.7.3/share/hadoop/httpfs/tomcat/webapps/webhdfs/WEB-INF/lib/xz-1.0.jar
[2022-10-22T00:16:16.317+0000] {processor.py:178} INFO - Processing /opt/airflow/dags/hadoop-2.7.3/share/hadoop/httpfs/tomcat/webapps/webhdfs/WEB-INF/lib/xz-1.0.jar took 0.053 seconds
[2022-10-22T00:16:53.532+0000] {processor.py:156} INFO - Started process (PID=23627) to work on /opt/airflow/dags/hadoop-2.7.3/share/hadoop/httpfs/tomcat/webapps/webhdfs/WEB-INF/lib/xz-1.0.jar
[2022-10-22T00:16:53.537+0000] {processor.py:758} INFO - Processing file /opt/airflow/dags/hadoop-2.7.3/share/hadoop/httpfs/tomcat/webapps/webhdfs/WEB-INF/lib/xz-1.0.jar for tasks to queue
[2022-10-22T00:16:53.550+0000] {logging_mixin.py:117} INFO - [2022-10-22T00:16:53.550+0000] {dagbag.py:525} INFO - Filling up the DagBag from /opt/airflow/dags/hadoop-2.7.3/share/hadoop/httpfs/tomcat/webapps/webhdfs/WEB-INF/lib/xz-1.0.jar
[2022-10-22T00:16:53.564+0000] {processor.py:770} WARNING - No viable dags retrieved from /opt/airflow/dags/hadoop-2.7.3/share/hadoop/httpfs/tomcat/webapps/webhdfs/WEB-INF/lib/xz-1.0.jar
[2022-10-22T00:16:53.608+0000] {processor.py:178} INFO - Processing /opt/airflow/dags/hadoop-2.7.3/share/hadoop/httpfs/tomcat/webapps/webhdfs/WEB-INF/lib/xz-1.0.jar took 0.084 seconds
[2022-10-22T00:17:03.992+0000] {processor.py:156} INFO - Started process (PID=26190) to work on /opt/airflow/dags/hadoop-2.7.3/share/hadoop/httpfs/tomcat/webapps/webhdfs/WEB-INF/lib/xz-1.0.jar
[2022-10-22T00:17:03.995+0000] {processor.py:758} INFO - Processing file /opt/airflow/dags/hadoop-2.7.3/share/hadoop/httpfs/tomcat/webapps/webhdfs/WEB-INF/lib/xz-1.0.jar for tasks to queue
[2022-10-22T00:17:03.998+0000] {logging_mixin.py:117} INFO - [2022-10-22T00:17:03.997+0000] {dagbag.py:525} INFO - Filling up the DagBag from /opt/airflow/dags/hadoop-2.7.3/share/hadoop/httpfs/tomcat/webapps/webhdfs/WEB-INF/lib/xz-1.0.jar
[2022-10-22T00:17:04.006+0000] {processor.py:770} WARNING - No viable dags retrieved from /opt/airflow/dags/hadoop-2.7.3/share/hadoop/httpfs/tomcat/webapps/webhdfs/WEB-INF/lib/xz-1.0.jar
[2022-10-22T00:17:04.042+0000] {processor.py:178} INFO - Processing /opt/airflow/dags/hadoop-2.7.3/share/hadoop/httpfs/tomcat/webapps/webhdfs/WEB-INF/lib/xz-1.0.jar took 0.058 seconds
[2022-10-22T00:17:46.319+0000] {processor.py:156} INFO - Started process (PID=24160) to work on /opt/airflow/dags/hadoop-2.7.3/share/hadoop/httpfs/tomcat/webapps/webhdfs/WEB-INF/lib/xz-1.0.jar
[2022-10-22T00:17:46.329+0000] {processor.py:758} INFO - Processing file /opt/airflow/dags/hadoop-2.7.3/share/hadoop/httpfs/tomcat/webapps/webhdfs/WEB-INF/lib/xz-1.0.jar for tasks to queue
[2022-10-22T00:17:46.333+0000] {logging_mixin.py:117} INFO - [2022-10-22T00:17:46.332+0000] {dagbag.py:525} INFO - Filling up the DagBag from /opt/airflow/dags/hadoop-2.7.3/share/hadoop/httpfs/tomcat/webapps/webhdfs/WEB-INF/lib/xz-1.0.jar
[2022-10-22T00:17:46.399+0000] {processor.py:770} WARNING - No viable dags retrieved from /opt/airflow/dags/hadoop-2.7.3/share/hadoop/httpfs/tomcat/webapps/webhdfs/WEB-INF/lib/xz-1.0.jar
[2022-10-22T00:17:46.515+0000] {processor.py:178} INFO - Processing /opt/airflow/dags/hadoop-2.7.3/share/hadoop/httpfs/tomcat/webapps/webhdfs/WEB-INF/lib/xz-1.0.jar took 0.208 seconds
[2022-10-22T00:17:54.640+0000] {processor.py:156} INFO - Started process (PID=26719) to work on /opt/airflow/dags/hadoop-2.7.3/share/hadoop/httpfs/tomcat/webapps/webhdfs/WEB-INF/lib/xz-1.0.jar
[2022-10-22T00:17:54.652+0000] {processor.py:758} INFO - Processing file /opt/airflow/dags/hadoop-2.7.3/share/hadoop/httpfs/tomcat/webapps/webhdfs/WEB-INF/lib/xz-1.0.jar for tasks to queue
[2022-10-22T00:17:54.667+0000] {logging_mixin.py:117} INFO - [2022-10-22T00:17:54.666+0000] {dagbag.py:525} INFO - Filling up the DagBag from /opt/airflow/dags/hadoop-2.7.3/share/hadoop/httpfs/tomcat/webapps/webhdfs/WEB-INF/lib/xz-1.0.jar
[2022-10-22T00:17:54.678+0000] {processor.py:770} WARNING - No viable dags retrieved from /opt/airflow/dags/hadoop-2.7.3/share/hadoop/httpfs/tomcat/webapps/webhdfs/WEB-INF/lib/xz-1.0.jar
[2022-10-22T00:17:54.732+0000] {processor.py:178} INFO - Processing /opt/airflow/dags/hadoop-2.7.3/share/hadoop/httpfs/tomcat/webapps/webhdfs/WEB-INF/lib/xz-1.0.jar took 0.117 seconds
[2022-10-22T00:18:44.933+0000] {processor.py:156} INFO - Started process (PID=24767) to work on /opt/airflow/dags/hadoop-2.7.3/share/hadoop/httpfs/tomcat/webapps/webhdfs/WEB-INF/lib/xz-1.0.jar
[2022-10-22T00:18:44.943+0000] {processor.py:758} INFO - Processing file /opt/airflow/dags/hadoop-2.7.3/share/hadoop/httpfs/tomcat/webapps/webhdfs/WEB-INF/lib/xz-1.0.jar for tasks to queue
[2022-10-22T00:18:44.945+0000] {logging_mixin.py:117} INFO - [2022-10-22T00:18:44.945+0000] {dagbag.py:525} INFO - Filling up the DagBag from /opt/airflow/dags/hadoop-2.7.3/share/hadoop/httpfs/tomcat/webapps/webhdfs/WEB-INF/lib/xz-1.0.jar
[2022-10-22T00:18:44.954+0000] {processor.py:770} WARNING - No viable dags retrieved from /opt/airflow/dags/hadoop-2.7.3/share/hadoop/httpfs/tomcat/webapps/webhdfs/WEB-INF/lib/xz-1.0.jar
[2022-10-22T00:18:45.000+0000] {processor.py:178} INFO - Processing /opt/airflow/dags/hadoop-2.7.3/share/hadoop/httpfs/tomcat/webapps/webhdfs/WEB-INF/lib/xz-1.0.jar took 0.076 seconds
[2022-10-22T00:18:47.556+0000] {processor.py:156} INFO - Started process (PID=27282) to work on /opt/airflow/dags/hadoop-2.7.3/share/hadoop/httpfs/tomcat/webapps/webhdfs/WEB-INF/lib/xz-1.0.jar
[2022-10-22T00:18:47.559+0000] {processor.py:758} INFO - Processing file /opt/airflow/dags/hadoop-2.7.3/share/hadoop/httpfs/tomcat/webapps/webhdfs/WEB-INF/lib/xz-1.0.jar for tasks to queue
[2022-10-22T00:18:47.564+0000] {logging_mixin.py:117} INFO - [2022-10-22T00:18:47.563+0000] {dagbag.py:525} INFO - Filling up the DagBag from /opt/airflow/dags/hadoop-2.7.3/share/hadoop/httpfs/tomcat/webapps/webhdfs/WEB-INF/lib/xz-1.0.jar
[2022-10-22T00:18:47.574+0000] {processor.py:770} WARNING - No viable dags retrieved from /opt/airflow/dags/hadoop-2.7.3/share/hadoop/httpfs/tomcat/webapps/webhdfs/WEB-INF/lib/xz-1.0.jar
[2022-10-22T00:18:47.601+0000] {processor.py:178} INFO - Processing /opt/airflow/dags/hadoop-2.7.3/share/hadoop/httpfs/tomcat/webapps/webhdfs/WEB-INF/lib/xz-1.0.jar took 0.067 seconds
[2022-10-22T00:20:20.839+0000] {processor.py:156} INFO - Started process (PID=27905) to work on /opt/airflow/dags/hadoop-2.7.3/share/hadoop/httpfs/tomcat/webapps/webhdfs/WEB-INF/lib/xz-1.0.jar
[2022-10-22T00:20:20.842+0000] {processor.py:758} INFO - Processing file /opt/airflow/dags/hadoop-2.7.3/share/hadoop/httpfs/tomcat/webapps/webhdfs/WEB-INF/lib/xz-1.0.jar for tasks to queue
[2022-10-22T00:20:20.844+0000] {logging_mixin.py:117} INFO - [2022-10-22T00:20:20.844+0000] {dagbag.py:525} INFO - Filling up the DagBag from /opt/airflow/dags/hadoop-2.7.3/share/hadoop/httpfs/tomcat/webapps/webhdfs/WEB-INF/lib/xz-1.0.jar
[2022-10-22T00:20:20.855+0000] {processor.py:770} WARNING - No viable dags retrieved from /opt/airflow/dags/hadoop-2.7.3/share/hadoop/httpfs/tomcat/webapps/webhdfs/WEB-INF/lib/xz-1.0.jar
[2022-10-22T00:20:20.895+0000] {processor.py:178} INFO - Processing /opt/airflow/dags/hadoop-2.7.3/share/hadoop/httpfs/tomcat/webapps/webhdfs/WEB-INF/lib/xz-1.0.jar took 0.066 seconds
[2022-10-22T00:20:33.067+0000] {processor.py:156} INFO - Started process (PID=25495) to work on /opt/airflow/dags/hadoop-2.7.3/share/hadoop/httpfs/tomcat/webapps/webhdfs/WEB-INF/lib/xz-1.0.jar
[2022-10-22T00:20:33.070+0000] {processor.py:758} INFO - Processing file /opt/airflow/dags/hadoop-2.7.3/share/hadoop/httpfs/tomcat/webapps/webhdfs/WEB-INF/lib/xz-1.0.jar for tasks to queue
[2022-10-22T00:20:33.074+0000] {logging_mixin.py:117} INFO - [2022-10-22T00:20:33.073+0000] {dagbag.py:525} INFO - Filling up the DagBag from /opt/airflow/dags/hadoop-2.7.3/share/hadoop/httpfs/tomcat/webapps/webhdfs/WEB-INF/lib/xz-1.0.jar
[2022-10-22T00:20:33.106+0000] {processor.py:770} WARNING - No viable dags retrieved from /opt/airflow/dags/hadoop-2.7.3/share/hadoop/httpfs/tomcat/webapps/webhdfs/WEB-INF/lib/xz-1.0.jar
[2022-10-22T00:20:33.179+0000] {processor.py:178} INFO - Processing /opt/airflow/dags/hadoop-2.7.3/share/hadoop/httpfs/tomcat/webapps/webhdfs/WEB-INF/lib/xz-1.0.jar took 0.126 seconds
[2022-10-22T00:21:18.592+0000] {processor.py:156} INFO - Started process (PID=28466) to work on /opt/airflow/dags/hadoop-2.7.3/share/hadoop/httpfs/tomcat/webapps/webhdfs/WEB-INF/lib/xz-1.0.jar
[2022-10-22T00:21:18.599+0000] {processor.py:758} INFO - Processing file /opt/airflow/dags/hadoop-2.7.3/share/hadoop/httpfs/tomcat/webapps/webhdfs/WEB-INF/lib/xz-1.0.jar for tasks to queue
[2022-10-22T00:21:18.606+0000] {logging_mixin.py:117} INFO - [2022-10-22T00:21:18.605+0000] {dagbag.py:525} INFO - Filling up the DagBag from /opt/airflow/dags/hadoop-2.7.3/share/hadoop/httpfs/tomcat/webapps/webhdfs/WEB-INF/lib/xz-1.0.jar
[2022-10-22T00:21:18.624+0000] {processor.py:770} WARNING - No viable dags retrieved from /opt/airflow/dags/hadoop-2.7.3/share/hadoop/httpfs/tomcat/webapps/webhdfs/WEB-INF/lib/xz-1.0.jar
[2022-10-22T00:21:18.680+0000] {processor.py:178} INFO - Processing /opt/airflow/dags/hadoop-2.7.3/share/hadoop/httpfs/tomcat/webapps/webhdfs/WEB-INF/lib/xz-1.0.jar took 0.104 seconds
[2022-10-22T00:21:26.424+0000] {processor.py:156} INFO - Started process (PID=26011) to work on /opt/airflow/dags/hadoop-2.7.3/share/hadoop/httpfs/tomcat/webapps/webhdfs/WEB-INF/lib/xz-1.0.jar
[2022-10-22T00:21:26.427+0000] {processor.py:758} INFO - Processing file /opt/airflow/dags/hadoop-2.7.3/share/hadoop/httpfs/tomcat/webapps/webhdfs/WEB-INF/lib/xz-1.0.jar for tasks to queue
[2022-10-22T00:21:26.430+0000] {logging_mixin.py:117} INFO - [2022-10-22T00:21:26.430+0000] {dagbag.py:525} INFO - Filling up the DagBag from /opt/airflow/dags/hadoop-2.7.3/share/hadoop/httpfs/tomcat/webapps/webhdfs/WEB-INF/lib/xz-1.0.jar
[2022-10-22T00:21:26.444+0000] {processor.py:770} WARNING - No viable dags retrieved from /opt/airflow/dags/hadoop-2.7.3/share/hadoop/httpfs/tomcat/webapps/webhdfs/WEB-INF/lib/xz-1.0.jar
[2022-10-22T00:21:26.495+0000] {processor.py:178} INFO - Processing /opt/airflow/dags/hadoop-2.7.3/share/hadoop/httpfs/tomcat/webapps/webhdfs/WEB-INF/lib/xz-1.0.jar took 0.079 seconds
[2022-10-22T00:22:03.177+0000] {processor.py:156} INFO - Started process (PID=28892) to work on /opt/airflow/dags/hadoop-2.7.3/share/hadoop/httpfs/tomcat/webapps/webhdfs/WEB-INF/lib/xz-1.0.jar
[2022-10-22T00:22:03.181+0000] {processor.py:758} INFO - Processing file /opt/airflow/dags/hadoop-2.7.3/share/hadoop/httpfs/tomcat/webapps/webhdfs/WEB-INF/lib/xz-1.0.jar for tasks to queue
[2022-10-22T00:22:03.185+0000] {logging_mixin.py:117} INFO - [2022-10-22T00:22:03.184+0000] {dagbag.py:525} INFO - Filling up the DagBag from /opt/airflow/dags/hadoop-2.7.3/share/hadoop/httpfs/tomcat/webapps/webhdfs/WEB-INF/lib/xz-1.0.jar
[2022-10-22T00:22:03.195+0000] {processor.py:770} WARNING - No viable dags retrieved from /opt/airflow/dags/hadoop-2.7.3/share/hadoop/httpfs/tomcat/webapps/webhdfs/WEB-INF/lib/xz-1.0.jar
[2022-10-22T00:22:03.245+0000] {processor.py:178} INFO - Processing /opt/airflow/dags/hadoop-2.7.3/share/hadoop/httpfs/tomcat/webapps/webhdfs/WEB-INF/lib/xz-1.0.jar took 0.075 seconds
[2022-10-22T00:22:15.468+0000] {processor.py:156} INFO - Started process (PID=26473) to work on /opt/airflow/dags/hadoop-2.7.3/share/hadoop/httpfs/tomcat/webapps/webhdfs/WEB-INF/lib/xz-1.0.jar
[2022-10-22T00:22:15.470+0000] {processor.py:758} INFO - Processing file /opt/airflow/dags/hadoop-2.7.3/share/hadoop/httpfs/tomcat/webapps/webhdfs/WEB-INF/lib/xz-1.0.jar for tasks to queue
[2022-10-22T00:22:15.473+0000] {logging_mixin.py:117} INFO - [2022-10-22T00:22:15.473+0000] {dagbag.py:525} INFO - Filling up the DagBag from /opt/airflow/dags/hadoop-2.7.3/share/hadoop/httpfs/tomcat/webapps/webhdfs/WEB-INF/lib/xz-1.0.jar
[2022-10-22T00:22:15.490+0000] {processor.py:770} WARNING - No viable dags retrieved from /opt/airflow/dags/hadoop-2.7.3/share/hadoop/httpfs/tomcat/webapps/webhdfs/WEB-INF/lib/xz-1.0.jar
[2022-10-22T00:22:15.594+0000] {processor.py:178} INFO - Processing /opt/airflow/dags/hadoop-2.7.3/share/hadoop/httpfs/tomcat/webapps/webhdfs/WEB-INF/lib/xz-1.0.jar took 0.142 seconds
[2022-10-22T00:22:53.883+0000] {processor.py:156} INFO - Started process (PID=29366) to work on /opt/airflow/dags/hadoop-2.7.3/share/hadoop/httpfs/tomcat/webapps/webhdfs/WEB-INF/lib/xz-1.0.jar
[2022-10-22T00:22:53.897+0000] {processor.py:758} INFO - Processing file /opt/airflow/dags/hadoop-2.7.3/share/hadoop/httpfs/tomcat/webapps/webhdfs/WEB-INF/lib/xz-1.0.jar for tasks to queue
[2022-10-22T00:22:53.902+0000] {logging_mixin.py:117} INFO - [2022-10-22T00:22:53.902+0000] {dagbag.py:525} INFO - Filling up the DagBag from /opt/airflow/dags/hadoop-2.7.3/share/hadoop/httpfs/tomcat/webapps/webhdfs/WEB-INF/lib/xz-1.0.jar
[2022-10-22T00:22:53.914+0000] {processor.py:770} WARNING - No viable dags retrieved from /opt/airflow/dags/hadoop-2.7.3/share/hadoop/httpfs/tomcat/webapps/webhdfs/WEB-INF/lib/xz-1.0.jar
[2022-10-22T00:22:53.964+0000] {processor.py:178} INFO - Processing /opt/airflow/dags/hadoop-2.7.3/share/hadoop/httpfs/tomcat/webapps/webhdfs/WEB-INF/lib/xz-1.0.jar took 0.088 seconds
[2022-10-22T00:23:09.872+0000] {processor.py:156} INFO - Started process (PID=26960) to work on /opt/airflow/dags/hadoop-2.7.3/share/hadoop/httpfs/tomcat/webapps/webhdfs/WEB-INF/lib/xz-1.0.jar
[2022-10-22T00:23:09.874+0000] {processor.py:758} INFO - Processing file /opt/airflow/dags/hadoop-2.7.3/share/hadoop/httpfs/tomcat/webapps/webhdfs/WEB-INF/lib/xz-1.0.jar for tasks to queue
[2022-10-22T00:23:09.876+0000] {logging_mixin.py:117} INFO - [2022-10-22T00:23:09.876+0000] {dagbag.py:525} INFO - Filling up the DagBag from /opt/airflow/dags/hadoop-2.7.3/share/hadoop/httpfs/tomcat/webapps/webhdfs/WEB-INF/lib/xz-1.0.jar
[2022-10-22T00:23:09.884+0000] {processor.py:770} WARNING - No viable dags retrieved from /opt/airflow/dags/hadoop-2.7.3/share/hadoop/httpfs/tomcat/webapps/webhdfs/WEB-INF/lib/xz-1.0.jar
[2022-10-22T00:23:09.912+0000] {processor.py:178} INFO - Processing /opt/airflow/dags/hadoop-2.7.3/share/hadoop/httpfs/tomcat/webapps/webhdfs/WEB-INF/lib/xz-1.0.jar took 0.048 seconds
[2022-10-22T00:23:36.590+0000] {processor.py:156} INFO - Started process (PID=29863) to work on /opt/airflow/dags/hadoop-2.7.3/share/hadoop/httpfs/tomcat/webapps/webhdfs/WEB-INF/lib/xz-1.0.jar
[2022-10-22T00:23:36.592+0000] {processor.py:758} INFO - Processing file /opt/airflow/dags/hadoop-2.7.3/share/hadoop/httpfs/tomcat/webapps/webhdfs/WEB-INF/lib/xz-1.0.jar for tasks to queue
[2022-10-22T00:23:36.594+0000] {logging_mixin.py:117} INFO - [2022-10-22T00:23:36.593+0000] {dagbag.py:525} INFO - Filling up the DagBag from /opt/airflow/dags/hadoop-2.7.3/share/hadoop/httpfs/tomcat/webapps/webhdfs/WEB-INF/lib/xz-1.0.jar
[2022-10-22T00:23:36.599+0000] {processor.py:770} WARNING - No viable dags retrieved from /opt/airflow/dags/hadoop-2.7.3/share/hadoop/httpfs/tomcat/webapps/webhdfs/WEB-INF/lib/xz-1.0.jar
[2022-10-22T00:23:36.625+0000] {processor.py:178} INFO - Processing /opt/airflow/dags/hadoop-2.7.3/share/hadoop/httpfs/tomcat/webapps/webhdfs/WEB-INF/lib/xz-1.0.jar took 0.040 seconds
[2022-10-22T00:24:01.801+0000] {processor.py:156} INFO - Started process (PID=27520) to work on /opt/airflow/dags/hadoop-2.7.3/share/hadoop/httpfs/tomcat/webapps/webhdfs/WEB-INF/lib/xz-1.0.jar
[2022-10-22T00:24:01.806+0000] {processor.py:758} INFO - Processing file /opt/airflow/dags/hadoop-2.7.3/share/hadoop/httpfs/tomcat/webapps/webhdfs/WEB-INF/lib/xz-1.0.jar for tasks to queue
[2022-10-22T00:24:01.807+0000] {logging_mixin.py:117} INFO - [2022-10-22T00:24:01.807+0000] {dagbag.py:525} INFO - Filling up the DagBag from /opt/airflow/dags/hadoop-2.7.3/share/hadoop/httpfs/tomcat/webapps/webhdfs/WEB-INF/lib/xz-1.0.jar
[2022-10-22T00:24:01.815+0000] {processor.py:770} WARNING - No viable dags retrieved from /opt/airflow/dags/hadoop-2.7.3/share/hadoop/httpfs/tomcat/webapps/webhdfs/WEB-INF/lib/xz-1.0.jar
[2022-10-22T00:24:01.852+0000] {processor.py:178} INFO - Processing /opt/airflow/dags/hadoop-2.7.3/share/hadoop/httpfs/tomcat/webapps/webhdfs/WEB-INF/lib/xz-1.0.jar took 0.058 seconds
