[2022-10-22T00:00:54.958+0000] {processor.py:156} INFO - Started process (PID=19293) to work on /opt/airflow/dags/hadoop-2.7.3/share/hadoop/yarn/lib/aopalliance-1.0.jar
[2022-10-22T00:00:54.964+0000] {processor.py:758} INFO - Processing file /opt/airflow/dags/hadoop-2.7.3/share/hadoop/yarn/lib/aopalliance-1.0.jar for tasks to queue
[2022-10-22T00:00:54.967+0000] {logging_mixin.py:117} INFO - [2022-10-22T00:00:54.966+0000] {dagbag.py:525} INFO - Filling up the DagBag from /opt/airflow/dags/hadoop-2.7.3/share/hadoop/yarn/lib/aopalliance-1.0.jar
[2022-10-22T00:00:54.988+0000] {processor.py:770} WARNING - No viable dags retrieved from /opt/airflow/dags/hadoop-2.7.3/share/hadoop/yarn/lib/aopalliance-1.0.jar
[2022-10-22T00:00:55.070+0000] {processor.py:178} INFO - Processing /opt/airflow/dags/hadoop-2.7.3/share/hadoop/yarn/lib/aopalliance-1.0.jar took 0.132 seconds
[2022-10-22T00:00:59.949+0000] {processor.py:156} INFO - Started process (PID=17104) to work on /opt/airflow/dags/hadoop-2.7.3/share/hadoop/yarn/lib/aopalliance-1.0.jar
[2022-10-22T00:00:59.960+0000] {processor.py:758} INFO - Processing file /opt/airflow/dags/hadoop-2.7.3/share/hadoop/yarn/lib/aopalliance-1.0.jar for tasks to queue
[2022-10-22T00:00:59.966+0000] {logging_mixin.py:117} INFO - [2022-10-22T00:00:59.964+0000] {dagbag.py:525} INFO - Filling up the DagBag from /opt/airflow/dags/hadoop-2.7.3/share/hadoop/yarn/lib/aopalliance-1.0.jar
[2022-10-22T00:00:59.992+0000] {processor.py:770} WARNING - No viable dags retrieved from /opt/airflow/dags/hadoop-2.7.3/share/hadoop/yarn/lib/aopalliance-1.0.jar
[2022-10-22T00:01:00.101+0000] {processor.py:178} INFO - Processing /opt/airflow/dags/hadoop-2.7.3/share/hadoop/yarn/lib/aopalliance-1.0.jar took 0.177 seconds
[2022-10-22T00:02:20.872+0000] {processor.py:156} INFO - Started process (PID=17698) to work on /opt/airflow/dags/hadoop-2.7.3/share/hadoop/yarn/lib/aopalliance-1.0.jar
[2022-10-22T00:02:20.876+0000] {processor.py:758} INFO - Processing file /opt/airflow/dags/hadoop-2.7.3/share/hadoop/yarn/lib/aopalliance-1.0.jar for tasks to queue
[2022-10-22T00:02:20.879+0000] {logging_mixin.py:117} INFO - [2022-10-22T00:02:20.879+0000] {dagbag.py:525} INFO - Filling up the DagBag from /opt/airflow/dags/hadoop-2.7.3/share/hadoop/yarn/lib/aopalliance-1.0.jar
[2022-10-22T00:02:20.886+0000] {processor.py:770} WARNING - No viable dags retrieved from /opt/airflow/dags/hadoop-2.7.3/share/hadoop/yarn/lib/aopalliance-1.0.jar
[2022-10-22T00:02:20.933+0000] {processor.py:178} INFO - Processing /opt/airflow/dags/hadoop-2.7.3/share/hadoop/yarn/lib/aopalliance-1.0.jar took 0.072 seconds
[2022-10-22T00:02:33.889+0000] {processor.py:156} INFO - Started process (PID=20178) to work on /opt/airflow/dags/hadoop-2.7.3/share/hadoop/yarn/lib/aopalliance-1.0.jar
[2022-10-22T00:02:33.891+0000] {processor.py:758} INFO - Processing file /opt/airflow/dags/hadoop-2.7.3/share/hadoop/yarn/lib/aopalliance-1.0.jar for tasks to queue
[2022-10-22T00:02:33.894+0000] {logging_mixin.py:117} INFO - [2022-10-22T00:02:33.893+0000] {dagbag.py:525} INFO - Filling up the DagBag from /opt/airflow/dags/hadoop-2.7.3/share/hadoop/yarn/lib/aopalliance-1.0.jar
[2022-10-22T00:02:33.899+0000] {processor.py:770} WARNING - No viable dags retrieved from /opt/airflow/dags/hadoop-2.7.3/share/hadoop/yarn/lib/aopalliance-1.0.jar
[2022-10-22T00:02:33.977+0000] {processor.py:178} INFO - Processing /opt/airflow/dags/hadoop-2.7.3/share/hadoop/yarn/lib/aopalliance-1.0.jar took 0.096 seconds
[2022-10-22T00:04:03.651+0000] {processor.py:156} INFO - Started process (PID=18339) to work on /opt/airflow/dags/hadoop-2.7.3/share/hadoop/yarn/lib/aopalliance-1.0.jar
[2022-10-22T00:04:03.656+0000] {processor.py:758} INFO - Processing file /opt/airflow/dags/hadoop-2.7.3/share/hadoop/yarn/lib/aopalliance-1.0.jar for tasks to queue
[2022-10-22T00:04:03.660+0000] {logging_mixin.py:117} INFO - [2022-10-22T00:04:03.659+0000] {dagbag.py:525} INFO - Filling up the DagBag from /opt/airflow/dags/hadoop-2.7.3/share/hadoop/yarn/lib/aopalliance-1.0.jar
[2022-10-22T00:04:03.669+0000] {processor.py:770} WARNING - No viable dags retrieved from /opt/airflow/dags/hadoop-2.7.3/share/hadoop/yarn/lib/aopalliance-1.0.jar
[2022-10-22T00:04:03.776+0000] {processor.py:178} INFO - Processing /opt/airflow/dags/hadoop-2.7.3/share/hadoop/yarn/lib/aopalliance-1.0.jar took 0.145 seconds
[2022-10-22T00:04:18.633+0000] {processor.py:156} INFO - Started process (PID=20861) to work on /opt/airflow/dags/hadoop-2.7.3/share/hadoop/yarn/lib/aopalliance-1.0.jar
[2022-10-22T00:04:18.637+0000] {processor.py:758} INFO - Processing file /opt/airflow/dags/hadoop-2.7.3/share/hadoop/yarn/lib/aopalliance-1.0.jar for tasks to queue
[2022-10-22T00:04:18.642+0000] {logging_mixin.py:117} INFO - [2022-10-22T00:04:18.642+0000] {dagbag.py:525} INFO - Filling up the DagBag from /opt/airflow/dags/hadoop-2.7.3/share/hadoop/yarn/lib/aopalliance-1.0.jar
[2022-10-22T00:04:18.653+0000] {processor.py:770} WARNING - No viable dags retrieved from /opt/airflow/dags/hadoop-2.7.3/share/hadoop/yarn/lib/aopalliance-1.0.jar
[2022-10-22T00:04:18.717+0000] {processor.py:178} INFO - Processing /opt/airflow/dags/hadoop-2.7.3/share/hadoop/yarn/lib/aopalliance-1.0.jar took 0.094 seconds
[2022-10-22T00:05:03.567+0000] {processor.py:156} INFO - Started process (PID=18864) to work on /opt/airflow/dags/hadoop-2.7.3/share/hadoop/yarn/lib/aopalliance-1.0.jar
[2022-10-22T00:05:03.570+0000] {processor.py:758} INFO - Processing file /opt/airflow/dags/hadoop-2.7.3/share/hadoop/yarn/lib/aopalliance-1.0.jar for tasks to queue
[2022-10-22T00:05:03.574+0000] {logging_mixin.py:117} INFO - [2022-10-22T00:05:03.573+0000] {dagbag.py:525} INFO - Filling up the DagBag from /opt/airflow/dags/hadoop-2.7.3/share/hadoop/yarn/lib/aopalliance-1.0.jar
[2022-10-22T00:05:03.586+0000] {processor.py:770} WARNING - No viable dags retrieved from /opt/airflow/dags/hadoop-2.7.3/share/hadoop/yarn/lib/aopalliance-1.0.jar
[2022-10-22T00:05:03.673+0000] {processor.py:178} INFO - Processing /opt/airflow/dags/hadoop-2.7.3/share/hadoop/yarn/lib/aopalliance-1.0.jar took 0.118 seconds
[2022-10-22T00:05:13.669+0000] {processor.py:156} INFO - Started process (PID=21382) to work on /opt/airflow/dags/hadoop-2.7.3/share/hadoop/yarn/lib/aopalliance-1.0.jar
[2022-10-22T00:05:13.675+0000] {processor.py:758} INFO - Processing file /opt/airflow/dags/hadoop-2.7.3/share/hadoop/yarn/lib/aopalliance-1.0.jar for tasks to queue
[2022-10-22T00:05:13.677+0000] {logging_mixin.py:117} INFO - [2022-10-22T00:05:13.676+0000] {dagbag.py:525} INFO - Filling up the DagBag from /opt/airflow/dags/hadoop-2.7.3/share/hadoop/yarn/lib/aopalliance-1.0.jar
[2022-10-22T00:05:13.687+0000] {processor.py:770} WARNING - No viable dags retrieved from /opt/airflow/dags/hadoop-2.7.3/share/hadoop/yarn/lib/aopalliance-1.0.jar
[2022-10-22T00:05:13.730+0000] {processor.py:178} INFO - Processing /opt/airflow/dags/hadoop-2.7.3/share/hadoop/yarn/lib/aopalliance-1.0.jar took 0.069 seconds
[2022-10-22T00:06:13.167+0000] {processor.py:156} INFO - Started process (PID=19530) to work on /opt/airflow/dags/hadoop-2.7.3/share/hadoop/yarn/lib/aopalliance-1.0.jar
[2022-10-22T00:06:13.170+0000] {processor.py:758} INFO - Processing file /opt/airflow/dags/hadoop-2.7.3/share/hadoop/yarn/lib/aopalliance-1.0.jar for tasks to queue
[2022-10-22T00:06:13.179+0000] {logging_mixin.py:117} INFO - [2022-10-22T00:06:13.176+0000] {dagbag.py:525} INFO - Filling up the DagBag from /opt/airflow/dags/hadoop-2.7.3/share/hadoop/yarn/lib/aopalliance-1.0.jar
[2022-10-22T00:06:13.191+0000] {processor.py:770} WARNING - No viable dags retrieved from /opt/airflow/dags/hadoop-2.7.3/share/hadoop/yarn/lib/aopalliance-1.0.jar
[2022-10-22T00:06:13.238+0000] {processor.py:178} INFO - Processing /opt/airflow/dags/hadoop-2.7.3/share/hadoop/yarn/lib/aopalliance-1.0.jar took 0.086 seconds
[2022-10-22T00:06:19.643+0000] {processor.py:156} INFO - Started process (PID=22029) to work on /opt/airflow/dags/hadoop-2.7.3/share/hadoop/yarn/lib/aopalliance-1.0.jar
[2022-10-22T00:06:19.645+0000] {processor.py:758} INFO - Processing file /opt/airflow/dags/hadoop-2.7.3/share/hadoop/yarn/lib/aopalliance-1.0.jar for tasks to queue
[2022-10-22T00:06:19.648+0000] {logging_mixin.py:117} INFO - [2022-10-22T00:06:19.648+0000] {dagbag.py:525} INFO - Filling up the DagBag from /opt/airflow/dags/hadoop-2.7.3/share/hadoop/yarn/lib/aopalliance-1.0.jar
[2022-10-22T00:06:19.655+0000] {processor.py:770} WARNING - No viable dags retrieved from /opt/airflow/dags/hadoop-2.7.3/share/hadoop/yarn/lib/aopalliance-1.0.jar
[2022-10-22T00:06:19.692+0000] {processor.py:178} INFO - Processing /opt/airflow/dags/hadoop-2.7.3/share/hadoop/yarn/lib/aopalliance-1.0.jar took 0.058 seconds
[2022-10-22T00:07:05.292+0000] {processor.py:156} INFO - Started process (PID=20044) to work on /opt/airflow/dags/hadoop-2.7.3/share/hadoop/yarn/lib/aopalliance-1.0.jar
[2022-10-22T00:07:05.295+0000] {processor.py:758} INFO - Processing file /opt/airflow/dags/hadoop-2.7.3/share/hadoop/yarn/lib/aopalliance-1.0.jar for tasks to queue
[2022-10-22T00:07:05.297+0000] {logging_mixin.py:117} INFO - [2022-10-22T00:07:05.297+0000] {dagbag.py:525} INFO - Filling up the DagBag from /opt/airflow/dags/hadoop-2.7.3/share/hadoop/yarn/lib/aopalliance-1.0.jar
[2022-10-22T00:07:05.310+0000] {processor.py:770} WARNING - No viable dags retrieved from /opt/airflow/dags/hadoop-2.7.3/share/hadoop/yarn/lib/aopalliance-1.0.jar
[2022-10-22T00:07:05.376+0000] {processor.py:178} INFO - Processing /opt/airflow/dags/hadoop-2.7.3/share/hadoop/yarn/lib/aopalliance-1.0.jar took 0.094 seconds
[2022-10-22T00:07:24.803+0000] {processor.py:156} INFO - Started process (PID=22705) to work on /opt/airflow/dags/hadoop-2.7.3/share/hadoop/yarn/lib/aopalliance-1.0.jar
[2022-10-22T00:07:24.807+0000] {processor.py:758} INFO - Processing file /opt/airflow/dags/hadoop-2.7.3/share/hadoop/yarn/lib/aopalliance-1.0.jar for tasks to queue
[2022-10-22T00:07:24.810+0000] {logging_mixin.py:117} INFO - [2022-10-22T00:07:24.810+0000] {dagbag.py:525} INFO - Filling up the DagBag from /opt/airflow/dags/hadoop-2.7.3/share/hadoop/yarn/lib/aopalliance-1.0.jar
[2022-10-22T00:07:24.816+0000] {processor.py:770} WARNING - No viable dags retrieved from /opt/airflow/dags/hadoop-2.7.3/share/hadoop/yarn/lib/aopalliance-1.0.jar
[2022-10-22T00:07:24.854+0000] {processor.py:178} INFO - Processing /opt/airflow/dags/hadoop-2.7.3/share/hadoop/yarn/lib/aopalliance-1.0.jar took 0.064 seconds
[2022-10-22T00:09:09.874+0000] {processor.py:156} INFO - Started process (PID=20852) to work on /opt/airflow/dags/hadoop-2.7.3/share/hadoop/yarn/lib/aopalliance-1.0.jar
[2022-10-22T00:09:09.882+0000] {processor.py:758} INFO - Processing file /opt/airflow/dags/hadoop-2.7.3/share/hadoop/yarn/lib/aopalliance-1.0.jar for tasks to queue
[2022-10-22T00:09:09.891+0000] {logging_mixin.py:117} INFO - [2022-10-22T00:09:09.885+0000] {dagbag.py:525} INFO - Filling up the DagBag from /opt/airflow/dags/hadoop-2.7.3/share/hadoop/yarn/lib/aopalliance-1.0.jar
[2022-10-22T00:09:09.899+0000] {processor.py:770} WARNING - No viable dags retrieved from /opt/airflow/dags/hadoop-2.7.3/share/hadoop/yarn/lib/aopalliance-1.0.jar
[2022-10-22T00:09:09.945+0000] {processor.py:178} INFO - Processing /opt/airflow/dags/hadoop-2.7.3/share/hadoop/yarn/lib/aopalliance-1.0.jar took 0.095 seconds
[2022-10-22T00:09:24.863+0000] {processor.py:156} INFO - Started process (PID=23472) to work on /opt/airflow/dags/hadoop-2.7.3/share/hadoop/yarn/lib/aopalliance-1.0.jar
[2022-10-22T00:09:24.866+0000] {processor.py:758} INFO - Processing file /opt/airflow/dags/hadoop-2.7.3/share/hadoop/yarn/lib/aopalliance-1.0.jar for tasks to queue
[2022-10-22T00:09:24.869+0000] {logging_mixin.py:117} INFO - [2022-10-22T00:09:24.869+0000] {dagbag.py:525} INFO - Filling up the DagBag from /opt/airflow/dags/hadoop-2.7.3/share/hadoop/yarn/lib/aopalliance-1.0.jar
[2022-10-22T00:09:24.879+0000] {processor.py:770} WARNING - No viable dags retrieved from /opt/airflow/dags/hadoop-2.7.3/share/hadoop/yarn/lib/aopalliance-1.0.jar
[2022-10-22T00:09:24.927+0000] {processor.py:178} INFO - Processing /opt/airflow/dags/hadoop-2.7.3/share/hadoop/yarn/lib/aopalliance-1.0.jar took 0.076 seconds
[2022-10-22T00:11:15.740+0000] {processor.py:156} INFO - Started process (PID=21377) to work on /opt/airflow/dags/hadoop-2.7.3/share/hadoop/yarn/lib/aopalliance-1.0.jar
[2022-10-22T00:11:15.742+0000] {processor.py:758} INFO - Processing file /opt/airflow/dags/hadoop-2.7.3/share/hadoop/yarn/lib/aopalliance-1.0.jar for tasks to queue
[2022-10-22T00:11:15.744+0000] {logging_mixin.py:117} INFO - [2022-10-22T00:11:15.744+0000] {dagbag.py:525} INFO - Filling up the DagBag from /opt/airflow/dags/hadoop-2.7.3/share/hadoop/yarn/lib/aopalliance-1.0.jar
[2022-10-22T00:11:15.749+0000] {processor.py:770} WARNING - No viable dags retrieved from /opt/airflow/dags/hadoop-2.7.3/share/hadoop/yarn/lib/aopalliance-1.0.jar
[2022-10-22T00:11:15.770+0000] {processor.py:178} INFO - Processing /opt/airflow/dags/hadoop-2.7.3/share/hadoop/yarn/lib/aopalliance-1.0.jar took 0.038 seconds
[2022-10-22T00:11:40.234+0000] {processor.py:156} INFO - Started process (PID=24235) to work on /opt/airflow/dags/hadoop-2.7.3/share/hadoop/yarn/lib/aopalliance-1.0.jar
[2022-10-22T00:11:40.236+0000] {processor.py:758} INFO - Processing file /opt/airflow/dags/hadoop-2.7.3/share/hadoop/yarn/lib/aopalliance-1.0.jar for tasks to queue
[2022-10-22T00:11:40.237+0000] {logging_mixin.py:117} INFO - [2022-10-22T00:11:40.237+0000] {dagbag.py:525} INFO - Filling up the DagBag from /opt/airflow/dags/hadoop-2.7.3/share/hadoop/yarn/lib/aopalliance-1.0.jar
[2022-10-22T00:11:40.245+0000] {processor.py:770} WARNING - No viable dags retrieved from /opt/airflow/dags/hadoop-2.7.3/share/hadoop/yarn/lib/aopalliance-1.0.jar
[2022-10-22T00:11:40.277+0000] {processor.py:178} INFO - Processing /opt/airflow/dags/hadoop-2.7.3/share/hadoop/yarn/lib/aopalliance-1.0.jar took 0.050 seconds
[2022-10-22T00:11:53.920+0000] {processor.py:156} INFO - Started process (PID=21906) to work on /opt/airflow/dags/hadoop-2.7.3/share/hadoop/yarn/lib/aopalliance-1.0.jar
[2022-10-22T00:11:53.923+0000] {processor.py:758} INFO - Processing file /opt/airflow/dags/hadoop-2.7.3/share/hadoop/yarn/lib/aopalliance-1.0.jar for tasks to queue
[2022-10-22T00:11:53.926+0000] {logging_mixin.py:117} INFO - [2022-10-22T00:11:53.925+0000] {dagbag.py:525} INFO - Filling up the DagBag from /opt/airflow/dags/hadoop-2.7.3/share/hadoop/yarn/lib/aopalliance-1.0.jar
[2022-10-22T00:11:53.934+0000] {processor.py:770} WARNING - No viable dags retrieved from /opt/airflow/dags/hadoop-2.7.3/share/hadoop/yarn/lib/aopalliance-1.0.jar
[2022-10-22T00:11:53.968+0000] {processor.py:178} INFO - Processing /opt/airflow/dags/hadoop-2.7.3/share/hadoop/yarn/lib/aopalliance-1.0.jar took 0.056 seconds
[2022-10-22T00:12:30.291+0000] {processor.py:156} INFO - Started process (PID=24759) to work on /opt/airflow/dags/hadoop-2.7.3/share/hadoop/yarn/lib/aopalliance-1.0.jar
[2022-10-22T00:12:30.294+0000] {processor.py:758} INFO - Processing file /opt/airflow/dags/hadoop-2.7.3/share/hadoop/yarn/lib/aopalliance-1.0.jar for tasks to queue
[2022-10-22T00:12:30.296+0000] {logging_mixin.py:117} INFO - [2022-10-22T00:12:30.296+0000] {dagbag.py:525} INFO - Filling up the DagBag from /opt/airflow/dags/hadoop-2.7.3/share/hadoop/yarn/lib/aopalliance-1.0.jar
[2022-10-22T00:12:30.303+0000] {processor.py:770} WARNING - No viable dags retrieved from /opt/airflow/dags/hadoop-2.7.3/share/hadoop/yarn/lib/aopalliance-1.0.jar
[2022-10-22T00:12:30.338+0000] {processor.py:178} INFO - Processing /opt/airflow/dags/hadoop-2.7.3/share/hadoop/yarn/lib/aopalliance-1.0.jar took 0.055 seconds
[2022-10-22T00:15:40.678+0000] {processor.py:156} INFO - Started process (PID=22842) to work on /opt/airflow/dags/hadoop-2.7.3/share/hadoop/yarn/lib/aopalliance-1.0.jar
[2022-10-22T00:15:40.680+0000] {processor.py:758} INFO - Processing file /opt/airflow/dags/hadoop-2.7.3/share/hadoop/yarn/lib/aopalliance-1.0.jar for tasks to queue
[2022-10-22T00:15:40.682+0000] {logging_mixin.py:117} INFO - [2022-10-22T00:15:40.682+0000] {dagbag.py:525} INFO - Filling up the DagBag from /opt/airflow/dags/hadoop-2.7.3/share/hadoop/yarn/lib/aopalliance-1.0.jar
[2022-10-22T00:15:40.689+0000] {processor.py:770} WARNING - No viable dags retrieved from /opt/airflow/dags/hadoop-2.7.3/share/hadoop/yarn/lib/aopalliance-1.0.jar
[2022-10-22T00:15:40.751+0000] {processor.py:178} INFO - Processing /opt/airflow/dags/hadoop-2.7.3/share/hadoop/yarn/lib/aopalliance-1.0.jar took 0.084 seconds
[2022-10-22T00:15:52.982+0000] {processor.py:156} INFO - Started process (PID=25403) to work on /opt/airflow/dags/hadoop-2.7.3/share/hadoop/yarn/lib/aopalliance-1.0.jar
[2022-10-22T00:15:52.985+0000] {processor.py:758} INFO - Processing file /opt/airflow/dags/hadoop-2.7.3/share/hadoop/yarn/lib/aopalliance-1.0.jar for tasks to queue
[2022-10-22T00:15:52.987+0000] {logging_mixin.py:117} INFO - [2022-10-22T00:15:52.986+0000] {dagbag.py:525} INFO - Filling up the DagBag from /opt/airflow/dags/hadoop-2.7.3/share/hadoop/yarn/lib/aopalliance-1.0.jar
[2022-10-22T00:15:52.993+0000] {processor.py:770} WARNING - No viable dags retrieved from /opt/airflow/dags/hadoop-2.7.3/share/hadoop/yarn/lib/aopalliance-1.0.jar
[2022-10-22T00:15:53.046+0000] {processor.py:178} INFO - Processing /opt/airflow/dags/hadoop-2.7.3/share/hadoop/yarn/lib/aopalliance-1.0.jar took 0.087 seconds
[2022-10-22T00:16:35.324+0000] {processor.py:156} INFO - Started process (PID=23421) to work on /opt/airflow/dags/hadoop-2.7.3/share/hadoop/yarn/lib/aopalliance-1.0.jar
[2022-10-22T00:16:35.328+0000] {processor.py:758} INFO - Processing file /opt/airflow/dags/hadoop-2.7.3/share/hadoop/yarn/lib/aopalliance-1.0.jar for tasks to queue
[2022-10-22T00:16:35.331+0000] {logging_mixin.py:117} INFO - [2022-10-22T00:16:35.331+0000] {dagbag.py:525} INFO - Filling up the DagBag from /opt/airflow/dags/hadoop-2.7.3/share/hadoop/yarn/lib/aopalliance-1.0.jar
[2022-10-22T00:16:35.351+0000] {processor.py:770} WARNING - No viable dags retrieved from /opt/airflow/dags/hadoop-2.7.3/share/hadoop/yarn/lib/aopalliance-1.0.jar
[2022-10-22T00:16:35.400+0000] {processor.py:178} INFO - Processing /opt/airflow/dags/hadoop-2.7.3/share/hadoop/yarn/lib/aopalliance-1.0.jar took 0.103 seconds
[2022-10-22T00:16:40.635+0000] {processor.py:156} INFO - Started process (PID=25926) to work on /opt/airflow/dags/hadoop-2.7.3/share/hadoop/yarn/lib/aopalliance-1.0.jar
[2022-10-22T00:16:40.638+0000] {processor.py:758} INFO - Processing file /opt/airflow/dags/hadoop-2.7.3/share/hadoop/yarn/lib/aopalliance-1.0.jar for tasks to queue
[2022-10-22T00:16:40.640+0000] {logging_mixin.py:117} INFO - [2022-10-22T00:16:40.640+0000] {dagbag.py:525} INFO - Filling up the DagBag from /opt/airflow/dags/hadoop-2.7.3/share/hadoop/yarn/lib/aopalliance-1.0.jar
[2022-10-22T00:16:40.649+0000] {processor.py:770} WARNING - No viable dags retrieved from /opt/airflow/dags/hadoop-2.7.3/share/hadoop/yarn/lib/aopalliance-1.0.jar
[2022-10-22T00:16:40.736+0000] {processor.py:178} INFO - Processing /opt/airflow/dags/hadoop-2.7.3/share/hadoop/yarn/lib/aopalliance-1.0.jar took 0.113 seconds
[2022-10-22T00:17:29.925+0000] {processor.py:156} INFO - Started process (PID=23990) to work on /opt/airflow/dags/hadoop-2.7.3/share/hadoop/yarn/lib/aopalliance-1.0.jar
[2022-10-22T00:17:29.927+0000] {processor.py:758} INFO - Processing file /opt/airflow/dags/hadoop-2.7.3/share/hadoop/yarn/lib/aopalliance-1.0.jar for tasks to queue
[2022-10-22T00:17:29.930+0000] {logging_mixin.py:117} INFO - [2022-10-22T00:17:29.930+0000] {dagbag.py:525} INFO - Filling up the DagBag from /opt/airflow/dags/hadoop-2.7.3/share/hadoop/yarn/lib/aopalliance-1.0.jar
[2022-10-22T00:17:29.937+0000] {processor.py:770} WARNING - No viable dags retrieved from /opt/airflow/dags/hadoop-2.7.3/share/hadoop/yarn/lib/aopalliance-1.0.jar
[2022-10-22T00:17:29.981+0000] {processor.py:178} INFO - Processing /opt/airflow/dags/hadoop-2.7.3/share/hadoop/yarn/lib/aopalliance-1.0.jar took 0.063 seconds
[2022-10-22T00:17:36.737+0000] {processor.py:156} INFO - Started process (PID=26523) to work on /opt/airflow/dags/hadoop-2.7.3/share/hadoop/yarn/lib/aopalliance-1.0.jar
[2022-10-22T00:17:36.741+0000] {processor.py:758} INFO - Processing file /opt/airflow/dags/hadoop-2.7.3/share/hadoop/yarn/lib/aopalliance-1.0.jar for tasks to queue
[2022-10-22T00:17:36.745+0000] {logging_mixin.py:117} INFO - [2022-10-22T00:17:36.744+0000] {dagbag.py:525} INFO - Filling up the DagBag from /opt/airflow/dags/hadoop-2.7.3/share/hadoop/yarn/lib/aopalliance-1.0.jar
[2022-10-22T00:17:36.755+0000] {processor.py:770} WARNING - No viable dags retrieved from /opt/airflow/dags/hadoop-2.7.3/share/hadoop/yarn/lib/aopalliance-1.0.jar
[2022-10-22T00:17:36.796+0000] {processor.py:178} INFO - Processing /opt/airflow/dags/hadoop-2.7.3/share/hadoop/yarn/lib/aopalliance-1.0.jar took 0.065 seconds
[2022-10-22T00:18:28.876+0000] {processor.py:156} INFO - Started process (PID=24606) to work on /opt/airflow/dags/hadoop-2.7.3/share/hadoop/yarn/lib/aopalliance-1.0.jar
[2022-10-22T00:18:28.880+0000] {processor.py:758} INFO - Processing file /opt/airflow/dags/hadoop-2.7.3/share/hadoop/yarn/lib/aopalliance-1.0.jar for tasks to queue
[2022-10-22T00:18:28.886+0000] {logging_mixin.py:117} INFO - [2022-10-22T00:18:28.886+0000] {dagbag.py:525} INFO - Filling up the DagBag from /opt/airflow/dags/hadoop-2.7.3/share/hadoop/yarn/lib/aopalliance-1.0.jar
[2022-10-22T00:18:28.921+0000] {processor.py:770} WARNING - No viable dags retrieved from /opt/airflow/dags/hadoop-2.7.3/share/hadoop/yarn/lib/aopalliance-1.0.jar
[2022-10-22T00:18:28.986+0000] {processor.py:178} INFO - Processing /opt/airflow/dags/hadoop-2.7.3/share/hadoop/yarn/lib/aopalliance-1.0.jar took 0.118 seconds
[2022-10-22T00:18:30.112+0000] {processor.py:156} INFO - Started process (PID=27098) to work on /opt/airflow/dags/hadoop-2.7.3/share/hadoop/yarn/lib/aopalliance-1.0.jar
[2022-10-22T00:18:30.116+0000] {processor.py:758} INFO - Processing file /opt/airflow/dags/hadoop-2.7.3/share/hadoop/yarn/lib/aopalliance-1.0.jar for tasks to queue
[2022-10-22T00:18:30.118+0000] {logging_mixin.py:117} INFO - [2022-10-22T00:18:30.118+0000] {dagbag.py:525} INFO - Filling up the DagBag from /opt/airflow/dags/hadoop-2.7.3/share/hadoop/yarn/lib/aopalliance-1.0.jar
[2022-10-22T00:18:30.124+0000] {processor.py:770} WARNING - No viable dags retrieved from /opt/airflow/dags/hadoop-2.7.3/share/hadoop/yarn/lib/aopalliance-1.0.jar
[2022-10-22T00:18:30.168+0000] {processor.py:178} INFO - Processing /opt/airflow/dags/hadoop-2.7.3/share/hadoop/yarn/lib/aopalliance-1.0.jar took 0.064 seconds
[2022-10-22T00:19:25.481+0000] {processor.py:156} INFO - Started process (PID=27682) to work on /opt/airflow/dags/hadoop-2.7.3/share/hadoop/yarn/lib/aopalliance-1.0.jar
[2022-10-22T00:19:25.487+0000] {processor.py:758} INFO - Processing file /opt/airflow/dags/hadoop-2.7.3/share/hadoop/yarn/lib/aopalliance-1.0.jar for tasks to queue
[2022-10-22T00:19:25.490+0000] {logging_mixin.py:117} INFO - [2022-10-22T00:19:25.489+0000] {dagbag.py:525} INFO - Filling up the DagBag from /opt/airflow/dags/hadoop-2.7.3/share/hadoop/yarn/lib/aopalliance-1.0.jar
[2022-10-22T00:19:25.498+0000] {processor.py:770} WARNING - No viable dags retrieved from /opt/airflow/dags/hadoop-2.7.3/share/hadoop/yarn/lib/aopalliance-1.0.jar
[2022-10-22T00:19:25.556+0000] {processor.py:178} INFO - Processing /opt/airflow/dags/hadoop-2.7.3/share/hadoop/yarn/lib/aopalliance-1.0.jar took 0.092 seconds
[2022-10-22T00:20:05.754+0000] {processor.py:156} INFO - Started process (PID=25240) to work on /opt/airflow/dags/hadoop-2.7.3/share/hadoop/yarn/lib/aopalliance-1.0.jar
[2022-10-22T00:20:05.757+0000] {processor.py:758} INFO - Processing file /opt/airflow/dags/hadoop-2.7.3/share/hadoop/yarn/lib/aopalliance-1.0.jar for tasks to queue
[2022-10-22T00:20:05.761+0000] {logging_mixin.py:117} INFO - [2022-10-22T00:20:05.760+0000] {dagbag.py:525} INFO - Filling up the DagBag from /opt/airflow/dags/hadoop-2.7.3/share/hadoop/yarn/lib/aopalliance-1.0.jar
[2022-10-22T00:20:05.769+0000] {processor.py:770} WARNING - No viable dags retrieved from /opt/airflow/dags/hadoop-2.7.3/share/hadoop/yarn/lib/aopalliance-1.0.jar
[2022-10-22T00:20:05.812+0000] {processor.py:178} INFO - Processing /opt/airflow/dags/hadoop-2.7.3/share/hadoop/yarn/lib/aopalliance-1.0.jar took 0.085 seconds
[2022-10-22T00:21:00.080+0000] {processor.py:156} INFO - Started process (PID=28298) to work on /opt/airflow/dags/hadoop-2.7.3/share/hadoop/yarn/lib/aopalliance-1.0.jar
[2022-10-22T00:21:00.086+0000] {processor.py:758} INFO - Processing file /opt/airflow/dags/hadoop-2.7.3/share/hadoop/yarn/lib/aopalliance-1.0.jar for tasks to queue
[2022-10-22T00:21:00.090+0000] {logging_mixin.py:117} INFO - [2022-10-22T00:21:00.089+0000] {dagbag.py:525} INFO - Filling up the DagBag from /opt/airflow/dags/hadoop-2.7.3/share/hadoop/yarn/lib/aopalliance-1.0.jar
[2022-10-22T00:21:00.103+0000] {processor.py:770} WARNING - No viable dags retrieved from /opt/airflow/dags/hadoop-2.7.3/share/hadoop/yarn/lib/aopalliance-1.0.jar
[2022-10-22T00:21:00.135+0000] {processor.py:178} INFO - Processing /opt/airflow/dags/hadoop-2.7.3/share/hadoop/yarn/lib/aopalliance-1.0.jar took 0.075 seconds
[2022-10-22T00:21:09.424+0000] {processor.py:156} INFO - Started process (PID=25846) to work on /opt/airflow/dags/hadoop-2.7.3/share/hadoop/yarn/lib/aopalliance-1.0.jar
[2022-10-22T00:21:09.427+0000] {processor.py:758} INFO - Processing file /opt/airflow/dags/hadoop-2.7.3/share/hadoop/yarn/lib/aopalliance-1.0.jar for tasks to queue
[2022-10-22T00:21:09.432+0000] {logging_mixin.py:117} INFO - [2022-10-22T00:21:09.430+0000] {dagbag.py:525} INFO - Filling up the DagBag from /opt/airflow/dags/hadoop-2.7.3/share/hadoop/yarn/lib/aopalliance-1.0.jar
[2022-10-22T00:21:09.466+0000] {processor.py:770} WARNING - No viable dags retrieved from /opt/airflow/dags/hadoop-2.7.3/share/hadoop/yarn/lib/aopalliance-1.0.jar
[2022-10-22T00:21:09.537+0000] {processor.py:178} INFO - Processing /opt/airflow/dags/hadoop-2.7.3/share/hadoop/yarn/lib/aopalliance-1.0.jar took 0.142 seconds
[2022-10-22T00:22:09.057+0000] {processor.py:156} INFO - Started process (PID=28946) to work on /opt/airflow/dags/hadoop-2.7.3/share/hadoop/yarn/lib/aopalliance-1.0.jar
[2022-10-22T00:22:09.041+0000] {processor.py:758} INFO - Processing file /opt/airflow/dags/hadoop-2.7.3/share/hadoop/yarn/lib/aopalliance-1.0.jar for tasks to queue
[2022-10-22T00:22:09.045+0000] {logging_mixin.py:117} INFO - [2022-10-22T00:22:09.044+0000] {dagbag.py:525} INFO - Filling up the DagBag from /opt/airflow/dags/hadoop-2.7.3/share/hadoop/yarn/lib/aopalliance-1.0.jar
[2022-10-22T00:22:09.054+0000] {processor.py:770} WARNING - No viable dags retrieved from /opt/airflow/dags/hadoop-2.7.3/share/hadoop/yarn/lib/aopalliance-1.0.jar
[2022-10-22T00:22:09.109+0000] {processor.py:178} INFO - Processing /opt/airflow/dags/hadoop-2.7.3/share/hadoop/yarn/lib/aopalliance-1.0.jar took 0.086 seconds
[2022-10-22T00:22:24.166+0000] {processor.py:156} INFO - Started process (PID=26561) to work on /opt/airflow/dags/hadoop-2.7.3/share/hadoop/yarn/lib/aopalliance-1.0.jar
[2022-10-22T00:22:24.168+0000] {processor.py:758} INFO - Processing file /opt/airflow/dags/hadoop-2.7.3/share/hadoop/yarn/lib/aopalliance-1.0.jar for tasks to queue
[2022-10-22T00:22:24.171+0000] {logging_mixin.py:117} INFO - [2022-10-22T00:22:24.170+0000] {dagbag.py:525} INFO - Filling up the DagBag from /opt/airflow/dags/hadoop-2.7.3/share/hadoop/yarn/lib/aopalliance-1.0.jar
[2022-10-22T00:22:24.177+0000] {processor.py:770} WARNING - No viable dags retrieved from /opt/airflow/dags/hadoop-2.7.3/share/hadoop/yarn/lib/aopalliance-1.0.jar
[2022-10-22T00:22:24.217+0000] {processor.py:178} INFO - Processing /opt/airflow/dags/hadoop-2.7.3/share/hadoop/yarn/lib/aopalliance-1.0.jar took 0.068 seconds
[2022-10-22T00:23:06.717+0000] {processor.py:156} INFO - Started process (PID=29474) to work on /opt/airflow/dags/hadoop-2.7.3/share/hadoop/yarn/lib/aopalliance-1.0.jar
[2022-10-22T00:23:06.720+0000] {processor.py:758} INFO - Processing file /opt/airflow/dags/hadoop-2.7.3/share/hadoop/yarn/lib/aopalliance-1.0.jar for tasks to queue
[2022-10-22T00:23:06.723+0000] {logging_mixin.py:117} INFO - [2022-10-22T00:23:06.722+0000] {dagbag.py:525} INFO - Filling up the DagBag from /opt/airflow/dags/hadoop-2.7.3/share/hadoop/yarn/lib/aopalliance-1.0.jar
[2022-10-22T00:23:06.730+0000] {processor.py:770} WARNING - No viable dags retrieved from /opt/airflow/dags/hadoop-2.7.3/share/hadoop/yarn/lib/aopalliance-1.0.jar
[2022-10-22T00:23:06.769+0000] {processor.py:178} INFO - Processing /opt/airflow/dags/hadoop-2.7.3/share/hadoop/yarn/lib/aopalliance-1.0.jar took 0.065 seconds
[2022-10-22T00:23:18.244+0000] {processor.py:156} INFO - Started process (PID=27080) to work on /opt/airflow/dags/hadoop-2.7.3/share/hadoop/yarn/lib/aopalliance-1.0.jar
[2022-10-22T00:23:18.253+0000] {processor.py:758} INFO - Processing file /opt/airflow/dags/hadoop-2.7.3/share/hadoop/yarn/lib/aopalliance-1.0.jar for tasks to queue
[2022-10-22T00:23:18.255+0000] {logging_mixin.py:117} INFO - [2022-10-22T00:23:18.255+0000] {dagbag.py:525} INFO - Filling up the DagBag from /opt/airflow/dags/hadoop-2.7.3/share/hadoop/yarn/lib/aopalliance-1.0.jar
[2022-10-22T00:23:18.264+0000] {processor.py:770} WARNING - No viable dags retrieved from /opt/airflow/dags/hadoop-2.7.3/share/hadoop/yarn/lib/aopalliance-1.0.jar
[2022-10-22T00:23:18.290+0000] {processor.py:178} INFO - Processing /opt/airflow/dags/hadoop-2.7.3/share/hadoop/yarn/lib/aopalliance-1.0.jar took 0.051 seconds
[2022-10-22T00:23:58.126+0000] {processor.py:156} INFO - Started process (PID=30036) to work on /opt/airflow/dags/hadoop-2.7.3/share/hadoop/yarn/lib/aopalliance-1.0.jar
[2022-10-22T00:23:58.128+0000] {processor.py:758} INFO - Processing file /opt/airflow/dags/hadoop-2.7.3/share/hadoop/yarn/lib/aopalliance-1.0.jar for tasks to queue
[2022-10-22T00:23:58.130+0000] {logging_mixin.py:117} INFO - [2022-10-22T00:23:58.130+0000] {dagbag.py:525} INFO - Filling up the DagBag from /opt/airflow/dags/hadoop-2.7.3/share/hadoop/yarn/lib/aopalliance-1.0.jar
[2022-10-22T00:23:58.134+0000] {processor.py:770} WARNING - No viable dags retrieved from /opt/airflow/dags/hadoop-2.7.3/share/hadoop/yarn/lib/aopalliance-1.0.jar
[2022-10-22T00:23:58.175+0000] {processor.py:178} INFO - Processing /opt/airflow/dags/hadoop-2.7.3/share/hadoop/yarn/lib/aopalliance-1.0.jar took 0.054 seconds
[2022-10-22T00:33:23.064+0000] {processor.py:156} INFO - Started process (PID=27666) to work on /opt/airflow/dags/hadoop-2.7.3/share/hadoop/yarn/lib/aopalliance-1.0.jar
[2022-10-22T00:33:23.071+0000] {processor.py:758} INFO - Processing file /opt/airflow/dags/hadoop-2.7.3/share/hadoop/yarn/lib/aopalliance-1.0.jar for tasks to queue
[2022-10-22T00:33:23.075+0000] {logging_mixin.py:117} INFO - [2022-10-22T00:33:23.075+0000] {dagbag.py:525} INFO - Filling up the DagBag from /opt/airflow/dags/hadoop-2.7.3/share/hadoop/yarn/lib/aopalliance-1.0.jar
[2022-10-22T00:33:23.080+0000] {processor.py:770} WARNING - No viable dags retrieved from /opt/airflow/dags/hadoop-2.7.3/share/hadoop/yarn/lib/aopalliance-1.0.jar
[2022-10-22T00:33:23.143+0000] {processor.py:178} INFO - Processing /opt/airflow/dags/hadoop-2.7.3/share/hadoop/yarn/lib/aopalliance-1.0.jar took 0.087 seconds
