[2022-10-22T00:00:55.420+0000] {processor.py:156} INFO - Started process (PID=19298) to work on /opt/airflow/dags/hadoop-2.7.3/share/hadoop/yarn/lib/commons-collections-3.2.2.jar
[2022-10-22T00:00:55.430+0000] {processor.py:758} INFO - Processing file /opt/airflow/dags/hadoop-2.7.3/share/hadoop/yarn/lib/commons-collections-3.2.2.jar for tasks to queue
[2022-10-22T00:00:55.432+0000] {logging_mixin.py:117} INFO - [2022-10-22T00:00:55.432+0000] {dagbag.py:525} INFO - Filling up the DagBag from /opt/airflow/dags/hadoop-2.7.3/share/hadoop/yarn/lib/commons-collections-3.2.2.jar
[2022-10-22T00:00:55.495+0000] {processor.py:770} WARNING - No viable dags retrieved from /opt/airflow/dags/hadoop-2.7.3/share/hadoop/yarn/lib/commons-collections-3.2.2.jar
[2022-10-22T00:00:55.607+0000] {processor.py:178} INFO - Processing /opt/airflow/dags/hadoop-2.7.3/share/hadoop/yarn/lib/commons-collections-3.2.2.jar took 0.195 seconds
[2022-10-22T00:01:00.854+0000] {processor.py:156} INFO - Started process (PID=17108) to work on /opt/airflow/dags/hadoop-2.7.3/share/hadoop/yarn/lib/commons-collections-3.2.2.jar
[2022-10-22T00:01:00.859+0000] {processor.py:758} INFO - Processing file /opt/airflow/dags/hadoop-2.7.3/share/hadoop/yarn/lib/commons-collections-3.2.2.jar for tasks to queue
[2022-10-22T00:01:00.864+0000] {logging_mixin.py:117} INFO - [2022-10-22T00:01:00.864+0000] {dagbag.py:525} INFO - Filling up the DagBag from /opt/airflow/dags/hadoop-2.7.3/share/hadoop/yarn/lib/commons-collections-3.2.2.jar
[2022-10-22T00:01:00.907+0000] {processor.py:770} WARNING - No viable dags retrieved from /opt/airflow/dags/hadoop-2.7.3/share/hadoop/yarn/lib/commons-collections-3.2.2.jar
[2022-10-22T00:01:00.954+0000] {processor.py:178} INFO - Processing /opt/airflow/dags/hadoop-2.7.3/share/hadoop/yarn/lib/commons-collections-3.2.2.jar took 0.134 seconds
[2022-10-22T00:02:21.222+0000] {processor.py:156} INFO - Started process (PID=17702) to work on /opt/airflow/dags/hadoop-2.7.3/share/hadoop/yarn/lib/commons-collections-3.2.2.jar
[2022-10-22T00:02:21.226+0000] {processor.py:758} INFO - Processing file /opt/airflow/dags/hadoop-2.7.3/share/hadoop/yarn/lib/commons-collections-3.2.2.jar for tasks to queue
[2022-10-22T00:02:21.231+0000] {logging_mixin.py:117} INFO - [2022-10-22T00:02:21.230+0000] {dagbag.py:525} INFO - Filling up the DagBag from /opt/airflow/dags/hadoop-2.7.3/share/hadoop/yarn/lib/commons-collections-3.2.2.jar
[2022-10-22T00:02:21.250+0000] {processor.py:770} WARNING - No viable dags retrieved from /opt/airflow/dags/hadoop-2.7.3/share/hadoop/yarn/lib/commons-collections-3.2.2.jar
[2022-10-22T00:02:21.297+0000] {processor.py:178} INFO - Processing /opt/airflow/dags/hadoop-2.7.3/share/hadoop/yarn/lib/commons-collections-3.2.2.jar took 0.094 seconds
[2022-10-22T00:02:34.183+0000] {processor.py:156} INFO - Started process (PID=20182) to work on /opt/airflow/dags/hadoop-2.7.3/share/hadoop/yarn/lib/commons-collections-3.2.2.jar
[2022-10-22T00:02:34.186+0000] {processor.py:758} INFO - Processing file /opt/airflow/dags/hadoop-2.7.3/share/hadoop/yarn/lib/commons-collections-3.2.2.jar for tasks to queue
[2022-10-22T00:02:34.189+0000] {logging_mixin.py:117} INFO - [2022-10-22T00:02:34.188+0000] {dagbag.py:525} INFO - Filling up the DagBag from /opt/airflow/dags/hadoop-2.7.3/share/hadoop/yarn/lib/commons-collections-3.2.2.jar
[2022-10-22T00:02:34.206+0000] {processor.py:770} WARNING - No viable dags retrieved from /opt/airflow/dags/hadoop-2.7.3/share/hadoop/yarn/lib/commons-collections-3.2.2.jar
[2022-10-22T00:02:34.241+0000] {processor.py:178} INFO - Processing /opt/airflow/dags/hadoop-2.7.3/share/hadoop/yarn/lib/commons-collections-3.2.2.jar took 0.066 seconds
[2022-10-22T00:04:04.076+0000] {processor.py:156} INFO - Started process (PID=18343) to work on /opt/airflow/dags/hadoop-2.7.3/share/hadoop/yarn/lib/commons-collections-3.2.2.jar
[2022-10-22T00:04:04.082+0000] {processor.py:758} INFO - Processing file /opt/airflow/dags/hadoop-2.7.3/share/hadoop/yarn/lib/commons-collections-3.2.2.jar for tasks to queue
[2022-10-22T00:04:04.085+0000] {logging_mixin.py:117} INFO - [2022-10-22T00:04:04.085+0000] {dagbag.py:525} INFO - Filling up the DagBag from /opt/airflow/dags/hadoop-2.7.3/share/hadoop/yarn/lib/commons-collections-3.2.2.jar
[2022-10-22T00:04:04.115+0000] {processor.py:770} WARNING - No viable dags retrieved from /opt/airflow/dags/hadoop-2.7.3/share/hadoop/yarn/lib/commons-collections-3.2.2.jar
[2022-10-22T00:04:04.177+0000] {processor.py:178} INFO - Processing /opt/airflow/dags/hadoop-2.7.3/share/hadoop/yarn/lib/commons-collections-3.2.2.jar took 0.109 seconds
[2022-10-22T00:04:19.035+0000] {processor.py:156} INFO - Started process (PID=20865) to work on /opt/airflow/dags/hadoop-2.7.3/share/hadoop/yarn/lib/commons-collections-3.2.2.jar
[2022-10-22T00:04:19.039+0000] {processor.py:758} INFO - Processing file /opt/airflow/dags/hadoop-2.7.3/share/hadoop/yarn/lib/commons-collections-3.2.2.jar for tasks to queue
[2022-10-22T00:04:19.042+0000] {logging_mixin.py:117} INFO - [2022-10-22T00:04:19.042+0000] {dagbag.py:525} INFO - Filling up the DagBag from /opt/airflow/dags/hadoop-2.7.3/share/hadoop/yarn/lib/commons-collections-3.2.2.jar
[2022-10-22T00:04:19.065+0000] {processor.py:770} WARNING - No viable dags retrieved from /opt/airflow/dags/hadoop-2.7.3/share/hadoop/yarn/lib/commons-collections-3.2.2.jar
[2022-10-22T00:04:19.110+0000] {processor.py:178} INFO - Processing /opt/airflow/dags/hadoop-2.7.3/share/hadoop/yarn/lib/commons-collections-3.2.2.jar took 0.085 seconds
[2022-10-22T00:05:04.073+0000] {processor.py:156} INFO - Started process (PID=18868) to work on /opt/airflow/dags/hadoop-2.7.3/share/hadoop/yarn/lib/commons-collections-3.2.2.jar
[2022-10-22T00:05:04.078+0000] {processor.py:758} INFO - Processing file /opt/airflow/dags/hadoop-2.7.3/share/hadoop/yarn/lib/commons-collections-3.2.2.jar for tasks to queue
[2022-10-22T00:05:04.081+0000] {logging_mixin.py:117} INFO - [2022-10-22T00:05:04.081+0000] {dagbag.py:525} INFO - Filling up the DagBag from /opt/airflow/dags/hadoop-2.7.3/share/hadoop/yarn/lib/commons-collections-3.2.2.jar
[2022-10-22T00:05:04.110+0000] {processor.py:770} WARNING - No viable dags retrieved from /opt/airflow/dags/hadoop-2.7.3/share/hadoop/yarn/lib/commons-collections-3.2.2.jar
[2022-10-22T00:05:04.186+0000] {processor.py:178} INFO - Processing /opt/airflow/dags/hadoop-2.7.3/share/hadoop/yarn/lib/commons-collections-3.2.2.jar took 0.128 seconds
[2022-10-22T00:05:14.095+0000] {processor.py:156} INFO - Started process (PID=21386) to work on /opt/airflow/dags/hadoop-2.7.3/share/hadoop/yarn/lib/commons-collections-3.2.2.jar
[2022-10-22T00:05:14.102+0000] {processor.py:758} INFO - Processing file /opt/airflow/dags/hadoop-2.7.3/share/hadoop/yarn/lib/commons-collections-3.2.2.jar for tasks to queue
[2022-10-22T00:05:14.109+0000] {logging_mixin.py:117} INFO - [2022-10-22T00:05:14.108+0000] {dagbag.py:525} INFO - Filling up the DagBag from /opt/airflow/dags/hadoop-2.7.3/share/hadoop/yarn/lib/commons-collections-3.2.2.jar
[2022-10-22T00:05:14.134+0000] {processor.py:770} WARNING - No viable dags retrieved from /opt/airflow/dags/hadoop-2.7.3/share/hadoop/yarn/lib/commons-collections-3.2.2.jar
[2022-10-22T00:05:14.168+0000] {processor.py:178} INFO - Processing /opt/airflow/dags/hadoop-2.7.3/share/hadoop/yarn/lib/commons-collections-3.2.2.jar took 0.089 seconds
[2022-10-22T00:06:13.506+0000] {processor.py:156} INFO - Started process (PID=19534) to work on /opt/airflow/dags/hadoop-2.7.3/share/hadoop/yarn/lib/commons-collections-3.2.2.jar
[2022-10-22T00:06:13.512+0000] {processor.py:758} INFO - Processing file /opt/airflow/dags/hadoop-2.7.3/share/hadoop/yarn/lib/commons-collections-3.2.2.jar for tasks to queue
[2022-10-22T00:06:13.515+0000] {logging_mixin.py:117} INFO - [2022-10-22T00:06:13.514+0000] {dagbag.py:525} INFO - Filling up the DagBag from /opt/airflow/dags/hadoop-2.7.3/share/hadoop/yarn/lib/commons-collections-3.2.2.jar
[2022-10-22T00:06:13.540+0000] {processor.py:770} WARNING - No viable dags retrieved from /opt/airflow/dags/hadoop-2.7.3/share/hadoop/yarn/lib/commons-collections-3.2.2.jar
[2022-10-22T00:06:13.608+0000] {processor.py:178} INFO - Processing /opt/airflow/dags/hadoop-2.7.3/share/hadoop/yarn/lib/commons-collections-3.2.2.jar took 0.108 seconds
[2022-10-22T00:06:20.006+0000] {processor.py:156} INFO - Started process (PID=22033) to work on /opt/airflow/dags/hadoop-2.7.3/share/hadoop/yarn/lib/commons-collections-3.2.2.jar
[2022-10-22T00:06:20.009+0000] {processor.py:758} INFO - Processing file /opt/airflow/dags/hadoop-2.7.3/share/hadoop/yarn/lib/commons-collections-3.2.2.jar for tasks to queue
[2022-10-22T00:06:20.011+0000] {logging_mixin.py:117} INFO - [2022-10-22T00:06:20.011+0000] {dagbag.py:525} INFO - Filling up the DagBag from /opt/airflow/dags/hadoop-2.7.3/share/hadoop/yarn/lib/commons-collections-3.2.2.jar
[2022-10-22T00:06:20.034+0000] {processor.py:770} WARNING - No viable dags retrieved from /opt/airflow/dags/hadoop-2.7.3/share/hadoop/yarn/lib/commons-collections-3.2.2.jar
[2022-10-22T00:06:20.087+0000] {processor.py:178} INFO - Processing /opt/airflow/dags/hadoop-2.7.3/share/hadoop/yarn/lib/commons-collections-3.2.2.jar took 0.096 seconds
[2022-10-22T00:07:05.763+0000] {processor.py:156} INFO - Started process (PID=20048) to work on /opt/airflow/dags/hadoop-2.7.3/share/hadoop/yarn/lib/commons-collections-3.2.2.jar
[2022-10-22T00:07:05.766+0000] {processor.py:758} INFO - Processing file /opt/airflow/dags/hadoop-2.7.3/share/hadoop/yarn/lib/commons-collections-3.2.2.jar for tasks to queue
[2022-10-22T00:07:05.769+0000] {logging_mixin.py:117} INFO - [2022-10-22T00:07:05.769+0000] {dagbag.py:525} INFO - Filling up the DagBag from /opt/airflow/dags/hadoop-2.7.3/share/hadoop/yarn/lib/commons-collections-3.2.2.jar
[2022-10-22T00:07:05.811+0000] {processor.py:770} WARNING - No viable dags retrieved from /opt/airflow/dags/hadoop-2.7.3/share/hadoop/yarn/lib/commons-collections-3.2.2.jar
[2022-10-22T00:07:05.850+0000] {processor.py:178} INFO - Processing /opt/airflow/dags/hadoop-2.7.3/share/hadoop/yarn/lib/commons-collections-3.2.2.jar took 0.094 seconds
[2022-10-22T00:07:25.211+0000] {processor.py:156} INFO - Started process (PID=22709) to work on /opt/airflow/dags/hadoop-2.7.3/share/hadoop/yarn/lib/commons-collections-3.2.2.jar
[2022-10-22T00:07:25.214+0000] {processor.py:758} INFO - Processing file /opt/airflow/dags/hadoop-2.7.3/share/hadoop/yarn/lib/commons-collections-3.2.2.jar for tasks to queue
[2022-10-22T00:07:25.216+0000] {logging_mixin.py:117} INFO - [2022-10-22T00:07:25.216+0000] {dagbag.py:525} INFO - Filling up the DagBag from /opt/airflow/dags/hadoop-2.7.3/share/hadoop/yarn/lib/commons-collections-3.2.2.jar
[2022-10-22T00:07:25.254+0000] {processor.py:770} WARNING - No viable dags retrieved from /opt/airflow/dags/hadoop-2.7.3/share/hadoop/yarn/lib/commons-collections-3.2.2.jar
[2022-10-22T00:07:25.297+0000] {processor.py:178} INFO - Processing /opt/airflow/dags/hadoop-2.7.3/share/hadoop/yarn/lib/commons-collections-3.2.2.jar took 0.109 seconds
[2022-10-22T00:09:10.356+0000] {processor.py:156} INFO - Started process (PID=20856) to work on /opt/airflow/dags/hadoop-2.7.3/share/hadoop/yarn/lib/commons-collections-3.2.2.jar
[2022-10-22T00:09:10.360+0000] {processor.py:758} INFO - Processing file /opt/airflow/dags/hadoop-2.7.3/share/hadoop/yarn/lib/commons-collections-3.2.2.jar for tasks to queue
[2022-10-22T00:09:10.364+0000] {logging_mixin.py:117} INFO - [2022-10-22T00:09:10.363+0000] {dagbag.py:525} INFO - Filling up the DagBag from /opt/airflow/dags/hadoop-2.7.3/share/hadoop/yarn/lib/commons-collections-3.2.2.jar
[2022-10-22T00:09:10.400+0000] {processor.py:770} WARNING - No viable dags retrieved from /opt/airflow/dags/hadoop-2.7.3/share/hadoop/yarn/lib/commons-collections-3.2.2.jar
[2022-10-22T00:09:10.471+0000] {processor.py:178} INFO - Processing /opt/airflow/dags/hadoop-2.7.3/share/hadoop/yarn/lib/commons-collections-3.2.2.jar took 0.133 seconds
[2022-10-22T00:09:25.097+0000] {processor.py:156} INFO - Started process (PID=23476) to work on /opt/airflow/dags/hadoop-2.7.3/share/hadoop/yarn/lib/commons-collections-3.2.2.jar
[2022-10-22T00:09:25.101+0000] {processor.py:758} INFO - Processing file /opt/airflow/dags/hadoop-2.7.3/share/hadoop/yarn/lib/commons-collections-3.2.2.jar for tasks to queue
[2022-10-22T00:09:25.104+0000] {logging_mixin.py:117} INFO - [2022-10-22T00:09:25.104+0000] {dagbag.py:525} INFO - Filling up the DagBag from /opt/airflow/dags/hadoop-2.7.3/share/hadoop/yarn/lib/commons-collections-3.2.2.jar
[2022-10-22T00:09:25.124+0000] {processor.py:770} WARNING - No viable dags retrieved from /opt/airflow/dags/hadoop-2.7.3/share/hadoop/yarn/lib/commons-collections-3.2.2.jar
[2022-10-22T00:09:25.170+0000] {processor.py:178} INFO - Processing /opt/airflow/dags/hadoop-2.7.3/share/hadoop/yarn/lib/commons-collections-3.2.2.jar took 0.081 seconds
[2022-10-22T00:11:15.941+0000] {processor.py:156} INFO - Started process (PID=21381) to work on /opt/airflow/dags/hadoop-2.7.3/share/hadoop/yarn/lib/commons-collections-3.2.2.jar
[2022-10-22T00:11:15.945+0000] {processor.py:758} INFO - Processing file /opt/airflow/dags/hadoop-2.7.3/share/hadoop/yarn/lib/commons-collections-3.2.2.jar for tasks to queue
[2022-10-22T00:11:15.947+0000] {logging_mixin.py:117} INFO - [2022-10-22T00:11:15.947+0000] {dagbag.py:525} INFO - Filling up the DagBag from /opt/airflow/dags/hadoop-2.7.3/share/hadoop/yarn/lib/commons-collections-3.2.2.jar
[2022-10-22T00:11:15.963+0000] {processor.py:770} WARNING - No viable dags retrieved from /opt/airflow/dags/hadoop-2.7.3/share/hadoop/yarn/lib/commons-collections-3.2.2.jar
[2022-10-22T00:11:15.988+0000] {processor.py:178} INFO - Processing /opt/airflow/dags/hadoop-2.7.3/share/hadoop/yarn/lib/commons-collections-3.2.2.jar took 0.065 seconds
[2022-10-22T00:11:40.566+0000] {processor.py:156} INFO - Started process (PID=24239) to work on /opt/airflow/dags/hadoop-2.7.3/share/hadoop/yarn/lib/commons-collections-3.2.2.jar
[2022-10-22T00:11:40.570+0000] {processor.py:758} INFO - Processing file /opt/airflow/dags/hadoop-2.7.3/share/hadoop/yarn/lib/commons-collections-3.2.2.jar for tasks to queue
[2022-10-22T00:11:40.572+0000] {logging_mixin.py:117} INFO - [2022-10-22T00:11:40.571+0000] {dagbag.py:525} INFO - Filling up the DagBag from /opt/airflow/dags/hadoop-2.7.3/share/hadoop/yarn/lib/commons-collections-3.2.2.jar
[2022-10-22T00:11:40.588+0000] {processor.py:770} WARNING - No viable dags retrieved from /opt/airflow/dags/hadoop-2.7.3/share/hadoop/yarn/lib/commons-collections-3.2.2.jar
[2022-10-22T00:11:40.616+0000] {processor.py:178} INFO - Processing /opt/airflow/dags/hadoop-2.7.3/share/hadoop/yarn/lib/commons-collections-3.2.2.jar took 0.058 seconds
[2022-10-22T00:11:54.156+0000] {processor.py:156} INFO - Started process (PID=21910) to work on /opt/airflow/dags/hadoop-2.7.3/share/hadoop/yarn/lib/commons-collections-3.2.2.jar
[2022-10-22T00:11:54.159+0000] {processor.py:758} INFO - Processing file /opt/airflow/dags/hadoop-2.7.3/share/hadoop/yarn/lib/commons-collections-3.2.2.jar for tasks to queue
[2022-10-22T00:11:54.160+0000] {logging_mixin.py:117} INFO - [2022-10-22T00:11:54.160+0000] {dagbag.py:525} INFO - Filling up the DagBag from /opt/airflow/dags/hadoop-2.7.3/share/hadoop/yarn/lib/commons-collections-3.2.2.jar
[2022-10-22T00:11:54.177+0000] {processor.py:770} WARNING - No viable dags retrieved from /opt/airflow/dags/hadoop-2.7.3/share/hadoop/yarn/lib/commons-collections-3.2.2.jar
[2022-10-22T00:11:54.202+0000] {processor.py:178} INFO - Processing /opt/airflow/dags/hadoop-2.7.3/share/hadoop/yarn/lib/commons-collections-3.2.2.jar took 0.052 seconds
[2022-10-22T00:12:30.665+0000] {processor.py:156} INFO - Started process (PID=24763) to work on /opt/airflow/dags/hadoop-2.7.3/share/hadoop/yarn/lib/commons-collections-3.2.2.jar
[2022-10-22T00:12:30.670+0000] {processor.py:758} INFO - Processing file /opt/airflow/dags/hadoop-2.7.3/share/hadoop/yarn/lib/commons-collections-3.2.2.jar for tasks to queue
[2022-10-22T00:12:30.673+0000] {logging_mixin.py:117} INFO - [2022-10-22T00:12:30.673+0000] {dagbag.py:525} INFO - Filling up the DagBag from /opt/airflow/dags/hadoop-2.7.3/share/hadoop/yarn/lib/commons-collections-3.2.2.jar
[2022-10-22T00:12:30.703+0000] {processor.py:770} WARNING - No viable dags retrieved from /opt/airflow/dags/hadoop-2.7.3/share/hadoop/yarn/lib/commons-collections-3.2.2.jar
[2022-10-22T00:12:30.769+0000] {processor.py:178} INFO - Processing /opt/airflow/dags/hadoop-2.7.3/share/hadoop/yarn/lib/commons-collections-3.2.2.jar took 0.112 seconds
[2022-10-22T00:15:41.056+0000] {processor.py:156} INFO - Started process (PID=22846) to work on /opt/airflow/dags/hadoop-2.7.3/share/hadoop/yarn/lib/commons-collections-3.2.2.jar
[2022-10-22T00:15:41.072+0000] {processor.py:758} INFO - Processing file /opt/airflow/dags/hadoop-2.7.3/share/hadoop/yarn/lib/commons-collections-3.2.2.jar for tasks to queue
[2022-10-22T00:15:41.079+0000] {logging_mixin.py:117} INFO - [2022-10-22T00:15:41.078+0000] {dagbag.py:525} INFO - Filling up the DagBag from /opt/airflow/dags/hadoop-2.7.3/share/hadoop/yarn/lib/commons-collections-3.2.2.jar
[2022-10-22T00:15:41.134+0000] {processor.py:770} WARNING - No viable dags retrieved from /opt/airflow/dags/hadoop-2.7.3/share/hadoop/yarn/lib/commons-collections-3.2.2.jar
[2022-10-22T00:15:41.184+0000] {processor.py:178} INFO - Processing /opt/airflow/dags/hadoop-2.7.3/share/hadoop/yarn/lib/commons-collections-3.2.2.jar took 0.140 seconds
[2022-10-22T00:15:53.394+0000] {processor.py:156} INFO - Started process (PID=25407) to work on /opt/airflow/dags/hadoop-2.7.3/share/hadoop/yarn/lib/commons-collections-3.2.2.jar
[2022-10-22T00:15:53.404+0000] {processor.py:758} INFO - Processing file /opt/airflow/dags/hadoop-2.7.3/share/hadoop/yarn/lib/commons-collections-3.2.2.jar for tasks to queue
[2022-10-22T00:15:53.410+0000] {logging_mixin.py:117} INFO - [2022-10-22T00:15:53.409+0000] {dagbag.py:525} INFO - Filling up the DagBag from /opt/airflow/dags/hadoop-2.7.3/share/hadoop/yarn/lib/commons-collections-3.2.2.jar
[2022-10-22T00:15:53.441+0000] {processor.py:770} WARNING - No viable dags retrieved from /opt/airflow/dags/hadoop-2.7.3/share/hadoop/yarn/lib/commons-collections-3.2.2.jar
[2022-10-22T00:15:53.518+0000] {processor.py:178} INFO - Processing /opt/airflow/dags/hadoop-2.7.3/share/hadoop/yarn/lib/commons-collections-3.2.2.jar took 0.137 seconds
[2022-10-22T00:16:35.736+0000] {processor.py:156} INFO - Started process (PID=23425) to work on /opt/airflow/dags/hadoop-2.7.3/share/hadoop/yarn/lib/commons-collections-3.2.2.jar
[2022-10-22T00:16:35.739+0000] {processor.py:758} INFO - Processing file /opt/airflow/dags/hadoop-2.7.3/share/hadoop/yarn/lib/commons-collections-3.2.2.jar for tasks to queue
[2022-10-22T00:16:35.741+0000] {logging_mixin.py:117} INFO - [2022-10-22T00:16:35.741+0000] {dagbag.py:525} INFO - Filling up the DagBag from /opt/airflow/dags/hadoop-2.7.3/share/hadoop/yarn/lib/commons-collections-3.2.2.jar
[2022-10-22T00:16:35.757+0000] {processor.py:770} WARNING - No viable dags retrieved from /opt/airflow/dags/hadoop-2.7.3/share/hadoop/yarn/lib/commons-collections-3.2.2.jar
[2022-10-22T00:16:35.791+0000] {processor.py:178} INFO - Processing /opt/airflow/dags/hadoop-2.7.3/share/hadoop/yarn/lib/commons-collections-3.2.2.jar took 0.063 seconds
[2022-10-22T00:16:41.009+0000] {processor.py:156} INFO - Started process (PID=25930) to work on /opt/airflow/dags/hadoop-2.7.3/share/hadoop/yarn/lib/commons-collections-3.2.2.jar
[2022-10-22T00:16:41.013+0000] {processor.py:758} INFO - Processing file /opt/airflow/dags/hadoop-2.7.3/share/hadoop/yarn/lib/commons-collections-3.2.2.jar for tasks to queue
[2022-10-22T00:16:41.015+0000] {logging_mixin.py:117} INFO - [2022-10-22T00:16:41.015+0000] {dagbag.py:525} INFO - Filling up the DagBag from /opt/airflow/dags/hadoop-2.7.3/share/hadoop/yarn/lib/commons-collections-3.2.2.jar
[2022-10-22T00:16:41.038+0000] {processor.py:770} WARNING - No viable dags retrieved from /opt/airflow/dags/hadoop-2.7.3/share/hadoop/yarn/lib/commons-collections-3.2.2.jar
[2022-10-22T00:16:41.092+0000] {processor.py:178} INFO - Processing /opt/airflow/dags/hadoop-2.7.3/share/hadoop/yarn/lib/commons-collections-3.2.2.jar took 0.093 seconds
[2022-10-22T00:17:30.212+0000] {processor.py:156} INFO - Started process (PID=23994) to work on /opt/airflow/dags/hadoop-2.7.3/share/hadoop/yarn/lib/commons-collections-3.2.2.jar
[2022-10-22T00:17:30.218+0000] {processor.py:758} INFO - Processing file /opt/airflow/dags/hadoop-2.7.3/share/hadoop/yarn/lib/commons-collections-3.2.2.jar for tasks to queue
[2022-10-22T00:17:30.221+0000] {logging_mixin.py:117} INFO - [2022-10-22T00:17:30.221+0000] {dagbag.py:525} INFO - Filling up the DagBag from /opt/airflow/dags/hadoop-2.7.3/share/hadoop/yarn/lib/commons-collections-3.2.2.jar
[2022-10-22T00:17:30.241+0000] {processor.py:770} WARNING - No viable dags retrieved from /opt/airflow/dags/hadoop-2.7.3/share/hadoop/yarn/lib/commons-collections-3.2.2.jar
[2022-10-22T00:17:30.301+0000] {processor.py:178} INFO - Processing /opt/airflow/dags/hadoop-2.7.3/share/hadoop/yarn/lib/commons-collections-3.2.2.jar took 0.105 seconds
[2022-10-22T00:17:37.078+0000] {processor.py:156} INFO - Started process (PID=26527) to work on /opt/airflow/dags/hadoop-2.7.3/share/hadoop/yarn/lib/commons-collections-3.2.2.jar
[2022-10-22T00:17:37.081+0000] {processor.py:758} INFO - Processing file /opt/airflow/dags/hadoop-2.7.3/share/hadoop/yarn/lib/commons-collections-3.2.2.jar for tasks to queue
[2022-10-22T00:17:37.087+0000] {logging_mixin.py:117} INFO - [2022-10-22T00:17:37.087+0000] {dagbag.py:525} INFO - Filling up the DagBag from /opt/airflow/dags/hadoop-2.7.3/share/hadoop/yarn/lib/commons-collections-3.2.2.jar
[2022-10-22T00:17:37.113+0000] {processor.py:770} WARNING - No viable dags retrieved from /opt/airflow/dags/hadoop-2.7.3/share/hadoop/yarn/lib/commons-collections-3.2.2.jar
[2022-10-22T00:17:37.169+0000] {processor.py:178} INFO - Processing /opt/airflow/dags/hadoop-2.7.3/share/hadoop/yarn/lib/commons-collections-3.2.2.jar took 0.098 seconds
[2022-10-22T00:18:29.290+0000] {processor.py:156} INFO - Started process (PID=24610) to work on /opt/airflow/dags/hadoop-2.7.3/share/hadoop/yarn/lib/commons-collections-3.2.2.jar
[2022-10-22T00:18:29.293+0000] {processor.py:758} INFO - Processing file /opt/airflow/dags/hadoop-2.7.3/share/hadoop/yarn/lib/commons-collections-3.2.2.jar for tasks to queue
[2022-10-22T00:18:29.295+0000] {logging_mixin.py:117} INFO - [2022-10-22T00:18:29.295+0000] {dagbag.py:525} INFO - Filling up the DagBag from /opt/airflow/dags/hadoop-2.7.3/share/hadoop/yarn/lib/commons-collections-3.2.2.jar
[2022-10-22T00:18:29.315+0000] {processor.py:770} WARNING - No viable dags retrieved from /opt/airflow/dags/hadoop-2.7.3/share/hadoop/yarn/lib/commons-collections-3.2.2.jar
[2022-10-22T00:18:29.364+0000] {processor.py:178} INFO - Processing /opt/airflow/dags/hadoop-2.7.3/share/hadoop/yarn/lib/commons-collections-3.2.2.jar took 0.085 seconds
[2022-10-22T00:18:30.482+0000] {processor.py:156} INFO - Started process (PID=27102) to work on /opt/airflow/dags/hadoop-2.7.3/share/hadoop/yarn/lib/commons-collections-3.2.2.jar
[2022-10-22T00:18:30.485+0000] {processor.py:758} INFO - Processing file /opt/airflow/dags/hadoop-2.7.3/share/hadoop/yarn/lib/commons-collections-3.2.2.jar for tasks to queue
[2022-10-22T00:18:30.489+0000] {logging_mixin.py:117} INFO - [2022-10-22T00:18:30.488+0000] {dagbag.py:525} INFO - Filling up the DagBag from /opt/airflow/dags/hadoop-2.7.3/share/hadoop/yarn/lib/commons-collections-3.2.2.jar
[2022-10-22T00:18:30.512+0000] {processor.py:770} WARNING - No viable dags retrieved from /opt/airflow/dags/hadoop-2.7.3/share/hadoop/yarn/lib/commons-collections-3.2.2.jar
[2022-10-22T00:18:30.597+0000] {processor.py:178} INFO - Processing /opt/airflow/dags/hadoop-2.7.3/share/hadoop/yarn/lib/commons-collections-3.2.2.jar took 0.128 seconds
[2022-10-22T00:19:25.884+0000] {processor.py:156} INFO - Started process (PID=27686) to work on /opt/airflow/dags/hadoop-2.7.3/share/hadoop/yarn/lib/commons-collections-3.2.2.jar
[2022-10-22T00:19:25.889+0000] {processor.py:758} INFO - Processing file /opt/airflow/dags/hadoop-2.7.3/share/hadoop/yarn/lib/commons-collections-3.2.2.jar for tasks to queue
[2022-10-22T00:19:25.893+0000] {logging_mixin.py:117} INFO - [2022-10-22T00:19:25.891+0000] {dagbag.py:525} INFO - Filling up the DagBag from /opt/airflow/dags/hadoop-2.7.3/share/hadoop/yarn/lib/commons-collections-3.2.2.jar
[2022-10-22T00:19:25.921+0000] {processor.py:770} WARNING - No viable dags retrieved from /opt/airflow/dags/hadoop-2.7.3/share/hadoop/yarn/lib/commons-collections-3.2.2.jar
[2022-10-22T00:19:25.956+0000] {processor.py:178} INFO - Processing /opt/airflow/dags/hadoop-2.7.3/share/hadoop/yarn/lib/commons-collections-3.2.2.jar took 0.085 seconds
[2022-10-22T00:20:06.037+0000] {processor.py:156} INFO - Started process (PID=25244) to work on /opt/airflow/dags/hadoop-2.7.3/share/hadoop/yarn/lib/commons-collections-3.2.2.jar
[2022-10-22T00:20:06.041+0000] {processor.py:758} INFO - Processing file /opt/airflow/dags/hadoop-2.7.3/share/hadoop/yarn/lib/commons-collections-3.2.2.jar for tasks to queue
[2022-10-22T00:20:06.044+0000] {logging_mixin.py:117} INFO - [2022-10-22T00:20:06.043+0000] {dagbag.py:525} INFO - Filling up the DagBag from /opt/airflow/dags/hadoop-2.7.3/share/hadoop/yarn/lib/commons-collections-3.2.2.jar
[2022-10-22T00:20:06.070+0000] {processor.py:770} WARNING - No viable dags retrieved from /opt/airflow/dags/hadoop-2.7.3/share/hadoop/yarn/lib/commons-collections-3.2.2.jar
[2022-10-22T00:20:06.100+0000] {processor.py:178} INFO - Processing /opt/airflow/dags/hadoop-2.7.3/share/hadoop/yarn/lib/commons-collections-3.2.2.jar took 0.071 seconds
[2022-10-22T00:21:00.369+0000] {processor.py:156} INFO - Started process (PID=28302) to work on /opt/airflow/dags/hadoop-2.7.3/share/hadoop/yarn/lib/commons-collections-3.2.2.jar
[2022-10-22T00:21:00.372+0000] {processor.py:758} INFO - Processing file /opt/airflow/dags/hadoop-2.7.3/share/hadoop/yarn/lib/commons-collections-3.2.2.jar for tasks to queue
[2022-10-22T00:21:00.374+0000] {logging_mixin.py:117} INFO - [2022-10-22T00:21:00.374+0000] {dagbag.py:525} INFO - Filling up the DagBag from /opt/airflow/dags/hadoop-2.7.3/share/hadoop/yarn/lib/commons-collections-3.2.2.jar
[2022-10-22T00:21:00.395+0000] {processor.py:770} WARNING - No viable dags retrieved from /opt/airflow/dags/hadoop-2.7.3/share/hadoop/yarn/lib/commons-collections-3.2.2.jar
[2022-10-22T00:21:00.454+0000] {processor.py:178} INFO - Processing /opt/airflow/dags/hadoop-2.7.3/share/hadoop/yarn/lib/commons-collections-3.2.2.jar took 0.100 seconds
[2022-10-22T00:21:09.818+0000] {processor.py:156} INFO - Started process (PID=25850) to work on /opt/airflow/dags/hadoop-2.7.3/share/hadoop/yarn/lib/commons-collections-3.2.2.jar
[2022-10-22T00:21:09.833+0000] {processor.py:758} INFO - Processing file /opt/airflow/dags/hadoop-2.7.3/share/hadoop/yarn/lib/commons-collections-3.2.2.jar for tasks to queue
[2022-10-22T00:21:09.838+0000] {logging_mixin.py:117} INFO - [2022-10-22T00:21:09.837+0000] {dagbag.py:525} INFO - Filling up the DagBag from /opt/airflow/dags/hadoop-2.7.3/share/hadoop/yarn/lib/commons-collections-3.2.2.jar
[2022-10-22T00:21:09.894+0000] {processor.py:770} WARNING - No viable dags retrieved from /opt/airflow/dags/hadoop-2.7.3/share/hadoop/yarn/lib/commons-collections-3.2.2.jar
[2022-10-22T00:21:09.925+0000] {processor.py:178} INFO - Processing /opt/airflow/dags/hadoop-2.7.3/share/hadoop/yarn/lib/commons-collections-3.2.2.jar took 0.119 seconds
[2022-10-22T00:22:09.347+0000] {processor.py:156} INFO - Started process (PID=28950) to work on /opt/airflow/dags/hadoop-2.7.3/share/hadoop/yarn/lib/commons-collections-3.2.2.jar
[2022-10-22T00:22:09.353+0000] {processor.py:758} INFO - Processing file /opt/airflow/dags/hadoop-2.7.3/share/hadoop/yarn/lib/commons-collections-3.2.2.jar for tasks to queue
[2022-10-22T00:22:09.356+0000] {logging_mixin.py:117} INFO - [2022-10-22T00:22:09.355+0000] {dagbag.py:525} INFO - Filling up the DagBag from /opt/airflow/dags/hadoop-2.7.3/share/hadoop/yarn/lib/commons-collections-3.2.2.jar
[2022-10-22T00:22:09.381+0000] {processor.py:770} WARNING - No viable dags retrieved from /opt/airflow/dags/hadoop-2.7.3/share/hadoop/yarn/lib/commons-collections-3.2.2.jar
[2022-10-22T00:22:09.413+0000] {processor.py:178} INFO - Processing /opt/airflow/dags/hadoop-2.7.3/share/hadoop/yarn/lib/commons-collections-3.2.2.jar took 0.079 seconds
[2022-10-22T00:22:24.656+0000] {processor.py:156} INFO - Started process (PID=26567) to work on /opt/airflow/dags/hadoop-2.7.3/share/hadoop/yarn/lib/commons-collections-3.2.2.jar
[2022-10-22T00:22:24.660+0000] {processor.py:758} INFO - Processing file /opt/airflow/dags/hadoop-2.7.3/share/hadoop/yarn/lib/commons-collections-3.2.2.jar for tasks to queue
[2022-10-22T00:22:24.663+0000] {logging_mixin.py:117} INFO - [2022-10-22T00:22:24.663+0000] {dagbag.py:525} INFO - Filling up the DagBag from /opt/airflow/dags/hadoop-2.7.3/share/hadoop/yarn/lib/commons-collections-3.2.2.jar
[2022-10-22T00:22:24.694+0000] {processor.py:770} WARNING - No viable dags retrieved from /opt/airflow/dags/hadoop-2.7.3/share/hadoop/yarn/lib/commons-collections-3.2.2.jar
[2022-10-22T00:22:24.757+0000] {processor.py:178} INFO - Processing /opt/airflow/dags/hadoop-2.7.3/share/hadoop/yarn/lib/commons-collections-3.2.2.jar took 0.116 seconds
[2022-10-22T00:23:18.540+0000] {processor.py:156} INFO - Started process (PID=27084) to work on /opt/airflow/dags/hadoop-2.7.3/share/hadoop/yarn/lib/commons-collections-3.2.2.jar
[2022-10-22T00:23:18.543+0000] {processor.py:758} INFO - Processing file /opt/airflow/dags/hadoop-2.7.3/share/hadoop/yarn/lib/commons-collections-3.2.2.jar for tasks to queue
[2022-10-22T00:23:18.546+0000] {logging_mixin.py:117} INFO - [2022-10-22T00:23:18.545+0000] {dagbag.py:525} INFO - Filling up the DagBag from /opt/airflow/dags/hadoop-2.7.3/share/hadoop/yarn/lib/commons-collections-3.2.2.jar
[2022-10-22T00:23:18.565+0000] {processor.py:770} WARNING - No viable dags retrieved from /opt/airflow/dags/hadoop-2.7.3/share/hadoop/yarn/lib/commons-collections-3.2.2.jar
[2022-10-22T00:23:18.615+0000] {processor.py:178} INFO - Processing /opt/airflow/dags/hadoop-2.7.3/share/hadoop/yarn/lib/commons-collections-3.2.2.jar took 0.082 seconds
[2022-10-22T00:23:23.803+0000] {processor.py:156} INFO - Started process (PID=29699) to work on /opt/airflow/dags/hadoop-2.7.3/share/hadoop/yarn/lib/commons-collections-3.2.2.jar
[2022-10-22T00:23:23.805+0000] {processor.py:758} INFO - Processing file /opt/airflow/dags/hadoop-2.7.3/share/hadoop/yarn/lib/commons-collections-3.2.2.jar for tasks to queue
[2022-10-22T00:23:23.808+0000] {logging_mixin.py:117} INFO - [2022-10-22T00:23:23.808+0000] {dagbag.py:525} INFO - Filling up the DagBag from /opt/airflow/dags/hadoop-2.7.3/share/hadoop/yarn/lib/commons-collections-3.2.2.jar
[2022-10-22T00:23:23.841+0000] {processor.py:770} WARNING - No viable dags retrieved from /opt/airflow/dags/hadoop-2.7.3/share/hadoop/yarn/lib/commons-collections-3.2.2.jar
[2022-10-22T00:23:23.874+0000] {processor.py:178} INFO - Processing /opt/airflow/dags/hadoop-2.7.3/share/hadoop/yarn/lib/commons-collections-3.2.2.jar took 0.078 seconds
[2022-10-22T00:24:07.478+0000] {processor.py:156} INFO - Started process (PID=30219) to work on /opt/airflow/dags/hadoop-2.7.3/share/hadoop/yarn/lib/commons-collections-3.2.2.jar
[2022-10-22T00:24:07.480+0000] {processor.py:758} INFO - Processing file /opt/airflow/dags/hadoop-2.7.3/share/hadoop/yarn/lib/commons-collections-3.2.2.jar for tasks to queue
[2022-10-22T00:24:07.483+0000] {logging_mixin.py:117} INFO - [2022-10-22T00:24:07.482+0000] {dagbag.py:525} INFO - Filling up the DagBag from /opt/airflow/dags/hadoop-2.7.3/share/hadoop/yarn/lib/commons-collections-3.2.2.jar
[2022-10-22T00:24:07.497+0000] {processor.py:770} WARNING - No viable dags retrieved from /opt/airflow/dags/hadoop-2.7.3/share/hadoop/yarn/lib/commons-collections-3.2.2.jar
[2022-10-22T00:24:07.517+0000] {processor.py:178} INFO - Processing /opt/airflow/dags/hadoop-2.7.3/share/hadoop/yarn/lib/commons-collections-3.2.2.jar took 0.051 seconds
[2022-10-22T00:33:23.405+0000] {processor.py:156} INFO - Started process (PID=27670) to work on /opt/airflow/dags/hadoop-2.7.3/share/hadoop/yarn/lib/commons-collections-3.2.2.jar
[2022-10-22T00:33:23.413+0000] {processor.py:758} INFO - Processing file /opt/airflow/dags/hadoop-2.7.3/share/hadoop/yarn/lib/commons-collections-3.2.2.jar for tasks to queue
[2022-10-22T00:33:23.414+0000] {logging_mixin.py:117} INFO - [2022-10-22T00:33:23.414+0000] {dagbag.py:525} INFO - Filling up the DagBag from /opt/airflow/dags/hadoop-2.7.3/share/hadoop/yarn/lib/commons-collections-3.2.2.jar
[2022-10-22T00:33:23.451+0000] {processor.py:770} WARNING - No viable dags retrieved from /opt/airflow/dags/hadoop-2.7.3/share/hadoop/yarn/lib/commons-collections-3.2.2.jar
[2022-10-22T00:33:23.475+0000] {processor.py:178} INFO - Processing /opt/airflow/dags/hadoop-2.7.3/share/hadoop/yarn/lib/commons-collections-3.2.2.jar took 0.078 seconds
