[2022-10-22T00:00:56.489+0000] {processor.py:156} INFO - Started process (PID=19304) to work on /opt/airflow/dags/hadoop-2.7.3/share/hadoop/yarn/lib/guava-11.0.2.jar
[2022-10-22T00:00:56.502+0000] {processor.py:758} INFO - Processing file /opt/airflow/dags/hadoop-2.7.3/share/hadoop/yarn/lib/guava-11.0.2.jar for tasks to queue
[2022-10-22T00:00:56.506+0000] {logging_mixin.py:117} INFO - [2022-10-22T00:00:56.505+0000] {dagbag.py:525} INFO - Filling up the DagBag from /opt/airflow/dags/hadoop-2.7.3/share/hadoop/yarn/lib/guava-11.0.2.jar
[2022-10-22T00:00:56.635+0000] {processor.py:770} WARNING - No viable dags retrieved from /opt/airflow/dags/hadoop-2.7.3/share/hadoop/yarn/lib/guava-11.0.2.jar
[2022-10-22T00:00:56.724+0000] {processor.py:178} INFO - Processing /opt/airflow/dags/hadoop-2.7.3/share/hadoop/yarn/lib/guava-11.0.2.jar took 0.246 seconds
[2022-10-22T00:01:01.692+0000] {processor.py:156} INFO - Started process (PID=17113) to work on /opt/airflow/dags/hadoop-2.7.3/share/hadoop/yarn/lib/guava-11.0.2.jar
[2022-10-22T00:01:01.708+0000] {processor.py:758} INFO - Processing file /opt/airflow/dags/hadoop-2.7.3/share/hadoop/yarn/lib/guava-11.0.2.jar for tasks to queue
[2022-10-22T00:01:01.724+0000] {logging_mixin.py:117} INFO - [2022-10-22T00:01:01.723+0000] {dagbag.py:525} INFO - Filling up the DagBag from /opt/airflow/dags/hadoop-2.7.3/share/hadoop/yarn/lib/guava-11.0.2.jar
[2022-10-22T00:01:01.903+0000] {processor.py:770} WARNING - No viable dags retrieved from /opt/airflow/dags/hadoop-2.7.3/share/hadoop/yarn/lib/guava-11.0.2.jar
[2022-10-22T00:01:02.019+0000] {processor.py:178} INFO - Processing /opt/airflow/dags/hadoop-2.7.3/share/hadoop/yarn/lib/guava-11.0.2.jar took 0.356 seconds
[2022-10-22T00:02:21.771+0000] {processor.py:156} INFO - Started process (PID=17707) to work on /opt/airflow/dags/hadoop-2.7.3/share/hadoop/yarn/lib/guava-11.0.2.jar
[2022-10-22T00:02:21.775+0000] {processor.py:758} INFO - Processing file /opt/airflow/dags/hadoop-2.7.3/share/hadoop/yarn/lib/guava-11.0.2.jar for tasks to queue
[2022-10-22T00:02:21.780+0000] {logging_mixin.py:117} INFO - [2022-10-22T00:02:21.778+0000] {dagbag.py:525} INFO - Filling up the DagBag from /opt/airflow/dags/hadoop-2.7.3/share/hadoop/yarn/lib/guava-11.0.2.jar
[2022-10-22T00:02:21.885+0000] {processor.py:770} WARNING - No viable dags retrieved from /opt/airflow/dags/hadoop-2.7.3/share/hadoop/yarn/lib/guava-11.0.2.jar
[2022-10-22T00:02:21.921+0000] {processor.py:178} INFO - Processing /opt/airflow/dags/hadoop-2.7.3/share/hadoop/yarn/lib/guava-11.0.2.jar took 0.162 seconds
[2022-10-22T00:02:34.708+0000] {processor.py:156} INFO - Started process (PID=20187) to work on /opt/airflow/dags/hadoop-2.7.3/share/hadoop/yarn/lib/guava-11.0.2.jar
[2022-10-22T00:02:34.712+0000] {processor.py:758} INFO - Processing file /opt/airflow/dags/hadoop-2.7.3/share/hadoop/yarn/lib/guava-11.0.2.jar for tasks to queue
[2022-10-22T00:02:34.716+0000] {logging_mixin.py:117} INFO - [2022-10-22T00:02:34.715+0000] {dagbag.py:525} INFO - Filling up the DagBag from /opt/airflow/dags/hadoop-2.7.3/share/hadoop/yarn/lib/guava-11.0.2.jar
[2022-10-22T00:02:34.786+0000] {processor.py:770} WARNING - No viable dags retrieved from /opt/airflow/dags/hadoop-2.7.3/share/hadoop/yarn/lib/guava-11.0.2.jar
[2022-10-22T00:02:34.853+0000] {processor.py:178} INFO - Processing /opt/airflow/dags/hadoop-2.7.3/share/hadoop/yarn/lib/guava-11.0.2.jar took 0.162 seconds
[2022-10-22T00:04:04.604+0000] {processor.py:156} INFO - Started process (PID=18348) to work on /opt/airflow/dags/hadoop-2.7.3/share/hadoop/yarn/lib/guava-11.0.2.jar
[2022-10-22T00:04:04.612+0000] {processor.py:758} INFO - Processing file /opt/airflow/dags/hadoop-2.7.3/share/hadoop/yarn/lib/guava-11.0.2.jar for tasks to queue
[2022-10-22T00:04:04.615+0000] {logging_mixin.py:117} INFO - [2022-10-22T00:04:04.615+0000] {dagbag.py:525} INFO - Filling up the DagBag from /opt/airflow/dags/hadoop-2.7.3/share/hadoop/yarn/lib/guava-11.0.2.jar
[2022-10-22T00:04:04.703+0000] {processor.py:770} WARNING - No viable dags retrieved from /opt/airflow/dags/hadoop-2.7.3/share/hadoop/yarn/lib/guava-11.0.2.jar
[2022-10-22T00:04:04.760+0000] {processor.py:178} INFO - Processing /opt/airflow/dags/hadoop-2.7.3/share/hadoop/yarn/lib/guava-11.0.2.jar took 0.172 seconds
[2022-10-22T00:04:19.560+0000] {processor.py:156} INFO - Started process (PID=20870) to work on /opt/airflow/dags/hadoop-2.7.3/share/hadoop/yarn/lib/guava-11.0.2.jar
[2022-10-22T00:04:19.576+0000] {processor.py:758} INFO - Processing file /opt/airflow/dags/hadoop-2.7.3/share/hadoop/yarn/lib/guava-11.0.2.jar for tasks to queue
[2022-10-22T00:04:19.581+0000] {logging_mixin.py:117} INFO - [2022-10-22T00:04:19.580+0000] {dagbag.py:525} INFO - Filling up the DagBag from /opt/airflow/dags/hadoop-2.7.3/share/hadoop/yarn/lib/guava-11.0.2.jar
[2022-10-22T00:04:19.705+0000] {processor.py:770} WARNING - No viable dags retrieved from /opt/airflow/dags/hadoop-2.7.3/share/hadoop/yarn/lib/guava-11.0.2.jar
[2022-10-22T00:04:19.787+0000] {processor.py:178} INFO - Processing /opt/airflow/dags/hadoop-2.7.3/share/hadoop/yarn/lib/guava-11.0.2.jar took 0.246 seconds
[2022-10-22T00:05:04.558+0000] {processor.py:156} INFO - Started process (PID=18873) to work on /opt/airflow/dags/hadoop-2.7.3/share/hadoop/yarn/lib/guava-11.0.2.jar
[2022-10-22T00:05:04.561+0000] {processor.py:758} INFO - Processing file /opt/airflow/dags/hadoop-2.7.3/share/hadoop/yarn/lib/guava-11.0.2.jar for tasks to queue
[2022-10-22T00:05:04.568+0000] {logging_mixin.py:117} INFO - [2022-10-22T00:05:04.567+0000] {dagbag.py:525} INFO - Filling up the DagBag from /opt/airflow/dags/hadoop-2.7.3/share/hadoop/yarn/lib/guava-11.0.2.jar
[2022-10-22T00:05:04.644+0000] {processor.py:770} WARNING - No viable dags retrieved from /opt/airflow/dags/hadoop-2.7.3/share/hadoop/yarn/lib/guava-11.0.2.jar
[2022-10-22T00:05:04.678+0000] {processor.py:178} INFO - Processing /opt/airflow/dags/hadoop-2.7.3/share/hadoop/yarn/lib/guava-11.0.2.jar took 0.133 seconds
[2022-10-22T00:05:14.559+0000] {processor.py:156} INFO - Started process (PID=21391) to work on /opt/airflow/dags/hadoop-2.7.3/share/hadoop/yarn/lib/guava-11.0.2.jar
[2022-10-22T00:05:14.563+0000] {processor.py:758} INFO - Processing file /opt/airflow/dags/hadoop-2.7.3/share/hadoop/yarn/lib/guava-11.0.2.jar for tasks to queue
[2022-10-22T00:05:14.566+0000] {logging_mixin.py:117} INFO - [2022-10-22T00:05:14.565+0000] {dagbag.py:525} INFO - Filling up the DagBag from /opt/airflow/dags/hadoop-2.7.3/share/hadoop/yarn/lib/guava-11.0.2.jar
[2022-10-22T00:05:14.618+0000] {processor.py:770} WARNING - No viable dags retrieved from /opt/airflow/dags/hadoop-2.7.3/share/hadoop/yarn/lib/guava-11.0.2.jar
[2022-10-22T00:05:14.656+0000] {processor.py:178} INFO - Processing /opt/airflow/dags/hadoop-2.7.3/share/hadoop/yarn/lib/guava-11.0.2.jar took 0.111 seconds
[2022-10-22T00:06:13.969+0000] {processor.py:156} INFO - Started process (PID=19539) to work on /opt/airflow/dags/hadoop-2.7.3/share/hadoop/yarn/lib/guava-11.0.2.jar
[2022-10-22T00:06:13.972+0000] {processor.py:758} INFO - Processing file /opt/airflow/dags/hadoop-2.7.3/share/hadoop/yarn/lib/guava-11.0.2.jar for tasks to queue
[2022-10-22T00:06:13.974+0000] {logging_mixin.py:117} INFO - [2022-10-22T00:06:13.974+0000] {dagbag.py:525} INFO - Filling up the DagBag from /opt/airflow/dags/hadoop-2.7.3/share/hadoop/yarn/lib/guava-11.0.2.jar
[2022-10-22T00:06:14.020+0000] {processor.py:770} WARNING - No viable dags retrieved from /opt/airflow/dags/hadoop-2.7.3/share/hadoop/yarn/lib/guava-11.0.2.jar
[2022-10-22T00:06:14.065+0000] {processor.py:178} INFO - Processing /opt/airflow/dags/hadoop-2.7.3/share/hadoop/yarn/lib/guava-11.0.2.jar took 0.104 seconds
[2022-10-22T00:06:20.489+0000] {processor.py:156} INFO - Started process (PID=22038) to work on /opt/airflow/dags/hadoop-2.7.3/share/hadoop/yarn/lib/guava-11.0.2.jar
[2022-10-22T00:06:20.493+0000] {processor.py:758} INFO - Processing file /opt/airflow/dags/hadoop-2.7.3/share/hadoop/yarn/lib/guava-11.0.2.jar for tasks to queue
[2022-10-22T00:06:20.497+0000] {logging_mixin.py:117} INFO - [2022-10-22T00:06:20.496+0000] {dagbag.py:525} INFO - Filling up the DagBag from /opt/airflow/dags/hadoop-2.7.3/share/hadoop/yarn/lib/guava-11.0.2.jar
[2022-10-22T00:06:20.571+0000] {processor.py:770} WARNING - No viable dags retrieved from /opt/airflow/dags/hadoop-2.7.3/share/hadoop/yarn/lib/guava-11.0.2.jar
[2022-10-22T00:06:20.605+0000] {processor.py:178} INFO - Processing /opt/airflow/dags/hadoop-2.7.3/share/hadoop/yarn/lib/guava-11.0.2.jar took 0.144 seconds
[2022-10-22T00:07:06.166+0000] {processor.py:156} INFO - Started process (PID=20053) to work on /opt/airflow/dags/hadoop-2.7.3/share/hadoop/yarn/lib/guava-11.0.2.jar
[2022-10-22T00:07:06.173+0000] {processor.py:758} INFO - Processing file /opt/airflow/dags/hadoop-2.7.3/share/hadoop/yarn/lib/guava-11.0.2.jar for tasks to queue
[2022-10-22T00:07:06.180+0000] {logging_mixin.py:117} INFO - [2022-10-22T00:07:06.179+0000] {dagbag.py:525} INFO - Filling up the DagBag from /opt/airflow/dags/hadoop-2.7.3/share/hadoop/yarn/lib/guava-11.0.2.jar
[2022-10-22T00:07:06.255+0000] {processor.py:770} WARNING - No viable dags retrieved from /opt/airflow/dags/hadoop-2.7.3/share/hadoop/yarn/lib/guava-11.0.2.jar
[2022-10-22T00:07:06.319+0000] {processor.py:178} INFO - Processing /opt/airflow/dags/hadoop-2.7.3/share/hadoop/yarn/lib/guava-11.0.2.jar took 0.170 seconds
[2022-10-22T00:07:25.798+0000] {processor.py:156} INFO - Started process (PID=22714) to work on /opt/airflow/dags/hadoop-2.7.3/share/hadoop/yarn/lib/guava-11.0.2.jar
[2022-10-22T00:07:25.804+0000] {processor.py:758} INFO - Processing file /opt/airflow/dags/hadoop-2.7.3/share/hadoop/yarn/lib/guava-11.0.2.jar for tasks to queue
[2022-10-22T00:07:25.806+0000] {logging_mixin.py:117} INFO - [2022-10-22T00:07:25.806+0000] {dagbag.py:525} INFO - Filling up the DagBag from /opt/airflow/dags/hadoop-2.7.3/share/hadoop/yarn/lib/guava-11.0.2.jar
[2022-10-22T00:07:25.872+0000] {processor.py:770} WARNING - No viable dags retrieved from /opt/airflow/dags/hadoop-2.7.3/share/hadoop/yarn/lib/guava-11.0.2.jar
[2022-10-22T00:07:25.917+0000] {processor.py:178} INFO - Processing /opt/airflow/dags/hadoop-2.7.3/share/hadoop/yarn/lib/guava-11.0.2.jar took 0.126 seconds
[2022-10-22T00:09:10.967+0000] {processor.py:156} INFO - Started process (PID=20861) to work on /opt/airflow/dags/hadoop-2.7.3/share/hadoop/yarn/lib/guava-11.0.2.jar
[2022-10-22T00:09:10.975+0000] {processor.py:758} INFO - Processing file /opt/airflow/dags/hadoop-2.7.3/share/hadoop/yarn/lib/guava-11.0.2.jar for tasks to queue
[2022-10-22T00:09:10.986+0000] {logging_mixin.py:117} INFO - [2022-10-22T00:09:10.983+0000] {dagbag.py:525} INFO - Filling up the DagBag from /opt/airflow/dags/hadoop-2.7.3/share/hadoop/yarn/lib/guava-11.0.2.jar
[2022-10-22T00:09:11.061+0000] {processor.py:770} WARNING - No viable dags retrieved from /opt/airflow/dags/hadoop-2.7.3/share/hadoop/yarn/lib/guava-11.0.2.jar
[2022-10-22T00:09:11.112+0000] {processor.py:178} INFO - Processing /opt/airflow/dags/hadoop-2.7.3/share/hadoop/yarn/lib/guava-11.0.2.jar took 0.177 seconds
[2022-10-22T00:09:25.545+0000] {processor.py:156} INFO - Started process (PID=23481) to work on /opt/airflow/dags/hadoop-2.7.3/share/hadoop/yarn/lib/guava-11.0.2.jar
[2022-10-22T00:09:25.549+0000] {processor.py:758} INFO - Processing file /opt/airflow/dags/hadoop-2.7.3/share/hadoop/yarn/lib/guava-11.0.2.jar for tasks to queue
[2022-10-22T00:09:25.552+0000] {logging_mixin.py:117} INFO - [2022-10-22T00:09:25.552+0000] {dagbag.py:525} INFO - Filling up the DagBag from /opt/airflow/dags/hadoop-2.7.3/share/hadoop/yarn/lib/guava-11.0.2.jar
[2022-10-22T00:09:25.616+0000] {processor.py:770} WARNING - No viable dags retrieved from /opt/airflow/dags/hadoop-2.7.3/share/hadoop/yarn/lib/guava-11.0.2.jar
[2022-10-22T00:09:25.657+0000] {processor.py:178} INFO - Processing /opt/airflow/dags/hadoop-2.7.3/share/hadoop/yarn/lib/guava-11.0.2.jar took 0.119 seconds
[2022-10-22T00:11:16.169+0000] {processor.py:156} INFO - Started process (PID=21386) to work on /opt/airflow/dags/hadoop-2.7.3/share/hadoop/yarn/lib/guava-11.0.2.jar
[2022-10-22T00:11:16.170+0000] {processor.py:758} INFO - Processing file /opt/airflow/dags/hadoop-2.7.3/share/hadoop/yarn/lib/guava-11.0.2.jar for tasks to queue
[2022-10-22T00:11:16.172+0000] {logging_mixin.py:117} INFO - [2022-10-22T00:11:16.172+0000] {dagbag.py:525} INFO - Filling up the DagBag from /opt/airflow/dags/hadoop-2.7.3/share/hadoop/yarn/lib/guava-11.0.2.jar
[2022-10-22T00:11:16.201+0000] {processor.py:770} WARNING - No viable dags retrieved from /opt/airflow/dags/hadoop-2.7.3/share/hadoop/yarn/lib/guava-11.0.2.jar
[2022-10-22T00:11:16.228+0000] {processor.py:178} INFO - Processing /opt/airflow/dags/hadoop-2.7.3/share/hadoop/yarn/lib/guava-11.0.2.jar took 0.064 seconds
[2022-10-22T00:11:40.870+0000] {processor.py:156} INFO - Started process (PID=24244) to work on /opt/airflow/dags/hadoop-2.7.3/share/hadoop/yarn/lib/guava-11.0.2.jar
[2022-10-22T00:11:40.874+0000] {processor.py:758} INFO - Processing file /opt/airflow/dags/hadoop-2.7.3/share/hadoop/yarn/lib/guava-11.0.2.jar for tasks to queue
[2022-10-22T00:11:40.876+0000] {logging_mixin.py:117} INFO - [2022-10-22T00:11:40.876+0000] {dagbag.py:525} INFO - Filling up the DagBag from /opt/airflow/dags/hadoop-2.7.3/share/hadoop/yarn/lib/guava-11.0.2.jar
[2022-10-22T00:11:40.925+0000] {processor.py:770} WARNING - No viable dags retrieved from /opt/airflow/dags/hadoop-2.7.3/share/hadoop/yarn/lib/guava-11.0.2.jar
[2022-10-22T00:11:40.961+0000] {processor.py:178} INFO - Processing /opt/airflow/dags/hadoop-2.7.3/share/hadoop/yarn/lib/guava-11.0.2.jar took 0.099 seconds
[2022-10-22T00:11:54.472+0000] {processor.py:156} INFO - Started process (PID=21915) to work on /opt/airflow/dags/hadoop-2.7.3/share/hadoop/yarn/lib/guava-11.0.2.jar
[2022-10-22T00:11:54.474+0000] {processor.py:758} INFO - Processing file /opt/airflow/dags/hadoop-2.7.3/share/hadoop/yarn/lib/guava-11.0.2.jar for tasks to queue
[2022-10-22T00:11:54.476+0000] {logging_mixin.py:117} INFO - [2022-10-22T00:11:54.476+0000] {dagbag.py:525} INFO - Filling up the DagBag from /opt/airflow/dags/hadoop-2.7.3/share/hadoop/yarn/lib/guava-11.0.2.jar
[2022-10-22T00:11:54.511+0000] {processor.py:770} WARNING - No viable dags retrieved from /opt/airflow/dags/hadoop-2.7.3/share/hadoop/yarn/lib/guava-11.0.2.jar
[2022-10-22T00:11:54.543+0000] {processor.py:178} INFO - Processing /opt/airflow/dags/hadoop-2.7.3/share/hadoop/yarn/lib/guava-11.0.2.jar took 0.086 seconds
[2022-10-22T00:12:31.156+0000] {processor.py:156} INFO - Started process (PID=24768) to work on /opt/airflow/dags/hadoop-2.7.3/share/hadoop/yarn/lib/guava-11.0.2.jar
[2022-10-22T00:12:31.160+0000] {processor.py:758} INFO - Processing file /opt/airflow/dags/hadoop-2.7.3/share/hadoop/yarn/lib/guava-11.0.2.jar for tasks to queue
[2022-10-22T00:12:31.165+0000] {logging_mixin.py:117} INFO - [2022-10-22T00:12:31.164+0000] {dagbag.py:525} INFO - Filling up the DagBag from /opt/airflow/dags/hadoop-2.7.3/share/hadoop/yarn/lib/guava-11.0.2.jar
[2022-10-22T00:12:31.249+0000] {processor.py:770} WARNING - No viable dags retrieved from /opt/airflow/dags/hadoop-2.7.3/share/hadoop/yarn/lib/guava-11.0.2.jar
[2022-10-22T00:12:31.311+0000] {processor.py:178} INFO - Processing /opt/airflow/dags/hadoop-2.7.3/share/hadoop/yarn/lib/guava-11.0.2.jar took 0.171 seconds
[2022-10-22T00:15:41.530+0000] {processor.py:156} INFO - Started process (PID=22851) to work on /opt/airflow/dags/hadoop-2.7.3/share/hadoop/yarn/lib/guava-11.0.2.jar
[2022-10-22T00:15:41.533+0000] {processor.py:758} INFO - Processing file /opt/airflow/dags/hadoop-2.7.3/share/hadoop/yarn/lib/guava-11.0.2.jar for tasks to queue
[2022-10-22T00:15:41.535+0000] {logging_mixin.py:117} INFO - [2022-10-22T00:15:41.535+0000] {dagbag.py:525} INFO - Filling up the DagBag from /opt/airflow/dags/hadoop-2.7.3/share/hadoop/yarn/lib/guava-11.0.2.jar
[2022-10-22T00:15:41.585+0000] {processor.py:770} WARNING - No viable dags retrieved from /opt/airflow/dags/hadoop-2.7.3/share/hadoop/yarn/lib/guava-11.0.2.jar
[2022-10-22T00:15:41.626+0000] {processor.py:178} INFO - Processing /opt/airflow/dags/hadoop-2.7.3/share/hadoop/yarn/lib/guava-11.0.2.jar took 0.105 seconds
[2022-10-22T00:15:53.885+0000] {processor.py:156} INFO - Started process (PID=25412) to work on /opt/airflow/dags/hadoop-2.7.3/share/hadoop/yarn/lib/guava-11.0.2.jar
[2022-10-22T00:15:53.894+0000] {processor.py:758} INFO - Processing file /opt/airflow/dags/hadoop-2.7.3/share/hadoop/yarn/lib/guava-11.0.2.jar for tasks to queue
[2022-10-22T00:15:53.899+0000] {logging_mixin.py:117} INFO - [2022-10-22T00:15:53.899+0000] {dagbag.py:525} INFO - Filling up the DagBag from /opt/airflow/dags/hadoop-2.7.3/share/hadoop/yarn/lib/guava-11.0.2.jar
[2022-10-22T00:15:53.966+0000] {processor.py:770} WARNING - No viable dags retrieved from /opt/airflow/dags/hadoop-2.7.3/share/hadoop/yarn/lib/guava-11.0.2.jar
[2022-10-22T00:15:54.027+0000] {processor.py:178} INFO - Processing /opt/airflow/dags/hadoop-2.7.3/share/hadoop/yarn/lib/guava-11.0.2.jar took 0.155 seconds
[2022-10-22T00:16:36.116+0000] {processor.py:156} INFO - Started process (PID=23430) to work on /opt/airflow/dags/hadoop-2.7.3/share/hadoop/yarn/lib/guava-11.0.2.jar
[2022-10-22T00:16:36.119+0000] {processor.py:758} INFO - Processing file /opt/airflow/dags/hadoop-2.7.3/share/hadoop/yarn/lib/guava-11.0.2.jar for tasks to queue
[2022-10-22T00:16:36.123+0000] {logging_mixin.py:117} INFO - [2022-10-22T00:16:36.122+0000] {dagbag.py:525} INFO - Filling up the DagBag from /opt/airflow/dags/hadoop-2.7.3/share/hadoop/yarn/lib/guava-11.0.2.jar
[2022-10-22T00:16:36.180+0000] {processor.py:770} WARNING - No viable dags retrieved from /opt/airflow/dags/hadoop-2.7.3/share/hadoop/yarn/lib/guava-11.0.2.jar
[2022-10-22T00:16:36.224+0000] {processor.py:178} INFO - Processing /opt/airflow/dags/hadoop-2.7.3/share/hadoop/yarn/lib/guava-11.0.2.jar took 0.125 seconds
[2022-10-22T00:16:41.619+0000] {processor.py:156} INFO - Started process (PID=25935) to work on /opt/airflow/dags/hadoop-2.7.3/share/hadoop/yarn/lib/guava-11.0.2.jar
[2022-10-22T00:16:41.629+0000] {processor.py:758} INFO - Processing file /opt/airflow/dags/hadoop-2.7.3/share/hadoop/yarn/lib/guava-11.0.2.jar for tasks to queue
[2022-10-22T00:16:41.632+0000] {logging_mixin.py:117} INFO - [2022-10-22T00:16:41.632+0000] {dagbag.py:525} INFO - Filling up the DagBag from /opt/airflow/dags/hadoop-2.7.3/share/hadoop/yarn/lib/guava-11.0.2.jar
[2022-10-22T00:16:41.677+0000] {processor.py:770} WARNING - No viable dags retrieved from /opt/airflow/dags/hadoop-2.7.3/share/hadoop/yarn/lib/guava-11.0.2.jar
[2022-10-22T00:16:41.715+0000] {processor.py:178} INFO - Processing /opt/airflow/dags/hadoop-2.7.3/share/hadoop/yarn/lib/guava-11.0.2.jar took 0.108 seconds
[2022-10-22T00:17:30.634+0000] {processor.py:156} INFO - Started process (PID=24005) to work on /opt/airflow/dags/hadoop-2.7.3/share/hadoop/yarn/lib/guava-11.0.2.jar
[2022-10-22T00:17:30.639+0000] {processor.py:758} INFO - Processing file /opt/airflow/dags/hadoop-2.7.3/share/hadoop/yarn/lib/guava-11.0.2.jar for tasks to queue
[2022-10-22T00:17:30.645+0000] {logging_mixin.py:117} INFO - [2022-10-22T00:17:30.642+0000] {dagbag.py:525} INFO - Filling up the DagBag from /opt/airflow/dags/hadoop-2.7.3/share/hadoop/yarn/lib/guava-11.0.2.jar
[2022-10-22T00:17:30.684+0000] {processor.py:770} WARNING - No viable dags retrieved from /opt/airflow/dags/hadoop-2.7.3/share/hadoop/yarn/lib/guava-11.0.2.jar
[2022-10-22T00:17:30.736+0000] {processor.py:178} INFO - Processing /opt/airflow/dags/hadoop-2.7.3/share/hadoop/yarn/lib/guava-11.0.2.jar took 0.120 seconds
[2022-10-22T00:17:37.509+0000] {processor.py:156} INFO - Started process (PID=26532) to work on /opt/airflow/dags/hadoop-2.7.3/share/hadoop/yarn/lib/guava-11.0.2.jar
[2022-10-22T00:17:37.512+0000] {processor.py:758} INFO - Processing file /opt/airflow/dags/hadoop-2.7.3/share/hadoop/yarn/lib/guava-11.0.2.jar for tasks to queue
[2022-10-22T00:17:37.515+0000] {logging_mixin.py:117} INFO - [2022-10-22T00:17:37.514+0000] {dagbag.py:525} INFO - Filling up the DagBag from /opt/airflow/dags/hadoop-2.7.3/share/hadoop/yarn/lib/guava-11.0.2.jar
[2022-10-22T00:17:37.551+0000] {processor.py:770} WARNING - No viable dags retrieved from /opt/airflow/dags/hadoop-2.7.3/share/hadoop/yarn/lib/guava-11.0.2.jar
[2022-10-22T00:17:37.583+0000] {processor.py:178} INFO - Processing /opt/airflow/dags/hadoop-2.7.3/share/hadoop/yarn/lib/guava-11.0.2.jar took 0.082 seconds
[2022-10-22T00:18:29.796+0000] {processor.py:156} INFO - Started process (PID=24615) to work on /opt/airflow/dags/hadoop-2.7.3/share/hadoop/yarn/lib/guava-11.0.2.jar
[2022-10-22T00:18:29.810+0000] {processor.py:758} INFO - Processing file /opt/airflow/dags/hadoop-2.7.3/share/hadoop/yarn/lib/guava-11.0.2.jar for tasks to queue
[2022-10-22T00:18:29.812+0000] {logging_mixin.py:117} INFO - [2022-10-22T00:18:29.812+0000] {dagbag.py:525} INFO - Filling up the DagBag from /opt/airflow/dags/hadoop-2.7.3/share/hadoop/yarn/lib/guava-11.0.2.jar
[2022-10-22T00:18:29.890+0000] {processor.py:770} WARNING - No viable dags retrieved from /opt/airflow/dags/hadoop-2.7.3/share/hadoop/yarn/lib/guava-11.0.2.jar
[2022-10-22T00:18:29.938+0000] {processor.py:178} INFO - Processing /opt/airflow/dags/hadoop-2.7.3/share/hadoop/yarn/lib/guava-11.0.2.jar took 0.149 seconds
[2022-10-22T00:18:30.962+0000] {processor.py:156} INFO - Started process (PID=27107) to work on /opt/airflow/dags/hadoop-2.7.3/share/hadoop/yarn/lib/guava-11.0.2.jar
[2022-10-22T00:18:30.966+0000] {processor.py:758} INFO - Processing file /opt/airflow/dags/hadoop-2.7.3/share/hadoop/yarn/lib/guava-11.0.2.jar for tasks to queue
[2022-10-22T00:18:30.973+0000] {logging_mixin.py:117} INFO - [2022-10-22T00:18:30.973+0000] {dagbag.py:525} INFO - Filling up the DagBag from /opt/airflow/dags/hadoop-2.7.3/share/hadoop/yarn/lib/guava-11.0.2.jar
[2022-10-22T00:18:31.030+0000] {processor.py:770} WARNING - No viable dags retrieved from /opt/airflow/dags/hadoop-2.7.3/share/hadoop/yarn/lib/guava-11.0.2.jar
[2022-10-22T00:18:31.058+0000] {processor.py:178} INFO - Processing /opt/airflow/dags/hadoop-2.7.3/share/hadoop/yarn/lib/guava-11.0.2.jar took 0.104 seconds
[2022-10-22T00:19:26.524+0000] {processor.py:156} INFO - Started process (PID=27698) to work on /opt/airflow/dags/hadoop-2.7.3/share/hadoop/yarn/lib/guava-11.0.2.jar
[2022-10-22T00:19:26.529+0000] {processor.py:758} INFO - Processing file /opt/airflow/dags/hadoop-2.7.3/share/hadoop/yarn/lib/guava-11.0.2.jar for tasks to queue
[2022-10-22T00:19:26.532+0000] {logging_mixin.py:117} INFO - [2022-10-22T00:19:26.531+0000] {dagbag.py:525} INFO - Filling up the DagBag from /opt/airflow/dags/hadoop-2.7.3/share/hadoop/yarn/lib/guava-11.0.2.jar
[2022-10-22T00:19:26.628+0000] {processor.py:770} WARNING - No viable dags retrieved from /opt/airflow/dags/hadoop-2.7.3/share/hadoop/yarn/lib/guava-11.0.2.jar
[2022-10-22T00:19:26.665+0000] {processor.py:178} INFO - Processing /opt/airflow/dags/hadoop-2.7.3/share/hadoop/yarn/lib/guava-11.0.2.jar took 0.163 seconds
[2022-10-22T00:20:06.423+0000] {processor.py:156} INFO - Started process (PID=25249) to work on /opt/airflow/dags/hadoop-2.7.3/share/hadoop/yarn/lib/guava-11.0.2.jar
[2022-10-22T00:20:06.431+0000] {processor.py:758} INFO - Processing file /opt/airflow/dags/hadoop-2.7.3/share/hadoop/yarn/lib/guava-11.0.2.jar for tasks to queue
[2022-10-22T00:20:06.434+0000] {logging_mixin.py:117} INFO - [2022-10-22T00:20:06.434+0000] {dagbag.py:525} INFO - Filling up the DagBag from /opt/airflow/dags/hadoop-2.7.3/share/hadoop/yarn/lib/guava-11.0.2.jar
[2022-10-22T00:20:06.479+0000] {processor.py:770} WARNING - No viable dags retrieved from /opt/airflow/dags/hadoop-2.7.3/share/hadoop/yarn/lib/guava-11.0.2.jar
[2022-10-22T00:20:06.507+0000] {processor.py:178} INFO - Processing /opt/airflow/dags/hadoop-2.7.3/share/hadoop/yarn/lib/guava-11.0.2.jar took 0.095 seconds
[2022-10-22T00:21:00.737+0000] {processor.py:156} INFO - Started process (PID=28307) to work on /opt/airflow/dags/hadoop-2.7.3/share/hadoop/yarn/lib/guava-11.0.2.jar
[2022-10-22T00:21:00.741+0000] {processor.py:758} INFO - Processing file /opt/airflow/dags/hadoop-2.7.3/share/hadoop/yarn/lib/guava-11.0.2.jar for tasks to queue
[2022-10-22T00:21:00.746+0000] {logging_mixin.py:117} INFO - [2022-10-22T00:21:00.745+0000] {dagbag.py:525} INFO - Filling up the DagBag from /opt/airflow/dags/hadoop-2.7.3/share/hadoop/yarn/lib/guava-11.0.2.jar
[2022-10-22T00:21:00.801+0000] {processor.py:770} WARNING - No viable dags retrieved from /opt/airflow/dags/hadoop-2.7.3/share/hadoop/yarn/lib/guava-11.0.2.jar
[2022-10-22T00:21:00.838+0000] {processor.py:178} INFO - Processing /opt/airflow/dags/hadoop-2.7.3/share/hadoop/yarn/lib/guava-11.0.2.jar took 0.114 seconds
[2022-10-22T00:21:10.383+0000] {processor.py:156} INFO - Started process (PID=25855) to work on /opt/airflow/dags/hadoop-2.7.3/share/hadoop/yarn/lib/guava-11.0.2.jar
[2022-10-22T00:21:10.388+0000] {processor.py:758} INFO - Processing file /opt/airflow/dags/hadoop-2.7.3/share/hadoop/yarn/lib/guava-11.0.2.jar for tasks to queue
[2022-10-22T00:21:10.392+0000] {logging_mixin.py:117} INFO - [2022-10-22T00:21:10.392+0000] {dagbag.py:525} INFO - Filling up the DagBag from /opt/airflow/dags/hadoop-2.7.3/share/hadoop/yarn/lib/guava-11.0.2.jar
[2022-10-22T00:21:10.460+0000] {processor.py:770} WARNING - No viable dags retrieved from /opt/airflow/dags/hadoop-2.7.3/share/hadoop/yarn/lib/guava-11.0.2.jar
[2022-10-22T00:21:10.512+0000] {processor.py:178} INFO - Processing /opt/airflow/dags/hadoop-2.7.3/share/hadoop/yarn/lib/guava-11.0.2.jar took 0.146 seconds
[2022-10-22T00:22:09.752+0000] {processor.py:156} INFO - Started process (PID=28955) to work on /opt/airflow/dags/hadoop-2.7.3/share/hadoop/yarn/lib/guava-11.0.2.jar
[2022-10-22T00:22:09.756+0000] {processor.py:758} INFO - Processing file /opt/airflow/dags/hadoop-2.7.3/share/hadoop/yarn/lib/guava-11.0.2.jar for tasks to queue
[2022-10-22T00:22:09.760+0000] {logging_mixin.py:117} INFO - [2022-10-22T00:22:09.759+0000] {dagbag.py:525} INFO - Filling up the DagBag from /opt/airflow/dags/hadoop-2.7.3/share/hadoop/yarn/lib/guava-11.0.2.jar
[2022-10-22T00:22:09.826+0000] {processor.py:770} WARNING - No viable dags retrieved from /opt/airflow/dags/hadoop-2.7.3/share/hadoop/yarn/lib/guava-11.0.2.jar
[2022-10-22T00:22:09.878+0000] {processor.py:178} INFO - Processing /opt/airflow/dags/hadoop-2.7.3/share/hadoop/yarn/lib/guava-11.0.2.jar took 0.138 seconds
[2022-10-22T00:22:25.181+0000] {processor.py:156} INFO - Started process (PID=26572) to work on /opt/airflow/dags/hadoop-2.7.3/share/hadoop/yarn/lib/guava-11.0.2.jar
[2022-10-22T00:22:25.184+0000] {processor.py:758} INFO - Processing file /opt/airflow/dags/hadoop-2.7.3/share/hadoop/yarn/lib/guava-11.0.2.jar for tasks to queue
[2022-10-22T00:22:25.187+0000] {logging_mixin.py:117} INFO - [2022-10-22T00:22:25.187+0000] {dagbag.py:525} INFO - Filling up the DagBag from /opt/airflow/dags/hadoop-2.7.3/share/hadoop/yarn/lib/guava-11.0.2.jar
[2022-10-22T00:22:25.249+0000] {processor.py:770} WARNING - No viable dags retrieved from /opt/airflow/dags/hadoop-2.7.3/share/hadoop/yarn/lib/guava-11.0.2.jar
[2022-10-22T00:22:25.311+0000] {processor.py:178} INFO - Processing /opt/airflow/dags/hadoop-2.7.3/share/hadoop/yarn/lib/guava-11.0.2.jar took 0.139 seconds
[2022-10-22T00:23:18.921+0000] {processor.py:156} INFO - Started process (PID=27089) to work on /opt/airflow/dags/hadoop-2.7.3/share/hadoop/yarn/lib/guava-11.0.2.jar
[2022-10-22T00:23:18.924+0000] {processor.py:758} INFO - Processing file /opt/airflow/dags/hadoop-2.7.3/share/hadoop/yarn/lib/guava-11.0.2.jar for tasks to queue
[2022-10-22T00:23:18.928+0000] {logging_mixin.py:117} INFO - [2022-10-22T00:23:18.927+0000] {dagbag.py:525} INFO - Filling up the DagBag from /opt/airflow/dags/hadoop-2.7.3/share/hadoop/yarn/lib/guava-11.0.2.jar
[2022-10-22T00:23:18.967+0000] {processor.py:770} WARNING - No viable dags retrieved from /opt/airflow/dags/hadoop-2.7.3/share/hadoop/yarn/lib/guava-11.0.2.jar
[2022-10-22T00:23:19.021+0000] {processor.py:178} INFO - Processing /opt/airflow/dags/hadoop-2.7.3/share/hadoop/yarn/lib/guava-11.0.2.jar took 0.111 seconds
[2022-10-22T00:23:24.155+0000] {processor.py:156} INFO - Started process (PID=29704) to work on /opt/airflow/dags/hadoop-2.7.3/share/hadoop/yarn/lib/guava-11.0.2.jar
[2022-10-22T00:23:24.157+0000] {processor.py:758} INFO - Processing file /opt/airflow/dags/hadoop-2.7.3/share/hadoop/yarn/lib/guava-11.0.2.jar for tasks to queue
[2022-10-22T00:23:24.159+0000] {logging_mixin.py:117} INFO - [2022-10-22T00:23:24.158+0000] {dagbag.py:525} INFO - Filling up the DagBag from /opt/airflow/dags/hadoop-2.7.3/share/hadoop/yarn/lib/guava-11.0.2.jar
[2022-10-22T00:23:24.190+0000] {processor.py:770} WARNING - No viable dags retrieved from /opt/airflow/dags/hadoop-2.7.3/share/hadoop/yarn/lib/guava-11.0.2.jar
[2022-10-22T00:23:24.233+0000] {processor.py:178} INFO - Processing /opt/airflow/dags/hadoop-2.7.3/share/hadoop/yarn/lib/guava-11.0.2.jar took 0.084 seconds
[2022-10-22T00:24:07.779+0000] {processor.py:156} INFO - Started process (PID=30224) to work on /opt/airflow/dags/hadoop-2.7.3/share/hadoop/yarn/lib/guava-11.0.2.jar
[2022-10-22T00:24:07.783+0000] {processor.py:758} INFO - Processing file /opt/airflow/dags/hadoop-2.7.3/share/hadoop/yarn/lib/guava-11.0.2.jar for tasks to queue
[2022-10-22T00:24:07.784+0000] {logging_mixin.py:117} INFO - [2022-10-22T00:24:07.784+0000] {dagbag.py:525} INFO - Filling up the DagBag from /opt/airflow/dags/hadoop-2.7.3/share/hadoop/yarn/lib/guava-11.0.2.jar
[2022-10-22T00:24:07.821+0000] {processor.py:770} WARNING - No viable dags retrieved from /opt/airflow/dags/hadoop-2.7.3/share/hadoop/yarn/lib/guava-11.0.2.jar
[2022-10-22T00:24:07.853+0000] {processor.py:178} INFO - Processing /opt/airflow/dags/hadoop-2.7.3/share/hadoop/yarn/lib/guava-11.0.2.jar took 0.089 seconds
[2022-10-22T00:33:23.894+0000] {processor.py:156} INFO - Started process (PID=27675) to work on /opt/airflow/dags/hadoop-2.7.3/share/hadoop/yarn/lib/guava-11.0.2.jar
[2022-10-22T00:33:23.899+0000] {processor.py:758} INFO - Processing file /opt/airflow/dags/hadoop-2.7.3/share/hadoop/yarn/lib/guava-11.0.2.jar for tasks to queue
[2022-10-22T00:33:23.903+0000] {logging_mixin.py:117} INFO - [2022-10-22T00:33:23.903+0000] {dagbag.py:525} INFO - Filling up the DagBag from /opt/airflow/dags/hadoop-2.7.3/share/hadoop/yarn/lib/guava-11.0.2.jar
[2022-10-22T00:33:23.958+0000] {processor.py:770} WARNING - No viable dags retrieved from /opt/airflow/dags/hadoop-2.7.3/share/hadoop/yarn/lib/guava-11.0.2.jar
[2022-10-22T00:33:24.013+0000] {processor.py:178} INFO - Processing /opt/airflow/dags/hadoop-2.7.3/share/hadoop/yarn/lib/guava-11.0.2.jar took 0.129 seconds
