[2022-10-22T00:00:59.155+0000] {processor.py:156} INFO - Started process (PID=19323) to work on /opt/airflow/dags/hadoop-2.7.3/share/hadoop/yarn/lib/jersey-json-1.9.jar
[2022-10-22T00:00:59.159+0000] {processor.py:758} INFO - Processing file /opt/airflow/dags/hadoop-2.7.3/share/hadoop/yarn/lib/jersey-json-1.9.jar for tasks to queue
[2022-10-22T00:00:59.188+0000] {logging_mixin.py:117} INFO - [2022-10-22T00:00:59.180+0000] {dagbag.py:525} INFO - Filling up the DagBag from /opt/airflow/dags/hadoop-2.7.3/share/hadoop/yarn/lib/jersey-json-1.9.jar
[2022-10-22T00:00:59.260+0000] {processor.py:770} WARNING - No viable dags retrieved from /opt/airflow/dags/hadoop-2.7.3/share/hadoop/yarn/lib/jersey-json-1.9.jar
[2022-10-22T00:00:59.372+0000] {processor.py:178} INFO - Processing /opt/airflow/dags/hadoop-2.7.3/share/hadoop/yarn/lib/jersey-json-1.9.jar took 0.245 seconds
[2022-10-22T00:01:04.017+0000] {processor.py:156} INFO - Started process (PID=17126) to work on /opt/airflow/dags/hadoop-2.7.3/share/hadoop/yarn/lib/jersey-json-1.9.jar
[2022-10-22T00:01:04.025+0000] {processor.py:758} INFO - Processing file /opt/airflow/dags/hadoop-2.7.3/share/hadoop/yarn/lib/jersey-json-1.9.jar for tasks to queue
[2022-10-22T00:01:04.028+0000] {logging_mixin.py:117} INFO - [2022-10-22T00:01:04.028+0000] {dagbag.py:525} INFO - Filling up the DagBag from /opt/airflow/dags/hadoop-2.7.3/share/hadoop/yarn/lib/jersey-json-1.9.jar
[2022-10-22T00:01:04.041+0000] {processor.py:770} WARNING - No viable dags retrieved from /opt/airflow/dags/hadoop-2.7.3/share/hadoop/yarn/lib/jersey-json-1.9.jar
[2022-10-22T00:01:04.142+0000] {processor.py:178} INFO - Processing /opt/airflow/dags/hadoop-2.7.3/share/hadoop/yarn/lib/jersey-json-1.9.jar took 0.136 seconds
[2022-10-22T00:02:22.861+0000] {processor.py:156} INFO - Started process (PID=17720) to work on /opt/airflow/dags/hadoop-2.7.3/share/hadoop/yarn/lib/jersey-json-1.9.jar
[2022-10-22T00:02:22.863+0000] {processor.py:758} INFO - Processing file /opt/airflow/dags/hadoop-2.7.3/share/hadoop/yarn/lib/jersey-json-1.9.jar for tasks to queue
[2022-10-22T00:02:22.866+0000] {logging_mixin.py:117} INFO - [2022-10-22T00:02:22.866+0000] {dagbag.py:525} INFO - Filling up the DagBag from /opt/airflow/dags/hadoop-2.7.3/share/hadoop/yarn/lib/jersey-json-1.9.jar
[2022-10-22T00:02:22.883+0000] {processor.py:770} WARNING - No viable dags retrieved from /opt/airflow/dags/hadoop-2.7.3/share/hadoop/yarn/lib/jersey-json-1.9.jar
[2022-10-22T00:02:22.944+0000] {processor.py:178} INFO - Processing /opt/airflow/dags/hadoop-2.7.3/share/hadoop/yarn/lib/jersey-json-1.9.jar took 0.091 seconds
[2022-10-22T00:02:35.810+0000] {processor.py:156} INFO - Started process (PID=20200) to work on /opt/airflow/dags/hadoop-2.7.3/share/hadoop/yarn/lib/jersey-json-1.9.jar
[2022-10-22T00:02:35.812+0000] {processor.py:758} INFO - Processing file /opt/airflow/dags/hadoop-2.7.3/share/hadoop/yarn/lib/jersey-json-1.9.jar for tasks to queue
[2022-10-22T00:02:35.814+0000] {logging_mixin.py:117} INFO - [2022-10-22T00:02:35.814+0000] {dagbag.py:525} INFO - Filling up the DagBag from /opt/airflow/dags/hadoop-2.7.3/share/hadoop/yarn/lib/jersey-json-1.9.jar
[2022-10-22T00:02:35.827+0000] {processor.py:770} WARNING - No viable dags retrieved from /opt/airflow/dags/hadoop-2.7.3/share/hadoop/yarn/lib/jersey-json-1.9.jar
[2022-10-22T00:02:35.869+0000] {processor.py:178} INFO - Processing /opt/airflow/dags/hadoop-2.7.3/share/hadoop/yarn/lib/jersey-json-1.9.jar took 0.064 seconds
[2022-10-22T00:04:05.984+0000] {processor.py:156} INFO - Started process (PID=18361) to work on /opt/airflow/dags/hadoop-2.7.3/share/hadoop/yarn/lib/jersey-json-1.9.jar
[2022-10-22T00:04:05.990+0000] {processor.py:758} INFO - Processing file /opt/airflow/dags/hadoop-2.7.3/share/hadoop/yarn/lib/jersey-json-1.9.jar for tasks to queue
[2022-10-22T00:04:05.999+0000] {logging_mixin.py:117} INFO - [2022-10-22T00:04:05.998+0000] {dagbag.py:525} INFO - Filling up the DagBag from /opt/airflow/dags/hadoop-2.7.3/share/hadoop/yarn/lib/jersey-json-1.9.jar
[2022-10-22T00:04:06.016+0000] {processor.py:770} WARNING - No viable dags retrieved from /opt/airflow/dags/hadoop-2.7.3/share/hadoop/yarn/lib/jersey-json-1.9.jar
[2022-10-22T00:04:06.113+0000] {processor.py:178} INFO - Processing /opt/airflow/dags/hadoop-2.7.3/share/hadoop/yarn/lib/jersey-json-1.9.jar took 0.137 seconds
[2022-10-22T00:04:21.149+0000] {processor.py:156} INFO - Started process (PID=20883) to work on /opt/airflow/dags/hadoop-2.7.3/share/hadoop/yarn/lib/jersey-json-1.9.jar
[2022-10-22T00:04:21.153+0000] {processor.py:758} INFO - Processing file /opt/airflow/dags/hadoop-2.7.3/share/hadoop/yarn/lib/jersey-json-1.9.jar for tasks to queue
[2022-10-22T00:04:21.157+0000] {logging_mixin.py:117} INFO - [2022-10-22T00:04:21.157+0000] {dagbag.py:525} INFO - Filling up the DagBag from /opt/airflow/dags/hadoop-2.7.3/share/hadoop/yarn/lib/jersey-json-1.9.jar
[2022-10-22T00:04:21.187+0000] {processor.py:770} WARNING - No viable dags retrieved from /opt/airflow/dags/hadoop-2.7.3/share/hadoop/yarn/lib/jersey-json-1.9.jar
[2022-10-22T00:04:21.230+0000] {processor.py:178} INFO - Processing /opt/airflow/dags/hadoop-2.7.3/share/hadoop/yarn/lib/jersey-json-1.9.jar took 0.097 seconds
[2022-10-22T00:05:05.763+0000] {processor.py:156} INFO - Started process (PID=18886) to work on /opt/airflow/dags/hadoop-2.7.3/share/hadoop/yarn/lib/jersey-json-1.9.jar
[2022-10-22T00:05:05.768+0000] {processor.py:758} INFO - Processing file /opt/airflow/dags/hadoop-2.7.3/share/hadoop/yarn/lib/jersey-json-1.9.jar for tasks to queue
[2022-10-22T00:05:05.771+0000] {logging_mixin.py:117} INFO - [2022-10-22T00:05:05.771+0000] {dagbag.py:525} INFO - Filling up the DagBag from /opt/airflow/dags/hadoop-2.7.3/share/hadoop/yarn/lib/jersey-json-1.9.jar
[2022-10-22T00:05:05.784+0000] {processor.py:770} WARNING - No viable dags retrieved from /opt/airflow/dags/hadoop-2.7.3/share/hadoop/yarn/lib/jersey-json-1.9.jar
[2022-10-22T00:05:05.846+0000] {processor.py:178} INFO - Processing /opt/airflow/dags/hadoop-2.7.3/share/hadoop/yarn/lib/jersey-json-1.9.jar took 0.094 seconds
[2022-10-22T00:05:15.690+0000] {processor.py:156} INFO - Started process (PID=21404) to work on /opt/airflow/dags/hadoop-2.7.3/share/hadoop/yarn/lib/jersey-json-1.9.jar
[2022-10-22T00:05:15.694+0000] {processor.py:758} INFO - Processing file /opt/airflow/dags/hadoop-2.7.3/share/hadoop/yarn/lib/jersey-json-1.9.jar for tasks to queue
[2022-10-22T00:05:15.698+0000] {logging_mixin.py:117} INFO - [2022-10-22T00:05:15.697+0000] {dagbag.py:525} INFO - Filling up the DagBag from /opt/airflow/dags/hadoop-2.7.3/share/hadoop/yarn/lib/jersey-json-1.9.jar
[2022-10-22T00:05:15.712+0000] {processor.py:770} WARNING - No viable dags retrieved from /opt/airflow/dags/hadoop-2.7.3/share/hadoop/yarn/lib/jersey-json-1.9.jar
[2022-10-22T00:05:15.773+0000] {processor.py:178} INFO - Processing /opt/airflow/dags/hadoop-2.7.3/share/hadoop/yarn/lib/jersey-json-1.9.jar took 0.095 seconds
[2022-10-22T00:06:15.342+0000] {processor.py:156} INFO - Started process (PID=19552) to work on /opt/airflow/dags/hadoop-2.7.3/share/hadoop/yarn/lib/jersey-json-1.9.jar
[2022-10-22T00:06:15.346+0000] {processor.py:758} INFO - Processing file /opt/airflow/dags/hadoop-2.7.3/share/hadoop/yarn/lib/jersey-json-1.9.jar for tasks to queue
[2022-10-22T00:06:15.350+0000] {logging_mixin.py:117} INFO - [2022-10-22T00:06:15.350+0000] {dagbag.py:525} INFO - Filling up the DagBag from /opt/airflow/dags/hadoop-2.7.3/share/hadoop/yarn/lib/jersey-json-1.9.jar
[2022-10-22T00:06:15.365+0000] {processor.py:770} WARNING - No viable dags retrieved from /opt/airflow/dags/hadoop-2.7.3/share/hadoop/yarn/lib/jersey-json-1.9.jar
[2022-10-22T00:06:15.410+0000] {processor.py:178} INFO - Processing /opt/airflow/dags/hadoop-2.7.3/share/hadoop/yarn/lib/jersey-json-1.9.jar took 0.092 seconds
[2022-10-22T00:06:21.731+0000] {processor.py:156} INFO - Started process (PID=22051) to work on /opt/airflow/dags/hadoop-2.7.3/share/hadoop/yarn/lib/jersey-json-1.9.jar
[2022-10-22T00:06:21.737+0000] {processor.py:758} INFO - Processing file /opt/airflow/dags/hadoop-2.7.3/share/hadoop/yarn/lib/jersey-json-1.9.jar for tasks to queue
[2022-10-22T00:06:21.740+0000] {logging_mixin.py:117} INFO - [2022-10-22T00:06:21.740+0000] {dagbag.py:525} INFO - Filling up the DagBag from /opt/airflow/dags/hadoop-2.7.3/share/hadoop/yarn/lib/jersey-json-1.9.jar
[2022-10-22T00:06:21.752+0000] {processor.py:770} WARNING - No viable dags retrieved from /opt/airflow/dags/hadoop-2.7.3/share/hadoop/yarn/lib/jersey-json-1.9.jar
[2022-10-22T00:06:21.821+0000] {processor.py:178} INFO - Processing /opt/airflow/dags/hadoop-2.7.3/share/hadoop/yarn/lib/jersey-json-1.9.jar took 0.097 seconds
[2022-10-22T00:07:25.989+0000] {processor.py:156} INFO - Started process (PID=20254) to work on /opt/airflow/dags/hadoop-2.7.3/share/hadoop/yarn/lib/jersey-json-1.9.jar
[2022-10-22T00:07:25.992+0000] {processor.py:758} INFO - Processing file /opt/airflow/dags/hadoop-2.7.3/share/hadoop/yarn/lib/jersey-json-1.9.jar for tasks to queue
[2022-10-22T00:07:25.995+0000] {logging_mixin.py:117} INFO - [2022-10-22T00:07:25.995+0000] {dagbag.py:525} INFO - Filling up the DagBag from /opt/airflow/dags/hadoop-2.7.3/share/hadoop/yarn/lib/jersey-json-1.9.jar
[2022-10-22T00:07:26.015+0000] {processor.py:770} WARNING - No viable dags retrieved from /opt/airflow/dags/hadoop-2.7.3/share/hadoop/yarn/lib/jersey-json-1.9.jar
[2022-10-22T00:07:26.075+0000] {processor.py:178} INFO - Processing /opt/airflow/dags/hadoop-2.7.3/share/hadoop/yarn/lib/jersey-json-1.9.jar took 0.096 seconds
[2022-10-22T00:07:27.131+0000] {processor.py:156} INFO - Started process (PID=22727) to work on /opt/airflow/dags/hadoop-2.7.3/share/hadoop/yarn/lib/jersey-json-1.9.jar
[2022-10-22T00:07:27.133+0000] {processor.py:758} INFO - Processing file /opt/airflow/dags/hadoop-2.7.3/share/hadoop/yarn/lib/jersey-json-1.9.jar for tasks to queue
[2022-10-22T00:07:27.137+0000] {logging_mixin.py:117} INFO - [2022-10-22T00:07:27.136+0000] {dagbag.py:525} INFO - Filling up the DagBag from /opt/airflow/dags/hadoop-2.7.3/share/hadoop/yarn/lib/jersey-json-1.9.jar
[2022-10-22T00:07:27.151+0000] {processor.py:770} WARNING - No viable dags retrieved from /opt/airflow/dags/hadoop-2.7.3/share/hadoop/yarn/lib/jersey-json-1.9.jar
[2022-10-22T00:07:27.202+0000] {processor.py:178} INFO - Processing /opt/airflow/dags/hadoop-2.7.3/share/hadoop/yarn/lib/jersey-json-1.9.jar took 0.082 seconds
[2022-10-22T00:09:12.486+0000] {processor.py:156} INFO - Started process (PID=20874) to work on /opt/airflow/dags/hadoop-2.7.3/share/hadoop/yarn/lib/jersey-json-1.9.jar
[2022-10-22T00:09:12.488+0000] {processor.py:758} INFO - Processing file /opt/airflow/dags/hadoop-2.7.3/share/hadoop/yarn/lib/jersey-json-1.9.jar for tasks to queue
[2022-10-22T00:09:12.491+0000] {logging_mixin.py:117} INFO - [2022-10-22T00:09:12.491+0000] {dagbag.py:525} INFO - Filling up the DagBag from /opt/airflow/dags/hadoop-2.7.3/share/hadoop/yarn/lib/jersey-json-1.9.jar
[2022-10-22T00:09:12.502+0000] {processor.py:770} WARNING - No viable dags retrieved from /opt/airflow/dags/hadoop-2.7.3/share/hadoop/yarn/lib/jersey-json-1.9.jar
[2022-10-22T00:09:12.553+0000] {processor.py:178} INFO - Processing /opt/airflow/dags/hadoop-2.7.3/share/hadoop/yarn/lib/jersey-json-1.9.jar took 0.079 seconds
[2022-10-22T00:09:26.524+0000] {processor.py:156} INFO - Started process (PID=23494) to work on /opt/airflow/dags/hadoop-2.7.3/share/hadoop/yarn/lib/jersey-json-1.9.jar
[2022-10-22T00:09:26.526+0000] {processor.py:758} INFO - Processing file /opt/airflow/dags/hadoop-2.7.3/share/hadoop/yarn/lib/jersey-json-1.9.jar for tasks to queue
[2022-10-22T00:09:26.529+0000] {logging_mixin.py:117} INFO - [2022-10-22T00:09:26.529+0000] {dagbag.py:525} INFO - Filling up the DagBag from /opt/airflow/dags/hadoop-2.7.3/share/hadoop/yarn/lib/jersey-json-1.9.jar
[2022-10-22T00:09:26.539+0000] {processor.py:770} WARNING - No viable dags retrieved from /opt/airflow/dags/hadoop-2.7.3/share/hadoop/yarn/lib/jersey-json-1.9.jar
[2022-10-22T00:09:26.599+0000] {processor.py:178} INFO - Processing /opt/airflow/dags/hadoop-2.7.3/share/hadoop/yarn/lib/jersey-json-1.9.jar took 0.085 seconds
[2022-10-22T00:11:41.692+0000] {processor.py:156} INFO - Started process (PID=24257) to work on /opt/airflow/dags/hadoop-2.7.3/share/hadoop/yarn/lib/jersey-json-1.9.jar
[2022-10-22T00:11:41.695+0000] {processor.py:758} INFO - Processing file /opt/airflow/dags/hadoop-2.7.3/share/hadoop/yarn/lib/jersey-json-1.9.jar for tasks to queue
[2022-10-22T00:11:41.698+0000] {logging_mixin.py:117} INFO - [2022-10-22T00:11:41.697+0000] {dagbag.py:525} INFO - Filling up the DagBag from /opt/airflow/dags/hadoop-2.7.3/share/hadoop/yarn/lib/jersey-json-1.9.jar
[2022-10-22T00:11:41.706+0000] {processor.py:770} WARNING - No viable dags retrieved from /opt/airflow/dags/hadoop-2.7.3/share/hadoop/yarn/lib/jersey-json-1.9.jar
[2022-10-22T00:11:41.734+0000] {processor.py:178} INFO - Processing /opt/airflow/dags/hadoop-2.7.3/share/hadoop/yarn/lib/jersey-json-1.9.jar took 0.048 seconds
[2022-10-22T00:11:41.929+0000] {processor.py:156} INFO - Started process (PID=21763) to work on /opt/airflow/dags/hadoop-2.7.3/share/hadoop/yarn/lib/jersey-json-1.9.jar
[2022-10-22T00:11:41.931+0000] {processor.py:758} INFO - Processing file /opt/airflow/dags/hadoop-2.7.3/share/hadoop/yarn/lib/jersey-json-1.9.jar for tasks to queue
[2022-10-22T00:11:41.933+0000] {logging_mixin.py:117} INFO - [2022-10-22T00:11:41.933+0000] {dagbag.py:525} INFO - Filling up the DagBag from /opt/airflow/dags/hadoop-2.7.3/share/hadoop/yarn/lib/jersey-json-1.9.jar
[2022-10-22T00:11:41.944+0000] {processor.py:770} WARNING - No viable dags retrieved from /opt/airflow/dags/hadoop-2.7.3/share/hadoop/yarn/lib/jersey-json-1.9.jar
[2022-10-22T00:11:41.998+0000] {processor.py:178} INFO - Processing /opt/airflow/dags/hadoop-2.7.3/share/hadoop/yarn/lib/jersey-json-1.9.jar took 0.079 seconds
[2022-10-22T00:12:32.585+0000] {processor.py:156} INFO - Started process (PID=24781) to work on /opt/airflow/dags/hadoop-2.7.3/share/hadoop/yarn/lib/jersey-json-1.9.jar
[2022-10-22T00:12:32.590+0000] {processor.py:758} INFO - Processing file /opt/airflow/dags/hadoop-2.7.3/share/hadoop/yarn/lib/jersey-json-1.9.jar for tasks to queue
[2022-10-22T00:12:32.592+0000] {logging_mixin.py:117} INFO - [2022-10-22T00:12:32.592+0000] {dagbag.py:525} INFO - Filling up the DagBag from /opt/airflow/dags/hadoop-2.7.3/share/hadoop/yarn/lib/jersey-json-1.9.jar
[2022-10-22T00:12:32.615+0000] {processor.py:770} WARNING - No viable dags retrieved from /opt/airflow/dags/hadoop-2.7.3/share/hadoop/yarn/lib/jersey-json-1.9.jar
[2022-10-22T00:12:32.708+0000] {processor.py:178} INFO - Processing /opt/airflow/dags/hadoop-2.7.3/share/hadoop/yarn/lib/jersey-json-1.9.jar took 0.136 seconds
[2022-10-22T00:12:33.070+0000] {processor.py:156} INFO - Started process (PID=22290) to work on /opt/airflow/dags/hadoop-2.7.3/share/hadoop/yarn/lib/jersey-json-1.9.jar
[2022-10-22T00:12:33.079+0000] {processor.py:758} INFO - Processing file /opt/airflow/dags/hadoop-2.7.3/share/hadoop/yarn/lib/jersey-json-1.9.jar for tasks to queue
[2022-10-22T00:12:33.085+0000] {logging_mixin.py:117} INFO - [2022-10-22T00:12:33.085+0000] {dagbag.py:525} INFO - Filling up the DagBag from /opt/airflow/dags/hadoop-2.7.3/share/hadoop/yarn/lib/jersey-json-1.9.jar
[2022-10-22T00:12:33.126+0000] {processor.py:770} WARNING - No viable dags retrieved from /opt/airflow/dags/hadoop-2.7.3/share/hadoop/yarn/lib/jersey-json-1.9.jar
[2022-10-22T00:12:33.359+0000] {processor.py:178} INFO - Processing /opt/airflow/dags/hadoop-2.7.3/share/hadoop/yarn/lib/jersey-json-1.9.jar took 0.317 seconds
[2022-10-22T00:15:42.869+0000] {processor.py:156} INFO - Started process (PID=22864) to work on /opt/airflow/dags/hadoop-2.7.3/share/hadoop/yarn/lib/jersey-json-1.9.jar
[2022-10-22T00:15:42.877+0000] {processor.py:758} INFO - Processing file /opt/airflow/dags/hadoop-2.7.3/share/hadoop/yarn/lib/jersey-json-1.9.jar for tasks to queue
[2022-10-22T00:15:42.880+0000] {logging_mixin.py:117} INFO - [2022-10-22T00:15:42.880+0000] {dagbag.py:525} INFO - Filling up the DagBag from /opt/airflow/dags/hadoop-2.7.3/share/hadoop/yarn/lib/jersey-json-1.9.jar
[2022-10-22T00:15:42.898+0000] {processor.py:770} WARNING - No viable dags retrieved from /opt/airflow/dags/hadoop-2.7.3/share/hadoop/yarn/lib/jersey-json-1.9.jar
[2022-10-22T00:15:42.953+0000] {processor.py:178} INFO - Processing /opt/airflow/dags/hadoop-2.7.3/share/hadoop/yarn/lib/jersey-json-1.9.jar took 0.103 seconds
[2022-10-22T00:15:55.055+0000] {processor.py:156} INFO - Started process (PID=25425) to work on /opt/airflow/dags/hadoop-2.7.3/share/hadoop/yarn/lib/jersey-json-1.9.jar
[2022-10-22T00:15:55.058+0000] {processor.py:758} INFO - Processing file /opt/airflow/dags/hadoop-2.7.3/share/hadoop/yarn/lib/jersey-json-1.9.jar for tasks to queue
[2022-10-22T00:15:55.060+0000] {logging_mixin.py:117} INFO - [2022-10-22T00:15:55.060+0000] {dagbag.py:525} INFO - Filling up the DagBag from /opt/airflow/dags/hadoop-2.7.3/share/hadoop/yarn/lib/jersey-json-1.9.jar
[2022-10-22T00:15:55.070+0000] {processor.py:770} WARNING - No viable dags retrieved from /opt/airflow/dags/hadoop-2.7.3/share/hadoop/yarn/lib/jersey-json-1.9.jar
[2022-10-22T00:15:55.107+0000] {processor.py:178} INFO - Processing /opt/airflow/dags/hadoop-2.7.3/share/hadoop/yarn/lib/jersey-json-1.9.jar took 0.067 seconds
[2022-10-22T00:16:37.294+0000] {processor.py:156} INFO - Started process (PID=23443) to work on /opt/airflow/dags/hadoop-2.7.3/share/hadoop/yarn/lib/jersey-json-1.9.jar
[2022-10-22T00:16:37.297+0000] {processor.py:758} INFO - Processing file /opt/airflow/dags/hadoop-2.7.3/share/hadoop/yarn/lib/jersey-json-1.9.jar for tasks to queue
[2022-10-22T00:16:37.300+0000] {logging_mixin.py:117} INFO - [2022-10-22T00:16:37.300+0000] {dagbag.py:525} INFO - Filling up the DagBag from /opt/airflow/dags/hadoop-2.7.3/share/hadoop/yarn/lib/jersey-json-1.9.jar
[2022-10-22T00:16:37.310+0000] {processor.py:770} WARNING - No viable dags retrieved from /opt/airflow/dags/hadoop-2.7.3/share/hadoop/yarn/lib/jersey-json-1.9.jar
[2022-10-22T00:16:37.374+0000] {processor.py:178} INFO - Processing /opt/airflow/dags/hadoop-2.7.3/share/hadoop/yarn/lib/jersey-json-1.9.jar took 0.100 seconds
[2022-10-22T00:16:42.790+0000] {processor.py:156} INFO - Started process (PID=25948) to work on /opt/airflow/dags/hadoop-2.7.3/share/hadoop/yarn/lib/jersey-json-1.9.jar
[2022-10-22T00:16:42.793+0000] {processor.py:758} INFO - Processing file /opt/airflow/dags/hadoop-2.7.3/share/hadoop/yarn/lib/jersey-json-1.9.jar for tasks to queue
[2022-10-22T00:16:42.795+0000] {logging_mixin.py:117} INFO - [2022-10-22T00:16:42.795+0000] {dagbag.py:525} INFO - Filling up the DagBag from /opt/airflow/dags/hadoop-2.7.3/share/hadoop/yarn/lib/jersey-json-1.9.jar
[2022-10-22T00:16:42.804+0000] {processor.py:770} WARNING - No viable dags retrieved from /opt/airflow/dags/hadoop-2.7.3/share/hadoop/yarn/lib/jersey-json-1.9.jar
[2022-10-22T00:16:42.861+0000] {processor.py:178} INFO - Processing /opt/airflow/dags/hadoop-2.7.3/share/hadoop/yarn/lib/jersey-json-1.9.jar took 0.079 seconds
[2022-10-22T00:17:31.918+0000] {processor.py:156} INFO - Started process (PID=24020) to work on /opt/airflow/dags/hadoop-2.7.3/share/hadoop/yarn/lib/jersey-json-1.9.jar
[2022-10-22T00:17:31.923+0000] {processor.py:758} INFO - Processing file /opt/airflow/dags/hadoop-2.7.3/share/hadoop/yarn/lib/jersey-json-1.9.jar for tasks to queue
[2022-10-22T00:17:31.928+0000] {logging_mixin.py:117} INFO - [2022-10-22T00:17:31.928+0000] {dagbag.py:525} INFO - Filling up the DagBag from /opt/airflow/dags/hadoop-2.7.3/share/hadoop/yarn/lib/jersey-json-1.9.jar
[2022-10-22T00:17:31.962+0000] {processor.py:770} WARNING - No viable dags retrieved from /opt/airflow/dags/hadoop-2.7.3/share/hadoop/yarn/lib/jersey-json-1.9.jar
[2022-10-22T00:17:32.041+0000] {processor.py:178} INFO - Processing /opt/airflow/dags/hadoop-2.7.3/share/hadoop/yarn/lib/jersey-json-1.9.jar took 0.167 seconds
[2022-10-22T00:17:38.632+0000] {processor.py:156} INFO - Started process (PID=26545) to work on /opt/airflow/dags/hadoop-2.7.3/share/hadoop/yarn/lib/jersey-json-1.9.jar
[2022-10-22T00:17:38.635+0000] {processor.py:758} INFO - Processing file /opt/airflow/dags/hadoop-2.7.3/share/hadoop/yarn/lib/jersey-json-1.9.jar for tasks to queue
[2022-10-22T00:17:38.637+0000] {logging_mixin.py:117} INFO - [2022-10-22T00:17:38.637+0000] {dagbag.py:525} INFO - Filling up the DagBag from /opt/airflow/dags/hadoop-2.7.3/share/hadoop/yarn/lib/jersey-json-1.9.jar
[2022-10-22T00:17:38.649+0000] {processor.py:770} WARNING - No viable dags retrieved from /opt/airflow/dags/hadoop-2.7.3/share/hadoop/yarn/lib/jersey-json-1.9.jar
[2022-10-22T00:17:38.687+0000] {processor.py:178} INFO - Processing /opt/airflow/dags/hadoop-2.7.3/share/hadoop/yarn/lib/jersey-json-1.9.jar took 0.067 seconds
[2022-10-22T00:18:31.087+0000] {processor.py:156} INFO - Started process (PID=24628) to work on /opt/airflow/dags/hadoop-2.7.3/share/hadoop/yarn/lib/jersey-json-1.9.jar
[2022-10-22T00:18:31.090+0000] {processor.py:758} INFO - Processing file /opt/airflow/dags/hadoop-2.7.3/share/hadoop/yarn/lib/jersey-json-1.9.jar for tasks to queue
[2022-10-22T00:18:31.094+0000] {logging_mixin.py:117} INFO - [2022-10-22T00:18:31.093+0000] {dagbag.py:525} INFO - Filling up the DagBag from /opt/airflow/dags/hadoop-2.7.3/share/hadoop/yarn/lib/jersey-json-1.9.jar
[2022-10-22T00:18:31.104+0000] {processor.py:770} WARNING - No viable dags retrieved from /opt/airflow/dags/hadoop-2.7.3/share/hadoop/yarn/lib/jersey-json-1.9.jar
[2022-10-22T00:18:31.179+0000] {processor.py:178} INFO - Processing /opt/airflow/dags/hadoop-2.7.3/share/hadoop/yarn/lib/jersey-json-1.9.jar took 0.099 seconds
[2022-10-22T00:18:32.025+0000] {processor.py:156} INFO - Started process (PID=27120) to work on /opt/airflow/dags/hadoop-2.7.3/share/hadoop/yarn/lib/jersey-json-1.9.jar
[2022-10-22T00:18:32.033+0000] {processor.py:758} INFO - Processing file /opt/airflow/dags/hadoop-2.7.3/share/hadoop/yarn/lib/jersey-json-1.9.jar for tasks to queue
[2022-10-22T00:18:32.036+0000] {logging_mixin.py:117} INFO - [2022-10-22T00:18:32.035+0000] {dagbag.py:525} INFO - Filling up the DagBag from /opt/airflow/dags/hadoop-2.7.3/share/hadoop/yarn/lib/jersey-json-1.9.jar
[2022-10-22T00:18:32.044+0000] {processor.py:770} WARNING - No viable dags retrieved from /opt/airflow/dags/hadoop-2.7.3/share/hadoop/yarn/lib/jersey-json-1.9.jar
[2022-10-22T00:18:32.102+0000] {processor.py:178} INFO - Processing /opt/airflow/dags/hadoop-2.7.3/share/hadoop/yarn/lib/jersey-json-1.9.jar took 0.084 seconds
[2022-10-22T00:19:27.778+0000] {processor.py:156} INFO - Started process (PID=27712) to work on /opt/airflow/dags/hadoop-2.7.3/share/hadoop/yarn/lib/jersey-json-1.9.jar
[2022-10-22T00:19:27.789+0000] {processor.py:758} INFO - Processing file /opt/airflow/dags/hadoop-2.7.3/share/hadoop/yarn/lib/jersey-json-1.9.jar for tasks to queue
[2022-10-22T00:19:27.794+0000] {logging_mixin.py:117} INFO - [2022-10-22T00:19:27.793+0000] {dagbag.py:525} INFO - Filling up the DagBag from /opt/airflow/dags/hadoop-2.7.3/share/hadoop/yarn/lib/jersey-json-1.9.jar
[2022-10-22T00:19:27.805+0000] {processor.py:770} WARNING - No viable dags retrieved from /opt/airflow/dags/hadoop-2.7.3/share/hadoop/yarn/lib/jersey-json-1.9.jar
[2022-10-22T00:19:27.885+0000] {processor.py:178} INFO - Processing /opt/airflow/dags/hadoop-2.7.3/share/hadoop/yarn/lib/jersey-json-1.9.jar took 0.112 seconds
[2022-10-22T00:20:07.353+0000] {processor.py:156} INFO - Started process (PID=25262) to work on /opt/airflow/dags/hadoop-2.7.3/share/hadoop/yarn/lib/jersey-json-1.9.jar
[2022-10-22T00:20:07.358+0000] {processor.py:758} INFO - Processing file /opt/airflow/dags/hadoop-2.7.3/share/hadoop/yarn/lib/jersey-json-1.9.jar for tasks to queue
[2022-10-22T00:20:07.362+0000] {logging_mixin.py:117} INFO - [2022-10-22T00:20:07.361+0000] {dagbag.py:525} INFO - Filling up the DagBag from /opt/airflow/dags/hadoop-2.7.3/share/hadoop/yarn/lib/jersey-json-1.9.jar
[2022-10-22T00:20:07.378+0000] {processor.py:770} WARNING - No viable dags retrieved from /opt/airflow/dags/hadoop-2.7.3/share/hadoop/yarn/lib/jersey-json-1.9.jar
[2022-10-22T00:20:07.424+0000] {processor.py:178} INFO - Processing /opt/airflow/dags/hadoop-2.7.3/share/hadoop/yarn/lib/jersey-json-1.9.jar took 0.082 seconds
[2022-10-22T00:21:01.893+0000] {processor.py:156} INFO - Started process (PID=28320) to work on /opt/airflow/dags/hadoop-2.7.3/share/hadoop/yarn/lib/jersey-json-1.9.jar
[2022-10-22T00:21:01.898+0000] {processor.py:758} INFO - Processing file /opt/airflow/dags/hadoop-2.7.3/share/hadoop/yarn/lib/jersey-json-1.9.jar for tasks to queue
[2022-10-22T00:21:01.901+0000] {logging_mixin.py:117} INFO - [2022-10-22T00:21:01.901+0000] {dagbag.py:525} INFO - Filling up the DagBag from /opt/airflow/dags/hadoop-2.7.3/share/hadoop/yarn/lib/jersey-json-1.9.jar
[2022-10-22T00:21:01.919+0000] {processor.py:770} WARNING - No viable dags retrieved from /opt/airflow/dags/hadoop-2.7.3/share/hadoop/yarn/lib/jersey-json-1.9.jar
[2022-10-22T00:21:01.973+0000] {processor.py:178} INFO - Processing /opt/airflow/dags/hadoop-2.7.3/share/hadoop/yarn/lib/jersey-json-1.9.jar took 0.097 seconds
[2022-10-22T00:21:11.693+0000] {processor.py:156} INFO - Started process (PID=25868) to work on /opt/airflow/dags/hadoop-2.7.3/share/hadoop/yarn/lib/jersey-json-1.9.jar
[2022-10-22T00:21:11.697+0000] {processor.py:758} INFO - Processing file /opt/airflow/dags/hadoop-2.7.3/share/hadoop/yarn/lib/jersey-json-1.9.jar for tasks to queue
[2022-10-22T00:21:11.701+0000] {logging_mixin.py:117} INFO - [2022-10-22T00:21:11.701+0000] {dagbag.py:525} INFO - Filling up the DagBag from /opt/airflow/dags/hadoop-2.7.3/share/hadoop/yarn/lib/jersey-json-1.9.jar
[2022-10-22T00:21:11.716+0000] {processor.py:770} WARNING - No viable dags retrieved from /opt/airflow/dags/hadoop-2.7.3/share/hadoop/yarn/lib/jersey-json-1.9.jar
[2022-10-22T00:21:11.763+0000] {processor.py:178} INFO - Processing /opt/airflow/dags/hadoop-2.7.3/share/hadoop/yarn/lib/jersey-json-1.9.jar took 0.080 seconds
[2022-10-22T00:22:11.266+0000] {processor.py:156} INFO - Started process (PID=28975) to work on /opt/airflow/dags/hadoop-2.7.3/share/hadoop/yarn/lib/jersey-json-1.9.jar
[2022-10-22T00:22:11.268+0000] {processor.py:758} INFO - Processing file /opt/airflow/dags/hadoop-2.7.3/share/hadoop/yarn/lib/jersey-json-1.9.jar for tasks to queue
[2022-10-22T00:22:11.271+0000] {logging_mixin.py:117} INFO - [2022-10-22T00:22:11.271+0000] {dagbag.py:525} INFO - Filling up the DagBag from /opt/airflow/dags/hadoop-2.7.3/share/hadoop/yarn/lib/jersey-json-1.9.jar
[2022-10-22T00:22:11.280+0000] {processor.py:770} WARNING - No viable dags retrieved from /opt/airflow/dags/hadoop-2.7.3/share/hadoop/yarn/lib/jersey-json-1.9.jar
[2022-10-22T00:22:11.318+0000] {processor.py:178} INFO - Processing /opt/airflow/dags/hadoop-2.7.3/share/hadoop/yarn/lib/jersey-json-1.9.jar took 0.069 seconds
[2022-10-22T00:22:26.722+0000] {processor.py:156} INFO - Started process (PID=26585) to work on /opt/airflow/dags/hadoop-2.7.3/share/hadoop/yarn/lib/jersey-json-1.9.jar
[2022-10-22T00:22:26.726+0000] {processor.py:758} INFO - Processing file /opt/airflow/dags/hadoop-2.7.3/share/hadoop/yarn/lib/jersey-json-1.9.jar for tasks to queue
[2022-10-22T00:22:26.728+0000] {logging_mixin.py:117} INFO - [2022-10-22T00:22:26.728+0000] {dagbag.py:525} INFO - Filling up the DagBag from /opt/airflow/dags/hadoop-2.7.3/share/hadoop/yarn/lib/jersey-json-1.9.jar
[2022-10-22T00:22:26.739+0000] {processor.py:770} WARNING - No viable dags retrieved from /opt/airflow/dags/hadoop-2.7.3/share/hadoop/yarn/lib/jersey-json-1.9.jar
[2022-10-22T00:22:26.793+0000] {processor.py:178} INFO - Processing /opt/airflow/dags/hadoop-2.7.3/share/hadoop/yarn/lib/jersey-json-1.9.jar took 0.097 seconds
[2022-10-22T00:23:19.921+0000] {processor.py:156} INFO - Started process (PID=27102) to work on /opt/airflow/dags/hadoop-2.7.3/share/hadoop/yarn/lib/jersey-json-1.9.jar
[2022-10-22T00:23:19.924+0000] {processor.py:758} INFO - Processing file /opt/airflow/dags/hadoop-2.7.3/share/hadoop/yarn/lib/jersey-json-1.9.jar for tasks to queue
[2022-10-22T00:23:19.926+0000] {logging_mixin.py:117} INFO - [2022-10-22T00:23:19.925+0000] {dagbag.py:525} INFO - Filling up the DagBag from /opt/airflow/dags/hadoop-2.7.3/share/hadoop/yarn/lib/jersey-json-1.9.jar
[2022-10-22T00:23:19.935+0000] {processor.py:770} WARNING - No viable dags retrieved from /opt/airflow/dags/hadoop-2.7.3/share/hadoop/yarn/lib/jersey-json-1.9.jar
[2022-10-22T00:23:19.962+0000] {processor.py:178} INFO - Processing /opt/airflow/dags/hadoop-2.7.3/share/hadoop/yarn/lib/jersey-json-1.9.jar took 0.048 seconds
[2022-10-22T00:23:25.105+0000] {processor.py:156} INFO - Started process (PID=29717) to work on /opt/airflow/dags/hadoop-2.7.3/share/hadoop/yarn/lib/jersey-json-1.9.jar
[2022-10-22T00:23:25.111+0000] {processor.py:758} INFO - Processing file /opt/airflow/dags/hadoop-2.7.3/share/hadoop/yarn/lib/jersey-json-1.9.jar for tasks to queue
[2022-10-22T00:23:25.116+0000] {logging_mixin.py:117} INFO - [2022-10-22T00:23:25.116+0000] {dagbag.py:525} INFO - Filling up the DagBag from /opt/airflow/dags/hadoop-2.7.3/share/hadoop/yarn/lib/jersey-json-1.9.jar
[2022-10-22T00:23:25.128+0000] {processor.py:770} WARNING - No viable dags retrieved from /opt/airflow/dags/hadoop-2.7.3/share/hadoop/yarn/lib/jersey-json-1.9.jar
[2022-10-22T00:23:25.196+0000] {processor.py:178} INFO - Processing /opt/airflow/dags/hadoop-2.7.3/share/hadoop/yarn/lib/jersey-json-1.9.jar took 0.108 seconds
[2022-10-22T00:24:08.581+0000] {processor.py:156} INFO - Started process (PID=30237) to work on /opt/airflow/dags/hadoop-2.7.3/share/hadoop/yarn/lib/jersey-json-1.9.jar
[2022-10-22T00:24:08.585+0000] {processor.py:758} INFO - Processing file /opt/airflow/dags/hadoop-2.7.3/share/hadoop/yarn/lib/jersey-json-1.9.jar for tasks to queue
[2022-10-22T00:24:08.586+0000] {logging_mixin.py:117} INFO - [2022-10-22T00:24:08.586+0000] {dagbag.py:525} INFO - Filling up the DagBag from /opt/airflow/dags/hadoop-2.7.3/share/hadoop/yarn/lib/jersey-json-1.9.jar
[2022-10-22T00:24:08.597+0000] {processor.py:770} WARNING - No viable dags retrieved from /opt/airflow/dags/hadoop-2.7.3/share/hadoop/yarn/lib/jersey-json-1.9.jar
[2022-10-22T00:24:08.621+0000] {processor.py:178} INFO - Processing /opt/airflow/dags/hadoop-2.7.3/share/hadoop/yarn/lib/jersey-json-1.9.jar took 0.050 seconds
[2022-10-22T00:33:24.975+0000] {processor.py:156} INFO - Started process (PID=27688) to work on /opt/airflow/dags/hadoop-2.7.3/share/hadoop/yarn/lib/jersey-json-1.9.jar
[2022-10-22T00:33:24.980+0000] {processor.py:758} INFO - Processing file /opt/airflow/dags/hadoop-2.7.3/share/hadoop/yarn/lib/jersey-json-1.9.jar for tasks to queue
[2022-10-22T00:33:24.986+0000] {logging_mixin.py:117} INFO - [2022-10-22T00:33:24.986+0000] {dagbag.py:525} INFO - Filling up the DagBag from /opt/airflow/dags/hadoop-2.7.3/share/hadoop/yarn/lib/jersey-json-1.9.jar
[2022-10-22T00:33:25.008+0000] {processor.py:770} WARNING - No viable dags retrieved from /opt/airflow/dags/hadoop-2.7.3/share/hadoop/yarn/lib/jersey-json-1.9.jar
[2022-10-22T00:33:25.042+0000] {processor.py:178} INFO - Processing /opt/airflow/dags/hadoop-2.7.3/share/hadoop/yarn/lib/jersey-json-1.9.jar took 0.078 seconds
