[2022-10-22T00:00:58.892+0000] {processor.py:156} INFO - Started process (PID=19316) to work on /opt/airflow/dags/hadoop-2.7.3/share/hadoop/yarn/lib/jersey-guice-1.9.jar
[2022-10-22T00:00:58.900+0000] {processor.py:758} INFO - Processing file /opt/airflow/dags/hadoop-2.7.3/share/hadoop/yarn/lib/jersey-guice-1.9.jar for tasks to queue
[2022-10-22T00:00:58.908+0000] {logging_mixin.py:117} INFO - [2022-10-22T00:00:58.908+0000] {dagbag.py:525} INFO - Filling up the DagBag from /opt/airflow/dags/hadoop-2.7.3/share/hadoop/yarn/lib/jersey-guice-1.9.jar
[2022-10-22T00:00:58.926+0000] {processor.py:770} WARNING - No viable dags retrieved from /opt/airflow/dags/hadoop-2.7.3/share/hadoop/yarn/lib/jersey-guice-1.9.jar
[2022-10-22T00:00:59.065+0000] {processor.py:178} INFO - Processing /opt/airflow/dags/hadoop-2.7.3/share/hadoop/yarn/lib/jersey-guice-1.9.jar took 0.195 seconds
[2022-10-22T00:01:03.967+0000] {processor.py:156} INFO - Started process (PID=17125) to work on /opt/airflow/dags/hadoop-2.7.3/share/hadoop/yarn/lib/jersey-guice-1.9.jar
[2022-10-22T00:01:03.972+0000] {processor.py:758} INFO - Processing file /opt/airflow/dags/hadoop-2.7.3/share/hadoop/yarn/lib/jersey-guice-1.9.jar for tasks to queue
[2022-10-22T00:01:03.975+0000] {logging_mixin.py:117} INFO - [2022-10-22T00:01:03.975+0000] {dagbag.py:525} INFO - Filling up the DagBag from /opt/airflow/dags/hadoop-2.7.3/share/hadoop/yarn/lib/jersey-guice-1.9.jar
[2022-10-22T00:01:03.986+0000] {processor.py:770} WARNING - No viable dags retrieved from /opt/airflow/dags/hadoop-2.7.3/share/hadoop/yarn/lib/jersey-guice-1.9.jar
[2022-10-22T00:01:04.056+0000] {processor.py:178} INFO - Processing /opt/airflow/dags/hadoop-2.7.3/share/hadoop/yarn/lib/jersey-guice-1.9.jar took 0.106 seconds
[2022-10-22T00:02:22.735+0000] {processor.py:156} INFO - Started process (PID=17719) to work on /opt/airflow/dags/hadoop-2.7.3/share/hadoop/yarn/lib/jersey-guice-1.9.jar
[2022-10-22T00:02:22.747+0000] {processor.py:758} INFO - Processing file /opt/airflow/dags/hadoop-2.7.3/share/hadoop/yarn/lib/jersey-guice-1.9.jar for tasks to queue
[2022-10-22T00:02:22.757+0000] {logging_mixin.py:117} INFO - [2022-10-22T00:02:22.756+0000] {dagbag.py:525} INFO - Filling up the DagBag from /opt/airflow/dags/hadoop-2.7.3/share/hadoop/yarn/lib/jersey-guice-1.9.jar
[2022-10-22T00:02:22.764+0000] {processor.py:770} WARNING - No viable dags retrieved from /opt/airflow/dags/hadoop-2.7.3/share/hadoop/yarn/lib/jersey-guice-1.9.jar
[2022-10-22T00:02:22.823+0000] {processor.py:178} INFO - Processing /opt/airflow/dags/hadoop-2.7.3/share/hadoop/yarn/lib/jersey-guice-1.9.jar took 0.098 seconds
[2022-10-22T00:02:35.742+0000] {processor.py:156} INFO - Started process (PID=20199) to work on /opt/airflow/dags/hadoop-2.7.3/share/hadoop/yarn/lib/jersey-guice-1.9.jar
[2022-10-22T00:02:35.745+0000] {processor.py:758} INFO - Processing file /opt/airflow/dags/hadoop-2.7.3/share/hadoop/yarn/lib/jersey-guice-1.9.jar for tasks to queue
[2022-10-22T00:02:35.748+0000] {logging_mixin.py:117} INFO - [2022-10-22T00:02:35.747+0000] {dagbag.py:525} INFO - Filling up the DagBag from /opt/airflow/dags/hadoop-2.7.3/share/hadoop/yarn/lib/jersey-guice-1.9.jar
[2022-10-22T00:02:35.754+0000] {processor.py:770} WARNING - No viable dags retrieved from /opt/airflow/dags/hadoop-2.7.3/share/hadoop/yarn/lib/jersey-guice-1.9.jar
[2022-10-22T00:02:35.804+0000] {processor.py:178} INFO - Processing /opt/airflow/dags/hadoop-2.7.3/share/hadoop/yarn/lib/jersey-guice-1.9.jar took 0.070 seconds
[2022-10-22T00:04:05.938+0000] {processor.py:156} INFO - Started process (PID=18360) to work on /opt/airflow/dags/hadoop-2.7.3/share/hadoop/yarn/lib/jersey-guice-1.9.jar
[2022-10-22T00:04:05.942+0000] {processor.py:758} INFO - Processing file /opt/airflow/dags/hadoop-2.7.3/share/hadoop/yarn/lib/jersey-guice-1.9.jar for tasks to queue
[2022-10-22T00:04:05.946+0000] {logging_mixin.py:117} INFO - [2022-10-22T00:04:05.946+0000] {dagbag.py:525} INFO - Filling up the DagBag from /opt/airflow/dags/hadoop-2.7.3/share/hadoop/yarn/lib/jersey-guice-1.9.jar
[2022-10-22T00:04:05.954+0000] {processor.py:770} WARNING - No viable dags retrieved from /opt/airflow/dags/hadoop-2.7.3/share/hadoop/yarn/lib/jersey-guice-1.9.jar
[2022-10-22T00:04:06.024+0000] {processor.py:178} INFO - Processing /opt/airflow/dags/hadoop-2.7.3/share/hadoop/yarn/lib/jersey-guice-1.9.jar took 0.100 seconds
[2022-10-22T00:04:21.072+0000] {processor.py:156} INFO - Started process (PID=20882) to work on /opt/airflow/dags/hadoop-2.7.3/share/hadoop/yarn/lib/jersey-guice-1.9.jar
[2022-10-22T00:04:21.076+0000] {processor.py:758} INFO - Processing file /opt/airflow/dags/hadoop-2.7.3/share/hadoop/yarn/lib/jersey-guice-1.9.jar for tasks to queue
[2022-10-22T00:04:21.079+0000] {logging_mixin.py:117} INFO - [2022-10-22T00:04:21.079+0000] {dagbag.py:525} INFO - Filling up the DagBag from /opt/airflow/dags/hadoop-2.7.3/share/hadoop/yarn/lib/jersey-guice-1.9.jar
[2022-10-22T00:04:21.090+0000] {processor.py:770} WARNING - No viable dags retrieved from /opt/airflow/dags/hadoop-2.7.3/share/hadoop/yarn/lib/jersey-guice-1.9.jar
[2022-10-22T00:04:21.138+0000] {processor.py:178} INFO - Processing /opt/airflow/dags/hadoop-2.7.3/share/hadoop/yarn/lib/jersey-guice-1.9.jar took 0.074 seconds
[2022-10-22T00:05:05.729+0000] {processor.py:156} INFO - Started process (PID=18885) to work on /opt/airflow/dags/hadoop-2.7.3/share/hadoop/yarn/lib/jersey-guice-1.9.jar
[2022-10-22T00:05:05.738+0000] {processor.py:758} INFO - Processing file /opt/airflow/dags/hadoop-2.7.3/share/hadoop/yarn/lib/jersey-guice-1.9.jar for tasks to queue
[2022-10-22T00:05:05.743+0000] {logging_mixin.py:117} INFO - [2022-10-22T00:05:05.743+0000] {dagbag.py:525} INFO - Filling up the DagBag from /opt/airflow/dags/hadoop-2.7.3/share/hadoop/yarn/lib/jersey-guice-1.9.jar
[2022-10-22T00:05:05.757+0000] {processor.py:770} WARNING - No viable dags retrieved from /opt/airflow/dags/hadoop-2.7.3/share/hadoop/yarn/lib/jersey-guice-1.9.jar
[2022-10-22T00:05:05.799+0000] {processor.py:178} INFO - Processing /opt/airflow/dags/hadoop-2.7.3/share/hadoop/yarn/lib/jersey-guice-1.9.jar took 0.089 seconds
[2022-10-22T00:05:15.519+0000] {processor.py:156} INFO - Started process (PID=21403) to work on /opt/airflow/dags/hadoop-2.7.3/share/hadoop/yarn/lib/jersey-guice-1.9.jar
[2022-10-22T00:05:15.523+0000] {processor.py:758} INFO - Processing file /opt/airflow/dags/hadoop-2.7.3/share/hadoop/yarn/lib/jersey-guice-1.9.jar for tasks to queue
[2022-10-22T00:05:15.526+0000] {logging_mixin.py:117} INFO - [2022-10-22T00:05:15.526+0000] {dagbag.py:525} INFO - Filling up the DagBag from /opt/airflow/dags/hadoop-2.7.3/share/hadoop/yarn/lib/jersey-guice-1.9.jar
[2022-10-22T00:05:15.536+0000] {processor.py:770} WARNING - No viable dags retrieved from /opt/airflow/dags/hadoop-2.7.3/share/hadoop/yarn/lib/jersey-guice-1.9.jar
[2022-10-22T00:05:15.601+0000] {processor.py:178} INFO - Processing /opt/airflow/dags/hadoop-2.7.3/share/hadoop/yarn/lib/jersey-guice-1.9.jar took 0.091 seconds
[2022-10-22T00:06:15.193+0000] {processor.py:156} INFO - Started process (PID=19551) to work on /opt/airflow/dags/hadoop-2.7.3/share/hadoop/yarn/lib/jersey-guice-1.9.jar
[2022-10-22T00:06:15.209+0000] {processor.py:758} INFO - Processing file /opt/airflow/dags/hadoop-2.7.3/share/hadoop/yarn/lib/jersey-guice-1.9.jar for tasks to queue
[2022-10-22T00:06:15.214+0000] {logging_mixin.py:117} INFO - [2022-10-22T00:06:15.214+0000] {dagbag.py:525} INFO - Filling up the DagBag from /opt/airflow/dags/hadoop-2.7.3/share/hadoop/yarn/lib/jersey-guice-1.9.jar
[2022-10-22T00:06:15.230+0000] {processor.py:770} WARNING - No viable dags retrieved from /opt/airflow/dags/hadoop-2.7.3/share/hadoop/yarn/lib/jersey-guice-1.9.jar
[2022-10-22T00:06:15.316+0000] {processor.py:178} INFO - Processing /opt/airflow/dags/hadoop-2.7.3/share/hadoop/yarn/lib/jersey-guice-1.9.jar took 0.143 seconds
[2022-10-22T00:06:21.608+0000] {processor.py:156} INFO - Started process (PID=22050) to work on /opt/airflow/dags/hadoop-2.7.3/share/hadoop/yarn/lib/jersey-guice-1.9.jar
[2022-10-22T00:06:21.610+0000] {processor.py:758} INFO - Processing file /opt/airflow/dags/hadoop-2.7.3/share/hadoop/yarn/lib/jersey-guice-1.9.jar for tasks to queue
[2022-10-22T00:06:21.619+0000] {logging_mixin.py:117} INFO - [2022-10-22T00:06:21.619+0000] {dagbag.py:525} INFO - Filling up the DagBag from /opt/airflow/dags/hadoop-2.7.3/share/hadoop/yarn/lib/jersey-guice-1.9.jar
[2022-10-22T00:06:21.632+0000] {processor.py:770} WARNING - No viable dags retrieved from /opt/airflow/dags/hadoop-2.7.3/share/hadoop/yarn/lib/jersey-guice-1.9.jar
[2022-10-22T00:06:21.687+0000] {processor.py:178} INFO - Processing /opt/airflow/dags/hadoop-2.7.3/share/hadoop/yarn/lib/jersey-guice-1.9.jar took 0.100 seconds
[2022-10-22T00:07:25.932+0000] {processor.py:156} INFO - Started process (PID=20253) to work on /opt/airflow/dags/hadoop-2.7.3/share/hadoop/yarn/lib/jersey-guice-1.9.jar
[2022-10-22T00:07:25.936+0000] {processor.py:758} INFO - Processing file /opt/airflow/dags/hadoop-2.7.3/share/hadoop/yarn/lib/jersey-guice-1.9.jar for tasks to queue
[2022-10-22T00:07:25.942+0000] {logging_mixin.py:117} INFO - [2022-10-22T00:07:25.940+0000] {dagbag.py:525} INFO - Filling up the DagBag from /opt/airflow/dags/hadoop-2.7.3/share/hadoop/yarn/lib/jersey-guice-1.9.jar
[2022-10-22T00:07:25.951+0000] {processor.py:770} WARNING - No viable dags retrieved from /opt/airflow/dags/hadoop-2.7.3/share/hadoop/yarn/lib/jersey-guice-1.9.jar
[2022-10-22T00:07:26.019+0000] {processor.py:178} INFO - Processing /opt/airflow/dags/hadoop-2.7.3/share/hadoop/yarn/lib/jersey-guice-1.9.jar took 0.104 seconds
[2022-10-22T00:07:27.106+0000] {processor.py:156} INFO - Started process (PID=22726) to work on /opt/airflow/dags/hadoop-2.7.3/share/hadoop/yarn/lib/jersey-guice-1.9.jar
[2022-10-22T00:07:27.110+0000] {processor.py:758} INFO - Processing file /opt/airflow/dags/hadoop-2.7.3/share/hadoop/yarn/lib/jersey-guice-1.9.jar for tasks to queue
[2022-10-22T00:07:27.114+0000] {logging_mixin.py:117} INFO - [2022-10-22T00:07:27.113+0000] {dagbag.py:525} INFO - Filling up the DagBag from /opt/airflow/dags/hadoop-2.7.3/share/hadoop/yarn/lib/jersey-guice-1.9.jar
[2022-10-22T00:07:27.129+0000] {processor.py:770} WARNING - No viable dags retrieved from /opt/airflow/dags/hadoop-2.7.3/share/hadoop/yarn/lib/jersey-guice-1.9.jar
[2022-10-22T00:07:27.169+0000] {processor.py:178} INFO - Processing /opt/airflow/dags/hadoop-2.7.3/share/hadoop/yarn/lib/jersey-guice-1.9.jar took 0.072 seconds
[2022-10-22T00:09:12.343+0000] {processor.py:156} INFO - Started process (PID=20873) to work on /opt/airflow/dags/hadoop-2.7.3/share/hadoop/yarn/lib/jersey-guice-1.9.jar
[2022-10-22T00:09:12.346+0000] {processor.py:758} INFO - Processing file /opt/airflow/dags/hadoop-2.7.3/share/hadoop/yarn/lib/jersey-guice-1.9.jar for tasks to queue
[2022-10-22T00:09:12.349+0000] {logging_mixin.py:117} INFO - [2022-10-22T00:09:12.349+0000] {dagbag.py:525} INFO - Filling up the DagBag from /opt/airflow/dags/hadoop-2.7.3/share/hadoop/yarn/lib/jersey-guice-1.9.jar
[2022-10-22T00:09:12.360+0000] {processor.py:770} WARNING - No viable dags retrieved from /opt/airflow/dags/hadoop-2.7.3/share/hadoop/yarn/lib/jersey-guice-1.9.jar
[2022-10-22T00:09:12.414+0000] {processor.py:178} INFO - Processing /opt/airflow/dags/hadoop-2.7.3/share/hadoop/yarn/lib/jersey-guice-1.9.jar took 0.083 seconds
[2022-10-22T00:09:26.407+0000] {processor.py:156} INFO - Started process (PID=23493) to work on /opt/airflow/dags/hadoop-2.7.3/share/hadoop/yarn/lib/jersey-guice-1.9.jar
[2022-10-22T00:09:26.413+0000] {processor.py:758} INFO - Processing file /opt/airflow/dags/hadoop-2.7.3/share/hadoop/yarn/lib/jersey-guice-1.9.jar for tasks to queue
[2022-10-22T00:09:26.422+0000] {logging_mixin.py:117} INFO - [2022-10-22T00:09:26.422+0000] {dagbag.py:525} INFO - Filling up the DagBag from /opt/airflow/dags/hadoop-2.7.3/share/hadoop/yarn/lib/jersey-guice-1.9.jar
[2022-10-22T00:09:26.430+0000] {processor.py:770} WARNING - No viable dags retrieved from /opt/airflow/dags/hadoop-2.7.3/share/hadoop/yarn/lib/jersey-guice-1.9.jar
[2022-10-22T00:09:26.468+0000] {processor.py:178} INFO - Processing /opt/airflow/dags/hadoop-2.7.3/share/hadoop/yarn/lib/jersey-guice-1.9.jar took 0.071 seconds
[2022-10-22T00:11:16.741+0000] {processor.py:156} INFO - Started process (PID=21398) to work on /opt/airflow/dags/hadoop-2.7.3/share/hadoop/yarn/lib/jersey-guice-1.9.jar
[2022-10-22T00:11:16.745+0000] {processor.py:758} INFO - Processing file /opt/airflow/dags/hadoop-2.7.3/share/hadoop/yarn/lib/jersey-guice-1.9.jar for tasks to queue
[2022-10-22T00:11:16.746+0000] {logging_mixin.py:117} INFO - [2022-10-22T00:11:16.746+0000] {dagbag.py:525} INFO - Filling up the DagBag from /opt/airflow/dags/hadoop-2.7.3/share/hadoop/yarn/lib/jersey-guice-1.9.jar
[2022-10-22T00:11:16.759+0000] {processor.py:770} WARNING - No viable dags retrieved from /opt/airflow/dags/hadoop-2.7.3/share/hadoop/yarn/lib/jersey-guice-1.9.jar
[2022-10-22T00:11:16.791+0000] {processor.py:178} INFO - Processing /opt/airflow/dags/hadoop-2.7.3/share/hadoop/yarn/lib/jersey-guice-1.9.jar took 0.057 seconds
[2022-10-22T00:11:41.677+0000] {processor.py:156} INFO - Started process (PID=24256) to work on /opt/airflow/dags/hadoop-2.7.3/share/hadoop/yarn/lib/jersey-guice-1.9.jar
[2022-10-22T00:11:41.679+0000] {processor.py:758} INFO - Processing file /opt/airflow/dags/hadoop-2.7.3/share/hadoop/yarn/lib/jersey-guice-1.9.jar for tasks to queue
[2022-10-22T00:11:41.681+0000] {logging_mixin.py:117} INFO - [2022-10-22T00:11:41.681+0000] {dagbag.py:525} INFO - Filling up the DagBag from /opt/airflow/dags/hadoop-2.7.3/share/hadoop/yarn/lib/jersey-guice-1.9.jar
[2022-10-22T00:11:41.687+0000] {processor.py:770} WARNING - No viable dags retrieved from /opt/airflow/dags/hadoop-2.7.3/share/hadoop/yarn/lib/jersey-guice-1.9.jar
[2022-10-22T00:11:41.733+0000] {processor.py:178} INFO - Processing /opt/airflow/dags/hadoop-2.7.3/share/hadoop/yarn/lib/jersey-guice-1.9.jar took 0.062 seconds
[2022-10-22T00:11:55.145+0000] {processor.py:156} INFO - Started process (PID=21927) to work on /opt/airflow/dags/hadoop-2.7.3/share/hadoop/yarn/lib/jersey-guice-1.9.jar
[2022-10-22T00:11:55.152+0000] {processor.py:758} INFO - Processing file /opt/airflow/dags/hadoop-2.7.3/share/hadoop/yarn/lib/jersey-guice-1.9.jar for tasks to queue
[2022-10-22T00:11:55.156+0000] {logging_mixin.py:117} INFO - [2022-10-22T00:11:55.156+0000] {dagbag.py:525} INFO - Filling up the DagBag from /opt/airflow/dags/hadoop-2.7.3/share/hadoop/yarn/lib/jersey-guice-1.9.jar
[2022-10-22T00:11:55.165+0000] {processor.py:770} WARNING - No viable dags retrieved from /opt/airflow/dags/hadoop-2.7.3/share/hadoop/yarn/lib/jersey-guice-1.9.jar
[2022-10-22T00:11:55.210+0000] {processor.py:178} INFO - Processing /opt/airflow/dags/hadoop-2.7.3/share/hadoop/yarn/lib/jersey-guice-1.9.jar took 0.075 seconds
[2022-10-22T00:12:32.565+0000] {processor.py:156} INFO - Started process (PID=24780) to work on /opt/airflow/dags/hadoop-2.7.3/share/hadoop/yarn/lib/jersey-guice-1.9.jar
[2022-10-22T00:12:32.571+0000] {processor.py:758} INFO - Processing file /opt/airflow/dags/hadoop-2.7.3/share/hadoop/yarn/lib/jersey-guice-1.9.jar for tasks to queue
[2022-10-22T00:12:32.575+0000] {logging_mixin.py:117} INFO - [2022-10-22T00:12:32.574+0000] {dagbag.py:525} INFO - Filling up the DagBag from /opt/airflow/dags/hadoop-2.7.3/share/hadoop/yarn/lib/jersey-guice-1.9.jar
[2022-10-22T00:12:32.590+0000] {processor.py:770} WARNING - No viable dags retrieved from /opt/airflow/dags/hadoop-2.7.3/share/hadoop/yarn/lib/jersey-guice-1.9.jar
[2022-10-22T00:12:32.641+0000] {processor.py:178} INFO - Processing /opt/airflow/dags/hadoop-2.7.3/share/hadoop/yarn/lib/jersey-guice-1.9.jar took 0.087 seconds
[2022-10-22T00:15:42.857+0000] {processor.py:156} INFO - Started process (PID=22863) to work on /opt/airflow/dags/hadoop-2.7.3/share/hadoop/yarn/lib/jersey-guice-1.9.jar
[2022-10-22T00:15:42.862+0000] {processor.py:758} INFO - Processing file /opt/airflow/dags/hadoop-2.7.3/share/hadoop/yarn/lib/jersey-guice-1.9.jar for tasks to queue
[2022-10-22T00:15:42.868+0000] {logging_mixin.py:117} INFO - [2022-10-22T00:15:42.867+0000] {dagbag.py:525} INFO - Filling up the DagBag from /opt/airflow/dags/hadoop-2.7.3/share/hadoop/yarn/lib/jersey-guice-1.9.jar
[2022-10-22T00:15:42.874+0000] {processor.py:770} WARNING - No viable dags retrieved from /opt/airflow/dags/hadoop-2.7.3/share/hadoop/yarn/lib/jersey-guice-1.9.jar
[2022-10-22T00:15:42.926+0000] {processor.py:178} INFO - Processing /opt/airflow/dags/hadoop-2.7.3/share/hadoop/yarn/lib/jersey-guice-1.9.jar took 0.081 seconds
[2022-10-22T00:15:54.932+0000] {processor.py:156} INFO - Started process (PID=25424) to work on /opt/airflow/dags/hadoop-2.7.3/share/hadoop/yarn/lib/jersey-guice-1.9.jar
[2022-10-22T00:15:54.942+0000] {processor.py:758} INFO - Processing file /opt/airflow/dags/hadoop-2.7.3/share/hadoop/yarn/lib/jersey-guice-1.9.jar for tasks to queue
[2022-10-22T00:15:54.945+0000] {logging_mixin.py:117} INFO - [2022-10-22T00:15:54.945+0000] {dagbag.py:525} INFO - Filling up the DagBag from /opt/airflow/dags/hadoop-2.7.3/share/hadoop/yarn/lib/jersey-guice-1.9.jar
[2022-10-22T00:15:54.953+0000] {processor.py:770} WARNING - No viable dags retrieved from /opt/airflow/dags/hadoop-2.7.3/share/hadoop/yarn/lib/jersey-guice-1.9.jar
[2022-10-22T00:15:55.002+0000] {processor.py:178} INFO - Processing /opt/airflow/dags/hadoop-2.7.3/share/hadoop/yarn/lib/jersey-guice-1.9.jar took 0.078 seconds
[2022-10-22T00:16:37.232+0000] {processor.py:156} INFO - Started process (PID=23442) to work on /opt/airflow/dags/hadoop-2.7.3/share/hadoop/yarn/lib/jersey-guice-1.9.jar
[2022-10-22T00:16:37.236+0000] {processor.py:758} INFO - Processing file /opt/airflow/dags/hadoop-2.7.3/share/hadoop/yarn/lib/jersey-guice-1.9.jar for tasks to queue
[2022-10-22T00:16:37.246+0000] {logging_mixin.py:117} INFO - [2022-10-22T00:16:37.245+0000] {dagbag.py:525} INFO - Filling up the DagBag from /opt/airflow/dags/hadoop-2.7.3/share/hadoop/yarn/lib/jersey-guice-1.9.jar
[2022-10-22T00:16:37.258+0000] {processor.py:770} WARNING - No viable dags retrieved from /opt/airflow/dags/hadoop-2.7.3/share/hadoop/yarn/lib/jersey-guice-1.9.jar
[2022-10-22T00:16:37.299+0000] {processor.py:178} INFO - Processing /opt/airflow/dags/hadoop-2.7.3/share/hadoop/yarn/lib/jersey-guice-1.9.jar took 0.081 seconds
[2022-10-22T00:16:42.758+0000] {processor.py:156} INFO - Started process (PID=25947) to work on /opt/airflow/dags/hadoop-2.7.3/share/hadoop/yarn/lib/jersey-guice-1.9.jar
[2022-10-22T00:16:42.760+0000] {processor.py:758} INFO - Processing file /opt/airflow/dags/hadoop-2.7.3/share/hadoop/yarn/lib/jersey-guice-1.9.jar for tasks to queue
[2022-10-22T00:16:42.765+0000] {logging_mixin.py:117} INFO - [2022-10-22T00:16:42.764+0000] {dagbag.py:525} INFO - Filling up the DagBag from /opt/airflow/dags/hadoop-2.7.3/share/hadoop/yarn/lib/jersey-guice-1.9.jar
[2022-10-22T00:16:42.773+0000] {processor.py:770} WARNING - No viable dags retrieved from /opt/airflow/dags/hadoop-2.7.3/share/hadoop/yarn/lib/jersey-guice-1.9.jar
[2022-10-22T00:16:42.814+0000] {processor.py:178} INFO - Processing /opt/airflow/dags/hadoop-2.7.3/share/hadoop/yarn/lib/jersey-guice-1.9.jar took 0.063 seconds
[2022-10-22T00:17:31.843+0000] {processor.py:156} INFO - Started process (PID=24019) to work on /opt/airflow/dags/hadoop-2.7.3/share/hadoop/yarn/lib/jersey-guice-1.9.jar
[2022-10-22T00:17:31.850+0000] {processor.py:758} INFO - Processing file /opt/airflow/dags/hadoop-2.7.3/share/hadoop/yarn/lib/jersey-guice-1.9.jar for tasks to queue
[2022-10-22T00:17:31.854+0000] {logging_mixin.py:117} INFO - [2022-10-22T00:17:31.854+0000] {dagbag.py:525} INFO - Filling up the DagBag from /opt/airflow/dags/hadoop-2.7.3/share/hadoop/yarn/lib/jersey-guice-1.9.jar
[2022-10-22T00:17:31.863+0000] {processor.py:770} WARNING - No viable dags retrieved from /opt/airflow/dags/hadoop-2.7.3/share/hadoop/yarn/lib/jersey-guice-1.9.jar
[2022-10-22T00:17:31.901+0000] {processor.py:178} INFO - Processing /opt/airflow/dags/hadoop-2.7.3/share/hadoop/yarn/lib/jersey-guice-1.9.jar took 0.065 seconds
[2022-10-22T00:17:38.564+0000] {processor.py:156} INFO - Started process (PID=26544) to work on /opt/airflow/dags/hadoop-2.7.3/share/hadoop/yarn/lib/jersey-guice-1.9.jar
[2022-10-22T00:17:38.567+0000] {processor.py:758} INFO - Processing file /opt/airflow/dags/hadoop-2.7.3/share/hadoop/yarn/lib/jersey-guice-1.9.jar for tasks to queue
[2022-10-22T00:17:38.571+0000] {logging_mixin.py:117} INFO - [2022-10-22T00:17:38.571+0000] {dagbag.py:525} INFO - Filling up the DagBag from /opt/airflow/dags/hadoop-2.7.3/share/hadoop/yarn/lib/jersey-guice-1.9.jar
[2022-10-22T00:17:38.578+0000] {processor.py:770} WARNING - No viable dags retrieved from /opt/airflow/dags/hadoop-2.7.3/share/hadoop/yarn/lib/jersey-guice-1.9.jar
[2022-10-22T00:17:38.625+0000] {processor.py:178} INFO - Processing /opt/airflow/dags/hadoop-2.7.3/share/hadoop/yarn/lib/jersey-guice-1.9.jar took 0.069 seconds
[2022-10-22T00:18:31.084+0000] {processor.py:156} INFO - Started process (PID=24627) to work on /opt/airflow/dags/hadoop-2.7.3/share/hadoop/yarn/lib/jersey-guice-1.9.jar
[2022-10-22T00:18:31.096+0000] {processor.py:758} INFO - Processing file /opt/airflow/dags/hadoop-2.7.3/share/hadoop/yarn/lib/jersey-guice-1.9.jar for tasks to queue
[2022-10-22T00:18:31.098+0000] {logging_mixin.py:117} INFO - [2022-10-22T00:18:31.098+0000] {dagbag.py:525} INFO - Filling up the DagBag from /opt/airflow/dags/hadoop-2.7.3/share/hadoop/yarn/lib/jersey-guice-1.9.jar
[2022-10-22T00:18:31.114+0000] {processor.py:770} WARNING - No viable dags retrieved from /opt/airflow/dags/hadoop-2.7.3/share/hadoop/yarn/lib/jersey-guice-1.9.jar
[2022-10-22T00:18:31.181+0000] {processor.py:178} INFO - Processing /opt/airflow/dags/hadoop-2.7.3/share/hadoop/yarn/lib/jersey-guice-1.9.jar took 0.119 seconds
[2022-10-22T00:18:31.885+0000] {processor.py:156} INFO - Started process (PID=27119) to work on /opt/airflow/dags/hadoop-2.7.3/share/hadoop/yarn/lib/jersey-guice-1.9.jar
[2022-10-22T00:18:31.892+0000] {processor.py:758} INFO - Processing file /opt/airflow/dags/hadoop-2.7.3/share/hadoop/yarn/lib/jersey-guice-1.9.jar for tasks to queue
[2022-10-22T00:18:31.899+0000] {logging_mixin.py:117} INFO - [2022-10-22T00:18:31.898+0000] {dagbag.py:525} INFO - Filling up the DagBag from /opt/airflow/dags/hadoop-2.7.3/share/hadoop/yarn/lib/jersey-guice-1.9.jar
[2022-10-22T00:18:31.910+0000] {processor.py:770} WARNING - No viable dags retrieved from /opt/airflow/dags/hadoop-2.7.3/share/hadoop/yarn/lib/jersey-guice-1.9.jar
[2022-10-22T00:18:31.981+0000] {processor.py:178} INFO - Processing /opt/airflow/dags/hadoop-2.7.3/share/hadoop/yarn/lib/jersey-guice-1.9.jar took 0.110 seconds
[2022-10-22T00:19:27.639+0000] {processor.py:156} INFO - Started process (PID=27711) to work on /opt/airflow/dags/hadoop-2.7.3/share/hadoop/yarn/lib/jersey-guice-1.9.jar
[2022-10-22T00:19:27.642+0000] {processor.py:758} INFO - Processing file /opt/airflow/dags/hadoop-2.7.3/share/hadoop/yarn/lib/jersey-guice-1.9.jar for tasks to queue
[2022-10-22T00:19:27.646+0000] {logging_mixin.py:117} INFO - [2022-10-22T00:19:27.645+0000] {dagbag.py:525} INFO - Filling up the DagBag from /opt/airflow/dags/hadoop-2.7.3/share/hadoop/yarn/lib/jersey-guice-1.9.jar
[2022-10-22T00:19:27.655+0000] {processor.py:770} WARNING - No viable dags retrieved from /opt/airflow/dags/hadoop-2.7.3/share/hadoop/yarn/lib/jersey-guice-1.9.jar
[2022-10-22T00:19:27.723+0000] {processor.py:178} INFO - Processing /opt/airflow/dags/hadoop-2.7.3/share/hadoop/yarn/lib/jersey-guice-1.9.jar took 0.093 seconds
[2022-10-22T00:20:07.267+0000] {processor.py:156} INFO - Started process (PID=25261) to work on /opt/airflow/dags/hadoop-2.7.3/share/hadoop/yarn/lib/jersey-guice-1.9.jar
[2022-10-22T00:20:07.272+0000] {processor.py:758} INFO - Processing file /opt/airflow/dags/hadoop-2.7.3/share/hadoop/yarn/lib/jersey-guice-1.9.jar for tasks to queue
[2022-10-22T00:20:07.276+0000] {logging_mixin.py:117} INFO - [2022-10-22T00:20:07.276+0000] {dagbag.py:525} INFO - Filling up the DagBag from /opt/airflow/dags/hadoop-2.7.3/share/hadoop/yarn/lib/jersey-guice-1.9.jar
[2022-10-22T00:20:07.285+0000] {processor.py:770} WARNING - No viable dags retrieved from /opt/airflow/dags/hadoop-2.7.3/share/hadoop/yarn/lib/jersey-guice-1.9.jar
[2022-10-22T00:20:07.334+0000] {processor.py:178} INFO - Processing /opt/airflow/dags/hadoop-2.7.3/share/hadoop/yarn/lib/jersey-guice-1.9.jar took 0.086 seconds
[2022-10-22T00:21:01.845+0000] {processor.py:156} INFO - Started process (PID=28319) to work on /opt/airflow/dags/hadoop-2.7.3/share/hadoop/yarn/lib/jersey-guice-1.9.jar
[2022-10-22T00:21:01.849+0000] {processor.py:758} INFO - Processing file /opt/airflow/dags/hadoop-2.7.3/share/hadoop/yarn/lib/jersey-guice-1.9.jar for tasks to queue
[2022-10-22T00:21:01.851+0000] {logging_mixin.py:117} INFO - [2022-10-22T00:21:01.851+0000] {dagbag.py:525} INFO - Filling up the DagBag from /opt/airflow/dags/hadoop-2.7.3/share/hadoop/yarn/lib/jersey-guice-1.9.jar
[2022-10-22T00:21:01.858+0000] {processor.py:770} WARNING - No viable dags retrieved from /opt/airflow/dags/hadoop-2.7.3/share/hadoop/yarn/lib/jersey-guice-1.9.jar
[2022-10-22T00:21:01.912+0000] {processor.py:178} INFO - Processing /opt/airflow/dags/hadoop-2.7.3/share/hadoop/yarn/lib/jersey-guice-1.9.jar took 0.074 seconds
[2022-10-22T00:21:11.571+0000] {processor.py:156} INFO - Started process (PID=25867) to work on /opt/airflow/dags/hadoop-2.7.3/share/hadoop/yarn/lib/jersey-guice-1.9.jar
[2022-10-22T00:21:11.574+0000] {processor.py:758} INFO - Processing file /opt/airflow/dags/hadoop-2.7.3/share/hadoop/yarn/lib/jersey-guice-1.9.jar for tasks to queue
[2022-10-22T00:21:11.577+0000] {logging_mixin.py:117} INFO - [2022-10-22T00:21:11.577+0000] {dagbag.py:525} INFO - Filling up the DagBag from /opt/airflow/dags/hadoop-2.7.3/share/hadoop/yarn/lib/jersey-guice-1.9.jar
[2022-10-22T00:21:11.585+0000] {processor.py:770} WARNING - No viable dags retrieved from /opt/airflow/dags/hadoop-2.7.3/share/hadoop/yarn/lib/jersey-guice-1.9.jar
[2022-10-22T00:21:11.641+0000] {processor.py:178} INFO - Processing /opt/airflow/dags/hadoop-2.7.3/share/hadoop/yarn/lib/jersey-guice-1.9.jar took 0.079 seconds
[2022-10-22T00:22:11.101+0000] {processor.py:156} INFO - Started process (PID=28974) to work on /opt/airflow/dags/hadoop-2.7.3/share/hadoop/yarn/lib/jersey-guice-1.9.jar
[2022-10-22T00:22:11.109+0000] {processor.py:758} INFO - Processing file /opt/airflow/dags/hadoop-2.7.3/share/hadoop/yarn/lib/jersey-guice-1.9.jar for tasks to queue
[2022-10-22T00:22:11.119+0000] {logging_mixin.py:117} INFO - [2022-10-22T00:22:11.119+0000] {dagbag.py:525} INFO - Filling up the DagBag from /opt/airflow/dags/hadoop-2.7.3/share/hadoop/yarn/lib/jersey-guice-1.9.jar
[2022-10-22T00:22:11.132+0000] {processor.py:770} WARNING - No viable dags retrieved from /opt/airflow/dags/hadoop-2.7.3/share/hadoop/yarn/lib/jersey-guice-1.9.jar
[2022-10-22T00:22:11.196+0000] {processor.py:178} INFO - Processing /opt/airflow/dags/hadoop-2.7.3/share/hadoop/yarn/lib/jersey-guice-1.9.jar took 0.103 seconds
[2022-10-22T00:22:26.628+0000] {processor.py:156} INFO - Started process (PID=26584) to work on /opt/airflow/dags/hadoop-2.7.3/share/hadoop/yarn/lib/jersey-guice-1.9.jar
[2022-10-22T00:22:26.638+0000] {processor.py:758} INFO - Processing file /opt/airflow/dags/hadoop-2.7.3/share/hadoop/yarn/lib/jersey-guice-1.9.jar for tasks to queue
[2022-10-22T00:22:26.640+0000] {logging_mixin.py:117} INFO - [2022-10-22T00:22:26.640+0000] {dagbag.py:525} INFO - Filling up the DagBag from /opt/airflow/dags/hadoop-2.7.3/share/hadoop/yarn/lib/jersey-guice-1.9.jar
[2022-10-22T00:22:26.648+0000] {processor.py:770} WARNING - No viable dags retrieved from /opt/airflow/dags/hadoop-2.7.3/share/hadoop/yarn/lib/jersey-guice-1.9.jar
[2022-10-22T00:22:26.711+0000] {processor.py:178} INFO - Processing /opt/airflow/dags/hadoop-2.7.3/share/hadoop/yarn/lib/jersey-guice-1.9.jar took 0.123 seconds
[2022-10-22T00:23:19.888+0000] {processor.py:156} INFO - Started process (PID=27101) to work on /opt/airflow/dags/hadoop-2.7.3/share/hadoop/yarn/lib/jersey-guice-1.9.jar
[2022-10-22T00:23:19.894+0000] {processor.py:758} INFO - Processing file /opt/airflow/dags/hadoop-2.7.3/share/hadoop/yarn/lib/jersey-guice-1.9.jar for tasks to queue
[2022-10-22T00:23:19.896+0000] {logging_mixin.py:117} INFO - [2022-10-22T00:23:19.895+0000] {dagbag.py:525} INFO - Filling up the DagBag from /opt/airflow/dags/hadoop-2.7.3/share/hadoop/yarn/lib/jersey-guice-1.9.jar
[2022-10-22T00:23:19.900+0000] {processor.py:770} WARNING - No viable dags retrieved from /opt/airflow/dags/hadoop-2.7.3/share/hadoop/yarn/lib/jersey-guice-1.9.jar
[2022-10-22T00:23:19.948+0000] {processor.py:178} INFO - Processing /opt/airflow/dags/hadoop-2.7.3/share/hadoop/yarn/lib/jersey-guice-1.9.jar took 0.073 seconds
[2022-10-22T00:23:25.031+0000] {processor.py:156} INFO - Started process (PID=29716) to work on /opt/airflow/dags/hadoop-2.7.3/share/hadoop/yarn/lib/jersey-guice-1.9.jar
[2022-10-22T00:23:25.033+0000] {processor.py:758} INFO - Processing file /opt/airflow/dags/hadoop-2.7.3/share/hadoop/yarn/lib/jersey-guice-1.9.jar for tasks to queue
[2022-10-22T00:23:25.035+0000] {logging_mixin.py:117} INFO - [2022-10-22T00:23:25.035+0000] {dagbag.py:525} INFO - Filling up the DagBag from /opt/airflow/dags/hadoop-2.7.3/share/hadoop/yarn/lib/jersey-guice-1.9.jar
[2022-10-22T00:23:25.043+0000] {processor.py:770} WARNING - No viable dags retrieved from /opt/airflow/dags/hadoop-2.7.3/share/hadoop/yarn/lib/jersey-guice-1.9.jar
[2022-10-22T00:23:25.077+0000] {processor.py:178} INFO - Processing /opt/airflow/dags/hadoop-2.7.3/share/hadoop/yarn/lib/jersey-guice-1.9.jar took 0.051 seconds
[2022-10-22T00:24:08.517+0000] {processor.py:156} INFO - Started process (PID=30236) to work on /opt/airflow/dags/hadoop-2.7.3/share/hadoop/yarn/lib/jersey-guice-1.9.jar
[2022-10-22T00:24:08.520+0000] {processor.py:758} INFO - Processing file /opt/airflow/dags/hadoop-2.7.3/share/hadoop/yarn/lib/jersey-guice-1.9.jar for tasks to queue
[2022-10-22T00:24:08.523+0000] {logging_mixin.py:117} INFO - [2022-10-22T00:24:08.523+0000] {dagbag.py:525} INFO - Filling up the DagBag from /opt/airflow/dags/hadoop-2.7.3/share/hadoop/yarn/lib/jersey-guice-1.9.jar
[2022-10-22T00:24:08.532+0000] {processor.py:770} WARNING - No viable dags retrieved from /opt/airflow/dags/hadoop-2.7.3/share/hadoop/yarn/lib/jersey-guice-1.9.jar
[2022-10-22T00:24:08.568+0000] {processor.py:178} INFO - Processing /opt/airflow/dags/hadoop-2.7.3/share/hadoop/yarn/lib/jersey-guice-1.9.jar took 0.068 seconds
[2022-10-22T00:33:24.923+0000] {processor.py:156} INFO - Started process (PID=27687) to work on /opt/airflow/dags/hadoop-2.7.3/share/hadoop/yarn/lib/jersey-guice-1.9.jar
[2022-10-22T00:33:24.930+0000] {processor.py:758} INFO - Processing file /opt/airflow/dags/hadoop-2.7.3/share/hadoop/yarn/lib/jersey-guice-1.9.jar for tasks to queue
[2022-10-22T00:33:24.936+0000] {logging_mixin.py:117} INFO - [2022-10-22T00:33:24.933+0000] {dagbag.py:525} INFO - Filling up the DagBag from /opt/airflow/dags/hadoop-2.7.3/share/hadoop/yarn/lib/jersey-guice-1.9.jar
[2022-10-22T00:33:24.945+0000] {processor.py:770} WARNING - No viable dags retrieved from /opt/airflow/dags/hadoop-2.7.3/share/hadoop/yarn/lib/jersey-guice-1.9.jar
[2022-10-22T00:33:24.998+0000] {processor.py:178} INFO - Processing /opt/airflow/dags/hadoop-2.7.3/share/hadoop/yarn/lib/jersey-guice-1.9.jar took 0.086 seconds
