[2022-10-22T00:00:02.083+0000] {processor.py:156} INFO - Started process (PID=16752) to work on /opt/airflow/dags/hadoop-2.7.3/share/hadoop/kms/tomcat/webapps/kms/WEB-INF/lib/activation-1.1.jar
[2022-10-22T00:00:02.091+0000] {processor.py:758} INFO - Processing file /opt/airflow/dags/hadoop-2.7.3/share/hadoop/kms/tomcat/webapps/kms/WEB-INF/lib/activation-1.1.jar for tasks to queue
[2022-10-22T00:00:02.105+0000] {logging_mixin.py:117} INFO - [2022-10-22T00:00:02.105+0000] {dagbag.py:525} INFO - Filling up the DagBag from /opt/airflow/dags/hadoop-2.7.3/share/hadoop/kms/tomcat/webapps/kms/WEB-INF/lib/activation-1.1.jar
[2022-10-22T00:00:02.146+0000] {processor.py:770} WARNING - No viable dags retrieved from /opt/airflow/dags/hadoop-2.7.3/share/hadoop/kms/tomcat/webapps/kms/WEB-INF/lib/activation-1.1.jar
[2022-10-22T00:00:02.273+0000] {processor.py:178} INFO - Processing /opt/airflow/dags/hadoop-2.7.3/share/hadoop/kms/tomcat/webapps/kms/WEB-INF/lib/activation-1.1.jar took 0.199 seconds
[2022-10-22T00:00:42.659+0000] {processor.py:156} INFO - Started process (PID=19181) to work on /opt/airflow/dags/hadoop-2.7.3/share/hadoop/kms/tomcat/webapps/kms/WEB-INF/lib/activation-1.1.jar
[2022-10-22T00:00:42.672+0000] {processor.py:758} INFO - Processing file /opt/airflow/dags/hadoop-2.7.3/share/hadoop/kms/tomcat/webapps/kms/WEB-INF/lib/activation-1.1.jar for tasks to queue
[2022-10-22T00:00:42.676+0000] {logging_mixin.py:117} INFO - [2022-10-22T00:00:42.676+0000] {dagbag.py:525} INFO - Filling up the DagBag from /opt/airflow/dags/hadoop-2.7.3/share/hadoop/kms/tomcat/webapps/kms/WEB-INF/lib/activation-1.1.jar
[2022-10-22T00:00:42.709+0000] {processor.py:770} WARNING - No viable dags retrieved from /opt/airflow/dags/hadoop-2.7.3/share/hadoop/kms/tomcat/webapps/kms/WEB-INF/lib/activation-1.1.jar
[2022-10-22T00:00:42.789+0000] {processor.py:178} INFO - Processing /opt/airflow/dags/hadoop-2.7.3/share/hadoop/kms/tomcat/webapps/kms/WEB-INF/lib/activation-1.1.jar took 0.157 seconds
[2022-10-22T00:01:38.650+0000] {processor.py:156} INFO - Started process (PID=17375) to work on /opt/airflow/dags/hadoop-2.7.3/share/hadoop/kms/tomcat/webapps/kms/WEB-INF/lib/activation-1.1.jar
[2022-10-22T00:01:38.659+0000] {processor.py:758} INFO - Processing file /opt/airflow/dags/hadoop-2.7.3/share/hadoop/kms/tomcat/webapps/kms/WEB-INF/lib/activation-1.1.jar for tasks to queue
[2022-10-22T00:01:38.662+0000] {logging_mixin.py:117} INFO - [2022-10-22T00:01:38.662+0000] {dagbag.py:525} INFO - Filling up the DagBag from /opt/airflow/dags/hadoop-2.7.3/share/hadoop/kms/tomcat/webapps/kms/WEB-INF/lib/activation-1.1.jar
[2022-10-22T00:01:38.672+0000] {processor.py:770} WARNING - No viable dags retrieved from /opt/airflow/dags/hadoop-2.7.3/share/hadoop/kms/tomcat/webapps/kms/WEB-INF/lib/activation-1.1.jar
[2022-10-22T00:01:38.729+0000] {processor.py:178} INFO - Processing /opt/airflow/dags/hadoop-2.7.3/share/hadoop/kms/tomcat/webapps/kms/WEB-INF/lib/activation-1.1.jar took 0.087 seconds
[2022-10-22T00:02:27.331+0000] {processor.py:156} INFO - Started process (PID=20114) to work on /opt/airflow/dags/hadoop-2.7.3/share/hadoop/kms/tomcat/webapps/kms/WEB-INF/lib/activation-1.1.jar
[2022-10-22T00:02:27.340+0000] {processor.py:758} INFO - Processing file /opt/airflow/dags/hadoop-2.7.3/share/hadoop/kms/tomcat/webapps/kms/WEB-INF/lib/activation-1.1.jar for tasks to queue
[2022-10-22T00:02:27.353+0000] {logging_mixin.py:117} INFO - [2022-10-22T00:02:27.352+0000] {dagbag.py:525} INFO - Filling up the DagBag from /opt/airflow/dags/hadoop-2.7.3/share/hadoop/kms/tomcat/webapps/kms/WEB-INF/lib/activation-1.1.jar
[2022-10-22T00:02:27.367+0000] {processor.py:770} WARNING - No viable dags retrieved from /opt/airflow/dags/hadoop-2.7.3/share/hadoop/kms/tomcat/webapps/kms/WEB-INF/lib/activation-1.1.jar
[2022-10-22T00:02:27.452+0000] {processor.py:178} INFO - Processing /opt/airflow/dags/hadoop-2.7.3/share/hadoop/kms/tomcat/webapps/kms/WEB-INF/lib/activation-1.1.jar took 0.128 seconds
[2022-10-22T00:03:23.758+0000] {processor.py:156} INFO - Started process (PID=17952) to work on /opt/airflow/dags/hadoop-2.7.3/share/hadoop/kms/tomcat/webapps/kms/WEB-INF/lib/activation-1.1.jar
[2022-10-22T00:03:23.762+0000] {processor.py:758} INFO - Processing file /opt/airflow/dags/hadoop-2.7.3/share/hadoop/kms/tomcat/webapps/kms/WEB-INF/lib/activation-1.1.jar for tasks to queue
[2022-10-22T00:03:23.764+0000] {logging_mixin.py:117} INFO - [2022-10-22T00:03:23.764+0000] {dagbag.py:525} INFO - Filling up the DagBag from /opt/airflow/dags/hadoop-2.7.3/share/hadoop/kms/tomcat/webapps/kms/WEB-INF/lib/activation-1.1.jar
[2022-10-22T00:03:23.770+0000] {processor.py:770} WARNING - No viable dags retrieved from /opt/airflow/dags/hadoop-2.7.3/share/hadoop/kms/tomcat/webapps/kms/WEB-INF/lib/activation-1.1.jar
[2022-10-22T00:03:23.813+0000] {processor.py:178} INFO - Processing /opt/airflow/dags/hadoop-2.7.3/share/hadoop/kms/tomcat/webapps/kms/WEB-INF/lib/activation-1.1.jar took 0.061 seconds
[2022-10-22T00:04:02.787+0000] {processor.py:156} INFO - Started process (PID=20715) to work on /opt/airflow/dags/hadoop-2.7.3/share/hadoop/kms/tomcat/webapps/kms/WEB-INF/lib/activation-1.1.jar
[2022-10-22T00:04:02.791+0000] {processor.py:758} INFO - Processing file /opt/airflow/dags/hadoop-2.7.3/share/hadoop/kms/tomcat/webapps/kms/WEB-INF/lib/activation-1.1.jar for tasks to queue
[2022-10-22T00:04:02.794+0000] {logging_mixin.py:117} INFO - [2022-10-22T00:04:02.794+0000] {dagbag.py:525} INFO - Filling up the DagBag from /opt/airflow/dags/hadoop-2.7.3/share/hadoop/kms/tomcat/webapps/kms/WEB-INF/lib/activation-1.1.jar
[2022-10-22T00:04:02.804+0000] {processor.py:770} WARNING - No viable dags retrieved from /opt/airflow/dags/hadoop-2.7.3/share/hadoop/kms/tomcat/webapps/kms/WEB-INF/lib/activation-1.1.jar
[2022-10-22T00:04:02.857+0000] {processor.py:178} INFO - Processing /opt/airflow/dags/hadoop-2.7.3/share/hadoop/kms/tomcat/webapps/kms/WEB-INF/lib/activation-1.1.jar took 0.088 seconds
[2022-10-22T00:04:31.144+0000] {processor.py:156} INFO - Started process (PID=18562) to work on /opt/airflow/dags/hadoop-2.7.3/share/hadoop/kms/tomcat/webapps/kms/WEB-INF/lib/activation-1.1.jar
[2022-10-22T00:04:31.147+0000] {processor.py:758} INFO - Processing file /opt/airflow/dags/hadoop-2.7.3/share/hadoop/kms/tomcat/webapps/kms/WEB-INF/lib/activation-1.1.jar for tasks to queue
[2022-10-22T00:04:31.149+0000] {logging_mixin.py:117} INFO - [2022-10-22T00:04:31.149+0000] {dagbag.py:525} INFO - Filling up the DagBag from /opt/airflow/dags/hadoop-2.7.3/share/hadoop/kms/tomcat/webapps/kms/WEB-INF/lib/activation-1.1.jar
[2022-10-22T00:04:31.157+0000] {processor.py:770} WARNING - No viable dags retrieved from /opt/airflow/dags/hadoop-2.7.3/share/hadoop/kms/tomcat/webapps/kms/WEB-INF/lib/activation-1.1.jar
[2022-10-22T00:04:31.193+0000] {processor.py:178} INFO - Processing /opt/airflow/dags/hadoop-2.7.3/share/hadoop/kms/tomcat/webapps/kms/WEB-INF/lib/activation-1.1.jar took 0.057 seconds
[2022-10-22T00:05:00.450+0000] {processor.py:156} INFO - Started process (PID=21243) to work on /opt/airflow/dags/hadoop-2.7.3/share/hadoop/kms/tomcat/webapps/kms/WEB-INF/lib/activation-1.1.jar
[2022-10-22T00:05:00.453+0000] {processor.py:758} INFO - Processing file /opt/airflow/dags/hadoop-2.7.3/share/hadoop/kms/tomcat/webapps/kms/WEB-INF/lib/activation-1.1.jar for tasks to queue
[2022-10-22T00:05:00.456+0000] {logging_mixin.py:117} INFO - [2022-10-22T00:05:00.456+0000] {dagbag.py:525} INFO - Filling up the DagBag from /opt/airflow/dags/hadoop-2.7.3/share/hadoop/kms/tomcat/webapps/kms/WEB-INF/lib/activation-1.1.jar
[2022-10-22T00:05:00.466+0000] {processor.py:770} WARNING - No viable dags retrieved from /opt/airflow/dags/hadoop-2.7.3/share/hadoop/kms/tomcat/webapps/kms/WEB-INF/lib/activation-1.1.jar
[2022-10-22T00:05:00.513+0000] {processor.py:178} INFO - Processing /opt/airflow/dags/hadoop-2.7.3/share/hadoop/kms/tomcat/webapps/kms/WEB-INF/lib/activation-1.1.jar took 0.075 seconds
[2022-10-22T00:05:26.049+0000] {processor.py:156} INFO - Started process (PID=19084) to work on /opt/airflow/dags/hadoop-2.7.3/share/hadoop/kms/tomcat/webapps/kms/WEB-INF/lib/activation-1.1.jar
[2022-10-22T00:05:26.052+0000] {processor.py:758} INFO - Processing file /opt/airflow/dags/hadoop-2.7.3/share/hadoop/kms/tomcat/webapps/kms/WEB-INF/lib/activation-1.1.jar for tasks to queue
[2022-10-22T00:05:26.055+0000] {logging_mixin.py:117} INFO - [2022-10-22T00:05:26.055+0000] {dagbag.py:525} INFO - Filling up the DagBag from /opt/airflow/dags/hadoop-2.7.3/share/hadoop/kms/tomcat/webapps/kms/WEB-INF/lib/activation-1.1.jar
[2022-10-22T00:05:26.062+0000] {processor.py:770} WARNING - No viable dags retrieved from /opt/airflow/dags/hadoop-2.7.3/share/hadoop/kms/tomcat/webapps/kms/WEB-INF/lib/activation-1.1.jar
[2022-10-22T00:05:26.101+0000] {processor.py:178} INFO - Processing /opt/airflow/dags/hadoop-2.7.3/share/hadoop/kms/tomcat/webapps/kms/WEB-INF/lib/activation-1.1.jar took 0.075 seconds
[2022-10-22T00:05:46.198+0000] {processor.py:156} INFO - Started process (PID=21709) to work on /opt/airflow/dags/hadoop-2.7.3/share/hadoop/kms/tomcat/webapps/kms/WEB-INF/lib/activation-1.1.jar
[2022-10-22T00:05:46.204+0000] {processor.py:758} INFO - Processing file /opt/airflow/dags/hadoop-2.7.3/share/hadoop/kms/tomcat/webapps/kms/WEB-INF/lib/activation-1.1.jar for tasks to queue
[2022-10-22T00:05:46.206+0000] {logging_mixin.py:117} INFO - [2022-10-22T00:05:46.206+0000] {dagbag.py:525} INFO - Filling up the DagBag from /opt/airflow/dags/hadoop-2.7.3/share/hadoop/kms/tomcat/webapps/kms/WEB-INF/lib/activation-1.1.jar
[2022-10-22T00:05:46.213+0000] {processor.py:770} WARNING - No viable dags retrieved from /opt/airflow/dags/hadoop-2.7.3/share/hadoop/kms/tomcat/webapps/kms/WEB-INF/lib/activation-1.1.jar
[2022-10-22T00:05:46.252+0000] {processor.py:178} INFO - Processing /opt/airflow/dags/hadoop-2.7.3/share/hadoop/kms/tomcat/webapps/kms/WEB-INF/lib/activation-1.1.jar took 0.063 seconds
[2022-10-22T00:06:28.039+0000] {processor.py:156} INFO - Started process (PID=19675) to work on /opt/airflow/dags/hadoop-2.7.3/share/hadoop/kms/tomcat/webapps/kms/WEB-INF/lib/activation-1.1.jar
[2022-10-22T00:06:28.043+0000] {processor.py:758} INFO - Processing file /opt/airflow/dags/hadoop-2.7.3/share/hadoop/kms/tomcat/webapps/kms/WEB-INF/lib/activation-1.1.jar for tasks to queue
[2022-10-22T00:06:28.049+0000] {logging_mixin.py:117} INFO - [2022-10-22T00:06:28.046+0000] {dagbag.py:525} INFO - Filling up the DagBag from /opt/airflow/dags/hadoop-2.7.3/share/hadoop/kms/tomcat/webapps/kms/WEB-INF/lib/activation-1.1.jar
[2022-10-22T00:06:28.059+0000] {processor.py:770} WARNING - No viable dags retrieved from /opt/airflow/dags/hadoop-2.7.3/share/hadoop/kms/tomcat/webapps/kms/WEB-INF/lib/activation-1.1.jar
[2022-10-22T00:06:28.100+0000] {processor.py:178} INFO - Processing /opt/airflow/dags/hadoop-2.7.3/share/hadoop/kms/tomcat/webapps/kms/WEB-INF/lib/activation-1.1.jar took 0.073 seconds
[2022-10-22T00:06:34.368+0000] {processor.py:156} INFO - Started process (PID=22174) to work on /opt/airflow/dags/hadoop-2.7.3/share/hadoop/kms/tomcat/webapps/kms/WEB-INF/lib/activation-1.1.jar
[2022-10-22T00:06:34.371+0000] {processor.py:758} INFO - Processing file /opt/airflow/dags/hadoop-2.7.3/share/hadoop/kms/tomcat/webapps/kms/WEB-INF/lib/activation-1.1.jar for tasks to queue
[2022-10-22T00:06:34.374+0000] {logging_mixin.py:117} INFO - [2022-10-22T00:06:34.374+0000] {dagbag.py:525} INFO - Filling up the DagBag from /opt/airflow/dags/hadoop-2.7.3/share/hadoop/kms/tomcat/webapps/kms/WEB-INF/lib/activation-1.1.jar
[2022-10-22T00:06:34.383+0000] {processor.py:770} WARNING - No viable dags retrieved from /opt/airflow/dags/hadoop-2.7.3/share/hadoop/kms/tomcat/webapps/kms/WEB-INF/lib/activation-1.1.jar
[2022-10-22T00:06:34.429+0000] {processor.py:178} INFO - Processing /opt/airflow/dags/hadoop-2.7.3/share/hadoop/kms/tomcat/webapps/kms/WEB-INF/lib/activation-1.1.jar took 0.068 seconds
[2022-10-22T00:07:15.457+0000] {processor.py:156} INFO - Started process (PID=20147) to work on /opt/airflow/dags/hadoop-2.7.3/share/hadoop/kms/tomcat/webapps/kms/WEB-INF/lib/activation-1.1.jar
[2022-10-22T00:07:15.460+0000] {processor.py:758} INFO - Processing file /opt/airflow/dags/hadoop-2.7.3/share/hadoop/kms/tomcat/webapps/kms/WEB-INF/lib/activation-1.1.jar for tasks to queue
[2022-10-22T00:07:15.463+0000] {logging_mixin.py:117} INFO - [2022-10-22T00:07:15.463+0000] {dagbag.py:525} INFO - Filling up the DagBag from /opt/airflow/dags/hadoop-2.7.3/share/hadoop/kms/tomcat/webapps/kms/WEB-INF/lib/activation-1.1.jar
[2022-10-22T00:07:15.474+0000] {processor.py:770} WARNING - No viable dags retrieved from /opt/airflow/dags/hadoop-2.7.3/share/hadoop/kms/tomcat/webapps/kms/WEB-INF/lib/activation-1.1.jar
[2022-10-22T00:07:15.529+0000] {processor.py:178} INFO - Processing /opt/airflow/dags/hadoop-2.7.3/share/hadoop/kms/tomcat/webapps/kms/WEB-INF/lib/activation-1.1.jar took 0.088 seconds
[2022-10-22T00:07:17.731+0000] {processor.py:156} INFO - Started process (PID=22633) to work on /opt/airflow/dags/hadoop-2.7.3/share/hadoop/kms/tomcat/webapps/kms/WEB-INF/lib/activation-1.1.jar
[2022-10-22T00:07:17.733+0000] {processor.py:758} INFO - Processing file /opt/airflow/dags/hadoop-2.7.3/share/hadoop/kms/tomcat/webapps/kms/WEB-INF/lib/activation-1.1.jar for tasks to queue
[2022-10-22T00:07:17.736+0000] {logging_mixin.py:117} INFO - [2022-10-22T00:07:17.735+0000] {dagbag.py:525} INFO - Filling up the DagBag from /opt/airflow/dags/hadoop-2.7.3/share/hadoop/kms/tomcat/webapps/kms/WEB-INF/lib/activation-1.1.jar
[2022-10-22T00:07:17.753+0000] {processor.py:770} WARNING - No viable dags retrieved from /opt/airflow/dags/hadoop-2.7.3/share/hadoop/kms/tomcat/webapps/kms/WEB-INF/lib/activation-1.1.jar
[2022-10-22T00:07:17.813+0000] {processor.py:178} INFO - Processing /opt/airflow/dags/hadoop-2.7.3/share/hadoop/kms/tomcat/webapps/kms/WEB-INF/lib/activation-1.1.jar took 0.092 seconds
[2022-10-22T00:08:43.053+0000] {processor.py:156} INFO - Started process (PID=23094) to work on /opt/airflow/dags/hadoop-2.7.3/share/hadoop/kms/tomcat/webapps/kms/WEB-INF/lib/activation-1.1.jar
[2022-10-22T00:08:43.056+0000] {processor.py:758} INFO - Processing file /opt/airflow/dags/hadoop-2.7.3/share/hadoop/kms/tomcat/webapps/kms/WEB-INF/lib/activation-1.1.jar for tasks to queue
[2022-10-22T00:08:43.058+0000] {logging_mixin.py:117} INFO - [2022-10-22T00:08:43.058+0000] {dagbag.py:525} INFO - Filling up the DagBag from /opt/airflow/dags/hadoop-2.7.3/share/hadoop/kms/tomcat/webapps/kms/WEB-INF/lib/activation-1.1.jar
[2022-10-22T00:08:43.070+0000] {processor.py:770} WARNING - No viable dags retrieved from /opt/airflow/dags/hadoop-2.7.3/share/hadoop/kms/tomcat/webapps/kms/WEB-INF/lib/activation-1.1.jar
[2022-10-22T00:08:43.120+0000] {processor.py:178} INFO - Processing /opt/airflow/dags/hadoop-2.7.3/share/hadoop/kms/tomcat/webapps/kms/WEB-INF/lib/activation-1.1.jar took 0.076 seconds
[2022-10-22T00:08:52.778+0000] {processor.py:156} INFO - Started process (PID=20694) to work on /opt/airflow/dags/hadoop-2.7.3/share/hadoop/kms/tomcat/webapps/kms/WEB-INF/lib/activation-1.1.jar
[2022-10-22T00:08:52.781+0000] {processor.py:758} INFO - Processing file /opt/airflow/dags/hadoop-2.7.3/share/hadoop/kms/tomcat/webapps/kms/WEB-INF/lib/activation-1.1.jar for tasks to queue
[2022-10-22T00:08:52.784+0000] {logging_mixin.py:117} INFO - [2022-10-22T00:08:52.784+0000] {dagbag.py:525} INFO - Filling up the DagBag from /opt/airflow/dags/hadoop-2.7.3/share/hadoop/kms/tomcat/webapps/kms/WEB-INF/lib/activation-1.1.jar
[2022-10-22T00:08:52.797+0000] {processor.py:770} WARNING - No viable dags retrieved from /opt/airflow/dags/hadoop-2.7.3/share/hadoop/kms/tomcat/webapps/kms/WEB-INF/lib/activation-1.1.jar
[2022-10-22T00:08:52.851+0000] {processor.py:178} INFO - Processing /opt/airflow/dags/hadoop-2.7.3/share/hadoop/kms/tomcat/webapps/kms/WEB-INF/lib/activation-1.1.jar took 0.085 seconds
[2022-10-22T00:09:41.106+0000] {processor.py:156} INFO - Started process (PID=23630) to work on /opt/airflow/dags/hadoop-2.7.3/share/hadoop/kms/tomcat/webapps/kms/WEB-INF/lib/activation-1.1.jar
[2022-10-22T00:09:41.109+0000] {processor.py:758} INFO - Processing file /opt/airflow/dags/hadoop-2.7.3/share/hadoop/kms/tomcat/webapps/kms/WEB-INF/lib/activation-1.1.jar for tasks to queue
[2022-10-22T00:09:41.116+0000] {logging_mixin.py:117} INFO - [2022-10-22T00:09:41.114+0000] {dagbag.py:525} INFO - Filling up the DagBag from /opt/airflow/dags/hadoop-2.7.3/share/hadoop/kms/tomcat/webapps/kms/WEB-INF/lib/activation-1.1.jar
[2022-10-22T00:09:41.129+0000] {processor.py:770} WARNING - No viable dags retrieved from /opt/airflow/dags/hadoop-2.7.3/share/hadoop/kms/tomcat/webapps/kms/WEB-INF/lib/activation-1.1.jar
[2022-10-22T00:09:41.170+0000] {processor.py:178} INFO - Processing /opt/airflow/dags/hadoop-2.7.3/share/hadoop/kms/tomcat/webapps/kms/WEB-INF/lib/activation-1.1.jar took 0.084 seconds
[2022-10-22T00:09:48.267+0000] {processor.py:156} INFO - Started process (PID=21219) to work on /opt/airflow/dags/hadoop-2.7.3/share/hadoop/kms/tomcat/webapps/kms/WEB-INF/lib/activation-1.1.jar
[2022-10-22T00:09:48.270+0000] {processor.py:758} INFO - Processing file /opt/airflow/dags/hadoop-2.7.3/share/hadoop/kms/tomcat/webapps/kms/WEB-INF/lib/activation-1.1.jar for tasks to queue
[2022-10-22T00:09:48.274+0000] {logging_mixin.py:117} INFO - [2022-10-22T00:09:48.273+0000] {dagbag.py:525} INFO - Filling up the DagBag from /opt/airflow/dags/hadoop-2.7.3/share/hadoop/kms/tomcat/webapps/kms/WEB-INF/lib/activation-1.1.jar
[2022-10-22T00:09:48.298+0000] {processor.py:770} WARNING - No viable dags retrieved from /opt/airflow/dags/hadoop-2.7.3/share/hadoop/kms/tomcat/webapps/kms/WEB-INF/lib/activation-1.1.jar
[2022-10-22T00:09:48.366+0000] {processor.py:178} INFO - Processing /opt/airflow/dags/hadoop-2.7.3/share/hadoop/kms/tomcat/webapps/kms/WEB-INF/lib/activation-1.1.jar took 0.112 seconds
[2022-10-22T00:11:29.853+0000] {processor.py:156} INFO - Started process (PID=24077) to work on /opt/airflow/dags/hadoop-2.7.3/share/hadoop/kms/tomcat/webapps/kms/WEB-INF/lib/activation-1.1.jar
[2022-10-22T00:11:29.859+0000] {processor.py:758} INFO - Processing file /opt/airflow/dags/hadoop-2.7.3/share/hadoop/kms/tomcat/webapps/kms/WEB-INF/lib/activation-1.1.jar for tasks to queue
[2022-10-22T00:11:29.863+0000] {logging_mixin.py:117} INFO - [2022-10-22T00:11:29.862+0000] {dagbag.py:525} INFO - Filling up the DagBag from /opt/airflow/dags/hadoop-2.7.3/share/hadoop/kms/tomcat/webapps/kms/WEB-INF/lib/activation-1.1.jar
[2022-10-22T00:11:29.874+0000] {processor.py:770} WARNING - No viable dags retrieved from /opt/airflow/dags/hadoop-2.7.3/share/hadoop/kms/tomcat/webapps/kms/WEB-INF/lib/activation-1.1.jar
[2022-10-22T00:11:29.900+0000] {processor.py:178} INFO - Processing /opt/airflow/dags/hadoop-2.7.3/share/hadoop/kms/tomcat/webapps/kms/WEB-INF/lib/activation-1.1.jar took 0.054 seconds
[2022-10-22T00:11:31.752+0000] {processor.py:156} INFO - Started process (PID=21620) to work on /opt/airflow/dags/hadoop-2.7.3/share/hadoop/kms/tomcat/webapps/kms/WEB-INF/lib/activation-1.1.jar
[2022-10-22T00:11:31.754+0000] {processor.py:758} INFO - Processing file /opt/airflow/dags/hadoop-2.7.3/share/hadoop/kms/tomcat/webapps/kms/WEB-INF/lib/activation-1.1.jar for tasks to queue
[2022-10-22T00:11:31.756+0000] {logging_mixin.py:117} INFO - [2022-10-22T00:11:31.756+0000] {dagbag.py:525} INFO - Filling up the DagBag from /opt/airflow/dags/hadoop-2.7.3/share/hadoop/kms/tomcat/webapps/kms/WEB-INF/lib/activation-1.1.jar
[2022-10-22T00:11:31.765+0000] {processor.py:770} WARNING - No viable dags retrieved from /opt/airflow/dags/hadoop-2.7.3/share/hadoop/kms/tomcat/webapps/kms/WEB-INF/lib/activation-1.1.jar
[2022-10-22T00:11:31.787+0000] {processor.py:178} INFO - Processing /opt/airflow/dags/hadoop-2.7.3/share/hadoop/kms/tomcat/webapps/kms/WEB-INF/lib/activation-1.1.jar took 0.041 seconds
[2022-10-22T00:12:08.818+0000] {processor.py:156} INFO - Started process (PID=24594) to work on /opt/airflow/dags/hadoop-2.7.3/share/hadoop/kms/tomcat/webapps/kms/WEB-INF/lib/activation-1.1.jar
[2022-10-22T00:12:08.820+0000] {processor.py:758} INFO - Processing file /opt/airflow/dags/hadoop-2.7.3/share/hadoop/kms/tomcat/webapps/kms/WEB-INF/lib/activation-1.1.jar for tasks to queue
[2022-10-22T00:12:08.823+0000] {logging_mixin.py:117} INFO - [2022-10-22T00:12:08.822+0000] {dagbag.py:525} INFO - Filling up the DagBag from /opt/airflow/dags/hadoop-2.7.3/share/hadoop/kms/tomcat/webapps/kms/WEB-INF/lib/activation-1.1.jar
[2022-10-22T00:12:08.837+0000] {processor.py:770} WARNING - No viable dags retrieved from /opt/airflow/dags/hadoop-2.7.3/share/hadoop/kms/tomcat/webapps/kms/WEB-INF/lib/activation-1.1.jar
[2022-10-22T00:12:08.897+0000] {processor.py:178} INFO - Processing /opt/airflow/dags/hadoop-2.7.3/share/hadoop/kms/tomcat/webapps/kms/WEB-INF/lib/activation-1.1.jar took 0.089 seconds
[2022-10-22T00:12:12.329+0000] {processor.py:156} INFO - Started process (PID=22144) to work on /opt/airflow/dags/hadoop-2.7.3/share/hadoop/kms/tomcat/webapps/kms/WEB-INF/lib/activation-1.1.jar
[2022-10-22T00:12:12.334+0000] {processor.py:758} INFO - Processing file /opt/airflow/dags/hadoop-2.7.3/share/hadoop/kms/tomcat/webapps/kms/WEB-INF/lib/activation-1.1.jar for tasks to queue
[2022-10-22T00:12:12.338+0000] {logging_mixin.py:117} INFO - [2022-10-22T00:12:12.337+0000] {dagbag.py:525} INFO - Filling up the DagBag from /opt/airflow/dags/hadoop-2.7.3/share/hadoop/kms/tomcat/webapps/kms/WEB-INF/lib/activation-1.1.jar
[2022-10-22T00:12:12.350+0000] {processor.py:770} WARNING - No viable dags retrieved from /opt/airflow/dags/hadoop-2.7.3/share/hadoop/kms/tomcat/webapps/kms/WEB-INF/lib/activation-1.1.jar
[2022-10-22T00:12:12.426+0000] {processor.py:178} INFO - Processing /opt/airflow/dags/hadoop-2.7.3/share/hadoop/kms/tomcat/webapps/kms/WEB-INF/lib/activation-1.1.jar took 0.116 seconds
[2022-10-22T00:15:18.934+0000] {processor.py:156} INFO - Started process (PID=22606) to work on /opt/airflow/dags/hadoop-2.7.3/share/hadoop/kms/tomcat/webapps/kms/WEB-INF/lib/activation-1.1.jar
[2022-10-22T00:15:18.938+0000] {processor.py:758} INFO - Processing file /opt/airflow/dags/hadoop-2.7.3/share/hadoop/kms/tomcat/webapps/kms/WEB-INF/lib/activation-1.1.jar for tasks to queue
[2022-10-22T00:15:18.943+0000] {logging_mixin.py:117} INFO - [2022-10-22T00:15:18.943+0000] {dagbag.py:525} INFO - Filling up the DagBag from /opt/airflow/dags/hadoop-2.7.3/share/hadoop/kms/tomcat/webapps/kms/WEB-INF/lib/activation-1.1.jar
[2022-10-22T00:15:18.956+0000] {processor.py:770} WARNING - No viable dags retrieved from /opt/airflow/dags/hadoop-2.7.3/share/hadoop/kms/tomcat/webapps/kms/WEB-INF/lib/activation-1.1.jar
[2022-10-22T00:15:18.986+0000] {processor.py:178} INFO - Processing /opt/airflow/dags/hadoop-2.7.3/share/hadoop/kms/tomcat/webapps/kms/WEB-INF/lib/activation-1.1.jar took 0.063 seconds
[2022-10-22T00:15:32.105+0000] {processor.py:156} INFO - Started process (PID=25172) to work on /opt/airflow/dags/hadoop-2.7.3/share/hadoop/kms/tomcat/webapps/kms/WEB-INF/lib/activation-1.1.jar
[2022-10-22T00:15:32.108+0000] {processor.py:758} INFO - Processing file /opt/airflow/dags/hadoop-2.7.3/share/hadoop/kms/tomcat/webapps/kms/WEB-INF/lib/activation-1.1.jar for tasks to queue
[2022-10-22T00:15:32.113+0000] {logging_mixin.py:117} INFO - [2022-10-22T00:15:32.113+0000] {dagbag.py:525} INFO - Filling up the DagBag from /opt/airflow/dags/hadoop-2.7.3/share/hadoop/kms/tomcat/webapps/kms/WEB-INF/lib/activation-1.1.jar
[2022-10-22T00:15:32.121+0000] {processor.py:770} WARNING - No viable dags retrieved from /opt/airflow/dags/hadoop-2.7.3/share/hadoop/kms/tomcat/webapps/kms/WEB-INF/lib/activation-1.1.jar
[2022-10-22T00:15:32.158+0000] {processor.py:178} INFO - Processing /opt/airflow/dags/hadoop-2.7.3/share/hadoop/kms/tomcat/webapps/kms/WEB-INF/lib/activation-1.1.jar took 0.062 seconds
[2022-10-22T00:16:08.301+0000] {processor.py:156} INFO - Started process (PID=23131) to work on /opt/airflow/dags/hadoop-2.7.3/share/hadoop/kms/tomcat/webapps/kms/WEB-INF/lib/activation-1.1.jar
[2022-10-22T00:16:08.308+0000] {processor.py:758} INFO - Processing file /opt/airflow/dags/hadoop-2.7.3/share/hadoop/kms/tomcat/webapps/kms/WEB-INF/lib/activation-1.1.jar for tasks to queue
[2022-10-22T00:16:08.319+0000] {logging_mixin.py:117} INFO - [2022-10-22T00:16:08.318+0000] {dagbag.py:525} INFO - Filling up the DagBag from /opt/airflow/dags/hadoop-2.7.3/share/hadoop/kms/tomcat/webapps/kms/WEB-INF/lib/activation-1.1.jar
[2022-10-22T00:16:08.328+0000] {processor.py:770} WARNING - No viable dags retrieved from /opt/airflow/dags/hadoop-2.7.3/share/hadoop/kms/tomcat/webapps/kms/WEB-INF/lib/activation-1.1.jar
[2022-10-22T00:16:08.374+0000] {processor.py:178} INFO - Processing /opt/airflow/dags/hadoop-2.7.3/share/hadoop/kms/tomcat/webapps/kms/WEB-INF/lib/activation-1.1.jar took 0.081 seconds
[2022-10-22T00:16:17.911+0000] {processor.py:156} INFO - Started process (PID=25688) to work on /opt/airflow/dags/hadoop-2.7.3/share/hadoop/kms/tomcat/webapps/kms/WEB-INF/lib/activation-1.1.jar
[2022-10-22T00:16:17.915+0000] {processor.py:758} INFO - Processing file /opt/airflow/dags/hadoop-2.7.3/share/hadoop/kms/tomcat/webapps/kms/WEB-INF/lib/activation-1.1.jar for tasks to queue
[2022-10-22T00:16:17.919+0000] {logging_mixin.py:117} INFO - [2022-10-22T00:16:17.918+0000] {dagbag.py:525} INFO - Filling up the DagBag from /opt/airflow/dags/hadoop-2.7.3/share/hadoop/kms/tomcat/webapps/kms/WEB-INF/lib/activation-1.1.jar
[2022-10-22T00:16:17.930+0000] {processor.py:770} WARNING - No viable dags retrieved from /opt/airflow/dags/hadoop-2.7.3/share/hadoop/kms/tomcat/webapps/kms/WEB-INF/lib/activation-1.1.jar
[2022-10-22T00:16:18.007+0000] {processor.py:178} INFO - Processing /opt/airflow/dags/hadoop-2.7.3/share/hadoop/kms/tomcat/webapps/kms/WEB-INF/lib/activation-1.1.jar took 0.110 seconds
[2022-10-22T00:16:55.336+0000] {processor.py:156} INFO - Started process (PID=23648) to work on /opt/airflow/dags/hadoop-2.7.3/share/hadoop/kms/tomcat/webapps/kms/WEB-INF/lib/activation-1.1.jar
[2022-10-22T00:16:55.346+0000] {processor.py:758} INFO - Processing file /opt/airflow/dags/hadoop-2.7.3/share/hadoop/kms/tomcat/webapps/kms/WEB-INF/lib/activation-1.1.jar for tasks to queue
[2022-10-22T00:16:55.349+0000] {logging_mixin.py:117} INFO - [2022-10-22T00:16:55.349+0000] {dagbag.py:525} INFO - Filling up the DagBag from /opt/airflow/dags/hadoop-2.7.3/share/hadoop/kms/tomcat/webapps/kms/WEB-INF/lib/activation-1.1.jar
[2022-10-22T00:16:55.367+0000] {processor.py:770} WARNING - No viable dags retrieved from /opt/airflow/dags/hadoop-2.7.3/share/hadoop/kms/tomcat/webapps/kms/WEB-INF/lib/activation-1.1.jar
[2022-10-22T00:16:55.495+0000] {processor.py:178} INFO - Processing /opt/airflow/dags/hadoop-2.7.3/share/hadoop/kms/tomcat/webapps/kms/WEB-INF/lib/activation-1.1.jar took 0.187 seconds
[2022-10-22T00:17:08.240+0000] {processor.py:156} INFO - Started process (PID=26218) to work on /opt/airflow/dags/hadoop-2.7.3/share/hadoop/kms/tomcat/webapps/kms/WEB-INF/lib/activation-1.1.jar
[2022-10-22T00:17:08.245+0000] {processor.py:758} INFO - Processing file /opt/airflow/dags/hadoop-2.7.3/share/hadoop/kms/tomcat/webapps/kms/WEB-INF/lib/activation-1.1.jar for tasks to queue
[2022-10-22T00:17:08.248+0000] {logging_mixin.py:117} INFO - [2022-10-22T00:17:08.247+0000] {dagbag.py:525} INFO - Filling up the DagBag from /opt/airflow/dags/hadoop-2.7.3/share/hadoop/kms/tomcat/webapps/kms/WEB-INF/lib/activation-1.1.jar
[2022-10-22T00:17:08.257+0000] {processor.py:770} WARNING - No viable dags retrieved from /opt/airflow/dags/hadoop-2.7.3/share/hadoop/kms/tomcat/webapps/kms/WEB-INF/lib/activation-1.1.jar
[2022-10-22T00:17:08.295+0000] {processor.py:178} INFO - Processing /opt/airflow/dags/hadoop-2.7.3/share/hadoop/kms/tomcat/webapps/kms/WEB-INF/lib/activation-1.1.jar took 0.072 seconds
[2022-10-22T00:17:48.735+0000] {processor.py:156} INFO - Started process (PID=24181) to work on /opt/airflow/dags/hadoop-2.7.3/share/hadoop/kms/tomcat/webapps/kms/WEB-INF/lib/activation-1.1.jar
[2022-10-22T00:17:48.738+0000] {processor.py:758} INFO - Processing file /opt/airflow/dags/hadoop-2.7.3/share/hadoop/kms/tomcat/webapps/kms/WEB-INF/lib/activation-1.1.jar for tasks to queue
[2022-10-22T00:17:48.741+0000] {logging_mixin.py:117} INFO - [2022-10-22T00:17:48.741+0000] {dagbag.py:525} INFO - Filling up the DagBag from /opt/airflow/dags/hadoop-2.7.3/share/hadoop/kms/tomcat/webapps/kms/WEB-INF/lib/activation-1.1.jar
[2022-10-22T00:17:48.753+0000] {processor.py:770} WARNING - No viable dags retrieved from /opt/airflow/dags/hadoop-2.7.3/share/hadoop/kms/tomcat/webapps/kms/WEB-INF/lib/activation-1.1.jar
[2022-10-22T00:17:48.808+0000] {processor.py:178} INFO - Processing /opt/airflow/dags/hadoop-2.7.3/share/hadoop/kms/tomcat/webapps/kms/WEB-INF/lib/activation-1.1.jar took 0.088 seconds
[2022-10-22T00:17:56.685+0000] {processor.py:156} INFO - Started process (PID=26741) to work on /opt/airflow/dags/hadoop-2.7.3/share/hadoop/kms/tomcat/webapps/kms/WEB-INF/lib/activation-1.1.jar
[2022-10-22T00:17:56.690+0000] {processor.py:758} INFO - Processing file /opt/airflow/dags/hadoop-2.7.3/share/hadoop/kms/tomcat/webapps/kms/WEB-INF/lib/activation-1.1.jar for tasks to queue
[2022-10-22T00:17:56.693+0000] {logging_mixin.py:117} INFO - [2022-10-22T00:17:56.692+0000] {dagbag.py:525} INFO - Filling up the DagBag from /opt/airflow/dags/hadoop-2.7.3/share/hadoop/kms/tomcat/webapps/kms/WEB-INF/lib/activation-1.1.jar
[2022-10-22T00:17:56.710+0000] {processor.py:770} WARNING - No viable dags retrieved from /opt/airflow/dags/hadoop-2.7.3/share/hadoop/kms/tomcat/webapps/kms/WEB-INF/lib/activation-1.1.jar
[2022-10-22T00:17:56.748+0000] {processor.py:178} INFO - Processing /opt/airflow/dags/hadoop-2.7.3/share/hadoop/kms/tomcat/webapps/kms/WEB-INF/lib/activation-1.1.jar took 0.070 seconds
[2022-10-22T00:18:47.046+0000] {processor.py:156} INFO - Started process (PID=24788) to work on /opt/airflow/dags/hadoop-2.7.3/share/hadoop/kms/tomcat/webapps/kms/WEB-INF/lib/activation-1.1.jar
[2022-10-22T00:18:47.049+0000] {processor.py:758} INFO - Processing file /opt/airflow/dags/hadoop-2.7.3/share/hadoop/kms/tomcat/webapps/kms/WEB-INF/lib/activation-1.1.jar for tasks to queue
[2022-10-22T00:18:47.051+0000] {logging_mixin.py:117} INFO - [2022-10-22T00:18:47.051+0000] {dagbag.py:525} INFO - Filling up the DagBag from /opt/airflow/dags/hadoop-2.7.3/share/hadoop/kms/tomcat/webapps/kms/WEB-INF/lib/activation-1.1.jar
[2022-10-22T00:18:47.058+0000] {processor.py:770} WARNING - No viable dags retrieved from /opt/airflow/dags/hadoop-2.7.3/share/hadoop/kms/tomcat/webapps/kms/WEB-INF/lib/activation-1.1.jar
[2022-10-22T00:18:47.121+0000] {processor.py:178} INFO - Processing /opt/airflow/dags/hadoop-2.7.3/share/hadoop/kms/tomcat/webapps/kms/WEB-INF/lib/activation-1.1.jar took 0.084 seconds
[2022-10-22T00:18:49.623+0000] {processor.py:156} INFO - Started process (PID=27303) to work on /opt/airflow/dags/hadoop-2.7.3/share/hadoop/kms/tomcat/webapps/kms/WEB-INF/lib/activation-1.1.jar
[2022-10-22T00:18:49.630+0000] {processor.py:758} INFO - Processing file /opt/airflow/dags/hadoop-2.7.3/share/hadoop/kms/tomcat/webapps/kms/WEB-INF/lib/activation-1.1.jar for tasks to queue
[2022-10-22T00:18:49.636+0000] {logging_mixin.py:117} INFO - [2022-10-22T00:18:49.636+0000] {dagbag.py:525} INFO - Filling up the DagBag from /opt/airflow/dags/hadoop-2.7.3/share/hadoop/kms/tomcat/webapps/kms/WEB-INF/lib/activation-1.1.jar
[2022-10-22T00:18:49.651+0000] {processor.py:770} WARNING - No viable dags retrieved from /opt/airflow/dags/hadoop-2.7.3/share/hadoop/kms/tomcat/webapps/kms/WEB-INF/lib/activation-1.1.jar
[2022-10-22T00:18:49.713+0000] {processor.py:178} INFO - Processing /opt/airflow/dags/hadoop-2.7.3/share/hadoop/kms/tomcat/webapps/kms/WEB-INF/lib/activation-1.1.jar took 0.126 seconds
[2022-10-22T00:20:22.763+0000] {processor.py:156} INFO - Started process (PID=27926) to work on /opt/airflow/dags/hadoop-2.7.3/share/hadoop/kms/tomcat/webapps/kms/WEB-INF/lib/activation-1.1.jar
[2022-10-22T00:20:22.769+0000] {processor.py:758} INFO - Processing file /opt/airflow/dags/hadoop-2.7.3/share/hadoop/kms/tomcat/webapps/kms/WEB-INF/lib/activation-1.1.jar for tasks to queue
[2022-10-22T00:20:22.778+0000] {logging_mixin.py:117} INFO - [2022-10-22T00:20:22.777+0000] {dagbag.py:525} INFO - Filling up the DagBag from /opt/airflow/dags/hadoop-2.7.3/share/hadoop/kms/tomcat/webapps/kms/WEB-INF/lib/activation-1.1.jar
[2022-10-22T00:20:22.798+0000] {processor.py:770} WARNING - No viable dags retrieved from /opt/airflow/dags/hadoop-2.7.3/share/hadoop/kms/tomcat/webapps/kms/WEB-INF/lib/activation-1.1.jar
[2022-10-22T00:20:22.839+0000] {processor.py:178} INFO - Processing /opt/airflow/dags/hadoop-2.7.3/share/hadoop/kms/tomcat/webapps/kms/WEB-INF/lib/activation-1.1.jar took 0.084 seconds
[2022-10-22T00:20:35.343+0000] {processor.py:156} INFO - Started process (PID=25516) to work on /opt/airflow/dags/hadoop-2.7.3/share/hadoop/kms/tomcat/webapps/kms/WEB-INF/lib/activation-1.1.jar
[2022-10-22T00:20:35.346+0000] {processor.py:758} INFO - Processing file /opt/airflow/dags/hadoop-2.7.3/share/hadoop/kms/tomcat/webapps/kms/WEB-INF/lib/activation-1.1.jar for tasks to queue
[2022-10-22T00:20:35.351+0000] {logging_mixin.py:117} INFO - [2022-10-22T00:20:35.351+0000] {dagbag.py:525} INFO - Filling up the DagBag from /opt/airflow/dags/hadoop-2.7.3/share/hadoop/kms/tomcat/webapps/kms/WEB-INF/lib/activation-1.1.jar
[2022-10-22T00:20:35.359+0000] {processor.py:770} WARNING - No viable dags retrieved from /opt/airflow/dags/hadoop-2.7.3/share/hadoop/kms/tomcat/webapps/kms/WEB-INF/lib/activation-1.1.jar
[2022-10-22T00:20:35.408+0000] {processor.py:178} INFO - Processing /opt/airflow/dags/hadoop-2.7.3/share/hadoop/kms/tomcat/webapps/kms/WEB-INF/lib/activation-1.1.jar took 0.075 seconds
[2022-10-22T00:21:20.698+0000] {processor.py:156} INFO - Started process (PID=28494) to work on /opt/airflow/dags/hadoop-2.7.3/share/hadoop/kms/tomcat/webapps/kms/WEB-INF/lib/activation-1.1.jar
[2022-10-22T00:21:20.701+0000] {processor.py:758} INFO - Processing file /opt/airflow/dags/hadoop-2.7.3/share/hadoop/kms/tomcat/webapps/kms/WEB-INF/lib/activation-1.1.jar for tasks to queue
[2022-10-22T00:21:20.705+0000] {logging_mixin.py:117} INFO - [2022-10-22T00:21:20.704+0000] {dagbag.py:525} INFO - Filling up the DagBag from /opt/airflow/dags/hadoop-2.7.3/share/hadoop/kms/tomcat/webapps/kms/WEB-INF/lib/activation-1.1.jar
[2022-10-22T00:21:20.717+0000] {processor.py:770} WARNING - No viable dags retrieved from /opt/airflow/dags/hadoop-2.7.3/share/hadoop/kms/tomcat/webapps/kms/WEB-INF/lib/activation-1.1.jar
[2022-10-22T00:21:20.762+0000] {processor.py:178} INFO - Processing /opt/airflow/dags/hadoop-2.7.3/share/hadoop/kms/tomcat/webapps/kms/WEB-INF/lib/activation-1.1.jar took 0.074 seconds
[2022-10-22T00:21:28.603+0000] {processor.py:156} INFO - Started process (PID=26040) to work on /opt/airflow/dags/hadoop-2.7.3/share/hadoop/kms/tomcat/webapps/kms/WEB-INF/lib/activation-1.1.jar
[2022-10-22T00:21:28.606+0000] {processor.py:758} INFO - Processing file /opt/airflow/dags/hadoop-2.7.3/share/hadoop/kms/tomcat/webapps/kms/WEB-INF/lib/activation-1.1.jar for tasks to queue
[2022-10-22T00:21:28.608+0000] {logging_mixin.py:117} INFO - [2022-10-22T00:21:28.608+0000] {dagbag.py:525} INFO - Filling up the DagBag from /opt/airflow/dags/hadoop-2.7.3/share/hadoop/kms/tomcat/webapps/kms/WEB-INF/lib/activation-1.1.jar
[2022-10-22T00:21:28.615+0000] {processor.py:770} WARNING - No viable dags retrieved from /opt/airflow/dags/hadoop-2.7.3/share/hadoop/kms/tomcat/webapps/kms/WEB-INF/lib/activation-1.1.jar
[2022-10-22T00:21:28.650+0000] {processor.py:178} INFO - Processing /opt/airflow/dags/hadoop-2.7.3/share/hadoop/kms/tomcat/webapps/kms/WEB-INF/lib/activation-1.1.jar took 0.054 seconds
[2022-10-22T00:22:17.180+0000] {processor.py:156} INFO - Started process (PID=26494) to work on /opt/airflow/dags/hadoop-2.7.3/share/hadoop/kms/tomcat/webapps/kms/WEB-INF/lib/activation-1.1.jar
[2022-10-22T00:22:17.184+0000] {processor.py:758} INFO - Processing file /opt/airflow/dags/hadoop-2.7.3/share/hadoop/kms/tomcat/webapps/kms/WEB-INF/lib/activation-1.1.jar for tasks to queue
[2022-10-22T00:22:17.189+0000] {logging_mixin.py:117} INFO - [2022-10-22T00:22:17.188+0000] {dagbag.py:525} INFO - Filling up the DagBag from /opt/airflow/dags/hadoop-2.7.3/share/hadoop/kms/tomcat/webapps/kms/WEB-INF/lib/activation-1.1.jar
[2022-10-22T00:22:17.200+0000] {processor.py:770} WARNING - No viable dags retrieved from /opt/airflow/dags/hadoop-2.7.3/share/hadoop/kms/tomcat/webapps/kms/WEB-INF/lib/activation-1.1.jar
[2022-10-22T00:22:17.243+0000] {processor.py:178} INFO - Processing /opt/airflow/dags/hadoop-2.7.3/share/hadoop/kms/tomcat/webapps/kms/WEB-INF/lib/activation-1.1.jar took 0.075 seconds
[2022-10-22T00:22:25.374+0000] {processor.py:156} INFO - Started process (PID=29114) to work on /opt/airflow/dags/hadoop-2.7.3/share/hadoop/kms/tomcat/webapps/kms/WEB-INF/lib/activation-1.1.jar
[2022-10-22T00:22:25.381+0000] {processor.py:758} INFO - Processing file /opt/airflow/dags/hadoop-2.7.3/share/hadoop/kms/tomcat/webapps/kms/WEB-INF/lib/activation-1.1.jar for tasks to queue
[2022-10-22T00:22:25.386+0000] {logging_mixin.py:117} INFO - [2022-10-22T00:22:25.386+0000] {dagbag.py:525} INFO - Filling up the DagBag from /opt/airflow/dags/hadoop-2.7.3/share/hadoop/kms/tomcat/webapps/kms/WEB-INF/lib/activation-1.1.jar
[2022-10-22T00:22:25.397+0000] {processor.py:770} WARNING - No viable dags retrieved from /opt/airflow/dags/hadoop-2.7.3/share/hadoop/kms/tomcat/webapps/kms/WEB-INF/lib/activation-1.1.jar
[2022-10-22T00:22:25.467+0000] {processor.py:178} INFO - Processing /opt/airflow/dags/hadoop-2.7.3/share/hadoop/kms/tomcat/webapps/kms/WEB-INF/lib/activation-1.1.jar took 0.121 seconds
[2022-10-22T00:23:11.279+0000] {processor.py:156} INFO - Started process (PID=26981) to work on /opt/airflow/dags/hadoop-2.7.3/share/hadoop/kms/tomcat/webapps/kms/WEB-INF/lib/activation-1.1.jar
[2022-10-22T00:23:11.283+0000] {processor.py:758} INFO - Processing file /opt/airflow/dags/hadoop-2.7.3/share/hadoop/kms/tomcat/webapps/kms/WEB-INF/lib/activation-1.1.jar for tasks to queue
[2022-10-22T00:23:11.287+0000] {logging_mixin.py:117} INFO - [2022-10-22T00:23:11.287+0000] {dagbag.py:525} INFO - Filling up the DagBag from /opt/airflow/dags/hadoop-2.7.3/share/hadoop/kms/tomcat/webapps/kms/WEB-INF/lib/activation-1.1.jar
[2022-10-22T00:23:11.297+0000] {processor.py:770} WARNING - No viable dags retrieved from /opt/airflow/dags/hadoop-2.7.3/share/hadoop/kms/tomcat/webapps/kms/WEB-INF/lib/activation-1.1.jar
[2022-10-22T00:23:11.343+0000] {processor.py:178} INFO - Processing /opt/airflow/dags/hadoop-2.7.3/share/hadoop/kms/tomcat/webapps/kms/WEB-INF/lib/activation-1.1.jar took 0.078 seconds
[2022-10-22T00:23:14.303+0000] {processor.py:156} INFO - Started process (PID=29581) to work on /opt/airflow/dags/hadoop-2.7.3/share/hadoop/kms/tomcat/webapps/kms/WEB-INF/lib/activation-1.1.jar
[2022-10-22T00:23:14.308+0000] {processor.py:758} INFO - Processing file /opt/airflow/dags/hadoop-2.7.3/share/hadoop/kms/tomcat/webapps/kms/WEB-INF/lib/activation-1.1.jar for tasks to queue
[2022-10-22T00:23:14.310+0000] {logging_mixin.py:117} INFO - [2022-10-22T00:23:14.310+0000] {dagbag.py:525} INFO - Filling up the DagBag from /opt/airflow/dags/hadoop-2.7.3/share/hadoop/kms/tomcat/webapps/kms/WEB-INF/lib/activation-1.1.jar
[2022-10-22T00:23:14.317+0000] {processor.py:770} WARNING - No viable dags retrieved from /opt/airflow/dags/hadoop-2.7.3/share/hadoop/kms/tomcat/webapps/kms/WEB-INF/lib/activation-1.1.jar
[2022-10-22T00:23:14.376+0000] {processor.py:178} INFO - Processing /opt/airflow/dags/hadoop-2.7.3/share/hadoop/kms/tomcat/webapps/kms/WEB-INF/lib/activation-1.1.jar took 0.082 seconds
[2022-10-22T00:24:01.309+0000] {processor.py:156} INFO - Started process (PID=30100) to work on /opt/airflow/dags/hadoop-2.7.3/share/hadoop/kms/tomcat/webapps/kms/WEB-INF/lib/activation-1.1.jar
[2022-10-22T00:24:01.311+0000] {processor.py:758} INFO - Processing file /opt/airflow/dags/hadoop-2.7.3/share/hadoop/kms/tomcat/webapps/kms/WEB-INF/lib/activation-1.1.jar for tasks to queue
[2022-10-22T00:24:01.313+0000] {logging_mixin.py:117} INFO - [2022-10-22T00:24:01.312+0000] {dagbag.py:525} INFO - Filling up the DagBag from /opt/airflow/dags/hadoop-2.7.3/share/hadoop/kms/tomcat/webapps/kms/WEB-INF/lib/activation-1.1.jar
[2022-10-22T00:24:01.319+0000] {processor.py:770} WARNING - No viable dags retrieved from /opt/airflow/dags/hadoop-2.7.3/share/hadoop/kms/tomcat/webapps/kms/WEB-INF/lib/activation-1.1.jar
[2022-10-22T00:24:01.345+0000] {processor.py:178} INFO - Processing /opt/airflow/dags/hadoop-2.7.3/share/hadoop/kms/tomcat/webapps/kms/WEB-INF/lib/activation-1.1.jar took 0.040 seconds
[2022-10-22T00:24:02.829+0000] {processor.py:156} INFO - Started process (PID=27541) to work on /opt/airflow/dags/hadoop-2.7.3/share/hadoop/kms/tomcat/webapps/kms/WEB-INF/lib/activation-1.1.jar
[2022-10-22T00:24:02.832+0000] {processor.py:758} INFO - Processing file /opt/airflow/dags/hadoop-2.7.3/share/hadoop/kms/tomcat/webapps/kms/WEB-INF/lib/activation-1.1.jar for tasks to queue
[2022-10-22T00:24:02.834+0000] {logging_mixin.py:117} INFO - [2022-10-22T00:24:02.834+0000] {dagbag.py:525} INFO - Filling up the DagBag from /opt/airflow/dags/hadoop-2.7.3/share/hadoop/kms/tomcat/webapps/kms/WEB-INF/lib/activation-1.1.jar
[2022-10-22T00:24:02.838+0000] {processor.py:770} WARNING - No viable dags retrieved from /opt/airflow/dags/hadoop-2.7.3/share/hadoop/kms/tomcat/webapps/kms/WEB-INF/lib/activation-1.1.jar
[2022-10-22T00:24:02.866+0000] {processor.py:178} INFO - Processing /opt/airflow/dags/hadoop-2.7.3/share/hadoop/kms/tomcat/webapps/kms/WEB-INF/lib/activation-1.1.jar took 0.042 seconds
