[2022-10-22T00:00:02.575+0000] {processor.py:156} INFO - Started process (PID=16755) to work on /opt/airflow/dags/hadoop-2.7.3/share/hadoop/kms/tomcat/webapps/kms/WEB-INF/lib/api-asn1-api-1.0.0-M20.jar
[2022-10-22T00:00:02.588+0000] {processor.py:758} INFO - Processing file /opt/airflow/dags/hadoop-2.7.3/share/hadoop/kms/tomcat/webapps/kms/WEB-INF/lib/api-asn1-api-1.0.0-M20.jar for tasks to queue
[2022-10-22T00:00:02.593+0000] {logging_mixin.py:117} INFO - [2022-10-22T00:00:02.593+0000] {dagbag.py:525} INFO - Filling up the DagBag from /opt/airflow/dags/hadoop-2.7.3/share/hadoop/kms/tomcat/webapps/kms/WEB-INF/lib/api-asn1-api-1.0.0-M20.jar
[2022-10-22T00:00:02.602+0000] {processor.py:770} WARNING - No viable dags retrieved from /opt/airflow/dags/hadoop-2.7.3/share/hadoop/kms/tomcat/webapps/kms/WEB-INF/lib/api-asn1-api-1.0.0-M20.jar
[2022-10-22T00:00:02.679+0000] {processor.py:178} INFO - Processing /opt/airflow/dags/hadoop-2.7.3/share/hadoop/kms/tomcat/webapps/kms/WEB-INF/lib/api-asn1-api-1.0.0-M20.jar took 0.142 seconds
[2022-10-22T00:00:43.537+0000] {processor.py:156} INFO - Started process (PID=19186) to work on /opt/airflow/dags/hadoop-2.7.3/share/hadoop/kms/tomcat/webapps/kms/WEB-INF/lib/api-asn1-api-1.0.0-M20.jar
[2022-10-22T00:00:43.565+0000] {processor.py:758} INFO - Processing file /opt/airflow/dags/hadoop-2.7.3/share/hadoop/kms/tomcat/webapps/kms/WEB-INF/lib/api-asn1-api-1.0.0-M20.jar for tasks to queue
[2022-10-22T00:00:43.585+0000] {logging_mixin.py:117} INFO - [2022-10-22T00:00:43.585+0000] {dagbag.py:525} INFO - Filling up the DagBag from /opt/airflow/dags/hadoop-2.7.3/share/hadoop/kms/tomcat/webapps/kms/WEB-INF/lib/api-asn1-api-1.0.0-M20.jar
[2022-10-22T00:00:43.630+0000] {processor.py:770} WARNING - No viable dags retrieved from /opt/airflow/dags/hadoop-2.7.3/share/hadoop/kms/tomcat/webapps/kms/WEB-INF/lib/api-asn1-api-1.0.0-M20.jar
[2022-10-22T00:00:43.797+0000] {processor.py:178} INFO - Processing /opt/airflow/dags/hadoop-2.7.3/share/hadoop/kms/tomcat/webapps/kms/WEB-INF/lib/api-asn1-api-1.0.0-M20.jar took 0.311 seconds
[2022-10-22T00:01:39.017+0000] {processor.py:156} INFO - Started process (PID=17378) to work on /opt/airflow/dags/hadoop-2.7.3/share/hadoop/kms/tomcat/webapps/kms/WEB-INF/lib/api-asn1-api-1.0.0-M20.jar
[2022-10-22T00:01:39.024+0000] {processor.py:758} INFO - Processing file /opt/airflow/dags/hadoop-2.7.3/share/hadoop/kms/tomcat/webapps/kms/WEB-INF/lib/api-asn1-api-1.0.0-M20.jar for tasks to queue
[2022-10-22T00:01:39.031+0000] {logging_mixin.py:117} INFO - [2022-10-22T00:01:39.029+0000] {dagbag.py:525} INFO - Filling up the DagBag from /opt/airflow/dags/hadoop-2.7.3/share/hadoop/kms/tomcat/webapps/kms/WEB-INF/lib/api-asn1-api-1.0.0-M20.jar
[2022-10-22T00:01:39.040+0000] {processor.py:770} WARNING - No viable dags retrieved from /opt/airflow/dags/hadoop-2.7.3/share/hadoop/kms/tomcat/webapps/kms/WEB-INF/lib/api-asn1-api-1.0.0-M20.jar
[2022-10-22T00:01:39.107+0000] {processor.py:178} INFO - Processing /opt/airflow/dags/hadoop-2.7.3/share/hadoop/kms/tomcat/webapps/kms/WEB-INF/lib/api-asn1-api-1.0.0-M20.jar took 0.133 seconds
[2022-10-22T00:02:27.747+0000] {processor.py:156} INFO - Started process (PID=20117) to work on /opt/airflow/dags/hadoop-2.7.3/share/hadoop/kms/tomcat/webapps/kms/WEB-INF/lib/api-asn1-api-1.0.0-M20.jar
[2022-10-22T00:02:27.753+0000] {processor.py:758} INFO - Processing file /opt/airflow/dags/hadoop-2.7.3/share/hadoop/kms/tomcat/webapps/kms/WEB-INF/lib/api-asn1-api-1.0.0-M20.jar for tasks to queue
[2022-10-22T00:02:27.758+0000] {logging_mixin.py:117} INFO - [2022-10-22T00:02:27.757+0000] {dagbag.py:525} INFO - Filling up the DagBag from /opt/airflow/dags/hadoop-2.7.3/share/hadoop/kms/tomcat/webapps/kms/WEB-INF/lib/api-asn1-api-1.0.0-M20.jar
[2022-10-22T00:02:27.769+0000] {processor.py:770} WARNING - No viable dags retrieved from /opt/airflow/dags/hadoop-2.7.3/share/hadoop/kms/tomcat/webapps/kms/WEB-INF/lib/api-asn1-api-1.0.0-M20.jar
[2022-10-22T00:02:27.856+0000] {processor.py:178} INFO - Processing /opt/airflow/dags/hadoop-2.7.3/share/hadoop/kms/tomcat/webapps/kms/WEB-INF/lib/api-asn1-api-1.0.0-M20.jar took 0.132 seconds
[2022-10-22T00:03:23.912+0000] {processor.py:156} INFO - Started process (PID=17955) to work on /opt/airflow/dags/hadoop-2.7.3/share/hadoop/kms/tomcat/webapps/kms/WEB-INF/lib/api-asn1-api-1.0.0-M20.jar
[2022-10-22T00:03:23.915+0000] {processor.py:758} INFO - Processing file /opt/airflow/dags/hadoop-2.7.3/share/hadoop/kms/tomcat/webapps/kms/WEB-INF/lib/api-asn1-api-1.0.0-M20.jar for tasks to queue
[2022-10-22T00:03:23.918+0000] {logging_mixin.py:117} INFO - [2022-10-22T00:03:23.917+0000] {dagbag.py:525} INFO - Filling up the DagBag from /opt/airflow/dags/hadoop-2.7.3/share/hadoop/kms/tomcat/webapps/kms/WEB-INF/lib/api-asn1-api-1.0.0-M20.jar
[2022-10-22T00:03:23.924+0000] {processor.py:770} WARNING - No viable dags retrieved from /opt/airflow/dags/hadoop-2.7.3/share/hadoop/kms/tomcat/webapps/kms/WEB-INF/lib/api-asn1-api-1.0.0-M20.jar
[2022-10-22T00:03:23.962+0000] {processor.py:178} INFO - Processing /opt/airflow/dags/hadoop-2.7.3/share/hadoop/kms/tomcat/webapps/kms/WEB-INF/lib/api-asn1-api-1.0.0-M20.jar took 0.056 seconds
[2022-10-22T00:04:03.041+0000] {processor.py:156} INFO - Started process (PID=20718) to work on /opt/airflow/dags/hadoop-2.7.3/share/hadoop/kms/tomcat/webapps/kms/WEB-INF/lib/api-asn1-api-1.0.0-M20.jar
[2022-10-22T00:04:03.044+0000] {processor.py:758} INFO - Processing file /opt/airflow/dags/hadoop-2.7.3/share/hadoop/kms/tomcat/webapps/kms/WEB-INF/lib/api-asn1-api-1.0.0-M20.jar for tasks to queue
[2022-10-22T00:04:03.047+0000] {logging_mixin.py:117} INFO - [2022-10-22T00:04:03.046+0000] {dagbag.py:525} INFO - Filling up the DagBag from /opt/airflow/dags/hadoop-2.7.3/share/hadoop/kms/tomcat/webapps/kms/WEB-INF/lib/api-asn1-api-1.0.0-M20.jar
[2022-10-22T00:04:03.053+0000] {processor.py:770} WARNING - No viable dags retrieved from /opt/airflow/dags/hadoop-2.7.3/share/hadoop/kms/tomcat/webapps/kms/WEB-INF/lib/api-asn1-api-1.0.0-M20.jar
[2022-10-22T00:04:03.101+0000] {processor.py:178} INFO - Processing /opt/airflow/dags/hadoop-2.7.3/share/hadoop/kms/tomcat/webapps/kms/WEB-INF/lib/api-asn1-api-1.0.0-M20.jar took 0.068 seconds
[2022-10-22T00:04:31.367+0000] {processor.py:156} INFO - Started process (PID=18565) to work on /opt/airflow/dags/hadoop-2.7.3/share/hadoop/kms/tomcat/webapps/kms/WEB-INF/lib/api-asn1-api-1.0.0-M20.jar
[2022-10-22T00:04:31.371+0000] {processor.py:758} INFO - Processing file /opt/airflow/dags/hadoop-2.7.3/share/hadoop/kms/tomcat/webapps/kms/WEB-INF/lib/api-asn1-api-1.0.0-M20.jar for tasks to queue
[2022-10-22T00:04:31.380+0000] {logging_mixin.py:117} INFO - [2022-10-22T00:04:31.379+0000] {dagbag.py:525} INFO - Filling up the DagBag from /opt/airflow/dags/hadoop-2.7.3/share/hadoop/kms/tomcat/webapps/kms/WEB-INF/lib/api-asn1-api-1.0.0-M20.jar
[2022-10-22T00:04:31.387+0000] {processor.py:770} WARNING - No viable dags retrieved from /opt/airflow/dags/hadoop-2.7.3/share/hadoop/kms/tomcat/webapps/kms/WEB-INF/lib/api-asn1-api-1.0.0-M20.jar
[2022-10-22T00:04:31.452+0000] {processor.py:178} INFO - Processing /opt/airflow/dags/hadoop-2.7.3/share/hadoop/kms/tomcat/webapps/kms/WEB-INF/lib/api-asn1-api-1.0.0-M20.jar took 0.097 seconds
[2022-10-22T00:05:00.665+0000] {processor.py:156} INFO - Started process (PID=21246) to work on /opt/airflow/dags/hadoop-2.7.3/share/hadoop/kms/tomcat/webapps/kms/WEB-INF/lib/api-asn1-api-1.0.0-M20.jar
[2022-10-22T00:05:00.668+0000] {processor.py:758} INFO - Processing file /opt/airflow/dags/hadoop-2.7.3/share/hadoop/kms/tomcat/webapps/kms/WEB-INF/lib/api-asn1-api-1.0.0-M20.jar for tasks to queue
[2022-10-22T00:05:00.671+0000] {logging_mixin.py:117} INFO - [2022-10-22T00:05:00.671+0000] {dagbag.py:525} INFO - Filling up the DagBag from /opt/airflow/dags/hadoop-2.7.3/share/hadoop/kms/tomcat/webapps/kms/WEB-INF/lib/api-asn1-api-1.0.0-M20.jar
[2022-10-22T00:05:00.677+0000] {processor.py:770} WARNING - No viable dags retrieved from /opt/airflow/dags/hadoop-2.7.3/share/hadoop/kms/tomcat/webapps/kms/WEB-INF/lib/api-asn1-api-1.0.0-M20.jar
[2022-10-22T00:05:00.740+0000] {processor.py:178} INFO - Processing /opt/airflow/dags/hadoop-2.7.3/share/hadoop/kms/tomcat/webapps/kms/WEB-INF/lib/api-asn1-api-1.0.0-M20.jar took 0.102 seconds
[2022-10-22T00:05:26.321+0000] {processor.py:156} INFO - Started process (PID=19087) to work on /opt/airflow/dags/hadoop-2.7.3/share/hadoop/kms/tomcat/webapps/kms/WEB-INF/lib/api-asn1-api-1.0.0-M20.jar
[2022-10-22T00:05:26.325+0000] {processor.py:758} INFO - Processing file /opt/airflow/dags/hadoop-2.7.3/share/hadoop/kms/tomcat/webapps/kms/WEB-INF/lib/api-asn1-api-1.0.0-M20.jar for tasks to queue
[2022-10-22T00:05:26.333+0000] {logging_mixin.py:117} INFO - [2022-10-22T00:05:26.333+0000] {dagbag.py:525} INFO - Filling up the DagBag from /opt/airflow/dags/hadoop-2.7.3/share/hadoop/kms/tomcat/webapps/kms/WEB-INF/lib/api-asn1-api-1.0.0-M20.jar
[2022-10-22T00:05:26.355+0000] {processor.py:770} WARNING - No viable dags retrieved from /opt/airflow/dags/hadoop-2.7.3/share/hadoop/kms/tomcat/webapps/kms/WEB-INF/lib/api-asn1-api-1.0.0-M20.jar
[2022-10-22T00:05:26.442+0000] {processor.py:178} INFO - Processing /opt/airflow/dags/hadoop-2.7.3/share/hadoop/kms/tomcat/webapps/kms/WEB-INF/lib/api-asn1-api-1.0.0-M20.jar took 0.138 seconds
[2022-10-22T00:05:46.446+0000] {processor.py:156} INFO - Started process (PID=21712) to work on /opt/airflow/dags/hadoop-2.7.3/share/hadoop/kms/tomcat/webapps/kms/WEB-INF/lib/api-asn1-api-1.0.0-M20.jar
[2022-10-22T00:05:46.450+0000] {processor.py:758} INFO - Processing file /opt/airflow/dags/hadoop-2.7.3/share/hadoop/kms/tomcat/webapps/kms/WEB-INF/lib/api-asn1-api-1.0.0-M20.jar for tasks to queue
[2022-10-22T00:05:46.458+0000] {logging_mixin.py:117} INFO - [2022-10-22T00:05:46.457+0000] {dagbag.py:525} INFO - Filling up the DagBag from /opt/airflow/dags/hadoop-2.7.3/share/hadoop/kms/tomcat/webapps/kms/WEB-INF/lib/api-asn1-api-1.0.0-M20.jar
[2022-10-22T00:05:46.465+0000] {processor.py:770} WARNING - No viable dags retrieved from /opt/airflow/dags/hadoop-2.7.3/share/hadoop/kms/tomcat/webapps/kms/WEB-INF/lib/api-asn1-api-1.0.0-M20.jar
[2022-10-22T00:05:46.503+0000] {processor.py:178} INFO - Processing /opt/airflow/dags/hadoop-2.7.3/share/hadoop/kms/tomcat/webapps/kms/WEB-INF/lib/api-asn1-api-1.0.0-M20.jar took 0.065 seconds
[2022-10-22T00:06:28.265+0000] {processor.py:156} INFO - Started process (PID=19678) to work on /opt/airflow/dags/hadoop-2.7.3/share/hadoop/kms/tomcat/webapps/kms/WEB-INF/lib/api-asn1-api-1.0.0-M20.jar
[2022-10-22T00:06:28.267+0000] {processor.py:758} INFO - Processing file /opt/airflow/dags/hadoop-2.7.3/share/hadoop/kms/tomcat/webapps/kms/WEB-INF/lib/api-asn1-api-1.0.0-M20.jar for tasks to queue
[2022-10-22T00:06:28.269+0000] {logging_mixin.py:117} INFO - [2022-10-22T00:06:28.269+0000] {dagbag.py:525} INFO - Filling up the DagBag from /opt/airflow/dags/hadoop-2.7.3/share/hadoop/kms/tomcat/webapps/kms/WEB-INF/lib/api-asn1-api-1.0.0-M20.jar
[2022-10-22T00:06:28.280+0000] {processor.py:770} WARNING - No viable dags retrieved from /opt/airflow/dags/hadoop-2.7.3/share/hadoop/kms/tomcat/webapps/kms/WEB-INF/lib/api-asn1-api-1.0.0-M20.jar
[2022-10-22T00:06:28.334+0000] {processor.py:178} INFO - Processing /opt/airflow/dags/hadoop-2.7.3/share/hadoop/kms/tomcat/webapps/kms/WEB-INF/lib/api-asn1-api-1.0.0-M20.jar took 0.077 seconds
[2022-10-22T00:06:34.568+0000] {processor.py:156} INFO - Started process (PID=22177) to work on /opt/airflow/dags/hadoop-2.7.3/share/hadoop/kms/tomcat/webapps/kms/WEB-INF/lib/api-asn1-api-1.0.0-M20.jar
[2022-10-22T00:06:34.571+0000] {processor.py:758} INFO - Processing file /opt/airflow/dags/hadoop-2.7.3/share/hadoop/kms/tomcat/webapps/kms/WEB-INF/lib/api-asn1-api-1.0.0-M20.jar for tasks to queue
[2022-10-22T00:06:34.575+0000] {logging_mixin.py:117} INFO - [2022-10-22T00:06:34.574+0000] {dagbag.py:525} INFO - Filling up the DagBag from /opt/airflow/dags/hadoop-2.7.3/share/hadoop/kms/tomcat/webapps/kms/WEB-INF/lib/api-asn1-api-1.0.0-M20.jar
[2022-10-22T00:06:34.582+0000] {processor.py:770} WARNING - No viable dags retrieved from /opt/airflow/dags/hadoop-2.7.3/share/hadoop/kms/tomcat/webapps/kms/WEB-INF/lib/api-asn1-api-1.0.0-M20.jar
[2022-10-22T00:06:34.637+0000] {processor.py:178} INFO - Processing /opt/airflow/dags/hadoop-2.7.3/share/hadoop/kms/tomcat/webapps/kms/WEB-INF/lib/api-asn1-api-1.0.0-M20.jar took 0.076 seconds
[2022-10-22T00:07:15.764+0000] {processor.py:156} INFO - Started process (PID=20150) to work on /opt/airflow/dags/hadoop-2.7.3/share/hadoop/kms/tomcat/webapps/kms/WEB-INF/lib/api-asn1-api-1.0.0-M20.jar
[2022-10-22T00:07:15.770+0000] {processor.py:758} INFO - Processing file /opt/airflow/dags/hadoop-2.7.3/share/hadoop/kms/tomcat/webapps/kms/WEB-INF/lib/api-asn1-api-1.0.0-M20.jar for tasks to queue
[2022-10-22T00:07:15.772+0000] {logging_mixin.py:117} INFO - [2022-10-22T00:07:15.772+0000] {dagbag.py:525} INFO - Filling up the DagBag from /opt/airflow/dags/hadoop-2.7.3/share/hadoop/kms/tomcat/webapps/kms/WEB-INF/lib/api-asn1-api-1.0.0-M20.jar
[2022-10-22T00:07:15.782+0000] {processor.py:770} WARNING - No viable dags retrieved from /opt/airflow/dags/hadoop-2.7.3/share/hadoop/kms/tomcat/webapps/kms/WEB-INF/lib/api-asn1-api-1.0.0-M20.jar
[2022-10-22T00:07:15.827+0000] {processor.py:178} INFO - Processing /opt/airflow/dags/hadoop-2.7.3/share/hadoop/kms/tomcat/webapps/kms/WEB-INF/lib/api-asn1-api-1.0.0-M20.jar took 0.070 seconds
[2022-10-22T00:07:18.006+0000] {processor.py:156} INFO - Started process (PID=22636) to work on /opt/airflow/dags/hadoop-2.7.3/share/hadoop/kms/tomcat/webapps/kms/WEB-INF/lib/api-asn1-api-1.0.0-M20.jar
[2022-10-22T00:07:18.008+0000] {processor.py:758} INFO - Processing file /opt/airflow/dags/hadoop-2.7.3/share/hadoop/kms/tomcat/webapps/kms/WEB-INF/lib/api-asn1-api-1.0.0-M20.jar for tasks to queue
[2022-10-22T00:07:18.011+0000] {logging_mixin.py:117} INFO - [2022-10-22T00:07:18.010+0000] {dagbag.py:525} INFO - Filling up the DagBag from /opt/airflow/dags/hadoop-2.7.3/share/hadoop/kms/tomcat/webapps/kms/WEB-INF/lib/api-asn1-api-1.0.0-M20.jar
[2022-10-22T00:07:18.025+0000] {processor.py:770} WARNING - No viable dags retrieved from /opt/airflow/dags/hadoop-2.7.3/share/hadoop/kms/tomcat/webapps/kms/WEB-INF/lib/api-asn1-api-1.0.0-M20.jar
[2022-10-22T00:07:18.076+0000] {processor.py:178} INFO - Processing /opt/airflow/dags/hadoop-2.7.3/share/hadoop/kms/tomcat/webapps/kms/WEB-INF/lib/api-asn1-api-1.0.0-M20.jar took 0.077 seconds
[2022-10-22T00:08:43.343+0000] {processor.py:156} INFO - Started process (PID=23097) to work on /opt/airflow/dags/hadoop-2.7.3/share/hadoop/kms/tomcat/webapps/kms/WEB-INF/lib/api-asn1-api-1.0.0-M20.jar
[2022-10-22T00:08:43.347+0000] {processor.py:758} INFO - Processing file /opt/airflow/dags/hadoop-2.7.3/share/hadoop/kms/tomcat/webapps/kms/WEB-INF/lib/api-asn1-api-1.0.0-M20.jar for tasks to queue
[2022-10-22T00:08:43.352+0000] {logging_mixin.py:117} INFO - [2022-10-22T00:08:43.351+0000] {dagbag.py:525} INFO - Filling up the DagBag from /opt/airflow/dags/hadoop-2.7.3/share/hadoop/kms/tomcat/webapps/kms/WEB-INF/lib/api-asn1-api-1.0.0-M20.jar
[2022-10-22T00:08:43.364+0000] {processor.py:770} WARNING - No viable dags retrieved from /opt/airflow/dags/hadoop-2.7.3/share/hadoop/kms/tomcat/webapps/kms/WEB-INF/lib/api-asn1-api-1.0.0-M20.jar
[2022-10-22T00:08:43.417+0000] {processor.py:178} INFO - Processing /opt/airflow/dags/hadoop-2.7.3/share/hadoop/kms/tomcat/webapps/kms/WEB-INF/lib/api-asn1-api-1.0.0-M20.jar took 0.099 seconds
[2022-10-22T00:08:53.093+0000] {processor.py:156} INFO - Started process (PID=20697) to work on /opt/airflow/dags/hadoop-2.7.3/share/hadoop/kms/tomcat/webapps/kms/WEB-INF/lib/api-asn1-api-1.0.0-M20.jar
[2022-10-22T00:08:53.096+0000] {processor.py:758} INFO - Processing file /opt/airflow/dags/hadoop-2.7.3/share/hadoop/kms/tomcat/webapps/kms/WEB-INF/lib/api-asn1-api-1.0.0-M20.jar for tasks to queue
[2022-10-22T00:08:53.099+0000] {logging_mixin.py:117} INFO - [2022-10-22T00:08:53.099+0000] {dagbag.py:525} INFO - Filling up the DagBag from /opt/airflow/dags/hadoop-2.7.3/share/hadoop/kms/tomcat/webapps/kms/WEB-INF/lib/api-asn1-api-1.0.0-M20.jar
[2022-10-22T00:08:53.108+0000] {processor.py:770} WARNING - No viable dags retrieved from /opt/airflow/dags/hadoop-2.7.3/share/hadoop/kms/tomcat/webapps/kms/WEB-INF/lib/api-asn1-api-1.0.0-M20.jar
[2022-10-22T00:08:53.189+0000] {processor.py:178} INFO - Processing /opt/airflow/dags/hadoop-2.7.3/share/hadoop/kms/tomcat/webapps/kms/WEB-INF/lib/api-asn1-api-1.0.0-M20.jar took 0.111 seconds
[2022-10-22T00:09:41.330+0000] {processor.py:156} INFO - Started process (PID=23633) to work on /opt/airflow/dags/hadoop-2.7.3/share/hadoop/kms/tomcat/webapps/kms/WEB-INF/lib/api-asn1-api-1.0.0-M20.jar
[2022-10-22T00:09:41.333+0000] {processor.py:758} INFO - Processing file /opt/airflow/dags/hadoop-2.7.3/share/hadoop/kms/tomcat/webapps/kms/WEB-INF/lib/api-asn1-api-1.0.0-M20.jar for tasks to queue
[2022-10-22T00:09:41.335+0000] {logging_mixin.py:117} INFO - [2022-10-22T00:09:41.335+0000] {dagbag.py:525} INFO - Filling up the DagBag from /opt/airflow/dags/hadoop-2.7.3/share/hadoop/kms/tomcat/webapps/kms/WEB-INF/lib/api-asn1-api-1.0.0-M20.jar
[2022-10-22T00:09:41.342+0000] {processor.py:770} WARNING - No viable dags retrieved from /opt/airflow/dags/hadoop-2.7.3/share/hadoop/kms/tomcat/webapps/kms/WEB-INF/lib/api-asn1-api-1.0.0-M20.jar
[2022-10-22T00:09:41.383+0000] {processor.py:178} INFO - Processing /opt/airflow/dags/hadoop-2.7.3/share/hadoop/kms/tomcat/webapps/kms/WEB-INF/lib/api-asn1-api-1.0.0-M20.jar took 0.059 seconds
[2022-10-22T00:09:48.653+0000] {processor.py:156} INFO - Started process (PID=21222) to work on /opt/airflow/dags/hadoop-2.7.3/share/hadoop/kms/tomcat/webapps/kms/WEB-INF/lib/api-asn1-api-1.0.0-M20.jar
[2022-10-22T00:09:48.657+0000] {processor.py:758} INFO - Processing file /opt/airflow/dags/hadoop-2.7.3/share/hadoop/kms/tomcat/webapps/kms/WEB-INF/lib/api-asn1-api-1.0.0-M20.jar for tasks to queue
[2022-10-22T00:09:48.661+0000] {logging_mixin.py:117} INFO - [2022-10-22T00:09:48.661+0000] {dagbag.py:525} INFO - Filling up the DagBag from /opt/airflow/dags/hadoop-2.7.3/share/hadoop/kms/tomcat/webapps/kms/WEB-INF/lib/api-asn1-api-1.0.0-M20.jar
[2022-10-22T00:09:48.671+0000] {processor.py:770} WARNING - No viable dags retrieved from /opt/airflow/dags/hadoop-2.7.3/share/hadoop/kms/tomcat/webapps/kms/WEB-INF/lib/api-asn1-api-1.0.0-M20.jar
[2022-10-22T00:09:48.740+0000] {processor.py:178} INFO - Processing /opt/airflow/dags/hadoop-2.7.3/share/hadoop/kms/tomcat/webapps/kms/WEB-INF/lib/api-asn1-api-1.0.0-M20.jar took 0.100 seconds
[2022-10-22T00:11:30.027+0000] {processor.py:156} INFO - Started process (PID=24080) to work on /opt/airflow/dags/hadoop-2.7.3/share/hadoop/kms/tomcat/webapps/kms/WEB-INF/lib/api-asn1-api-1.0.0-M20.jar
[2022-10-22T00:11:30.029+0000] {processor.py:758} INFO - Processing file /opt/airflow/dags/hadoop-2.7.3/share/hadoop/kms/tomcat/webapps/kms/WEB-INF/lib/api-asn1-api-1.0.0-M20.jar for tasks to queue
[2022-10-22T00:11:30.031+0000] {logging_mixin.py:117} INFO - [2022-10-22T00:11:30.030+0000] {dagbag.py:525} INFO - Filling up the DagBag from /opt/airflow/dags/hadoop-2.7.3/share/hadoop/kms/tomcat/webapps/kms/WEB-INF/lib/api-asn1-api-1.0.0-M20.jar
[2022-10-22T00:11:30.042+0000] {processor.py:770} WARNING - No viable dags retrieved from /opt/airflow/dags/hadoop-2.7.3/share/hadoop/kms/tomcat/webapps/kms/WEB-INF/lib/api-asn1-api-1.0.0-M20.jar
[2022-10-22T00:11:30.073+0000] {processor.py:178} INFO - Processing /opt/airflow/dags/hadoop-2.7.3/share/hadoop/kms/tomcat/webapps/kms/WEB-INF/lib/api-asn1-api-1.0.0-M20.jar took 0.058 seconds
[2022-10-22T00:11:31.904+0000] {processor.py:156} INFO - Started process (PID=21623) to work on /opt/airflow/dags/hadoop-2.7.3/share/hadoop/kms/tomcat/webapps/kms/WEB-INF/lib/api-asn1-api-1.0.0-M20.jar
[2022-10-22T00:11:31.906+0000] {processor.py:758} INFO - Processing file /opt/airflow/dags/hadoop-2.7.3/share/hadoop/kms/tomcat/webapps/kms/WEB-INF/lib/api-asn1-api-1.0.0-M20.jar for tasks to queue
[2022-10-22T00:11:31.908+0000] {logging_mixin.py:117} INFO - [2022-10-22T00:11:31.908+0000] {dagbag.py:525} INFO - Filling up the DagBag from /opt/airflow/dags/hadoop-2.7.3/share/hadoop/kms/tomcat/webapps/kms/WEB-INF/lib/api-asn1-api-1.0.0-M20.jar
[2022-10-22T00:11:31.920+0000] {processor.py:770} WARNING - No viable dags retrieved from /opt/airflow/dags/hadoop-2.7.3/share/hadoop/kms/tomcat/webapps/kms/WEB-INF/lib/api-asn1-api-1.0.0-M20.jar
[2022-10-22T00:11:31.950+0000] {processor.py:178} INFO - Processing /opt/airflow/dags/hadoop-2.7.3/share/hadoop/kms/tomcat/webapps/kms/WEB-INF/lib/api-asn1-api-1.0.0-M20.jar took 0.050 seconds
[2022-10-22T00:12:09.056+0000] {processor.py:156} INFO - Started process (PID=24597) to work on /opt/airflow/dags/hadoop-2.7.3/share/hadoop/kms/tomcat/webapps/kms/WEB-INF/lib/api-asn1-api-1.0.0-M20.jar
[2022-10-22T00:12:09.058+0000] {processor.py:758} INFO - Processing file /opt/airflow/dags/hadoop-2.7.3/share/hadoop/kms/tomcat/webapps/kms/WEB-INF/lib/api-asn1-api-1.0.0-M20.jar for tasks to queue
[2022-10-22T00:12:09.060+0000] {logging_mixin.py:117} INFO - [2022-10-22T00:12:09.060+0000] {dagbag.py:525} INFO - Filling up the DagBag from /opt/airflow/dags/hadoop-2.7.3/share/hadoop/kms/tomcat/webapps/kms/WEB-INF/lib/api-asn1-api-1.0.0-M20.jar
[2022-10-22T00:12:09.069+0000] {processor.py:770} WARNING - No viable dags retrieved from /opt/airflow/dags/hadoop-2.7.3/share/hadoop/kms/tomcat/webapps/kms/WEB-INF/lib/api-asn1-api-1.0.0-M20.jar
[2022-10-22T00:12:09.101+0000] {processor.py:178} INFO - Processing /opt/airflow/dags/hadoop-2.7.3/share/hadoop/kms/tomcat/webapps/kms/WEB-INF/lib/api-asn1-api-1.0.0-M20.jar took 0.052 seconds
[2022-10-22T00:12:12.761+0000] {processor.py:156} INFO - Started process (PID=22147) to work on /opt/airflow/dags/hadoop-2.7.3/share/hadoop/kms/tomcat/webapps/kms/WEB-INF/lib/api-asn1-api-1.0.0-M20.jar
[2022-10-22T00:12:12.763+0000] {processor.py:758} INFO - Processing file /opt/airflow/dags/hadoop-2.7.3/share/hadoop/kms/tomcat/webapps/kms/WEB-INF/lib/api-asn1-api-1.0.0-M20.jar for tasks to queue
[2022-10-22T00:12:12.766+0000] {logging_mixin.py:117} INFO - [2022-10-22T00:12:12.765+0000] {dagbag.py:525} INFO - Filling up the DagBag from /opt/airflow/dags/hadoop-2.7.3/share/hadoop/kms/tomcat/webapps/kms/WEB-INF/lib/api-asn1-api-1.0.0-M20.jar
[2022-10-22T00:12:12.772+0000] {processor.py:770} WARNING - No viable dags retrieved from /opt/airflow/dags/hadoop-2.7.3/share/hadoop/kms/tomcat/webapps/kms/WEB-INF/lib/api-asn1-api-1.0.0-M20.jar
[2022-10-22T00:12:12.811+0000] {processor.py:178} INFO - Processing /opt/airflow/dags/hadoop-2.7.3/share/hadoop/kms/tomcat/webapps/kms/WEB-INF/lib/api-asn1-api-1.0.0-M20.jar took 0.074 seconds
[2022-10-22T00:15:19.197+0000] {processor.py:156} INFO - Started process (PID=22609) to work on /opt/airflow/dags/hadoop-2.7.3/share/hadoop/kms/tomcat/webapps/kms/WEB-INF/lib/api-asn1-api-1.0.0-M20.jar
[2022-10-22T00:15:19.211+0000] {processor.py:758} INFO - Processing file /opt/airflow/dags/hadoop-2.7.3/share/hadoop/kms/tomcat/webapps/kms/WEB-INF/lib/api-asn1-api-1.0.0-M20.jar for tasks to queue
[2022-10-22T00:15:19.213+0000] {logging_mixin.py:117} INFO - [2022-10-22T00:15:19.213+0000] {dagbag.py:525} INFO - Filling up the DagBag from /opt/airflow/dags/hadoop-2.7.3/share/hadoop/kms/tomcat/webapps/kms/WEB-INF/lib/api-asn1-api-1.0.0-M20.jar
[2022-10-22T00:15:19.221+0000] {processor.py:770} WARNING - No viable dags retrieved from /opt/airflow/dags/hadoop-2.7.3/share/hadoop/kms/tomcat/webapps/kms/WEB-INF/lib/api-asn1-api-1.0.0-M20.jar
[2022-10-22T00:15:19.264+0000] {processor.py:178} INFO - Processing /opt/airflow/dags/hadoop-2.7.3/share/hadoop/kms/tomcat/webapps/kms/WEB-INF/lib/api-asn1-api-1.0.0-M20.jar took 0.084 seconds
[2022-10-22T00:15:32.371+0000] {processor.py:156} INFO - Started process (PID=25175) to work on /opt/airflow/dags/hadoop-2.7.3/share/hadoop/kms/tomcat/webapps/kms/WEB-INF/lib/api-asn1-api-1.0.0-M20.jar
[2022-10-22T00:15:32.376+0000] {processor.py:758} INFO - Processing file /opt/airflow/dags/hadoop-2.7.3/share/hadoop/kms/tomcat/webapps/kms/WEB-INF/lib/api-asn1-api-1.0.0-M20.jar for tasks to queue
[2022-10-22T00:15:32.380+0000] {logging_mixin.py:117} INFO - [2022-10-22T00:15:32.379+0000] {dagbag.py:525} INFO - Filling up the DagBag from /opt/airflow/dags/hadoop-2.7.3/share/hadoop/kms/tomcat/webapps/kms/WEB-INF/lib/api-asn1-api-1.0.0-M20.jar
[2022-10-22T00:15:32.388+0000] {processor.py:770} WARNING - No viable dags retrieved from /opt/airflow/dags/hadoop-2.7.3/share/hadoop/kms/tomcat/webapps/kms/WEB-INF/lib/api-asn1-api-1.0.0-M20.jar
[2022-10-22T00:15:32.444+0000] {processor.py:178} INFO - Processing /opt/airflow/dags/hadoop-2.7.3/share/hadoop/kms/tomcat/webapps/kms/WEB-INF/lib/api-asn1-api-1.0.0-M20.jar took 0.084 seconds
[2022-10-22T00:16:08.596+0000] {processor.py:156} INFO - Started process (PID=23134) to work on /opt/airflow/dags/hadoop-2.7.3/share/hadoop/kms/tomcat/webapps/kms/WEB-INF/lib/api-asn1-api-1.0.0-M20.jar
[2022-10-22T00:16:08.599+0000] {processor.py:758} INFO - Processing file /opt/airflow/dags/hadoop-2.7.3/share/hadoop/kms/tomcat/webapps/kms/WEB-INF/lib/api-asn1-api-1.0.0-M20.jar for tasks to queue
[2022-10-22T00:16:08.610+0000] {logging_mixin.py:117} INFO - [2022-10-22T00:16:08.609+0000] {dagbag.py:525} INFO - Filling up the DagBag from /opt/airflow/dags/hadoop-2.7.3/share/hadoop/kms/tomcat/webapps/kms/WEB-INF/lib/api-asn1-api-1.0.0-M20.jar
[2022-10-22T00:16:08.640+0000] {processor.py:770} WARNING - No viable dags retrieved from /opt/airflow/dags/hadoop-2.7.3/share/hadoop/kms/tomcat/webapps/kms/WEB-INF/lib/api-asn1-api-1.0.0-M20.jar
[2022-10-22T00:16:08.693+0000] {processor.py:178} INFO - Processing /opt/airflow/dags/hadoop-2.7.3/share/hadoop/kms/tomcat/webapps/kms/WEB-INF/lib/api-asn1-api-1.0.0-M20.jar took 0.108 seconds
[2022-10-22T00:16:18.229+0000] {processor.py:156} INFO - Started process (PID=25691) to work on /opt/airflow/dags/hadoop-2.7.3/share/hadoop/kms/tomcat/webapps/kms/WEB-INF/lib/api-asn1-api-1.0.0-M20.jar
[2022-10-22T00:16:18.232+0000] {processor.py:758} INFO - Processing file /opt/airflow/dags/hadoop-2.7.3/share/hadoop/kms/tomcat/webapps/kms/WEB-INF/lib/api-asn1-api-1.0.0-M20.jar for tasks to queue
[2022-10-22T00:16:18.234+0000] {logging_mixin.py:117} INFO - [2022-10-22T00:16:18.234+0000] {dagbag.py:525} INFO - Filling up the DagBag from /opt/airflow/dags/hadoop-2.7.3/share/hadoop/kms/tomcat/webapps/kms/WEB-INF/lib/api-asn1-api-1.0.0-M20.jar
[2022-10-22T00:16:18.244+0000] {processor.py:770} WARNING - No viable dags retrieved from /opt/airflow/dags/hadoop-2.7.3/share/hadoop/kms/tomcat/webapps/kms/WEB-INF/lib/api-asn1-api-1.0.0-M20.jar
[2022-10-22T00:16:18.286+0000] {processor.py:178} INFO - Processing /opt/airflow/dags/hadoop-2.7.3/share/hadoop/kms/tomcat/webapps/kms/WEB-INF/lib/api-asn1-api-1.0.0-M20.jar took 0.064 seconds
[2022-10-22T00:16:55.659+0000] {processor.py:156} INFO - Started process (PID=23651) to work on /opt/airflow/dags/hadoop-2.7.3/share/hadoop/kms/tomcat/webapps/kms/WEB-INF/lib/api-asn1-api-1.0.0-M20.jar
[2022-10-22T00:16:55.661+0000] {processor.py:758} INFO - Processing file /opt/airflow/dags/hadoop-2.7.3/share/hadoop/kms/tomcat/webapps/kms/WEB-INF/lib/api-asn1-api-1.0.0-M20.jar for tasks to queue
[2022-10-22T00:16:55.664+0000] {logging_mixin.py:117} INFO - [2022-10-22T00:16:55.664+0000] {dagbag.py:525} INFO - Filling up the DagBag from /opt/airflow/dags/hadoop-2.7.3/share/hadoop/kms/tomcat/webapps/kms/WEB-INF/lib/api-asn1-api-1.0.0-M20.jar
[2022-10-22T00:16:55.670+0000] {processor.py:770} WARNING - No viable dags retrieved from /opt/airflow/dags/hadoop-2.7.3/share/hadoop/kms/tomcat/webapps/kms/WEB-INF/lib/api-asn1-api-1.0.0-M20.jar
[2022-10-22T00:16:55.722+0000] {processor.py:178} INFO - Processing /opt/airflow/dags/hadoop-2.7.3/share/hadoop/kms/tomcat/webapps/kms/WEB-INF/lib/api-asn1-api-1.0.0-M20.jar took 0.071 seconds
[2022-10-22T00:17:08.468+0000] {processor.py:156} INFO - Started process (PID=26221) to work on /opt/airflow/dags/hadoop-2.7.3/share/hadoop/kms/tomcat/webapps/kms/WEB-INF/lib/api-asn1-api-1.0.0-M20.jar
[2022-10-22T00:17:08.472+0000] {processor.py:758} INFO - Processing file /opt/airflow/dags/hadoop-2.7.3/share/hadoop/kms/tomcat/webapps/kms/WEB-INF/lib/api-asn1-api-1.0.0-M20.jar for tasks to queue
[2022-10-22T00:17:08.475+0000] {logging_mixin.py:117} INFO - [2022-10-22T00:17:08.475+0000] {dagbag.py:525} INFO - Filling up the DagBag from /opt/airflow/dags/hadoop-2.7.3/share/hadoop/kms/tomcat/webapps/kms/WEB-INF/lib/api-asn1-api-1.0.0-M20.jar
[2022-10-22T00:17:08.483+0000] {processor.py:770} WARNING - No viable dags retrieved from /opt/airflow/dags/hadoop-2.7.3/share/hadoop/kms/tomcat/webapps/kms/WEB-INF/lib/api-asn1-api-1.0.0-M20.jar
[2022-10-22T00:17:08.518+0000] {processor.py:178} INFO - Processing /opt/airflow/dags/hadoop-2.7.3/share/hadoop/kms/tomcat/webapps/kms/WEB-INF/lib/api-asn1-api-1.0.0-M20.jar took 0.064 seconds
[2022-10-22T00:17:48.959+0000] {processor.py:156} INFO - Started process (PID=24184) to work on /opt/airflow/dags/hadoop-2.7.3/share/hadoop/kms/tomcat/webapps/kms/WEB-INF/lib/api-asn1-api-1.0.0-M20.jar
[2022-10-22T00:17:48.974+0000] {processor.py:758} INFO - Processing file /opt/airflow/dags/hadoop-2.7.3/share/hadoop/kms/tomcat/webapps/kms/WEB-INF/lib/api-asn1-api-1.0.0-M20.jar for tasks to queue
[2022-10-22T00:17:48.977+0000] {logging_mixin.py:117} INFO - [2022-10-22T00:17:48.977+0000] {dagbag.py:525} INFO - Filling up the DagBag from /opt/airflow/dags/hadoop-2.7.3/share/hadoop/kms/tomcat/webapps/kms/WEB-INF/lib/api-asn1-api-1.0.0-M20.jar
[2022-10-22T00:17:48.989+0000] {processor.py:770} WARNING - No viable dags retrieved from /opt/airflow/dags/hadoop-2.7.3/share/hadoop/kms/tomcat/webapps/kms/WEB-INF/lib/api-asn1-api-1.0.0-M20.jar
[2022-10-22T00:17:49.046+0000] {processor.py:178} INFO - Processing /opt/airflow/dags/hadoop-2.7.3/share/hadoop/kms/tomcat/webapps/kms/WEB-INF/lib/api-asn1-api-1.0.0-M20.jar took 0.096 seconds
[2022-10-22T00:17:56.921+0000] {processor.py:156} INFO - Started process (PID=26744) to work on /opt/airflow/dags/hadoop-2.7.3/share/hadoop/kms/tomcat/webapps/kms/WEB-INF/lib/api-asn1-api-1.0.0-M20.jar
[2022-10-22T00:17:56.923+0000] {processor.py:758} INFO - Processing file /opt/airflow/dags/hadoop-2.7.3/share/hadoop/kms/tomcat/webapps/kms/WEB-INF/lib/api-asn1-api-1.0.0-M20.jar for tasks to queue
[2022-10-22T00:17:56.926+0000] {logging_mixin.py:117} INFO - [2022-10-22T00:17:56.926+0000] {dagbag.py:525} INFO - Filling up the DagBag from /opt/airflow/dags/hadoop-2.7.3/share/hadoop/kms/tomcat/webapps/kms/WEB-INF/lib/api-asn1-api-1.0.0-M20.jar
[2022-10-22T00:17:56.932+0000] {processor.py:770} WARNING - No viable dags retrieved from /opt/airflow/dags/hadoop-2.7.3/share/hadoop/kms/tomcat/webapps/kms/WEB-INF/lib/api-asn1-api-1.0.0-M20.jar
[2022-10-22T00:17:56.971+0000] {processor.py:178} INFO - Processing /opt/airflow/dags/hadoop-2.7.3/share/hadoop/kms/tomcat/webapps/kms/WEB-INF/lib/api-asn1-api-1.0.0-M20.jar took 0.057 seconds
[2022-10-22T00:18:47.305+0000] {processor.py:156} INFO - Started process (PID=24791) to work on /opt/airflow/dags/hadoop-2.7.3/share/hadoop/kms/tomcat/webapps/kms/WEB-INF/lib/api-asn1-api-1.0.0-M20.jar
[2022-10-22T00:18:47.308+0000] {processor.py:758} INFO - Processing file /opt/airflow/dags/hadoop-2.7.3/share/hadoop/kms/tomcat/webapps/kms/WEB-INF/lib/api-asn1-api-1.0.0-M20.jar for tasks to queue
[2022-10-22T00:18:47.310+0000] {logging_mixin.py:117} INFO - [2022-10-22T00:18:47.310+0000] {dagbag.py:525} INFO - Filling up the DagBag from /opt/airflow/dags/hadoop-2.7.3/share/hadoop/kms/tomcat/webapps/kms/WEB-INF/lib/api-asn1-api-1.0.0-M20.jar
[2022-10-22T00:18:47.317+0000] {processor.py:770} WARNING - No viable dags retrieved from /opt/airflow/dags/hadoop-2.7.3/share/hadoop/kms/tomcat/webapps/kms/WEB-INF/lib/api-asn1-api-1.0.0-M20.jar
[2022-10-22T00:18:47.347+0000] {processor.py:178} INFO - Processing /opt/airflow/dags/hadoop-2.7.3/share/hadoop/kms/tomcat/webapps/kms/WEB-INF/lib/api-asn1-api-1.0.0-M20.jar took 0.050 seconds
[2022-10-22T00:18:49.977+0000] {processor.py:156} INFO - Started process (PID=27306) to work on /opt/airflow/dags/hadoop-2.7.3/share/hadoop/kms/tomcat/webapps/kms/WEB-INF/lib/api-asn1-api-1.0.0-M20.jar
[2022-10-22T00:18:49.989+0000] {processor.py:758} INFO - Processing file /opt/airflow/dags/hadoop-2.7.3/share/hadoop/kms/tomcat/webapps/kms/WEB-INF/lib/api-asn1-api-1.0.0-M20.jar for tasks to queue
[2022-10-22T00:18:49.992+0000] {logging_mixin.py:117} INFO - [2022-10-22T00:18:49.992+0000] {dagbag.py:525} INFO - Filling up the DagBag from /opt/airflow/dags/hadoop-2.7.3/share/hadoop/kms/tomcat/webapps/kms/WEB-INF/lib/api-asn1-api-1.0.0-M20.jar
[2022-10-22T00:18:50.004+0000] {processor.py:770} WARNING - No viable dags retrieved from /opt/airflow/dags/hadoop-2.7.3/share/hadoop/kms/tomcat/webapps/kms/WEB-INF/lib/api-asn1-api-1.0.0-M20.jar
[2022-10-22T00:18:50.071+0000] {processor.py:178} INFO - Processing /opt/airflow/dags/hadoop-2.7.3/share/hadoop/kms/tomcat/webapps/kms/WEB-INF/lib/api-asn1-api-1.0.0-M20.jar took 0.100 seconds
[2022-10-22T00:20:23.018+0000] {processor.py:156} INFO - Started process (PID=27929) to work on /opt/airflow/dags/hadoop-2.7.3/share/hadoop/kms/tomcat/webapps/kms/WEB-INF/lib/api-asn1-api-1.0.0-M20.jar
[2022-10-22T00:20:23.021+0000] {processor.py:758} INFO - Processing file /opt/airflow/dags/hadoop-2.7.3/share/hadoop/kms/tomcat/webapps/kms/WEB-INF/lib/api-asn1-api-1.0.0-M20.jar for tasks to queue
[2022-10-22T00:20:23.023+0000] {logging_mixin.py:117} INFO - [2022-10-22T00:20:23.023+0000] {dagbag.py:525} INFO - Filling up the DagBag from /opt/airflow/dags/hadoop-2.7.3/share/hadoop/kms/tomcat/webapps/kms/WEB-INF/lib/api-asn1-api-1.0.0-M20.jar
[2022-10-22T00:20:23.029+0000] {processor.py:770} WARNING - No viable dags retrieved from /opt/airflow/dags/hadoop-2.7.3/share/hadoop/kms/tomcat/webapps/kms/WEB-INF/lib/api-asn1-api-1.0.0-M20.jar
[2022-10-22T00:20:23.075+0000] {processor.py:178} INFO - Processing /opt/airflow/dags/hadoop-2.7.3/share/hadoop/kms/tomcat/webapps/kms/WEB-INF/lib/api-asn1-api-1.0.0-M20.jar took 0.079 seconds
[2022-10-22T00:20:35.622+0000] {processor.py:156} INFO - Started process (PID=25519) to work on /opt/airflow/dags/hadoop-2.7.3/share/hadoop/kms/tomcat/webapps/kms/WEB-INF/lib/api-asn1-api-1.0.0-M20.jar
[2022-10-22T00:20:35.627+0000] {processor.py:758} INFO - Processing file /opt/airflow/dags/hadoop-2.7.3/share/hadoop/kms/tomcat/webapps/kms/WEB-INF/lib/api-asn1-api-1.0.0-M20.jar for tasks to queue
[2022-10-22T00:20:35.631+0000] {logging_mixin.py:117} INFO - [2022-10-22T00:20:35.630+0000] {dagbag.py:525} INFO - Filling up the DagBag from /opt/airflow/dags/hadoop-2.7.3/share/hadoop/kms/tomcat/webapps/kms/WEB-INF/lib/api-asn1-api-1.0.0-M20.jar
[2022-10-22T00:20:35.642+0000] {processor.py:770} WARNING - No viable dags retrieved from /opt/airflow/dags/hadoop-2.7.3/share/hadoop/kms/tomcat/webapps/kms/WEB-INF/lib/api-asn1-api-1.0.0-M20.jar
[2022-10-22T00:20:35.697+0000] {processor.py:178} INFO - Processing /opt/airflow/dags/hadoop-2.7.3/share/hadoop/kms/tomcat/webapps/kms/WEB-INF/lib/api-asn1-api-1.0.0-M20.jar took 0.093 seconds
[2022-10-22T00:21:21.030+0000] {processor.py:156} INFO - Started process (PID=28497) to work on /opt/airflow/dags/hadoop-2.7.3/share/hadoop/kms/tomcat/webapps/kms/WEB-INF/lib/api-asn1-api-1.0.0-M20.jar
[2022-10-22T00:21:21.038+0000] {processor.py:758} INFO - Processing file /opt/airflow/dags/hadoop-2.7.3/share/hadoop/kms/tomcat/webapps/kms/WEB-INF/lib/api-asn1-api-1.0.0-M20.jar for tasks to queue
[2022-10-22T00:21:21.040+0000] {logging_mixin.py:117} INFO - [2022-10-22T00:21:21.040+0000] {dagbag.py:525} INFO - Filling up the DagBag from /opt/airflow/dags/hadoop-2.7.3/share/hadoop/kms/tomcat/webapps/kms/WEB-INF/lib/api-asn1-api-1.0.0-M20.jar
[2022-10-22T00:21:21.053+0000] {processor.py:770} WARNING - No viable dags retrieved from /opt/airflow/dags/hadoop-2.7.3/share/hadoop/kms/tomcat/webapps/kms/WEB-INF/lib/api-asn1-api-1.0.0-M20.jar
[2022-10-22T00:21:21.109+0000] {processor.py:178} INFO - Processing /opt/airflow/dags/hadoop-2.7.3/share/hadoop/kms/tomcat/webapps/kms/WEB-INF/lib/api-asn1-api-1.0.0-M20.jar took 0.088 seconds
[2022-10-22T00:21:28.850+0000] {processor.py:156} INFO - Started process (PID=26043) to work on /opt/airflow/dags/hadoop-2.7.3/share/hadoop/kms/tomcat/webapps/kms/WEB-INF/lib/api-asn1-api-1.0.0-M20.jar
[2022-10-22T00:21:28.857+0000] {processor.py:758} INFO - Processing file /opt/airflow/dags/hadoop-2.7.3/share/hadoop/kms/tomcat/webapps/kms/WEB-INF/lib/api-asn1-api-1.0.0-M20.jar for tasks to queue
[2022-10-22T00:21:28.862+0000] {logging_mixin.py:117} INFO - [2022-10-22T00:21:28.861+0000] {dagbag.py:525} INFO - Filling up the DagBag from /opt/airflow/dags/hadoop-2.7.3/share/hadoop/kms/tomcat/webapps/kms/WEB-INF/lib/api-asn1-api-1.0.0-M20.jar
[2022-10-22T00:21:28.877+0000] {processor.py:770} WARNING - No viable dags retrieved from /opt/airflow/dags/hadoop-2.7.3/share/hadoop/kms/tomcat/webapps/kms/WEB-INF/lib/api-asn1-api-1.0.0-M20.jar
[2022-10-22T00:21:28.927+0000] {processor.py:178} INFO - Processing /opt/airflow/dags/hadoop-2.7.3/share/hadoop/kms/tomcat/webapps/kms/WEB-INF/lib/api-asn1-api-1.0.0-M20.jar took 0.095 seconds
[2022-10-22T00:22:17.454+0000] {processor.py:156} INFO - Started process (PID=26497) to work on /opt/airflow/dags/hadoop-2.7.3/share/hadoop/kms/tomcat/webapps/kms/WEB-INF/lib/api-asn1-api-1.0.0-M20.jar
[2022-10-22T00:22:17.462+0000] {processor.py:758} INFO - Processing file /opt/airflow/dags/hadoop-2.7.3/share/hadoop/kms/tomcat/webapps/kms/WEB-INF/lib/api-asn1-api-1.0.0-M20.jar for tasks to queue
[2022-10-22T00:22:17.467+0000] {logging_mixin.py:117} INFO - [2022-10-22T00:22:17.464+0000] {dagbag.py:525} INFO - Filling up the DagBag from /opt/airflow/dags/hadoop-2.7.3/share/hadoop/kms/tomcat/webapps/kms/WEB-INF/lib/api-asn1-api-1.0.0-M20.jar
[2022-10-22T00:22:17.475+0000] {processor.py:770} WARNING - No viable dags retrieved from /opt/airflow/dags/hadoop-2.7.3/share/hadoop/kms/tomcat/webapps/kms/WEB-INF/lib/api-asn1-api-1.0.0-M20.jar
[2022-10-22T00:22:17.533+0000] {processor.py:178} INFO - Processing /opt/airflow/dags/hadoop-2.7.3/share/hadoop/kms/tomcat/webapps/kms/WEB-INF/lib/api-asn1-api-1.0.0-M20.jar took 0.099 seconds
[2022-10-22T00:22:25.768+0000] {processor.py:156} INFO - Started process (PID=29117) to work on /opt/airflow/dags/hadoop-2.7.3/share/hadoop/kms/tomcat/webapps/kms/WEB-INF/lib/api-asn1-api-1.0.0-M20.jar
[2022-10-22T00:22:25.771+0000] {processor.py:758} INFO - Processing file /opt/airflow/dags/hadoop-2.7.3/share/hadoop/kms/tomcat/webapps/kms/WEB-INF/lib/api-asn1-api-1.0.0-M20.jar for tasks to queue
[2022-10-22T00:22:25.774+0000] {logging_mixin.py:117} INFO - [2022-10-22T00:22:25.773+0000] {dagbag.py:525} INFO - Filling up the DagBag from /opt/airflow/dags/hadoop-2.7.3/share/hadoop/kms/tomcat/webapps/kms/WEB-INF/lib/api-asn1-api-1.0.0-M20.jar
[2022-10-22T00:22:25.780+0000] {processor.py:770} WARNING - No viable dags retrieved from /opt/airflow/dags/hadoop-2.7.3/share/hadoop/kms/tomcat/webapps/kms/WEB-INF/lib/api-asn1-api-1.0.0-M20.jar
[2022-10-22T00:22:25.831+0000] {processor.py:178} INFO - Processing /opt/airflow/dags/hadoop-2.7.3/share/hadoop/kms/tomcat/webapps/kms/WEB-INF/lib/api-asn1-api-1.0.0-M20.jar took 0.080 seconds
[2022-10-22T00:23:11.554+0000] {processor.py:156} INFO - Started process (PID=26984) to work on /opt/airflow/dags/hadoop-2.7.3/share/hadoop/kms/tomcat/webapps/kms/WEB-INF/lib/api-asn1-api-1.0.0-M20.jar
[2022-10-22T00:23:11.556+0000] {processor.py:758} INFO - Processing file /opt/airflow/dags/hadoop-2.7.3/share/hadoop/kms/tomcat/webapps/kms/WEB-INF/lib/api-asn1-api-1.0.0-M20.jar for tasks to queue
[2022-10-22T00:23:11.564+0000] {logging_mixin.py:117} INFO - [2022-10-22T00:23:11.564+0000] {dagbag.py:525} INFO - Filling up the DagBag from /opt/airflow/dags/hadoop-2.7.3/share/hadoop/kms/tomcat/webapps/kms/WEB-INF/lib/api-asn1-api-1.0.0-M20.jar
[2022-10-22T00:23:11.572+0000] {processor.py:770} WARNING - No viable dags retrieved from /opt/airflow/dags/hadoop-2.7.3/share/hadoop/kms/tomcat/webapps/kms/WEB-INF/lib/api-asn1-api-1.0.0-M20.jar
[2022-10-22T00:23:11.645+0000] {processor.py:178} INFO - Processing /opt/airflow/dags/hadoop-2.7.3/share/hadoop/kms/tomcat/webapps/kms/WEB-INF/lib/api-asn1-api-1.0.0-M20.jar took 0.096 seconds
[2022-10-22T00:23:14.504+0000] {processor.py:156} INFO - Started process (PID=29584) to work on /opt/airflow/dags/hadoop-2.7.3/share/hadoop/kms/tomcat/webapps/kms/WEB-INF/lib/api-asn1-api-1.0.0-M20.jar
[2022-10-22T00:23:14.506+0000] {processor.py:758} INFO - Processing file /opt/airflow/dags/hadoop-2.7.3/share/hadoop/kms/tomcat/webapps/kms/WEB-INF/lib/api-asn1-api-1.0.0-M20.jar for tasks to queue
[2022-10-22T00:23:14.510+0000] {logging_mixin.py:117} INFO - [2022-10-22T00:23:14.510+0000] {dagbag.py:525} INFO - Filling up the DagBag from /opt/airflow/dags/hadoop-2.7.3/share/hadoop/kms/tomcat/webapps/kms/WEB-INF/lib/api-asn1-api-1.0.0-M20.jar
[2022-10-22T00:23:14.516+0000] {processor.py:770} WARNING - No viable dags retrieved from /opt/airflow/dags/hadoop-2.7.3/share/hadoop/kms/tomcat/webapps/kms/WEB-INF/lib/api-asn1-api-1.0.0-M20.jar
[2022-10-22T00:23:14.564+0000] {processor.py:178} INFO - Processing /opt/airflow/dags/hadoop-2.7.3/share/hadoop/kms/tomcat/webapps/kms/WEB-INF/lib/api-asn1-api-1.0.0-M20.jar took 0.073 seconds
[2022-10-22T00:24:01.466+0000] {processor.py:156} INFO - Started process (PID=30103) to work on /opt/airflow/dags/hadoop-2.7.3/share/hadoop/kms/tomcat/webapps/kms/WEB-INF/lib/api-asn1-api-1.0.0-M20.jar
[2022-10-22T00:24:01.474+0000] {processor.py:758} INFO - Processing file /opt/airflow/dags/hadoop-2.7.3/share/hadoop/kms/tomcat/webapps/kms/WEB-INF/lib/api-asn1-api-1.0.0-M20.jar for tasks to queue
[2022-10-22T00:24:01.476+0000] {logging_mixin.py:117} INFO - [2022-10-22T00:24:01.476+0000] {dagbag.py:525} INFO - Filling up the DagBag from /opt/airflow/dags/hadoop-2.7.3/share/hadoop/kms/tomcat/webapps/kms/WEB-INF/lib/api-asn1-api-1.0.0-M20.jar
[2022-10-22T00:24:01.480+0000] {processor.py:770} WARNING - No viable dags retrieved from /opt/airflow/dags/hadoop-2.7.3/share/hadoop/kms/tomcat/webapps/kms/WEB-INF/lib/api-asn1-api-1.0.0-M20.jar
[2022-10-22T00:24:01.521+0000] {processor.py:178} INFO - Processing /opt/airflow/dags/hadoop-2.7.3/share/hadoop/kms/tomcat/webapps/kms/WEB-INF/lib/api-asn1-api-1.0.0-M20.jar took 0.066 seconds
[2022-10-22T00:24:02.993+0000] {processor.py:156} INFO - Started process (PID=27544) to work on /opt/airflow/dags/hadoop-2.7.3/share/hadoop/kms/tomcat/webapps/kms/WEB-INF/lib/api-asn1-api-1.0.0-M20.jar
[2022-10-22T00:24:02.996+0000] {processor.py:758} INFO - Processing file /opt/airflow/dags/hadoop-2.7.3/share/hadoop/kms/tomcat/webapps/kms/WEB-INF/lib/api-asn1-api-1.0.0-M20.jar for tasks to queue
[2022-10-22T00:24:02.999+0000] {logging_mixin.py:117} INFO - [2022-10-22T00:24:02.998+0000] {dagbag.py:525} INFO - Filling up the DagBag from /opt/airflow/dags/hadoop-2.7.3/share/hadoop/kms/tomcat/webapps/kms/WEB-INF/lib/api-asn1-api-1.0.0-M20.jar
[2022-10-22T00:24:03.002+0000] {processor.py:770} WARNING - No viable dags retrieved from /opt/airflow/dags/hadoop-2.7.3/share/hadoop/kms/tomcat/webapps/kms/WEB-INF/lib/api-asn1-api-1.0.0-M20.jar
[2022-10-22T00:24:03.023+0000] {processor.py:178} INFO - Processing /opt/airflow/dags/hadoop-2.7.3/share/hadoop/kms/tomcat/webapps/kms/WEB-INF/lib/api-asn1-api-1.0.0-M20.jar took 0.037 seconds
