[2022-10-22T00:00:07.227+0000] {processor.py:156} INFO - Started process (PID=16778) to work on /opt/airflow/dags/hadoop-2.7.3/share/hadoop/kms/tomcat/webapps/kms/WEB-INF/lib/httpcore-4.2.5.jar
[2022-10-22T00:00:07.238+0000] {processor.py:758} INFO - Processing file /opt/airflow/dags/hadoop-2.7.3/share/hadoop/kms/tomcat/webapps/kms/WEB-INF/lib/httpcore-4.2.5.jar for tasks to queue
[2022-10-22T00:00:07.243+0000] {logging_mixin.py:117} INFO - [2022-10-22T00:00:07.243+0000] {dagbag.py:525} INFO - Filling up the DagBag from /opt/airflow/dags/hadoop-2.7.3/share/hadoop/kms/tomcat/webapps/kms/WEB-INF/lib/httpcore-4.2.5.jar
[2022-10-22T00:00:07.287+0000] {processor.py:770} WARNING - No viable dags retrieved from /opt/airflow/dags/hadoop-2.7.3/share/hadoop/kms/tomcat/webapps/kms/WEB-INF/lib/httpcore-4.2.5.jar
[2022-10-22T00:00:07.454+0000] {processor.py:178} INFO - Processing /opt/airflow/dags/hadoop-2.7.3/share/hadoop/kms/tomcat/webapps/kms/WEB-INF/lib/httpcore-4.2.5.jar took 0.252 seconds
[2022-10-22T00:00:51.241+0000] {processor.py:156} INFO - Started process (PID=19262) to work on /opt/airflow/dags/hadoop-2.7.3/share/hadoop/kms/tomcat/webapps/kms/WEB-INF/lib/httpcore-4.2.5.jar
[2022-10-22T00:00:51.244+0000] {processor.py:758} INFO - Processing file /opt/airflow/dags/hadoop-2.7.3/share/hadoop/kms/tomcat/webapps/kms/WEB-INF/lib/httpcore-4.2.5.jar for tasks to queue
[2022-10-22T00:00:51.253+0000] {logging_mixin.py:117} INFO - [2022-10-22T00:00:51.247+0000] {dagbag.py:525} INFO - Filling up the DagBag from /opt/airflow/dags/hadoop-2.7.3/share/hadoop/kms/tomcat/webapps/kms/WEB-INF/lib/httpcore-4.2.5.jar
[2022-10-22T00:00:51.351+0000] {processor.py:770} WARNING - No viable dags retrieved from /opt/airflow/dags/hadoop-2.7.3/share/hadoop/kms/tomcat/webapps/kms/WEB-INF/lib/httpcore-4.2.5.jar
[2022-10-22T00:00:51.503+0000] {processor.py:178} INFO - Processing /opt/airflow/dags/hadoop-2.7.3/share/hadoop/kms/tomcat/webapps/kms/WEB-INF/lib/httpcore-4.2.5.jar took 0.278 seconds
[2022-10-22T00:01:41.802+0000] {processor.py:156} INFO - Started process (PID=17401) to work on /opt/airflow/dags/hadoop-2.7.3/share/hadoop/kms/tomcat/webapps/kms/WEB-INF/lib/httpcore-4.2.5.jar
[2022-10-22T00:01:41.806+0000] {processor.py:758} INFO - Processing file /opt/airflow/dags/hadoop-2.7.3/share/hadoop/kms/tomcat/webapps/kms/WEB-INF/lib/httpcore-4.2.5.jar for tasks to queue
[2022-10-22T00:01:41.809+0000] {logging_mixin.py:117} INFO - [2022-10-22T00:01:41.809+0000] {dagbag.py:525} INFO - Filling up the DagBag from /opt/airflow/dags/hadoop-2.7.3/share/hadoop/kms/tomcat/webapps/kms/WEB-INF/lib/httpcore-4.2.5.jar
[2022-10-22T00:01:41.840+0000] {processor.py:770} WARNING - No viable dags retrieved from /opt/airflow/dags/hadoop-2.7.3/share/hadoop/kms/tomcat/webapps/kms/WEB-INF/lib/httpcore-4.2.5.jar
[2022-10-22T00:01:41.911+0000] {processor.py:178} INFO - Processing /opt/airflow/dags/hadoop-2.7.3/share/hadoop/kms/tomcat/webapps/kms/WEB-INF/lib/httpcore-4.2.5.jar took 0.120 seconds
[2022-10-22T00:02:31.346+0000] {processor.py:156} INFO - Started process (PID=20145) to work on /opt/airflow/dags/hadoop-2.7.3/share/hadoop/kms/tomcat/webapps/kms/WEB-INF/lib/httpcore-4.2.5.jar
[2022-10-22T00:02:31.350+0000] {processor.py:758} INFO - Processing file /opt/airflow/dags/hadoop-2.7.3/share/hadoop/kms/tomcat/webapps/kms/WEB-INF/lib/httpcore-4.2.5.jar for tasks to queue
[2022-10-22T00:02:31.370+0000] {logging_mixin.py:117} INFO - [2022-10-22T00:02:31.370+0000] {dagbag.py:525} INFO - Filling up the DagBag from /opt/airflow/dags/hadoop-2.7.3/share/hadoop/kms/tomcat/webapps/kms/WEB-INF/lib/httpcore-4.2.5.jar
[2022-10-22T00:02:31.402+0000] {processor.py:770} WARNING - No viable dags retrieved from /opt/airflow/dags/hadoop-2.7.3/share/hadoop/kms/tomcat/webapps/kms/WEB-INF/lib/httpcore-4.2.5.jar
[2022-10-22T00:02:31.480+0000] {processor.py:178} INFO - Processing /opt/airflow/dags/hadoop-2.7.3/share/hadoop/kms/tomcat/webapps/kms/WEB-INF/lib/httpcore-4.2.5.jar took 0.157 seconds
[2022-10-22T00:03:25.704+0000] {processor.py:156} INFO - Started process (PID=17978) to work on /opt/airflow/dags/hadoop-2.7.3/share/hadoop/kms/tomcat/webapps/kms/WEB-INF/lib/httpcore-4.2.5.jar
[2022-10-22T00:03:25.715+0000] {processor.py:758} INFO - Processing file /opt/airflow/dags/hadoop-2.7.3/share/hadoop/kms/tomcat/webapps/kms/WEB-INF/lib/httpcore-4.2.5.jar for tasks to queue
[2022-10-22T00:03:25.718+0000] {logging_mixin.py:117} INFO - [2022-10-22T00:03:25.718+0000] {dagbag.py:525} INFO - Filling up the DagBag from /opt/airflow/dags/hadoop-2.7.3/share/hadoop/kms/tomcat/webapps/kms/WEB-INF/lib/httpcore-4.2.5.jar
[2022-10-22T00:03:25.732+0000] {processor.py:770} WARNING - No viable dags retrieved from /opt/airflow/dags/hadoop-2.7.3/share/hadoop/kms/tomcat/webapps/kms/WEB-INF/lib/httpcore-4.2.5.jar
[2022-10-22T00:03:25.784+0000] {processor.py:178} INFO - Processing /opt/airflow/dags/hadoop-2.7.3/share/hadoop/kms/tomcat/webapps/kms/WEB-INF/lib/httpcore-4.2.5.jar took 0.089 seconds
[2022-10-22T00:04:06.151+0000] {processor.py:156} INFO - Started process (PID=20754) to work on /opt/airflow/dags/hadoop-2.7.3/share/hadoop/kms/tomcat/webapps/kms/WEB-INF/lib/httpcore-4.2.5.jar
[2022-10-22T00:04:06.159+0000] {processor.py:758} INFO - Processing file /opt/airflow/dags/hadoop-2.7.3/share/hadoop/kms/tomcat/webapps/kms/WEB-INF/lib/httpcore-4.2.5.jar for tasks to queue
[2022-10-22T00:04:06.166+0000] {logging_mixin.py:117} INFO - [2022-10-22T00:04:06.165+0000] {dagbag.py:525} INFO - Filling up the DagBag from /opt/airflow/dags/hadoop-2.7.3/share/hadoop/kms/tomcat/webapps/kms/WEB-INF/lib/httpcore-4.2.5.jar
[2022-10-22T00:04:06.200+0000] {processor.py:770} WARNING - No viable dags retrieved from /opt/airflow/dags/hadoop-2.7.3/share/hadoop/kms/tomcat/webapps/kms/WEB-INF/lib/httpcore-4.2.5.jar
[2022-10-22T00:04:06.267+0000] {processor.py:178} INFO - Processing /opt/airflow/dags/hadoop-2.7.3/share/hadoop/kms/tomcat/webapps/kms/WEB-INF/lib/httpcore-4.2.5.jar took 0.149 seconds
[2022-10-22T00:04:33.598+0000] {processor.py:156} INFO - Started process (PID=18588) to work on /opt/airflow/dags/hadoop-2.7.3/share/hadoop/kms/tomcat/webapps/kms/WEB-INF/lib/httpcore-4.2.5.jar
[2022-10-22T00:04:33.602+0000] {processor.py:758} INFO - Processing file /opt/airflow/dags/hadoop-2.7.3/share/hadoop/kms/tomcat/webapps/kms/WEB-INF/lib/httpcore-4.2.5.jar for tasks to queue
[2022-10-22T00:04:33.604+0000] {logging_mixin.py:117} INFO - [2022-10-22T00:04:33.604+0000] {dagbag.py:525} INFO - Filling up the DagBag from /opt/airflow/dags/hadoop-2.7.3/share/hadoop/kms/tomcat/webapps/kms/WEB-INF/lib/httpcore-4.2.5.jar
[2022-10-22T00:04:33.618+0000] {processor.py:770} WARNING - No viable dags retrieved from /opt/airflow/dags/hadoop-2.7.3/share/hadoop/kms/tomcat/webapps/kms/WEB-INF/lib/httpcore-4.2.5.jar
[2022-10-22T00:04:33.688+0000] {processor.py:178} INFO - Processing /opt/airflow/dags/hadoop-2.7.3/share/hadoop/kms/tomcat/webapps/kms/WEB-INF/lib/httpcore-4.2.5.jar took 0.098 seconds
[2022-10-22T00:05:03.819+0000] {processor.py:156} INFO - Started process (PID=21275) to work on /opt/airflow/dags/hadoop-2.7.3/share/hadoop/kms/tomcat/webapps/kms/WEB-INF/lib/httpcore-4.2.5.jar
[2022-10-22T00:05:03.823+0000] {processor.py:758} INFO - Processing file /opt/airflow/dags/hadoop-2.7.3/share/hadoop/kms/tomcat/webapps/kms/WEB-INF/lib/httpcore-4.2.5.jar for tasks to queue
[2022-10-22T00:05:03.828+0000] {logging_mixin.py:117} INFO - [2022-10-22T00:05:03.827+0000] {dagbag.py:525} INFO - Filling up the DagBag from /opt/airflow/dags/hadoop-2.7.3/share/hadoop/kms/tomcat/webapps/kms/WEB-INF/lib/httpcore-4.2.5.jar
[2022-10-22T00:05:03.850+0000] {processor.py:770} WARNING - No viable dags retrieved from /opt/airflow/dags/hadoop-2.7.3/share/hadoop/kms/tomcat/webapps/kms/WEB-INF/lib/httpcore-4.2.5.jar
[2022-10-22T00:05:03.908+0000] {processor.py:178} INFO - Processing /opt/airflow/dags/hadoop-2.7.3/share/hadoop/kms/tomcat/webapps/kms/WEB-INF/lib/httpcore-4.2.5.jar took 0.101 seconds
[2022-10-22T00:05:28.873+0000] {processor.py:156} INFO - Started process (PID=19110) to work on /opt/airflow/dags/hadoop-2.7.3/share/hadoop/kms/tomcat/webapps/kms/WEB-INF/lib/httpcore-4.2.5.jar
[2022-10-22T00:05:28.876+0000] {processor.py:758} INFO - Processing file /opt/airflow/dags/hadoop-2.7.3/share/hadoop/kms/tomcat/webapps/kms/WEB-INF/lib/httpcore-4.2.5.jar for tasks to queue
[2022-10-22T00:05:28.892+0000] {logging_mixin.py:117} INFO - [2022-10-22T00:05:28.892+0000] {dagbag.py:525} INFO - Filling up the DagBag from /opt/airflow/dags/hadoop-2.7.3/share/hadoop/kms/tomcat/webapps/kms/WEB-INF/lib/httpcore-4.2.5.jar
[2022-10-22T00:05:28.914+0000] {processor.py:770} WARNING - No viable dags retrieved from /opt/airflow/dags/hadoop-2.7.3/share/hadoop/kms/tomcat/webapps/kms/WEB-INF/lib/httpcore-4.2.5.jar
[2022-10-22T00:05:28.950+0000] {processor.py:178} INFO - Processing /opt/airflow/dags/hadoop-2.7.3/share/hadoop/kms/tomcat/webapps/kms/WEB-INF/lib/httpcore-4.2.5.jar took 0.086 seconds
[2022-10-22T00:05:49.222+0000] {processor.py:156} INFO - Started process (PID=21748) to work on /opt/airflow/dags/hadoop-2.7.3/share/hadoop/kms/tomcat/webapps/kms/WEB-INF/lib/httpcore-4.2.5.jar
[2022-10-22T00:05:49.227+0000] {processor.py:758} INFO - Processing file /opt/airflow/dags/hadoop-2.7.3/share/hadoop/kms/tomcat/webapps/kms/WEB-INF/lib/httpcore-4.2.5.jar for tasks to queue
[2022-10-22T00:05:49.242+0000] {logging_mixin.py:117} INFO - [2022-10-22T00:05:49.237+0000] {dagbag.py:525} INFO - Filling up the DagBag from /opt/airflow/dags/hadoop-2.7.3/share/hadoop/kms/tomcat/webapps/kms/WEB-INF/lib/httpcore-4.2.5.jar
[2022-10-22T00:05:49.264+0000] {processor.py:770} WARNING - No viable dags retrieved from /opt/airflow/dags/hadoop-2.7.3/share/hadoop/kms/tomcat/webapps/kms/WEB-INF/lib/httpcore-4.2.5.jar
[2022-10-22T00:05:49.298+0000] {processor.py:178} INFO - Processing /opt/airflow/dags/hadoop-2.7.3/share/hadoop/kms/tomcat/webapps/kms/WEB-INF/lib/httpcore-4.2.5.jar took 0.091 seconds
[2022-10-22T00:06:31.149+0000] {processor.py:156} INFO - Started process (PID=19707) to work on /opt/airflow/dags/hadoop-2.7.3/share/hadoop/kms/tomcat/webapps/kms/WEB-INF/lib/httpcore-4.2.5.jar
[2022-10-22T00:06:31.152+0000] {processor.py:758} INFO - Processing file /opt/airflow/dags/hadoop-2.7.3/share/hadoop/kms/tomcat/webapps/kms/WEB-INF/lib/httpcore-4.2.5.jar for tasks to queue
[2022-10-22T00:06:31.157+0000] {logging_mixin.py:117} INFO - [2022-10-22T00:06:31.156+0000] {dagbag.py:525} INFO - Filling up the DagBag from /opt/airflow/dags/hadoop-2.7.3/share/hadoop/kms/tomcat/webapps/kms/WEB-INF/lib/httpcore-4.2.5.jar
[2022-10-22T00:06:31.170+0000] {processor.py:770} WARNING - No viable dags retrieved from /opt/airflow/dags/hadoop-2.7.3/share/hadoop/kms/tomcat/webapps/kms/WEB-INF/lib/httpcore-4.2.5.jar
[2022-10-22T00:06:31.242+0000] {processor.py:178} INFO - Processing /opt/airflow/dags/hadoop-2.7.3/share/hadoop/kms/tomcat/webapps/kms/WEB-INF/lib/httpcore-4.2.5.jar took 0.121 seconds
[2022-10-22T00:06:37.096+0000] {processor.py:156} INFO - Started process (PID=22206) to work on /opt/airflow/dags/hadoop-2.7.3/share/hadoop/kms/tomcat/webapps/kms/WEB-INF/lib/httpcore-4.2.5.jar
[2022-10-22T00:06:37.098+0000] {processor.py:758} INFO - Processing file /opt/airflow/dags/hadoop-2.7.3/share/hadoop/kms/tomcat/webapps/kms/WEB-INF/lib/httpcore-4.2.5.jar for tasks to queue
[2022-10-22T00:06:37.102+0000] {logging_mixin.py:117} INFO - [2022-10-22T00:06:37.101+0000] {dagbag.py:525} INFO - Filling up the DagBag from /opt/airflow/dags/hadoop-2.7.3/share/hadoop/kms/tomcat/webapps/kms/WEB-INF/lib/httpcore-4.2.5.jar
[2022-10-22T00:06:37.135+0000] {processor.py:770} WARNING - No viable dags retrieved from /opt/airflow/dags/hadoop-2.7.3/share/hadoop/kms/tomcat/webapps/kms/WEB-INF/lib/httpcore-4.2.5.jar
[2022-10-22T00:06:37.196+0000] {processor.py:178} INFO - Processing /opt/airflow/dags/hadoop-2.7.3/share/hadoop/kms/tomcat/webapps/kms/WEB-INF/lib/httpcore-4.2.5.jar took 0.114 seconds
[2022-10-22T00:07:18.614+0000] {processor.py:156} INFO - Started process (PID=20179) to work on /opt/airflow/dags/hadoop-2.7.3/share/hadoop/kms/tomcat/webapps/kms/WEB-INF/lib/httpcore-4.2.5.jar
[2022-10-22T00:07:18.618+0000] {processor.py:758} INFO - Processing file /opt/airflow/dags/hadoop-2.7.3/share/hadoop/kms/tomcat/webapps/kms/WEB-INF/lib/httpcore-4.2.5.jar for tasks to queue
[2022-10-22T00:07:18.623+0000] {logging_mixin.py:117} INFO - [2022-10-22T00:07:18.623+0000] {dagbag.py:525} INFO - Filling up the DagBag from /opt/airflow/dags/hadoop-2.7.3/share/hadoop/kms/tomcat/webapps/kms/WEB-INF/lib/httpcore-4.2.5.jar
[2022-10-22T00:07:18.647+0000] {processor.py:770} WARNING - No viable dags retrieved from /opt/airflow/dags/hadoop-2.7.3/share/hadoop/kms/tomcat/webapps/kms/WEB-INF/lib/httpcore-4.2.5.jar
[2022-10-22T00:07:18.721+0000] {processor.py:178} INFO - Processing /opt/airflow/dags/hadoop-2.7.3/share/hadoop/kms/tomcat/webapps/kms/WEB-INF/lib/httpcore-4.2.5.jar took 0.118 seconds
[2022-10-22T00:07:21.182+0000] {processor.py:156} INFO - Started process (PID=22672) to work on /opt/airflow/dags/hadoop-2.7.3/share/hadoop/kms/tomcat/webapps/kms/WEB-INF/lib/httpcore-4.2.5.jar
[2022-10-22T00:07:21.193+0000] {processor.py:758} INFO - Processing file /opt/airflow/dags/hadoop-2.7.3/share/hadoop/kms/tomcat/webapps/kms/WEB-INF/lib/httpcore-4.2.5.jar for tasks to queue
[2022-10-22T00:07:21.197+0000] {logging_mixin.py:117} INFO - [2022-10-22T00:07:21.196+0000] {dagbag.py:525} INFO - Filling up the DagBag from /opt/airflow/dags/hadoop-2.7.3/share/hadoop/kms/tomcat/webapps/kms/WEB-INF/lib/httpcore-4.2.5.jar
[2022-10-22T00:07:21.208+0000] {processor.py:770} WARNING - No viable dags retrieved from /opt/airflow/dags/hadoop-2.7.3/share/hadoop/kms/tomcat/webapps/kms/WEB-INF/lib/httpcore-4.2.5.jar
[2022-10-22T00:07:21.284+0000] {processor.py:178} INFO - Processing /opt/airflow/dags/hadoop-2.7.3/share/hadoop/kms/tomcat/webapps/kms/WEB-INF/lib/httpcore-4.2.5.jar took 0.116 seconds
[2022-10-22T00:08:56.443+0000] {processor.py:156} INFO - Started process (PID=20726) to work on /opt/airflow/dags/hadoop-2.7.3/share/hadoop/kms/tomcat/webapps/kms/WEB-INF/lib/httpcore-4.2.5.jar
[2022-10-22T00:08:56.446+0000] {processor.py:758} INFO - Processing file /opt/airflow/dags/hadoop-2.7.3/share/hadoop/kms/tomcat/webapps/kms/WEB-INF/lib/httpcore-4.2.5.jar for tasks to queue
[2022-10-22T00:08:56.449+0000] {logging_mixin.py:117} INFO - [2022-10-22T00:08:56.448+0000] {dagbag.py:525} INFO - Filling up the DagBag from /opt/airflow/dags/hadoop-2.7.3/share/hadoop/kms/tomcat/webapps/kms/WEB-INF/lib/httpcore-4.2.5.jar
[2022-10-22T00:08:56.462+0000] {processor.py:770} WARNING - No viable dags retrieved from /opt/airflow/dags/hadoop-2.7.3/share/hadoop/kms/tomcat/webapps/kms/WEB-INF/lib/httpcore-4.2.5.jar
[2022-10-22T00:08:56.494+0000] {processor.py:178} INFO - Processing /opt/airflow/dags/hadoop-2.7.3/share/hadoop/kms/tomcat/webapps/kms/WEB-INF/lib/httpcore-4.2.5.jar took 0.071 seconds
[2022-10-22T00:09:14.149+0000] {processor.py:156} INFO - Started process (PID=23369) to work on /opt/airflow/dags/hadoop-2.7.3/share/hadoop/kms/tomcat/webapps/kms/WEB-INF/lib/httpcore-4.2.5.jar
[2022-10-22T00:09:14.154+0000] {processor.py:758} INFO - Processing file /opt/airflow/dags/hadoop-2.7.3/share/hadoop/kms/tomcat/webapps/kms/WEB-INF/lib/httpcore-4.2.5.jar for tasks to queue
[2022-10-22T00:09:14.162+0000] {logging_mixin.py:117} INFO - [2022-10-22T00:09:14.162+0000] {dagbag.py:525} INFO - Filling up the DagBag from /opt/airflow/dags/hadoop-2.7.3/share/hadoop/kms/tomcat/webapps/kms/WEB-INF/lib/httpcore-4.2.5.jar
[2022-10-22T00:09:14.185+0000] {processor.py:770} WARNING - No viable dags retrieved from /opt/airflow/dags/hadoop-2.7.3/share/hadoop/kms/tomcat/webapps/kms/WEB-INF/lib/httpcore-4.2.5.jar
[2022-10-22T00:09:14.242+0000] {processor.py:178} INFO - Processing /opt/airflow/dags/hadoop-2.7.3/share/hadoop/kms/tomcat/webapps/kms/WEB-INF/lib/httpcore-4.2.5.jar took 0.110 seconds
[2022-10-22T00:09:51.277+0000] {processor.py:156} INFO - Started process (PID=21251) to work on /opt/airflow/dags/hadoop-2.7.3/share/hadoop/kms/tomcat/webapps/kms/WEB-INF/lib/httpcore-4.2.5.jar
[2022-10-22T00:09:51.280+0000] {processor.py:758} INFO - Processing file /opt/airflow/dags/hadoop-2.7.3/share/hadoop/kms/tomcat/webapps/kms/WEB-INF/lib/httpcore-4.2.5.jar for tasks to queue
[2022-10-22T00:09:51.289+0000] {logging_mixin.py:117} INFO - [2022-10-22T00:09:51.289+0000] {dagbag.py:525} INFO - Filling up the DagBag from /opt/airflow/dags/hadoop-2.7.3/share/hadoop/kms/tomcat/webapps/kms/WEB-INF/lib/httpcore-4.2.5.jar
[2022-10-22T00:09:51.307+0000] {processor.py:770} WARNING - No viable dags retrieved from /opt/airflow/dags/hadoop-2.7.3/share/hadoop/kms/tomcat/webapps/kms/WEB-INF/lib/httpcore-4.2.5.jar
[2022-10-22T00:09:51.363+0000] {processor.py:178} INFO - Processing /opt/airflow/dags/hadoop-2.7.3/share/hadoop/kms/tomcat/webapps/kms/WEB-INF/lib/httpcore-4.2.5.jar took 0.100 seconds
[2022-10-22T00:11:16.932+0000] {processor.py:156} INFO - Started process (PID=23893) to work on /opt/airflow/dags/hadoop-2.7.3/share/hadoop/kms/tomcat/webapps/kms/WEB-INF/lib/httpcore-4.2.5.jar
[2022-10-22T00:11:16.933+0000] {processor.py:758} INFO - Processing file /opt/airflow/dags/hadoop-2.7.3/share/hadoop/kms/tomcat/webapps/kms/WEB-INF/lib/httpcore-4.2.5.jar for tasks to queue
[2022-10-22T00:11:16.935+0000] {logging_mixin.py:117} INFO - [2022-10-22T00:11:16.935+0000] {dagbag.py:525} INFO - Filling up the DagBag from /opt/airflow/dags/hadoop-2.7.3/share/hadoop/kms/tomcat/webapps/kms/WEB-INF/lib/httpcore-4.2.5.jar
[2022-10-22T00:11:16.948+0000] {processor.py:770} WARNING - No viable dags retrieved from /opt/airflow/dags/hadoop-2.7.3/share/hadoop/kms/tomcat/webapps/kms/WEB-INF/lib/httpcore-4.2.5.jar
[2022-10-22T00:11:16.982+0000] {processor.py:178} INFO - Processing /opt/airflow/dags/hadoop-2.7.3/share/hadoop/kms/tomcat/webapps/kms/WEB-INF/lib/httpcore-4.2.5.jar took 0.054 seconds
[2022-10-22T00:11:33.795+0000] {processor.py:156} INFO - Started process (PID=21661) to work on /opt/airflow/dags/hadoop-2.7.3/share/hadoop/kms/tomcat/webapps/kms/WEB-INF/lib/httpcore-4.2.5.jar
[2022-10-22T00:11:33.797+0000] {processor.py:758} INFO - Processing file /opt/airflow/dags/hadoop-2.7.3/share/hadoop/kms/tomcat/webapps/kms/WEB-INF/lib/httpcore-4.2.5.jar for tasks to queue
[2022-10-22T00:11:33.799+0000] {logging_mixin.py:117} INFO - [2022-10-22T00:11:33.799+0000] {dagbag.py:525} INFO - Filling up the DagBag from /opt/airflow/dags/hadoop-2.7.3/share/hadoop/kms/tomcat/webapps/kms/WEB-INF/lib/httpcore-4.2.5.jar
[2022-10-22T00:11:33.814+0000] {processor.py:770} WARNING - No viable dags retrieved from /opt/airflow/dags/hadoop-2.7.3/share/hadoop/kms/tomcat/webapps/kms/WEB-INF/lib/httpcore-4.2.5.jar
[2022-10-22T00:11:33.848+0000] {processor.py:178} INFO - Processing /opt/airflow/dags/hadoop-2.7.3/share/hadoop/kms/tomcat/webapps/kms/WEB-INF/lib/httpcore-4.2.5.jar took 0.059 seconds
[2022-10-22T00:11:53.201+0000] {processor.py:156} INFO - Started process (PID=24402) to work on /opt/airflow/dags/hadoop-2.7.3/share/hadoop/kms/tomcat/webapps/kms/WEB-INF/lib/httpcore-4.2.5.jar
[2022-10-22T00:11:53.213+0000] {processor.py:758} INFO - Processing file /opt/airflow/dags/hadoop-2.7.3/share/hadoop/kms/tomcat/webapps/kms/WEB-INF/lib/httpcore-4.2.5.jar for tasks to queue
[2022-10-22T00:11:53.219+0000] {logging_mixin.py:117} INFO - [2022-10-22T00:11:53.218+0000] {dagbag.py:525} INFO - Filling up the DagBag from /opt/airflow/dags/hadoop-2.7.3/share/hadoop/kms/tomcat/webapps/kms/WEB-INF/lib/httpcore-4.2.5.jar
[2022-10-22T00:11:53.266+0000] {processor.py:770} WARNING - No viable dags retrieved from /opt/airflow/dags/hadoop-2.7.3/share/hadoop/kms/tomcat/webapps/kms/WEB-INF/lib/httpcore-4.2.5.jar
[2022-10-22T00:11:53.312+0000] {processor.py:178} INFO - Processing /opt/airflow/dags/hadoop-2.7.3/share/hadoop/kms/tomcat/webapps/kms/WEB-INF/lib/httpcore-4.2.5.jar took 0.119 seconds
[2022-10-22T00:12:18.551+0000] {processor.py:156} INFO - Started process (PID=22178) to work on /opt/airflow/dags/hadoop-2.7.3/share/hadoop/kms/tomcat/webapps/kms/WEB-INF/lib/httpcore-4.2.5.jar
[2022-10-22T00:12:18.555+0000] {processor.py:758} INFO - Processing file /opt/airflow/dags/hadoop-2.7.3/share/hadoop/kms/tomcat/webapps/kms/WEB-INF/lib/httpcore-4.2.5.jar for tasks to queue
[2022-10-22T00:12:18.564+0000] {logging_mixin.py:117} INFO - [2022-10-22T00:12:18.562+0000] {dagbag.py:525} INFO - Filling up the DagBag from /opt/airflow/dags/hadoop-2.7.3/share/hadoop/kms/tomcat/webapps/kms/WEB-INF/lib/httpcore-4.2.5.jar
[2022-10-22T00:12:18.606+0000] {processor.py:770} WARNING - No viable dags retrieved from /opt/airflow/dags/hadoop-2.7.3/share/hadoop/kms/tomcat/webapps/kms/WEB-INF/lib/httpcore-4.2.5.jar
[2022-10-22T00:12:18.680+0000] {processor.py:178} INFO - Processing /opt/airflow/dags/hadoop-2.7.3/share/hadoop/kms/tomcat/webapps/kms/WEB-INF/lib/httpcore-4.2.5.jar took 0.146 seconds
[2022-10-22T00:15:21.840+0000] {processor.py:156} INFO - Started process (PID=22638) to work on /opt/airflow/dags/hadoop-2.7.3/share/hadoop/kms/tomcat/webapps/kms/WEB-INF/lib/httpcore-4.2.5.jar
[2022-10-22T00:15:21.842+0000] {processor.py:758} INFO - Processing file /opt/airflow/dags/hadoop-2.7.3/share/hadoop/kms/tomcat/webapps/kms/WEB-INF/lib/httpcore-4.2.5.jar for tasks to queue
[2022-10-22T00:15:21.844+0000] {logging_mixin.py:117} INFO - [2022-10-22T00:15:21.844+0000] {dagbag.py:525} INFO - Filling up the DagBag from /opt/airflow/dags/hadoop-2.7.3/share/hadoop/kms/tomcat/webapps/kms/WEB-INF/lib/httpcore-4.2.5.jar
[2022-10-22T00:15:21.853+0000] {processor.py:770} WARNING - No viable dags retrieved from /opt/airflow/dags/hadoop-2.7.3/share/hadoop/kms/tomcat/webapps/kms/WEB-INF/lib/httpcore-4.2.5.jar
[2022-10-22T00:15:21.911+0000] {processor.py:178} INFO - Processing /opt/airflow/dags/hadoop-2.7.3/share/hadoop/kms/tomcat/webapps/kms/WEB-INF/lib/httpcore-4.2.5.jar took 0.080 seconds
[2022-10-22T00:15:35.494+0000] {processor.py:156} INFO - Started process (PID=25204) to work on /opt/airflow/dags/hadoop-2.7.3/share/hadoop/kms/tomcat/webapps/kms/WEB-INF/lib/httpcore-4.2.5.jar
[2022-10-22T00:15:35.497+0000] {processor.py:758} INFO - Processing file /opt/airflow/dags/hadoop-2.7.3/share/hadoop/kms/tomcat/webapps/kms/WEB-INF/lib/httpcore-4.2.5.jar for tasks to queue
[2022-10-22T00:15:35.499+0000] {logging_mixin.py:117} INFO - [2022-10-22T00:15:35.499+0000] {dagbag.py:525} INFO - Filling up the DagBag from /opt/airflow/dags/hadoop-2.7.3/share/hadoop/kms/tomcat/webapps/kms/WEB-INF/lib/httpcore-4.2.5.jar
[2022-10-22T00:15:35.512+0000] {processor.py:770} WARNING - No viable dags retrieved from /opt/airflow/dags/hadoop-2.7.3/share/hadoop/kms/tomcat/webapps/kms/WEB-INF/lib/httpcore-4.2.5.jar
[2022-10-22T00:15:35.549+0000] {processor.py:178} INFO - Processing /opt/airflow/dags/hadoop-2.7.3/share/hadoop/kms/tomcat/webapps/kms/WEB-INF/lib/httpcore-4.2.5.jar took 0.065 seconds
[2022-10-22T00:16:11.194+0000] {processor.py:156} INFO - Started process (PID=23163) to work on /opt/airflow/dags/hadoop-2.7.3/share/hadoop/kms/tomcat/webapps/kms/WEB-INF/lib/httpcore-4.2.5.jar
[2022-10-22T00:16:11.198+0000] {processor.py:758} INFO - Processing file /opt/airflow/dags/hadoop-2.7.3/share/hadoop/kms/tomcat/webapps/kms/WEB-INF/lib/httpcore-4.2.5.jar for tasks to queue
[2022-10-22T00:16:11.201+0000] {logging_mixin.py:117} INFO - [2022-10-22T00:16:11.201+0000] {dagbag.py:525} INFO - Filling up the DagBag from /opt/airflow/dags/hadoop-2.7.3/share/hadoop/kms/tomcat/webapps/kms/WEB-INF/lib/httpcore-4.2.5.jar
[2022-10-22T00:16:11.213+0000] {processor.py:770} WARNING - No viable dags retrieved from /opt/airflow/dags/hadoop-2.7.3/share/hadoop/kms/tomcat/webapps/kms/WEB-INF/lib/httpcore-4.2.5.jar
[2022-10-22T00:16:11.244+0000] {processor.py:178} INFO - Processing /opt/airflow/dags/hadoop-2.7.3/share/hadoop/kms/tomcat/webapps/kms/WEB-INF/lib/httpcore-4.2.5.jar took 0.059 seconds
[2022-10-22T00:16:21.203+0000] {processor.py:156} INFO - Started process (PID=25720) to work on /opt/airflow/dags/hadoop-2.7.3/share/hadoop/kms/tomcat/webapps/kms/WEB-INF/lib/httpcore-4.2.5.jar
[2022-10-22T00:16:21.206+0000] {processor.py:758} INFO - Processing file /opt/airflow/dags/hadoop-2.7.3/share/hadoop/kms/tomcat/webapps/kms/WEB-INF/lib/httpcore-4.2.5.jar for tasks to queue
[2022-10-22T00:16:21.210+0000] {logging_mixin.py:117} INFO - [2022-10-22T00:16:21.209+0000] {dagbag.py:525} INFO - Filling up the DagBag from /opt/airflow/dags/hadoop-2.7.3/share/hadoop/kms/tomcat/webapps/kms/WEB-INF/lib/httpcore-4.2.5.jar
[2022-10-22T00:16:21.222+0000] {processor.py:770} WARNING - No viable dags retrieved from /opt/airflow/dags/hadoop-2.7.3/share/hadoop/kms/tomcat/webapps/kms/WEB-INF/lib/httpcore-4.2.5.jar
[2022-10-22T00:16:21.281+0000] {processor.py:178} INFO - Processing /opt/airflow/dags/hadoop-2.7.3/share/hadoop/kms/tomcat/webapps/kms/WEB-INF/lib/httpcore-4.2.5.jar took 0.085 seconds
[2022-10-22T00:17:01.207+0000] {processor.py:156} INFO - Started process (PID=23689) to work on /opt/airflow/dags/hadoop-2.7.3/share/hadoop/kms/tomcat/webapps/kms/WEB-INF/lib/httpcore-4.2.5.jar
[2022-10-22T00:17:01.222+0000] {processor.py:758} INFO - Processing file /opt/airflow/dags/hadoop-2.7.3/share/hadoop/kms/tomcat/webapps/kms/WEB-INF/lib/httpcore-4.2.5.jar for tasks to queue
[2022-10-22T00:17:01.224+0000] {logging_mixin.py:117} INFO - [2022-10-22T00:17:01.224+0000] {dagbag.py:525} INFO - Filling up the DagBag from /opt/airflow/dags/hadoop-2.7.3/share/hadoop/kms/tomcat/webapps/kms/WEB-INF/lib/httpcore-4.2.5.jar
[2022-10-22T00:17:01.244+0000] {processor.py:770} WARNING - No viable dags retrieved from /opt/airflow/dags/hadoop-2.7.3/share/hadoop/kms/tomcat/webapps/kms/WEB-INF/lib/httpcore-4.2.5.jar
[2022-10-22T00:17:01.302+0000] {processor.py:178} INFO - Processing /opt/airflow/dags/hadoop-2.7.3/share/hadoop/kms/tomcat/webapps/kms/WEB-INF/lib/httpcore-4.2.5.jar took 0.107 seconds
[2022-10-22T00:17:10.767+0000] {processor.py:156} INFO - Started process (PID=26250) to work on /opt/airflow/dags/hadoop-2.7.3/share/hadoop/kms/tomcat/webapps/kms/WEB-INF/lib/httpcore-4.2.5.jar
[2022-10-22T00:17:10.771+0000] {processor.py:758} INFO - Processing file /opt/airflow/dags/hadoop-2.7.3/share/hadoop/kms/tomcat/webapps/kms/WEB-INF/lib/httpcore-4.2.5.jar for tasks to queue
[2022-10-22T00:17:10.775+0000] {logging_mixin.py:117} INFO - [2022-10-22T00:17:10.774+0000] {dagbag.py:525} INFO - Filling up the DagBag from /opt/airflow/dags/hadoop-2.7.3/share/hadoop/kms/tomcat/webapps/kms/WEB-INF/lib/httpcore-4.2.5.jar
[2022-10-22T00:17:10.787+0000] {processor.py:770} WARNING - No viable dags retrieved from /opt/airflow/dags/hadoop-2.7.3/share/hadoop/kms/tomcat/webapps/kms/WEB-INF/lib/httpcore-4.2.5.jar
[2022-10-22T00:17:10.822+0000] {processor.py:178} INFO - Processing /opt/airflow/dags/hadoop-2.7.3/share/hadoop/kms/tomcat/webapps/kms/WEB-INF/lib/httpcore-4.2.5.jar took 0.061 seconds
[2022-10-22T00:17:51.379+0000] {processor.py:156} INFO - Started process (PID=24213) to work on /opt/airflow/dags/hadoop-2.7.3/share/hadoop/kms/tomcat/webapps/kms/WEB-INF/lib/httpcore-4.2.5.jar
[2022-10-22T00:17:51.381+0000] {processor.py:758} INFO - Processing file /opt/airflow/dags/hadoop-2.7.3/share/hadoop/kms/tomcat/webapps/kms/WEB-INF/lib/httpcore-4.2.5.jar for tasks to queue
[2022-10-22T00:17:51.383+0000] {logging_mixin.py:117} INFO - [2022-10-22T00:17:51.383+0000] {dagbag.py:525} INFO - Filling up the DagBag from /opt/airflow/dags/hadoop-2.7.3/share/hadoop/kms/tomcat/webapps/kms/WEB-INF/lib/httpcore-4.2.5.jar
[2022-10-22T00:17:51.397+0000] {processor.py:770} WARNING - No viable dags retrieved from /opt/airflow/dags/hadoop-2.7.3/share/hadoop/kms/tomcat/webapps/kms/WEB-INF/lib/httpcore-4.2.5.jar
[2022-10-22T00:17:51.444+0000] {processor.py:178} INFO - Processing /opt/airflow/dags/hadoop-2.7.3/share/hadoop/kms/tomcat/webapps/kms/WEB-INF/lib/httpcore-4.2.5.jar took 0.073 seconds
[2022-10-22T00:17:59.784+0000] {processor.py:156} INFO - Started process (PID=26773) to work on /opt/airflow/dags/hadoop-2.7.3/share/hadoop/kms/tomcat/webapps/kms/WEB-INF/lib/httpcore-4.2.5.jar
[2022-10-22T00:17:59.790+0000] {processor.py:758} INFO - Processing file /opt/airflow/dags/hadoop-2.7.3/share/hadoop/kms/tomcat/webapps/kms/WEB-INF/lib/httpcore-4.2.5.jar for tasks to queue
[2022-10-22T00:17:59.792+0000] {logging_mixin.py:117} INFO - [2022-10-22T00:17:59.791+0000] {dagbag.py:525} INFO - Filling up the DagBag from /opt/airflow/dags/hadoop-2.7.3/share/hadoop/kms/tomcat/webapps/kms/WEB-INF/lib/httpcore-4.2.5.jar
[2022-10-22T00:17:59.806+0000] {processor.py:770} WARNING - No viable dags retrieved from /opt/airflow/dags/hadoop-2.7.3/share/hadoop/kms/tomcat/webapps/kms/WEB-INF/lib/httpcore-4.2.5.jar
[2022-10-22T00:17:59.890+0000] {processor.py:178} INFO - Processing /opt/airflow/dags/hadoop-2.7.3/share/hadoop/kms/tomcat/webapps/kms/WEB-INF/lib/httpcore-4.2.5.jar took 0.114 seconds
[2022-10-22T00:18:50.028+0000] {processor.py:156} INFO - Started process (PID=24820) to work on /opt/airflow/dags/hadoop-2.7.3/share/hadoop/kms/tomcat/webapps/kms/WEB-INF/lib/httpcore-4.2.5.jar
[2022-10-22T00:18:50.039+0000] {processor.py:758} INFO - Processing file /opt/airflow/dags/hadoop-2.7.3/share/hadoop/kms/tomcat/webapps/kms/WEB-INF/lib/httpcore-4.2.5.jar for tasks to queue
[2022-10-22T00:18:50.041+0000] {logging_mixin.py:117} INFO - [2022-10-22T00:18:50.041+0000] {dagbag.py:525} INFO - Filling up the DagBag from /opt/airflow/dags/hadoop-2.7.3/share/hadoop/kms/tomcat/webapps/kms/WEB-INF/lib/httpcore-4.2.5.jar
[2022-10-22T00:18:50.061+0000] {processor.py:770} WARNING - No viable dags retrieved from /opt/airflow/dags/hadoop-2.7.3/share/hadoop/kms/tomcat/webapps/kms/WEB-INF/lib/httpcore-4.2.5.jar
[2022-10-22T00:18:50.125+0000] {processor.py:178} INFO - Processing /opt/airflow/dags/hadoop-2.7.3/share/hadoop/kms/tomcat/webapps/kms/WEB-INF/lib/httpcore-4.2.5.jar took 0.109 seconds
[2022-10-22T00:18:52.834+0000] {processor.py:156} INFO - Started process (PID=27335) to work on /opt/airflow/dags/hadoop-2.7.3/share/hadoop/kms/tomcat/webapps/kms/WEB-INF/lib/httpcore-4.2.5.jar
[2022-10-22T00:18:52.837+0000] {processor.py:758} INFO - Processing file /opt/airflow/dags/hadoop-2.7.3/share/hadoop/kms/tomcat/webapps/kms/WEB-INF/lib/httpcore-4.2.5.jar for tasks to queue
[2022-10-22T00:18:52.840+0000] {logging_mixin.py:117} INFO - [2022-10-22T00:18:52.839+0000] {dagbag.py:525} INFO - Filling up the DagBag from /opt/airflow/dags/hadoop-2.7.3/share/hadoop/kms/tomcat/webapps/kms/WEB-INF/lib/httpcore-4.2.5.jar
[2022-10-22T00:18:52.863+0000] {processor.py:770} WARNING - No viable dags retrieved from /opt/airflow/dags/hadoop-2.7.3/share/hadoop/kms/tomcat/webapps/kms/WEB-INF/lib/httpcore-4.2.5.jar
[2022-10-22T00:18:52.902+0000] {processor.py:178} INFO - Processing /opt/airflow/dags/hadoop-2.7.3/share/hadoop/kms/tomcat/webapps/kms/WEB-INF/lib/httpcore-4.2.5.jar took 0.081 seconds
[2022-10-22T00:20:26.442+0000] {processor.py:156} INFO - Started process (PID=27958) to work on /opt/airflow/dags/hadoop-2.7.3/share/hadoop/kms/tomcat/webapps/kms/WEB-INF/lib/httpcore-4.2.5.jar
[2022-10-22T00:20:26.447+0000] {processor.py:758} INFO - Processing file /opt/airflow/dags/hadoop-2.7.3/share/hadoop/kms/tomcat/webapps/kms/WEB-INF/lib/httpcore-4.2.5.jar for tasks to queue
[2022-10-22T00:20:26.452+0000] {logging_mixin.py:117} INFO - [2022-10-22T00:20:26.452+0000] {dagbag.py:525} INFO - Filling up the DagBag from /opt/airflow/dags/hadoop-2.7.3/share/hadoop/kms/tomcat/webapps/kms/WEB-INF/lib/httpcore-4.2.5.jar
[2022-10-22T00:20:26.466+0000] {processor.py:770} WARNING - No viable dags retrieved from /opt/airflow/dags/hadoop-2.7.3/share/hadoop/kms/tomcat/webapps/kms/WEB-INF/lib/httpcore-4.2.5.jar
[2022-10-22T00:20:26.552+0000] {processor.py:178} INFO - Processing /opt/airflow/dags/hadoop-2.7.3/share/hadoop/kms/tomcat/webapps/kms/WEB-INF/lib/httpcore-4.2.5.jar took 0.143 seconds
[2022-10-22T00:20:38.865+0000] {processor.py:156} INFO - Started process (PID=25548) to work on /opt/airflow/dags/hadoop-2.7.3/share/hadoop/kms/tomcat/webapps/kms/WEB-INF/lib/httpcore-4.2.5.jar
[2022-10-22T00:20:38.868+0000] {processor.py:758} INFO - Processing file /opt/airflow/dags/hadoop-2.7.3/share/hadoop/kms/tomcat/webapps/kms/WEB-INF/lib/httpcore-4.2.5.jar for tasks to queue
[2022-10-22T00:20:38.872+0000] {logging_mixin.py:117} INFO - [2022-10-22T00:20:38.871+0000] {dagbag.py:525} INFO - Filling up the DagBag from /opt/airflow/dags/hadoop-2.7.3/share/hadoop/kms/tomcat/webapps/kms/WEB-INF/lib/httpcore-4.2.5.jar
[2022-10-22T00:20:38.894+0000] {processor.py:770} WARNING - No viable dags retrieved from /opt/airflow/dags/hadoop-2.7.3/share/hadoop/kms/tomcat/webapps/kms/WEB-INF/lib/httpcore-4.2.5.jar
[2022-10-22T00:20:38.940+0000] {processor.py:178} INFO - Processing /opt/airflow/dags/hadoop-2.7.3/share/hadoop/kms/tomcat/webapps/kms/WEB-INF/lib/httpcore-4.2.5.jar took 0.085 seconds
[2022-10-22T00:21:24.735+0000] {processor.py:156} INFO - Started process (PID=28526) to work on /opt/airflow/dags/hadoop-2.7.3/share/hadoop/kms/tomcat/webapps/kms/WEB-INF/lib/httpcore-4.2.5.jar
[2022-10-22T00:21:24.744+0000] {processor.py:758} INFO - Processing file /opt/airflow/dags/hadoop-2.7.3/share/hadoop/kms/tomcat/webapps/kms/WEB-INF/lib/httpcore-4.2.5.jar for tasks to queue
[2022-10-22T00:21:24.753+0000] {logging_mixin.py:117} INFO - [2022-10-22T00:21:24.752+0000] {dagbag.py:525} INFO - Filling up the DagBag from /opt/airflow/dags/hadoop-2.7.3/share/hadoop/kms/tomcat/webapps/kms/WEB-INF/lib/httpcore-4.2.5.jar
[2022-10-22T00:21:24.771+0000] {processor.py:770} WARNING - No viable dags retrieved from /opt/airflow/dags/hadoop-2.7.3/share/hadoop/kms/tomcat/webapps/kms/WEB-INF/lib/httpcore-4.2.5.jar
[2022-10-22T00:21:24.850+0000] {processor.py:178} INFO - Processing /opt/airflow/dags/hadoop-2.7.3/share/hadoop/kms/tomcat/webapps/kms/WEB-INF/lib/httpcore-4.2.5.jar took 0.122 seconds
[2022-10-22T00:21:31.874+0000] {processor.py:156} INFO - Started process (PID=26072) to work on /opt/airflow/dags/hadoop-2.7.3/share/hadoop/kms/tomcat/webapps/kms/WEB-INF/lib/httpcore-4.2.5.jar
[2022-10-22T00:21:31.877+0000] {processor.py:758} INFO - Processing file /opt/airflow/dags/hadoop-2.7.3/share/hadoop/kms/tomcat/webapps/kms/WEB-INF/lib/httpcore-4.2.5.jar for tasks to queue
[2022-10-22T00:21:31.879+0000] {logging_mixin.py:117} INFO - [2022-10-22T00:21:31.878+0000] {dagbag.py:525} INFO - Filling up the DagBag from /opt/airflow/dags/hadoop-2.7.3/share/hadoop/kms/tomcat/webapps/kms/WEB-INF/lib/httpcore-4.2.5.jar
[2022-10-22T00:21:31.892+0000] {processor.py:770} WARNING - No viable dags retrieved from /opt/airflow/dags/hadoop-2.7.3/share/hadoop/kms/tomcat/webapps/kms/WEB-INF/lib/httpcore-4.2.5.jar
[2022-10-22T00:21:31.931+0000] {processor.py:178} INFO - Processing /opt/airflow/dags/hadoop-2.7.3/share/hadoop/kms/tomcat/webapps/kms/WEB-INF/lib/httpcore-4.2.5.jar took 0.064 seconds
[2022-10-22T00:22:21.015+0000] {processor.py:156} INFO - Started process (PID=26526) to work on /opt/airflow/dags/hadoop-2.7.3/share/hadoop/kms/tomcat/webapps/kms/WEB-INF/lib/httpcore-4.2.5.jar
[2022-10-22T00:22:21.019+0000] {processor.py:758} INFO - Processing file /opt/airflow/dags/hadoop-2.7.3/share/hadoop/kms/tomcat/webapps/kms/WEB-INF/lib/httpcore-4.2.5.jar for tasks to queue
[2022-10-22T00:22:21.021+0000] {logging_mixin.py:117} INFO - [2022-10-22T00:22:21.021+0000] {dagbag.py:525} INFO - Filling up the DagBag from /opt/airflow/dags/hadoop-2.7.3/share/hadoop/kms/tomcat/webapps/kms/WEB-INF/lib/httpcore-4.2.5.jar
[2022-10-22T00:22:21.033+0000] {processor.py:770} WARNING - No viable dags retrieved from /opt/airflow/dags/hadoop-2.7.3/share/hadoop/kms/tomcat/webapps/kms/WEB-INF/lib/httpcore-4.2.5.jar
[2022-10-22T00:22:21.079+0000] {processor.py:178} INFO - Processing /opt/airflow/dags/hadoop-2.7.3/share/hadoop/kms/tomcat/webapps/kms/WEB-INF/lib/httpcore-4.2.5.jar took 0.089 seconds
[2022-10-22T00:22:28.513+0000] {processor.py:156} INFO - Started process (PID=29146) to work on /opt/airflow/dags/hadoop-2.7.3/share/hadoop/kms/tomcat/webapps/kms/WEB-INF/lib/httpcore-4.2.5.jar
[2022-10-22T00:22:28.517+0000] {processor.py:758} INFO - Processing file /opt/airflow/dags/hadoop-2.7.3/share/hadoop/kms/tomcat/webapps/kms/WEB-INF/lib/httpcore-4.2.5.jar for tasks to queue
[2022-10-22T00:22:28.520+0000] {logging_mixin.py:117} INFO - [2022-10-22T00:22:28.520+0000] {dagbag.py:525} INFO - Filling up the DagBag from /opt/airflow/dags/hadoop-2.7.3/share/hadoop/kms/tomcat/webapps/kms/WEB-INF/lib/httpcore-4.2.5.jar
[2022-10-22T00:22:28.557+0000] {processor.py:770} WARNING - No viable dags retrieved from /opt/airflow/dags/hadoop-2.7.3/share/hadoop/kms/tomcat/webapps/kms/WEB-INF/lib/httpcore-4.2.5.jar
[2022-10-22T00:22:28.638+0000] {processor.py:178} INFO - Processing /opt/airflow/dags/hadoop-2.7.3/share/hadoop/kms/tomcat/webapps/kms/WEB-INF/lib/httpcore-4.2.5.jar took 0.147 seconds
[2022-10-22T00:23:13.451+0000] {processor.py:156} INFO - Started process (PID=27013) to work on /opt/airflow/dags/hadoop-2.7.3/share/hadoop/kms/tomcat/webapps/kms/WEB-INF/lib/httpcore-4.2.5.jar
[2022-10-22T00:23:13.454+0000] {processor.py:758} INFO - Processing file /opt/airflow/dags/hadoop-2.7.3/share/hadoop/kms/tomcat/webapps/kms/WEB-INF/lib/httpcore-4.2.5.jar for tasks to queue
[2022-10-22T00:23:13.456+0000] {logging_mixin.py:117} INFO - [2022-10-22T00:23:13.455+0000] {dagbag.py:525} INFO - Filling up the DagBag from /opt/airflow/dags/hadoop-2.7.3/share/hadoop/kms/tomcat/webapps/kms/WEB-INF/lib/httpcore-4.2.5.jar
[2022-10-22T00:23:13.466+0000] {processor.py:770} WARNING - No viable dags retrieved from /opt/airflow/dags/hadoop-2.7.3/share/hadoop/kms/tomcat/webapps/kms/WEB-INF/lib/httpcore-4.2.5.jar
[2022-10-22T00:23:13.498+0000] {processor.py:178} INFO - Processing /opt/airflow/dags/hadoop-2.7.3/share/hadoop/kms/tomcat/webapps/kms/WEB-INF/lib/httpcore-4.2.5.jar took 0.052 seconds
[2022-10-22T00:23:16.874+0000] {processor.py:156} INFO - Started process (PID=29613) to work on /opt/airflow/dags/hadoop-2.7.3/share/hadoop/kms/tomcat/webapps/kms/WEB-INF/lib/httpcore-4.2.5.jar
[2022-10-22T00:23:16.876+0000] {processor.py:758} INFO - Processing file /opt/airflow/dags/hadoop-2.7.3/share/hadoop/kms/tomcat/webapps/kms/WEB-INF/lib/httpcore-4.2.5.jar for tasks to queue
[2022-10-22T00:23:16.877+0000] {logging_mixin.py:117} INFO - [2022-10-22T00:23:16.877+0000] {dagbag.py:525} INFO - Filling up the DagBag from /opt/airflow/dags/hadoop-2.7.3/share/hadoop/kms/tomcat/webapps/kms/WEB-INF/lib/httpcore-4.2.5.jar
[2022-10-22T00:23:16.886+0000] {processor.py:770} WARNING - No viable dags retrieved from /opt/airflow/dags/hadoop-2.7.3/share/hadoop/kms/tomcat/webapps/kms/WEB-INF/lib/httpcore-4.2.5.jar
[2022-10-22T00:23:16.914+0000] {processor.py:178} INFO - Processing /opt/airflow/dags/hadoop-2.7.3/share/hadoop/kms/tomcat/webapps/kms/WEB-INF/lib/httpcore-4.2.5.jar took 0.045 seconds
[2022-10-22T00:24:02.818+0000] {processor.py:156} INFO - Started process (PID=30132) to work on /opt/airflow/dags/hadoop-2.7.3/share/hadoop/kms/tomcat/webapps/kms/WEB-INF/lib/httpcore-4.2.5.jar
[2022-10-22T00:24:02.820+0000] {processor.py:758} INFO - Processing file /opt/airflow/dags/hadoop-2.7.3/share/hadoop/kms/tomcat/webapps/kms/WEB-INF/lib/httpcore-4.2.5.jar for tasks to queue
[2022-10-22T00:24:02.822+0000] {logging_mixin.py:117} INFO - [2022-10-22T00:24:02.821+0000] {dagbag.py:525} INFO - Filling up the DagBag from /opt/airflow/dags/hadoop-2.7.3/share/hadoop/kms/tomcat/webapps/kms/WEB-INF/lib/httpcore-4.2.5.jar
[2022-10-22T00:24:02.839+0000] {processor.py:770} WARNING - No viable dags retrieved from /opt/airflow/dags/hadoop-2.7.3/share/hadoop/kms/tomcat/webapps/kms/WEB-INF/lib/httpcore-4.2.5.jar
[2022-10-22T00:24:02.862+0000] {processor.py:178} INFO - Processing /opt/airflow/dags/hadoop-2.7.3/share/hadoop/kms/tomcat/webapps/kms/WEB-INF/lib/httpcore-4.2.5.jar took 0.050 seconds
[2022-10-22T00:24:04.563+0000] {processor.py:156} INFO - Started process (PID=27573) to work on /opt/airflow/dags/hadoop-2.7.3/share/hadoop/kms/tomcat/webapps/kms/WEB-INF/lib/httpcore-4.2.5.jar
[2022-10-22T00:24:04.564+0000] {processor.py:758} INFO - Processing file /opt/airflow/dags/hadoop-2.7.3/share/hadoop/kms/tomcat/webapps/kms/WEB-INF/lib/httpcore-4.2.5.jar for tasks to queue
[2022-10-22T00:24:04.566+0000] {logging_mixin.py:117} INFO - [2022-10-22T00:24:04.566+0000] {dagbag.py:525} INFO - Filling up the DagBag from /opt/airflow/dags/hadoop-2.7.3/share/hadoop/kms/tomcat/webapps/kms/WEB-INF/lib/httpcore-4.2.5.jar
[2022-10-22T00:24:04.584+0000] {processor.py:770} WARNING - No viable dags retrieved from /opt/airflow/dags/hadoop-2.7.3/share/hadoop/kms/tomcat/webapps/kms/WEB-INF/lib/httpcore-4.2.5.jar
[2022-10-22T00:24:04.618+0000] {processor.py:178} INFO - Processing /opt/airflow/dags/hadoop-2.7.3/share/hadoop/kms/tomcat/webapps/kms/WEB-INF/lib/httpcore-4.2.5.jar took 0.066 seconds
