[2022-10-22T00:00:08.259+0000] {processor.py:156} INFO - Started process (PID=16784) to work on /opt/airflow/dags/hadoop-2.7.3/share/hadoop/kms/tomcat/webapps/kms/WEB-INF/lib/jaxb-impl-2.2.3-1.jar
[2022-10-22T00:00:08.262+0000] {processor.py:758} INFO - Processing file /opt/airflow/dags/hadoop-2.7.3/share/hadoop/kms/tomcat/webapps/kms/WEB-INF/lib/jaxb-impl-2.2.3-1.jar for tasks to queue
[2022-10-22T00:00:08.265+0000] {logging_mixin.py:117} INFO - [2022-10-22T00:00:08.265+0000] {dagbag.py:525} INFO - Filling up the DagBag from /opt/airflow/dags/hadoop-2.7.3/share/hadoop/kms/tomcat/webapps/kms/WEB-INF/lib/jaxb-impl-2.2.3-1.jar
[2022-10-22T00:00:08.345+0000] {processor.py:770} WARNING - No viable dags retrieved from /opt/airflow/dags/hadoop-2.7.3/share/hadoop/kms/tomcat/webapps/kms/WEB-INF/lib/jaxb-impl-2.2.3-1.jar
[2022-10-22T00:00:08.415+0000] {processor.py:178} INFO - Processing /opt/airflow/dags/hadoop-2.7.3/share/hadoop/kms/tomcat/webapps/kms/WEB-INF/lib/jaxb-impl-2.2.3-1.jar took 0.186 seconds
[2022-10-22T00:00:52.223+0000] {processor.py:156} INFO - Started process (PID=19272) to work on /opt/airflow/dags/hadoop-2.7.3/share/hadoop/kms/tomcat/webapps/kms/WEB-INF/lib/jaxb-impl-2.2.3-1.jar
[2022-10-22T00:00:52.227+0000] {processor.py:758} INFO - Processing file /opt/airflow/dags/hadoop-2.7.3/share/hadoop/kms/tomcat/webapps/kms/WEB-INF/lib/jaxb-impl-2.2.3-1.jar for tasks to queue
[2022-10-22T00:00:52.230+0000] {logging_mixin.py:117} INFO - [2022-10-22T00:00:52.230+0000] {dagbag.py:525} INFO - Filling up the DagBag from /opt/airflow/dags/hadoop-2.7.3/share/hadoop/kms/tomcat/webapps/kms/WEB-INF/lib/jaxb-impl-2.2.3-1.jar
[2022-10-22T00:00:52.280+0000] {processor.py:770} WARNING - No viable dags retrieved from /opt/airflow/dags/hadoop-2.7.3/share/hadoop/kms/tomcat/webapps/kms/WEB-INF/lib/jaxb-impl-2.2.3-1.jar
[2022-10-22T00:00:52.386+0000] {processor.py:178} INFO - Processing /opt/airflow/dags/hadoop-2.7.3/share/hadoop/kms/tomcat/webapps/kms/WEB-INF/lib/jaxb-impl-2.2.3-1.jar took 0.172 seconds
[2022-10-22T00:01:42.765+0000] {processor.py:156} INFO - Started process (PID=17407) to work on /opt/airflow/dags/hadoop-2.7.3/share/hadoop/kms/tomcat/webapps/kms/WEB-INF/lib/jaxb-impl-2.2.3-1.jar
[2022-10-22T00:01:42.768+0000] {processor.py:758} INFO - Processing file /opt/airflow/dags/hadoop-2.7.3/share/hadoop/kms/tomcat/webapps/kms/WEB-INF/lib/jaxb-impl-2.2.3-1.jar for tasks to queue
[2022-10-22T00:01:42.775+0000] {logging_mixin.py:117} INFO - [2022-10-22T00:01:42.771+0000] {dagbag.py:525} INFO - Filling up the DagBag from /opt/airflow/dags/hadoop-2.7.3/share/hadoop/kms/tomcat/webapps/kms/WEB-INF/lib/jaxb-impl-2.2.3-1.jar
[2022-10-22T00:01:42.877+0000] {processor.py:770} WARNING - No viable dags retrieved from /opt/airflow/dags/hadoop-2.7.3/share/hadoop/kms/tomcat/webapps/kms/WEB-INF/lib/jaxb-impl-2.2.3-1.jar
[2022-10-22T00:01:42.942+0000] {processor.py:178} INFO - Processing /opt/airflow/dags/hadoop-2.7.3/share/hadoop/kms/tomcat/webapps/kms/WEB-INF/lib/jaxb-impl-2.2.3-1.jar took 0.215 seconds
[2022-10-22T00:02:31.914+0000] {processor.py:156} INFO - Started process (PID=20155) to work on /opt/airflow/dags/hadoop-2.7.3/share/hadoop/kms/tomcat/webapps/kms/WEB-INF/lib/jaxb-impl-2.2.3-1.jar
[2022-10-22T00:02:31.919+0000] {processor.py:758} INFO - Processing file /opt/airflow/dags/hadoop-2.7.3/share/hadoop/kms/tomcat/webapps/kms/WEB-INF/lib/jaxb-impl-2.2.3-1.jar for tasks to queue
[2022-10-22T00:02:31.925+0000] {logging_mixin.py:117} INFO - [2022-10-22T00:02:31.925+0000] {dagbag.py:525} INFO - Filling up the DagBag from /opt/airflow/dags/hadoop-2.7.3/share/hadoop/kms/tomcat/webapps/kms/WEB-INF/lib/jaxb-impl-2.2.3-1.jar
[2022-10-22T00:02:31.981+0000] {processor.py:770} WARNING - No viable dags retrieved from /opt/airflow/dags/hadoop-2.7.3/share/hadoop/kms/tomcat/webapps/kms/WEB-INF/lib/jaxb-impl-2.2.3-1.jar
[2022-10-22T00:02:32.041+0000] {processor.py:178} INFO - Processing /opt/airflow/dags/hadoop-2.7.3/share/hadoop/kms/tomcat/webapps/kms/WEB-INF/lib/jaxb-impl-2.2.3-1.jar took 0.134 seconds
[2022-10-22T00:03:26.287+0000] {processor.py:156} INFO - Started process (PID=17984) to work on /opt/airflow/dags/hadoop-2.7.3/share/hadoop/kms/tomcat/webapps/kms/WEB-INF/lib/jaxb-impl-2.2.3-1.jar
[2022-10-22T00:03:26.301+0000] {processor.py:758} INFO - Processing file /opt/airflow/dags/hadoop-2.7.3/share/hadoop/kms/tomcat/webapps/kms/WEB-INF/lib/jaxb-impl-2.2.3-1.jar for tasks to queue
[2022-10-22T00:03:26.312+0000] {logging_mixin.py:117} INFO - [2022-10-22T00:03:26.311+0000] {dagbag.py:525} INFO - Filling up the DagBag from /opt/airflow/dags/hadoop-2.7.3/share/hadoop/kms/tomcat/webapps/kms/WEB-INF/lib/jaxb-impl-2.2.3-1.jar
[2022-10-22T00:03:26.400+0000] {processor.py:770} WARNING - No viable dags retrieved from /opt/airflow/dags/hadoop-2.7.3/share/hadoop/kms/tomcat/webapps/kms/WEB-INF/lib/jaxb-impl-2.2.3-1.jar
[2022-10-22T00:03:26.466+0000] {processor.py:178} INFO - Processing /opt/airflow/dags/hadoop-2.7.3/share/hadoop/kms/tomcat/webapps/kms/WEB-INF/lib/jaxb-impl-2.2.3-1.jar took 0.190 seconds
[2022-10-22T00:04:07.025+0000] {processor.py:156} INFO - Started process (PID=20760) to work on /opt/airflow/dags/hadoop-2.7.3/share/hadoop/kms/tomcat/webapps/kms/WEB-INF/lib/jaxb-impl-2.2.3-1.jar
[2022-10-22T00:04:07.031+0000] {processor.py:758} INFO - Processing file /opt/airflow/dags/hadoop-2.7.3/share/hadoop/kms/tomcat/webapps/kms/WEB-INF/lib/jaxb-impl-2.2.3-1.jar for tasks to queue
[2022-10-22T00:04:07.035+0000] {logging_mixin.py:117} INFO - [2022-10-22T00:04:07.034+0000] {dagbag.py:525} INFO - Filling up the DagBag from /opt/airflow/dags/hadoop-2.7.3/share/hadoop/kms/tomcat/webapps/kms/WEB-INF/lib/jaxb-impl-2.2.3-1.jar
[2022-10-22T00:04:07.098+0000] {processor.py:770} WARNING - No viable dags retrieved from /opt/airflow/dags/hadoop-2.7.3/share/hadoop/kms/tomcat/webapps/kms/WEB-INF/lib/jaxb-impl-2.2.3-1.jar
[2022-10-22T00:04:07.152+0000] {processor.py:178} INFO - Processing /opt/airflow/dags/hadoop-2.7.3/share/hadoop/kms/tomcat/webapps/kms/WEB-INF/lib/jaxb-impl-2.2.3-1.jar took 0.136 seconds
[2022-10-22T00:04:34.201+0000] {processor.py:156} INFO - Started process (PID=18594) to work on /opt/airflow/dags/hadoop-2.7.3/share/hadoop/kms/tomcat/webapps/kms/WEB-INF/lib/jaxb-impl-2.2.3-1.jar
[2022-10-22T00:04:34.207+0000] {processor.py:758} INFO - Processing file /opt/airflow/dags/hadoop-2.7.3/share/hadoop/kms/tomcat/webapps/kms/WEB-INF/lib/jaxb-impl-2.2.3-1.jar for tasks to queue
[2022-10-22T00:04:34.210+0000] {logging_mixin.py:117} INFO - [2022-10-22T00:04:34.210+0000] {dagbag.py:525} INFO - Filling up the DagBag from /opt/airflow/dags/hadoop-2.7.3/share/hadoop/kms/tomcat/webapps/kms/WEB-INF/lib/jaxb-impl-2.2.3-1.jar
[2022-10-22T00:04:34.267+0000] {processor.py:770} WARNING - No viable dags retrieved from /opt/airflow/dags/hadoop-2.7.3/share/hadoop/kms/tomcat/webapps/kms/WEB-INF/lib/jaxb-impl-2.2.3-1.jar
[2022-10-22T00:04:34.335+0000] {processor.py:178} INFO - Processing /opt/airflow/dags/hadoop-2.7.3/share/hadoop/kms/tomcat/webapps/kms/WEB-INF/lib/jaxb-impl-2.2.3-1.jar took 0.152 seconds
[2022-10-22T00:05:04.420+0000] {processor.py:156} INFO - Started process (PID=21281) to work on /opt/airflow/dags/hadoop-2.7.3/share/hadoop/kms/tomcat/webapps/kms/WEB-INF/lib/jaxb-impl-2.2.3-1.jar
[2022-10-22T00:05:04.429+0000] {processor.py:758} INFO - Processing file /opt/airflow/dags/hadoop-2.7.3/share/hadoop/kms/tomcat/webapps/kms/WEB-INF/lib/jaxb-impl-2.2.3-1.jar for tasks to queue
[2022-10-22T00:05:04.432+0000] {logging_mixin.py:117} INFO - [2022-10-22T00:05:04.431+0000] {dagbag.py:525} INFO - Filling up the DagBag from /opt/airflow/dags/hadoop-2.7.3/share/hadoop/kms/tomcat/webapps/kms/WEB-INF/lib/jaxb-impl-2.2.3-1.jar
[2022-10-22T00:05:04.485+0000] {processor.py:770} WARNING - No viable dags retrieved from /opt/airflow/dags/hadoop-2.7.3/share/hadoop/kms/tomcat/webapps/kms/WEB-INF/lib/jaxb-impl-2.2.3-1.jar
[2022-10-22T00:05:04.536+0000] {processor.py:178} INFO - Processing /opt/airflow/dags/hadoop-2.7.3/share/hadoop/kms/tomcat/webapps/kms/WEB-INF/lib/jaxb-impl-2.2.3-1.jar took 0.131 seconds
[2022-10-22T00:05:29.625+0000] {processor.py:156} INFO - Started process (PID=19116) to work on /opt/airflow/dags/hadoop-2.7.3/share/hadoop/kms/tomcat/webapps/kms/WEB-INF/lib/jaxb-impl-2.2.3-1.jar
[2022-10-22T00:05:29.629+0000] {processor.py:758} INFO - Processing file /opt/airflow/dags/hadoop-2.7.3/share/hadoop/kms/tomcat/webapps/kms/WEB-INF/lib/jaxb-impl-2.2.3-1.jar for tasks to queue
[2022-10-22T00:05:29.633+0000] {logging_mixin.py:117} INFO - [2022-10-22T00:05:29.632+0000] {dagbag.py:525} INFO - Filling up the DagBag from /opt/airflow/dags/hadoop-2.7.3/share/hadoop/kms/tomcat/webapps/kms/WEB-INF/lib/jaxb-impl-2.2.3-1.jar
[2022-10-22T00:05:29.656+0000] {processor.py:770} WARNING - No viable dags retrieved from /opt/airflow/dags/hadoop-2.7.3/share/hadoop/kms/tomcat/webapps/kms/WEB-INF/lib/jaxb-impl-2.2.3-1.jar
[2022-10-22T00:05:29.707+0000] {processor.py:178} INFO - Processing /opt/airflow/dags/hadoop-2.7.3/share/hadoop/kms/tomcat/webapps/kms/WEB-INF/lib/jaxb-impl-2.2.3-1.jar took 0.099 seconds
[2022-10-22T00:05:49.820+0000] {processor.py:156} INFO - Started process (PID=21754) to work on /opt/airflow/dags/hadoop-2.7.3/share/hadoop/kms/tomcat/webapps/kms/WEB-INF/lib/jaxb-impl-2.2.3-1.jar
[2022-10-22T00:05:49.824+0000] {processor.py:758} INFO - Processing file /opt/airflow/dags/hadoop-2.7.3/share/hadoop/kms/tomcat/webapps/kms/WEB-INF/lib/jaxb-impl-2.2.3-1.jar for tasks to queue
[2022-10-22T00:05:49.827+0000] {logging_mixin.py:117} INFO - [2022-10-22T00:05:49.826+0000] {dagbag.py:525} INFO - Filling up the DagBag from /opt/airflow/dags/hadoop-2.7.3/share/hadoop/kms/tomcat/webapps/kms/WEB-INF/lib/jaxb-impl-2.2.3-1.jar
[2022-10-22T00:05:49.890+0000] {processor.py:770} WARNING - No viable dags retrieved from /opt/airflow/dags/hadoop-2.7.3/share/hadoop/kms/tomcat/webapps/kms/WEB-INF/lib/jaxb-impl-2.2.3-1.jar
[2022-10-22T00:05:49.948+0000] {processor.py:178} INFO - Processing /opt/airflow/dags/hadoop-2.7.3/share/hadoop/kms/tomcat/webapps/kms/WEB-INF/lib/jaxb-impl-2.2.3-1.jar took 0.143 seconds
[2022-10-22T00:06:31.811+0000] {processor.py:156} INFO - Started process (PID=19713) to work on /opt/airflow/dags/hadoop-2.7.3/share/hadoop/kms/tomcat/webapps/kms/WEB-INF/lib/jaxb-impl-2.2.3-1.jar
[2022-10-22T00:06:31.819+0000] {processor.py:758} INFO - Processing file /opt/airflow/dags/hadoop-2.7.3/share/hadoop/kms/tomcat/webapps/kms/WEB-INF/lib/jaxb-impl-2.2.3-1.jar for tasks to queue
[2022-10-22T00:06:31.825+0000] {logging_mixin.py:117} INFO - [2022-10-22T00:06:31.825+0000] {dagbag.py:525} INFO - Filling up the DagBag from /opt/airflow/dags/hadoop-2.7.3/share/hadoop/kms/tomcat/webapps/kms/WEB-INF/lib/jaxb-impl-2.2.3-1.jar
[2022-10-22T00:06:31.877+0000] {processor.py:770} WARNING - No viable dags retrieved from /opt/airflow/dags/hadoop-2.7.3/share/hadoop/kms/tomcat/webapps/kms/WEB-INF/lib/jaxb-impl-2.2.3-1.jar
[2022-10-22T00:06:31.939+0000] {processor.py:178} INFO - Processing /opt/airflow/dags/hadoop-2.7.3/share/hadoop/kms/tomcat/webapps/kms/WEB-INF/lib/jaxb-impl-2.2.3-1.jar took 0.153 seconds
[2022-10-22T00:06:37.648+0000] {processor.py:156} INFO - Started process (PID=22212) to work on /opt/airflow/dags/hadoop-2.7.3/share/hadoop/kms/tomcat/webapps/kms/WEB-INF/lib/jaxb-impl-2.2.3-1.jar
[2022-10-22T00:06:37.654+0000] {processor.py:758} INFO - Processing file /opt/airflow/dags/hadoop-2.7.3/share/hadoop/kms/tomcat/webapps/kms/WEB-INF/lib/jaxb-impl-2.2.3-1.jar for tasks to queue
[2022-10-22T00:06:37.657+0000] {logging_mixin.py:117} INFO - [2022-10-22T00:06:37.657+0000] {dagbag.py:525} INFO - Filling up the DagBag from /opt/airflow/dags/hadoop-2.7.3/share/hadoop/kms/tomcat/webapps/kms/WEB-INF/lib/jaxb-impl-2.2.3-1.jar
[2022-10-22T00:06:37.696+0000] {processor.py:770} WARNING - No viable dags retrieved from /opt/airflow/dags/hadoop-2.7.3/share/hadoop/kms/tomcat/webapps/kms/WEB-INF/lib/jaxb-impl-2.2.3-1.jar
[2022-10-22T00:06:37.816+0000] {processor.py:178} INFO - Processing /opt/airflow/dags/hadoop-2.7.3/share/hadoop/kms/tomcat/webapps/kms/WEB-INF/lib/jaxb-impl-2.2.3-1.jar took 0.179 seconds
[2022-10-22T00:07:19.386+0000] {processor.py:156} INFO - Started process (PID=20185) to work on /opt/airflow/dags/hadoop-2.7.3/share/hadoop/kms/tomcat/webapps/kms/WEB-INF/lib/jaxb-impl-2.2.3-1.jar
[2022-10-22T00:07:19.395+0000] {processor.py:758} INFO - Processing file /opt/airflow/dags/hadoop-2.7.3/share/hadoop/kms/tomcat/webapps/kms/WEB-INF/lib/jaxb-impl-2.2.3-1.jar for tasks to queue
[2022-10-22T00:07:19.399+0000] {logging_mixin.py:117} INFO - [2022-10-22T00:07:19.398+0000] {dagbag.py:525} INFO - Filling up the DagBag from /opt/airflow/dags/hadoop-2.7.3/share/hadoop/kms/tomcat/webapps/kms/WEB-INF/lib/jaxb-impl-2.2.3-1.jar
[2022-10-22T00:07:19.446+0000] {processor.py:770} WARNING - No viable dags retrieved from /opt/airflow/dags/hadoop-2.7.3/share/hadoop/kms/tomcat/webapps/kms/WEB-INF/lib/jaxb-impl-2.2.3-1.jar
[2022-10-22T00:07:19.510+0000] {processor.py:178} INFO - Processing /opt/airflow/dags/hadoop-2.7.3/share/hadoop/kms/tomcat/webapps/kms/WEB-INF/lib/jaxb-impl-2.2.3-1.jar took 0.153 seconds
[2022-10-22T00:07:21.854+0000] {processor.py:156} INFO - Started process (PID=22678) to work on /opt/airflow/dags/hadoop-2.7.3/share/hadoop/kms/tomcat/webapps/kms/WEB-INF/lib/jaxb-impl-2.2.3-1.jar
[2022-10-22T00:07:21.857+0000] {processor.py:758} INFO - Processing file /opt/airflow/dags/hadoop-2.7.3/share/hadoop/kms/tomcat/webapps/kms/WEB-INF/lib/jaxb-impl-2.2.3-1.jar for tasks to queue
[2022-10-22T00:07:21.861+0000] {logging_mixin.py:117} INFO - [2022-10-22T00:07:21.860+0000] {dagbag.py:525} INFO - Filling up the DagBag from /opt/airflow/dags/hadoop-2.7.3/share/hadoop/kms/tomcat/webapps/kms/WEB-INF/lib/jaxb-impl-2.2.3-1.jar
[2022-10-22T00:07:21.896+0000] {processor.py:770} WARNING - No viable dags retrieved from /opt/airflow/dags/hadoop-2.7.3/share/hadoop/kms/tomcat/webapps/kms/WEB-INF/lib/jaxb-impl-2.2.3-1.jar
[2022-10-22T00:07:21.997+0000] {processor.py:178} INFO - Processing /opt/airflow/dags/hadoop-2.7.3/share/hadoop/kms/tomcat/webapps/kms/WEB-INF/lib/jaxb-impl-2.2.3-1.jar took 0.155 seconds
[2022-10-22T00:08:57.012+0000] {processor.py:156} INFO - Started process (PID=20732) to work on /opt/airflow/dags/hadoop-2.7.3/share/hadoop/kms/tomcat/webapps/kms/WEB-INF/lib/jaxb-impl-2.2.3-1.jar
[2022-10-22T00:08:57.015+0000] {processor.py:758} INFO - Processing file /opt/airflow/dags/hadoop-2.7.3/share/hadoop/kms/tomcat/webapps/kms/WEB-INF/lib/jaxb-impl-2.2.3-1.jar for tasks to queue
[2022-10-22T00:08:57.018+0000] {logging_mixin.py:117} INFO - [2022-10-22T00:08:57.018+0000] {dagbag.py:525} INFO - Filling up the DagBag from /opt/airflow/dags/hadoop-2.7.3/share/hadoop/kms/tomcat/webapps/kms/WEB-INF/lib/jaxb-impl-2.2.3-1.jar
[2022-10-22T00:08:57.068+0000] {processor.py:770} WARNING - No viable dags retrieved from /opt/airflow/dags/hadoop-2.7.3/share/hadoop/kms/tomcat/webapps/kms/WEB-INF/lib/jaxb-impl-2.2.3-1.jar
[2022-10-22T00:08:57.125+0000] {processor.py:178} INFO - Processing /opt/airflow/dags/hadoop-2.7.3/share/hadoop/kms/tomcat/webapps/kms/WEB-INF/lib/jaxb-impl-2.2.3-1.jar took 0.123 seconds
[2022-10-22T00:09:14.837+0000] {processor.py:156} INFO - Started process (PID=23375) to work on /opt/airflow/dags/hadoop-2.7.3/share/hadoop/kms/tomcat/webapps/kms/WEB-INF/lib/jaxb-impl-2.2.3-1.jar
[2022-10-22T00:09:14.845+0000] {processor.py:758} INFO - Processing file /opt/airflow/dags/hadoop-2.7.3/share/hadoop/kms/tomcat/webapps/kms/WEB-INF/lib/jaxb-impl-2.2.3-1.jar for tasks to queue
[2022-10-22T00:09:14.848+0000] {logging_mixin.py:117} INFO - [2022-10-22T00:09:14.848+0000] {dagbag.py:525} INFO - Filling up the DagBag from /opt/airflow/dags/hadoop-2.7.3/share/hadoop/kms/tomcat/webapps/kms/WEB-INF/lib/jaxb-impl-2.2.3-1.jar
[2022-10-22T00:09:14.880+0000] {processor.py:770} WARNING - No viable dags retrieved from /opt/airflow/dags/hadoop-2.7.3/share/hadoop/kms/tomcat/webapps/kms/WEB-INF/lib/jaxb-impl-2.2.3-1.jar
[2022-10-22T00:09:14.923+0000] {processor.py:178} INFO - Processing /opt/airflow/dags/hadoop-2.7.3/share/hadoop/kms/tomcat/webapps/kms/WEB-INF/lib/jaxb-impl-2.2.3-1.jar took 0.098 seconds
[2022-10-22T00:09:51.724+0000] {processor.py:156} INFO - Started process (PID=21257) to work on /opt/airflow/dags/hadoop-2.7.3/share/hadoop/kms/tomcat/webapps/kms/WEB-INF/lib/jaxb-impl-2.2.3-1.jar
[2022-10-22T00:09:51.727+0000] {processor.py:758} INFO - Processing file /opt/airflow/dags/hadoop-2.7.3/share/hadoop/kms/tomcat/webapps/kms/WEB-INF/lib/jaxb-impl-2.2.3-1.jar for tasks to queue
[2022-10-22T00:09:51.731+0000] {logging_mixin.py:117} INFO - [2022-10-22T00:09:51.729+0000] {dagbag.py:525} INFO - Filling up the DagBag from /opt/airflow/dags/hadoop-2.7.3/share/hadoop/kms/tomcat/webapps/kms/WEB-INF/lib/jaxb-impl-2.2.3-1.jar
[2022-10-22T00:09:51.754+0000] {processor.py:770} WARNING - No viable dags retrieved from /opt/airflow/dags/hadoop-2.7.3/share/hadoop/kms/tomcat/webapps/kms/WEB-INF/lib/jaxb-impl-2.2.3-1.jar
[2022-10-22T00:09:51.793+0000] {processor.py:178} INFO - Processing /opt/airflow/dags/hadoop-2.7.3/share/hadoop/kms/tomcat/webapps/kms/WEB-INF/lib/jaxb-impl-2.2.3-1.jar took 0.076 seconds
[2022-10-22T00:11:17.233+0000] {processor.py:156} INFO - Started process (PID=23899) to work on /opt/airflow/dags/hadoop-2.7.3/share/hadoop/kms/tomcat/webapps/kms/WEB-INF/lib/jaxb-impl-2.2.3-1.jar
[2022-10-22T00:11:17.235+0000] {processor.py:758} INFO - Processing file /opt/airflow/dags/hadoop-2.7.3/share/hadoop/kms/tomcat/webapps/kms/WEB-INF/lib/jaxb-impl-2.2.3-1.jar for tasks to queue
[2022-10-22T00:11:17.237+0000] {logging_mixin.py:117} INFO - [2022-10-22T00:11:17.237+0000] {dagbag.py:525} INFO - Filling up the DagBag from /opt/airflow/dags/hadoop-2.7.3/share/hadoop/kms/tomcat/webapps/kms/WEB-INF/lib/jaxb-impl-2.2.3-1.jar
[2022-10-22T00:11:17.254+0000] {processor.py:770} WARNING - No viable dags retrieved from /opt/airflow/dags/hadoop-2.7.3/share/hadoop/kms/tomcat/webapps/kms/WEB-INF/lib/jaxb-impl-2.2.3-1.jar
[2022-10-22T00:11:17.281+0000] {processor.py:178} INFO - Processing /opt/airflow/dags/hadoop-2.7.3/share/hadoop/kms/tomcat/webapps/kms/WEB-INF/lib/jaxb-impl-2.2.3-1.jar took 0.052 seconds
[2022-10-22T00:11:34.179+0000] {processor.py:156} INFO - Started process (PID=21667) to work on /opt/airflow/dags/hadoop-2.7.3/share/hadoop/kms/tomcat/webapps/kms/WEB-INF/lib/jaxb-impl-2.2.3-1.jar
[2022-10-22T00:11:34.181+0000] {processor.py:758} INFO - Processing file /opt/airflow/dags/hadoop-2.7.3/share/hadoop/kms/tomcat/webapps/kms/WEB-INF/lib/jaxb-impl-2.2.3-1.jar for tasks to queue
[2022-10-22T00:11:34.183+0000] {logging_mixin.py:117} INFO - [2022-10-22T00:11:34.183+0000] {dagbag.py:525} INFO - Filling up the DagBag from /opt/airflow/dags/hadoop-2.7.3/share/hadoop/kms/tomcat/webapps/kms/WEB-INF/lib/jaxb-impl-2.2.3-1.jar
[2022-10-22T00:11:34.199+0000] {processor.py:770} WARNING - No viable dags retrieved from /opt/airflow/dags/hadoop-2.7.3/share/hadoop/kms/tomcat/webapps/kms/WEB-INF/lib/jaxb-impl-2.2.3-1.jar
[2022-10-22T00:11:34.225+0000] {processor.py:178} INFO - Processing /opt/airflow/dags/hadoop-2.7.3/share/hadoop/kms/tomcat/webapps/kms/WEB-INF/lib/jaxb-impl-2.2.3-1.jar took 0.054 seconds
[2022-10-22T00:11:53.771+0000] {processor.py:156} INFO - Started process (PID=24408) to work on /opt/airflow/dags/hadoop-2.7.3/share/hadoop/kms/tomcat/webapps/kms/WEB-INF/lib/jaxb-impl-2.2.3-1.jar
[2022-10-22T00:11:53.774+0000] {processor.py:758} INFO - Processing file /opt/airflow/dags/hadoop-2.7.3/share/hadoop/kms/tomcat/webapps/kms/WEB-INF/lib/jaxb-impl-2.2.3-1.jar for tasks to queue
[2022-10-22T00:11:53.776+0000] {logging_mixin.py:117} INFO - [2022-10-22T00:11:53.776+0000] {dagbag.py:525} INFO - Filling up the DagBag from /opt/airflow/dags/hadoop-2.7.3/share/hadoop/kms/tomcat/webapps/kms/WEB-INF/lib/jaxb-impl-2.2.3-1.jar
[2022-10-22T00:11:53.797+0000] {processor.py:770} WARNING - No viable dags retrieved from /opt/airflow/dags/hadoop-2.7.3/share/hadoop/kms/tomcat/webapps/kms/WEB-INF/lib/jaxb-impl-2.2.3-1.jar
[2022-10-22T00:11:53.845+0000] {processor.py:178} INFO - Processing /opt/airflow/dags/hadoop-2.7.3/share/hadoop/kms/tomcat/webapps/kms/WEB-INF/lib/jaxb-impl-2.2.3-1.jar took 0.078 seconds
[2022-10-22T00:12:20.164+0000] {processor.py:156} INFO - Started process (PID=22184) to work on /opt/airflow/dags/hadoop-2.7.3/share/hadoop/kms/tomcat/webapps/kms/WEB-INF/lib/jaxb-impl-2.2.3-1.jar
[2022-10-22T00:12:20.172+0000] {processor.py:758} INFO - Processing file /opt/airflow/dags/hadoop-2.7.3/share/hadoop/kms/tomcat/webapps/kms/WEB-INF/lib/jaxb-impl-2.2.3-1.jar for tasks to queue
[2022-10-22T00:12:20.178+0000] {logging_mixin.py:117} INFO - [2022-10-22T00:12:20.177+0000] {dagbag.py:525} INFO - Filling up the DagBag from /opt/airflow/dags/hadoop-2.7.3/share/hadoop/kms/tomcat/webapps/kms/WEB-INF/lib/jaxb-impl-2.2.3-1.jar
[2022-10-22T00:12:20.291+0000] {processor.py:770} WARNING - No viable dags retrieved from /opt/airflow/dags/hadoop-2.7.3/share/hadoop/kms/tomcat/webapps/kms/WEB-INF/lib/jaxb-impl-2.2.3-1.jar
[2022-10-22T00:12:20.376+0000] {processor.py:178} INFO - Processing /opt/airflow/dags/hadoop-2.7.3/share/hadoop/kms/tomcat/webapps/kms/WEB-INF/lib/jaxb-impl-2.2.3-1.jar took 0.240 seconds
[2022-10-22T00:15:22.269+0000] {processor.py:156} INFO - Started process (PID=22644) to work on /opt/airflow/dags/hadoop-2.7.3/share/hadoop/kms/tomcat/webapps/kms/WEB-INF/lib/jaxb-impl-2.2.3-1.jar
[2022-10-22T00:15:22.273+0000] {processor.py:758} INFO - Processing file /opt/airflow/dags/hadoop-2.7.3/share/hadoop/kms/tomcat/webapps/kms/WEB-INF/lib/jaxb-impl-2.2.3-1.jar for tasks to queue
[2022-10-22T00:15:22.279+0000] {logging_mixin.py:117} INFO - [2022-10-22T00:15:22.279+0000] {dagbag.py:525} INFO - Filling up the DagBag from /opt/airflow/dags/hadoop-2.7.3/share/hadoop/kms/tomcat/webapps/kms/WEB-INF/lib/jaxb-impl-2.2.3-1.jar
[2022-10-22T00:15:22.320+0000] {processor.py:770} WARNING - No viable dags retrieved from /opt/airflow/dags/hadoop-2.7.3/share/hadoop/kms/tomcat/webapps/kms/WEB-INF/lib/jaxb-impl-2.2.3-1.jar
[2022-10-22T00:15:22.373+0000] {processor.py:178} INFO - Processing /opt/airflow/dags/hadoop-2.7.3/share/hadoop/kms/tomcat/webapps/kms/WEB-INF/lib/jaxb-impl-2.2.3-1.jar took 0.114 seconds
[2022-10-22T00:15:35.906+0000] {processor.py:156} INFO - Started process (PID=25210) to work on /opt/airflow/dags/hadoop-2.7.3/share/hadoop/kms/tomcat/webapps/kms/WEB-INF/lib/jaxb-impl-2.2.3-1.jar
[2022-10-22T00:15:35.908+0000] {processor.py:758} INFO - Processing file /opt/airflow/dags/hadoop-2.7.3/share/hadoop/kms/tomcat/webapps/kms/WEB-INF/lib/jaxb-impl-2.2.3-1.jar for tasks to queue
[2022-10-22T00:15:35.910+0000] {logging_mixin.py:117} INFO - [2022-10-22T00:15:35.910+0000] {dagbag.py:525} INFO - Filling up the DagBag from /opt/airflow/dags/hadoop-2.7.3/share/hadoop/kms/tomcat/webapps/kms/WEB-INF/lib/jaxb-impl-2.2.3-1.jar
[2022-10-22T00:15:35.942+0000] {processor.py:770} WARNING - No viable dags retrieved from /opt/airflow/dags/hadoop-2.7.3/share/hadoop/kms/tomcat/webapps/kms/WEB-INF/lib/jaxb-impl-2.2.3-1.jar
[2022-10-22T00:15:35.984+0000] {processor.py:178} INFO - Processing /opt/airflow/dags/hadoop-2.7.3/share/hadoop/kms/tomcat/webapps/kms/WEB-INF/lib/jaxb-impl-2.2.3-1.jar took 0.088 seconds
[2022-10-22T00:16:11.741+0000] {processor.py:156} INFO - Started process (PID=23169) to work on /opt/airflow/dags/hadoop-2.7.3/share/hadoop/kms/tomcat/webapps/kms/WEB-INF/lib/jaxb-impl-2.2.3-1.jar
[2022-10-22T00:16:11.744+0000] {processor.py:758} INFO - Processing file /opt/airflow/dags/hadoop-2.7.3/share/hadoop/kms/tomcat/webapps/kms/WEB-INF/lib/jaxb-impl-2.2.3-1.jar for tasks to queue
[2022-10-22T00:16:11.746+0000] {logging_mixin.py:117} INFO - [2022-10-22T00:16:11.746+0000] {dagbag.py:525} INFO - Filling up the DagBag from /opt/airflow/dags/hadoop-2.7.3/share/hadoop/kms/tomcat/webapps/kms/WEB-INF/lib/jaxb-impl-2.2.3-1.jar
[2022-10-22T00:16:11.771+0000] {processor.py:770} WARNING - No viable dags retrieved from /opt/airflow/dags/hadoop-2.7.3/share/hadoop/kms/tomcat/webapps/kms/WEB-INF/lib/jaxb-impl-2.2.3-1.jar
[2022-10-22T00:16:11.807+0000] {processor.py:178} INFO - Processing /opt/airflow/dags/hadoop-2.7.3/share/hadoop/kms/tomcat/webapps/kms/WEB-INF/lib/jaxb-impl-2.2.3-1.jar took 0.075 seconds
[2022-10-22T00:16:21.690+0000] {processor.py:156} INFO - Started process (PID=25726) to work on /opt/airflow/dags/hadoop-2.7.3/share/hadoop/kms/tomcat/webapps/kms/WEB-INF/lib/jaxb-impl-2.2.3-1.jar
[2022-10-22T00:16:21.693+0000] {processor.py:758} INFO - Processing file /opt/airflow/dags/hadoop-2.7.3/share/hadoop/kms/tomcat/webapps/kms/WEB-INF/lib/jaxb-impl-2.2.3-1.jar for tasks to queue
[2022-10-22T00:16:21.696+0000] {logging_mixin.py:117} INFO - [2022-10-22T00:16:21.696+0000] {dagbag.py:525} INFO - Filling up the DagBag from /opt/airflow/dags/hadoop-2.7.3/share/hadoop/kms/tomcat/webapps/kms/WEB-INF/lib/jaxb-impl-2.2.3-1.jar
[2022-10-22T00:16:21.724+0000] {processor.py:770} WARNING - No viable dags retrieved from /opt/airflow/dags/hadoop-2.7.3/share/hadoop/kms/tomcat/webapps/kms/WEB-INF/lib/jaxb-impl-2.2.3-1.jar
[2022-10-22T00:16:21.777+0000] {processor.py:178} INFO - Processing /opt/airflow/dags/hadoop-2.7.3/share/hadoop/kms/tomcat/webapps/kms/WEB-INF/lib/jaxb-impl-2.2.3-1.jar took 0.101 seconds
[2022-10-22T00:17:01.862+0000] {processor.py:156} INFO - Started process (PID=23702) to work on /opt/airflow/dags/hadoop-2.7.3/share/hadoop/kms/tomcat/webapps/kms/WEB-INF/lib/jaxb-impl-2.2.3-1.jar
[2022-10-22T00:17:01.869+0000] {processor.py:758} INFO - Processing file /opt/airflow/dags/hadoop-2.7.3/share/hadoop/kms/tomcat/webapps/kms/WEB-INF/lib/jaxb-impl-2.2.3-1.jar for tasks to queue
[2022-10-22T00:17:01.875+0000] {logging_mixin.py:117} INFO - [2022-10-22T00:17:01.875+0000] {dagbag.py:525} INFO - Filling up the DagBag from /opt/airflow/dags/hadoop-2.7.3/share/hadoop/kms/tomcat/webapps/kms/WEB-INF/lib/jaxb-impl-2.2.3-1.jar
[2022-10-22T00:17:01.938+0000] {processor.py:770} WARNING - No viable dags retrieved from /opt/airflow/dags/hadoop-2.7.3/share/hadoop/kms/tomcat/webapps/kms/WEB-INF/lib/jaxb-impl-2.2.3-1.jar
[2022-10-22T00:17:01.995+0000] {processor.py:178} INFO - Processing /opt/airflow/dags/hadoop-2.7.3/share/hadoop/kms/tomcat/webapps/kms/WEB-INF/lib/jaxb-impl-2.2.3-1.jar took 0.158 seconds
[2022-10-22T00:17:11.460+0000] {processor.py:156} INFO - Started process (PID=26256) to work on /opt/airflow/dags/hadoop-2.7.3/share/hadoop/kms/tomcat/webapps/kms/WEB-INF/lib/jaxb-impl-2.2.3-1.jar
[2022-10-22T00:17:11.468+0000] {processor.py:758} INFO - Processing file /opt/airflow/dags/hadoop-2.7.3/share/hadoop/kms/tomcat/webapps/kms/WEB-INF/lib/jaxb-impl-2.2.3-1.jar for tasks to queue
[2022-10-22T00:17:11.471+0000] {logging_mixin.py:117} INFO - [2022-10-22T00:17:11.470+0000] {dagbag.py:525} INFO - Filling up the DagBag from /opt/airflow/dags/hadoop-2.7.3/share/hadoop/kms/tomcat/webapps/kms/WEB-INF/lib/jaxb-impl-2.2.3-1.jar
[2022-10-22T00:17:11.588+0000] {processor.py:770} WARNING - No viable dags retrieved from /opt/airflow/dags/hadoop-2.7.3/share/hadoop/kms/tomcat/webapps/kms/WEB-INF/lib/jaxb-impl-2.2.3-1.jar
[2022-10-22T00:17:11.674+0000] {processor.py:178} INFO - Processing /opt/airflow/dags/hadoop-2.7.3/share/hadoop/kms/tomcat/webapps/kms/WEB-INF/lib/jaxb-impl-2.2.3-1.jar took 0.234 seconds
[2022-10-22T00:17:51.924+0000] {processor.py:156} INFO - Started process (PID=24219) to work on /opt/airflow/dags/hadoop-2.7.3/share/hadoop/kms/tomcat/webapps/kms/WEB-INF/lib/jaxb-impl-2.2.3-1.jar
[2022-10-22T00:17:51.927+0000] {processor.py:758} INFO - Processing file /opt/airflow/dags/hadoop-2.7.3/share/hadoop/kms/tomcat/webapps/kms/WEB-INF/lib/jaxb-impl-2.2.3-1.jar for tasks to queue
[2022-10-22T00:17:51.929+0000] {logging_mixin.py:117} INFO - [2022-10-22T00:17:51.929+0000] {dagbag.py:525} INFO - Filling up the DagBag from /opt/airflow/dags/hadoop-2.7.3/share/hadoop/kms/tomcat/webapps/kms/WEB-INF/lib/jaxb-impl-2.2.3-1.jar
[2022-10-22T00:17:51.960+0000] {processor.py:770} WARNING - No viable dags retrieved from /opt/airflow/dags/hadoop-2.7.3/share/hadoop/kms/tomcat/webapps/kms/WEB-INF/lib/jaxb-impl-2.2.3-1.jar
[2022-10-22T00:17:52.024+0000] {processor.py:178} INFO - Processing /opt/airflow/dags/hadoop-2.7.3/share/hadoop/kms/tomcat/webapps/kms/WEB-INF/lib/jaxb-impl-2.2.3-1.jar took 0.106 seconds
[2022-10-22T00:18:00.498+0000] {processor.py:156} INFO - Started process (PID=26779) to work on /opt/airflow/dags/hadoop-2.7.3/share/hadoop/kms/tomcat/webapps/kms/WEB-INF/lib/jaxb-impl-2.2.3-1.jar
[2022-10-22T00:18:00.503+0000] {processor.py:758} INFO - Processing file /opt/airflow/dags/hadoop-2.7.3/share/hadoop/kms/tomcat/webapps/kms/WEB-INF/lib/jaxb-impl-2.2.3-1.jar for tasks to queue
[2022-10-22T00:18:00.509+0000] {logging_mixin.py:117} INFO - [2022-10-22T00:18:00.507+0000] {dagbag.py:525} INFO - Filling up the DagBag from /opt/airflow/dags/hadoop-2.7.3/share/hadoop/kms/tomcat/webapps/kms/WEB-INF/lib/jaxb-impl-2.2.3-1.jar
[2022-10-22T00:18:00.574+0000] {processor.py:770} WARNING - No viable dags retrieved from /opt/airflow/dags/hadoop-2.7.3/share/hadoop/kms/tomcat/webapps/kms/WEB-INF/lib/jaxb-impl-2.2.3-1.jar
[2022-10-22T00:18:00.640+0000] {processor.py:178} INFO - Processing /opt/airflow/dags/hadoop-2.7.3/share/hadoop/kms/tomcat/webapps/kms/WEB-INF/lib/jaxb-impl-2.2.3-1.jar took 0.166 seconds
[2022-10-22T00:18:50.583+0000] {processor.py:156} INFO - Started process (PID=24826) to work on /opt/airflow/dags/hadoop-2.7.3/share/hadoop/kms/tomcat/webapps/kms/WEB-INF/lib/jaxb-impl-2.2.3-1.jar
[2022-10-22T00:18:50.590+0000] {processor.py:758} INFO - Processing file /opt/airflow/dags/hadoop-2.7.3/share/hadoop/kms/tomcat/webapps/kms/WEB-INF/lib/jaxb-impl-2.2.3-1.jar for tasks to queue
[2022-10-22T00:18:50.594+0000] {logging_mixin.py:117} INFO - [2022-10-22T00:18:50.594+0000] {dagbag.py:525} INFO - Filling up the DagBag from /opt/airflow/dags/hadoop-2.7.3/share/hadoop/kms/tomcat/webapps/kms/WEB-INF/lib/jaxb-impl-2.2.3-1.jar
[2022-10-22T00:18:50.630+0000] {processor.py:770} WARNING - No viable dags retrieved from /opt/airflow/dags/hadoop-2.7.3/share/hadoop/kms/tomcat/webapps/kms/WEB-INF/lib/jaxb-impl-2.2.3-1.jar
[2022-10-22T00:18:50.687+0000] {processor.py:178} INFO - Processing /opt/airflow/dags/hadoop-2.7.3/share/hadoop/kms/tomcat/webapps/kms/WEB-INF/lib/jaxb-impl-2.2.3-1.jar took 0.116 seconds
[2022-10-22T00:18:53.297+0000] {processor.py:156} INFO - Started process (PID=27341) to work on /opt/airflow/dags/hadoop-2.7.3/share/hadoop/kms/tomcat/webapps/kms/WEB-INF/lib/jaxb-impl-2.2.3-1.jar
[2022-10-22T00:18:53.302+0000] {processor.py:758} INFO - Processing file /opt/airflow/dags/hadoop-2.7.3/share/hadoop/kms/tomcat/webapps/kms/WEB-INF/lib/jaxb-impl-2.2.3-1.jar for tasks to queue
[2022-10-22T00:18:53.306+0000] {logging_mixin.py:117} INFO - [2022-10-22T00:18:53.305+0000] {dagbag.py:525} INFO - Filling up the DagBag from /opt/airflow/dags/hadoop-2.7.3/share/hadoop/kms/tomcat/webapps/kms/WEB-INF/lib/jaxb-impl-2.2.3-1.jar
[2022-10-22T00:18:53.348+0000] {processor.py:770} WARNING - No viable dags retrieved from /opt/airflow/dags/hadoop-2.7.3/share/hadoop/kms/tomcat/webapps/kms/WEB-INF/lib/jaxb-impl-2.2.3-1.jar
[2022-10-22T00:18:53.411+0000] {processor.py:178} INFO - Processing /opt/airflow/dags/hadoop-2.7.3/share/hadoop/kms/tomcat/webapps/kms/WEB-INF/lib/jaxb-impl-2.2.3-1.jar took 0.128 seconds
[2022-10-22T00:20:27.212+0000] {processor.py:156} INFO - Started process (PID=27964) to work on /opt/airflow/dags/hadoop-2.7.3/share/hadoop/kms/tomcat/webapps/kms/WEB-INF/lib/jaxb-impl-2.2.3-1.jar
[2022-10-22T00:20:27.223+0000] {processor.py:758} INFO - Processing file /opt/airflow/dags/hadoop-2.7.3/share/hadoop/kms/tomcat/webapps/kms/WEB-INF/lib/jaxb-impl-2.2.3-1.jar for tasks to queue
[2022-10-22T00:20:27.228+0000] {logging_mixin.py:117} INFO - [2022-10-22T00:20:27.228+0000] {dagbag.py:525} INFO - Filling up the DagBag from /opt/airflow/dags/hadoop-2.7.3/share/hadoop/kms/tomcat/webapps/kms/WEB-INF/lib/jaxb-impl-2.2.3-1.jar
[2022-10-22T00:20:27.296+0000] {processor.py:770} WARNING - No viable dags retrieved from /opt/airflow/dags/hadoop-2.7.3/share/hadoop/kms/tomcat/webapps/kms/WEB-INF/lib/jaxb-impl-2.2.3-1.jar
[2022-10-22T00:20:27.338+0000] {processor.py:178} INFO - Processing /opt/airflow/dags/hadoop-2.7.3/share/hadoop/kms/tomcat/webapps/kms/WEB-INF/lib/jaxb-impl-2.2.3-1.jar took 0.137 seconds
[2022-10-22T00:20:39.528+0000] {processor.py:156} INFO - Started process (PID=25554) to work on /opt/airflow/dags/hadoop-2.7.3/share/hadoop/kms/tomcat/webapps/kms/WEB-INF/lib/jaxb-impl-2.2.3-1.jar
[2022-10-22T00:20:39.530+0000] {processor.py:758} INFO - Processing file /opt/airflow/dags/hadoop-2.7.3/share/hadoop/kms/tomcat/webapps/kms/WEB-INF/lib/jaxb-impl-2.2.3-1.jar for tasks to queue
[2022-10-22T00:20:39.534+0000] {logging_mixin.py:117} INFO - [2022-10-22T00:20:39.534+0000] {dagbag.py:525} INFO - Filling up the DagBag from /opt/airflow/dags/hadoop-2.7.3/share/hadoop/kms/tomcat/webapps/kms/WEB-INF/lib/jaxb-impl-2.2.3-1.jar
[2022-10-22T00:20:39.620+0000] {processor.py:770} WARNING - No viable dags retrieved from /opt/airflow/dags/hadoop-2.7.3/share/hadoop/kms/tomcat/webapps/kms/WEB-INF/lib/jaxb-impl-2.2.3-1.jar
[2022-10-22T00:20:39.707+0000] {processor.py:178} INFO - Processing /opt/airflow/dags/hadoop-2.7.3/share/hadoop/kms/tomcat/webapps/kms/WEB-INF/lib/jaxb-impl-2.2.3-1.jar took 0.227 seconds
[2022-10-22T00:21:25.438+0000] {processor.py:156} INFO - Started process (PID=28532) to work on /opt/airflow/dags/hadoop-2.7.3/share/hadoop/kms/tomcat/webapps/kms/WEB-INF/lib/jaxb-impl-2.2.3-1.jar
[2022-10-22T00:21:25.444+0000] {processor.py:758} INFO - Processing file /opt/airflow/dags/hadoop-2.7.3/share/hadoop/kms/tomcat/webapps/kms/WEB-INF/lib/jaxb-impl-2.2.3-1.jar for tasks to queue
[2022-10-22T00:21:25.447+0000] {logging_mixin.py:117} INFO - [2022-10-22T00:21:25.446+0000] {dagbag.py:525} INFO - Filling up the DagBag from /opt/airflow/dags/hadoop-2.7.3/share/hadoop/kms/tomcat/webapps/kms/WEB-INF/lib/jaxb-impl-2.2.3-1.jar
[2022-10-22T00:21:25.481+0000] {processor.py:770} WARNING - No viable dags retrieved from /opt/airflow/dags/hadoop-2.7.3/share/hadoop/kms/tomcat/webapps/kms/WEB-INF/lib/jaxb-impl-2.2.3-1.jar
[2022-10-22T00:21:25.532+0000] {processor.py:178} INFO - Processing /opt/airflow/dags/hadoop-2.7.3/share/hadoop/kms/tomcat/webapps/kms/WEB-INF/lib/jaxb-impl-2.2.3-1.jar took 0.116 seconds
[2022-10-22T00:21:32.416+0000] {processor.py:156} INFO - Started process (PID=26078) to work on /opt/airflow/dags/hadoop-2.7.3/share/hadoop/kms/tomcat/webapps/kms/WEB-INF/lib/jaxb-impl-2.2.3-1.jar
[2022-10-22T00:21:32.419+0000] {processor.py:758} INFO - Processing file /opt/airflow/dags/hadoop-2.7.3/share/hadoop/kms/tomcat/webapps/kms/WEB-INF/lib/jaxb-impl-2.2.3-1.jar for tasks to queue
[2022-10-22T00:21:32.421+0000] {logging_mixin.py:117} INFO - [2022-10-22T00:21:32.421+0000] {dagbag.py:525} INFO - Filling up the DagBag from /opt/airflow/dags/hadoop-2.7.3/share/hadoop/kms/tomcat/webapps/kms/WEB-INF/lib/jaxb-impl-2.2.3-1.jar
[2022-10-22T00:21:32.463+0000] {processor.py:770} WARNING - No viable dags retrieved from /opt/airflow/dags/hadoop-2.7.3/share/hadoop/kms/tomcat/webapps/kms/WEB-INF/lib/jaxb-impl-2.2.3-1.jar
[2022-10-22T00:21:32.521+0000] {processor.py:178} INFO - Processing /opt/airflow/dags/hadoop-2.7.3/share/hadoop/kms/tomcat/webapps/kms/WEB-INF/lib/jaxb-impl-2.2.3-1.jar took 0.118 seconds
[2022-10-22T00:22:21.773+0000] {processor.py:156} INFO - Started process (PID=26532) to work on /opt/airflow/dags/hadoop-2.7.3/share/hadoop/kms/tomcat/webapps/kms/WEB-INF/lib/jaxb-impl-2.2.3-1.jar
[2022-10-22T00:22:21.775+0000] {processor.py:758} INFO - Processing file /opt/airflow/dags/hadoop-2.7.3/share/hadoop/kms/tomcat/webapps/kms/WEB-INF/lib/jaxb-impl-2.2.3-1.jar for tasks to queue
[2022-10-22T00:22:21.778+0000] {logging_mixin.py:117} INFO - [2022-10-22T00:22:21.777+0000] {dagbag.py:525} INFO - Filling up the DagBag from /opt/airflow/dags/hadoop-2.7.3/share/hadoop/kms/tomcat/webapps/kms/WEB-INF/lib/jaxb-impl-2.2.3-1.jar
[2022-10-22T00:22:21.840+0000] {processor.py:770} WARNING - No viable dags retrieved from /opt/airflow/dags/hadoop-2.7.3/share/hadoop/kms/tomcat/webapps/kms/WEB-INF/lib/jaxb-impl-2.2.3-1.jar
[2022-10-22T00:22:21.888+0000] {processor.py:178} INFO - Processing /opt/airflow/dags/hadoop-2.7.3/share/hadoop/kms/tomcat/webapps/kms/WEB-INF/lib/jaxb-impl-2.2.3-1.jar took 0.124 seconds
[2022-10-22T00:22:29.151+0000] {processor.py:156} INFO - Started process (PID=29152) to work on /opt/airflow/dags/hadoop-2.7.3/share/hadoop/kms/tomcat/webapps/kms/WEB-INF/lib/jaxb-impl-2.2.3-1.jar
[2022-10-22T00:22:29.155+0000] {processor.py:758} INFO - Processing file /opt/airflow/dags/hadoop-2.7.3/share/hadoop/kms/tomcat/webapps/kms/WEB-INF/lib/jaxb-impl-2.2.3-1.jar for tasks to queue
[2022-10-22T00:22:29.158+0000] {logging_mixin.py:117} INFO - [2022-10-22T00:22:29.157+0000] {dagbag.py:525} INFO - Filling up the DagBag from /opt/airflow/dags/hadoop-2.7.3/share/hadoop/kms/tomcat/webapps/kms/WEB-INF/lib/jaxb-impl-2.2.3-1.jar
[2022-10-22T00:22:29.183+0000] {processor.py:770} WARNING - No viable dags retrieved from /opt/airflow/dags/hadoop-2.7.3/share/hadoop/kms/tomcat/webapps/kms/WEB-INF/lib/jaxb-impl-2.2.3-1.jar
[2022-10-22T00:22:29.228+0000] {processor.py:178} INFO - Processing /opt/airflow/dags/hadoop-2.7.3/share/hadoop/kms/tomcat/webapps/kms/WEB-INF/lib/jaxb-impl-2.2.3-1.jar took 0.086 seconds
[2022-10-22T00:23:13.785+0000] {processor.py:156} INFO - Started process (PID=27019) to work on /opt/airflow/dags/hadoop-2.7.3/share/hadoop/kms/tomcat/webapps/kms/WEB-INF/lib/jaxb-impl-2.2.3-1.jar
[2022-10-22T00:23:13.787+0000] {processor.py:758} INFO - Processing file /opt/airflow/dags/hadoop-2.7.3/share/hadoop/kms/tomcat/webapps/kms/WEB-INF/lib/jaxb-impl-2.2.3-1.jar for tasks to queue
[2022-10-22T00:23:13.789+0000] {logging_mixin.py:117} INFO - [2022-10-22T00:23:13.789+0000] {dagbag.py:525} INFO - Filling up the DagBag from /opt/airflow/dags/hadoop-2.7.3/share/hadoop/kms/tomcat/webapps/kms/WEB-INF/lib/jaxb-impl-2.2.3-1.jar
[2022-10-22T00:23:13.807+0000] {processor.py:770} WARNING - No viable dags retrieved from /opt/airflow/dags/hadoop-2.7.3/share/hadoop/kms/tomcat/webapps/kms/WEB-INF/lib/jaxb-impl-2.2.3-1.jar
[2022-10-22T00:23:13.830+0000] {processor.py:178} INFO - Processing /opt/airflow/dags/hadoop-2.7.3/share/hadoop/kms/tomcat/webapps/kms/WEB-INF/lib/jaxb-impl-2.2.3-1.jar took 0.051 seconds
[2022-10-22T00:23:17.323+0000] {processor.py:156} INFO - Started process (PID=29619) to work on /opt/airflow/dags/hadoop-2.7.3/share/hadoop/kms/tomcat/webapps/kms/WEB-INF/lib/jaxb-impl-2.2.3-1.jar
[2022-10-22T00:23:17.325+0000] {processor.py:758} INFO - Processing file /opt/airflow/dags/hadoop-2.7.3/share/hadoop/kms/tomcat/webapps/kms/WEB-INF/lib/jaxb-impl-2.2.3-1.jar for tasks to queue
[2022-10-22T00:23:17.327+0000] {logging_mixin.py:117} INFO - [2022-10-22T00:23:17.327+0000] {dagbag.py:525} INFO - Filling up the DagBag from /opt/airflow/dags/hadoop-2.7.3/share/hadoop/kms/tomcat/webapps/kms/WEB-INF/lib/jaxb-impl-2.2.3-1.jar
[2022-10-22T00:23:17.368+0000] {processor.py:770} WARNING - No viable dags retrieved from /opt/airflow/dags/hadoop-2.7.3/share/hadoop/kms/tomcat/webapps/kms/WEB-INF/lib/jaxb-impl-2.2.3-1.jar
[2022-10-22T00:23:17.403+0000] {processor.py:178} INFO - Processing /opt/airflow/dags/hadoop-2.7.3/share/hadoop/kms/tomcat/webapps/kms/WEB-INF/lib/jaxb-impl-2.2.3-1.jar took 0.086 seconds
[2022-10-22T00:24:03.142+0000] {processor.py:156} INFO - Started process (PID=30138) to work on /opt/airflow/dags/hadoop-2.7.3/share/hadoop/kms/tomcat/webapps/kms/WEB-INF/lib/jaxb-impl-2.2.3-1.jar
[2022-10-22T00:24:03.144+0000] {processor.py:758} INFO - Processing file /opt/airflow/dags/hadoop-2.7.3/share/hadoop/kms/tomcat/webapps/kms/WEB-INF/lib/jaxb-impl-2.2.3-1.jar for tasks to queue
[2022-10-22T00:24:03.146+0000] {logging_mixin.py:117} INFO - [2022-10-22T00:24:03.146+0000] {dagbag.py:525} INFO - Filling up the DagBag from /opt/airflow/dags/hadoop-2.7.3/share/hadoop/kms/tomcat/webapps/kms/WEB-INF/lib/jaxb-impl-2.2.3-1.jar
[2022-10-22T00:24:03.161+0000] {processor.py:770} WARNING - No viable dags retrieved from /opt/airflow/dags/hadoop-2.7.3/share/hadoop/kms/tomcat/webapps/kms/WEB-INF/lib/jaxb-impl-2.2.3-1.jar
[2022-10-22T00:24:03.181+0000] {processor.py:178} INFO - Processing /opt/airflow/dags/hadoop-2.7.3/share/hadoop/kms/tomcat/webapps/kms/WEB-INF/lib/jaxb-impl-2.2.3-1.jar took 0.047 seconds
[2022-10-22T00:24:04.923+0000] {processor.py:156} INFO - Started process (PID=27579) to work on /opt/airflow/dags/hadoop-2.7.3/share/hadoop/kms/tomcat/webapps/kms/WEB-INF/lib/jaxb-impl-2.2.3-1.jar
[2022-10-22T00:24:04.941+0000] {processor.py:758} INFO - Processing file /opt/airflow/dags/hadoop-2.7.3/share/hadoop/kms/tomcat/webapps/kms/WEB-INF/lib/jaxb-impl-2.2.3-1.jar for tasks to queue
[2022-10-22T00:24:04.944+0000] {logging_mixin.py:117} INFO - [2022-10-22T00:24:04.944+0000] {dagbag.py:525} INFO - Filling up the DagBag from /opt/airflow/dags/hadoop-2.7.3/share/hadoop/kms/tomcat/webapps/kms/WEB-INF/lib/jaxb-impl-2.2.3-1.jar
[2022-10-22T00:24:04.978+0000] {processor.py:770} WARNING - No viable dags retrieved from /opt/airflow/dags/hadoop-2.7.3/share/hadoop/kms/tomcat/webapps/kms/WEB-INF/lib/jaxb-impl-2.2.3-1.jar
[2022-10-22T00:24:05.001+0000] {processor.py:178} INFO - Processing /opt/airflow/dags/hadoop-2.7.3/share/hadoop/kms/tomcat/webapps/kms/WEB-INF/lib/jaxb-impl-2.2.3-1.jar took 0.083 seconds
