[2022-10-22T00:00:09.131+0000] {processor.py:156} INFO - Started process (PID=16789) to work on /opt/airflow/dags/hadoop-2.7.3/share/hadoop/kms/tomcat/webapps/kms/WEB-INF/lib/jetty-util-6.1.26.jar
[2022-10-22T00:00:09.134+0000] {processor.py:758} INFO - Processing file /opt/airflow/dags/hadoop-2.7.3/share/hadoop/kms/tomcat/webapps/kms/WEB-INF/lib/jetty-util-6.1.26.jar for tasks to queue
[2022-10-22T00:00:09.141+0000] {logging_mixin.py:117} INFO - [2022-10-22T00:00:09.141+0000] {dagbag.py:525} INFO - Filling up the DagBag from /opt/airflow/dags/hadoop-2.7.3/share/hadoop/kms/tomcat/webapps/kms/WEB-INF/lib/jetty-util-6.1.26.jar
[2022-10-22T00:00:09.164+0000] {processor.py:770} WARNING - No viable dags retrieved from /opt/airflow/dags/hadoop-2.7.3/share/hadoop/kms/tomcat/webapps/kms/WEB-INF/lib/jetty-util-6.1.26.jar
[2022-10-22T00:00:09.264+0000] {processor.py:178} INFO - Processing /opt/airflow/dags/hadoop-2.7.3/share/hadoop/kms/tomcat/webapps/kms/WEB-INF/lib/jetty-util-6.1.26.jar took 0.158 seconds
[2022-10-22T00:00:52.955+0000] {processor.py:156} INFO - Started process (PID=19277) to work on /opt/airflow/dags/hadoop-2.7.3/share/hadoop/kms/tomcat/webapps/kms/WEB-INF/lib/jetty-util-6.1.26.jar
[2022-10-22T00:00:52.959+0000] {processor.py:758} INFO - Processing file /opt/airflow/dags/hadoop-2.7.3/share/hadoop/kms/tomcat/webapps/kms/WEB-INF/lib/jetty-util-6.1.26.jar for tasks to queue
[2022-10-22T00:00:52.965+0000] {logging_mixin.py:117} INFO - [2022-10-22T00:00:52.961+0000] {dagbag.py:525} INFO - Filling up the DagBag from /opt/airflow/dags/hadoop-2.7.3/share/hadoop/kms/tomcat/webapps/kms/WEB-INF/lib/jetty-util-6.1.26.jar
[2022-10-22T00:00:52.984+0000] {processor.py:770} WARNING - No viable dags retrieved from /opt/airflow/dags/hadoop-2.7.3/share/hadoop/kms/tomcat/webapps/kms/WEB-INF/lib/jetty-util-6.1.26.jar
[2022-10-22T00:00:53.046+0000] {processor.py:178} INFO - Processing /opt/airflow/dags/hadoop-2.7.3/share/hadoop/kms/tomcat/webapps/kms/WEB-INF/lib/jetty-util-6.1.26.jar took 0.108 seconds
[2022-10-22T00:01:43.870+0000] {processor.py:156} INFO - Started process (PID=17412) to work on /opt/airflow/dags/hadoop-2.7.3/share/hadoop/kms/tomcat/webapps/kms/WEB-INF/lib/jetty-util-6.1.26.jar
[2022-10-22T00:01:43.879+0000] {processor.py:758} INFO - Processing file /opt/airflow/dags/hadoop-2.7.3/share/hadoop/kms/tomcat/webapps/kms/WEB-INF/lib/jetty-util-6.1.26.jar for tasks to queue
[2022-10-22T00:01:43.887+0000] {logging_mixin.py:117} INFO - [2022-10-22T00:01:43.887+0000] {dagbag.py:525} INFO - Filling up the DagBag from /opt/airflow/dags/hadoop-2.7.3/share/hadoop/kms/tomcat/webapps/kms/WEB-INF/lib/jetty-util-6.1.26.jar
[2022-10-22T00:01:43.901+0000] {processor.py:770} WARNING - No viable dags retrieved from /opt/airflow/dags/hadoop-2.7.3/share/hadoop/kms/tomcat/webapps/kms/WEB-INF/lib/jetty-util-6.1.26.jar
[2022-10-22T00:01:43.987+0000] {processor.py:178} INFO - Processing /opt/airflow/dags/hadoop-2.7.3/share/hadoop/kms/tomcat/webapps/kms/WEB-INF/lib/jetty-util-6.1.26.jar took 0.135 seconds
[2022-10-22T00:02:32.370+0000] {processor.py:156} INFO - Started process (PID=20163) to work on /opt/airflow/dags/hadoop-2.7.3/share/hadoop/kms/tomcat/webapps/kms/WEB-INF/lib/jetty-util-6.1.26.jar
[2022-10-22T00:02:32.373+0000] {processor.py:758} INFO - Processing file /opt/airflow/dags/hadoop-2.7.3/share/hadoop/kms/tomcat/webapps/kms/WEB-INF/lib/jetty-util-6.1.26.jar for tasks to queue
[2022-10-22T00:02:32.375+0000] {logging_mixin.py:117} INFO - [2022-10-22T00:02:32.375+0000] {dagbag.py:525} INFO - Filling up the DagBag from /opt/airflow/dags/hadoop-2.7.3/share/hadoop/kms/tomcat/webapps/kms/WEB-INF/lib/jetty-util-6.1.26.jar
[2022-10-22T00:02:32.388+0000] {processor.py:770} WARNING - No viable dags retrieved from /opt/airflow/dags/hadoop-2.7.3/share/hadoop/kms/tomcat/webapps/kms/WEB-INF/lib/jetty-util-6.1.26.jar
[2022-10-22T00:02:32.425+0000] {processor.py:178} INFO - Processing /opt/airflow/dags/hadoop-2.7.3/share/hadoop/kms/tomcat/webapps/kms/WEB-INF/lib/jetty-util-6.1.26.jar took 0.064 seconds
[2022-10-22T00:03:26.943+0000] {processor.py:156} INFO - Started process (PID=17989) to work on /opt/airflow/dags/hadoop-2.7.3/share/hadoop/kms/tomcat/webapps/kms/WEB-INF/lib/jetty-util-6.1.26.jar
[2022-10-22T00:03:26.949+0000] {processor.py:758} INFO - Processing file /opt/airflow/dags/hadoop-2.7.3/share/hadoop/kms/tomcat/webapps/kms/WEB-INF/lib/jetty-util-6.1.26.jar for tasks to queue
[2022-10-22T00:03:26.953+0000] {logging_mixin.py:117} INFO - [2022-10-22T00:03:26.952+0000] {dagbag.py:525} INFO - Filling up the DagBag from /opt/airflow/dags/hadoop-2.7.3/share/hadoop/kms/tomcat/webapps/kms/WEB-INF/lib/jetty-util-6.1.26.jar
[2022-10-22T00:03:26.967+0000] {processor.py:770} WARNING - No viable dags retrieved from /opt/airflow/dags/hadoop-2.7.3/share/hadoop/kms/tomcat/webapps/kms/WEB-INF/lib/jetty-util-6.1.26.jar
[2022-10-22T00:03:27.013+0000] {processor.py:178} INFO - Processing /opt/airflow/dags/hadoop-2.7.3/share/hadoop/kms/tomcat/webapps/kms/WEB-INF/lib/jetty-util-6.1.26.jar took 0.081 seconds
[2022-10-22T00:04:07.630+0000] {processor.py:156} INFO - Started process (PID=20765) to work on /opt/airflow/dags/hadoop-2.7.3/share/hadoop/kms/tomcat/webapps/kms/WEB-INF/lib/jetty-util-6.1.26.jar
[2022-10-22T00:04:07.637+0000] {processor.py:758} INFO - Processing file /opt/airflow/dags/hadoop-2.7.3/share/hadoop/kms/tomcat/webapps/kms/WEB-INF/lib/jetty-util-6.1.26.jar for tasks to queue
[2022-10-22T00:04:07.640+0000] {logging_mixin.py:117} INFO - [2022-10-22T00:04:07.640+0000] {dagbag.py:525} INFO - Filling up the DagBag from /opt/airflow/dags/hadoop-2.7.3/share/hadoop/kms/tomcat/webapps/kms/WEB-INF/lib/jetty-util-6.1.26.jar
[2022-10-22T00:04:07.652+0000] {processor.py:770} WARNING - No viable dags retrieved from /opt/airflow/dags/hadoop-2.7.3/share/hadoop/kms/tomcat/webapps/kms/WEB-INF/lib/jetty-util-6.1.26.jar
[2022-10-22T00:04:07.703+0000] {processor.py:178} INFO - Processing /opt/airflow/dags/hadoop-2.7.3/share/hadoop/kms/tomcat/webapps/kms/WEB-INF/lib/jetty-util-6.1.26.jar took 0.087 seconds
[2022-10-22T00:04:34.870+0000] {processor.py:156} INFO - Started process (PID=18599) to work on /opt/airflow/dags/hadoop-2.7.3/share/hadoop/kms/tomcat/webapps/kms/WEB-INF/lib/jetty-util-6.1.26.jar
[2022-10-22T00:04:34.872+0000] {processor.py:758} INFO - Processing file /opt/airflow/dags/hadoop-2.7.3/share/hadoop/kms/tomcat/webapps/kms/WEB-INF/lib/jetty-util-6.1.26.jar for tasks to queue
[2022-10-22T00:04:34.875+0000] {logging_mixin.py:117} INFO - [2022-10-22T00:04:34.874+0000] {dagbag.py:525} INFO - Filling up the DagBag from /opt/airflow/dags/hadoop-2.7.3/share/hadoop/kms/tomcat/webapps/kms/WEB-INF/lib/jetty-util-6.1.26.jar
[2022-10-22T00:04:34.891+0000] {processor.py:770} WARNING - No viable dags retrieved from /opt/airflow/dags/hadoop-2.7.3/share/hadoop/kms/tomcat/webapps/kms/WEB-INF/lib/jetty-util-6.1.26.jar
[2022-10-22T00:04:34.955+0000] {processor.py:178} INFO - Processing /opt/airflow/dags/hadoop-2.7.3/share/hadoop/kms/tomcat/webapps/kms/WEB-INF/lib/jetty-util-6.1.26.jar took 0.099 seconds
[2022-10-22T00:05:05.006+0000] {processor.py:156} INFO - Started process (PID=21286) to work on /opt/airflow/dags/hadoop-2.7.3/share/hadoop/kms/tomcat/webapps/kms/WEB-INF/lib/jetty-util-6.1.26.jar
[2022-10-22T00:05:05.010+0000] {processor.py:758} INFO - Processing file /opt/airflow/dags/hadoop-2.7.3/share/hadoop/kms/tomcat/webapps/kms/WEB-INF/lib/jetty-util-6.1.26.jar for tasks to queue
[2022-10-22T00:05:05.013+0000] {logging_mixin.py:117} INFO - [2022-10-22T00:05:05.012+0000] {dagbag.py:525} INFO - Filling up the DagBag from /opt/airflow/dags/hadoop-2.7.3/share/hadoop/kms/tomcat/webapps/kms/WEB-INF/lib/jetty-util-6.1.26.jar
[2022-10-22T00:05:05.024+0000] {processor.py:770} WARNING - No viable dags retrieved from /opt/airflow/dags/hadoop-2.7.3/share/hadoop/kms/tomcat/webapps/kms/WEB-INF/lib/jetty-util-6.1.26.jar
[2022-10-22T00:05:05.079+0000] {processor.py:178} INFO - Processing /opt/airflow/dags/hadoop-2.7.3/share/hadoop/kms/tomcat/webapps/kms/WEB-INF/lib/jetty-util-6.1.26.jar took 0.080 seconds
[2022-10-22T00:05:30.117+0000] {processor.py:156} INFO - Started process (PID=19121) to work on /opt/airflow/dags/hadoop-2.7.3/share/hadoop/kms/tomcat/webapps/kms/WEB-INF/lib/jetty-util-6.1.26.jar
[2022-10-22T00:05:30.121+0000] {processor.py:758} INFO - Processing file /opt/airflow/dags/hadoop-2.7.3/share/hadoop/kms/tomcat/webapps/kms/WEB-INF/lib/jetty-util-6.1.26.jar for tasks to queue
[2022-10-22T00:05:30.126+0000] {logging_mixin.py:117} INFO - [2022-10-22T00:05:30.125+0000] {dagbag.py:525} INFO - Filling up the DagBag from /opt/airflow/dags/hadoop-2.7.3/share/hadoop/kms/tomcat/webapps/kms/WEB-INF/lib/jetty-util-6.1.26.jar
[2022-10-22T00:05:30.145+0000] {processor.py:770} WARNING - No viable dags retrieved from /opt/airflow/dags/hadoop-2.7.3/share/hadoop/kms/tomcat/webapps/kms/WEB-INF/lib/jetty-util-6.1.26.jar
[2022-10-22T00:05:30.189+0000] {processor.py:178} INFO - Processing /opt/airflow/dags/hadoop-2.7.3/share/hadoop/kms/tomcat/webapps/kms/WEB-INF/lib/jetty-util-6.1.26.jar took 0.088 seconds
[2022-10-22T00:05:50.367+0000] {processor.py:156} INFO - Started process (PID=21759) to work on /opt/airflow/dags/hadoop-2.7.3/share/hadoop/kms/tomcat/webapps/kms/WEB-INF/lib/jetty-util-6.1.26.jar
[2022-10-22T00:05:50.373+0000] {processor.py:758} INFO - Processing file /opt/airflow/dags/hadoop-2.7.3/share/hadoop/kms/tomcat/webapps/kms/WEB-INF/lib/jetty-util-6.1.26.jar for tasks to queue
[2022-10-22T00:05:50.375+0000] {logging_mixin.py:117} INFO - [2022-10-22T00:05:50.375+0000] {dagbag.py:525} INFO - Filling up the DagBag from /opt/airflow/dags/hadoop-2.7.3/share/hadoop/kms/tomcat/webapps/kms/WEB-INF/lib/jetty-util-6.1.26.jar
[2022-10-22T00:05:50.396+0000] {processor.py:770} WARNING - No viable dags retrieved from /opt/airflow/dags/hadoop-2.7.3/share/hadoop/kms/tomcat/webapps/kms/WEB-INF/lib/jetty-util-6.1.26.jar
[2022-10-22T00:05:50.451+0000] {processor.py:178} INFO - Processing /opt/airflow/dags/hadoop-2.7.3/share/hadoop/kms/tomcat/webapps/kms/WEB-INF/lib/jetty-util-6.1.26.jar took 0.096 seconds
[2022-10-22T00:06:32.355+0000] {processor.py:156} INFO - Started process (PID=19718) to work on /opt/airflow/dags/hadoop-2.7.3/share/hadoop/kms/tomcat/webapps/kms/WEB-INF/lib/jetty-util-6.1.26.jar
[2022-10-22T00:06:32.361+0000] {processor.py:758} INFO - Processing file /opt/airflow/dags/hadoop-2.7.3/share/hadoop/kms/tomcat/webapps/kms/WEB-INF/lib/jetty-util-6.1.26.jar for tasks to queue
[2022-10-22T00:06:32.373+0000] {logging_mixin.py:117} INFO - [2022-10-22T00:06:32.373+0000] {dagbag.py:525} INFO - Filling up the DagBag from /opt/airflow/dags/hadoop-2.7.3/share/hadoop/kms/tomcat/webapps/kms/WEB-INF/lib/jetty-util-6.1.26.jar
[2022-10-22T00:06:32.389+0000] {processor.py:770} WARNING - No viable dags retrieved from /opt/airflow/dags/hadoop-2.7.3/share/hadoop/kms/tomcat/webapps/kms/WEB-INF/lib/jetty-util-6.1.26.jar
[2022-10-22T00:06:32.448+0000] {processor.py:178} INFO - Processing /opt/airflow/dags/hadoop-2.7.3/share/hadoop/kms/tomcat/webapps/kms/WEB-INF/lib/jetty-util-6.1.26.jar took 0.112 seconds
[2022-10-22T00:06:38.376+0000] {processor.py:156} INFO - Started process (PID=22225) to work on /opt/airflow/dags/hadoop-2.7.3/share/hadoop/kms/tomcat/webapps/kms/WEB-INF/lib/jetty-util-6.1.26.jar
[2022-10-22T00:06:38.383+0000] {processor.py:758} INFO - Processing file /opt/airflow/dags/hadoop-2.7.3/share/hadoop/kms/tomcat/webapps/kms/WEB-INF/lib/jetty-util-6.1.26.jar for tasks to queue
[2022-10-22T00:06:38.393+0000] {logging_mixin.py:117} INFO - [2022-10-22T00:06:38.391+0000] {dagbag.py:525} INFO - Filling up the DagBag from /opt/airflow/dags/hadoop-2.7.3/share/hadoop/kms/tomcat/webapps/kms/WEB-INF/lib/jetty-util-6.1.26.jar
[2022-10-22T00:06:38.412+0000] {processor.py:770} WARNING - No viable dags retrieved from /opt/airflow/dags/hadoop-2.7.3/share/hadoop/kms/tomcat/webapps/kms/WEB-INF/lib/jetty-util-6.1.26.jar
[2022-10-22T00:06:38.455+0000] {processor.py:178} INFO - Processing /opt/airflow/dags/hadoop-2.7.3/share/hadoop/kms/tomcat/webapps/kms/WEB-INF/lib/jetty-util-6.1.26.jar took 0.110 seconds
[2022-10-22T00:07:19.961+0000] {processor.py:156} INFO - Started process (PID=20190) to work on /opt/airflow/dags/hadoop-2.7.3/share/hadoop/kms/tomcat/webapps/kms/WEB-INF/lib/jetty-util-6.1.26.jar
[2022-10-22T00:07:19.967+0000] {processor.py:758} INFO - Processing file /opt/airflow/dags/hadoop-2.7.3/share/hadoop/kms/tomcat/webapps/kms/WEB-INF/lib/jetty-util-6.1.26.jar for tasks to queue
[2022-10-22T00:07:19.984+0000] {logging_mixin.py:117} INFO - [2022-10-22T00:07:19.983+0000] {dagbag.py:525} INFO - Filling up the DagBag from /opt/airflow/dags/hadoop-2.7.3/share/hadoop/kms/tomcat/webapps/kms/WEB-INF/lib/jetty-util-6.1.26.jar
[2022-10-22T00:07:19.995+0000] {processor.py:770} WARNING - No viable dags retrieved from /opt/airflow/dags/hadoop-2.7.3/share/hadoop/kms/tomcat/webapps/kms/WEB-INF/lib/jetty-util-6.1.26.jar
[2022-10-22T00:07:20.081+0000] {processor.py:178} INFO - Processing /opt/airflow/dags/hadoop-2.7.3/share/hadoop/kms/tomcat/webapps/kms/WEB-INF/lib/jetty-util-6.1.26.jar took 0.137 seconds
[2022-10-22T00:07:40.967+0000] {processor.py:156} INFO - Started process (PID=22855) to work on /opt/airflow/dags/hadoop-2.7.3/share/hadoop/kms/tomcat/webapps/kms/WEB-INF/lib/jetty-util-6.1.26.jar
[2022-10-22T00:07:40.979+0000] {processor.py:758} INFO - Processing file /opt/airflow/dags/hadoop-2.7.3/share/hadoop/kms/tomcat/webapps/kms/WEB-INF/lib/jetty-util-6.1.26.jar for tasks to queue
[2022-10-22T00:07:40.992+0000] {logging_mixin.py:117} INFO - [2022-10-22T00:07:40.991+0000] {dagbag.py:525} INFO - Filling up the DagBag from /opt/airflow/dags/hadoop-2.7.3/share/hadoop/kms/tomcat/webapps/kms/WEB-INF/lib/jetty-util-6.1.26.jar
[2022-10-22T00:07:41.013+0000] {processor.py:770} WARNING - No viable dags retrieved from /opt/airflow/dags/hadoop-2.7.3/share/hadoop/kms/tomcat/webapps/kms/WEB-INF/lib/jetty-util-6.1.26.jar
[2022-10-22T00:07:41.114+0000] {processor.py:178} INFO - Processing /opt/airflow/dags/hadoop-2.7.3/share/hadoop/kms/tomcat/webapps/kms/WEB-INF/lib/jetty-util-6.1.26.jar took 0.189 seconds
[2022-10-22T00:08:57.552+0000] {processor.py:156} INFO - Started process (PID=20737) to work on /opt/airflow/dags/hadoop-2.7.3/share/hadoop/kms/tomcat/webapps/kms/WEB-INF/lib/jetty-util-6.1.26.jar
[2022-10-22T00:08:57.559+0000] {processor.py:758} INFO - Processing file /opt/airflow/dags/hadoop-2.7.3/share/hadoop/kms/tomcat/webapps/kms/WEB-INF/lib/jetty-util-6.1.26.jar for tasks to queue
[2022-10-22T00:08:57.563+0000] {logging_mixin.py:117} INFO - [2022-10-22T00:08:57.562+0000] {dagbag.py:525} INFO - Filling up the DagBag from /opt/airflow/dags/hadoop-2.7.3/share/hadoop/kms/tomcat/webapps/kms/WEB-INF/lib/jetty-util-6.1.26.jar
[2022-10-22T00:08:57.572+0000] {processor.py:770} WARNING - No viable dags retrieved from /opt/airflow/dags/hadoop-2.7.3/share/hadoop/kms/tomcat/webapps/kms/WEB-INF/lib/jetty-util-6.1.26.jar
[2022-10-22T00:08:57.630+0000] {processor.py:178} INFO - Processing /opt/airflow/dags/hadoop-2.7.3/share/hadoop/kms/tomcat/webapps/kms/WEB-INF/lib/jetty-util-6.1.26.jar took 0.095 seconds
[2022-10-22T00:09:15.324+0000] {processor.py:156} INFO - Started process (PID=23380) to work on /opt/airflow/dags/hadoop-2.7.3/share/hadoop/kms/tomcat/webapps/kms/WEB-INF/lib/jetty-util-6.1.26.jar
[2022-10-22T00:09:15.331+0000] {processor.py:758} INFO - Processing file /opt/airflow/dags/hadoop-2.7.3/share/hadoop/kms/tomcat/webapps/kms/WEB-INF/lib/jetty-util-6.1.26.jar for tasks to queue
[2022-10-22T00:09:15.334+0000] {logging_mixin.py:117} INFO - [2022-10-22T00:09:15.334+0000] {dagbag.py:525} INFO - Filling up the DagBag from /opt/airflow/dags/hadoop-2.7.3/share/hadoop/kms/tomcat/webapps/kms/WEB-INF/lib/jetty-util-6.1.26.jar
[2022-10-22T00:09:15.350+0000] {processor.py:770} WARNING - No viable dags retrieved from /opt/airflow/dags/hadoop-2.7.3/share/hadoop/kms/tomcat/webapps/kms/WEB-INF/lib/jetty-util-6.1.26.jar
[2022-10-22T00:09:15.392+0000] {processor.py:178} INFO - Processing /opt/airflow/dags/hadoop-2.7.3/share/hadoop/kms/tomcat/webapps/kms/WEB-INF/lib/jetty-util-6.1.26.jar took 0.081 seconds
[2022-10-22T00:09:52.244+0000] {processor.py:156} INFO - Started process (PID=21262) to work on /opt/airflow/dags/hadoop-2.7.3/share/hadoop/kms/tomcat/webapps/kms/WEB-INF/lib/jetty-util-6.1.26.jar
[2022-10-22T00:09:52.248+0000] {processor.py:758} INFO - Processing file /opt/airflow/dags/hadoop-2.7.3/share/hadoop/kms/tomcat/webapps/kms/WEB-INF/lib/jetty-util-6.1.26.jar for tasks to queue
[2022-10-22T00:09:52.251+0000] {logging_mixin.py:117} INFO - [2022-10-22T00:09:52.250+0000] {dagbag.py:525} INFO - Filling up the DagBag from /opt/airflow/dags/hadoop-2.7.3/share/hadoop/kms/tomcat/webapps/kms/WEB-INF/lib/jetty-util-6.1.26.jar
[2022-10-22T00:09:52.260+0000] {processor.py:770} WARNING - No viable dags retrieved from /opt/airflow/dags/hadoop-2.7.3/share/hadoop/kms/tomcat/webapps/kms/WEB-INF/lib/jetty-util-6.1.26.jar
[2022-10-22T00:09:52.289+0000] {processor.py:178} INFO - Processing /opt/airflow/dags/hadoop-2.7.3/share/hadoop/kms/tomcat/webapps/kms/WEB-INF/lib/jetty-util-6.1.26.jar took 0.052 seconds
[2022-10-22T00:11:17.528+0000] {processor.py:156} INFO - Started process (PID=23904) to work on /opt/airflow/dags/hadoop-2.7.3/share/hadoop/kms/tomcat/webapps/kms/WEB-INF/lib/jetty-util-6.1.26.jar
[2022-10-22T00:11:17.530+0000] {processor.py:758} INFO - Processing file /opt/airflow/dags/hadoop-2.7.3/share/hadoop/kms/tomcat/webapps/kms/WEB-INF/lib/jetty-util-6.1.26.jar for tasks to queue
[2022-10-22T00:11:17.532+0000] {logging_mixin.py:117} INFO - [2022-10-22T00:11:17.531+0000] {dagbag.py:525} INFO - Filling up the DagBag from /opt/airflow/dags/hadoop-2.7.3/share/hadoop/kms/tomcat/webapps/kms/WEB-INF/lib/jetty-util-6.1.26.jar
[2022-10-22T00:11:17.539+0000] {processor.py:770} WARNING - No viable dags retrieved from /opt/airflow/dags/hadoop-2.7.3/share/hadoop/kms/tomcat/webapps/kms/WEB-INF/lib/jetty-util-6.1.26.jar
[2022-10-22T00:11:17.573+0000] {processor.py:178} INFO - Processing /opt/airflow/dags/hadoop-2.7.3/share/hadoop/kms/tomcat/webapps/kms/WEB-INF/lib/jetty-util-6.1.26.jar took 0.051 seconds
[2022-10-22T00:11:34.447+0000] {processor.py:156} INFO - Started process (PID=21672) to work on /opt/airflow/dags/hadoop-2.7.3/share/hadoop/kms/tomcat/webapps/kms/WEB-INF/lib/jetty-util-6.1.26.jar
[2022-10-22T00:11:34.449+0000] {processor.py:758} INFO - Processing file /opt/airflow/dags/hadoop-2.7.3/share/hadoop/kms/tomcat/webapps/kms/WEB-INF/lib/jetty-util-6.1.26.jar for tasks to queue
[2022-10-22T00:11:34.450+0000] {logging_mixin.py:117} INFO - [2022-10-22T00:11:34.450+0000] {dagbag.py:525} INFO - Filling up the DagBag from /opt/airflow/dags/hadoop-2.7.3/share/hadoop/kms/tomcat/webapps/kms/WEB-INF/lib/jetty-util-6.1.26.jar
[2022-10-22T00:11:34.455+0000] {processor.py:770} WARNING - No viable dags retrieved from /opt/airflow/dags/hadoop-2.7.3/share/hadoop/kms/tomcat/webapps/kms/WEB-INF/lib/jetty-util-6.1.26.jar
[2022-10-22T00:11:34.475+0000] {processor.py:178} INFO - Processing /opt/airflow/dags/hadoop-2.7.3/share/hadoop/kms/tomcat/webapps/kms/WEB-INF/lib/jetty-util-6.1.26.jar took 0.034 seconds
[2022-10-22T00:11:54.139+0000] {processor.py:156} INFO - Started process (PID=24413) to work on /opt/airflow/dags/hadoop-2.7.3/share/hadoop/kms/tomcat/webapps/kms/WEB-INF/lib/jetty-util-6.1.26.jar
[2022-10-22T00:11:54.141+0000] {processor.py:758} INFO - Processing file /opt/airflow/dags/hadoop-2.7.3/share/hadoop/kms/tomcat/webapps/kms/WEB-INF/lib/jetty-util-6.1.26.jar for tasks to queue
[2022-10-22T00:11:54.145+0000] {logging_mixin.py:117} INFO - [2022-10-22T00:11:54.145+0000] {dagbag.py:525} INFO - Filling up the DagBag from /opt/airflow/dags/hadoop-2.7.3/share/hadoop/kms/tomcat/webapps/kms/WEB-INF/lib/jetty-util-6.1.26.jar
[2022-10-22T00:11:54.152+0000] {processor.py:770} WARNING - No viable dags retrieved from /opt/airflow/dags/hadoop-2.7.3/share/hadoop/kms/tomcat/webapps/kms/WEB-INF/lib/jetty-util-6.1.26.jar
[2022-10-22T00:11:54.198+0000] {processor.py:178} INFO - Processing /opt/airflow/dags/hadoop-2.7.3/share/hadoop/kms/tomcat/webapps/kms/WEB-INF/lib/jetty-util-6.1.26.jar took 0.070 seconds
[2022-10-22T00:12:21.082+0000] {processor.py:156} INFO - Started process (PID=22189) to work on /opt/airflow/dags/hadoop-2.7.3/share/hadoop/kms/tomcat/webapps/kms/WEB-INF/lib/jetty-util-6.1.26.jar
[2022-10-22T00:12:21.088+0000] {processor.py:758} INFO - Processing file /opt/airflow/dags/hadoop-2.7.3/share/hadoop/kms/tomcat/webapps/kms/WEB-INF/lib/jetty-util-6.1.26.jar for tasks to queue
[2022-10-22T00:12:21.092+0000] {logging_mixin.py:117} INFO - [2022-10-22T00:12:21.092+0000] {dagbag.py:525} INFO - Filling up the DagBag from /opt/airflow/dags/hadoop-2.7.3/share/hadoop/kms/tomcat/webapps/kms/WEB-INF/lib/jetty-util-6.1.26.jar
[2022-10-22T00:12:21.119+0000] {processor.py:770} WARNING - No viable dags retrieved from /opt/airflow/dags/hadoop-2.7.3/share/hadoop/kms/tomcat/webapps/kms/WEB-INF/lib/jetty-util-6.1.26.jar
[2022-10-22T00:12:21.177+0000] {processor.py:178} INFO - Processing /opt/airflow/dags/hadoop-2.7.3/share/hadoop/kms/tomcat/webapps/kms/WEB-INF/lib/jetty-util-6.1.26.jar took 0.109 seconds
[2022-10-22T00:15:22.679+0000] {processor.py:156} INFO - Started process (PID=22649) to work on /opt/airflow/dags/hadoop-2.7.3/share/hadoop/kms/tomcat/webapps/kms/WEB-INF/lib/jetty-util-6.1.26.jar
[2022-10-22T00:15:22.686+0000] {processor.py:758} INFO - Processing file /opt/airflow/dags/hadoop-2.7.3/share/hadoop/kms/tomcat/webapps/kms/WEB-INF/lib/jetty-util-6.1.26.jar for tasks to queue
[2022-10-22T00:15:22.691+0000] {logging_mixin.py:117} INFO - [2022-10-22T00:15:22.691+0000] {dagbag.py:525} INFO - Filling up the DagBag from /opt/airflow/dags/hadoop-2.7.3/share/hadoop/kms/tomcat/webapps/kms/WEB-INF/lib/jetty-util-6.1.26.jar
[2022-10-22T00:15:22.699+0000] {processor.py:770} WARNING - No viable dags retrieved from /opt/airflow/dags/hadoop-2.7.3/share/hadoop/kms/tomcat/webapps/kms/WEB-INF/lib/jetty-util-6.1.26.jar
[2022-10-22T00:15:22.784+0000] {processor.py:178} INFO - Processing /opt/airflow/dags/hadoop-2.7.3/share/hadoop/kms/tomcat/webapps/kms/WEB-INF/lib/jetty-util-6.1.26.jar took 0.111 seconds
[2022-10-22T00:15:36.335+0000] {processor.py:156} INFO - Started process (PID=25215) to work on /opt/airflow/dags/hadoop-2.7.3/share/hadoop/kms/tomcat/webapps/kms/WEB-INF/lib/jetty-util-6.1.26.jar
[2022-10-22T00:15:36.339+0000] {processor.py:758} INFO - Processing file /opt/airflow/dags/hadoop-2.7.3/share/hadoop/kms/tomcat/webapps/kms/WEB-INF/lib/jetty-util-6.1.26.jar for tasks to queue
[2022-10-22T00:15:36.342+0000] {logging_mixin.py:117} INFO - [2022-10-22T00:15:36.341+0000] {dagbag.py:525} INFO - Filling up the DagBag from /opt/airflow/dags/hadoop-2.7.3/share/hadoop/kms/tomcat/webapps/kms/WEB-INF/lib/jetty-util-6.1.26.jar
[2022-10-22T00:15:36.354+0000] {processor.py:770} WARNING - No viable dags retrieved from /opt/airflow/dags/hadoop-2.7.3/share/hadoop/kms/tomcat/webapps/kms/WEB-INF/lib/jetty-util-6.1.26.jar
[2022-10-22T00:15:36.413+0000] {processor.py:178} INFO - Processing /opt/airflow/dags/hadoop-2.7.3/share/hadoop/kms/tomcat/webapps/kms/WEB-INF/lib/jetty-util-6.1.26.jar took 0.085 seconds
[2022-10-22T00:16:12.183+0000] {processor.py:156} INFO - Started process (PID=23174) to work on /opt/airflow/dags/hadoop-2.7.3/share/hadoop/kms/tomcat/webapps/kms/WEB-INF/lib/jetty-util-6.1.26.jar
[2022-10-22T00:16:12.188+0000] {processor.py:758} INFO - Processing file /opt/airflow/dags/hadoop-2.7.3/share/hadoop/kms/tomcat/webapps/kms/WEB-INF/lib/jetty-util-6.1.26.jar for tasks to queue
[2022-10-22T00:16:12.190+0000] {logging_mixin.py:117} INFO - [2022-10-22T00:16:12.189+0000] {dagbag.py:525} INFO - Filling up the DagBag from /opt/airflow/dags/hadoop-2.7.3/share/hadoop/kms/tomcat/webapps/kms/WEB-INF/lib/jetty-util-6.1.26.jar
[2022-10-22T00:16:12.200+0000] {processor.py:770} WARNING - No viable dags retrieved from /opt/airflow/dags/hadoop-2.7.3/share/hadoop/kms/tomcat/webapps/kms/WEB-INF/lib/jetty-util-6.1.26.jar
[2022-10-22T00:16:12.251+0000] {processor.py:178} INFO - Processing /opt/airflow/dags/hadoop-2.7.3/share/hadoop/kms/tomcat/webapps/kms/WEB-INF/lib/jetty-util-6.1.26.jar took 0.084 seconds
[2022-10-22T00:16:22.124+0000] {processor.py:156} INFO - Started process (PID=25731) to work on /opt/airflow/dags/hadoop-2.7.3/share/hadoop/kms/tomcat/webapps/kms/WEB-INF/lib/jetty-util-6.1.26.jar
[2022-10-22T00:16:22.126+0000] {processor.py:758} INFO - Processing file /opt/airflow/dags/hadoop-2.7.3/share/hadoop/kms/tomcat/webapps/kms/WEB-INF/lib/jetty-util-6.1.26.jar for tasks to queue
[2022-10-22T00:16:22.129+0000] {logging_mixin.py:117} INFO - [2022-10-22T00:16:22.129+0000] {dagbag.py:525} INFO - Filling up the DagBag from /opt/airflow/dags/hadoop-2.7.3/share/hadoop/kms/tomcat/webapps/kms/WEB-INF/lib/jetty-util-6.1.26.jar
[2022-10-22T00:16:22.137+0000] {processor.py:770} WARNING - No viable dags retrieved from /opt/airflow/dags/hadoop-2.7.3/share/hadoop/kms/tomcat/webapps/kms/WEB-INF/lib/jetty-util-6.1.26.jar
[2022-10-22T00:16:22.165+0000] {processor.py:178} INFO - Processing /opt/airflow/dags/hadoop-2.7.3/share/hadoop/kms/tomcat/webapps/kms/WEB-INF/lib/jetty-util-6.1.26.jar took 0.049 seconds
[2022-10-22T00:17:02.484+0000] {processor.py:156} INFO - Started process (PID=23709) to work on /opt/airflow/dags/hadoop-2.7.3/share/hadoop/kms/tomcat/webapps/kms/WEB-INF/lib/jetty-util-6.1.26.jar
[2022-10-22T00:17:02.489+0000] {processor.py:758} INFO - Processing file /opt/airflow/dags/hadoop-2.7.3/share/hadoop/kms/tomcat/webapps/kms/WEB-INF/lib/jetty-util-6.1.26.jar for tasks to queue
[2022-10-22T00:17:02.492+0000] {logging_mixin.py:117} INFO - [2022-10-22T00:17:02.492+0000] {dagbag.py:525} INFO - Filling up the DagBag from /opt/airflow/dags/hadoop-2.7.3/share/hadoop/kms/tomcat/webapps/kms/WEB-INF/lib/jetty-util-6.1.26.jar
[2022-10-22T00:17:02.501+0000] {processor.py:770} WARNING - No viable dags retrieved from /opt/airflow/dags/hadoop-2.7.3/share/hadoop/kms/tomcat/webapps/kms/WEB-INF/lib/jetty-util-6.1.26.jar
[2022-10-22T00:17:02.529+0000] {processor.py:178} INFO - Processing /opt/airflow/dags/hadoop-2.7.3/share/hadoop/kms/tomcat/webapps/kms/WEB-INF/lib/jetty-util-6.1.26.jar took 0.055 seconds
[2022-10-22T00:17:12.266+0000] {processor.py:156} INFO - Started process (PID=26261) to work on /opt/airflow/dags/hadoop-2.7.3/share/hadoop/kms/tomcat/webapps/kms/WEB-INF/lib/jetty-util-6.1.26.jar
[2022-10-22T00:17:12.270+0000] {processor.py:758} INFO - Processing file /opt/airflow/dags/hadoop-2.7.3/share/hadoop/kms/tomcat/webapps/kms/WEB-INF/lib/jetty-util-6.1.26.jar for tasks to queue
[2022-10-22T00:17:12.273+0000] {logging_mixin.py:117} INFO - [2022-10-22T00:17:12.273+0000] {dagbag.py:525} INFO - Filling up the DagBag from /opt/airflow/dags/hadoop-2.7.3/share/hadoop/kms/tomcat/webapps/kms/WEB-INF/lib/jetty-util-6.1.26.jar
[2022-10-22T00:17:12.284+0000] {processor.py:770} WARNING - No viable dags retrieved from /opt/airflow/dags/hadoop-2.7.3/share/hadoop/kms/tomcat/webapps/kms/WEB-INF/lib/jetty-util-6.1.26.jar
[2022-10-22T00:17:12.323+0000] {processor.py:178} INFO - Processing /opt/airflow/dags/hadoop-2.7.3/share/hadoop/kms/tomcat/webapps/kms/WEB-INF/lib/jetty-util-6.1.26.jar took 0.071 seconds
[2022-10-22T00:17:52.332+0000] {processor.py:156} INFO - Started process (PID=24224) to work on /opt/airflow/dags/hadoop-2.7.3/share/hadoop/kms/tomcat/webapps/kms/WEB-INF/lib/jetty-util-6.1.26.jar
[2022-10-22T00:17:52.335+0000] {processor.py:758} INFO - Processing file /opt/airflow/dags/hadoop-2.7.3/share/hadoop/kms/tomcat/webapps/kms/WEB-INF/lib/jetty-util-6.1.26.jar for tasks to queue
[2022-10-22T00:17:52.337+0000] {logging_mixin.py:117} INFO - [2022-10-22T00:17:52.337+0000] {dagbag.py:525} INFO - Filling up the DagBag from /opt/airflow/dags/hadoop-2.7.3/share/hadoop/kms/tomcat/webapps/kms/WEB-INF/lib/jetty-util-6.1.26.jar
[2022-10-22T00:17:52.351+0000] {processor.py:770} WARNING - No viable dags retrieved from /opt/airflow/dags/hadoop-2.7.3/share/hadoop/kms/tomcat/webapps/kms/WEB-INF/lib/jetty-util-6.1.26.jar
[2022-10-22T00:17:52.380+0000] {processor.py:178} INFO - Processing /opt/airflow/dags/hadoop-2.7.3/share/hadoop/kms/tomcat/webapps/kms/WEB-INF/lib/jetty-util-6.1.26.jar took 0.057 seconds
[2022-10-22T00:18:08.126+0000] {processor.py:156} INFO - Started process (PID=26857) to work on /opt/airflow/dags/hadoop-2.7.3/share/hadoop/kms/tomcat/webapps/kms/WEB-INF/lib/jetty-util-6.1.26.jar
[2022-10-22T00:18:08.139+0000] {processor.py:758} INFO - Processing file /opt/airflow/dags/hadoop-2.7.3/share/hadoop/kms/tomcat/webapps/kms/WEB-INF/lib/jetty-util-6.1.26.jar for tasks to queue
[2022-10-22T00:18:08.143+0000] {logging_mixin.py:117} INFO - [2022-10-22T00:18:08.143+0000] {dagbag.py:525} INFO - Filling up the DagBag from /opt/airflow/dags/hadoop-2.7.3/share/hadoop/kms/tomcat/webapps/kms/WEB-INF/lib/jetty-util-6.1.26.jar
[2022-10-22T00:18:08.160+0000] {processor.py:770} WARNING - No viable dags retrieved from /opt/airflow/dags/hadoop-2.7.3/share/hadoop/kms/tomcat/webapps/kms/WEB-INF/lib/jetty-util-6.1.26.jar
[2022-10-22T00:18:08.213+0000] {processor.py:178} INFO - Processing /opt/airflow/dags/hadoop-2.7.3/share/hadoop/kms/tomcat/webapps/kms/WEB-INF/lib/jetty-util-6.1.26.jar took 0.093 seconds
[2022-10-22T00:18:51.037+0000] {processor.py:156} INFO - Started process (PID=24831) to work on /opt/airflow/dags/hadoop-2.7.3/share/hadoop/kms/tomcat/webapps/kms/WEB-INF/lib/jetty-util-6.1.26.jar
[2022-10-22T00:18:51.040+0000] {processor.py:758} INFO - Processing file /opt/airflow/dags/hadoop-2.7.3/share/hadoop/kms/tomcat/webapps/kms/WEB-INF/lib/jetty-util-6.1.26.jar for tasks to queue
[2022-10-22T00:18:51.050+0000] {logging_mixin.py:117} INFO - [2022-10-22T00:18:51.050+0000] {dagbag.py:525} INFO - Filling up the DagBag from /opt/airflow/dags/hadoop-2.7.3/share/hadoop/kms/tomcat/webapps/kms/WEB-INF/lib/jetty-util-6.1.26.jar
[2022-10-22T00:18:51.060+0000] {processor.py:770} WARNING - No viable dags retrieved from /opt/airflow/dags/hadoop-2.7.3/share/hadoop/kms/tomcat/webapps/kms/WEB-INF/lib/jetty-util-6.1.26.jar
[2022-10-22T00:18:51.103+0000] {processor.py:178} INFO - Processing /opt/airflow/dags/hadoop-2.7.3/share/hadoop/kms/tomcat/webapps/kms/WEB-INF/lib/jetty-util-6.1.26.jar took 0.073 seconds
[2022-10-22T00:19:01.421+0000] {processor.py:156} INFO - Started process (PID=27423) to work on /opt/airflow/dags/hadoop-2.7.3/share/hadoop/kms/tomcat/webapps/kms/WEB-INF/lib/jetty-util-6.1.26.jar
[2022-10-22T00:19:01.425+0000] {processor.py:758} INFO - Processing file /opt/airflow/dags/hadoop-2.7.3/share/hadoop/kms/tomcat/webapps/kms/WEB-INF/lib/jetty-util-6.1.26.jar for tasks to queue
[2022-10-22T00:19:01.428+0000] {logging_mixin.py:117} INFO - [2022-10-22T00:19:01.427+0000] {dagbag.py:525} INFO - Filling up the DagBag from /opt/airflow/dags/hadoop-2.7.3/share/hadoop/kms/tomcat/webapps/kms/WEB-INF/lib/jetty-util-6.1.26.jar
[2022-10-22T00:19:01.444+0000] {processor.py:770} WARNING - No viable dags retrieved from /opt/airflow/dags/hadoop-2.7.3/share/hadoop/kms/tomcat/webapps/kms/WEB-INF/lib/jetty-util-6.1.26.jar
[2022-10-22T00:19:01.511+0000] {processor.py:178} INFO - Processing /opt/airflow/dags/hadoop-2.7.3/share/hadoop/kms/tomcat/webapps/kms/WEB-INF/lib/jetty-util-6.1.26.jar took 0.107 seconds
[2022-10-22T00:20:28.097+0000] {processor.py:156} INFO - Started process (PID=27977) to work on /opt/airflow/dags/hadoop-2.7.3/share/hadoop/kms/tomcat/webapps/kms/WEB-INF/lib/jetty-util-6.1.26.jar
[2022-10-22T00:20:28.101+0000] {processor.py:758} INFO - Processing file /opt/airflow/dags/hadoop-2.7.3/share/hadoop/kms/tomcat/webapps/kms/WEB-INF/lib/jetty-util-6.1.26.jar for tasks to queue
[2022-10-22T00:20:28.106+0000] {logging_mixin.py:117} INFO - [2022-10-22T00:20:28.105+0000] {dagbag.py:525} INFO - Filling up the DagBag from /opt/airflow/dags/hadoop-2.7.3/share/hadoop/kms/tomcat/webapps/kms/WEB-INF/lib/jetty-util-6.1.26.jar
[2022-10-22T00:20:28.119+0000] {processor.py:770} WARNING - No viable dags retrieved from /opt/airflow/dags/hadoop-2.7.3/share/hadoop/kms/tomcat/webapps/kms/WEB-INF/lib/jetty-util-6.1.26.jar
[2022-10-22T00:20:28.162+0000] {processor.py:178} INFO - Processing /opt/airflow/dags/hadoop-2.7.3/share/hadoop/kms/tomcat/webapps/kms/WEB-INF/lib/jetty-util-6.1.26.jar took 0.072 seconds
[2022-10-22T00:20:40.130+0000] {processor.py:156} INFO - Started process (PID=25559) to work on /opt/airflow/dags/hadoop-2.7.3/share/hadoop/kms/tomcat/webapps/kms/WEB-INF/lib/jetty-util-6.1.26.jar
[2022-10-22T00:20:40.141+0000] {processor.py:758} INFO - Processing file /opt/airflow/dags/hadoop-2.7.3/share/hadoop/kms/tomcat/webapps/kms/WEB-INF/lib/jetty-util-6.1.26.jar for tasks to queue
[2022-10-22T00:20:40.146+0000] {logging_mixin.py:117} INFO - [2022-10-22T00:20:40.145+0000] {dagbag.py:525} INFO - Filling up the DagBag from /opt/airflow/dags/hadoop-2.7.3/share/hadoop/kms/tomcat/webapps/kms/WEB-INF/lib/jetty-util-6.1.26.jar
[2022-10-22T00:20:40.166+0000] {processor.py:770} WARNING - No viable dags retrieved from /opt/airflow/dags/hadoop-2.7.3/share/hadoop/kms/tomcat/webapps/kms/WEB-INF/lib/jetty-util-6.1.26.jar
[2022-10-22T00:20:40.219+0000] {processor.py:178} INFO - Processing /opt/airflow/dags/hadoop-2.7.3/share/hadoop/kms/tomcat/webapps/kms/WEB-INF/lib/jetty-util-6.1.26.jar took 0.098 seconds
[2022-10-22T00:21:25.963+0000] {processor.py:156} INFO - Started process (PID=28537) to work on /opt/airflow/dags/hadoop-2.7.3/share/hadoop/kms/tomcat/webapps/kms/WEB-INF/lib/jetty-util-6.1.26.jar
[2022-10-22T00:21:25.966+0000] {processor.py:758} INFO - Processing file /opt/airflow/dags/hadoop-2.7.3/share/hadoop/kms/tomcat/webapps/kms/WEB-INF/lib/jetty-util-6.1.26.jar for tasks to queue
[2022-10-22T00:21:25.969+0000] {logging_mixin.py:117} INFO - [2022-10-22T00:21:25.969+0000] {dagbag.py:525} INFO - Filling up the DagBag from /opt/airflow/dags/hadoop-2.7.3/share/hadoop/kms/tomcat/webapps/kms/WEB-INF/lib/jetty-util-6.1.26.jar
[2022-10-22T00:21:25.983+0000] {processor.py:770} WARNING - No viable dags retrieved from /opt/airflow/dags/hadoop-2.7.3/share/hadoop/kms/tomcat/webapps/kms/WEB-INF/lib/jetty-util-6.1.26.jar
[2022-10-22T00:21:26.058+0000] {processor.py:178} INFO - Processing /opt/airflow/dags/hadoop-2.7.3/share/hadoop/kms/tomcat/webapps/kms/WEB-INF/lib/jetty-util-6.1.26.jar took 0.103 seconds
[2022-10-22T00:21:32.973+0000] {processor.py:156} INFO - Started process (PID=26083) to work on /opt/airflow/dags/hadoop-2.7.3/share/hadoop/kms/tomcat/webapps/kms/WEB-INF/lib/jetty-util-6.1.26.jar
[2022-10-22T00:21:32.975+0000] {processor.py:758} INFO - Processing file /opt/airflow/dags/hadoop-2.7.3/share/hadoop/kms/tomcat/webapps/kms/WEB-INF/lib/jetty-util-6.1.26.jar for tasks to queue
[2022-10-22T00:21:32.978+0000] {logging_mixin.py:117} INFO - [2022-10-22T00:21:32.977+0000] {dagbag.py:525} INFO - Filling up the DagBag from /opt/airflow/dags/hadoop-2.7.3/share/hadoop/kms/tomcat/webapps/kms/WEB-INF/lib/jetty-util-6.1.26.jar
[2022-10-22T00:21:32.988+0000] {processor.py:770} WARNING - No viable dags retrieved from /opt/airflow/dags/hadoop-2.7.3/share/hadoop/kms/tomcat/webapps/kms/WEB-INF/lib/jetty-util-6.1.26.jar
[2022-10-22T00:21:33.040+0000] {processor.py:178} INFO - Processing /opt/airflow/dags/hadoop-2.7.3/share/hadoop/kms/tomcat/webapps/kms/WEB-INF/lib/jetty-util-6.1.26.jar took 0.080 seconds
[2022-10-22T00:22:22.286+0000] {processor.py:156} INFO - Started process (PID=26537) to work on /opt/airflow/dags/hadoop-2.7.3/share/hadoop/kms/tomcat/webapps/kms/WEB-INF/lib/jetty-util-6.1.26.jar
[2022-10-22T00:22:22.289+0000] {processor.py:758} INFO - Processing file /opt/airflow/dags/hadoop-2.7.3/share/hadoop/kms/tomcat/webapps/kms/WEB-INF/lib/jetty-util-6.1.26.jar for tasks to queue
[2022-10-22T00:22:22.293+0000] {logging_mixin.py:117} INFO - [2022-10-22T00:22:22.292+0000] {dagbag.py:525} INFO - Filling up the DagBag from /opt/airflow/dags/hadoop-2.7.3/share/hadoop/kms/tomcat/webapps/kms/WEB-INF/lib/jetty-util-6.1.26.jar
[2022-10-22T00:22:22.310+0000] {processor.py:770} WARNING - No viable dags retrieved from /opt/airflow/dags/hadoop-2.7.3/share/hadoop/kms/tomcat/webapps/kms/WEB-INF/lib/jetty-util-6.1.26.jar
[2022-10-22T00:22:22.353+0000] {processor.py:178} INFO - Processing /opt/airflow/dags/hadoop-2.7.3/share/hadoop/kms/tomcat/webapps/kms/WEB-INF/lib/jetty-util-6.1.26.jar took 0.078 seconds
[2022-10-22T00:22:29.612+0000] {processor.py:156} INFO - Started process (PID=29157) to work on /opt/airflow/dags/hadoop-2.7.3/share/hadoop/kms/tomcat/webapps/kms/WEB-INF/lib/jetty-util-6.1.26.jar
[2022-10-22T00:22:29.615+0000] {processor.py:758} INFO - Processing file /opt/airflow/dags/hadoop-2.7.3/share/hadoop/kms/tomcat/webapps/kms/WEB-INF/lib/jetty-util-6.1.26.jar for tasks to queue
[2022-10-22T00:22:29.618+0000] {logging_mixin.py:117} INFO - [2022-10-22T00:22:29.618+0000] {dagbag.py:525} INFO - Filling up the DagBag from /opt/airflow/dags/hadoop-2.7.3/share/hadoop/kms/tomcat/webapps/kms/WEB-INF/lib/jetty-util-6.1.26.jar
[2022-10-22T00:22:29.627+0000] {processor.py:770} WARNING - No viable dags retrieved from /opt/airflow/dags/hadoop-2.7.3/share/hadoop/kms/tomcat/webapps/kms/WEB-INF/lib/jetty-util-6.1.26.jar
[2022-10-22T00:22:29.682+0000] {processor.py:178} INFO - Processing /opt/airflow/dags/hadoop-2.7.3/share/hadoop/kms/tomcat/webapps/kms/WEB-INF/lib/jetty-util-6.1.26.jar took 0.081 seconds
[2022-10-22T00:23:14.100+0000] {processor.py:156} INFO - Started process (PID=27024) to work on /opt/airflow/dags/hadoop-2.7.3/share/hadoop/kms/tomcat/webapps/kms/WEB-INF/lib/jetty-util-6.1.26.jar
[2022-10-22T00:23:14.104+0000] {processor.py:758} INFO - Processing file /opt/airflow/dags/hadoop-2.7.3/share/hadoop/kms/tomcat/webapps/kms/WEB-INF/lib/jetty-util-6.1.26.jar for tasks to queue
[2022-10-22T00:23:14.107+0000] {logging_mixin.py:117} INFO - [2022-10-22T00:23:14.107+0000] {dagbag.py:525} INFO - Filling up the DagBag from /opt/airflow/dags/hadoop-2.7.3/share/hadoop/kms/tomcat/webapps/kms/WEB-INF/lib/jetty-util-6.1.26.jar
[2022-10-22T00:23:14.122+0000] {processor.py:770} WARNING - No viable dags retrieved from /opt/airflow/dags/hadoop-2.7.3/share/hadoop/kms/tomcat/webapps/kms/WEB-INF/lib/jetty-util-6.1.26.jar
[2022-10-22T00:23:14.165+0000] {processor.py:178} INFO - Processing /opt/airflow/dags/hadoop-2.7.3/share/hadoop/kms/tomcat/webapps/kms/WEB-INF/lib/jetty-util-6.1.26.jar took 0.071 seconds
[2022-10-22T00:23:17.723+0000] {processor.py:156} INFO - Started process (PID=29624) to work on /opt/airflow/dags/hadoop-2.7.3/share/hadoop/kms/tomcat/webapps/kms/WEB-INF/lib/jetty-util-6.1.26.jar
[2022-10-22T00:23:17.727+0000] {processor.py:758} INFO - Processing file /opt/airflow/dags/hadoop-2.7.3/share/hadoop/kms/tomcat/webapps/kms/WEB-INF/lib/jetty-util-6.1.26.jar for tasks to queue
[2022-10-22T00:23:17.730+0000] {logging_mixin.py:117} INFO - [2022-10-22T00:23:17.729+0000] {dagbag.py:525} INFO - Filling up the DagBag from /opt/airflow/dags/hadoop-2.7.3/share/hadoop/kms/tomcat/webapps/kms/WEB-INF/lib/jetty-util-6.1.26.jar
[2022-10-22T00:23:17.737+0000] {processor.py:770} WARNING - No viable dags retrieved from /opt/airflow/dags/hadoop-2.7.3/share/hadoop/kms/tomcat/webapps/kms/WEB-INF/lib/jetty-util-6.1.26.jar
[2022-10-22T00:23:17.785+0000] {processor.py:178} INFO - Processing /opt/airflow/dags/hadoop-2.7.3/share/hadoop/kms/tomcat/webapps/kms/WEB-INF/lib/jetty-util-6.1.26.jar took 0.073 seconds
[2022-10-22T00:24:03.410+0000] {processor.py:156} INFO - Started process (PID=30143) to work on /opt/airflow/dags/hadoop-2.7.3/share/hadoop/kms/tomcat/webapps/kms/WEB-INF/lib/jetty-util-6.1.26.jar
[2022-10-22T00:24:03.412+0000] {processor.py:758} INFO - Processing file /opt/airflow/dags/hadoop-2.7.3/share/hadoop/kms/tomcat/webapps/kms/WEB-INF/lib/jetty-util-6.1.26.jar for tasks to queue
[2022-10-22T00:24:03.414+0000] {logging_mixin.py:117} INFO - [2022-10-22T00:24:03.414+0000] {dagbag.py:525} INFO - Filling up the DagBag from /opt/airflow/dags/hadoop-2.7.3/share/hadoop/kms/tomcat/webapps/kms/WEB-INF/lib/jetty-util-6.1.26.jar
[2022-10-22T00:24:03.421+0000] {processor.py:770} WARNING - No viable dags retrieved from /opt/airflow/dags/hadoop-2.7.3/share/hadoop/kms/tomcat/webapps/kms/WEB-INF/lib/jetty-util-6.1.26.jar
[2022-10-22T00:24:03.461+0000] {processor.py:178} INFO - Processing /opt/airflow/dags/hadoop-2.7.3/share/hadoop/kms/tomcat/webapps/kms/WEB-INF/lib/jetty-util-6.1.26.jar took 0.057 seconds
[2022-10-22T00:24:05.250+0000] {processor.py:156} INFO - Started process (PID=27584) to work on /opt/airflow/dags/hadoop-2.7.3/share/hadoop/kms/tomcat/webapps/kms/WEB-INF/lib/jetty-util-6.1.26.jar
[2022-10-22T00:24:05.251+0000] {processor.py:758} INFO - Processing file /opt/airflow/dags/hadoop-2.7.3/share/hadoop/kms/tomcat/webapps/kms/WEB-INF/lib/jetty-util-6.1.26.jar for tasks to queue
[2022-10-22T00:24:05.253+0000] {logging_mixin.py:117} INFO - [2022-10-22T00:24:05.253+0000] {dagbag.py:525} INFO - Filling up the DagBag from /opt/airflow/dags/hadoop-2.7.3/share/hadoop/kms/tomcat/webapps/kms/WEB-INF/lib/jetty-util-6.1.26.jar
[2022-10-22T00:24:05.261+0000] {processor.py:770} WARNING - No viable dags retrieved from /opt/airflow/dags/hadoop-2.7.3/share/hadoop/kms/tomcat/webapps/kms/WEB-INF/lib/jetty-util-6.1.26.jar
[2022-10-22T00:24:05.296+0000] {processor.py:178} INFO - Processing /opt/airflow/dags/hadoop-2.7.3/share/hadoop/kms/tomcat/webapps/kms/WEB-INF/lib/jetty-util-6.1.26.jar took 0.051 seconds
