[2022-10-22T00:00:09.802+0000] {processor.py:156} INFO - Started process (PID=16794) to work on /opt/airflow/dags/hadoop-2.7.3/share/hadoop/kms/tomcat/webapps/kms/WEB-INF/lib/log4j-1.2.17.jar
[2022-10-22T00:00:09.818+0000] {processor.py:758} INFO - Processing file /opt/airflow/dags/hadoop-2.7.3/share/hadoop/kms/tomcat/webapps/kms/WEB-INF/lib/log4j-1.2.17.jar for tasks to queue
[2022-10-22T00:00:09.832+0000] {logging_mixin.py:117} INFO - [2022-10-22T00:00:09.824+0000] {dagbag.py:525} INFO - Filling up the DagBag from /opt/airflow/dags/hadoop-2.7.3/share/hadoop/kms/tomcat/webapps/kms/WEB-INF/lib/log4j-1.2.17.jar
[2022-10-22T00:00:09.867+0000] {processor.py:770} WARNING - No viable dags retrieved from /opt/airflow/dags/hadoop-2.7.3/share/hadoop/kms/tomcat/webapps/kms/WEB-INF/lib/log4j-1.2.17.jar
[2022-10-22T00:00:09.921+0000] {processor.py:178} INFO - Processing /opt/airflow/dags/hadoop-2.7.3/share/hadoop/kms/tomcat/webapps/kms/WEB-INF/lib/log4j-1.2.17.jar took 0.137 seconds
[2022-10-22T00:01:44.714+0000] {processor.py:156} INFO - Started process (PID=17417) to work on /opt/airflow/dags/hadoop-2.7.3/share/hadoop/kms/tomcat/webapps/kms/WEB-INF/lib/log4j-1.2.17.jar
[2022-10-22T00:01:44.735+0000] {processor.py:758} INFO - Processing file /opt/airflow/dags/hadoop-2.7.3/share/hadoop/kms/tomcat/webapps/kms/WEB-INF/lib/log4j-1.2.17.jar for tasks to queue
[2022-10-22T00:01:44.742+0000] {logging_mixin.py:117} INFO - [2022-10-22T00:01:44.742+0000] {dagbag.py:525} INFO - Filling up the DagBag from /opt/airflow/dags/hadoop-2.7.3/share/hadoop/kms/tomcat/webapps/kms/WEB-INF/lib/log4j-1.2.17.jar
[2022-10-22T00:01:44.780+0000] {processor.py:770} WARNING - No viable dags retrieved from /opt/airflow/dags/hadoop-2.7.3/share/hadoop/kms/tomcat/webapps/kms/WEB-INF/lib/log4j-1.2.17.jar
[2022-10-22T00:01:44.828+0000] {processor.py:178} INFO - Processing /opt/airflow/dags/hadoop-2.7.3/share/hadoop/kms/tomcat/webapps/kms/WEB-INF/lib/log4j-1.2.17.jar took 0.127 seconds
[2022-10-22T00:01:45.604+0000] {processor.py:156} INFO - Started process (PID=19693) to work on /opt/airflow/dags/hadoop-2.7.3/share/hadoop/kms/tomcat/webapps/kms/WEB-INF/lib/log4j-1.2.17.jar
[2022-10-22T00:01:45.616+0000] {processor.py:758} INFO - Processing file /opt/airflow/dags/hadoop-2.7.3/share/hadoop/kms/tomcat/webapps/kms/WEB-INF/lib/log4j-1.2.17.jar for tasks to queue
[2022-10-22T00:01:45.639+0000] {logging_mixin.py:117} INFO - [2022-10-22T00:01:45.628+0000] {dagbag.py:525} INFO - Filling up the DagBag from /opt/airflow/dags/hadoop-2.7.3/share/hadoop/kms/tomcat/webapps/kms/WEB-INF/lib/log4j-1.2.17.jar
[2022-10-22T00:01:45.699+0000] {processor.py:770} WARNING - No viable dags retrieved from /opt/airflow/dags/hadoop-2.7.3/share/hadoop/kms/tomcat/webapps/kms/WEB-INF/lib/log4j-1.2.17.jar
[2022-10-22T00:01:45.889+0000] {processor.py:178} INFO - Processing /opt/airflow/dags/hadoop-2.7.3/share/hadoop/kms/tomcat/webapps/kms/WEB-INF/lib/log4j-1.2.17.jar took 0.349 seconds
[2022-10-22T00:02:47.611+0000] {processor.py:156} INFO - Started process (PID=20296) to work on /opt/airflow/dags/hadoop-2.7.3/share/hadoop/kms/tomcat/webapps/kms/WEB-INF/lib/log4j-1.2.17.jar
[2022-10-22T00:02:47.616+0000] {processor.py:758} INFO - Processing file /opt/airflow/dags/hadoop-2.7.3/share/hadoop/kms/tomcat/webapps/kms/WEB-INF/lib/log4j-1.2.17.jar for tasks to queue
[2022-10-22T00:02:47.619+0000] {logging_mixin.py:117} INFO - [2022-10-22T00:02:47.618+0000] {dagbag.py:525} INFO - Filling up the DagBag from /opt/airflow/dags/hadoop-2.7.3/share/hadoop/kms/tomcat/webapps/kms/WEB-INF/lib/log4j-1.2.17.jar
[2022-10-22T00:02:47.639+0000] {processor.py:770} WARNING - No viable dags retrieved from /opt/airflow/dags/hadoop-2.7.3/share/hadoop/kms/tomcat/webapps/kms/WEB-INF/lib/log4j-1.2.17.jar
[2022-10-22T00:02:47.703+0000] {processor.py:178} INFO - Processing /opt/airflow/dags/hadoop-2.7.3/share/hadoop/kms/tomcat/webapps/kms/WEB-INF/lib/log4j-1.2.17.jar took 0.108 seconds
[2022-10-22T00:03:27.557+0000] {processor.py:156} INFO - Started process (PID=17994) to work on /opt/airflow/dags/hadoop-2.7.3/share/hadoop/kms/tomcat/webapps/kms/WEB-INF/lib/log4j-1.2.17.jar
[2022-10-22T00:03:27.575+0000] {processor.py:758} INFO - Processing file /opt/airflow/dags/hadoop-2.7.3/share/hadoop/kms/tomcat/webapps/kms/WEB-INF/lib/log4j-1.2.17.jar for tasks to queue
[2022-10-22T00:03:27.583+0000] {logging_mixin.py:117} INFO - [2022-10-22T00:03:27.583+0000] {dagbag.py:525} INFO - Filling up the DagBag from /opt/airflow/dags/hadoop-2.7.3/share/hadoop/kms/tomcat/webapps/kms/WEB-INF/lib/log4j-1.2.17.jar
[2022-10-22T00:03:27.618+0000] {processor.py:770} WARNING - No viable dags retrieved from /opt/airflow/dags/hadoop-2.7.3/share/hadoop/kms/tomcat/webapps/kms/WEB-INF/lib/log4j-1.2.17.jar
[2022-10-22T00:03:27.655+0000] {processor.py:178} INFO - Processing /opt/airflow/dags/hadoop-2.7.3/share/hadoop/kms/tomcat/webapps/kms/WEB-INF/lib/log4j-1.2.17.jar took 0.127 seconds
[2022-10-22T00:04:08.267+0000] {processor.py:156} INFO - Started process (PID=20770) to work on /opt/airflow/dags/hadoop-2.7.3/share/hadoop/kms/tomcat/webapps/kms/WEB-INF/lib/log4j-1.2.17.jar
[2022-10-22T00:04:08.282+0000] {processor.py:758} INFO - Processing file /opt/airflow/dags/hadoop-2.7.3/share/hadoop/kms/tomcat/webapps/kms/WEB-INF/lib/log4j-1.2.17.jar for tasks to queue
[2022-10-22T00:04:08.286+0000] {logging_mixin.py:117} INFO - [2022-10-22T00:04:08.286+0000] {dagbag.py:525} INFO - Filling up the DagBag from /opt/airflow/dags/hadoop-2.7.3/share/hadoop/kms/tomcat/webapps/kms/WEB-INF/lib/log4j-1.2.17.jar
[2022-10-22T00:04:08.325+0000] {processor.py:770} WARNING - No viable dags retrieved from /opt/airflow/dags/hadoop-2.7.3/share/hadoop/kms/tomcat/webapps/kms/WEB-INF/lib/log4j-1.2.17.jar
[2022-10-22T00:04:08.371+0000] {processor.py:178} INFO - Processing /opt/airflow/dags/hadoop-2.7.3/share/hadoop/kms/tomcat/webapps/kms/WEB-INF/lib/log4j-1.2.17.jar took 0.121 seconds
[2022-10-22T00:04:35.365+0000] {processor.py:156} INFO - Started process (PID=18604) to work on /opt/airflow/dags/hadoop-2.7.3/share/hadoop/kms/tomcat/webapps/kms/WEB-INF/lib/log4j-1.2.17.jar
[2022-10-22T00:04:35.371+0000] {processor.py:758} INFO - Processing file /opt/airflow/dags/hadoop-2.7.3/share/hadoop/kms/tomcat/webapps/kms/WEB-INF/lib/log4j-1.2.17.jar for tasks to queue
[2022-10-22T00:04:35.375+0000] {logging_mixin.py:117} INFO - [2022-10-22T00:04:35.374+0000] {dagbag.py:525} INFO - Filling up the DagBag from /opt/airflow/dags/hadoop-2.7.3/share/hadoop/kms/tomcat/webapps/kms/WEB-INF/lib/log4j-1.2.17.jar
[2022-10-22T00:04:35.399+0000] {processor.py:770} WARNING - No viable dags retrieved from /opt/airflow/dags/hadoop-2.7.3/share/hadoop/kms/tomcat/webapps/kms/WEB-INF/lib/log4j-1.2.17.jar
[2022-10-22T00:04:35.443+0000] {processor.py:178} INFO - Processing /opt/airflow/dags/hadoop-2.7.3/share/hadoop/kms/tomcat/webapps/kms/WEB-INF/lib/log4j-1.2.17.jar took 0.095 seconds
[2022-10-22T00:05:05.497+0000] {processor.py:156} INFO - Started process (PID=21291) to work on /opt/airflow/dags/hadoop-2.7.3/share/hadoop/kms/tomcat/webapps/kms/WEB-INF/lib/log4j-1.2.17.jar
[2022-10-22T00:05:05.501+0000] {processor.py:758} INFO - Processing file /opt/airflow/dags/hadoop-2.7.3/share/hadoop/kms/tomcat/webapps/kms/WEB-INF/lib/log4j-1.2.17.jar for tasks to queue
[2022-10-22T00:05:05.503+0000] {logging_mixin.py:117} INFO - [2022-10-22T00:05:05.503+0000] {dagbag.py:525} INFO - Filling up the DagBag from /opt/airflow/dags/hadoop-2.7.3/share/hadoop/kms/tomcat/webapps/kms/WEB-INF/lib/log4j-1.2.17.jar
[2022-10-22T00:05:05.522+0000] {processor.py:770} WARNING - No viable dags retrieved from /opt/airflow/dags/hadoop-2.7.3/share/hadoop/kms/tomcat/webapps/kms/WEB-INF/lib/log4j-1.2.17.jar
[2022-10-22T00:05:05.553+0000] {processor.py:178} INFO - Processing /opt/airflow/dags/hadoop-2.7.3/share/hadoop/kms/tomcat/webapps/kms/WEB-INF/lib/log4j-1.2.17.jar took 0.065 seconds
[2022-10-22T00:05:30.548+0000] {processor.py:156} INFO - Started process (PID=19126) to work on /opt/airflow/dags/hadoop-2.7.3/share/hadoop/kms/tomcat/webapps/kms/WEB-INF/lib/log4j-1.2.17.jar
[2022-10-22T00:05:30.553+0000] {processor.py:758} INFO - Processing file /opt/airflow/dags/hadoop-2.7.3/share/hadoop/kms/tomcat/webapps/kms/WEB-INF/lib/log4j-1.2.17.jar for tasks to queue
[2022-10-22T00:05:30.557+0000] {logging_mixin.py:117} INFO - [2022-10-22T00:05:30.557+0000] {dagbag.py:525} INFO - Filling up the DagBag from /opt/airflow/dags/hadoop-2.7.3/share/hadoop/kms/tomcat/webapps/kms/WEB-INF/lib/log4j-1.2.17.jar
[2022-10-22T00:05:30.591+0000] {processor.py:770} WARNING - No viable dags retrieved from /opt/airflow/dags/hadoop-2.7.3/share/hadoop/kms/tomcat/webapps/kms/WEB-INF/lib/log4j-1.2.17.jar
[2022-10-22T00:05:30.643+0000] {processor.py:178} INFO - Processing /opt/airflow/dags/hadoop-2.7.3/share/hadoop/kms/tomcat/webapps/kms/WEB-INF/lib/log4j-1.2.17.jar took 0.117 seconds
[2022-10-22T00:05:50.967+0000] {processor.py:156} INFO - Started process (PID=21764) to work on /opt/airflow/dags/hadoop-2.7.3/share/hadoop/kms/tomcat/webapps/kms/WEB-INF/lib/log4j-1.2.17.jar
[2022-10-22T00:05:50.970+0000] {processor.py:758} INFO - Processing file /opt/airflow/dags/hadoop-2.7.3/share/hadoop/kms/tomcat/webapps/kms/WEB-INF/lib/log4j-1.2.17.jar for tasks to queue
[2022-10-22T00:05:50.974+0000] {logging_mixin.py:117} INFO - [2022-10-22T00:05:50.973+0000] {dagbag.py:525} INFO - Filling up the DagBag from /opt/airflow/dags/hadoop-2.7.3/share/hadoop/kms/tomcat/webapps/kms/WEB-INF/lib/log4j-1.2.17.jar
[2022-10-22T00:05:50.994+0000] {processor.py:770} WARNING - No viable dags retrieved from /opt/airflow/dags/hadoop-2.7.3/share/hadoop/kms/tomcat/webapps/kms/WEB-INF/lib/log4j-1.2.17.jar
[2022-10-22T00:05:51.039+0000] {processor.py:178} INFO - Processing /opt/airflow/dags/hadoop-2.7.3/share/hadoop/kms/tomcat/webapps/kms/WEB-INF/lib/log4j-1.2.17.jar took 0.079 seconds
[2022-10-22T00:06:32.852+0000] {processor.py:156} INFO - Started process (PID=19723) to work on /opt/airflow/dags/hadoop-2.7.3/share/hadoop/kms/tomcat/webapps/kms/WEB-INF/lib/log4j-1.2.17.jar
[2022-10-22T00:06:32.865+0000] {processor.py:758} INFO - Processing file /opt/airflow/dags/hadoop-2.7.3/share/hadoop/kms/tomcat/webapps/kms/WEB-INF/lib/log4j-1.2.17.jar for tasks to queue
[2022-10-22T00:06:32.868+0000] {logging_mixin.py:117} INFO - [2022-10-22T00:06:32.868+0000] {dagbag.py:525} INFO - Filling up the DagBag from /opt/airflow/dags/hadoop-2.7.3/share/hadoop/kms/tomcat/webapps/kms/WEB-INF/lib/log4j-1.2.17.jar
[2022-10-22T00:06:32.902+0000] {processor.py:770} WARNING - No viable dags retrieved from /opt/airflow/dags/hadoop-2.7.3/share/hadoop/kms/tomcat/webapps/kms/WEB-INF/lib/log4j-1.2.17.jar
[2022-10-22T00:06:32.977+0000] {processor.py:178} INFO - Processing /opt/airflow/dags/hadoop-2.7.3/share/hadoop/kms/tomcat/webapps/kms/WEB-INF/lib/log4j-1.2.17.jar took 0.136 seconds
[2022-10-22T00:06:38.769+0000] {processor.py:156} INFO - Started process (PID=22230) to work on /opt/airflow/dags/hadoop-2.7.3/share/hadoop/kms/tomcat/webapps/kms/WEB-INF/lib/log4j-1.2.17.jar
[2022-10-22T00:06:38.773+0000] {processor.py:758} INFO - Processing file /opt/airflow/dags/hadoop-2.7.3/share/hadoop/kms/tomcat/webapps/kms/WEB-INF/lib/log4j-1.2.17.jar for tasks to queue
[2022-10-22T00:06:38.777+0000] {logging_mixin.py:117} INFO - [2022-10-22T00:06:38.776+0000] {dagbag.py:525} INFO - Filling up the DagBag from /opt/airflow/dags/hadoop-2.7.3/share/hadoop/kms/tomcat/webapps/kms/WEB-INF/lib/log4j-1.2.17.jar
[2022-10-22T00:06:38.803+0000] {processor.py:770} WARNING - No viable dags retrieved from /opt/airflow/dags/hadoop-2.7.3/share/hadoop/kms/tomcat/webapps/kms/WEB-INF/lib/log4j-1.2.17.jar
[2022-10-22T00:06:38.853+0000] {processor.py:178} INFO - Processing /opt/airflow/dags/hadoop-2.7.3/share/hadoop/kms/tomcat/webapps/kms/WEB-INF/lib/log4j-1.2.17.jar took 0.100 seconds
[2022-10-22T00:07:20.572+0000] {processor.py:156} INFO - Started process (PID=20202) to work on /opt/airflow/dags/hadoop-2.7.3/share/hadoop/kms/tomcat/webapps/kms/WEB-INF/lib/log4j-1.2.17.jar
[2022-10-22T00:07:20.577+0000] {processor.py:758} INFO - Processing file /opt/airflow/dags/hadoop-2.7.3/share/hadoop/kms/tomcat/webapps/kms/WEB-INF/lib/log4j-1.2.17.jar for tasks to queue
[2022-10-22T00:07:20.579+0000] {logging_mixin.py:117} INFO - [2022-10-22T00:07:20.579+0000] {dagbag.py:525} INFO - Filling up the DagBag from /opt/airflow/dags/hadoop-2.7.3/share/hadoop/kms/tomcat/webapps/kms/WEB-INF/lib/log4j-1.2.17.jar
[2022-10-22T00:07:20.616+0000] {processor.py:770} WARNING - No viable dags retrieved from /opt/airflow/dags/hadoop-2.7.3/share/hadoop/kms/tomcat/webapps/kms/WEB-INF/lib/log4j-1.2.17.jar
[2022-10-22T00:07:20.674+0000] {processor.py:178} INFO - Processing /opt/airflow/dags/hadoop-2.7.3/share/hadoop/kms/tomcat/webapps/kms/WEB-INF/lib/log4j-1.2.17.jar took 0.135 seconds
[2022-10-22T00:07:41.665+0000] {processor.py:156} INFO - Started process (PID=22860) to work on /opt/airflow/dags/hadoop-2.7.3/share/hadoop/kms/tomcat/webapps/kms/WEB-INF/lib/log4j-1.2.17.jar
[2022-10-22T00:07:41.669+0000] {processor.py:758} INFO - Processing file /opt/airflow/dags/hadoop-2.7.3/share/hadoop/kms/tomcat/webapps/kms/WEB-INF/lib/log4j-1.2.17.jar for tasks to queue
[2022-10-22T00:07:41.671+0000] {logging_mixin.py:117} INFO - [2022-10-22T00:07:41.671+0000] {dagbag.py:525} INFO - Filling up the DagBag from /opt/airflow/dags/hadoop-2.7.3/share/hadoop/kms/tomcat/webapps/kms/WEB-INF/lib/log4j-1.2.17.jar
[2022-10-22T00:07:41.691+0000] {processor.py:770} WARNING - No viable dags retrieved from /opt/airflow/dags/hadoop-2.7.3/share/hadoop/kms/tomcat/webapps/kms/WEB-INF/lib/log4j-1.2.17.jar
[2022-10-22T00:07:41.725+0000] {processor.py:178} INFO - Processing /opt/airflow/dags/hadoop-2.7.3/share/hadoop/kms/tomcat/webapps/kms/WEB-INF/lib/log4j-1.2.17.jar took 0.080 seconds
[2022-10-22T00:08:57.995+0000] {processor.py:156} INFO - Started process (PID=20742) to work on /opt/airflow/dags/hadoop-2.7.3/share/hadoop/kms/tomcat/webapps/kms/WEB-INF/lib/log4j-1.2.17.jar
[2022-10-22T00:08:58.001+0000] {processor.py:758} INFO - Processing file /opt/airflow/dags/hadoop-2.7.3/share/hadoop/kms/tomcat/webapps/kms/WEB-INF/lib/log4j-1.2.17.jar for tasks to queue
[2022-10-22T00:08:58.004+0000] {logging_mixin.py:117} INFO - [2022-10-22T00:08:58.004+0000] {dagbag.py:525} INFO - Filling up the DagBag from /opt/airflow/dags/hadoop-2.7.3/share/hadoop/kms/tomcat/webapps/kms/WEB-INF/lib/log4j-1.2.17.jar
[2022-10-22T00:08:58.030+0000] {processor.py:770} WARNING - No viable dags retrieved from /opt/airflow/dags/hadoop-2.7.3/share/hadoop/kms/tomcat/webapps/kms/WEB-INF/lib/log4j-1.2.17.jar
[2022-10-22T00:08:58.082+0000] {processor.py:178} INFO - Processing /opt/airflow/dags/hadoop-2.7.3/share/hadoop/kms/tomcat/webapps/kms/WEB-INF/lib/log4j-1.2.17.jar took 0.097 seconds
[2022-10-22T00:09:15.796+0000] {processor.py:156} INFO - Started process (PID=23385) to work on /opt/airflow/dags/hadoop-2.7.3/share/hadoop/kms/tomcat/webapps/kms/WEB-INF/lib/log4j-1.2.17.jar
[2022-10-22T00:09:15.799+0000] {processor.py:758} INFO - Processing file /opt/airflow/dags/hadoop-2.7.3/share/hadoop/kms/tomcat/webapps/kms/WEB-INF/lib/log4j-1.2.17.jar for tasks to queue
[2022-10-22T00:09:15.803+0000] {logging_mixin.py:117} INFO - [2022-10-22T00:09:15.802+0000] {dagbag.py:525} INFO - Filling up the DagBag from /opt/airflow/dags/hadoop-2.7.3/share/hadoop/kms/tomcat/webapps/kms/WEB-INF/lib/log4j-1.2.17.jar
[2022-10-22T00:09:15.824+0000] {processor.py:770} WARNING - No viable dags retrieved from /opt/airflow/dags/hadoop-2.7.3/share/hadoop/kms/tomcat/webapps/kms/WEB-INF/lib/log4j-1.2.17.jar
[2022-10-22T00:09:15.881+0000] {processor.py:178} INFO - Processing /opt/airflow/dags/hadoop-2.7.3/share/hadoop/kms/tomcat/webapps/kms/WEB-INF/lib/log4j-1.2.17.jar took 0.106 seconds
[2022-10-22T00:09:52.691+0000] {processor.py:156} INFO - Started process (PID=21267) to work on /opt/airflow/dags/hadoop-2.7.3/share/hadoop/kms/tomcat/webapps/kms/WEB-INF/lib/log4j-1.2.17.jar
[2022-10-22T00:09:52.698+0000] {processor.py:758} INFO - Processing file /opt/airflow/dags/hadoop-2.7.3/share/hadoop/kms/tomcat/webapps/kms/WEB-INF/lib/log4j-1.2.17.jar for tasks to queue
[2022-10-22T00:09:52.700+0000] {logging_mixin.py:117} INFO - [2022-10-22T00:09:52.700+0000] {dagbag.py:525} INFO - Filling up the DagBag from /opt/airflow/dags/hadoop-2.7.3/share/hadoop/kms/tomcat/webapps/kms/WEB-INF/lib/log4j-1.2.17.jar
[2022-10-22T00:09:52.719+0000] {processor.py:770} WARNING - No viable dags retrieved from /opt/airflow/dags/hadoop-2.7.3/share/hadoop/kms/tomcat/webapps/kms/WEB-INF/lib/log4j-1.2.17.jar
[2022-10-22T00:09:52.765+0000] {processor.py:178} INFO - Processing /opt/airflow/dags/hadoop-2.7.3/share/hadoop/kms/tomcat/webapps/kms/WEB-INF/lib/log4j-1.2.17.jar took 0.081 seconds
[2022-10-22T00:11:17.816+0000] {processor.py:156} INFO - Started process (PID=23909) to work on /opt/airflow/dags/hadoop-2.7.3/share/hadoop/kms/tomcat/webapps/kms/WEB-INF/lib/log4j-1.2.17.jar
[2022-10-22T00:11:17.819+0000] {processor.py:758} INFO - Processing file /opt/airflow/dags/hadoop-2.7.3/share/hadoop/kms/tomcat/webapps/kms/WEB-INF/lib/log4j-1.2.17.jar for tasks to queue
[2022-10-22T00:11:17.822+0000] {logging_mixin.py:117} INFO - [2022-10-22T00:11:17.821+0000] {dagbag.py:525} INFO - Filling up the DagBag from /opt/airflow/dags/hadoop-2.7.3/share/hadoop/kms/tomcat/webapps/kms/WEB-INF/lib/log4j-1.2.17.jar
[2022-10-22T00:11:17.834+0000] {processor.py:770} WARNING - No viable dags retrieved from /opt/airflow/dags/hadoop-2.7.3/share/hadoop/kms/tomcat/webapps/kms/WEB-INF/lib/log4j-1.2.17.jar
[2022-10-22T00:11:17.860+0000] {processor.py:178} INFO - Processing /opt/airflow/dags/hadoop-2.7.3/share/hadoop/kms/tomcat/webapps/kms/WEB-INF/lib/log4j-1.2.17.jar took 0.051 seconds
[2022-10-22T00:11:34.712+0000] {processor.py:156} INFO - Started process (PID=21677) to work on /opt/airflow/dags/hadoop-2.7.3/share/hadoop/kms/tomcat/webapps/kms/WEB-INF/lib/log4j-1.2.17.jar
[2022-10-22T00:11:34.714+0000] {processor.py:758} INFO - Processing file /opt/airflow/dags/hadoop-2.7.3/share/hadoop/kms/tomcat/webapps/kms/WEB-INF/lib/log4j-1.2.17.jar for tasks to queue
[2022-10-22T00:11:34.717+0000] {logging_mixin.py:117} INFO - [2022-10-22T00:11:34.716+0000] {dagbag.py:525} INFO - Filling up the DagBag from /opt/airflow/dags/hadoop-2.7.3/share/hadoop/kms/tomcat/webapps/kms/WEB-INF/lib/log4j-1.2.17.jar
[2022-10-22T00:11:34.730+0000] {processor.py:770} WARNING - No viable dags retrieved from /opt/airflow/dags/hadoop-2.7.3/share/hadoop/kms/tomcat/webapps/kms/WEB-INF/lib/log4j-1.2.17.jar
[2022-10-22T00:11:34.753+0000] {processor.py:178} INFO - Processing /opt/airflow/dags/hadoop-2.7.3/share/hadoop/kms/tomcat/webapps/kms/WEB-INF/lib/log4j-1.2.17.jar took 0.048 seconds
[2022-10-22T00:11:54.469+0000] {processor.py:156} INFO - Started process (PID=24425) to work on /opt/airflow/dags/hadoop-2.7.3/share/hadoop/kms/tomcat/webapps/kms/WEB-INF/lib/log4j-1.2.17.jar
[2022-10-22T00:11:54.473+0000] {processor.py:758} INFO - Processing file /opt/airflow/dags/hadoop-2.7.3/share/hadoop/kms/tomcat/webapps/kms/WEB-INF/lib/log4j-1.2.17.jar for tasks to queue
[2022-10-22T00:11:54.476+0000] {logging_mixin.py:117} INFO - [2022-10-22T00:11:54.475+0000] {dagbag.py:525} INFO - Filling up the DagBag from /opt/airflow/dags/hadoop-2.7.3/share/hadoop/kms/tomcat/webapps/kms/WEB-INF/lib/log4j-1.2.17.jar
[2022-10-22T00:11:54.492+0000] {processor.py:770} WARNING - No viable dags retrieved from /opt/airflow/dags/hadoop-2.7.3/share/hadoop/kms/tomcat/webapps/kms/WEB-INF/lib/log4j-1.2.17.jar
[2022-10-22T00:11:54.522+0000] {processor.py:178} INFO - Processing /opt/airflow/dags/hadoop-2.7.3/share/hadoop/kms/tomcat/webapps/kms/WEB-INF/lib/log4j-1.2.17.jar took 0.062 seconds
[2022-10-22T00:12:21.714+0000] {processor.py:156} INFO - Started process (PID=22194) to work on /opt/airflow/dags/hadoop-2.7.3/share/hadoop/kms/tomcat/webapps/kms/WEB-INF/lib/log4j-1.2.17.jar
[2022-10-22T00:12:21.719+0000] {processor.py:758} INFO - Processing file /opt/airflow/dags/hadoop-2.7.3/share/hadoop/kms/tomcat/webapps/kms/WEB-INF/lib/log4j-1.2.17.jar for tasks to queue
[2022-10-22T00:12:21.726+0000] {logging_mixin.py:117} INFO - [2022-10-22T00:12:21.726+0000] {dagbag.py:525} INFO - Filling up the DagBag from /opt/airflow/dags/hadoop-2.7.3/share/hadoop/kms/tomcat/webapps/kms/WEB-INF/lib/log4j-1.2.17.jar
[2022-10-22T00:12:21.768+0000] {processor.py:770} WARNING - No viable dags retrieved from /opt/airflow/dags/hadoop-2.7.3/share/hadoop/kms/tomcat/webapps/kms/WEB-INF/lib/log4j-1.2.17.jar
[2022-10-22T00:12:21.842+0000] {processor.py:178} INFO - Processing /opt/airflow/dags/hadoop-2.7.3/share/hadoop/kms/tomcat/webapps/kms/WEB-INF/lib/log4j-1.2.17.jar took 0.162 seconds
[2022-10-22T00:15:23.203+0000] {processor.py:156} INFO - Started process (PID=22654) to work on /opt/airflow/dags/hadoop-2.7.3/share/hadoop/kms/tomcat/webapps/kms/WEB-INF/lib/log4j-1.2.17.jar
[2022-10-22T00:15:23.208+0000] {processor.py:758} INFO - Processing file /opt/airflow/dags/hadoop-2.7.3/share/hadoop/kms/tomcat/webapps/kms/WEB-INF/lib/log4j-1.2.17.jar for tasks to queue
[2022-10-22T00:15:23.213+0000] {logging_mixin.py:117} INFO - [2022-10-22T00:15:23.213+0000] {dagbag.py:525} INFO - Filling up the DagBag from /opt/airflow/dags/hadoop-2.7.3/share/hadoop/kms/tomcat/webapps/kms/WEB-INF/lib/log4j-1.2.17.jar
[2022-10-22T00:15:23.233+0000] {processor.py:770} WARNING - No viable dags retrieved from /opt/airflow/dags/hadoop-2.7.3/share/hadoop/kms/tomcat/webapps/kms/WEB-INF/lib/log4j-1.2.17.jar
[2022-10-22T00:15:23.266+0000] {processor.py:178} INFO - Processing /opt/airflow/dags/hadoop-2.7.3/share/hadoop/kms/tomcat/webapps/kms/WEB-INF/lib/log4j-1.2.17.jar took 0.086 seconds
[2022-10-22T00:15:36.861+0000] {processor.py:156} INFO - Started process (PID=25220) to work on /opt/airflow/dags/hadoop-2.7.3/share/hadoop/kms/tomcat/webapps/kms/WEB-INF/lib/log4j-1.2.17.jar
[2022-10-22T00:15:36.863+0000] {processor.py:758} INFO - Processing file /opt/airflow/dags/hadoop-2.7.3/share/hadoop/kms/tomcat/webapps/kms/WEB-INF/lib/log4j-1.2.17.jar for tasks to queue
[2022-10-22T00:15:36.866+0000] {logging_mixin.py:117} INFO - [2022-10-22T00:15:36.866+0000] {dagbag.py:525} INFO - Filling up the DagBag from /opt/airflow/dags/hadoop-2.7.3/share/hadoop/kms/tomcat/webapps/kms/WEB-INF/lib/log4j-1.2.17.jar
[2022-10-22T00:15:36.893+0000] {processor.py:770} WARNING - No viable dags retrieved from /opt/airflow/dags/hadoop-2.7.3/share/hadoop/kms/tomcat/webapps/kms/WEB-INF/lib/log4j-1.2.17.jar
[2022-10-22T00:15:36.922+0000] {processor.py:178} INFO - Processing /opt/airflow/dags/hadoop-2.7.3/share/hadoop/kms/tomcat/webapps/kms/WEB-INF/lib/log4j-1.2.17.jar took 0.068 seconds
[2022-10-22T00:16:12.749+0000] {processor.py:156} INFO - Started process (PID=23179) to work on /opt/airflow/dags/hadoop-2.7.3/share/hadoop/kms/tomcat/webapps/kms/WEB-INF/lib/log4j-1.2.17.jar
[2022-10-22T00:16:12.753+0000] {processor.py:758} INFO - Processing file /opt/airflow/dags/hadoop-2.7.3/share/hadoop/kms/tomcat/webapps/kms/WEB-INF/lib/log4j-1.2.17.jar for tasks to queue
[2022-10-22T00:16:12.756+0000] {logging_mixin.py:117} INFO - [2022-10-22T00:16:12.756+0000] {dagbag.py:525} INFO - Filling up the DagBag from /opt/airflow/dags/hadoop-2.7.3/share/hadoop/kms/tomcat/webapps/kms/WEB-INF/lib/log4j-1.2.17.jar
[2022-10-22T00:16:12.782+0000] {processor.py:770} WARNING - No viable dags retrieved from /opt/airflow/dags/hadoop-2.7.3/share/hadoop/kms/tomcat/webapps/kms/WEB-INF/lib/log4j-1.2.17.jar
[2022-10-22T00:16:12.830+0000] {processor.py:178} INFO - Processing /opt/airflow/dags/hadoop-2.7.3/share/hadoop/kms/tomcat/webapps/kms/WEB-INF/lib/log4j-1.2.17.jar took 0.097 seconds
[2022-10-22T00:16:22.496+0000] {processor.py:156} INFO - Started process (PID=25736) to work on /opt/airflow/dags/hadoop-2.7.3/share/hadoop/kms/tomcat/webapps/kms/WEB-INF/lib/log4j-1.2.17.jar
[2022-10-22T00:16:22.499+0000] {processor.py:758} INFO - Processing file /opt/airflow/dags/hadoop-2.7.3/share/hadoop/kms/tomcat/webapps/kms/WEB-INF/lib/log4j-1.2.17.jar for tasks to queue
[2022-10-22T00:16:22.502+0000] {logging_mixin.py:117} INFO - [2022-10-22T00:16:22.502+0000] {dagbag.py:525} INFO - Filling up the DagBag from /opt/airflow/dags/hadoop-2.7.3/share/hadoop/kms/tomcat/webapps/kms/WEB-INF/lib/log4j-1.2.17.jar
[2022-10-22T00:16:22.526+0000] {processor.py:770} WARNING - No viable dags retrieved from /opt/airflow/dags/hadoop-2.7.3/share/hadoop/kms/tomcat/webapps/kms/WEB-INF/lib/log4j-1.2.17.jar
[2022-10-22T00:16:22.566+0000] {processor.py:178} INFO - Processing /opt/airflow/dags/hadoop-2.7.3/share/hadoop/kms/tomcat/webapps/kms/WEB-INF/lib/log4j-1.2.17.jar took 0.103 seconds
[2022-10-22T00:17:02.860+0000] {processor.py:156} INFO - Started process (PID=23714) to work on /opt/airflow/dags/hadoop-2.7.3/share/hadoop/kms/tomcat/webapps/kms/WEB-INF/lib/log4j-1.2.17.jar
[2022-10-22T00:17:02.867+0000] {processor.py:758} INFO - Processing file /opt/airflow/dags/hadoop-2.7.3/share/hadoop/kms/tomcat/webapps/kms/WEB-INF/lib/log4j-1.2.17.jar for tasks to queue
[2022-10-22T00:17:02.880+0000] {logging_mixin.py:117} INFO - [2022-10-22T00:17:02.879+0000] {dagbag.py:525} INFO - Filling up the DagBag from /opt/airflow/dags/hadoop-2.7.3/share/hadoop/kms/tomcat/webapps/kms/WEB-INF/lib/log4j-1.2.17.jar
[2022-10-22T00:17:02.934+0000] {processor.py:770} WARNING - No viable dags retrieved from /opt/airflow/dags/hadoop-2.7.3/share/hadoop/kms/tomcat/webapps/kms/WEB-INF/lib/log4j-1.2.17.jar
[2022-10-22T00:17:02.976+0000] {processor.py:178} INFO - Processing /opt/airflow/dags/hadoop-2.7.3/share/hadoop/kms/tomcat/webapps/kms/WEB-INF/lib/log4j-1.2.17.jar took 0.137 seconds
[2022-10-22T00:17:12.753+0000] {processor.py:156} INFO - Started process (PID=26266) to work on /opt/airflow/dags/hadoop-2.7.3/share/hadoop/kms/tomcat/webapps/kms/WEB-INF/lib/log4j-1.2.17.jar
[2022-10-22T00:17:12.763+0000] {processor.py:758} INFO - Processing file /opt/airflow/dags/hadoop-2.7.3/share/hadoop/kms/tomcat/webapps/kms/WEB-INF/lib/log4j-1.2.17.jar for tasks to queue
[2022-10-22T00:17:12.765+0000] {logging_mixin.py:117} INFO - [2022-10-22T00:17:12.765+0000] {dagbag.py:525} INFO - Filling up the DagBag from /opt/airflow/dags/hadoop-2.7.3/share/hadoop/kms/tomcat/webapps/kms/WEB-INF/lib/log4j-1.2.17.jar
[2022-10-22T00:17:12.783+0000] {processor.py:770} WARNING - No viable dags retrieved from /opt/airflow/dags/hadoop-2.7.3/share/hadoop/kms/tomcat/webapps/kms/WEB-INF/lib/log4j-1.2.17.jar
[2022-10-22T00:17:12.823+0000] {processor.py:178} INFO - Processing /opt/airflow/dags/hadoop-2.7.3/share/hadoop/kms/tomcat/webapps/kms/WEB-INF/lib/log4j-1.2.17.jar took 0.078 seconds
[2022-10-22T00:17:52.728+0000] {processor.py:156} INFO - Started process (PID=24229) to work on /opt/airflow/dags/hadoop-2.7.3/share/hadoop/kms/tomcat/webapps/kms/WEB-INF/lib/log4j-1.2.17.jar
[2022-10-22T00:17:52.732+0000] {processor.py:758} INFO - Processing file /opt/airflow/dags/hadoop-2.7.3/share/hadoop/kms/tomcat/webapps/kms/WEB-INF/lib/log4j-1.2.17.jar for tasks to queue
[2022-10-22T00:17:52.735+0000] {logging_mixin.py:117} INFO - [2022-10-22T00:17:52.734+0000] {dagbag.py:525} INFO - Filling up the DagBag from /opt/airflow/dags/hadoop-2.7.3/share/hadoop/kms/tomcat/webapps/kms/WEB-INF/lib/log4j-1.2.17.jar
[2022-10-22T00:17:52.753+0000] {processor.py:770} WARNING - No viable dags retrieved from /opt/airflow/dags/hadoop-2.7.3/share/hadoop/kms/tomcat/webapps/kms/WEB-INF/lib/log4j-1.2.17.jar
[2022-10-22T00:17:52.803+0000] {processor.py:178} INFO - Processing /opt/airflow/dags/hadoop-2.7.3/share/hadoop/kms/tomcat/webapps/kms/WEB-INF/lib/log4j-1.2.17.jar took 0.098 seconds
[2022-10-22T00:18:08.623+0000] {processor.py:156} INFO - Started process (PID=26862) to work on /opt/airflow/dags/hadoop-2.7.3/share/hadoop/kms/tomcat/webapps/kms/WEB-INF/lib/log4j-1.2.17.jar
[2022-10-22T00:18:08.630+0000] {processor.py:758} INFO - Processing file /opt/airflow/dags/hadoop-2.7.3/share/hadoop/kms/tomcat/webapps/kms/WEB-INF/lib/log4j-1.2.17.jar for tasks to queue
[2022-10-22T00:18:08.633+0000] {logging_mixin.py:117} INFO - [2022-10-22T00:18:08.633+0000] {dagbag.py:525} INFO - Filling up the DagBag from /opt/airflow/dags/hadoop-2.7.3/share/hadoop/kms/tomcat/webapps/kms/WEB-INF/lib/log4j-1.2.17.jar
[2022-10-22T00:18:08.665+0000] {processor.py:770} WARNING - No viable dags retrieved from /opt/airflow/dags/hadoop-2.7.3/share/hadoop/kms/tomcat/webapps/kms/WEB-INF/lib/log4j-1.2.17.jar
[2022-10-22T00:18:08.705+0000] {processor.py:178} INFO - Processing /opt/airflow/dags/hadoop-2.7.3/share/hadoop/kms/tomcat/webapps/kms/WEB-INF/lib/log4j-1.2.17.jar took 0.090 seconds
[2022-10-22T00:18:51.489+0000] {processor.py:156} INFO - Started process (PID=24836) to work on /opt/airflow/dags/hadoop-2.7.3/share/hadoop/kms/tomcat/webapps/kms/WEB-INF/lib/log4j-1.2.17.jar
[2022-10-22T00:18:51.495+0000] {processor.py:758} INFO - Processing file /opt/airflow/dags/hadoop-2.7.3/share/hadoop/kms/tomcat/webapps/kms/WEB-INF/lib/log4j-1.2.17.jar for tasks to queue
[2022-10-22T00:18:51.500+0000] {logging_mixin.py:117} INFO - [2022-10-22T00:18:51.500+0000] {dagbag.py:525} INFO - Filling up the DagBag from /opt/airflow/dags/hadoop-2.7.3/share/hadoop/kms/tomcat/webapps/kms/WEB-INF/lib/log4j-1.2.17.jar
[2022-10-22T00:18:51.539+0000] {processor.py:770} WARNING - No viable dags retrieved from /opt/airflow/dags/hadoop-2.7.3/share/hadoop/kms/tomcat/webapps/kms/WEB-INF/lib/log4j-1.2.17.jar
[2022-10-22T00:18:51.602+0000] {processor.py:178} INFO - Processing /opt/airflow/dags/hadoop-2.7.3/share/hadoop/kms/tomcat/webapps/kms/WEB-INF/lib/log4j-1.2.17.jar took 0.141 seconds
[2022-10-22T00:19:01.879+0000] {processor.py:156} INFO - Started process (PID=27428) to work on /opt/airflow/dags/hadoop-2.7.3/share/hadoop/kms/tomcat/webapps/kms/WEB-INF/lib/log4j-1.2.17.jar
[2022-10-22T00:19:01.889+0000] {processor.py:758} INFO - Processing file /opt/airflow/dags/hadoop-2.7.3/share/hadoop/kms/tomcat/webapps/kms/WEB-INF/lib/log4j-1.2.17.jar for tasks to queue
[2022-10-22T00:19:01.892+0000] {logging_mixin.py:117} INFO - [2022-10-22T00:19:01.891+0000] {dagbag.py:525} INFO - Filling up the DagBag from /opt/airflow/dags/hadoop-2.7.3/share/hadoop/kms/tomcat/webapps/kms/WEB-INF/lib/log4j-1.2.17.jar
[2022-10-22T00:19:01.920+0000] {processor.py:770} WARNING - No viable dags retrieved from /opt/airflow/dags/hadoop-2.7.3/share/hadoop/kms/tomcat/webapps/kms/WEB-INF/lib/log4j-1.2.17.jar
[2022-10-22T00:19:02.001+0000] {processor.py:178} INFO - Processing /opt/airflow/dags/hadoop-2.7.3/share/hadoop/kms/tomcat/webapps/kms/WEB-INF/lib/log4j-1.2.17.jar took 0.136 seconds
[2022-10-22T00:20:28.574+0000] {processor.py:156} INFO - Started process (PID=27982) to work on /opt/airflow/dags/hadoop-2.7.3/share/hadoop/kms/tomcat/webapps/kms/WEB-INF/lib/log4j-1.2.17.jar
[2022-10-22T00:20:28.578+0000] {processor.py:758} INFO - Processing file /opt/airflow/dags/hadoop-2.7.3/share/hadoop/kms/tomcat/webapps/kms/WEB-INF/lib/log4j-1.2.17.jar for tasks to queue
[2022-10-22T00:20:28.582+0000] {logging_mixin.py:117} INFO - [2022-10-22T00:20:28.581+0000] {dagbag.py:525} INFO - Filling up the DagBag from /opt/airflow/dags/hadoop-2.7.3/share/hadoop/kms/tomcat/webapps/kms/WEB-INF/lib/log4j-1.2.17.jar
[2022-10-22T00:20:28.610+0000] {processor.py:770} WARNING - No viable dags retrieved from /opt/airflow/dags/hadoop-2.7.3/share/hadoop/kms/tomcat/webapps/kms/WEB-INF/lib/log4j-1.2.17.jar
[2022-10-22T00:20:28.668+0000] {processor.py:178} INFO - Processing /opt/airflow/dags/hadoop-2.7.3/share/hadoop/kms/tomcat/webapps/kms/WEB-INF/lib/log4j-1.2.17.jar took 0.132 seconds
[2022-10-22T00:20:40.794+0000] {processor.py:156} INFO - Started process (PID=25564) to work on /opt/airflow/dags/hadoop-2.7.3/share/hadoop/kms/tomcat/webapps/kms/WEB-INF/lib/log4j-1.2.17.jar
[2022-10-22T00:20:40.798+0000] {processor.py:758} INFO - Processing file /opt/airflow/dags/hadoop-2.7.3/share/hadoop/kms/tomcat/webapps/kms/WEB-INF/lib/log4j-1.2.17.jar for tasks to queue
[2022-10-22T00:20:40.804+0000] {logging_mixin.py:117} INFO - [2022-10-22T00:20:40.803+0000] {dagbag.py:525} INFO - Filling up the DagBag from /opt/airflow/dags/hadoop-2.7.3/share/hadoop/kms/tomcat/webapps/kms/WEB-INF/lib/log4j-1.2.17.jar
[2022-10-22T00:20:40.829+0000] {processor.py:770} WARNING - No viable dags retrieved from /opt/airflow/dags/hadoop-2.7.3/share/hadoop/kms/tomcat/webapps/kms/WEB-INF/lib/log4j-1.2.17.jar
[2022-10-22T00:20:40.899+0000] {processor.py:178} INFO - Processing /opt/airflow/dags/hadoop-2.7.3/share/hadoop/kms/tomcat/webapps/kms/WEB-INF/lib/log4j-1.2.17.jar took 0.135 seconds
[2022-10-22T00:21:26.518+0000] {processor.py:156} INFO - Started process (PID=28542) to work on /opt/airflow/dags/hadoop-2.7.3/share/hadoop/kms/tomcat/webapps/kms/WEB-INF/lib/log4j-1.2.17.jar
[2022-10-22T00:21:26.524+0000] {processor.py:758} INFO - Processing file /opt/airflow/dags/hadoop-2.7.3/share/hadoop/kms/tomcat/webapps/kms/WEB-INF/lib/log4j-1.2.17.jar for tasks to queue
[2022-10-22T00:21:26.531+0000] {logging_mixin.py:117} INFO - [2022-10-22T00:21:26.531+0000] {dagbag.py:525} INFO - Filling up the DagBag from /opt/airflow/dags/hadoop-2.7.3/share/hadoop/kms/tomcat/webapps/kms/WEB-INF/lib/log4j-1.2.17.jar
[2022-10-22T00:21:26.550+0000] {processor.py:770} WARNING - No viable dags retrieved from /opt/airflow/dags/hadoop-2.7.3/share/hadoop/kms/tomcat/webapps/kms/WEB-INF/lib/log4j-1.2.17.jar
[2022-10-22T00:21:26.584+0000] {processor.py:178} INFO - Processing /opt/airflow/dags/hadoop-2.7.3/share/hadoop/kms/tomcat/webapps/kms/WEB-INF/lib/log4j-1.2.17.jar took 0.073 seconds
[2022-10-22T00:21:33.596+0000] {processor.py:156} INFO - Started process (PID=26088) to work on /opt/airflow/dags/hadoop-2.7.3/share/hadoop/kms/tomcat/webapps/kms/WEB-INF/lib/log4j-1.2.17.jar
[2022-10-22T00:21:33.599+0000] {processor.py:758} INFO - Processing file /opt/airflow/dags/hadoop-2.7.3/share/hadoop/kms/tomcat/webapps/kms/WEB-INF/lib/log4j-1.2.17.jar for tasks to queue
[2022-10-22T00:21:33.601+0000] {logging_mixin.py:117} INFO - [2022-10-22T00:21:33.601+0000] {dagbag.py:525} INFO - Filling up the DagBag from /opt/airflow/dags/hadoop-2.7.3/share/hadoop/kms/tomcat/webapps/kms/WEB-INF/lib/log4j-1.2.17.jar
[2022-10-22T00:21:33.623+0000] {processor.py:770} WARNING - No viable dags retrieved from /opt/airflow/dags/hadoop-2.7.3/share/hadoop/kms/tomcat/webapps/kms/WEB-INF/lib/log4j-1.2.17.jar
[2022-10-22T00:21:33.670+0000] {processor.py:178} INFO - Processing /opt/airflow/dags/hadoop-2.7.3/share/hadoop/kms/tomcat/webapps/kms/WEB-INF/lib/log4j-1.2.17.jar took 0.081 seconds
[2022-10-22T00:22:22.759+0000] {processor.py:156} INFO - Started process (PID=26542) to work on /opt/airflow/dags/hadoop-2.7.3/share/hadoop/kms/tomcat/webapps/kms/WEB-INF/lib/log4j-1.2.17.jar
[2022-10-22T00:22:22.763+0000] {processor.py:758} INFO - Processing file /opt/airflow/dags/hadoop-2.7.3/share/hadoop/kms/tomcat/webapps/kms/WEB-INF/lib/log4j-1.2.17.jar for tasks to queue
[2022-10-22T00:22:22.769+0000] {logging_mixin.py:117} INFO - [2022-10-22T00:22:22.769+0000] {dagbag.py:525} INFO - Filling up the DagBag from /opt/airflow/dags/hadoop-2.7.3/share/hadoop/kms/tomcat/webapps/kms/WEB-INF/lib/log4j-1.2.17.jar
[2022-10-22T00:22:22.793+0000] {processor.py:770} WARNING - No viable dags retrieved from /opt/airflow/dags/hadoop-2.7.3/share/hadoop/kms/tomcat/webapps/kms/WEB-INF/lib/log4j-1.2.17.jar
[2022-10-22T00:22:22.866+0000] {processor.py:178} INFO - Processing /opt/airflow/dags/hadoop-2.7.3/share/hadoop/kms/tomcat/webapps/kms/WEB-INF/lib/log4j-1.2.17.jar took 0.118 seconds
[2022-10-22T00:22:30.135+0000] {processor.py:156} INFO - Started process (PID=29162) to work on /opt/airflow/dags/hadoop-2.7.3/share/hadoop/kms/tomcat/webapps/kms/WEB-INF/lib/log4j-1.2.17.jar
[2022-10-22T00:22:30.138+0000] {processor.py:758} INFO - Processing file /opt/airflow/dags/hadoop-2.7.3/share/hadoop/kms/tomcat/webapps/kms/WEB-INF/lib/log4j-1.2.17.jar for tasks to queue
[2022-10-22T00:22:30.140+0000] {logging_mixin.py:117} INFO - [2022-10-22T00:22:30.140+0000] {dagbag.py:525} INFO - Filling up the DagBag from /opt/airflow/dags/hadoop-2.7.3/share/hadoop/kms/tomcat/webapps/kms/WEB-INF/lib/log4j-1.2.17.jar
[2022-10-22T00:22:30.163+0000] {processor.py:770} WARNING - No viable dags retrieved from /opt/airflow/dags/hadoop-2.7.3/share/hadoop/kms/tomcat/webapps/kms/WEB-INF/lib/log4j-1.2.17.jar
[2022-10-22T00:22:30.202+0000] {processor.py:178} INFO - Processing /opt/airflow/dags/hadoop-2.7.3/share/hadoop/kms/tomcat/webapps/kms/WEB-INF/lib/log4j-1.2.17.jar took 0.074 seconds
[2022-10-22T00:23:14.449+0000] {processor.py:156} INFO - Started process (PID=27029) to work on /opt/airflow/dags/hadoop-2.7.3/share/hadoop/kms/tomcat/webapps/kms/WEB-INF/lib/log4j-1.2.17.jar
[2022-10-22T00:23:14.459+0000] {processor.py:758} INFO - Processing file /opt/airflow/dags/hadoop-2.7.3/share/hadoop/kms/tomcat/webapps/kms/WEB-INF/lib/log4j-1.2.17.jar for tasks to queue
[2022-10-22T00:23:14.461+0000] {logging_mixin.py:117} INFO - [2022-10-22T00:23:14.461+0000] {dagbag.py:525} INFO - Filling up the DagBag from /opt/airflow/dags/hadoop-2.7.3/share/hadoop/kms/tomcat/webapps/kms/WEB-INF/lib/log4j-1.2.17.jar
[2022-10-22T00:23:14.483+0000] {processor.py:770} WARNING - No viable dags retrieved from /opt/airflow/dags/hadoop-2.7.3/share/hadoop/kms/tomcat/webapps/kms/WEB-INF/lib/log4j-1.2.17.jar
[2022-10-22T00:23:14.520+0000] {processor.py:178} INFO - Processing /opt/airflow/dags/hadoop-2.7.3/share/hadoop/kms/tomcat/webapps/kms/WEB-INF/lib/log4j-1.2.17.jar took 0.081 seconds
[2022-10-22T00:23:18.024+0000] {processor.py:156} INFO - Started process (PID=29629) to work on /opt/airflow/dags/hadoop-2.7.3/share/hadoop/kms/tomcat/webapps/kms/WEB-INF/lib/log4j-1.2.17.jar
[2022-10-22T00:23:18.026+0000] {processor.py:758} INFO - Processing file /opt/airflow/dags/hadoop-2.7.3/share/hadoop/kms/tomcat/webapps/kms/WEB-INF/lib/log4j-1.2.17.jar for tasks to queue
[2022-10-22T00:23:18.028+0000] {logging_mixin.py:117} INFO - [2022-10-22T00:23:18.028+0000] {dagbag.py:525} INFO - Filling up the DagBag from /opt/airflow/dags/hadoop-2.7.3/share/hadoop/kms/tomcat/webapps/kms/WEB-INF/lib/log4j-1.2.17.jar
[2022-10-22T00:23:18.047+0000] {processor.py:770} WARNING - No viable dags retrieved from /opt/airflow/dags/hadoop-2.7.3/share/hadoop/kms/tomcat/webapps/kms/WEB-INF/lib/log4j-1.2.17.jar
[2022-10-22T00:23:18.093+0000] {processor.py:178} INFO - Processing /opt/airflow/dags/hadoop-2.7.3/share/hadoop/kms/tomcat/webapps/kms/WEB-INF/lib/log4j-1.2.17.jar took 0.074 seconds
[2022-10-22T00:24:03.758+0000] {processor.py:156} INFO - Started process (PID=30148) to work on /opt/airflow/dags/hadoop-2.7.3/share/hadoop/kms/tomcat/webapps/kms/WEB-INF/lib/log4j-1.2.17.jar
[2022-10-22T00:24:03.773+0000] {processor.py:758} INFO - Processing file /opt/airflow/dags/hadoop-2.7.3/share/hadoop/kms/tomcat/webapps/kms/WEB-INF/lib/log4j-1.2.17.jar for tasks to queue
[2022-10-22T00:24:03.777+0000] {logging_mixin.py:117} INFO - [2022-10-22T00:24:03.777+0000] {dagbag.py:525} INFO - Filling up the DagBag from /opt/airflow/dags/hadoop-2.7.3/share/hadoop/kms/tomcat/webapps/kms/WEB-INF/lib/log4j-1.2.17.jar
[2022-10-22T00:24:03.790+0000] {processor.py:770} WARNING - No viable dags retrieved from /opt/airflow/dags/hadoop-2.7.3/share/hadoop/kms/tomcat/webapps/kms/WEB-INF/lib/log4j-1.2.17.jar
[2022-10-22T00:24:03.810+0000] {processor.py:178} INFO - Processing /opt/airflow/dags/hadoop-2.7.3/share/hadoop/kms/tomcat/webapps/kms/WEB-INF/lib/log4j-1.2.17.jar took 0.063 seconds
[2022-10-22T00:24:05.544+0000] {processor.py:156} INFO - Started process (PID=27589) to work on /opt/airflow/dags/hadoop-2.7.3/share/hadoop/kms/tomcat/webapps/kms/WEB-INF/lib/log4j-1.2.17.jar
[2022-10-22T00:24:05.546+0000] {processor.py:758} INFO - Processing file /opt/airflow/dags/hadoop-2.7.3/share/hadoop/kms/tomcat/webapps/kms/WEB-INF/lib/log4j-1.2.17.jar for tasks to queue
[2022-10-22T00:24:05.549+0000] {logging_mixin.py:117} INFO - [2022-10-22T00:24:05.548+0000] {dagbag.py:525} INFO - Filling up the DagBag from /opt/airflow/dags/hadoop-2.7.3/share/hadoop/kms/tomcat/webapps/kms/WEB-INF/lib/log4j-1.2.17.jar
[2022-10-22T00:24:05.578+0000] {processor.py:770} WARNING - No viable dags retrieved from /opt/airflow/dags/hadoop-2.7.3/share/hadoop/kms/tomcat/webapps/kms/WEB-INF/lib/log4j-1.2.17.jar
[2022-10-22T00:24:05.617+0000] {processor.py:178} INFO - Processing /opt/airflow/dags/hadoop-2.7.3/share/hadoop/kms/tomcat/webapps/kms/WEB-INF/lib/log4j-1.2.17.jar took 0.080 seconds
