[2022-10-22T00:00:10.093+0000] {processor.py:156} INFO - Started process (PID=16796) to work on /opt/airflow/dags/hadoop-2.7.3/share/hadoop/kms/tomcat/webapps/kms/WEB-INF/lib/netty-3.6.2.Final.jar
[2022-10-22T00:00:10.097+0000] {processor.py:758} INFO - Processing file /opt/airflow/dags/hadoop-2.7.3/share/hadoop/kms/tomcat/webapps/kms/WEB-INF/lib/netty-3.6.2.Final.jar for tasks to queue
[2022-10-22T00:00:10.100+0000] {logging_mixin.py:117} INFO - [2022-10-22T00:00:10.099+0000] {dagbag.py:525} INFO - Filling up the DagBag from /opt/airflow/dags/hadoop-2.7.3/share/hadoop/kms/tomcat/webapps/kms/WEB-INF/lib/netty-3.6.2.Final.jar
[2022-10-22T00:00:10.137+0000] {processor.py:770} WARNING - No viable dags retrieved from /opt/airflow/dags/hadoop-2.7.3/share/hadoop/kms/tomcat/webapps/kms/WEB-INF/lib/netty-3.6.2.Final.jar
[2022-10-22T00:00:10.209+0000] {processor.py:178} INFO - Processing /opt/airflow/dags/hadoop-2.7.3/share/hadoop/kms/tomcat/webapps/kms/WEB-INF/lib/netty-3.6.2.Final.jar took 0.159 seconds
[2022-10-22T00:01:44.941+0000] {processor.py:156} INFO - Started process (PID=17419) to work on /opt/airflow/dags/hadoop-2.7.3/share/hadoop/kms/tomcat/webapps/kms/WEB-INF/lib/netty-3.6.2.Final.jar
[2022-10-22T00:01:44.943+0000] {processor.py:758} INFO - Processing file /opt/airflow/dags/hadoop-2.7.3/share/hadoop/kms/tomcat/webapps/kms/WEB-INF/lib/netty-3.6.2.Final.jar for tasks to queue
[2022-10-22T00:01:44.947+0000] {logging_mixin.py:117} INFO - [2022-10-22T00:01:44.947+0000] {dagbag.py:525} INFO - Filling up the DagBag from /opt/airflow/dags/hadoop-2.7.3/share/hadoop/kms/tomcat/webapps/kms/WEB-INF/lib/netty-3.6.2.Final.jar
[2022-10-22T00:01:44.977+0000] {processor.py:770} WARNING - No viable dags retrieved from /opt/airflow/dags/hadoop-2.7.3/share/hadoop/kms/tomcat/webapps/kms/WEB-INF/lib/netty-3.6.2.Final.jar
[2022-10-22T00:01:45.055+0000] {processor.py:178} INFO - Processing /opt/airflow/dags/hadoop-2.7.3/share/hadoop/kms/tomcat/webapps/kms/WEB-INF/lib/netty-3.6.2.Final.jar took 0.128 seconds
[2022-10-22T00:01:46.048+0000] {processor.py:156} INFO - Started process (PID=19695) to work on /opt/airflow/dags/hadoop-2.7.3/share/hadoop/kms/tomcat/webapps/kms/WEB-INF/lib/netty-3.6.2.Final.jar
[2022-10-22T00:01:46.052+0000] {processor.py:758} INFO - Processing file /opt/airflow/dags/hadoop-2.7.3/share/hadoop/kms/tomcat/webapps/kms/WEB-INF/lib/netty-3.6.2.Final.jar for tasks to queue
[2022-10-22T00:01:46.055+0000] {logging_mixin.py:117} INFO - [2022-10-22T00:01:46.055+0000] {dagbag.py:525} INFO - Filling up the DagBag from /opt/airflow/dags/hadoop-2.7.3/share/hadoop/kms/tomcat/webapps/kms/WEB-INF/lib/netty-3.6.2.Final.jar
[2022-10-22T00:01:46.183+0000] {processor.py:770} WARNING - No viable dags retrieved from /opt/airflow/dags/hadoop-2.7.3/share/hadoop/kms/tomcat/webapps/kms/WEB-INF/lib/netty-3.6.2.Final.jar
[2022-10-22T00:01:46.316+0000] {processor.py:178} INFO - Processing /opt/airflow/dags/hadoop-2.7.3/share/hadoop/kms/tomcat/webapps/kms/WEB-INF/lib/netty-3.6.2.Final.jar took 0.296 seconds
[2022-10-22T00:02:47.798+0000] {processor.py:156} INFO - Started process (PID=20298) to work on /opt/airflow/dags/hadoop-2.7.3/share/hadoop/kms/tomcat/webapps/kms/WEB-INF/lib/netty-3.6.2.Final.jar
[2022-10-22T00:02:47.801+0000] {processor.py:758} INFO - Processing file /opt/airflow/dags/hadoop-2.7.3/share/hadoop/kms/tomcat/webapps/kms/WEB-INF/lib/netty-3.6.2.Final.jar for tasks to queue
[2022-10-22T00:02:47.804+0000] {logging_mixin.py:117} INFO - [2022-10-22T00:02:47.803+0000] {dagbag.py:525} INFO - Filling up the DagBag from /opt/airflow/dags/hadoop-2.7.3/share/hadoop/kms/tomcat/webapps/kms/WEB-INF/lib/netty-3.6.2.Final.jar
[2022-10-22T00:02:47.838+0000] {processor.py:770} WARNING - No viable dags retrieved from /opt/airflow/dags/hadoop-2.7.3/share/hadoop/kms/tomcat/webapps/kms/WEB-INF/lib/netty-3.6.2.Final.jar
[2022-10-22T00:02:47.907+0000] {processor.py:178} INFO - Processing /opt/airflow/dags/hadoop-2.7.3/share/hadoop/kms/tomcat/webapps/kms/WEB-INF/lib/netty-3.6.2.Final.jar took 0.121 seconds
[2022-10-22T00:03:27.764+0000] {processor.py:156} INFO - Started process (PID=17996) to work on /opt/airflow/dags/hadoop-2.7.3/share/hadoop/kms/tomcat/webapps/kms/WEB-INF/lib/netty-3.6.2.Final.jar
[2022-10-22T00:03:27.773+0000] {processor.py:758} INFO - Processing file /opt/airflow/dags/hadoop-2.7.3/share/hadoop/kms/tomcat/webapps/kms/WEB-INF/lib/netty-3.6.2.Final.jar for tasks to queue
[2022-10-22T00:03:27.779+0000] {logging_mixin.py:117} INFO - [2022-10-22T00:03:27.778+0000] {dagbag.py:525} INFO - Filling up the DagBag from /opt/airflow/dags/hadoop-2.7.3/share/hadoop/kms/tomcat/webapps/kms/WEB-INF/lib/netty-3.6.2.Final.jar
[2022-10-22T00:03:27.813+0000] {processor.py:770} WARNING - No viable dags retrieved from /opt/airflow/dags/hadoop-2.7.3/share/hadoop/kms/tomcat/webapps/kms/WEB-INF/lib/netty-3.6.2.Final.jar
[2022-10-22T00:03:27.874+0000] {processor.py:178} INFO - Processing /opt/airflow/dags/hadoop-2.7.3/share/hadoop/kms/tomcat/webapps/kms/WEB-INF/lib/netty-3.6.2.Final.jar took 0.151 seconds
[2022-10-22T00:04:08.673+0000] {processor.py:156} INFO - Started process (PID=20772) to work on /opt/airflow/dags/hadoop-2.7.3/share/hadoop/kms/tomcat/webapps/kms/WEB-INF/lib/netty-3.6.2.Final.jar
[2022-10-22T00:04:08.676+0000] {processor.py:758} INFO - Processing file /opt/airflow/dags/hadoop-2.7.3/share/hadoop/kms/tomcat/webapps/kms/WEB-INF/lib/netty-3.6.2.Final.jar for tasks to queue
[2022-10-22T00:04:08.679+0000] {logging_mixin.py:117} INFO - [2022-10-22T00:04:08.678+0000] {dagbag.py:525} INFO - Filling up the DagBag from /opt/airflow/dags/hadoop-2.7.3/share/hadoop/kms/tomcat/webapps/kms/WEB-INF/lib/netty-3.6.2.Final.jar
[2022-10-22T00:04:08.755+0000] {processor.py:770} WARNING - No viable dags retrieved from /opt/airflow/dags/hadoop-2.7.3/share/hadoop/kms/tomcat/webapps/kms/WEB-INF/lib/netty-3.6.2.Final.jar
[2022-10-22T00:04:08.845+0000] {processor.py:178} INFO - Processing /opt/airflow/dags/hadoop-2.7.3/share/hadoop/kms/tomcat/webapps/kms/WEB-INF/lib/netty-3.6.2.Final.jar took 0.233 seconds
[2022-10-22T00:04:35.692+0000] {processor.py:156} INFO - Started process (PID=18606) to work on /opt/airflow/dags/hadoop-2.7.3/share/hadoop/kms/tomcat/webapps/kms/WEB-INF/lib/netty-3.6.2.Final.jar
[2022-10-22T00:04:35.698+0000] {processor.py:758} INFO - Processing file /opt/airflow/dags/hadoop-2.7.3/share/hadoop/kms/tomcat/webapps/kms/WEB-INF/lib/netty-3.6.2.Final.jar for tasks to queue
[2022-10-22T00:04:35.715+0000] {logging_mixin.py:117} INFO - [2022-10-22T00:04:35.701+0000] {dagbag.py:525} INFO - Filling up the DagBag from /opt/airflow/dags/hadoop-2.7.3/share/hadoop/kms/tomcat/webapps/kms/WEB-INF/lib/netty-3.6.2.Final.jar
[2022-10-22T00:04:35.819+0000] {processor.py:770} WARNING - No viable dags retrieved from /opt/airflow/dags/hadoop-2.7.3/share/hadoop/kms/tomcat/webapps/kms/WEB-INF/lib/netty-3.6.2.Final.jar
[2022-10-22T00:04:35.909+0000] {processor.py:178} INFO - Processing /opt/airflow/dags/hadoop-2.7.3/share/hadoop/kms/tomcat/webapps/kms/WEB-INF/lib/netty-3.6.2.Final.jar took 0.237 seconds
[2022-10-22T00:05:05.717+0000] {processor.py:156} INFO - Started process (PID=21293) to work on /opt/airflow/dags/hadoop-2.7.3/share/hadoop/kms/tomcat/webapps/kms/WEB-INF/lib/netty-3.6.2.Final.jar
[2022-10-22T00:05:05.720+0000] {processor.py:758} INFO - Processing file /opt/airflow/dags/hadoop-2.7.3/share/hadoop/kms/tomcat/webapps/kms/WEB-INF/lib/netty-3.6.2.Final.jar for tasks to queue
[2022-10-22T00:05:05.722+0000] {logging_mixin.py:117} INFO - [2022-10-22T00:05:05.722+0000] {dagbag.py:525} INFO - Filling up the DagBag from /opt/airflow/dags/hadoop-2.7.3/share/hadoop/kms/tomcat/webapps/kms/WEB-INF/lib/netty-3.6.2.Final.jar
[2022-10-22T00:05:05.763+0000] {processor.py:770} WARNING - No viable dags retrieved from /opt/airflow/dags/hadoop-2.7.3/share/hadoop/kms/tomcat/webapps/kms/WEB-INF/lib/netty-3.6.2.Final.jar
[2022-10-22T00:05:05.807+0000] {processor.py:178} INFO - Processing /opt/airflow/dags/hadoop-2.7.3/share/hadoop/kms/tomcat/webapps/kms/WEB-INF/lib/netty-3.6.2.Final.jar took 0.096 seconds
[2022-10-22T00:05:30.743+0000] {processor.py:156} INFO - Started process (PID=19128) to work on /opt/airflow/dags/hadoop-2.7.3/share/hadoop/kms/tomcat/webapps/kms/WEB-INF/lib/netty-3.6.2.Final.jar
[2022-10-22T00:05:30.749+0000] {processor.py:758} INFO - Processing file /opt/airflow/dags/hadoop-2.7.3/share/hadoop/kms/tomcat/webapps/kms/WEB-INF/lib/netty-3.6.2.Final.jar for tasks to queue
[2022-10-22T00:05:30.752+0000] {logging_mixin.py:117} INFO - [2022-10-22T00:05:30.751+0000] {dagbag.py:525} INFO - Filling up the DagBag from /opt/airflow/dags/hadoop-2.7.3/share/hadoop/kms/tomcat/webapps/kms/WEB-INF/lib/netty-3.6.2.Final.jar
[2022-10-22T00:05:30.809+0000] {processor.py:770} WARNING - No viable dags retrieved from /opt/airflow/dags/hadoop-2.7.3/share/hadoop/kms/tomcat/webapps/kms/WEB-INF/lib/netty-3.6.2.Final.jar
[2022-10-22T00:05:30.887+0000] {processor.py:178} INFO - Processing /opt/airflow/dags/hadoop-2.7.3/share/hadoop/kms/tomcat/webapps/kms/WEB-INF/lib/netty-3.6.2.Final.jar took 0.152 seconds
[2022-10-22T00:05:51.109+0000] {processor.py:156} INFO - Started process (PID=21766) to work on /opt/airflow/dags/hadoop-2.7.3/share/hadoop/kms/tomcat/webapps/kms/WEB-INF/lib/netty-3.6.2.Final.jar
[2022-10-22T00:05:51.112+0000] {processor.py:758} INFO - Processing file /opt/airflow/dags/hadoop-2.7.3/share/hadoop/kms/tomcat/webapps/kms/WEB-INF/lib/netty-3.6.2.Final.jar for tasks to queue
[2022-10-22T00:05:51.114+0000] {logging_mixin.py:117} INFO - [2022-10-22T00:05:51.113+0000] {dagbag.py:525} INFO - Filling up the DagBag from /opt/airflow/dags/hadoop-2.7.3/share/hadoop/kms/tomcat/webapps/kms/WEB-INF/lib/netty-3.6.2.Final.jar
[2022-10-22T00:05:51.139+0000] {processor.py:770} WARNING - No viable dags retrieved from /opt/airflow/dags/hadoop-2.7.3/share/hadoop/kms/tomcat/webapps/kms/WEB-INF/lib/netty-3.6.2.Final.jar
[2022-10-22T00:05:51.177+0000] {processor.py:178} INFO - Processing /opt/airflow/dags/hadoop-2.7.3/share/hadoop/kms/tomcat/webapps/kms/WEB-INF/lib/netty-3.6.2.Final.jar took 0.074 seconds
[2022-10-22T00:06:33.069+0000] {processor.py:156} INFO - Started process (PID=19725) to work on /opt/airflow/dags/hadoop-2.7.3/share/hadoop/kms/tomcat/webapps/kms/WEB-INF/lib/netty-3.6.2.Final.jar
[2022-10-22T00:06:33.073+0000] {processor.py:758} INFO - Processing file /opt/airflow/dags/hadoop-2.7.3/share/hadoop/kms/tomcat/webapps/kms/WEB-INF/lib/netty-3.6.2.Final.jar for tasks to queue
[2022-10-22T00:06:33.076+0000] {logging_mixin.py:117} INFO - [2022-10-22T00:06:33.076+0000] {dagbag.py:525} INFO - Filling up the DagBag from /opt/airflow/dags/hadoop-2.7.3/share/hadoop/kms/tomcat/webapps/kms/WEB-INF/lib/netty-3.6.2.Final.jar
[2022-10-22T00:06:33.112+0000] {processor.py:770} WARNING - No viable dags retrieved from /opt/airflow/dags/hadoop-2.7.3/share/hadoop/kms/tomcat/webapps/kms/WEB-INF/lib/netty-3.6.2.Final.jar
[2022-10-22T00:06:33.158+0000] {processor.py:178} INFO - Processing /opt/airflow/dags/hadoop-2.7.3/share/hadoop/kms/tomcat/webapps/kms/WEB-INF/lib/netty-3.6.2.Final.jar took 0.104 seconds
[2022-10-22T00:06:38.976+0000] {processor.py:156} INFO - Started process (PID=22232) to work on /opt/airflow/dags/hadoop-2.7.3/share/hadoop/kms/tomcat/webapps/kms/WEB-INF/lib/netty-3.6.2.Final.jar
[2022-10-22T00:06:38.978+0000] {processor.py:758} INFO - Processing file /opt/airflow/dags/hadoop-2.7.3/share/hadoop/kms/tomcat/webapps/kms/WEB-INF/lib/netty-3.6.2.Final.jar for tasks to queue
[2022-10-22T00:06:38.981+0000] {logging_mixin.py:117} INFO - [2022-10-22T00:06:38.980+0000] {dagbag.py:525} INFO - Filling up the DagBag from /opt/airflow/dags/hadoop-2.7.3/share/hadoop/kms/tomcat/webapps/kms/WEB-INF/lib/netty-3.6.2.Final.jar
[2022-10-22T00:06:39.016+0000] {processor.py:770} WARNING - No viable dags retrieved from /opt/airflow/dags/hadoop-2.7.3/share/hadoop/kms/tomcat/webapps/kms/WEB-INF/lib/netty-3.6.2.Final.jar
[2022-10-22T00:06:39.065+0000] {processor.py:178} INFO - Processing /opt/airflow/dags/hadoop-2.7.3/share/hadoop/kms/tomcat/webapps/kms/WEB-INF/lib/netty-3.6.2.Final.jar took 0.096 seconds
[2022-10-22T00:07:20.783+0000] {processor.py:156} INFO - Started process (PID=20204) to work on /opt/airflow/dags/hadoop-2.7.3/share/hadoop/kms/tomcat/webapps/kms/WEB-INF/lib/netty-3.6.2.Final.jar
[2022-10-22T00:07:20.788+0000] {processor.py:758} INFO - Processing file /opt/airflow/dags/hadoop-2.7.3/share/hadoop/kms/tomcat/webapps/kms/WEB-INF/lib/netty-3.6.2.Final.jar for tasks to queue
[2022-10-22T00:07:20.790+0000] {logging_mixin.py:117} INFO - [2022-10-22T00:07:20.790+0000] {dagbag.py:525} INFO - Filling up the DagBag from /opt/airflow/dags/hadoop-2.7.3/share/hadoop/kms/tomcat/webapps/kms/WEB-INF/lib/netty-3.6.2.Final.jar
[2022-10-22T00:07:20.835+0000] {processor.py:770} WARNING - No viable dags retrieved from /opt/airflow/dags/hadoop-2.7.3/share/hadoop/kms/tomcat/webapps/kms/WEB-INF/lib/netty-3.6.2.Final.jar
[2022-10-22T00:07:20.924+0000] {processor.py:178} INFO - Processing /opt/airflow/dags/hadoop-2.7.3/share/hadoop/kms/tomcat/webapps/kms/WEB-INF/lib/netty-3.6.2.Final.jar took 0.155 seconds
[2022-10-22T00:07:41.871+0000] {processor.py:156} INFO - Started process (PID=22862) to work on /opt/airflow/dags/hadoop-2.7.3/share/hadoop/kms/tomcat/webapps/kms/WEB-INF/lib/netty-3.6.2.Final.jar
[2022-10-22T00:07:41.875+0000] {processor.py:758} INFO - Processing file /opt/airflow/dags/hadoop-2.7.3/share/hadoop/kms/tomcat/webapps/kms/WEB-INF/lib/netty-3.6.2.Final.jar for tasks to queue
[2022-10-22T00:07:41.885+0000] {logging_mixin.py:117} INFO - [2022-10-22T00:07:41.884+0000] {dagbag.py:525} INFO - Filling up the DagBag from /opt/airflow/dags/hadoop-2.7.3/share/hadoop/kms/tomcat/webapps/kms/WEB-INF/lib/netty-3.6.2.Final.jar
[2022-10-22T00:07:41.931+0000] {processor.py:770} WARNING - No viable dags retrieved from /opt/airflow/dags/hadoop-2.7.3/share/hadoop/kms/tomcat/webapps/kms/WEB-INF/lib/netty-3.6.2.Final.jar
[2022-10-22T00:07:42.005+0000] {processor.py:178} INFO - Processing /opt/airflow/dags/hadoop-2.7.3/share/hadoop/kms/tomcat/webapps/kms/WEB-INF/lib/netty-3.6.2.Final.jar took 0.154 seconds
[2022-10-22T00:08:58.170+0000] {processor.py:156} INFO - Started process (PID=20744) to work on /opt/airflow/dags/hadoop-2.7.3/share/hadoop/kms/tomcat/webapps/kms/WEB-INF/lib/netty-3.6.2.Final.jar
[2022-10-22T00:08:58.174+0000] {processor.py:758} INFO - Processing file /opt/airflow/dags/hadoop-2.7.3/share/hadoop/kms/tomcat/webapps/kms/WEB-INF/lib/netty-3.6.2.Final.jar for tasks to queue
[2022-10-22T00:08:58.176+0000] {logging_mixin.py:117} INFO - [2022-10-22T00:08:58.176+0000] {dagbag.py:525} INFO - Filling up the DagBag from /opt/airflow/dags/hadoop-2.7.3/share/hadoop/kms/tomcat/webapps/kms/WEB-INF/lib/netty-3.6.2.Final.jar
[2022-10-22T00:08:58.224+0000] {processor.py:770} WARNING - No viable dags retrieved from /opt/airflow/dags/hadoop-2.7.3/share/hadoop/kms/tomcat/webapps/kms/WEB-INF/lib/netty-3.6.2.Final.jar
[2022-10-22T00:08:58.303+0000] {processor.py:178} INFO - Processing /opt/airflow/dags/hadoop-2.7.3/share/hadoop/kms/tomcat/webapps/kms/WEB-INF/lib/netty-3.6.2.Final.jar took 0.141 seconds
[2022-10-22T00:09:15.958+0000] {processor.py:156} INFO - Started process (PID=23387) to work on /opt/airflow/dags/hadoop-2.7.3/share/hadoop/kms/tomcat/webapps/kms/WEB-INF/lib/netty-3.6.2.Final.jar
[2022-10-22T00:09:15.961+0000] {processor.py:758} INFO - Processing file /opt/airflow/dags/hadoop-2.7.3/share/hadoop/kms/tomcat/webapps/kms/WEB-INF/lib/netty-3.6.2.Final.jar for tasks to queue
[2022-10-22T00:09:15.964+0000] {logging_mixin.py:117} INFO - [2022-10-22T00:09:15.964+0000] {dagbag.py:525} INFO - Filling up the DagBag from /opt/airflow/dags/hadoop-2.7.3/share/hadoop/kms/tomcat/webapps/kms/WEB-INF/lib/netty-3.6.2.Final.jar
[2022-10-22T00:09:16.013+0000] {processor.py:770} WARNING - No viable dags retrieved from /opt/airflow/dags/hadoop-2.7.3/share/hadoop/kms/tomcat/webapps/kms/WEB-INF/lib/netty-3.6.2.Final.jar
[2022-10-22T00:09:16.063+0000] {processor.py:178} INFO - Processing /opt/airflow/dags/hadoop-2.7.3/share/hadoop/kms/tomcat/webapps/kms/WEB-INF/lib/netty-3.6.2.Final.jar took 0.118 seconds
[2022-10-22T00:09:52.818+0000] {processor.py:156} INFO - Started process (PID=21269) to work on /opt/airflow/dags/hadoop-2.7.3/share/hadoop/kms/tomcat/webapps/kms/WEB-INF/lib/netty-3.6.2.Final.jar
[2022-10-22T00:09:52.822+0000] {processor.py:758} INFO - Processing file /opt/airflow/dags/hadoop-2.7.3/share/hadoop/kms/tomcat/webapps/kms/WEB-INF/lib/netty-3.6.2.Final.jar for tasks to queue
[2022-10-22T00:09:52.824+0000] {logging_mixin.py:117} INFO - [2022-10-22T00:09:52.823+0000] {dagbag.py:525} INFO - Filling up the DagBag from /opt/airflow/dags/hadoop-2.7.3/share/hadoop/kms/tomcat/webapps/kms/WEB-INF/lib/netty-3.6.2.Final.jar
[2022-10-22T00:09:52.858+0000] {processor.py:770} WARNING - No viable dags retrieved from /opt/airflow/dags/hadoop-2.7.3/share/hadoop/kms/tomcat/webapps/kms/WEB-INF/lib/netty-3.6.2.Final.jar
[2022-10-22T00:09:52.918+0000] {processor.py:178} INFO - Processing /opt/airflow/dags/hadoop-2.7.3/share/hadoop/kms/tomcat/webapps/kms/WEB-INF/lib/netty-3.6.2.Final.jar took 0.107 seconds
[2022-10-22T00:11:17.998+0000] {processor.py:156} INFO - Started process (PID=23911) to work on /opt/airflow/dags/hadoop-2.7.3/share/hadoop/kms/tomcat/webapps/kms/WEB-INF/lib/netty-3.6.2.Final.jar
[2022-10-22T00:11:18.000+0000] {processor.py:758} INFO - Processing file /opt/airflow/dags/hadoop-2.7.3/share/hadoop/kms/tomcat/webapps/kms/WEB-INF/lib/netty-3.6.2.Final.jar for tasks to queue
[2022-10-22T00:11:18.007+0000] {logging_mixin.py:117} INFO - [2022-10-22T00:11:18.006+0000] {dagbag.py:525} INFO - Filling up the DagBag from /opt/airflow/dags/hadoop-2.7.3/share/hadoop/kms/tomcat/webapps/kms/WEB-INF/lib/netty-3.6.2.Final.jar
[2022-10-22T00:11:18.030+0000] {processor.py:770} WARNING - No viable dags retrieved from /opt/airflow/dags/hadoop-2.7.3/share/hadoop/kms/tomcat/webapps/kms/WEB-INF/lib/netty-3.6.2.Final.jar
[2022-10-22T00:11:18.058+0000] {processor.py:178} INFO - Processing /opt/airflow/dags/hadoop-2.7.3/share/hadoop/kms/tomcat/webapps/kms/WEB-INF/lib/netty-3.6.2.Final.jar took 0.065 seconds
[2022-10-22T00:11:34.809+0000] {processor.py:156} INFO - Started process (PID=21679) to work on /opt/airflow/dags/hadoop-2.7.3/share/hadoop/kms/tomcat/webapps/kms/WEB-INF/lib/netty-3.6.2.Final.jar
[2022-10-22T00:11:34.811+0000] {processor.py:758} INFO - Processing file /opt/airflow/dags/hadoop-2.7.3/share/hadoop/kms/tomcat/webapps/kms/WEB-INF/lib/netty-3.6.2.Final.jar for tasks to queue
[2022-10-22T00:11:34.813+0000] {logging_mixin.py:117} INFO - [2022-10-22T00:11:34.812+0000] {dagbag.py:525} INFO - Filling up the DagBag from /opt/airflow/dags/hadoop-2.7.3/share/hadoop/kms/tomcat/webapps/kms/WEB-INF/lib/netty-3.6.2.Final.jar
[2022-10-22T00:11:34.841+0000] {processor.py:770} WARNING - No viable dags retrieved from /opt/airflow/dags/hadoop-2.7.3/share/hadoop/kms/tomcat/webapps/kms/WEB-INF/lib/netty-3.6.2.Final.jar
[2022-10-22T00:11:34.865+0000] {processor.py:178} INFO - Processing /opt/airflow/dags/hadoop-2.7.3/share/hadoop/kms/tomcat/webapps/kms/WEB-INF/lib/netty-3.6.2.Final.jar took 0.061 seconds
[2022-10-22T00:11:54.596+0000] {processor.py:156} INFO - Started process (PID=24427) to work on /opt/airflow/dags/hadoop-2.7.3/share/hadoop/kms/tomcat/webapps/kms/WEB-INF/lib/netty-3.6.2.Final.jar
[2022-10-22T00:11:54.600+0000] {processor.py:758} INFO - Processing file /opt/airflow/dags/hadoop-2.7.3/share/hadoop/kms/tomcat/webapps/kms/WEB-INF/lib/netty-3.6.2.Final.jar for tasks to queue
[2022-10-22T00:11:54.602+0000] {logging_mixin.py:117} INFO - [2022-10-22T00:11:54.602+0000] {dagbag.py:525} INFO - Filling up the DagBag from /opt/airflow/dags/hadoop-2.7.3/share/hadoop/kms/tomcat/webapps/kms/WEB-INF/lib/netty-3.6.2.Final.jar
[2022-10-22T00:11:54.637+0000] {processor.py:770} WARNING - No viable dags retrieved from /opt/airflow/dags/hadoop-2.7.3/share/hadoop/kms/tomcat/webapps/kms/WEB-INF/lib/netty-3.6.2.Final.jar
[2022-10-22T00:11:54.676+0000] {processor.py:178} INFO - Processing /opt/airflow/dags/hadoop-2.7.3/share/hadoop/kms/tomcat/webapps/kms/WEB-INF/lib/netty-3.6.2.Final.jar took 0.086 seconds
[2022-10-22T00:12:21.986+0000] {processor.py:156} INFO - Started process (PID=22196) to work on /opt/airflow/dags/hadoop-2.7.3/share/hadoop/kms/tomcat/webapps/kms/WEB-INF/lib/netty-3.6.2.Final.jar
[2022-10-22T00:12:21.990+0000] {processor.py:758} INFO - Processing file /opt/airflow/dags/hadoop-2.7.3/share/hadoop/kms/tomcat/webapps/kms/WEB-INF/lib/netty-3.6.2.Final.jar for tasks to queue
[2022-10-22T00:12:21.994+0000] {logging_mixin.py:117} INFO - [2022-10-22T00:12:21.994+0000] {dagbag.py:525} INFO - Filling up the DagBag from /opt/airflow/dags/hadoop-2.7.3/share/hadoop/kms/tomcat/webapps/kms/WEB-INF/lib/netty-3.6.2.Final.jar
[2022-10-22T00:12:22.081+0000] {processor.py:770} WARNING - No viable dags retrieved from /opt/airflow/dags/hadoop-2.7.3/share/hadoop/kms/tomcat/webapps/kms/WEB-INF/lib/netty-3.6.2.Final.jar
[2022-10-22T00:12:22.129+0000] {processor.py:178} INFO - Processing /opt/airflow/dags/hadoop-2.7.3/share/hadoop/kms/tomcat/webapps/kms/WEB-INF/lib/netty-3.6.2.Final.jar took 0.163 seconds
[2022-10-22T00:15:23.485+0000] {processor.py:156} INFO - Started process (PID=22656) to work on /opt/airflow/dags/hadoop-2.7.3/share/hadoop/kms/tomcat/webapps/kms/WEB-INF/lib/netty-3.6.2.Final.jar
[2022-10-22T00:15:23.490+0000] {processor.py:758} INFO - Processing file /opt/airflow/dags/hadoop-2.7.3/share/hadoop/kms/tomcat/webapps/kms/WEB-INF/lib/netty-3.6.2.Final.jar for tasks to queue
[2022-10-22T00:15:23.495+0000] {logging_mixin.py:117} INFO - [2022-10-22T00:15:23.493+0000] {dagbag.py:525} INFO - Filling up the DagBag from /opt/airflow/dags/hadoop-2.7.3/share/hadoop/kms/tomcat/webapps/kms/WEB-INF/lib/netty-3.6.2.Final.jar
[2022-10-22T00:15:23.536+0000] {processor.py:770} WARNING - No viable dags retrieved from /opt/airflow/dags/hadoop-2.7.3/share/hadoop/kms/tomcat/webapps/kms/WEB-INF/lib/netty-3.6.2.Final.jar
[2022-10-22T00:15:23.593+0000] {processor.py:178} INFO - Processing /opt/airflow/dags/hadoop-2.7.3/share/hadoop/kms/tomcat/webapps/kms/WEB-INF/lib/netty-3.6.2.Final.jar took 0.119 seconds
[2022-10-22T00:15:37.010+0000] {processor.py:156} INFO - Started process (PID=25222) to work on /opt/airflow/dags/hadoop-2.7.3/share/hadoop/kms/tomcat/webapps/kms/WEB-INF/lib/netty-3.6.2.Final.jar
[2022-10-22T00:15:37.013+0000] {processor.py:758} INFO - Processing file /opt/airflow/dags/hadoop-2.7.3/share/hadoop/kms/tomcat/webapps/kms/WEB-INF/lib/netty-3.6.2.Final.jar for tasks to queue
[2022-10-22T00:15:37.015+0000] {logging_mixin.py:117} INFO - [2022-10-22T00:15:37.015+0000] {dagbag.py:525} INFO - Filling up the DagBag from /opt/airflow/dags/hadoop-2.7.3/share/hadoop/kms/tomcat/webapps/kms/WEB-INF/lib/netty-3.6.2.Final.jar
[2022-10-22T00:15:37.053+0000] {processor.py:770} WARNING - No viable dags retrieved from /opt/airflow/dags/hadoop-2.7.3/share/hadoop/kms/tomcat/webapps/kms/WEB-INF/lib/netty-3.6.2.Final.jar
[2022-10-22T00:15:37.126+0000] {processor.py:178} INFO - Processing /opt/airflow/dags/hadoop-2.7.3/share/hadoop/kms/tomcat/webapps/kms/WEB-INF/lib/netty-3.6.2.Final.jar took 0.123 seconds
[2022-10-22T00:16:12.909+0000] {processor.py:156} INFO - Started process (PID=23181) to work on /opt/airflow/dags/hadoop-2.7.3/share/hadoop/kms/tomcat/webapps/kms/WEB-INF/lib/netty-3.6.2.Final.jar
[2022-10-22T00:16:12.911+0000] {processor.py:758} INFO - Processing file /opt/airflow/dags/hadoop-2.7.3/share/hadoop/kms/tomcat/webapps/kms/WEB-INF/lib/netty-3.6.2.Final.jar for tasks to queue
[2022-10-22T00:16:12.914+0000] {logging_mixin.py:117} INFO - [2022-10-22T00:16:12.914+0000] {dagbag.py:525} INFO - Filling up the DagBag from /opt/airflow/dags/hadoop-2.7.3/share/hadoop/kms/tomcat/webapps/kms/WEB-INF/lib/netty-3.6.2.Final.jar
[2022-10-22T00:16:12.940+0000] {processor.py:770} WARNING - No viable dags retrieved from /opt/airflow/dags/hadoop-2.7.3/share/hadoop/kms/tomcat/webapps/kms/WEB-INF/lib/netty-3.6.2.Final.jar
[2022-10-22T00:16:12.994+0000] {processor.py:178} INFO - Processing /opt/airflow/dags/hadoop-2.7.3/share/hadoop/kms/tomcat/webapps/kms/WEB-INF/lib/netty-3.6.2.Final.jar took 0.097 seconds
[2022-10-22T00:16:22.705+0000] {processor.py:156} INFO - Started process (PID=25743) to work on /opt/airflow/dags/hadoop-2.7.3/share/hadoop/kms/tomcat/webapps/kms/WEB-INF/lib/netty-3.6.2.Final.jar
[2022-10-22T00:16:22.717+0000] {processor.py:758} INFO - Processing file /opt/airflow/dags/hadoop-2.7.3/share/hadoop/kms/tomcat/webapps/kms/WEB-INF/lib/netty-3.6.2.Final.jar for tasks to queue
[2022-10-22T00:16:22.722+0000] {logging_mixin.py:117} INFO - [2022-10-22T00:16:22.721+0000] {dagbag.py:525} INFO - Filling up the DagBag from /opt/airflow/dags/hadoop-2.7.3/share/hadoop/kms/tomcat/webapps/kms/WEB-INF/lib/netty-3.6.2.Final.jar
[2022-10-22T00:16:22.769+0000] {processor.py:770} WARNING - No viable dags retrieved from /opt/airflow/dags/hadoop-2.7.3/share/hadoop/kms/tomcat/webapps/kms/WEB-INF/lib/netty-3.6.2.Final.jar
[2022-10-22T00:16:22.845+0000] {processor.py:178} INFO - Processing /opt/airflow/dags/hadoop-2.7.3/share/hadoop/kms/tomcat/webapps/kms/WEB-INF/lib/netty-3.6.2.Final.jar took 0.157 seconds
[2022-10-22T00:17:03.108+0000] {processor.py:156} INFO - Started process (PID=23716) to work on /opt/airflow/dags/hadoop-2.7.3/share/hadoop/kms/tomcat/webapps/kms/WEB-INF/lib/netty-3.6.2.Final.jar
[2022-10-22T00:17:03.114+0000] {processor.py:758} INFO - Processing file /opt/airflow/dags/hadoop-2.7.3/share/hadoop/kms/tomcat/webapps/kms/WEB-INF/lib/netty-3.6.2.Final.jar for tasks to queue
[2022-10-22T00:17:03.121+0000] {logging_mixin.py:117} INFO - [2022-10-22T00:17:03.121+0000] {dagbag.py:525} INFO - Filling up the DagBag from /opt/airflow/dags/hadoop-2.7.3/share/hadoop/kms/tomcat/webapps/kms/WEB-INF/lib/netty-3.6.2.Final.jar
[2022-10-22T00:17:03.170+0000] {processor.py:770} WARNING - No viable dags retrieved from /opt/airflow/dags/hadoop-2.7.3/share/hadoop/kms/tomcat/webapps/kms/WEB-INF/lib/netty-3.6.2.Final.jar
[2022-10-22T00:17:03.240+0000] {processor.py:178} INFO - Processing /opt/airflow/dags/hadoop-2.7.3/share/hadoop/kms/tomcat/webapps/kms/WEB-INF/lib/netty-3.6.2.Final.jar took 0.158 seconds
[2022-10-22T00:17:12.945+0000] {processor.py:156} INFO - Started process (PID=26268) to work on /opt/airflow/dags/hadoop-2.7.3/share/hadoop/kms/tomcat/webapps/kms/WEB-INF/lib/netty-3.6.2.Final.jar
[2022-10-22T00:17:12.949+0000] {processor.py:758} INFO - Processing file /opt/airflow/dags/hadoop-2.7.3/share/hadoop/kms/tomcat/webapps/kms/WEB-INF/lib/netty-3.6.2.Final.jar for tasks to queue
[2022-10-22T00:17:12.962+0000] {logging_mixin.py:117} INFO - [2022-10-22T00:17:12.961+0000] {dagbag.py:525} INFO - Filling up the DagBag from /opt/airflow/dags/hadoop-2.7.3/share/hadoop/kms/tomcat/webapps/kms/WEB-INF/lib/netty-3.6.2.Final.jar
[2022-10-22T00:17:13.023+0000] {processor.py:770} WARNING - No viable dags retrieved from /opt/airflow/dags/hadoop-2.7.3/share/hadoop/kms/tomcat/webapps/kms/WEB-INF/lib/netty-3.6.2.Final.jar
[2022-10-22T00:17:13.085+0000] {processor.py:178} INFO - Processing /opt/airflow/dags/hadoop-2.7.3/share/hadoop/kms/tomcat/webapps/kms/WEB-INF/lib/netty-3.6.2.Final.jar took 0.151 seconds
[2022-10-22T00:17:52.917+0000] {processor.py:156} INFO - Started process (PID=24231) to work on /opt/airflow/dags/hadoop-2.7.3/share/hadoop/kms/tomcat/webapps/kms/WEB-INF/lib/netty-3.6.2.Final.jar
[2022-10-22T00:17:52.922+0000] {processor.py:758} INFO - Processing file /opt/airflow/dags/hadoop-2.7.3/share/hadoop/kms/tomcat/webapps/kms/WEB-INF/lib/netty-3.6.2.Final.jar for tasks to queue
[2022-10-22T00:17:52.925+0000] {logging_mixin.py:117} INFO - [2022-10-22T00:17:52.925+0000] {dagbag.py:525} INFO - Filling up the DagBag from /opt/airflow/dags/hadoop-2.7.3/share/hadoop/kms/tomcat/webapps/kms/WEB-INF/lib/netty-3.6.2.Final.jar
[2022-10-22T00:17:52.984+0000] {processor.py:770} WARNING - No viable dags retrieved from /opt/airflow/dags/hadoop-2.7.3/share/hadoop/kms/tomcat/webapps/kms/WEB-INF/lib/netty-3.6.2.Final.jar
[2022-10-22T00:17:53.037+0000] {processor.py:178} INFO - Processing /opt/airflow/dags/hadoop-2.7.3/share/hadoop/kms/tomcat/webapps/kms/WEB-INF/lib/netty-3.6.2.Final.jar took 0.144 seconds
[2022-10-22T00:18:08.817+0000] {processor.py:156} INFO - Started process (PID=26864) to work on /opt/airflow/dags/hadoop-2.7.3/share/hadoop/kms/tomcat/webapps/kms/WEB-INF/lib/netty-3.6.2.Final.jar
[2022-10-22T00:18:08.820+0000] {processor.py:758} INFO - Processing file /opt/airflow/dags/hadoop-2.7.3/share/hadoop/kms/tomcat/webapps/kms/WEB-INF/lib/netty-3.6.2.Final.jar for tasks to queue
[2022-10-22T00:18:08.824+0000] {logging_mixin.py:117} INFO - [2022-10-22T00:18:08.824+0000] {dagbag.py:525} INFO - Filling up the DagBag from /opt/airflow/dags/hadoop-2.7.3/share/hadoop/kms/tomcat/webapps/kms/WEB-INF/lib/netty-3.6.2.Final.jar
[2022-10-22T00:18:08.855+0000] {processor.py:770} WARNING - No viable dags retrieved from /opt/airflow/dags/hadoop-2.7.3/share/hadoop/kms/tomcat/webapps/kms/WEB-INF/lib/netty-3.6.2.Final.jar
[2022-10-22T00:18:08.902+0000] {processor.py:178} INFO - Processing /opt/airflow/dags/hadoop-2.7.3/share/hadoop/kms/tomcat/webapps/kms/WEB-INF/lib/netty-3.6.2.Final.jar took 0.099 seconds
[2022-10-22T00:18:51.674+0000] {processor.py:156} INFO - Started process (PID=24838) to work on /opt/airflow/dags/hadoop-2.7.3/share/hadoop/kms/tomcat/webapps/kms/WEB-INF/lib/netty-3.6.2.Final.jar
[2022-10-22T00:18:51.681+0000] {processor.py:758} INFO - Processing file /opt/airflow/dags/hadoop-2.7.3/share/hadoop/kms/tomcat/webapps/kms/WEB-INF/lib/netty-3.6.2.Final.jar for tasks to queue
[2022-10-22T00:18:51.685+0000] {logging_mixin.py:117} INFO - [2022-10-22T00:18:51.685+0000] {dagbag.py:525} INFO - Filling up the DagBag from /opt/airflow/dags/hadoop-2.7.3/share/hadoop/kms/tomcat/webapps/kms/WEB-INF/lib/netty-3.6.2.Final.jar
[2022-10-22T00:18:51.753+0000] {processor.py:770} WARNING - No viable dags retrieved from /opt/airflow/dags/hadoop-2.7.3/share/hadoop/kms/tomcat/webapps/kms/WEB-INF/lib/netty-3.6.2.Final.jar
[2022-10-22T00:18:51.840+0000] {processor.py:178} INFO - Processing /opt/airflow/dags/hadoop-2.7.3/share/hadoop/kms/tomcat/webapps/kms/WEB-INF/lib/netty-3.6.2.Final.jar took 0.175 seconds
[2022-10-22T00:19:02.104+0000] {processor.py:156} INFO - Started process (PID=27430) to work on /opt/airflow/dags/hadoop-2.7.3/share/hadoop/kms/tomcat/webapps/kms/WEB-INF/lib/netty-3.6.2.Final.jar
[2022-10-22T00:19:02.110+0000] {processor.py:758} INFO - Processing file /opt/airflow/dags/hadoop-2.7.3/share/hadoop/kms/tomcat/webapps/kms/WEB-INF/lib/netty-3.6.2.Final.jar for tasks to queue
[2022-10-22T00:19:02.112+0000] {logging_mixin.py:117} INFO - [2022-10-22T00:19:02.112+0000] {dagbag.py:525} INFO - Filling up the DagBag from /opt/airflow/dags/hadoop-2.7.3/share/hadoop/kms/tomcat/webapps/kms/WEB-INF/lib/netty-3.6.2.Final.jar
[2022-10-22T00:19:02.144+0000] {processor.py:770} WARNING - No viable dags retrieved from /opt/airflow/dags/hadoop-2.7.3/share/hadoop/kms/tomcat/webapps/kms/WEB-INF/lib/netty-3.6.2.Final.jar
[2022-10-22T00:19:02.202+0000] {processor.py:178} INFO - Processing /opt/airflow/dags/hadoop-2.7.3/share/hadoop/kms/tomcat/webapps/kms/WEB-INF/lib/netty-3.6.2.Final.jar took 0.104 seconds
[2022-10-22T00:20:28.745+0000] {processor.py:156} INFO - Started process (PID=27984) to work on /opt/airflow/dags/hadoop-2.7.3/share/hadoop/kms/tomcat/webapps/kms/WEB-INF/lib/netty-3.6.2.Final.jar
[2022-10-22T00:20:28.748+0000] {processor.py:758} INFO - Processing file /opt/airflow/dags/hadoop-2.7.3/share/hadoop/kms/tomcat/webapps/kms/WEB-INF/lib/netty-3.6.2.Final.jar for tasks to queue
[2022-10-22T00:20:28.751+0000] {logging_mixin.py:117} INFO - [2022-10-22T00:20:28.750+0000] {dagbag.py:525} INFO - Filling up the DagBag from /opt/airflow/dags/hadoop-2.7.3/share/hadoop/kms/tomcat/webapps/kms/WEB-INF/lib/netty-3.6.2.Final.jar
[2022-10-22T00:20:28.795+0000] {processor.py:770} WARNING - No viable dags retrieved from /opt/airflow/dags/hadoop-2.7.3/share/hadoop/kms/tomcat/webapps/kms/WEB-INF/lib/netty-3.6.2.Final.jar
[2022-10-22T00:20:28.838+0000] {processor.py:178} INFO - Processing /opt/airflow/dags/hadoop-2.7.3/share/hadoop/kms/tomcat/webapps/kms/WEB-INF/lib/netty-3.6.2.Final.jar took 0.100 seconds
[2022-10-22T00:20:41.007+0000] {processor.py:156} INFO - Started process (PID=25566) to work on /opt/airflow/dags/hadoop-2.7.3/share/hadoop/kms/tomcat/webapps/kms/WEB-INF/lib/netty-3.6.2.Final.jar
[2022-10-22T00:20:41.011+0000] {processor.py:758} INFO - Processing file /opt/airflow/dags/hadoop-2.7.3/share/hadoop/kms/tomcat/webapps/kms/WEB-INF/lib/netty-3.6.2.Final.jar for tasks to queue
[2022-10-22T00:20:41.016+0000] {logging_mixin.py:117} INFO - [2022-10-22T00:20:41.015+0000] {dagbag.py:525} INFO - Filling up the DagBag from /opt/airflow/dags/hadoop-2.7.3/share/hadoop/kms/tomcat/webapps/kms/WEB-INF/lib/netty-3.6.2.Final.jar
[2022-10-22T00:20:41.059+0000] {processor.py:770} WARNING - No viable dags retrieved from /opt/airflow/dags/hadoop-2.7.3/share/hadoop/kms/tomcat/webapps/kms/WEB-INF/lib/netty-3.6.2.Final.jar
[2022-10-22T00:20:41.127+0000] {processor.py:178} INFO - Processing /opt/airflow/dags/hadoop-2.7.3/share/hadoop/kms/tomcat/webapps/kms/WEB-INF/lib/netty-3.6.2.Final.jar took 0.131 seconds
[2022-10-22T00:21:26.689+0000] {processor.py:156} INFO - Started process (PID=28544) to work on /opt/airflow/dags/hadoop-2.7.3/share/hadoop/kms/tomcat/webapps/kms/WEB-INF/lib/netty-3.6.2.Final.jar
[2022-10-22T00:21:26.692+0000] {processor.py:758} INFO - Processing file /opt/airflow/dags/hadoop-2.7.3/share/hadoop/kms/tomcat/webapps/kms/WEB-INF/lib/netty-3.6.2.Final.jar for tasks to queue
[2022-10-22T00:21:26.707+0000] {logging_mixin.py:117} INFO - [2022-10-22T00:21:26.707+0000] {dagbag.py:525} INFO - Filling up the DagBag from /opt/airflow/dags/hadoop-2.7.3/share/hadoop/kms/tomcat/webapps/kms/WEB-INF/lib/netty-3.6.2.Final.jar
[2022-10-22T00:21:26.756+0000] {processor.py:770} WARNING - No viable dags retrieved from /opt/airflow/dags/hadoop-2.7.3/share/hadoop/kms/tomcat/webapps/kms/WEB-INF/lib/netty-3.6.2.Final.jar
[2022-10-22T00:21:26.823+0000] {processor.py:178} INFO - Processing /opt/airflow/dags/hadoop-2.7.3/share/hadoop/kms/tomcat/webapps/kms/WEB-INF/lib/netty-3.6.2.Final.jar took 0.140 seconds
[2022-10-22T00:21:33.744+0000] {processor.py:156} INFO - Started process (PID=26090) to work on /opt/airflow/dags/hadoop-2.7.3/share/hadoop/kms/tomcat/webapps/kms/WEB-INF/lib/netty-3.6.2.Final.jar
[2022-10-22T00:21:33.746+0000] {processor.py:758} INFO - Processing file /opt/airflow/dags/hadoop-2.7.3/share/hadoop/kms/tomcat/webapps/kms/WEB-INF/lib/netty-3.6.2.Final.jar for tasks to queue
[2022-10-22T00:21:33.749+0000] {logging_mixin.py:117} INFO - [2022-10-22T00:21:33.749+0000] {dagbag.py:525} INFO - Filling up the DagBag from /opt/airflow/dags/hadoop-2.7.3/share/hadoop/kms/tomcat/webapps/kms/WEB-INF/lib/netty-3.6.2.Final.jar
[2022-10-22T00:21:33.780+0000] {processor.py:770} WARNING - No viable dags retrieved from /opt/airflow/dags/hadoop-2.7.3/share/hadoop/kms/tomcat/webapps/kms/WEB-INF/lib/netty-3.6.2.Final.jar
[2022-10-22T00:21:33.817+0000] {processor.py:178} INFO - Processing /opt/airflow/dags/hadoop-2.7.3/share/hadoop/kms/tomcat/webapps/kms/WEB-INF/lib/netty-3.6.2.Final.jar took 0.085 seconds
[2022-10-22T00:22:22.957+0000] {processor.py:156} INFO - Started process (PID=26544) to work on /opt/airflow/dags/hadoop-2.7.3/share/hadoop/kms/tomcat/webapps/kms/WEB-INF/lib/netty-3.6.2.Final.jar
[2022-10-22T00:22:22.960+0000] {processor.py:758} INFO - Processing file /opt/airflow/dags/hadoop-2.7.3/share/hadoop/kms/tomcat/webapps/kms/WEB-INF/lib/netty-3.6.2.Final.jar for tasks to queue
[2022-10-22T00:22:22.962+0000] {logging_mixin.py:117} INFO - [2022-10-22T00:22:22.962+0000] {dagbag.py:525} INFO - Filling up the DagBag from /opt/airflow/dags/hadoop-2.7.3/share/hadoop/kms/tomcat/webapps/kms/WEB-INF/lib/netty-3.6.2.Final.jar
[2022-10-22T00:22:23.035+0000] {processor.py:770} WARNING - No viable dags retrieved from /opt/airflow/dags/hadoop-2.7.3/share/hadoop/kms/tomcat/webapps/kms/WEB-INF/lib/netty-3.6.2.Final.jar
[2022-10-22T00:22:23.108+0000] {processor.py:178} INFO - Processing /opt/airflow/dags/hadoop-2.7.3/share/hadoop/kms/tomcat/webapps/kms/WEB-INF/lib/netty-3.6.2.Final.jar took 0.158 seconds
[2022-10-22T00:22:30.287+0000] {processor.py:156} INFO - Started process (PID=29164) to work on /opt/airflow/dags/hadoop-2.7.3/share/hadoop/kms/tomcat/webapps/kms/WEB-INF/lib/netty-3.6.2.Final.jar
[2022-10-22T00:22:30.290+0000] {processor.py:758} INFO - Processing file /opt/airflow/dags/hadoop-2.7.3/share/hadoop/kms/tomcat/webapps/kms/WEB-INF/lib/netty-3.6.2.Final.jar for tasks to queue
[2022-10-22T00:22:30.293+0000] {logging_mixin.py:117} INFO - [2022-10-22T00:22:30.292+0000] {dagbag.py:525} INFO - Filling up the DagBag from /opt/airflow/dags/hadoop-2.7.3/share/hadoop/kms/tomcat/webapps/kms/WEB-INF/lib/netty-3.6.2.Final.jar
[2022-10-22T00:22:30.336+0000] {processor.py:770} WARNING - No viable dags retrieved from /opt/airflow/dags/hadoop-2.7.3/share/hadoop/kms/tomcat/webapps/kms/WEB-INF/lib/netty-3.6.2.Final.jar
[2022-10-22T00:22:30.382+0000] {processor.py:178} INFO - Processing /opt/airflow/dags/hadoop-2.7.3/share/hadoop/kms/tomcat/webapps/kms/WEB-INF/lib/netty-3.6.2.Final.jar took 0.106 seconds
[2022-10-22T00:23:14.597+0000] {processor.py:156} INFO - Started process (PID=27031) to work on /opt/airflow/dags/hadoop-2.7.3/share/hadoop/kms/tomcat/webapps/kms/WEB-INF/lib/netty-3.6.2.Final.jar
[2022-10-22T00:23:14.601+0000] {processor.py:758} INFO - Processing file /opt/airflow/dags/hadoop-2.7.3/share/hadoop/kms/tomcat/webapps/kms/WEB-INF/lib/netty-3.6.2.Final.jar for tasks to queue
[2022-10-22T00:23:14.603+0000] {logging_mixin.py:117} INFO - [2022-10-22T00:23:14.603+0000] {dagbag.py:525} INFO - Filling up the DagBag from /opt/airflow/dags/hadoop-2.7.3/share/hadoop/kms/tomcat/webapps/kms/WEB-INF/lib/netty-3.6.2.Final.jar
[2022-10-22T00:23:14.657+0000] {processor.py:770} WARNING - No viable dags retrieved from /opt/airflow/dags/hadoop-2.7.3/share/hadoop/kms/tomcat/webapps/kms/WEB-INF/lib/netty-3.6.2.Final.jar
[2022-10-22T00:23:14.677+0000] {processor.py:178} INFO - Processing /opt/airflow/dags/hadoop-2.7.3/share/hadoop/kms/tomcat/webapps/kms/WEB-INF/lib/netty-3.6.2.Final.jar took 0.088 seconds
[2022-10-22T00:23:18.251+0000] {processor.py:156} INFO - Started process (PID=29631) to work on /opt/airflow/dags/hadoop-2.7.3/share/hadoop/kms/tomcat/webapps/kms/WEB-INF/lib/netty-3.6.2.Final.jar
[2022-10-22T00:23:18.253+0000] {processor.py:758} INFO - Processing file /opt/airflow/dags/hadoop-2.7.3/share/hadoop/kms/tomcat/webapps/kms/WEB-INF/lib/netty-3.6.2.Final.jar for tasks to queue
[2022-10-22T00:23:18.255+0000] {logging_mixin.py:117} INFO - [2022-10-22T00:23:18.254+0000] {dagbag.py:525} INFO - Filling up the DagBag from /opt/airflow/dags/hadoop-2.7.3/share/hadoop/kms/tomcat/webapps/kms/WEB-INF/lib/netty-3.6.2.Final.jar
[2022-10-22T00:23:18.286+0000] {processor.py:770} WARNING - No viable dags retrieved from /opt/airflow/dags/hadoop-2.7.3/share/hadoop/kms/tomcat/webapps/kms/WEB-INF/lib/netty-3.6.2.Final.jar
[2022-10-22T00:23:18.341+0000] {processor.py:178} INFO - Processing /opt/airflow/dags/hadoop-2.7.3/share/hadoop/kms/tomcat/webapps/kms/WEB-INF/lib/netty-3.6.2.Final.jar took 0.101 seconds
[2022-10-22T00:24:03.844+0000] {processor.py:156} INFO - Started process (PID=30150) to work on /opt/airflow/dags/hadoop-2.7.3/share/hadoop/kms/tomcat/webapps/kms/WEB-INF/lib/netty-3.6.2.Final.jar
[2022-10-22T00:24:03.846+0000] {processor.py:758} INFO - Processing file /opt/airflow/dags/hadoop-2.7.3/share/hadoop/kms/tomcat/webapps/kms/WEB-INF/lib/netty-3.6.2.Final.jar for tasks to queue
[2022-10-22T00:24:03.847+0000] {logging_mixin.py:117} INFO - [2022-10-22T00:24:03.847+0000] {dagbag.py:525} INFO - Filling up the DagBag from /opt/airflow/dags/hadoop-2.7.3/share/hadoop/kms/tomcat/webapps/kms/WEB-INF/lib/netty-3.6.2.Final.jar
[2022-10-22T00:24:03.868+0000] {processor.py:770} WARNING - No viable dags retrieved from /opt/airflow/dags/hadoop-2.7.3/share/hadoop/kms/tomcat/webapps/kms/WEB-INF/lib/netty-3.6.2.Final.jar
[2022-10-22T00:24:03.889+0000] {processor.py:178} INFO - Processing /opt/airflow/dags/hadoop-2.7.3/share/hadoop/kms/tomcat/webapps/kms/WEB-INF/lib/netty-3.6.2.Final.jar took 0.049 seconds
[2022-10-22T00:24:05.658+0000] {processor.py:156} INFO - Started process (PID=27591) to work on /opt/airflow/dags/hadoop-2.7.3/share/hadoop/kms/tomcat/webapps/kms/WEB-INF/lib/netty-3.6.2.Final.jar
[2022-10-22T00:24:05.660+0000] {processor.py:758} INFO - Processing file /opt/airflow/dags/hadoop-2.7.3/share/hadoop/kms/tomcat/webapps/kms/WEB-INF/lib/netty-3.6.2.Final.jar for tasks to queue
[2022-10-22T00:24:05.665+0000] {logging_mixin.py:117} INFO - [2022-10-22T00:24:05.665+0000] {dagbag.py:525} INFO - Filling up the DagBag from /opt/airflow/dags/hadoop-2.7.3/share/hadoop/kms/tomcat/webapps/kms/WEB-INF/lib/netty-3.6.2.Final.jar
[2022-10-22T00:24:05.686+0000] {processor.py:770} WARNING - No viable dags retrieved from /opt/airflow/dags/hadoop-2.7.3/share/hadoop/kms/tomcat/webapps/kms/WEB-INF/lib/netty-3.6.2.Final.jar
[2022-10-22T00:24:05.711+0000] {processor.py:178} INFO - Processing /opt/airflow/dags/hadoop-2.7.3/share/hadoop/kms/tomcat/webapps/kms/WEB-INF/lib/netty-3.6.2.Final.jar took 0.060 seconds
