[2022-10-22T00:00:24.723+0000] {processor.py:156} INFO - Started process (PID=16861) to work on /opt/airflow/dags/hadoop-2.7.3/share/doc/hadoop/hadoop-project-dist/hadoop-hdfs/images/hdfsarchitecture.odg
[2022-10-22T00:00:24.742+0000] {processor.py:758} INFO - Processing file /opt/airflow/dags/hadoop-2.7.3/share/doc/hadoop/hadoop-project-dist/hadoop-hdfs/images/hdfsarchitecture.odg for tasks to queue
[2022-10-22T00:00:24.746+0000] {logging_mixin.py:117} INFO - [2022-10-22T00:00:24.745+0000] {dagbag.py:525} INFO - Filling up the DagBag from /opt/airflow/dags/hadoop-2.7.3/share/doc/hadoop/hadoop-project-dist/hadoop-hdfs/images/hdfsarchitecture.odg
[2022-10-22T00:00:24.770+0000] {processor.py:770} WARNING - No viable dags retrieved from /opt/airflow/dags/hadoop-2.7.3/share/doc/hadoop/hadoop-project-dist/hadoop-hdfs/images/hdfsarchitecture.odg
[2022-10-22T00:00:24.893+0000] {processor.py:178} INFO - Processing /opt/airflow/dags/hadoop-2.7.3/share/doc/hadoop/hadoop-project-dist/hadoop-hdfs/images/hdfsarchitecture.odg took 0.193 seconds
[2022-10-22T00:01:11.964+0000] {processor.py:156} INFO - Started process (PID=17176) to work on /opt/airflow/dags/hadoop-2.7.3/share/doc/hadoop/hadoop-project-dist/hadoop-hdfs/images/hdfsarchitecture.odg
[2022-10-22T00:01:11.969+0000] {processor.py:758} INFO - Processing file /opt/airflow/dags/hadoop-2.7.3/share/doc/hadoop/hadoop-project-dist/hadoop-hdfs/images/hdfsarchitecture.odg for tasks to queue
[2022-10-22T00:01:11.973+0000] {logging_mixin.py:117} INFO - [2022-10-22T00:01:11.972+0000] {dagbag.py:525} INFO - Filling up the DagBag from /opt/airflow/dags/hadoop-2.7.3/share/doc/hadoop/hadoop-project-dist/hadoop-hdfs/images/hdfsarchitecture.odg
[2022-10-22T00:01:11.982+0000] {processor.py:770} WARNING - No viable dags retrieved from /opt/airflow/dags/hadoop-2.7.3/share/doc/hadoop/hadoop-project-dist/hadoop-hdfs/images/hdfsarchitecture.odg
[2022-10-22T00:01:12.042+0000] {processor.py:178} INFO - Processing /opt/airflow/dags/hadoop-2.7.3/share/doc/hadoop/hadoop-project-dist/hadoop-hdfs/images/hdfsarchitecture.odg took 0.087 seconds
[2022-10-22T00:01:13.192+0000] {processor.py:156} INFO - Started process (PID=19394) to work on /opt/airflow/dags/hadoop-2.7.3/share/doc/hadoop/hadoop-project-dist/hadoop-hdfs/images/hdfsarchitecture.odg
[2022-10-22T00:01:13.199+0000] {processor.py:758} INFO - Processing file /opt/airflow/dags/hadoop-2.7.3/share/doc/hadoop/hadoop-project-dist/hadoop-hdfs/images/hdfsarchitecture.odg for tasks to queue
[2022-10-22T00:01:13.202+0000] {logging_mixin.py:117} INFO - [2022-10-22T00:01:13.202+0000] {dagbag.py:525} INFO - Filling up the DagBag from /opt/airflow/dags/hadoop-2.7.3/share/doc/hadoop/hadoop-project-dist/hadoop-hdfs/images/hdfsarchitecture.odg
[2022-10-22T00:01:13.222+0000] {processor.py:770} WARNING - No viable dags retrieved from /opt/airflow/dags/hadoop-2.7.3/share/doc/hadoop/hadoop-project-dist/hadoop-hdfs/images/hdfsarchitecture.odg
[2022-10-22T00:01:13.336+0000] {processor.py:178} INFO - Processing /opt/airflow/dags/hadoop-2.7.3/share/doc/hadoop/hadoop-project-dist/hadoop-hdfs/images/hdfsarchitecture.odg took 0.157 seconds
[2022-10-22T00:01:54.821+0000] {processor.py:156} INFO - Started process (PID=17485) to work on /opt/airflow/dags/hadoop-2.7.3/share/doc/hadoop/hadoop-project-dist/hadoop-hdfs/images/hdfsarchitecture.odg
[2022-10-22T00:01:54.829+0000] {processor.py:758} INFO - Processing file /opt/airflow/dags/hadoop-2.7.3/share/doc/hadoop/hadoop-project-dist/hadoop-hdfs/images/hdfsarchitecture.odg for tasks to queue
[2022-10-22T00:01:54.834+0000] {logging_mixin.py:117} INFO - [2022-10-22T00:01:54.834+0000] {dagbag.py:525} INFO - Filling up the DagBag from /opt/airflow/dags/hadoop-2.7.3/share/doc/hadoop/hadoop-project-dist/hadoop-hdfs/images/hdfsarchitecture.odg
[2022-10-22T00:01:54.840+0000] {processor.py:770} WARNING - No viable dags retrieved from /opt/airflow/dags/hadoop-2.7.3/share/doc/hadoop/hadoop-project-dist/hadoop-hdfs/images/hdfsarchitecture.odg
[2022-10-22T00:01:54.883+0000] {processor.py:178} INFO - Processing /opt/airflow/dags/hadoop-2.7.3/share/doc/hadoop/hadoop-project-dist/hadoop-hdfs/images/hdfsarchitecture.odg took 0.080 seconds
[2022-10-22T00:02:10.801+0000] {processor.py:156} INFO - Started process (PID=19950) to work on /opt/airflow/dags/hadoop-2.7.3/share/doc/hadoop/hadoop-project-dist/hadoop-hdfs/images/hdfsarchitecture.odg
[2022-10-22T00:02:10.805+0000] {processor.py:758} INFO - Processing file /opt/airflow/dags/hadoop-2.7.3/share/doc/hadoop/hadoop-project-dist/hadoop-hdfs/images/hdfsarchitecture.odg for tasks to queue
[2022-10-22T00:02:10.809+0000] {logging_mixin.py:117} INFO - [2022-10-22T00:02:10.808+0000] {dagbag.py:525} INFO - Filling up the DagBag from /opt/airflow/dags/hadoop-2.7.3/share/doc/hadoop/hadoop-project-dist/hadoop-hdfs/images/hdfsarchitecture.odg
[2022-10-22T00:02:10.816+0000] {processor.py:770} WARNING - No viable dags retrieved from /opt/airflow/dags/hadoop-2.7.3/share/doc/hadoop/hadoop-project-dist/hadoop-hdfs/images/hdfsarchitecture.odg
[2022-10-22T00:02:10.873+0000] {processor.py:178} INFO - Processing /opt/airflow/dags/hadoop-2.7.3/share/doc/hadoop/hadoop-project-dist/hadoop-hdfs/images/hdfsarchitecture.odg took 0.082 seconds
[2022-10-22T00:02:29.795+0000] {processor.py:156} INFO - Started process (PID=17770) to work on /opt/airflow/dags/hadoop-2.7.3/share/doc/hadoop/hadoop-project-dist/hadoop-hdfs/images/hdfsarchitecture.odg
[2022-10-22T00:02:29.799+0000] {processor.py:758} INFO - Processing file /opt/airflow/dags/hadoop-2.7.3/share/doc/hadoop/hadoop-project-dist/hadoop-hdfs/images/hdfsarchitecture.odg for tasks to queue
[2022-10-22T00:02:29.805+0000] {logging_mixin.py:117} INFO - [2022-10-22T00:02:29.803+0000] {dagbag.py:525} INFO - Filling up the DagBag from /opt/airflow/dags/hadoop-2.7.3/share/doc/hadoop/hadoop-project-dist/hadoop-hdfs/images/hdfsarchitecture.odg
[2022-10-22T00:02:29.821+0000] {processor.py:770} WARNING - No viable dags retrieved from /opt/airflow/dags/hadoop-2.7.3/share/doc/hadoop/hadoop-project-dist/hadoop-hdfs/images/hdfsarchitecture.odg
[2022-10-22T00:02:29.901+0000] {processor.py:178} INFO - Processing /opt/airflow/dags/hadoop-2.7.3/share/doc/hadoop/hadoop-project-dist/hadoop-hdfs/images/hdfsarchitecture.odg took 0.117 seconds
[2022-10-22T00:03:34.344+0000] {processor.py:156} INFO - Started process (PID=18062) to work on /opt/airflow/dags/hadoop-2.7.3/share/doc/hadoop/hadoop-project-dist/hadoop-hdfs/images/hdfsarchitecture.odg
[2022-10-22T00:03:34.347+0000] {processor.py:758} INFO - Processing file /opt/airflow/dags/hadoop-2.7.3/share/doc/hadoop/hadoop-project-dist/hadoop-hdfs/images/hdfsarchitecture.odg for tasks to queue
[2022-10-22T00:03:34.349+0000] {logging_mixin.py:117} INFO - [2022-10-22T00:03:34.349+0000] {dagbag.py:525} INFO - Filling up the DagBag from /opt/airflow/dags/hadoop-2.7.3/share/doc/hadoop/hadoop-project-dist/hadoop-hdfs/images/hdfsarchitecture.odg
[2022-10-22T00:03:34.360+0000] {processor.py:770} WARNING - No viable dags retrieved from /opt/airflow/dags/hadoop-2.7.3/share/doc/hadoop/hadoop-project-dist/hadoop-hdfs/images/hdfsarchitecture.odg
[2022-10-22T00:03:34.408+0000] {processor.py:178} INFO - Processing /opt/airflow/dags/hadoop-2.7.3/share/doc/hadoop/hadoop-project-dist/hadoop-hdfs/images/hdfsarchitecture.odg took 0.074 seconds
[2022-10-22T00:03:40.729+0000] {processor.py:156} INFO - Started process (PID=20503) to work on /opt/airflow/dags/hadoop-2.7.3/share/doc/hadoop/hadoop-project-dist/hadoop-hdfs/images/hdfsarchitecture.odg
[2022-10-22T00:03:40.740+0000] {processor.py:758} INFO - Processing file /opt/airflow/dags/hadoop-2.7.3/share/doc/hadoop/hadoop-project-dist/hadoop-hdfs/images/hdfsarchitecture.odg for tasks to queue
[2022-10-22T00:03:40.742+0000] {logging_mixin.py:117} INFO - [2022-10-22T00:03:40.742+0000] {dagbag.py:525} INFO - Filling up the DagBag from /opt/airflow/dags/hadoop-2.7.3/share/doc/hadoop/hadoop-project-dist/hadoop-hdfs/images/hdfsarchitecture.odg
[2022-10-22T00:03:40.759+0000] {processor.py:770} WARNING - No viable dags retrieved from /opt/airflow/dags/hadoop-2.7.3/share/doc/hadoop/hadoop-project-dist/hadoop-hdfs/images/hdfsarchitecture.odg
[2022-10-22T00:03:40.863+0000] {processor.py:178} INFO - Processing /opt/airflow/dags/hadoop-2.7.3/share/doc/hadoop/hadoop-project-dist/hadoop-hdfs/images/hdfsarchitecture.odg took 0.151 seconds
[2022-10-22T00:04:14.851+0000] {processor.py:156} INFO - Started process (PID=18420) to work on /opt/airflow/dags/hadoop-2.7.3/share/doc/hadoop/hadoop-project-dist/hadoop-hdfs/images/hdfsarchitecture.odg
[2022-10-22T00:04:14.854+0000] {processor.py:758} INFO - Processing file /opt/airflow/dags/hadoop-2.7.3/share/doc/hadoop/hadoop-project-dist/hadoop-hdfs/images/hdfsarchitecture.odg for tasks to queue
[2022-10-22T00:04:14.856+0000] {logging_mixin.py:117} INFO - [2022-10-22T00:04:14.856+0000] {dagbag.py:525} INFO - Filling up the DagBag from /opt/airflow/dags/hadoop-2.7.3/share/doc/hadoop/hadoop-project-dist/hadoop-hdfs/images/hdfsarchitecture.odg
[2022-10-22T00:04:14.866+0000] {processor.py:770} WARNING - No viable dags retrieved from /opt/airflow/dags/hadoop-2.7.3/share/doc/hadoop/hadoop-project-dist/hadoop-hdfs/images/hdfsarchitecture.odg
[2022-10-22T00:04:14.918+0000] {processor.py:178} INFO - Processing /opt/airflow/dags/hadoop-2.7.3/share/doc/hadoop/hadoop-project-dist/hadoop-hdfs/images/hdfsarchitecture.odg took 0.077 seconds
[2022-10-22T00:04:28.849+0000] {processor.py:156} INFO - Started process (PID=20939) to work on /opt/airflow/dags/hadoop-2.7.3/share/doc/hadoop/hadoop-project-dist/hadoop-hdfs/images/hdfsarchitecture.odg
[2022-10-22T00:04:28.853+0000] {processor.py:758} INFO - Processing file /opt/airflow/dags/hadoop-2.7.3/share/doc/hadoop/hadoop-project-dist/hadoop-hdfs/images/hdfsarchitecture.odg for tasks to queue
[2022-10-22T00:04:28.855+0000] {logging_mixin.py:117} INFO - [2022-10-22T00:04:28.855+0000] {dagbag.py:525} INFO - Filling up the DagBag from /opt/airflow/dags/hadoop-2.7.3/share/doc/hadoop/hadoop-project-dist/hadoop-hdfs/images/hdfsarchitecture.odg
[2022-10-22T00:04:28.865+0000] {processor.py:770} WARNING - No viable dags retrieved from /opt/airflow/dags/hadoop-2.7.3/share/doc/hadoop/hadoop-project-dist/hadoop-hdfs/images/hdfsarchitecture.odg
[2022-10-22T00:04:28.908+0000] {processor.py:178} INFO - Processing /opt/airflow/dags/hadoop-2.7.3/share/doc/hadoop/hadoop-project-dist/hadoop-hdfs/images/hdfsarchitecture.odg took 0.073 seconds
[2022-10-22T00:05:12.000+0000] {processor.py:156} INFO - Started process (PID=18943) to work on /opt/airflow/dags/hadoop-2.7.3/share/doc/hadoop/hadoop-project-dist/hadoop-hdfs/images/hdfsarchitecture.odg
[2022-10-22T00:05:12.004+0000] {processor.py:758} INFO - Processing file /opt/airflow/dags/hadoop-2.7.3/share/doc/hadoop/hadoop-project-dist/hadoop-hdfs/images/hdfsarchitecture.odg for tasks to queue
[2022-10-22T00:05:12.009+0000] {logging_mixin.py:117} INFO - [2022-10-22T00:05:12.009+0000] {dagbag.py:525} INFO - Filling up the DagBag from /opt/airflow/dags/hadoop-2.7.3/share/doc/hadoop/hadoop-project-dist/hadoop-hdfs/images/hdfsarchitecture.odg
[2022-10-22T00:05:12.022+0000] {processor.py:770} WARNING - No viable dags retrieved from /opt/airflow/dags/hadoop-2.7.3/share/doc/hadoop/hadoop-project-dist/hadoop-hdfs/images/hdfsarchitecture.odg
[2022-10-22T00:05:12.054+0000] {processor.py:178} INFO - Processing /opt/airflow/dags/hadoop-2.7.3/share/doc/hadoop/hadoop-project-dist/hadoop-hdfs/images/hdfsarchitecture.odg took 0.072 seconds
[2022-10-22T00:05:19.819+0000] {processor.py:156} INFO - Started process (PID=21437) to work on /opt/airflow/dags/hadoop-2.7.3/share/doc/hadoop/hadoop-project-dist/hadoop-hdfs/images/hdfsarchitecture.odg
[2022-10-22T00:05:19.826+0000] {processor.py:758} INFO - Processing file /opt/airflow/dags/hadoop-2.7.3/share/doc/hadoop/hadoop-project-dist/hadoop-hdfs/images/hdfsarchitecture.odg for tasks to queue
[2022-10-22T00:05:19.829+0000] {logging_mixin.py:117} INFO - [2022-10-22T00:05:19.829+0000] {dagbag.py:525} INFO - Filling up the DagBag from /opt/airflow/dags/hadoop-2.7.3/share/doc/hadoop/hadoop-project-dist/hadoop-hdfs/images/hdfsarchitecture.odg
[2022-10-22T00:05:19.836+0000] {processor.py:770} WARNING - No viable dags retrieved from /opt/airflow/dags/hadoop-2.7.3/share/doc/hadoop/hadoop-project-dist/hadoop-hdfs/images/hdfsarchitecture.odg
[2022-10-22T00:05:19.873+0000] {processor.py:178} INFO - Processing /opt/airflow/dags/hadoop-2.7.3/share/doc/hadoop/hadoop-project-dist/hadoop-hdfs/images/hdfsarchitecture.odg took 0.072 seconds
[2022-10-22T00:05:58.686+0000] {processor.py:156} INFO - Started process (PID=19399) to work on /opt/airflow/dags/hadoop-2.7.3/share/doc/hadoop/hadoop-project-dist/hadoop-hdfs/images/hdfsarchitecture.odg
[2022-10-22T00:05:58.689+0000] {processor.py:758} INFO - Processing file /opt/airflow/dags/hadoop-2.7.3/share/doc/hadoop/hadoop-project-dist/hadoop-hdfs/images/hdfsarchitecture.odg for tasks to queue
[2022-10-22T00:05:58.696+0000] {logging_mixin.py:117} INFO - [2022-10-22T00:05:58.695+0000] {dagbag.py:525} INFO - Filling up the DagBag from /opt/airflow/dags/hadoop-2.7.3/share/doc/hadoop/hadoop-project-dist/hadoop-hdfs/images/hdfsarchitecture.odg
[2022-10-22T00:05:58.707+0000] {processor.py:770} WARNING - No viable dags retrieved from /opt/airflow/dags/hadoop-2.7.3/share/doc/hadoop/hadoop-project-dist/hadoop-hdfs/images/hdfsarchitecture.odg
[2022-10-22T00:05:58.773+0000] {processor.py:178} INFO - Processing /opt/airflow/dags/hadoop-2.7.3/share/doc/hadoop/hadoop-project-dist/hadoop-hdfs/images/hdfsarchitecture.odg took 0.100 seconds
[2022-10-22T00:06:02.909+0000] {processor.py:156} INFO - Started process (PID=21872) to work on /opt/airflow/dags/hadoop-2.7.3/share/doc/hadoop/hadoop-project-dist/hadoop-hdfs/images/hdfsarchitecture.odg
[2022-10-22T00:06:02.914+0000] {processor.py:758} INFO - Processing file /opt/airflow/dags/hadoop-2.7.3/share/doc/hadoop/hadoop-project-dist/hadoop-hdfs/images/hdfsarchitecture.odg for tasks to queue
[2022-10-22T00:06:02.930+0000] {logging_mixin.py:117} INFO - [2022-10-22T00:06:02.929+0000] {dagbag.py:525} INFO - Filling up the DagBag from /opt/airflow/dags/hadoop-2.7.3/share/doc/hadoop/hadoop-project-dist/hadoop-hdfs/images/hdfsarchitecture.odg
[2022-10-22T00:06:02.938+0000] {processor.py:770} WARNING - No viable dags retrieved from /opt/airflow/dags/hadoop-2.7.3/share/doc/hadoop/hadoop-project-dist/hadoop-hdfs/images/hdfsarchitecture.odg
[2022-10-22T00:06:02.974+0000] {processor.py:178} INFO - Processing /opt/airflow/dags/hadoop-2.7.3/share/doc/hadoop/hadoop-project-dist/hadoop-hdfs/images/hdfsarchitecture.odg took 0.079 seconds
[2022-10-22T00:06:47.679+0000] {processor.py:156} INFO - Started process (PID=19859) to work on /opt/airflow/dags/hadoop-2.7.3/share/doc/hadoop/hadoop-project-dist/hadoop-hdfs/images/hdfsarchitecture.odg
[2022-10-22T00:06:47.685+0000] {processor.py:758} INFO - Processing file /opt/airflow/dags/hadoop-2.7.3/share/doc/hadoop/hadoop-project-dist/hadoop-hdfs/images/hdfsarchitecture.odg for tasks to queue
[2022-10-22T00:06:47.688+0000] {logging_mixin.py:117} INFO - [2022-10-22T00:06:47.688+0000] {dagbag.py:525} INFO - Filling up the DagBag from /opt/airflow/dags/hadoop-2.7.3/share/doc/hadoop/hadoop-project-dist/hadoop-hdfs/images/hdfsarchitecture.odg
[2022-10-22T00:06:47.695+0000] {processor.py:770} WARNING - No viable dags retrieved from /opt/airflow/dags/hadoop-2.7.3/share/doc/hadoop/hadoop-project-dist/hadoop-hdfs/images/hdfsarchitecture.odg
[2022-10-22T00:06:47.743+0000] {processor.py:178} INFO - Processing /opt/airflow/dags/hadoop-2.7.3/share/doc/hadoop/hadoop-project-dist/hadoop-hdfs/images/hdfsarchitecture.odg took 0.071 seconds
[2022-10-22T00:06:49.384+0000] {processor.py:156} INFO - Started process (PID=22331) to work on /opt/airflow/dags/hadoop-2.7.3/share/doc/hadoop/hadoop-project-dist/hadoop-hdfs/images/hdfsarchitecture.odg
[2022-10-22T00:06:49.387+0000] {processor.py:758} INFO - Processing file /opt/airflow/dags/hadoop-2.7.3/share/doc/hadoop/hadoop-project-dist/hadoop-hdfs/images/hdfsarchitecture.odg for tasks to queue
[2022-10-22T00:06:49.391+0000] {logging_mixin.py:117} INFO - [2022-10-22T00:06:49.390+0000] {dagbag.py:525} INFO - Filling up the DagBag from /opt/airflow/dags/hadoop-2.7.3/share/doc/hadoop/hadoop-project-dist/hadoop-hdfs/images/hdfsarchitecture.odg
[2022-10-22T00:06:49.400+0000] {processor.py:770} WARNING - No viable dags retrieved from /opt/airflow/dags/hadoop-2.7.3/share/doc/hadoop/hadoop-project-dist/hadoop-hdfs/images/hdfsarchitecture.odg
[2022-10-22T00:06:49.448+0000] {processor.py:178} INFO - Processing /opt/airflow/dags/hadoop-2.7.3/share/doc/hadoop/hadoop-project-dist/hadoop-hdfs/images/hdfsarchitecture.odg took 0.080 seconds
[2022-10-22T00:07:30.942+0000] {processor.py:156} INFO - Started process (PID=22760) to work on /opt/airflow/dags/hadoop-2.7.3/share/doc/hadoop/hadoop-project-dist/hadoop-hdfs/images/hdfsarchitecture.odg
[2022-10-22T00:07:30.945+0000] {processor.py:758} INFO - Processing file /opt/airflow/dags/hadoop-2.7.3/share/doc/hadoop/hadoop-project-dist/hadoop-hdfs/images/hdfsarchitecture.odg for tasks to queue
[2022-10-22T00:07:30.948+0000] {logging_mixin.py:117} INFO - [2022-10-22T00:07:30.948+0000] {dagbag.py:525} INFO - Filling up the DagBag from /opt/airflow/dags/hadoop-2.7.3/share/doc/hadoop/hadoop-project-dist/hadoop-hdfs/images/hdfsarchitecture.odg
[2022-10-22T00:07:30.959+0000] {processor.py:770} WARNING - No viable dags retrieved from /opt/airflow/dags/hadoop-2.7.3/share/doc/hadoop/hadoop-project-dist/hadoop-hdfs/images/hdfsarchitecture.odg
[2022-10-22T00:07:30.998+0000] {processor.py:178} INFO - Processing /opt/airflow/dags/hadoop-2.7.3/share/doc/hadoop/hadoop-project-dist/hadoop-hdfs/images/hdfsarchitecture.odg took 0.079 seconds
[2022-10-22T00:07:31.560+0000] {processor.py:156} INFO - Started process (PID=20302) to work on /opt/airflow/dags/hadoop-2.7.3/share/doc/hadoop/hadoop-project-dist/hadoop-hdfs/images/hdfsarchitecture.odg
[2022-10-22T00:07:31.564+0000] {processor.py:758} INFO - Processing file /opt/airflow/dags/hadoop-2.7.3/share/doc/hadoop/hadoop-project-dist/hadoop-hdfs/images/hdfsarchitecture.odg for tasks to queue
[2022-10-22T00:07:31.567+0000] {logging_mixin.py:117} INFO - [2022-10-22T00:07:31.567+0000] {dagbag.py:525} INFO - Filling up the DagBag from /opt/airflow/dags/hadoop-2.7.3/share/doc/hadoop/hadoop-project-dist/hadoop-hdfs/images/hdfsarchitecture.odg
[2022-10-22T00:07:31.574+0000] {processor.py:770} WARNING - No viable dags retrieved from /opt/airflow/dags/hadoop-2.7.3/share/doc/hadoop/hadoop-project-dist/hadoop-hdfs/images/hdfsarchitecture.odg
[2022-10-22T00:07:31.615+0000] {processor.py:178} INFO - Processing /opt/airflow/dags/hadoop-2.7.3/share/doc/hadoop/hadoop-project-dist/hadoop-hdfs/images/hdfsarchitecture.odg took 0.067 seconds
[2022-10-22T00:08:34.936+0000] {processor.py:156} INFO - Started process (PID=20535) to work on /opt/airflow/dags/hadoop-2.7.3/share/doc/hadoop/hadoop-project-dist/hadoop-hdfs/images/hdfsarchitecture.odg
[2022-10-22T00:08:34.945+0000] {processor.py:758} INFO - Processing file /opt/airflow/dags/hadoop-2.7.3/share/doc/hadoop/hadoop-project-dist/hadoop-hdfs/images/hdfsarchitecture.odg for tasks to queue
[2022-10-22T00:08:34.948+0000] {logging_mixin.py:117} INFO - [2022-10-22T00:08:34.947+0000] {dagbag.py:525} INFO - Filling up the DagBag from /opt/airflow/dags/hadoop-2.7.3/share/doc/hadoop/hadoop-project-dist/hadoop-hdfs/images/hdfsarchitecture.odg
[2022-10-22T00:08:34.958+0000] {processor.py:770} WARNING - No viable dags retrieved from /opt/airflow/dags/hadoop-2.7.3/share/doc/hadoop/hadoop-project-dist/hadoop-hdfs/images/hdfsarchitecture.odg
[2022-10-22T00:08:35.037+0000] {processor.py:178} INFO - Processing /opt/airflow/dags/hadoop-2.7.3/share/doc/hadoop/hadoop-project-dist/hadoop-hdfs/images/hdfsarchitecture.odg took 0.130 seconds
[2022-10-22T00:08:59.355+0000] {processor.py:156} INFO - Started process (PID=23232) to work on /opt/airflow/dags/hadoop-2.7.3/share/doc/hadoop/hadoop-project-dist/hadoop-hdfs/images/hdfsarchitecture.odg
[2022-10-22T00:08:59.361+0000] {processor.py:758} INFO - Processing file /opt/airflow/dags/hadoop-2.7.3/share/doc/hadoop/hadoop-project-dist/hadoop-hdfs/images/hdfsarchitecture.odg for tasks to queue
[2022-10-22T00:08:59.364+0000] {logging_mixin.py:117} INFO - [2022-10-22T00:08:59.364+0000] {dagbag.py:525} INFO - Filling up the DagBag from /opt/airflow/dags/hadoop-2.7.3/share/doc/hadoop/hadoop-project-dist/hadoop-hdfs/images/hdfsarchitecture.odg
[2022-10-22T00:08:59.378+0000] {processor.py:770} WARNING - No viable dags retrieved from /opt/airflow/dags/hadoop-2.7.3/share/doc/hadoop/hadoop-project-dist/hadoop-hdfs/images/hdfsarchitecture.odg
[2022-10-22T00:08:59.433+0000] {processor.py:178} INFO - Processing /opt/airflow/dags/hadoop-2.7.3/share/doc/hadoop/hadoop-project-dist/hadoop-hdfs/images/hdfsarchitecture.odg took 0.091 seconds
[2022-10-22T00:09:19.861+0000] {processor.py:156} INFO - Started process (PID=20931) to work on /opt/airflow/dags/hadoop-2.7.3/share/doc/hadoop/hadoop-project-dist/hadoop-hdfs/images/hdfsarchitecture.odg
[2022-10-22T00:09:19.865+0000] {processor.py:758} INFO - Processing file /opt/airflow/dags/hadoop-2.7.3/share/doc/hadoop/hadoop-project-dist/hadoop-hdfs/images/hdfsarchitecture.odg for tasks to queue
[2022-10-22T00:09:19.869+0000] {logging_mixin.py:117} INFO - [2022-10-22T00:09:19.868+0000] {dagbag.py:525} INFO - Filling up the DagBag from /opt/airflow/dags/hadoop-2.7.3/share/doc/hadoop/hadoop-project-dist/hadoop-hdfs/images/hdfsarchitecture.odg
[2022-10-22T00:09:19.876+0000] {processor.py:770} WARNING - No viable dags retrieved from /opt/airflow/dags/hadoop-2.7.3/share/doc/hadoop/hadoop-project-dist/hadoop-hdfs/images/hdfsarchitecture.odg
[2022-10-22T00:09:19.926+0000] {processor.py:178} INFO - Processing /opt/airflow/dags/hadoop-2.7.3/share/doc/hadoop/hadoop-project-dist/hadoop-hdfs/images/hdfsarchitecture.odg took 0.075 seconds
[2022-10-22T00:09:32.410+0000] {processor.py:156} INFO - Started process (PID=23550) to work on /opt/airflow/dags/hadoop-2.7.3/share/doc/hadoop/hadoop-project-dist/hadoop-hdfs/images/hdfsarchitecture.odg
[2022-10-22T00:09:32.421+0000] {processor.py:758} INFO - Processing file /opt/airflow/dags/hadoop-2.7.3/share/doc/hadoop/hadoop-project-dist/hadoop-hdfs/images/hdfsarchitecture.odg for tasks to queue
[2022-10-22T00:09:32.426+0000] {logging_mixin.py:117} INFO - [2022-10-22T00:09:32.426+0000] {dagbag.py:525} INFO - Filling up the DagBag from /opt/airflow/dags/hadoop-2.7.3/share/doc/hadoop/hadoop-project-dist/hadoop-hdfs/images/hdfsarchitecture.odg
[2022-10-22T00:09:32.439+0000] {processor.py:770} WARNING - No viable dags retrieved from /opt/airflow/dags/hadoop-2.7.3/share/doc/hadoop/hadoop-project-dist/hadoop-hdfs/images/hdfsarchitecture.odg
[2022-10-22T00:09:32.492+0000] {processor.py:178} INFO - Processing /opt/airflow/dags/hadoop-2.7.3/share/doc/hadoop/hadoop-project-dist/hadoop-hdfs/images/hdfsarchitecture.odg took 0.090 seconds
[2022-10-22T00:11:18.791+0000] {processor.py:156} INFO - Started process (PID=21411) to work on /opt/airflow/dags/hadoop-2.7.3/share/doc/hadoop/hadoop-project-dist/hadoop-hdfs/images/hdfsarchitecture.odg
[2022-10-22T00:11:18.793+0000] {processor.py:758} INFO - Processing file /opt/airflow/dags/hadoop-2.7.3/share/doc/hadoop/hadoop-project-dist/hadoop-hdfs/images/hdfsarchitecture.odg for tasks to queue
[2022-10-22T00:11:18.794+0000] {logging_mixin.py:117} INFO - [2022-10-22T00:11:18.794+0000] {dagbag.py:525} INFO - Filling up the DagBag from /opt/airflow/dags/hadoop-2.7.3/share/doc/hadoop/hadoop-project-dist/hadoop-hdfs/images/hdfsarchitecture.odg
[2022-10-22T00:11:18.798+0000] {processor.py:770} WARNING - No viable dags retrieved from /opt/airflow/dags/hadoop-2.7.3/share/doc/hadoop/hadoop-project-dist/hadoop-hdfs/images/hdfsarchitecture.odg
[2022-10-22T00:11:18.828+0000] {processor.py:178} INFO - Processing /opt/airflow/dags/hadoop-2.7.3/share/doc/hadoop/hadoop-project-dist/hadoop-hdfs/images/hdfsarchitecture.odg took 0.043 seconds
[2022-10-22T00:11:23.553+0000] {processor.py:156} INFO - Started process (PID=23976) to work on /opt/airflow/dags/hadoop-2.7.3/share/doc/hadoop/hadoop-project-dist/hadoop-hdfs/images/hdfsarchitecture.odg
[2022-10-22T00:11:23.557+0000] {processor.py:758} INFO - Processing file /opt/airflow/dags/hadoop-2.7.3/share/doc/hadoop/hadoop-project-dist/hadoop-hdfs/images/hdfsarchitecture.odg for tasks to queue
[2022-10-22T00:11:23.559+0000] {logging_mixin.py:117} INFO - [2022-10-22T00:11:23.559+0000] {dagbag.py:525} INFO - Filling up the DagBag from /opt/airflow/dags/hadoop-2.7.3/share/doc/hadoop/hadoop-project-dist/hadoop-hdfs/images/hdfsarchitecture.odg
[2022-10-22T00:11:23.569+0000] {processor.py:770} WARNING - No viable dags retrieved from /opt/airflow/dags/hadoop-2.7.3/share/doc/hadoop/hadoop-project-dist/hadoop-hdfs/images/hdfsarchitecture.odg
[2022-10-22T00:11:23.596+0000] {processor.py:178} INFO - Processing /opt/airflow/dags/hadoop-2.7.3/share/doc/hadoop/hadoop-project-dist/hadoop-hdfs/images/hdfsarchitecture.odg took 0.055 seconds
[2022-10-22T00:11:51.682+0000] {processor.py:156} INFO - Started process (PID=21885) to work on /opt/airflow/dags/hadoop-2.7.3/share/doc/hadoop/hadoop-project-dist/hadoop-hdfs/images/hdfsarchitecture.odg
[2022-10-22T00:11:51.690+0000] {processor.py:758} INFO - Processing file /opt/airflow/dags/hadoop-2.7.3/share/doc/hadoop/hadoop-project-dist/hadoop-hdfs/images/hdfsarchitecture.odg for tasks to queue
[2022-10-22T00:11:51.695+0000] {logging_mixin.py:117} INFO - [2022-10-22T00:11:51.694+0000] {dagbag.py:525} INFO - Filling up the DagBag from /opt/airflow/dags/hadoop-2.7.3/share/doc/hadoop/hadoop-project-dist/hadoop-hdfs/images/hdfsarchitecture.odg
[2022-10-22T00:11:51.704+0000] {processor.py:770} WARNING - No viable dags retrieved from /opt/airflow/dags/hadoop-2.7.3/share/doc/hadoop/hadoop-project-dist/hadoop-hdfs/images/hdfsarchitecture.odg
[2022-10-22T00:11:51.757+0000] {processor.py:178} INFO - Processing /opt/airflow/dags/hadoop-2.7.3/share/doc/hadoop/hadoop-project-dist/hadoop-hdfs/images/hdfsarchitecture.odg took 0.088 seconds
[2022-10-22T00:11:57.215+0000] {processor.py:156} INFO - Started process (PID=24450) to work on /opt/airflow/dags/hadoop-2.7.3/share/doc/hadoop/hadoop-project-dist/hadoop-hdfs/images/hdfsarchitecture.odg
[2022-10-22T00:11:57.217+0000] {processor.py:758} INFO - Processing file /opt/airflow/dags/hadoop-2.7.3/share/doc/hadoop/hadoop-project-dist/hadoop-hdfs/images/hdfsarchitecture.odg for tasks to queue
[2022-10-22T00:11:57.223+0000] {logging_mixin.py:117} INFO - [2022-10-22T00:11:57.222+0000] {dagbag.py:525} INFO - Filling up the DagBag from /opt/airflow/dags/hadoop-2.7.3/share/doc/hadoop/hadoop-project-dist/hadoop-hdfs/images/hdfsarchitecture.odg
[2022-10-22T00:11:57.227+0000] {processor.py:770} WARNING - No viable dags retrieved from /opt/airflow/dags/hadoop-2.7.3/share/doc/hadoop/hadoop-project-dist/hadoop-hdfs/images/hdfsarchitecture.odg
[2022-10-22T00:11:57.261+0000] {processor.py:178} INFO - Processing /opt/airflow/dags/hadoop-2.7.3/share/doc/hadoop/hadoop-project-dist/hadoop-hdfs/images/hdfsarchitecture.odg took 0.058 seconds
[2022-10-22T00:12:43.489+0000] {processor.py:156} INFO - Started process (PID=24804) to work on /opt/airflow/dags/hadoop-2.7.3/share/doc/hadoop/hadoop-project-dist/hadoop-hdfs/images/hdfsarchitecture.odg
[2022-10-22T00:12:43.494+0000] {processor.py:758} INFO - Processing file /opt/airflow/dags/hadoop-2.7.3/share/doc/hadoop/hadoop-project-dist/hadoop-hdfs/images/hdfsarchitecture.odg for tasks to queue
[2022-10-22T00:12:43.499+0000] {logging_mixin.py:117} INFO - [2022-10-22T00:12:43.498+0000] {dagbag.py:525} INFO - Filling up the DagBag from /opt/airflow/dags/hadoop-2.7.3/share/doc/hadoop/hadoop-project-dist/hadoop-hdfs/images/hdfsarchitecture.odg
[2022-10-22T00:12:43.519+0000] {processor.py:770} WARNING - No viable dags retrieved from /opt/airflow/dags/hadoop-2.7.3/share/doc/hadoop/hadoop-project-dist/hadoop-hdfs/images/hdfsarchitecture.odg
[2022-10-22T00:12:43.635+0000] {processor.py:178} INFO - Processing /opt/airflow/dags/hadoop-2.7.3/share/doc/hadoop/hadoop-project-dist/hadoop-hdfs/images/hdfsarchitecture.odg took 0.174 seconds
[2022-10-22T00:15:02.290+0000] {processor.py:156} INFO - Started process (PID=22399) to work on /opt/airflow/dags/hadoop-2.7.3/share/doc/hadoop/hadoop-project-dist/hadoop-hdfs/images/hdfsarchitecture.odg
[2022-10-22T00:15:02.292+0000] {processor.py:758} INFO - Processing file /opt/airflow/dags/hadoop-2.7.3/share/doc/hadoop/hadoop-project-dist/hadoop-hdfs/images/hdfsarchitecture.odg for tasks to queue
[2022-10-22T00:15:02.296+0000] {logging_mixin.py:117} INFO - [2022-10-22T00:15:02.295+0000] {dagbag.py:525} INFO - Filling up the DagBag from /opt/airflow/dags/hadoop-2.7.3/share/doc/hadoop/hadoop-project-dist/hadoop-hdfs/images/hdfsarchitecture.odg
[2022-10-22T00:15:02.301+0000] {processor.py:770} WARNING - No viable dags retrieved from /opt/airflow/dags/hadoop-2.7.3/share/doc/hadoop/hadoop-project-dist/hadoop-hdfs/images/hdfsarchitecture.odg
[2022-10-22T00:15:02.336+0000] {processor.py:178} INFO - Processing /opt/airflow/dags/hadoop-2.7.3/share/doc/hadoop/hadoop-project-dist/hadoop-hdfs/images/hdfsarchitecture.odg took 0.052 seconds
[2022-10-22T00:15:13.007+0000] {processor.py:156} INFO - Started process (PID=24959) to work on /opt/airflow/dags/hadoop-2.7.3/share/doc/hadoop/hadoop-project-dist/hadoop-hdfs/images/hdfsarchitecture.odg
[2022-10-22T00:15:13.011+0000] {processor.py:758} INFO - Processing file /opt/airflow/dags/hadoop-2.7.3/share/doc/hadoop/hadoop-project-dist/hadoop-hdfs/images/hdfsarchitecture.odg for tasks to queue
[2022-10-22T00:15:13.016+0000] {logging_mixin.py:117} INFO - [2022-10-22T00:15:13.016+0000] {dagbag.py:525} INFO - Filling up the DagBag from /opt/airflow/dags/hadoop-2.7.3/share/doc/hadoop/hadoop-project-dist/hadoop-hdfs/images/hdfsarchitecture.odg
[2022-10-22T00:15:13.024+0000] {processor.py:770} WARNING - No viable dags retrieved from /opt/airflow/dags/hadoop-2.7.3/share/doc/hadoop/hadoop-project-dist/hadoop-hdfs/images/hdfsarchitecture.odg
[2022-10-22T00:15:13.075+0000] {processor.py:178} INFO - Processing /opt/airflow/dags/hadoop-2.7.3/share/doc/hadoop/hadoop-project-dist/hadoop-hdfs/images/hdfsarchitecture.odg took 0.084 seconds
[2022-10-22T00:15:49.528+0000] {processor.py:156} INFO - Started process (PID=22914) to work on /opt/airflow/dags/hadoop-2.7.3/share/doc/hadoop/hadoop-project-dist/hadoop-hdfs/images/hdfsarchitecture.odg
[2022-10-22T00:15:49.531+0000] {processor.py:758} INFO - Processing file /opt/airflow/dags/hadoop-2.7.3/share/doc/hadoop/hadoop-project-dist/hadoop-hdfs/images/hdfsarchitecture.odg for tasks to queue
[2022-10-22T00:15:49.534+0000] {logging_mixin.py:117} INFO - [2022-10-22T00:15:49.533+0000] {dagbag.py:525} INFO - Filling up the DagBag from /opt/airflow/dags/hadoop-2.7.3/share/doc/hadoop/hadoop-project-dist/hadoop-hdfs/images/hdfsarchitecture.odg
[2022-10-22T00:15:49.539+0000] {processor.py:770} WARNING - No viable dags retrieved from /opt/airflow/dags/hadoop-2.7.3/share/doc/hadoop/hadoop-project-dist/hadoop-hdfs/images/hdfsarchitecture.odg
[2022-10-22T00:15:49.578+0000] {processor.py:178} INFO - Processing /opt/airflow/dags/hadoop-2.7.3/share/doc/hadoop/hadoop-project-dist/hadoop-hdfs/images/hdfsarchitecture.odg took 0.059 seconds
[2022-10-22T00:16:00.678+0000] {processor.py:156} INFO - Started process (PID=25475) to work on /opt/airflow/dags/hadoop-2.7.3/share/doc/hadoop/hadoop-project-dist/hadoop-hdfs/images/hdfsarchitecture.odg
[2022-10-22T00:16:00.681+0000] {processor.py:758} INFO - Processing file /opt/airflow/dags/hadoop-2.7.3/share/doc/hadoop/hadoop-project-dist/hadoop-hdfs/images/hdfsarchitecture.odg for tasks to queue
[2022-10-22T00:16:00.691+0000] {logging_mixin.py:117} INFO - [2022-10-22T00:16:00.686+0000] {dagbag.py:525} INFO - Filling up the DagBag from /opt/airflow/dags/hadoop-2.7.3/share/doc/hadoop/hadoop-project-dist/hadoop-hdfs/images/hdfsarchitecture.odg
[2022-10-22T00:16:00.706+0000] {processor.py:770} WARNING - No viable dags retrieved from /opt/airflow/dags/hadoop-2.7.3/share/doc/hadoop/hadoop-project-dist/hadoop-hdfs/images/hdfsarchitecture.odg
[2022-10-22T00:16:00.743+0000] {processor.py:178} INFO - Processing /opt/airflow/dags/hadoop-2.7.3/share/doc/hadoop/hadoop-project-dist/hadoop-hdfs/images/hdfsarchitecture.odg took 0.071 seconds
[2022-10-22T00:16:27.757+0000] {processor.py:156} INFO - Started process (PID=23326) to work on /opt/airflow/dags/hadoop-2.7.3/share/doc/hadoop/hadoop-project-dist/hadoop-hdfs/images/hdfsarchitecture.odg
[2022-10-22T00:16:27.760+0000] {processor.py:758} INFO - Processing file /opt/airflow/dags/hadoop-2.7.3/share/doc/hadoop/hadoop-project-dist/hadoop-hdfs/images/hdfsarchitecture.odg for tasks to queue
[2022-10-22T00:16:27.763+0000] {logging_mixin.py:117} INFO - [2022-10-22T00:16:27.762+0000] {dagbag.py:525} INFO - Filling up the DagBag from /opt/airflow/dags/hadoop-2.7.3/share/doc/hadoop/hadoop-project-dist/hadoop-hdfs/images/hdfsarchitecture.odg
[2022-10-22T00:16:27.772+0000] {processor.py:770} WARNING - No viable dags retrieved from /opt/airflow/dags/hadoop-2.7.3/share/doc/hadoop/hadoop-project-dist/hadoop-hdfs/images/hdfsarchitecture.odg
[2022-10-22T00:16:27.810+0000] {processor.py:178} INFO - Processing /opt/airflow/dags/hadoop-2.7.3/share/doc/hadoop/hadoop-project-dist/hadoop-hdfs/images/hdfsarchitecture.odg took 0.060 seconds
[2022-10-22T00:16:47.128+0000] {processor.py:156} INFO - Started process (PID=25998) to work on /opt/airflow/dags/hadoop-2.7.3/share/doc/hadoop/hadoop-project-dist/hadoop-hdfs/images/hdfsarchitecture.odg
[2022-10-22T00:16:47.131+0000] {processor.py:758} INFO - Processing file /opt/airflow/dags/hadoop-2.7.3/share/doc/hadoop/hadoop-project-dist/hadoop-hdfs/images/hdfsarchitecture.odg for tasks to queue
[2022-10-22T00:16:47.134+0000] {logging_mixin.py:117} INFO - [2022-10-22T00:16:47.133+0000] {dagbag.py:525} INFO - Filling up the DagBag from /opt/airflow/dags/hadoop-2.7.3/share/doc/hadoop/hadoop-project-dist/hadoop-hdfs/images/hdfsarchitecture.odg
[2022-10-22T00:16:47.139+0000] {processor.py:770} WARNING - No viable dags retrieved from /opt/airflow/dags/hadoop-2.7.3/share/doc/hadoop/hadoop-project-dist/hadoop-hdfs/images/hdfsarchitecture.odg
[2022-10-22T00:16:47.182+0000] {processor.py:178} INFO - Processing /opt/airflow/dags/hadoop-2.7.3/share/doc/hadoop/hadoop-project-dist/hadoop-hdfs/images/hdfsarchitecture.odg took 0.068 seconds
[2022-10-22T00:17:15.781+0000] {processor.py:156} INFO - Started process (PID=23843) to work on /opt/airflow/dags/hadoop-2.7.3/share/doc/hadoop/hadoop-project-dist/hadoop-hdfs/images/hdfsarchitecture.odg
[2022-10-22T00:17:15.784+0000] {processor.py:758} INFO - Processing file /opt/airflow/dags/hadoop-2.7.3/share/doc/hadoop/hadoop-project-dist/hadoop-hdfs/images/hdfsarchitecture.odg for tasks to queue
[2022-10-22T00:17:15.787+0000] {logging_mixin.py:117} INFO - [2022-10-22T00:17:15.787+0000] {dagbag.py:525} INFO - Filling up the DagBag from /opt/airflow/dags/hadoop-2.7.3/share/doc/hadoop/hadoop-project-dist/hadoop-hdfs/images/hdfsarchitecture.odg
[2022-10-22T00:17:15.797+0000] {processor.py:770} WARNING - No viable dags retrieved from /opt/airflow/dags/hadoop-2.7.3/share/doc/hadoop/hadoop-project-dist/hadoop-hdfs/images/hdfsarchitecture.odg
[2022-10-22T00:17:15.839+0000] {processor.py:178} INFO - Processing /opt/airflow/dags/hadoop-2.7.3/share/doc/hadoop/hadoop-project-dist/hadoop-hdfs/images/hdfsarchitecture.odg took 0.066 seconds
[2022-10-22T00:17:23.757+0000] {processor.py:156} INFO - Started process (PID=26375) to work on /opt/airflow/dags/hadoop-2.7.3/share/doc/hadoop/hadoop-project-dist/hadoop-hdfs/images/hdfsarchitecture.odg
[2022-10-22T00:17:23.760+0000] {processor.py:758} INFO - Processing file /opt/airflow/dags/hadoop-2.7.3/share/doc/hadoop/hadoop-project-dist/hadoop-hdfs/images/hdfsarchitecture.odg for tasks to queue
[2022-10-22T00:17:23.763+0000] {logging_mixin.py:117} INFO - [2022-10-22T00:17:23.762+0000] {dagbag.py:525} INFO - Filling up the DagBag from /opt/airflow/dags/hadoop-2.7.3/share/doc/hadoop/hadoop-project-dist/hadoop-hdfs/images/hdfsarchitecture.odg
[2022-10-22T00:17:23.768+0000] {processor.py:770} WARNING - No viable dags retrieved from /opt/airflow/dags/hadoop-2.7.3/share/doc/hadoop/hadoop-project-dist/hadoop-hdfs/images/hdfsarchitecture.odg
[2022-10-22T00:17:23.814+0000] {processor.py:178} INFO - Processing /opt/airflow/dags/hadoop-2.7.3/share/doc/hadoop/hadoop-project-dist/hadoop-hdfs/images/hdfsarchitecture.odg took 0.064 seconds
[2022-10-22T00:17:56.069+0000] {processor.py:156} INFO - Started process (PID=24261) to work on /opt/airflow/dags/hadoop-2.7.3/share/doc/hadoop/hadoop-project-dist/hadoop-hdfs/images/hdfsarchitecture.odg
[2022-10-22T00:17:56.072+0000] {processor.py:758} INFO - Processing file /opt/airflow/dags/hadoop-2.7.3/share/doc/hadoop/hadoop-project-dist/hadoop-hdfs/images/hdfsarchitecture.odg for tasks to queue
[2022-10-22T00:17:56.075+0000] {logging_mixin.py:117} INFO - [2022-10-22T00:17:56.075+0000] {dagbag.py:525} INFO - Filling up the DagBag from /opt/airflow/dags/hadoop-2.7.3/share/doc/hadoop/hadoop-project-dist/hadoop-hdfs/images/hdfsarchitecture.odg
[2022-10-22T00:17:56.083+0000] {processor.py:770} WARNING - No viable dags retrieved from /opt/airflow/dags/hadoop-2.7.3/share/doc/hadoop/hadoop-project-dist/hadoop-hdfs/images/hdfsarchitecture.odg
[2022-10-22T00:17:56.129+0000] {processor.py:178} INFO - Processing /opt/airflow/dags/hadoop-2.7.3/share/doc/hadoop/hadoop-project-dist/hadoop-hdfs/images/hdfsarchitecture.odg took 0.068 seconds
[2022-10-22T00:18:01.803+0000] {processor.py:156} INFO - Started process (PID=26789) to work on /opt/airflow/dags/hadoop-2.7.3/share/doc/hadoop/hadoop-project-dist/hadoop-hdfs/images/hdfsarchitecture.odg
[2022-10-22T00:18:01.806+0000] {processor.py:758} INFO - Processing file /opt/airflow/dags/hadoop-2.7.3/share/doc/hadoop/hadoop-project-dist/hadoop-hdfs/images/hdfsarchitecture.odg for tasks to queue
[2022-10-22T00:18:01.809+0000] {logging_mixin.py:117} INFO - [2022-10-22T00:18:01.808+0000] {dagbag.py:525} INFO - Filling up the DagBag from /opt/airflow/dags/hadoop-2.7.3/share/doc/hadoop/hadoop-project-dist/hadoop-hdfs/images/hdfsarchitecture.odg
[2022-10-22T00:18:01.816+0000] {processor.py:770} WARNING - No viable dags retrieved from /opt/airflow/dags/hadoop-2.7.3/share/doc/hadoop/hadoop-project-dist/hadoop-hdfs/images/hdfsarchitecture.odg
[2022-10-22T00:18:01.864+0000] {processor.py:178} INFO - Processing /opt/airflow/dags/hadoop-2.7.3/share/doc/hadoop/hadoop-project-dist/hadoop-hdfs/images/hdfsarchitecture.odg took 0.075 seconds
[2022-10-22T00:18:35.450+0000] {processor.py:156} INFO - Started process (PID=24668) to work on /opt/airflow/dags/hadoop-2.7.3/share/doc/hadoop/hadoop-project-dist/hadoop-hdfs/images/hdfsarchitecture.odg
[2022-10-22T00:18:35.455+0000] {processor.py:758} INFO - Processing file /opt/airflow/dags/hadoop-2.7.3/share/doc/hadoop/hadoop-project-dist/hadoop-hdfs/images/hdfsarchitecture.odg for tasks to queue
[2022-10-22T00:18:35.458+0000] {logging_mixin.py:117} INFO - [2022-10-22T00:18:35.457+0000] {dagbag.py:525} INFO - Filling up the DagBag from /opt/airflow/dags/hadoop-2.7.3/share/doc/hadoop/hadoop-project-dist/hadoop-hdfs/images/hdfsarchitecture.odg
[2022-10-22T00:18:35.467+0000] {processor.py:770} WARNING - No viable dags retrieved from /opt/airflow/dags/hadoop-2.7.3/share/doc/hadoop/hadoop-project-dist/hadoop-hdfs/images/hdfsarchitecture.odg
[2022-10-22T00:18:35.512+0000] {processor.py:178} INFO - Processing /opt/airflow/dags/hadoop-2.7.3/share/doc/hadoop/hadoop-project-dist/hadoop-hdfs/images/hdfsarchitecture.odg took 0.083 seconds
[2022-10-22T00:18:36.438+0000] {processor.py:156} INFO - Started process (PID=27169) to work on /opt/airflow/dags/hadoop-2.7.3/share/doc/hadoop/hadoop-project-dist/hadoop-hdfs/images/hdfsarchitecture.odg
[2022-10-22T00:18:36.440+0000] {processor.py:758} INFO - Processing file /opt/airflow/dags/hadoop-2.7.3/share/doc/hadoop/hadoop-project-dist/hadoop-hdfs/images/hdfsarchitecture.odg for tasks to queue
[2022-10-22T00:18:36.448+0000] {logging_mixin.py:117} INFO - [2022-10-22T00:18:36.447+0000] {dagbag.py:525} INFO - Filling up the DagBag from /opt/airflow/dags/hadoop-2.7.3/share/doc/hadoop/hadoop-project-dist/hadoop-hdfs/images/hdfsarchitecture.odg
[2022-10-22T00:18:36.456+0000] {processor.py:770} WARNING - No viable dags retrieved from /opt/airflow/dags/hadoop-2.7.3/share/doc/hadoop/hadoop-project-dist/hadoop-hdfs/images/hdfsarchitecture.odg
[2022-10-22T00:18:36.532+0000] {processor.py:178} INFO - Processing /opt/airflow/dags/hadoop-2.7.3/share/doc/hadoop/hadoop-project-dist/hadoop-hdfs/images/hdfsarchitecture.odg took 0.112 seconds
[2022-10-22T00:19:13.132+0000] {processor.py:156} INFO - Started process (PID=27548) to work on /opt/airflow/dags/hadoop-2.7.3/share/doc/hadoop/hadoop-project-dist/hadoop-hdfs/images/hdfsarchitecture.odg
[2022-10-22T00:19:13.136+0000] {processor.py:758} INFO - Processing file /opt/airflow/dags/hadoop-2.7.3/share/doc/hadoop/hadoop-project-dist/hadoop-hdfs/images/hdfsarchitecture.odg for tasks to queue
[2022-10-22T00:19:13.140+0000] {logging_mixin.py:117} INFO - [2022-10-22T00:19:13.139+0000] {dagbag.py:525} INFO - Filling up the DagBag from /opt/airflow/dags/hadoop-2.7.3/share/doc/hadoop/hadoop-project-dist/hadoop-hdfs/images/hdfsarchitecture.odg
[2022-10-22T00:19:13.148+0000] {processor.py:770} WARNING - No viable dags retrieved from /opt/airflow/dags/hadoop-2.7.3/share/doc/hadoop/hadoop-project-dist/hadoop-hdfs/images/hdfsarchitecture.odg
[2022-10-22T00:19:13.210+0000] {processor.py:178} INFO - Processing /opt/airflow/dags/hadoop-2.7.3/share/doc/hadoop/hadoop-project-dist/hadoop-hdfs/images/hdfsarchitecture.odg took 0.088 seconds
[2022-10-22T00:19:14.338+0000] {processor.py:156} INFO - Started process (PID=25072) to work on /opt/airflow/dags/hadoop-2.7.3/share/doc/hadoop/hadoop-project-dist/hadoop-hdfs/images/hdfsarchitecture.odg
[2022-10-22T00:19:14.341+0000] {processor.py:758} INFO - Processing file /opt/airflow/dags/hadoop-2.7.3/share/doc/hadoop/hadoop-project-dist/hadoop-hdfs/images/hdfsarchitecture.odg for tasks to queue
[2022-10-22T00:19:14.343+0000] {logging_mixin.py:117} INFO - [2022-10-22T00:19:14.343+0000] {dagbag.py:525} INFO - Filling up the DagBag from /opt/airflow/dags/hadoop-2.7.3/share/doc/hadoop/hadoop-project-dist/hadoop-hdfs/images/hdfsarchitecture.odg
[2022-10-22T00:19:14.349+0000] {processor.py:770} WARNING - No viable dags retrieved from /opt/airflow/dags/hadoop-2.7.3/share/doc/hadoop/hadoop-project-dist/hadoop-hdfs/images/hdfsarchitecture.odg
[2022-10-22T00:19:14.415+0000] {processor.py:178} INFO - Processing /opt/airflow/dags/hadoop-2.7.3/share/doc/hadoop/hadoop-project-dist/hadoop-hdfs/images/hdfsarchitecture.odg took 0.085 seconds
[2022-10-22T00:20:14.151+0000] {processor.py:156} INFO - Started process (PID=25312) to work on /opt/airflow/dags/hadoop-2.7.3/share/doc/hadoop/hadoop-project-dist/hadoop-hdfs/images/hdfsarchitecture.odg
[2022-10-22T00:20:14.158+0000] {processor.py:758} INFO - Processing file /opt/airflow/dags/hadoop-2.7.3/share/doc/hadoop/hadoop-project-dist/hadoop-hdfs/images/hdfsarchitecture.odg for tasks to queue
[2022-10-22T00:20:14.162+0000] {logging_mixin.py:117} INFO - [2022-10-22T00:20:14.161+0000] {dagbag.py:525} INFO - Filling up the DagBag from /opt/airflow/dags/hadoop-2.7.3/share/doc/hadoop/hadoop-project-dist/hadoop-hdfs/images/hdfsarchitecture.odg
[2022-10-22T00:20:14.171+0000] {processor.py:770} WARNING - No viable dags retrieved from /opt/airflow/dags/hadoop-2.7.3/share/doc/hadoop/hadoop-project-dist/hadoop-hdfs/images/hdfsarchitecture.odg
[2022-10-22T00:20:14.235+0000] {processor.py:178} INFO - Processing /opt/airflow/dags/hadoop-2.7.3/share/doc/hadoop/hadoop-project-dist/hadoop-hdfs/images/hdfsarchitecture.odg took 0.097 seconds
[2022-10-22T00:20:31.741+0000] {processor.py:156} INFO - Started process (PID=27998) to work on /opt/airflow/dags/hadoop-2.7.3/share/doc/hadoop/hadoop-project-dist/hadoop-hdfs/images/hdfsarchitecture.odg
[2022-10-22T00:20:31.744+0000] {processor.py:758} INFO - Processing file /opt/airflow/dags/hadoop-2.7.3/share/doc/hadoop/hadoop-project-dist/hadoop-hdfs/images/hdfsarchitecture.odg for tasks to queue
[2022-10-22T00:20:31.748+0000] {logging_mixin.py:117} INFO - [2022-10-22T00:20:31.748+0000] {dagbag.py:525} INFO - Filling up the DagBag from /opt/airflow/dags/hadoop-2.7.3/share/doc/hadoop/hadoop-project-dist/hadoop-hdfs/images/hdfsarchitecture.odg
[2022-10-22T00:20:31.762+0000] {processor.py:770} WARNING - No viable dags retrieved from /opt/airflow/dags/hadoop-2.7.3/share/doc/hadoop/hadoop-project-dist/hadoop-hdfs/images/hdfsarchitecture.odg
[2022-10-22T00:20:31.801+0000] {processor.py:178} INFO - Processing /opt/airflow/dags/hadoop-2.7.3/share/doc/hadoop/hadoop-project-dist/hadoop-hdfs/images/hdfsarchitecture.odg took 0.071 seconds
[2022-10-22T00:20:56.235+0000] {processor.py:156} INFO - Started process (PID=25712) to work on /opt/airflow/dags/hadoop-2.7.3/share/doc/hadoop/hadoop-project-dist/hadoop-hdfs/images/hdfsarchitecture.odg
[2022-10-22T00:20:56.238+0000] {processor.py:758} INFO - Processing file /opt/airflow/dags/hadoop-2.7.3/share/doc/hadoop/hadoop-project-dist/hadoop-hdfs/images/hdfsarchitecture.odg for tasks to queue
[2022-10-22T00:20:56.240+0000] {logging_mixin.py:117} INFO - [2022-10-22T00:20:56.240+0000] {dagbag.py:525} INFO - Filling up the DagBag from /opt/airflow/dags/hadoop-2.7.3/share/doc/hadoop/hadoop-project-dist/hadoop-hdfs/images/hdfsarchitecture.odg
[2022-10-22T00:20:56.246+0000] {processor.py:770} WARNING - No viable dags retrieved from /opt/airflow/dags/hadoop-2.7.3/share/doc/hadoop/hadoop-project-dist/hadoop-hdfs/images/hdfsarchitecture.odg
[2022-10-22T00:20:56.288+0000] {processor.py:178} INFO - Processing /opt/airflow/dags/hadoop-2.7.3/share/doc/hadoop/hadoop-project-dist/hadoop-hdfs/images/hdfsarchitecture.odg took 0.061 seconds
[2022-10-22T00:21:08.270+0000] {processor.py:156} INFO - Started process (PID=28370) to work on /opt/airflow/dags/hadoop-2.7.3/share/doc/hadoop/hadoop-project-dist/hadoop-hdfs/images/hdfsarchitecture.odg
[2022-10-22T00:21:08.274+0000] {processor.py:758} INFO - Processing file /opt/airflow/dags/hadoop-2.7.3/share/doc/hadoop/hadoop-project-dist/hadoop-hdfs/images/hdfsarchitecture.odg for tasks to queue
[2022-10-22T00:21:08.278+0000] {logging_mixin.py:117} INFO - [2022-10-22T00:21:08.277+0000] {dagbag.py:525} INFO - Filling up the DagBag from /opt/airflow/dags/hadoop-2.7.3/share/doc/hadoop/hadoop-project-dist/hadoop-hdfs/images/hdfsarchitecture.odg
[2022-10-22T00:21:08.287+0000] {processor.py:770} WARNING - No viable dags retrieved from /opt/airflow/dags/hadoop-2.7.3/share/doc/hadoop/hadoop-project-dist/hadoop-hdfs/images/hdfsarchitecture.odg
[2022-10-22T00:21:08.351+0000] {processor.py:178} INFO - Processing /opt/airflow/dags/hadoop-2.7.3/share/doc/hadoop/hadoop-project-dist/hadoop-hdfs/images/hdfsarchitecture.odg took 0.092 seconds
[2022-10-22T00:21:42.811+0000] {processor.py:156} INFO - Started process (PID=26163) to work on /opt/airflow/dags/hadoop-2.7.3/share/doc/hadoop/hadoop-project-dist/hadoop-hdfs/images/hdfsarchitecture.odg
[2022-10-22T00:21:42.817+0000] {processor.py:758} INFO - Processing file /opt/airflow/dags/hadoop-2.7.3/share/doc/hadoop/hadoop-project-dist/hadoop-hdfs/images/hdfsarchitecture.odg for tasks to queue
[2022-10-22T00:21:42.821+0000] {logging_mixin.py:117} INFO - [2022-10-22T00:21:42.820+0000] {dagbag.py:525} INFO - Filling up the DagBag from /opt/airflow/dags/hadoop-2.7.3/share/doc/hadoop/hadoop-project-dist/hadoop-hdfs/images/hdfsarchitecture.odg
[2022-10-22T00:21:42.829+0000] {processor.py:770} WARNING - No viable dags retrieved from /opt/airflow/dags/hadoop-2.7.3/share/doc/hadoop/hadoop-project-dist/hadoop-hdfs/images/hdfsarchitecture.odg
[2022-10-22T00:21:42.899+0000] {processor.py:178} INFO - Processing /opt/airflow/dags/hadoop-2.7.3/share/doc/hadoop/hadoop-project-dist/hadoop-hdfs/images/hdfsarchitecture.odg took 0.107 seconds
[2022-10-22T00:21:54.062+0000] {processor.py:156} INFO - Started process (PID=28796) to work on /opt/airflow/dags/hadoop-2.7.3/share/doc/hadoop/hadoop-project-dist/hadoop-hdfs/images/hdfsarchitecture.odg
[2022-10-22T00:21:54.066+0000] {processor.py:758} INFO - Processing file /opt/airflow/dags/hadoop-2.7.3/share/doc/hadoop/hadoop-project-dist/hadoop-hdfs/images/hdfsarchitecture.odg for tasks to queue
[2022-10-22T00:21:54.068+0000] {logging_mixin.py:117} INFO - [2022-10-22T00:21:54.068+0000] {dagbag.py:525} INFO - Filling up the DagBag from /opt/airflow/dags/hadoop-2.7.3/share/doc/hadoop/hadoop-project-dist/hadoop-hdfs/images/hdfsarchitecture.odg
[2022-10-22T00:21:54.085+0000] {processor.py:770} WARNING - No viable dags retrieved from /opt/airflow/dags/hadoop-2.7.3/share/doc/hadoop/hadoop-project-dist/hadoop-hdfs/images/hdfsarchitecture.odg
[2022-10-22T00:21:54.149+0000] {processor.py:178} INFO - Processing /opt/airflow/dags/hadoop-2.7.3/share/doc/hadoop/hadoop-project-dist/hadoop-hdfs/images/hdfsarchitecture.odg took 0.108 seconds
[2022-10-22T00:22:34.151+0000] {processor.py:156} INFO - Started process (PID=26635) to work on /opt/airflow/dags/hadoop-2.7.3/share/doc/hadoop/hadoop-project-dist/hadoop-hdfs/images/hdfsarchitecture.odg
[2022-10-22T00:22:34.155+0000] {processor.py:758} INFO - Processing file /opt/airflow/dags/hadoop-2.7.3/share/doc/hadoop/hadoop-project-dist/hadoop-hdfs/images/hdfsarchitecture.odg for tasks to queue
[2022-10-22T00:22:34.158+0000] {logging_mixin.py:117} INFO - [2022-10-22T00:22:34.157+0000] {dagbag.py:525} INFO - Filling up the DagBag from /opt/airflow/dags/hadoop-2.7.3/share/doc/hadoop/hadoop-project-dist/hadoop-hdfs/images/hdfsarchitecture.odg
[2022-10-22T00:22:34.166+0000] {processor.py:770} WARNING - No viable dags retrieved from /opt/airflow/dags/hadoop-2.7.3/share/doc/hadoop/hadoop-project-dist/hadoop-hdfs/images/hdfsarchitecture.odg
[2022-10-22T00:22:34.224+0000] {processor.py:178} INFO - Processing /opt/airflow/dags/hadoop-2.7.3/share/doc/hadoop/hadoop-project-dist/hadoop-hdfs/images/hdfsarchitecture.odg took 0.103 seconds
[2022-10-22T00:22:42.509+0000] {processor.py:156} INFO - Started process (PID=29270) to work on /opt/airflow/dags/hadoop-2.7.3/share/doc/hadoop/hadoop-project-dist/hadoop-hdfs/images/hdfsarchitecture.odg
[2022-10-22T00:22:42.517+0000] {processor.py:758} INFO - Processing file /opt/airflow/dags/hadoop-2.7.3/share/doc/hadoop/hadoop-project-dist/hadoop-hdfs/images/hdfsarchitecture.odg for tasks to queue
[2022-10-22T00:22:42.543+0000] {logging_mixin.py:117} INFO - [2022-10-22T00:22:42.541+0000] {dagbag.py:525} INFO - Filling up the DagBag from /opt/airflow/dags/hadoop-2.7.3/share/doc/hadoop/hadoop-project-dist/hadoop-hdfs/images/hdfsarchitecture.odg
[2022-10-22T00:22:42.581+0000] {processor.py:770} WARNING - No viable dags retrieved from /opt/airflow/dags/hadoop-2.7.3/share/doc/hadoop/hadoop-project-dist/hadoop-hdfs/images/hdfsarchitecture.odg
[2022-10-22T00:22:42.663+0000] {processor.py:178} INFO - Processing /opt/airflow/dags/hadoop-2.7.3/share/doc/hadoop/hadoop-project-dist/hadoop-hdfs/images/hdfsarchitecture.odg took 0.166 seconds
[2022-10-22T00:23:23.983+0000] {processor.py:156} INFO - Started process (PID=27127) to work on /opt/airflow/dags/hadoop-2.7.3/share/doc/hadoop/hadoop-project-dist/hadoop-hdfs/images/hdfsarchitecture.odg
[2022-10-22T00:23:23.988+0000] {processor.py:758} INFO - Processing file /opt/airflow/dags/hadoop-2.7.3/share/doc/hadoop/hadoop-project-dist/hadoop-hdfs/images/hdfsarchitecture.odg for tasks to queue
[2022-10-22T00:23:23.990+0000] {logging_mixin.py:117} INFO - [2022-10-22T00:23:23.990+0000] {dagbag.py:525} INFO - Filling up the DagBag from /opt/airflow/dags/hadoop-2.7.3/share/doc/hadoop/hadoop-project-dist/hadoop-hdfs/images/hdfsarchitecture.odg
[2022-10-22T00:23:23.997+0000] {processor.py:770} WARNING - No viable dags retrieved from /opt/airflow/dags/hadoop-2.7.3/share/doc/hadoop/hadoop-project-dist/hadoop-hdfs/images/hdfsarchitecture.odg
[2022-10-22T00:23:24.041+0000] {processor.py:178} INFO - Processing /opt/airflow/dags/hadoop-2.7.3/share/doc/hadoop/hadoop-project-dist/hadoop-hdfs/images/hdfsarchitecture.odg took 0.071 seconds
[2022-10-22T00:23:29.721+0000] {processor.py:156} INFO - Started process (PID=29767) to work on /opt/airflow/dags/hadoop-2.7.3/share/doc/hadoop/hadoop-project-dist/hadoop-hdfs/images/hdfsarchitecture.odg
[2022-10-22T00:23:29.724+0000] {processor.py:758} INFO - Processing file /opt/airflow/dags/hadoop-2.7.3/share/doc/hadoop/hadoop-project-dist/hadoop-hdfs/images/hdfsarchitecture.odg for tasks to queue
[2022-10-22T00:23:29.727+0000] {logging_mixin.py:117} INFO - [2022-10-22T00:23:29.726+0000] {dagbag.py:525} INFO - Filling up the DagBag from /opt/airflow/dags/hadoop-2.7.3/share/doc/hadoop/hadoop-project-dist/hadoop-hdfs/images/hdfsarchitecture.odg
[2022-10-22T00:23:29.737+0000] {processor.py:770} WARNING - No viable dags retrieved from /opt/airflow/dags/hadoop-2.7.3/share/doc/hadoop/hadoop-project-dist/hadoop-hdfs/images/hdfsarchitecture.odg
[2022-10-22T00:23:29.774+0000] {processor.py:178} INFO - Processing /opt/airflow/dags/hadoop-2.7.3/share/doc/hadoop/hadoop-project-dist/hadoop-hdfs/images/hdfsarchitecture.odg took 0.064 seconds
[2022-10-22T00:23:58.220+0000] {processor.py:156} INFO - Started process (PID=27454) to work on /opt/airflow/dags/hadoop-2.7.3/share/doc/hadoop/hadoop-project-dist/hadoop-hdfs/images/hdfsarchitecture.odg
[2022-10-22T00:23:58.222+0000] {processor.py:758} INFO - Processing file /opt/airflow/dags/hadoop-2.7.3/share/doc/hadoop/hadoop-project-dist/hadoop-hdfs/images/hdfsarchitecture.odg for tasks to queue
[2022-10-22T00:23:58.225+0000] {logging_mixin.py:117} INFO - [2022-10-22T00:23:58.224+0000] {dagbag.py:525} INFO - Filling up the DagBag from /opt/airflow/dags/hadoop-2.7.3/share/doc/hadoop/hadoop-project-dist/hadoop-hdfs/images/hdfsarchitecture.odg
[2022-10-22T00:23:58.229+0000] {processor.py:770} WARNING - No viable dags retrieved from /opt/airflow/dags/hadoop-2.7.3/share/doc/hadoop/hadoop-project-dist/hadoop-hdfs/images/hdfsarchitecture.odg
[2022-10-22T00:23:58.262+0000] {processor.py:178} INFO - Processing /opt/airflow/dags/hadoop-2.7.3/share/doc/hadoop/hadoop-project-dist/hadoop-hdfs/images/hdfsarchitecture.odg took 0.050 seconds
