[2022-10-15 17:09:00,707] {taskinstance.py:1179} INFO - Dependencies all met for <TaskInstance: generate_data.generate_data scheduled__2022-10-15T16:58:49.942506+00:00 [queued]>
[2022-10-15 17:09:00,790] {taskinstance.py:1179} INFO - Dependencies all met for <TaskInstance: generate_data.generate_data scheduled__2022-10-15T16:58:49.942506+00:00 [queued]>
[2022-10-15 17:09:00,794] {taskinstance.py:1376} INFO - 
--------------------------------------------------------------------------------
[2022-10-15 17:09:00,800] {taskinstance.py:1377} INFO - Starting attempt 2 of 2
[2022-10-15 17:09:00,805] {taskinstance.py:1378} INFO - 
--------------------------------------------------------------------------------
[2022-10-15 17:09:00,911] {taskinstance.py:1397} INFO - Executing <Task(PythonOperator): generate_data> on 2022-10-15 16:58:49.942506+00:00
[2022-10-15 17:09:00,949] {standard_task_runner.py:52} INFO - Started process 23440 to run task
[2022-10-15 17:09:00,985] {standard_task_runner.py:79} INFO - Running: ['***', 'tasks', 'run', 'generate_data', 'generate_data', 'scheduled__2022-10-15T16:58:49.942506+00:00', '--job-id', '193', '--raw', '--subdir', 'DAGS_FOLDER/generate_data.py', '--cfg-path', '/tmp/tmp1bjxvtd7', '--error-file', '/tmp/tmpf784w2r9']
[2022-10-15 17:09:01,005] {standard_task_runner.py:80} INFO - Job 193: Subtask generate_data
[2022-10-15 17:09:02,026] {task_command.py:371} INFO - Running <TaskInstance: generate_data.generate_data scheduled__2022-10-15T16:58:49.942506+00:00 [running]> on host 614e96fbdf07
[2022-10-15 17:09:03,372] {taskinstance.py:1591} INFO - Exporting the following env vars:
AIRFLOW_CTX_DAG_OWNER=***
AIRFLOW_CTX_DAG_ID=generate_data
AIRFLOW_CTX_TASK_ID=generate_data
AIRFLOW_CTX_EXECUTION_DATE=2022-10-15T16:58:49.942506+00:00
AIRFLOW_CTX_TRY_NUMBER=2
AIRFLOW_CTX_DAG_RUN_ID=scheduled__2022-10-15T16:58:49.942506+00:00
[2022-10-15 17:09:03,540] {db_conn.py:23} INFO - Connection to database success
[2022-10-15 17:13:22,759] {insertion_factory.py:41} CRITICAL - <class 'RecursionError'>
[2022-10-15 17:13:22,763] {insertion_factory.py:42} CRITICAL - maximum recursion depth exceeded while calling a Python object
[2022-10-15 17:13:22,792] {insertion_factory.py:43} CRITICAL - Insertion into database failed, check params.
[2022-10-15 17:13:22,814] {logging_mixin.py:115} INFO - Generating jsonline: 1
[2022-10-15 17:13:24,301] {taskinstance.py:1909} ERROR - Task failed with exception
Traceback (most recent call last):
  File "/home/airflow/.local/lib/python3.7/site-packages/airflow/operators/python.py", line 171, in execute
    return_value = self.execute_callable()
  File "/home/airflow/.local/lib/python3.7/site-packages/airflow/operators/python.py", line 189, in execute_callable
    return self.python_callable(*self.op_args, **self.op_kwargs)
  File "/opt/airflow/dags/insertion_orchestration.py", line 34, in gen_data
    jf.generate_jsonlines(n_lines=insertions, days= days)
  File "/opt/airflow/dags/json_factory.py", line 22, in generate_jsonlines
    id = ID.get_id(dict_ids = ids)
  File "/opt/airflow/dags/id_loader.py", line 35, in get_id
    return get_id(dict_ids)
  File "/opt/airflow/dags/id_loader.py", line 35, in get_id
    return get_id(dict_ids)
  File "/opt/airflow/dags/id_loader.py", line 35, in get_id
    return get_id(dict_ids)
  [Previous line repeated 929 more times]
  File "/opt/airflow/dags/id_loader.py", line 29, in get_id
    key, value = random.choice(list(dict_ids.items()))
  File "/usr/local/lib/python3.7/random.py", line 259, in choice
    i = self._randbelow(len(seq))
  File "/usr/local/lib/python3.7/random.py", line 232, in _randbelow
    if type(random) is BuiltinMethod or type(getrandbits) is Method:
RecursionError: maximum recursion depth exceeded while calling a Python object
[2022-10-15 17:13:24,623] {taskinstance.py:1420} INFO - Marking task as FAILED. dag_id=generate_data, task_id=generate_data, execution_date=20221015T165849, start_date=20221015T170900, end_date=20221015T171324
[2022-10-15 17:13:24,864] {standard_task_runner.py:97} ERROR - Failed to execute job 193 for task generate_data (maximum recursion depth exceeded while calling a Python object; 23440)
[2022-10-15 17:13:25,695] {local_task_job.py:156} INFO - Task exited with return code 1
[2022-10-15 17:13:26,524] {local_task_job.py:273} INFO - 0 downstream tasks scheduled from follow-on schedule check
