[2022-10-25T00:37:50.020+0000] {processor.py:156} INFO - Started process (PID=4418) to work on /opt/airflow/dags/hadoop-2.7.3/share/hadoop/kms/tomcat/lib/catalina-ant.jar
[2022-10-25T00:37:50.022+0000] {processor.py:758} INFO - Processing file /opt/airflow/dags/hadoop-2.7.3/share/hadoop/kms/tomcat/lib/catalina-ant.jar for tasks to queue
[2022-10-25T00:37:50.024+0000] {logging_mixin.py:117} INFO - [2022-10-25T00:37:50.023+0000] {dagbag.py:525} INFO - Filling up the DagBag from /opt/airflow/dags/hadoop-2.7.3/share/hadoop/kms/tomcat/lib/catalina-ant.jar
[2022-10-25T00:37:50.029+0000] {processor.py:770} WARNING - No viable dags retrieved from /opt/airflow/dags/hadoop-2.7.3/share/hadoop/kms/tomcat/lib/catalina-ant.jar
[2022-10-25T00:37:50.065+0000] {processor.py:178} INFO - Processing /opt/airflow/dags/hadoop-2.7.3/share/hadoop/kms/tomcat/lib/catalina-ant.jar took 0.051 seconds
[2022-10-25T00:38:19.412+0000] {processor.py:156} INFO - Started process (PID=2442) to work on /opt/airflow/dags/hadoop-2.7.3/share/hadoop/kms/tomcat/lib/catalina-ant.jar
[2022-10-25T00:38:19.414+0000] {processor.py:758} INFO - Processing file /opt/airflow/dags/hadoop-2.7.3/share/hadoop/kms/tomcat/lib/catalina-ant.jar for tasks to queue
[2022-10-25T00:38:19.421+0000] {logging_mixin.py:117} INFO - [2022-10-25T00:38:19.421+0000] {dagbag.py:525} INFO - Filling up the DagBag from /opt/airflow/dags/hadoop-2.7.3/share/hadoop/kms/tomcat/lib/catalina-ant.jar
[2022-10-25T00:38:19.428+0000] {processor.py:770} WARNING - No viable dags retrieved from /opt/airflow/dags/hadoop-2.7.3/share/hadoop/kms/tomcat/lib/catalina-ant.jar
[2022-10-25T00:38:19.463+0000] {processor.py:178} INFO - Processing /opt/airflow/dags/hadoop-2.7.3/share/hadoop/kms/tomcat/lib/catalina-ant.jar took 0.058 seconds
[2022-10-25T00:38:29.516+0000] {processor.py:156} INFO - Started process (PID=4933) to work on /opt/airflow/dags/hadoop-2.7.3/share/hadoop/kms/tomcat/lib/catalina-ant.jar
[2022-10-25T00:38:29.518+0000] {processor.py:758} INFO - Processing file /opt/airflow/dags/hadoop-2.7.3/share/hadoop/kms/tomcat/lib/catalina-ant.jar for tasks to queue
[2022-10-25T00:38:29.521+0000] {logging_mixin.py:117} INFO - [2022-10-25T00:38:29.520+0000] {dagbag.py:525} INFO - Filling up the DagBag from /opt/airflow/dags/hadoop-2.7.3/share/hadoop/kms/tomcat/lib/catalina-ant.jar
[2022-10-25T00:38:29.527+0000] {processor.py:770} WARNING - No viable dags retrieved from /opt/airflow/dags/hadoop-2.7.3/share/hadoop/kms/tomcat/lib/catalina-ant.jar
[2022-10-25T00:38:29.564+0000] {processor.py:178} INFO - Processing /opt/airflow/dags/hadoop-2.7.3/share/hadoop/kms/tomcat/lib/catalina-ant.jar took 0.056 seconds
[2022-10-25T00:38:57.555+0000] {processor.py:156} INFO - Started process (PID=2957) to work on /opt/airflow/dags/hadoop-2.7.3/share/hadoop/kms/tomcat/lib/catalina-ant.jar
[2022-10-25T00:38:57.562+0000] {processor.py:758} INFO - Processing file /opt/airflow/dags/hadoop-2.7.3/share/hadoop/kms/tomcat/lib/catalina-ant.jar for tasks to queue
[2022-10-25T00:38:57.567+0000] {logging_mixin.py:117} INFO - [2022-10-25T00:38:57.567+0000] {dagbag.py:525} INFO - Filling up the DagBag from /opt/airflow/dags/hadoop-2.7.3/share/hadoop/kms/tomcat/lib/catalina-ant.jar
[2022-10-25T00:38:57.573+0000] {processor.py:770} WARNING - No viable dags retrieved from /opt/airflow/dags/hadoop-2.7.3/share/hadoop/kms/tomcat/lib/catalina-ant.jar
[2022-10-25T00:38:57.613+0000] {processor.py:178} INFO - Processing /opt/airflow/dags/hadoop-2.7.3/share/hadoop/kms/tomcat/lib/catalina-ant.jar took 0.066 seconds
[2022-10-25T00:39:09.594+0000] {processor.py:156} INFO - Started process (PID=5449) to work on /opt/airflow/dags/hadoop-2.7.3/share/hadoop/kms/tomcat/lib/catalina-ant.jar
[2022-10-25T00:39:09.596+0000] {processor.py:758} INFO - Processing file /opt/airflow/dags/hadoop-2.7.3/share/hadoop/kms/tomcat/lib/catalina-ant.jar for tasks to queue
[2022-10-25T00:39:09.598+0000] {logging_mixin.py:117} INFO - [2022-10-25T00:39:09.597+0000] {dagbag.py:525} INFO - Filling up the DagBag from /opt/airflow/dags/hadoop-2.7.3/share/hadoop/kms/tomcat/lib/catalina-ant.jar
[2022-10-25T00:39:09.604+0000] {processor.py:770} WARNING - No viable dags retrieved from /opt/airflow/dags/hadoop-2.7.3/share/hadoop/kms/tomcat/lib/catalina-ant.jar
[2022-10-25T00:39:09.633+0000] {processor.py:178} INFO - Processing /opt/airflow/dags/hadoop-2.7.3/share/hadoop/kms/tomcat/lib/catalina-ant.jar took 0.046 seconds
[2022-10-25T00:39:37.867+0000] {processor.py:156} INFO - Started process (PID=3473) to work on /opt/airflow/dags/hadoop-2.7.3/share/hadoop/kms/tomcat/lib/catalina-ant.jar
[2022-10-25T00:39:37.870+0000] {processor.py:758} INFO - Processing file /opt/airflow/dags/hadoop-2.7.3/share/hadoop/kms/tomcat/lib/catalina-ant.jar for tasks to queue
[2022-10-25T00:39:37.876+0000] {logging_mixin.py:117} INFO - [2022-10-25T00:39:37.875+0000] {dagbag.py:525} INFO - Filling up the DagBag from /opt/airflow/dags/hadoop-2.7.3/share/hadoop/kms/tomcat/lib/catalina-ant.jar
[2022-10-25T00:39:37.883+0000] {processor.py:770} WARNING - No viable dags retrieved from /opt/airflow/dags/hadoop-2.7.3/share/hadoop/kms/tomcat/lib/catalina-ant.jar
[2022-10-25T00:39:37.924+0000] {processor.py:178} INFO - Processing /opt/airflow/dags/hadoop-2.7.3/share/hadoop/kms/tomcat/lib/catalina-ant.jar took 0.067 seconds
[2022-10-25T00:52:52.784+0000] {processor.py:156} INFO - Started process (PID=6042) to work on /opt/airflow/dags/hadoop-2.7.3/share/hadoop/kms/tomcat/lib/catalina-ant.jar
[2022-10-25T00:52:52.787+0000] {processor.py:758} INFO - Processing file /opt/airflow/dags/hadoop-2.7.3/share/hadoop/kms/tomcat/lib/catalina-ant.jar for tasks to queue
[2022-10-25T00:52:52.790+0000] {logging_mixin.py:117} INFO - [2022-10-25T00:52:52.790+0000] {dagbag.py:525} INFO - Filling up the DagBag from /opt/airflow/dags/hadoop-2.7.3/share/hadoop/kms/tomcat/lib/catalina-ant.jar
[2022-10-25T00:52:52.800+0000] {processor.py:770} WARNING - No viable dags retrieved from /opt/airflow/dags/hadoop-2.7.3/share/hadoop/kms/tomcat/lib/catalina-ant.jar
[2022-10-25T00:52:52.853+0000] {processor.py:178} INFO - Processing /opt/airflow/dags/hadoop-2.7.3/share/hadoop/kms/tomcat/lib/catalina-ant.jar took 0.080 seconds
[2022-10-25T00:53:13.290+0000] {processor.py:156} INFO - Started process (PID=3956) to work on /opt/airflow/dags/hadoop-2.7.3/share/hadoop/kms/tomcat/lib/catalina-ant.jar
[2022-10-25T00:53:13.293+0000] {processor.py:758} INFO - Processing file /opt/airflow/dags/hadoop-2.7.3/share/hadoop/kms/tomcat/lib/catalina-ant.jar for tasks to queue
[2022-10-25T00:53:13.300+0000] {logging_mixin.py:117} INFO - [2022-10-25T00:53:13.299+0000] {dagbag.py:525} INFO - Filling up the DagBag from /opt/airflow/dags/hadoop-2.7.3/share/hadoop/kms/tomcat/lib/catalina-ant.jar
[2022-10-25T00:53:13.313+0000] {processor.py:770} WARNING - No viable dags retrieved from /opt/airflow/dags/hadoop-2.7.3/share/hadoop/kms/tomcat/lib/catalina-ant.jar
[2022-10-25T00:53:13.353+0000] {processor.py:178} INFO - Processing /opt/airflow/dags/hadoop-2.7.3/share/hadoop/kms/tomcat/lib/catalina-ant.jar took 0.072 seconds
[2022-10-25T00:53:34.655+0000] {processor.py:156} INFO - Started process (PID=6558) to work on /opt/airflow/dags/hadoop-2.7.3/share/hadoop/kms/tomcat/lib/catalina-ant.jar
[2022-10-25T00:53:34.658+0000] {processor.py:758} INFO - Processing file /opt/airflow/dags/hadoop-2.7.3/share/hadoop/kms/tomcat/lib/catalina-ant.jar for tasks to queue
[2022-10-25T00:53:34.661+0000] {logging_mixin.py:117} INFO - [2022-10-25T00:53:34.660+0000] {dagbag.py:525} INFO - Filling up the DagBag from /opt/airflow/dags/hadoop-2.7.3/share/hadoop/kms/tomcat/lib/catalina-ant.jar
[2022-10-25T00:53:34.668+0000] {processor.py:770} WARNING - No viable dags retrieved from /opt/airflow/dags/hadoop-2.7.3/share/hadoop/kms/tomcat/lib/catalina-ant.jar
[2022-10-25T00:53:34.702+0000] {processor.py:178} INFO - Processing /opt/airflow/dags/hadoop-2.7.3/share/hadoop/kms/tomcat/lib/catalina-ant.jar took 0.057 seconds
[2022-10-25T00:53:54.368+0000] {processor.py:156} INFO - Started process (PID=4471) to work on /opt/airflow/dags/hadoop-2.7.3/share/hadoop/kms/tomcat/lib/catalina-ant.jar
[2022-10-25T00:53:54.373+0000] {processor.py:758} INFO - Processing file /opt/airflow/dags/hadoop-2.7.3/share/hadoop/kms/tomcat/lib/catalina-ant.jar for tasks to queue
[2022-10-25T00:53:54.382+0000] {logging_mixin.py:117} INFO - [2022-10-25T00:53:54.381+0000] {dagbag.py:525} INFO - Filling up the DagBag from /opt/airflow/dags/hadoop-2.7.3/share/hadoop/kms/tomcat/lib/catalina-ant.jar
[2022-10-25T00:53:54.391+0000] {processor.py:770} WARNING - No viable dags retrieved from /opt/airflow/dags/hadoop-2.7.3/share/hadoop/kms/tomcat/lib/catalina-ant.jar
[2022-10-25T00:53:54.453+0000] {processor.py:178} INFO - Processing /opt/airflow/dags/hadoop-2.7.3/share/hadoop/kms/tomcat/lib/catalina-ant.jar took 0.095 seconds
[2022-10-25T00:54:15.088+0000] {processor.py:156} INFO - Started process (PID=7073) to work on /opt/airflow/dags/hadoop-2.7.3/share/hadoop/kms/tomcat/lib/catalina-ant.jar
[2022-10-25T00:54:15.090+0000] {processor.py:758} INFO - Processing file /opt/airflow/dags/hadoop-2.7.3/share/hadoop/kms/tomcat/lib/catalina-ant.jar for tasks to queue
[2022-10-25T00:54:15.094+0000] {logging_mixin.py:117} INFO - [2022-10-25T00:54:15.093+0000] {dagbag.py:525} INFO - Filling up the DagBag from /opt/airflow/dags/hadoop-2.7.3/share/hadoop/kms/tomcat/lib/catalina-ant.jar
[2022-10-25T00:54:15.102+0000] {processor.py:770} WARNING - No viable dags retrieved from /opt/airflow/dags/hadoop-2.7.3/share/hadoop/kms/tomcat/lib/catalina-ant.jar
[2022-10-25T00:54:15.136+0000] {processor.py:178} INFO - Processing /opt/airflow/dags/hadoop-2.7.3/share/hadoop/kms/tomcat/lib/catalina-ant.jar took 0.053 seconds
[2022-10-25T00:54:39.297+0000] {processor.py:156} INFO - Started process (PID=4971) to work on /opt/airflow/dags/hadoop-2.7.3/share/hadoop/kms/tomcat/lib/catalina-ant.jar
[2022-10-25T00:54:39.302+0000] {processor.py:758} INFO - Processing file /opt/airflow/dags/hadoop-2.7.3/share/hadoop/kms/tomcat/lib/catalina-ant.jar for tasks to queue
[2022-10-25T00:54:39.312+0000] {logging_mixin.py:117} INFO - [2022-10-25T00:54:39.312+0000] {dagbag.py:525} INFO - Filling up the DagBag from /opt/airflow/dags/hadoop-2.7.3/share/hadoop/kms/tomcat/lib/catalina-ant.jar
[2022-10-25T00:54:39.331+0000] {processor.py:770} WARNING - No viable dags retrieved from /opt/airflow/dags/hadoop-2.7.3/share/hadoop/kms/tomcat/lib/catalina-ant.jar
[2022-10-25T00:54:39.417+0000] {processor.py:178} INFO - Processing /opt/airflow/dags/hadoop-2.7.3/share/hadoop/kms/tomcat/lib/catalina-ant.jar took 0.130 seconds
[2022-10-25T00:55:11.441+0000] {processor.py:156} INFO - Started process (PID=7573) to work on /opt/airflow/dags/hadoop-2.7.3/share/hadoop/kms/tomcat/lib/catalina-ant.jar
[2022-10-25T00:55:11.450+0000] {processor.py:758} INFO - Processing file /opt/airflow/dags/hadoop-2.7.3/share/hadoop/kms/tomcat/lib/catalina-ant.jar for tasks to queue
[2022-10-25T00:55:11.454+0000] {logging_mixin.py:117} INFO - [2022-10-25T00:55:11.454+0000] {dagbag.py:525} INFO - Filling up the DagBag from /opt/airflow/dags/hadoop-2.7.3/share/hadoop/kms/tomcat/lib/catalina-ant.jar
[2022-10-25T00:55:11.476+0000] {processor.py:770} WARNING - No viable dags retrieved from /opt/airflow/dags/hadoop-2.7.3/share/hadoop/kms/tomcat/lib/catalina-ant.jar
[2022-10-25T00:55:11.549+0000] {processor.py:178} INFO - Processing /opt/airflow/dags/hadoop-2.7.3/share/hadoop/kms/tomcat/lib/catalina-ant.jar took 0.133 seconds
[2022-10-25T00:55:48.411+0000] {processor.py:156} INFO - Started process (PID=5486) to work on /opt/airflow/dags/hadoop-2.7.3/share/hadoop/kms/tomcat/lib/catalina-ant.jar
[2022-10-25T00:55:48.421+0000] {processor.py:758} INFO - Processing file /opt/airflow/dags/hadoop-2.7.3/share/hadoop/kms/tomcat/lib/catalina-ant.jar for tasks to queue
[2022-10-25T00:55:48.438+0000] {logging_mixin.py:117} INFO - [2022-10-25T00:55:48.437+0000] {dagbag.py:525} INFO - Filling up the DagBag from /opt/airflow/dags/hadoop-2.7.3/share/hadoop/kms/tomcat/lib/catalina-ant.jar
[2022-10-25T00:55:48.454+0000] {processor.py:770} WARNING - No viable dags retrieved from /opt/airflow/dags/hadoop-2.7.3/share/hadoop/kms/tomcat/lib/catalina-ant.jar
[2022-10-25T00:55:48.571+0000] {processor.py:178} INFO - Processing /opt/airflow/dags/hadoop-2.7.3/share/hadoop/kms/tomcat/lib/catalina-ant.jar took 0.195 seconds
[2022-10-25T14:08:45.778+0000] {processor.py:156} INFO - Started process (PID=18768) to work on /opt/airflow/dags/hadoop-2.7.3/share/hadoop/kms/tomcat/lib/catalina-ant.jar
[2022-10-25T14:08:45.782+0000] {processor.py:758} INFO - Processing file /opt/airflow/dags/hadoop-2.7.3/share/hadoop/kms/tomcat/lib/catalina-ant.jar for tasks to queue
[2022-10-25T14:08:45.784+0000] {logging_mixin.py:117} INFO - [2022-10-25T14:08:45.784+0000] {dagbag.py:525} INFO - Filling up the DagBag from /opt/airflow/dags/hadoop-2.7.3/share/hadoop/kms/tomcat/lib/catalina-ant.jar
[2022-10-25T14:08:45.793+0000] {processor.py:770} WARNING - No viable dags retrieved from /opt/airflow/dags/hadoop-2.7.3/share/hadoop/kms/tomcat/lib/catalina-ant.jar
[2022-10-25T14:08:45.843+0000] {processor.py:178} INFO - Processing /opt/airflow/dags/hadoop-2.7.3/share/hadoop/kms/tomcat/lib/catalina-ant.jar took 0.073 seconds
[2022-10-25T14:09:00.926+0000] {processor.py:156} INFO - Started process (PID=17688) to work on /opt/airflow/dags/hadoop-2.7.3/share/hadoop/kms/tomcat/lib/catalina-ant.jar
[2022-10-25T14:09:00.944+0000] {processor.py:758} INFO - Processing file /opt/airflow/dags/hadoop-2.7.3/share/hadoop/kms/tomcat/lib/catalina-ant.jar for tasks to queue
[2022-10-25T14:09:00.948+0000] {logging_mixin.py:117} INFO - [2022-10-25T14:09:00.947+0000] {dagbag.py:525} INFO - Filling up the DagBag from /opt/airflow/dags/hadoop-2.7.3/share/hadoop/kms/tomcat/lib/catalina-ant.jar
[2022-10-25T14:09:00.959+0000] {processor.py:770} WARNING - No viable dags retrieved from /opt/airflow/dags/hadoop-2.7.3/share/hadoop/kms/tomcat/lib/catalina-ant.jar
[2022-10-25T14:09:00.998+0000] {processor.py:178} INFO - Processing /opt/airflow/dags/hadoop-2.7.3/share/hadoop/kms/tomcat/lib/catalina-ant.jar took 0.091 seconds
[2022-10-25T14:09:32.369+0000] {processor.py:156} INFO - Started process (PID=19292) to work on /opt/airflow/dags/hadoop-2.7.3/share/hadoop/kms/tomcat/lib/catalina-ant.jar
[2022-10-25T14:09:32.372+0000] {processor.py:758} INFO - Processing file /opt/airflow/dags/hadoop-2.7.3/share/hadoop/kms/tomcat/lib/catalina-ant.jar for tasks to queue
[2022-10-25T14:09:32.375+0000] {logging_mixin.py:117} INFO - [2022-10-25T14:09:32.375+0000] {dagbag.py:525} INFO - Filling up the DagBag from /opt/airflow/dags/hadoop-2.7.3/share/hadoop/kms/tomcat/lib/catalina-ant.jar
[2022-10-25T14:09:32.383+0000] {processor.py:770} WARNING - No viable dags retrieved from /opt/airflow/dags/hadoop-2.7.3/share/hadoop/kms/tomcat/lib/catalina-ant.jar
[2022-10-25T14:09:32.432+0000] {processor.py:178} INFO - Processing /opt/airflow/dags/hadoop-2.7.3/share/hadoop/kms/tomcat/lib/catalina-ant.jar took 0.070 seconds
[2022-10-25T14:09:45.631+0000] {processor.py:156} INFO - Started process (PID=18203) to work on /opt/airflow/dags/hadoop-2.7.3/share/hadoop/kms/tomcat/lib/catalina-ant.jar
[2022-10-25T14:09:45.635+0000] {processor.py:758} INFO - Processing file /opt/airflow/dags/hadoop-2.7.3/share/hadoop/kms/tomcat/lib/catalina-ant.jar for tasks to queue
[2022-10-25T14:09:45.637+0000] {logging_mixin.py:117} INFO - [2022-10-25T14:09:45.637+0000] {dagbag.py:525} INFO - Filling up the DagBag from /opt/airflow/dags/hadoop-2.7.3/share/hadoop/kms/tomcat/lib/catalina-ant.jar
[2022-10-25T14:09:45.644+0000] {processor.py:770} WARNING - No viable dags retrieved from /opt/airflow/dags/hadoop-2.7.3/share/hadoop/kms/tomcat/lib/catalina-ant.jar
[2022-10-25T14:09:45.678+0000] {processor.py:178} INFO - Processing /opt/airflow/dags/hadoop-2.7.3/share/hadoop/kms/tomcat/lib/catalina-ant.jar took 0.054 seconds
[2022-10-25T14:10:12.607+0000] {processor.py:156} INFO - Started process (PID=19808) to work on /opt/airflow/dags/hadoop-2.7.3/share/hadoop/kms/tomcat/lib/catalina-ant.jar
[2022-10-25T14:10:12.610+0000] {processor.py:758} INFO - Processing file /opt/airflow/dags/hadoop-2.7.3/share/hadoop/kms/tomcat/lib/catalina-ant.jar for tasks to queue
[2022-10-25T14:10:12.612+0000] {logging_mixin.py:117} INFO - [2022-10-25T14:10:12.612+0000] {dagbag.py:525} INFO - Filling up the DagBag from /opt/airflow/dags/hadoop-2.7.3/share/hadoop/kms/tomcat/lib/catalina-ant.jar
[2022-10-25T14:10:12.621+0000] {processor.py:770} WARNING - No viable dags retrieved from /opt/airflow/dags/hadoop-2.7.3/share/hadoop/kms/tomcat/lib/catalina-ant.jar
[2022-10-25T14:10:12.660+0000] {processor.py:178} INFO - Processing /opt/airflow/dags/hadoop-2.7.3/share/hadoop/kms/tomcat/lib/catalina-ant.jar took 0.060 seconds
[2022-10-25T14:10:28.876+0000] {processor.py:156} INFO - Started process (PID=18717) to work on /opt/airflow/dags/hadoop-2.7.3/share/hadoop/kms/tomcat/lib/catalina-ant.jar
[2022-10-25T14:10:28.878+0000] {processor.py:758} INFO - Processing file /opt/airflow/dags/hadoop-2.7.3/share/hadoop/kms/tomcat/lib/catalina-ant.jar for tasks to queue
[2022-10-25T14:10:28.880+0000] {logging_mixin.py:117} INFO - [2022-10-25T14:10:28.880+0000] {dagbag.py:525} INFO - Filling up the DagBag from /opt/airflow/dags/hadoop-2.7.3/share/hadoop/kms/tomcat/lib/catalina-ant.jar
[2022-10-25T14:10:28.889+0000] {processor.py:770} WARNING - No viable dags retrieved from /opt/airflow/dags/hadoop-2.7.3/share/hadoop/kms/tomcat/lib/catalina-ant.jar
[2022-10-25T14:10:28.933+0000] {processor.py:178} INFO - Processing /opt/airflow/dags/hadoop-2.7.3/share/hadoop/kms/tomcat/lib/catalina-ant.jar took 0.065 seconds
[2022-10-25T14:10:56.283+0000] {processor.py:156} INFO - Started process (PID=20324) to work on /opt/airflow/dags/hadoop-2.7.3/share/hadoop/kms/tomcat/lib/catalina-ant.jar
[2022-10-25T14:10:56.285+0000] {processor.py:758} INFO - Processing file /opt/airflow/dags/hadoop-2.7.3/share/hadoop/kms/tomcat/lib/catalina-ant.jar for tasks to queue
[2022-10-25T14:10:56.290+0000] {logging_mixin.py:117} INFO - [2022-10-25T14:10:56.289+0000] {dagbag.py:525} INFO - Filling up the DagBag from /opt/airflow/dags/hadoop-2.7.3/share/hadoop/kms/tomcat/lib/catalina-ant.jar
[2022-10-25T14:10:56.297+0000] {processor.py:770} WARNING - No viable dags retrieved from /opt/airflow/dags/hadoop-2.7.3/share/hadoop/kms/tomcat/lib/catalina-ant.jar
[2022-10-25T14:10:56.339+0000] {processor.py:178} INFO - Processing /opt/airflow/dags/hadoop-2.7.3/share/hadoop/kms/tomcat/lib/catalina-ant.jar took 0.063 seconds
[2022-10-25T14:11:08.852+0000] {processor.py:156} INFO - Started process (PID=19204) to work on /opt/airflow/dags/hadoop-2.7.3/share/hadoop/kms/tomcat/lib/catalina-ant.jar
[2022-10-25T14:11:08.854+0000] {processor.py:758} INFO - Processing file /opt/airflow/dags/hadoop-2.7.3/share/hadoop/kms/tomcat/lib/catalina-ant.jar for tasks to queue
[2022-10-25T14:11:08.856+0000] {logging_mixin.py:117} INFO - [2022-10-25T14:11:08.856+0000] {dagbag.py:525} INFO - Filling up the DagBag from /opt/airflow/dags/hadoop-2.7.3/share/hadoop/kms/tomcat/lib/catalina-ant.jar
[2022-10-25T14:11:08.864+0000] {processor.py:770} WARNING - No viable dags retrieved from /opt/airflow/dags/hadoop-2.7.3/share/hadoop/kms/tomcat/lib/catalina-ant.jar
[2022-10-25T14:11:08.896+0000] {processor.py:178} INFO - Processing /opt/airflow/dags/hadoop-2.7.3/share/hadoop/kms/tomcat/lib/catalina-ant.jar took 0.057 seconds
[2022-10-25T14:11:38.015+0000] {processor.py:156} INFO - Started process (PID=20845) to work on /opt/airflow/dags/hadoop-2.7.3/share/hadoop/kms/tomcat/lib/catalina-ant.jar
[2022-10-25T14:11:38.017+0000] {processor.py:758} INFO - Processing file /opt/airflow/dags/hadoop-2.7.3/share/hadoop/kms/tomcat/lib/catalina-ant.jar for tasks to queue
[2022-10-25T14:11:38.020+0000] {logging_mixin.py:117} INFO - [2022-10-25T14:11:38.019+0000] {dagbag.py:525} INFO - Filling up the DagBag from /opt/airflow/dags/hadoop-2.7.3/share/hadoop/kms/tomcat/lib/catalina-ant.jar
[2022-10-25T14:11:38.029+0000] {processor.py:770} WARNING - No viable dags retrieved from /opt/airflow/dags/hadoop-2.7.3/share/hadoop/kms/tomcat/lib/catalina-ant.jar
[2022-10-25T14:11:38.061+0000] {processor.py:178} INFO - Processing /opt/airflow/dags/hadoop-2.7.3/share/hadoop/kms/tomcat/lib/catalina-ant.jar took 0.052 seconds
[2022-10-25T14:11:51.407+0000] {processor.py:156} INFO - Started process (PID=19719) to work on /opt/airflow/dags/hadoop-2.7.3/share/hadoop/kms/tomcat/lib/catalina-ant.jar
[2022-10-25T14:11:51.410+0000] {processor.py:758} INFO - Processing file /opt/airflow/dags/hadoop-2.7.3/share/hadoop/kms/tomcat/lib/catalina-ant.jar for tasks to queue
[2022-10-25T14:11:51.413+0000] {logging_mixin.py:117} INFO - [2022-10-25T14:11:51.412+0000] {dagbag.py:525} INFO - Filling up the DagBag from /opt/airflow/dags/hadoop-2.7.3/share/hadoop/kms/tomcat/lib/catalina-ant.jar
[2022-10-25T14:11:51.419+0000] {processor.py:770} WARNING - No viable dags retrieved from /opt/airflow/dags/hadoop-2.7.3/share/hadoop/kms/tomcat/lib/catalina-ant.jar
[2022-10-25T14:11:51.454+0000] {processor.py:178} INFO - Processing /opt/airflow/dags/hadoop-2.7.3/share/hadoop/kms/tomcat/lib/catalina-ant.jar took 0.056 seconds
[2022-10-25T14:12:17.151+0000] {processor.py:156} INFO - Started process (PID=21293) to work on /opt/airflow/dags/hadoop-2.7.3/share/hadoop/kms/tomcat/lib/catalina-ant.jar
[2022-10-25T14:12:17.154+0000] {processor.py:758} INFO - Processing file /opt/airflow/dags/hadoop-2.7.3/share/hadoop/kms/tomcat/lib/catalina-ant.jar for tasks to queue
[2022-10-25T14:12:17.157+0000] {logging_mixin.py:117} INFO - [2022-10-25T14:12:17.157+0000] {dagbag.py:525} INFO - Filling up the DagBag from /opt/airflow/dags/hadoop-2.7.3/share/hadoop/kms/tomcat/lib/catalina-ant.jar
[2022-10-25T14:12:17.167+0000] {processor.py:770} WARNING - No viable dags retrieved from /opt/airflow/dags/hadoop-2.7.3/share/hadoop/kms/tomcat/lib/catalina-ant.jar
[2022-10-25T14:12:17.203+0000] {processor.py:178} INFO - Processing /opt/airflow/dags/hadoop-2.7.3/share/hadoop/kms/tomcat/lib/catalina-ant.jar took 0.059 seconds
[2022-10-25T14:12:35.542+0000] {processor.py:156} INFO - Started process (PID=20212) to work on /opt/airflow/dags/hadoop-2.7.3/share/hadoop/kms/tomcat/lib/catalina-ant.jar
[2022-10-25T14:12:35.545+0000] {processor.py:758} INFO - Processing file /opt/airflow/dags/hadoop-2.7.3/share/hadoop/kms/tomcat/lib/catalina-ant.jar for tasks to queue
[2022-10-25T14:12:35.549+0000] {logging_mixin.py:117} INFO - [2022-10-25T14:12:35.548+0000] {dagbag.py:525} INFO - Filling up the DagBag from /opt/airflow/dags/hadoop-2.7.3/share/hadoop/kms/tomcat/lib/catalina-ant.jar
[2022-10-25T14:12:35.556+0000] {processor.py:770} WARNING - No viable dags retrieved from /opt/airflow/dags/hadoop-2.7.3/share/hadoop/kms/tomcat/lib/catalina-ant.jar
[2022-10-25T14:12:35.603+0000] {processor.py:178} INFO - Processing /opt/airflow/dags/hadoop-2.7.3/share/hadoop/kms/tomcat/lib/catalina-ant.jar took 0.071 seconds
[2022-10-25T14:13:33.048+0000] {processor.py:156} INFO - Started process (PID=21757) to work on /opt/airflow/dags/hadoop-2.7.3/share/hadoop/kms/tomcat/lib/catalina-ant.jar
[2022-10-25T14:13:33.051+0000] {processor.py:758} INFO - Processing file /opt/airflow/dags/hadoop-2.7.3/share/hadoop/kms/tomcat/lib/catalina-ant.jar for tasks to queue
[2022-10-25T14:13:33.054+0000] {logging_mixin.py:117} INFO - [2022-10-25T14:13:33.053+0000] {dagbag.py:525} INFO - Filling up the DagBag from /opt/airflow/dags/hadoop-2.7.3/share/hadoop/kms/tomcat/lib/catalina-ant.jar
[2022-10-25T14:13:33.062+0000] {processor.py:770} WARNING - No viable dags retrieved from /opt/airflow/dags/hadoop-2.7.3/share/hadoop/kms/tomcat/lib/catalina-ant.jar
[2022-10-25T14:13:33.109+0000] {processor.py:178} INFO - Processing /opt/airflow/dags/hadoop-2.7.3/share/hadoop/kms/tomcat/lib/catalina-ant.jar took 0.076 seconds
[2022-10-25T14:13:57.574+0000] {processor.py:156} INFO - Started process (PID=20739) to work on /opt/airflow/dags/hadoop-2.7.3/share/hadoop/kms/tomcat/lib/catalina-ant.jar
[2022-10-25T14:13:57.577+0000] {processor.py:758} INFO - Processing file /opt/airflow/dags/hadoop-2.7.3/share/hadoop/kms/tomcat/lib/catalina-ant.jar for tasks to queue
[2022-10-25T14:13:57.580+0000] {logging_mixin.py:117} INFO - [2022-10-25T14:13:57.580+0000] {dagbag.py:525} INFO - Filling up the DagBag from /opt/airflow/dags/hadoop-2.7.3/share/hadoop/kms/tomcat/lib/catalina-ant.jar
[2022-10-25T14:13:57.590+0000] {processor.py:770} WARNING - No viable dags retrieved from /opt/airflow/dags/hadoop-2.7.3/share/hadoop/kms/tomcat/lib/catalina-ant.jar
[2022-10-25T14:13:57.636+0000] {processor.py:178} INFO - Processing /opt/airflow/dags/hadoop-2.7.3/share/hadoop/kms/tomcat/lib/catalina-ant.jar took 0.071 seconds
[2022-10-25T14:14:19.302+0000] {processor.py:156} INFO - Started process (PID=22271) to work on /opt/airflow/dags/hadoop-2.7.3/share/hadoop/kms/tomcat/lib/catalina-ant.jar
[2022-10-25T14:14:19.308+0000] {processor.py:758} INFO - Processing file /opt/airflow/dags/hadoop-2.7.3/share/hadoop/kms/tomcat/lib/catalina-ant.jar for tasks to queue
[2022-10-25T14:14:19.314+0000] {logging_mixin.py:117} INFO - [2022-10-25T14:14:19.313+0000] {dagbag.py:525} INFO - Filling up the DagBag from /opt/airflow/dags/hadoop-2.7.3/share/hadoop/kms/tomcat/lib/catalina-ant.jar
[2022-10-25T14:14:19.323+0000] {processor.py:770} WARNING - No viable dags retrieved from /opt/airflow/dags/hadoop-2.7.3/share/hadoop/kms/tomcat/lib/catalina-ant.jar
[2022-10-25T14:14:19.385+0000] {processor.py:178} INFO - Processing /opt/airflow/dags/hadoop-2.7.3/share/hadoop/kms/tomcat/lib/catalina-ant.jar took 0.092 seconds
[2022-10-25T14:14:46.055+0000] {processor.py:156} INFO - Started process (PID=21261) to work on /opt/airflow/dags/hadoop-2.7.3/share/hadoop/kms/tomcat/lib/catalina-ant.jar
[2022-10-25T14:14:46.058+0000] {processor.py:758} INFO - Processing file /opt/airflow/dags/hadoop-2.7.3/share/hadoop/kms/tomcat/lib/catalina-ant.jar for tasks to queue
[2022-10-25T14:14:46.061+0000] {logging_mixin.py:117} INFO - [2022-10-25T14:14:46.060+0000] {dagbag.py:525} INFO - Filling up the DagBag from /opt/airflow/dags/hadoop-2.7.3/share/hadoop/kms/tomcat/lib/catalina-ant.jar
[2022-10-25T14:14:46.072+0000] {processor.py:770} WARNING - No viable dags retrieved from /opt/airflow/dags/hadoop-2.7.3/share/hadoop/kms/tomcat/lib/catalina-ant.jar
[2022-10-25T14:14:46.131+0000] {processor.py:178} INFO - Processing /opt/airflow/dags/hadoop-2.7.3/share/hadoop/kms/tomcat/lib/catalina-ant.jar took 0.086 seconds
[2022-10-25T14:15:11.347+0000] {processor.py:156} INFO - Started process (PID=22829) to work on /opt/airflow/dags/hadoop-2.7.3/share/hadoop/kms/tomcat/lib/catalina-ant.jar
[2022-10-25T14:15:11.352+0000] {processor.py:758} INFO - Processing file /opt/airflow/dags/hadoop-2.7.3/share/hadoop/kms/tomcat/lib/catalina-ant.jar for tasks to queue
[2022-10-25T14:15:11.356+0000] {logging_mixin.py:117} INFO - [2022-10-25T14:15:11.356+0000] {dagbag.py:525} INFO - Filling up the DagBag from /opt/airflow/dags/hadoop-2.7.3/share/hadoop/kms/tomcat/lib/catalina-ant.jar
[2022-10-25T14:15:11.372+0000] {processor.py:770} WARNING - No viable dags retrieved from /opt/airflow/dags/hadoop-2.7.3/share/hadoop/kms/tomcat/lib/catalina-ant.jar
[2022-10-25T14:15:11.472+0000] {processor.py:178} INFO - Processing /opt/airflow/dags/hadoop-2.7.3/share/hadoop/kms/tomcat/lib/catalina-ant.jar took 0.141 seconds
[2022-10-25T14:15:48.289+0000] {processor.py:156} INFO - Started process (PID=21804) to work on /opt/airflow/dags/hadoop-2.7.3/share/hadoop/kms/tomcat/lib/catalina-ant.jar
[2022-10-25T14:15:48.295+0000] {processor.py:758} INFO - Processing file /opt/airflow/dags/hadoop-2.7.3/share/hadoop/kms/tomcat/lib/catalina-ant.jar for tasks to queue
[2022-10-25T14:15:48.299+0000] {logging_mixin.py:117} INFO - [2022-10-25T14:15:48.298+0000] {dagbag.py:525} INFO - Filling up the DagBag from /opt/airflow/dags/hadoop-2.7.3/share/hadoop/kms/tomcat/lib/catalina-ant.jar
[2022-10-25T14:15:48.308+0000] {processor.py:770} WARNING - No viable dags retrieved from /opt/airflow/dags/hadoop-2.7.3/share/hadoop/kms/tomcat/lib/catalina-ant.jar
[2022-10-25T14:15:48.374+0000] {processor.py:178} INFO - Processing /opt/airflow/dags/hadoop-2.7.3/share/hadoop/kms/tomcat/lib/catalina-ant.jar took 0.093 seconds
[2022-10-25T14:16:02.911+0000] {processor.py:156} INFO - Started process (PID=23271) to work on /opt/airflow/dags/hadoop-2.7.3/share/hadoop/kms/tomcat/lib/catalina-ant.jar
[2022-10-25T14:16:02.920+0000] {processor.py:758} INFO - Processing file /opt/airflow/dags/hadoop-2.7.3/share/hadoop/kms/tomcat/lib/catalina-ant.jar for tasks to queue
[2022-10-25T14:16:02.931+0000] {logging_mixin.py:117} INFO - [2022-10-25T14:16:02.930+0000] {dagbag.py:525} INFO - Filling up the DagBag from /opt/airflow/dags/hadoop-2.7.3/share/hadoop/kms/tomcat/lib/catalina-ant.jar
[2022-10-25T14:16:02.961+0000] {processor.py:770} WARNING - No viable dags retrieved from /opt/airflow/dags/hadoop-2.7.3/share/hadoop/kms/tomcat/lib/catalina-ant.jar
[2022-10-25T14:16:03.004+0000] {processor.py:178} INFO - Processing /opt/airflow/dags/hadoop-2.7.3/share/hadoop/kms/tomcat/lib/catalina-ant.jar took 0.101 seconds
[2022-10-25T14:16:35.567+0000] {processor.py:156} INFO - Started process (PID=22308) to work on /opt/airflow/dags/hadoop-2.7.3/share/hadoop/kms/tomcat/lib/catalina-ant.jar
[2022-10-25T14:16:35.571+0000] {processor.py:758} INFO - Processing file /opt/airflow/dags/hadoop-2.7.3/share/hadoop/kms/tomcat/lib/catalina-ant.jar for tasks to queue
[2022-10-25T14:16:35.573+0000] {logging_mixin.py:117} INFO - [2022-10-25T14:16:35.573+0000] {dagbag.py:525} INFO - Filling up the DagBag from /opt/airflow/dags/hadoop-2.7.3/share/hadoop/kms/tomcat/lib/catalina-ant.jar
[2022-10-25T14:16:35.581+0000] {processor.py:770} WARNING - No viable dags retrieved from /opt/airflow/dags/hadoop-2.7.3/share/hadoop/kms/tomcat/lib/catalina-ant.jar
[2022-10-25T14:16:35.619+0000] {processor.py:178} INFO - Processing /opt/airflow/dags/hadoop-2.7.3/share/hadoop/kms/tomcat/lib/catalina-ant.jar took 0.061 seconds
[2022-10-25T14:16:51.223+0000] {processor.py:156} INFO - Started process (PID=23752) to work on /opt/airflow/dags/hadoop-2.7.3/share/hadoop/kms/tomcat/lib/catalina-ant.jar
[2022-10-25T14:16:51.226+0000] {processor.py:758} INFO - Processing file /opt/airflow/dags/hadoop-2.7.3/share/hadoop/kms/tomcat/lib/catalina-ant.jar for tasks to queue
[2022-10-25T14:16:51.228+0000] {logging_mixin.py:117} INFO - [2022-10-25T14:16:51.228+0000] {dagbag.py:525} INFO - Filling up the DagBag from /opt/airflow/dags/hadoop-2.7.3/share/hadoop/kms/tomcat/lib/catalina-ant.jar
[2022-10-25T14:16:51.238+0000] {processor.py:770} WARNING - No viable dags retrieved from /opt/airflow/dags/hadoop-2.7.3/share/hadoop/kms/tomcat/lib/catalina-ant.jar
[2022-10-25T14:16:51.286+0000] {processor.py:178} INFO - Processing /opt/airflow/dags/hadoop-2.7.3/share/hadoop/kms/tomcat/lib/catalina-ant.jar took 0.073 seconds
[2022-10-25T14:17:26.375+0000] {processor.py:156} INFO - Started process (PID=22772) to work on /opt/airflow/dags/hadoop-2.7.3/share/hadoop/kms/tomcat/lib/catalina-ant.jar
[2022-10-25T14:17:26.378+0000] {processor.py:758} INFO - Processing file /opt/airflow/dags/hadoop-2.7.3/share/hadoop/kms/tomcat/lib/catalina-ant.jar for tasks to queue
[2022-10-25T14:17:26.380+0000] {logging_mixin.py:117} INFO - [2022-10-25T14:17:26.380+0000] {dagbag.py:525} INFO - Filling up the DagBag from /opt/airflow/dags/hadoop-2.7.3/share/hadoop/kms/tomcat/lib/catalina-ant.jar
[2022-10-25T14:17:26.388+0000] {processor.py:770} WARNING - No viable dags retrieved from /opt/airflow/dags/hadoop-2.7.3/share/hadoop/kms/tomcat/lib/catalina-ant.jar
[2022-10-25T14:17:26.432+0000] {processor.py:178} INFO - Processing /opt/airflow/dags/hadoop-2.7.3/share/hadoop/kms/tomcat/lib/catalina-ant.jar took 0.064 seconds
[2022-10-25T14:25:09.641+0000] {processor.py:156} INFO - Started process (PID=23535) to work on /opt/airflow/dags/hadoop-2.7.3/share/hadoop/kms/tomcat/lib/catalina-ant.jar
[2022-10-25T14:25:09.644+0000] {processor.py:758} INFO - Processing file /opt/airflow/dags/hadoop-2.7.3/share/hadoop/kms/tomcat/lib/catalina-ant.jar for tasks to queue
[2022-10-25T14:25:09.651+0000] {logging_mixin.py:117} INFO - [2022-10-25T14:25:09.651+0000] {dagbag.py:525} INFO - Filling up the DagBag from /opt/airflow/dags/hadoop-2.7.3/share/hadoop/kms/tomcat/lib/catalina-ant.jar
[2022-10-25T14:25:09.665+0000] {processor.py:770} WARNING - No viable dags retrieved from /opt/airflow/dags/hadoop-2.7.3/share/hadoop/kms/tomcat/lib/catalina-ant.jar
[2022-10-25T14:25:09.737+0000] {processor.py:178} INFO - Processing /opt/airflow/dags/hadoop-2.7.3/share/hadoop/kms/tomcat/lib/catalina-ant.jar took 0.118 seconds
[2022-10-25T14:25:27.458+0000] {processor.py:156} INFO - Started process (PID=24610) to work on /opt/airflow/dags/hadoop-2.7.3/share/hadoop/kms/tomcat/lib/catalina-ant.jar
[2022-10-25T14:25:27.461+0000] {processor.py:758} INFO - Processing file /opt/airflow/dags/hadoop-2.7.3/share/hadoop/kms/tomcat/lib/catalina-ant.jar for tasks to queue
[2022-10-25T14:25:27.464+0000] {logging_mixin.py:117} INFO - [2022-10-25T14:25:27.464+0000] {dagbag.py:525} INFO - Filling up the DagBag from /opt/airflow/dags/hadoop-2.7.3/share/hadoop/kms/tomcat/lib/catalina-ant.jar
[2022-10-25T14:25:27.474+0000] {processor.py:770} WARNING - No viable dags retrieved from /opt/airflow/dags/hadoop-2.7.3/share/hadoop/kms/tomcat/lib/catalina-ant.jar
[2022-10-25T14:25:27.547+0000] {processor.py:178} INFO - Processing /opt/airflow/dags/hadoop-2.7.3/share/hadoop/kms/tomcat/lib/catalina-ant.jar took 0.100 seconds
[2022-10-25T14:25:59.715+0000] {processor.py:156} INFO - Started process (PID=24050) to work on /opt/airflow/dags/hadoop-2.7.3/share/hadoop/kms/tomcat/lib/catalina-ant.jar
[2022-10-25T14:25:59.722+0000] {processor.py:758} INFO - Processing file /opt/airflow/dags/hadoop-2.7.3/share/hadoop/kms/tomcat/lib/catalina-ant.jar for tasks to queue
[2022-10-25T14:25:59.725+0000] {logging_mixin.py:117} INFO - [2022-10-25T14:25:59.725+0000] {dagbag.py:525} INFO - Filling up the DagBag from /opt/airflow/dags/hadoop-2.7.3/share/hadoop/kms/tomcat/lib/catalina-ant.jar
[2022-10-25T14:25:59.736+0000] {processor.py:770} WARNING - No viable dags retrieved from /opt/airflow/dags/hadoop-2.7.3/share/hadoop/kms/tomcat/lib/catalina-ant.jar
[2022-10-25T14:25:59.788+0000] {processor.py:178} INFO - Processing /opt/airflow/dags/hadoop-2.7.3/share/hadoop/kms/tomcat/lib/catalina-ant.jar took 0.085 seconds
[2022-10-25T14:26:18.248+0000] {processor.py:156} INFO - Started process (PID=25133) to work on /opt/airflow/dags/hadoop-2.7.3/share/hadoop/kms/tomcat/lib/catalina-ant.jar
[2022-10-25T14:26:18.253+0000] {processor.py:758} INFO - Processing file /opt/airflow/dags/hadoop-2.7.3/share/hadoop/kms/tomcat/lib/catalina-ant.jar for tasks to queue
[2022-10-25T14:26:18.256+0000] {logging_mixin.py:117} INFO - [2022-10-25T14:26:18.256+0000] {dagbag.py:525} INFO - Filling up the DagBag from /opt/airflow/dags/hadoop-2.7.3/share/hadoop/kms/tomcat/lib/catalina-ant.jar
[2022-10-25T14:26:18.269+0000] {processor.py:770} WARNING - No viable dags retrieved from /opt/airflow/dags/hadoop-2.7.3/share/hadoop/kms/tomcat/lib/catalina-ant.jar
[2022-10-25T14:26:18.325+0000] {processor.py:178} INFO - Processing /opt/airflow/dags/hadoop-2.7.3/share/hadoop/kms/tomcat/lib/catalina-ant.jar took 0.092 seconds
[2022-10-25T14:26:55.306+0000] {processor.py:156} INFO - Started process (PID=24574) to work on /opt/airflow/dags/hadoop-2.7.3/share/hadoop/kms/tomcat/lib/catalina-ant.jar
[2022-10-25T14:26:55.309+0000] {processor.py:758} INFO - Processing file /opt/airflow/dags/hadoop-2.7.3/share/hadoop/kms/tomcat/lib/catalina-ant.jar for tasks to queue
[2022-10-25T14:26:55.312+0000] {logging_mixin.py:117} INFO - [2022-10-25T14:26:55.312+0000] {dagbag.py:525} INFO - Filling up the DagBag from /opt/airflow/dags/hadoop-2.7.3/share/hadoop/kms/tomcat/lib/catalina-ant.jar
[2022-10-25T14:26:55.321+0000] {processor.py:770} WARNING - No viable dags retrieved from /opt/airflow/dags/hadoop-2.7.3/share/hadoop/kms/tomcat/lib/catalina-ant.jar
[2022-10-25T14:26:55.403+0000] {processor.py:178} INFO - Processing /opt/airflow/dags/hadoop-2.7.3/share/hadoop/kms/tomcat/lib/catalina-ant.jar took 0.107 seconds
[2022-10-25T14:27:11.087+0000] {processor.py:156} INFO - Started process (PID=25655) to work on /opt/airflow/dags/hadoop-2.7.3/share/hadoop/kms/tomcat/lib/catalina-ant.jar
[2022-10-25T14:27:11.092+0000] {processor.py:758} INFO - Processing file /opt/airflow/dags/hadoop-2.7.3/share/hadoop/kms/tomcat/lib/catalina-ant.jar for tasks to queue
[2022-10-25T14:27:11.098+0000] {logging_mixin.py:117} INFO - [2022-10-25T14:27:11.097+0000] {dagbag.py:525} INFO - Filling up the DagBag from /opt/airflow/dags/hadoop-2.7.3/share/hadoop/kms/tomcat/lib/catalina-ant.jar
[2022-10-25T14:27:11.117+0000] {processor.py:770} WARNING - No viable dags retrieved from /opt/airflow/dags/hadoop-2.7.3/share/hadoop/kms/tomcat/lib/catalina-ant.jar
[2022-10-25T14:27:11.188+0000] {processor.py:178} INFO - Processing /opt/airflow/dags/hadoop-2.7.3/share/hadoop/kms/tomcat/lib/catalina-ant.jar took 0.114 seconds
[2022-10-25T14:27:38.791+0000] {processor.py:156} INFO - Started process (PID=25028) to work on /opt/airflow/dags/hadoop-2.7.3/share/hadoop/kms/tomcat/lib/catalina-ant.jar
[2022-10-25T14:27:38.794+0000] {processor.py:758} INFO - Processing file /opt/airflow/dags/hadoop-2.7.3/share/hadoop/kms/tomcat/lib/catalina-ant.jar for tasks to queue
[2022-10-25T14:27:38.798+0000] {logging_mixin.py:117} INFO - [2022-10-25T14:27:38.798+0000] {dagbag.py:525} INFO - Filling up the DagBag from /opt/airflow/dags/hadoop-2.7.3/share/hadoop/kms/tomcat/lib/catalina-ant.jar
[2022-10-25T14:27:38.807+0000] {processor.py:770} WARNING - No viable dags retrieved from /opt/airflow/dags/hadoop-2.7.3/share/hadoop/kms/tomcat/lib/catalina-ant.jar
[2022-10-25T14:27:38.861+0000] {processor.py:178} INFO - Processing /opt/airflow/dags/hadoop-2.7.3/share/hadoop/kms/tomcat/lib/catalina-ant.jar took 0.080 seconds
[2022-10-25T14:28:00.068+0000] {processor.py:156} INFO - Started process (PID=26202) to work on /opt/airflow/dags/hadoop-2.7.3/share/hadoop/kms/tomcat/lib/catalina-ant.jar
[2022-10-25T14:28:00.072+0000] {processor.py:758} INFO - Processing file /opt/airflow/dags/hadoop-2.7.3/share/hadoop/kms/tomcat/lib/catalina-ant.jar for tasks to queue
[2022-10-25T14:28:00.077+0000] {logging_mixin.py:117} INFO - [2022-10-25T14:28:00.077+0000] {dagbag.py:525} INFO - Filling up the DagBag from /opt/airflow/dags/hadoop-2.7.3/share/hadoop/kms/tomcat/lib/catalina-ant.jar
[2022-10-25T14:28:00.090+0000] {processor.py:770} WARNING - No viable dags retrieved from /opt/airflow/dags/hadoop-2.7.3/share/hadoop/kms/tomcat/lib/catalina-ant.jar
[2022-10-25T14:28:00.139+0000] {processor.py:178} INFO - Processing /opt/airflow/dags/hadoop-2.7.3/share/hadoop/kms/tomcat/lib/catalina-ant.jar took 0.084 seconds
[2022-10-25T14:28:30.395+0000] {processor.py:156} INFO - Started process (PID=25577) to work on /opt/airflow/dags/hadoop-2.7.3/share/hadoop/kms/tomcat/lib/catalina-ant.jar
[2022-10-25T14:28:30.401+0000] {processor.py:758} INFO - Processing file /opt/airflow/dags/hadoop-2.7.3/share/hadoop/kms/tomcat/lib/catalina-ant.jar for tasks to queue
[2022-10-25T14:28:30.407+0000] {logging_mixin.py:117} INFO - [2022-10-25T14:28:30.406+0000] {dagbag.py:525} INFO - Filling up the DagBag from /opt/airflow/dags/hadoop-2.7.3/share/hadoop/kms/tomcat/lib/catalina-ant.jar
[2022-10-25T14:28:30.425+0000] {processor.py:770} WARNING - No viable dags retrieved from /opt/airflow/dags/hadoop-2.7.3/share/hadoop/kms/tomcat/lib/catalina-ant.jar
[2022-10-25T14:28:30.480+0000] {processor.py:178} INFO - Processing /opt/airflow/dags/hadoop-2.7.3/share/hadoop/kms/tomcat/lib/catalina-ant.jar took 0.095 seconds
[2022-10-25T14:28:55.645+0000] {processor.py:156} INFO - Started process (PID=26777) to work on /opt/airflow/dags/hadoop-2.7.3/share/hadoop/kms/tomcat/lib/catalina-ant.jar
[2022-10-25T14:28:55.648+0000] {processor.py:758} INFO - Processing file /opt/airflow/dags/hadoop-2.7.3/share/hadoop/kms/tomcat/lib/catalina-ant.jar for tasks to queue
[2022-10-25T14:28:55.653+0000] {logging_mixin.py:117} INFO - [2022-10-25T14:28:55.653+0000] {dagbag.py:525} INFO - Filling up the DagBag from /opt/airflow/dags/hadoop-2.7.3/share/hadoop/kms/tomcat/lib/catalina-ant.jar
[2022-10-25T14:28:55.665+0000] {processor.py:770} WARNING - No viable dags retrieved from /opt/airflow/dags/hadoop-2.7.3/share/hadoop/kms/tomcat/lib/catalina-ant.jar
[2022-10-25T14:28:55.729+0000] {processor.py:178} INFO - Processing /opt/airflow/dags/hadoop-2.7.3/share/hadoop/kms/tomcat/lib/catalina-ant.jar took 0.096 seconds
[2022-10-25T14:30:11.168+0000] {processor.py:156} INFO - Started process (PID=26157) to work on /opt/airflow/dags/hadoop-2.7.3/share/hadoop/kms/tomcat/lib/catalina-ant.jar
[2022-10-25T14:30:11.171+0000] {processor.py:758} INFO - Processing file /opt/airflow/dags/hadoop-2.7.3/share/hadoop/kms/tomcat/lib/catalina-ant.jar for tasks to queue
[2022-10-25T14:30:11.174+0000] {logging_mixin.py:117} INFO - [2022-10-25T14:30:11.174+0000] {dagbag.py:525} INFO - Filling up the DagBag from /opt/airflow/dags/hadoop-2.7.3/share/hadoop/kms/tomcat/lib/catalina-ant.jar
[2022-10-25T14:30:11.182+0000] {processor.py:770} WARNING - No viable dags retrieved from /opt/airflow/dags/hadoop-2.7.3/share/hadoop/kms/tomcat/lib/catalina-ant.jar
[2022-10-25T14:30:11.246+0000] {processor.py:178} INFO - Processing /opt/airflow/dags/hadoop-2.7.3/share/hadoop/kms/tomcat/lib/catalina-ant.jar took 0.086 seconds
[2022-10-25T14:30:26.123+0000] {processor.py:156} INFO - Started process (PID=27323) to work on /opt/airflow/dags/hadoop-2.7.3/share/hadoop/kms/tomcat/lib/catalina-ant.jar
[2022-10-25T14:30:26.130+0000] {processor.py:758} INFO - Processing file /opt/airflow/dags/hadoop-2.7.3/share/hadoop/kms/tomcat/lib/catalina-ant.jar for tasks to queue
[2022-10-25T14:30:26.133+0000] {logging_mixin.py:117} INFO - [2022-10-25T14:30:26.132+0000] {dagbag.py:525} INFO - Filling up the DagBag from /opt/airflow/dags/hadoop-2.7.3/share/hadoop/kms/tomcat/lib/catalina-ant.jar
[2022-10-25T14:30:26.143+0000] {processor.py:770} WARNING - No viable dags retrieved from /opt/airflow/dags/hadoop-2.7.3/share/hadoop/kms/tomcat/lib/catalina-ant.jar
[2022-10-25T14:30:26.188+0000] {processor.py:178} INFO - Processing /opt/airflow/dags/hadoop-2.7.3/share/hadoop/kms/tomcat/lib/catalina-ant.jar took 0.074 seconds
[2022-10-25T14:31:05.746+0000] {processor.py:156} INFO - Started process (PID=26684) to work on /opt/airflow/dags/hadoop-2.7.3/share/hadoop/kms/tomcat/lib/catalina-ant.jar
[2022-10-25T14:31:05.750+0000] {processor.py:758} INFO - Processing file /opt/airflow/dags/hadoop-2.7.3/share/hadoop/kms/tomcat/lib/catalina-ant.jar for tasks to queue
[2022-10-25T14:31:05.753+0000] {logging_mixin.py:117} INFO - [2022-10-25T14:31:05.753+0000] {dagbag.py:525} INFO - Filling up the DagBag from /opt/airflow/dags/hadoop-2.7.3/share/hadoop/kms/tomcat/lib/catalina-ant.jar
[2022-10-25T14:31:05.764+0000] {processor.py:770} WARNING - No viable dags retrieved from /opt/airflow/dags/hadoop-2.7.3/share/hadoop/kms/tomcat/lib/catalina-ant.jar
[2022-10-25T14:31:05.812+0000] {processor.py:178} INFO - Processing /opt/airflow/dags/hadoop-2.7.3/share/hadoop/kms/tomcat/lib/catalina-ant.jar took 0.077 seconds
[2022-10-25T14:31:21.221+0000] {processor.py:156} INFO - Started process (PID=27854) to work on /opt/airflow/dags/hadoop-2.7.3/share/hadoop/kms/tomcat/lib/catalina-ant.jar
[2022-10-25T14:31:21.225+0000] {processor.py:758} INFO - Processing file /opt/airflow/dags/hadoop-2.7.3/share/hadoop/kms/tomcat/lib/catalina-ant.jar for tasks to queue
[2022-10-25T14:31:21.229+0000] {logging_mixin.py:117} INFO - [2022-10-25T14:31:21.228+0000] {dagbag.py:525} INFO - Filling up the DagBag from /opt/airflow/dags/hadoop-2.7.3/share/hadoop/kms/tomcat/lib/catalina-ant.jar
[2022-10-25T14:31:21.237+0000] {processor.py:770} WARNING - No viable dags retrieved from /opt/airflow/dags/hadoop-2.7.3/share/hadoop/kms/tomcat/lib/catalina-ant.jar
[2022-10-25T14:31:21.306+0000] {processor.py:178} INFO - Processing /opt/airflow/dags/hadoop-2.7.3/share/hadoop/kms/tomcat/lib/catalina-ant.jar took 0.098 seconds
[2022-10-25T14:31:58.481+0000] {processor.py:156} INFO - Started process (PID=27184) to work on /opt/airflow/dags/hadoop-2.7.3/share/hadoop/kms/tomcat/lib/catalina-ant.jar
[2022-10-25T14:31:58.484+0000] {processor.py:758} INFO - Processing file /opt/airflow/dags/hadoop-2.7.3/share/hadoop/kms/tomcat/lib/catalina-ant.jar for tasks to queue
[2022-10-25T14:31:58.486+0000] {logging_mixin.py:117} INFO - [2022-10-25T14:31:58.486+0000] {dagbag.py:525} INFO - Filling up the DagBag from /opt/airflow/dags/hadoop-2.7.3/share/hadoop/kms/tomcat/lib/catalina-ant.jar
[2022-10-25T14:31:58.495+0000] {processor.py:770} WARNING - No viable dags retrieved from /opt/airflow/dags/hadoop-2.7.3/share/hadoop/kms/tomcat/lib/catalina-ant.jar
[2022-10-25T14:31:58.571+0000] {processor.py:178} INFO - Processing /opt/airflow/dags/hadoop-2.7.3/share/hadoop/kms/tomcat/lib/catalina-ant.jar took 0.101 seconds
[2022-10-25T14:32:09.764+0000] {processor.py:156} INFO - Started process (PID=28334) to work on /opt/airflow/dags/hadoop-2.7.3/share/hadoop/kms/tomcat/lib/catalina-ant.jar
[2022-10-25T14:32:09.766+0000] {processor.py:758} INFO - Processing file /opt/airflow/dags/hadoop-2.7.3/share/hadoop/kms/tomcat/lib/catalina-ant.jar for tasks to queue
[2022-10-25T14:32:09.769+0000] {logging_mixin.py:117} INFO - [2022-10-25T14:32:09.769+0000] {dagbag.py:525} INFO - Filling up the DagBag from /opt/airflow/dags/hadoop-2.7.3/share/hadoop/kms/tomcat/lib/catalina-ant.jar
[2022-10-25T14:32:09.780+0000] {processor.py:770} WARNING - No viable dags retrieved from /opt/airflow/dags/hadoop-2.7.3/share/hadoop/kms/tomcat/lib/catalina-ant.jar
[2022-10-25T14:32:09.850+0000] {processor.py:178} INFO - Processing /opt/airflow/dags/hadoop-2.7.3/share/hadoop/kms/tomcat/lib/catalina-ant.jar took 0.094 seconds
[2022-10-25T14:32:45.725+0000] {processor.py:156} INFO - Started process (PID=27647) to work on /opt/airflow/dags/hadoop-2.7.3/share/hadoop/kms/tomcat/lib/catalina-ant.jar
[2022-10-25T14:32:45.728+0000] {processor.py:758} INFO - Processing file /opt/airflow/dags/hadoop-2.7.3/share/hadoop/kms/tomcat/lib/catalina-ant.jar for tasks to queue
[2022-10-25T14:32:45.732+0000] {logging_mixin.py:117} INFO - [2022-10-25T14:32:45.732+0000] {dagbag.py:525} INFO - Filling up the DagBag from /opt/airflow/dags/hadoop-2.7.3/share/hadoop/kms/tomcat/lib/catalina-ant.jar
[2022-10-25T14:32:45.744+0000] {processor.py:770} WARNING - No viable dags retrieved from /opt/airflow/dags/hadoop-2.7.3/share/hadoop/kms/tomcat/lib/catalina-ant.jar
[2022-10-25T14:32:45.793+0000] {processor.py:178} INFO - Processing /opt/airflow/dags/hadoop-2.7.3/share/hadoop/kms/tomcat/lib/catalina-ant.jar took 0.080 seconds
[2022-10-25T14:33:06.681+0000] {processor.py:156} INFO - Started process (PID=28936) to work on /opt/airflow/dags/hadoop-2.7.3/share/hadoop/kms/tomcat/lib/catalina-ant.jar
[2022-10-25T14:33:06.687+0000] {processor.py:758} INFO - Processing file /opt/airflow/dags/hadoop-2.7.3/share/hadoop/kms/tomcat/lib/catalina-ant.jar for tasks to queue
[2022-10-25T14:33:06.691+0000] {logging_mixin.py:117} INFO - [2022-10-25T14:33:06.690+0000] {dagbag.py:525} INFO - Filling up the DagBag from /opt/airflow/dags/hadoop-2.7.3/share/hadoop/kms/tomcat/lib/catalina-ant.jar
[2022-10-25T14:33:06.703+0000] {processor.py:770} WARNING - No viable dags retrieved from /opt/airflow/dags/hadoop-2.7.3/share/hadoop/kms/tomcat/lib/catalina-ant.jar
[2022-10-25T14:33:06.820+0000] {processor.py:178} INFO - Processing /opt/airflow/dags/hadoop-2.7.3/share/hadoop/kms/tomcat/lib/catalina-ant.jar took 0.150 seconds
[2022-10-25T14:33:29.574+0000] {processor.py:156} INFO - Started process (PID=28079) to work on /opt/airflow/dags/hadoop-2.7.3/share/hadoop/kms/tomcat/lib/catalina-ant.jar
[2022-10-25T14:33:29.578+0000] {processor.py:758} INFO - Processing file /opt/airflow/dags/hadoop-2.7.3/share/hadoop/kms/tomcat/lib/catalina-ant.jar for tasks to queue
[2022-10-25T14:33:29.582+0000] {logging_mixin.py:117} INFO - [2022-10-25T14:33:29.581+0000] {dagbag.py:525} INFO - Filling up the DagBag from /opt/airflow/dags/hadoop-2.7.3/share/hadoop/kms/tomcat/lib/catalina-ant.jar
[2022-10-25T14:33:29.599+0000] {processor.py:770} WARNING - No viable dags retrieved from /opt/airflow/dags/hadoop-2.7.3/share/hadoop/kms/tomcat/lib/catalina-ant.jar
[2022-10-25T14:33:29.656+0000] {processor.py:178} INFO - Processing /opt/airflow/dags/hadoop-2.7.3/share/hadoop/kms/tomcat/lib/catalina-ant.jar took 0.095 seconds
[2022-10-25T14:34:07.341+0000] {processor.py:156} INFO - Started process (PID=29548) to work on /opt/airflow/dags/hadoop-2.7.3/share/hadoop/kms/tomcat/lib/catalina-ant.jar
[2022-10-25T14:34:07.348+0000] {processor.py:758} INFO - Processing file /opt/airflow/dags/hadoop-2.7.3/share/hadoop/kms/tomcat/lib/catalina-ant.jar for tasks to queue
[2022-10-25T14:34:07.351+0000] {logging_mixin.py:117} INFO - [2022-10-25T14:34:07.351+0000] {dagbag.py:525} INFO - Filling up the DagBag from /opt/airflow/dags/hadoop-2.7.3/share/hadoop/kms/tomcat/lib/catalina-ant.jar
[2022-10-25T14:34:07.362+0000] {processor.py:770} WARNING - No viable dags retrieved from /opt/airflow/dags/hadoop-2.7.3/share/hadoop/kms/tomcat/lib/catalina-ant.jar
[2022-10-25T14:34:07.405+0000] {processor.py:178} INFO - Processing /opt/airflow/dags/hadoop-2.7.3/share/hadoop/kms/tomcat/lib/catalina-ant.jar took 0.084 seconds
[2022-10-25T14:35:11.287+0000] {processor.py:156} INFO - Started process (PID=28663) to work on /opt/airflow/dags/hadoop-2.7.3/share/hadoop/kms/tomcat/lib/catalina-ant.jar
[2022-10-25T14:35:11.291+0000] {processor.py:758} INFO - Processing file /opt/airflow/dags/hadoop-2.7.3/share/hadoop/kms/tomcat/lib/catalina-ant.jar for tasks to queue
[2022-10-25T14:35:11.294+0000] {logging_mixin.py:117} INFO - [2022-10-25T14:35:11.293+0000] {dagbag.py:525} INFO - Filling up the DagBag from /opt/airflow/dags/hadoop-2.7.3/share/hadoop/kms/tomcat/lib/catalina-ant.jar
[2022-10-25T14:35:11.302+0000] {processor.py:770} WARNING - No viable dags retrieved from /opt/airflow/dags/hadoop-2.7.3/share/hadoop/kms/tomcat/lib/catalina-ant.jar
[2022-10-25T14:35:11.347+0000] {processor.py:178} INFO - Processing /opt/airflow/dags/hadoop-2.7.3/share/hadoop/kms/tomcat/lib/catalina-ant.jar took 0.070 seconds
[2022-10-25T14:35:28.489+0000] {processor.py:156} INFO - Started process (PID=30016) to work on /opt/airflow/dags/hadoop-2.7.3/share/hadoop/kms/tomcat/lib/catalina-ant.jar
[2022-10-25T14:35:28.496+0000] {processor.py:758} INFO - Processing file /opt/airflow/dags/hadoop-2.7.3/share/hadoop/kms/tomcat/lib/catalina-ant.jar for tasks to queue
[2022-10-25T14:35:28.501+0000] {logging_mixin.py:117} INFO - [2022-10-25T14:35:28.501+0000] {dagbag.py:525} INFO - Filling up the DagBag from /opt/airflow/dags/hadoop-2.7.3/share/hadoop/kms/tomcat/lib/catalina-ant.jar
[2022-10-25T14:35:28.510+0000] {processor.py:770} WARNING - No viable dags retrieved from /opt/airflow/dags/hadoop-2.7.3/share/hadoop/kms/tomcat/lib/catalina-ant.jar
[2022-10-25T14:35:28.558+0000] {processor.py:178} INFO - Processing /opt/airflow/dags/hadoop-2.7.3/share/hadoop/kms/tomcat/lib/catalina-ant.jar took 0.080 seconds
[2022-10-25T14:36:02.411+0000] {processor.py:156} INFO - Started process (PID=29177) to work on /opt/airflow/dags/hadoop-2.7.3/share/hadoop/kms/tomcat/lib/catalina-ant.jar
[2022-10-25T14:36:02.415+0000] {processor.py:758} INFO - Processing file /opt/airflow/dags/hadoop-2.7.3/share/hadoop/kms/tomcat/lib/catalina-ant.jar for tasks to queue
[2022-10-25T14:36:02.428+0000] {logging_mixin.py:117} INFO - [2022-10-25T14:36:02.427+0000] {dagbag.py:525} INFO - Filling up the DagBag from /opt/airflow/dags/hadoop-2.7.3/share/hadoop/kms/tomcat/lib/catalina-ant.jar
[2022-10-25T14:36:02.440+0000] {processor.py:770} WARNING - No viable dags retrieved from /opt/airflow/dags/hadoop-2.7.3/share/hadoop/kms/tomcat/lib/catalina-ant.jar
[2022-10-25T14:36:02.496+0000] {processor.py:178} INFO - Processing /opt/airflow/dags/hadoop-2.7.3/share/hadoop/kms/tomcat/lib/catalina-ant.jar took 0.102 seconds
[2022-10-25T14:36:11.846+0000] {processor.py:156} INFO - Started process (PID=30487) to work on /opt/airflow/dags/hadoop-2.7.3/share/hadoop/kms/tomcat/lib/catalina-ant.jar
[2022-10-25T14:36:11.851+0000] {processor.py:758} INFO - Processing file /opt/airflow/dags/hadoop-2.7.3/share/hadoop/kms/tomcat/lib/catalina-ant.jar for tasks to queue
[2022-10-25T14:36:11.854+0000] {logging_mixin.py:117} INFO - [2022-10-25T14:36:11.853+0000] {dagbag.py:525} INFO - Filling up the DagBag from /opt/airflow/dags/hadoop-2.7.3/share/hadoop/kms/tomcat/lib/catalina-ant.jar
[2022-10-25T14:36:11.863+0000] {processor.py:770} WARNING - No viable dags retrieved from /opt/airflow/dags/hadoop-2.7.3/share/hadoop/kms/tomcat/lib/catalina-ant.jar
[2022-10-25T14:36:11.907+0000] {processor.py:178} INFO - Processing /opt/airflow/dags/hadoop-2.7.3/share/hadoop/kms/tomcat/lib/catalina-ant.jar took 0.070 seconds
[2022-10-25T14:36:50.384+0000] {processor.py:156} INFO - Started process (PID=29655) to work on /opt/airflow/dags/hadoop-2.7.3/share/hadoop/kms/tomcat/lib/catalina-ant.jar
[2022-10-25T14:36:50.390+0000] {processor.py:758} INFO - Processing file /opt/airflow/dags/hadoop-2.7.3/share/hadoop/kms/tomcat/lib/catalina-ant.jar for tasks to queue
[2022-10-25T14:36:50.395+0000] {logging_mixin.py:117} INFO - [2022-10-25T14:36:50.395+0000] {dagbag.py:525} INFO - Filling up the DagBag from /opt/airflow/dags/hadoop-2.7.3/share/hadoop/kms/tomcat/lib/catalina-ant.jar
[2022-10-25T14:36:50.406+0000] {processor.py:770} WARNING - No viable dags retrieved from /opt/airflow/dags/hadoop-2.7.3/share/hadoop/kms/tomcat/lib/catalina-ant.jar
[2022-10-25T14:36:50.459+0000] {processor.py:178} INFO - Processing /opt/airflow/dags/hadoop-2.7.3/share/hadoop/kms/tomcat/lib/catalina-ant.jar took 0.085 seconds
[2022-10-25T14:37:01.866+0000] {processor.py:156} INFO - Started process (PID=31034) to work on /opt/airflow/dags/hadoop-2.7.3/share/hadoop/kms/tomcat/lib/catalina-ant.jar
[2022-10-25T14:37:01.874+0000] {processor.py:758} INFO - Processing file /opt/airflow/dags/hadoop-2.7.3/share/hadoop/kms/tomcat/lib/catalina-ant.jar for tasks to queue
[2022-10-25T14:37:01.881+0000] {logging_mixin.py:117} INFO - [2022-10-25T14:37:01.881+0000] {dagbag.py:525} INFO - Filling up the DagBag from /opt/airflow/dags/hadoop-2.7.3/share/hadoop/kms/tomcat/lib/catalina-ant.jar
[2022-10-25T14:37:01.890+0000] {processor.py:770} WARNING - No viable dags retrieved from /opt/airflow/dags/hadoop-2.7.3/share/hadoop/kms/tomcat/lib/catalina-ant.jar
[2022-10-25T14:37:01.955+0000] {processor.py:178} INFO - Processing /opt/airflow/dags/hadoop-2.7.3/share/hadoop/kms/tomcat/lib/catalina-ant.jar took 0.119 seconds
[2022-10-25T14:37:32.830+0000] {processor.py:156} INFO - Started process (PID=30096) to work on /opt/airflow/dags/hadoop-2.7.3/share/hadoop/kms/tomcat/lib/catalina-ant.jar
[2022-10-25T14:37:32.835+0000] {processor.py:758} INFO - Processing file /opt/airflow/dags/hadoop-2.7.3/share/hadoop/kms/tomcat/lib/catalina-ant.jar for tasks to queue
[2022-10-25T14:37:32.837+0000] {logging_mixin.py:117} INFO - [2022-10-25T14:37:32.837+0000] {dagbag.py:525} INFO - Filling up the DagBag from /opt/airflow/dags/hadoop-2.7.3/share/hadoop/kms/tomcat/lib/catalina-ant.jar
[2022-10-25T14:37:32.872+0000] {processor.py:770} WARNING - No viable dags retrieved from /opt/airflow/dags/hadoop-2.7.3/share/hadoop/kms/tomcat/lib/catalina-ant.jar
[2022-10-25T14:37:32.932+0000] {processor.py:178} INFO - Processing /opt/airflow/dags/hadoop-2.7.3/share/hadoop/kms/tomcat/lib/catalina-ant.jar took 0.123 seconds
[2022-10-25T14:37:50.570+0000] {processor.py:156} INFO - Started process (PID=31571) to work on /opt/airflow/dags/hadoop-2.7.3/share/hadoop/kms/tomcat/lib/catalina-ant.jar
[2022-10-25T14:37:50.573+0000] {processor.py:758} INFO - Processing file /opt/airflow/dags/hadoop-2.7.3/share/hadoop/kms/tomcat/lib/catalina-ant.jar for tasks to queue
[2022-10-25T14:37:50.576+0000] {logging_mixin.py:117} INFO - [2022-10-25T14:37:50.576+0000] {dagbag.py:525} INFO - Filling up the DagBag from /opt/airflow/dags/hadoop-2.7.3/share/hadoop/kms/tomcat/lib/catalina-ant.jar
[2022-10-25T14:37:50.584+0000] {processor.py:770} WARNING - No viable dags retrieved from /opt/airflow/dags/hadoop-2.7.3/share/hadoop/kms/tomcat/lib/catalina-ant.jar
[2022-10-25T14:37:50.622+0000] {processor.py:178} INFO - Processing /opt/airflow/dags/hadoop-2.7.3/share/hadoop/kms/tomcat/lib/catalina-ant.jar took 0.059 seconds
[2022-10-25T14:38:30.749+0000] {processor.py:156} INFO - Started process (PID=30694) to work on /opt/airflow/dags/hadoop-2.7.3/share/hadoop/kms/tomcat/lib/catalina-ant.jar
[2022-10-25T14:38:30.753+0000] {processor.py:758} INFO - Processing file /opt/airflow/dags/hadoop-2.7.3/share/hadoop/kms/tomcat/lib/catalina-ant.jar for tasks to queue
[2022-10-25T14:38:30.756+0000] {logging_mixin.py:117} INFO - [2022-10-25T14:38:30.756+0000] {dagbag.py:525} INFO - Filling up the DagBag from /opt/airflow/dags/hadoop-2.7.3/share/hadoop/kms/tomcat/lib/catalina-ant.jar
[2022-10-25T14:38:30.767+0000] {processor.py:770} WARNING - No viable dags retrieved from /opt/airflow/dags/hadoop-2.7.3/share/hadoop/kms/tomcat/lib/catalina-ant.jar
[2022-10-25T14:38:30.835+0000] {processor.py:178} INFO - Processing /opt/airflow/dags/hadoop-2.7.3/share/hadoop/kms/tomcat/lib/catalina-ant.jar took 0.095 seconds
[2022-10-25T14:38:41.961+0000] {processor.py:156} INFO - Started process (PID=32134) to work on /opt/airflow/dags/hadoop-2.7.3/share/hadoop/kms/tomcat/lib/catalina-ant.jar
[2022-10-25T14:38:41.968+0000] {processor.py:758} INFO - Processing file /opt/airflow/dags/hadoop-2.7.3/share/hadoop/kms/tomcat/lib/catalina-ant.jar for tasks to queue
[2022-10-25T14:38:41.972+0000] {logging_mixin.py:117} INFO - [2022-10-25T14:38:41.971+0000] {dagbag.py:525} INFO - Filling up the DagBag from /opt/airflow/dags/hadoop-2.7.3/share/hadoop/kms/tomcat/lib/catalina-ant.jar
[2022-10-25T14:38:41.979+0000] {processor.py:770} WARNING - No viable dags retrieved from /opt/airflow/dags/hadoop-2.7.3/share/hadoop/kms/tomcat/lib/catalina-ant.jar
[2022-10-25T14:38:42.045+0000] {processor.py:178} INFO - Processing /opt/airflow/dags/hadoop-2.7.3/share/hadoop/kms/tomcat/lib/catalina-ant.jar took 0.102 seconds
[2022-10-25T14:40:13.025+0000] {processor.py:156} INFO - Started process (PID=31351) to work on /opt/airflow/dags/hadoop-2.7.3/share/hadoop/kms/tomcat/lib/catalina-ant.jar
[2022-10-25T14:40:13.031+0000] {processor.py:758} INFO - Processing file /opt/airflow/dags/hadoop-2.7.3/share/hadoop/kms/tomcat/lib/catalina-ant.jar for tasks to queue
[2022-10-25T14:40:13.034+0000] {logging_mixin.py:117} INFO - [2022-10-25T14:40:13.033+0000] {dagbag.py:525} INFO - Filling up the DagBag from /opt/airflow/dags/hadoop-2.7.3/share/hadoop/kms/tomcat/lib/catalina-ant.jar
[2022-10-25T14:40:13.047+0000] {processor.py:770} WARNING - No viable dags retrieved from /opt/airflow/dags/hadoop-2.7.3/share/hadoop/kms/tomcat/lib/catalina-ant.jar
[2022-10-25T14:40:13.089+0000] {processor.py:178} INFO - Processing /opt/airflow/dags/hadoop-2.7.3/share/hadoop/kms/tomcat/lib/catalina-ant.jar took 0.089 seconds
[2022-10-25T14:40:26.060+0000] {processor.py:156} INFO - Started process (PID=32831) to work on /opt/airflow/dags/hadoop-2.7.3/share/hadoop/kms/tomcat/lib/catalina-ant.jar
[2022-10-25T14:40:26.065+0000] {processor.py:758} INFO - Processing file /opt/airflow/dags/hadoop-2.7.3/share/hadoop/kms/tomcat/lib/catalina-ant.jar for tasks to queue
[2022-10-25T14:40:26.068+0000] {logging_mixin.py:117} INFO - [2022-10-25T14:40:26.068+0000] {dagbag.py:525} INFO - Filling up the DagBag from /opt/airflow/dags/hadoop-2.7.3/share/hadoop/kms/tomcat/lib/catalina-ant.jar
[2022-10-25T14:40:26.079+0000] {processor.py:770} WARNING - No viable dags retrieved from /opt/airflow/dags/hadoop-2.7.3/share/hadoop/kms/tomcat/lib/catalina-ant.jar
[2022-10-25T14:40:26.128+0000] {processor.py:178} INFO - Processing /opt/airflow/dags/hadoop-2.7.3/share/hadoop/kms/tomcat/lib/catalina-ant.jar took 0.088 seconds
[2022-10-25T14:41:02.575+0000] {processor.py:156} INFO - Started process (PID=31867) to work on /opt/airflow/dags/hadoop-2.7.3/share/hadoop/kms/tomcat/lib/catalina-ant.jar
[2022-10-25T14:41:02.579+0000] {processor.py:758} INFO - Processing file /opt/airflow/dags/hadoop-2.7.3/share/hadoop/kms/tomcat/lib/catalina-ant.jar for tasks to queue
[2022-10-25T14:41:02.583+0000] {logging_mixin.py:117} INFO - [2022-10-25T14:41:02.582+0000] {dagbag.py:525} INFO - Filling up the DagBag from /opt/airflow/dags/hadoop-2.7.3/share/hadoop/kms/tomcat/lib/catalina-ant.jar
[2022-10-25T14:41:02.593+0000] {processor.py:770} WARNING - No viable dags retrieved from /opt/airflow/dags/hadoop-2.7.3/share/hadoop/kms/tomcat/lib/catalina-ant.jar
[2022-10-25T14:41:02.664+0000] {processor.py:178} INFO - Processing /opt/airflow/dags/hadoop-2.7.3/share/hadoop/kms/tomcat/lib/catalina-ant.jar took 0.100 seconds
[2022-10-25T14:41:13.971+0000] {processor.py:156} INFO - Started process (PID=33353) to work on /opt/airflow/dags/hadoop-2.7.3/share/hadoop/kms/tomcat/lib/catalina-ant.jar
[2022-10-25T14:41:13.975+0000] {processor.py:758} INFO - Processing file /opt/airflow/dags/hadoop-2.7.3/share/hadoop/kms/tomcat/lib/catalina-ant.jar for tasks to queue
[2022-10-25T14:41:13.981+0000] {logging_mixin.py:117} INFO - [2022-10-25T14:41:13.980+0000] {dagbag.py:525} INFO - Filling up the DagBag from /opt/airflow/dags/hadoop-2.7.3/share/hadoop/kms/tomcat/lib/catalina-ant.jar
[2022-10-25T14:41:13.991+0000] {processor.py:770} WARNING - No viable dags retrieved from /opt/airflow/dags/hadoop-2.7.3/share/hadoop/kms/tomcat/lib/catalina-ant.jar
[2022-10-25T14:41:14.088+0000] {processor.py:178} INFO - Processing /opt/airflow/dags/hadoop-2.7.3/share/hadoop/kms/tomcat/lib/catalina-ant.jar took 0.131 seconds
[2022-10-25T14:41:57.324+0000] {processor.py:156} INFO - Started process (PID=32442) to work on /opt/airflow/dags/hadoop-2.7.3/share/hadoop/kms/tomcat/lib/catalina-ant.jar
[2022-10-25T14:41:57.329+0000] {processor.py:758} INFO - Processing file /opt/airflow/dags/hadoop-2.7.3/share/hadoop/kms/tomcat/lib/catalina-ant.jar for tasks to queue
[2022-10-25T14:41:57.333+0000] {logging_mixin.py:117} INFO - [2022-10-25T14:41:57.333+0000] {dagbag.py:525} INFO - Filling up the DagBag from /opt/airflow/dags/hadoop-2.7.3/share/hadoop/kms/tomcat/lib/catalina-ant.jar
[2022-10-25T14:41:57.341+0000] {processor.py:770} WARNING - No viable dags retrieved from /opt/airflow/dags/hadoop-2.7.3/share/hadoop/kms/tomcat/lib/catalina-ant.jar
[2022-10-25T14:41:57.383+0000] {processor.py:178} INFO - Processing /opt/airflow/dags/hadoop-2.7.3/share/hadoop/kms/tomcat/lib/catalina-ant.jar took 0.067 seconds
[2022-10-25T14:41:58.798+0000] {processor.py:156} INFO - Started process (PID=33814) to work on /opt/airflow/dags/hadoop-2.7.3/share/hadoop/kms/tomcat/lib/catalina-ant.jar
[2022-10-25T14:41:58.803+0000] {processor.py:758} INFO - Processing file /opt/airflow/dags/hadoop-2.7.3/share/hadoop/kms/tomcat/lib/catalina-ant.jar for tasks to queue
[2022-10-25T14:41:58.809+0000] {logging_mixin.py:117} INFO - [2022-10-25T14:41:58.809+0000] {dagbag.py:525} INFO - Filling up the DagBag from /opt/airflow/dags/hadoop-2.7.3/share/hadoop/kms/tomcat/lib/catalina-ant.jar
[2022-10-25T14:41:58.824+0000] {processor.py:770} WARNING - No viable dags retrieved from /opt/airflow/dags/hadoop-2.7.3/share/hadoop/kms/tomcat/lib/catalina-ant.jar
[2022-10-25T14:41:58.869+0000] {processor.py:178} INFO - Processing /opt/airflow/dags/hadoop-2.7.3/share/hadoop/kms/tomcat/lib/catalina-ant.jar took 0.082 seconds
[2022-10-25T14:42:51.501+0000] {processor.py:156} INFO - Started process (PID=34374) to work on /opt/airflow/dags/hadoop-2.7.3/share/hadoop/kms/tomcat/lib/catalina-ant.jar
[2022-10-25T14:42:51.506+0000] {processor.py:758} INFO - Processing file /opt/airflow/dags/hadoop-2.7.3/share/hadoop/kms/tomcat/lib/catalina-ant.jar for tasks to queue
[2022-10-25T14:42:51.510+0000] {logging_mixin.py:117} INFO - [2022-10-25T14:42:51.509+0000] {dagbag.py:525} INFO - Filling up the DagBag from /opt/airflow/dags/hadoop-2.7.3/share/hadoop/kms/tomcat/lib/catalina-ant.jar
[2022-10-25T14:42:51.519+0000] {processor.py:770} WARNING - No viable dags retrieved from /opt/airflow/dags/hadoop-2.7.3/share/hadoop/kms/tomcat/lib/catalina-ant.jar
[2022-10-25T14:42:51.560+0000] {processor.py:178} INFO - Processing /opt/airflow/dags/hadoop-2.7.3/share/hadoop/kms/tomcat/lib/catalina-ant.jar took 0.069 seconds
[2022-10-25T14:42:55.053+0000] {processor.py:156} INFO - Started process (PID=33043) to work on /opt/airflow/dags/hadoop-2.7.3/share/hadoop/kms/tomcat/lib/catalina-ant.jar
[2022-10-25T14:42:55.057+0000] {processor.py:758} INFO - Processing file /opt/airflow/dags/hadoop-2.7.3/share/hadoop/kms/tomcat/lib/catalina-ant.jar for tasks to queue
[2022-10-25T14:42:55.061+0000] {logging_mixin.py:117} INFO - [2022-10-25T14:42:55.060+0000] {dagbag.py:525} INFO - Filling up the DagBag from /opt/airflow/dags/hadoop-2.7.3/share/hadoop/kms/tomcat/lib/catalina-ant.jar
[2022-10-25T14:42:55.070+0000] {processor.py:770} WARNING - No viable dags retrieved from /opt/airflow/dags/hadoop-2.7.3/share/hadoop/kms/tomcat/lib/catalina-ant.jar
[2022-10-25T14:42:55.143+0000] {processor.py:178} INFO - Processing /opt/airflow/dags/hadoop-2.7.3/share/hadoop/kms/tomcat/lib/catalina-ant.jar took 0.104 seconds
[2022-10-25T14:43:39.843+0000] {processor.py:156} INFO - Started process (PID=34919) to work on /opt/airflow/dags/hadoop-2.7.3/share/hadoop/kms/tomcat/lib/catalina-ant.jar
[2022-10-25T14:43:39.846+0000] {processor.py:758} INFO - Processing file /opt/airflow/dags/hadoop-2.7.3/share/hadoop/kms/tomcat/lib/catalina-ant.jar for tasks to queue
[2022-10-25T14:43:39.849+0000] {logging_mixin.py:117} INFO - [2022-10-25T14:43:39.849+0000] {dagbag.py:525} INFO - Filling up the DagBag from /opt/airflow/dags/hadoop-2.7.3/share/hadoop/kms/tomcat/lib/catalina-ant.jar
[2022-10-25T14:43:39.860+0000] {processor.py:770} WARNING - No viable dags retrieved from /opt/airflow/dags/hadoop-2.7.3/share/hadoop/kms/tomcat/lib/catalina-ant.jar
[2022-10-25T14:43:39.896+0000] {processor.py:178} INFO - Processing /opt/airflow/dags/hadoop-2.7.3/share/hadoop/kms/tomcat/lib/catalina-ant.jar took 0.061 seconds
[2022-10-25T14:43:54.615+0000] {processor.py:156} INFO - Started process (PID=33643) to work on /opt/airflow/dags/hadoop-2.7.3/share/hadoop/kms/tomcat/lib/catalina-ant.jar
[2022-10-25T14:43:54.620+0000] {processor.py:758} INFO - Processing file /opt/airflow/dags/hadoop-2.7.3/share/hadoop/kms/tomcat/lib/catalina-ant.jar for tasks to queue
[2022-10-25T14:43:54.625+0000] {logging_mixin.py:117} INFO - [2022-10-25T14:43:54.625+0000] {dagbag.py:525} INFO - Filling up the DagBag from /opt/airflow/dags/hadoop-2.7.3/share/hadoop/kms/tomcat/lib/catalina-ant.jar
[2022-10-25T14:43:54.636+0000] {processor.py:770} WARNING - No viable dags retrieved from /opt/airflow/dags/hadoop-2.7.3/share/hadoop/kms/tomcat/lib/catalina-ant.jar
[2022-10-25T14:43:54.690+0000] {processor.py:178} INFO - Processing /opt/airflow/dags/hadoop-2.7.3/share/hadoop/kms/tomcat/lib/catalina-ant.jar took 0.091 seconds
[2022-10-25T15:03:31.474+0000] {processor.py:156} INFO - Started process (PID=34041) to work on /opt/airflow/dags/hadoop-2.7.3/share/hadoop/kms/tomcat/lib/catalina-ant.jar
[2022-10-25T15:03:31.485+0000] {processor.py:758} INFO - Processing file /opt/airflow/dags/hadoop-2.7.3/share/hadoop/kms/tomcat/lib/catalina-ant.jar for tasks to queue
[2022-10-25T15:03:31.488+0000] {logging_mixin.py:117} INFO - [2022-10-25T15:03:31.487+0000] {dagbag.py:525} INFO - Filling up the DagBag from /opt/airflow/dags/hadoop-2.7.3/share/hadoop/kms/tomcat/lib/catalina-ant.jar
[2022-10-25T15:03:31.506+0000] {processor.py:770} WARNING - No viable dags retrieved from /opt/airflow/dags/hadoop-2.7.3/share/hadoop/kms/tomcat/lib/catalina-ant.jar
[2022-10-25T15:03:31.559+0000] {processor.py:178} INFO - Processing /opt/airflow/dags/hadoop-2.7.3/share/hadoop/kms/tomcat/lib/catalina-ant.jar took 0.098 seconds
[2022-10-25T15:03:51.113+0000] {processor.py:156} INFO - Started process (PID=35716) to work on /opt/airflow/dags/hadoop-2.7.3/share/hadoop/kms/tomcat/lib/catalina-ant.jar
[2022-10-25T15:03:51.124+0000] {processor.py:758} INFO - Processing file /opt/airflow/dags/hadoop-2.7.3/share/hadoop/kms/tomcat/lib/catalina-ant.jar for tasks to queue
[2022-10-25T15:03:51.130+0000] {logging_mixin.py:117} INFO - [2022-10-25T15:03:51.129+0000] {dagbag.py:525} INFO - Filling up the DagBag from /opt/airflow/dags/hadoop-2.7.3/share/hadoop/kms/tomcat/lib/catalina-ant.jar
[2022-10-25T15:03:51.136+0000] {processor.py:770} WARNING - No viable dags retrieved from /opt/airflow/dags/hadoop-2.7.3/share/hadoop/kms/tomcat/lib/catalina-ant.jar
[2022-10-25T15:03:51.277+0000] {processor.py:178} INFO - Processing /opt/airflow/dags/hadoop-2.7.3/share/hadoop/kms/tomcat/lib/catalina-ant.jar took 0.176 seconds
[2022-10-25T15:05:08.583+0000] {processor.py:156} INFO - Started process (PID=34589) to work on /opt/airflow/dags/hadoop-2.7.3/share/hadoop/kms/tomcat/lib/catalina-ant.jar
[2022-10-25T15:05:08.586+0000] {processor.py:758} INFO - Processing file /opt/airflow/dags/hadoop-2.7.3/share/hadoop/kms/tomcat/lib/catalina-ant.jar for tasks to queue
[2022-10-25T15:05:08.591+0000] {logging_mixin.py:117} INFO - [2022-10-25T15:05:08.588+0000] {dagbag.py:525} INFO - Filling up the DagBag from /opt/airflow/dags/hadoop-2.7.3/share/hadoop/kms/tomcat/lib/catalina-ant.jar
[2022-10-25T15:05:08.609+0000] {processor.py:770} WARNING - No viable dags retrieved from /opt/airflow/dags/hadoop-2.7.3/share/hadoop/kms/tomcat/lib/catalina-ant.jar
[2022-10-25T15:05:08.701+0000] {processor.py:178} INFO - Processing /opt/airflow/dags/hadoop-2.7.3/share/hadoop/kms/tomcat/lib/catalina-ant.jar took 0.132 seconds
[2022-10-25T15:05:22.080+0000] {processor.py:156} INFO - Started process (PID=36265) to work on /opt/airflow/dags/hadoop-2.7.3/share/hadoop/kms/tomcat/lib/catalina-ant.jar
[2022-10-25T15:05:22.082+0000] {processor.py:758} INFO - Processing file /opt/airflow/dags/hadoop-2.7.3/share/hadoop/kms/tomcat/lib/catalina-ant.jar for tasks to queue
[2022-10-25T15:05:22.085+0000] {logging_mixin.py:117} INFO - [2022-10-25T15:05:22.084+0000] {dagbag.py:525} INFO - Filling up the DagBag from /opt/airflow/dags/hadoop-2.7.3/share/hadoop/kms/tomcat/lib/catalina-ant.jar
[2022-10-25T15:05:22.096+0000] {processor.py:770} WARNING - No viable dags retrieved from /opt/airflow/dags/hadoop-2.7.3/share/hadoop/kms/tomcat/lib/catalina-ant.jar
[2022-10-25T15:05:22.133+0000] {processor.py:178} INFO - Processing /opt/airflow/dags/hadoop-2.7.3/share/hadoop/kms/tomcat/lib/catalina-ant.jar took 0.064 seconds
[2022-10-25T15:06:01.551+0000] {processor.py:156} INFO - Started process (PID=35113) to work on /opt/airflow/dags/hadoop-2.7.3/share/hadoop/kms/tomcat/lib/catalina-ant.jar
[2022-10-25T15:06:01.556+0000] {processor.py:758} INFO - Processing file /opt/airflow/dags/hadoop-2.7.3/share/hadoop/kms/tomcat/lib/catalina-ant.jar for tasks to queue
[2022-10-25T15:06:01.560+0000] {logging_mixin.py:117} INFO - [2022-10-25T15:06:01.559+0000] {dagbag.py:525} INFO - Filling up the DagBag from /opt/airflow/dags/hadoop-2.7.3/share/hadoop/kms/tomcat/lib/catalina-ant.jar
[2022-10-25T15:06:01.569+0000] {processor.py:770} WARNING - No viable dags retrieved from /opt/airflow/dags/hadoop-2.7.3/share/hadoop/kms/tomcat/lib/catalina-ant.jar
[2022-10-25T15:06:01.617+0000] {processor.py:178} INFO - Processing /opt/airflow/dags/hadoop-2.7.3/share/hadoop/kms/tomcat/lib/catalina-ant.jar took 0.081 seconds
[2022-10-25T15:06:10.488+0000] {processor.py:156} INFO - Started process (PID=36786) to work on /opt/airflow/dags/hadoop-2.7.3/share/hadoop/kms/tomcat/lib/catalina-ant.jar
[2022-10-25T15:06:10.491+0000] {processor.py:758} INFO - Processing file /opt/airflow/dags/hadoop-2.7.3/share/hadoop/kms/tomcat/lib/catalina-ant.jar for tasks to queue
[2022-10-25T15:06:10.497+0000] {logging_mixin.py:117} INFO - [2022-10-25T15:06:10.495+0000] {dagbag.py:525} INFO - Filling up the DagBag from /opt/airflow/dags/hadoop-2.7.3/share/hadoop/kms/tomcat/lib/catalina-ant.jar
[2022-10-25T15:06:10.507+0000] {processor.py:770} WARNING - No viable dags retrieved from /opt/airflow/dags/hadoop-2.7.3/share/hadoop/kms/tomcat/lib/catalina-ant.jar
[2022-10-25T15:06:10.544+0000] {processor.py:178} INFO - Processing /opt/airflow/dags/hadoop-2.7.3/share/hadoop/kms/tomcat/lib/catalina-ant.jar took 0.074 seconds
[2022-10-25T15:06:48.345+0000] {processor.py:156} INFO - Started process (PID=35598) to work on /opt/airflow/dags/hadoop-2.7.3/share/hadoop/kms/tomcat/lib/catalina-ant.jar
[2022-10-25T15:06:48.349+0000] {processor.py:758} INFO - Processing file /opt/airflow/dags/hadoop-2.7.3/share/hadoop/kms/tomcat/lib/catalina-ant.jar for tasks to queue
[2022-10-25T15:06:48.352+0000] {logging_mixin.py:117} INFO - [2022-10-25T15:06:48.352+0000] {dagbag.py:525} INFO - Filling up the DagBag from /opt/airflow/dags/hadoop-2.7.3/share/hadoop/kms/tomcat/lib/catalina-ant.jar
[2022-10-25T15:06:48.362+0000] {processor.py:770} WARNING - No viable dags retrieved from /opt/airflow/dags/hadoop-2.7.3/share/hadoop/kms/tomcat/lib/catalina-ant.jar
[2022-10-25T15:06:48.410+0000] {processor.py:178} INFO - Processing /opt/airflow/dags/hadoop-2.7.3/share/hadoop/kms/tomcat/lib/catalina-ant.jar took 0.092 seconds
[2022-10-25T15:06:54.161+0000] {processor.py:156} INFO - Started process (PID=37301) to work on /opt/airflow/dags/hadoop-2.7.3/share/hadoop/kms/tomcat/lib/catalina-ant.jar
[2022-10-25T15:06:54.166+0000] {processor.py:758} INFO - Processing file /opt/airflow/dags/hadoop-2.7.3/share/hadoop/kms/tomcat/lib/catalina-ant.jar for tasks to queue
[2022-10-25T15:06:54.168+0000] {logging_mixin.py:117} INFO - [2022-10-25T15:06:54.168+0000] {dagbag.py:525} INFO - Filling up the DagBag from /opt/airflow/dags/hadoop-2.7.3/share/hadoop/kms/tomcat/lib/catalina-ant.jar
[2022-10-25T15:06:54.176+0000] {processor.py:770} WARNING - No viable dags retrieved from /opt/airflow/dags/hadoop-2.7.3/share/hadoop/kms/tomcat/lib/catalina-ant.jar
[2022-10-25T15:06:54.231+0000] {processor.py:178} INFO - Processing /opt/airflow/dags/hadoop-2.7.3/share/hadoop/kms/tomcat/lib/catalina-ant.jar took 0.079 seconds
