[2022-10-25T00:37:50.356+0000] {processor.py:156} INFO - Started process (PID=4423) to work on /opt/airflow/dags/hadoop-2.7.3/share/hadoop/kms/tomcat/lib/el-api.jar
[2022-10-25T00:37:50.358+0000] {processor.py:758} INFO - Processing file /opt/airflow/dags/hadoop-2.7.3/share/hadoop/kms/tomcat/lib/el-api.jar for tasks to queue
[2022-10-25T00:37:50.360+0000] {logging_mixin.py:117} INFO - [2022-10-25T00:37:50.359+0000] {dagbag.py:525} INFO - Filling up the DagBag from /opt/airflow/dags/hadoop-2.7.3/share/hadoop/kms/tomcat/lib/el-api.jar
[2022-10-25T00:37:50.366+0000] {processor.py:770} WARNING - No viable dags retrieved from /opt/airflow/dags/hadoop-2.7.3/share/hadoop/kms/tomcat/lib/el-api.jar
[2022-10-25T00:37:50.398+0000] {processor.py:178} INFO - Processing /opt/airflow/dags/hadoop-2.7.3/share/hadoop/kms/tomcat/lib/el-api.jar took 0.049 seconds
[2022-10-25T00:38:19.728+0000] {processor.py:156} INFO - Started process (PID=2447) to work on /opt/airflow/dags/hadoop-2.7.3/share/hadoop/kms/tomcat/lib/el-api.jar
[2022-10-25T00:38:19.731+0000] {processor.py:758} INFO - Processing file /opt/airflow/dags/hadoop-2.7.3/share/hadoop/kms/tomcat/lib/el-api.jar for tasks to queue
[2022-10-25T00:38:19.736+0000] {logging_mixin.py:117} INFO - [2022-10-25T00:38:19.735+0000] {dagbag.py:525} INFO - Filling up the DagBag from /opt/airflow/dags/hadoop-2.7.3/share/hadoop/kms/tomcat/lib/el-api.jar
[2022-10-25T00:38:19.746+0000] {processor.py:770} WARNING - No viable dags retrieved from /opt/airflow/dags/hadoop-2.7.3/share/hadoop/kms/tomcat/lib/el-api.jar
[2022-10-25T00:38:19.817+0000] {processor.py:178} INFO - Processing /opt/airflow/dags/hadoop-2.7.3/share/hadoop/kms/tomcat/lib/el-api.jar took 0.098 seconds
[2022-10-25T00:38:29.812+0000] {processor.py:156} INFO - Started process (PID=4938) to work on /opt/airflow/dags/hadoop-2.7.3/share/hadoop/kms/tomcat/lib/el-api.jar
[2022-10-25T00:38:29.814+0000] {processor.py:758} INFO - Processing file /opt/airflow/dags/hadoop-2.7.3/share/hadoop/kms/tomcat/lib/el-api.jar for tasks to queue
[2022-10-25T00:38:29.816+0000] {logging_mixin.py:117} INFO - [2022-10-25T00:38:29.816+0000] {dagbag.py:525} INFO - Filling up the DagBag from /opt/airflow/dags/hadoop-2.7.3/share/hadoop/kms/tomcat/lib/el-api.jar
[2022-10-25T00:38:29.821+0000] {processor.py:770} WARNING - No viable dags retrieved from /opt/airflow/dags/hadoop-2.7.3/share/hadoop/kms/tomcat/lib/el-api.jar
[2022-10-25T00:38:29.863+0000] {processor.py:178} INFO - Processing /opt/airflow/dags/hadoop-2.7.3/share/hadoop/kms/tomcat/lib/el-api.jar took 0.059 seconds
[2022-10-25T00:38:57.869+0000] {processor.py:156} INFO - Started process (PID=2962) to work on /opt/airflow/dags/hadoop-2.7.3/share/hadoop/kms/tomcat/lib/el-api.jar
[2022-10-25T00:38:57.872+0000] {processor.py:758} INFO - Processing file /opt/airflow/dags/hadoop-2.7.3/share/hadoop/kms/tomcat/lib/el-api.jar for tasks to queue
[2022-10-25T00:38:57.877+0000] {logging_mixin.py:117} INFO - [2022-10-25T00:38:57.876+0000] {dagbag.py:525} INFO - Filling up the DagBag from /opt/airflow/dags/hadoop-2.7.3/share/hadoop/kms/tomcat/lib/el-api.jar
[2022-10-25T00:38:57.884+0000] {processor.py:770} WARNING - No viable dags retrieved from /opt/airflow/dags/hadoop-2.7.3/share/hadoop/kms/tomcat/lib/el-api.jar
[2022-10-25T00:38:57.925+0000] {processor.py:178} INFO - Processing /opt/airflow/dags/hadoop-2.7.3/share/hadoop/kms/tomcat/lib/el-api.jar took 0.065 seconds
[2022-10-25T00:39:09.955+0000] {processor.py:156} INFO - Started process (PID=5454) to work on /opt/airflow/dags/hadoop-2.7.3/share/hadoop/kms/tomcat/lib/el-api.jar
[2022-10-25T00:39:09.958+0000] {processor.py:758} INFO - Processing file /opt/airflow/dags/hadoop-2.7.3/share/hadoop/kms/tomcat/lib/el-api.jar for tasks to queue
[2022-10-25T00:39:09.959+0000] {logging_mixin.py:117} INFO - [2022-10-25T00:39:09.959+0000] {dagbag.py:525} INFO - Filling up the DagBag from /opt/airflow/dags/hadoop-2.7.3/share/hadoop/kms/tomcat/lib/el-api.jar
[2022-10-25T00:39:09.966+0000] {processor.py:770} WARNING - No viable dags retrieved from /opt/airflow/dags/hadoop-2.7.3/share/hadoop/kms/tomcat/lib/el-api.jar
[2022-10-25T00:39:10.001+0000] {processor.py:178} INFO - Processing /opt/airflow/dags/hadoop-2.7.3/share/hadoop/kms/tomcat/lib/el-api.jar took 0.052 seconds
[2022-10-25T00:39:38.246+0000] {processor.py:156} INFO - Started process (PID=3478) to work on /opt/airflow/dags/hadoop-2.7.3/share/hadoop/kms/tomcat/lib/el-api.jar
[2022-10-25T00:39:38.250+0000] {processor.py:758} INFO - Processing file /opt/airflow/dags/hadoop-2.7.3/share/hadoop/kms/tomcat/lib/el-api.jar for tasks to queue
[2022-10-25T00:39:38.260+0000] {logging_mixin.py:117} INFO - [2022-10-25T00:39:38.259+0000] {dagbag.py:525} INFO - Filling up the DagBag from /opt/airflow/dags/hadoop-2.7.3/share/hadoop/kms/tomcat/lib/el-api.jar
[2022-10-25T00:39:38.278+0000] {processor.py:770} WARNING - No viable dags retrieved from /opt/airflow/dags/hadoop-2.7.3/share/hadoop/kms/tomcat/lib/el-api.jar
[2022-10-25T00:39:38.332+0000] {processor.py:178} INFO - Processing /opt/airflow/dags/hadoop-2.7.3/share/hadoop/kms/tomcat/lib/el-api.jar took 0.096 seconds
[2022-10-25T00:52:53.175+0000] {processor.py:156} INFO - Started process (PID=6047) to work on /opt/airflow/dags/hadoop-2.7.3/share/hadoop/kms/tomcat/lib/el-api.jar
[2022-10-25T00:52:53.177+0000] {processor.py:758} INFO - Processing file /opt/airflow/dags/hadoop-2.7.3/share/hadoop/kms/tomcat/lib/el-api.jar for tasks to queue
[2022-10-25T00:52:53.179+0000] {logging_mixin.py:117} INFO - [2022-10-25T00:52:53.179+0000] {dagbag.py:525} INFO - Filling up the DagBag from /opt/airflow/dags/hadoop-2.7.3/share/hadoop/kms/tomcat/lib/el-api.jar
[2022-10-25T00:52:53.189+0000] {processor.py:770} WARNING - No viable dags retrieved from /opt/airflow/dags/hadoop-2.7.3/share/hadoop/kms/tomcat/lib/el-api.jar
[2022-10-25T00:52:53.227+0000] {processor.py:178} INFO - Processing /opt/airflow/dags/hadoop-2.7.3/share/hadoop/kms/tomcat/lib/el-api.jar took 0.060 seconds
[2022-10-25T00:53:13.706+0000] {processor.py:156} INFO - Started process (PID=3961) to work on /opt/airflow/dags/hadoop-2.7.3/share/hadoop/kms/tomcat/lib/el-api.jar
[2022-10-25T00:53:13.712+0000] {processor.py:758} INFO - Processing file /opt/airflow/dags/hadoop-2.7.3/share/hadoop/kms/tomcat/lib/el-api.jar for tasks to queue
[2022-10-25T00:53:13.720+0000] {logging_mixin.py:117} INFO - [2022-10-25T00:53:13.719+0000] {dagbag.py:525} INFO - Filling up the DagBag from /opt/airflow/dags/hadoop-2.7.3/share/hadoop/kms/tomcat/lib/el-api.jar
[2022-10-25T00:53:13.732+0000] {processor.py:770} WARNING - No viable dags retrieved from /opt/airflow/dags/hadoop-2.7.3/share/hadoop/kms/tomcat/lib/el-api.jar
[2022-10-25T00:53:13.782+0000] {processor.py:178} INFO - Processing /opt/airflow/dags/hadoop-2.7.3/share/hadoop/kms/tomcat/lib/el-api.jar took 0.092 seconds
[2022-10-25T00:53:35.076+0000] {processor.py:156} INFO - Started process (PID=6563) to work on /opt/airflow/dags/hadoop-2.7.3/share/hadoop/kms/tomcat/lib/el-api.jar
[2022-10-25T00:53:35.080+0000] {processor.py:758} INFO - Processing file /opt/airflow/dags/hadoop-2.7.3/share/hadoop/kms/tomcat/lib/el-api.jar for tasks to queue
[2022-10-25T00:53:35.084+0000] {logging_mixin.py:117} INFO - [2022-10-25T00:53:35.084+0000] {dagbag.py:525} INFO - Filling up the DagBag from /opt/airflow/dags/hadoop-2.7.3/share/hadoop/kms/tomcat/lib/el-api.jar
[2022-10-25T00:53:35.092+0000] {processor.py:770} WARNING - No viable dags retrieved from /opt/airflow/dags/hadoop-2.7.3/share/hadoop/kms/tomcat/lib/el-api.jar
[2022-10-25T00:53:35.129+0000] {processor.py:178} INFO - Processing /opt/airflow/dags/hadoop-2.7.3/share/hadoop/kms/tomcat/lib/el-api.jar took 0.067 seconds
[2022-10-25T00:53:54.813+0000] {processor.py:156} INFO - Started process (PID=4476) to work on /opt/airflow/dags/hadoop-2.7.3/share/hadoop/kms/tomcat/lib/el-api.jar
[2022-10-25T00:53:54.822+0000] {processor.py:758} INFO - Processing file /opt/airflow/dags/hadoop-2.7.3/share/hadoop/kms/tomcat/lib/el-api.jar for tasks to queue
[2022-10-25T00:53:54.829+0000] {logging_mixin.py:117} INFO - [2022-10-25T00:53:54.828+0000] {dagbag.py:525} INFO - Filling up the DagBag from /opt/airflow/dags/hadoop-2.7.3/share/hadoop/kms/tomcat/lib/el-api.jar
[2022-10-25T00:53:54.844+0000] {processor.py:770} WARNING - No viable dags retrieved from /opt/airflow/dags/hadoop-2.7.3/share/hadoop/kms/tomcat/lib/el-api.jar
[2022-10-25T00:53:54.911+0000] {processor.py:178} INFO - Processing /opt/airflow/dags/hadoop-2.7.3/share/hadoop/kms/tomcat/lib/el-api.jar took 0.106 seconds
[2022-10-25T00:54:15.405+0000] {processor.py:156} INFO - Started process (PID=7078) to work on /opt/airflow/dags/hadoop-2.7.3/share/hadoop/kms/tomcat/lib/el-api.jar
[2022-10-25T00:54:15.408+0000] {processor.py:758} INFO - Processing file /opt/airflow/dags/hadoop-2.7.3/share/hadoop/kms/tomcat/lib/el-api.jar for tasks to queue
[2022-10-25T00:54:15.410+0000] {logging_mixin.py:117} INFO - [2022-10-25T00:54:15.410+0000] {dagbag.py:525} INFO - Filling up the DagBag from /opt/airflow/dags/hadoop-2.7.3/share/hadoop/kms/tomcat/lib/el-api.jar
[2022-10-25T00:54:15.424+0000] {processor.py:770} WARNING - No viable dags retrieved from /opt/airflow/dags/hadoop-2.7.3/share/hadoop/kms/tomcat/lib/el-api.jar
[2022-10-25T00:54:15.464+0000] {processor.py:178} INFO - Processing /opt/airflow/dags/hadoop-2.7.3/share/hadoop/kms/tomcat/lib/el-api.jar took 0.069 seconds
[2022-10-25T00:54:39.870+0000] {processor.py:156} INFO - Started process (PID=4983) to work on /opt/airflow/dags/hadoop-2.7.3/share/hadoop/kms/tomcat/lib/el-api.jar
[2022-10-25T00:54:39.874+0000] {processor.py:758} INFO - Processing file /opt/airflow/dags/hadoop-2.7.3/share/hadoop/kms/tomcat/lib/el-api.jar for tasks to queue
[2022-10-25T00:54:39.881+0000] {logging_mixin.py:117} INFO - [2022-10-25T00:54:39.881+0000] {dagbag.py:525} INFO - Filling up the DagBag from /opt/airflow/dags/hadoop-2.7.3/share/hadoop/kms/tomcat/lib/el-api.jar
[2022-10-25T00:54:39.895+0000] {processor.py:770} WARNING - No viable dags retrieved from /opt/airflow/dags/hadoop-2.7.3/share/hadoop/kms/tomcat/lib/el-api.jar
[2022-10-25T00:54:39.956+0000] {processor.py:178} INFO - Processing /opt/airflow/dags/hadoop-2.7.3/share/hadoop/kms/tomcat/lib/el-api.jar took 0.096 seconds
[2022-10-25T00:55:12.629+0000] {processor.py:156} INFO - Started process (PID=7578) to work on /opt/airflow/dags/hadoop-2.7.3/share/hadoop/kms/tomcat/lib/el-api.jar
[2022-10-25T00:55:12.637+0000] {processor.py:758} INFO - Processing file /opt/airflow/dags/hadoop-2.7.3/share/hadoop/kms/tomcat/lib/el-api.jar for tasks to queue
[2022-10-25T00:55:12.641+0000] {logging_mixin.py:117} INFO - [2022-10-25T00:55:12.641+0000] {dagbag.py:525} INFO - Filling up the DagBag from /opt/airflow/dags/hadoop-2.7.3/share/hadoop/kms/tomcat/lib/el-api.jar
[2022-10-25T00:55:12.654+0000] {processor.py:770} WARNING - No viable dags retrieved from /opt/airflow/dags/hadoop-2.7.3/share/hadoop/kms/tomcat/lib/el-api.jar
[2022-10-25T00:55:12.786+0000] {processor.py:178} INFO - Processing /opt/airflow/dags/hadoop-2.7.3/share/hadoop/kms/tomcat/lib/el-api.jar took 0.171 seconds
[2022-10-25T00:55:49.258+0000] {processor.py:156} INFO - Started process (PID=5491) to work on /opt/airflow/dags/hadoop-2.7.3/share/hadoop/kms/tomcat/lib/el-api.jar
[2022-10-25T00:55:49.263+0000] {processor.py:758} INFO - Processing file /opt/airflow/dags/hadoop-2.7.3/share/hadoop/kms/tomcat/lib/el-api.jar for tasks to queue
[2022-10-25T00:55:49.273+0000] {logging_mixin.py:117} INFO - [2022-10-25T00:55:49.273+0000] {dagbag.py:525} INFO - Filling up the DagBag from /opt/airflow/dags/hadoop-2.7.3/share/hadoop/kms/tomcat/lib/el-api.jar
[2022-10-25T00:55:49.289+0000] {processor.py:770} WARNING - No viable dags retrieved from /opt/airflow/dags/hadoop-2.7.3/share/hadoop/kms/tomcat/lib/el-api.jar
[2022-10-25T00:55:49.405+0000] {processor.py:178} INFO - Processing /opt/airflow/dags/hadoop-2.7.3/share/hadoop/kms/tomcat/lib/el-api.jar took 0.163 seconds
[2022-10-25T14:08:46.151+0000] {processor.py:156} INFO - Started process (PID=18773) to work on /opt/airflow/dags/hadoop-2.7.3/share/hadoop/kms/tomcat/lib/el-api.jar
[2022-10-25T14:08:46.156+0000] {processor.py:758} INFO - Processing file /opt/airflow/dags/hadoop-2.7.3/share/hadoop/kms/tomcat/lib/el-api.jar for tasks to queue
[2022-10-25T14:08:46.158+0000] {logging_mixin.py:117} INFO - [2022-10-25T14:08:46.158+0000] {dagbag.py:525} INFO - Filling up the DagBag from /opt/airflow/dags/hadoop-2.7.3/share/hadoop/kms/tomcat/lib/el-api.jar
[2022-10-25T14:08:46.167+0000] {processor.py:770} WARNING - No viable dags retrieved from /opt/airflow/dags/hadoop-2.7.3/share/hadoop/kms/tomcat/lib/el-api.jar
[2022-10-25T14:08:46.222+0000] {processor.py:178} INFO - Processing /opt/airflow/dags/hadoop-2.7.3/share/hadoop/kms/tomcat/lib/el-api.jar took 0.080 seconds
[2022-10-25T14:09:01.363+0000] {processor.py:156} INFO - Started process (PID=17693) to work on /opt/airflow/dags/hadoop-2.7.3/share/hadoop/kms/tomcat/lib/el-api.jar
[2022-10-25T14:09:01.369+0000] {processor.py:758} INFO - Processing file /opt/airflow/dags/hadoop-2.7.3/share/hadoop/kms/tomcat/lib/el-api.jar for tasks to queue
[2022-10-25T14:09:01.399+0000] {logging_mixin.py:117} INFO - [2022-10-25T14:09:01.399+0000] {dagbag.py:525} INFO - Filling up the DagBag from /opt/airflow/dags/hadoop-2.7.3/share/hadoop/kms/tomcat/lib/el-api.jar
[2022-10-25T14:09:01.470+0000] {processor.py:770} WARNING - No viable dags retrieved from /opt/airflow/dags/hadoop-2.7.3/share/hadoop/kms/tomcat/lib/el-api.jar
[2022-10-25T14:09:01.682+0000] {processor.py:178} INFO - Processing /opt/airflow/dags/hadoop-2.7.3/share/hadoop/kms/tomcat/lib/el-api.jar took 0.327 seconds
[2022-10-25T14:09:32.715+0000] {processor.py:156} INFO - Started process (PID=19297) to work on /opt/airflow/dags/hadoop-2.7.3/share/hadoop/kms/tomcat/lib/el-api.jar
[2022-10-25T14:09:32.717+0000] {processor.py:758} INFO - Processing file /opt/airflow/dags/hadoop-2.7.3/share/hadoop/kms/tomcat/lib/el-api.jar for tasks to queue
[2022-10-25T14:09:32.719+0000] {logging_mixin.py:117} INFO - [2022-10-25T14:09:32.719+0000] {dagbag.py:525} INFO - Filling up the DagBag from /opt/airflow/dags/hadoop-2.7.3/share/hadoop/kms/tomcat/lib/el-api.jar
[2022-10-25T14:09:32.726+0000] {processor.py:770} WARNING - No viable dags retrieved from /opt/airflow/dags/hadoop-2.7.3/share/hadoop/kms/tomcat/lib/el-api.jar
[2022-10-25T14:09:32.760+0000] {processor.py:178} INFO - Processing /opt/airflow/dags/hadoop-2.7.3/share/hadoop/kms/tomcat/lib/el-api.jar took 0.049 seconds
[2022-10-25T14:09:45.951+0000] {processor.py:156} INFO - Started process (PID=18208) to work on /opt/airflow/dags/hadoop-2.7.3/share/hadoop/kms/tomcat/lib/el-api.jar
[2022-10-25T14:09:45.953+0000] {processor.py:758} INFO - Processing file /opt/airflow/dags/hadoop-2.7.3/share/hadoop/kms/tomcat/lib/el-api.jar for tasks to queue
[2022-10-25T14:09:45.955+0000] {logging_mixin.py:117} INFO - [2022-10-25T14:09:45.955+0000] {dagbag.py:525} INFO - Filling up the DagBag from /opt/airflow/dags/hadoop-2.7.3/share/hadoop/kms/tomcat/lib/el-api.jar
[2022-10-25T14:09:45.963+0000] {processor.py:770} WARNING - No viable dags retrieved from /opt/airflow/dags/hadoop-2.7.3/share/hadoop/kms/tomcat/lib/el-api.jar
[2022-10-25T14:09:46.007+0000] {processor.py:178} INFO - Processing /opt/airflow/dags/hadoop-2.7.3/share/hadoop/kms/tomcat/lib/el-api.jar took 0.064 seconds
[2022-10-25T14:10:12.947+0000] {processor.py:156} INFO - Started process (PID=19813) to work on /opt/airflow/dags/hadoop-2.7.3/share/hadoop/kms/tomcat/lib/el-api.jar
[2022-10-25T14:10:12.958+0000] {processor.py:758} INFO - Processing file /opt/airflow/dags/hadoop-2.7.3/share/hadoop/kms/tomcat/lib/el-api.jar for tasks to queue
[2022-10-25T14:10:12.962+0000] {logging_mixin.py:117} INFO - [2022-10-25T14:10:12.961+0000] {dagbag.py:525} INFO - Filling up the DagBag from /opt/airflow/dags/hadoop-2.7.3/share/hadoop/kms/tomcat/lib/el-api.jar
[2022-10-25T14:10:12.972+0000] {processor.py:770} WARNING - No viable dags retrieved from /opt/airflow/dags/hadoop-2.7.3/share/hadoop/kms/tomcat/lib/el-api.jar
[2022-10-25T14:10:13.020+0000] {processor.py:178} INFO - Processing /opt/airflow/dags/hadoop-2.7.3/share/hadoop/kms/tomcat/lib/el-api.jar took 0.084 seconds
[2022-10-25T14:10:29.218+0000] {processor.py:156} INFO - Started process (PID=18722) to work on /opt/airflow/dags/hadoop-2.7.3/share/hadoop/kms/tomcat/lib/el-api.jar
[2022-10-25T14:10:29.221+0000] {processor.py:758} INFO - Processing file /opt/airflow/dags/hadoop-2.7.3/share/hadoop/kms/tomcat/lib/el-api.jar for tasks to queue
[2022-10-25T14:10:29.223+0000] {logging_mixin.py:117} INFO - [2022-10-25T14:10:29.223+0000] {dagbag.py:525} INFO - Filling up the DagBag from /opt/airflow/dags/hadoop-2.7.3/share/hadoop/kms/tomcat/lib/el-api.jar
[2022-10-25T14:10:29.228+0000] {processor.py:770} WARNING - No viable dags retrieved from /opt/airflow/dags/hadoop-2.7.3/share/hadoop/kms/tomcat/lib/el-api.jar
[2022-10-25T14:10:29.253+0000] {processor.py:178} INFO - Processing /opt/airflow/dags/hadoop-2.7.3/share/hadoop/kms/tomcat/lib/el-api.jar took 0.040 seconds
[2022-10-25T14:10:56.657+0000] {processor.py:156} INFO - Started process (PID=20329) to work on /opt/airflow/dags/hadoop-2.7.3/share/hadoop/kms/tomcat/lib/el-api.jar
[2022-10-25T14:10:56.660+0000] {processor.py:758} INFO - Processing file /opt/airflow/dags/hadoop-2.7.3/share/hadoop/kms/tomcat/lib/el-api.jar for tasks to queue
[2022-10-25T14:10:56.663+0000] {logging_mixin.py:117} INFO - [2022-10-25T14:10:56.663+0000] {dagbag.py:525} INFO - Filling up the DagBag from /opt/airflow/dags/hadoop-2.7.3/share/hadoop/kms/tomcat/lib/el-api.jar
[2022-10-25T14:10:56.672+0000] {processor.py:770} WARNING - No viable dags retrieved from /opt/airflow/dags/hadoop-2.7.3/share/hadoop/kms/tomcat/lib/el-api.jar
[2022-10-25T14:10:56.705+0000] {processor.py:178} INFO - Processing /opt/airflow/dags/hadoop-2.7.3/share/hadoop/kms/tomcat/lib/el-api.jar took 0.054 seconds
[2022-10-25T14:11:09.169+0000] {processor.py:156} INFO - Started process (PID=19209) to work on /opt/airflow/dags/hadoop-2.7.3/share/hadoop/kms/tomcat/lib/el-api.jar
[2022-10-25T14:11:09.175+0000] {processor.py:758} INFO - Processing file /opt/airflow/dags/hadoop-2.7.3/share/hadoop/kms/tomcat/lib/el-api.jar for tasks to queue
[2022-10-25T14:11:09.180+0000] {logging_mixin.py:117} INFO - [2022-10-25T14:11:09.180+0000] {dagbag.py:525} INFO - Filling up the DagBag from /opt/airflow/dags/hadoop-2.7.3/share/hadoop/kms/tomcat/lib/el-api.jar
[2022-10-25T14:11:09.188+0000] {processor.py:770} WARNING - No viable dags retrieved from /opt/airflow/dags/hadoop-2.7.3/share/hadoop/kms/tomcat/lib/el-api.jar
[2022-10-25T14:11:09.242+0000] {processor.py:178} INFO - Processing /opt/airflow/dags/hadoop-2.7.3/share/hadoop/kms/tomcat/lib/el-api.jar took 0.079 seconds
[2022-10-25T14:11:38.341+0000] {processor.py:156} INFO - Started process (PID=20850) to work on /opt/airflow/dags/hadoop-2.7.3/share/hadoop/kms/tomcat/lib/el-api.jar
[2022-10-25T14:11:38.345+0000] {processor.py:758} INFO - Processing file /opt/airflow/dags/hadoop-2.7.3/share/hadoop/kms/tomcat/lib/el-api.jar for tasks to queue
[2022-10-25T14:11:38.347+0000] {logging_mixin.py:117} INFO - [2022-10-25T14:11:38.347+0000] {dagbag.py:525} INFO - Filling up the DagBag from /opt/airflow/dags/hadoop-2.7.3/share/hadoop/kms/tomcat/lib/el-api.jar
[2022-10-25T14:11:38.360+0000] {processor.py:770} WARNING - No viable dags retrieved from /opt/airflow/dags/hadoop-2.7.3/share/hadoop/kms/tomcat/lib/el-api.jar
[2022-10-25T14:11:38.400+0000] {processor.py:178} INFO - Processing /opt/airflow/dags/hadoop-2.7.3/share/hadoop/kms/tomcat/lib/el-api.jar took 0.066 seconds
[2022-10-25T14:11:51.775+0000] {processor.py:156} INFO - Started process (PID=19724) to work on /opt/airflow/dags/hadoop-2.7.3/share/hadoop/kms/tomcat/lib/el-api.jar
[2022-10-25T14:11:51.779+0000] {processor.py:758} INFO - Processing file /opt/airflow/dags/hadoop-2.7.3/share/hadoop/kms/tomcat/lib/el-api.jar for tasks to queue
[2022-10-25T14:11:51.783+0000] {logging_mixin.py:117} INFO - [2022-10-25T14:11:51.782+0000] {dagbag.py:525} INFO - Filling up the DagBag from /opt/airflow/dags/hadoop-2.7.3/share/hadoop/kms/tomcat/lib/el-api.jar
[2022-10-25T14:11:51.794+0000] {processor.py:770} WARNING - No viable dags retrieved from /opt/airflow/dags/hadoop-2.7.3/share/hadoop/kms/tomcat/lib/el-api.jar
[2022-10-25T14:11:51.843+0000] {processor.py:178} INFO - Processing /opt/airflow/dags/hadoop-2.7.3/share/hadoop/kms/tomcat/lib/el-api.jar took 0.077 seconds
[2022-10-25T14:12:17.447+0000] {processor.py:156} INFO - Started process (PID=21298) to work on /opt/airflow/dags/hadoop-2.7.3/share/hadoop/kms/tomcat/lib/el-api.jar
[2022-10-25T14:12:17.449+0000] {processor.py:758} INFO - Processing file /opt/airflow/dags/hadoop-2.7.3/share/hadoop/kms/tomcat/lib/el-api.jar for tasks to queue
[2022-10-25T14:12:17.451+0000] {logging_mixin.py:117} INFO - [2022-10-25T14:12:17.451+0000] {dagbag.py:525} INFO - Filling up the DagBag from /opt/airflow/dags/hadoop-2.7.3/share/hadoop/kms/tomcat/lib/el-api.jar
[2022-10-25T14:12:17.457+0000] {processor.py:770} WARNING - No viable dags retrieved from /opt/airflow/dags/hadoop-2.7.3/share/hadoop/kms/tomcat/lib/el-api.jar
[2022-10-25T14:12:17.491+0000] {processor.py:178} INFO - Processing /opt/airflow/dags/hadoop-2.7.3/share/hadoop/kms/tomcat/lib/el-api.jar took 0.053 seconds
[2022-10-25T14:12:36.082+0000] {processor.py:156} INFO - Started process (PID=20217) to work on /opt/airflow/dags/hadoop-2.7.3/share/hadoop/kms/tomcat/lib/el-api.jar
[2022-10-25T14:12:36.084+0000] {processor.py:758} INFO - Processing file /opt/airflow/dags/hadoop-2.7.3/share/hadoop/kms/tomcat/lib/el-api.jar for tasks to queue
[2022-10-25T14:12:36.088+0000] {logging_mixin.py:117} INFO - [2022-10-25T14:12:36.087+0000] {dagbag.py:525} INFO - Filling up the DagBag from /opt/airflow/dags/hadoop-2.7.3/share/hadoop/kms/tomcat/lib/el-api.jar
[2022-10-25T14:12:36.103+0000] {processor.py:770} WARNING - No viable dags retrieved from /opt/airflow/dags/hadoop-2.7.3/share/hadoop/kms/tomcat/lib/el-api.jar
[2022-10-25T14:12:36.183+0000] {processor.py:178} INFO - Processing /opt/airflow/dags/hadoop-2.7.3/share/hadoop/kms/tomcat/lib/el-api.jar took 0.111 seconds
[2022-10-25T14:13:33.453+0000] {processor.py:156} INFO - Started process (PID=21762) to work on /opt/airflow/dags/hadoop-2.7.3/share/hadoop/kms/tomcat/lib/el-api.jar
[2022-10-25T14:13:33.456+0000] {processor.py:758} INFO - Processing file /opt/airflow/dags/hadoop-2.7.3/share/hadoop/kms/tomcat/lib/el-api.jar for tasks to queue
[2022-10-25T14:13:33.459+0000] {logging_mixin.py:117} INFO - [2022-10-25T14:13:33.459+0000] {dagbag.py:525} INFO - Filling up the DagBag from /opt/airflow/dags/hadoop-2.7.3/share/hadoop/kms/tomcat/lib/el-api.jar
[2022-10-25T14:13:33.473+0000] {processor.py:770} WARNING - No viable dags retrieved from /opt/airflow/dags/hadoop-2.7.3/share/hadoop/kms/tomcat/lib/el-api.jar
[2022-10-25T14:13:33.520+0000] {processor.py:178} INFO - Processing /opt/airflow/dags/hadoop-2.7.3/share/hadoop/kms/tomcat/lib/el-api.jar took 0.075 seconds
[2022-10-25T14:13:58.148+0000] {processor.py:156} INFO - Started process (PID=20744) to work on /opt/airflow/dags/hadoop-2.7.3/share/hadoop/kms/tomcat/lib/el-api.jar
[2022-10-25T14:13:58.152+0000] {processor.py:758} INFO - Processing file /opt/airflow/dags/hadoop-2.7.3/share/hadoop/kms/tomcat/lib/el-api.jar for tasks to queue
[2022-10-25T14:13:58.155+0000] {logging_mixin.py:117} INFO - [2022-10-25T14:13:58.154+0000] {dagbag.py:525} INFO - Filling up the DagBag from /opt/airflow/dags/hadoop-2.7.3/share/hadoop/kms/tomcat/lib/el-api.jar
[2022-10-25T14:13:58.162+0000] {processor.py:770} WARNING - No viable dags retrieved from /opt/airflow/dags/hadoop-2.7.3/share/hadoop/kms/tomcat/lib/el-api.jar
[2022-10-25T14:13:58.247+0000] {processor.py:178} INFO - Processing /opt/airflow/dags/hadoop-2.7.3/share/hadoop/kms/tomcat/lib/el-api.jar took 0.115 seconds
[2022-10-25T14:14:19.696+0000] {processor.py:156} INFO - Started process (PID=22276) to work on /opt/airflow/dags/hadoop-2.7.3/share/hadoop/kms/tomcat/lib/el-api.jar
[2022-10-25T14:14:19.698+0000] {processor.py:758} INFO - Processing file /opt/airflow/dags/hadoop-2.7.3/share/hadoop/kms/tomcat/lib/el-api.jar for tasks to queue
[2022-10-25T14:14:19.701+0000] {logging_mixin.py:117} INFO - [2022-10-25T14:14:19.700+0000] {dagbag.py:525} INFO - Filling up the DagBag from /opt/airflow/dags/hadoop-2.7.3/share/hadoop/kms/tomcat/lib/el-api.jar
[2022-10-25T14:14:19.707+0000] {processor.py:770} WARNING - No viable dags retrieved from /opt/airflow/dags/hadoop-2.7.3/share/hadoop/kms/tomcat/lib/el-api.jar
[2022-10-25T14:14:19.767+0000] {processor.py:178} INFO - Processing /opt/airflow/dags/hadoop-2.7.3/share/hadoop/kms/tomcat/lib/el-api.jar took 0.078 seconds
[2022-10-25T14:14:46.581+0000] {processor.py:156} INFO - Started process (PID=21266) to work on /opt/airflow/dags/hadoop-2.7.3/share/hadoop/kms/tomcat/lib/el-api.jar
[2022-10-25T14:14:46.584+0000] {processor.py:758} INFO - Processing file /opt/airflow/dags/hadoop-2.7.3/share/hadoop/kms/tomcat/lib/el-api.jar for tasks to queue
[2022-10-25T14:14:46.586+0000] {logging_mixin.py:117} INFO - [2022-10-25T14:14:46.585+0000] {dagbag.py:525} INFO - Filling up the DagBag from /opt/airflow/dags/hadoop-2.7.3/share/hadoop/kms/tomcat/lib/el-api.jar
[2022-10-25T14:14:46.592+0000] {processor.py:770} WARNING - No viable dags retrieved from /opt/airflow/dags/hadoop-2.7.3/share/hadoop/kms/tomcat/lib/el-api.jar
[2022-10-25T14:14:46.626+0000] {processor.py:178} INFO - Processing /opt/airflow/dags/hadoop-2.7.3/share/hadoop/kms/tomcat/lib/el-api.jar took 0.053 seconds
[2022-10-25T14:15:12.023+0000] {processor.py:156} INFO - Started process (PID=22834) to work on /opt/airflow/dags/hadoop-2.7.3/share/hadoop/kms/tomcat/lib/el-api.jar
[2022-10-25T14:15:12.033+0000] {processor.py:758} INFO - Processing file /opt/airflow/dags/hadoop-2.7.3/share/hadoop/kms/tomcat/lib/el-api.jar for tasks to queue
[2022-10-25T14:15:12.035+0000] {logging_mixin.py:117} INFO - [2022-10-25T14:15:12.035+0000] {dagbag.py:525} INFO - Filling up the DagBag from /opt/airflow/dags/hadoop-2.7.3/share/hadoop/kms/tomcat/lib/el-api.jar
[2022-10-25T14:15:12.045+0000] {processor.py:770} WARNING - No viable dags retrieved from /opt/airflow/dags/hadoop-2.7.3/share/hadoop/kms/tomcat/lib/el-api.jar
[2022-10-25T14:15:12.128+0000] {processor.py:178} INFO - Processing /opt/airflow/dags/hadoop-2.7.3/share/hadoop/kms/tomcat/lib/el-api.jar took 0.136 seconds
[2022-10-25T14:15:48.768+0000] {processor.py:156} INFO - Started process (PID=21809) to work on /opt/airflow/dags/hadoop-2.7.3/share/hadoop/kms/tomcat/lib/el-api.jar
[2022-10-25T14:15:48.772+0000] {processor.py:758} INFO - Processing file /opt/airflow/dags/hadoop-2.7.3/share/hadoop/kms/tomcat/lib/el-api.jar for tasks to queue
[2022-10-25T14:15:48.775+0000] {logging_mixin.py:117} INFO - [2022-10-25T14:15:48.775+0000] {dagbag.py:525} INFO - Filling up the DagBag from /opt/airflow/dags/hadoop-2.7.3/share/hadoop/kms/tomcat/lib/el-api.jar
[2022-10-25T14:15:48.784+0000] {processor.py:770} WARNING - No viable dags retrieved from /opt/airflow/dags/hadoop-2.7.3/share/hadoop/kms/tomcat/lib/el-api.jar
[2022-10-25T14:15:48.822+0000] {processor.py:178} INFO - Processing /opt/airflow/dags/hadoop-2.7.3/share/hadoop/kms/tomcat/lib/el-api.jar took 0.079 seconds
[2022-10-25T14:16:03.376+0000] {processor.py:156} INFO - Started process (PID=23276) to work on /opt/airflow/dags/hadoop-2.7.3/share/hadoop/kms/tomcat/lib/el-api.jar
[2022-10-25T14:16:03.379+0000] {processor.py:758} INFO - Processing file /opt/airflow/dags/hadoop-2.7.3/share/hadoop/kms/tomcat/lib/el-api.jar for tasks to queue
[2022-10-25T14:16:03.382+0000] {logging_mixin.py:117} INFO - [2022-10-25T14:16:03.382+0000] {dagbag.py:525} INFO - Filling up the DagBag from /opt/airflow/dags/hadoop-2.7.3/share/hadoop/kms/tomcat/lib/el-api.jar
[2022-10-25T14:16:03.393+0000] {processor.py:770} WARNING - No viable dags retrieved from /opt/airflow/dags/hadoop-2.7.3/share/hadoop/kms/tomcat/lib/el-api.jar
[2022-10-25T14:16:03.440+0000] {processor.py:178} INFO - Processing /opt/airflow/dags/hadoop-2.7.3/share/hadoop/kms/tomcat/lib/el-api.jar took 0.071 seconds
[2022-10-25T14:16:36.032+0000] {processor.py:156} INFO - Started process (PID=22313) to work on /opt/airflow/dags/hadoop-2.7.3/share/hadoop/kms/tomcat/lib/el-api.jar
[2022-10-25T14:16:36.034+0000] {processor.py:758} INFO - Processing file /opt/airflow/dags/hadoop-2.7.3/share/hadoop/kms/tomcat/lib/el-api.jar for tasks to queue
[2022-10-25T14:16:36.036+0000] {logging_mixin.py:117} INFO - [2022-10-25T14:16:36.036+0000] {dagbag.py:525} INFO - Filling up the DagBag from /opt/airflow/dags/hadoop-2.7.3/share/hadoop/kms/tomcat/lib/el-api.jar
[2022-10-25T14:16:36.045+0000] {processor.py:770} WARNING - No viable dags retrieved from /opt/airflow/dags/hadoop-2.7.3/share/hadoop/kms/tomcat/lib/el-api.jar
[2022-10-25T14:16:36.087+0000] {processor.py:178} INFO - Processing /opt/airflow/dags/hadoop-2.7.3/share/hadoop/kms/tomcat/lib/el-api.jar took 0.062 seconds
[2022-10-25T14:16:51.624+0000] {processor.py:156} INFO - Started process (PID=23757) to work on /opt/airflow/dags/hadoop-2.7.3/share/hadoop/kms/tomcat/lib/el-api.jar
[2022-10-25T14:16:51.628+0000] {processor.py:758} INFO - Processing file /opt/airflow/dags/hadoop-2.7.3/share/hadoop/kms/tomcat/lib/el-api.jar for tasks to queue
[2022-10-25T14:16:51.630+0000] {logging_mixin.py:117} INFO - [2022-10-25T14:16:51.630+0000] {dagbag.py:525} INFO - Filling up the DagBag from /opt/airflow/dags/hadoop-2.7.3/share/hadoop/kms/tomcat/lib/el-api.jar
[2022-10-25T14:16:51.645+0000] {processor.py:770} WARNING - No viable dags retrieved from /opt/airflow/dags/hadoop-2.7.3/share/hadoop/kms/tomcat/lib/el-api.jar
[2022-10-25T14:16:51.681+0000] {processor.py:178} INFO - Processing /opt/airflow/dags/hadoop-2.7.3/share/hadoop/kms/tomcat/lib/el-api.jar took 0.066 seconds
[2022-10-25T14:17:27.388+0000] {processor.py:156} INFO - Started process (PID=22787) to work on /opt/airflow/dags/hadoop-2.7.3/share/hadoop/kms/tomcat/lib/el-api.jar
[2022-10-25T14:17:27.394+0000] {processor.py:758} INFO - Processing file /opt/airflow/dags/hadoop-2.7.3/share/hadoop/kms/tomcat/lib/el-api.jar for tasks to queue
[2022-10-25T14:17:27.399+0000] {logging_mixin.py:117} INFO - [2022-10-25T14:17:27.398+0000] {dagbag.py:525} INFO - Filling up the DagBag from /opt/airflow/dags/hadoop-2.7.3/share/hadoop/kms/tomcat/lib/el-api.jar
[2022-10-25T14:17:27.411+0000] {processor.py:770} WARNING - No viable dags retrieved from /opt/airflow/dags/hadoop-2.7.3/share/hadoop/kms/tomcat/lib/el-api.jar
[2022-10-25T14:17:27.459+0000] {processor.py:178} INFO - Processing /opt/airflow/dags/hadoop-2.7.3/share/hadoop/kms/tomcat/lib/el-api.jar took 0.085 seconds
[2022-10-25T14:25:10.210+0000] {processor.py:156} INFO - Started process (PID=23540) to work on /opt/airflow/dags/hadoop-2.7.3/share/hadoop/kms/tomcat/lib/el-api.jar
[2022-10-25T14:25:10.212+0000] {processor.py:758} INFO - Processing file /opt/airflow/dags/hadoop-2.7.3/share/hadoop/kms/tomcat/lib/el-api.jar for tasks to queue
[2022-10-25T14:25:10.215+0000] {logging_mixin.py:117} INFO - [2022-10-25T14:25:10.214+0000] {dagbag.py:525} INFO - Filling up the DagBag from /opt/airflow/dags/hadoop-2.7.3/share/hadoop/kms/tomcat/lib/el-api.jar
[2022-10-25T14:25:10.222+0000] {processor.py:770} WARNING - No viable dags retrieved from /opt/airflow/dags/hadoop-2.7.3/share/hadoop/kms/tomcat/lib/el-api.jar
[2022-10-25T14:25:10.275+0000] {processor.py:178} INFO - Processing /opt/airflow/dags/hadoop-2.7.3/share/hadoop/kms/tomcat/lib/el-api.jar took 0.075 seconds
[2022-10-25T14:25:28.144+0000] {processor.py:156} INFO - Started process (PID=24615) to work on /opt/airflow/dags/hadoop-2.7.3/share/hadoop/kms/tomcat/lib/el-api.jar
[2022-10-25T14:25:28.147+0000] {processor.py:758} INFO - Processing file /opt/airflow/dags/hadoop-2.7.3/share/hadoop/kms/tomcat/lib/el-api.jar for tasks to queue
[2022-10-25T14:25:28.154+0000] {logging_mixin.py:117} INFO - [2022-10-25T14:25:28.154+0000] {dagbag.py:525} INFO - Filling up the DagBag from /opt/airflow/dags/hadoop-2.7.3/share/hadoop/kms/tomcat/lib/el-api.jar
[2022-10-25T14:25:28.162+0000] {processor.py:770} WARNING - No viable dags retrieved from /opt/airflow/dags/hadoop-2.7.3/share/hadoop/kms/tomcat/lib/el-api.jar
[2022-10-25T14:25:28.243+0000] {processor.py:178} INFO - Processing /opt/airflow/dags/hadoop-2.7.3/share/hadoop/kms/tomcat/lib/el-api.jar took 0.116 seconds
[2022-10-25T14:26:00.151+0000] {processor.py:156} INFO - Started process (PID=24055) to work on /opt/airflow/dags/hadoop-2.7.3/share/hadoop/kms/tomcat/lib/el-api.jar
[2022-10-25T14:26:00.155+0000] {processor.py:758} INFO - Processing file /opt/airflow/dags/hadoop-2.7.3/share/hadoop/kms/tomcat/lib/el-api.jar for tasks to queue
[2022-10-25T14:26:00.160+0000] {logging_mixin.py:117} INFO - [2022-10-25T14:26:00.160+0000] {dagbag.py:525} INFO - Filling up the DagBag from /opt/airflow/dags/hadoop-2.7.3/share/hadoop/kms/tomcat/lib/el-api.jar
[2022-10-25T14:26:00.170+0000] {processor.py:770} WARNING - No viable dags retrieved from /opt/airflow/dags/hadoop-2.7.3/share/hadoop/kms/tomcat/lib/el-api.jar
[2022-10-25T14:26:00.225+0000] {processor.py:178} INFO - Processing /opt/airflow/dags/hadoop-2.7.3/share/hadoop/kms/tomcat/lib/el-api.jar took 0.089 seconds
[2022-10-25T14:26:18.753+0000] {processor.py:156} INFO - Started process (PID=25138) to work on /opt/airflow/dags/hadoop-2.7.3/share/hadoop/kms/tomcat/lib/el-api.jar
[2022-10-25T14:26:18.759+0000] {processor.py:758} INFO - Processing file /opt/airflow/dags/hadoop-2.7.3/share/hadoop/kms/tomcat/lib/el-api.jar for tasks to queue
[2022-10-25T14:26:18.762+0000] {logging_mixin.py:117} INFO - [2022-10-25T14:26:18.761+0000] {dagbag.py:525} INFO - Filling up the DagBag from /opt/airflow/dags/hadoop-2.7.3/share/hadoop/kms/tomcat/lib/el-api.jar
[2022-10-25T14:26:18.772+0000] {processor.py:770} WARNING - No viable dags retrieved from /opt/airflow/dags/hadoop-2.7.3/share/hadoop/kms/tomcat/lib/el-api.jar
[2022-10-25T14:26:18.825+0000] {processor.py:178} INFO - Processing /opt/airflow/dags/hadoop-2.7.3/share/hadoop/kms/tomcat/lib/el-api.jar took 0.082 seconds
[2022-10-25T14:26:55.859+0000] {processor.py:156} INFO - Started process (PID=24579) to work on /opt/airflow/dags/hadoop-2.7.3/share/hadoop/kms/tomcat/lib/el-api.jar
[2022-10-25T14:26:55.863+0000] {processor.py:758} INFO - Processing file /opt/airflow/dags/hadoop-2.7.3/share/hadoop/kms/tomcat/lib/el-api.jar for tasks to queue
[2022-10-25T14:26:55.866+0000] {logging_mixin.py:117} INFO - [2022-10-25T14:26:55.866+0000] {dagbag.py:525} INFO - Filling up the DagBag from /opt/airflow/dags/hadoop-2.7.3/share/hadoop/kms/tomcat/lib/el-api.jar
[2022-10-25T14:26:55.883+0000] {processor.py:770} WARNING - No viable dags retrieved from /opt/airflow/dags/hadoop-2.7.3/share/hadoop/kms/tomcat/lib/el-api.jar
[2022-10-25T14:26:55.961+0000] {processor.py:178} INFO - Processing /opt/airflow/dags/hadoop-2.7.3/share/hadoop/kms/tomcat/lib/el-api.jar took 0.123 seconds
[2022-10-25T14:27:11.540+0000] {processor.py:156} INFO - Started process (PID=25660) to work on /opt/airflow/dags/hadoop-2.7.3/share/hadoop/kms/tomcat/lib/el-api.jar
[2022-10-25T14:27:11.547+0000] {processor.py:758} INFO - Processing file /opt/airflow/dags/hadoop-2.7.3/share/hadoop/kms/tomcat/lib/el-api.jar for tasks to queue
[2022-10-25T14:27:11.549+0000] {logging_mixin.py:117} INFO - [2022-10-25T14:27:11.549+0000] {dagbag.py:525} INFO - Filling up the DagBag from /opt/airflow/dags/hadoop-2.7.3/share/hadoop/kms/tomcat/lib/el-api.jar
[2022-10-25T14:27:11.557+0000] {processor.py:770} WARNING - No viable dags retrieved from /opt/airflow/dags/hadoop-2.7.3/share/hadoop/kms/tomcat/lib/el-api.jar
[2022-10-25T14:27:11.599+0000] {processor.py:178} INFO - Processing /opt/airflow/dags/hadoop-2.7.3/share/hadoop/kms/tomcat/lib/el-api.jar took 0.066 seconds
[2022-10-25T14:27:39.174+0000] {processor.py:156} INFO - Started process (PID=25033) to work on /opt/airflow/dags/hadoop-2.7.3/share/hadoop/kms/tomcat/lib/el-api.jar
[2022-10-25T14:27:39.177+0000] {processor.py:758} INFO - Processing file /opt/airflow/dags/hadoop-2.7.3/share/hadoop/kms/tomcat/lib/el-api.jar for tasks to queue
[2022-10-25T14:27:39.181+0000] {logging_mixin.py:117} INFO - [2022-10-25T14:27:39.180+0000] {dagbag.py:525} INFO - Filling up the DagBag from /opt/airflow/dags/hadoop-2.7.3/share/hadoop/kms/tomcat/lib/el-api.jar
[2022-10-25T14:27:39.189+0000] {processor.py:770} WARNING - No viable dags retrieved from /opt/airflow/dags/hadoop-2.7.3/share/hadoop/kms/tomcat/lib/el-api.jar
[2022-10-25T14:27:39.272+0000] {processor.py:178} INFO - Processing /opt/airflow/dags/hadoop-2.7.3/share/hadoop/kms/tomcat/lib/el-api.jar took 0.108 seconds
[2022-10-25T14:28:00.571+0000] {processor.py:156} INFO - Started process (PID=26207) to work on /opt/airflow/dags/hadoop-2.7.3/share/hadoop/kms/tomcat/lib/el-api.jar
[2022-10-25T14:28:00.575+0000] {processor.py:758} INFO - Processing file /opt/airflow/dags/hadoop-2.7.3/share/hadoop/kms/tomcat/lib/el-api.jar for tasks to queue
[2022-10-25T14:28:00.581+0000] {logging_mixin.py:117} INFO - [2022-10-25T14:28:00.579+0000] {dagbag.py:525} INFO - Filling up the DagBag from /opt/airflow/dags/hadoop-2.7.3/share/hadoop/kms/tomcat/lib/el-api.jar
[2022-10-25T14:28:00.589+0000] {processor.py:770} WARNING - No viable dags retrieved from /opt/airflow/dags/hadoop-2.7.3/share/hadoop/kms/tomcat/lib/el-api.jar
[2022-10-25T14:28:00.623+0000] {processor.py:178} INFO - Processing /opt/airflow/dags/hadoop-2.7.3/share/hadoop/kms/tomcat/lib/el-api.jar took 0.063 seconds
[2022-10-25T14:28:30.931+0000] {processor.py:156} INFO - Started process (PID=25582) to work on /opt/airflow/dags/hadoop-2.7.3/share/hadoop/kms/tomcat/lib/el-api.jar
[2022-10-25T14:28:30.934+0000] {processor.py:758} INFO - Processing file /opt/airflow/dags/hadoop-2.7.3/share/hadoop/kms/tomcat/lib/el-api.jar for tasks to queue
[2022-10-25T14:28:30.937+0000] {logging_mixin.py:117} INFO - [2022-10-25T14:28:30.937+0000] {dagbag.py:525} INFO - Filling up the DagBag from /opt/airflow/dags/hadoop-2.7.3/share/hadoop/kms/tomcat/lib/el-api.jar
[2022-10-25T14:28:30.958+0000] {processor.py:770} WARNING - No viable dags retrieved from /opt/airflow/dags/hadoop-2.7.3/share/hadoop/kms/tomcat/lib/el-api.jar
[2022-10-25T14:28:31.011+0000] {processor.py:178} INFO - Processing /opt/airflow/dags/hadoop-2.7.3/share/hadoop/kms/tomcat/lib/el-api.jar took 0.093 seconds
[2022-10-25T14:28:56.141+0000] {processor.py:156} INFO - Started process (PID=26782) to work on /opt/airflow/dags/hadoop-2.7.3/share/hadoop/kms/tomcat/lib/el-api.jar
[2022-10-25T14:28:56.146+0000] {processor.py:758} INFO - Processing file /opt/airflow/dags/hadoop-2.7.3/share/hadoop/kms/tomcat/lib/el-api.jar for tasks to queue
[2022-10-25T14:28:56.149+0000] {logging_mixin.py:117} INFO - [2022-10-25T14:28:56.149+0000] {dagbag.py:525} INFO - Filling up the DagBag from /opt/airflow/dags/hadoop-2.7.3/share/hadoop/kms/tomcat/lib/el-api.jar
[2022-10-25T14:28:56.158+0000] {processor.py:770} WARNING - No viable dags retrieved from /opt/airflow/dags/hadoop-2.7.3/share/hadoop/kms/tomcat/lib/el-api.jar
[2022-10-25T14:28:56.206+0000] {processor.py:178} INFO - Processing /opt/airflow/dags/hadoop-2.7.3/share/hadoop/kms/tomcat/lib/el-api.jar took 0.082 seconds
[2022-10-25T14:30:11.642+0000] {processor.py:156} INFO - Started process (PID=26162) to work on /opt/airflow/dags/hadoop-2.7.3/share/hadoop/kms/tomcat/lib/el-api.jar
[2022-10-25T14:30:11.647+0000] {processor.py:758} INFO - Processing file /opt/airflow/dags/hadoop-2.7.3/share/hadoop/kms/tomcat/lib/el-api.jar for tasks to queue
[2022-10-25T14:30:11.651+0000] {logging_mixin.py:117} INFO - [2022-10-25T14:30:11.650+0000] {dagbag.py:525} INFO - Filling up the DagBag from /opt/airflow/dags/hadoop-2.7.3/share/hadoop/kms/tomcat/lib/el-api.jar
[2022-10-25T14:30:11.664+0000] {processor.py:770} WARNING - No viable dags retrieved from /opt/airflow/dags/hadoop-2.7.3/share/hadoop/kms/tomcat/lib/el-api.jar
[2022-10-25T14:30:11.715+0000] {processor.py:178} INFO - Processing /opt/airflow/dags/hadoop-2.7.3/share/hadoop/kms/tomcat/lib/el-api.jar took 0.087 seconds
[2022-10-25T14:30:26.526+0000] {processor.py:156} INFO - Started process (PID=27328) to work on /opt/airflow/dags/hadoop-2.7.3/share/hadoop/kms/tomcat/lib/el-api.jar
[2022-10-25T14:30:26.529+0000] {processor.py:758} INFO - Processing file /opt/airflow/dags/hadoop-2.7.3/share/hadoop/kms/tomcat/lib/el-api.jar for tasks to queue
[2022-10-25T14:30:26.532+0000] {logging_mixin.py:117} INFO - [2022-10-25T14:30:26.531+0000] {dagbag.py:525} INFO - Filling up the DagBag from /opt/airflow/dags/hadoop-2.7.3/share/hadoop/kms/tomcat/lib/el-api.jar
[2022-10-25T14:30:26.541+0000] {processor.py:770} WARNING - No viable dags retrieved from /opt/airflow/dags/hadoop-2.7.3/share/hadoop/kms/tomcat/lib/el-api.jar
[2022-10-25T14:30:26.581+0000] {processor.py:178} INFO - Processing /opt/airflow/dags/hadoop-2.7.3/share/hadoop/kms/tomcat/lib/el-api.jar took 0.069 seconds
[2022-10-25T14:31:06.227+0000] {processor.py:156} INFO - Started process (PID=26689) to work on /opt/airflow/dags/hadoop-2.7.3/share/hadoop/kms/tomcat/lib/el-api.jar
[2022-10-25T14:31:06.231+0000] {processor.py:758} INFO - Processing file /opt/airflow/dags/hadoop-2.7.3/share/hadoop/kms/tomcat/lib/el-api.jar for tasks to queue
[2022-10-25T14:31:06.234+0000] {logging_mixin.py:117} INFO - [2022-10-25T14:31:06.233+0000] {dagbag.py:525} INFO - Filling up the DagBag from /opt/airflow/dags/hadoop-2.7.3/share/hadoop/kms/tomcat/lib/el-api.jar
[2022-10-25T14:31:06.244+0000] {processor.py:770} WARNING - No viable dags retrieved from /opt/airflow/dags/hadoop-2.7.3/share/hadoop/kms/tomcat/lib/el-api.jar
[2022-10-25T14:31:06.315+0000] {processor.py:178} INFO - Processing /opt/airflow/dags/hadoop-2.7.3/share/hadoop/kms/tomcat/lib/el-api.jar took 0.097 seconds
[2022-10-25T14:31:21.744+0000] {processor.py:156} INFO - Started process (PID=27859) to work on /opt/airflow/dags/hadoop-2.7.3/share/hadoop/kms/tomcat/lib/el-api.jar
[2022-10-25T14:31:21.747+0000] {processor.py:758} INFO - Processing file /opt/airflow/dags/hadoop-2.7.3/share/hadoop/kms/tomcat/lib/el-api.jar for tasks to queue
[2022-10-25T14:31:21.749+0000] {logging_mixin.py:117} INFO - [2022-10-25T14:31:21.749+0000] {dagbag.py:525} INFO - Filling up the DagBag from /opt/airflow/dags/hadoop-2.7.3/share/hadoop/kms/tomcat/lib/el-api.jar
[2022-10-25T14:31:21.758+0000] {processor.py:770} WARNING - No viable dags retrieved from /opt/airflow/dags/hadoop-2.7.3/share/hadoop/kms/tomcat/lib/el-api.jar
[2022-10-25T14:31:21.810+0000] {processor.py:178} INFO - Processing /opt/airflow/dags/hadoop-2.7.3/share/hadoop/kms/tomcat/lib/el-api.jar took 0.079 seconds
[2022-10-25T14:31:59.107+0000] {processor.py:156} INFO - Started process (PID=27189) to work on /opt/airflow/dags/hadoop-2.7.3/share/hadoop/kms/tomcat/lib/el-api.jar
[2022-10-25T14:31:59.110+0000] {processor.py:758} INFO - Processing file /opt/airflow/dags/hadoop-2.7.3/share/hadoop/kms/tomcat/lib/el-api.jar for tasks to queue
[2022-10-25T14:31:59.114+0000] {logging_mixin.py:117} INFO - [2022-10-25T14:31:59.113+0000] {dagbag.py:525} INFO - Filling up the DagBag from /opt/airflow/dags/hadoop-2.7.3/share/hadoop/kms/tomcat/lib/el-api.jar
[2022-10-25T14:31:59.126+0000] {processor.py:770} WARNING - No viable dags retrieved from /opt/airflow/dags/hadoop-2.7.3/share/hadoop/kms/tomcat/lib/el-api.jar
[2022-10-25T14:31:59.200+0000] {processor.py:178} INFO - Processing /opt/airflow/dags/hadoop-2.7.3/share/hadoop/kms/tomcat/lib/el-api.jar took 0.118 seconds
[2022-10-25T14:32:10.215+0000] {processor.py:156} INFO - Started process (PID=28339) to work on /opt/airflow/dags/hadoop-2.7.3/share/hadoop/kms/tomcat/lib/el-api.jar
[2022-10-25T14:32:10.220+0000] {processor.py:758} INFO - Processing file /opt/airflow/dags/hadoop-2.7.3/share/hadoop/kms/tomcat/lib/el-api.jar for tasks to queue
[2022-10-25T14:32:10.226+0000] {logging_mixin.py:117} INFO - [2022-10-25T14:32:10.223+0000] {dagbag.py:525} INFO - Filling up the DagBag from /opt/airflow/dags/hadoop-2.7.3/share/hadoop/kms/tomcat/lib/el-api.jar
[2022-10-25T14:32:10.235+0000] {processor.py:770} WARNING - No viable dags retrieved from /opt/airflow/dags/hadoop-2.7.3/share/hadoop/kms/tomcat/lib/el-api.jar
[2022-10-25T14:32:10.287+0000] {processor.py:178} INFO - Processing /opt/airflow/dags/hadoop-2.7.3/share/hadoop/kms/tomcat/lib/el-api.jar took 0.080 seconds
[2022-10-25T14:32:46.231+0000] {processor.py:156} INFO - Started process (PID=27652) to work on /opt/airflow/dags/hadoop-2.7.3/share/hadoop/kms/tomcat/lib/el-api.jar
[2022-10-25T14:32:46.238+0000] {processor.py:758} INFO - Processing file /opt/airflow/dags/hadoop-2.7.3/share/hadoop/kms/tomcat/lib/el-api.jar for tasks to queue
[2022-10-25T14:32:46.242+0000] {logging_mixin.py:117} INFO - [2022-10-25T14:32:46.241+0000] {dagbag.py:525} INFO - Filling up the DagBag from /opt/airflow/dags/hadoop-2.7.3/share/hadoop/kms/tomcat/lib/el-api.jar
[2022-10-25T14:32:46.254+0000] {processor.py:770} WARNING - No viable dags retrieved from /opt/airflow/dags/hadoop-2.7.3/share/hadoop/kms/tomcat/lib/el-api.jar
[2022-10-25T14:32:46.300+0000] {processor.py:178} INFO - Processing /opt/airflow/dags/hadoop-2.7.3/share/hadoop/kms/tomcat/lib/el-api.jar took 0.080 seconds
[2022-10-25T14:33:07.442+0000] {processor.py:156} INFO - Started process (PID=28941) to work on /opt/airflow/dags/hadoop-2.7.3/share/hadoop/kms/tomcat/lib/el-api.jar
[2022-10-25T14:33:07.445+0000] {processor.py:758} INFO - Processing file /opt/airflow/dags/hadoop-2.7.3/share/hadoop/kms/tomcat/lib/el-api.jar for tasks to queue
[2022-10-25T14:33:07.449+0000] {logging_mixin.py:117} INFO - [2022-10-25T14:33:07.449+0000] {dagbag.py:525} INFO - Filling up the DagBag from /opt/airflow/dags/hadoop-2.7.3/share/hadoop/kms/tomcat/lib/el-api.jar
[2022-10-25T14:33:07.461+0000] {processor.py:770} WARNING - No viable dags retrieved from /opt/airflow/dags/hadoop-2.7.3/share/hadoop/kms/tomcat/lib/el-api.jar
[2022-10-25T14:33:07.534+0000] {processor.py:178} INFO - Processing /opt/airflow/dags/hadoop-2.7.3/share/hadoop/kms/tomcat/lib/el-api.jar took 0.109 seconds
[2022-10-25T14:33:30.118+0000] {processor.py:156} INFO - Started process (PID=28084) to work on /opt/airflow/dags/hadoop-2.7.3/share/hadoop/kms/tomcat/lib/el-api.jar
[2022-10-25T14:33:30.122+0000] {processor.py:758} INFO - Processing file /opt/airflow/dags/hadoop-2.7.3/share/hadoop/kms/tomcat/lib/el-api.jar for tasks to queue
[2022-10-25T14:33:30.125+0000] {logging_mixin.py:117} INFO - [2022-10-25T14:33:30.125+0000] {dagbag.py:525} INFO - Filling up the DagBag from /opt/airflow/dags/hadoop-2.7.3/share/hadoop/kms/tomcat/lib/el-api.jar
[2022-10-25T14:33:30.140+0000] {processor.py:770} WARNING - No viable dags retrieved from /opt/airflow/dags/hadoop-2.7.3/share/hadoop/kms/tomcat/lib/el-api.jar
[2022-10-25T14:33:30.185+0000] {processor.py:178} INFO - Processing /opt/airflow/dags/hadoop-2.7.3/share/hadoop/kms/tomcat/lib/el-api.jar took 0.079 seconds
[2022-10-25T14:34:07.831+0000] {processor.py:156} INFO - Started process (PID=29553) to work on /opt/airflow/dags/hadoop-2.7.3/share/hadoop/kms/tomcat/lib/el-api.jar
[2022-10-25T14:34:07.835+0000] {processor.py:758} INFO - Processing file /opt/airflow/dags/hadoop-2.7.3/share/hadoop/kms/tomcat/lib/el-api.jar for tasks to queue
[2022-10-25T14:34:07.839+0000] {logging_mixin.py:117} INFO - [2022-10-25T14:34:07.838+0000] {dagbag.py:525} INFO - Filling up the DagBag from /opt/airflow/dags/hadoop-2.7.3/share/hadoop/kms/tomcat/lib/el-api.jar
[2022-10-25T14:34:07.853+0000] {processor.py:770} WARNING - No viable dags retrieved from /opt/airflow/dags/hadoop-2.7.3/share/hadoop/kms/tomcat/lib/el-api.jar
[2022-10-25T14:34:07.914+0000] {processor.py:178} INFO - Processing /opt/airflow/dags/hadoop-2.7.3/share/hadoop/kms/tomcat/lib/el-api.jar took 0.100 seconds
[2022-10-25T14:35:11.705+0000] {processor.py:156} INFO - Started process (PID=28668) to work on /opt/airflow/dags/hadoop-2.7.3/share/hadoop/kms/tomcat/lib/el-api.jar
[2022-10-25T14:35:11.708+0000] {processor.py:758} INFO - Processing file /opt/airflow/dags/hadoop-2.7.3/share/hadoop/kms/tomcat/lib/el-api.jar for tasks to queue
[2022-10-25T14:35:11.711+0000] {logging_mixin.py:117} INFO - [2022-10-25T14:35:11.710+0000] {dagbag.py:525} INFO - Filling up the DagBag from /opt/airflow/dags/hadoop-2.7.3/share/hadoop/kms/tomcat/lib/el-api.jar
[2022-10-25T14:35:11.719+0000] {processor.py:770} WARNING - No viable dags retrieved from /opt/airflow/dags/hadoop-2.7.3/share/hadoop/kms/tomcat/lib/el-api.jar
[2022-10-25T14:35:11.767+0000] {processor.py:178} INFO - Processing /opt/airflow/dags/hadoop-2.7.3/share/hadoop/kms/tomcat/lib/el-api.jar took 0.073 seconds
[2022-10-25T14:35:28.989+0000] {processor.py:156} INFO - Started process (PID=30021) to work on /opt/airflow/dags/hadoop-2.7.3/share/hadoop/kms/tomcat/lib/el-api.jar
[2022-10-25T14:35:28.993+0000] {processor.py:758} INFO - Processing file /opt/airflow/dags/hadoop-2.7.3/share/hadoop/kms/tomcat/lib/el-api.jar for tasks to queue
[2022-10-25T14:35:28.998+0000] {logging_mixin.py:117} INFO - [2022-10-25T14:35:28.997+0000] {dagbag.py:525} INFO - Filling up the DagBag from /opt/airflow/dags/hadoop-2.7.3/share/hadoop/kms/tomcat/lib/el-api.jar
[2022-10-25T14:35:29.013+0000] {processor.py:770} WARNING - No viable dags retrieved from /opt/airflow/dags/hadoop-2.7.3/share/hadoop/kms/tomcat/lib/el-api.jar
[2022-10-25T14:35:29.058+0000] {processor.py:178} INFO - Processing /opt/airflow/dags/hadoop-2.7.3/share/hadoop/kms/tomcat/lib/el-api.jar took 0.087 seconds
[2022-10-25T14:36:03.098+0000] {processor.py:156} INFO - Started process (PID=29189) to work on /opt/airflow/dags/hadoop-2.7.3/share/hadoop/kms/tomcat/lib/el-api.jar
[2022-10-25T14:36:03.101+0000] {processor.py:758} INFO - Processing file /opt/airflow/dags/hadoop-2.7.3/share/hadoop/kms/tomcat/lib/el-api.jar for tasks to queue
[2022-10-25T14:36:03.104+0000] {logging_mixin.py:117} INFO - [2022-10-25T14:36:03.104+0000] {dagbag.py:525} INFO - Filling up the DagBag from /opt/airflow/dags/hadoop-2.7.3/share/hadoop/kms/tomcat/lib/el-api.jar
[2022-10-25T14:36:03.111+0000] {processor.py:770} WARNING - No viable dags retrieved from /opt/airflow/dags/hadoop-2.7.3/share/hadoop/kms/tomcat/lib/el-api.jar
[2022-10-25T14:36:03.153+0000] {processor.py:178} INFO - Processing /opt/airflow/dags/hadoop-2.7.3/share/hadoop/kms/tomcat/lib/el-api.jar took 0.067 seconds
[2022-10-25T14:36:12.424+0000] {processor.py:156} INFO - Started process (PID=30492) to work on /opt/airflow/dags/hadoop-2.7.3/share/hadoop/kms/tomcat/lib/el-api.jar
[2022-10-25T14:36:12.428+0000] {processor.py:758} INFO - Processing file /opt/airflow/dags/hadoop-2.7.3/share/hadoop/kms/tomcat/lib/el-api.jar for tasks to queue
[2022-10-25T14:36:12.431+0000] {logging_mixin.py:117} INFO - [2022-10-25T14:36:12.430+0000] {dagbag.py:525} INFO - Filling up the DagBag from /opt/airflow/dags/hadoop-2.7.3/share/hadoop/kms/tomcat/lib/el-api.jar
[2022-10-25T14:36:12.439+0000] {processor.py:770} WARNING - No viable dags retrieved from /opt/airflow/dags/hadoop-2.7.3/share/hadoop/kms/tomcat/lib/el-api.jar
[2022-10-25T14:36:12.487+0000] {processor.py:178} INFO - Processing /opt/airflow/dags/hadoop-2.7.3/share/hadoop/kms/tomcat/lib/el-api.jar took 0.074 seconds
[2022-10-25T14:36:50.906+0000] {processor.py:156} INFO - Started process (PID=29660) to work on /opt/airflow/dags/hadoop-2.7.3/share/hadoop/kms/tomcat/lib/el-api.jar
[2022-10-25T14:36:50.924+0000] {processor.py:758} INFO - Processing file /opt/airflow/dags/hadoop-2.7.3/share/hadoop/kms/tomcat/lib/el-api.jar for tasks to queue
[2022-10-25T14:36:50.930+0000] {logging_mixin.py:117} INFO - [2022-10-25T14:36:50.928+0000] {dagbag.py:525} INFO - Filling up the DagBag from /opt/airflow/dags/hadoop-2.7.3/share/hadoop/kms/tomcat/lib/el-api.jar
[2022-10-25T14:36:50.941+0000] {processor.py:770} WARNING - No viable dags retrieved from /opt/airflow/dags/hadoop-2.7.3/share/hadoop/kms/tomcat/lib/el-api.jar
[2022-10-25T14:36:50.990+0000] {processor.py:178} INFO - Processing /opt/airflow/dags/hadoop-2.7.3/share/hadoop/kms/tomcat/lib/el-api.jar took 0.091 seconds
[2022-10-25T14:37:02.353+0000] {processor.py:156} INFO - Started process (PID=31039) to work on /opt/airflow/dags/hadoop-2.7.3/share/hadoop/kms/tomcat/lib/el-api.jar
[2022-10-25T14:37:02.359+0000] {processor.py:758} INFO - Processing file /opt/airflow/dags/hadoop-2.7.3/share/hadoop/kms/tomcat/lib/el-api.jar for tasks to queue
[2022-10-25T14:37:02.362+0000] {logging_mixin.py:117} INFO - [2022-10-25T14:37:02.362+0000] {dagbag.py:525} INFO - Filling up the DagBag from /opt/airflow/dags/hadoop-2.7.3/share/hadoop/kms/tomcat/lib/el-api.jar
[2022-10-25T14:37:02.371+0000] {processor.py:770} WARNING - No viable dags retrieved from /opt/airflow/dags/hadoop-2.7.3/share/hadoop/kms/tomcat/lib/el-api.jar
[2022-10-25T14:37:02.431+0000] {processor.py:178} INFO - Processing /opt/airflow/dags/hadoop-2.7.3/share/hadoop/kms/tomcat/lib/el-api.jar took 0.087 seconds
[2022-10-25T14:37:33.320+0000] {processor.py:156} INFO - Started process (PID=30101) to work on /opt/airflow/dags/hadoop-2.7.3/share/hadoop/kms/tomcat/lib/el-api.jar
[2022-10-25T14:37:33.323+0000] {processor.py:758} INFO - Processing file /opt/airflow/dags/hadoop-2.7.3/share/hadoop/kms/tomcat/lib/el-api.jar for tasks to queue
[2022-10-25T14:37:33.328+0000] {logging_mixin.py:117} INFO - [2022-10-25T14:37:33.328+0000] {dagbag.py:525} INFO - Filling up the DagBag from /opt/airflow/dags/hadoop-2.7.3/share/hadoop/kms/tomcat/lib/el-api.jar
[2022-10-25T14:37:33.350+0000] {processor.py:770} WARNING - No viable dags retrieved from /opt/airflow/dags/hadoop-2.7.3/share/hadoop/kms/tomcat/lib/el-api.jar
[2022-10-25T14:37:33.398+0000] {processor.py:178} INFO - Processing /opt/airflow/dags/hadoop-2.7.3/share/hadoop/kms/tomcat/lib/el-api.jar took 0.091 seconds
[2022-10-25T14:37:50.963+0000] {processor.py:156} INFO - Started process (PID=31576) to work on /opt/airflow/dags/hadoop-2.7.3/share/hadoop/kms/tomcat/lib/el-api.jar
[2022-10-25T14:37:50.966+0000] {processor.py:758} INFO - Processing file /opt/airflow/dags/hadoop-2.7.3/share/hadoop/kms/tomcat/lib/el-api.jar for tasks to queue
[2022-10-25T14:37:50.969+0000] {logging_mixin.py:117} INFO - [2022-10-25T14:37:50.969+0000] {dagbag.py:525} INFO - Filling up the DagBag from /opt/airflow/dags/hadoop-2.7.3/share/hadoop/kms/tomcat/lib/el-api.jar
[2022-10-25T14:37:50.977+0000] {processor.py:770} WARNING - No viable dags retrieved from /opt/airflow/dags/hadoop-2.7.3/share/hadoop/kms/tomcat/lib/el-api.jar
[2022-10-25T14:37:51.019+0000] {processor.py:178} INFO - Processing /opt/airflow/dags/hadoop-2.7.3/share/hadoop/kms/tomcat/lib/el-api.jar took 0.063 seconds
[2022-10-25T14:38:31.188+0000] {processor.py:156} INFO - Started process (PID=30699) to work on /opt/airflow/dags/hadoop-2.7.3/share/hadoop/kms/tomcat/lib/el-api.jar
[2022-10-25T14:38:31.191+0000] {processor.py:758} INFO - Processing file /opt/airflow/dags/hadoop-2.7.3/share/hadoop/kms/tomcat/lib/el-api.jar for tasks to queue
[2022-10-25T14:38:31.193+0000] {logging_mixin.py:117} INFO - [2022-10-25T14:38:31.193+0000] {dagbag.py:525} INFO - Filling up the DagBag from /opt/airflow/dags/hadoop-2.7.3/share/hadoop/kms/tomcat/lib/el-api.jar
[2022-10-25T14:38:31.201+0000] {processor.py:770} WARNING - No viable dags retrieved from /opt/airflow/dags/hadoop-2.7.3/share/hadoop/kms/tomcat/lib/el-api.jar
[2022-10-25T14:38:31.245+0000] {processor.py:178} INFO - Processing /opt/airflow/dags/hadoop-2.7.3/share/hadoop/kms/tomcat/lib/el-api.jar took 0.065 seconds
[2022-10-25T14:38:42.382+0000] {processor.py:156} INFO - Started process (PID=32139) to work on /opt/airflow/dags/hadoop-2.7.3/share/hadoop/kms/tomcat/lib/el-api.jar
[2022-10-25T14:38:42.385+0000] {processor.py:758} INFO - Processing file /opt/airflow/dags/hadoop-2.7.3/share/hadoop/kms/tomcat/lib/el-api.jar for tasks to queue
[2022-10-25T14:38:42.388+0000] {logging_mixin.py:117} INFO - [2022-10-25T14:38:42.388+0000] {dagbag.py:525} INFO - Filling up the DagBag from /opt/airflow/dags/hadoop-2.7.3/share/hadoop/kms/tomcat/lib/el-api.jar
[2022-10-25T14:38:42.400+0000] {processor.py:770} WARNING - No viable dags retrieved from /opt/airflow/dags/hadoop-2.7.3/share/hadoop/kms/tomcat/lib/el-api.jar
[2022-10-25T14:38:42.477+0000] {processor.py:178} INFO - Processing /opt/airflow/dags/hadoop-2.7.3/share/hadoop/kms/tomcat/lib/el-api.jar took 0.105 seconds
[2022-10-25T14:40:13.468+0000] {processor.py:156} INFO - Started process (PID=31358) to work on /opt/airflow/dags/hadoop-2.7.3/share/hadoop/kms/tomcat/lib/el-api.jar
[2022-10-25T14:40:13.479+0000] {processor.py:758} INFO - Processing file /opt/airflow/dags/hadoop-2.7.3/share/hadoop/kms/tomcat/lib/el-api.jar for tasks to queue
[2022-10-25T14:40:13.481+0000] {logging_mixin.py:117} INFO - [2022-10-25T14:40:13.481+0000] {dagbag.py:525} INFO - Filling up the DagBag from /opt/airflow/dags/hadoop-2.7.3/share/hadoop/kms/tomcat/lib/el-api.jar
[2022-10-25T14:40:13.496+0000] {processor.py:770} WARNING - No viable dags retrieved from /opt/airflow/dags/hadoop-2.7.3/share/hadoop/kms/tomcat/lib/el-api.jar
[2022-10-25T14:40:13.555+0000] {processor.py:178} INFO - Processing /opt/airflow/dags/hadoop-2.7.3/share/hadoop/kms/tomcat/lib/el-api.jar took 0.100 seconds
[2022-10-25T14:40:26.482+0000] {processor.py:156} INFO - Started process (PID=32836) to work on /opt/airflow/dags/hadoop-2.7.3/share/hadoop/kms/tomcat/lib/el-api.jar
[2022-10-25T14:40:26.492+0000] {processor.py:758} INFO - Processing file /opt/airflow/dags/hadoop-2.7.3/share/hadoop/kms/tomcat/lib/el-api.jar for tasks to queue
[2022-10-25T14:40:26.499+0000] {logging_mixin.py:117} INFO - [2022-10-25T14:40:26.498+0000] {dagbag.py:525} INFO - Filling up the DagBag from /opt/airflow/dags/hadoop-2.7.3/share/hadoop/kms/tomcat/lib/el-api.jar
[2022-10-25T14:40:26.508+0000] {processor.py:770} WARNING - No viable dags retrieved from /opt/airflow/dags/hadoop-2.7.3/share/hadoop/kms/tomcat/lib/el-api.jar
[2022-10-25T14:40:26.547+0000] {processor.py:178} INFO - Processing /opt/airflow/dags/hadoop-2.7.3/share/hadoop/kms/tomcat/lib/el-api.jar took 0.078 seconds
[2022-10-25T14:41:03.120+0000] {processor.py:156} INFO - Started process (PID=31872) to work on /opt/airflow/dags/hadoop-2.7.3/share/hadoop/kms/tomcat/lib/el-api.jar
[2022-10-25T14:41:03.126+0000] {processor.py:758} INFO - Processing file /opt/airflow/dags/hadoop-2.7.3/share/hadoop/kms/tomcat/lib/el-api.jar for tasks to queue
[2022-10-25T14:41:03.130+0000] {logging_mixin.py:117} INFO - [2022-10-25T14:41:03.130+0000] {dagbag.py:525} INFO - Filling up the DagBag from /opt/airflow/dags/hadoop-2.7.3/share/hadoop/kms/tomcat/lib/el-api.jar
[2022-10-25T14:41:03.147+0000] {processor.py:770} WARNING - No viable dags retrieved from /opt/airflow/dags/hadoop-2.7.3/share/hadoop/kms/tomcat/lib/el-api.jar
[2022-10-25T14:41:03.216+0000] {processor.py:178} INFO - Processing /opt/airflow/dags/hadoop-2.7.3/share/hadoop/kms/tomcat/lib/el-api.jar took 0.108 seconds
[2022-10-25T14:41:14.426+0000] {processor.py:156} INFO - Started process (PID=33358) to work on /opt/airflow/dags/hadoop-2.7.3/share/hadoop/kms/tomcat/lib/el-api.jar
[2022-10-25T14:41:14.429+0000] {processor.py:758} INFO - Processing file /opt/airflow/dags/hadoop-2.7.3/share/hadoop/kms/tomcat/lib/el-api.jar for tasks to queue
[2022-10-25T14:41:14.432+0000] {logging_mixin.py:117} INFO - [2022-10-25T14:41:14.432+0000] {dagbag.py:525} INFO - Filling up the DagBag from /opt/airflow/dags/hadoop-2.7.3/share/hadoop/kms/tomcat/lib/el-api.jar
[2022-10-25T14:41:14.441+0000] {processor.py:770} WARNING - No viable dags retrieved from /opt/airflow/dags/hadoop-2.7.3/share/hadoop/kms/tomcat/lib/el-api.jar
[2022-10-25T14:41:14.494+0000] {processor.py:178} INFO - Processing /opt/airflow/dags/hadoop-2.7.3/share/hadoop/kms/tomcat/lib/el-api.jar took 0.077 seconds
[2022-10-25T14:41:57.740+0000] {processor.py:156} INFO - Started process (PID=32447) to work on /opt/airflow/dags/hadoop-2.7.3/share/hadoop/kms/tomcat/lib/el-api.jar
[2022-10-25T14:41:57.743+0000] {processor.py:758} INFO - Processing file /opt/airflow/dags/hadoop-2.7.3/share/hadoop/kms/tomcat/lib/el-api.jar for tasks to queue
[2022-10-25T14:41:57.746+0000] {logging_mixin.py:117} INFO - [2022-10-25T14:41:57.746+0000] {dagbag.py:525} INFO - Filling up the DagBag from /opt/airflow/dags/hadoop-2.7.3/share/hadoop/kms/tomcat/lib/el-api.jar
[2022-10-25T14:41:57.753+0000] {processor.py:770} WARNING - No viable dags retrieved from /opt/airflow/dags/hadoop-2.7.3/share/hadoop/kms/tomcat/lib/el-api.jar
[2022-10-25T14:41:57.807+0000] {processor.py:178} INFO - Processing /opt/airflow/dags/hadoop-2.7.3/share/hadoop/kms/tomcat/lib/el-api.jar took 0.084 seconds
[2022-10-25T14:41:59.232+0000] {processor.py:156} INFO - Started process (PID=33819) to work on /opt/airflow/dags/hadoop-2.7.3/share/hadoop/kms/tomcat/lib/el-api.jar
[2022-10-25T14:41:59.235+0000] {processor.py:758} INFO - Processing file /opt/airflow/dags/hadoop-2.7.3/share/hadoop/kms/tomcat/lib/el-api.jar for tasks to queue
[2022-10-25T14:41:59.238+0000] {logging_mixin.py:117} INFO - [2022-10-25T14:41:59.238+0000] {dagbag.py:525} INFO - Filling up the DagBag from /opt/airflow/dags/hadoop-2.7.3/share/hadoop/kms/tomcat/lib/el-api.jar
[2022-10-25T14:41:59.246+0000] {processor.py:770} WARNING - No viable dags retrieved from /opt/airflow/dags/hadoop-2.7.3/share/hadoop/kms/tomcat/lib/el-api.jar
[2022-10-25T14:41:59.300+0000] {processor.py:178} INFO - Processing /opt/airflow/dags/hadoop-2.7.3/share/hadoop/kms/tomcat/lib/el-api.jar took 0.080 seconds
[2022-10-25T14:42:51.882+0000] {processor.py:156} INFO - Started process (PID=34379) to work on /opt/airflow/dags/hadoop-2.7.3/share/hadoop/kms/tomcat/lib/el-api.jar
[2022-10-25T14:42:51.885+0000] {processor.py:758} INFO - Processing file /opt/airflow/dags/hadoop-2.7.3/share/hadoop/kms/tomcat/lib/el-api.jar for tasks to queue
[2022-10-25T14:42:51.888+0000] {logging_mixin.py:117} INFO - [2022-10-25T14:42:51.888+0000] {dagbag.py:525} INFO - Filling up the DagBag from /opt/airflow/dags/hadoop-2.7.3/share/hadoop/kms/tomcat/lib/el-api.jar
[2022-10-25T14:42:51.899+0000] {processor.py:770} WARNING - No viable dags retrieved from /opt/airflow/dags/hadoop-2.7.3/share/hadoop/kms/tomcat/lib/el-api.jar
[2022-10-25T14:42:51.952+0000] {processor.py:178} INFO - Processing /opt/airflow/dags/hadoop-2.7.3/share/hadoop/kms/tomcat/lib/el-api.jar took 0.081 seconds
[2022-10-25T14:42:55.459+0000] {processor.py:156} INFO - Started process (PID=33048) to work on /opt/airflow/dags/hadoop-2.7.3/share/hadoop/kms/tomcat/lib/el-api.jar
[2022-10-25T14:42:55.464+0000] {processor.py:758} INFO - Processing file /opt/airflow/dags/hadoop-2.7.3/share/hadoop/kms/tomcat/lib/el-api.jar for tasks to queue
[2022-10-25T14:42:55.468+0000] {logging_mixin.py:117} INFO - [2022-10-25T14:42:55.467+0000] {dagbag.py:525} INFO - Filling up the DagBag from /opt/airflow/dags/hadoop-2.7.3/share/hadoop/kms/tomcat/lib/el-api.jar
[2022-10-25T14:42:55.476+0000] {processor.py:770} WARNING - No viable dags retrieved from /opt/airflow/dags/hadoop-2.7.3/share/hadoop/kms/tomcat/lib/el-api.jar
[2022-10-25T14:42:55.518+0000] {processor.py:178} INFO - Processing /opt/airflow/dags/hadoop-2.7.3/share/hadoop/kms/tomcat/lib/el-api.jar took 0.069 seconds
[2022-10-25T14:43:40.245+0000] {processor.py:156} INFO - Started process (PID=34924) to work on /opt/airflow/dags/hadoop-2.7.3/share/hadoop/kms/tomcat/lib/el-api.jar
[2022-10-25T14:43:40.248+0000] {processor.py:758} INFO - Processing file /opt/airflow/dags/hadoop-2.7.3/share/hadoop/kms/tomcat/lib/el-api.jar for tasks to queue
[2022-10-25T14:43:40.255+0000] {logging_mixin.py:117} INFO - [2022-10-25T14:43:40.255+0000] {dagbag.py:525} INFO - Filling up the DagBag from /opt/airflow/dags/hadoop-2.7.3/share/hadoop/kms/tomcat/lib/el-api.jar
[2022-10-25T14:43:40.262+0000] {processor.py:770} WARNING - No viable dags retrieved from /opt/airflow/dags/hadoop-2.7.3/share/hadoop/kms/tomcat/lib/el-api.jar
[2022-10-25T14:43:40.309+0000] {processor.py:178} INFO - Processing /opt/airflow/dags/hadoop-2.7.3/share/hadoop/kms/tomcat/lib/el-api.jar took 0.072 seconds
[2022-10-25T14:43:55.163+0000] {processor.py:156} INFO - Started process (PID=33655) to work on /opt/airflow/dags/hadoop-2.7.3/share/hadoop/kms/tomcat/lib/el-api.jar
[2022-10-25T14:43:55.167+0000] {processor.py:758} INFO - Processing file /opt/airflow/dags/hadoop-2.7.3/share/hadoop/kms/tomcat/lib/el-api.jar for tasks to queue
[2022-10-25T14:43:55.175+0000] {logging_mixin.py:117} INFO - [2022-10-25T14:43:55.174+0000] {dagbag.py:525} INFO - Filling up the DagBag from /opt/airflow/dags/hadoop-2.7.3/share/hadoop/kms/tomcat/lib/el-api.jar
[2022-10-25T14:43:55.199+0000] {processor.py:770} WARNING - No viable dags retrieved from /opt/airflow/dags/hadoop-2.7.3/share/hadoop/kms/tomcat/lib/el-api.jar
[2022-10-25T14:43:55.272+0000] {processor.py:178} INFO - Processing /opt/airflow/dags/hadoop-2.7.3/share/hadoop/kms/tomcat/lib/el-api.jar took 0.124 seconds
[2022-10-25T15:03:32.016+0000] {processor.py:156} INFO - Started process (PID=34046) to work on /opt/airflow/dags/hadoop-2.7.3/share/hadoop/kms/tomcat/lib/el-api.jar
[2022-10-25T15:03:32.022+0000] {processor.py:758} INFO - Processing file /opt/airflow/dags/hadoop-2.7.3/share/hadoop/kms/tomcat/lib/el-api.jar for tasks to queue
[2022-10-25T15:03:32.026+0000] {logging_mixin.py:117} INFO - [2022-10-25T15:03:32.026+0000] {dagbag.py:525} INFO - Filling up the DagBag from /opt/airflow/dags/hadoop-2.7.3/share/hadoop/kms/tomcat/lib/el-api.jar
[2022-10-25T15:03:32.038+0000] {processor.py:770} WARNING - No viable dags retrieved from /opt/airflow/dags/hadoop-2.7.3/share/hadoop/kms/tomcat/lib/el-api.jar
[2022-10-25T15:03:32.112+0000] {processor.py:178} INFO - Processing /opt/airflow/dags/hadoop-2.7.3/share/hadoop/kms/tomcat/lib/el-api.jar took 0.101 seconds
[2022-10-25T15:03:51.990+0000] {processor.py:156} INFO - Started process (PID=35721) to work on /opt/airflow/dags/hadoop-2.7.3/share/hadoop/kms/tomcat/lib/el-api.jar
[2022-10-25T15:03:52.006+0000] {processor.py:758} INFO - Processing file /opt/airflow/dags/hadoop-2.7.3/share/hadoop/kms/tomcat/lib/el-api.jar for tasks to queue
[2022-10-25T15:03:52.018+0000] {logging_mixin.py:117} INFO - [2022-10-25T15:03:52.018+0000] {dagbag.py:525} INFO - Filling up the DagBag from /opt/airflow/dags/hadoop-2.7.3/share/hadoop/kms/tomcat/lib/el-api.jar
[2022-10-25T15:03:52.069+0000] {processor.py:770} WARNING - No viable dags retrieved from /opt/airflow/dags/hadoop-2.7.3/share/hadoop/kms/tomcat/lib/el-api.jar
[2022-10-25T15:03:52.210+0000] {processor.py:178} INFO - Processing /opt/airflow/dags/hadoop-2.7.3/share/hadoop/kms/tomcat/lib/el-api.jar took 0.229 seconds
[2022-10-25T15:05:09.096+0000] {processor.py:156} INFO - Started process (PID=34594) to work on /opt/airflow/dags/hadoop-2.7.3/share/hadoop/kms/tomcat/lib/el-api.jar
[2022-10-25T15:05:09.099+0000] {processor.py:758} INFO - Processing file /opt/airflow/dags/hadoop-2.7.3/share/hadoop/kms/tomcat/lib/el-api.jar for tasks to queue
[2022-10-25T15:05:09.103+0000] {logging_mixin.py:117} INFO - [2022-10-25T15:05:09.103+0000] {dagbag.py:525} INFO - Filling up the DagBag from /opt/airflow/dags/hadoop-2.7.3/share/hadoop/kms/tomcat/lib/el-api.jar
[2022-10-25T15:05:09.112+0000] {processor.py:770} WARNING - No viable dags retrieved from /opt/airflow/dags/hadoop-2.7.3/share/hadoop/kms/tomcat/lib/el-api.jar
[2022-10-25T15:05:09.171+0000] {processor.py:178} INFO - Processing /opt/airflow/dags/hadoop-2.7.3/share/hadoop/kms/tomcat/lib/el-api.jar took 0.085 seconds
[2022-10-25T15:05:22.486+0000] {processor.py:156} INFO - Started process (PID=36270) to work on /opt/airflow/dags/hadoop-2.7.3/share/hadoop/kms/tomcat/lib/el-api.jar
[2022-10-25T15:05:22.491+0000] {processor.py:758} INFO - Processing file /opt/airflow/dags/hadoop-2.7.3/share/hadoop/kms/tomcat/lib/el-api.jar for tasks to queue
[2022-10-25T15:05:22.495+0000] {logging_mixin.py:117} INFO - [2022-10-25T15:05:22.494+0000] {dagbag.py:525} INFO - Filling up the DagBag from /opt/airflow/dags/hadoop-2.7.3/share/hadoop/kms/tomcat/lib/el-api.jar
[2022-10-25T15:05:22.503+0000] {processor.py:770} WARNING - No viable dags retrieved from /opt/airflow/dags/hadoop-2.7.3/share/hadoop/kms/tomcat/lib/el-api.jar
[2022-10-25T15:05:22.553+0000] {processor.py:178} INFO - Processing /opt/airflow/dags/hadoop-2.7.3/share/hadoop/kms/tomcat/lib/el-api.jar took 0.077 seconds
[2022-10-25T15:06:02.047+0000] {processor.py:156} INFO - Started process (PID=35118) to work on /opt/airflow/dags/hadoop-2.7.3/share/hadoop/kms/tomcat/lib/el-api.jar
[2022-10-25T15:06:02.051+0000] {processor.py:758} INFO - Processing file /opt/airflow/dags/hadoop-2.7.3/share/hadoop/kms/tomcat/lib/el-api.jar for tasks to queue
[2022-10-25T15:06:02.057+0000] {logging_mixin.py:117} INFO - [2022-10-25T15:06:02.056+0000] {dagbag.py:525} INFO - Filling up the DagBag from /opt/airflow/dags/hadoop-2.7.3/share/hadoop/kms/tomcat/lib/el-api.jar
[2022-10-25T15:06:02.068+0000] {processor.py:770} WARNING - No viable dags retrieved from /opt/airflow/dags/hadoop-2.7.3/share/hadoop/kms/tomcat/lib/el-api.jar
[2022-10-25T15:06:02.133+0000] {processor.py:178} INFO - Processing /opt/airflow/dags/hadoop-2.7.3/share/hadoop/kms/tomcat/lib/el-api.jar took 0.096 seconds
[2022-10-25T15:06:10.884+0000] {processor.py:156} INFO - Started process (PID=36791) to work on /opt/airflow/dags/hadoop-2.7.3/share/hadoop/kms/tomcat/lib/el-api.jar
[2022-10-25T15:06:10.889+0000] {processor.py:758} INFO - Processing file /opt/airflow/dags/hadoop-2.7.3/share/hadoop/kms/tomcat/lib/el-api.jar for tasks to queue
[2022-10-25T15:06:10.893+0000] {logging_mixin.py:117} INFO - [2022-10-25T15:06:10.893+0000] {dagbag.py:525} INFO - Filling up the DagBag from /opt/airflow/dags/hadoop-2.7.3/share/hadoop/kms/tomcat/lib/el-api.jar
[2022-10-25T15:06:10.909+0000] {processor.py:770} WARNING - No viable dags retrieved from /opt/airflow/dags/hadoop-2.7.3/share/hadoop/kms/tomcat/lib/el-api.jar
[2022-10-25T15:06:10.958+0000] {processor.py:178} INFO - Processing /opt/airflow/dags/hadoop-2.7.3/share/hadoop/kms/tomcat/lib/el-api.jar took 0.082 seconds
[2022-10-25T15:06:48.889+0000] {processor.py:156} INFO - Started process (PID=35603) to work on /opt/airflow/dags/hadoop-2.7.3/share/hadoop/kms/tomcat/lib/el-api.jar
[2022-10-25T15:06:48.892+0000] {processor.py:758} INFO - Processing file /opt/airflow/dags/hadoop-2.7.3/share/hadoop/kms/tomcat/lib/el-api.jar for tasks to queue
[2022-10-25T15:06:48.896+0000] {logging_mixin.py:117} INFO - [2022-10-25T15:06:48.896+0000] {dagbag.py:525} INFO - Filling up the DagBag from /opt/airflow/dags/hadoop-2.7.3/share/hadoop/kms/tomcat/lib/el-api.jar
[2022-10-25T15:06:48.906+0000] {processor.py:770} WARNING - No viable dags retrieved from /opt/airflow/dags/hadoop-2.7.3/share/hadoop/kms/tomcat/lib/el-api.jar
[2022-10-25T15:06:48.941+0000] {processor.py:178} INFO - Processing /opt/airflow/dags/hadoop-2.7.3/share/hadoop/kms/tomcat/lib/el-api.jar took 0.062 seconds
[2022-10-25T15:06:54.584+0000] {processor.py:156} INFO - Started process (PID=37306) to work on /opt/airflow/dags/hadoop-2.7.3/share/hadoop/kms/tomcat/lib/el-api.jar
[2022-10-25T15:06:54.586+0000] {processor.py:758} INFO - Processing file /opt/airflow/dags/hadoop-2.7.3/share/hadoop/kms/tomcat/lib/el-api.jar for tasks to queue
[2022-10-25T15:06:54.589+0000] {logging_mixin.py:117} INFO - [2022-10-25T15:06:54.589+0000] {dagbag.py:525} INFO - Filling up the DagBag from /opt/airflow/dags/hadoop-2.7.3/share/hadoop/kms/tomcat/lib/el-api.jar
[2022-10-25T15:06:54.596+0000] {processor.py:770} WARNING - No viable dags retrieved from /opt/airflow/dags/hadoop-2.7.3/share/hadoop/kms/tomcat/lib/el-api.jar
[2022-10-25T15:06:54.647+0000] {processor.py:178} INFO - Processing /opt/airflow/dags/hadoop-2.7.3/share/hadoop/kms/tomcat/lib/el-api.jar took 0.072 seconds
