[2022-10-25T00:37:50.541+0000] {processor.py:156} INFO - Started process (PID=4426) to work on /opt/airflow/dags/hadoop-2.7.3/share/hadoop/kms/tomcat/lib/jsp-api.jar
[2022-10-25T00:37:50.549+0000] {processor.py:758} INFO - Processing file /opt/airflow/dags/hadoop-2.7.3/share/hadoop/kms/tomcat/lib/jsp-api.jar for tasks to queue
[2022-10-25T00:37:50.555+0000] {logging_mixin.py:117} INFO - [2022-10-25T00:37:50.555+0000] {dagbag.py:525} INFO - Filling up the DagBag from /opt/airflow/dags/hadoop-2.7.3/share/hadoop/kms/tomcat/lib/jsp-api.jar
[2022-10-25T00:37:50.565+0000] {processor.py:770} WARNING - No viable dags retrieved from /opt/airflow/dags/hadoop-2.7.3/share/hadoop/kms/tomcat/lib/jsp-api.jar
[2022-10-25T00:37:50.600+0000] {processor.py:178} INFO - Processing /opt/airflow/dags/hadoop-2.7.3/share/hadoop/kms/tomcat/lib/jsp-api.jar took 0.066 seconds
[2022-10-25T00:38:19.972+0000] {processor.py:156} INFO - Started process (PID=2457) to work on /opt/airflow/dags/hadoop-2.7.3/share/hadoop/kms/tomcat/lib/jsp-api.jar
[2022-10-25T00:38:19.976+0000] {processor.py:758} INFO - Processing file /opt/airflow/dags/hadoop-2.7.3/share/hadoop/kms/tomcat/lib/jsp-api.jar for tasks to queue
[2022-10-25T00:38:19.986+0000] {logging_mixin.py:117} INFO - [2022-10-25T00:38:19.986+0000] {dagbag.py:525} INFO - Filling up the DagBag from /opt/airflow/dags/hadoop-2.7.3/share/hadoop/kms/tomcat/lib/jsp-api.jar
[2022-10-25T00:38:19.997+0000] {processor.py:770} WARNING - No viable dags retrieved from /opt/airflow/dags/hadoop-2.7.3/share/hadoop/kms/tomcat/lib/jsp-api.jar
[2022-10-25T00:38:20.033+0000] {processor.py:178} INFO - Processing /opt/airflow/dags/hadoop-2.7.3/share/hadoop/kms/tomcat/lib/jsp-api.jar took 0.066 seconds
[2022-10-25T00:38:30.035+0000] {processor.py:156} INFO - Started process (PID=4941) to work on /opt/airflow/dags/hadoop-2.7.3/share/hadoop/kms/tomcat/lib/jsp-api.jar
[2022-10-25T00:38:30.037+0000] {processor.py:758} INFO - Processing file /opt/airflow/dags/hadoop-2.7.3/share/hadoop/kms/tomcat/lib/jsp-api.jar for tasks to queue
[2022-10-25T00:38:30.040+0000] {logging_mixin.py:117} INFO - [2022-10-25T00:38:30.038+0000] {dagbag.py:525} INFO - Filling up the DagBag from /opt/airflow/dags/hadoop-2.7.3/share/hadoop/kms/tomcat/lib/jsp-api.jar
[2022-10-25T00:38:30.048+0000] {processor.py:770} WARNING - No viable dags retrieved from /opt/airflow/dags/hadoop-2.7.3/share/hadoop/kms/tomcat/lib/jsp-api.jar
[2022-10-25T00:38:30.079+0000] {processor.py:178} INFO - Processing /opt/airflow/dags/hadoop-2.7.3/share/hadoop/kms/tomcat/lib/jsp-api.jar took 0.049 seconds
[2022-10-25T00:38:58.070+0000] {processor.py:156} INFO - Started process (PID=2965) to work on /opt/airflow/dags/hadoop-2.7.3/share/hadoop/kms/tomcat/lib/jsp-api.jar
[2022-10-25T00:38:58.074+0000] {processor.py:758} INFO - Processing file /opt/airflow/dags/hadoop-2.7.3/share/hadoop/kms/tomcat/lib/jsp-api.jar for tasks to queue
[2022-10-25T00:38:58.083+0000] {logging_mixin.py:117} INFO - [2022-10-25T00:38:58.082+0000] {dagbag.py:525} INFO - Filling up the DagBag from /opt/airflow/dags/hadoop-2.7.3/share/hadoop/kms/tomcat/lib/jsp-api.jar
[2022-10-25T00:38:58.092+0000] {processor.py:770} WARNING - No viable dags retrieved from /opt/airflow/dags/hadoop-2.7.3/share/hadoop/kms/tomcat/lib/jsp-api.jar
[2022-10-25T00:38:58.119+0000] {processor.py:178} INFO - Processing /opt/airflow/dags/hadoop-2.7.3/share/hadoop/kms/tomcat/lib/jsp-api.jar took 0.057 seconds
[2022-10-25T00:39:10.166+0000] {processor.py:156} INFO - Started process (PID=5457) to work on /opt/airflow/dags/hadoop-2.7.3/share/hadoop/kms/tomcat/lib/jsp-api.jar
[2022-10-25T00:39:10.169+0000] {processor.py:758} INFO - Processing file /opt/airflow/dags/hadoop-2.7.3/share/hadoop/kms/tomcat/lib/jsp-api.jar for tasks to queue
[2022-10-25T00:39:10.171+0000] {logging_mixin.py:117} INFO - [2022-10-25T00:39:10.171+0000] {dagbag.py:525} INFO - Filling up the DagBag from /opt/airflow/dags/hadoop-2.7.3/share/hadoop/kms/tomcat/lib/jsp-api.jar
[2022-10-25T00:39:10.179+0000] {processor.py:770} WARNING - No viable dags retrieved from /opt/airflow/dags/hadoop-2.7.3/share/hadoop/kms/tomcat/lib/jsp-api.jar
[2022-10-25T00:39:10.213+0000] {processor.py:178} INFO - Processing /opt/airflow/dags/hadoop-2.7.3/share/hadoop/kms/tomcat/lib/jsp-api.jar took 0.059 seconds
[2022-10-25T00:39:38.486+0000] {processor.py:156} INFO - Started process (PID=3481) to work on /opt/airflow/dags/hadoop-2.7.3/share/hadoop/kms/tomcat/lib/jsp-api.jar
[2022-10-25T00:39:38.492+0000] {processor.py:758} INFO - Processing file /opt/airflow/dags/hadoop-2.7.3/share/hadoop/kms/tomcat/lib/jsp-api.jar for tasks to queue
[2022-10-25T00:39:38.504+0000] {logging_mixin.py:117} INFO - [2022-10-25T00:39:38.504+0000] {dagbag.py:525} INFO - Filling up the DagBag from /opt/airflow/dags/hadoop-2.7.3/share/hadoop/kms/tomcat/lib/jsp-api.jar
[2022-10-25T00:39:38.514+0000] {processor.py:770} WARNING - No viable dags retrieved from /opt/airflow/dags/hadoop-2.7.3/share/hadoop/kms/tomcat/lib/jsp-api.jar
[2022-10-25T00:39:38.554+0000] {processor.py:178} INFO - Processing /opt/airflow/dags/hadoop-2.7.3/share/hadoop/kms/tomcat/lib/jsp-api.jar took 0.082 seconds
[2022-10-25T00:52:53.359+0000] {processor.py:156} INFO - Started process (PID=6050) to work on /opt/airflow/dags/hadoop-2.7.3/share/hadoop/kms/tomcat/lib/jsp-api.jar
[2022-10-25T00:52:53.362+0000] {processor.py:758} INFO - Processing file /opt/airflow/dags/hadoop-2.7.3/share/hadoop/kms/tomcat/lib/jsp-api.jar for tasks to queue
[2022-10-25T00:52:53.364+0000] {logging_mixin.py:117} INFO - [2022-10-25T00:52:53.364+0000] {dagbag.py:525} INFO - Filling up the DagBag from /opt/airflow/dags/hadoop-2.7.3/share/hadoop/kms/tomcat/lib/jsp-api.jar
[2022-10-25T00:52:53.372+0000] {processor.py:770} WARNING - No viable dags retrieved from /opt/airflow/dags/hadoop-2.7.3/share/hadoop/kms/tomcat/lib/jsp-api.jar
[2022-10-25T00:52:53.416+0000] {processor.py:178} INFO - Processing /opt/airflow/dags/hadoop-2.7.3/share/hadoop/kms/tomcat/lib/jsp-api.jar took 0.071 seconds
[2022-10-25T00:53:14.044+0000] {processor.py:156} INFO - Started process (PID=3964) to work on /opt/airflow/dags/hadoop-2.7.3/share/hadoop/kms/tomcat/lib/jsp-api.jar
[2022-10-25T00:53:14.050+0000] {processor.py:758} INFO - Processing file /opt/airflow/dags/hadoop-2.7.3/share/hadoop/kms/tomcat/lib/jsp-api.jar for tasks to queue
[2022-10-25T00:53:14.061+0000] {logging_mixin.py:117} INFO - [2022-10-25T00:53:14.060+0000] {dagbag.py:525} INFO - Filling up the DagBag from /opt/airflow/dags/hadoop-2.7.3/share/hadoop/kms/tomcat/lib/jsp-api.jar
[2022-10-25T00:53:14.074+0000] {processor.py:770} WARNING - No viable dags retrieved from /opt/airflow/dags/hadoop-2.7.3/share/hadoop/kms/tomcat/lib/jsp-api.jar
[2022-10-25T00:53:14.145+0000] {processor.py:178} INFO - Processing /opt/airflow/dags/hadoop-2.7.3/share/hadoop/kms/tomcat/lib/jsp-api.jar took 0.113 seconds
[2022-10-25T00:53:35.272+0000] {processor.py:156} INFO - Started process (PID=6566) to work on /opt/airflow/dags/hadoop-2.7.3/share/hadoop/kms/tomcat/lib/jsp-api.jar
[2022-10-25T00:53:35.281+0000] {processor.py:758} INFO - Processing file /opt/airflow/dags/hadoop-2.7.3/share/hadoop/kms/tomcat/lib/jsp-api.jar for tasks to queue
[2022-10-25T00:53:35.286+0000] {logging_mixin.py:117} INFO - [2022-10-25T00:53:35.284+0000] {dagbag.py:525} INFO - Filling up the DagBag from /opt/airflow/dags/hadoop-2.7.3/share/hadoop/kms/tomcat/lib/jsp-api.jar
[2022-10-25T00:53:35.296+0000] {processor.py:770} WARNING - No viable dags retrieved from /opt/airflow/dags/hadoop-2.7.3/share/hadoop/kms/tomcat/lib/jsp-api.jar
[2022-10-25T00:53:35.343+0000] {processor.py:178} INFO - Processing /opt/airflow/dags/hadoop-2.7.3/share/hadoop/kms/tomcat/lib/jsp-api.jar took 0.079 seconds
[2022-10-25T00:53:55.176+0000] {processor.py:156} INFO - Started process (PID=4479) to work on /opt/airflow/dags/hadoop-2.7.3/share/hadoop/kms/tomcat/lib/jsp-api.jar
[2022-10-25T00:53:55.180+0000] {processor.py:758} INFO - Processing file /opt/airflow/dags/hadoop-2.7.3/share/hadoop/kms/tomcat/lib/jsp-api.jar for tasks to queue
[2022-10-25T00:53:55.186+0000] {logging_mixin.py:117} INFO - [2022-10-25T00:53:55.186+0000] {dagbag.py:525} INFO - Filling up the DagBag from /opt/airflow/dags/hadoop-2.7.3/share/hadoop/kms/tomcat/lib/jsp-api.jar
[2022-10-25T00:53:55.197+0000] {processor.py:770} WARNING - No viable dags retrieved from /opt/airflow/dags/hadoop-2.7.3/share/hadoop/kms/tomcat/lib/jsp-api.jar
[2022-10-25T00:53:55.271+0000] {processor.py:178} INFO - Processing /opt/airflow/dags/hadoop-2.7.3/share/hadoop/kms/tomcat/lib/jsp-api.jar took 0.101 seconds
[2022-10-25T00:54:15.655+0000] {processor.py:156} INFO - Started process (PID=7081) to work on /opt/airflow/dags/hadoop-2.7.3/share/hadoop/kms/tomcat/lib/jsp-api.jar
[2022-10-25T00:54:15.658+0000] {processor.py:758} INFO - Processing file /opt/airflow/dags/hadoop-2.7.3/share/hadoop/kms/tomcat/lib/jsp-api.jar for tasks to queue
[2022-10-25T00:54:15.661+0000] {logging_mixin.py:117} INFO - [2022-10-25T00:54:15.661+0000] {dagbag.py:525} INFO - Filling up the DagBag from /opt/airflow/dags/hadoop-2.7.3/share/hadoop/kms/tomcat/lib/jsp-api.jar
[2022-10-25T00:54:15.671+0000] {processor.py:770} WARNING - No viable dags retrieved from /opt/airflow/dags/hadoop-2.7.3/share/hadoop/kms/tomcat/lib/jsp-api.jar
[2022-10-25T00:54:15.714+0000] {processor.py:178} INFO - Processing /opt/airflow/dags/hadoop-2.7.3/share/hadoop/kms/tomcat/lib/jsp-api.jar took 0.072 seconds
[2022-10-25T00:54:40.158+0000] {processor.py:156} INFO - Started process (PID=4986) to work on /opt/airflow/dags/hadoop-2.7.3/share/hadoop/kms/tomcat/lib/jsp-api.jar
[2022-10-25T00:54:40.168+0000] {processor.py:758} INFO - Processing file /opt/airflow/dags/hadoop-2.7.3/share/hadoop/kms/tomcat/lib/jsp-api.jar for tasks to queue
[2022-10-25T00:54:40.182+0000] {logging_mixin.py:117} INFO - [2022-10-25T00:54:40.181+0000] {dagbag.py:525} INFO - Filling up the DagBag from /opt/airflow/dags/hadoop-2.7.3/share/hadoop/kms/tomcat/lib/jsp-api.jar
[2022-10-25T00:54:40.193+0000] {processor.py:770} WARNING - No viable dags retrieved from /opt/airflow/dags/hadoop-2.7.3/share/hadoop/kms/tomcat/lib/jsp-api.jar
[2022-10-25T00:54:40.247+0000] {processor.py:178} INFO - Processing /opt/airflow/dags/hadoop-2.7.3/share/hadoop/kms/tomcat/lib/jsp-api.jar took 0.099 seconds
[2022-10-25T00:55:13.084+0000] {processor.py:156} INFO - Started process (PID=7581) to work on /opt/airflow/dags/hadoop-2.7.3/share/hadoop/kms/tomcat/lib/jsp-api.jar
[2022-10-25T00:55:13.101+0000] {processor.py:758} INFO - Processing file /opt/airflow/dags/hadoop-2.7.3/share/hadoop/kms/tomcat/lib/jsp-api.jar for tasks to queue
[2022-10-25T00:55:13.104+0000] {logging_mixin.py:117} INFO - [2022-10-25T00:55:13.104+0000] {dagbag.py:525} INFO - Filling up the DagBag from /opt/airflow/dags/hadoop-2.7.3/share/hadoop/kms/tomcat/lib/jsp-api.jar
[2022-10-25T00:55:13.116+0000] {processor.py:770} WARNING - No viable dags retrieved from /opt/airflow/dags/hadoop-2.7.3/share/hadoop/kms/tomcat/lib/jsp-api.jar
[2022-10-25T00:55:13.166+0000] {processor.py:178} INFO - Processing /opt/airflow/dags/hadoop-2.7.3/share/hadoop/kms/tomcat/lib/jsp-api.jar took 0.108 seconds
[2022-10-25T00:55:49.761+0000] {processor.py:156} INFO - Started process (PID=5494) to work on /opt/airflow/dags/hadoop-2.7.3/share/hadoop/kms/tomcat/lib/jsp-api.jar
[2022-10-25T00:55:49.766+0000] {processor.py:758} INFO - Processing file /opt/airflow/dags/hadoop-2.7.3/share/hadoop/kms/tomcat/lib/jsp-api.jar for tasks to queue
[2022-10-25T00:55:49.777+0000] {logging_mixin.py:117} INFO - [2022-10-25T00:55:49.776+0000] {dagbag.py:525} INFO - Filling up the DagBag from /opt/airflow/dags/hadoop-2.7.3/share/hadoop/kms/tomcat/lib/jsp-api.jar
[2022-10-25T00:55:49.810+0000] {processor.py:770} WARNING - No viable dags retrieved from /opt/airflow/dags/hadoop-2.7.3/share/hadoop/kms/tomcat/lib/jsp-api.jar
[2022-10-25T00:55:49.919+0000] {processor.py:178} INFO - Processing /opt/airflow/dags/hadoop-2.7.3/share/hadoop/kms/tomcat/lib/jsp-api.jar took 0.176 seconds
[2022-10-25T14:08:46.444+0000] {processor.py:156} INFO - Started process (PID=18776) to work on /opt/airflow/dags/hadoop-2.7.3/share/hadoop/kms/tomcat/lib/jsp-api.jar
[2022-10-25T14:08:46.446+0000] {processor.py:758} INFO - Processing file /opt/airflow/dags/hadoop-2.7.3/share/hadoop/kms/tomcat/lib/jsp-api.jar for tasks to queue
[2022-10-25T14:08:46.450+0000] {logging_mixin.py:117} INFO - [2022-10-25T14:08:46.449+0000] {dagbag.py:525} INFO - Filling up the DagBag from /opt/airflow/dags/hadoop-2.7.3/share/hadoop/kms/tomcat/lib/jsp-api.jar
[2022-10-25T14:08:46.458+0000] {processor.py:770} WARNING - No viable dags retrieved from /opt/airflow/dags/hadoop-2.7.3/share/hadoop/kms/tomcat/lib/jsp-api.jar
[2022-10-25T14:08:46.540+0000] {processor.py:178} INFO - Processing /opt/airflow/dags/hadoop-2.7.3/share/hadoop/kms/tomcat/lib/jsp-api.jar took 0.102 seconds
[2022-10-25T14:09:01.922+0000] {processor.py:156} INFO - Started process (PID=17696) to work on /opt/airflow/dags/hadoop-2.7.3/share/hadoop/kms/tomcat/lib/jsp-api.jar
[2022-10-25T14:09:01.925+0000] {processor.py:758} INFO - Processing file /opt/airflow/dags/hadoop-2.7.3/share/hadoop/kms/tomcat/lib/jsp-api.jar for tasks to queue
[2022-10-25T14:09:01.927+0000] {logging_mixin.py:117} INFO - [2022-10-25T14:09:01.927+0000] {dagbag.py:525} INFO - Filling up the DagBag from /opt/airflow/dags/hadoop-2.7.3/share/hadoop/kms/tomcat/lib/jsp-api.jar
[2022-10-25T14:09:01.939+0000] {processor.py:770} WARNING - No viable dags retrieved from /opt/airflow/dags/hadoop-2.7.3/share/hadoop/kms/tomcat/lib/jsp-api.jar
[2022-10-25T14:09:01.982+0000] {processor.py:178} INFO - Processing /opt/airflow/dags/hadoop-2.7.3/share/hadoop/kms/tomcat/lib/jsp-api.jar took 0.068 seconds
[2022-10-25T14:09:32.911+0000] {processor.py:156} INFO - Started process (PID=19300) to work on /opt/airflow/dags/hadoop-2.7.3/share/hadoop/kms/tomcat/lib/jsp-api.jar
[2022-10-25T14:09:32.921+0000] {processor.py:758} INFO - Processing file /opt/airflow/dags/hadoop-2.7.3/share/hadoop/kms/tomcat/lib/jsp-api.jar for tasks to queue
[2022-10-25T14:09:32.925+0000] {logging_mixin.py:117} INFO - [2022-10-25T14:09:32.924+0000] {dagbag.py:525} INFO - Filling up the DagBag from /opt/airflow/dags/hadoop-2.7.3/share/hadoop/kms/tomcat/lib/jsp-api.jar
[2022-10-25T14:09:32.938+0000] {processor.py:770} WARNING - No viable dags retrieved from /opt/airflow/dags/hadoop-2.7.3/share/hadoop/kms/tomcat/lib/jsp-api.jar
[2022-10-25T14:09:32.972+0000] {processor.py:178} INFO - Processing /opt/airflow/dags/hadoop-2.7.3/share/hadoop/kms/tomcat/lib/jsp-api.jar took 0.091 seconds
[2022-10-25T14:09:46.136+0000] {processor.py:156} INFO - Started process (PID=18211) to work on /opt/airflow/dags/hadoop-2.7.3/share/hadoop/kms/tomcat/lib/jsp-api.jar
[2022-10-25T14:09:46.139+0000] {processor.py:758} INFO - Processing file /opt/airflow/dags/hadoop-2.7.3/share/hadoop/kms/tomcat/lib/jsp-api.jar for tasks to queue
[2022-10-25T14:09:46.141+0000] {logging_mixin.py:117} INFO - [2022-10-25T14:09:46.141+0000] {dagbag.py:525} INFO - Filling up the DagBag from /opt/airflow/dags/hadoop-2.7.3/share/hadoop/kms/tomcat/lib/jsp-api.jar
[2022-10-25T14:09:46.151+0000] {processor.py:770} WARNING - No viable dags retrieved from /opt/airflow/dags/hadoop-2.7.3/share/hadoop/kms/tomcat/lib/jsp-api.jar
[2022-10-25T14:09:46.193+0000] {processor.py:178} INFO - Processing /opt/airflow/dags/hadoop-2.7.3/share/hadoop/kms/tomcat/lib/jsp-api.jar took 0.064 seconds
[2022-10-25T14:10:13.176+0000] {processor.py:156} INFO - Started process (PID=19816) to work on /opt/airflow/dags/hadoop-2.7.3/share/hadoop/kms/tomcat/lib/jsp-api.jar
[2022-10-25T14:10:13.178+0000] {processor.py:758} INFO - Processing file /opt/airflow/dags/hadoop-2.7.3/share/hadoop/kms/tomcat/lib/jsp-api.jar for tasks to queue
[2022-10-25T14:10:13.180+0000] {logging_mixin.py:117} INFO - [2022-10-25T14:10:13.180+0000] {dagbag.py:525} INFO - Filling up the DagBag from /opt/airflow/dags/hadoop-2.7.3/share/hadoop/kms/tomcat/lib/jsp-api.jar
[2022-10-25T14:10:13.187+0000] {processor.py:770} WARNING - No viable dags retrieved from /opt/airflow/dags/hadoop-2.7.3/share/hadoop/kms/tomcat/lib/jsp-api.jar
[2022-10-25T14:10:13.214+0000] {processor.py:178} INFO - Processing /opt/airflow/dags/hadoop-2.7.3/share/hadoop/kms/tomcat/lib/jsp-api.jar took 0.045 seconds
[2022-10-25T14:10:29.402+0000] {processor.py:156} INFO - Started process (PID=18725) to work on /opt/airflow/dags/hadoop-2.7.3/share/hadoop/kms/tomcat/lib/jsp-api.jar
[2022-10-25T14:10:29.405+0000] {processor.py:758} INFO - Processing file /opt/airflow/dags/hadoop-2.7.3/share/hadoop/kms/tomcat/lib/jsp-api.jar for tasks to queue
[2022-10-25T14:10:29.407+0000] {logging_mixin.py:117} INFO - [2022-10-25T14:10:29.407+0000] {dagbag.py:525} INFO - Filling up the DagBag from /opt/airflow/dags/hadoop-2.7.3/share/hadoop/kms/tomcat/lib/jsp-api.jar
[2022-10-25T14:10:29.414+0000] {processor.py:770} WARNING - No viable dags retrieved from /opt/airflow/dags/hadoop-2.7.3/share/hadoop/kms/tomcat/lib/jsp-api.jar
[2022-10-25T14:10:29.444+0000] {processor.py:178} INFO - Processing /opt/airflow/dags/hadoop-2.7.3/share/hadoop/kms/tomcat/lib/jsp-api.jar took 0.050 seconds
[2022-10-25T14:10:56.876+0000] {processor.py:156} INFO - Started process (PID=20332) to work on /opt/airflow/dags/hadoop-2.7.3/share/hadoop/kms/tomcat/lib/jsp-api.jar
[2022-10-25T14:10:56.878+0000] {processor.py:758} INFO - Processing file /opt/airflow/dags/hadoop-2.7.3/share/hadoop/kms/tomcat/lib/jsp-api.jar for tasks to queue
[2022-10-25T14:10:56.881+0000] {logging_mixin.py:117} INFO - [2022-10-25T14:10:56.881+0000] {dagbag.py:525} INFO - Filling up the DagBag from /opt/airflow/dags/hadoop-2.7.3/share/hadoop/kms/tomcat/lib/jsp-api.jar
[2022-10-25T14:10:56.892+0000] {processor.py:770} WARNING - No viable dags retrieved from /opt/airflow/dags/hadoop-2.7.3/share/hadoop/kms/tomcat/lib/jsp-api.jar
[2022-10-25T14:10:56.937+0000] {processor.py:178} INFO - Processing /opt/airflow/dags/hadoop-2.7.3/share/hadoop/kms/tomcat/lib/jsp-api.jar took 0.068 seconds
[2022-10-25T14:11:09.425+0000] {processor.py:156} INFO - Started process (PID=19212) to work on /opt/airflow/dags/hadoop-2.7.3/share/hadoop/kms/tomcat/lib/jsp-api.jar
[2022-10-25T14:11:09.427+0000] {processor.py:758} INFO - Processing file /opt/airflow/dags/hadoop-2.7.3/share/hadoop/kms/tomcat/lib/jsp-api.jar for tasks to queue
[2022-10-25T14:11:09.429+0000] {logging_mixin.py:117} INFO - [2022-10-25T14:11:09.429+0000] {dagbag.py:525} INFO - Filling up the DagBag from /opt/airflow/dags/hadoop-2.7.3/share/hadoop/kms/tomcat/lib/jsp-api.jar
[2022-10-25T14:11:09.437+0000] {processor.py:770} WARNING - No viable dags retrieved from /opt/airflow/dags/hadoop-2.7.3/share/hadoop/kms/tomcat/lib/jsp-api.jar
[2022-10-25T14:11:09.472+0000] {processor.py:178} INFO - Processing /opt/airflow/dags/hadoop-2.7.3/share/hadoop/kms/tomcat/lib/jsp-api.jar took 0.055 seconds
[2022-10-25T14:11:38.538+0000] {processor.py:156} INFO - Started process (PID=20853) to work on /opt/airflow/dags/hadoop-2.7.3/share/hadoop/kms/tomcat/lib/jsp-api.jar
[2022-10-25T14:11:38.540+0000] {processor.py:758} INFO - Processing file /opt/airflow/dags/hadoop-2.7.3/share/hadoop/kms/tomcat/lib/jsp-api.jar for tasks to queue
[2022-10-25T14:11:38.542+0000] {logging_mixin.py:117} INFO - [2022-10-25T14:11:38.542+0000] {dagbag.py:525} INFO - Filling up the DagBag from /opt/airflow/dags/hadoop-2.7.3/share/hadoop/kms/tomcat/lib/jsp-api.jar
[2022-10-25T14:11:38.548+0000] {processor.py:770} WARNING - No viable dags retrieved from /opt/airflow/dags/hadoop-2.7.3/share/hadoop/kms/tomcat/lib/jsp-api.jar
[2022-10-25T14:11:38.578+0000] {processor.py:178} INFO - Processing /opt/airflow/dags/hadoop-2.7.3/share/hadoop/kms/tomcat/lib/jsp-api.jar took 0.045 seconds
[2022-10-25T14:11:51.998+0000] {processor.py:156} INFO - Started process (PID=19727) to work on /opt/airflow/dags/hadoop-2.7.3/share/hadoop/kms/tomcat/lib/jsp-api.jar
[2022-10-25T14:11:52.002+0000] {processor.py:758} INFO - Processing file /opt/airflow/dags/hadoop-2.7.3/share/hadoop/kms/tomcat/lib/jsp-api.jar for tasks to queue
[2022-10-25T14:11:52.004+0000] {logging_mixin.py:117} INFO - [2022-10-25T14:11:52.003+0000] {dagbag.py:525} INFO - Filling up the DagBag from /opt/airflow/dags/hadoop-2.7.3/share/hadoop/kms/tomcat/lib/jsp-api.jar
[2022-10-25T14:11:52.012+0000] {processor.py:770} WARNING - No viable dags retrieved from /opt/airflow/dags/hadoop-2.7.3/share/hadoop/kms/tomcat/lib/jsp-api.jar
[2022-10-25T14:11:52.066+0000] {processor.py:178} INFO - Processing /opt/airflow/dags/hadoop-2.7.3/share/hadoop/kms/tomcat/lib/jsp-api.jar took 0.074 seconds
[2022-10-25T14:12:17.635+0000] {processor.py:156} INFO - Started process (PID=21301) to work on /opt/airflow/dags/hadoop-2.7.3/share/hadoop/kms/tomcat/lib/jsp-api.jar
[2022-10-25T14:12:17.637+0000] {processor.py:758} INFO - Processing file /opt/airflow/dags/hadoop-2.7.3/share/hadoop/kms/tomcat/lib/jsp-api.jar for tasks to queue
[2022-10-25T14:12:17.639+0000] {logging_mixin.py:117} INFO - [2022-10-25T14:12:17.639+0000] {dagbag.py:525} INFO - Filling up the DagBag from /opt/airflow/dags/hadoop-2.7.3/share/hadoop/kms/tomcat/lib/jsp-api.jar
[2022-10-25T14:12:17.652+0000] {processor.py:770} WARNING - No viable dags retrieved from /opt/airflow/dags/hadoop-2.7.3/share/hadoop/kms/tomcat/lib/jsp-api.jar
[2022-10-25T14:12:17.691+0000] {processor.py:178} INFO - Processing /opt/airflow/dags/hadoop-2.7.3/share/hadoop/kms/tomcat/lib/jsp-api.jar took 0.062 seconds
[2022-10-25T14:12:36.396+0000] {processor.py:156} INFO - Started process (PID=20220) to work on /opt/airflow/dags/hadoop-2.7.3/share/hadoop/kms/tomcat/lib/jsp-api.jar
[2022-10-25T14:12:36.398+0000] {processor.py:758} INFO - Processing file /opt/airflow/dags/hadoop-2.7.3/share/hadoop/kms/tomcat/lib/jsp-api.jar for tasks to queue
[2022-10-25T14:12:36.401+0000] {logging_mixin.py:117} INFO - [2022-10-25T14:12:36.400+0000] {dagbag.py:525} INFO - Filling up the DagBag from /opt/airflow/dags/hadoop-2.7.3/share/hadoop/kms/tomcat/lib/jsp-api.jar
[2022-10-25T14:12:36.408+0000] {processor.py:770} WARNING - No viable dags retrieved from /opt/airflow/dags/hadoop-2.7.3/share/hadoop/kms/tomcat/lib/jsp-api.jar
[2022-10-25T14:12:36.473+0000] {processor.py:178} INFO - Processing /opt/airflow/dags/hadoop-2.7.3/share/hadoop/kms/tomcat/lib/jsp-api.jar took 0.088 seconds
[2022-10-25T14:13:33.689+0000] {processor.py:156} INFO - Started process (PID=21765) to work on /opt/airflow/dags/hadoop-2.7.3/share/hadoop/kms/tomcat/lib/jsp-api.jar
[2022-10-25T14:13:33.696+0000] {processor.py:758} INFO - Processing file /opt/airflow/dags/hadoop-2.7.3/share/hadoop/kms/tomcat/lib/jsp-api.jar for tasks to queue
[2022-10-25T14:13:33.699+0000] {logging_mixin.py:117} INFO - [2022-10-25T14:13:33.698+0000] {dagbag.py:525} INFO - Filling up the DagBag from /opt/airflow/dags/hadoop-2.7.3/share/hadoop/kms/tomcat/lib/jsp-api.jar
[2022-10-25T14:13:33.715+0000] {processor.py:770} WARNING - No viable dags retrieved from /opt/airflow/dags/hadoop-2.7.3/share/hadoop/kms/tomcat/lib/jsp-api.jar
[2022-10-25T14:13:33.759+0000] {processor.py:178} INFO - Processing /opt/airflow/dags/hadoop-2.7.3/share/hadoop/kms/tomcat/lib/jsp-api.jar took 0.085 seconds
[2022-10-25T14:13:58.466+0000] {processor.py:156} INFO - Started process (PID=20747) to work on /opt/airflow/dags/hadoop-2.7.3/share/hadoop/kms/tomcat/lib/jsp-api.jar
[2022-10-25T14:13:58.470+0000] {processor.py:758} INFO - Processing file /opt/airflow/dags/hadoop-2.7.3/share/hadoop/kms/tomcat/lib/jsp-api.jar for tasks to queue
[2022-10-25T14:13:58.475+0000] {logging_mixin.py:117} INFO - [2022-10-25T14:13:58.474+0000] {dagbag.py:525} INFO - Filling up the DagBag from /opt/airflow/dags/hadoop-2.7.3/share/hadoop/kms/tomcat/lib/jsp-api.jar
[2022-10-25T14:13:58.492+0000] {processor.py:770} WARNING - No viable dags retrieved from /opt/airflow/dags/hadoop-2.7.3/share/hadoop/kms/tomcat/lib/jsp-api.jar
[2022-10-25T14:13:58.554+0000] {processor.py:178} INFO - Processing /opt/airflow/dags/hadoop-2.7.3/share/hadoop/kms/tomcat/lib/jsp-api.jar took 0.102 seconds
[2022-10-25T14:14:19.908+0000] {processor.py:156} INFO - Started process (PID=22279) to work on /opt/airflow/dags/hadoop-2.7.3/share/hadoop/kms/tomcat/lib/jsp-api.jar
[2022-10-25T14:14:19.913+0000] {processor.py:758} INFO - Processing file /opt/airflow/dags/hadoop-2.7.3/share/hadoop/kms/tomcat/lib/jsp-api.jar for tasks to queue
[2022-10-25T14:14:19.916+0000] {logging_mixin.py:117} INFO - [2022-10-25T14:14:19.916+0000] {dagbag.py:525} INFO - Filling up the DagBag from /opt/airflow/dags/hadoop-2.7.3/share/hadoop/kms/tomcat/lib/jsp-api.jar
[2022-10-25T14:14:19.928+0000] {processor.py:770} WARNING - No viable dags retrieved from /opt/airflow/dags/hadoop-2.7.3/share/hadoop/kms/tomcat/lib/jsp-api.jar
[2022-10-25T14:14:19.964+0000] {processor.py:178} INFO - Processing /opt/airflow/dags/hadoop-2.7.3/share/hadoop/kms/tomcat/lib/jsp-api.jar took 0.062 seconds
[2022-10-25T14:14:46.800+0000] {processor.py:156} INFO - Started process (PID=21269) to work on /opt/airflow/dags/hadoop-2.7.3/share/hadoop/kms/tomcat/lib/jsp-api.jar
[2022-10-25T14:14:46.804+0000] {processor.py:758} INFO - Processing file /opt/airflow/dags/hadoop-2.7.3/share/hadoop/kms/tomcat/lib/jsp-api.jar for tasks to queue
[2022-10-25T14:14:46.808+0000] {logging_mixin.py:117} INFO - [2022-10-25T14:14:46.807+0000] {dagbag.py:525} INFO - Filling up the DagBag from /opt/airflow/dags/hadoop-2.7.3/share/hadoop/kms/tomcat/lib/jsp-api.jar
[2022-10-25T14:14:46.826+0000] {processor.py:770} WARNING - No viable dags retrieved from /opt/airflow/dags/hadoop-2.7.3/share/hadoop/kms/tomcat/lib/jsp-api.jar
[2022-10-25T14:14:46.872+0000] {processor.py:178} INFO - Processing /opt/airflow/dags/hadoop-2.7.3/share/hadoop/kms/tomcat/lib/jsp-api.jar took 0.082 seconds
[2022-10-25T14:15:12.386+0000] {processor.py:156} INFO - Started process (PID=22837) to work on /opt/airflow/dags/hadoop-2.7.3/share/hadoop/kms/tomcat/lib/jsp-api.jar
[2022-10-25T14:15:12.391+0000] {processor.py:758} INFO - Processing file /opt/airflow/dags/hadoop-2.7.3/share/hadoop/kms/tomcat/lib/jsp-api.jar for tasks to queue
[2022-10-25T14:15:12.394+0000] {logging_mixin.py:117} INFO - [2022-10-25T14:15:12.394+0000] {dagbag.py:525} INFO - Filling up the DagBag from /opt/airflow/dags/hadoop-2.7.3/share/hadoop/kms/tomcat/lib/jsp-api.jar
[2022-10-25T14:15:12.404+0000] {processor.py:770} WARNING - No viable dags retrieved from /opt/airflow/dags/hadoop-2.7.3/share/hadoop/kms/tomcat/lib/jsp-api.jar
[2022-10-25T14:15:12.464+0000] {processor.py:178} INFO - Processing /opt/airflow/dags/hadoop-2.7.3/share/hadoop/kms/tomcat/lib/jsp-api.jar took 0.099 seconds
[2022-10-25T14:15:49.010+0000] {processor.py:156} INFO - Started process (PID=21812) to work on /opt/airflow/dags/hadoop-2.7.3/share/hadoop/kms/tomcat/lib/jsp-api.jar
[2022-10-25T14:15:49.013+0000] {processor.py:758} INFO - Processing file /opt/airflow/dags/hadoop-2.7.3/share/hadoop/kms/tomcat/lib/jsp-api.jar for tasks to queue
[2022-10-25T14:15:49.015+0000] {logging_mixin.py:117} INFO - [2022-10-25T14:15:49.015+0000] {dagbag.py:525} INFO - Filling up the DagBag from /opt/airflow/dags/hadoop-2.7.3/share/hadoop/kms/tomcat/lib/jsp-api.jar
[2022-10-25T14:15:49.029+0000] {processor.py:770} WARNING - No viable dags retrieved from /opt/airflow/dags/hadoop-2.7.3/share/hadoop/kms/tomcat/lib/jsp-api.jar
[2022-10-25T14:15:49.065+0000] {processor.py:178} INFO - Processing /opt/airflow/dags/hadoop-2.7.3/share/hadoop/kms/tomcat/lib/jsp-api.jar took 0.065 seconds
[2022-10-25T14:16:03.603+0000] {processor.py:156} INFO - Started process (PID=23279) to work on /opt/airflow/dags/hadoop-2.7.3/share/hadoop/kms/tomcat/lib/jsp-api.jar
[2022-10-25T14:16:03.607+0000] {processor.py:758} INFO - Processing file /opt/airflow/dags/hadoop-2.7.3/share/hadoop/kms/tomcat/lib/jsp-api.jar for tasks to queue
[2022-10-25T14:16:03.610+0000] {logging_mixin.py:117} INFO - [2022-10-25T14:16:03.610+0000] {dagbag.py:525} INFO - Filling up the DagBag from /opt/airflow/dags/hadoop-2.7.3/share/hadoop/kms/tomcat/lib/jsp-api.jar
[2022-10-25T14:16:03.616+0000] {processor.py:770} WARNING - No viable dags retrieved from /opt/airflow/dags/hadoop-2.7.3/share/hadoop/kms/tomcat/lib/jsp-api.jar
[2022-10-25T14:16:03.663+0000] {processor.py:178} INFO - Processing /opt/airflow/dags/hadoop-2.7.3/share/hadoop/kms/tomcat/lib/jsp-api.jar took 0.069 seconds
[2022-10-25T14:16:36.237+0000] {processor.py:156} INFO - Started process (PID=22316) to work on /opt/airflow/dags/hadoop-2.7.3/share/hadoop/kms/tomcat/lib/jsp-api.jar
[2022-10-25T14:16:36.241+0000] {processor.py:758} INFO - Processing file /opt/airflow/dags/hadoop-2.7.3/share/hadoop/kms/tomcat/lib/jsp-api.jar for tasks to queue
[2022-10-25T14:16:36.244+0000] {logging_mixin.py:117} INFO - [2022-10-25T14:16:36.244+0000] {dagbag.py:525} INFO - Filling up the DagBag from /opt/airflow/dags/hadoop-2.7.3/share/hadoop/kms/tomcat/lib/jsp-api.jar
[2022-10-25T14:16:36.253+0000] {processor.py:770} WARNING - No viable dags retrieved from /opt/airflow/dags/hadoop-2.7.3/share/hadoop/kms/tomcat/lib/jsp-api.jar
[2022-10-25T14:16:36.295+0000] {processor.py:178} INFO - Processing /opt/airflow/dags/hadoop-2.7.3/share/hadoop/kms/tomcat/lib/jsp-api.jar took 0.071 seconds
[2022-10-25T14:16:51.888+0000] {processor.py:156} INFO - Started process (PID=23760) to work on /opt/airflow/dags/hadoop-2.7.3/share/hadoop/kms/tomcat/lib/jsp-api.jar
[2022-10-25T14:16:51.891+0000] {processor.py:758} INFO - Processing file /opt/airflow/dags/hadoop-2.7.3/share/hadoop/kms/tomcat/lib/jsp-api.jar for tasks to queue
[2022-10-25T14:16:51.893+0000] {logging_mixin.py:117} INFO - [2022-10-25T14:16:51.893+0000] {dagbag.py:525} INFO - Filling up the DagBag from /opt/airflow/dags/hadoop-2.7.3/share/hadoop/kms/tomcat/lib/jsp-api.jar
[2022-10-25T14:16:51.905+0000] {processor.py:770} WARNING - No viable dags retrieved from /opt/airflow/dags/hadoop-2.7.3/share/hadoop/kms/tomcat/lib/jsp-api.jar
[2022-10-25T14:16:51.945+0000] {processor.py:178} INFO - Processing /opt/airflow/dags/hadoop-2.7.3/share/hadoop/kms/tomcat/lib/jsp-api.jar took 0.071 seconds
[2022-10-25T14:17:27.608+0000] {processor.py:156} INFO - Started process (PID=22790) to work on /opt/airflow/dags/hadoop-2.7.3/share/hadoop/kms/tomcat/lib/jsp-api.jar
[2022-10-25T14:17:27.612+0000] {processor.py:758} INFO - Processing file /opt/airflow/dags/hadoop-2.7.3/share/hadoop/kms/tomcat/lib/jsp-api.jar for tasks to queue
[2022-10-25T14:17:27.618+0000] {logging_mixin.py:117} INFO - [2022-10-25T14:17:27.617+0000] {dagbag.py:525} INFO - Filling up the DagBag from /opt/airflow/dags/hadoop-2.7.3/share/hadoop/kms/tomcat/lib/jsp-api.jar
[2022-10-25T14:17:27.632+0000] {processor.py:770} WARNING - No viable dags retrieved from /opt/airflow/dags/hadoop-2.7.3/share/hadoop/kms/tomcat/lib/jsp-api.jar
[2022-10-25T14:17:27.667+0000] {processor.py:178} INFO - Processing /opt/airflow/dags/hadoop-2.7.3/share/hadoop/kms/tomcat/lib/jsp-api.jar took 0.074 seconds
