[2022-10-25T00:37:50.651+0000] {processor.py:156} INFO - Started process (PID=4427) to work on /opt/airflow/dags/hadoop-2.7.3/share/hadoop/kms/tomcat/lib/servlet-api.jar
[2022-10-25T00:37:50.653+0000] {processor.py:758} INFO - Processing file /opt/airflow/dags/hadoop-2.7.3/share/hadoop/kms/tomcat/lib/servlet-api.jar for tasks to queue
[2022-10-25T00:37:50.654+0000] {logging_mixin.py:117} INFO - [2022-10-25T00:37:50.654+0000] {dagbag.py:525} INFO - Filling up the DagBag from /opt/airflow/dags/hadoop-2.7.3/share/hadoop/kms/tomcat/lib/servlet-api.jar
[2022-10-25T00:37:50.661+0000] {processor.py:770} WARNING - No viable dags retrieved from /opt/airflow/dags/hadoop-2.7.3/share/hadoop/kms/tomcat/lib/servlet-api.jar
[2022-10-25T00:37:50.693+0000] {processor.py:178} INFO - Processing /opt/airflow/dags/hadoop-2.7.3/share/hadoop/kms/tomcat/lib/servlet-api.jar took 0.049 seconds
[2022-10-25T00:38:20.106+0000] {processor.py:156} INFO - Started process (PID=2458) to work on /opt/airflow/dags/hadoop-2.7.3/share/hadoop/kms/tomcat/lib/servlet-api.jar
[2022-10-25T00:38:20.111+0000] {processor.py:758} INFO - Processing file /opt/airflow/dags/hadoop-2.7.3/share/hadoop/kms/tomcat/lib/servlet-api.jar for tasks to queue
[2022-10-25T00:38:20.118+0000] {logging_mixin.py:117} INFO - [2022-10-25T00:38:20.117+0000] {dagbag.py:525} INFO - Filling up the DagBag from /opt/airflow/dags/hadoop-2.7.3/share/hadoop/kms/tomcat/lib/servlet-api.jar
[2022-10-25T00:38:20.132+0000] {processor.py:770} WARNING - No viable dags retrieved from /opt/airflow/dags/hadoop-2.7.3/share/hadoop/kms/tomcat/lib/servlet-api.jar
[2022-10-25T00:38:20.180+0000] {processor.py:178} INFO - Processing /opt/airflow/dags/hadoop-2.7.3/share/hadoop/kms/tomcat/lib/servlet-api.jar took 0.085 seconds
[2022-10-25T00:38:30.090+0000] {processor.py:156} INFO - Started process (PID=4942) to work on /opt/airflow/dags/hadoop-2.7.3/share/hadoop/kms/tomcat/lib/servlet-api.jar
[2022-10-25T00:38:30.092+0000] {processor.py:758} INFO - Processing file /opt/airflow/dags/hadoop-2.7.3/share/hadoop/kms/tomcat/lib/servlet-api.jar for tasks to queue
[2022-10-25T00:38:30.095+0000] {logging_mixin.py:117} INFO - [2022-10-25T00:38:30.094+0000] {dagbag.py:525} INFO - Filling up the DagBag from /opt/airflow/dags/hadoop-2.7.3/share/hadoop/kms/tomcat/lib/servlet-api.jar
[2022-10-25T00:38:30.101+0000] {processor.py:770} WARNING - No viable dags retrieved from /opt/airflow/dags/hadoop-2.7.3/share/hadoop/kms/tomcat/lib/servlet-api.jar
[2022-10-25T00:38:30.125+0000] {processor.py:178} INFO - Processing /opt/airflow/dags/hadoop-2.7.3/share/hadoop/kms/tomcat/lib/servlet-api.jar took 0.043 seconds
[2022-10-25T00:38:58.111+0000] {processor.py:156} INFO - Started process (PID=2966) to work on /opt/airflow/dags/hadoop-2.7.3/share/hadoop/kms/tomcat/lib/servlet-api.jar
[2022-10-25T00:38:58.114+0000] {processor.py:758} INFO - Processing file /opt/airflow/dags/hadoop-2.7.3/share/hadoop/kms/tomcat/lib/servlet-api.jar for tasks to queue
[2022-10-25T00:38:58.121+0000] {logging_mixin.py:117} INFO - [2022-10-25T00:38:58.121+0000] {dagbag.py:525} INFO - Filling up the DagBag from /opt/airflow/dags/hadoop-2.7.3/share/hadoop/kms/tomcat/lib/servlet-api.jar
[2022-10-25T00:38:58.130+0000] {processor.py:770} WARNING - No viable dags retrieved from /opt/airflow/dags/hadoop-2.7.3/share/hadoop/kms/tomcat/lib/servlet-api.jar
[2022-10-25T00:38:58.159+0000] {processor.py:178} INFO - Processing /opt/airflow/dags/hadoop-2.7.3/share/hadoop/kms/tomcat/lib/servlet-api.jar took 0.055 seconds
[2022-10-25T00:39:10.268+0000] {processor.py:156} INFO - Started process (PID=5458) to work on /opt/airflow/dags/hadoop-2.7.3/share/hadoop/kms/tomcat/lib/servlet-api.jar
[2022-10-25T00:39:10.270+0000] {processor.py:758} INFO - Processing file /opt/airflow/dags/hadoop-2.7.3/share/hadoop/kms/tomcat/lib/servlet-api.jar for tasks to queue
[2022-10-25T00:39:10.272+0000] {logging_mixin.py:117} INFO - [2022-10-25T00:39:10.272+0000] {dagbag.py:525} INFO - Filling up the DagBag from /opt/airflow/dags/hadoop-2.7.3/share/hadoop/kms/tomcat/lib/servlet-api.jar
[2022-10-25T00:39:10.278+0000] {processor.py:770} WARNING - No viable dags retrieved from /opt/airflow/dags/hadoop-2.7.3/share/hadoop/kms/tomcat/lib/servlet-api.jar
[2022-10-25T00:39:10.311+0000] {processor.py:178} INFO - Processing /opt/airflow/dags/hadoop-2.7.3/share/hadoop/kms/tomcat/lib/servlet-api.jar took 0.052 seconds
[2022-10-25T00:39:38.593+0000] {processor.py:156} INFO - Started process (PID=3482) to work on /opt/airflow/dags/hadoop-2.7.3/share/hadoop/kms/tomcat/lib/servlet-api.jar
[2022-10-25T00:39:38.596+0000] {processor.py:758} INFO - Processing file /opt/airflow/dags/hadoop-2.7.3/share/hadoop/kms/tomcat/lib/servlet-api.jar for tasks to queue
[2022-10-25T00:39:38.610+0000] {logging_mixin.py:117} INFO - [2022-10-25T00:39:38.610+0000] {dagbag.py:525} INFO - Filling up the DagBag from /opt/airflow/dags/hadoop-2.7.3/share/hadoop/kms/tomcat/lib/servlet-api.jar
[2022-10-25T00:39:38.621+0000] {processor.py:770} WARNING - No viable dags retrieved from /opt/airflow/dags/hadoop-2.7.3/share/hadoop/kms/tomcat/lib/servlet-api.jar
[2022-10-25T00:39:38.663+0000] {processor.py:178} INFO - Processing /opt/airflow/dags/hadoop-2.7.3/share/hadoop/kms/tomcat/lib/servlet-api.jar took 0.085 seconds
[2022-10-25T00:52:53.428+0000] {processor.py:156} INFO - Started process (PID=6051) to work on /opt/airflow/dags/hadoop-2.7.3/share/hadoop/kms/tomcat/lib/servlet-api.jar
[2022-10-25T00:52:53.433+0000] {processor.py:758} INFO - Processing file /opt/airflow/dags/hadoop-2.7.3/share/hadoop/kms/tomcat/lib/servlet-api.jar for tasks to queue
[2022-10-25T00:52:53.437+0000] {logging_mixin.py:117} INFO - [2022-10-25T00:52:53.437+0000] {dagbag.py:525} INFO - Filling up the DagBag from /opt/airflow/dags/hadoop-2.7.3/share/hadoop/kms/tomcat/lib/servlet-api.jar
[2022-10-25T00:52:53.448+0000] {processor.py:770} WARNING - No viable dags retrieved from /opt/airflow/dags/hadoop-2.7.3/share/hadoop/kms/tomcat/lib/servlet-api.jar
[2022-10-25T00:52:53.495+0000] {processor.py:178} INFO - Processing /opt/airflow/dags/hadoop-2.7.3/share/hadoop/kms/tomcat/lib/servlet-api.jar took 0.075 seconds
[2022-10-25T00:53:14.106+0000] {processor.py:156} INFO - Started process (PID=3965) to work on /opt/airflow/dags/hadoop-2.7.3/share/hadoop/kms/tomcat/lib/servlet-api.jar
[2022-10-25T00:53:14.119+0000] {processor.py:758} INFO - Processing file /opt/airflow/dags/hadoop-2.7.3/share/hadoop/kms/tomcat/lib/servlet-api.jar for tasks to queue
[2022-10-25T00:53:14.130+0000] {logging_mixin.py:117} INFO - [2022-10-25T00:53:14.130+0000] {dagbag.py:525} INFO - Filling up the DagBag from /opt/airflow/dags/hadoop-2.7.3/share/hadoop/kms/tomcat/lib/servlet-api.jar
[2022-10-25T00:53:14.139+0000] {processor.py:770} WARNING - No viable dags retrieved from /opt/airflow/dags/hadoop-2.7.3/share/hadoop/kms/tomcat/lib/servlet-api.jar
[2022-10-25T00:53:14.192+0000] {processor.py:178} INFO - Processing /opt/airflow/dags/hadoop-2.7.3/share/hadoop/kms/tomcat/lib/servlet-api.jar took 0.103 seconds
[2022-10-25T00:53:35.330+0000] {processor.py:156} INFO - Started process (PID=6567) to work on /opt/airflow/dags/hadoop-2.7.3/share/hadoop/kms/tomcat/lib/servlet-api.jar
[2022-10-25T00:53:35.333+0000] {processor.py:758} INFO - Processing file /opt/airflow/dags/hadoop-2.7.3/share/hadoop/kms/tomcat/lib/servlet-api.jar for tasks to queue
[2022-10-25T00:53:35.336+0000] {logging_mixin.py:117} INFO - [2022-10-25T00:53:35.335+0000] {dagbag.py:525} INFO - Filling up the DagBag from /opt/airflow/dags/hadoop-2.7.3/share/hadoop/kms/tomcat/lib/servlet-api.jar
[2022-10-25T00:53:35.343+0000] {processor.py:770} WARNING - No viable dags retrieved from /opt/airflow/dags/hadoop-2.7.3/share/hadoop/kms/tomcat/lib/servlet-api.jar
[2022-10-25T00:53:35.380+0000] {processor.py:178} INFO - Processing /opt/airflow/dags/hadoop-2.7.3/share/hadoop/kms/tomcat/lib/servlet-api.jar took 0.057 seconds
[2022-10-25T00:53:55.204+0000] {processor.py:156} INFO - Started process (PID=4480) to work on /opt/airflow/dags/hadoop-2.7.3/share/hadoop/kms/tomcat/lib/servlet-api.jar
[2022-10-25T00:53:55.210+0000] {processor.py:758} INFO - Processing file /opt/airflow/dags/hadoop-2.7.3/share/hadoop/kms/tomcat/lib/servlet-api.jar for tasks to queue
[2022-10-25T00:53:55.216+0000] {logging_mixin.py:117} INFO - [2022-10-25T00:53:55.215+0000] {dagbag.py:525} INFO - Filling up the DagBag from /opt/airflow/dags/hadoop-2.7.3/share/hadoop/kms/tomcat/lib/servlet-api.jar
[2022-10-25T00:53:55.228+0000] {processor.py:770} WARNING - No viable dags retrieved from /opt/airflow/dags/hadoop-2.7.3/share/hadoop/kms/tomcat/lib/servlet-api.jar
[2022-10-25T00:53:55.277+0000] {processor.py:178} INFO - Processing /opt/airflow/dags/hadoop-2.7.3/share/hadoop/kms/tomcat/lib/servlet-api.jar took 0.081 seconds
[2022-10-25T00:54:15.750+0000] {processor.py:156} INFO - Started process (PID=7082) to work on /opt/airflow/dags/hadoop-2.7.3/share/hadoop/kms/tomcat/lib/servlet-api.jar
[2022-10-25T00:54:15.753+0000] {processor.py:758} INFO - Processing file /opt/airflow/dags/hadoop-2.7.3/share/hadoop/kms/tomcat/lib/servlet-api.jar for tasks to queue
[2022-10-25T00:54:15.755+0000] {logging_mixin.py:117} INFO - [2022-10-25T00:54:15.755+0000] {dagbag.py:525} INFO - Filling up the DagBag from /opt/airflow/dags/hadoop-2.7.3/share/hadoop/kms/tomcat/lib/servlet-api.jar
[2022-10-25T00:54:15.765+0000] {processor.py:770} WARNING - No viable dags retrieved from /opt/airflow/dags/hadoop-2.7.3/share/hadoop/kms/tomcat/lib/servlet-api.jar
[2022-10-25T00:54:15.801+0000] {processor.py:178} INFO - Processing /opt/airflow/dags/hadoop-2.7.3/share/hadoop/kms/tomcat/lib/servlet-api.jar took 0.057 seconds
[2022-10-25T00:54:40.244+0000] {processor.py:156} INFO - Started process (PID=4987) to work on /opt/airflow/dags/hadoop-2.7.3/share/hadoop/kms/tomcat/lib/servlet-api.jar
[2022-10-25T00:54:40.248+0000] {processor.py:758} INFO - Processing file /opt/airflow/dags/hadoop-2.7.3/share/hadoop/kms/tomcat/lib/servlet-api.jar for tasks to queue
[2022-10-25T00:54:40.261+0000] {logging_mixin.py:117} INFO - [2022-10-25T00:54:40.260+0000] {dagbag.py:525} INFO - Filling up the DagBag from /opt/airflow/dags/hadoop-2.7.3/share/hadoop/kms/tomcat/lib/servlet-api.jar
[2022-10-25T00:54:40.271+0000] {processor.py:770} WARNING - No viable dags retrieved from /opt/airflow/dags/hadoop-2.7.3/share/hadoop/kms/tomcat/lib/servlet-api.jar
[2022-10-25T00:54:40.317+0000] {processor.py:178} INFO - Processing /opt/airflow/dags/hadoop-2.7.3/share/hadoop/kms/tomcat/lib/servlet-api.jar took 0.081 seconds
[2022-10-25T00:55:13.214+0000] {processor.py:156} INFO - Started process (PID=7582) to work on /opt/airflow/dags/hadoop-2.7.3/share/hadoop/kms/tomcat/lib/servlet-api.jar
[2022-10-25T00:55:13.217+0000] {processor.py:758} INFO - Processing file /opt/airflow/dags/hadoop-2.7.3/share/hadoop/kms/tomcat/lib/servlet-api.jar for tasks to queue
[2022-10-25T00:55:13.224+0000] {logging_mixin.py:117} INFO - [2022-10-25T00:55:13.223+0000] {dagbag.py:525} INFO - Filling up the DagBag from /opt/airflow/dags/hadoop-2.7.3/share/hadoop/kms/tomcat/lib/servlet-api.jar
[2022-10-25T00:55:13.242+0000] {processor.py:770} WARNING - No viable dags retrieved from /opt/airflow/dags/hadoop-2.7.3/share/hadoop/kms/tomcat/lib/servlet-api.jar
[2022-10-25T00:55:13.359+0000] {processor.py:178} INFO - Processing /opt/airflow/dags/hadoop-2.7.3/share/hadoop/kms/tomcat/lib/servlet-api.jar took 0.158 seconds
[2022-10-25T00:55:49.927+0000] {processor.py:156} INFO - Started process (PID=5495) to work on /opt/airflow/dags/hadoop-2.7.3/share/hadoop/kms/tomcat/lib/servlet-api.jar
[2022-10-25T00:55:49.941+0000] {processor.py:758} INFO - Processing file /opt/airflow/dags/hadoop-2.7.3/share/hadoop/kms/tomcat/lib/servlet-api.jar for tasks to queue
[2022-10-25T00:55:49.966+0000] {logging_mixin.py:117} INFO - [2022-10-25T00:55:49.966+0000] {dagbag.py:525} INFO - Filling up the DagBag from /opt/airflow/dags/hadoop-2.7.3/share/hadoop/kms/tomcat/lib/servlet-api.jar
[2022-10-25T00:55:50.016+0000] {processor.py:770} WARNING - No viable dags retrieved from /opt/airflow/dags/hadoop-2.7.3/share/hadoop/kms/tomcat/lib/servlet-api.jar
[2022-10-25T00:55:50.087+0000] {processor.py:178} INFO - Processing /opt/airflow/dags/hadoop-2.7.3/share/hadoop/kms/tomcat/lib/servlet-api.jar took 0.184 seconds
[2022-10-25T14:08:46.494+0000] {processor.py:156} INFO - Started process (PID=18777) to work on /opt/airflow/dags/hadoop-2.7.3/share/hadoop/kms/tomcat/lib/servlet-api.jar
[2022-10-25T14:08:46.500+0000] {processor.py:758} INFO - Processing file /opt/airflow/dags/hadoop-2.7.3/share/hadoop/kms/tomcat/lib/servlet-api.jar for tasks to queue
[2022-10-25T14:08:46.502+0000] {logging_mixin.py:117} INFO - [2022-10-25T14:08:46.502+0000] {dagbag.py:525} INFO - Filling up the DagBag from /opt/airflow/dags/hadoop-2.7.3/share/hadoop/kms/tomcat/lib/servlet-api.jar
[2022-10-25T14:08:46.513+0000] {processor.py:770} WARNING - No viable dags retrieved from /opt/airflow/dags/hadoop-2.7.3/share/hadoop/kms/tomcat/lib/servlet-api.jar
[2022-10-25T14:08:46.589+0000] {processor.py:178} INFO - Processing /opt/airflow/dags/hadoop-2.7.3/share/hadoop/kms/tomcat/lib/servlet-api.jar took 0.107 seconds
[2022-10-25T14:09:02.021+0000] {processor.py:156} INFO - Started process (PID=17697) to work on /opt/airflow/dags/hadoop-2.7.3/share/hadoop/kms/tomcat/lib/servlet-api.jar
[2022-10-25T14:09:02.023+0000] {processor.py:758} INFO - Processing file /opt/airflow/dags/hadoop-2.7.3/share/hadoop/kms/tomcat/lib/servlet-api.jar for tasks to queue
[2022-10-25T14:09:02.026+0000] {logging_mixin.py:117} INFO - [2022-10-25T14:09:02.025+0000] {dagbag.py:525} INFO - Filling up the DagBag from /opt/airflow/dags/hadoop-2.7.3/share/hadoop/kms/tomcat/lib/servlet-api.jar
[2022-10-25T14:09:02.039+0000] {processor.py:770} WARNING - No viable dags retrieved from /opt/airflow/dags/hadoop-2.7.3/share/hadoop/kms/tomcat/lib/servlet-api.jar
[2022-10-25T14:09:02.080+0000] {processor.py:178} INFO - Processing /opt/airflow/dags/hadoop-2.7.3/share/hadoop/kms/tomcat/lib/servlet-api.jar took 0.071 seconds
[2022-10-25T14:09:33.005+0000] {processor.py:156} INFO - Started process (PID=19301) to work on /opt/airflow/dags/hadoop-2.7.3/share/hadoop/kms/tomcat/lib/servlet-api.jar
[2022-10-25T14:09:33.007+0000] {processor.py:758} INFO - Processing file /opt/airflow/dags/hadoop-2.7.3/share/hadoop/kms/tomcat/lib/servlet-api.jar for tasks to queue
[2022-10-25T14:09:33.009+0000] {logging_mixin.py:117} INFO - [2022-10-25T14:09:33.008+0000] {dagbag.py:525} INFO - Filling up the DagBag from /opt/airflow/dags/hadoop-2.7.3/share/hadoop/kms/tomcat/lib/servlet-api.jar
[2022-10-25T14:09:33.014+0000] {processor.py:770} WARNING - No viable dags retrieved from /opt/airflow/dags/hadoop-2.7.3/share/hadoop/kms/tomcat/lib/servlet-api.jar
[2022-10-25T14:09:33.040+0000] {processor.py:178} INFO - Processing /opt/airflow/dags/hadoop-2.7.3/share/hadoop/kms/tomcat/lib/servlet-api.jar took 0.043 seconds
[2022-10-25T14:09:46.196+0000] {processor.py:156} INFO - Started process (PID=18212) to work on /opt/airflow/dags/hadoop-2.7.3/share/hadoop/kms/tomcat/lib/servlet-api.jar
[2022-10-25T14:09:46.199+0000] {processor.py:758} INFO - Processing file /opt/airflow/dags/hadoop-2.7.3/share/hadoop/kms/tomcat/lib/servlet-api.jar for tasks to queue
[2022-10-25T14:09:46.201+0000] {logging_mixin.py:117} INFO - [2022-10-25T14:09:46.201+0000] {dagbag.py:525} INFO - Filling up the DagBag from /opt/airflow/dags/hadoop-2.7.3/share/hadoop/kms/tomcat/lib/servlet-api.jar
[2022-10-25T14:09:46.207+0000] {processor.py:770} WARNING - No viable dags retrieved from /opt/airflow/dags/hadoop-2.7.3/share/hadoop/kms/tomcat/lib/servlet-api.jar
[2022-10-25T14:09:46.249+0000] {processor.py:178} INFO - Processing /opt/airflow/dags/hadoop-2.7.3/share/hadoop/kms/tomcat/lib/servlet-api.jar took 0.060 seconds
[2022-10-25T14:10:13.210+0000] {processor.py:156} INFO - Started process (PID=19817) to work on /opt/airflow/dags/hadoop-2.7.3/share/hadoop/kms/tomcat/lib/servlet-api.jar
[2022-10-25T14:10:13.213+0000] {processor.py:758} INFO - Processing file /opt/airflow/dags/hadoop-2.7.3/share/hadoop/kms/tomcat/lib/servlet-api.jar for tasks to queue
[2022-10-25T14:10:13.215+0000] {logging_mixin.py:117} INFO - [2022-10-25T14:10:13.215+0000] {dagbag.py:525} INFO - Filling up the DagBag from /opt/airflow/dags/hadoop-2.7.3/share/hadoop/kms/tomcat/lib/servlet-api.jar
[2022-10-25T14:10:13.223+0000] {processor.py:770} WARNING - No viable dags retrieved from /opt/airflow/dags/hadoop-2.7.3/share/hadoop/kms/tomcat/lib/servlet-api.jar
[2022-10-25T14:10:13.253+0000] {processor.py:178} INFO - Processing /opt/airflow/dags/hadoop-2.7.3/share/hadoop/kms/tomcat/lib/servlet-api.jar took 0.049 seconds
[2022-10-25T14:10:29.516+0000] {processor.py:156} INFO - Started process (PID=18726) to work on /opt/airflow/dags/hadoop-2.7.3/share/hadoop/kms/tomcat/lib/servlet-api.jar
[2022-10-25T14:10:29.522+0000] {processor.py:758} INFO - Processing file /opt/airflow/dags/hadoop-2.7.3/share/hadoop/kms/tomcat/lib/servlet-api.jar for tasks to queue
[2022-10-25T14:10:29.527+0000] {logging_mixin.py:117} INFO - [2022-10-25T14:10:29.527+0000] {dagbag.py:525} INFO - Filling up the DagBag from /opt/airflow/dags/hadoop-2.7.3/share/hadoop/kms/tomcat/lib/servlet-api.jar
[2022-10-25T14:10:29.546+0000] {processor.py:770} WARNING - No viable dags retrieved from /opt/airflow/dags/hadoop-2.7.3/share/hadoop/kms/tomcat/lib/servlet-api.jar
[2022-10-25T14:10:29.605+0000] {processor.py:178} INFO - Processing /opt/airflow/dags/hadoop-2.7.3/share/hadoop/kms/tomcat/lib/servlet-api.jar took 0.101 seconds
[2022-10-25T14:10:56.891+0000] {processor.py:156} INFO - Started process (PID=20333) to work on /opt/airflow/dags/hadoop-2.7.3/share/hadoop/kms/tomcat/lib/servlet-api.jar
[2022-10-25T14:10:56.893+0000] {processor.py:758} INFO - Processing file /opt/airflow/dags/hadoop-2.7.3/share/hadoop/kms/tomcat/lib/servlet-api.jar for tasks to queue
[2022-10-25T14:10:56.896+0000] {logging_mixin.py:117} INFO - [2022-10-25T14:10:56.895+0000] {dagbag.py:525} INFO - Filling up the DagBag from /opt/airflow/dags/hadoop-2.7.3/share/hadoop/kms/tomcat/lib/servlet-api.jar
[2022-10-25T14:10:56.903+0000] {processor.py:770} WARNING - No viable dags retrieved from /opt/airflow/dags/hadoop-2.7.3/share/hadoop/kms/tomcat/lib/servlet-api.jar
[2022-10-25T14:10:56.938+0000] {processor.py:178} INFO - Processing /opt/airflow/dags/hadoop-2.7.3/share/hadoop/kms/tomcat/lib/servlet-api.jar took 0.052 seconds
[2022-10-25T14:11:09.540+0000] {processor.py:156} INFO - Started process (PID=19213) to work on /opt/airflow/dags/hadoop-2.7.3/share/hadoop/kms/tomcat/lib/servlet-api.jar
[2022-10-25T14:11:09.544+0000] {processor.py:758} INFO - Processing file /opt/airflow/dags/hadoop-2.7.3/share/hadoop/kms/tomcat/lib/servlet-api.jar for tasks to queue
[2022-10-25T14:11:09.546+0000] {logging_mixin.py:117} INFO - [2022-10-25T14:11:09.545+0000] {dagbag.py:525} INFO - Filling up the DagBag from /opt/airflow/dags/hadoop-2.7.3/share/hadoop/kms/tomcat/lib/servlet-api.jar
[2022-10-25T14:11:09.552+0000] {processor.py:770} WARNING - No viable dags retrieved from /opt/airflow/dags/hadoop-2.7.3/share/hadoop/kms/tomcat/lib/servlet-api.jar
[2022-10-25T14:11:09.585+0000] {processor.py:178} INFO - Processing /opt/airflow/dags/hadoop-2.7.3/share/hadoop/kms/tomcat/lib/servlet-api.jar took 0.052 seconds
[2022-10-25T14:11:38.571+0000] {processor.py:156} INFO - Started process (PID=20854) to work on /opt/airflow/dags/hadoop-2.7.3/share/hadoop/kms/tomcat/lib/servlet-api.jar
[2022-10-25T14:11:38.574+0000] {processor.py:758} INFO - Processing file /opt/airflow/dags/hadoop-2.7.3/share/hadoop/kms/tomcat/lib/servlet-api.jar for tasks to queue
[2022-10-25T14:11:38.576+0000] {logging_mixin.py:117} INFO - [2022-10-25T14:11:38.576+0000] {dagbag.py:525} INFO - Filling up the DagBag from /opt/airflow/dags/hadoop-2.7.3/share/hadoop/kms/tomcat/lib/servlet-api.jar
[2022-10-25T14:11:38.583+0000] {processor.py:770} WARNING - No viable dags retrieved from /opt/airflow/dags/hadoop-2.7.3/share/hadoop/kms/tomcat/lib/servlet-api.jar
[2022-10-25T14:11:38.619+0000] {processor.py:178} INFO - Processing /opt/airflow/dags/hadoop-2.7.3/share/hadoop/kms/tomcat/lib/servlet-api.jar took 0.055 seconds
[2022-10-25T14:11:52.059+0000] {processor.py:156} INFO - Started process (PID=19728) to work on /opt/airflow/dags/hadoop-2.7.3/share/hadoop/kms/tomcat/lib/servlet-api.jar
[2022-10-25T14:11:52.063+0000] {processor.py:758} INFO - Processing file /opt/airflow/dags/hadoop-2.7.3/share/hadoop/kms/tomcat/lib/servlet-api.jar for tasks to queue
[2022-10-25T14:11:52.069+0000] {logging_mixin.py:117} INFO - [2022-10-25T14:11:52.068+0000] {dagbag.py:525} INFO - Filling up the DagBag from /opt/airflow/dags/hadoop-2.7.3/share/hadoop/kms/tomcat/lib/servlet-api.jar
[2022-10-25T14:11:52.084+0000] {processor.py:770} WARNING - No viable dags retrieved from /opt/airflow/dags/hadoop-2.7.3/share/hadoop/kms/tomcat/lib/servlet-api.jar
[2022-10-25T14:11:52.122+0000] {processor.py:178} INFO - Processing /opt/airflow/dags/hadoop-2.7.3/share/hadoop/kms/tomcat/lib/servlet-api.jar took 0.078 seconds
[2022-10-25T14:12:17.730+0000] {processor.py:156} INFO - Started process (PID=21302) to work on /opt/airflow/dags/hadoop-2.7.3/share/hadoop/kms/tomcat/lib/servlet-api.jar
[2022-10-25T14:12:17.733+0000] {processor.py:758} INFO - Processing file /opt/airflow/dags/hadoop-2.7.3/share/hadoop/kms/tomcat/lib/servlet-api.jar for tasks to queue
[2022-10-25T14:12:17.735+0000] {logging_mixin.py:117} INFO - [2022-10-25T14:12:17.735+0000] {dagbag.py:525} INFO - Filling up the DagBag from /opt/airflow/dags/hadoop-2.7.3/share/hadoop/kms/tomcat/lib/servlet-api.jar
[2022-10-25T14:12:17.747+0000] {processor.py:770} WARNING - No viable dags retrieved from /opt/airflow/dags/hadoop-2.7.3/share/hadoop/kms/tomcat/lib/servlet-api.jar
[2022-10-25T14:12:17.804+0000] {processor.py:178} INFO - Processing /opt/airflow/dags/hadoop-2.7.3/share/hadoop/kms/tomcat/lib/servlet-api.jar took 0.085 seconds
[2022-10-25T14:12:36.543+0000] {processor.py:156} INFO - Started process (PID=20221) to work on /opt/airflow/dags/hadoop-2.7.3/share/hadoop/kms/tomcat/lib/servlet-api.jar
[2022-10-25T14:12:36.546+0000] {processor.py:758} INFO - Processing file /opt/airflow/dags/hadoop-2.7.3/share/hadoop/kms/tomcat/lib/servlet-api.jar for tasks to queue
[2022-10-25T14:12:36.548+0000] {logging_mixin.py:117} INFO - [2022-10-25T14:12:36.548+0000] {dagbag.py:525} INFO - Filling up the DagBag from /opt/airflow/dags/hadoop-2.7.3/share/hadoop/kms/tomcat/lib/servlet-api.jar
[2022-10-25T14:12:36.557+0000] {processor.py:770} WARNING - No viable dags retrieved from /opt/airflow/dags/hadoop-2.7.3/share/hadoop/kms/tomcat/lib/servlet-api.jar
[2022-10-25T14:12:36.612+0000] {processor.py:178} INFO - Processing /opt/airflow/dags/hadoop-2.7.3/share/hadoop/kms/tomcat/lib/servlet-api.jar took 0.077 seconds
[2022-10-25T14:13:33.810+0000] {processor.py:156} INFO - Started process (PID=21766) to work on /opt/airflow/dags/hadoop-2.7.3/share/hadoop/kms/tomcat/lib/servlet-api.jar
[2022-10-25T14:13:33.814+0000] {processor.py:758} INFO - Processing file /opt/airflow/dags/hadoop-2.7.3/share/hadoop/kms/tomcat/lib/servlet-api.jar for tasks to queue
[2022-10-25T14:13:33.816+0000] {logging_mixin.py:117} INFO - [2022-10-25T14:13:33.816+0000] {dagbag.py:525} INFO - Filling up the DagBag from /opt/airflow/dags/hadoop-2.7.3/share/hadoop/kms/tomcat/lib/servlet-api.jar
[2022-10-25T14:13:33.824+0000] {processor.py:770} WARNING - No viable dags retrieved from /opt/airflow/dags/hadoop-2.7.3/share/hadoop/kms/tomcat/lib/servlet-api.jar
[2022-10-25T14:13:33.873+0000] {processor.py:178} INFO - Processing /opt/airflow/dags/hadoop-2.7.3/share/hadoop/kms/tomcat/lib/servlet-api.jar took 0.078 seconds
[2022-10-25T14:13:58.559+0000] {processor.py:156} INFO - Started process (PID=20748) to work on /opt/airflow/dags/hadoop-2.7.3/share/hadoop/kms/tomcat/lib/servlet-api.jar
[2022-10-25T14:13:58.563+0000] {processor.py:758} INFO - Processing file /opt/airflow/dags/hadoop-2.7.3/share/hadoop/kms/tomcat/lib/servlet-api.jar for tasks to queue
[2022-10-25T14:13:58.565+0000] {logging_mixin.py:117} INFO - [2022-10-25T14:13:58.565+0000] {dagbag.py:525} INFO - Filling up the DagBag from /opt/airflow/dags/hadoop-2.7.3/share/hadoop/kms/tomcat/lib/servlet-api.jar
[2022-10-25T14:13:58.576+0000] {processor.py:770} WARNING - No viable dags retrieved from /opt/airflow/dags/hadoop-2.7.3/share/hadoop/kms/tomcat/lib/servlet-api.jar
[2022-10-25T14:13:58.627+0000] {processor.py:178} INFO - Processing /opt/airflow/dags/hadoop-2.7.3/share/hadoop/kms/tomcat/lib/servlet-api.jar took 0.080 seconds
[2022-10-25T14:14:19.991+0000] {processor.py:156} INFO - Started process (PID=22280) to work on /opt/airflow/dags/hadoop-2.7.3/share/hadoop/kms/tomcat/lib/servlet-api.jar
[2022-10-25T14:14:19.995+0000] {processor.py:758} INFO - Processing file /opt/airflow/dags/hadoop-2.7.3/share/hadoop/kms/tomcat/lib/servlet-api.jar for tasks to queue
[2022-10-25T14:14:19.997+0000] {logging_mixin.py:117} INFO - [2022-10-25T14:14:19.997+0000] {dagbag.py:525} INFO - Filling up the DagBag from /opt/airflow/dags/hadoop-2.7.3/share/hadoop/kms/tomcat/lib/servlet-api.jar
[2022-10-25T14:14:20.004+0000] {processor.py:770} WARNING - No viable dags retrieved from /opt/airflow/dags/hadoop-2.7.3/share/hadoop/kms/tomcat/lib/servlet-api.jar
[2022-10-25T14:14:20.060+0000] {processor.py:178} INFO - Processing /opt/airflow/dags/hadoop-2.7.3/share/hadoop/kms/tomcat/lib/servlet-api.jar took 0.080 seconds
[2022-10-25T14:14:46.919+0000] {processor.py:156} INFO - Started process (PID=21270) to work on /opt/airflow/dags/hadoop-2.7.3/share/hadoop/kms/tomcat/lib/servlet-api.jar
[2022-10-25T14:14:46.922+0000] {processor.py:758} INFO - Processing file /opt/airflow/dags/hadoop-2.7.3/share/hadoop/kms/tomcat/lib/servlet-api.jar for tasks to queue
[2022-10-25T14:14:46.924+0000] {logging_mixin.py:117} INFO - [2022-10-25T14:14:46.923+0000] {dagbag.py:525} INFO - Filling up the DagBag from /opt/airflow/dags/hadoop-2.7.3/share/hadoop/kms/tomcat/lib/servlet-api.jar
[2022-10-25T14:14:46.930+0000] {processor.py:770} WARNING - No viable dags retrieved from /opt/airflow/dags/hadoop-2.7.3/share/hadoop/kms/tomcat/lib/servlet-api.jar
[2022-10-25T14:14:46.957+0000] {processor.py:178} INFO - Processing /opt/airflow/dags/hadoop-2.7.3/share/hadoop/kms/tomcat/lib/servlet-api.jar took 0.046 seconds
[2022-10-25T14:15:12.496+0000] {processor.py:156} INFO - Started process (PID=22838) to work on /opt/airflow/dags/hadoop-2.7.3/share/hadoop/kms/tomcat/lib/servlet-api.jar
[2022-10-25T14:15:12.501+0000] {processor.py:758} INFO - Processing file /opt/airflow/dags/hadoop-2.7.3/share/hadoop/kms/tomcat/lib/servlet-api.jar for tasks to queue
[2022-10-25T14:15:12.506+0000] {logging_mixin.py:117} INFO - [2022-10-25T14:15:12.506+0000] {dagbag.py:525} INFO - Filling up the DagBag from /opt/airflow/dags/hadoop-2.7.3/share/hadoop/kms/tomcat/lib/servlet-api.jar
[2022-10-25T14:15:12.523+0000] {processor.py:770} WARNING - No viable dags retrieved from /opt/airflow/dags/hadoop-2.7.3/share/hadoop/kms/tomcat/lib/servlet-api.jar
[2022-10-25T14:15:12.611+0000] {processor.py:178} INFO - Processing /opt/airflow/dags/hadoop-2.7.3/share/hadoop/kms/tomcat/lib/servlet-api.jar took 0.125 seconds
[2022-10-25T14:15:49.107+0000] {processor.py:156} INFO - Started process (PID=21813) to work on /opt/airflow/dags/hadoop-2.7.3/share/hadoop/kms/tomcat/lib/servlet-api.jar
[2022-10-25T14:15:49.109+0000] {processor.py:758} INFO - Processing file /opt/airflow/dags/hadoop-2.7.3/share/hadoop/kms/tomcat/lib/servlet-api.jar for tasks to queue
[2022-10-25T14:15:49.112+0000] {logging_mixin.py:117} INFO - [2022-10-25T14:15:49.112+0000] {dagbag.py:525} INFO - Filling up the DagBag from /opt/airflow/dags/hadoop-2.7.3/share/hadoop/kms/tomcat/lib/servlet-api.jar
[2022-10-25T14:15:49.131+0000] {processor.py:770} WARNING - No viable dags retrieved from /opt/airflow/dags/hadoop-2.7.3/share/hadoop/kms/tomcat/lib/servlet-api.jar
[2022-10-25T14:15:49.183+0000] {processor.py:178} INFO - Processing /opt/airflow/dags/hadoop-2.7.3/share/hadoop/kms/tomcat/lib/servlet-api.jar took 0.088 seconds
[2022-10-25T14:16:03.671+0000] {processor.py:156} INFO - Started process (PID=23280) to work on /opt/airflow/dags/hadoop-2.7.3/share/hadoop/kms/tomcat/lib/servlet-api.jar
[2022-10-25T14:16:03.675+0000] {processor.py:758} INFO - Processing file /opt/airflow/dags/hadoop-2.7.3/share/hadoop/kms/tomcat/lib/servlet-api.jar for tasks to queue
[2022-10-25T14:16:03.679+0000] {logging_mixin.py:117} INFO - [2022-10-25T14:16:03.678+0000] {dagbag.py:525} INFO - Filling up the DagBag from /opt/airflow/dags/hadoop-2.7.3/share/hadoop/kms/tomcat/lib/servlet-api.jar
[2022-10-25T14:16:03.697+0000] {processor.py:770} WARNING - No viable dags retrieved from /opt/airflow/dags/hadoop-2.7.3/share/hadoop/kms/tomcat/lib/servlet-api.jar
[2022-10-25T14:16:03.734+0000] {processor.py:178} INFO - Processing /opt/airflow/dags/hadoop-2.7.3/share/hadoop/kms/tomcat/lib/servlet-api.jar took 0.075 seconds
[2022-10-25T14:16:36.334+0000] {processor.py:156} INFO - Started process (PID=22317) to work on /opt/airflow/dags/hadoop-2.7.3/share/hadoop/kms/tomcat/lib/servlet-api.jar
[2022-10-25T14:16:36.338+0000] {processor.py:758} INFO - Processing file /opt/airflow/dags/hadoop-2.7.3/share/hadoop/kms/tomcat/lib/servlet-api.jar for tasks to queue
[2022-10-25T14:16:36.343+0000] {logging_mixin.py:117} INFO - [2022-10-25T14:16:36.342+0000] {dagbag.py:525} INFO - Filling up the DagBag from /opt/airflow/dags/hadoop-2.7.3/share/hadoop/kms/tomcat/lib/servlet-api.jar
[2022-10-25T14:16:36.352+0000] {processor.py:770} WARNING - No viable dags retrieved from /opt/airflow/dags/hadoop-2.7.3/share/hadoop/kms/tomcat/lib/servlet-api.jar
[2022-10-25T14:16:36.401+0000] {processor.py:178} INFO - Processing /opt/airflow/dags/hadoop-2.7.3/share/hadoop/kms/tomcat/lib/servlet-api.jar took 0.075 seconds
[2022-10-25T14:16:52.011+0000] {processor.py:156} INFO - Started process (PID=23761) to work on /opt/airflow/dags/hadoop-2.7.3/share/hadoop/kms/tomcat/lib/servlet-api.jar
[2022-10-25T14:16:52.015+0000] {processor.py:758} INFO - Processing file /opt/airflow/dags/hadoop-2.7.3/share/hadoop/kms/tomcat/lib/servlet-api.jar for tasks to queue
[2022-10-25T14:16:52.018+0000] {logging_mixin.py:117} INFO - [2022-10-25T14:16:52.018+0000] {dagbag.py:525} INFO - Filling up the DagBag from /opt/airflow/dags/hadoop-2.7.3/share/hadoop/kms/tomcat/lib/servlet-api.jar
[2022-10-25T14:16:52.025+0000] {processor.py:770} WARNING - No viable dags retrieved from /opt/airflow/dags/hadoop-2.7.3/share/hadoop/kms/tomcat/lib/servlet-api.jar
[2022-10-25T14:16:52.058+0000] {processor.py:178} INFO - Processing /opt/airflow/dags/hadoop-2.7.3/share/hadoop/kms/tomcat/lib/servlet-api.jar took 0.060 seconds
[2022-10-25T14:17:27.704+0000] {processor.py:156} INFO - Started process (PID=22791) to work on /opt/airflow/dags/hadoop-2.7.3/share/hadoop/kms/tomcat/lib/servlet-api.jar
[2022-10-25T14:17:27.709+0000] {processor.py:758} INFO - Processing file /opt/airflow/dags/hadoop-2.7.3/share/hadoop/kms/tomcat/lib/servlet-api.jar for tasks to queue
[2022-10-25T14:17:27.711+0000] {logging_mixin.py:117} INFO - [2022-10-25T14:17:27.711+0000] {dagbag.py:525} INFO - Filling up the DagBag from /opt/airflow/dags/hadoop-2.7.3/share/hadoop/kms/tomcat/lib/servlet-api.jar
[2022-10-25T14:17:27.722+0000] {processor.py:770} WARNING - No viable dags retrieved from /opt/airflow/dags/hadoop-2.7.3/share/hadoop/kms/tomcat/lib/servlet-api.jar
[2022-10-25T14:17:27.766+0000] {processor.py:178} INFO - Processing /opt/airflow/dags/hadoop-2.7.3/share/hadoop/kms/tomcat/lib/servlet-api.jar took 0.070 seconds
