[2022-10-25T00:37:50.952+0000] {processor.py:156} INFO - Started process (PID=4431) to work on /opt/airflow/dags/hadoop-2.7.3/share/hadoop/kms/tomcat/lib/tomcat-i18n-fr.jar
[2022-10-25T00:37:50.954+0000] {processor.py:758} INFO - Processing file /opt/airflow/dags/hadoop-2.7.3/share/hadoop/kms/tomcat/lib/tomcat-i18n-fr.jar for tasks to queue
[2022-10-25T00:37:50.957+0000] {logging_mixin.py:117} INFO - [2022-10-25T00:37:50.956+0000] {dagbag.py:525} INFO - Filling up the DagBag from /opt/airflow/dags/hadoop-2.7.3/share/hadoop/kms/tomcat/lib/tomcat-i18n-fr.jar
[2022-10-25T00:37:50.964+0000] {processor.py:770} WARNING - No viable dags retrieved from /opt/airflow/dags/hadoop-2.7.3/share/hadoop/kms/tomcat/lib/tomcat-i18n-fr.jar
[2022-10-25T00:37:50.992+0000] {processor.py:178} INFO - Processing /opt/airflow/dags/hadoop-2.7.3/share/hadoop/kms/tomcat/lib/tomcat-i18n-fr.jar took 0.047 seconds
[2022-10-25T00:38:20.539+0000] {processor.py:156} INFO - Started process (PID=2462) to work on /opt/airflow/dags/hadoop-2.7.3/share/hadoop/kms/tomcat/lib/tomcat-i18n-fr.jar
[2022-10-25T00:38:20.542+0000] {processor.py:758} INFO - Processing file /opt/airflow/dags/hadoop-2.7.3/share/hadoop/kms/tomcat/lib/tomcat-i18n-fr.jar for tasks to queue
[2022-10-25T00:38:20.547+0000] {logging_mixin.py:117} INFO - [2022-10-25T00:38:20.547+0000] {dagbag.py:525} INFO - Filling up the DagBag from /opt/airflow/dags/hadoop-2.7.3/share/hadoop/kms/tomcat/lib/tomcat-i18n-fr.jar
[2022-10-25T00:38:20.561+0000] {processor.py:770} WARNING - No viable dags retrieved from /opt/airflow/dags/hadoop-2.7.3/share/hadoop/kms/tomcat/lib/tomcat-i18n-fr.jar
[2022-10-25T00:38:20.626+0000] {processor.py:178} INFO - Processing /opt/airflow/dags/hadoop-2.7.3/share/hadoop/kms/tomcat/lib/tomcat-i18n-fr.jar took 0.094 seconds
[2022-10-25T00:38:30.310+0000] {processor.py:156} INFO - Started process (PID=4946) to work on /opt/airflow/dags/hadoop-2.7.3/share/hadoop/kms/tomcat/lib/tomcat-i18n-fr.jar
[2022-10-25T00:38:30.315+0000] {processor.py:758} INFO - Processing file /opt/airflow/dags/hadoop-2.7.3/share/hadoop/kms/tomcat/lib/tomcat-i18n-fr.jar for tasks to queue
[2022-10-25T00:38:30.318+0000] {logging_mixin.py:117} INFO - [2022-10-25T00:38:30.318+0000] {dagbag.py:525} INFO - Filling up the DagBag from /opt/airflow/dags/hadoop-2.7.3/share/hadoop/kms/tomcat/lib/tomcat-i18n-fr.jar
[2022-10-25T00:38:30.325+0000] {processor.py:770} WARNING - No viable dags retrieved from /opt/airflow/dags/hadoop-2.7.3/share/hadoop/kms/tomcat/lib/tomcat-i18n-fr.jar
[2022-10-25T00:38:30.374+0000] {processor.py:178} INFO - Processing /opt/airflow/dags/hadoop-2.7.3/share/hadoop/kms/tomcat/lib/tomcat-i18n-fr.jar took 0.071 seconds
[2022-10-25T00:38:58.374+0000] {processor.py:156} INFO - Started process (PID=2970) to work on /opt/airflow/dags/hadoop-2.7.3/share/hadoop/kms/tomcat/lib/tomcat-i18n-fr.jar
[2022-10-25T00:38:58.377+0000] {processor.py:758} INFO - Processing file /opt/airflow/dags/hadoop-2.7.3/share/hadoop/kms/tomcat/lib/tomcat-i18n-fr.jar for tasks to queue
[2022-10-25T00:38:58.382+0000] {logging_mixin.py:117} INFO - [2022-10-25T00:38:58.382+0000] {dagbag.py:525} INFO - Filling up the DagBag from /opt/airflow/dags/hadoop-2.7.3/share/hadoop/kms/tomcat/lib/tomcat-i18n-fr.jar
[2022-10-25T00:38:58.392+0000] {processor.py:770} WARNING - No viable dags retrieved from /opt/airflow/dags/hadoop-2.7.3/share/hadoop/kms/tomcat/lib/tomcat-i18n-fr.jar
[2022-10-25T00:38:58.427+0000] {processor.py:178} INFO - Processing /opt/airflow/dags/hadoop-2.7.3/share/hadoop/kms/tomcat/lib/tomcat-i18n-fr.jar took 0.062 seconds
[2022-10-25T00:39:10.674+0000] {processor.py:156} INFO - Started process (PID=5462) to work on /opt/airflow/dags/hadoop-2.7.3/share/hadoop/kms/tomcat/lib/tomcat-i18n-fr.jar
[2022-10-25T00:39:10.679+0000] {processor.py:758} INFO - Processing file /opt/airflow/dags/hadoop-2.7.3/share/hadoop/kms/tomcat/lib/tomcat-i18n-fr.jar for tasks to queue
[2022-10-25T00:39:10.683+0000] {logging_mixin.py:117} INFO - [2022-10-25T00:39:10.683+0000] {dagbag.py:525} INFO - Filling up the DagBag from /opt/airflow/dags/hadoop-2.7.3/share/hadoop/kms/tomcat/lib/tomcat-i18n-fr.jar
[2022-10-25T00:39:10.694+0000] {processor.py:770} WARNING - No viable dags retrieved from /opt/airflow/dags/hadoop-2.7.3/share/hadoop/kms/tomcat/lib/tomcat-i18n-fr.jar
[2022-10-25T00:39:10.725+0000] {processor.py:178} INFO - Processing /opt/airflow/dags/hadoop-2.7.3/share/hadoop/kms/tomcat/lib/tomcat-i18n-fr.jar took 0.063 seconds
[2022-10-25T00:39:38.942+0000] {processor.py:156} INFO - Started process (PID=3486) to work on /opt/airflow/dags/hadoop-2.7.3/share/hadoop/kms/tomcat/lib/tomcat-i18n-fr.jar
[2022-10-25T00:39:38.948+0000] {processor.py:758} INFO - Processing file /opt/airflow/dags/hadoop-2.7.3/share/hadoop/kms/tomcat/lib/tomcat-i18n-fr.jar for tasks to queue
[2022-10-25T00:39:38.954+0000] {logging_mixin.py:117} INFO - [2022-10-25T00:39:38.953+0000] {dagbag.py:525} INFO - Filling up the DagBag from /opt/airflow/dags/hadoop-2.7.3/share/hadoop/kms/tomcat/lib/tomcat-i18n-fr.jar
[2022-10-25T00:39:38.963+0000] {processor.py:770} WARNING - No viable dags retrieved from /opt/airflow/dags/hadoop-2.7.3/share/hadoop/kms/tomcat/lib/tomcat-i18n-fr.jar
[2022-10-25T00:39:39.017+0000] {processor.py:178} INFO - Processing /opt/airflow/dags/hadoop-2.7.3/share/hadoop/kms/tomcat/lib/tomcat-i18n-fr.jar took 0.086 seconds
[2022-10-25T00:52:53.702+0000] {processor.py:156} INFO - Started process (PID=6055) to work on /opt/airflow/dags/hadoop-2.7.3/share/hadoop/kms/tomcat/lib/tomcat-i18n-fr.jar
[2022-10-25T00:52:53.704+0000] {processor.py:758} INFO - Processing file /opt/airflow/dags/hadoop-2.7.3/share/hadoop/kms/tomcat/lib/tomcat-i18n-fr.jar for tasks to queue
[2022-10-25T00:52:53.707+0000] {logging_mixin.py:117} INFO - [2022-10-25T00:52:53.706+0000] {dagbag.py:525} INFO - Filling up the DagBag from /opt/airflow/dags/hadoop-2.7.3/share/hadoop/kms/tomcat/lib/tomcat-i18n-fr.jar
[2022-10-25T00:52:53.715+0000] {processor.py:770} WARNING - No viable dags retrieved from /opt/airflow/dags/hadoop-2.7.3/share/hadoop/kms/tomcat/lib/tomcat-i18n-fr.jar
[2022-10-25T00:52:53.751+0000] {processor.py:178} INFO - Processing /opt/airflow/dags/hadoop-2.7.3/share/hadoop/kms/tomcat/lib/tomcat-i18n-fr.jar took 0.059 seconds
[2022-10-25T00:53:14.424+0000] {processor.py:156} INFO - Started process (PID=3969) to work on /opt/airflow/dags/hadoop-2.7.3/share/hadoop/kms/tomcat/lib/tomcat-i18n-fr.jar
[2022-10-25T00:53:14.429+0000] {processor.py:758} INFO - Processing file /opt/airflow/dags/hadoop-2.7.3/share/hadoop/kms/tomcat/lib/tomcat-i18n-fr.jar for tasks to queue
[2022-10-25T00:53:14.434+0000] {logging_mixin.py:117} INFO - [2022-10-25T00:53:14.434+0000] {dagbag.py:525} INFO - Filling up the DagBag from /opt/airflow/dags/hadoop-2.7.3/share/hadoop/kms/tomcat/lib/tomcat-i18n-fr.jar
[2022-10-25T00:53:14.447+0000] {processor.py:770} WARNING - No viable dags retrieved from /opt/airflow/dags/hadoop-2.7.3/share/hadoop/kms/tomcat/lib/tomcat-i18n-fr.jar
[2022-10-25T00:53:14.491+0000] {processor.py:178} INFO - Processing /opt/airflow/dags/hadoop-2.7.3/share/hadoop/kms/tomcat/lib/tomcat-i18n-fr.jar took 0.074 seconds
[2022-10-25T00:53:35.570+0000] {processor.py:156} INFO - Started process (PID=6571) to work on /opt/airflow/dags/hadoop-2.7.3/share/hadoop/kms/tomcat/lib/tomcat-i18n-fr.jar
[2022-10-25T00:53:35.573+0000] {processor.py:758} INFO - Processing file /opt/airflow/dags/hadoop-2.7.3/share/hadoop/kms/tomcat/lib/tomcat-i18n-fr.jar for tasks to queue
[2022-10-25T00:53:35.575+0000] {logging_mixin.py:117} INFO - [2022-10-25T00:53:35.575+0000] {dagbag.py:525} INFO - Filling up the DagBag from /opt/airflow/dags/hadoop-2.7.3/share/hadoop/kms/tomcat/lib/tomcat-i18n-fr.jar
[2022-10-25T00:53:35.583+0000] {processor.py:770} WARNING - No viable dags retrieved from /opt/airflow/dags/hadoop-2.7.3/share/hadoop/kms/tomcat/lib/tomcat-i18n-fr.jar
[2022-10-25T00:53:35.622+0000] {processor.py:178} INFO - Processing /opt/airflow/dags/hadoop-2.7.3/share/hadoop/kms/tomcat/lib/tomcat-i18n-fr.jar took 0.060 seconds
[2022-10-25T00:53:55.634+0000] {processor.py:156} INFO - Started process (PID=4484) to work on /opt/airflow/dags/hadoop-2.7.3/share/hadoop/kms/tomcat/lib/tomcat-i18n-fr.jar
[2022-10-25T00:53:55.642+0000] {processor.py:758} INFO - Processing file /opt/airflow/dags/hadoop-2.7.3/share/hadoop/kms/tomcat/lib/tomcat-i18n-fr.jar for tasks to queue
[2022-10-25T00:53:55.646+0000] {logging_mixin.py:117} INFO - [2022-10-25T00:53:55.646+0000] {dagbag.py:525} INFO - Filling up the DagBag from /opt/airflow/dags/hadoop-2.7.3/share/hadoop/kms/tomcat/lib/tomcat-i18n-fr.jar
[2022-10-25T00:53:55.657+0000] {processor.py:770} WARNING - No viable dags retrieved from /opt/airflow/dags/hadoop-2.7.3/share/hadoop/kms/tomcat/lib/tomcat-i18n-fr.jar
[2022-10-25T00:53:55.710+0000] {processor.py:178} INFO - Processing /opt/airflow/dags/hadoop-2.7.3/share/hadoop/kms/tomcat/lib/tomcat-i18n-fr.jar took 0.083 seconds
[2022-10-25T00:54:16.018+0000] {processor.py:156} INFO - Started process (PID=7086) to work on /opt/airflow/dags/hadoop-2.7.3/share/hadoop/kms/tomcat/lib/tomcat-i18n-fr.jar
[2022-10-25T00:54:16.021+0000] {processor.py:758} INFO - Processing file /opt/airflow/dags/hadoop-2.7.3/share/hadoop/kms/tomcat/lib/tomcat-i18n-fr.jar for tasks to queue
[2022-10-25T00:54:16.023+0000] {logging_mixin.py:117} INFO - [2022-10-25T00:54:16.022+0000] {dagbag.py:525} INFO - Filling up the DagBag from /opt/airflow/dags/hadoop-2.7.3/share/hadoop/kms/tomcat/lib/tomcat-i18n-fr.jar
[2022-10-25T00:54:16.031+0000] {processor.py:770} WARNING - No viable dags retrieved from /opt/airflow/dags/hadoop-2.7.3/share/hadoop/kms/tomcat/lib/tomcat-i18n-fr.jar
[2022-10-25T00:54:16.068+0000] {processor.py:178} INFO - Processing /opt/airflow/dags/hadoop-2.7.3/share/hadoop/kms/tomcat/lib/tomcat-i18n-fr.jar took 0.059 seconds
[2022-10-25T00:54:40.557+0000] {processor.py:156} INFO - Started process (PID=4991) to work on /opt/airflow/dags/hadoop-2.7.3/share/hadoop/kms/tomcat/lib/tomcat-i18n-fr.jar
[2022-10-25T00:54:40.569+0000] {processor.py:758} INFO - Processing file /opt/airflow/dags/hadoop-2.7.3/share/hadoop/kms/tomcat/lib/tomcat-i18n-fr.jar for tasks to queue
[2022-10-25T00:54:40.578+0000] {logging_mixin.py:117} INFO - [2022-10-25T00:54:40.577+0000] {dagbag.py:525} INFO - Filling up the DagBag from /opt/airflow/dags/hadoop-2.7.3/share/hadoop/kms/tomcat/lib/tomcat-i18n-fr.jar
[2022-10-25T00:54:40.588+0000] {processor.py:770} WARNING - No viable dags retrieved from /opt/airflow/dags/hadoop-2.7.3/share/hadoop/kms/tomcat/lib/tomcat-i18n-fr.jar
[2022-10-25T00:54:40.645+0000] {processor.py:178} INFO - Processing /opt/airflow/dags/hadoop-2.7.3/share/hadoop/kms/tomcat/lib/tomcat-i18n-fr.jar took 0.100 seconds
[2022-10-25T00:55:14.110+0000] {processor.py:156} INFO - Started process (PID=7586) to work on /opt/airflow/dags/hadoop-2.7.3/share/hadoop/kms/tomcat/lib/tomcat-i18n-fr.jar
[2022-10-25T00:55:14.115+0000] {processor.py:758} INFO - Processing file /opt/airflow/dags/hadoop-2.7.3/share/hadoop/kms/tomcat/lib/tomcat-i18n-fr.jar for tasks to queue
[2022-10-25T00:55:14.122+0000] {logging_mixin.py:117} INFO - [2022-10-25T00:55:14.122+0000] {dagbag.py:525} INFO - Filling up the DagBag from /opt/airflow/dags/hadoop-2.7.3/share/hadoop/kms/tomcat/lib/tomcat-i18n-fr.jar
[2022-10-25T00:55:14.140+0000] {processor.py:770} WARNING - No viable dags retrieved from /opt/airflow/dags/hadoop-2.7.3/share/hadoop/kms/tomcat/lib/tomcat-i18n-fr.jar
[2022-10-25T00:55:14.260+0000] {processor.py:178} INFO - Processing /opt/airflow/dags/hadoop-2.7.3/share/hadoop/kms/tomcat/lib/tomcat-i18n-fr.jar took 0.163 seconds
[2022-10-25T00:55:50.671+0000] {processor.py:156} INFO - Started process (PID=5499) to work on /opt/airflow/dags/hadoop-2.7.3/share/hadoop/kms/tomcat/lib/tomcat-i18n-fr.jar
[2022-10-25T00:55:50.680+0000] {processor.py:758} INFO - Processing file /opt/airflow/dags/hadoop-2.7.3/share/hadoop/kms/tomcat/lib/tomcat-i18n-fr.jar for tasks to queue
[2022-10-25T00:55:50.704+0000] {logging_mixin.py:117} INFO - [2022-10-25T00:55:50.699+0000] {dagbag.py:525} INFO - Filling up the DagBag from /opt/airflow/dags/hadoop-2.7.3/share/hadoop/kms/tomcat/lib/tomcat-i18n-fr.jar
[2022-10-25T00:55:50.732+0000] {processor.py:770} WARNING - No viable dags retrieved from /opt/airflow/dags/hadoop-2.7.3/share/hadoop/kms/tomcat/lib/tomcat-i18n-fr.jar
[2022-10-25T00:55:50.847+0000] {processor.py:178} INFO - Processing /opt/airflow/dags/hadoop-2.7.3/share/hadoop/kms/tomcat/lib/tomcat-i18n-fr.jar took 0.193 seconds
[2022-10-25T14:08:46.919+0000] {processor.py:156} INFO - Started process (PID=18788) to work on /opt/airflow/dags/hadoop-2.7.3/share/hadoop/kms/tomcat/lib/tomcat-i18n-fr.jar
[2022-10-25T14:08:46.922+0000] {processor.py:758} INFO - Processing file /opt/airflow/dags/hadoop-2.7.3/share/hadoop/kms/tomcat/lib/tomcat-i18n-fr.jar for tasks to queue
[2022-10-25T14:08:46.924+0000] {logging_mixin.py:117} INFO - [2022-10-25T14:08:46.924+0000] {dagbag.py:525} INFO - Filling up the DagBag from /opt/airflow/dags/hadoop-2.7.3/share/hadoop/kms/tomcat/lib/tomcat-i18n-fr.jar
[2022-10-25T14:08:46.933+0000] {processor.py:770} WARNING - No viable dags retrieved from /opt/airflow/dags/hadoop-2.7.3/share/hadoop/kms/tomcat/lib/tomcat-i18n-fr.jar
[2022-10-25T14:08:47.000+0000] {processor.py:178} INFO - Processing /opt/airflow/dags/hadoop-2.7.3/share/hadoop/kms/tomcat/lib/tomcat-i18n-fr.jar took 0.087 seconds
[2022-10-25T14:09:02.363+0000] {processor.py:156} INFO - Started process (PID=17701) to work on /opt/airflow/dags/hadoop-2.7.3/share/hadoop/kms/tomcat/lib/tomcat-i18n-fr.jar
[2022-10-25T14:09:02.391+0000] {processor.py:758} INFO - Processing file /opt/airflow/dags/hadoop-2.7.3/share/hadoop/kms/tomcat/lib/tomcat-i18n-fr.jar for tasks to queue
[2022-10-25T14:09:02.398+0000] {logging_mixin.py:117} INFO - [2022-10-25T14:09:02.397+0000] {dagbag.py:525} INFO - Filling up the DagBag from /opt/airflow/dags/hadoop-2.7.3/share/hadoop/kms/tomcat/lib/tomcat-i18n-fr.jar
[2022-10-25T14:09:02.432+0000] {processor.py:770} WARNING - No viable dags retrieved from /opt/airflow/dags/hadoop-2.7.3/share/hadoop/kms/tomcat/lib/tomcat-i18n-fr.jar
[2022-10-25T14:09:02.516+0000] {processor.py:178} INFO - Processing /opt/airflow/dags/hadoop-2.7.3/share/hadoop/kms/tomcat/lib/tomcat-i18n-fr.jar took 0.175 seconds
[2022-10-25T14:09:33.231+0000] {processor.py:156} INFO - Started process (PID=19305) to work on /opt/airflow/dags/hadoop-2.7.3/share/hadoop/kms/tomcat/lib/tomcat-i18n-fr.jar
[2022-10-25T14:09:33.233+0000] {processor.py:758} INFO - Processing file /opt/airflow/dags/hadoop-2.7.3/share/hadoop/kms/tomcat/lib/tomcat-i18n-fr.jar for tasks to queue
[2022-10-25T14:09:33.236+0000] {logging_mixin.py:117} INFO - [2022-10-25T14:09:33.236+0000] {dagbag.py:525} INFO - Filling up the DagBag from /opt/airflow/dags/hadoop-2.7.3/share/hadoop/kms/tomcat/lib/tomcat-i18n-fr.jar
[2022-10-25T14:09:33.244+0000] {processor.py:770} WARNING - No viable dags retrieved from /opt/airflow/dags/hadoop-2.7.3/share/hadoop/kms/tomcat/lib/tomcat-i18n-fr.jar
[2022-10-25T14:09:33.278+0000] {processor.py:178} INFO - Processing /opt/airflow/dags/hadoop-2.7.3/share/hadoop/kms/tomcat/lib/tomcat-i18n-fr.jar took 0.053 seconds
[2022-10-25T14:09:46.534+0000] {processor.py:156} INFO - Started process (PID=18216) to work on /opt/airflow/dags/hadoop-2.7.3/share/hadoop/kms/tomcat/lib/tomcat-i18n-fr.jar
[2022-10-25T14:09:46.537+0000] {processor.py:758} INFO - Processing file /opt/airflow/dags/hadoop-2.7.3/share/hadoop/kms/tomcat/lib/tomcat-i18n-fr.jar for tasks to queue
[2022-10-25T14:09:46.540+0000] {logging_mixin.py:117} INFO - [2022-10-25T14:09:46.539+0000] {dagbag.py:525} INFO - Filling up the DagBag from /opt/airflow/dags/hadoop-2.7.3/share/hadoop/kms/tomcat/lib/tomcat-i18n-fr.jar
[2022-10-25T14:09:46.549+0000] {processor.py:770} WARNING - No viable dags retrieved from /opt/airflow/dags/hadoop-2.7.3/share/hadoop/kms/tomcat/lib/tomcat-i18n-fr.jar
[2022-10-25T14:09:46.601+0000] {processor.py:178} INFO - Processing /opt/airflow/dags/hadoop-2.7.3/share/hadoop/kms/tomcat/lib/tomcat-i18n-fr.jar took 0.074 seconds
[2022-10-25T14:10:13.496+0000] {processor.py:156} INFO - Started process (PID=19821) to work on /opt/airflow/dags/hadoop-2.7.3/share/hadoop/kms/tomcat/lib/tomcat-i18n-fr.jar
[2022-10-25T14:10:13.499+0000] {processor.py:758} INFO - Processing file /opt/airflow/dags/hadoop-2.7.3/share/hadoop/kms/tomcat/lib/tomcat-i18n-fr.jar for tasks to queue
[2022-10-25T14:10:13.503+0000] {logging_mixin.py:117} INFO - [2022-10-25T14:10:13.503+0000] {dagbag.py:525} INFO - Filling up the DagBag from /opt/airflow/dags/hadoop-2.7.3/share/hadoop/kms/tomcat/lib/tomcat-i18n-fr.jar
[2022-10-25T14:10:13.513+0000] {processor.py:770} WARNING - No viable dags retrieved from /opt/airflow/dags/hadoop-2.7.3/share/hadoop/kms/tomcat/lib/tomcat-i18n-fr.jar
[2022-10-25T14:10:13.565+0000] {processor.py:178} INFO - Processing /opt/airflow/dags/hadoop-2.7.3/share/hadoop/kms/tomcat/lib/tomcat-i18n-fr.jar took 0.084 seconds
[2022-10-25T14:10:30.004+0000] {processor.py:156} INFO - Started process (PID=18730) to work on /opt/airflow/dags/hadoop-2.7.3/share/hadoop/kms/tomcat/lib/tomcat-i18n-fr.jar
[2022-10-25T14:10:30.007+0000] {processor.py:758} INFO - Processing file /opt/airflow/dags/hadoop-2.7.3/share/hadoop/kms/tomcat/lib/tomcat-i18n-fr.jar for tasks to queue
[2022-10-25T14:10:30.012+0000] {logging_mixin.py:117} INFO - [2022-10-25T14:10:30.011+0000] {dagbag.py:525} INFO - Filling up the DagBag from /opt/airflow/dags/hadoop-2.7.3/share/hadoop/kms/tomcat/lib/tomcat-i18n-fr.jar
[2022-10-25T14:10:30.022+0000] {processor.py:770} WARNING - No viable dags retrieved from /opt/airflow/dags/hadoop-2.7.3/share/hadoop/kms/tomcat/lib/tomcat-i18n-fr.jar
[2022-10-25T14:10:30.075+0000] {processor.py:178} INFO - Processing /opt/airflow/dags/hadoop-2.7.3/share/hadoop/kms/tomcat/lib/tomcat-i18n-fr.jar took 0.082 seconds
[2022-10-25T14:10:57.894+0000] {processor.py:156} INFO - Started process (PID=20342) to work on /opt/airflow/dags/hadoop-2.7.3/share/hadoop/kms/tomcat/lib/tomcat-i18n-fr.jar
[2022-10-25T14:10:57.901+0000] {processor.py:758} INFO - Processing file /opt/airflow/dags/hadoop-2.7.3/share/hadoop/kms/tomcat/lib/tomcat-i18n-fr.jar for tasks to queue
[2022-10-25T14:10:57.905+0000] {logging_mixin.py:117} INFO - [2022-10-25T14:10:57.904+0000] {dagbag.py:525} INFO - Filling up the DagBag from /opt/airflow/dags/hadoop-2.7.3/share/hadoop/kms/tomcat/lib/tomcat-i18n-fr.jar
[2022-10-25T14:10:57.914+0000] {processor.py:770} WARNING - No viable dags retrieved from /opt/airflow/dags/hadoop-2.7.3/share/hadoop/kms/tomcat/lib/tomcat-i18n-fr.jar
[2022-10-25T14:10:57.952+0000] {processor.py:178} INFO - Processing /opt/airflow/dags/hadoop-2.7.3/share/hadoop/kms/tomcat/lib/tomcat-i18n-fr.jar took 0.069 seconds
[2022-10-25T14:11:09.937+0000] {processor.py:156} INFO - Started process (PID=19217) to work on /opt/airflow/dags/hadoop-2.7.3/share/hadoop/kms/tomcat/lib/tomcat-i18n-fr.jar
[2022-10-25T14:11:09.960+0000] {processor.py:758} INFO - Processing file /opt/airflow/dags/hadoop-2.7.3/share/hadoop/kms/tomcat/lib/tomcat-i18n-fr.jar for tasks to queue
[2022-10-25T14:11:09.964+0000] {logging_mixin.py:117} INFO - [2022-10-25T14:11:09.964+0000] {dagbag.py:525} INFO - Filling up the DagBag from /opt/airflow/dags/hadoop-2.7.3/share/hadoop/kms/tomcat/lib/tomcat-i18n-fr.jar
[2022-10-25T14:11:09.971+0000] {processor.py:770} WARNING - No viable dags retrieved from /opt/airflow/dags/hadoop-2.7.3/share/hadoop/kms/tomcat/lib/tomcat-i18n-fr.jar
[2022-10-25T14:11:10.010+0000] {processor.py:178} INFO - Processing /opt/airflow/dags/hadoop-2.7.3/share/hadoop/kms/tomcat/lib/tomcat-i18n-fr.jar took 0.080 seconds
[2022-10-25T14:11:38.834+0000] {processor.py:156} INFO - Started process (PID=20858) to work on /opt/airflow/dags/hadoop-2.7.3/share/hadoop/kms/tomcat/lib/tomcat-i18n-fr.jar
[2022-10-25T14:11:38.837+0000] {processor.py:758} INFO - Processing file /opt/airflow/dags/hadoop-2.7.3/share/hadoop/kms/tomcat/lib/tomcat-i18n-fr.jar for tasks to queue
[2022-10-25T14:11:38.839+0000] {logging_mixin.py:117} INFO - [2022-10-25T14:11:38.839+0000] {dagbag.py:525} INFO - Filling up the DagBag from /opt/airflow/dags/hadoop-2.7.3/share/hadoop/kms/tomcat/lib/tomcat-i18n-fr.jar
[2022-10-25T14:11:38.849+0000] {processor.py:770} WARNING - No viable dags retrieved from /opt/airflow/dags/hadoop-2.7.3/share/hadoop/kms/tomcat/lib/tomcat-i18n-fr.jar
[2022-10-25T14:11:38.874+0000] {processor.py:178} INFO - Processing /opt/airflow/dags/hadoop-2.7.3/share/hadoop/kms/tomcat/lib/tomcat-i18n-fr.jar took 0.052 seconds
[2022-10-25T14:11:52.315+0000] {processor.py:156} INFO - Started process (PID=19732) to work on /opt/airflow/dags/hadoop-2.7.3/share/hadoop/kms/tomcat/lib/tomcat-i18n-fr.jar
[2022-10-25T14:11:52.317+0000] {processor.py:758} INFO - Processing file /opt/airflow/dags/hadoop-2.7.3/share/hadoop/kms/tomcat/lib/tomcat-i18n-fr.jar for tasks to queue
[2022-10-25T14:11:52.319+0000] {logging_mixin.py:117} INFO - [2022-10-25T14:11:52.319+0000] {dagbag.py:525} INFO - Filling up the DagBag from /opt/airflow/dags/hadoop-2.7.3/share/hadoop/kms/tomcat/lib/tomcat-i18n-fr.jar
[2022-10-25T14:11:52.327+0000] {processor.py:770} WARNING - No viable dags retrieved from /opt/airflow/dags/hadoop-2.7.3/share/hadoop/kms/tomcat/lib/tomcat-i18n-fr.jar
[2022-10-25T14:11:52.355+0000] {processor.py:178} INFO - Processing /opt/airflow/dags/hadoop-2.7.3/share/hadoop/kms/tomcat/lib/tomcat-i18n-fr.jar took 0.047 seconds
[2022-10-25T14:12:18.148+0000] {processor.py:156} INFO - Started process (PID=21306) to work on /opt/airflow/dags/hadoop-2.7.3/share/hadoop/kms/tomcat/lib/tomcat-i18n-fr.jar
[2022-10-25T14:12:18.152+0000] {processor.py:758} INFO - Processing file /opt/airflow/dags/hadoop-2.7.3/share/hadoop/kms/tomcat/lib/tomcat-i18n-fr.jar for tasks to queue
[2022-10-25T14:12:18.159+0000] {logging_mixin.py:117} INFO - [2022-10-25T14:12:18.159+0000] {dagbag.py:525} INFO - Filling up the DagBag from /opt/airflow/dags/hadoop-2.7.3/share/hadoop/kms/tomcat/lib/tomcat-i18n-fr.jar
[2022-10-25T14:12:18.169+0000] {processor.py:770} WARNING - No viable dags retrieved from /opt/airflow/dags/hadoop-2.7.3/share/hadoop/kms/tomcat/lib/tomcat-i18n-fr.jar
[2022-10-25T14:12:18.238+0000] {processor.py:178} INFO - Processing /opt/airflow/dags/hadoop-2.7.3/share/hadoop/kms/tomcat/lib/tomcat-i18n-fr.jar took 0.128 seconds
[2022-10-25T14:12:36.884+0000] {processor.py:156} INFO - Started process (PID=20225) to work on /opt/airflow/dags/hadoop-2.7.3/share/hadoop/kms/tomcat/lib/tomcat-i18n-fr.jar
[2022-10-25T14:12:36.889+0000] {processor.py:758} INFO - Processing file /opt/airflow/dags/hadoop-2.7.3/share/hadoop/kms/tomcat/lib/tomcat-i18n-fr.jar for tasks to queue
[2022-10-25T14:12:36.894+0000] {logging_mixin.py:117} INFO - [2022-10-25T14:12:36.893+0000] {dagbag.py:525} INFO - Filling up the DagBag from /opt/airflow/dags/hadoop-2.7.3/share/hadoop/kms/tomcat/lib/tomcat-i18n-fr.jar
[2022-10-25T14:12:36.904+0000] {processor.py:770} WARNING - No viable dags retrieved from /opt/airflow/dags/hadoop-2.7.3/share/hadoop/kms/tomcat/lib/tomcat-i18n-fr.jar
[2022-10-25T14:12:36.946+0000] {processor.py:178} INFO - Processing /opt/airflow/dags/hadoop-2.7.3/share/hadoop/kms/tomcat/lib/tomcat-i18n-fr.jar took 0.078 seconds
[2022-10-25T14:13:34.090+0000] {processor.py:156} INFO - Started process (PID=21770) to work on /opt/airflow/dags/hadoop-2.7.3/share/hadoop/kms/tomcat/lib/tomcat-i18n-fr.jar
[2022-10-25T14:13:34.093+0000] {processor.py:758} INFO - Processing file /opt/airflow/dags/hadoop-2.7.3/share/hadoop/kms/tomcat/lib/tomcat-i18n-fr.jar for tasks to queue
[2022-10-25T14:13:34.097+0000] {logging_mixin.py:117} INFO - [2022-10-25T14:13:34.096+0000] {dagbag.py:525} INFO - Filling up the DagBag from /opt/airflow/dags/hadoop-2.7.3/share/hadoop/kms/tomcat/lib/tomcat-i18n-fr.jar
[2022-10-25T14:13:34.105+0000] {processor.py:770} WARNING - No viable dags retrieved from /opt/airflow/dags/hadoop-2.7.3/share/hadoop/kms/tomcat/lib/tomcat-i18n-fr.jar
[2022-10-25T14:13:34.150+0000] {processor.py:178} INFO - Processing /opt/airflow/dags/hadoop-2.7.3/share/hadoop/kms/tomcat/lib/tomcat-i18n-fr.jar took 0.069 seconds
[2022-10-25T14:13:59.030+0000] {processor.py:156} INFO - Started process (PID=20752) to work on /opt/airflow/dags/hadoop-2.7.3/share/hadoop/kms/tomcat/lib/tomcat-i18n-fr.jar
[2022-10-25T14:13:59.034+0000] {processor.py:758} INFO - Processing file /opt/airflow/dags/hadoop-2.7.3/share/hadoop/kms/tomcat/lib/tomcat-i18n-fr.jar for tasks to queue
[2022-10-25T14:13:59.037+0000] {logging_mixin.py:117} INFO - [2022-10-25T14:13:59.036+0000] {dagbag.py:525} INFO - Filling up the DagBag from /opt/airflow/dags/hadoop-2.7.3/share/hadoop/kms/tomcat/lib/tomcat-i18n-fr.jar
[2022-10-25T14:13:59.050+0000] {processor.py:770} WARNING - No viable dags retrieved from /opt/airflow/dags/hadoop-2.7.3/share/hadoop/kms/tomcat/lib/tomcat-i18n-fr.jar
[2022-10-25T14:13:59.103+0000] {processor.py:178} INFO - Processing /opt/airflow/dags/hadoop-2.7.3/share/hadoop/kms/tomcat/lib/tomcat-i18n-fr.jar took 0.096 seconds
[2022-10-25T14:14:20.246+0000] {processor.py:156} INFO - Started process (PID=22284) to work on /opt/airflow/dags/hadoop-2.7.3/share/hadoop/kms/tomcat/lib/tomcat-i18n-fr.jar
[2022-10-25T14:14:20.251+0000] {processor.py:758} INFO - Processing file /opt/airflow/dags/hadoop-2.7.3/share/hadoop/kms/tomcat/lib/tomcat-i18n-fr.jar for tasks to queue
[2022-10-25T14:14:20.255+0000] {logging_mixin.py:117} INFO - [2022-10-25T14:14:20.255+0000] {dagbag.py:525} INFO - Filling up the DagBag from /opt/airflow/dags/hadoop-2.7.3/share/hadoop/kms/tomcat/lib/tomcat-i18n-fr.jar
[2022-10-25T14:14:20.266+0000] {processor.py:770} WARNING - No viable dags retrieved from /opt/airflow/dags/hadoop-2.7.3/share/hadoop/kms/tomcat/lib/tomcat-i18n-fr.jar
[2022-10-25T14:14:20.314+0000] {processor.py:178} INFO - Processing /opt/airflow/dags/hadoop-2.7.3/share/hadoop/kms/tomcat/lib/tomcat-i18n-fr.jar took 0.078 seconds
[2022-10-25T14:14:47.243+0000] {processor.py:156} INFO - Started process (PID=21274) to work on /opt/airflow/dags/hadoop-2.7.3/share/hadoop/kms/tomcat/lib/tomcat-i18n-fr.jar
[2022-10-25T14:14:47.246+0000] {processor.py:758} INFO - Processing file /opt/airflow/dags/hadoop-2.7.3/share/hadoop/kms/tomcat/lib/tomcat-i18n-fr.jar for tasks to queue
[2022-10-25T14:14:47.249+0000] {logging_mixin.py:117} INFO - [2022-10-25T14:14:47.249+0000] {dagbag.py:525} INFO - Filling up the DagBag from /opt/airflow/dags/hadoop-2.7.3/share/hadoop/kms/tomcat/lib/tomcat-i18n-fr.jar
[2022-10-25T14:14:47.258+0000] {processor.py:770} WARNING - No viable dags retrieved from /opt/airflow/dags/hadoop-2.7.3/share/hadoop/kms/tomcat/lib/tomcat-i18n-fr.jar
[2022-10-25T14:14:47.299+0000] {processor.py:178} INFO - Processing /opt/airflow/dags/hadoop-2.7.3/share/hadoop/kms/tomcat/lib/tomcat-i18n-fr.jar took 0.066 seconds
[2022-10-25T14:15:13.104+0000] {processor.py:156} INFO - Started process (PID=22842) to work on /opt/airflow/dags/hadoop-2.7.3/share/hadoop/kms/tomcat/lib/tomcat-i18n-fr.jar
[2022-10-25T14:15:13.112+0000] {processor.py:758} INFO - Processing file /opt/airflow/dags/hadoop-2.7.3/share/hadoop/kms/tomcat/lib/tomcat-i18n-fr.jar for tasks to queue
[2022-10-25T14:15:13.116+0000] {logging_mixin.py:117} INFO - [2022-10-25T14:15:13.115+0000] {dagbag.py:525} INFO - Filling up the DagBag from /opt/airflow/dags/hadoop-2.7.3/share/hadoop/kms/tomcat/lib/tomcat-i18n-fr.jar
[2022-10-25T14:15:13.127+0000] {processor.py:770} WARNING - No viable dags retrieved from /opt/airflow/dags/hadoop-2.7.3/share/hadoop/kms/tomcat/lib/tomcat-i18n-fr.jar
[2022-10-25T14:15:13.230+0000] {processor.py:178} INFO - Processing /opt/airflow/dags/hadoop-2.7.3/share/hadoop/kms/tomcat/lib/tomcat-i18n-fr.jar took 0.140 seconds
[2022-10-25T14:15:49.447+0000] {processor.py:156} INFO - Started process (PID=21817) to work on /opt/airflow/dags/hadoop-2.7.3/share/hadoop/kms/tomcat/lib/tomcat-i18n-fr.jar
[2022-10-25T14:15:49.451+0000] {processor.py:758} INFO - Processing file /opt/airflow/dags/hadoop-2.7.3/share/hadoop/kms/tomcat/lib/tomcat-i18n-fr.jar for tasks to queue
[2022-10-25T14:15:49.454+0000] {logging_mixin.py:117} INFO - [2022-10-25T14:15:49.454+0000] {dagbag.py:525} INFO - Filling up the DagBag from /opt/airflow/dags/hadoop-2.7.3/share/hadoop/kms/tomcat/lib/tomcat-i18n-fr.jar
[2022-10-25T14:15:49.462+0000] {processor.py:770} WARNING - No viable dags retrieved from /opt/airflow/dags/hadoop-2.7.3/share/hadoop/kms/tomcat/lib/tomcat-i18n-fr.jar
[2022-10-25T14:15:49.516+0000] {processor.py:178} INFO - Processing /opt/airflow/dags/hadoop-2.7.3/share/hadoop/kms/tomcat/lib/tomcat-i18n-fr.jar took 0.081 seconds
[2022-10-25T14:16:03.996+0000] {processor.py:156} INFO - Started process (PID=23284) to work on /opt/airflow/dags/hadoop-2.7.3/share/hadoop/kms/tomcat/lib/tomcat-i18n-fr.jar
[2022-10-25T14:16:03.999+0000] {processor.py:758} INFO - Processing file /opt/airflow/dags/hadoop-2.7.3/share/hadoop/kms/tomcat/lib/tomcat-i18n-fr.jar for tasks to queue
[2022-10-25T14:16:04.002+0000] {logging_mixin.py:117} INFO - [2022-10-25T14:16:04.002+0000] {dagbag.py:525} INFO - Filling up the DagBag from /opt/airflow/dags/hadoop-2.7.3/share/hadoop/kms/tomcat/lib/tomcat-i18n-fr.jar
[2022-10-25T14:16:04.012+0000] {processor.py:770} WARNING - No viable dags retrieved from /opt/airflow/dags/hadoop-2.7.3/share/hadoop/kms/tomcat/lib/tomcat-i18n-fr.jar
[2022-10-25T14:16:04.049+0000] {processor.py:178} INFO - Processing /opt/airflow/dags/hadoop-2.7.3/share/hadoop/kms/tomcat/lib/tomcat-i18n-fr.jar took 0.061 seconds
[2022-10-25T14:16:36.683+0000] {processor.py:156} INFO - Started process (PID=22321) to work on /opt/airflow/dags/hadoop-2.7.3/share/hadoop/kms/tomcat/lib/tomcat-i18n-fr.jar
[2022-10-25T14:16:36.687+0000] {processor.py:758} INFO - Processing file /opt/airflow/dags/hadoop-2.7.3/share/hadoop/kms/tomcat/lib/tomcat-i18n-fr.jar for tasks to queue
[2022-10-25T14:16:36.691+0000] {logging_mixin.py:117} INFO - [2022-10-25T14:16:36.690+0000] {dagbag.py:525} INFO - Filling up the DagBag from /opt/airflow/dags/hadoop-2.7.3/share/hadoop/kms/tomcat/lib/tomcat-i18n-fr.jar
[2022-10-25T14:16:36.701+0000] {processor.py:770} WARNING - No viable dags retrieved from /opt/airflow/dags/hadoop-2.7.3/share/hadoop/kms/tomcat/lib/tomcat-i18n-fr.jar
[2022-10-25T14:16:36.752+0000] {processor.py:178} INFO - Processing /opt/airflow/dags/hadoop-2.7.3/share/hadoop/kms/tomcat/lib/tomcat-i18n-fr.jar took 0.081 seconds
[2022-10-25T14:16:52.353+0000] {processor.py:156} INFO - Started process (PID=23765) to work on /opt/airflow/dags/hadoop-2.7.3/share/hadoop/kms/tomcat/lib/tomcat-i18n-fr.jar
[2022-10-25T14:16:52.360+0000] {processor.py:758} INFO - Processing file /opt/airflow/dags/hadoop-2.7.3/share/hadoop/kms/tomcat/lib/tomcat-i18n-fr.jar for tasks to queue
[2022-10-25T14:16:52.364+0000] {logging_mixin.py:117} INFO - [2022-10-25T14:16:52.363+0000] {dagbag.py:525} INFO - Filling up the DagBag from /opt/airflow/dags/hadoop-2.7.3/share/hadoop/kms/tomcat/lib/tomcat-i18n-fr.jar
[2022-10-25T14:16:52.380+0000] {processor.py:770} WARNING - No viable dags retrieved from /opt/airflow/dags/hadoop-2.7.3/share/hadoop/kms/tomcat/lib/tomcat-i18n-fr.jar
[2022-10-25T14:16:52.450+0000] {processor.py:178} INFO - Processing /opt/airflow/dags/hadoop-2.7.3/share/hadoop/kms/tomcat/lib/tomcat-i18n-fr.jar took 0.104 seconds
[2022-10-25T14:17:28.066+0000] {processor.py:156} INFO - Started process (PID=22795) to work on /opt/airflow/dags/hadoop-2.7.3/share/hadoop/kms/tomcat/lib/tomcat-i18n-fr.jar
[2022-10-25T14:17:28.071+0000] {processor.py:758} INFO - Processing file /opt/airflow/dags/hadoop-2.7.3/share/hadoop/kms/tomcat/lib/tomcat-i18n-fr.jar for tasks to queue
[2022-10-25T14:17:28.074+0000] {logging_mixin.py:117} INFO - [2022-10-25T14:17:28.073+0000] {dagbag.py:525} INFO - Filling up the DagBag from /opt/airflow/dags/hadoop-2.7.3/share/hadoop/kms/tomcat/lib/tomcat-i18n-fr.jar
[2022-10-25T14:17:28.087+0000] {processor.py:770} WARNING - No viable dags retrieved from /opt/airflow/dags/hadoop-2.7.3/share/hadoop/kms/tomcat/lib/tomcat-i18n-fr.jar
[2022-10-25T14:17:28.140+0000] {processor.py:178} INFO - Processing /opt/airflow/dags/hadoop-2.7.3/share/hadoop/kms/tomcat/lib/tomcat-i18n-fr.jar took 0.097 seconds
