[2022-10-22T00:00:00.962+0000] {processor.py:156} INFO - Started process (PID=16743) to work on /opt/airflow/dags/hadoop-2.7.3/share/hadoop/kms/tomcat/lib/jsp-api.jar
[2022-10-22T00:00:00.965+0000] {processor.py:758} INFO - Processing file /opt/airflow/dags/hadoop-2.7.3/share/hadoop/kms/tomcat/lib/jsp-api.jar for tasks to queue
[2022-10-22T00:00:00.968+0000] {logging_mixin.py:117} INFO - [2022-10-22T00:00:00.967+0000] {dagbag.py:525} INFO - Filling up the DagBag from /opt/airflow/dags/hadoop-2.7.3/share/hadoop/kms/tomcat/lib/jsp-api.jar
[2022-10-22T00:00:00.977+0000] {processor.py:770} WARNING - No viable dags retrieved from /opt/airflow/dags/hadoop-2.7.3/share/hadoop/kms/tomcat/lib/jsp-api.jar
[2022-10-22T00:00:01.038+0000] {processor.py:178} INFO - Processing /opt/airflow/dags/hadoop-2.7.3/share/hadoop/kms/tomcat/lib/jsp-api.jar took 0.077 seconds
[2022-10-22T00:00:41.305+0000] {processor.py:156} INFO - Started process (PID=19170) to work on /opt/airflow/dags/hadoop-2.7.3/share/hadoop/kms/tomcat/lib/jsp-api.jar
[2022-10-22T00:00:41.312+0000] {processor.py:758} INFO - Processing file /opt/airflow/dags/hadoop-2.7.3/share/hadoop/kms/tomcat/lib/jsp-api.jar for tasks to queue
[2022-10-22T00:00:41.318+0000] {logging_mixin.py:117} INFO - [2022-10-22T00:00:41.318+0000] {dagbag.py:525} INFO - Filling up the DagBag from /opt/airflow/dags/hadoop-2.7.3/share/hadoop/kms/tomcat/lib/jsp-api.jar
[2022-10-22T00:00:41.335+0000] {processor.py:770} WARNING - No viable dags retrieved from /opt/airflow/dags/hadoop-2.7.3/share/hadoop/kms/tomcat/lib/jsp-api.jar
[2022-10-22T00:00:41.467+0000] {processor.py:178} INFO - Processing /opt/airflow/dags/hadoop-2.7.3/share/hadoop/kms/tomcat/lib/jsp-api.jar took 0.203 seconds
[2022-10-22T00:01:38.096+0000] {processor.py:156} INFO - Started process (PID=17368) to work on /opt/airflow/dags/hadoop-2.7.3/share/hadoop/kms/tomcat/lib/jsp-api.jar
[2022-10-22T00:01:38.100+0000] {processor.py:758} INFO - Processing file /opt/airflow/dags/hadoop-2.7.3/share/hadoop/kms/tomcat/lib/jsp-api.jar for tasks to queue
[2022-10-22T00:01:38.103+0000] {logging_mixin.py:117} INFO - [2022-10-22T00:01:38.103+0000] {dagbag.py:525} INFO - Filling up the DagBag from /opt/airflow/dags/hadoop-2.7.3/share/hadoop/kms/tomcat/lib/jsp-api.jar
[2022-10-22T00:01:38.112+0000] {processor.py:770} WARNING - No viable dags retrieved from /opt/airflow/dags/hadoop-2.7.3/share/hadoop/kms/tomcat/lib/jsp-api.jar
[2022-10-22T00:01:38.164+0000] {processor.py:178} INFO - Processing /opt/airflow/dags/hadoop-2.7.3/share/hadoop/kms/tomcat/lib/jsp-api.jar took 0.077 seconds
[2022-10-22T00:02:26.820+0000] {processor.py:156} INFO - Started process (PID=20107) to work on /opt/airflow/dags/hadoop-2.7.3/share/hadoop/kms/tomcat/lib/jsp-api.jar
[2022-10-22T00:02:26.823+0000] {processor.py:758} INFO - Processing file /opt/airflow/dags/hadoop-2.7.3/share/hadoop/kms/tomcat/lib/jsp-api.jar for tasks to queue
[2022-10-22T00:02:26.825+0000] {logging_mixin.py:117} INFO - [2022-10-22T00:02:26.825+0000] {dagbag.py:525} INFO - Filling up the DagBag from /opt/airflow/dags/hadoop-2.7.3/share/hadoop/kms/tomcat/lib/jsp-api.jar
[2022-10-22T00:02:26.834+0000] {processor.py:770} WARNING - No viable dags retrieved from /opt/airflow/dags/hadoop-2.7.3/share/hadoop/kms/tomcat/lib/jsp-api.jar
[2022-10-22T00:02:26.887+0000] {processor.py:178} INFO - Processing /opt/airflow/dags/hadoop-2.7.3/share/hadoop/kms/tomcat/lib/jsp-api.jar took 0.077 seconds
[2022-10-22T00:03:23.197+0000] {processor.py:156} INFO - Started process (PID=17945) to work on /opt/airflow/dags/hadoop-2.7.3/share/hadoop/kms/tomcat/lib/jsp-api.jar
[2022-10-22T00:03:23.199+0000] {processor.py:758} INFO - Processing file /opt/airflow/dags/hadoop-2.7.3/share/hadoop/kms/tomcat/lib/jsp-api.jar for tasks to queue
[2022-10-22T00:03:23.202+0000] {logging_mixin.py:117} INFO - [2022-10-22T00:03:23.201+0000] {dagbag.py:525} INFO - Filling up the DagBag from /opt/airflow/dags/hadoop-2.7.3/share/hadoop/kms/tomcat/lib/jsp-api.jar
[2022-10-22T00:03:23.209+0000] {processor.py:770} WARNING - No viable dags retrieved from /opt/airflow/dags/hadoop-2.7.3/share/hadoop/kms/tomcat/lib/jsp-api.jar
[2022-10-22T00:03:23.240+0000] {processor.py:178} INFO - Processing /opt/airflow/dags/hadoop-2.7.3/share/hadoop/kms/tomcat/lib/jsp-api.jar took 0.049 seconds
[2022-10-22T00:04:02.144+0000] {processor.py:156} INFO - Started process (PID=20708) to work on /opt/airflow/dags/hadoop-2.7.3/share/hadoop/kms/tomcat/lib/jsp-api.jar
[2022-10-22T00:04:02.149+0000] {processor.py:758} INFO - Processing file /opt/airflow/dags/hadoop-2.7.3/share/hadoop/kms/tomcat/lib/jsp-api.jar for tasks to queue
[2022-10-22T00:04:02.152+0000] {logging_mixin.py:117} INFO - [2022-10-22T00:04:02.151+0000] {dagbag.py:525} INFO - Filling up the DagBag from /opt/airflow/dags/hadoop-2.7.3/share/hadoop/kms/tomcat/lib/jsp-api.jar
[2022-10-22T00:04:02.164+0000] {processor.py:770} WARNING - No viable dags retrieved from /opt/airflow/dags/hadoop-2.7.3/share/hadoop/kms/tomcat/lib/jsp-api.jar
[2022-10-22T00:04:02.212+0000] {processor.py:178} INFO - Processing /opt/airflow/dags/hadoop-2.7.3/share/hadoop/kms/tomcat/lib/jsp-api.jar took 0.082 seconds
[2022-10-22T00:04:30.321+0000] {processor.py:156} INFO - Started process (PID=18555) to work on /opt/airflow/dags/hadoop-2.7.3/share/hadoop/kms/tomcat/lib/jsp-api.jar
[2022-10-22T00:04:30.327+0000] {processor.py:758} INFO - Processing file /opt/airflow/dags/hadoop-2.7.3/share/hadoop/kms/tomcat/lib/jsp-api.jar for tasks to queue
[2022-10-22T00:04:30.329+0000] {logging_mixin.py:117} INFO - [2022-10-22T00:04:30.329+0000] {dagbag.py:525} INFO - Filling up the DagBag from /opt/airflow/dags/hadoop-2.7.3/share/hadoop/kms/tomcat/lib/jsp-api.jar
[2022-10-22T00:04:30.339+0000] {processor.py:770} WARNING - No viable dags retrieved from /opt/airflow/dags/hadoop-2.7.3/share/hadoop/kms/tomcat/lib/jsp-api.jar
[2022-10-22T00:04:30.414+0000] {processor.py:178} INFO - Processing /opt/airflow/dags/hadoop-2.7.3/share/hadoop/kms/tomcat/lib/jsp-api.jar took 0.107 seconds
[2022-10-22T00:04:59.792+0000] {processor.py:156} INFO - Started process (PID=21236) to work on /opt/airflow/dags/hadoop-2.7.3/share/hadoop/kms/tomcat/lib/jsp-api.jar
[2022-10-22T00:04:59.795+0000] {processor.py:758} INFO - Processing file /opt/airflow/dags/hadoop-2.7.3/share/hadoop/kms/tomcat/lib/jsp-api.jar for tasks to queue
[2022-10-22T00:04:59.797+0000] {logging_mixin.py:117} INFO - [2022-10-22T00:04:59.797+0000] {dagbag.py:525} INFO - Filling up the DagBag from /opt/airflow/dags/hadoop-2.7.3/share/hadoop/kms/tomcat/lib/jsp-api.jar
[2022-10-22T00:04:59.804+0000] {processor.py:770} WARNING - No viable dags retrieved from /opt/airflow/dags/hadoop-2.7.3/share/hadoop/kms/tomcat/lib/jsp-api.jar
[2022-10-22T00:04:59.855+0000] {processor.py:178} INFO - Processing /opt/airflow/dags/hadoop-2.7.3/share/hadoop/kms/tomcat/lib/jsp-api.jar took 0.071 seconds
[2022-10-22T00:05:25.328+0000] {processor.py:156} INFO - Started process (PID=19077) to work on /opt/airflow/dags/hadoop-2.7.3/share/hadoop/kms/tomcat/lib/jsp-api.jar
[2022-10-22T00:05:25.332+0000] {processor.py:758} INFO - Processing file /opt/airflow/dags/hadoop-2.7.3/share/hadoop/kms/tomcat/lib/jsp-api.jar for tasks to queue
[2022-10-22T00:05:25.335+0000] {logging_mixin.py:117} INFO - [2022-10-22T00:05:25.335+0000] {dagbag.py:525} INFO - Filling up the DagBag from /opt/airflow/dags/hadoop-2.7.3/share/hadoop/kms/tomcat/lib/jsp-api.jar
[2022-10-22T00:05:25.344+0000] {processor.py:770} WARNING - No viable dags retrieved from /opt/airflow/dags/hadoop-2.7.3/share/hadoop/kms/tomcat/lib/jsp-api.jar
[2022-10-22T00:05:25.409+0000] {processor.py:178} INFO - Processing /opt/airflow/dags/hadoop-2.7.3/share/hadoop/kms/tomcat/lib/jsp-api.jar took 0.093 seconds
[2022-10-22T00:05:45.509+0000] {processor.py:156} INFO - Started process (PID=21702) to work on /opt/airflow/dags/hadoop-2.7.3/share/hadoop/kms/tomcat/lib/jsp-api.jar
[2022-10-22T00:05:45.512+0000] {processor.py:758} INFO - Processing file /opt/airflow/dags/hadoop-2.7.3/share/hadoop/kms/tomcat/lib/jsp-api.jar for tasks to queue
[2022-10-22T00:05:45.515+0000] {logging_mixin.py:117} INFO - [2022-10-22T00:05:45.514+0000] {dagbag.py:525} INFO - Filling up the DagBag from /opt/airflow/dags/hadoop-2.7.3/share/hadoop/kms/tomcat/lib/jsp-api.jar
[2022-10-22T00:05:45.529+0000] {processor.py:770} WARNING - No viable dags retrieved from /opt/airflow/dags/hadoop-2.7.3/share/hadoop/kms/tomcat/lib/jsp-api.jar
[2022-10-22T00:05:45.587+0000] {processor.py:178} INFO - Processing /opt/airflow/dags/hadoop-2.7.3/share/hadoop/kms/tomcat/lib/jsp-api.jar took 0.087 seconds
[2022-10-22T00:06:27.434+0000] {processor.py:156} INFO - Started process (PID=19668) to work on /opt/airflow/dags/hadoop-2.7.3/share/hadoop/kms/tomcat/lib/jsp-api.jar
[2022-10-22T00:06:27.447+0000] {processor.py:758} INFO - Processing file /opt/airflow/dags/hadoop-2.7.3/share/hadoop/kms/tomcat/lib/jsp-api.jar for tasks to queue
[2022-10-22T00:06:27.449+0000] {logging_mixin.py:117} INFO - [2022-10-22T00:06:27.448+0000] {dagbag.py:525} INFO - Filling up the DagBag from /opt/airflow/dags/hadoop-2.7.3/share/hadoop/kms/tomcat/lib/jsp-api.jar
[2022-10-22T00:06:27.463+0000] {processor.py:770} WARNING - No viable dags retrieved from /opt/airflow/dags/hadoop-2.7.3/share/hadoop/kms/tomcat/lib/jsp-api.jar
[2022-10-22T00:06:27.509+0000] {processor.py:178} INFO - Processing /opt/airflow/dags/hadoop-2.7.3/share/hadoop/kms/tomcat/lib/jsp-api.jar took 0.083 seconds
[2022-10-22T00:06:33.691+0000] {processor.py:156} INFO - Started process (PID=22167) to work on /opt/airflow/dags/hadoop-2.7.3/share/hadoop/kms/tomcat/lib/jsp-api.jar
[2022-10-22T00:06:33.694+0000] {processor.py:758} INFO - Processing file /opt/airflow/dags/hadoop-2.7.3/share/hadoop/kms/tomcat/lib/jsp-api.jar for tasks to queue
[2022-10-22T00:06:33.696+0000] {logging_mixin.py:117} INFO - [2022-10-22T00:06:33.696+0000] {dagbag.py:525} INFO - Filling up the DagBag from /opt/airflow/dags/hadoop-2.7.3/share/hadoop/kms/tomcat/lib/jsp-api.jar
[2022-10-22T00:06:33.703+0000] {processor.py:770} WARNING - No viable dags retrieved from /opt/airflow/dags/hadoop-2.7.3/share/hadoop/kms/tomcat/lib/jsp-api.jar
[2022-10-22T00:06:33.741+0000] {processor.py:178} INFO - Processing /opt/airflow/dags/hadoop-2.7.3/share/hadoop/kms/tomcat/lib/jsp-api.jar took 0.057 seconds
[2022-10-22T00:07:14.786+0000] {processor.py:156} INFO - Started process (PID=20140) to work on /opt/airflow/dags/hadoop-2.7.3/share/hadoop/kms/tomcat/lib/jsp-api.jar
[2022-10-22T00:07:14.793+0000] {processor.py:758} INFO - Processing file /opt/airflow/dags/hadoop-2.7.3/share/hadoop/kms/tomcat/lib/jsp-api.jar for tasks to queue
[2022-10-22T00:07:14.797+0000] {logging_mixin.py:117} INFO - [2022-10-22T00:07:14.797+0000] {dagbag.py:525} INFO - Filling up the DagBag from /opt/airflow/dags/hadoop-2.7.3/share/hadoop/kms/tomcat/lib/jsp-api.jar
[2022-10-22T00:07:14.812+0000] {processor.py:770} WARNING - No viable dags retrieved from /opt/airflow/dags/hadoop-2.7.3/share/hadoop/kms/tomcat/lib/jsp-api.jar
[2022-10-22T00:07:14.859+0000] {processor.py:178} INFO - Processing /opt/airflow/dags/hadoop-2.7.3/share/hadoop/kms/tomcat/lib/jsp-api.jar took 0.087 seconds
[2022-10-22T00:07:17.218+0000] {processor.py:156} INFO - Started process (PID=22626) to work on /opt/airflow/dags/hadoop-2.7.3/share/hadoop/kms/tomcat/lib/jsp-api.jar
[2022-10-22T00:07:17.221+0000] {processor.py:758} INFO - Processing file /opt/airflow/dags/hadoop-2.7.3/share/hadoop/kms/tomcat/lib/jsp-api.jar for tasks to queue
[2022-10-22T00:07:17.223+0000] {logging_mixin.py:117} INFO - [2022-10-22T00:07:17.223+0000] {dagbag.py:525} INFO - Filling up the DagBag from /opt/airflow/dags/hadoop-2.7.3/share/hadoop/kms/tomcat/lib/jsp-api.jar
[2022-10-22T00:07:17.231+0000] {processor.py:770} WARNING - No viable dags retrieved from /opt/airflow/dags/hadoop-2.7.3/share/hadoop/kms/tomcat/lib/jsp-api.jar
[2022-10-22T00:07:17.262+0000] {processor.py:178} INFO - Processing /opt/airflow/dags/hadoop-2.7.3/share/hadoop/kms/tomcat/lib/jsp-api.jar took 0.053 seconds
[2022-10-22T00:08:42.165+0000] {processor.py:156} INFO - Started process (PID=23087) to work on /opt/airflow/dags/hadoop-2.7.3/share/hadoop/kms/tomcat/lib/jsp-api.jar
[2022-10-22T00:08:42.173+0000] {processor.py:758} INFO - Processing file /opt/airflow/dags/hadoop-2.7.3/share/hadoop/kms/tomcat/lib/jsp-api.jar for tasks to queue
[2022-10-22T00:08:42.183+0000] {logging_mixin.py:117} INFO - [2022-10-22T00:08:42.183+0000] {dagbag.py:525} INFO - Filling up the DagBag from /opt/airflow/dags/hadoop-2.7.3/share/hadoop/kms/tomcat/lib/jsp-api.jar
[2022-10-22T00:08:42.197+0000] {processor.py:770} WARNING - No viable dags retrieved from /opt/airflow/dags/hadoop-2.7.3/share/hadoop/kms/tomcat/lib/jsp-api.jar
[2022-10-22T00:08:42.284+0000] {processor.py:178} INFO - Processing /opt/airflow/dags/hadoop-2.7.3/share/hadoop/kms/tomcat/lib/jsp-api.jar took 0.131 seconds
[2022-10-22T00:08:52.113+0000] {processor.py:156} INFO - Started process (PID=20687) to work on /opt/airflow/dags/hadoop-2.7.3/share/hadoop/kms/tomcat/lib/jsp-api.jar
[2022-10-22T00:08:52.117+0000] {processor.py:758} INFO - Processing file /opt/airflow/dags/hadoop-2.7.3/share/hadoop/kms/tomcat/lib/jsp-api.jar for tasks to queue
[2022-10-22T00:08:52.120+0000] {logging_mixin.py:117} INFO - [2022-10-22T00:08:52.119+0000] {dagbag.py:525} INFO - Filling up the DagBag from /opt/airflow/dags/hadoop-2.7.3/share/hadoop/kms/tomcat/lib/jsp-api.jar
[2022-10-22T00:08:52.128+0000] {processor.py:770} WARNING - No viable dags retrieved from /opt/airflow/dags/hadoop-2.7.3/share/hadoop/kms/tomcat/lib/jsp-api.jar
[2022-10-22T00:08:52.181+0000] {processor.py:178} INFO - Processing /opt/airflow/dags/hadoop-2.7.3/share/hadoop/kms/tomcat/lib/jsp-api.jar took 0.076 seconds
[2022-10-22T00:09:40.585+0000] {processor.py:156} INFO - Started process (PID=23623) to work on /opt/airflow/dags/hadoop-2.7.3/share/hadoop/kms/tomcat/lib/jsp-api.jar
[2022-10-22T00:09:40.588+0000] {processor.py:758} INFO - Processing file /opt/airflow/dags/hadoop-2.7.3/share/hadoop/kms/tomcat/lib/jsp-api.jar for tasks to queue
[2022-10-22T00:09:40.591+0000] {logging_mixin.py:117} INFO - [2022-10-22T00:09:40.590+0000] {dagbag.py:525} INFO - Filling up the DagBag from /opt/airflow/dags/hadoop-2.7.3/share/hadoop/kms/tomcat/lib/jsp-api.jar
[2022-10-22T00:09:40.599+0000] {processor.py:770} WARNING - No viable dags retrieved from /opt/airflow/dags/hadoop-2.7.3/share/hadoop/kms/tomcat/lib/jsp-api.jar
[2022-10-22T00:09:40.640+0000] {processor.py:178} INFO - Processing /opt/airflow/dags/hadoop-2.7.3/share/hadoop/kms/tomcat/lib/jsp-api.jar took 0.070 seconds
[2022-10-22T00:09:47.567+0000] {processor.py:156} INFO - Started process (PID=21212) to work on /opt/airflow/dags/hadoop-2.7.3/share/hadoop/kms/tomcat/lib/jsp-api.jar
[2022-10-22T00:09:47.572+0000] {processor.py:758} INFO - Processing file /opt/airflow/dags/hadoop-2.7.3/share/hadoop/kms/tomcat/lib/jsp-api.jar for tasks to queue
[2022-10-22T00:09:47.575+0000] {logging_mixin.py:117} INFO - [2022-10-22T00:09:47.574+0000] {dagbag.py:525} INFO - Filling up the DagBag from /opt/airflow/dags/hadoop-2.7.3/share/hadoop/kms/tomcat/lib/jsp-api.jar
[2022-10-22T00:09:47.587+0000] {processor.py:770} WARNING - No viable dags retrieved from /opt/airflow/dags/hadoop-2.7.3/share/hadoop/kms/tomcat/lib/jsp-api.jar
[2022-10-22T00:09:47.623+0000] {processor.py:178} INFO - Processing /opt/airflow/dags/hadoop-2.7.3/share/hadoop/kms/tomcat/lib/jsp-api.jar took 0.075 seconds
[2022-10-22T00:11:29.521+0000] {processor.py:156} INFO - Started process (PID=24070) to work on /opt/airflow/dags/hadoop-2.7.3/share/hadoop/kms/tomcat/lib/jsp-api.jar
[2022-10-22T00:11:29.523+0000] {processor.py:758} INFO - Processing file /opt/airflow/dags/hadoop-2.7.3/share/hadoop/kms/tomcat/lib/jsp-api.jar for tasks to queue
[2022-10-22T00:11:29.525+0000] {logging_mixin.py:117} INFO - [2022-10-22T00:11:29.525+0000] {dagbag.py:525} INFO - Filling up the DagBag from /opt/airflow/dags/hadoop-2.7.3/share/hadoop/kms/tomcat/lib/jsp-api.jar
[2022-10-22T00:11:29.539+0000] {processor.py:770} WARNING - No viable dags retrieved from /opt/airflow/dags/hadoop-2.7.3/share/hadoop/kms/tomcat/lib/jsp-api.jar
[2022-10-22T00:11:29.586+0000] {processor.py:178} INFO - Processing /opt/airflow/dags/hadoop-2.7.3/share/hadoop/kms/tomcat/lib/jsp-api.jar took 0.073 seconds
[2022-10-22T00:11:31.397+0000] {processor.py:156} INFO - Started process (PID=21613) to work on /opt/airflow/dags/hadoop-2.7.3/share/hadoop/kms/tomcat/lib/jsp-api.jar
[2022-10-22T00:11:31.399+0000] {processor.py:758} INFO - Processing file /opt/airflow/dags/hadoop-2.7.3/share/hadoop/kms/tomcat/lib/jsp-api.jar for tasks to queue
[2022-10-22T00:11:31.401+0000] {logging_mixin.py:117} INFO - [2022-10-22T00:11:31.400+0000] {dagbag.py:525} INFO - Filling up the DagBag from /opt/airflow/dags/hadoop-2.7.3/share/hadoop/kms/tomcat/lib/jsp-api.jar
[2022-10-22T00:11:31.406+0000] {processor.py:770} WARNING - No viable dags retrieved from /opt/airflow/dags/hadoop-2.7.3/share/hadoop/kms/tomcat/lib/jsp-api.jar
[2022-10-22T00:11:31.442+0000] {processor.py:178} INFO - Processing /opt/airflow/dags/hadoop-2.7.3/share/hadoop/kms/tomcat/lib/jsp-api.jar took 0.051 seconds
[2022-10-22T00:12:08.081+0000] {processor.py:156} INFO - Started process (PID=24587) to work on /opt/airflow/dags/hadoop-2.7.3/share/hadoop/kms/tomcat/lib/jsp-api.jar
[2022-10-22T00:12:08.084+0000] {processor.py:758} INFO - Processing file /opt/airflow/dags/hadoop-2.7.3/share/hadoop/kms/tomcat/lib/jsp-api.jar for tasks to queue
[2022-10-22T00:12:08.086+0000] {logging_mixin.py:117} INFO - [2022-10-22T00:12:08.086+0000] {dagbag.py:525} INFO - Filling up the DagBag from /opt/airflow/dags/hadoop-2.7.3/share/hadoop/kms/tomcat/lib/jsp-api.jar
[2022-10-22T00:12:08.094+0000] {processor.py:770} WARNING - No viable dags retrieved from /opt/airflow/dags/hadoop-2.7.3/share/hadoop/kms/tomcat/lib/jsp-api.jar
[2022-10-22T00:12:08.141+0000] {processor.py:178} INFO - Processing /opt/airflow/dags/hadoop-2.7.3/share/hadoop/kms/tomcat/lib/jsp-api.jar took 0.067 seconds
[2022-10-22T00:12:11.605+0000] {processor.py:156} INFO - Started process (PID=22130) to work on /opt/airflow/dags/hadoop-2.7.3/share/hadoop/kms/tomcat/lib/jsp-api.jar
[2022-10-22T00:12:11.610+0000] {processor.py:758} INFO - Processing file /opt/airflow/dags/hadoop-2.7.3/share/hadoop/kms/tomcat/lib/jsp-api.jar for tasks to queue
[2022-10-22T00:12:11.615+0000] {logging_mixin.py:117} INFO - [2022-10-22T00:12:11.614+0000] {dagbag.py:525} INFO - Filling up the DagBag from /opt/airflow/dags/hadoop-2.7.3/share/hadoop/kms/tomcat/lib/jsp-api.jar
[2022-10-22T00:12:11.633+0000] {processor.py:770} WARNING - No viable dags retrieved from /opt/airflow/dags/hadoop-2.7.3/share/hadoop/kms/tomcat/lib/jsp-api.jar
[2022-10-22T00:12:11.678+0000] {processor.py:178} INFO - Processing /opt/airflow/dags/hadoop-2.7.3/share/hadoop/kms/tomcat/lib/jsp-api.jar took 0.088 seconds
[2022-10-22T00:15:18.364+0000] {processor.py:156} INFO - Started process (PID=22599) to work on /opt/airflow/dags/hadoop-2.7.3/share/hadoop/kms/tomcat/lib/jsp-api.jar
[2022-10-22T00:15:18.367+0000] {processor.py:758} INFO - Processing file /opt/airflow/dags/hadoop-2.7.3/share/hadoop/kms/tomcat/lib/jsp-api.jar for tasks to queue
[2022-10-22T00:15:18.369+0000] {logging_mixin.py:117} INFO - [2022-10-22T00:15:18.369+0000] {dagbag.py:525} INFO - Filling up the DagBag from /opt/airflow/dags/hadoop-2.7.3/share/hadoop/kms/tomcat/lib/jsp-api.jar
[2022-10-22T00:15:18.375+0000] {processor.py:770} WARNING - No viable dags retrieved from /opt/airflow/dags/hadoop-2.7.3/share/hadoop/kms/tomcat/lib/jsp-api.jar
[2022-10-22T00:15:18.404+0000] {processor.py:178} INFO - Processing /opt/airflow/dags/hadoop-2.7.3/share/hadoop/kms/tomcat/lib/jsp-api.jar took 0.046 seconds
[2022-10-22T00:15:31.445+0000] {processor.py:156} INFO - Started process (PID=25158) to work on /opt/airflow/dags/hadoop-2.7.3/share/hadoop/kms/tomcat/lib/jsp-api.jar
[2022-10-22T00:15:31.449+0000] {processor.py:758} INFO - Processing file /opt/airflow/dags/hadoop-2.7.3/share/hadoop/kms/tomcat/lib/jsp-api.jar for tasks to queue
[2022-10-22T00:15:31.455+0000] {logging_mixin.py:117} INFO - [2022-10-22T00:15:31.454+0000] {dagbag.py:525} INFO - Filling up the DagBag from /opt/airflow/dags/hadoop-2.7.3/share/hadoop/kms/tomcat/lib/jsp-api.jar
[2022-10-22T00:15:31.463+0000] {processor.py:770} WARNING - No viable dags retrieved from /opt/airflow/dags/hadoop-2.7.3/share/hadoop/kms/tomcat/lib/jsp-api.jar
[2022-10-22T00:15:31.510+0000] {processor.py:178} INFO - Processing /opt/airflow/dags/hadoop-2.7.3/share/hadoop/kms/tomcat/lib/jsp-api.jar took 0.071 seconds
[2022-10-22T00:16:07.553+0000] {processor.py:156} INFO - Started process (PID=23124) to work on /opt/airflow/dags/hadoop-2.7.3/share/hadoop/kms/tomcat/lib/jsp-api.jar
[2022-10-22T00:16:07.556+0000] {processor.py:758} INFO - Processing file /opt/airflow/dags/hadoop-2.7.3/share/hadoop/kms/tomcat/lib/jsp-api.jar for tasks to queue
[2022-10-22T00:16:07.568+0000] {logging_mixin.py:117} INFO - [2022-10-22T00:16:07.564+0000] {dagbag.py:525} INFO - Filling up the DagBag from /opt/airflow/dags/hadoop-2.7.3/share/hadoop/kms/tomcat/lib/jsp-api.jar
[2022-10-22T00:16:07.583+0000] {processor.py:770} WARNING - No viable dags retrieved from /opt/airflow/dags/hadoop-2.7.3/share/hadoop/kms/tomcat/lib/jsp-api.jar
[2022-10-22T00:16:07.671+0000] {processor.py:178} INFO - Processing /opt/airflow/dags/hadoop-2.7.3/share/hadoop/kms/tomcat/lib/jsp-api.jar took 0.128 seconds
[2022-10-22T00:16:17.316+0000] {processor.py:156} INFO - Started process (PID=25681) to work on /opt/airflow/dags/hadoop-2.7.3/share/hadoop/kms/tomcat/lib/jsp-api.jar
[2022-10-22T00:16:17.319+0000] {processor.py:758} INFO - Processing file /opt/airflow/dags/hadoop-2.7.3/share/hadoop/kms/tomcat/lib/jsp-api.jar for tasks to queue
[2022-10-22T00:16:17.322+0000] {logging_mixin.py:117} INFO - [2022-10-22T00:16:17.322+0000] {dagbag.py:525} INFO - Filling up the DagBag from /opt/airflow/dags/hadoop-2.7.3/share/hadoop/kms/tomcat/lib/jsp-api.jar
[2022-10-22T00:16:17.330+0000] {processor.py:770} WARNING - No viable dags retrieved from /opt/airflow/dags/hadoop-2.7.3/share/hadoop/kms/tomcat/lib/jsp-api.jar
[2022-10-22T00:16:17.362+0000] {processor.py:178} INFO - Processing /opt/airflow/dags/hadoop-2.7.3/share/hadoop/kms/tomcat/lib/jsp-api.jar took 0.053 seconds
[2022-10-22T00:16:54.777+0000] {processor.py:156} INFO - Started process (PID=23641) to work on /opt/airflow/dags/hadoop-2.7.3/share/hadoop/kms/tomcat/lib/jsp-api.jar
[2022-10-22T00:16:54.781+0000] {processor.py:758} INFO - Processing file /opt/airflow/dags/hadoop-2.7.3/share/hadoop/kms/tomcat/lib/jsp-api.jar for tasks to queue
[2022-10-22T00:16:54.783+0000] {logging_mixin.py:117} INFO - [2022-10-22T00:16:54.783+0000] {dagbag.py:525} INFO - Filling up the DagBag from /opt/airflow/dags/hadoop-2.7.3/share/hadoop/kms/tomcat/lib/jsp-api.jar
[2022-10-22T00:16:54.789+0000] {processor.py:770} WARNING - No viable dags retrieved from /opt/airflow/dags/hadoop-2.7.3/share/hadoop/kms/tomcat/lib/jsp-api.jar
[2022-10-22T00:16:54.824+0000] {processor.py:178} INFO - Processing /opt/airflow/dags/hadoop-2.7.3/share/hadoop/kms/tomcat/lib/jsp-api.jar took 0.062 seconds
[2022-10-22T00:17:07.544+0000] {processor.py:156} INFO - Started process (PID=26211) to work on /opt/airflow/dags/hadoop-2.7.3/share/hadoop/kms/tomcat/lib/jsp-api.jar
[2022-10-22T00:17:07.558+0000] {processor.py:758} INFO - Processing file /opt/airflow/dags/hadoop-2.7.3/share/hadoop/kms/tomcat/lib/jsp-api.jar for tasks to queue
[2022-10-22T00:17:07.562+0000] {logging_mixin.py:117} INFO - [2022-10-22T00:17:07.562+0000] {dagbag.py:525} INFO - Filling up the DagBag from /opt/airflow/dags/hadoop-2.7.3/share/hadoop/kms/tomcat/lib/jsp-api.jar
[2022-10-22T00:17:07.582+0000] {processor.py:770} WARNING - No viable dags retrieved from /opt/airflow/dags/hadoop-2.7.3/share/hadoop/kms/tomcat/lib/jsp-api.jar
[2022-10-22T00:17:07.633+0000] {processor.py:178} INFO - Processing /opt/airflow/dags/hadoop-2.7.3/share/hadoop/kms/tomcat/lib/jsp-api.jar took 0.102 seconds
[2022-10-22T00:17:47.981+0000] {processor.py:156} INFO - Started process (PID=24174) to work on /opt/airflow/dags/hadoop-2.7.3/share/hadoop/kms/tomcat/lib/jsp-api.jar
[2022-10-22T00:17:47.985+0000] {processor.py:758} INFO - Processing file /opt/airflow/dags/hadoop-2.7.3/share/hadoop/kms/tomcat/lib/jsp-api.jar for tasks to queue
[2022-10-22T00:17:47.988+0000] {logging_mixin.py:117} INFO - [2022-10-22T00:17:47.988+0000] {dagbag.py:525} INFO - Filling up the DagBag from /opt/airflow/dags/hadoop-2.7.3/share/hadoop/kms/tomcat/lib/jsp-api.jar
[2022-10-22T00:17:48.015+0000] {processor.py:770} WARNING - No viable dags retrieved from /opt/airflow/dags/hadoop-2.7.3/share/hadoop/kms/tomcat/lib/jsp-api.jar
[2022-10-22T00:17:48.077+0000] {processor.py:178} INFO - Processing /opt/airflow/dags/hadoop-2.7.3/share/hadoop/kms/tomcat/lib/jsp-api.jar took 0.102 seconds
[2022-10-22T00:17:56.137+0000] {processor.py:156} INFO - Started process (PID=26734) to work on /opt/airflow/dags/hadoop-2.7.3/share/hadoop/kms/tomcat/lib/jsp-api.jar
[2022-10-22T00:17:56.140+0000] {processor.py:758} INFO - Processing file /opt/airflow/dags/hadoop-2.7.3/share/hadoop/kms/tomcat/lib/jsp-api.jar for tasks to queue
[2022-10-22T00:17:56.142+0000] {logging_mixin.py:117} INFO - [2022-10-22T00:17:56.142+0000] {dagbag.py:525} INFO - Filling up the DagBag from /opt/airflow/dags/hadoop-2.7.3/share/hadoop/kms/tomcat/lib/jsp-api.jar
[2022-10-22T00:17:56.149+0000] {processor.py:770} WARNING - No viable dags retrieved from /opt/airflow/dags/hadoop-2.7.3/share/hadoop/kms/tomcat/lib/jsp-api.jar
[2022-10-22T00:17:56.200+0000] {processor.py:178} INFO - Processing /opt/airflow/dags/hadoop-2.7.3/share/hadoop/kms/tomcat/lib/jsp-api.jar took 0.071 seconds
[2022-10-22T00:18:46.321+0000] {processor.py:156} INFO - Started process (PID=24781) to work on /opt/airflow/dags/hadoop-2.7.3/share/hadoop/kms/tomcat/lib/jsp-api.jar
[2022-10-22T00:18:46.325+0000] {processor.py:758} INFO - Processing file /opt/airflow/dags/hadoop-2.7.3/share/hadoop/kms/tomcat/lib/jsp-api.jar for tasks to queue
[2022-10-22T00:18:46.329+0000] {logging_mixin.py:117} INFO - [2022-10-22T00:18:46.329+0000] {dagbag.py:525} INFO - Filling up the DagBag from /opt/airflow/dags/hadoop-2.7.3/share/hadoop/kms/tomcat/lib/jsp-api.jar
[2022-10-22T00:18:46.344+0000] {processor.py:770} WARNING - No viable dags retrieved from /opt/airflow/dags/hadoop-2.7.3/share/hadoop/kms/tomcat/lib/jsp-api.jar
[2022-10-22T00:18:46.419+0000] {processor.py:178} INFO - Processing /opt/airflow/dags/hadoop-2.7.3/share/hadoop/kms/tomcat/lib/jsp-api.jar took 0.113 seconds
[2022-10-22T00:18:48.796+0000] {processor.py:156} INFO - Started process (PID=27296) to work on /opt/airflow/dags/hadoop-2.7.3/share/hadoop/kms/tomcat/lib/jsp-api.jar
[2022-10-22T00:18:48.799+0000] {processor.py:758} INFO - Processing file /opt/airflow/dags/hadoop-2.7.3/share/hadoop/kms/tomcat/lib/jsp-api.jar for tasks to queue
[2022-10-22T00:18:48.803+0000] {logging_mixin.py:117} INFO - [2022-10-22T00:18:48.802+0000] {dagbag.py:525} INFO - Filling up the DagBag from /opt/airflow/dags/hadoop-2.7.3/share/hadoop/kms/tomcat/lib/jsp-api.jar
[2022-10-22T00:18:48.814+0000] {processor.py:770} WARNING - No viable dags retrieved from /opt/airflow/dags/hadoop-2.7.3/share/hadoop/kms/tomcat/lib/jsp-api.jar
[2022-10-22T00:18:48.888+0000] {processor.py:178} INFO - Processing /opt/airflow/dags/hadoop-2.7.3/share/hadoop/kms/tomcat/lib/jsp-api.jar took 0.100 seconds
[2022-10-22T00:20:22.135+0000] {processor.py:156} INFO - Started process (PID=27919) to work on /opt/airflow/dags/hadoop-2.7.3/share/hadoop/kms/tomcat/lib/jsp-api.jar
[2022-10-22T00:20:22.138+0000] {processor.py:758} INFO - Processing file /opt/airflow/dags/hadoop-2.7.3/share/hadoop/kms/tomcat/lib/jsp-api.jar for tasks to queue
[2022-10-22T00:20:22.142+0000] {logging_mixin.py:117} INFO - [2022-10-22T00:20:22.141+0000] {dagbag.py:525} INFO - Filling up the DagBag from /opt/airflow/dags/hadoop-2.7.3/share/hadoop/kms/tomcat/lib/jsp-api.jar
[2022-10-22T00:20:22.158+0000] {processor.py:770} WARNING - No viable dags retrieved from /opt/airflow/dags/hadoop-2.7.3/share/hadoop/kms/tomcat/lib/jsp-api.jar
[2022-10-22T00:20:22.221+0000] {processor.py:178} INFO - Processing /opt/airflow/dags/hadoop-2.7.3/share/hadoop/kms/tomcat/lib/jsp-api.jar took 0.095 seconds
[2022-10-22T00:20:34.662+0000] {processor.py:156} INFO - Started process (PID=25509) to work on /opt/airflow/dags/hadoop-2.7.3/share/hadoop/kms/tomcat/lib/jsp-api.jar
[2022-10-22T00:20:34.666+0000] {processor.py:758} INFO - Processing file /opt/airflow/dags/hadoop-2.7.3/share/hadoop/kms/tomcat/lib/jsp-api.jar for tasks to queue
[2022-10-22T00:20:34.675+0000] {logging_mixin.py:117} INFO - [2022-10-22T00:20:34.674+0000] {dagbag.py:525} INFO - Filling up the DagBag from /opt/airflow/dags/hadoop-2.7.3/share/hadoop/kms/tomcat/lib/jsp-api.jar
[2022-10-22T00:20:34.700+0000] {processor.py:770} WARNING - No viable dags retrieved from /opt/airflow/dags/hadoop-2.7.3/share/hadoop/kms/tomcat/lib/jsp-api.jar
[2022-10-22T00:20:34.755+0000] {processor.py:178} INFO - Processing /opt/airflow/dags/hadoop-2.7.3/share/hadoop/kms/tomcat/lib/jsp-api.jar took 0.112 seconds
[2022-10-22T00:21:20.044+0000] {processor.py:156} INFO - Started process (PID=28487) to work on /opt/airflow/dags/hadoop-2.7.3/share/hadoop/kms/tomcat/lib/jsp-api.jar
[2022-10-22T00:21:20.054+0000] {processor.py:758} INFO - Processing file /opt/airflow/dags/hadoop-2.7.3/share/hadoop/kms/tomcat/lib/jsp-api.jar for tasks to queue
[2022-10-22T00:21:20.058+0000] {logging_mixin.py:117} INFO - [2022-10-22T00:21:20.058+0000] {dagbag.py:525} INFO - Filling up the DagBag from /opt/airflow/dags/hadoop-2.7.3/share/hadoop/kms/tomcat/lib/jsp-api.jar
[2022-10-22T00:21:20.066+0000] {processor.py:770} WARNING - No viable dags retrieved from /opt/airflow/dags/hadoop-2.7.3/share/hadoop/kms/tomcat/lib/jsp-api.jar
[2022-10-22T00:21:20.115+0000] {processor.py:178} INFO - Processing /opt/airflow/dags/hadoop-2.7.3/share/hadoop/kms/tomcat/lib/jsp-api.jar took 0.083 seconds
[2022-10-22T00:21:27.853+0000] {processor.py:156} INFO - Started process (PID=26033) to work on /opt/airflow/dags/hadoop-2.7.3/share/hadoop/kms/tomcat/lib/jsp-api.jar
[2022-10-22T00:21:27.862+0000] {processor.py:758} INFO - Processing file /opt/airflow/dags/hadoop-2.7.3/share/hadoop/kms/tomcat/lib/jsp-api.jar for tasks to queue
[2022-10-22T00:21:27.868+0000] {logging_mixin.py:117} INFO - [2022-10-22T00:21:27.868+0000] {dagbag.py:525} INFO - Filling up the DagBag from /opt/airflow/dags/hadoop-2.7.3/share/hadoop/kms/tomcat/lib/jsp-api.jar
[2022-10-22T00:21:27.884+0000] {processor.py:770} WARNING - No viable dags retrieved from /opt/airflow/dags/hadoop-2.7.3/share/hadoop/kms/tomcat/lib/jsp-api.jar
[2022-10-22T00:21:27.931+0000] {processor.py:178} INFO - Processing /opt/airflow/dags/hadoop-2.7.3/share/hadoop/kms/tomcat/lib/jsp-api.jar took 0.096 seconds
[2022-10-22T00:22:04.648+0000] {processor.py:156} INFO - Started process (PID=28906) to work on /opt/airflow/dags/hadoop-2.7.3/share/hadoop/kms/tomcat/lib/jsp-api.jar
[2022-10-22T00:22:04.651+0000] {processor.py:758} INFO - Processing file /opt/airflow/dags/hadoop-2.7.3/share/hadoop/kms/tomcat/lib/jsp-api.jar for tasks to queue
[2022-10-22T00:22:04.656+0000] {logging_mixin.py:117} INFO - [2022-10-22T00:22:04.655+0000] {dagbag.py:525} INFO - Filling up the DagBag from /opt/airflow/dags/hadoop-2.7.3/share/hadoop/kms/tomcat/lib/jsp-api.jar
[2022-10-22T00:22:04.674+0000] {processor.py:770} WARNING - No viable dags retrieved from /opt/airflow/dags/hadoop-2.7.3/share/hadoop/kms/tomcat/lib/jsp-api.jar
[2022-10-22T00:22:04.735+0000] {processor.py:178} INFO - Processing /opt/airflow/dags/hadoop-2.7.3/share/hadoop/kms/tomcat/lib/jsp-api.jar took 0.097 seconds
[2022-10-22T00:22:16.595+0000] {processor.py:156} INFO - Started process (PID=26487) to work on /opt/airflow/dags/hadoop-2.7.3/share/hadoop/kms/tomcat/lib/jsp-api.jar
[2022-10-22T00:22:16.600+0000] {processor.py:758} INFO - Processing file /opt/airflow/dags/hadoop-2.7.3/share/hadoop/kms/tomcat/lib/jsp-api.jar for tasks to queue
[2022-10-22T00:22:16.609+0000] {logging_mixin.py:117} INFO - [2022-10-22T00:22:16.608+0000] {dagbag.py:525} INFO - Filling up the DagBag from /opt/airflow/dags/hadoop-2.7.3/share/hadoop/kms/tomcat/lib/jsp-api.jar
[2022-10-22T00:22:16.625+0000] {processor.py:770} WARNING - No viable dags retrieved from /opt/airflow/dags/hadoop-2.7.3/share/hadoop/kms/tomcat/lib/jsp-api.jar
[2022-10-22T00:22:16.671+0000] {processor.py:178} INFO - Processing /opt/airflow/dags/hadoop-2.7.3/share/hadoop/kms/tomcat/lib/jsp-api.jar took 0.087 seconds
[2022-10-22T00:22:55.261+0000] {processor.py:156} INFO - Started process (PID=29380) to work on /opt/airflow/dags/hadoop-2.7.3/share/hadoop/kms/tomcat/lib/jsp-api.jar
[2022-10-22T00:22:55.265+0000] {processor.py:758} INFO - Processing file /opt/airflow/dags/hadoop-2.7.3/share/hadoop/kms/tomcat/lib/jsp-api.jar for tasks to queue
[2022-10-22T00:22:55.269+0000] {logging_mixin.py:117} INFO - [2022-10-22T00:22:55.269+0000] {dagbag.py:525} INFO - Filling up the DagBag from /opt/airflow/dags/hadoop-2.7.3/share/hadoop/kms/tomcat/lib/jsp-api.jar
[2022-10-22T00:22:55.284+0000] {processor.py:770} WARNING - No viable dags retrieved from /opt/airflow/dags/hadoop-2.7.3/share/hadoop/kms/tomcat/lib/jsp-api.jar
[2022-10-22T00:22:55.375+0000] {processor.py:178} INFO - Processing /opt/airflow/dags/hadoop-2.7.3/share/hadoop/kms/tomcat/lib/jsp-api.jar took 0.124 seconds
[2022-10-22T00:23:10.789+0000] {processor.py:156} INFO - Started process (PID=26974) to work on /opt/airflow/dags/hadoop-2.7.3/share/hadoop/kms/tomcat/lib/jsp-api.jar
[2022-10-22T00:23:10.791+0000] {processor.py:758} INFO - Processing file /opt/airflow/dags/hadoop-2.7.3/share/hadoop/kms/tomcat/lib/jsp-api.jar for tasks to queue
[2022-10-22T00:23:10.794+0000] {logging_mixin.py:117} INFO - [2022-10-22T00:23:10.794+0000] {dagbag.py:525} INFO - Filling up the DagBag from /opt/airflow/dags/hadoop-2.7.3/share/hadoop/kms/tomcat/lib/jsp-api.jar
[2022-10-22T00:23:10.803+0000] {processor.py:770} WARNING - No viable dags retrieved from /opt/airflow/dags/hadoop-2.7.3/share/hadoop/kms/tomcat/lib/jsp-api.jar
[2022-10-22T00:23:10.841+0000] {processor.py:178} INFO - Processing /opt/airflow/dags/hadoop-2.7.3/share/hadoop/kms/tomcat/lib/jsp-api.jar took 0.061 seconds
[2022-10-22T00:23:37.500+0000] {processor.py:156} INFO - Started process (PID=29877) to work on /opt/airflow/dags/hadoop-2.7.3/share/hadoop/kms/tomcat/lib/jsp-api.jar
[2022-10-22T00:23:37.504+0000] {processor.py:758} INFO - Processing file /opt/airflow/dags/hadoop-2.7.3/share/hadoop/kms/tomcat/lib/jsp-api.jar for tasks to queue
[2022-10-22T00:23:37.509+0000] {logging_mixin.py:117} INFO - [2022-10-22T00:23:37.509+0000] {dagbag.py:525} INFO - Filling up the DagBag from /opt/airflow/dags/hadoop-2.7.3/share/hadoop/kms/tomcat/lib/jsp-api.jar
[2022-10-22T00:23:37.516+0000] {processor.py:770} WARNING - No viable dags retrieved from /opt/airflow/dags/hadoop-2.7.3/share/hadoop/kms/tomcat/lib/jsp-api.jar
[2022-10-22T00:23:37.548+0000] {processor.py:178} INFO - Processing /opt/airflow/dags/hadoop-2.7.3/share/hadoop/kms/tomcat/lib/jsp-api.jar took 0.061 seconds
[2022-10-22T00:24:02.480+0000] {processor.py:156} INFO - Started process (PID=27534) to work on /opt/airflow/dags/hadoop-2.7.3/share/hadoop/kms/tomcat/lib/jsp-api.jar
[2022-10-22T00:24:02.481+0000] {processor.py:758} INFO - Processing file /opt/airflow/dags/hadoop-2.7.3/share/hadoop/kms/tomcat/lib/jsp-api.jar for tasks to queue
[2022-10-22T00:24:02.483+0000] {logging_mixin.py:117} INFO - [2022-10-22T00:24:02.483+0000] {dagbag.py:525} INFO - Filling up the DagBag from /opt/airflow/dags/hadoop-2.7.3/share/hadoop/kms/tomcat/lib/jsp-api.jar
[2022-10-22T00:24:02.489+0000] {processor.py:770} WARNING - No viable dags retrieved from /opt/airflow/dags/hadoop-2.7.3/share/hadoop/kms/tomcat/lib/jsp-api.jar
[2022-10-22T00:24:02.512+0000] {processor.py:178} INFO - Processing /opt/airflow/dags/hadoop-2.7.3/share/hadoop/kms/tomcat/lib/jsp-api.jar took 0.038 seconds
