[2022-10-22T00:00:01.246+0000] {processor.py:156} INFO - Started process (PID=16745) to work on /opt/airflow/dags/hadoop-2.7.3/share/hadoop/kms/tomcat/lib/tomcat-coyote.jar
[2022-10-22T00:00:01.251+0000] {processor.py:758} INFO - Processing file /opt/airflow/dags/hadoop-2.7.3/share/hadoop/kms/tomcat/lib/tomcat-coyote.jar for tasks to queue
[2022-10-22T00:00:01.254+0000] {logging_mixin.py:117} INFO - [2022-10-22T00:00:01.254+0000] {dagbag.py:525} INFO - Filling up the DagBag from /opt/airflow/dags/hadoop-2.7.3/share/hadoop/kms/tomcat/lib/tomcat-coyote.jar
[2022-10-22T00:00:01.292+0000] {processor.py:770} WARNING - No viable dags retrieved from /opt/airflow/dags/hadoop-2.7.3/share/hadoop/kms/tomcat/lib/tomcat-coyote.jar
[2022-10-22T00:00:01.362+0000] {processor.py:178} INFO - Processing /opt/airflow/dags/hadoop-2.7.3/share/hadoop/kms/tomcat/lib/tomcat-coyote.jar took 0.145 seconds
[2022-10-22T00:00:41.720+0000] {processor.py:156} INFO - Started process (PID=19174) to work on /opt/airflow/dags/hadoop-2.7.3/share/hadoop/kms/tomcat/lib/tomcat-coyote.jar
[2022-10-22T00:00:41.740+0000] {processor.py:758} INFO - Processing file /opt/airflow/dags/hadoop-2.7.3/share/hadoop/kms/tomcat/lib/tomcat-coyote.jar for tasks to queue
[2022-10-22T00:00:41.743+0000] {logging_mixin.py:117} INFO - [2022-10-22T00:00:41.743+0000] {dagbag.py:525} INFO - Filling up the DagBag from /opt/airflow/dags/hadoop-2.7.3/share/hadoop/kms/tomcat/lib/tomcat-coyote.jar
[2022-10-22T00:00:41.795+0000] {processor.py:770} WARNING - No viable dags retrieved from /opt/airflow/dags/hadoop-2.7.3/share/hadoop/kms/tomcat/lib/tomcat-coyote.jar
[2022-10-22T00:00:41.902+0000] {processor.py:178} INFO - Processing /opt/airflow/dags/hadoop-2.7.3/share/hadoop/kms/tomcat/lib/tomcat-coyote.jar took 0.198 seconds
[2022-10-22T00:01:38.255+0000] {processor.py:156} INFO - Started process (PID=17370) to work on /opt/airflow/dags/hadoop-2.7.3/share/hadoop/kms/tomcat/lib/tomcat-coyote.jar
[2022-10-22T00:01:38.261+0000] {processor.py:758} INFO - Processing file /opt/airflow/dags/hadoop-2.7.3/share/hadoop/kms/tomcat/lib/tomcat-coyote.jar for tasks to queue
[2022-10-22T00:01:38.262+0000] {logging_mixin.py:117} INFO - [2022-10-22T00:01:38.262+0000] {dagbag.py:525} INFO - Filling up the DagBag from /opt/airflow/dags/hadoop-2.7.3/share/hadoop/kms/tomcat/lib/tomcat-coyote.jar
[2022-10-22T00:01:38.280+0000] {processor.py:770} WARNING - No viable dags retrieved from /opt/airflow/dags/hadoop-2.7.3/share/hadoop/kms/tomcat/lib/tomcat-coyote.jar
[2022-10-22T00:01:38.338+0000] {processor.py:178} INFO - Processing /opt/airflow/dags/hadoop-2.7.3/share/hadoop/kms/tomcat/lib/tomcat-coyote.jar took 0.097 seconds
[2022-10-22T00:02:26.961+0000] {processor.py:156} INFO - Started process (PID=20109) to work on /opt/airflow/dags/hadoop-2.7.3/share/hadoop/kms/tomcat/lib/tomcat-coyote.jar
[2022-10-22T00:02:26.966+0000] {processor.py:758} INFO - Processing file /opt/airflow/dags/hadoop-2.7.3/share/hadoop/kms/tomcat/lib/tomcat-coyote.jar for tasks to queue
[2022-10-22T00:02:26.974+0000] {logging_mixin.py:117} INFO - [2022-10-22T00:02:26.973+0000] {dagbag.py:525} INFO - Filling up the DagBag from /opt/airflow/dags/hadoop-2.7.3/share/hadoop/kms/tomcat/lib/tomcat-coyote.jar
[2022-10-22T00:02:26.997+0000] {processor.py:770} WARNING - No viable dags retrieved from /opt/airflow/dags/hadoop-2.7.3/share/hadoop/kms/tomcat/lib/tomcat-coyote.jar
[2022-10-22T00:02:27.068+0000] {processor.py:178} INFO - Processing /opt/airflow/dags/hadoop-2.7.3/share/hadoop/kms/tomcat/lib/tomcat-coyote.jar took 0.118 seconds
[2022-10-22T00:03:23.398+0000] {processor.py:156} INFO - Started process (PID=17947) to work on /opt/airflow/dags/hadoop-2.7.3/share/hadoop/kms/tomcat/lib/tomcat-coyote.jar
[2022-10-22T00:03:23.407+0000] {processor.py:758} INFO - Processing file /opt/airflow/dags/hadoop-2.7.3/share/hadoop/kms/tomcat/lib/tomcat-coyote.jar for tasks to queue
[2022-10-22T00:03:23.413+0000] {logging_mixin.py:117} INFO - [2022-10-22T00:03:23.412+0000] {dagbag.py:525} INFO - Filling up the DagBag from /opt/airflow/dags/hadoop-2.7.3/share/hadoop/kms/tomcat/lib/tomcat-coyote.jar
[2022-10-22T00:03:23.440+0000] {processor.py:770} WARNING - No viable dags retrieved from /opt/airflow/dags/hadoop-2.7.3/share/hadoop/kms/tomcat/lib/tomcat-coyote.jar
[2022-10-22T00:03:23.489+0000] {processor.py:178} INFO - Processing /opt/airflow/dags/hadoop-2.7.3/share/hadoop/kms/tomcat/lib/tomcat-coyote.jar took 0.104 seconds
[2022-10-22T00:04:02.299+0000] {processor.py:156} INFO - Started process (PID=20710) to work on /opt/airflow/dags/hadoop-2.7.3/share/hadoop/kms/tomcat/lib/tomcat-coyote.jar
[2022-10-22T00:04:02.302+0000] {processor.py:758} INFO - Processing file /opt/airflow/dags/hadoop-2.7.3/share/hadoop/kms/tomcat/lib/tomcat-coyote.jar for tasks to queue
[2022-10-22T00:04:02.305+0000] {logging_mixin.py:117} INFO - [2022-10-22T00:04:02.305+0000] {dagbag.py:525} INFO - Filling up the DagBag from /opt/airflow/dags/hadoop-2.7.3/share/hadoop/kms/tomcat/lib/tomcat-coyote.jar
[2022-10-22T00:04:02.327+0000] {processor.py:770} WARNING - No viable dags retrieved from /opt/airflow/dags/hadoop-2.7.3/share/hadoop/kms/tomcat/lib/tomcat-coyote.jar
[2022-10-22T00:04:02.365+0000] {processor.py:178} INFO - Processing /opt/airflow/dags/hadoop-2.7.3/share/hadoop/kms/tomcat/lib/tomcat-coyote.jar took 0.073 seconds
[2022-10-22T00:04:30.595+0000] {processor.py:156} INFO - Started process (PID=18557) to work on /opt/airflow/dags/hadoop-2.7.3/share/hadoop/kms/tomcat/lib/tomcat-coyote.jar
[2022-10-22T00:04:30.610+0000] {processor.py:758} INFO - Processing file /opt/airflow/dags/hadoop-2.7.3/share/hadoop/kms/tomcat/lib/tomcat-coyote.jar for tasks to queue
[2022-10-22T00:04:30.616+0000] {logging_mixin.py:117} INFO - [2022-10-22T00:04:30.615+0000] {dagbag.py:525} INFO - Filling up the DagBag from /opt/airflow/dags/hadoop-2.7.3/share/hadoop/kms/tomcat/lib/tomcat-coyote.jar
[2022-10-22T00:04:30.652+0000] {processor.py:770} WARNING - No viable dags retrieved from /opt/airflow/dags/hadoop-2.7.3/share/hadoop/kms/tomcat/lib/tomcat-coyote.jar
[2022-10-22T00:04:30.739+0000] {processor.py:178} INFO - Processing /opt/airflow/dags/hadoop-2.7.3/share/hadoop/kms/tomcat/lib/tomcat-coyote.jar took 0.173 seconds
[2022-10-22T00:04:59.963+0000] {processor.py:156} INFO - Started process (PID=21238) to work on /opt/airflow/dags/hadoop-2.7.3/share/hadoop/kms/tomcat/lib/tomcat-coyote.jar
[2022-10-22T00:04:59.966+0000] {processor.py:758} INFO - Processing file /opt/airflow/dags/hadoop-2.7.3/share/hadoop/kms/tomcat/lib/tomcat-coyote.jar for tasks to queue
[2022-10-22T00:04:59.968+0000] {logging_mixin.py:117} INFO - [2022-10-22T00:04:59.968+0000] {dagbag.py:525} INFO - Filling up the DagBag from /opt/airflow/dags/hadoop-2.7.3/share/hadoop/kms/tomcat/lib/tomcat-coyote.jar
[2022-10-22T00:04:59.995+0000] {processor.py:770} WARNING - No viable dags retrieved from /opt/airflow/dags/hadoop-2.7.3/share/hadoop/kms/tomcat/lib/tomcat-coyote.jar
[2022-10-22T00:05:00.054+0000] {processor.py:178} INFO - Processing /opt/airflow/dags/hadoop-2.7.3/share/hadoop/kms/tomcat/lib/tomcat-coyote.jar took 0.105 seconds
[2022-10-22T00:05:25.518+0000] {processor.py:156} INFO - Started process (PID=19079) to work on /opt/airflow/dags/hadoop-2.7.3/share/hadoop/kms/tomcat/lib/tomcat-coyote.jar
[2022-10-22T00:05:25.522+0000] {processor.py:758} INFO - Processing file /opt/airflow/dags/hadoop-2.7.3/share/hadoop/kms/tomcat/lib/tomcat-coyote.jar for tasks to queue
[2022-10-22T00:05:25.529+0000] {logging_mixin.py:117} INFO - [2022-10-22T00:05:25.529+0000] {dagbag.py:525} INFO - Filling up the DagBag from /opt/airflow/dags/hadoop-2.7.3/share/hadoop/kms/tomcat/lib/tomcat-coyote.jar
[2022-10-22T00:05:25.568+0000] {processor.py:770} WARNING - No viable dags retrieved from /opt/airflow/dags/hadoop-2.7.3/share/hadoop/kms/tomcat/lib/tomcat-coyote.jar
[2022-10-22T00:05:25.639+0000] {processor.py:178} INFO - Processing /opt/airflow/dags/hadoop-2.7.3/share/hadoop/kms/tomcat/lib/tomcat-coyote.jar took 0.136 seconds
[2022-10-22T00:05:45.767+0000] {processor.py:156} INFO - Started process (PID=21704) to work on /opt/airflow/dags/hadoop-2.7.3/share/hadoop/kms/tomcat/lib/tomcat-coyote.jar
[2022-10-22T00:05:45.771+0000] {processor.py:758} INFO - Processing file /opt/airflow/dags/hadoop-2.7.3/share/hadoop/kms/tomcat/lib/tomcat-coyote.jar for tasks to queue
[2022-10-22T00:05:45.774+0000] {logging_mixin.py:117} INFO - [2022-10-22T00:05:45.773+0000] {dagbag.py:525} INFO - Filling up the DagBag from /opt/airflow/dags/hadoop-2.7.3/share/hadoop/kms/tomcat/lib/tomcat-coyote.jar
[2022-10-22T00:05:45.792+0000] {processor.py:770} WARNING - No viable dags retrieved from /opt/airflow/dags/hadoop-2.7.3/share/hadoop/kms/tomcat/lib/tomcat-coyote.jar
[2022-10-22T00:05:45.835+0000] {processor.py:178} INFO - Processing /opt/airflow/dags/hadoop-2.7.3/share/hadoop/kms/tomcat/lib/tomcat-coyote.jar took 0.081 seconds
[2022-10-22T00:06:27.587+0000] {processor.py:156} INFO - Started process (PID=19670) to work on /opt/airflow/dags/hadoop-2.7.3/share/hadoop/kms/tomcat/lib/tomcat-coyote.jar
[2022-10-22T00:06:27.592+0000] {processor.py:758} INFO - Processing file /opt/airflow/dags/hadoop-2.7.3/share/hadoop/kms/tomcat/lib/tomcat-coyote.jar for tasks to queue
[2022-10-22T00:06:27.597+0000] {logging_mixin.py:117} INFO - [2022-10-22T00:06:27.596+0000] {dagbag.py:525} INFO - Filling up the DagBag from /opt/airflow/dags/hadoop-2.7.3/share/hadoop/kms/tomcat/lib/tomcat-coyote.jar
[2022-10-22T00:06:27.614+0000] {processor.py:770} WARNING - No viable dags retrieved from /opt/airflow/dags/hadoop-2.7.3/share/hadoop/kms/tomcat/lib/tomcat-coyote.jar
[2022-10-22T00:06:27.653+0000] {processor.py:178} INFO - Processing /opt/airflow/dags/hadoop-2.7.3/share/hadoop/kms/tomcat/lib/tomcat-coyote.jar took 0.074 seconds
[2022-10-22T00:06:33.825+0000] {processor.py:156} INFO - Started process (PID=22169) to work on /opt/airflow/dags/hadoop-2.7.3/share/hadoop/kms/tomcat/lib/tomcat-coyote.jar
[2022-10-22T00:06:33.829+0000] {processor.py:758} INFO - Processing file /opt/airflow/dags/hadoop-2.7.3/share/hadoop/kms/tomcat/lib/tomcat-coyote.jar for tasks to queue
[2022-10-22T00:06:33.836+0000] {logging_mixin.py:117} INFO - [2022-10-22T00:06:33.835+0000] {dagbag.py:525} INFO - Filling up the DagBag from /opt/airflow/dags/hadoop-2.7.3/share/hadoop/kms/tomcat/lib/tomcat-coyote.jar
[2022-10-22T00:06:33.855+0000] {processor.py:770} WARNING - No viable dags retrieved from /opt/airflow/dags/hadoop-2.7.3/share/hadoop/kms/tomcat/lib/tomcat-coyote.jar
[2022-10-22T00:06:33.911+0000] {processor.py:178} INFO - Processing /opt/airflow/dags/hadoop-2.7.3/share/hadoop/kms/tomcat/lib/tomcat-coyote.jar took 0.096 seconds
[2022-10-22T00:07:14.995+0000] {processor.py:156} INFO - Started process (PID=20142) to work on /opt/airflow/dags/hadoop-2.7.3/share/hadoop/kms/tomcat/lib/tomcat-coyote.jar
[2022-10-22T00:07:15.004+0000] {processor.py:758} INFO - Processing file /opt/airflow/dags/hadoop-2.7.3/share/hadoop/kms/tomcat/lib/tomcat-coyote.jar for tasks to queue
[2022-10-22T00:07:15.008+0000] {logging_mixin.py:117} INFO - [2022-10-22T00:07:15.008+0000] {dagbag.py:525} INFO - Filling up the DagBag from /opt/airflow/dags/hadoop-2.7.3/share/hadoop/kms/tomcat/lib/tomcat-coyote.jar
[2022-10-22T00:07:15.032+0000] {processor.py:770} WARNING - No viable dags retrieved from /opt/airflow/dags/hadoop-2.7.3/share/hadoop/kms/tomcat/lib/tomcat-coyote.jar
[2022-10-22T00:07:15.098+0000] {processor.py:178} INFO - Processing /opt/airflow/dags/hadoop-2.7.3/share/hadoop/kms/tomcat/lib/tomcat-coyote.jar took 0.115 seconds
[2022-10-22T00:07:17.375+0000] {processor.py:156} INFO - Started process (PID=22628) to work on /opt/airflow/dags/hadoop-2.7.3/share/hadoop/kms/tomcat/lib/tomcat-coyote.jar
[2022-10-22T00:07:17.380+0000] {processor.py:758} INFO - Processing file /opt/airflow/dags/hadoop-2.7.3/share/hadoop/kms/tomcat/lib/tomcat-coyote.jar for tasks to queue
[2022-10-22T00:07:17.383+0000] {logging_mixin.py:117} INFO - [2022-10-22T00:07:17.382+0000] {dagbag.py:525} INFO - Filling up the DagBag from /opt/airflow/dags/hadoop-2.7.3/share/hadoop/kms/tomcat/lib/tomcat-coyote.jar
[2022-10-22T00:07:17.406+0000] {processor.py:770} WARNING - No viable dags retrieved from /opt/airflow/dags/hadoop-2.7.3/share/hadoop/kms/tomcat/lib/tomcat-coyote.jar
[2022-10-22T00:07:17.443+0000] {processor.py:178} INFO - Processing /opt/airflow/dags/hadoop-2.7.3/share/hadoop/kms/tomcat/lib/tomcat-coyote.jar took 0.090 seconds
[2022-10-22T00:08:42.455+0000] {processor.py:156} INFO - Started process (PID=23089) to work on /opt/airflow/dags/hadoop-2.7.3/share/hadoop/kms/tomcat/lib/tomcat-coyote.jar
[2022-10-22T00:08:42.464+0000] {processor.py:758} INFO - Processing file /opt/airflow/dags/hadoop-2.7.3/share/hadoop/kms/tomcat/lib/tomcat-coyote.jar for tasks to queue
[2022-10-22T00:08:42.469+0000] {logging_mixin.py:117} INFO - [2022-10-22T00:08:42.468+0000] {dagbag.py:525} INFO - Filling up the DagBag from /opt/airflow/dags/hadoop-2.7.3/share/hadoop/kms/tomcat/lib/tomcat-coyote.jar
[2022-10-22T00:08:42.505+0000] {processor.py:770} WARNING - No viable dags retrieved from /opt/airflow/dags/hadoop-2.7.3/share/hadoop/kms/tomcat/lib/tomcat-coyote.jar
[2022-10-22T00:08:42.596+0000] {processor.py:178} INFO - Processing /opt/airflow/dags/hadoop-2.7.3/share/hadoop/kms/tomcat/lib/tomcat-coyote.jar took 0.168 seconds
[2022-10-22T00:08:52.310+0000] {processor.py:156} INFO - Started process (PID=20689) to work on /opt/airflow/dags/hadoop-2.7.3/share/hadoop/kms/tomcat/lib/tomcat-coyote.jar
[2022-10-22T00:08:52.315+0000] {processor.py:758} INFO - Processing file /opt/airflow/dags/hadoop-2.7.3/share/hadoop/kms/tomcat/lib/tomcat-coyote.jar for tasks to queue
[2022-10-22T00:08:52.317+0000] {logging_mixin.py:117} INFO - [2022-10-22T00:08:52.317+0000] {dagbag.py:525} INFO - Filling up the DagBag from /opt/airflow/dags/hadoop-2.7.3/share/hadoop/kms/tomcat/lib/tomcat-coyote.jar
[2022-10-22T00:08:52.339+0000] {processor.py:770} WARNING - No viable dags retrieved from /opt/airflow/dags/hadoop-2.7.3/share/hadoop/kms/tomcat/lib/tomcat-coyote.jar
[2022-10-22T00:08:52.402+0000] {processor.py:178} INFO - Processing /opt/airflow/dags/hadoop-2.7.3/share/hadoop/kms/tomcat/lib/tomcat-coyote.jar took 0.111 seconds
[2022-10-22T00:09:40.718+0000] {processor.py:156} INFO - Started process (PID=23625) to work on /opt/airflow/dags/hadoop-2.7.3/share/hadoop/kms/tomcat/lib/tomcat-coyote.jar
[2022-10-22T00:09:40.721+0000] {processor.py:758} INFO - Processing file /opt/airflow/dags/hadoop-2.7.3/share/hadoop/kms/tomcat/lib/tomcat-coyote.jar for tasks to queue
[2022-10-22T00:09:40.724+0000] {logging_mixin.py:117} INFO - [2022-10-22T00:09:40.723+0000] {dagbag.py:525} INFO - Filling up the DagBag from /opt/airflow/dags/hadoop-2.7.3/share/hadoop/kms/tomcat/lib/tomcat-coyote.jar
[2022-10-22T00:09:40.743+0000] {processor.py:770} WARNING - No viable dags retrieved from /opt/airflow/dags/hadoop-2.7.3/share/hadoop/kms/tomcat/lib/tomcat-coyote.jar
[2022-10-22T00:09:40.779+0000] {processor.py:178} INFO - Processing /opt/airflow/dags/hadoop-2.7.3/share/hadoop/kms/tomcat/lib/tomcat-coyote.jar took 0.071 seconds
[2022-10-22T00:09:47.802+0000] {processor.py:156} INFO - Started process (PID=21214) to work on /opt/airflow/dags/hadoop-2.7.3/share/hadoop/kms/tomcat/lib/tomcat-coyote.jar
[2022-10-22T00:09:47.805+0000] {processor.py:758} INFO - Processing file /opt/airflow/dags/hadoop-2.7.3/share/hadoop/kms/tomcat/lib/tomcat-coyote.jar for tasks to queue
[2022-10-22T00:09:47.809+0000] {logging_mixin.py:117} INFO - [2022-10-22T00:09:47.809+0000] {dagbag.py:525} INFO - Filling up the DagBag from /opt/airflow/dags/hadoop-2.7.3/share/hadoop/kms/tomcat/lib/tomcat-coyote.jar
[2022-10-22T00:09:47.853+0000] {processor.py:770} WARNING - No viable dags retrieved from /opt/airflow/dags/hadoop-2.7.3/share/hadoop/kms/tomcat/lib/tomcat-coyote.jar
[2022-10-22T00:09:47.904+0000] {processor.py:178} INFO - Processing /opt/airflow/dags/hadoop-2.7.3/share/hadoop/kms/tomcat/lib/tomcat-coyote.jar took 0.112 seconds
[2022-10-22T00:11:29.631+0000] {processor.py:156} INFO - Started process (PID=24072) to work on /opt/airflow/dags/hadoop-2.7.3/share/hadoop/kms/tomcat/lib/tomcat-coyote.jar
[2022-10-22T00:11:29.634+0000] {processor.py:758} INFO - Processing file /opt/airflow/dags/hadoop-2.7.3/share/hadoop/kms/tomcat/lib/tomcat-coyote.jar for tasks to queue
[2022-10-22T00:11:29.637+0000] {logging_mixin.py:117} INFO - [2022-10-22T00:11:29.637+0000] {dagbag.py:525} INFO - Filling up the DagBag from /opt/airflow/dags/hadoop-2.7.3/share/hadoop/kms/tomcat/lib/tomcat-coyote.jar
[2022-10-22T00:11:29.652+0000] {processor.py:770} WARNING - No viable dags retrieved from /opt/airflow/dags/hadoop-2.7.3/share/hadoop/kms/tomcat/lib/tomcat-coyote.jar
[2022-10-22T00:11:29.678+0000] {processor.py:178} INFO - Processing /opt/airflow/dags/hadoop-2.7.3/share/hadoop/kms/tomcat/lib/tomcat-coyote.jar took 0.056 seconds
[2022-10-22T00:11:31.502+0000] {processor.py:156} INFO - Started process (PID=21615) to work on /opt/airflow/dags/hadoop-2.7.3/share/hadoop/kms/tomcat/lib/tomcat-coyote.jar
[2022-10-22T00:11:31.503+0000] {processor.py:758} INFO - Processing file /opt/airflow/dags/hadoop-2.7.3/share/hadoop/kms/tomcat/lib/tomcat-coyote.jar for tasks to queue
[2022-10-22T00:11:31.507+0000] {logging_mixin.py:117} INFO - [2022-10-22T00:11:31.506+0000] {dagbag.py:525} INFO - Filling up the DagBag from /opt/airflow/dags/hadoop-2.7.3/share/hadoop/kms/tomcat/lib/tomcat-coyote.jar
[2022-10-22T00:11:31.521+0000] {processor.py:770} WARNING - No viable dags retrieved from /opt/airflow/dags/hadoop-2.7.3/share/hadoop/kms/tomcat/lib/tomcat-coyote.jar
[2022-10-22T00:11:31.546+0000] {processor.py:178} INFO - Processing /opt/airflow/dags/hadoop-2.7.3/share/hadoop/kms/tomcat/lib/tomcat-coyote.jar took 0.055 seconds
[2022-10-22T00:12:08.241+0000] {processor.py:156} INFO - Started process (PID=24589) to work on /opt/airflow/dags/hadoop-2.7.3/share/hadoop/kms/tomcat/lib/tomcat-coyote.jar
[2022-10-22T00:12:08.244+0000] {processor.py:758} INFO - Processing file /opt/airflow/dags/hadoop-2.7.3/share/hadoop/kms/tomcat/lib/tomcat-coyote.jar for tasks to queue
[2022-10-22T00:12:08.246+0000] {logging_mixin.py:117} INFO - [2022-10-22T00:12:08.246+0000] {dagbag.py:525} INFO - Filling up the DagBag from /opt/airflow/dags/hadoop-2.7.3/share/hadoop/kms/tomcat/lib/tomcat-coyote.jar
[2022-10-22T00:12:08.267+0000] {processor.py:770} WARNING - No viable dags retrieved from /opt/airflow/dags/hadoop-2.7.3/share/hadoop/kms/tomcat/lib/tomcat-coyote.jar
[2022-10-22T00:12:08.380+0000] {processor.py:178} INFO - Processing /opt/airflow/dags/hadoop-2.7.3/share/hadoop/kms/tomcat/lib/tomcat-coyote.jar took 0.151 seconds
[2022-10-22T00:12:11.833+0000] {processor.py:156} INFO - Started process (PID=22132) to work on /opt/airflow/dags/hadoop-2.7.3/share/hadoop/kms/tomcat/lib/tomcat-coyote.jar
[2022-10-22T00:12:11.836+0000] {processor.py:758} INFO - Processing file /opt/airflow/dags/hadoop-2.7.3/share/hadoop/kms/tomcat/lib/tomcat-coyote.jar for tasks to queue
[2022-10-22T00:12:11.840+0000] {logging_mixin.py:117} INFO - [2022-10-22T00:12:11.839+0000] {dagbag.py:525} INFO - Filling up the DagBag from /opt/airflow/dags/hadoop-2.7.3/share/hadoop/kms/tomcat/lib/tomcat-coyote.jar
[2022-10-22T00:12:11.866+0000] {processor.py:770} WARNING - No viable dags retrieved from /opt/airflow/dags/hadoop-2.7.3/share/hadoop/kms/tomcat/lib/tomcat-coyote.jar
[2022-10-22T00:12:11.908+0000] {processor.py:178} INFO - Processing /opt/airflow/dags/hadoop-2.7.3/share/hadoop/kms/tomcat/lib/tomcat-coyote.jar took 0.089 seconds
[2022-10-22T00:15:18.463+0000] {processor.py:156} INFO - Started process (PID=22601) to work on /opt/airflow/dags/hadoop-2.7.3/share/hadoop/kms/tomcat/lib/tomcat-coyote.jar
[2022-10-22T00:15:18.466+0000] {processor.py:758} INFO - Processing file /opt/airflow/dags/hadoop-2.7.3/share/hadoop/kms/tomcat/lib/tomcat-coyote.jar for tasks to queue
[2022-10-22T00:15:18.468+0000] {logging_mixin.py:117} INFO - [2022-10-22T00:15:18.468+0000] {dagbag.py:525} INFO - Filling up the DagBag from /opt/airflow/dags/hadoop-2.7.3/share/hadoop/kms/tomcat/lib/tomcat-coyote.jar
[2022-10-22T00:15:18.482+0000] {processor.py:770} WARNING - No viable dags retrieved from /opt/airflow/dags/hadoop-2.7.3/share/hadoop/kms/tomcat/lib/tomcat-coyote.jar
[2022-10-22T00:15:18.545+0000] {processor.py:178} INFO - Processing /opt/airflow/dags/hadoop-2.7.3/share/hadoop/kms/tomcat/lib/tomcat-coyote.jar took 0.091 seconds
[2022-10-22T00:15:31.621+0000] {processor.py:156} INFO - Started process (PID=25160) to work on /opt/airflow/dags/hadoop-2.7.3/share/hadoop/kms/tomcat/lib/tomcat-coyote.jar
[2022-10-22T00:15:31.627+0000] {processor.py:758} INFO - Processing file /opt/airflow/dags/hadoop-2.7.3/share/hadoop/kms/tomcat/lib/tomcat-coyote.jar for tasks to queue
[2022-10-22T00:15:31.630+0000] {logging_mixin.py:117} INFO - [2022-10-22T00:15:31.629+0000] {dagbag.py:525} INFO - Filling up the DagBag from /opt/airflow/dags/hadoop-2.7.3/share/hadoop/kms/tomcat/lib/tomcat-coyote.jar
[2022-10-22T00:15:31.657+0000] {processor.py:770} WARNING - No viable dags retrieved from /opt/airflow/dags/hadoop-2.7.3/share/hadoop/kms/tomcat/lib/tomcat-coyote.jar
[2022-10-22T00:15:31.732+0000] {processor.py:178} INFO - Processing /opt/airflow/dags/hadoop-2.7.3/share/hadoop/kms/tomcat/lib/tomcat-coyote.jar took 0.129 seconds
[2022-10-22T00:16:07.717+0000] {processor.py:156} INFO - Started process (PID=23126) to work on /opt/airflow/dags/hadoop-2.7.3/share/hadoop/kms/tomcat/lib/tomcat-coyote.jar
[2022-10-22T00:16:07.719+0000] {processor.py:758} INFO - Processing file /opt/airflow/dags/hadoop-2.7.3/share/hadoop/kms/tomcat/lib/tomcat-coyote.jar for tasks to queue
[2022-10-22T00:16:07.722+0000] {logging_mixin.py:117} INFO - [2022-10-22T00:16:07.722+0000] {dagbag.py:525} INFO - Filling up the DagBag from /opt/airflow/dags/hadoop-2.7.3/share/hadoop/kms/tomcat/lib/tomcat-coyote.jar
[2022-10-22T00:16:07.751+0000] {processor.py:770} WARNING - No viable dags retrieved from /opt/airflow/dags/hadoop-2.7.3/share/hadoop/kms/tomcat/lib/tomcat-coyote.jar
[2022-10-22T00:16:07.816+0000] {processor.py:178} INFO - Processing /opt/airflow/dags/hadoop-2.7.3/share/hadoop/kms/tomcat/lib/tomcat-coyote.jar took 0.105 seconds
[2022-10-22T00:16:17.541+0000] {processor.py:156} INFO - Started process (PID=25683) to work on /opt/airflow/dags/hadoop-2.7.3/share/hadoop/kms/tomcat/lib/tomcat-coyote.jar
[2022-10-22T00:16:17.544+0000] {processor.py:758} INFO - Processing file /opt/airflow/dags/hadoop-2.7.3/share/hadoop/kms/tomcat/lib/tomcat-coyote.jar for tasks to queue
[2022-10-22T00:16:17.546+0000] {logging_mixin.py:117} INFO - [2022-10-22T00:16:17.546+0000] {dagbag.py:525} INFO - Filling up the DagBag from /opt/airflow/dags/hadoop-2.7.3/share/hadoop/kms/tomcat/lib/tomcat-coyote.jar
[2022-10-22T00:16:17.564+0000] {processor.py:770} WARNING - No viable dags retrieved from /opt/airflow/dags/hadoop-2.7.3/share/hadoop/kms/tomcat/lib/tomcat-coyote.jar
[2022-10-22T00:16:17.591+0000] {processor.py:178} INFO - Processing /opt/airflow/dags/hadoop-2.7.3/share/hadoop/kms/tomcat/lib/tomcat-coyote.jar took 0.057 seconds
[2022-10-22T00:16:54.893+0000] {processor.py:156} INFO - Started process (PID=23643) to work on /opt/airflow/dags/hadoop-2.7.3/share/hadoop/kms/tomcat/lib/tomcat-coyote.jar
[2022-10-22T00:16:54.898+0000] {processor.py:758} INFO - Processing file /opt/airflow/dags/hadoop-2.7.3/share/hadoop/kms/tomcat/lib/tomcat-coyote.jar for tasks to queue
[2022-10-22T00:16:54.901+0000] {logging_mixin.py:117} INFO - [2022-10-22T00:16:54.901+0000] {dagbag.py:525} INFO - Filling up the DagBag from /opt/airflow/dags/hadoop-2.7.3/share/hadoop/kms/tomcat/lib/tomcat-coyote.jar
[2022-10-22T00:16:54.919+0000] {processor.py:770} WARNING - No viable dags retrieved from /opt/airflow/dags/hadoop-2.7.3/share/hadoop/kms/tomcat/lib/tomcat-coyote.jar
[2022-10-22T00:16:54.956+0000] {processor.py:178} INFO - Processing /opt/airflow/dags/hadoop-2.7.3/share/hadoop/kms/tomcat/lib/tomcat-coyote.jar took 0.072 seconds
[2022-10-22T00:17:07.727+0000] {processor.py:156} INFO - Started process (PID=26213) to work on /opt/airflow/dags/hadoop-2.7.3/share/hadoop/kms/tomcat/lib/tomcat-coyote.jar
[2022-10-22T00:17:07.730+0000] {processor.py:758} INFO - Processing file /opt/airflow/dags/hadoop-2.7.3/share/hadoop/kms/tomcat/lib/tomcat-coyote.jar for tasks to queue
[2022-10-22T00:17:07.733+0000] {logging_mixin.py:117} INFO - [2022-10-22T00:17:07.733+0000] {dagbag.py:525} INFO - Filling up the DagBag from /opt/airflow/dags/hadoop-2.7.3/share/hadoop/kms/tomcat/lib/tomcat-coyote.jar
[2022-10-22T00:17:07.776+0000] {processor.py:770} WARNING - No viable dags retrieved from /opt/airflow/dags/hadoop-2.7.3/share/hadoop/kms/tomcat/lib/tomcat-coyote.jar
[2022-10-22T00:17:07.818+0000] {processor.py:178} INFO - Processing /opt/airflow/dags/hadoop-2.7.3/share/hadoop/kms/tomcat/lib/tomcat-coyote.jar took 0.102 seconds
[2022-10-22T00:17:48.156+0000] {processor.py:156} INFO - Started process (PID=24176) to work on /opt/airflow/dags/hadoop-2.7.3/share/hadoop/kms/tomcat/lib/tomcat-coyote.jar
[2022-10-22T00:17:48.161+0000] {processor.py:758} INFO - Processing file /opt/airflow/dags/hadoop-2.7.3/share/hadoop/kms/tomcat/lib/tomcat-coyote.jar for tasks to queue
[2022-10-22T00:17:48.165+0000] {logging_mixin.py:117} INFO - [2022-10-22T00:17:48.164+0000] {dagbag.py:525} INFO - Filling up the DagBag from /opt/airflow/dags/hadoop-2.7.3/share/hadoop/kms/tomcat/lib/tomcat-coyote.jar
[2022-10-22T00:17:48.200+0000] {processor.py:770} WARNING - No viable dags retrieved from /opt/airflow/dags/hadoop-2.7.3/share/hadoop/kms/tomcat/lib/tomcat-coyote.jar
[2022-10-22T00:17:48.266+0000] {processor.py:178} INFO - Processing /opt/airflow/dags/hadoop-2.7.3/share/hadoop/kms/tomcat/lib/tomcat-coyote.jar took 0.120 seconds
[2022-10-22T00:17:56.306+0000] {processor.py:156} INFO - Started process (PID=26736) to work on /opt/airflow/dags/hadoop-2.7.3/share/hadoop/kms/tomcat/lib/tomcat-coyote.jar
[2022-10-22T00:17:56.310+0000] {processor.py:758} INFO - Processing file /opt/airflow/dags/hadoop-2.7.3/share/hadoop/kms/tomcat/lib/tomcat-coyote.jar for tasks to queue
[2022-10-22T00:17:56.314+0000] {logging_mixin.py:117} INFO - [2022-10-22T00:17:56.313+0000] {dagbag.py:525} INFO - Filling up the DagBag from /opt/airflow/dags/hadoop-2.7.3/share/hadoop/kms/tomcat/lib/tomcat-coyote.jar
[2022-10-22T00:17:56.333+0000] {processor.py:770} WARNING - No viable dags retrieved from /opt/airflow/dags/hadoop-2.7.3/share/hadoop/kms/tomcat/lib/tomcat-coyote.jar
[2022-10-22T00:17:56.387+0000] {processor.py:178} INFO - Processing /opt/airflow/dags/hadoop-2.7.3/share/hadoop/kms/tomcat/lib/tomcat-coyote.jar took 0.092 seconds
[2022-10-22T00:18:46.500+0000] {processor.py:156} INFO - Started process (PID=24783) to work on /opt/airflow/dags/hadoop-2.7.3/share/hadoop/kms/tomcat/lib/tomcat-coyote.jar
[2022-10-22T00:18:46.512+0000] {processor.py:758} INFO - Processing file /opt/airflow/dags/hadoop-2.7.3/share/hadoop/kms/tomcat/lib/tomcat-coyote.jar for tasks to queue
[2022-10-22T00:18:46.517+0000] {logging_mixin.py:117} INFO - [2022-10-22T00:18:46.515+0000] {dagbag.py:525} INFO - Filling up the DagBag from /opt/airflow/dags/hadoop-2.7.3/share/hadoop/kms/tomcat/lib/tomcat-coyote.jar
[2022-10-22T00:18:46.555+0000] {processor.py:770} WARNING - No viable dags retrieved from /opt/airflow/dags/hadoop-2.7.3/share/hadoop/kms/tomcat/lib/tomcat-coyote.jar
[2022-10-22T00:18:46.625+0000] {processor.py:178} INFO - Processing /opt/airflow/dags/hadoop-2.7.3/share/hadoop/kms/tomcat/lib/tomcat-coyote.jar took 0.136 seconds
[2022-10-22T00:18:49.010+0000] {processor.py:156} INFO - Started process (PID=27298) to work on /opt/airflow/dags/hadoop-2.7.3/share/hadoop/kms/tomcat/lib/tomcat-coyote.jar
[2022-10-22T00:18:49.017+0000] {processor.py:758} INFO - Processing file /opt/airflow/dags/hadoop-2.7.3/share/hadoop/kms/tomcat/lib/tomcat-coyote.jar for tasks to queue
[2022-10-22T00:18:49.022+0000] {logging_mixin.py:117} INFO - [2022-10-22T00:18:49.022+0000] {dagbag.py:525} INFO - Filling up the DagBag from /opt/airflow/dags/hadoop-2.7.3/share/hadoop/kms/tomcat/lib/tomcat-coyote.jar
[2022-10-22T00:18:49.054+0000] {processor.py:770} WARNING - No viable dags retrieved from /opt/airflow/dags/hadoop-2.7.3/share/hadoop/kms/tomcat/lib/tomcat-coyote.jar
[2022-10-22T00:18:49.084+0000] {processor.py:178} INFO - Processing /opt/airflow/dags/hadoop-2.7.3/share/hadoop/kms/tomcat/lib/tomcat-coyote.jar took 0.101 seconds
[2022-10-22T00:20:22.339+0000] {processor.py:156} INFO - Started process (PID=27921) to work on /opt/airflow/dags/hadoop-2.7.3/share/hadoop/kms/tomcat/lib/tomcat-coyote.jar
[2022-10-22T00:20:22.351+0000] {processor.py:758} INFO - Processing file /opt/airflow/dags/hadoop-2.7.3/share/hadoop/kms/tomcat/lib/tomcat-coyote.jar for tasks to queue
[2022-10-22T00:20:22.355+0000] {logging_mixin.py:117} INFO - [2022-10-22T00:20:22.355+0000] {dagbag.py:525} INFO - Filling up the DagBag from /opt/airflow/dags/hadoop-2.7.3/share/hadoop/kms/tomcat/lib/tomcat-coyote.jar
[2022-10-22T00:20:22.377+0000] {processor.py:770} WARNING - No viable dags retrieved from /opt/airflow/dags/hadoop-2.7.3/share/hadoop/kms/tomcat/lib/tomcat-coyote.jar
[2022-10-22T00:20:22.460+0000] {processor.py:178} INFO - Processing /opt/airflow/dags/hadoop-2.7.3/share/hadoop/kms/tomcat/lib/tomcat-coyote.jar took 0.147 seconds
[2022-10-22T00:20:34.875+0000] {processor.py:156} INFO - Started process (PID=25511) to work on /opt/airflow/dags/hadoop-2.7.3/share/hadoop/kms/tomcat/lib/tomcat-coyote.jar
[2022-10-22T00:20:34.882+0000] {processor.py:758} INFO - Processing file /opt/airflow/dags/hadoop-2.7.3/share/hadoop/kms/tomcat/lib/tomcat-coyote.jar for tasks to queue
[2022-10-22T00:20:34.884+0000] {logging_mixin.py:117} INFO - [2022-10-22T00:20:34.883+0000] {dagbag.py:525} INFO - Filling up the DagBag from /opt/airflow/dags/hadoop-2.7.3/share/hadoop/kms/tomcat/lib/tomcat-coyote.jar
[2022-10-22T00:20:34.916+0000] {processor.py:770} WARNING - No viable dags retrieved from /opt/airflow/dags/hadoop-2.7.3/share/hadoop/kms/tomcat/lib/tomcat-coyote.jar
[2022-10-22T00:20:34.981+0000] {processor.py:178} INFO - Processing /opt/airflow/dags/hadoop-2.7.3/share/hadoop/kms/tomcat/lib/tomcat-coyote.jar took 0.117 seconds
[2022-10-22T00:21:20.304+0000] {processor.py:156} INFO - Started process (PID=28489) to work on /opt/airflow/dags/hadoop-2.7.3/share/hadoop/kms/tomcat/lib/tomcat-coyote.jar
[2022-10-22T00:21:20.308+0000] {processor.py:758} INFO - Processing file /opt/airflow/dags/hadoop-2.7.3/share/hadoop/kms/tomcat/lib/tomcat-coyote.jar for tasks to queue
[2022-10-22T00:21:20.311+0000] {logging_mixin.py:117} INFO - [2022-10-22T00:21:20.311+0000] {dagbag.py:525} INFO - Filling up the DagBag from /opt/airflow/dags/hadoop-2.7.3/share/hadoop/kms/tomcat/lib/tomcat-coyote.jar
[2022-10-22T00:21:20.341+0000] {processor.py:770} WARNING - No viable dags retrieved from /opt/airflow/dags/hadoop-2.7.3/share/hadoop/kms/tomcat/lib/tomcat-coyote.jar
[2022-10-22T00:21:20.400+0000] {processor.py:178} INFO - Processing /opt/airflow/dags/hadoop-2.7.3/share/hadoop/kms/tomcat/lib/tomcat-coyote.jar took 0.119 seconds
[2022-10-22T00:21:28.043+0000] {processor.py:156} INFO - Started process (PID=26035) to work on /opt/airflow/dags/hadoop-2.7.3/share/hadoop/kms/tomcat/lib/tomcat-coyote.jar
[2022-10-22T00:21:28.056+0000] {processor.py:758} INFO - Processing file /opt/airflow/dags/hadoop-2.7.3/share/hadoop/kms/tomcat/lib/tomcat-coyote.jar for tasks to queue
[2022-10-22T00:21:28.059+0000] {logging_mixin.py:117} INFO - [2022-10-22T00:21:28.059+0000] {dagbag.py:525} INFO - Filling up the DagBag from /opt/airflow/dags/hadoop-2.7.3/share/hadoop/kms/tomcat/lib/tomcat-coyote.jar
[2022-10-22T00:21:28.085+0000] {processor.py:770} WARNING - No viable dags retrieved from /opt/airflow/dags/hadoop-2.7.3/share/hadoop/kms/tomcat/lib/tomcat-coyote.jar
[2022-10-22T00:21:28.152+0000] {processor.py:178} INFO - Processing /opt/airflow/dags/hadoop-2.7.3/share/hadoop/kms/tomcat/lib/tomcat-coyote.jar took 0.119 seconds
[2022-10-22T00:22:16.770+0000] {processor.py:156} INFO - Started process (PID=26489) to work on /opt/airflow/dags/hadoop-2.7.3/share/hadoop/kms/tomcat/lib/tomcat-coyote.jar
[2022-10-22T00:22:16.780+0000] {processor.py:758} INFO - Processing file /opt/airflow/dags/hadoop-2.7.3/share/hadoop/kms/tomcat/lib/tomcat-coyote.jar for tasks to queue
[2022-10-22T00:22:16.784+0000] {logging_mixin.py:117} INFO - [2022-10-22T00:22:16.783+0000] {dagbag.py:525} INFO - Filling up the DagBag from /opt/airflow/dags/hadoop-2.7.3/share/hadoop/kms/tomcat/lib/tomcat-coyote.jar
[2022-10-22T00:22:16.809+0000] {processor.py:770} WARNING - No viable dags retrieved from /opt/airflow/dags/hadoop-2.7.3/share/hadoop/kms/tomcat/lib/tomcat-coyote.jar
[2022-10-22T00:22:16.839+0000] {processor.py:178} INFO - Processing /opt/airflow/dags/hadoop-2.7.3/share/hadoop/kms/tomcat/lib/tomcat-coyote.jar took 0.085 seconds
[2022-10-22T00:22:24.866+0000] {processor.py:156} INFO - Started process (PID=29109) to work on /opt/airflow/dags/hadoop-2.7.3/share/hadoop/kms/tomcat/lib/tomcat-coyote.jar
[2022-10-22T00:22:24.870+0000] {processor.py:758} INFO - Processing file /opt/airflow/dags/hadoop-2.7.3/share/hadoop/kms/tomcat/lib/tomcat-coyote.jar for tasks to queue
[2022-10-22T00:22:24.872+0000] {logging_mixin.py:117} INFO - [2022-10-22T00:22:24.872+0000] {dagbag.py:525} INFO - Filling up the DagBag from /opt/airflow/dags/hadoop-2.7.3/share/hadoop/kms/tomcat/lib/tomcat-coyote.jar
[2022-10-22T00:22:24.891+0000] {processor.py:770} WARNING - No viable dags retrieved from /opt/airflow/dags/hadoop-2.7.3/share/hadoop/kms/tomcat/lib/tomcat-coyote.jar
[2022-10-22T00:22:24.927+0000] {processor.py:178} INFO - Processing /opt/airflow/dags/hadoop-2.7.3/share/hadoop/kms/tomcat/lib/tomcat-coyote.jar took 0.097 seconds
[2022-10-22T00:23:10.910+0000] {processor.py:156} INFO - Started process (PID=26976) to work on /opt/airflow/dags/hadoop-2.7.3/share/hadoop/kms/tomcat/lib/tomcat-coyote.jar
[2022-10-22T00:23:10.912+0000] {processor.py:758} INFO - Processing file /opt/airflow/dags/hadoop-2.7.3/share/hadoop/kms/tomcat/lib/tomcat-coyote.jar for tasks to queue
[2022-10-22T00:23:10.914+0000] {logging_mixin.py:117} INFO - [2022-10-22T00:23:10.914+0000] {dagbag.py:525} INFO - Filling up the DagBag from /opt/airflow/dags/hadoop-2.7.3/share/hadoop/kms/tomcat/lib/tomcat-coyote.jar
[2022-10-22T00:23:10.926+0000] {processor.py:770} WARNING - No viable dags retrieved from /opt/airflow/dags/hadoop-2.7.3/share/hadoop/kms/tomcat/lib/tomcat-coyote.jar
[2022-10-22T00:23:10.981+0000] {processor.py:178} INFO - Processing /opt/airflow/dags/hadoop-2.7.3/share/hadoop/kms/tomcat/lib/tomcat-coyote.jar took 0.076 seconds
[2022-10-22T00:23:13.965+0000] {processor.py:156} INFO - Started process (PID=29576) to work on /opt/airflow/dags/hadoop-2.7.3/share/hadoop/kms/tomcat/lib/tomcat-coyote.jar
[2022-10-22T00:23:13.967+0000] {processor.py:758} INFO - Processing file /opt/airflow/dags/hadoop-2.7.3/share/hadoop/kms/tomcat/lib/tomcat-coyote.jar for tasks to queue
[2022-10-22T00:23:13.969+0000] {logging_mixin.py:117} INFO - [2022-10-22T00:23:13.968+0000] {dagbag.py:525} INFO - Filling up the DagBag from /opt/airflow/dags/hadoop-2.7.3/share/hadoop/kms/tomcat/lib/tomcat-coyote.jar
[2022-10-22T00:23:13.982+0000] {processor.py:770} WARNING - No viable dags retrieved from /opt/airflow/dags/hadoop-2.7.3/share/hadoop/kms/tomcat/lib/tomcat-coyote.jar
[2022-10-22T00:23:14.005+0000] {processor.py:178} INFO - Processing /opt/airflow/dags/hadoop-2.7.3/share/hadoop/kms/tomcat/lib/tomcat-coyote.jar took 0.046 seconds
[2022-10-22T00:24:01.080+0000] {processor.py:156} INFO - Started process (PID=30095) to work on /opt/airflow/dags/hadoop-2.7.3/share/hadoop/kms/tomcat/lib/tomcat-coyote.jar
[2022-10-22T00:24:01.082+0000] {processor.py:758} INFO - Processing file /opt/airflow/dags/hadoop-2.7.3/share/hadoop/kms/tomcat/lib/tomcat-coyote.jar for tasks to queue
[2022-10-22T00:24:01.084+0000] {logging_mixin.py:117} INFO - [2022-10-22T00:24:01.083+0000] {dagbag.py:525} INFO - Filling up the DagBag from /opt/airflow/dags/hadoop-2.7.3/share/hadoop/kms/tomcat/lib/tomcat-coyote.jar
[2022-10-22T00:24:01.094+0000] {processor.py:770} WARNING - No viable dags retrieved from /opt/airflow/dags/hadoop-2.7.3/share/hadoop/kms/tomcat/lib/tomcat-coyote.jar
[2022-10-22T00:24:01.115+0000] {processor.py:178} INFO - Processing /opt/airflow/dags/hadoop-2.7.3/share/hadoop/kms/tomcat/lib/tomcat-coyote.jar took 0.040 seconds
[2022-10-22T00:24:02.583+0000] {processor.py:156} INFO - Started process (PID=27536) to work on /opt/airflow/dags/hadoop-2.7.3/share/hadoop/kms/tomcat/lib/tomcat-coyote.jar
[2022-10-22T00:24:02.586+0000] {processor.py:758} INFO - Processing file /opt/airflow/dags/hadoop-2.7.3/share/hadoop/kms/tomcat/lib/tomcat-coyote.jar for tasks to queue
[2022-10-22T00:24:02.588+0000] {logging_mixin.py:117} INFO - [2022-10-22T00:24:02.588+0000] {dagbag.py:525} INFO - Filling up the DagBag from /opt/airflow/dags/hadoop-2.7.3/share/hadoop/kms/tomcat/lib/tomcat-coyote.jar
[2022-10-22T00:24:02.600+0000] {processor.py:770} WARNING - No viable dags retrieved from /opt/airflow/dags/hadoop-2.7.3/share/hadoop/kms/tomcat/lib/tomcat-coyote.jar
[2022-10-22T00:24:02.633+0000] {processor.py:178} INFO - Processing /opt/airflow/dags/hadoop-2.7.3/share/hadoop/kms/tomcat/lib/tomcat-coyote.jar took 0.056 seconds
