[2022-10-22T00:00:13.798+0000] {processor.py:156} INFO - Started process (PID=16820) to work on /opt/airflow/dags/hadoop-2.7.3/share/hadoop/mapreduce/lib/guice-servlet-3.0.jar
[2022-10-22T00:00:13.802+0000] {processor.py:758} INFO - Processing file /opt/airflow/dags/hadoop-2.7.3/share/hadoop/mapreduce/lib/guice-servlet-3.0.jar for tasks to queue
[2022-10-22T00:00:13.806+0000] {logging_mixin.py:117} INFO - [2022-10-22T00:00:13.805+0000] {dagbag.py:525} INFO - Filling up the DagBag from /opt/airflow/dags/hadoop-2.7.3/share/hadoop/mapreduce/lib/guice-servlet-3.0.jar
[2022-10-22T00:00:13.819+0000] {processor.py:770} WARNING - No viable dags retrieved from /opt/airflow/dags/hadoop-2.7.3/share/hadoop/mapreduce/lib/guice-servlet-3.0.jar
[2022-10-22T00:00:13.870+0000] {processor.py:178} INFO - Processing /opt/airflow/dags/hadoop-2.7.3/share/hadoop/mapreduce/lib/guice-servlet-3.0.jar took 0.085 seconds
[2022-10-22T00:01:48.565+0000] {processor.py:156} INFO - Started process (PID=17452) to work on /opt/airflow/dags/hadoop-2.7.3/share/hadoop/mapreduce/lib/guice-servlet-3.0.jar
[2022-10-22T00:01:48.569+0000] {processor.py:758} INFO - Processing file /opt/airflow/dags/hadoop-2.7.3/share/hadoop/mapreduce/lib/guice-servlet-3.0.jar for tasks to queue
[2022-10-22T00:01:48.572+0000] {logging_mixin.py:117} INFO - [2022-10-22T00:01:48.571+0000] {dagbag.py:525} INFO - Filling up the DagBag from /opt/airflow/dags/hadoop-2.7.3/share/hadoop/mapreduce/lib/guice-servlet-3.0.jar
[2022-10-22T00:01:48.582+0000] {processor.py:770} WARNING - No viable dags retrieved from /opt/airflow/dags/hadoop-2.7.3/share/hadoop/mapreduce/lib/guice-servlet-3.0.jar
[2022-10-22T00:01:48.637+0000] {processor.py:178} INFO - Processing /opt/airflow/dags/hadoop-2.7.3/share/hadoop/mapreduce/lib/guice-servlet-3.0.jar took 0.081 seconds
[2022-10-22T00:01:50.369+0000] {processor.py:156} INFO - Started process (PID=19747) to work on /opt/airflow/dags/hadoop-2.7.3/share/hadoop/mapreduce/lib/guice-servlet-3.0.jar
[2022-10-22T00:01:50.379+0000] {processor.py:758} INFO - Processing file /opt/airflow/dags/hadoop-2.7.3/share/hadoop/mapreduce/lib/guice-servlet-3.0.jar for tasks to queue
[2022-10-22T00:01:50.385+0000] {logging_mixin.py:117} INFO - [2022-10-22T00:01:50.385+0000] {dagbag.py:525} INFO - Filling up the DagBag from /opt/airflow/dags/hadoop-2.7.3/share/hadoop/mapreduce/lib/guice-servlet-3.0.jar
[2022-10-22T00:01:50.398+0000] {processor.py:770} WARNING - No viable dags retrieved from /opt/airflow/dags/hadoop-2.7.3/share/hadoop/mapreduce/lib/guice-servlet-3.0.jar
[2022-10-22T00:01:50.496+0000] {processor.py:178} INFO - Processing /opt/airflow/dags/hadoop-2.7.3/share/hadoop/mapreduce/lib/guice-servlet-3.0.jar took 0.150 seconds
[2022-10-22T00:02:50.598+0000] {processor.py:156} INFO - Started process (PID=20322) to work on /opt/airflow/dags/hadoop-2.7.3/share/hadoop/mapreduce/lib/guice-servlet-3.0.jar
[2022-10-22T00:02:50.602+0000] {processor.py:758} INFO - Processing file /opt/airflow/dags/hadoop-2.7.3/share/hadoop/mapreduce/lib/guice-servlet-3.0.jar for tasks to queue
[2022-10-22T00:02:50.606+0000] {logging_mixin.py:117} INFO - [2022-10-22T00:02:50.605+0000] {dagbag.py:525} INFO - Filling up the DagBag from /opt/airflow/dags/hadoop-2.7.3/share/hadoop/mapreduce/lib/guice-servlet-3.0.jar
[2022-10-22T00:02:50.617+0000] {processor.py:770} WARNING - No viable dags retrieved from /opt/airflow/dags/hadoop-2.7.3/share/hadoop/mapreduce/lib/guice-servlet-3.0.jar
[2022-10-22T00:02:50.659+0000] {processor.py:178} INFO - Processing /opt/airflow/dags/hadoop-2.7.3/share/hadoop/mapreduce/lib/guice-servlet-3.0.jar took 0.071 seconds
[2022-10-22T00:03:30.020+0000] {processor.py:156} INFO - Started process (PID=18029) to work on /opt/airflow/dags/hadoop-2.7.3/share/hadoop/mapreduce/lib/guice-servlet-3.0.jar
[2022-10-22T00:03:30.024+0000] {processor.py:758} INFO - Processing file /opt/airflow/dags/hadoop-2.7.3/share/hadoop/mapreduce/lib/guice-servlet-3.0.jar for tasks to queue
[2022-10-22T00:03:30.029+0000] {logging_mixin.py:117} INFO - [2022-10-22T00:03:30.029+0000] {dagbag.py:525} INFO - Filling up the DagBag from /opt/airflow/dags/hadoop-2.7.3/share/hadoop/mapreduce/lib/guice-servlet-3.0.jar
[2022-10-22T00:03:30.042+0000] {processor.py:770} WARNING - No viable dags retrieved from /opt/airflow/dags/hadoop-2.7.3/share/hadoop/mapreduce/lib/guice-servlet-3.0.jar
[2022-10-22T00:03:30.079+0000] {processor.py:178} INFO - Processing /opt/airflow/dags/hadoop-2.7.3/share/hadoop/mapreduce/lib/guice-servlet-3.0.jar took 0.093 seconds
[2022-10-22T00:04:11.751+0000] {processor.py:156} INFO - Started process (PID=20796) to work on /opt/airflow/dags/hadoop-2.7.3/share/hadoop/mapreduce/lib/guice-servlet-3.0.jar
[2022-10-22T00:04:11.758+0000] {processor.py:758} INFO - Processing file /opt/airflow/dags/hadoop-2.7.3/share/hadoop/mapreduce/lib/guice-servlet-3.0.jar for tasks to queue
[2022-10-22T00:04:11.763+0000] {logging_mixin.py:117} INFO - [2022-10-22T00:04:11.762+0000] {dagbag.py:525} INFO - Filling up the DagBag from /opt/airflow/dags/hadoop-2.7.3/share/hadoop/mapreduce/lib/guice-servlet-3.0.jar
[2022-10-22T00:04:11.774+0000] {processor.py:770} WARNING - No viable dags retrieved from /opt/airflow/dags/hadoop-2.7.3/share/hadoop/mapreduce/lib/guice-servlet-3.0.jar
[2022-10-22T00:04:11.847+0000] {processor.py:178} INFO - Processing /opt/airflow/dags/hadoop-2.7.3/share/hadoop/mapreduce/lib/guice-servlet-3.0.jar took 0.130 seconds
[2022-10-22T00:04:38.590+0000] {processor.py:156} INFO - Started process (PID=18630) to work on /opt/airflow/dags/hadoop-2.7.3/share/hadoop/mapreduce/lib/guice-servlet-3.0.jar
[2022-10-22T00:04:38.601+0000] {processor.py:758} INFO - Processing file /opt/airflow/dags/hadoop-2.7.3/share/hadoop/mapreduce/lib/guice-servlet-3.0.jar for tasks to queue
[2022-10-22T00:04:38.604+0000] {logging_mixin.py:117} INFO - [2022-10-22T00:04:38.604+0000] {dagbag.py:525} INFO - Filling up the DagBag from /opt/airflow/dags/hadoop-2.7.3/share/hadoop/mapreduce/lib/guice-servlet-3.0.jar
[2022-10-22T00:04:38.632+0000] {processor.py:770} WARNING - No viable dags retrieved from /opt/airflow/dags/hadoop-2.7.3/share/hadoop/mapreduce/lib/guice-servlet-3.0.jar
[2022-10-22T00:04:38.741+0000] {processor.py:178} INFO - Processing /opt/airflow/dags/hadoop-2.7.3/share/hadoop/mapreduce/lib/guice-servlet-3.0.jar took 0.159 seconds
[2022-10-22T00:05:08.130+0000] {processor.py:156} INFO - Started process (PID=21324) to work on /opt/airflow/dags/hadoop-2.7.3/share/hadoop/mapreduce/lib/guice-servlet-3.0.jar
[2022-10-22T00:05:08.135+0000] {processor.py:758} INFO - Processing file /opt/airflow/dags/hadoop-2.7.3/share/hadoop/mapreduce/lib/guice-servlet-3.0.jar for tasks to queue
[2022-10-22T00:05:08.138+0000] {logging_mixin.py:117} INFO - [2022-10-22T00:05:08.137+0000] {dagbag.py:525} INFO - Filling up the DagBag from /opt/airflow/dags/hadoop-2.7.3/share/hadoop/mapreduce/lib/guice-servlet-3.0.jar
[2022-10-22T00:05:08.145+0000] {processor.py:770} WARNING - No viable dags retrieved from /opt/airflow/dags/hadoop-2.7.3/share/hadoop/mapreduce/lib/guice-servlet-3.0.jar
[2022-10-22T00:05:08.190+0000] {processor.py:178} INFO - Processing /opt/airflow/dags/hadoop-2.7.3/share/hadoop/mapreduce/lib/guice-servlet-3.0.jar took 0.069 seconds
[2022-10-22T00:05:33.068+0000] {processor.py:156} INFO - Started process (PID=19152) to work on /opt/airflow/dags/hadoop-2.7.3/share/hadoop/mapreduce/lib/guice-servlet-3.0.jar
[2022-10-22T00:05:33.071+0000] {processor.py:758} INFO - Processing file /opt/airflow/dags/hadoop-2.7.3/share/hadoop/mapreduce/lib/guice-servlet-3.0.jar for tasks to queue
[2022-10-22T00:05:33.074+0000] {logging_mixin.py:117} INFO - [2022-10-22T00:05:33.073+0000] {dagbag.py:525} INFO - Filling up the DagBag from /opt/airflow/dags/hadoop-2.7.3/share/hadoop/mapreduce/lib/guice-servlet-3.0.jar
[2022-10-22T00:05:33.087+0000] {processor.py:770} WARNING - No viable dags retrieved from /opt/airflow/dags/hadoop-2.7.3/share/hadoop/mapreduce/lib/guice-servlet-3.0.jar
[2022-10-22T00:05:33.133+0000] {processor.py:178} INFO - Processing /opt/airflow/dags/hadoop-2.7.3/share/hadoop/mapreduce/lib/guice-servlet-3.0.jar took 0.080 seconds
[2022-10-22T00:05:53.097+0000] {processor.py:156} INFO - Started process (PID=21790) to work on /opt/airflow/dags/hadoop-2.7.3/share/hadoop/mapreduce/lib/guice-servlet-3.0.jar
[2022-10-22T00:05:53.102+0000] {processor.py:758} INFO - Processing file /opt/airflow/dags/hadoop-2.7.3/share/hadoop/mapreduce/lib/guice-servlet-3.0.jar for tasks to queue
[2022-10-22T00:05:53.111+0000] {logging_mixin.py:117} INFO - [2022-10-22T00:05:53.111+0000] {dagbag.py:525} INFO - Filling up the DagBag from /opt/airflow/dags/hadoop-2.7.3/share/hadoop/mapreduce/lib/guice-servlet-3.0.jar
[2022-10-22T00:05:53.128+0000] {processor.py:770} WARNING - No viable dags retrieved from /opt/airflow/dags/hadoop-2.7.3/share/hadoop/mapreduce/lib/guice-servlet-3.0.jar
[2022-10-22T00:05:53.187+0000] {processor.py:178} INFO - Processing /opt/airflow/dags/hadoop-2.7.3/share/hadoop/mapreduce/lib/guice-servlet-3.0.jar took 0.097 seconds
[2022-10-22T00:06:35.159+0000] {processor.py:156} INFO - Started process (PID=19749) to work on /opt/airflow/dags/hadoop-2.7.3/share/hadoop/mapreduce/lib/guice-servlet-3.0.jar
[2022-10-22T00:06:35.163+0000] {processor.py:758} INFO - Processing file /opt/airflow/dags/hadoop-2.7.3/share/hadoop/mapreduce/lib/guice-servlet-3.0.jar for tasks to queue
[2022-10-22T00:06:35.165+0000] {logging_mixin.py:117} INFO - [2022-10-22T00:06:35.165+0000] {dagbag.py:525} INFO - Filling up the DagBag from /opt/airflow/dags/hadoop-2.7.3/share/hadoop/mapreduce/lib/guice-servlet-3.0.jar
[2022-10-22T00:06:35.175+0000] {processor.py:770} WARNING - No viable dags retrieved from /opt/airflow/dags/hadoop-2.7.3/share/hadoop/mapreduce/lib/guice-servlet-3.0.jar
[2022-10-22T00:06:35.246+0000] {processor.py:178} INFO - Processing /opt/airflow/dags/hadoop-2.7.3/share/hadoop/mapreduce/lib/guice-servlet-3.0.jar took 0.097 seconds
[2022-10-22T00:06:59.789+0000] {processor.py:156} INFO - Started process (PID=22436) to work on /opt/airflow/dags/hadoop-2.7.3/share/hadoop/mapreduce/lib/guice-servlet-3.0.jar
[2022-10-22T00:06:59.792+0000] {processor.py:758} INFO - Processing file /opt/airflow/dags/hadoop-2.7.3/share/hadoop/mapreduce/lib/guice-servlet-3.0.jar for tasks to queue
[2022-10-22T00:06:59.796+0000] {logging_mixin.py:117} INFO - [2022-10-22T00:06:59.795+0000] {dagbag.py:525} INFO - Filling up the DagBag from /opt/airflow/dags/hadoop-2.7.3/share/hadoop/mapreduce/lib/guice-servlet-3.0.jar
[2022-10-22T00:06:59.804+0000] {processor.py:770} WARNING - No viable dags retrieved from /opt/airflow/dags/hadoop-2.7.3/share/hadoop/mapreduce/lib/guice-servlet-3.0.jar
[2022-10-22T00:06:59.863+0000] {processor.py:178} INFO - Processing /opt/airflow/dags/hadoop-2.7.3/share/hadoop/mapreduce/lib/guice-servlet-3.0.jar took 0.086 seconds
[2022-10-22T00:07:23.706+0000] {processor.py:156} INFO - Started process (PID=20230) to work on /opt/airflow/dags/hadoop-2.7.3/share/hadoop/mapreduce/lib/guice-servlet-3.0.jar
[2022-10-22T00:07:23.709+0000] {processor.py:758} INFO - Processing file /opt/airflow/dags/hadoop-2.7.3/share/hadoop/mapreduce/lib/guice-servlet-3.0.jar for tasks to queue
[2022-10-22T00:07:23.711+0000] {logging_mixin.py:117} INFO - [2022-10-22T00:07:23.711+0000] {dagbag.py:525} INFO - Filling up the DagBag from /opt/airflow/dags/hadoop-2.7.3/share/hadoop/mapreduce/lib/guice-servlet-3.0.jar
[2022-10-22T00:07:23.721+0000] {processor.py:770} WARNING - No viable dags retrieved from /opt/airflow/dags/hadoop-2.7.3/share/hadoop/mapreduce/lib/guice-servlet-3.0.jar
[2022-10-22T00:07:23.758+0000] {processor.py:178} INFO - Processing /opt/airflow/dags/hadoop-2.7.3/share/hadoop/mapreduce/lib/guice-servlet-3.0.jar took 0.061 seconds
[2022-10-22T00:08:46.462+0000] {processor.py:156} INFO - Started process (PID=23126) to work on /opt/airflow/dags/hadoop-2.7.3/share/hadoop/mapreduce/lib/guice-servlet-3.0.jar
[2022-10-22T00:08:46.465+0000] {processor.py:758} INFO - Processing file /opt/airflow/dags/hadoop-2.7.3/share/hadoop/mapreduce/lib/guice-servlet-3.0.jar for tasks to queue
[2022-10-22T00:08:46.478+0000] {logging_mixin.py:117} INFO - [2022-10-22T00:08:46.477+0000] {dagbag.py:525} INFO - Filling up the DagBag from /opt/airflow/dags/hadoop-2.7.3/share/hadoop/mapreduce/lib/guice-servlet-3.0.jar
[2022-10-22T00:08:46.489+0000] {processor.py:770} WARNING - No viable dags retrieved from /opt/airflow/dags/hadoop-2.7.3/share/hadoop/mapreduce/lib/guice-servlet-3.0.jar
[2022-10-22T00:08:46.567+0000] {processor.py:178} INFO - Processing /opt/airflow/dags/hadoop-2.7.3/share/hadoop/mapreduce/lib/guice-servlet-3.0.jar took 0.123 seconds
[2022-10-22T00:09:00.638+0000] {processor.py:156} INFO - Started process (PID=20778) to work on /opt/airflow/dags/hadoop-2.7.3/share/hadoop/mapreduce/lib/guice-servlet-3.0.jar
[2022-10-22T00:09:00.644+0000] {processor.py:758} INFO - Processing file /opt/airflow/dags/hadoop-2.7.3/share/hadoop/mapreduce/lib/guice-servlet-3.0.jar for tasks to queue
[2022-10-22T00:09:00.652+0000] {logging_mixin.py:117} INFO - [2022-10-22T00:09:00.652+0000] {dagbag.py:525} INFO - Filling up the DagBag from /opt/airflow/dags/hadoop-2.7.3/share/hadoop/mapreduce/lib/guice-servlet-3.0.jar
[2022-10-22T00:09:00.670+0000] {processor.py:770} WARNING - No viable dags retrieved from /opt/airflow/dags/hadoop-2.7.3/share/hadoop/mapreduce/lib/guice-servlet-3.0.jar
[2022-10-22T00:09:00.786+0000] {processor.py:178} INFO - Processing /opt/airflow/dags/hadoop-2.7.3/share/hadoop/mapreduce/lib/guice-servlet-3.0.jar took 0.178 seconds
[2022-10-22T00:09:43.776+0000] {processor.py:156} INFO - Started process (PID=23668) to work on /opt/airflow/dags/hadoop-2.7.3/share/hadoop/mapreduce/lib/guice-servlet-3.0.jar
[2022-10-22T00:09:43.783+0000] {processor.py:758} INFO - Processing file /opt/airflow/dags/hadoop-2.7.3/share/hadoop/mapreduce/lib/guice-servlet-3.0.jar for tasks to queue
[2022-10-22T00:09:43.793+0000] {logging_mixin.py:117} INFO - [2022-10-22T00:09:43.792+0000] {dagbag.py:525} INFO - Filling up the DagBag from /opt/airflow/dags/hadoop-2.7.3/share/hadoop/mapreduce/lib/guice-servlet-3.0.jar
[2022-10-22T00:09:43.803+0000] {processor.py:770} WARNING - No viable dags retrieved from /opt/airflow/dags/hadoop-2.7.3/share/hadoop/mapreduce/lib/guice-servlet-3.0.jar
[2022-10-22T00:09:43.863+0000] {processor.py:178} INFO - Processing /opt/airflow/dags/hadoop-2.7.3/share/hadoop/mapreduce/lib/guice-servlet-3.0.jar took 0.094 seconds
[2022-10-22T00:11:09.381+0000] {processor.py:156} INFO - Started process (PID=21303) to work on /opt/airflow/dags/hadoop-2.7.3/share/hadoop/mapreduce/lib/guice-servlet-3.0.jar
[2022-10-22T00:11:09.386+0000] {processor.py:758} INFO - Processing file /opt/airflow/dags/hadoop-2.7.3/share/hadoop/mapreduce/lib/guice-servlet-3.0.jar for tasks to queue
[2022-10-22T00:11:09.387+0000] {logging_mixin.py:117} INFO - [2022-10-22T00:11:09.387+0000] {dagbag.py:525} INFO - Filling up the DagBag from /opt/airflow/dags/hadoop-2.7.3/share/hadoop/mapreduce/lib/guice-servlet-3.0.jar
[2022-10-22T00:11:09.392+0000] {processor.py:770} WARNING - No viable dags retrieved from /opt/airflow/dags/hadoop-2.7.3/share/hadoop/mapreduce/lib/guice-servlet-3.0.jar
[2022-10-22T00:11:09.439+0000] {processor.py:178} INFO - Processing /opt/airflow/dags/hadoop-2.7.3/share/hadoop/mapreduce/lib/guice-servlet-3.0.jar took 0.071 seconds
[2022-10-22T00:11:31.498+0000] {processor.py:156} INFO - Started process (PID=24109) to work on /opt/airflow/dags/hadoop-2.7.3/share/hadoop/mapreduce/lib/guice-servlet-3.0.jar
[2022-10-22T00:11:31.503+0000] {processor.py:758} INFO - Processing file /opt/airflow/dags/hadoop-2.7.3/share/hadoop/mapreduce/lib/guice-servlet-3.0.jar for tasks to queue
[2022-10-22T00:11:31.506+0000] {logging_mixin.py:117} INFO - [2022-10-22T00:11:31.505+0000] {dagbag.py:525} INFO - Filling up the DagBag from /opt/airflow/dags/hadoop-2.7.3/share/hadoop/mapreduce/lib/guice-servlet-3.0.jar
[2022-10-22T00:11:31.511+0000] {processor.py:770} WARNING - No viable dags retrieved from /opt/airflow/dags/hadoop-2.7.3/share/hadoop/mapreduce/lib/guice-servlet-3.0.jar
[2022-10-22T00:11:31.531+0000] {processor.py:178} INFO - Processing /opt/airflow/dags/hadoop-2.7.3/share/hadoop/mapreduce/lib/guice-servlet-3.0.jar took 0.038 seconds
[2022-10-22T00:11:44.935+0000] {processor.py:156} INFO - Started process (PID=21811) to work on /opt/airflow/dags/hadoop-2.7.3/share/hadoop/mapreduce/lib/guice-servlet-3.0.jar
[2022-10-22T00:11:44.938+0000] {processor.py:758} INFO - Processing file /opt/airflow/dags/hadoop-2.7.3/share/hadoop/mapreduce/lib/guice-servlet-3.0.jar for tasks to queue
[2022-10-22T00:11:44.940+0000] {logging_mixin.py:117} INFO - [2022-10-22T00:11:44.939+0000] {dagbag.py:525} INFO - Filling up the DagBag from /opt/airflow/dags/hadoop-2.7.3/share/hadoop/mapreduce/lib/guice-servlet-3.0.jar
[2022-10-22T00:11:44.945+0000] {processor.py:770} WARNING - No viable dags retrieved from /opt/airflow/dags/hadoop-2.7.3/share/hadoop/mapreduce/lib/guice-servlet-3.0.jar
[2022-10-22T00:11:44.975+0000] {processor.py:178} INFO - Processing /opt/airflow/dags/hadoop-2.7.3/share/hadoop/mapreduce/lib/guice-servlet-3.0.jar took 0.048 seconds
[2022-10-22T00:12:11.645+0000] {processor.py:156} INFO - Started process (PID=24626) to work on /opt/airflow/dags/hadoop-2.7.3/share/hadoop/mapreduce/lib/guice-servlet-3.0.jar
[2022-10-22T00:12:11.649+0000] {processor.py:758} INFO - Processing file /opt/airflow/dags/hadoop-2.7.3/share/hadoop/mapreduce/lib/guice-servlet-3.0.jar for tasks to queue
[2022-10-22T00:12:11.653+0000] {logging_mixin.py:117} INFO - [2022-10-22T00:12:11.653+0000] {dagbag.py:525} INFO - Filling up the DagBag from /opt/airflow/dags/hadoop-2.7.3/share/hadoop/mapreduce/lib/guice-servlet-3.0.jar
[2022-10-22T00:12:11.663+0000] {processor.py:770} WARNING - No viable dags retrieved from /opt/airflow/dags/hadoop-2.7.3/share/hadoop/mapreduce/lib/guice-servlet-3.0.jar
[2022-10-22T00:12:11.732+0000] {processor.py:178} INFO - Processing /opt/airflow/dags/hadoop-2.7.3/share/hadoop/mapreduce/lib/guice-servlet-3.0.jar took 0.097 seconds
[2022-10-22T00:15:25.938+0000] {processor.py:156} INFO - Started process (PID=22689) to work on /opt/airflow/dags/hadoop-2.7.3/share/hadoop/mapreduce/lib/guice-servlet-3.0.jar
[2022-10-22T00:15:25.950+0000] {processor.py:758} INFO - Processing file /opt/airflow/dags/hadoop-2.7.3/share/hadoop/mapreduce/lib/guice-servlet-3.0.jar for tasks to queue
[2022-10-22T00:15:25.955+0000] {logging_mixin.py:117} INFO - [2022-10-22T00:15:25.952+0000] {dagbag.py:525} INFO - Filling up the DagBag from /opt/airflow/dags/hadoop-2.7.3/share/hadoop/mapreduce/lib/guice-servlet-3.0.jar
[2022-10-22T00:15:25.967+0000] {processor.py:770} WARNING - No viable dags retrieved from /opt/airflow/dags/hadoop-2.7.3/share/hadoop/mapreduce/lib/guice-servlet-3.0.jar
[2022-10-22T00:15:26.066+0000] {processor.py:178} INFO - Processing /opt/airflow/dags/hadoop-2.7.3/share/hadoop/mapreduce/lib/guice-servlet-3.0.jar took 0.144 seconds
[2022-10-22T00:15:39.681+0000] {processor.py:156} INFO - Started process (PID=25246) to work on /opt/airflow/dags/hadoop-2.7.3/share/hadoop/mapreduce/lib/guice-servlet-3.0.jar
[2022-10-22T00:15:39.690+0000] {processor.py:758} INFO - Processing file /opt/airflow/dags/hadoop-2.7.3/share/hadoop/mapreduce/lib/guice-servlet-3.0.jar for tasks to queue
[2022-10-22T00:15:39.694+0000] {logging_mixin.py:117} INFO - [2022-10-22T00:15:39.694+0000] {dagbag.py:525} INFO - Filling up the DagBag from /opt/airflow/dags/hadoop-2.7.3/share/hadoop/mapreduce/lib/guice-servlet-3.0.jar
[2022-10-22T00:15:39.704+0000] {processor.py:770} WARNING - No viable dags retrieved from /opt/airflow/dags/hadoop-2.7.3/share/hadoop/mapreduce/lib/guice-servlet-3.0.jar
[2022-10-22T00:15:39.753+0000] {processor.py:178} INFO - Processing /opt/airflow/dags/hadoop-2.7.3/share/hadoop/mapreduce/lib/guice-servlet-3.0.jar took 0.085 seconds
[2022-10-22T00:16:15.046+0000] {processor.py:156} INFO - Started process (PID=23205) to work on /opt/airflow/dags/hadoop-2.7.3/share/hadoop/mapreduce/lib/guice-servlet-3.0.jar
[2022-10-22T00:16:15.048+0000] {processor.py:758} INFO - Processing file /opt/airflow/dags/hadoop-2.7.3/share/hadoop/mapreduce/lib/guice-servlet-3.0.jar for tasks to queue
[2022-10-22T00:16:15.051+0000] {logging_mixin.py:117} INFO - [2022-10-22T00:16:15.050+0000] {dagbag.py:525} INFO - Filling up the DagBag from /opt/airflow/dags/hadoop-2.7.3/share/hadoop/mapreduce/lib/guice-servlet-3.0.jar
[2022-10-22T00:16:15.060+0000] {processor.py:770} WARNING - No viable dags retrieved from /opt/airflow/dags/hadoop-2.7.3/share/hadoop/mapreduce/lib/guice-servlet-3.0.jar
[2022-10-22T00:16:15.097+0000] {processor.py:178} INFO - Processing /opt/airflow/dags/hadoop-2.7.3/share/hadoop/mapreduce/lib/guice-servlet-3.0.jar took 0.060 seconds
[2022-10-22T00:16:24.832+0000] {processor.py:156} INFO - Started process (PID=25768) to work on /opt/airflow/dags/hadoop-2.7.3/share/hadoop/mapreduce/lib/guice-servlet-3.0.jar
[2022-10-22T00:16:24.853+0000] {processor.py:758} INFO - Processing file /opt/airflow/dags/hadoop-2.7.3/share/hadoop/mapreduce/lib/guice-servlet-3.0.jar for tasks to queue
[2022-10-22T00:16:24.856+0000] {logging_mixin.py:117} INFO - [2022-10-22T00:16:24.855+0000] {dagbag.py:525} INFO - Filling up the DagBag from /opt/airflow/dags/hadoop-2.7.3/share/hadoop/mapreduce/lib/guice-servlet-3.0.jar
[2022-10-22T00:16:24.865+0000] {processor.py:770} WARNING - No viable dags retrieved from /opt/airflow/dags/hadoop-2.7.3/share/hadoop/mapreduce/lib/guice-servlet-3.0.jar
[2022-10-22T00:16:24.906+0000] {processor.py:178} INFO - Processing /opt/airflow/dags/hadoop-2.7.3/share/hadoop/mapreduce/lib/guice-servlet-3.0.jar took 0.081 seconds
[2022-10-22T00:17:05.565+0000] {processor.py:156} INFO - Started process (PID=23740) to work on /opt/airflow/dags/hadoop-2.7.3/share/hadoop/mapreduce/lib/guice-servlet-3.0.jar
[2022-10-22T00:17:05.570+0000] {processor.py:758} INFO - Processing file /opt/airflow/dags/hadoop-2.7.3/share/hadoop/mapreduce/lib/guice-servlet-3.0.jar for tasks to queue
[2022-10-22T00:17:05.577+0000] {logging_mixin.py:117} INFO - [2022-10-22T00:17:05.577+0000] {dagbag.py:525} INFO - Filling up the DagBag from /opt/airflow/dags/hadoop-2.7.3/share/hadoop/mapreduce/lib/guice-servlet-3.0.jar
[2022-10-22T00:17:05.588+0000] {processor.py:770} WARNING - No viable dags retrieved from /opt/airflow/dags/hadoop-2.7.3/share/hadoop/mapreduce/lib/guice-servlet-3.0.jar
[2022-10-22T00:17:05.684+0000] {processor.py:178} INFO - Processing /opt/airflow/dags/hadoop-2.7.3/share/hadoop/mapreduce/lib/guice-servlet-3.0.jar took 0.134 seconds
[2022-10-22T00:17:15.421+0000] {processor.py:156} INFO - Started process (PID=26299) to work on /opt/airflow/dags/hadoop-2.7.3/share/hadoop/mapreduce/lib/guice-servlet-3.0.jar
[2022-10-22T00:17:15.424+0000] {processor.py:758} INFO - Processing file /opt/airflow/dags/hadoop-2.7.3/share/hadoop/mapreduce/lib/guice-servlet-3.0.jar for tasks to queue
[2022-10-22T00:17:15.428+0000] {logging_mixin.py:117} INFO - [2022-10-22T00:17:15.427+0000] {dagbag.py:525} INFO - Filling up the DagBag from /opt/airflow/dags/hadoop-2.7.3/share/hadoop/mapreduce/lib/guice-servlet-3.0.jar
[2022-10-22T00:17:15.436+0000] {processor.py:770} WARNING - No viable dags retrieved from /opt/airflow/dags/hadoop-2.7.3/share/hadoop/mapreduce/lib/guice-servlet-3.0.jar
[2022-10-22T00:17:15.481+0000] {processor.py:178} INFO - Processing /opt/airflow/dags/hadoop-2.7.3/share/hadoop/mapreduce/lib/guice-servlet-3.0.jar took 0.069 seconds
[2022-10-22T00:17:55.338+0000] {processor.py:156} INFO - Started process (PID=24255) to work on /opt/airflow/dags/hadoop-2.7.3/share/hadoop/mapreduce/lib/guice-servlet-3.0.jar
[2022-10-22T00:17:55.341+0000] {processor.py:758} INFO - Processing file /opt/airflow/dags/hadoop-2.7.3/share/hadoop/mapreduce/lib/guice-servlet-3.0.jar for tasks to queue
[2022-10-22T00:17:55.344+0000] {logging_mixin.py:117} INFO - [2022-10-22T00:17:55.344+0000] {dagbag.py:525} INFO - Filling up the DagBag from /opt/airflow/dags/hadoop-2.7.3/share/hadoop/mapreduce/lib/guice-servlet-3.0.jar
[2022-10-22T00:17:55.360+0000] {processor.py:770} WARNING - No viable dags retrieved from /opt/airflow/dags/hadoop-2.7.3/share/hadoop/mapreduce/lib/guice-servlet-3.0.jar
[2022-10-22T00:17:55.418+0000] {processor.py:178} INFO - Processing /opt/airflow/dags/hadoop-2.7.3/share/hadoop/mapreduce/lib/guice-servlet-3.0.jar took 0.089 seconds
[2022-10-22T00:18:10.676+0000] {processor.py:156} INFO - Started process (PID=26888) to work on /opt/airflow/dags/hadoop-2.7.3/share/hadoop/mapreduce/lib/guice-servlet-3.0.jar
[2022-10-22T00:18:10.681+0000] {processor.py:758} INFO - Processing file /opt/airflow/dags/hadoop-2.7.3/share/hadoop/mapreduce/lib/guice-servlet-3.0.jar for tasks to queue
[2022-10-22T00:18:10.686+0000] {logging_mixin.py:117} INFO - [2022-10-22T00:18:10.684+0000] {dagbag.py:525} INFO - Filling up the DagBag from /opt/airflow/dags/hadoop-2.7.3/share/hadoop/mapreduce/lib/guice-servlet-3.0.jar
[2022-10-22T00:18:10.701+0000] {processor.py:770} WARNING - No viable dags retrieved from /opt/airflow/dags/hadoop-2.7.3/share/hadoop/mapreduce/lib/guice-servlet-3.0.jar
[2022-10-22T00:18:10.767+0000] {processor.py:178} INFO - Processing /opt/airflow/dags/hadoop-2.7.3/share/hadoop/mapreduce/lib/guice-servlet-3.0.jar took 0.111 seconds
[2022-10-22T00:18:53.859+0000] {processor.py:156} INFO - Started process (PID=24862) to work on /opt/airflow/dags/hadoop-2.7.3/share/hadoop/mapreduce/lib/guice-servlet-3.0.jar
[2022-10-22T00:18:53.865+0000] {processor.py:758} INFO - Processing file /opt/airflow/dags/hadoop-2.7.3/share/hadoop/mapreduce/lib/guice-servlet-3.0.jar for tasks to queue
[2022-10-22T00:18:53.869+0000] {logging_mixin.py:117} INFO - [2022-10-22T00:18:53.868+0000] {dagbag.py:525} INFO - Filling up the DagBag from /opt/airflow/dags/hadoop-2.7.3/share/hadoop/mapreduce/lib/guice-servlet-3.0.jar
[2022-10-22T00:18:53.887+0000] {processor.py:770} WARNING - No viable dags retrieved from /opt/airflow/dags/hadoop-2.7.3/share/hadoop/mapreduce/lib/guice-servlet-3.0.jar
[2022-10-22T00:18:53.919+0000] {processor.py:178} INFO - Processing /opt/airflow/dags/hadoop-2.7.3/share/hadoop/mapreduce/lib/guice-servlet-3.0.jar took 0.077 seconds
[2022-10-22T00:19:04.567+0000] {processor.py:156} INFO - Started process (PID=27454) to work on /opt/airflow/dags/hadoop-2.7.3/share/hadoop/mapreduce/lib/guice-servlet-3.0.jar
[2022-10-22T00:19:04.569+0000] {processor.py:758} INFO - Processing file /opt/airflow/dags/hadoop-2.7.3/share/hadoop/mapreduce/lib/guice-servlet-3.0.jar for tasks to queue
[2022-10-22T00:19:04.573+0000] {logging_mixin.py:117} INFO - [2022-10-22T00:19:04.573+0000] {dagbag.py:525} INFO - Filling up the DagBag from /opt/airflow/dags/hadoop-2.7.3/share/hadoop/mapreduce/lib/guice-servlet-3.0.jar
[2022-10-22T00:19:04.580+0000] {processor.py:770} WARNING - No viable dags retrieved from /opt/airflow/dags/hadoop-2.7.3/share/hadoop/mapreduce/lib/guice-servlet-3.0.jar
[2022-10-22T00:19:04.635+0000] {processor.py:178} INFO - Processing /opt/airflow/dags/hadoop-2.7.3/share/hadoop/mapreduce/lib/guice-servlet-3.0.jar took 0.076 seconds
[2022-10-22T00:20:43.550+0000] {processor.py:156} INFO - Started process (PID=25590) to work on /opt/airflow/dags/hadoop-2.7.3/share/hadoop/mapreduce/lib/guice-servlet-3.0.jar
[2022-10-22T00:20:43.552+0000] {processor.py:758} INFO - Processing file /opt/airflow/dags/hadoop-2.7.3/share/hadoop/mapreduce/lib/guice-servlet-3.0.jar for tasks to queue
[2022-10-22T00:20:43.555+0000] {logging_mixin.py:117} INFO - [2022-10-22T00:20:43.554+0000] {dagbag.py:525} INFO - Filling up the DagBag from /opt/airflow/dags/hadoop-2.7.3/share/hadoop/mapreduce/lib/guice-servlet-3.0.jar
[2022-10-22T00:20:43.566+0000] {processor.py:770} WARNING - No viable dags retrieved from /opt/airflow/dags/hadoop-2.7.3/share/hadoop/mapreduce/lib/guice-servlet-3.0.jar
[2022-10-22T00:20:43.605+0000] {processor.py:178} INFO - Processing /opt/airflow/dags/hadoop-2.7.3/share/hadoop/mapreduce/lib/guice-servlet-3.0.jar took 0.063 seconds
[2022-10-22T00:20:46.450+0000] {processor.py:156} INFO - Started process (PID=28141) to work on /opt/airflow/dags/hadoop-2.7.3/share/hadoop/mapreduce/lib/guice-servlet-3.0.jar
[2022-10-22T00:20:46.452+0000] {processor.py:758} INFO - Processing file /opt/airflow/dags/hadoop-2.7.3/share/hadoop/mapreduce/lib/guice-servlet-3.0.jar for tasks to queue
[2022-10-22T00:20:46.455+0000] {logging_mixin.py:117} INFO - [2022-10-22T00:20:46.454+0000] {dagbag.py:525} INFO - Filling up the DagBag from /opt/airflow/dags/hadoop-2.7.3/share/hadoop/mapreduce/lib/guice-servlet-3.0.jar
[2022-10-22T00:20:46.464+0000] {processor.py:770} WARNING - No viable dags retrieved from /opt/airflow/dags/hadoop-2.7.3/share/hadoop/mapreduce/lib/guice-servlet-3.0.jar
[2022-10-22T00:20:46.497+0000] {processor.py:178} INFO - Processing /opt/airflow/dags/hadoop-2.7.3/share/hadoop/mapreduce/lib/guice-servlet-3.0.jar took 0.054 seconds
[2022-10-22T00:21:36.280+0000] {processor.py:156} INFO - Started process (PID=26114) to work on /opt/airflow/dags/hadoop-2.7.3/share/hadoop/mapreduce/lib/guice-servlet-3.0.jar
[2022-10-22T00:21:36.295+0000] {processor.py:758} INFO - Processing file /opt/airflow/dags/hadoop-2.7.3/share/hadoop/mapreduce/lib/guice-servlet-3.0.jar for tasks to queue
[2022-10-22T00:21:36.297+0000] {logging_mixin.py:117} INFO - [2022-10-22T00:21:36.297+0000] {dagbag.py:525} INFO - Filling up the DagBag from /opt/airflow/dags/hadoop-2.7.3/share/hadoop/mapreduce/lib/guice-servlet-3.0.jar
[2022-10-22T00:21:36.316+0000] {processor.py:770} WARNING - No viable dags retrieved from /opt/airflow/dags/hadoop-2.7.3/share/hadoop/mapreduce/lib/guice-servlet-3.0.jar
[2022-10-22T00:21:36.386+0000] {processor.py:178} INFO - Processing /opt/airflow/dags/hadoop-2.7.3/share/hadoop/mapreduce/lib/guice-servlet-3.0.jar took 0.117 seconds
[2022-10-22T00:21:38.390+0000] {processor.py:156} INFO - Started process (PID=28665) to work on /opt/airflow/dags/hadoop-2.7.3/share/hadoop/mapreduce/lib/guice-servlet-3.0.jar
[2022-10-22T00:21:38.403+0000] {processor.py:758} INFO - Processing file /opt/airflow/dags/hadoop-2.7.3/share/hadoop/mapreduce/lib/guice-servlet-3.0.jar for tasks to queue
[2022-10-22T00:21:38.415+0000] {logging_mixin.py:117} INFO - [2022-10-22T00:21:38.414+0000] {dagbag.py:525} INFO - Filling up the DagBag from /opt/airflow/dags/hadoop-2.7.3/share/hadoop/mapreduce/lib/guice-servlet-3.0.jar
[2022-10-22T00:21:38.429+0000] {processor.py:770} WARNING - No viable dags retrieved from /opt/airflow/dags/hadoop-2.7.3/share/hadoop/mapreduce/lib/guice-servlet-3.0.jar
[2022-10-22T00:21:38.533+0000] {processor.py:178} INFO - Processing /opt/airflow/dags/hadoop-2.7.3/share/hadoop/mapreduce/lib/guice-servlet-3.0.jar took 0.173 seconds
[2022-10-22T00:22:32.731+0000] {processor.py:156} INFO - Started process (PID=29194) to work on /opt/airflow/dags/hadoop-2.7.3/share/hadoop/mapreduce/lib/guice-servlet-3.0.jar
[2022-10-22T00:22:32.734+0000] {processor.py:758} INFO - Processing file /opt/airflow/dags/hadoop-2.7.3/share/hadoop/mapreduce/lib/guice-servlet-3.0.jar for tasks to queue
[2022-10-22T00:22:32.737+0000] {logging_mixin.py:117} INFO - [2022-10-22T00:22:32.737+0000] {dagbag.py:525} INFO - Filling up the DagBag from /opt/airflow/dags/hadoop-2.7.3/share/hadoop/mapreduce/lib/guice-servlet-3.0.jar
[2022-10-22T00:22:32.748+0000] {processor.py:770} WARNING - No viable dags retrieved from /opt/airflow/dags/hadoop-2.7.3/share/hadoop/mapreduce/lib/guice-servlet-3.0.jar
[2022-10-22T00:22:32.796+0000] {processor.py:178} INFO - Processing /opt/airflow/dags/hadoop-2.7.3/share/hadoop/mapreduce/lib/guice-servlet-3.0.jar took 0.074 seconds
[2022-10-22T00:22:45.001+0000] {processor.py:156} INFO - Started process (PID=26742) to work on /opt/airflow/dags/hadoop-2.7.3/share/hadoop/mapreduce/lib/guice-servlet-3.0.jar
[2022-10-22T00:22:45.004+0000] {processor.py:758} INFO - Processing file /opt/airflow/dags/hadoop-2.7.3/share/hadoop/mapreduce/lib/guice-servlet-3.0.jar for tasks to queue
[2022-10-22T00:22:45.007+0000] {logging_mixin.py:117} INFO - [2022-10-22T00:22:45.007+0000] {dagbag.py:525} INFO - Filling up the DagBag from /opt/airflow/dags/hadoop-2.7.3/share/hadoop/mapreduce/lib/guice-servlet-3.0.jar
[2022-10-22T00:22:45.019+0000] {processor.py:770} WARNING - No viable dags retrieved from /opt/airflow/dags/hadoop-2.7.3/share/hadoop/mapreduce/lib/guice-servlet-3.0.jar
[2022-10-22T00:22:45.092+0000] {processor.py:178} INFO - Processing /opt/airflow/dags/hadoop-2.7.3/share/hadoop/mapreduce/lib/guice-servlet-3.0.jar took 0.104 seconds
[2022-10-22T00:23:20.442+0000] {processor.py:156} INFO - Started process (PID=29655) to work on /opt/airflow/dags/hadoop-2.7.3/share/hadoop/mapreduce/lib/guice-servlet-3.0.jar
[2022-10-22T00:23:20.452+0000] {processor.py:758} INFO - Processing file /opt/airflow/dags/hadoop-2.7.3/share/hadoop/mapreduce/lib/guice-servlet-3.0.jar for tasks to queue
[2022-10-22T00:23:20.462+0000] {logging_mixin.py:117} INFO - [2022-10-22T00:23:20.461+0000] {dagbag.py:525} INFO - Filling up the DagBag from /opt/airflow/dags/hadoop-2.7.3/share/hadoop/mapreduce/lib/guice-servlet-3.0.jar
[2022-10-22T00:23:20.473+0000] {processor.py:770} WARNING - No viable dags retrieved from /opt/airflow/dags/hadoop-2.7.3/share/hadoop/mapreduce/lib/guice-servlet-3.0.jar
[2022-10-22T00:23:20.534+0000] {processor.py:178} INFO - Processing /opt/airflow/dags/hadoop-2.7.3/share/hadoop/mapreduce/lib/guice-servlet-3.0.jar took 0.100 seconds
[2022-10-22T00:23:31.248+0000] {processor.py:156} INFO - Started process (PID=27225) to work on /opt/airflow/dags/hadoop-2.7.3/share/hadoop/mapreduce/lib/guice-servlet-3.0.jar
[2022-10-22T00:23:31.250+0000] {processor.py:758} INFO - Processing file /opt/airflow/dags/hadoop-2.7.3/share/hadoop/mapreduce/lib/guice-servlet-3.0.jar for tasks to queue
[2022-10-22T00:23:31.252+0000] {logging_mixin.py:117} INFO - [2022-10-22T00:23:31.252+0000] {dagbag.py:525} INFO - Filling up the DagBag from /opt/airflow/dags/hadoop-2.7.3/share/hadoop/mapreduce/lib/guice-servlet-3.0.jar
[2022-10-22T00:23:31.259+0000] {processor.py:770} WARNING - No viable dags retrieved from /opt/airflow/dags/hadoop-2.7.3/share/hadoop/mapreduce/lib/guice-servlet-3.0.jar
[2022-10-22T00:23:31.306+0000] {processor.py:178} INFO - Processing /opt/airflow/dags/hadoop-2.7.3/share/hadoop/mapreduce/lib/guice-servlet-3.0.jar took 0.066 seconds
[2022-10-22T00:24:05.404+0000] {processor.py:156} INFO - Started process (PID=30181) to work on /opt/airflow/dags/hadoop-2.7.3/share/hadoop/mapreduce/lib/guice-servlet-3.0.jar
[2022-10-22T00:24:05.409+0000] {processor.py:758} INFO - Processing file /opt/airflow/dags/hadoop-2.7.3/share/hadoop/mapreduce/lib/guice-servlet-3.0.jar for tasks to queue
[2022-10-22T00:24:05.410+0000] {logging_mixin.py:117} INFO - [2022-10-22T00:24:05.410+0000] {dagbag.py:525} INFO - Filling up the DagBag from /opt/airflow/dags/hadoop-2.7.3/share/hadoop/mapreduce/lib/guice-servlet-3.0.jar
[2022-10-22T00:24:05.418+0000] {processor.py:770} WARNING - No viable dags retrieved from /opt/airflow/dags/hadoop-2.7.3/share/hadoop/mapreduce/lib/guice-servlet-3.0.jar
[2022-10-22T00:24:05.452+0000] {processor.py:178} INFO - Processing /opt/airflow/dags/hadoop-2.7.3/share/hadoop/mapreduce/lib/guice-servlet-3.0.jar took 0.054 seconds
