[2022-10-22T00:00:14.045+0000] {processor.py:156} INFO - Started process (PID=16821) to work on /opt/airflow/dags/hadoop-2.7.3/share/hadoop/mapreduce/lib/hadoop-annotations-2.7.3.jar
[2022-10-22T00:00:14.056+0000] {processor.py:758} INFO - Processing file /opt/airflow/dags/hadoop-2.7.3/share/hadoop/mapreduce/lib/hadoop-annotations-2.7.3.jar for tasks to queue
[2022-10-22T00:00:14.066+0000] {logging_mixin.py:117} INFO - [2022-10-22T00:00:14.064+0000] {dagbag.py:525} INFO - Filling up the DagBag from /opt/airflow/dags/hadoop-2.7.3/share/hadoop/mapreduce/lib/hadoop-annotations-2.7.3.jar
[2022-10-22T00:00:14.086+0000] {processor.py:770} WARNING - No viable dags retrieved from /opt/airflow/dags/hadoop-2.7.3/share/hadoop/mapreduce/lib/hadoop-annotations-2.7.3.jar
[2022-10-22T00:00:14.210+0000] {processor.py:178} INFO - Processing /opt/airflow/dags/hadoop-2.7.3/share/hadoop/mapreduce/lib/hadoop-annotations-2.7.3.jar took 0.215 seconds
[2022-10-22T00:01:48.734+0000] {processor.py:156} INFO - Started process (PID=17453) to work on /opt/airflow/dags/hadoop-2.7.3/share/hadoop/mapreduce/lib/hadoop-annotations-2.7.3.jar
[2022-10-22T00:01:48.736+0000] {processor.py:758} INFO - Processing file /opt/airflow/dags/hadoop-2.7.3/share/hadoop/mapreduce/lib/hadoop-annotations-2.7.3.jar for tasks to queue
[2022-10-22T00:01:48.738+0000] {logging_mixin.py:117} INFO - [2022-10-22T00:01:48.738+0000] {dagbag.py:525} INFO - Filling up the DagBag from /opt/airflow/dags/hadoop-2.7.3/share/hadoop/mapreduce/lib/hadoop-annotations-2.7.3.jar
[2022-10-22T00:01:48.746+0000] {processor.py:770} WARNING - No viable dags retrieved from /opt/airflow/dags/hadoop-2.7.3/share/hadoop/mapreduce/lib/hadoop-annotations-2.7.3.jar
[2022-10-22T00:01:48.791+0000] {processor.py:178} INFO - Processing /opt/airflow/dags/hadoop-2.7.3/share/hadoop/mapreduce/lib/hadoop-annotations-2.7.3.jar took 0.065 seconds
[2022-10-22T00:01:50.540+0000] {processor.py:156} INFO - Started process (PID=19749) to work on /opt/airflow/dags/hadoop-2.7.3/share/hadoop/mapreduce/lib/hadoop-annotations-2.7.3.jar
[2022-10-22T00:01:50.551+0000] {processor.py:758} INFO - Processing file /opt/airflow/dags/hadoop-2.7.3/share/hadoop/mapreduce/lib/hadoop-annotations-2.7.3.jar for tasks to queue
[2022-10-22T00:01:50.554+0000] {logging_mixin.py:117} INFO - [2022-10-22T00:01:50.553+0000] {dagbag.py:525} INFO - Filling up the DagBag from /opt/airflow/dags/hadoop-2.7.3/share/hadoop/mapreduce/lib/hadoop-annotations-2.7.3.jar
[2022-10-22T00:01:50.575+0000] {processor.py:770} WARNING - No viable dags retrieved from /opt/airflow/dags/hadoop-2.7.3/share/hadoop/mapreduce/lib/hadoop-annotations-2.7.3.jar
[2022-10-22T00:01:50.674+0000] {processor.py:178} INFO - Processing /opt/airflow/dags/hadoop-2.7.3/share/hadoop/mapreduce/lib/hadoop-annotations-2.7.3.jar took 0.187 seconds
[2022-10-22T00:02:50.671+0000] {processor.py:156} INFO - Started process (PID=20323) to work on /opt/airflow/dags/hadoop-2.7.3/share/hadoop/mapreduce/lib/hadoop-annotations-2.7.3.jar
[2022-10-22T00:02:50.676+0000] {processor.py:758} INFO - Processing file /opt/airflow/dags/hadoop-2.7.3/share/hadoop/mapreduce/lib/hadoop-annotations-2.7.3.jar for tasks to queue
[2022-10-22T00:02:50.678+0000] {logging_mixin.py:117} INFO - [2022-10-22T00:02:50.678+0000] {dagbag.py:525} INFO - Filling up the DagBag from /opt/airflow/dags/hadoop-2.7.3/share/hadoop/mapreduce/lib/hadoop-annotations-2.7.3.jar
[2022-10-22T00:02:50.689+0000] {processor.py:770} WARNING - No viable dags retrieved from /opt/airflow/dags/hadoop-2.7.3/share/hadoop/mapreduce/lib/hadoop-annotations-2.7.3.jar
[2022-10-22T00:02:50.739+0000] {processor.py:178} INFO - Processing /opt/airflow/dags/hadoop-2.7.3/share/hadoop/mapreduce/lib/hadoop-annotations-2.7.3.jar took 0.080 seconds
[2022-10-22T00:03:30.103+0000] {processor.py:156} INFO - Started process (PID=18030) to work on /opt/airflow/dags/hadoop-2.7.3/share/hadoop/mapreduce/lib/hadoop-annotations-2.7.3.jar
[2022-10-22T00:03:30.111+0000] {processor.py:758} INFO - Processing file /opt/airflow/dags/hadoop-2.7.3/share/hadoop/mapreduce/lib/hadoop-annotations-2.7.3.jar for tasks to queue
[2022-10-22T00:03:30.117+0000] {logging_mixin.py:117} INFO - [2022-10-22T00:03:30.117+0000] {dagbag.py:525} INFO - Filling up the DagBag from /opt/airflow/dags/hadoop-2.7.3/share/hadoop/mapreduce/lib/hadoop-annotations-2.7.3.jar
[2022-10-22T00:03:30.128+0000] {processor.py:770} WARNING - No viable dags retrieved from /opt/airflow/dags/hadoop-2.7.3/share/hadoop/mapreduce/lib/hadoop-annotations-2.7.3.jar
[2022-10-22T00:03:30.159+0000] {processor.py:178} INFO - Processing /opt/airflow/dags/hadoop-2.7.3/share/hadoop/mapreduce/lib/hadoop-annotations-2.7.3.jar took 0.066 seconds
[2022-10-22T00:04:11.880+0000] {processor.py:156} INFO - Started process (PID=20797) to work on /opt/airflow/dags/hadoop-2.7.3/share/hadoop/mapreduce/lib/hadoop-annotations-2.7.3.jar
[2022-10-22T00:04:11.894+0000] {processor.py:758} INFO - Processing file /opt/airflow/dags/hadoop-2.7.3/share/hadoop/mapreduce/lib/hadoop-annotations-2.7.3.jar for tasks to queue
[2022-10-22T00:04:11.903+0000] {logging_mixin.py:117} INFO - [2022-10-22T00:04:11.902+0000] {dagbag.py:525} INFO - Filling up the DagBag from /opt/airflow/dags/hadoop-2.7.3/share/hadoop/mapreduce/lib/hadoop-annotations-2.7.3.jar
[2022-10-22T00:04:11.923+0000] {processor.py:770} WARNING - No viable dags retrieved from /opt/airflow/dags/hadoop-2.7.3/share/hadoop/mapreduce/lib/hadoop-annotations-2.7.3.jar
[2022-10-22T00:04:11.987+0000] {processor.py:178} INFO - Processing /opt/airflow/dags/hadoop-2.7.3/share/hadoop/mapreduce/lib/hadoop-annotations-2.7.3.jar took 0.130 seconds
[2022-10-22T00:04:38.750+0000] {processor.py:156} INFO - Started process (PID=18631) to work on /opt/airflow/dags/hadoop-2.7.3/share/hadoop/mapreduce/lib/hadoop-annotations-2.7.3.jar
[2022-10-22T00:04:38.763+0000] {processor.py:758} INFO - Processing file /opt/airflow/dags/hadoop-2.7.3/share/hadoop/mapreduce/lib/hadoop-annotations-2.7.3.jar for tasks to queue
[2022-10-22T00:04:38.766+0000] {logging_mixin.py:117} INFO - [2022-10-22T00:04:38.766+0000] {dagbag.py:525} INFO - Filling up the DagBag from /opt/airflow/dags/hadoop-2.7.3/share/hadoop/mapreduce/lib/hadoop-annotations-2.7.3.jar
[2022-10-22T00:04:38.772+0000] {processor.py:770} WARNING - No viable dags retrieved from /opt/airflow/dags/hadoop-2.7.3/share/hadoop/mapreduce/lib/hadoop-annotations-2.7.3.jar
[2022-10-22T00:04:38.830+0000] {processor.py:178} INFO - Processing /opt/airflow/dags/hadoop-2.7.3/share/hadoop/mapreduce/lib/hadoop-annotations-2.7.3.jar took 0.087 seconds
[2022-10-22T00:05:08.264+0000] {processor.py:156} INFO - Started process (PID=21325) to work on /opt/airflow/dags/hadoop-2.7.3/share/hadoop/mapreduce/lib/hadoop-annotations-2.7.3.jar
[2022-10-22T00:05:08.268+0000] {processor.py:758} INFO - Processing file /opt/airflow/dags/hadoop-2.7.3/share/hadoop/mapreduce/lib/hadoop-annotations-2.7.3.jar for tasks to queue
[2022-10-22T00:05:08.271+0000] {logging_mixin.py:117} INFO - [2022-10-22T00:05:08.270+0000] {dagbag.py:525} INFO - Filling up the DagBag from /opt/airflow/dags/hadoop-2.7.3/share/hadoop/mapreduce/lib/hadoop-annotations-2.7.3.jar
[2022-10-22T00:05:08.277+0000] {processor.py:770} WARNING - No viable dags retrieved from /opt/airflow/dags/hadoop-2.7.3/share/hadoop/mapreduce/lib/hadoop-annotations-2.7.3.jar
[2022-10-22T00:05:08.326+0000] {processor.py:178} INFO - Processing /opt/airflow/dags/hadoop-2.7.3/share/hadoop/mapreduce/lib/hadoop-annotations-2.7.3.jar took 0.069 seconds
[2022-10-22T00:05:33.068+0000] {processor.py:156} INFO - Started process (PID=19153) to work on /opt/airflow/dags/hadoop-2.7.3/share/hadoop/mapreduce/lib/hadoop-annotations-2.7.3.jar
[2022-10-22T00:05:33.072+0000] {processor.py:758} INFO - Processing file /opt/airflow/dags/hadoop-2.7.3/share/hadoop/mapreduce/lib/hadoop-annotations-2.7.3.jar for tasks to queue
[2022-10-22T00:05:33.075+0000] {logging_mixin.py:117} INFO - [2022-10-22T00:05:33.074+0000] {dagbag.py:525} INFO - Filling up the DagBag from /opt/airflow/dags/hadoop-2.7.3/share/hadoop/mapreduce/lib/hadoop-annotations-2.7.3.jar
[2022-10-22T00:05:33.083+0000] {processor.py:770} WARNING - No viable dags retrieved from /opt/airflow/dags/hadoop-2.7.3/share/hadoop/mapreduce/lib/hadoop-annotations-2.7.3.jar
[2022-10-22T00:05:33.118+0000] {processor.py:178} INFO - Processing /opt/airflow/dags/hadoop-2.7.3/share/hadoop/mapreduce/lib/hadoop-annotations-2.7.3.jar took 0.057 seconds
[2022-10-22T00:05:53.210+0000] {processor.py:156} INFO - Started process (PID=21791) to work on /opt/airflow/dags/hadoop-2.7.3/share/hadoop/mapreduce/lib/hadoop-annotations-2.7.3.jar
[2022-10-22T00:05:53.213+0000] {processor.py:758} INFO - Processing file /opt/airflow/dags/hadoop-2.7.3/share/hadoop/mapreduce/lib/hadoop-annotations-2.7.3.jar for tasks to queue
[2022-10-22T00:05:53.215+0000] {logging_mixin.py:117} INFO - [2022-10-22T00:05:53.215+0000] {dagbag.py:525} INFO - Filling up the DagBag from /opt/airflow/dags/hadoop-2.7.3/share/hadoop/mapreduce/lib/hadoop-annotations-2.7.3.jar
[2022-10-22T00:05:53.225+0000] {processor.py:770} WARNING - No viable dags retrieved from /opt/airflow/dags/hadoop-2.7.3/share/hadoop/mapreduce/lib/hadoop-annotations-2.7.3.jar
[2022-10-22T00:05:53.262+0000] {processor.py:178} INFO - Processing /opt/airflow/dags/hadoop-2.7.3/share/hadoop/mapreduce/lib/hadoop-annotations-2.7.3.jar took 0.066 seconds
[2022-10-22T00:06:35.299+0000] {processor.py:156} INFO - Started process (PID=19750) to work on /opt/airflow/dags/hadoop-2.7.3/share/hadoop/mapreduce/lib/hadoop-annotations-2.7.3.jar
[2022-10-22T00:06:35.301+0000] {processor.py:758} INFO - Processing file /opt/airflow/dags/hadoop-2.7.3/share/hadoop/mapreduce/lib/hadoop-annotations-2.7.3.jar for tasks to queue
[2022-10-22T00:06:35.304+0000] {logging_mixin.py:117} INFO - [2022-10-22T00:06:35.303+0000] {dagbag.py:525} INFO - Filling up the DagBag from /opt/airflow/dags/hadoop-2.7.3/share/hadoop/mapreduce/lib/hadoop-annotations-2.7.3.jar
[2022-10-22T00:06:35.312+0000] {processor.py:770} WARNING - No viable dags retrieved from /opt/airflow/dags/hadoop-2.7.3/share/hadoop/mapreduce/lib/hadoop-annotations-2.7.3.jar
[2022-10-22T00:06:35.352+0000] {processor.py:178} INFO - Processing /opt/airflow/dags/hadoop-2.7.3/share/hadoop/mapreduce/lib/hadoop-annotations-2.7.3.jar took 0.066 seconds
[2022-10-22T00:06:59.860+0000] {processor.py:156} INFO - Started process (PID=22437) to work on /opt/airflow/dags/hadoop-2.7.3/share/hadoop/mapreduce/lib/hadoop-annotations-2.7.3.jar
[2022-10-22T00:06:59.877+0000] {processor.py:758} INFO - Processing file /opt/airflow/dags/hadoop-2.7.3/share/hadoop/mapreduce/lib/hadoop-annotations-2.7.3.jar for tasks to queue
[2022-10-22T00:06:59.880+0000] {logging_mixin.py:117} INFO - [2022-10-22T00:06:59.879+0000] {dagbag.py:525} INFO - Filling up the DagBag from /opt/airflow/dags/hadoop-2.7.3/share/hadoop/mapreduce/lib/hadoop-annotations-2.7.3.jar
[2022-10-22T00:06:59.890+0000] {processor.py:770} WARNING - No viable dags retrieved from /opt/airflow/dags/hadoop-2.7.3/share/hadoop/mapreduce/lib/hadoop-annotations-2.7.3.jar
[2022-10-22T00:06:59.928+0000] {processor.py:178} INFO - Processing /opt/airflow/dags/hadoop-2.7.3/share/hadoop/mapreduce/lib/hadoop-annotations-2.7.3.jar took 0.079 seconds
[2022-10-22T00:07:23.729+0000] {processor.py:156} INFO - Started process (PID=20231) to work on /opt/airflow/dags/hadoop-2.7.3/share/hadoop/mapreduce/lib/hadoop-annotations-2.7.3.jar
[2022-10-22T00:07:23.732+0000] {processor.py:758} INFO - Processing file /opt/airflow/dags/hadoop-2.7.3/share/hadoop/mapreduce/lib/hadoop-annotations-2.7.3.jar for tasks to queue
[2022-10-22T00:07:23.735+0000] {logging_mixin.py:117} INFO - [2022-10-22T00:07:23.735+0000] {dagbag.py:525} INFO - Filling up the DagBag from /opt/airflow/dags/hadoop-2.7.3/share/hadoop/mapreduce/lib/hadoop-annotations-2.7.3.jar
[2022-10-22T00:07:23.743+0000] {processor.py:770} WARNING - No viable dags retrieved from /opt/airflow/dags/hadoop-2.7.3/share/hadoop/mapreduce/lib/hadoop-annotations-2.7.3.jar
[2022-10-22T00:07:23.781+0000] {processor.py:178} INFO - Processing /opt/airflow/dags/hadoop-2.7.3/share/hadoop/mapreduce/lib/hadoop-annotations-2.7.3.jar took 0.070 seconds
[2022-10-22T00:08:46.618+0000] {processor.py:156} INFO - Started process (PID=23127) to work on /opt/airflow/dags/hadoop-2.7.3/share/hadoop/mapreduce/lib/hadoop-annotations-2.7.3.jar
[2022-10-22T00:08:46.628+0000] {processor.py:758} INFO - Processing file /opt/airflow/dags/hadoop-2.7.3/share/hadoop/mapreduce/lib/hadoop-annotations-2.7.3.jar for tasks to queue
[2022-10-22T00:08:46.631+0000] {logging_mixin.py:117} INFO - [2022-10-22T00:08:46.630+0000] {dagbag.py:525} INFO - Filling up the DagBag from /opt/airflow/dags/hadoop-2.7.3/share/hadoop/mapreduce/lib/hadoop-annotations-2.7.3.jar
[2022-10-22T00:08:46.647+0000] {processor.py:770} WARNING - No viable dags retrieved from /opt/airflow/dags/hadoop-2.7.3/share/hadoop/mapreduce/lib/hadoop-annotations-2.7.3.jar
[2022-10-22T00:08:46.704+0000] {processor.py:178} INFO - Processing /opt/airflow/dags/hadoop-2.7.3/share/hadoop/mapreduce/lib/hadoop-annotations-2.7.3.jar took 0.094 seconds
[2022-10-22T00:09:00.894+0000] {processor.py:156} INFO - Started process (PID=20779) to work on /opt/airflow/dags/hadoop-2.7.3/share/hadoop/mapreduce/lib/hadoop-annotations-2.7.3.jar
[2022-10-22T00:09:00.897+0000] {processor.py:758} INFO - Processing file /opt/airflow/dags/hadoop-2.7.3/share/hadoop/mapreduce/lib/hadoop-annotations-2.7.3.jar for tasks to queue
[2022-10-22T00:09:00.902+0000] {logging_mixin.py:117} INFO - [2022-10-22T00:09:00.902+0000] {dagbag.py:525} INFO - Filling up the DagBag from /opt/airflow/dags/hadoop-2.7.3/share/hadoop/mapreduce/lib/hadoop-annotations-2.7.3.jar
[2022-10-22T00:09:00.912+0000] {processor.py:770} WARNING - No viable dags retrieved from /opt/airflow/dags/hadoop-2.7.3/share/hadoop/mapreduce/lib/hadoop-annotations-2.7.3.jar
[2022-10-22T00:09:00.986+0000] {processor.py:178} INFO - Processing /opt/airflow/dags/hadoop-2.7.3/share/hadoop/mapreduce/lib/hadoop-annotations-2.7.3.jar took 0.119 seconds
[2022-10-22T00:09:43.839+0000] {processor.py:156} INFO - Started process (PID=23669) to work on /opt/airflow/dags/hadoop-2.7.3/share/hadoop/mapreduce/lib/hadoop-annotations-2.7.3.jar
[2022-10-22T00:09:43.845+0000] {processor.py:758} INFO - Processing file /opt/airflow/dags/hadoop-2.7.3/share/hadoop/mapreduce/lib/hadoop-annotations-2.7.3.jar for tasks to queue
[2022-10-22T00:09:43.847+0000] {logging_mixin.py:117} INFO - [2022-10-22T00:09:43.847+0000] {dagbag.py:525} INFO - Filling up the DagBag from /opt/airflow/dags/hadoop-2.7.3/share/hadoop/mapreduce/lib/hadoop-annotations-2.7.3.jar
[2022-10-22T00:09:43.853+0000] {processor.py:770} WARNING - No viable dags retrieved from /opt/airflow/dags/hadoop-2.7.3/share/hadoop/mapreduce/lib/hadoop-annotations-2.7.3.jar
[2022-10-22T00:09:43.918+0000] {processor.py:178} INFO - Processing /opt/airflow/dags/hadoop-2.7.3/share/hadoop/mapreduce/lib/hadoop-annotations-2.7.3.jar took 0.095 seconds
[2022-10-22T00:11:09.531+0000] {processor.py:156} INFO - Started process (PID=21304) to work on /opt/airflow/dags/hadoop-2.7.3/share/hadoop/mapreduce/lib/hadoop-annotations-2.7.3.jar
[2022-10-22T00:11:09.533+0000] {processor.py:758} INFO - Processing file /opt/airflow/dags/hadoop-2.7.3/share/hadoop/mapreduce/lib/hadoop-annotations-2.7.3.jar for tasks to queue
[2022-10-22T00:11:09.535+0000] {logging_mixin.py:117} INFO - [2022-10-22T00:11:09.535+0000] {dagbag.py:525} INFO - Filling up the DagBag from /opt/airflow/dags/hadoop-2.7.3/share/hadoop/mapreduce/lib/hadoop-annotations-2.7.3.jar
[2022-10-22T00:11:09.549+0000] {processor.py:770} WARNING - No viable dags retrieved from /opt/airflow/dags/hadoop-2.7.3/share/hadoop/mapreduce/lib/hadoop-annotations-2.7.3.jar
[2022-10-22T00:11:09.599+0000] {processor.py:178} INFO - Processing /opt/airflow/dags/hadoop-2.7.3/share/hadoop/mapreduce/lib/hadoop-annotations-2.7.3.jar took 0.081 seconds
[2022-10-22T00:11:31.544+0000] {processor.py:156} INFO - Started process (PID=24110) to work on /opt/airflow/dags/hadoop-2.7.3/share/hadoop/mapreduce/lib/hadoop-annotations-2.7.3.jar
[2022-10-22T00:11:31.547+0000] {processor.py:758} INFO - Processing file /opt/airflow/dags/hadoop-2.7.3/share/hadoop/mapreduce/lib/hadoop-annotations-2.7.3.jar for tasks to queue
[2022-10-22T00:11:31.550+0000] {logging_mixin.py:117} INFO - [2022-10-22T00:11:31.549+0000] {dagbag.py:525} INFO - Filling up the DagBag from /opt/airflow/dags/hadoop-2.7.3/share/hadoop/mapreduce/lib/hadoop-annotations-2.7.3.jar
[2022-10-22T00:11:31.554+0000] {processor.py:770} WARNING - No viable dags retrieved from /opt/airflow/dags/hadoop-2.7.3/share/hadoop/mapreduce/lib/hadoop-annotations-2.7.3.jar
[2022-10-22T00:11:31.577+0000] {processor.py:178} INFO - Processing /opt/airflow/dags/hadoop-2.7.3/share/hadoop/mapreduce/lib/hadoop-annotations-2.7.3.jar took 0.039 seconds
[2022-10-22T00:11:45.013+0000] {processor.py:156} INFO - Started process (PID=21812) to work on /opt/airflow/dags/hadoop-2.7.3/share/hadoop/mapreduce/lib/hadoop-annotations-2.7.3.jar
[2022-10-22T00:11:45.015+0000] {processor.py:758} INFO - Processing file /opt/airflow/dags/hadoop-2.7.3/share/hadoop/mapreduce/lib/hadoop-annotations-2.7.3.jar for tasks to queue
[2022-10-22T00:11:45.017+0000] {logging_mixin.py:117} INFO - [2022-10-22T00:11:45.017+0000] {dagbag.py:525} INFO - Filling up the DagBag from /opt/airflow/dags/hadoop-2.7.3/share/hadoop/mapreduce/lib/hadoop-annotations-2.7.3.jar
[2022-10-22T00:11:45.020+0000] {processor.py:770} WARNING - No viable dags retrieved from /opt/airflow/dags/hadoop-2.7.3/share/hadoop/mapreduce/lib/hadoop-annotations-2.7.3.jar
[2022-10-22T00:11:45.050+0000] {processor.py:178} INFO - Processing /opt/airflow/dags/hadoop-2.7.3/share/hadoop/mapreduce/lib/hadoop-annotations-2.7.3.jar took 0.041 seconds
[2022-10-22T00:12:11.866+0000] {processor.py:156} INFO - Started process (PID=24627) to work on /opt/airflow/dags/hadoop-2.7.3/share/hadoop/mapreduce/lib/hadoop-annotations-2.7.3.jar
[2022-10-22T00:12:11.872+0000] {processor.py:758} INFO - Processing file /opt/airflow/dags/hadoop-2.7.3/share/hadoop/mapreduce/lib/hadoop-annotations-2.7.3.jar for tasks to queue
[2022-10-22T00:12:11.877+0000] {logging_mixin.py:117} INFO - [2022-10-22T00:12:11.876+0000] {dagbag.py:525} INFO - Filling up the DagBag from /opt/airflow/dags/hadoop-2.7.3/share/hadoop/mapreduce/lib/hadoop-annotations-2.7.3.jar
[2022-10-22T00:12:11.889+0000] {processor.py:770} WARNING - No viable dags retrieved from /opt/airflow/dags/hadoop-2.7.3/share/hadoop/mapreduce/lib/hadoop-annotations-2.7.3.jar
[2022-10-22T00:12:11.959+0000] {processor.py:178} INFO - Processing /opt/airflow/dags/hadoop-2.7.3/share/hadoop/mapreduce/lib/hadoop-annotations-2.7.3.jar took 0.114 seconds
[2022-10-22T00:15:26.180+0000] {processor.py:156} INFO - Started process (PID=22690) to work on /opt/airflow/dags/hadoop-2.7.3/share/hadoop/mapreduce/lib/hadoop-annotations-2.7.3.jar
[2022-10-22T00:15:26.184+0000] {processor.py:758} INFO - Processing file /opt/airflow/dags/hadoop-2.7.3/share/hadoop/mapreduce/lib/hadoop-annotations-2.7.3.jar for tasks to queue
[2022-10-22T00:15:26.187+0000] {logging_mixin.py:117} INFO - [2022-10-22T00:15:26.187+0000] {dagbag.py:525} INFO - Filling up the DagBag from /opt/airflow/dags/hadoop-2.7.3/share/hadoop/mapreduce/lib/hadoop-annotations-2.7.3.jar
[2022-10-22T00:15:26.193+0000] {processor.py:770} WARNING - No viable dags retrieved from /opt/airflow/dags/hadoop-2.7.3/share/hadoop/mapreduce/lib/hadoop-annotations-2.7.3.jar
[2022-10-22T00:15:26.231+0000] {processor.py:178} INFO - Processing /opt/airflow/dags/hadoop-2.7.3/share/hadoop/mapreduce/lib/hadoop-annotations-2.7.3.jar took 0.061 seconds
[2022-10-22T00:15:39.845+0000] {processor.py:156} INFO - Started process (PID=25247) to work on /opt/airflow/dags/hadoop-2.7.3/share/hadoop/mapreduce/lib/hadoop-annotations-2.7.3.jar
[2022-10-22T00:15:39.848+0000] {processor.py:758} INFO - Processing file /opt/airflow/dags/hadoop-2.7.3/share/hadoop/mapreduce/lib/hadoop-annotations-2.7.3.jar for tasks to queue
[2022-10-22T00:15:39.853+0000] {logging_mixin.py:117} INFO - [2022-10-22T00:15:39.852+0000] {dagbag.py:525} INFO - Filling up the DagBag from /opt/airflow/dags/hadoop-2.7.3/share/hadoop/mapreduce/lib/hadoop-annotations-2.7.3.jar
[2022-10-22T00:15:39.861+0000] {processor.py:770} WARNING - No viable dags retrieved from /opt/airflow/dags/hadoop-2.7.3/share/hadoop/mapreduce/lib/hadoop-annotations-2.7.3.jar
[2022-10-22T00:15:39.897+0000] {processor.py:178} INFO - Processing /opt/airflow/dags/hadoop-2.7.3/share/hadoop/mapreduce/lib/hadoop-annotations-2.7.3.jar took 0.059 seconds
[2022-10-22T00:16:15.165+0000] {processor.py:156} INFO - Started process (PID=23206) to work on /opt/airflow/dags/hadoop-2.7.3/share/hadoop/mapreduce/lib/hadoop-annotations-2.7.3.jar
[2022-10-22T00:16:15.168+0000] {processor.py:758} INFO - Processing file /opt/airflow/dags/hadoop-2.7.3/share/hadoop/mapreduce/lib/hadoop-annotations-2.7.3.jar for tasks to queue
[2022-10-22T00:16:15.173+0000] {logging_mixin.py:117} INFO - [2022-10-22T00:16:15.172+0000] {dagbag.py:525} INFO - Filling up the DagBag from /opt/airflow/dags/hadoop-2.7.3/share/hadoop/mapreduce/lib/hadoop-annotations-2.7.3.jar
[2022-10-22T00:16:15.179+0000] {processor.py:770} WARNING - No viable dags retrieved from /opt/airflow/dags/hadoop-2.7.3/share/hadoop/mapreduce/lib/hadoop-annotations-2.7.3.jar
[2022-10-22T00:16:15.220+0000] {processor.py:178} INFO - Processing /opt/airflow/dags/hadoop-2.7.3/share/hadoop/mapreduce/lib/hadoop-annotations-2.7.3.jar took 0.064 seconds
[2022-10-22T00:16:24.910+0000] {processor.py:156} INFO - Started process (PID=25769) to work on /opt/airflow/dags/hadoop-2.7.3/share/hadoop/mapreduce/lib/hadoop-annotations-2.7.3.jar
[2022-10-22T00:16:24.927+0000] {processor.py:758} INFO - Processing file /opt/airflow/dags/hadoop-2.7.3/share/hadoop/mapreduce/lib/hadoop-annotations-2.7.3.jar for tasks to queue
[2022-10-22T00:16:24.934+0000] {logging_mixin.py:117} INFO - [2022-10-22T00:16:24.934+0000] {dagbag.py:525} INFO - Filling up the DagBag from /opt/airflow/dags/hadoop-2.7.3/share/hadoop/mapreduce/lib/hadoop-annotations-2.7.3.jar
[2022-10-22T00:16:24.953+0000] {processor.py:770} WARNING - No viable dags retrieved from /opt/airflow/dags/hadoop-2.7.3/share/hadoop/mapreduce/lib/hadoop-annotations-2.7.3.jar
[2022-10-22T00:16:25.011+0000] {processor.py:178} INFO - Processing /opt/airflow/dags/hadoop-2.7.3/share/hadoop/mapreduce/lib/hadoop-annotations-2.7.3.jar took 0.127 seconds
[2022-10-22T00:17:05.626+0000] {processor.py:156} INFO - Started process (PID=23741) to work on /opt/airflow/dags/hadoop-2.7.3/share/hadoop/mapreduce/lib/hadoop-annotations-2.7.3.jar
[2022-10-22T00:17:05.636+0000] {processor.py:758} INFO - Processing file /opt/airflow/dags/hadoop-2.7.3/share/hadoop/mapreduce/lib/hadoop-annotations-2.7.3.jar for tasks to queue
[2022-10-22T00:17:05.641+0000] {logging_mixin.py:117} INFO - [2022-10-22T00:17:05.641+0000] {dagbag.py:525} INFO - Filling up the DagBag from /opt/airflow/dags/hadoop-2.7.3/share/hadoop/mapreduce/lib/hadoop-annotations-2.7.3.jar
[2022-10-22T00:17:05.648+0000] {processor.py:770} WARNING - No viable dags retrieved from /opt/airflow/dags/hadoop-2.7.3/share/hadoop/mapreduce/lib/hadoop-annotations-2.7.3.jar
[2022-10-22T00:17:05.691+0000] {processor.py:178} INFO - Processing /opt/airflow/dags/hadoop-2.7.3/share/hadoop/mapreduce/lib/hadoop-annotations-2.7.3.jar took 0.081 seconds
[2022-10-22T00:17:15.557+0000] {processor.py:156} INFO - Started process (PID=26300) to work on /opt/airflow/dags/hadoop-2.7.3/share/hadoop/mapreduce/lib/hadoop-annotations-2.7.3.jar
[2022-10-22T00:17:15.560+0000] {processor.py:758} INFO - Processing file /opt/airflow/dags/hadoop-2.7.3/share/hadoop/mapreduce/lib/hadoop-annotations-2.7.3.jar for tasks to queue
[2022-10-22T00:17:15.563+0000] {logging_mixin.py:117} INFO - [2022-10-22T00:17:15.562+0000] {dagbag.py:525} INFO - Filling up the DagBag from /opt/airflow/dags/hadoop-2.7.3/share/hadoop/mapreduce/lib/hadoop-annotations-2.7.3.jar
[2022-10-22T00:17:15.569+0000] {processor.py:770} WARNING - No viable dags retrieved from /opt/airflow/dags/hadoop-2.7.3/share/hadoop/mapreduce/lib/hadoop-annotations-2.7.3.jar
[2022-10-22T00:17:15.624+0000] {processor.py:178} INFO - Processing /opt/airflow/dags/hadoop-2.7.3/share/hadoop/mapreduce/lib/hadoop-annotations-2.7.3.jar took 0.076 seconds
[2022-10-22T00:17:55.470+0000] {processor.py:156} INFO - Started process (PID=24256) to work on /opt/airflow/dags/hadoop-2.7.3/share/hadoop/mapreduce/lib/hadoop-annotations-2.7.3.jar
[2022-10-22T00:17:55.475+0000] {processor.py:758} INFO - Processing file /opt/airflow/dags/hadoop-2.7.3/share/hadoop/mapreduce/lib/hadoop-annotations-2.7.3.jar for tasks to queue
[2022-10-22T00:17:55.477+0000] {logging_mixin.py:117} INFO - [2022-10-22T00:17:55.476+0000] {dagbag.py:525} INFO - Filling up the DagBag from /opt/airflow/dags/hadoop-2.7.3/share/hadoop/mapreduce/lib/hadoop-annotations-2.7.3.jar
[2022-10-22T00:17:55.483+0000] {processor.py:770} WARNING - No viable dags retrieved from /opt/airflow/dags/hadoop-2.7.3/share/hadoop/mapreduce/lib/hadoop-annotations-2.7.3.jar
[2022-10-22T00:17:55.531+0000] {processor.py:178} INFO - Processing /opt/airflow/dags/hadoop-2.7.3/share/hadoop/mapreduce/lib/hadoop-annotations-2.7.3.jar took 0.071 seconds
[2022-10-22T00:18:10.722+0000] {processor.py:156} INFO - Started process (PID=26889) to work on /opt/airflow/dags/hadoop-2.7.3/share/hadoop/mapreduce/lib/hadoop-annotations-2.7.3.jar
[2022-10-22T00:18:10.729+0000] {processor.py:758} INFO - Processing file /opt/airflow/dags/hadoop-2.7.3/share/hadoop/mapreduce/lib/hadoop-annotations-2.7.3.jar for tasks to queue
[2022-10-22T00:18:10.734+0000] {logging_mixin.py:117} INFO - [2022-10-22T00:18:10.733+0000] {dagbag.py:525} INFO - Filling up the DagBag from /opt/airflow/dags/hadoop-2.7.3/share/hadoop/mapreduce/lib/hadoop-annotations-2.7.3.jar
[2022-10-22T00:18:10.743+0000] {processor.py:770} WARNING - No viable dags retrieved from /opt/airflow/dags/hadoop-2.7.3/share/hadoop/mapreduce/lib/hadoop-annotations-2.7.3.jar
[2022-10-22T00:18:10.784+0000] {processor.py:178} INFO - Processing /opt/airflow/dags/hadoop-2.7.3/share/hadoop/mapreduce/lib/hadoop-annotations-2.7.3.jar took 0.076 seconds
[2022-10-22T00:18:53.966+0000] {processor.py:156} INFO - Started process (PID=24863) to work on /opt/airflow/dags/hadoop-2.7.3/share/hadoop/mapreduce/lib/hadoop-annotations-2.7.3.jar
[2022-10-22T00:18:53.968+0000] {processor.py:758} INFO - Processing file /opt/airflow/dags/hadoop-2.7.3/share/hadoop/mapreduce/lib/hadoop-annotations-2.7.3.jar for tasks to queue
[2022-10-22T00:18:53.974+0000] {logging_mixin.py:117} INFO - [2022-10-22T00:18:53.974+0000] {dagbag.py:525} INFO - Filling up the DagBag from /opt/airflow/dags/hadoop-2.7.3/share/hadoop/mapreduce/lib/hadoop-annotations-2.7.3.jar
[2022-10-22T00:18:53.980+0000] {processor.py:770} WARNING - No viable dags retrieved from /opt/airflow/dags/hadoop-2.7.3/share/hadoop/mapreduce/lib/hadoop-annotations-2.7.3.jar
[2022-10-22T00:18:54.014+0000] {processor.py:178} INFO - Processing /opt/airflow/dags/hadoop-2.7.3/share/hadoop/mapreduce/lib/hadoop-annotations-2.7.3.jar took 0.057 seconds
[2022-10-22T00:19:04.709+0000] {processor.py:156} INFO - Started process (PID=27455) to work on /opt/airflow/dags/hadoop-2.7.3/share/hadoop/mapreduce/lib/hadoop-annotations-2.7.3.jar
[2022-10-22T00:19:04.712+0000] {processor.py:758} INFO - Processing file /opt/airflow/dags/hadoop-2.7.3/share/hadoop/mapreduce/lib/hadoop-annotations-2.7.3.jar for tasks to queue
[2022-10-22T00:19:04.714+0000] {logging_mixin.py:117} INFO - [2022-10-22T00:19:04.714+0000] {dagbag.py:525} INFO - Filling up the DagBag from /opt/airflow/dags/hadoop-2.7.3/share/hadoop/mapreduce/lib/hadoop-annotations-2.7.3.jar
[2022-10-22T00:19:04.720+0000] {processor.py:770} WARNING - No viable dags retrieved from /opt/airflow/dags/hadoop-2.7.3/share/hadoop/mapreduce/lib/hadoop-annotations-2.7.3.jar
[2022-10-22T00:19:04.767+0000] {processor.py:178} INFO - Processing /opt/airflow/dags/hadoop-2.7.3/share/hadoop/mapreduce/lib/hadoop-annotations-2.7.3.jar took 0.069 seconds
[2022-10-22T00:20:43.602+0000] {processor.py:156} INFO - Started process (PID=25591) to work on /opt/airflow/dags/hadoop-2.7.3/share/hadoop/mapreduce/lib/hadoop-annotations-2.7.3.jar
[2022-10-22T00:20:43.605+0000] {processor.py:758} INFO - Processing file /opt/airflow/dags/hadoop-2.7.3/share/hadoop/mapreduce/lib/hadoop-annotations-2.7.3.jar for tasks to queue
[2022-10-22T00:20:43.607+0000] {logging_mixin.py:117} INFO - [2022-10-22T00:20:43.607+0000] {dagbag.py:525} INFO - Filling up the DagBag from /opt/airflow/dags/hadoop-2.7.3/share/hadoop/mapreduce/lib/hadoop-annotations-2.7.3.jar
[2022-10-22T00:20:43.619+0000] {processor.py:770} WARNING - No viable dags retrieved from /opt/airflow/dags/hadoop-2.7.3/share/hadoop/mapreduce/lib/hadoop-annotations-2.7.3.jar
[2022-10-22T00:20:43.663+0000] {processor.py:178} INFO - Processing /opt/airflow/dags/hadoop-2.7.3/share/hadoop/mapreduce/lib/hadoop-annotations-2.7.3.jar took 0.068 seconds
[2022-10-22T00:20:46.510+0000] {processor.py:156} INFO - Started process (PID=28142) to work on /opt/airflow/dags/hadoop-2.7.3/share/hadoop/mapreduce/lib/hadoop-annotations-2.7.3.jar
[2022-10-22T00:20:46.514+0000] {processor.py:758} INFO - Processing file /opt/airflow/dags/hadoop-2.7.3/share/hadoop/mapreduce/lib/hadoop-annotations-2.7.3.jar for tasks to queue
[2022-10-22T00:20:46.517+0000] {logging_mixin.py:117} INFO - [2022-10-22T00:20:46.517+0000] {dagbag.py:525} INFO - Filling up the DagBag from /opt/airflow/dags/hadoop-2.7.3/share/hadoop/mapreduce/lib/hadoop-annotations-2.7.3.jar
[2022-10-22T00:20:46.530+0000] {processor.py:770} WARNING - No viable dags retrieved from /opt/airflow/dags/hadoop-2.7.3/share/hadoop/mapreduce/lib/hadoop-annotations-2.7.3.jar
[2022-10-22T00:20:46.593+0000] {processor.py:178} INFO - Processing /opt/airflow/dags/hadoop-2.7.3/share/hadoop/mapreduce/lib/hadoop-annotations-2.7.3.jar took 0.099 seconds
[2022-10-22T00:21:36.358+0000] {processor.py:156} INFO - Started process (PID=26115) to work on /opt/airflow/dags/hadoop-2.7.3/share/hadoop/mapreduce/lib/hadoop-annotations-2.7.3.jar
[2022-10-22T00:21:36.364+0000] {processor.py:758} INFO - Processing file /opt/airflow/dags/hadoop-2.7.3/share/hadoop/mapreduce/lib/hadoop-annotations-2.7.3.jar for tasks to queue
[2022-10-22T00:21:36.369+0000] {logging_mixin.py:117} INFO - [2022-10-22T00:21:36.368+0000] {dagbag.py:525} INFO - Filling up the DagBag from /opt/airflow/dags/hadoop-2.7.3/share/hadoop/mapreduce/lib/hadoop-annotations-2.7.3.jar
[2022-10-22T00:21:36.382+0000] {processor.py:770} WARNING - No viable dags retrieved from /opt/airflow/dags/hadoop-2.7.3/share/hadoop/mapreduce/lib/hadoop-annotations-2.7.3.jar
[2022-10-22T00:21:36.472+0000] {processor.py:178} INFO - Processing /opt/airflow/dags/hadoop-2.7.3/share/hadoop/mapreduce/lib/hadoop-annotations-2.7.3.jar took 0.139 seconds
[2022-10-22T00:21:38.651+0000] {processor.py:156} INFO - Started process (PID=28666) to work on /opt/airflow/dags/hadoop-2.7.3/share/hadoop/mapreduce/lib/hadoop-annotations-2.7.3.jar
[2022-10-22T00:21:38.660+0000] {processor.py:758} INFO - Processing file /opt/airflow/dags/hadoop-2.7.3/share/hadoop/mapreduce/lib/hadoop-annotations-2.7.3.jar for tasks to queue
[2022-10-22T00:21:38.663+0000] {logging_mixin.py:117} INFO - [2022-10-22T00:21:38.663+0000] {dagbag.py:525} INFO - Filling up the DagBag from /opt/airflow/dags/hadoop-2.7.3/share/hadoop/mapreduce/lib/hadoop-annotations-2.7.3.jar
[2022-10-22T00:21:38.674+0000] {processor.py:770} WARNING - No viable dags retrieved from /opt/airflow/dags/hadoop-2.7.3/share/hadoop/mapreduce/lib/hadoop-annotations-2.7.3.jar
[2022-10-22T00:21:38.724+0000] {processor.py:178} INFO - Processing /opt/airflow/dags/hadoop-2.7.3/share/hadoop/mapreduce/lib/hadoop-annotations-2.7.3.jar took 0.080 seconds
[2022-10-22T00:22:32.807+0000] {processor.py:156} INFO - Started process (PID=29195) to work on /opt/airflow/dags/hadoop-2.7.3/share/hadoop/mapreduce/lib/hadoop-annotations-2.7.3.jar
[2022-10-22T00:22:32.811+0000] {processor.py:758} INFO - Processing file /opt/airflow/dags/hadoop-2.7.3/share/hadoop/mapreduce/lib/hadoop-annotations-2.7.3.jar for tasks to queue
[2022-10-22T00:22:32.813+0000] {logging_mixin.py:117} INFO - [2022-10-22T00:22:32.813+0000] {dagbag.py:525} INFO - Filling up the DagBag from /opt/airflow/dags/hadoop-2.7.3/share/hadoop/mapreduce/lib/hadoop-annotations-2.7.3.jar
[2022-10-22T00:22:32.822+0000] {processor.py:770} WARNING - No viable dags retrieved from /opt/airflow/dags/hadoop-2.7.3/share/hadoop/mapreduce/lib/hadoop-annotations-2.7.3.jar
[2022-10-22T00:22:32.883+0000] {processor.py:178} INFO - Processing /opt/airflow/dags/hadoop-2.7.3/share/hadoop/mapreduce/lib/hadoop-annotations-2.7.3.jar took 0.086 seconds
[2022-10-22T00:22:45.164+0000] {processor.py:156} INFO - Started process (PID=26743) to work on /opt/airflow/dags/hadoop-2.7.3/share/hadoop/mapreduce/lib/hadoop-annotations-2.7.3.jar
[2022-10-22T00:22:45.168+0000] {processor.py:758} INFO - Processing file /opt/airflow/dags/hadoop-2.7.3/share/hadoop/mapreduce/lib/hadoop-annotations-2.7.3.jar for tasks to queue
[2022-10-22T00:22:45.173+0000] {logging_mixin.py:117} INFO - [2022-10-22T00:22:45.172+0000] {dagbag.py:525} INFO - Filling up the DagBag from /opt/airflow/dags/hadoop-2.7.3/share/hadoop/mapreduce/lib/hadoop-annotations-2.7.3.jar
[2022-10-22T00:22:45.187+0000] {processor.py:770} WARNING - No viable dags retrieved from /opt/airflow/dags/hadoop-2.7.3/share/hadoop/mapreduce/lib/hadoop-annotations-2.7.3.jar
[2022-10-22T00:22:45.247+0000] {processor.py:178} INFO - Processing /opt/airflow/dags/hadoop-2.7.3/share/hadoop/mapreduce/lib/hadoop-annotations-2.7.3.jar took 0.096 seconds
[2022-10-22T00:23:20.470+0000] {processor.py:156} INFO - Started process (PID=29656) to work on /opt/airflow/dags/hadoop-2.7.3/share/hadoop/mapreduce/lib/hadoop-annotations-2.7.3.jar
[2022-10-22T00:23:20.475+0000] {processor.py:758} INFO - Processing file /opt/airflow/dags/hadoop-2.7.3/share/hadoop/mapreduce/lib/hadoop-annotations-2.7.3.jar for tasks to queue
[2022-10-22T00:23:20.477+0000] {logging_mixin.py:117} INFO - [2022-10-22T00:23:20.477+0000] {dagbag.py:525} INFO - Filling up the DagBag from /opt/airflow/dags/hadoop-2.7.3/share/hadoop/mapreduce/lib/hadoop-annotations-2.7.3.jar
[2022-10-22T00:23:20.486+0000] {processor.py:770} WARNING - No viable dags retrieved from /opt/airflow/dags/hadoop-2.7.3/share/hadoop/mapreduce/lib/hadoop-annotations-2.7.3.jar
[2022-10-22T00:23:20.553+0000] {processor.py:178} INFO - Processing /opt/airflow/dags/hadoop-2.7.3/share/hadoop/mapreduce/lib/hadoop-annotations-2.7.3.jar took 0.099 seconds
[2022-10-22T00:23:31.361+0000] {processor.py:156} INFO - Started process (PID=27226) to work on /opt/airflow/dags/hadoop-2.7.3/share/hadoop/mapreduce/lib/hadoop-annotations-2.7.3.jar
[2022-10-22T00:23:31.363+0000] {processor.py:758} INFO - Processing file /opt/airflow/dags/hadoop-2.7.3/share/hadoop/mapreduce/lib/hadoop-annotations-2.7.3.jar for tasks to queue
[2022-10-22T00:23:31.365+0000] {logging_mixin.py:117} INFO - [2022-10-22T00:23:31.365+0000] {dagbag.py:525} INFO - Filling up the DagBag from /opt/airflow/dags/hadoop-2.7.3/share/hadoop/mapreduce/lib/hadoop-annotations-2.7.3.jar
[2022-10-22T00:23:31.369+0000] {processor.py:770} WARNING - No viable dags retrieved from /opt/airflow/dags/hadoop-2.7.3/share/hadoop/mapreduce/lib/hadoop-annotations-2.7.3.jar
[2022-10-22T00:23:31.404+0000] {processor.py:178} INFO - Processing /opt/airflow/dags/hadoop-2.7.3/share/hadoop/mapreduce/lib/hadoop-annotations-2.7.3.jar took 0.049 seconds
[2022-10-22T00:24:05.452+0000] {processor.py:156} INFO - Started process (PID=30182) to work on /opt/airflow/dags/hadoop-2.7.3/share/hadoop/mapreduce/lib/hadoop-annotations-2.7.3.jar
[2022-10-22T00:24:05.460+0000] {processor.py:758} INFO - Processing file /opt/airflow/dags/hadoop-2.7.3/share/hadoop/mapreduce/lib/hadoop-annotations-2.7.3.jar for tasks to queue
[2022-10-22T00:24:05.462+0000] {logging_mixin.py:117} INFO - [2022-10-22T00:24:05.462+0000] {dagbag.py:525} INFO - Filling up the DagBag from /opt/airflow/dags/hadoop-2.7.3/share/hadoop/mapreduce/lib/hadoop-annotations-2.7.3.jar
[2022-10-22T00:24:05.468+0000] {processor.py:770} WARNING - No viable dags retrieved from /opt/airflow/dags/hadoop-2.7.3/share/hadoop/mapreduce/lib/hadoop-annotations-2.7.3.jar
[2022-10-22T00:24:05.491+0000] {processor.py:178} INFO - Processing /opt/airflow/dags/hadoop-2.7.3/share/hadoop/mapreduce/lib/hadoop-annotations-2.7.3.jar took 0.044 seconds
