[2022-10-22T00:00:15.166+0000] {processor.py:156} INFO - Started process (PID=16827) to work on /opt/airflow/dags/hadoop-2.7.3/share/hadoop/mapreduce/lib/jersey-guice-1.9.jar
[2022-10-22T00:00:15.176+0000] {processor.py:758} INFO - Processing file /opt/airflow/dags/hadoop-2.7.3/share/hadoop/mapreduce/lib/jersey-guice-1.9.jar for tasks to queue
[2022-10-22T00:00:15.184+0000] {logging_mixin.py:117} INFO - [2022-10-22T00:00:15.183+0000] {dagbag.py:525} INFO - Filling up the DagBag from /opt/airflow/dags/hadoop-2.7.3/share/hadoop/mapreduce/lib/jersey-guice-1.9.jar
[2022-10-22T00:00:15.202+0000] {processor.py:770} WARNING - No viable dags retrieved from /opt/airflow/dags/hadoop-2.7.3/share/hadoop/mapreduce/lib/jersey-guice-1.9.jar
[2022-10-22T00:00:15.269+0000] {processor.py:178} INFO - Processing /opt/airflow/dags/hadoop-2.7.3/share/hadoop/mapreduce/lib/jersey-guice-1.9.jar took 0.117 seconds
[2022-10-22T00:01:49.471+0000] {processor.py:156} INFO - Started process (PID=17459) to work on /opt/airflow/dags/hadoop-2.7.3/share/hadoop/mapreduce/lib/jersey-guice-1.9.jar
[2022-10-22T00:01:49.473+0000] {processor.py:758} INFO - Processing file /opt/airflow/dags/hadoop-2.7.3/share/hadoop/mapreduce/lib/jersey-guice-1.9.jar for tasks to queue
[2022-10-22T00:01:49.476+0000] {logging_mixin.py:117} INFO - [2022-10-22T00:01:49.475+0000] {dagbag.py:525} INFO - Filling up the DagBag from /opt/airflow/dags/hadoop-2.7.3/share/hadoop/mapreduce/lib/jersey-guice-1.9.jar
[2022-10-22T00:01:49.483+0000] {processor.py:770} WARNING - No viable dags retrieved from /opt/airflow/dags/hadoop-2.7.3/share/hadoop/mapreduce/lib/jersey-guice-1.9.jar
[2022-10-22T00:01:49.570+0000] {processor.py:178} INFO - Processing /opt/airflow/dags/hadoop-2.7.3/share/hadoop/mapreduce/lib/jersey-guice-1.9.jar took 0.110 seconds
[2022-10-22T00:01:51.420+0000] {processor.py:156} INFO - Started process (PID=19769) to work on /opt/airflow/dags/hadoop-2.7.3/share/hadoop/mapreduce/lib/jersey-guice-1.9.jar
[2022-10-22T00:01:51.423+0000] {processor.py:758} INFO - Processing file /opt/airflow/dags/hadoop-2.7.3/share/hadoop/mapreduce/lib/jersey-guice-1.9.jar for tasks to queue
[2022-10-22T00:01:51.427+0000] {logging_mixin.py:117} INFO - [2022-10-22T00:01:51.427+0000] {dagbag.py:525} INFO - Filling up the DagBag from /opt/airflow/dags/hadoop-2.7.3/share/hadoop/mapreduce/lib/jersey-guice-1.9.jar
[2022-10-22T00:01:51.443+0000] {processor.py:770} WARNING - No viable dags retrieved from /opt/airflow/dags/hadoop-2.7.3/share/hadoop/mapreduce/lib/jersey-guice-1.9.jar
[2022-10-22T00:01:51.489+0000] {processor.py:178} INFO - Processing /opt/airflow/dags/hadoop-2.7.3/share/hadoop/mapreduce/lib/jersey-guice-1.9.jar took 0.098 seconds
[2022-10-22T00:02:51.248+0000] {processor.py:156} INFO - Started process (PID=20329) to work on /opt/airflow/dags/hadoop-2.7.3/share/hadoop/mapreduce/lib/jersey-guice-1.9.jar
[2022-10-22T00:02:51.252+0000] {processor.py:758} INFO - Processing file /opt/airflow/dags/hadoop-2.7.3/share/hadoop/mapreduce/lib/jersey-guice-1.9.jar for tasks to queue
[2022-10-22T00:02:51.255+0000] {logging_mixin.py:117} INFO - [2022-10-22T00:02:51.254+0000] {dagbag.py:525} INFO - Filling up the DagBag from /opt/airflow/dags/hadoop-2.7.3/share/hadoop/mapreduce/lib/jersey-guice-1.9.jar
[2022-10-22T00:02:51.261+0000] {processor.py:770} WARNING - No viable dags retrieved from /opt/airflow/dags/hadoop-2.7.3/share/hadoop/mapreduce/lib/jersey-guice-1.9.jar
[2022-10-22T00:02:51.305+0000] {processor.py:178} INFO - Processing /opt/airflow/dags/hadoop-2.7.3/share/hadoop/mapreduce/lib/jersey-guice-1.9.jar took 0.067 seconds
[2022-10-22T00:03:30.699+0000] {processor.py:156} INFO - Started process (PID=18036) to work on /opt/airflow/dags/hadoop-2.7.3/share/hadoop/mapreduce/lib/jersey-guice-1.9.jar
[2022-10-22T00:03:30.706+0000] {processor.py:758} INFO - Processing file /opt/airflow/dags/hadoop-2.7.3/share/hadoop/mapreduce/lib/jersey-guice-1.9.jar for tasks to queue
[2022-10-22T00:03:30.710+0000] {logging_mixin.py:117} INFO - [2022-10-22T00:03:30.710+0000] {dagbag.py:525} INFO - Filling up the DagBag from /opt/airflow/dags/hadoop-2.7.3/share/hadoop/mapreduce/lib/jersey-guice-1.9.jar
[2022-10-22T00:03:30.721+0000] {processor.py:770} WARNING - No viable dags retrieved from /opt/airflow/dags/hadoop-2.7.3/share/hadoop/mapreduce/lib/jersey-guice-1.9.jar
[2022-10-22T00:03:30.763+0000] {processor.py:178} INFO - Processing /opt/airflow/dags/hadoop-2.7.3/share/hadoop/mapreduce/lib/jersey-guice-1.9.jar took 0.070 seconds
[2022-10-22T00:04:12.553+0000] {processor.py:156} INFO - Started process (PID=20803) to work on /opt/airflow/dags/hadoop-2.7.3/share/hadoop/mapreduce/lib/jersey-guice-1.9.jar
[2022-10-22T00:04:12.555+0000] {processor.py:758} INFO - Processing file /opt/airflow/dags/hadoop-2.7.3/share/hadoop/mapreduce/lib/jersey-guice-1.9.jar for tasks to queue
[2022-10-22T00:04:12.559+0000] {logging_mixin.py:117} INFO - [2022-10-22T00:04:12.559+0000] {dagbag.py:525} INFO - Filling up the DagBag from /opt/airflow/dags/hadoop-2.7.3/share/hadoop/mapreduce/lib/jersey-guice-1.9.jar
[2022-10-22T00:04:12.570+0000] {processor.py:770} WARNING - No viable dags retrieved from /opt/airflow/dags/hadoop-2.7.3/share/hadoop/mapreduce/lib/jersey-guice-1.9.jar
[2022-10-22T00:04:12.660+0000] {processor.py:178} INFO - Processing /opt/airflow/dags/hadoop-2.7.3/share/hadoop/mapreduce/lib/jersey-guice-1.9.jar took 0.128 seconds
[2022-10-22T00:04:39.347+0000] {processor.py:156} INFO - Started process (PID=18637) to work on /opt/airflow/dags/hadoop-2.7.3/share/hadoop/mapreduce/lib/jersey-guice-1.9.jar
[2022-10-22T00:04:39.354+0000] {processor.py:758} INFO - Processing file /opt/airflow/dags/hadoop-2.7.3/share/hadoop/mapreduce/lib/jersey-guice-1.9.jar for tasks to queue
[2022-10-22T00:04:39.357+0000] {logging_mixin.py:117} INFO - [2022-10-22T00:04:39.357+0000] {dagbag.py:525} INFO - Filling up the DagBag from /opt/airflow/dags/hadoop-2.7.3/share/hadoop/mapreduce/lib/jersey-guice-1.9.jar
[2022-10-22T00:04:39.367+0000] {processor.py:770} WARNING - No viable dags retrieved from /opt/airflow/dags/hadoop-2.7.3/share/hadoop/mapreduce/lib/jersey-guice-1.9.jar
[2022-10-22T00:04:39.437+0000] {processor.py:178} INFO - Processing /opt/airflow/dags/hadoop-2.7.3/share/hadoop/mapreduce/lib/jersey-guice-1.9.jar took 0.099 seconds
[2022-10-22T00:05:08.807+0000] {processor.py:156} INFO - Started process (PID=21331) to work on /opt/airflow/dags/hadoop-2.7.3/share/hadoop/mapreduce/lib/jersey-guice-1.9.jar
[2022-10-22T00:05:08.813+0000] {processor.py:758} INFO - Processing file /opt/airflow/dags/hadoop-2.7.3/share/hadoop/mapreduce/lib/jersey-guice-1.9.jar for tasks to queue
[2022-10-22T00:05:08.816+0000] {logging_mixin.py:117} INFO - [2022-10-22T00:05:08.816+0000] {dagbag.py:525} INFO - Filling up the DagBag from /opt/airflow/dags/hadoop-2.7.3/share/hadoop/mapreduce/lib/jersey-guice-1.9.jar
[2022-10-22T00:05:08.825+0000] {processor.py:770} WARNING - No viable dags retrieved from /opt/airflow/dags/hadoop-2.7.3/share/hadoop/mapreduce/lib/jersey-guice-1.9.jar
[2022-10-22T00:05:08.876+0000] {processor.py:178} INFO - Processing /opt/airflow/dags/hadoop-2.7.3/share/hadoop/mapreduce/lib/jersey-guice-1.9.jar took 0.077 seconds
[2022-10-22T00:05:41.236+0000] {processor.py:156} INFO - Started process (PID=19243) to work on /opt/airflow/dags/hadoop-2.7.3/share/hadoop/mapreduce/lib/jersey-guice-1.9.jar
[2022-10-22T00:05:41.238+0000] {processor.py:758} INFO - Processing file /opt/airflow/dags/hadoop-2.7.3/share/hadoop/mapreduce/lib/jersey-guice-1.9.jar for tasks to queue
[2022-10-22T00:05:41.241+0000] {logging_mixin.py:117} INFO - [2022-10-22T00:05:41.240+0000] {dagbag.py:525} INFO - Filling up the DagBag from /opt/airflow/dags/hadoop-2.7.3/share/hadoop/mapreduce/lib/jersey-guice-1.9.jar
[2022-10-22T00:05:41.247+0000] {processor.py:770} WARNING - No viable dags retrieved from /opt/airflow/dags/hadoop-2.7.3/share/hadoop/mapreduce/lib/jersey-guice-1.9.jar
[2022-10-22T00:05:41.277+0000] {processor.py:178} INFO - Processing /opt/airflow/dags/hadoop-2.7.3/share/hadoop/mapreduce/lib/jersey-guice-1.9.jar took 0.049 seconds
[2022-10-22T00:05:53.697+0000] {processor.py:156} INFO - Started process (PID=21797) to work on /opt/airflow/dags/hadoop-2.7.3/share/hadoop/mapreduce/lib/jersey-guice-1.9.jar
[2022-10-22T00:05:53.703+0000] {processor.py:758} INFO - Processing file /opt/airflow/dags/hadoop-2.7.3/share/hadoop/mapreduce/lib/jersey-guice-1.9.jar for tasks to queue
[2022-10-22T00:05:53.710+0000] {logging_mixin.py:117} INFO - [2022-10-22T00:05:53.709+0000] {dagbag.py:525} INFO - Filling up the DagBag from /opt/airflow/dags/hadoop-2.7.3/share/hadoop/mapreduce/lib/jersey-guice-1.9.jar
[2022-10-22T00:05:53.716+0000] {processor.py:770} WARNING - No viable dags retrieved from /opt/airflow/dags/hadoop-2.7.3/share/hadoop/mapreduce/lib/jersey-guice-1.9.jar
[2022-10-22T00:05:53.766+0000] {processor.py:178} INFO - Processing /opt/airflow/dags/hadoop-2.7.3/share/hadoop/mapreduce/lib/jersey-guice-1.9.jar took 0.076 seconds
[2022-10-22T00:06:35.746+0000] {processor.py:156} INFO - Started process (PID=19756) to work on /opt/airflow/dags/hadoop-2.7.3/share/hadoop/mapreduce/lib/jersey-guice-1.9.jar
[2022-10-22T00:06:35.748+0000] {processor.py:758} INFO - Processing file /opt/airflow/dags/hadoop-2.7.3/share/hadoop/mapreduce/lib/jersey-guice-1.9.jar for tasks to queue
[2022-10-22T00:06:35.750+0000] {logging_mixin.py:117} INFO - [2022-10-22T00:06:35.750+0000] {dagbag.py:525} INFO - Filling up the DagBag from /opt/airflow/dags/hadoop-2.7.3/share/hadoop/mapreduce/lib/jersey-guice-1.9.jar
[2022-10-22T00:06:35.757+0000] {processor.py:770} WARNING - No viable dags retrieved from /opt/airflow/dags/hadoop-2.7.3/share/hadoop/mapreduce/lib/jersey-guice-1.9.jar
[2022-10-22T00:06:35.803+0000] {processor.py:178} INFO - Processing /opt/airflow/dags/hadoop-2.7.3/share/hadoop/mapreduce/lib/jersey-guice-1.9.jar took 0.067 seconds
[2022-10-22T00:07:00.460+0000] {processor.py:156} INFO - Started process (PID=22443) to work on /opt/airflow/dags/hadoop-2.7.3/share/hadoop/mapreduce/lib/jersey-guice-1.9.jar
[2022-10-22T00:07:00.464+0000] {processor.py:758} INFO - Processing file /opt/airflow/dags/hadoop-2.7.3/share/hadoop/mapreduce/lib/jersey-guice-1.9.jar for tasks to queue
[2022-10-22T00:07:00.468+0000] {logging_mixin.py:117} INFO - [2022-10-22T00:07:00.468+0000] {dagbag.py:525} INFO - Filling up the DagBag from /opt/airflow/dags/hadoop-2.7.3/share/hadoop/mapreduce/lib/jersey-guice-1.9.jar
[2022-10-22T00:07:00.481+0000] {processor.py:770} WARNING - No viable dags retrieved from /opt/airflow/dags/hadoop-2.7.3/share/hadoop/mapreduce/lib/jersey-guice-1.9.jar
[2022-10-22T00:07:00.520+0000] {processor.py:178} INFO - Processing /opt/airflow/dags/hadoop-2.7.3/share/hadoop/mapreduce/lib/jersey-guice-1.9.jar took 0.080 seconds
[2022-10-22T00:07:24.246+0000] {processor.py:156} INFO - Started process (PID=20237) to work on /opt/airflow/dags/hadoop-2.7.3/share/hadoop/mapreduce/lib/jersey-guice-1.9.jar
[2022-10-22T00:07:24.250+0000] {processor.py:758} INFO - Processing file /opt/airflow/dags/hadoop-2.7.3/share/hadoop/mapreduce/lib/jersey-guice-1.9.jar for tasks to queue
[2022-10-22T00:07:24.253+0000] {logging_mixin.py:117} INFO - [2022-10-22T00:07:24.252+0000] {dagbag.py:525} INFO - Filling up the DagBag from /opt/airflow/dags/hadoop-2.7.3/share/hadoop/mapreduce/lib/jersey-guice-1.9.jar
[2022-10-22T00:07:24.262+0000] {processor.py:770} WARNING - No viable dags retrieved from /opt/airflow/dags/hadoop-2.7.3/share/hadoop/mapreduce/lib/jersey-guice-1.9.jar
[2022-10-22T00:07:24.301+0000] {processor.py:178} INFO - Processing /opt/airflow/dags/hadoop-2.7.3/share/hadoop/mapreduce/lib/jersey-guice-1.9.jar took 0.070 seconds
[2022-10-22T00:08:47.230+0000] {processor.py:156} INFO - Started process (PID=23133) to work on /opt/airflow/dags/hadoop-2.7.3/share/hadoop/mapreduce/lib/jersey-guice-1.9.jar
[2022-10-22T00:08:47.236+0000] {processor.py:758} INFO - Processing file /opt/airflow/dags/hadoop-2.7.3/share/hadoop/mapreduce/lib/jersey-guice-1.9.jar for tasks to queue
[2022-10-22T00:08:47.241+0000] {logging_mixin.py:117} INFO - [2022-10-22T00:08:47.241+0000] {dagbag.py:525} INFO - Filling up the DagBag from /opt/airflow/dags/hadoop-2.7.3/share/hadoop/mapreduce/lib/jersey-guice-1.9.jar
[2022-10-22T00:08:47.248+0000] {processor.py:770} WARNING - No viable dags retrieved from /opt/airflow/dags/hadoop-2.7.3/share/hadoop/mapreduce/lib/jersey-guice-1.9.jar
[2022-10-22T00:08:47.292+0000] {processor.py:178} INFO - Processing /opt/airflow/dags/hadoop-2.7.3/share/hadoop/mapreduce/lib/jersey-guice-1.9.jar took 0.081 seconds
[2022-10-22T00:09:01.615+0000] {processor.py:156} INFO - Started process (PID=20785) to work on /opt/airflow/dags/hadoop-2.7.3/share/hadoop/mapreduce/lib/jersey-guice-1.9.jar
[2022-10-22T00:09:01.621+0000] {processor.py:758} INFO - Processing file /opt/airflow/dags/hadoop-2.7.3/share/hadoop/mapreduce/lib/jersey-guice-1.9.jar for tasks to queue
[2022-10-22T00:09:01.625+0000] {logging_mixin.py:117} INFO - [2022-10-22T00:09:01.624+0000] {dagbag.py:525} INFO - Filling up the DagBag from /opt/airflow/dags/hadoop-2.7.3/share/hadoop/mapreduce/lib/jersey-guice-1.9.jar
[2022-10-22T00:09:01.633+0000] {processor.py:770} WARNING - No viable dags retrieved from /opt/airflow/dags/hadoop-2.7.3/share/hadoop/mapreduce/lib/jersey-guice-1.9.jar
[2022-10-22T00:09:01.718+0000] {processor.py:178} INFO - Processing /opt/airflow/dags/hadoop-2.7.3/share/hadoop/mapreduce/lib/jersey-guice-1.9.jar took 0.116 seconds
[2022-10-22T00:09:44.347+0000] {processor.py:156} INFO - Started process (PID=23675) to work on /opt/airflow/dags/hadoop-2.7.3/share/hadoop/mapreduce/lib/jersey-guice-1.9.jar
[2022-10-22T00:09:44.351+0000] {processor.py:758} INFO - Processing file /opt/airflow/dags/hadoop-2.7.3/share/hadoop/mapreduce/lib/jersey-guice-1.9.jar for tasks to queue
[2022-10-22T00:09:44.355+0000] {logging_mixin.py:117} INFO - [2022-10-22T00:09:44.354+0000] {dagbag.py:525} INFO - Filling up the DagBag from /opt/airflow/dags/hadoop-2.7.3/share/hadoop/mapreduce/lib/jersey-guice-1.9.jar
[2022-10-22T00:09:44.367+0000] {processor.py:770} WARNING - No viable dags retrieved from /opt/airflow/dags/hadoop-2.7.3/share/hadoop/mapreduce/lib/jersey-guice-1.9.jar
[2022-10-22T00:09:44.413+0000] {processor.py:178} INFO - Processing /opt/airflow/dags/hadoop-2.7.3/share/hadoop/mapreduce/lib/jersey-guice-1.9.jar took 0.074 seconds
[2022-10-22T00:11:10.034+0000] {processor.py:156} INFO - Started process (PID=21310) to work on /opt/airflow/dags/hadoop-2.7.3/share/hadoop/mapreduce/lib/jersey-guice-1.9.jar
[2022-10-22T00:11:10.039+0000] {processor.py:758} INFO - Processing file /opt/airflow/dags/hadoop-2.7.3/share/hadoop/mapreduce/lib/jersey-guice-1.9.jar for tasks to queue
[2022-10-22T00:11:10.046+0000] {logging_mixin.py:117} INFO - [2022-10-22T00:11:10.045+0000] {dagbag.py:525} INFO - Filling up the DagBag from /opt/airflow/dags/hadoop-2.7.3/share/hadoop/mapreduce/lib/jersey-guice-1.9.jar
[2022-10-22T00:11:10.065+0000] {processor.py:770} WARNING - No viable dags retrieved from /opt/airflow/dags/hadoop-2.7.3/share/hadoop/mapreduce/lib/jersey-guice-1.9.jar
[2022-10-22T00:11:10.121+0000] {processor.py:178} INFO - Processing /opt/airflow/dags/hadoop-2.7.3/share/hadoop/mapreduce/lib/jersey-guice-1.9.jar took 0.101 seconds
[2022-10-22T00:11:31.849+0000] {processor.py:156} INFO - Started process (PID=24116) to work on /opt/airflow/dags/hadoop-2.7.3/share/hadoop/mapreduce/lib/jersey-guice-1.9.jar
[2022-10-22T00:11:31.854+0000] {processor.py:758} INFO - Processing file /opt/airflow/dags/hadoop-2.7.3/share/hadoop/mapreduce/lib/jersey-guice-1.9.jar for tasks to queue
[2022-10-22T00:11:31.856+0000] {logging_mixin.py:117} INFO - [2022-10-22T00:11:31.856+0000] {dagbag.py:525} INFO - Filling up the DagBag from /opt/airflow/dags/hadoop-2.7.3/share/hadoop/mapreduce/lib/jersey-guice-1.9.jar
[2022-10-22T00:11:31.861+0000] {processor.py:770} WARNING - No viable dags retrieved from /opt/airflow/dags/hadoop-2.7.3/share/hadoop/mapreduce/lib/jersey-guice-1.9.jar
[2022-10-22T00:11:31.897+0000] {processor.py:178} INFO - Processing /opt/airflow/dags/hadoop-2.7.3/share/hadoop/mapreduce/lib/jersey-guice-1.9.jar took 0.055 seconds
[2022-10-22T00:11:45.374+0000] {processor.py:156} INFO - Started process (PID=21818) to work on /opt/airflow/dags/hadoop-2.7.3/share/hadoop/mapreduce/lib/jersey-guice-1.9.jar
[2022-10-22T00:11:45.376+0000] {processor.py:758} INFO - Processing file /opt/airflow/dags/hadoop-2.7.3/share/hadoop/mapreduce/lib/jersey-guice-1.9.jar for tasks to queue
[2022-10-22T00:11:45.380+0000] {logging_mixin.py:117} INFO - [2022-10-22T00:11:45.379+0000] {dagbag.py:525} INFO - Filling up the DagBag from /opt/airflow/dags/hadoop-2.7.3/share/hadoop/mapreduce/lib/jersey-guice-1.9.jar
[2022-10-22T00:11:45.392+0000] {processor.py:770} WARNING - No viable dags retrieved from /opt/airflow/dags/hadoop-2.7.3/share/hadoop/mapreduce/lib/jersey-guice-1.9.jar
[2022-10-22T00:11:45.440+0000] {processor.py:178} INFO - Processing /opt/airflow/dags/hadoop-2.7.3/share/hadoop/mapreduce/lib/jersey-guice-1.9.jar took 0.072 seconds
[2022-10-22T00:12:12.529+0000] {processor.py:156} INFO - Started process (PID=24633) to work on /opt/airflow/dags/hadoop-2.7.3/share/hadoop/mapreduce/lib/jersey-guice-1.9.jar
[2022-10-22T00:12:12.532+0000] {processor.py:758} INFO - Processing file /opt/airflow/dags/hadoop-2.7.3/share/hadoop/mapreduce/lib/jersey-guice-1.9.jar for tasks to queue
[2022-10-22T00:12:12.537+0000] {logging_mixin.py:117} INFO - [2022-10-22T00:12:12.536+0000] {dagbag.py:525} INFO - Filling up the DagBag from /opt/airflow/dags/hadoop-2.7.3/share/hadoop/mapreduce/lib/jersey-guice-1.9.jar
[2022-10-22T00:12:12.543+0000] {processor.py:770} WARNING - No viable dags retrieved from /opt/airflow/dags/hadoop-2.7.3/share/hadoop/mapreduce/lib/jersey-guice-1.9.jar
[2022-10-22T00:12:12.624+0000] {processor.py:178} INFO - Processing /opt/airflow/dags/hadoop-2.7.3/share/hadoop/mapreduce/lib/jersey-guice-1.9.jar took 0.103 seconds
[2022-10-22T00:15:26.917+0000] {processor.py:156} INFO - Started process (PID=22696) to work on /opt/airflow/dags/hadoop-2.7.3/share/hadoop/mapreduce/lib/jersey-guice-1.9.jar
[2022-10-22T00:15:26.919+0000] {processor.py:758} INFO - Processing file /opt/airflow/dags/hadoop-2.7.3/share/hadoop/mapreduce/lib/jersey-guice-1.9.jar for tasks to queue
[2022-10-22T00:15:26.922+0000] {logging_mixin.py:117} INFO - [2022-10-22T00:15:26.922+0000] {dagbag.py:525} INFO - Filling up the DagBag from /opt/airflow/dags/hadoop-2.7.3/share/hadoop/mapreduce/lib/jersey-guice-1.9.jar
[2022-10-22T00:15:26.929+0000] {processor.py:770} WARNING - No viable dags retrieved from /opt/airflow/dags/hadoop-2.7.3/share/hadoop/mapreduce/lib/jersey-guice-1.9.jar
[2022-10-22T00:15:26.999+0000] {processor.py:178} INFO - Processing /opt/airflow/dags/hadoop-2.7.3/share/hadoop/mapreduce/lib/jersey-guice-1.9.jar took 0.099 seconds
[2022-10-22T00:15:40.424+0000] {processor.py:156} INFO - Started process (PID=25253) to work on /opt/airflow/dags/hadoop-2.7.3/share/hadoop/mapreduce/lib/jersey-guice-1.9.jar
[2022-10-22T00:15:40.430+0000] {processor.py:758} INFO - Processing file /opt/airflow/dags/hadoop-2.7.3/share/hadoop/mapreduce/lib/jersey-guice-1.9.jar for tasks to queue
[2022-10-22T00:15:40.433+0000] {logging_mixin.py:117} INFO - [2022-10-22T00:15:40.432+0000] {dagbag.py:525} INFO - Filling up the DagBag from /opt/airflow/dags/hadoop-2.7.3/share/hadoop/mapreduce/lib/jersey-guice-1.9.jar
[2022-10-22T00:15:40.454+0000] {processor.py:770} WARNING - No viable dags retrieved from /opt/airflow/dags/hadoop-2.7.3/share/hadoop/mapreduce/lib/jersey-guice-1.9.jar
[2022-10-22T00:15:40.504+0000] {processor.py:178} INFO - Processing /opt/airflow/dags/hadoop-2.7.3/share/hadoop/mapreduce/lib/jersey-guice-1.9.jar took 0.091 seconds
[2022-10-22T00:16:15.644+0000] {processor.py:156} INFO - Started process (PID=23212) to work on /opt/airflow/dags/hadoop-2.7.3/share/hadoop/mapreduce/lib/jersey-guice-1.9.jar
[2022-10-22T00:16:15.647+0000] {processor.py:758} INFO - Processing file /opt/airflow/dags/hadoop-2.7.3/share/hadoop/mapreduce/lib/jersey-guice-1.9.jar for tasks to queue
[2022-10-22T00:16:15.653+0000] {logging_mixin.py:117} INFO - [2022-10-22T00:16:15.653+0000] {dagbag.py:525} INFO - Filling up the DagBag from /opt/airflow/dags/hadoop-2.7.3/share/hadoop/mapreduce/lib/jersey-guice-1.9.jar
[2022-10-22T00:16:15.662+0000] {processor.py:770} WARNING - No viable dags retrieved from /opt/airflow/dags/hadoop-2.7.3/share/hadoop/mapreduce/lib/jersey-guice-1.9.jar
[2022-10-22T00:16:15.720+0000] {processor.py:178} INFO - Processing /opt/airflow/dags/hadoop-2.7.3/share/hadoop/mapreduce/lib/jersey-guice-1.9.jar took 0.093 seconds
[2022-10-22T00:16:25.539+0000] {processor.py:156} INFO - Started process (PID=25775) to work on /opt/airflow/dags/hadoop-2.7.3/share/hadoop/mapreduce/lib/jersey-guice-1.9.jar
[2022-10-22T00:16:25.544+0000] {processor.py:758} INFO - Processing file /opt/airflow/dags/hadoop-2.7.3/share/hadoop/mapreduce/lib/jersey-guice-1.9.jar for tasks to queue
[2022-10-22T00:16:25.549+0000] {logging_mixin.py:117} INFO - [2022-10-22T00:16:25.547+0000] {dagbag.py:525} INFO - Filling up the DagBag from /opt/airflow/dags/hadoop-2.7.3/share/hadoop/mapreduce/lib/jersey-guice-1.9.jar
[2022-10-22T00:16:25.559+0000] {processor.py:770} WARNING - No viable dags retrieved from /opt/airflow/dags/hadoop-2.7.3/share/hadoop/mapreduce/lib/jersey-guice-1.9.jar
[2022-10-22T00:16:25.609+0000] {processor.py:178} INFO - Processing /opt/airflow/dags/hadoop-2.7.3/share/hadoop/mapreduce/lib/jersey-guice-1.9.jar took 0.081 seconds
[2022-10-22T00:17:06.387+0000] {processor.py:156} INFO - Started process (PID=23747) to work on /opt/airflow/dags/hadoop-2.7.3/share/hadoop/mapreduce/lib/jersey-guice-1.9.jar
[2022-10-22T00:17:06.395+0000] {processor.py:758} INFO - Processing file /opt/airflow/dags/hadoop-2.7.3/share/hadoop/mapreduce/lib/jersey-guice-1.9.jar for tasks to queue
[2022-10-22T00:17:06.412+0000] {logging_mixin.py:117} INFO - [2022-10-22T00:17:06.408+0000] {dagbag.py:525} INFO - Filling up the DagBag from /opt/airflow/dags/hadoop-2.7.3/share/hadoop/mapreduce/lib/jersey-guice-1.9.jar
[2022-10-22T00:17:06.431+0000] {processor.py:770} WARNING - No viable dags retrieved from /opt/airflow/dags/hadoop-2.7.3/share/hadoop/mapreduce/lib/jersey-guice-1.9.jar
[2022-10-22T00:17:06.538+0000] {processor.py:178} INFO - Processing /opt/airflow/dags/hadoop-2.7.3/share/hadoop/mapreduce/lib/jersey-guice-1.9.jar took 0.166 seconds
[2022-10-22T00:17:16.196+0000] {processor.py:156} INFO - Started process (PID=26306) to work on /opt/airflow/dags/hadoop-2.7.3/share/hadoop/mapreduce/lib/jersey-guice-1.9.jar
[2022-10-22T00:17:16.201+0000] {processor.py:758} INFO - Processing file /opt/airflow/dags/hadoop-2.7.3/share/hadoop/mapreduce/lib/jersey-guice-1.9.jar for tasks to queue
[2022-10-22T00:17:16.203+0000] {logging_mixin.py:117} INFO - [2022-10-22T00:17:16.203+0000] {dagbag.py:525} INFO - Filling up the DagBag from /opt/airflow/dags/hadoop-2.7.3/share/hadoop/mapreduce/lib/jersey-guice-1.9.jar
[2022-10-22T00:17:16.214+0000] {processor.py:770} WARNING - No viable dags retrieved from /opt/airflow/dags/hadoop-2.7.3/share/hadoop/mapreduce/lib/jersey-guice-1.9.jar
[2022-10-22T00:17:16.285+0000] {processor.py:178} INFO - Processing /opt/airflow/dags/hadoop-2.7.3/share/hadoop/mapreduce/lib/jersey-guice-1.9.jar took 0.103 seconds
[2022-10-22T00:18:05.971+0000] {processor.py:156} INFO - Started process (PID=24364) to work on /opt/airflow/dags/hadoop-2.7.3/share/hadoop/mapreduce/lib/jersey-guice-1.9.jar
[2022-10-22T00:18:05.973+0000] {processor.py:758} INFO - Processing file /opt/airflow/dags/hadoop-2.7.3/share/hadoop/mapreduce/lib/jersey-guice-1.9.jar for tasks to queue
[2022-10-22T00:18:05.978+0000] {logging_mixin.py:117} INFO - [2022-10-22T00:18:05.978+0000] {dagbag.py:525} INFO - Filling up the DagBag from /opt/airflow/dags/hadoop-2.7.3/share/hadoop/mapreduce/lib/jersey-guice-1.9.jar
[2022-10-22T00:18:05.992+0000] {processor.py:770} WARNING - No viable dags retrieved from /opt/airflow/dags/hadoop-2.7.3/share/hadoop/mapreduce/lib/jersey-guice-1.9.jar
[2022-10-22T00:18:06.077+0000] {processor.py:178} INFO - Processing /opt/airflow/dags/hadoop-2.7.3/share/hadoop/mapreduce/lib/jersey-guice-1.9.jar took 0.124 seconds
[2022-10-22T00:18:11.236+0000] {processor.py:156} INFO - Started process (PID=26895) to work on /opt/airflow/dags/hadoop-2.7.3/share/hadoop/mapreduce/lib/jersey-guice-1.9.jar
[2022-10-22T00:18:11.240+0000] {processor.py:758} INFO - Processing file /opt/airflow/dags/hadoop-2.7.3/share/hadoop/mapreduce/lib/jersey-guice-1.9.jar for tasks to queue
[2022-10-22T00:18:11.243+0000] {logging_mixin.py:117} INFO - [2022-10-22T00:18:11.243+0000] {dagbag.py:525} INFO - Filling up the DagBag from /opt/airflow/dags/hadoop-2.7.3/share/hadoop/mapreduce/lib/jersey-guice-1.9.jar
[2022-10-22T00:18:11.251+0000] {processor.py:770} WARNING - No viable dags retrieved from /opt/airflow/dags/hadoop-2.7.3/share/hadoop/mapreduce/lib/jersey-guice-1.9.jar
[2022-10-22T00:18:11.305+0000] {processor.py:178} INFO - Processing /opt/airflow/dags/hadoop-2.7.3/share/hadoop/mapreduce/lib/jersey-guice-1.9.jar took 0.075 seconds
[2022-10-22T00:19:04.912+0000] {processor.py:156} INFO - Started process (PID=24967) to work on /opt/airflow/dags/hadoop-2.7.3/share/hadoop/mapreduce/lib/jersey-guice-1.9.jar
[2022-10-22T00:19:04.915+0000] {processor.py:758} INFO - Processing file /opt/airflow/dags/hadoop-2.7.3/share/hadoop/mapreduce/lib/jersey-guice-1.9.jar for tasks to queue
[2022-10-22T00:19:04.917+0000] {logging_mixin.py:117} INFO - [2022-10-22T00:19:04.917+0000] {dagbag.py:525} INFO - Filling up the DagBag from /opt/airflow/dags/hadoop-2.7.3/share/hadoop/mapreduce/lib/jersey-guice-1.9.jar
[2022-10-22T00:19:04.924+0000] {processor.py:770} WARNING - No viable dags retrieved from /opt/airflow/dags/hadoop-2.7.3/share/hadoop/mapreduce/lib/jersey-guice-1.9.jar
[2022-10-22T00:19:04.970+0000] {processor.py:178} INFO - Processing /opt/airflow/dags/hadoop-2.7.3/share/hadoop/mapreduce/lib/jersey-guice-1.9.jar took 0.065 seconds
[2022-10-22T00:19:05.368+0000] {processor.py:156} INFO - Started process (PID=27461) to work on /opt/airflow/dags/hadoop-2.7.3/share/hadoop/mapreduce/lib/jersey-guice-1.9.jar
[2022-10-22T00:19:05.374+0000] {processor.py:758} INFO - Processing file /opt/airflow/dags/hadoop-2.7.3/share/hadoop/mapreduce/lib/jersey-guice-1.9.jar for tasks to queue
[2022-10-22T00:19:05.377+0000] {logging_mixin.py:117} INFO - [2022-10-22T00:19:05.377+0000] {dagbag.py:525} INFO - Filling up the DagBag from /opt/airflow/dags/hadoop-2.7.3/share/hadoop/mapreduce/lib/jersey-guice-1.9.jar
[2022-10-22T00:19:05.390+0000] {processor.py:770} WARNING - No viable dags retrieved from /opt/airflow/dags/hadoop-2.7.3/share/hadoop/mapreduce/lib/jersey-guice-1.9.jar
[2022-10-22T00:19:05.475+0000] {processor.py:178} INFO - Processing /opt/airflow/dags/hadoop-2.7.3/share/hadoop/mapreduce/lib/jersey-guice-1.9.jar took 0.118 seconds
[2022-10-22T00:20:44.046+0000] {processor.py:156} INFO - Started process (PID=25597) to work on /opt/airflow/dags/hadoop-2.7.3/share/hadoop/mapreduce/lib/jersey-guice-1.9.jar
[2022-10-22T00:20:44.049+0000] {processor.py:758} INFO - Processing file /opt/airflow/dags/hadoop-2.7.3/share/hadoop/mapreduce/lib/jersey-guice-1.9.jar for tasks to queue
[2022-10-22T00:20:44.053+0000] {logging_mixin.py:117} INFO - [2022-10-22T00:20:44.052+0000] {dagbag.py:525} INFO - Filling up the DagBag from /opt/airflow/dags/hadoop-2.7.3/share/hadoop/mapreduce/lib/jersey-guice-1.9.jar
[2022-10-22T00:20:44.063+0000] {processor.py:770} WARNING - No viable dags retrieved from /opt/airflow/dags/hadoop-2.7.3/share/hadoop/mapreduce/lib/jersey-guice-1.9.jar
[2022-10-22T00:20:44.093+0000] {processor.py:178} INFO - Processing /opt/airflow/dags/hadoop-2.7.3/share/hadoop/mapreduce/lib/jersey-guice-1.9.jar took 0.059 seconds
[2022-10-22T00:20:46.983+0000] {processor.py:156} INFO - Started process (PID=28148) to work on /opt/airflow/dags/hadoop-2.7.3/share/hadoop/mapreduce/lib/jersey-guice-1.9.jar
[2022-10-22T00:20:46.985+0000] {processor.py:758} INFO - Processing file /opt/airflow/dags/hadoop-2.7.3/share/hadoop/mapreduce/lib/jersey-guice-1.9.jar for tasks to queue
[2022-10-22T00:20:46.987+0000] {logging_mixin.py:117} INFO - [2022-10-22T00:20:46.987+0000] {dagbag.py:525} INFO - Filling up the DagBag from /opt/airflow/dags/hadoop-2.7.3/share/hadoop/mapreduce/lib/jersey-guice-1.9.jar
[2022-10-22T00:20:46.998+0000] {processor.py:770} WARNING - No viable dags retrieved from /opt/airflow/dags/hadoop-2.7.3/share/hadoop/mapreduce/lib/jersey-guice-1.9.jar
[2022-10-22T00:20:47.056+0000] {processor.py:178} INFO - Processing /opt/airflow/dags/hadoop-2.7.3/share/hadoop/mapreduce/lib/jersey-guice-1.9.jar took 0.080 seconds
[2022-10-22T00:21:37.006+0000] {processor.py:156} INFO - Started process (PID=26121) to work on /opt/airflow/dags/hadoop-2.7.3/share/hadoop/mapreduce/lib/jersey-guice-1.9.jar
[2022-10-22T00:21:37.011+0000] {processor.py:758} INFO - Processing file /opt/airflow/dags/hadoop-2.7.3/share/hadoop/mapreduce/lib/jersey-guice-1.9.jar for tasks to queue
[2022-10-22T00:21:37.025+0000] {logging_mixin.py:117} INFO - [2022-10-22T00:21:37.025+0000] {dagbag.py:525} INFO - Filling up the DagBag from /opt/airflow/dags/hadoop-2.7.3/share/hadoop/mapreduce/lib/jersey-guice-1.9.jar
[2022-10-22T00:21:37.038+0000] {processor.py:770} WARNING - No viable dags retrieved from /opt/airflow/dags/hadoop-2.7.3/share/hadoop/mapreduce/lib/jersey-guice-1.9.jar
[2022-10-22T00:21:37.089+0000] {processor.py:178} INFO - Processing /opt/airflow/dags/hadoop-2.7.3/share/hadoop/mapreduce/lib/jersey-guice-1.9.jar took 0.098 seconds
[2022-10-22T00:21:39.275+0000] {processor.py:156} INFO - Started process (PID=28672) to work on /opt/airflow/dags/hadoop-2.7.3/share/hadoop/mapreduce/lib/jersey-guice-1.9.jar
[2022-10-22T00:21:39.278+0000] {processor.py:758} INFO - Processing file /opt/airflow/dags/hadoop-2.7.3/share/hadoop/mapreduce/lib/jersey-guice-1.9.jar for tasks to queue
[2022-10-22T00:21:39.281+0000] {logging_mixin.py:117} INFO - [2022-10-22T00:21:39.281+0000] {dagbag.py:525} INFO - Filling up the DagBag from /opt/airflow/dags/hadoop-2.7.3/share/hadoop/mapreduce/lib/jersey-guice-1.9.jar
[2022-10-22T00:21:39.290+0000] {processor.py:770} WARNING - No viable dags retrieved from /opt/airflow/dags/hadoop-2.7.3/share/hadoop/mapreduce/lib/jersey-guice-1.9.jar
[2022-10-22T00:21:39.324+0000] {processor.py:178} INFO - Processing /opt/airflow/dags/hadoop-2.7.3/share/hadoop/mapreduce/lib/jersey-guice-1.9.jar took 0.059 seconds
[2022-10-22T00:22:33.617+0000] {processor.py:156} INFO - Started process (PID=29201) to work on /opt/airflow/dags/hadoop-2.7.3/share/hadoop/mapreduce/lib/jersey-guice-1.9.jar
[2022-10-22T00:22:33.624+0000] {processor.py:758} INFO - Processing file /opt/airflow/dags/hadoop-2.7.3/share/hadoop/mapreduce/lib/jersey-guice-1.9.jar for tasks to queue
[2022-10-22T00:22:33.633+0000] {logging_mixin.py:117} INFO - [2022-10-22T00:22:33.633+0000] {dagbag.py:525} INFO - Filling up the DagBag from /opt/airflow/dags/hadoop-2.7.3/share/hadoop/mapreduce/lib/jersey-guice-1.9.jar
[2022-10-22T00:22:33.645+0000] {processor.py:770} WARNING - No viable dags retrieved from /opt/airflow/dags/hadoop-2.7.3/share/hadoop/mapreduce/lib/jersey-guice-1.9.jar
[2022-10-22T00:22:33.702+0000] {processor.py:178} INFO - Processing /opt/airflow/dags/hadoop-2.7.3/share/hadoop/mapreduce/lib/jersey-guice-1.9.jar took 0.100 seconds
[2022-10-22T00:22:45.769+0000] {processor.py:156} INFO - Started process (PID=26749) to work on /opt/airflow/dags/hadoop-2.7.3/share/hadoop/mapreduce/lib/jersey-guice-1.9.jar
[2022-10-22T00:22:45.772+0000] {processor.py:758} INFO - Processing file /opt/airflow/dags/hadoop-2.7.3/share/hadoop/mapreduce/lib/jersey-guice-1.9.jar for tasks to queue
[2022-10-22T00:22:45.775+0000] {logging_mixin.py:117} INFO - [2022-10-22T00:22:45.774+0000] {dagbag.py:525} INFO - Filling up the DagBag from /opt/airflow/dags/hadoop-2.7.3/share/hadoop/mapreduce/lib/jersey-guice-1.9.jar
[2022-10-22T00:22:45.800+0000] {processor.py:770} WARNING - No viable dags retrieved from /opt/airflow/dags/hadoop-2.7.3/share/hadoop/mapreduce/lib/jersey-guice-1.9.jar
[2022-10-22T00:22:45.878+0000] {processor.py:178} INFO - Processing /opt/airflow/dags/hadoop-2.7.3/share/hadoop/mapreduce/lib/jersey-guice-1.9.jar took 0.127 seconds
[2022-10-22T00:23:21.014+0000] {processor.py:156} INFO - Started process (PID=29662) to work on /opt/airflow/dags/hadoop-2.7.3/share/hadoop/mapreduce/lib/jersey-guice-1.9.jar
[2022-10-22T00:23:21.018+0000] {processor.py:758} INFO - Processing file /opt/airflow/dags/hadoop-2.7.3/share/hadoop/mapreduce/lib/jersey-guice-1.9.jar for tasks to queue
[2022-10-22T00:23:21.025+0000] {logging_mixin.py:117} INFO - [2022-10-22T00:23:21.025+0000] {dagbag.py:525} INFO - Filling up the DagBag from /opt/airflow/dags/hadoop-2.7.3/share/hadoop/mapreduce/lib/jersey-guice-1.9.jar
[2022-10-22T00:23:21.037+0000] {processor.py:770} WARNING - No viable dags retrieved from /opt/airflow/dags/hadoop-2.7.3/share/hadoop/mapreduce/lib/jersey-guice-1.9.jar
[2022-10-22T00:23:21.086+0000] {processor.py:178} INFO - Processing /opt/airflow/dags/hadoop-2.7.3/share/hadoop/mapreduce/lib/jersey-guice-1.9.jar took 0.082 seconds
[2022-10-22T00:23:31.870+0000] {processor.py:156} INFO - Started process (PID=27232) to work on /opt/airflow/dags/hadoop-2.7.3/share/hadoop/mapreduce/lib/jersey-guice-1.9.jar
[2022-10-22T00:23:31.873+0000] {processor.py:758} INFO - Processing file /opt/airflow/dags/hadoop-2.7.3/share/hadoop/mapreduce/lib/jersey-guice-1.9.jar for tasks to queue
[2022-10-22T00:23:31.876+0000] {logging_mixin.py:117} INFO - [2022-10-22T00:23:31.875+0000] {dagbag.py:525} INFO - Filling up the DagBag from /opt/airflow/dags/hadoop-2.7.3/share/hadoop/mapreduce/lib/jersey-guice-1.9.jar
[2022-10-22T00:23:31.880+0000] {processor.py:770} WARNING - No viable dags retrieved from /opt/airflow/dags/hadoop-2.7.3/share/hadoop/mapreduce/lib/jersey-guice-1.9.jar
[2022-10-22T00:23:31.914+0000] {processor.py:178} INFO - Processing /opt/airflow/dags/hadoop-2.7.3/share/hadoop/mapreduce/lib/jersey-guice-1.9.jar took 0.055 seconds
[2022-10-22T00:24:05.769+0000] {processor.py:156} INFO - Started process (PID=30188) to work on /opt/airflow/dags/hadoop-2.7.3/share/hadoop/mapreduce/lib/jersey-guice-1.9.jar
[2022-10-22T00:24:05.779+0000] {processor.py:758} INFO - Processing file /opt/airflow/dags/hadoop-2.7.3/share/hadoop/mapreduce/lib/jersey-guice-1.9.jar for tasks to queue
[2022-10-22T00:24:05.781+0000] {logging_mixin.py:117} INFO - [2022-10-22T00:24:05.781+0000] {dagbag.py:525} INFO - Filling up the DagBag from /opt/airflow/dags/hadoop-2.7.3/share/hadoop/mapreduce/lib/jersey-guice-1.9.jar
[2022-10-22T00:24:05.796+0000] {processor.py:770} WARNING - No viable dags retrieved from /opt/airflow/dags/hadoop-2.7.3/share/hadoop/mapreduce/lib/jersey-guice-1.9.jar
[2022-10-22T00:24:05.832+0000] {processor.py:178} INFO - Processing /opt/airflow/dags/hadoop-2.7.3/share/hadoop/mapreduce/lib/jersey-guice-1.9.jar took 0.069 seconds
