[2022-10-22T00:00:16.620+0000] {processor.py:156} INFO - Started process (PID=16836) to work on /opt/airflow/dags/hadoop-2.7.3/share/hadoop/mapreduce/lib/xz-1.0.jar
[2022-10-22T00:00:16.628+0000] {processor.py:758} INFO - Processing file /opt/airflow/dags/hadoop-2.7.3/share/hadoop/mapreduce/lib/xz-1.0.jar for tasks to queue
[2022-10-22T00:00:16.650+0000] {logging_mixin.py:117} INFO - [2022-10-22T00:00:16.649+0000] {dagbag.py:525} INFO - Filling up the DagBag from /opt/airflow/dags/hadoop-2.7.3/share/hadoop/mapreduce/lib/xz-1.0.jar
[2022-10-22T00:00:16.669+0000] {processor.py:770} WARNING - No viable dags retrieved from /opt/airflow/dags/hadoop-2.7.3/share/hadoop/mapreduce/lib/xz-1.0.jar
[2022-10-22T00:00:16.799+0000] {processor.py:178} INFO - Processing /opt/airflow/dags/hadoop-2.7.3/share/hadoop/mapreduce/lib/xz-1.0.jar took 0.206 seconds
[2022-10-22T00:01:50.494+0000] {processor.py:156} INFO - Started process (PID=17468) to work on /opt/airflow/dags/hadoop-2.7.3/share/hadoop/mapreduce/lib/xz-1.0.jar
[2022-10-22T00:01:50.504+0000] {processor.py:758} INFO - Processing file /opt/airflow/dags/hadoop-2.7.3/share/hadoop/mapreduce/lib/xz-1.0.jar for tasks to queue
[2022-10-22T00:01:50.506+0000] {logging_mixin.py:117} INFO - [2022-10-22T00:01:50.506+0000] {dagbag.py:525} INFO - Filling up the DagBag from /opt/airflow/dags/hadoop-2.7.3/share/hadoop/mapreduce/lib/xz-1.0.jar
[2022-10-22T00:01:50.524+0000] {processor.py:770} WARNING - No viable dags retrieved from /opt/airflow/dags/hadoop-2.7.3/share/hadoop/mapreduce/lib/xz-1.0.jar
[2022-10-22T00:01:50.604+0000] {processor.py:178} INFO - Processing /opt/airflow/dags/hadoop-2.7.3/share/hadoop/mapreduce/lib/xz-1.0.jar took 0.118 seconds
[2022-10-22T00:01:52.671+0000] {processor.py:156} INFO - Started process (PID=19787) to work on /opt/airflow/dags/hadoop-2.7.3/share/hadoop/mapreduce/lib/xz-1.0.jar
[2022-10-22T00:01:52.683+0000] {processor.py:758} INFO - Processing file /opt/airflow/dags/hadoop-2.7.3/share/hadoop/mapreduce/lib/xz-1.0.jar for tasks to queue
[2022-10-22T00:01:52.689+0000] {logging_mixin.py:117} INFO - [2022-10-22T00:01:52.686+0000] {dagbag.py:525} INFO - Filling up the DagBag from /opt/airflow/dags/hadoop-2.7.3/share/hadoop/mapreduce/lib/xz-1.0.jar
[2022-10-22T00:01:52.719+0000] {processor.py:770} WARNING - No viable dags retrieved from /opt/airflow/dags/hadoop-2.7.3/share/hadoop/mapreduce/lib/xz-1.0.jar
[2022-10-22T00:01:52.808+0000] {processor.py:178} INFO - Processing /opt/airflow/dags/hadoop-2.7.3/share/hadoop/mapreduce/lib/xz-1.0.jar took 0.153 seconds
[2022-10-22T00:02:52.077+0000] {processor.py:156} INFO - Started process (PID=20338) to work on /opt/airflow/dags/hadoop-2.7.3/share/hadoop/mapreduce/lib/xz-1.0.jar
[2022-10-22T00:02:52.080+0000] {processor.py:758} INFO - Processing file /opt/airflow/dags/hadoop-2.7.3/share/hadoop/mapreduce/lib/xz-1.0.jar for tasks to queue
[2022-10-22T00:02:52.090+0000] {logging_mixin.py:117} INFO - [2022-10-22T00:02:52.089+0000] {dagbag.py:525} INFO - Filling up the DagBag from /opt/airflow/dags/hadoop-2.7.3/share/hadoop/mapreduce/lib/xz-1.0.jar
[2022-10-22T00:02:52.110+0000] {processor.py:770} WARNING - No viable dags retrieved from /opt/airflow/dags/hadoop-2.7.3/share/hadoop/mapreduce/lib/xz-1.0.jar
[2022-10-22T00:02:52.210+0000] {processor.py:178} INFO - Processing /opt/airflow/dags/hadoop-2.7.3/share/hadoop/mapreduce/lib/xz-1.0.jar took 0.140 seconds
[2022-10-22T00:03:31.576+0000] {processor.py:156} INFO - Started process (PID=18045) to work on /opt/airflow/dags/hadoop-2.7.3/share/hadoop/mapreduce/lib/xz-1.0.jar
[2022-10-22T00:03:31.580+0000] {processor.py:758} INFO - Processing file /opt/airflow/dags/hadoop-2.7.3/share/hadoop/mapreduce/lib/xz-1.0.jar for tasks to queue
[2022-10-22T00:03:31.582+0000] {logging_mixin.py:117} INFO - [2022-10-22T00:03:31.582+0000] {dagbag.py:525} INFO - Filling up the DagBag from /opt/airflow/dags/hadoop-2.7.3/share/hadoop/mapreduce/lib/xz-1.0.jar
[2022-10-22T00:03:31.591+0000] {processor.py:770} WARNING - No viable dags retrieved from /opt/airflow/dags/hadoop-2.7.3/share/hadoop/mapreduce/lib/xz-1.0.jar
[2022-10-22T00:03:31.633+0000] {processor.py:178} INFO - Processing /opt/airflow/dags/hadoop-2.7.3/share/hadoop/mapreduce/lib/xz-1.0.jar took 0.069 seconds
[2022-10-22T00:04:13.694+0000] {processor.py:156} INFO - Started process (PID=20812) to work on /opt/airflow/dags/hadoop-2.7.3/share/hadoop/mapreduce/lib/xz-1.0.jar
[2022-10-22T00:04:13.698+0000] {processor.py:758} INFO - Processing file /opt/airflow/dags/hadoop-2.7.3/share/hadoop/mapreduce/lib/xz-1.0.jar for tasks to queue
[2022-10-22T00:04:13.706+0000] {logging_mixin.py:117} INFO - [2022-10-22T00:04:13.706+0000] {dagbag.py:525} INFO - Filling up the DagBag from /opt/airflow/dags/hadoop-2.7.3/share/hadoop/mapreduce/lib/xz-1.0.jar
[2022-10-22T00:04:13.751+0000] {processor.py:770} WARNING - No viable dags retrieved from /opt/airflow/dags/hadoop-2.7.3/share/hadoop/mapreduce/lib/xz-1.0.jar
[2022-10-22T00:04:13.787+0000] {processor.py:178} INFO - Processing /opt/airflow/dags/hadoop-2.7.3/share/hadoop/mapreduce/lib/xz-1.0.jar took 0.112 seconds
[2022-10-22T00:04:40.270+0000] {processor.py:156} INFO - Started process (PID=18646) to work on /opt/airflow/dags/hadoop-2.7.3/share/hadoop/mapreduce/lib/xz-1.0.jar
[2022-10-22T00:04:40.273+0000] {processor.py:758} INFO - Processing file /opt/airflow/dags/hadoop-2.7.3/share/hadoop/mapreduce/lib/xz-1.0.jar for tasks to queue
[2022-10-22T00:04:40.279+0000] {logging_mixin.py:117} INFO - [2022-10-22T00:04:40.278+0000] {dagbag.py:525} INFO - Filling up the DagBag from /opt/airflow/dags/hadoop-2.7.3/share/hadoop/mapreduce/lib/xz-1.0.jar
[2022-10-22T00:04:40.294+0000] {processor.py:770} WARNING - No viable dags retrieved from /opt/airflow/dags/hadoop-2.7.3/share/hadoop/mapreduce/lib/xz-1.0.jar
[2022-10-22T00:04:40.356+0000] {processor.py:178} INFO - Processing /opt/airflow/dags/hadoop-2.7.3/share/hadoop/mapreduce/lib/xz-1.0.jar took 0.101 seconds
[2022-10-22T00:05:09.831+0000] {processor.py:156} INFO - Started process (PID=21340) to work on /opt/airflow/dags/hadoop-2.7.3/share/hadoop/mapreduce/lib/xz-1.0.jar
[2022-10-22T00:05:09.835+0000] {processor.py:758} INFO - Processing file /opt/airflow/dags/hadoop-2.7.3/share/hadoop/mapreduce/lib/xz-1.0.jar for tasks to queue
[2022-10-22T00:05:09.838+0000] {logging_mixin.py:117} INFO - [2022-10-22T00:05:09.837+0000] {dagbag.py:525} INFO - Filling up the DagBag from /opt/airflow/dags/hadoop-2.7.3/share/hadoop/mapreduce/lib/xz-1.0.jar
[2022-10-22T00:05:09.850+0000] {processor.py:770} WARNING - No viable dags retrieved from /opt/airflow/dags/hadoop-2.7.3/share/hadoop/mapreduce/lib/xz-1.0.jar
[2022-10-22T00:05:09.900+0000] {processor.py:178} INFO - Processing /opt/airflow/dags/hadoop-2.7.3/share/hadoop/mapreduce/lib/xz-1.0.jar took 0.086 seconds
[2022-10-22T00:05:42.114+0000] {processor.py:156} INFO - Started process (PID=19252) to work on /opt/airflow/dags/hadoop-2.7.3/share/hadoop/mapreduce/lib/xz-1.0.jar
[2022-10-22T00:05:42.119+0000] {processor.py:758} INFO - Processing file /opt/airflow/dags/hadoop-2.7.3/share/hadoop/mapreduce/lib/xz-1.0.jar for tasks to queue
[2022-10-22T00:05:42.122+0000] {logging_mixin.py:117} INFO - [2022-10-22T00:05:42.121+0000] {dagbag.py:525} INFO - Filling up the DagBag from /opt/airflow/dags/hadoop-2.7.3/share/hadoop/mapreduce/lib/xz-1.0.jar
[2022-10-22T00:05:42.133+0000] {processor.py:770} WARNING - No viable dags retrieved from /opt/airflow/dags/hadoop-2.7.3/share/hadoop/mapreduce/lib/xz-1.0.jar
[2022-10-22T00:05:42.190+0000] {processor.py:178} INFO - Processing /opt/airflow/dags/hadoop-2.7.3/share/hadoop/mapreduce/lib/xz-1.0.jar took 0.084 seconds
[2022-10-22T00:06:14.578+0000] {processor.py:156} INFO - Started process (PID=21980) to work on /opt/airflow/dags/hadoop-2.7.3/share/hadoop/mapreduce/lib/xz-1.0.jar
[2022-10-22T00:06:14.584+0000] {processor.py:758} INFO - Processing file /opt/airflow/dags/hadoop-2.7.3/share/hadoop/mapreduce/lib/xz-1.0.jar for tasks to queue
[2022-10-22T00:06:14.587+0000] {logging_mixin.py:117} INFO - [2022-10-22T00:06:14.586+0000] {dagbag.py:525} INFO - Filling up the DagBag from /opt/airflow/dags/hadoop-2.7.3/share/hadoop/mapreduce/lib/xz-1.0.jar
[2022-10-22T00:06:14.601+0000] {processor.py:770} WARNING - No viable dags retrieved from /opt/airflow/dags/hadoop-2.7.3/share/hadoop/mapreduce/lib/xz-1.0.jar
[2022-10-22T00:06:14.662+0000] {processor.py:178} INFO - Processing /opt/airflow/dags/hadoop-2.7.3/share/hadoop/mapreduce/lib/xz-1.0.jar took 0.091 seconds
[2022-10-22T00:06:36.565+0000] {processor.py:156} INFO - Started process (PID=19765) to work on /opt/airflow/dags/hadoop-2.7.3/share/hadoop/mapreduce/lib/xz-1.0.jar
[2022-10-22T00:06:36.570+0000] {processor.py:758} INFO - Processing file /opt/airflow/dags/hadoop-2.7.3/share/hadoop/mapreduce/lib/xz-1.0.jar for tasks to queue
[2022-10-22T00:06:36.572+0000] {logging_mixin.py:117} INFO - [2022-10-22T00:06:36.572+0000] {dagbag.py:525} INFO - Filling up the DagBag from /opt/airflow/dags/hadoop-2.7.3/share/hadoop/mapreduce/lib/xz-1.0.jar
[2022-10-22T00:06:36.582+0000] {processor.py:770} WARNING - No viable dags retrieved from /opt/airflow/dags/hadoop-2.7.3/share/hadoop/mapreduce/lib/xz-1.0.jar
[2022-10-22T00:06:36.649+0000] {processor.py:178} INFO - Processing /opt/airflow/dags/hadoop-2.7.3/share/hadoop/mapreduce/lib/xz-1.0.jar took 0.092 seconds
[2022-10-22T00:07:01.183+0000] {processor.py:156} INFO - Started process (PID=22452) to work on /opt/airflow/dags/hadoop-2.7.3/share/hadoop/mapreduce/lib/xz-1.0.jar
[2022-10-22T00:07:01.192+0000] {processor.py:758} INFO - Processing file /opt/airflow/dags/hadoop-2.7.3/share/hadoop/mapreduce/lib/xz-1.0.jar for tasks to queue
[2022-10-22T00:07:01.194+0000] {logging_mixin.py:117} INFO - [2022-10-22T00:07:01.194+0000] {dagbag.py:525} INFO - Filling up the DagBag from /opt/airflow/dags/hadoop-2.7.3/share/hadoop/mapreduce/lib/xz-1.0.jar
[2022-10-22T00:07:01.203+0000] {processor.py:770} WARNING - No viable dags retrieved from /opt/airflow/dags/hadoop-2.7.3/share/hadoop/mapreduce/lib/xz-1.0.jar
[2022-10-22T00:07:01.239+0000] {processor.py:178} INFO - Processing /opt/airflow/dags/hadoop-2.7.3/share/hadoop/mapreduce/lib/xz-1.0.jar took 0.071 seconds
[2022-10-22T00:07:25.180+0000] {processor.py:156} INFO - Started process (PID=20246) to work on /opt/airflow/dags/hadoop-2.7.3/share/hadoop/mapreduce/lib/xz-1.0.jar
[2022-10-22T00:07:25.183+0000] {processor.py:758} INFO - Processing file /opt/airflow/dags/hadoop-2.7.3/share/hadoop/mapreduce/lib/xz-1.0.jar for tasks to queue
[2022-10-22T00:07:25.195+0000] {logging_mixin.py:117} INFO - [2022-10-22T00:07:25.191+0000] {dagbag.py:525} INFO - Filling up the DagBag from /opt/airflow/dags/hadoop-2.7.3/share/hadoop/mapreduce/lib/xz-1.0.jar
[2022-10-22T00:07:25.202+0000] {processor.py:770} WARNING - No viable dags retrieved from /opt/airflow/dags/hadoop-2.7.3/share/hadoop/mapreduce/lib/xz-1.0.jar
[2022-10-22T00:07:25.278+0000] {processor.py:178} INFO - Processing /opt/airflow/dags/hadoop-2.7.3/share/hadoop/mapreduce/lib/xz-1.0.jar took 0.113 seconds
[2022-10-22T00:08:48.117+0000] {processor.py:156} INFO - Started process (PID=23142) to work on /opt/airflow/dags/hadoop-2.7.3/share/hadoop/mapreduce/lib/xz-1.0.jar
[2022-10-22T00:08:48.122+0000] {processor.py:758} INFO - Processing file /opt/airflow/dags/hadoop-2.7.3/share/hadoop/mapreduce/lib/xz-1.0.jar for tasks to queue
[2022-10-22T00:08:48.125+0000] {logging_mixin.py:117} INFO - [2022-10-22T00:08:48.124+0000] {dagbag.py:525} INFO - Filling up the DagBag from /opt/airflow/dags/hadoop-2.7.3/share/hadoop/mapreduce/lib/xz-1.0.jar
[2022-10-22T00:08:48.136+0000] {processor.py:770} WARNING - No viable dags retrieved from /opt/airflow/dags/hadoop-2.7.3/share/hadoop/mapreduce/lib/xz-1.0.jar
[2022-10-22T00:08:48.174+0000] {processor.py:178} INFO - Processing /opt/airflow/dags/hadoop-2.7.3/share/hadoop/mapreduce/lib/xz-1.0.jar took 0.065 seconds
[2022-10-22T00:09:02.642+0000] {processor.py:156} INFO - Started process (PID=20794) to work on /opt/airflow/dags/hadoop-2.7.3/share/hadoop/mapreduce/lib/xz-1.0.jar
[2022-10-22T00:09:02.648+0000] {processor.py:758} INFO - Processing file /opt/airflow/dags/hadoop-2.7.3/share/hadoop/mapreduce/lib/xz-1.0.jar for tasks to queue
[2022-10-22T00:09:02.654+0000] {logging_mixin.py:117} INFO - [2022-10-22T00:09:02.654+0000] {dagbag.py:525} INFO - Filling up the DagBag from /opt/airflow/dags/hadoop-2.7.3/share/hadoop/mapreduce/lib/xz-1.0.jar
[2022-10-22T00:09:02.670+0000] {processor.py:770} WARNING - No viable dags retrieved from /opt/airflow/dags/hadoop-2.7.3/share/hadoop/mapreduce/lib/xz-1.0.jar
[2022-10-22T00:09:02.720+0000] {processor.py:178} INFO - Processing /opt/airflow/dags/hadoop-2.7.3/share/hadoop/mapreduce/lib/xz-1.0.jar took 0.088 seconds
[2022-10-22T00:09:45.052+0000] {processor.py:156} INFO - Started process (PID=23684) to work on /opt/airflow/dags/hadoop-2.7.3/share/hadoop/mapreduce/lib/xz-1.0.jar
[2022-10-22T00:09:45.059+0000] {processor.py:758} INFO - Processing file /opt/airflow/dags/hadoop-2.7.3/share/hadoop/mapreduce/lib/xz-1.0.jar for tasks to queue
[2022-10-22T00:09:45.066+0000] {logging_mixin.py:117} INFO - [2022-10-22T00:09:45.062+0000] {dagbag.py:525} INFO - Filling up the DagBag from /opt/airflow/dags/hadoop-2.7.3/share/hadoop/mapreduce/lib/xz-1.0.jar
[2022-10-22T00:09:45.077+0000] {processor.py:770} WARNING - No viable dags retrieved from /opt/airflow/dags/hadoop-2.7.3/share/hadoop/mapreduce/lib/xz-1.0.jar
[2022-10-22T00:09:45.120+0000] {processor.py:178} INFO - Processing /opt/airflow/dags/hadoop-2.7.3/share/hadoop/mapreduce/lib/xz-1.0.jar took 0.081 seconds
[2022-10-22T00:11:10.820+0000] {processor.py:156} INFO - Started process (PID=21319) to work on /opt/airflow/dags/hadoop-2.7.3/share/hadoop/mapreduce/lib/xz-1.0.jar
[2022-10-22T00:11:10.822+0000] {processor.py:758} INFO - Processing file /opt/airflow/dags/hadoop-2.7.3/share/hadoop/mapreduce/lib/xz-1.0.jar for tasks to queue
[2022-10-22T00:11:10.824+0000] {logging_mixin.py:117} INFO - [2022-10-22T00:11:10.824+0000] {dagbag.py:525} INFO - Filling up the DagBag from /opt/airflow/dags/hadoop-2.7.3/share/hadoop/mapreduce/lib/xz-1.0.jar
[2022-10-22T00:11:10.832+0000] {processor.py:770} WARNING - No viable dags retrieved from /opt/airflow/dags/hadoop-2.7.3/share/hadoop/mapreduce/lib/xz-1.0.jar
[2022-10-22T00:11:10.877+0000] {processor.py:178} INFO - Processing /opt/airflow/dags/hadoop-2.7.3/share/hadoop/mapreduce/lib/xz-1.0.jar took 0.062 seconds
[2022-10-22T00:11:32.337+0000] {processor.py:156} INFO - Started process (PID=24125) to work on /opt/airflow/dags/hadoop-2.7.3/share/hadoop/mapreduce/lib/xz-1.0.jar
[2022-10-22T00:11:32.342+0000] {processor.py:758} INFO - Processing file /opt/airflow/dags/hadoop-2.7.3/share/hadoop/mapreduce/lib/xz-1.0.jar for tasks to queue
[2022-10-22T00:11:32.349+0000] {logging_mixin.py:117} INFO - [2022-10-22T00:11:32.349+0000] {dagbag.py:525} INFO - Filling up the DagBag from /opt/airflow/dags/hadoop-2.7.3/share/hadoop/mapreduce/lib/xz-1.0.jar
[2022-10-22T00:11:32.358+0000] {processor.py:770} WARNING - No viable dags retrieved from /opt/airflow/dags/hadoop-2.7.3/share/hadoop/mapreduce/lib/xz-1.0.jar
[2022-10-22T00:11:32.383+0000] {processor.py:178} INFO - Processing /opt/airflow/dags/hadoop-2.7.3/share/hadoop/mapreduce/lib/xz-1.0.jar took 0.056 seconds
[2022-10-22T00:11:46.026+0000] {processor.py:156} INFO - Started process (PID=21834) to work on /opt/airflow/dags/hadoop-2.7.3/share/hadoop/mapreduce/lib/xz-1.0.jar
[2022-10-22T00:11:46.032+0000] {processor.py:758} INFO - Processing file /opt/airflow/dags/hadoop-2.7.3/share/hadoop/mapreduce/lib/xz-1.0.jar for tasks to queue
[2022-10-22T00:11:46.034+0000] {logging_mixin.py:117} INFO - [2022-10-22T00:11:46.034+0000] {dagbag.py:525} INFO - Filling up the DagBag from /opt/airflow/dags/hadoop-2.7.3/share/hadoop/mapreduce/lib/xz-1.0.jar
[2022-10-22T00:11:46.041+0000] {processor.py:770} WARNING - No viable dags retrieved from /opt/airflow/dags/hadoop-2.7.3/share/hadoop/mapreduce/lib/xz-1.0.jar
[2022-10-22T00:11:46.071+0000] {processor.py:178} INFO - Processing /opt/airflow/dags/hadoop-2.7.3/share/hadoop/mapreduce/lib/xz-1.0.jar took 0.055 seconds
[2022-10-22T00:12:13.633+0000] {processor.py:156} INFO - Started process (PID=24642) to work on /opt/airflow/dags/hadoop-2.7.3/share/hadoop/mapreduce/lib/xz-1.0.jar
[2022-10-22T00:12:13.649+0000] {processor.py:758} INFO - Processing file /opt/airflow/dags/hadoop-2.7.3/share/hadoop/mapreduce/lib/xz-1.0.jar for tasks to queue
[2022-10-22T00:12:13.653+0000] {logging_mixin.py:117} INFO - [2022-10-22T00:12:13.653+0000] {dagbag.py:525} INFO - Filling up the DagBag from /opt/airflow/dags/hadoop-2.7.3/share/hadoop/mapreduce/lib/xz-1.0.jar
[2022-10-22T00:12:13.680+0000] {processor.py:770} WARNING - No viable dags retrieved from /opt/airflow/dags/hadoop-2.7.3/share/hadoop/mapreduce/lib/xz-1.0.jar
[2022-10-22T00:12:13.756+0000] {processor.py:178} INFO - Processing /opt/airflow/dags/hadoop-2.7.3/share/hadoop/mapreduce/lib/xz-1.0.jar took 0.155 seconds
[2022-10-22T00:15:27.813+0000] {processor.py:156} INFO - Started process (PID=22705) to work on /opt/airflow/dags/hadoop-2.7.3/share/hadoop/mapreduce/lib/xz-1.0.jar
[2022-10-22T00:15:27.822+0000] {processor.py:758} INFO - Processing file /opt/airflow/dags/hadoop-2.7.3/share/hadoop/mapreduce/lib/xz-1.0.jar for tasks to queue
[2022-10-22T00:15:27.828+0000] {logging_mixin.py:117} INFO - [2022-10-22T00:15:27.827+0000] {dagbag.py:525} INFO - Filling up the DagBag from /opt/airflow/dags/hadoop-2.7.3/share/hadoop/mapreduce/lib/xz-1.0.jar
[2022-10-22T00:15:27.841+0000] {processor.py:770} WARNING - No viable dags retrieved from /opt/airflow/dags/hadoop-2.7.3/share/hadoop/mapreduce/lib/xz-1.0.jar
[2022-10-22T00:15:27.882+0000] {processor.py:178} INFO - Processing /opt/airflow/dags/hadoop-2.7.3/share/hadoop/mapreduce/lib/xz-1.0.jar took 0.089 seconds
[2022-10-22T00:15:41.433+0000] {processor.py:156} INFO - Started process (PID=25262) to work on /opt/airflow/dags/hadoop-2.7.3/share/hadoop/mapreduce/lib/xz-1.0.jar
[2022-10-22T00:15:41.438+0000] {processor.py:758} INFO - Processing file /opt/airflow/dags/hadoop-2.7.3/share/hadoop/mapreduce/lib/xz-1.0.jar for tasks to queue
[2022-10-22T00:15:41.443+0000] {logging_mixin.py:117} INFO - [2022-10-22T00:15:41.443+0000] {dagbag.py:525} INFO - Filling up the DagBag from /opt/airflow/dags/hadoop-2.7.3/share/hadoop/mapreduce/lib/xz-1.0.jar
[2022-10-22T00:15:41.456+0000] {processor.py:770} WARNING - No viable dags retrieved from /opt/airflow/dags/hadoop-2.7.3/share/hadoop/mapreduce/lib/xz-1.0.jar
[2022-10-22T00:15:41.488+0000] {processor.py:178} INFO - Processing /opt/airflow/dags/hadoop-2.7.3/share/hadoop/mapreduce/lib/xz-1.0.jar took 0.066 seconds
[2022-10-22T00:16:16.340+0000] {processor.py:156} INFO - Started process (PID=23221) to work on /opt/airflow/dags/hadoop-2.7.3/share/hadoop/mapreduce/lib/xz-1.0.jar
[2022-10-22T00:16:16.342+0000] {processor.py:758} INFO - Processing file /opt/airflow/dags/hadoop-2.7.3/share/hadoop/mapreduce/lib/xz-1.0.jar for tasks to queue
[2022-10-22T00:16:16.344+0000] {logging_mixin.py:117} INFO - [2022-10-22T00:16:16.343+0000] {dagbag.py:525} INFO - Filling up the DagBag from /opt/airflow/dags/hadoop-2.7.3/share/hadoop/mapreduce/lib/xz-1.0.jar
[2022-10-22T00:16:16.351+0000] {processor.py:770} WARNING - No viable dags retrieved from /opt/airflow/dags/hadoop-2.7.3/share/hadoop/mapreduce/lib/xz-1.0.jar
[2022-10-22T00:16:16.393+0000] {processor.py:178} INFO - Processing /opt/airflow/dags/hadoop-2.7.3/share/hadoop/mapreduce/lib/xz-1.0.jar took 0.061 seconds
[2022-10-22T00:16:26.387+0000] {processor.py:156} INFO - Started process (PID=25784) to work on /opt/airflow/dags/hadoop-2.7.3/share/hadoop/mapreduce/lib/xz-1.0.jar
[2022-10-22T00:16:26.389+0000] {processor.py:758} INFO - Processing file /opt/airflow/dags/hadoop-2.7.3/share/hadoop/mapreduce/lib/xz-1.0.jar for tasks to queue
[2022-10-22T00:16:26.392+0000] {logging_mixin.py:117} INFO - [2022-10-22T00:16:26.392+0000] {dagbag.py:525} INFO - Filling up the DagBag from /opt/airflow/dags/hadoop-2.7.3/share/hadoop/mapreduce/lib/xz-1.0.jar
[2022-10-22T00:16:26.402+0000] {processor.py:770} WARNING - No viable dags retrieved from /opt/airflow/dags/hadoop-2.7.3/share/hadoop/mapreduce/lib/xz-1.0.jar
[2022-10-22T00:16:26.435+0000] {processor.py:178} INFO - Processing /opt/airflow/dags/hadoop-2.7.3/share/hadoop/mapreduce/lib/xz-1.0.jar took 0.056 seconds
[2022-10-22T00:17:07.377+0000] {processor.py:156} INFO - Started process (PID=23756) to work on /opt/airflow/dags/hadoop-2.7.3/share/hadoop/mapreduce/lib/xz-1.0.jar
[2022-10-22T00:17:07.383+0000] {processor.py:758} INFO - Processing file /opt/airflow/dags/hadoop-2.7.3/share/hadoop/mapreduce/lib/xz-1.0.jar for tasks to queue
[2022-10-22T00:17:07.385+0000] {logging_mixin.py:117} INFO - [2022-10-22T00:17:07.385+0000] {dagbag.py:525} INFO - Filling up the DagBag from /opt/airflow/dags/hadoop-2.7.3/share/hadoop/mapreduce/lib/xz-1.0.jar
[2022-10-22T00:17:07.398+0000] {processor.py:770} WARNING - No viable dags retrieved from /opt/airflow/dags/hadoop-2.7.3/share/hadoop/mapreduce/lib/xz-1.0.jar
[2022-10-22T00:17:07.462+0000] {processor.py:178} INFO - Processing /opt/airflow/dags/hadoop-2.7.3/share/hadoop/mapreduce/lib/xz-1.0.jar took 0.106 seconds
[2022-10-22T00:17:17.215+0000] {processor.py:156} INFO - Started process (PID=26315) to work on /opt/airflow/dags/hadoop-2.7.3/share/hadoop/mapreduce/lib/xz-1.0.jar
[2022-10-22T00:17:17.220+0000] {processor.py:758} INFO - Processing file /opt/airflow/dags/hadoop-2.7.3/share/hadoop/mapreduce/lib/xz-1.0.jar for tasks to queue
[2022-10-22T00:17:17.223+0000] {logging_mixin.py:117} INFO - [2022-10-22T00:17:17.222+0000] {dagbag.py:525} INFO - Filling up the DagBag from /opt/airflow/dags/hadoop-2.7.3/share/hadoop/mapreduce/lib/xz-1.0.jar
[2022-10-22T00:17:17.236+0000] {processor.py:770} WARNING - No viable dags retrieved from /opt/airflow/dags/hadoop-2.7.3/share/hadoop/mapreduce/lib/xz-1.0.jar
[2022-10-22T00:17:17.287+0000] {processor.py:178} INFO - Processing /opt/airflow/dags/hadoop-2.7.3/share/hadoop/mapreduce/lib/xz-1.0.jar took 0.081 seconds
[2022-10-22T00:18:06.825+0000] {processor.py:156} INFO - Started process (PID=24373) to work on /opt/airflow/dags/hadoop-2.7.3/share/hadoop/mapreduce/lib/xz-1.0.jar
[2022-10-22T00:18:06.837+0000] {processor.py:758} INFO - Processing file /opt/airflow/dags/hadoop-2.7.3/share/hadoop/mapreduce/lib/xz-1.0.jar for tasks to queue
[2022-10-22T00:18:06.839+0000] {logging_mixin.py:117} INFO - [2022-10-22T00:18:06.839+0000] {dagbag.py:525} INFO - Filling up the DagBag from /opt/airflow/dags/hadoop-2.7.3/share/hadoop/mapreduce/lib/xz-1.0.jar
[2022-10-22T00:18:06.847+0000] {processor.py:770} WARNING - No viable dags retrieved from /opt/airflow/dags/hadoop-2.7.3/share/hadoop/mapreduce/lib/xz-1.0.jar
[2022-10-22T00:18:06.879+0000] {processor.py:178} INFO - Processing /opt/airflow/dags/hadoop-2.7.3/share/hadoop/mapreduce/lib/xz-1.0.jar took 0.070 seconds
[2022-10-22T00:18:12.097+0000] {processor.py:156} INFO - Started process (PID=26904) to work on /opt/airflow/dags/hadoop-2.7.3/share/hadoop/mapreduce/lib/xz-1.0.jar
[2022-10-22T00:18:12.101+0000] {processor.py:758} INFO - Processing file /opt/airflow/dags/hadoop-2.7.3/share/hadoop/mapreduce/lib/xz-1.0.jar for tasks to queue
[2022-10-22T00:18:12.109+0000] {logging_mixin.py:117} INFO - [2022-10-22T00:18:12.108+0000] {dagbag.py:525} INFO - Filling up the DagBag from /opt/airflow/dags/hadoop-2.7.3/share/hadoop/mapreduce/lib/xz-1.0.jar
[2022-10-22T00:18:12.122+0000] {processor.py:770} WARNING - No viable dags retrieved from /opt/airflow/dags/hadoop-2.7.3/share/hadoop/mapreduce/lib/xz-1.0.jar
[2022-10-22T00:18:12.176+0000] {processor.py:178} INFO - Processing /opt/airflow/dags/hadoop-2.7.3/share/hadoop/mapreduce/lib/xz-1.0.jar took 0.096 seconds
[2022-10-22T00:19:05.875+0000] {processor.py:156} INFO - Started process (PID=24976) to work on /opt/airflow/dags/hadoop-2.7.3/share/hadoop/mapreduce/lib/xz-1.0.jar
[2022-10-22T00:19:05.882+0000] {processor.py:758} INFO - Processing file /opt/airflow/dags/hadoop-2.7.3/share/hadoop/mapreduce/lib/xz-1.0.jar for tasks to queue
[2022-10-22T00:19:05.887+0000] {logging_mixin.py:117} INFO - [2022-10-22T00:19:05.887+0000] {dagbag.py:525} INFO - Filling up the DagBag from /opt/airflow/dags/hadoop-2.7.3/share/hadoop/mapreduce/lib/xz-1.0.jar
[2022-10-22T00:19:05.902+0000] {processor.py:770} WARNING - No viable dags retrieved from /opt/airflow/dags/hadoop-2.7.3/share/hadoop/mapreduce/lib/xz-1.0.jar
[2022-10-22T00:19:05.954+0000] {processor.py:178} INFO - Processing /opt/airflow/dags/hadoop-2.7.3/share/hadoop/mapreduce/lib/xz-1.0.jar took 0.086 seconds
[2022-10-22T00:19:06.307+0000] {processor.py:156} INFO - Started process (PID=27476) to work on /opt/airflow/dags/hadoop-2.7.3/share/hadoop/mapreduce/lib/xz-1.0.jar
[2022-10-22T00:19:06.311+0000] {processor.py:758} INFO - Processing file /opt/airflow/dags/hadoop-2.7.3/share/hadoop/mapreduce/lib/xz-1.0.jar for tasks to queue
[2022-10-22T00:19:06.314+0000] {logging_mixin.py:117} INFO - [2022-10-22T00:19:06.314+0000] {dagbag.py:525} INFO - Filling up the DagBag from /opt/airflow/dags/hadoop-2.7.3/share/hadoop/mapreduce/lib/xz-1.0.jar
[2022-10-22T00:19:06.336+0000] {processor.py:770} WARNING - No viable dags retrieved from /opt/airflow/dags/hadoop-2.7.3/share/hadoop/mapreduce/lib/xz-1.0.jar
[2022-10-22T00:19:06.404+0000] {processor.py:178} INFO - Processing /opt/airflow/dags/hadoop-2.7.3/share/hadoop/mapreduce/lib/xz-1.0.jar took 0.118 seconds
[2022-10-22T00:20:44.733+0000] {processor.py:156} INFO - Started process (PID=25606) to work on /opt/airflow/dags/hadoop-2.7.3/share/hadoop/mapreduce/lib/xz-1.0.jar
[2022-10-22T00:20:44.735+0000] {processor.py:758} INFO - Processing file /opt/airflow/dags/hadoop-2.7.3/share/hadoop/mapreduce/lib/xz-1.0.jar for tasks to queue
[2022-10-22T00:20:44.738+0000] {logging_mixin.py:117} INFO - [2022-10-22T00:20:44.737+0000] {dagbag.py:525} INFO - Filling up the DagBag from /opt/airflow/dags/hadoop-2.7.3/share/hadoop/mapreduce/lib/xz-1.0.jar
[2022-10-22T00:20:44.755+0000] {processor.py:770} WARNING - No viable dags retrieved from /opt/airflow/dags/hadoop-2.7.3/share/hadoop/mapreduce/lib/xz-1.0.jar
[2022-10-22T00:20:44.812+0000] {processor.py:178} INFO - Processing /opt/airflow/dags/hadoop-2.7.3/share/hadoop/mapreduce/lib/xz-1.0.jar took 0.087 seconds
[2022-10-22T00:20:47.801+0000] {processor.py:156} INFO - Started process (PID=28157) to work on /opt/airflow/dags/hadoop-2.7.3/share/hadoop/mapreduce/lib/xz-1.0.jar
[2022-10-22T00:20:47.807+0000] {processor.py:758} INFO - Processing file /opt/airflow/dags/hadoop-2.7.3/share/hadoop/mapreduce/lib/xz-1.0.jar for tasks to queue
[2022-10-22T00:20:47.811+0000] {logging_mixin.py:117} INFO - [2022-10-22T00:20:47.810+0000] {dagbag.py:525} INFO - Filling up the DagBag from /opt/airflow/dags/hadoop-2.7.3/share/hadoop/mapreduce/lib/xz-1.0.jar
[2022-10-22T00:20:47.820+0000] {processor.py:770} WARNING - No viable dags retrieved from /opt/airflow/dags/hadoop-2.7.3/share/hadoop/mapreduce/lib/xz-1.0.jar
[2022-10-22T00:20:47.863+0000] {processor.py:178} INFO - Processing /opt/airflow/dags/hadoop-2.7.3/share/hadoop/mapreduce/lib/xz-1.0.jar took 0.077 seconds
[2022-10-22T00:21:38.013+0000] {processor.py:156} INFO - Started process (PID=26130) to work on /opt/airflow/dags/hadoop-2.7.3/share/hadoop/mapreduce/lib/xz-1.0.jar
[2022-10-22T00:21:38.022+0000] {processor.py:758} INFO - Processing file /opt/airflow/dags/hadoop-2.7.3/share/hadoop/mapreduce/lib/xz-1.0.jar for tasks to queue
[2022-10-22T00:21:38.027+0000] {logging_mixin.py:117} INFO - [2022-10-22T00:21:38.026+0000] {dagbag.py:525} INFO - Filling up the DagBag from /opt/airflow/dags/hadoop-2.7.3/share/hadoop/mapreduce/lib/xz-1.0.jar
[2022-10-22T00:21:38.043+0000] {processor.py:770} WARNING - No viable dags retrieved from /opt/airflow/dags/hadoop-2.7.3/share/hadoop/mapreduce/lib/xz-1.0.jar
[2022-10-22T00:21:38.107+0000] {processor.py:178} INFO - Processing /opt/airflow/dags/hadoop-2.7.3/share/hadoop/mapreduce/lib/xz-1.0.jar took 0.107 seconds
[2022-10-22T00:21:40.420+0000] {processor.py:156} INFO - Started process (PID=28688) to work on /opt/airflow/dags/hadoop-2.7.3/share/hadoop/mapreduce/lib/xz-1.0.jar
[2022-10-22T00:21:40.428+0000] {processor.py:758} INFO - Processing file /opt/airflow/dags/hadoop-2.7.3/share/hadoop/mapreduce/lib/xz-1.0.jar for tasks to queue
[2022-10-22T00:21:40.432+0000] {logging_mixin.py:117} INFO - [2022-10-22T00:21:40.431+0000] {dagbag.py:525} INFO - Filling up the DagBag from /opt/airflow/dags/hadoop-2.7.3/share/hadoop/mapreduce/lib/xz-1.0.jar
[2022-10-22T00:21:40.450+0000] {processor.py:770} WARNING - No viable dags retrieved from /opt/airflow/dags/hadoop-2.7.3/share/hadoop/mapreduce/lib/xz-1.0.jar
[2022-10-22T00:21:40.500+0000] {processor.py:178} INFO - Processing /opt/airflow/dags/hadoop-2.7.3/share/hadoop/mapreduce/lib/xz-1.0.jar took 0.106 seconds
[2022-10-22T00:22:34.731+0000] {processor.py:156} INFO - Started process (PID=29210) to work on /opt/airflow/dags/hadoop-2.7.3/share/hadoop/mapreduce/lib/xz-1.0.jar
[2022-10-22T00:22:34.735+0000] {processor.py:758} INFO - Processing file /opt/airflow/dags/hadoop-2.7.3/share/hadoop/mapreduce/lib/xz-1.0.jar for tasks to queue
[2022-10-22T00:22:34.737+0000] {logging_mixin.py:117} INFO - [2022-10-22T00:22:34.737+0000] {dagbag.py:525} INFO - Filling up the DagBag from /opt/airflow/dags/hadoop-2.7.3/share/hadoop/mapreduce/lib/xz-1.0.jar
[2022-10-22T00:22:34.747+0000] {processor.py:770} WARNING - No viable dags retrieved from /opt/airflow/dags/hadoop-2.7.3/share/hadoop/mapreduce/lib/xz-1.0.jar
[2022-10-22T00:22:34.848+0000] {processor.py:178} INFO - Processing /opt/airflow/dags/hadoop-2.7.3/share/hadoop/mapreduce/lib/xz-1.0.jar took 0.126 seconds
[2022-10-22T00:22:46.764+0000] {processor.py:156} INFO - Started process (PID=26758) to work on /opt/airflow/dags/hadoop-2.7.3/share/hadoop/mapreduce/lib/xz-1.0.jar
[2022-10-22T00:22:46.769+0000] {processor.py:758} INFO - Processing file /opt/airflow/dags/hadoop-2.7.3/share/hadoop/mapreduce/lib/xz-1.0.jar for tasks to queue
[2022-10-22T00:22:46.773+0000] {logging_mixin.py:117} INFO - [2022-10-22T00:22:46.772+0000] {dagbag.py:525} INFO - Filling up the DagBag from /opt/airflow/dags/hadoop-2.7.3/share/hadoop/mapreduce/lib/xz-1.0.jar
[2022-10-22T00:22:46.789+0000] {processor.py:770} WARNING - No viable dags retrieved from /opt/airflow/dags/hadoop-2.7.3/share/hadoop/mapreduce/lib/xz-1.0.jar
[2022-10-22T00:22:46.851+0000] {processor.py:178} INFO - Processing /opt/airflow/dags/hadoop-2.7.3/share/hadoop/mapreduce/lib/xz-1.0.jar took 0.109 seconds
[2022-10-22T00:23:22.003+0000] {processor.py:156} INFO - Started process (PID=29677) to work on /opt/airflow/dags/hadoop-2.7.3/share/hadoop/mapreduce/lib/xz-1.0.jar
[2022-10-22T00:23:22.006+0000] {processor.py:758} INFO - Processing file /opt/airflow/dags/hadoop-2.7.3/share/hadoop/mapreduce/lib/xz-1.0.jar for tasks to queue
[2022-10-22T00:23:22.008+0000] {logging_mixin.py:117} INFO - [2022-10-22T00:23:22.007+0000] {dagbag.py:525} INFO - Filling up the DagBag from /opt/airflow/dags/hadoop-2.7.3/share/hadoop/mapreduce/lib/xz-1.0.jar
[2022-10-22T00:23:22.024+0000] {processor.py:770} WARNING - No viable dags retrieved from /opt/airflow/dags/hadoop-2.7.3/share/hadoop/mapreduce/lib/xz-1.0.jar
[2022-10-22T00:23:22.069+0000] {processor.py:178} INFO - Processing /opt/airflow/dags/hadoop-2.7.3/share/hadoop/mapreduce/lib/xz-1.0.jar took 0.083 seconds
[2022-10-22T00:23:32.539+0000] {processor.py:156} INFO - Started process (PID=27241) to work on /opt/airflow/dags/hadoop-2.7.3/share/hadoop/mapreduce/lib/xz-1.0.jar
[2022-10-22T00:23:32.541+0000] {processor.py:758} INFO - Processing file /opt/airflow/dags/hadoop-2.7.3/share/hadoop/mapreduce/lib/xz-1.0.jar for tasks to queue
[2022-10-22T00:23:32.543+0000] {logging_mixin.py:117} INFO - [2022-10-22T00:23:32.543+0000] {dagbag.py:525} INFO - Filling up the DagBag from /opt/airflow/dags/hadoop-2.7.3/share/hadoop/mapreduce/lib/xz-1.0.jar
[2022-10-22T00:23:32.550+0000] {processor.py:770} WARNING - No viable dags retrieved from /opt/airflow/dags/hadoop-2.7.3/share/hadoop/mapreduce/lib/xz-1.0.jar
[2022-10-22T00:23:32.584+0000] {processor.py:178} INFO - Processing /opt/airflow/dags/hadoop-2.7.3/share/hadoop/mapreduce/lib/xz-1.0.jar took 0.051 seconds
[2022-10-22T00:24:06.249+0000] {processor.py:156} INFO - Started process (PID=30197) to work on /opt/airflow/dags/hadoop-2.7.3/share/hadoop/mapreduce/lib/xz-1.0.jar
[2022-10-22T00:24:06.251+0000] {processor.py:758} INFO - Processing file /opt/airflow/dags/hadoop-2.7.3/share/hadoop/mapreduce/lib/xz-1.0.jar for tasks to queue
[2022-10-22T00:24:06.253+0000] {logging_mixin.py:117} INFO - [2022-10-22T00:24:06.253+0000] {dagbag.py:525} INFO - Filling up the DagBag from /opt/airflow/dags/hadoop-2.7.3/share/hadoop/mapreduce/lib/xz-1.0.jar
[2022-10-22T00:24:06.265+0000] {processor.py:770} WARNING - No viable dags retrieved from /opt/airflow/dags/hadoop-2.7.3/share/hadoop/mapreduce/lib/xz-1.0.jar
[2022-10-22T00:24:06.295+0000] {processor.py:178} INFO - Processing /opt/airflow/dags/hadoop-2.7.3/share/hadoop/mapreduce/lib/xz-1.0.jar took 0.052 seconds
