[2022-10-25T00:25:30.741+0000] {processor.py:156} INFO - Started process (PID=4290) to work on /opt/airflow/dags/hadoop-2.7.3/share/hadoop/hdfs/lib/netty-3.6.2.Final.jar
[2022-10-25T00:25:30.743+0000] {processor.py:758} INFO - Processing file /opt/airflow/dags/hadoop-2.7.3/share/hadoop/hdfs/lib/netty-3.6.2.Final.jar for tasks to queue
[2022-10-25T00:25:30.747+0000] {logging_mixin.py:117} INFO - [2022-10-25T00:25:30.747+0000] {dagbag.py:525} INFO - Filling up the DagBag from /opt/airflow/dags/hadoop-2.7.3/share/hadoop/hdfs/lib/netty-3.6.2.Final.jar
[2022-10-25T00:25:30.764+0000] {processor.py:770} WARNING - No viable dags retrieved from /opt/airflow/dags/hadoop-2.7.3/share/hadoop/hdfs/lib/netty-3.6.2.Final.jar
[2022-10-25T00:25:30.789+0000] {processor.py:178} INFO - Processing /opt/airflow/dags/hadoop-2.7.3/share/hadoop/hdfs/lib/netty-3.6.2.Final.jar took 0.053 seconds
[2022-10-25T00:38:12.510+0000] {processor.py:156} INFO - Started process (PID=2349) to work on /opt/airflow/dags/hadoop-2.7.3/share/hadoop/hdfs/lib/netty-3.6.2.Final.jar
[2022-10-25T00:38:12.514+0000] {processor.py:758} INFO - Processing file /opt/airflow/dags/hadoop-2.7.3/share/hadoop/hdfs/lib/netty-3.6.2.Final.jar for tasks to queue
[2022-10-25T00:38:12.518+0000] {logging_mixin.py:117} INFO - [2022-10-25T00:38:12.518+0000] {dagbag.py:525} INFO - Filling up the DagBag from /opt/airflow/dags/hadoop-2.7.3/share/hadoop/hdfs/lib/netty-3.6.2.Final.jar
[2022-10-25T00:38:12.539+0000] {processor.py:770} WARNING - No viable dags retrieved from /opt/airflow/dags/hadoop-2.7.3/share/hadoop/hdfs/lib/netty-3.6.2.Final.jar
[2022-10-25T00:38:12.573+0000] {processor.py:178} INFO - Processing /opt/airflow/dags/hadoop-2.7.3/share/hadoop/hdfs/lib/netty-3.6.2.Final.jar took 0.070 seconds
[2022-10-25T00:38:22.282+0000] {processor.py:156} INFO - Started process (PID=4838) to work on /opt/airflow/dags/hadoop-2.7.3/share/hadoop/hdfs/lib/netty-3.6.2.Final.jar
[2022-10-25T00:38:22.285+0000] {processor.py:758} INFO - Processing file /opt/airflow/dags/hadoop-2.7.3/share/hadoop/hdfs/lib/netty-3.6.2.Final.jar for tasks to queue
[2022-10-25T00:38:22.288+0000] {logging_mixin.py:117} INFO - [2022-10-25T00:38:22.287+0000] {dagbag.py:525} INFO - Filling up the DagBag from /opt/airflow/dags/hadoop-2.7.3/share/hadoop/hdfs/lib/netty-3.6.2.Final.jar
[2022-10-25T00:38:22.323+0000] {processor.py:770} WARNING - No viable dags retrieved from /opt/airflow/dags/hadoop-2.7.3/share/hadoop/hdfs/lib/netty-3.6.2.Final.jar
[2022-10-25T00:38:22.370+0000] {processor.py:178} INFO - Processing /opt/airflow/dags/hadoop-2.7.3/share/hadoop/hdfs/lib/netty-3.6.2.Final.jar took 0.096 seconds
[2022-10-25T00:38:50.606+0000] {processor.py:156} INFO - Started process (PID=2864) to work on /opt/airflow/dags/hadoop-2.7.3/share/hadoop/hdfs/lib/netty-3.6.2.Final.jar
[2022-10-25T00:38:50.609+0000] {processor.py:758} INFO - Processing file /opt/airflow/dags/hadoop-2.7.3/share/hadoop/hdfs/lib/netty-3.6.2.Final.jar for tasks to queue
[2022-10-25T00:38:50.616+0000] {logging_mixin.py:117} INFO - [2022-10-25T00:38:50.615+0000] {dagbag.py:525} INFO - Filling up the DagBag from /opt/airflow/dags/hadoop-2.7.3/share/hadoop/hdfs/lib/netty-3.6.2.Final.jar
[2022-10-25T00:38:50.652+0000] {processor.py:770} WARNING - No viable dags retrieved from /opt/airflow/dags/hadoop-2.7.3/share/hadoop/hdfs/lib/netty-3.6.2.Final.jar
[2022-10-25T00:38:50.710+0000] {processor.py:178} INFO - Processing /opt/airflow/dags/hadoop-2.7.3/share/hadoop/hdfs/lib/netty-3.6.2.Final.jar took 0.114 seconds
[2022-10-25T00:39:02.005+0000] {processor.py:156} INFO - Started process (PID=5354) to work on /opt/airflow/dags/hadoop-2.7.3/share/hadoop/hdfs/lib/netty-3.6.2.Final.jar
[2022-10-25T00:39:02.008+0000] {processor.py:758} INFO - Processing file /opt/airflow/dags/hadoop-2.7.3/share/hadoop/hdfs/lib/netty-3.6.2.Final.jar for tasks to queue
[2022-10-25T00:39:02.010+0000] {logging_mixin.py:117} INFO - [2022-10-25T00:39:02.010+0000] {dagbag.py:525} INFO - Filling up the DagBag from /opt/airflow/dags/hadoop-2.7.3/share/hadoop/hdfs/lib/netty-3.6.2.Final.jar
[2022-10-25T00:39:02.039+0000] {processor.py:770} WARNING - No viable dags retrieved from /opt/airflow/dags/hadoop-2.7.3/share/hadoop/hdfs/lib/netty-3.6.2.Final.jar
[2022-10-25T00:39:02.103+0000] {processor.py:178} INFO - Processing /opt/airflow/dags/hadoop-2.7.3/share/hadoop/hdfs/lib/netty-3.6.2.Final.jar took 0.106 seconds
[2022-10-25T00:39:29.963+0000] {processor.py:156} INFO - Started process (PID=3373) to work on /opt/airflow/dags/hadoop-2.7.3/share/hadoop/hdfs/lib/netty-3.6.2.Final.jar
[2022-10-25T00:39:29.966+0000] {processor.py:758} INFO - Processing file /opt/airflow/dags/hadoop-2.7.3/share/hadoop/hdfs/lib/netty-3.6.2.Final.jar for tasks to queue
[2022-10-25T00:39:29.969+0000] {logging_mixin.py:117} INFO - [2022-10-25T00:39:29.969+0000] {dagbag.py:525} INFO - Filling up the DagBag from /opt/airflow/dags/hadoop-2.7.3/share/hadoop/hdfs/lib/netty-3.6.2.Final.jar
[2022-10-25T00:39:29.995+0000] {processor.py:770} WARNING - No viable dags retrieved from /opt/airflow/dags/hadoop-2.7.3/share/hadoop/hdfs/lib/netty-3.6.2.Final.jar
[2022-10-25T00:39:30.025+0000] {processor.py:178} INFO - Processing /opt/airflow/dags/hadoop-2.7.3/share/hadoop/hdfs/lib/netty-3.6.2.Final.jar took 0.068 seconds
[2022-10-25T00:52:45.327+0000] {processor.py:156} INFO - Started process (PID=5941) to work on /opt/airflow/dags/hadoop-2.7.3/share/hadoop/hdfs/lib/netty-3.6.2.Final.jar
[2022-10-25T00:52:45.329+0000] {processor.py:758} INFO - Processing file /opt/airflow/dags/hadoop-2.7.3/share/hadoop/hdfs/lib/netty-3.6.2.Final.jar for tasks to queue
[2022-10-25T00:52:45.332+0000] {logging_mixin.py:117} INFO - [2022-10-25T00:52:45.331+0000] {dagbag.py:525} INFO - Filling up the DagBag from /opt/airflow/dags/hadoop-2.7.3/share/hadoop/hdfs/lib/netty-3.6.2.Final.jar
[2022-10-25T00:52:45.362+0000] {processor.py:770} WARNING - No viable dags retrieved from /opt/airflow/dags/hadoop-2.7.3/share/hadoop/hdfs/lib/netty-3.6.2.Final.jar
[2022-10-25T00:52:45.392+0000] {processor.py:178} INFO - Processing /opt/airflow/dags/hadoop-2.7.3/share/hadoop/hdfs/lib/netty-3.6.2.Final.jar took 0.076 seconds
[2022-10-25T00:53:05.543+0000] {processor.py:156} INFO - Started process (PID=3856) to work on /opt/airflow/dags/hadoop-2.7.3/share/hadoop/hdfs/lib/netty-3.6.2.Final.jar
[2022-10-25T00:53:05.546+0000] {processor.py:758} INFO - Processing file /opt/airflow/dags/hadoop-2.7.3/share/hadoop/hdfs/lib/netty-3.6.2.Final.jar for tasks to queue
[2022-10-25T00:53:05.551+0000] {logging_mixin.py:117} INFO - [2022-10-25T00:53:05.550+0000] {dagbag.py:525} INFO - Filling up the DagBag from /opt/airflow/dags/hadoop-2.7.3/share/hadoop/hdfs/lib/netty-3.6.2.Final.jar
[2022-10-25T00:53:05.588+0000] {processor.py:770} WARNING - No viable dags retrieved from /opt/airflow/dags/hadoop-2.7.3/share/hadoop/hdfs/lib/netty-3.6.2.Final.jar
[2022-10-25T00:53:05.637+0000] {processor.py:178} INFO - Processing /opt/airflow/dags/hadoop-2.7.3/share/hadoop/hdfs/lib/netty-3.6.2.Final.jar took 0.106 seconds
[2022-10-25T00:53:26.608+0000] {processor.py:156} INFO - Started process (PID=6456) to work on /opt/airflow/dags/hadoop-2.7.3/share/hadoop/hdfs/lib/netty-3.6.2.Final.jar
[2022-10-25T00:53:26.611+0000] {processor.py:758} INFO - Processing file /opt/airflow/dags/hadoop-2.7.3/share/hadoop/hdfs/lib/netty-3.6.2.Final.jar for tasks to queue
[2022-10-25T00:53:26.613+0000] {logging_mixin.py:117} INFO - [2022-10-25T00:53:26.613+0000] {dagbag.py:525} INFO - Filling up the DagBag from /opt/airflow/dags/hadoop-2.7.3/share/hadoop/hdfs/lib/netty-3.6.2.Final.jar
[2022-10-25T00:53:26.690+0000] {processor.py:770} WARNING - No viable dags retrieved from /opt/airflow/dags/hadoop-2.7.3/share/hadoop/hdfs/lib/netty-3.6.2.Final.jar
[2022-10-25T00:53:26.750+0000] {processor.py:178} INFO - Processing /opt/airflow/dags/hadoop-2.7.3/share/hadoop/hdfs/lib/netty-3.6.2.Final.jar took 0.150 seconds
[2022-10-25T00:53:46.977+0000] {processor.py:156} INFO - Started process (PID=4371) to work on /opt/airflow/dags/hadoop-2.7.3/share/hadoop/hdfs/lib/netty-3.6.2.Final.jar
[2022-10-25T00:53:46.979+0000] {processor.py:758} INFO - Processing file /opt/airflow/dags/hadoop-2.7.3/share/hadoop/hdfs/lib/netty-3.6.2.Final.jar for tasks to queue
[2022-10-25T00:53:46.984+0000] {logging_mixin.py:117} INFO - [2022-10-25T00:53:46.984+0000] {dagbag.py:525} INFO - Filling up the DagBag from /opt/airflow/dags/hadoop-2.7.3/share/hadoop/hdfs/lib/netty-3.6.2.Final.jar
[2022-10-25T00:53:47.005+0000] {processor.py:770} WARNING - No viable dags retrieved from /opt/airflow/dags/hadoop-2.7.3/share/hadoop/hdfs/lib/netty-3.6.2.Final.jar
[2022-10-25T00:53:47.035+0000] {processor.py:178} INFO - Processing /opt/airflow/dags/hadoop-2.7.3/share/hadoop/hdfs/lib/netty-3.6.2.Final.jar took 0.065 seconds
[2022-10-25T00:54:04.513+0000] {processor.py:156} INFO - Started process (PID=6937) to work on /opt/airflow/dags/hadoop-2.7.3/share/hadoop/hdfs/lib/netty-3.6.2.Final.jar
[2022-10-25T00:54:04.518+0000] {processor.py:758} INFO - Processing file /opt/airflow/dags/hadoop-2.7.3/share/hadoop/hdfs/lib/netty-3.6.2.Final.jar for tasks to queue
[2022-10-25T00:54:04.522+0000] {logging_mixin.py:117} INFO - [2022-10-25T00:54:04.521+0000] {dagbag.py:525} INFO - Filling up the DagBag from /opt/airflow/dags/hadoop-2.7.3/share/hadoop/hdfs/lib/netty-3.6.2.Final.jar
[2022-10-25T00:54:04.549+0000] {processor.py:770} WARNING - No viable dags retrieved from /opt/airflow/dags/hadoop-2.7.3/share/hadoop/hdfs/lib/netty-3.6.2.Final.jar
[2022-10-25T00:54:04.579+0000] {processor.py:178} INFO - Processing /opt/airflow/dags/hadoop-2.7.3/share/hadoop/hdfs/lib/netty-3.6.2.Final.jar took 0.072 seconds
[2022-10-25T00:54:28.497+0000] {processor.py:156} INFO - Started process (PID=4871) to work on /opt/airflow/dags/hadoop-2.7.3/share/hadoop/hdfs/lib/netty-3.6.2.Final.jar
[2022-10-25T00:54:28.501+0000] {processor.py:758} INFO - Processing file /opt/airflow/dags/hadoop-2.7.3/share/hadoop/hdfs/lib/netty-3.6.2.Final.jar for tasks to queue
[2022-10-25T00:54:28.506+0000] {logging_mixin.py:117} INFO - [2022-10-25T00:54:28.506+0000] {dagbag.py:525} INFO - Filling up the DagBag from /opt/airflow/dags/hadoop-2.7.3/share/hadoop/hdfs/lib/netty-3.6.2.Final.jar
[2022-10-25T00:54:28.562+0000] {processor.py:770} WARNING - No viable dags retrieved from /opt/airflow/dags/hadoop-2.7.3/share/hadoop/hdfs/lib/netty-3.6.2.Final.jar
[2022-10-25T00:54:28.637+0000] {processor.py:178} INFO - Processing /opt/airflow/dags/hadoop-2.7.3/share/hadoop/hdfs/lib/netty-3.6.2.Final.jar took 0.153 seconds
[2022-10-25T00:54:46.260+0000] {processor.py:156} INFO - Started process (PID=7369) to work on /opt/airflow/dags/hadoop-2.7.3/share/hadoop/hdfs/lib/netty-3.6.2.Final.jar
[2022-10-25T00:54:46.264+0000] {processor.py:758} INFO - Processing file /opt/airflow/dags/hadoop-2.7.3/share/hadoop/hdfs/lib/netty-3.6.2.Final.jar for tasks to queue
[2022-10-25T00:54:46.266+0000] {logging_mixin.py:117} INFO - [2022-10-25T00:54:46.266+0000] {dagbag.py:525} INFO - Filling up the DagBag from /opt/airflow/dags/hadoop-2.7.3/share/hadoop/hdfs/lib/netty-3.6.2.Final.jar
[2022-10-25T00:54:46.316+0000] {processor.py:770} WARNING - No viable dags retrieved from /opt/airflow/dags/hadoop-2.7.3/share/hadoop/hdfs/lib/netty-3.6.2.Final.jar
[2022-10-25T00:54:46.369+0000] {processor.py:178} INFO - Processing /opt/airflow/dags/hadoop-2.7.3/share/hadoop/hdfs/lib/netty-3.6.2.Final.jar took 0.122 seconds
[2022-10-25T00:55:33.039+0000] {processor.py:156} INFO - Started process (PID=5385) to work on /opt/airflow/dags/hadoop-2.7.3/share/hadoop/hdfs/lib/netty-3.6.2.Final.jar
[2022-10-25T00:55:33.047+0000] {processor.py:758} INFO - Processing file /opt/airflow/dags/hadoop-2.7.3/share/hadoop/hdfs/lib/netty-3.6.2.Final.jar for tasks to queue
[2022-10-25T00:55:33.063+0000] {logging_mixin.py:117} INFO - [2022-10-25T00:55:33.062+0000] {dagbag.py:525} INFO - Filling up the DagBag from /opt/airflow/dags/hadoop-2.7.3/share/hadoop/hdfs/lib/netty-3.6.2.Final.jar
[2022-10-25T00:55:33.111+0000] {processor.py:770} WARNING - No viable dags retrieved from /opt/airflow/dags/hadoop-2.7.3/share/hadoop/hdfs/lib/netty-3.6.2.Final.jar
[2022-10-25T00:55:33.177+0000] {processor.py:178} INFO - Processing /opt/airflow/dags/hadoop-2.7.3/share/hadoop/hdfs/lib/netty-3.6.2.Final.jar took 0.155 seconds
[2022-10-25T00:55:56.435+0000] {processor.py:156} INFO - Started process (PID=7817) to work on /opt/airflow/dags/hadoop-2.7.3/share/hadoop/hdfs/lib/netty-3.6.2.Final.jar
[2022-10-25T00:55:56.442+0000] {processor.py:758} INFO - Processing file /opt/airflow/dags/hadoop-2.7.3/share/hadoop/hdfs/lib/netty-3.6.2.Final.jar for tasks to queue
[2022-10-25T00:55:56.448+0000] {logging_mixin.py:117} INFO - [2022-10-25T00:55:56.447+0000] {dagbag.py:525} INFO - Filling up the DagBag from /opt/airflow/dags/hadoop-2.7.3/share/hadoop/hdfs/lib/netty-3.6.2.Final.jar
[2022-10-25T00:55:56.526+0000] {processor.py:770} WARNING - No viable dags retrieved from /opt/airflow/dags/hadoop-2.7.3/share/hadoop/hdfs/lib/netty-3.6.2.Final.jar
[2022-10-25T00:55:56.603+0000] {processor.py:178} INFO - Processing /opt/airflow/dags/hadoop-2.7.3/share/hadoop/hdfs/lib/netty-3.6.2.Final.jar took 0.225 seconds
[2022-10-25T00:56:25.587+0000] {processor.py:156} INFO - Started process (PID=5697) to work on /opt/airflow/dags/hadoop-2.7.3/share/hadoop/hdfs/lib/netty-3.6.2.Final.jar
[2022-10-25T00:56:25.596+0000] {processor.py:758} INFO - Processing file /opt/airflow/dags/hadoop-2.7.3/share/hadoop/hdfs/lib/netty-3.6.2.Final.jar for tasks to queue
[2022-10-25T00:56:25.607+0000] {logging_mixin.py:117} INFO - [2022-10-25T00:56:25.606+0000] {dagbag.py:525} INFO - Filling up the DagBag from /opt/airflow/dags/hadoop-2.7.3/share/hadoop/hdfs/lib/netty-3.6.2.Final.jar
[2022-10-25T00:56:25.728+0000] {processor.py:770} WARNING - No viable dags retrieved from /opt/airflow/dags/hadoop-2.7.3/share/hadoop/hdfs/lib/netty-3.6.2.Final.jar
[2022-10-25T00:56:25.828+0000] {processor.py:178} INFO - Processing /opt/airflow/dags/hadoop-2.7.3/share/hadoop/hdfs/lib/netty-3.6.2.Final.jar took 0.258 seconds
[2022-10-25T00:56:55.693+0000] {processor.py:156} INFO - Started process (PID=8161) to work on /opt/airflow/dags/hadoop-2.7.3/share/hadoop/hdfs/lib/netty-3.6.2.Final.jar
[2022-10-25T00:56:55.697+0000] {processor.py:758} INFO - Processing file /opt/airflow/dags/hadoop-2.7.3/share/hadoop/hdfs/lib/netty-3.6.2.Final.jar for tasks to queue
[2022-10-25T00:56:55.704+0000] {logging_mixin.py:117} INFO - [2022-10-25T00:56:55.703+0000] {dagbag.py:525} INFO - Filling up the DagBag from /opt/airflow/dags/hadoop-2.7.3/share/hadoop/hdfs/lib/netty-3.6.2.Final.jar
[2022-10-25T00:56:55.779+0000] {processor.py:770} WARNING - No viable dags retrieved from /opt/airflow/dags/hadoop-2.7.3/share/hadoop/hdfs/lib/netty-3.6.2.Final.jar
[2022-10-25T00:56:55.896+0000] {processor.py:178} INFO - Processing /opt/airflow/dags/hadoop-2.7.3/share/hadoop/hdfs/lib/netty-3.6.2.Final.jar took 0.233 seconds
[2022-10-25T14:08:37.705+0000] {processor.py:156} INFO - Started process (PID=18675) to work on /opt/airflow/dags/hadoop-2.7.3/share/hadoop/hdfs/lib/netty-3.6.2.Final.jar
[2022-10-25T14:08:37.707+0000] {processor.py:758} INFO - Processing file /opt/airflow/dags/hadoop-2.7.3/share/hadoop/hdfs/lib/netty-3.6.2.Final.jar for tasks to queue
[2022-10-25T14:08:37.710+0000] {logging_mixin.py:117} INFO - [2022-10-25T14:08:37.710+0000] {dagbag.py:525} INFO - Filling up the DagBag from /opt/airflow/dags/hadoop-2.7.3/share/hadoop/hdfs/lib/netty-3.6.2.Final.jar
[2022-10-25T14:08:37.730+0000] {processor.py:770} WARNING - No viable dags retrieved from /opt/airflow/dags/hadoop-2.7.3/share/hadoop/hdfs/lib/netty-3.6.2.Final.jar
[2022-10-25T14:08:37.753+0000] {processor.py:178} INFO - Processing /opt/airflow/dags/hadoop-2.7.3/share/hadoop/hdfs/lib/netty-3.6.2.Final.jar took 0.458 seconds
[2022-10-25T14:08:52.142+0000] {processor.py:156} INFO - Started process (PID=17586) to work on /opt/airflow/dags/hadoop-2.7.3/share/hadoop/hdfs/lib/netty-3.6.2.Final.jar
[2022-10-25T14:08:52.146+0000] {processor.py:758} INFO - Processing file /opt/airflow/dags/hadoop-2.7.3/share/hadoop/hdfs/lib/netty-3.6.2.Final.jar for tasks to queue
[2022-10-25T14:08:52.149+0000] {logging_mixin.py:117} INFO - [2022-10-25T14:08:52.149+0000] {dagbag.py:525} INFO - Filling up the DagBag from /opt/airflow/dags/hadoop-2.7.3/share/hadoop/hdfs/lib/netty-3.6.2.Final.jar
[2022-10-25T14:08:52.181+0000] {processor.py:770} WARNING - No viable dags retrieved from /opt/airflow/dags/hadoop-2.7.3/share/hadoop/hdfs/lib/netty-3.6.2.Final.jar
[2022-10-25T14:08:52.221+0000] {processor.py:178} INFO - Processing /opt/airflow/dags/hadoop-2.7.3/share/hadoop/hdfs/lib/netty-3.6.2.Final.jar took 0.091 seconds
[2022-10-25T14:09:24.343+0000] {processor.py:156} INFO - Started process (PID=19192) to work on /opt/airflow/dags/hadoop-2.7.3/share/hadoop/hdfs/lib/netty-3.6.2.Final.jar
[2022-10-25T14:09:24.346+0000] {processor.py:758} INFO - Processing file /opt/airflow/dags/hadoop-2.7.3/share/hadoop/hdfs/lib/netty-3.6.2.Final.jar for tasks to queue
[2022-10-25T14:09:24.349+0000] {logging_mixin.py:117} INFO - [2022-10-25T14:09:24.348+0000] {dagbag.py:525} INFO - Filling up the DagBag from /opt/airflow/dags/hadoop-2.7.3/share/hadoop/hdfs/lib/netty-3.6.2.Final.jar
[2022-10-25T14:09:24.386+0000] {processor.py:770} WARNING - No viable dags retrieved from /opt/airflow/dags/hadoop-2.7.3/share/hadoop/hdfs/lib/netty-3.6.2.Final.jar
[2022-10-25T14:09:24.435+0000] {processor.py:178} INFO - Processing /opt/airflow/dags/hadoop-2.7.3/share/hadoop/hdfs/lib/netty-3.6.2.Final.jar took 0.100 seconds
[2022-10-25T14:09:37.456+0000] {processor.py:156} INFO - Started process (PID=18102) to work on /opt/airflow/dags/hadoop-2.7.3/share/hadoop/hdfs/lib/netty-3.6.2.Final.jar
[2022-10-25T14:09:37.462+0000] {processor.py:758} INFO - Processing file /opt/airflow/dags/hadoop-2.7.3/share/hadoop/hdfs/lib/netty-3.6.2.Final.jar for tasks to queue
[2022-10-25T14:09:37.466+0000] {logging_mixin.py:117} INFO - [2022-10-25T14:09:37.466+0000] {dagbag.py:525} INFO - Filling up the DagBag from /opt/airflow/dags/hadoop-2.7.3/share/hadoop/hdfs/lib/netty-3.6.2.Final.jar
[2022-10-25T14:09:37.508+0000] {processor.py:770} WARNING - No viable dags retrieved from /opt/airflow/dags/hadoop-2.7.3/share/hadoop/hdfs/lib/netty-3.6.2.Final.jar
[2022-10-25T14:09:37.557+0000] {processor.py:178} INFO - Processing /opt/airflow/dags/hadoop-2.7.3/share/hadoop/hdfs/lib/netty-3.6.2.Final.jar took 0.110 seconds
[2022-10-25T14:10:04.015+0000] {processor.py:156} INFO - Started process (PID=19708) to work on /opt/airflow/dags/hadoop-2.7.3/share/hadoop/hdfs/lib/netty-3.6.2.Final.jar
[2022-10-25T14:10:04.018+0000] {processor.py:758} INFO - Processing file /opt/airflow/dags/hadoop-2.7.3/share/hadoop/hdfs/lib/netty-3.6.2.Final.jar for tasks to queue
[2022-10-25T14:10:04.020+0000] {logging_mixin.py:117} INFO - [2022-10-25T14:10:04.020+0000] {dagbag.py:525} INFO - Filling up the DagBag from /opt/airflow/dags/hadoop-2.7.3/share/hadoop/hdfs/lib/netty-3.6.2.Final.jar
[2022-10-25T14:10:04.064+0000] {processor.py:770} WARNING - No viable dags retrieved from /opt/airflow/dags/hadoop-2.7.3/share/hadoop/hdfs/lib/netty-3.6.2.Final.jar
[2022-10-25T14:10:04.119+0000] {processor.py:178} INFO - Processing /opt/airflow/dags/hadoop-2.7.3/share/hadoop/hdfs/lib/netty-3.6.2.Final.jar took 0.112 seconds
[2022-10-25T14:10:16.774+0000] {processor.py:156} INFO - Started process (PID=18587) to work on /opt/airflow/dags/hadoop-2.7.3/share/hadoop/hdfs/lib/netty-3.6.2.Final.jar
[2022-10-25T14:10:16.779+0000] {processor.py:758} INFO - Processing file /opt/airflow/dags/hadoop-2.7.3/share/hadoop/hdfs/lib/netty-3.6.2.Final.jar for tasks to queue
[2022-10-25T14:10:16.783+0000] {logging_mixin.py:117} INFO - [2022-10-25T14:10:16.782+0000] {dagbag.py:525} INFO - Filling up the DagBag from /opt/airflow/dags/hadoop-2.7.3/share/hadoop/hdfs/lib/netty-3.6.2.Final.jar
[2022-10-25T14:10:16.810+0000] {processor.py:770} WARNING - No viable dags retrieved from /opt/airflow/dags/hadoop-2.7.3/share/hadoop/hdfs/lib/netty-3.6.2.Final.jar
[2022-10-25T14:10:16.846+0000] {processor.py:178} INFO - Processing /opt/airflow/dags/hadoop-2.7.3/share/hadoop/hdfs/lib/netty-3.6.2.Final.jar took 0.082 seconds
[2022-10-25T14:10:47.618+0000] {processor.py:156} INFO - Started process (PID=20224) to work on /opt/airflow/dags/hadoop-2.7.3/share/hadoop/hdfs/lib/netty-3.6.2.Final.jar
[2022-10-25T14:10:47.621+0000] {processor.py:758} INFO - Processing file /opt/airflow/dags/hadoop-2.7.3/share/hadoop/hdfs/lib/netty-3.6.2.Final.jar for tasks to queue
[2022-10-25T14:10:47.632+0000] {logging_mixin.py:117} INFO - [2022-10-25T14:10:47.631+0000] {dagbag.py:525} INFO - Filling up the DagBag from /opt/airflow/dags/hadoop-2.7.3/share/hadoop/hdfs/lib/netty-3.6.2.Final.jar
[2022-10-25T14:10:47.676+0000] {processor.py:770} WARNING - No viable dags retrieved from /opt/airflow/dags/hadoop-2.7.3/share/hadoop/hdfs/lib/netty-3.6.2.Final.jar
[2022-10-25T14:10:47.710+0000] {processor.py:178} INFO - Processing /opt/airflow/dags/hadoop-2.7.3/share/hadoop/hdfs/lib/netty-3.6.2.Final.jar took 0.100 seconds
[2022-10-25T14:11:01.363+0000] {processor.py:156} INFO - Started process (PID=19102) to work on /opt/airflow/dags/hadoop-2.7.3/share/hadoop/hdfs/lib/netty-3.6.2.Final.jar
[2022-10-25T14:11:01.365+0000] {processor.py:758} INFO - Processing file /opt/airflow/dags/hadoop-2.7.3/share/hadoop/hdfs/lib/netty-3.6.2.Final.jar for tasks to queue
[2022-10-25T14:11:01.367+0000] {logging_mixin.py:117} INFO - [2022-10-25T14:11:01.367+0000] {dagbag.py:525} INFO - Filling up the DagBag from /opt/airflow/dags/hadoop-2.7.3/share/hadoop/hdfs/lib/netty-3.6.2.Final.jar
[2022-10-25T14:11:01.395+0000] {processor.py:770} WARNING - No viable dags retrieved from /opt/airflow/dags/hadoop-2.7.3/share/hadoop/hdfs/lib/netty-3.6.2.Final.jar
[2022-10-25T14:11:01.461+0000] {processor.py:178} INFO - Processing /opt/airflow/dags/hadoop-2.7.3/share/hadoop/hdfs/lib/netty-3.6.2.Final.jar took 0.107 seconds
[2022-10-25T14:11:23.828+0000] {processor.py:156} INFO - Started process (PID=20671) to work on /opt/airflow/dags/hadoop-2.7.3/share/hadoop/hdfs/lib/netty-3.6.2.Final.jar
[2022-10-25T14:11:23.831+0000] {processor.py:758} INFO - Processing file /opt/airflow/dags/hadoop-2.7.3/share/hadoop/hdfs/lib/netty-3.6.2.Final.jar for tasks to queue
[2022-10-25T14:11:23.842+0000] {logging_mixin.py:117} INFO - [2022-10-25T14:11:23.842+0000] {dagbag.py:525} INFO - Filling up the DagBag from /opt/airflow/dags/hadoop-2.7.3/share/hadoop/hdfs/lib/netty-3.6.2.Final.jar
[2022-10-25T14:11:23.882+0000] {processor.py:770} WARNING - No viable dags retrieved from /opt/airflow/dags/hadoop-2.7.3/share/hadoop/hdfs/lib/netty-3.6.2.Final.jar
[2022-10-25T14:11:23.946+0000] {processor.py:178} INFO - Processing /opt/airflow/dags/hadoop-2.7.3/share/hadoop/hdfs/lib/netty-3.6.2.Final.jar took 0.140 seconds
[2022-10-25T14:11:38.611+0000] {processor.py:156} INFO - Started process (PID=19562) to work on /opt/airflow/dags/hadoop-2.7.3/share/hadoop/hdfs/lib/netty-3.6.2.Final.jar
[2022-10-25T14:11:38.614+0000] {processor.py:758} INFO - Processing file /opt/airflow/dags/hadoop-2.7.3/share/hadoop/hdfs/lib/netty-3.6.2.Final.jar for tasks to queue
[2022-10-25T14:11:38.616+0000] {logging_mixin.py:117} INFO - [2022-10-25T14:11:38.615+0000] {dagbag.py:525} INFO - Filling up the DagBag from /opt/airflow/dags/hadoop-2.7.3/share/hadoop/hdfs/lib/netty-3.6.2.Final.jar
[2022-10-25T14:11:38.643+0000] {processor.py:770} WARNING - No viable dags retrieved from /opt/airflow/dags/hadoop-2.7.3/share/hadoop/hdfs/lib/netty-3.6.2.Final.jar
[2022-10-25T14:11:38.674+0000] {processor.py:178} INFO - Processing /opt/airflow/dags/hadoop-2.7.3/share/hadoop/hdfs/lib/netty-3.6.2.Final.jar took 0.070 seconds
[2022-10-25T14:12:00.899+0000] {processor.py:156} INFO - Started process (PID=21109) to work on /opt/airflow/dags/hadoop-2.7.3/share/hadoop/hdfs/lib/netty-3.6.2.Final.jar
[2022-10-25T14:12:01.020+0000] {processor.py:758} INFO - Processing file /opt/airflow/dags/hadoop-2.7.3/share/hadoop/hdfs/lib/netty-3.6.2.Final.jar for tasks to queue
[2022-10-25T14:12:01.023+0000] {logging_mixin.py:117} INFO - [2022-10-25T14:12:01.023+0000] {dagbag.py:525} INFO - Filling up the DagBag from /opt/airflow/dags/hadoop-2.7.3/share/hadoop/hdfs/lib/netty-3.6.2.Final.jar
[2022-10-25T14:12:01.060+0000] {processor.py:770} WARNING - No viable dags retrieved from /opt/airflow/dags/hadoop-2.7.3/share/hadoop/hdfs/lib/netty-3.6.2.Final.jar
[2022-10-25T14:12:01.103+0000] {processor.py:178} INFO - Processing /opt/airflow/dags/hadoop-2.7.3/share/hadoop/hdfs/lib/netty-3.6.2.Final.jar took 0.218 seconds
[2022-10-25T14:12:19.525+0000] {processor.py:156} INFO - Started process (PID=20029) to work on /opt/airflow/dags/hadoop-2.7.3/share/hadoop/hdfs/lib/netty-3.6.2.Final.jar
[2022-10-25T14:12:19.527+0000] {processor.py:758} INFO - Processing file /opt/airflow/dags/hadoop-2.7.3/share/hadoop/hdfs/lib/netty-3.6.2.Final.jar for tasks to queue
[2022-10-25T14:12:19.530+0000] {logging_mixin.py:117} INFO - [2022-10-25T14:12:19.529+0000] {dagbag.py:525} INFO - Filling up the DagBag from /opt/airflow/dags/hadoop-2.7.3/share/hadoop/hdfs/lib/netty-3.6.2.Final.jar
[2022-10-25T14:12:19.568+0000] {processor.py:770} WARNING - No viable dags retrieved from /opt/airflow/dags/hadoop-2.7.3/share/hadoop/hdfs/lib/netty-3.6.2.Final.jar
[2022-10-25T14:12:19.601+0000] {processor.py:178} INFO - Processing /opt/airflow/dags/hadoop-2.7.3/share/hadoop/hdfs/lib/netty-3.6.2.Final.jar took 0.084 seconds
[2022-10-25T14:13:26.865+0000] {processor.py:156} INFO - Started process (PID=21657) to work on /opt/airflow/dags/hadoop-2.7.3/share/hadoop/hdfs/lib/netty-3.6.2.Final.jar
[2022-10-25T14:13:26.868+0000] {processor.py:758} INFO - Processing file /opt/airflow/dags/hadoop-2.7.3/share/hadoop/hdfs/lib/netty-3.6.2.Final.jar for tasks to queue
[2022-10-25T14:13:26.870+0000] {logging_mixin.py:117} INFO - [2022-10-25T14:13:26.870+0000] {dagbag.py:525} INFO - Filling up the DagBag from /opt/airflow/dags/hadoop-2.7.3/share/hadoop/hdfs/lib/netty-3.6.2.Final.jar
[2022-10-25T14:13:26.899+0000] {processor.py:770} WARNING - No viable dags retrieved from /opt/airflow/dags/hadoop-2.7.3/share/hadoop/hdfs/lib/netty-3.6.2.Final.jar
[2022-10-25T14:13:26.934+0000] {processor.py:178} INFO - Processing /opt/airflow/dags/hadoop-2.7.3/share/hadoop/hdfs/lib/netty-3.6.2.Final.jar took 0.075 seconds
[2022-10-25T14:13:50.431+0000] {processor.py:156} INFO - Started process (PID=20646) to work on /opt/airflow/dags/hadoop-2.7.3/share/hadoop/hdfs/lib/netty-3.6.2.Final.jar
[2022-10-25T14:13:50.433+0000] {processor.py:758} INFO - Processing file /opt/airflow/dags/hadoop-2.7.3/share/hadoop/hdfs/lib/netty-3.6.2.Final.jar for tasks to queue
[2022-10-25T14:13:50.436+0000] {logging_mixin.py:117} INFO - [2022-10-25T14:13:50.436+0000] {dagbag.py:525} INFO - Filling up the DagBag from /opt/airflow/dags/hadoop-2.7.3/share/hadoop/hdfs/lib/netty-3.6.2.Final.jar
[2022-10-25T14:13:50.468+0000] {processor.py:770} WARNING - No viable dags retrieved from /opt/airflow/dags/hadoop-2.7.3/share/hadoop/hdfs/lib/netty-3.6.2.Final.jar
[2022-10-25T14:13:50.502+0000] {processor.py:178} INFO - Processing /opt/airflow/dags/hadoop-2.7.3/share/hadoop/hdfs/lib/netty-3.6.2.Final.jar took 0.080 seconds
[2022-10-25T14:14:09.688+0000] {processor.py:156} INFO - Started process (PID=22172) to work on /opt/airflow/dags/hadoop-2.7.3/share/hadoop/hdfs/lib/netty-3.6.2.Final.jar
[2022-10-25T14:14:09.692+0000] {processor.py:758} INFO - Processing file /opt/airflow/dags/hadoop-2.7.3/share/hadoop/hdfs/lib/netty-3.6.2.Final.jar for tasks to queue
[2022-10-25T14:14:09.696+0000] {logging_mixin.py:117} INFO - [2022-10-25T14:14:09.695+0000] {dagbag.py:525} INFO - Filling up the DagBag from /opt/airflow/dags/hadoop-2.7.3/share/hadoop/hdfs/lib/netty-3.6.2.Final.jar
[2022-10-25T14:14:09.755+0000] {processor.py:770} WARNING - No viable dags retrieved from /opt/airflow/dags/hadoop-2.7.3/share/hadoop/hdfs/lib/netty-3.6.2.Final.jar
[2022-10-25T14:14:09.794+0000] {processor.py:178} INFO - Processing /opt/airflow/dags/hadoop-2.7.3/share/hadoop/hdfs/lib/netty-3.6.2.Final.jar took 0.121 seconds
[2022-10-25T14:14:32.449+0000] {processor.py:156} INFO - Started process (PID=21105) to work on /opt/airflow/dags/hadoop-2.7.3/share/hadoop/hdfs/lib/netty-3.6.2.Final.jar
[2022-10-25T14:14:32.454+0000] {processor.py:758} INFO - Processing file /opt/airflow/dags/hadoop-2.7.3/share/hadoop/hdfs/lib/netty-3.6.2.Final.jar for tasks to queue
[2022-10-25T14:14:32.456+0000] {logging_mixin.py:117} INFO - [2022-10-25T14:14:32.455+0000] {dagbag.py:525} INFO - Filling up the DagBag from /opt/airflow/dags/hadoop-2.7.3/share/hadoop/hdfs/lib/netty-3.6.2.Final.jar
[2022-10-25T14:14:32.493+0000] {processor.py:770} WARNING - No viable dags retrieved from /opt/airflow/dags/hadoop-2.7.3/share/hadoop/hdfs/lib/netty-3.6.2.Final.jar
[2022-10-25T14:14:32.554+0000] {processor.py:178} INFO - Processing /opt/airflow/dags/hadoop-2.7.3/share/hadoop/hdfs/lib/netty-3.6.2.Final.jar took 0.117 seconds
[2022-10-25T14:14:47.244+0000] {processor.py:156} INFO - Started process (PID=22588) to work on /opt/airflow/dags/hadoop-2.7.3/share/hadoop/hdfs/lib/netty-3.6.2.Final.jar
[2022-10-25T14:14:47.247+0000] {processor.py:758} INFO - Processing file /opt/airflow/dags/hadoop-2.7.3/share/hadoop/hdfs/lib/netty-3.6.2.Final.jar for tasks to queue
[2022-10-25T14:14:47.253+0000] {logging_mixin.py:117} INFO - [2022-10-25T14:14:47.252+0000] {dagbag.py:525} INFO - Filling up the DagBag from /opt/airflow/dags/hadoop-2.7.3/share/hadoop/hdfs/lib/netty-3.6.2.Final.jar
[2022-10-25T14:14:47.301+0000] {processor.py:770} WARNING - No viable dags retrieved from /opt/airflow/dags/hadoop-2.7.3/share/hadoop/hdfs/lib/netty-3.6.2.Final.jar
[2022-10-25T14:14:47.339+0000] {processor.py:178} INFO - Processing /opt/airflow/dags/hadoop-2.7.3/share/hadoop/hdfs/lib/netty-3.6.2.Final.jar took 0.106 seconds
[2022-10-25T14:15:23.715+0000] {processor.py:156} INFO - Started process (PID=21619) to work on /opt/airflow/dags/hadoop-2.7.3/share/hadoop/hdfs/lib/netty-3.6.2.Final.jar
[2022-10-25T14:15:23.729+0000] {processor.py:758} INFO - Processing file /opt/airflow/dags/hadoop-2.7.3/share/hadoop/hdfs/lib/netty-3.6.2.Final.jar for tasks to queue
[2022-10-25T14:15:23.736+0000] {logging_mixin.py:117} INFO - [2022-10-25T14:15:23.736+0000] {dagbag.py:525} INFO - Filling up the DagBag from /opt/airflow/dags/hadoop-2.7.3/share/hadoop/hdfs/lib/netty-3.6.2.Final.jar
[2022-10-25T14:15:23.781+0000] {processor.py:770} WARNING - No viable dags retrieved from /opt/airflow/dags/hadoop-2.7.3/share/hadoop/hdfs/lib/netty-3.6.2.Final.jar
[2022-10-25T14:15:23.841+0000] {processor.py:178} INFO - Processing /opt/airflow/dags/hadoop-2.7.3/share/hadoop/hdfs/lib/netty-3.6.2.Final.jar took 0.147 seconds
[2022-10-25T14:15:32.153+0000] {processor.py:156} INFO - Started process (PID=22974) to work on /opt/airflow/dags/hadoop-2.7.3/share/hadoop/hdfs/lib/netty-3.6.2.Final.jar
[2022-10-25T14:15:32.157+0000] {processor.py:758} INFO - Processing file /opt/airflow/dags/hadoop-2.7.3/share/hadoop/hdfs/lib/netty-3.6.2.Final.jar for tasks to queue
[2022-10-25T14:15:32.162+0000] {logging_mixin.py:117} INFO - [2022-10-25T14:15:32.162+0000] {dagbag.py:525} INFO - Filling up the DagBag from /opt/airflow/dags/hadoop-2.7.3/share/hadoop/hdfs/lib/netty-3.6.2.Final.jar
[2022-10-25T14:15:32.248+0000] {processor.py:770} WARNING - No viable dags retrieved from /opt/airflow/dags/hadoop-2.7.3/share/hadoop/hdfs/lib/netty-3.6.2.Final.jar
[2022-10-25T14:15:32.305+0000] {processor.py:178} INFO - Processing /opt/airflow/dags/hadoop-2.7.3/share/hadoop/hdfs/lib/netty-3.6.2.Final.jar took 0.168 seconds
[2022-10-25T14:16:17.416+0000] {processor.py:156} INFO - Started process (PID=22134) to work on /opt/airflow/dags/hadoop-2.7.3/share/hadoop/hdfs/lib/netty-3.6.2.Final.jar
[2022-10-25T14:16:17.420+0000] {processor.py:758} INFO - Processing file /opt/airflow/dags/hadoop-2.7.3/share/hadoop/hdfs/lib/netty-3.6.2.Final.jar for tasks to queue
[2022-10-25T14:16:17.423+0000] {logging_mixin.py:117} INFO - [2022-10-25T14:16:17.423+0000] {dagbag.py:525} INFO - Filling up the DagBag from /opt/airflow/dags/hadoop-2.7.3/share/hadoop/hdfs/lib/netty-3.6.2.Final.jar
[2022-10-25T14:16:17.469+0000] {processor.py:770} WARNING - No viable dags retrieved from /opt/airflow/dags/hadoop-2.7.3/share/hadoop/hdfs/lib/netty-3.6.2.Final.jar
[2022-10-25T14:16:17.519+0000] {processor.py:178} INFO - Processing /opt/airflow/dags/hadoop-2.7.3/share/hadoop/hdfs/lib/netty-3.6.2.Final.jar took 0.112 seconds
[2022-10-25T14:16:23.862+0000] {processor.py:156} INFO - Started process (PID=23497) to work on /opt/airflow/dags/hadoop-2.7.3/share/hadoop/hdfs/lib/netty-3.6.2.Final.jar
[2022-10-25T14:16:23.870+0000] {processor.py:758} INFO - Processing file /opt/airflow/dags/hadoop-2.7.3/share/hadoop/hdfs/lib/netty-3.6.2.Final.jar for tasks to queue
[2022-10-25T14:16:23.873+0000] {logging_mixin.py:117} INFO - [2022-10-25T14:16:23.873+0000] {dagbag.py:525} INFO - Filling up the DagBag from /opt/airflow/dags/hadoop-2.7.3/share/hadoop/hdfs/lib/netty-3.6.2.Final.jar
[2022-10-25T14:16:23.920+0000] {processor.py:770} WARNING - No viable dags retrieved from /opt/airflow/dags/hadoop-2.7.3/share/hadoop/hdfs/lib/netty-3.6.2.Final.jar
[2022-10-25T14:16:23.984+0000] {processor.py:178} INFO - Processing /opt/airflow/dags/hadoop-2.7.3/share/hadoop/hdfs/lib/netty-3.6.2.Final.jar took 0.133 seconds
[2022-10-25T14:16:58.915+0000] {processor.py:156} INFO - Started process (PID=22520) to work on /opt/airflow/dags/hadoop-2.7.3/share/hadoop/hdfs/lib/netty-3.6.2.Final.jar
[2022-10-25T14:16:58.919+0000] {processor.py:758} INFO - Processing file /opt/airflow/dags/hadoop-2.7.3/share/hadoop/hdfs/lib/netty-3.6.2.Final.jar for tasks to queue
[2022-10-25T14:16:58.923+0000] {logging_mixin.py:117} INFO - [2022-10-25T14:16:58.923+0000] {dagbag.py:525} INFO - Filling up the DagBag from /opt/airflow/dags/hadoop-2.7.3/share/hadoop/hdfs/lib/netty-3.6.2.Final.jar
[2022-10-25T14:16:58.978+0000] {processor.py:770} WARNING - No viable dags retrieved from /opt/airflow/dags/hadoop-2.7.3/share/hadoop/hdfs/lib/netty-3.6.2.Final.jar
[2022-10-25T14:16:59.039+0000] {processor.py:178} INFO - Processing /opt/airflow/dags/hadoop-2.7.3/share/hadoop/hdfs/lib/netty-3.6.2.Final.jar took 0.150 seconds
[2022-10-25T14:17:07.357+0000] {processor.py:156} INFO - Started process (PID=23898) to work on /opt/airflow/dags/hadoop-2.7.3/share/hadoop/hdfs/lib/netty-3.6.2.Final.jar
[2022-10-25T14:17:07.360+0000] {processor.py:758} INFO - Processing file /opt/airflow/dags/hadoop-2.7.3/share/hadoop/hdfs/lib/netty-3.6.2.Final.jar for tasks to queue
[2022-10-25T14:17:07.364+0000] {logging_mixin.py:117} INFO - [2022-10-25T14:17:07.363+0000] {dagbag.py:525} INFO - Filling up the DagBag from /opt/airflow/dags/hadoop-2.7.3/share/hadoop/hdfs/lib/netty-3.6.2.Final.jar
[2022-10-25T14:17:07.414+0000] {processor.py:770} WARNING - No viable dags retrieved from /opt/airflow/dags/hadoop-2.7.3/share/hadoop/hdfs/lib/netty-3.6.2.Final.jar
[2022-10-25T14:17:07.479+0000] {processor.py:178} INFO - Processing /opt/airflow/dags/hadoop-2.7.3/share/hadoop/hdfs/lib/netty-3.6.2.Final.jar took 0.140 seconds
[2022-10-25T14:17:51.340+0000] {processor.py:156} INFO - Started process (PID=23010) to work on /opt/airflow/dags/hadoop-2.7.3/share/hadoop/hdfs/lib/netty-3.6.2.Final.jar
[2022-10-25T14:17:51.343+0000] {processor.py:758} INFO - Processing file /opt/airflow/dags/hadoop-2.7.3/share/hadoop/hdfs/lib/netty-3.6.2.Final.jar for tasks to queue
[2022-10-25T14:17:51.346+0000] {logging_mixin.py:117} INFO - [2022-10-25T14:17:51.345+0000] {dagbag.py:525} INFO - Filling up the DagBag from /opt/airflow/dags/hadoop-2.7.3/share/hadoop/hdfs/lib/netty-3.6.2.Final.jar
[2022-10-25T14:17:51.382+0000] {processor.py:770} WARNING - No viable dags retrieved from /opt/airflow/dags/hadoop-2.7.3/share/hadoop/hdfs/lib/netty-3.6.2.Final.jar
[2022-10-25T14:17:51.422+0000] {processor.py:178} INFO - Processing /opt/airflow/dags/hadoop-2.7.3/share/hadoop/hdfs/lib/netty-3.6.2.Final.jar took 0.088 seconds
