[2022-10-22T00:01:04.602+0000] {processor.py:156} INFO - Started process (PID=19346) to work on /opt/airflow/dags/hadoop-2.7.3/share/hadoop/yarn/sources/hadoop-yarn-applications-distributedshell-2.7.3-sources.jar
[2022-10-22T00:01:04.613+0000] {processor.py:758} INFO - Processing file /opt/airflow/dags/hadoop-2.7.3/share/hadoop/yarn/sources/hadoop-yarn-applications-distributedshell-2.7.3-sources.jar for tasks to queue
[2022-10-22T00:01:04.627+0000] {logging_mixin.py:117} INFO - [2022-10-22T00:01:04.626+0000] {dagbag.py:525} INFO - Filling up the DagBag from /opt/airflow/dags/hadoop-2.7.3/share/hadoop/yarn/sources/hadoop-yarn-applications-distributedshell-2.7.3-sources.jar
[2022-10-22T00:01:04.640+0000] {processor.py:770} WARNING - No viable dags retrieved from /opt/airflow/dags/hadoop-2.7.3/share/hadoop/yarn/sources/hadoop-yarn-applications-distributedshell-2.7.3-sources.jar
[2022-10-22T00:01:04.749+0000] {processor.py:178} INFO - Processing /opt/airflow/dags/hadoop-2.7.3/share/hadoop/yarn/sources/hadoop-yarn-applications-distributedshell-2.7.3-sources.jar took 0.165 seconds
[2022-10-22T00:01:06.095+0000] {processor.py:156} INFO - Started process (PID=17143) to work on /opt/airflow/dags/hadoop-2.7.3/share/hadoop/yarn/sources/hadoop-yarn-applications-distributedshell-2.7.3-sources.jar
[2022-10-22T00:01:06.100+0000] {processor.py:758} INFO - Processing file /opt/airflow/dags/hadoop-2.7.3/share/hadoop/yarn/sources/hadoop-yarn-applications-distributedshell-2.7.3-sources.jar for tasks to queue
[2022-10-22T00:01:06.102+0000] {logging_mixin.py:117} INFO - [2022-10-22T00:01:06.102+0000] {dagbag.py:525} INFO - Filling up the DagBag from /opt/airflow/dags/hadoop-2.7.3/share/hadoop/yarn/sources/hadoop-yarn-applications-distributedshell-2.7.3-sources.jar
[2022-10-22T00:01:06.109+0000] {processor.py:770} WARNING - No viable dags retrieved from /opt/airflow/dags/hadoop-2.7.3/share/hadoop/yarn/sources/hadoop-yarn-applications-distributedshell-2.7.3-sources.jar
[2022-10-22T00:01:06.152+0000] {processor.py:178} INFO - Processing /opt/airflow/dags/hadoop-2.7.3/share/hadoop/yarn/sources/hadoop-yarn-applications-distributedshell-2.7.3-sources.jar took 0.074 seconds
[2022-10-22T00:02:24.670+0000] {processor.py:156} INFO - Started process (PID=17737) to work on /opt/airflow/dags/hadoop-2.7.3/share/hadoop/yarn/sources/hadoop-yarn-applications-distributedshell-2.7.3-sources.jar
[2022-10-22T00:02:24.672+0000] {processor.py:758} INFO - Processing file /opt/airflow/dags/hadoop-2.7.3/share/hadoop/yarn/sources/hadoop-yarn-applications-distributedshell-2.7.3-sources.jar for tasks to queue
[2022-10-22T00:02:24.674+0000] {logging_mixin.py:117} INFO - [2022-10-22T00:02:24.674+0000] {dagbag.py:525} INFO - Filling up the DagBag from /opt/airflow/dags/hadoop-2.7.3/share/hadoop/yarn/sources/hadoop-yarn-applications-distributedshell-2.7.3-sources.jar
[2022-10-22T00:02:24.681+0000] {processor.py:770} WARNING - No viable dags retrieved from /opt/airflow/dags/hadoop-2.7.3/share/hadoop/yarn/sources/hadoop-yarn-applications-distributedshell-2.7.3-sources.jar
[2022-10-22T00:02:24.713+0000] {processor.py:178} INFO - Processing /opt/airflow/dags/hadoop-2.7.3/share/hadoop/yarn/sources/hadoop-yarn-applications-distributedshell-2.7.3-sources.jar took 0.055 seconds
[2022-10-22T00:02:37.393+0000] {processor.py:156} INFO - Started process (PID=20217) to work on /opt/airflow/dags/hadoop-2.7.3/share/hadoop/yarn/sources/hadoop-yarn-applications-distributedshell-2.7.3-sources.jar
[2022-10-22T00:02:37.396+0000] {processor.py:758} INFO - Processing file /opt/airflow/dags/hadoop-2.7.3/share/hadoop/yarn/sources/hadoop-yarn-applications-distributedshell-2.7.3-sources.jar for tasks to queue
[2022-10-22T00:02:37.398+0000] {logging_mixin.py:117} INFO - [2022-10-22T00:02:37.397+0000] {dagbag.py:525} INFO - Filling up the DagBag from /opt/airflow/dags/hadoop-2.7.3/share/hadoop/yarn/sources/hadoop-yarn-applications-distributedshell-2.7.3-sources.jar
[2022-10-22T00:02:37.408+0000] {processor.py:770} WARNING - No viable dags retrieved from /opt/airflow/dags/hadoop-2.7.3/share/hadoop/yarn/sources/hadoop-yarn-applications-distributedshell-2.7.3-sources.jar
[2022-10-22T00:02:37.455+0000] {processor.py:178} INFO - Processing /opt/airflow/dags/hadoop-2.7.3/share/hadoop/yarn/sources/hadoop-yarn-applications-distributedshell-2.7.3-sources.jar took 0.071 seconds
[2022-10-22T00:04:08.113+0000] {processor.py:156} INFO - Started process (PID=18378) to work on /opt/airflow/dags/hadoop-2.7.3/share/hadoop/yarn/sources/hadoop-yarn-applications-distributedshell-2.7.3-sources.jar
[2022-10-22T00:04:08.118+0000] {processor.py:758} INFO - Processing file /opt/airflow/dags/hadoop-2.7.3/share/hadoop/yarn/sources/hadoop-yarn-applications-distributedshell-2.7.3-sources.jar for tasks to queue
[2022-10-22T00:04:08.122+0000] {logging_mixin.py:117} INFO - [2022-10-22T00:04:08.122+0000] {dagbag.py:525} INFO - Filling up the DagBag from /opt/airflow/dags/hadoop-2.7.3/share/hadoop/yarn/sources/hadoop-yarn-applications-distributedshell-2.7.3-sources.jar
[2022-10-22T00:04:08.133+0000] {processor.py:770} WARNING - No viable dags retrieved from /opt/airflow/dags/hadoop-2.7.3/share/hadoop/yarn/sources/hadoop-yarn-applications-distributedshell-2.7.3-sources.jar
[2022-10-22T00:04:08.250+0000] {processor.py:178} INFO - Processing /opt/airflow/dags/hadoop-2.7.3/share/hadoop/yarn/sources/hadoop-yarn-applications-distributedshell-2.7.3-sources.jar took 0.150 seconds
[2022-10-22T00:04:23.310+0000] {processor.py:156} INFO - Started process (PID=20900) to work on /opt/airflow/dags/hadoop-2.7.3/share/hadoop/yarn/sources/hadoop-yarn-applications-distributedshell-2.7.3-sources.jar
[2022-10-22T00:04:23.322+0000] {processor.py:758} INFO - Processing file /opt/airflow/dags/hadoop-2.7.3/share/hadoop/yarn/sources/hadoop-yarn-applications-distributedshell-2.7.3-sources.jar for tasks to queue
[2022-10-22T00:04:23.325+0000] {logging_mixin.py:117} INFO - [2022-10-22T00:04:23.325+0000] {dagbag.py:525} INFO - Filling up the DagBag from /opt/airflow/dags/hadoop-2.7.3/share/hadoop/yarn/sources/hadoop-yarn-applications-distributedshell-2.7.3-sources.jar
[2022-10-22T00:04:23.333+0000] {processor.py:770} WARNING - No viable dags retrieved from /opt/airflow/dags/hadoop-2.7.3/share/hadoop/yarn/sources/hadoop-yarn-applications-distributedshell-2.7.3-sources.jar
[2022-10-22T00:04:23.459+0000] {processor.py:178} INFO - Processing /opt/airflow/dags/hadoop-2.7.3/share/hadoop/yarn/sources/hadoop-yarn-applications-distributedshell-2.7.3-sources.jar took 0.168 seconds
[2022-10-22T00:05:07.350+0000] {processor.py:156} INFO - Started process (PID=18903) to work on /opt/airflow/dags/hadoop-2.7.3/share/hadoop/yarn/sources/hadoop-yarn-applications-distributedshell-2.7.3-sources.jar
[2022-10-22T00:05:07.356+0000] {processor.py:758} INFO - Processing file /opt/airflow/dags/hadoop-2.7.3/share/hadoop/yarn/sources/hadoop-yarn-applications-distributedshell-2.7.3-sources.jar for tasks to queue
[2022-10-22T00:05:07.358+0000] {logging_mixin.py:117} INFO - [2022-10-22T00:05:07.358+0000] {dagbag.py:525} INFO - Filling up the DagBag from /opt/airflow/dags/hadoop-2.7.3/share/hadoop/yarn/sources/hadoop-yarn-applications-distributedshell-2.7.3-sources.jar
[2022-10-22T00:05:07.364+0000] {processor.py:770} WARNING - No viable dags retrieved from /opt/airflow/dags/hadoop-2.7.3/share/hadoop/yarn/sources/hadoop-yarn-applications-distributedshell-2.7.3-sources.jar
[2022-10-22T00:05:07.418+0000] {processor.py:178} INFO - Processing /opt/airflow/dags/hadoop-2.7.3/share/hadoop/yarn/sources/hadoop-yarn-applications-distributedshell-2.7.3-sources.jar took 0.079 seconds
[2022-10-22T00:05:37.489+0000] {processor.py:156} INFO - Started process (PID=21623) to work on /opt/airflow/dags/hadoop-2.7.3/share/hadoop/yarn/sources/hadoop-yarn-applications-distributedshell-2.7.3-sources.jar
[2022-10-22T00:05:37.494+0000] {processor.py:758} INFO - Processing file /opt/airflow/dags/hadoop-2.7.3/share/hadoop/yarn/sources/hadoop-yarn-applications-distributedshell-2.7.3-sources.jar for tasks to queue
[2022-10-22T00:05:37.496+0000] {logging_mixin.py:117} INFO - [2022-10-22T00:05:37.496+0000] {dagbag.py:525} INFO - Filling up the DagBag from /opt/airflow/dags/hadoop-2.7.3/share/hadoop/yarn/sources/hadoop-yarn-applications-distributedshell-2.7.3-sources.jar
[2022-10-22T00:05:37.502+0000] {processor.py:770} WARNING - No viable dags retrieved from /opt/airflow/dags/hadoop-2.7.3/share/hadoop/yarn/sources/hadoop-yarn-applications-distributedshell-2.7.3-sources.jar
[2022-10-22T00:05:37.539+0000] {processor.py:178} INFO - Processing /opt/airflow/dags/hadoop-2.7.3/share/hadoop/yarn/sources/hadoop-yarn-applications-distributedshell-2.7.3-sources.jar took 0.058 seconds
[2022-10-22T00:06:17.175+0000] {processor.py:156} INFO - Started process (PID=19569) to work on /opt/airflow/dags/hadoop-2.7.3/share/hadoop/yarn/sources/hadoop-yarn-applications-distributedshell-2.7.3-sources.jar
[2022-10-22T00:06:17.182+0000] {processor.py:758} INFO - Processing file /opt/airflow/dags/hadoop-2.7.3/share/hadoop/yarn/sources/hadoop-yarn-applications-distributedshell-2.7.3-sources.jar for tasks to queue
[2022-10-22T00:06:17.186+0000] {logging_mixin.py:117} INFO - [2022-10-22T00:06:17.185+0000] {dagbag.py:525} INFO - Filling up the DagBag from /opt/airflow/dags/hadoop-2.7.3/share/hadoop/yarn/sources/hadoop-yarn-applications-distributedshell-2.7.3-sources.jar
[2022-10-22T00:06:17.197+0000] {processor.py:770} WARNING - No viable dags retrieved from /opt/airflow/dags/hadoop-2.7.3/share/hadoop/yarn/sources/hadoop-yarn-applications-distributedshell-2.7.3-sources.jar
[2022-10-22T00:06:17.250+0000] {processor.py:178} INFO - Processing /opt/airflow/dags/hadoop-2.7.3/share/hadoop/yarn/sources/hadoop-yarn-applications-distributedshell-2.7.3-sources.jar took 0.097 seconds
[2022-10-22T00:06:45.128+0000] {processor.py:156} INFO - Started process (PID=22291) to work on /opt/airflow/dags/hadoop-2.7.3/share/hadoop/yarn/sources/hadoop-yarn-applications-distributedshell-2.7.3-sources.jar
[2022-10-22T00:06:45.133+0000] {processor.py:758} INFO - Processing file /opt/airflow/dags/hadoop-2.7.3/share/hadoop/yarn/sources/hadoop-yarn-applications-distributedshell-2.7.3-sources.jar for tasks to queue
[2022-10-22T00:06:45.137+0000] {logging_mixin.py:117} INFO - [2022-10-22T00:06:45.136+0000] {dagbag.py:525} INFO - Filling up the DagBag from /opt/airflow/dags/hadoop-2.7.3/share/hadoop/yarn/sources/hadoop-yarn-applications-distributedshell-2.7.3-sources.jar
[2022-10-22T00:06:45.158+0000] {processor.py:770} WARNING - No viable dags retrieved from /opt/airflow/dags/hadoop-2.7.3/share/hadoop/yarn/sources/hadoop-yarn-applications-distributedshell-2.7.3-sources.jar
[2022-10-22T00:06:45.189+0000] {processor.py:178} INFO - Processing /opt/airflow/dags/hadoop-2.7.3/share/hadoop/yarn/sources/hadoop-yarn-applications-distributedshell-2.7.3-sources.jar took 0.074 seconds
[2022-10-22T00:07:27.669+0000] {processor.py:156} INFO - Started process (PID=20271) to work on /opt/airflow/dags/hadoop-2.7.3/share/hadoop/yarn/sources/hadoop-yarn-applications-distributedshell-2.7.3-sources.jar
[2022-10-22T00:07:27.672+0000] {processor.py:758} INFO - Processing file /opt/airflow/dags/hadoop-2.7.3/share/hadoop/yarn/sources/hadoop-yarn-applications-distributedshell-2.7.3-sources.jar for tasks to queue
[2022-10-22T00:07:27.674+0000] {logging_mixin.py:117} INFO - [2022-10-22T00:07:27.674+0000] {dagbag.py:525} INFO - Filling up the DagBag from /opt/airflow/dags/hadoop-2.7.3/share/hadoop/yarn/sources/hadoop-yarn-applications-distributedshell-2.7.3-sources.jar
[2022-10-22T00:07:27.681+0000] {processor.py:770} WARNING - No viable dags retrieved from /opt/airflow/dags/hadoop-2.7.3/share/hadoop/yarn/sources/hadoop-yarn-applications-distributedshell-2.7.3-sources.jar
[2022-10-22T00:07:27.736+0000] {processor.py:178} INFO - Processing /opt/airflow/dags/hadoop-2.7.3/share/hadoop/yarn/sources/hadoop-yarn-applications-distributedshell-2.7.3-sources.jar took 0.076 seconds
[2022-10-22T00:07:48.525+0000] {processor.py:156} INFO - Started process (PID=22921) to work on /opt/airflow/dags/hadoop-2.7.3/share/hadoop/yarn/sources/hadoop-yarn-applications-distributedshell-2.7.3-sources.jar
[2022-10-22T00:07:48.538+0000] {processor.py:758} INFO - Processing file /opt/airflow/dags/hadoop-2.7.3/share/hadoop/yarn/sources/hadoop-yarn-applications-distributedshell-2.7.3-sources.jar for tasks to queue
[2022-10-22T00:07:48.545+0000] {logging_mixin.py:117} INFO - [2022-10-22T00:07:48.544+0000] {dagbag.py:525} INFO - Filling up the DagBag from /opt/airflow/dags/hadoop-2.7.3/share/hadoop/yarn/sources/hadoop-yarn-applications-distributedshell-2.7.3-sources.jar
[2022-10-22T00:07:48.558+0000] {processor.py:770} WARNING - No viable dags retrieved from /opt/airflow/dags/hadoop-2.7.3/share/hadoop/yarn/sources/hadoop-yarn-applications-distributedshell-2.7.3-sources.jar
[2022-10-22T00:07:48.622+0000] {processor.py:178} INFO - Processing /opt/airflow/dags/hadoop-2.7.3/share/hadoop/yarn/sources/hadoop-yarn-applications-distributedshell-2.7.3-sources.jar took 0.116 seconds
[2022-10-22T00:09:14.161+0000] {processor.py:156} INFO - Started process (PID=20898) to work on /opt/airflow/dags/hadoop-2.7.3/share/hadoop/yarn/sources/hadoop-yarn-applications-distributedshell-2.7.3-sources.jar
[2022-10-22T00:09:14.165+0000] {processor.py:758} INFO - Processing file /opt/airflow/dags/hadoop-2.7.3/share/hadoop/yarn/sources/hadoop-yarn-applications-distributedshell-2.7.3-sources.jar for tasks to queue
[2022-10-22T00:09:14.169+0000] {logging_mixin.py:117} INFO - [2022-10-22T00:09:14.169+0000] {dagbag.py:525} INFO - Filling up the DagBag from /opt/airflow/dags/hadoop-2.7.3/share/hadoop/yarn/sources/hadoop-yarn-applications-distributedshell-2.7.3-sources.jar
[2022-10-22T00:09:14.179+0000] {processor.py:770} WARNING - No viable dags retrieved from /opt/airflow/dags/hadoop-2.7.3/share/hadoop/yarn/sources/hadoop-yarn-applications-distributedshell-2.7.3-sources.jar
[2022-10-22T00:09:14.231+0000] {processor.py:178} INFO - Processing /opt/airflow/dags/hadoop-2.7.3/share/hadoop/yarn/sources/hadoop-yarn-applications-distributedshell-2.7.3-sources.jar took 0.082 seconds
[2022-10-22T00:09:27.957+0000] {processor.py:156} INFO - Started process (PID=23511) to work on /opt/airflow/dags/hadoop-2.7.3/share/hadoop/yarn/sources/hadoop-yarn-applications-distributedshell-2.7.3-sources.jar
[2022-10-22T00:09:27.961+0000] {processor.py:758} INFO - Processing file /opt/airflow/dags/hadoop-2.7.3/share/hadoop/yarn/sources/hadoop-yarn-applications-distributedshell-2.7.3-sources.jar for tasks to queue
[2022-10-22T00:09:27.965+0000] {logging_mixin.py:117} INFO - [2022-10-22T00:09:27.965+0000] {dagbag.py:525} INFO - Filling up the DagBag from /opt/airflow/dags/hadoop-2.7.3/share/hadoop/yarn/sources/hadoop-yarn-applications-distributedshell-2.7.3-sources.jar
[2022-10-22T00:09:27.974+0000] {processor.py:770} WARNING - No viable dags retrieved from /opt/airflow/dags/hadoop-2.7.3/share/hadoop/yarn/sources/hadoop-yarn-applications-distributedshell-2.7.3-sources.jar
[2022-10-22T00:09:28.047+0000] {processor.py:178} INFO - Processing /opt/airflow/dags/hadoop-2.7.3/share/hadoop/yarn/sources/hadoop-yarn-applications-distributedshell-2.7.3-sources.jar took 0.115 seconds
[2022-10-22T00:11:43.237+0000] {processor.py:156} INFO - Started process (PID=21780) to work on /opt/airflow/dags/hadoop-2.7.3/share/hadoop/yarn/sources/hadoop-yarn-applications-distributedshell-2.7.3-sources.jar
[2022-10-22T00:11:43.239+0000] {processor.py:758} INFO - Processing file /opt/airflow/dags/hadoop-2.7.3/share/hadoop/yarn/sources/hadoop-yarn-applications-distributedshell-2.7.3-sources.jar for tasks to queue
[2022-10-22T00:11:43.241+0000] {logging_mixin.py:117} INFO - [2022-10-22T00:11:43.241+0000] {dagbag.py:525} INFO - Filling up the DagBag from /opt/airflow/dags/hadoop-2.7.3/share/hadoop/yarn/sources/hadoop-yarn-applications-distributedshell-2.7.3-sources.jar
[2022-10-22T00:11:43.245+0000] {processor.py:770} WARNING - No viable dags retrieved from /opt/airflow/dags/hadoop-2.7.3/share/hadoop/yarn/sources/hadoop-yarn-applications-distributedshell-2.7.3-sources.jar
[2022-10-22T00:11:43.300+0000] {processor.py:178} INFO - Processing /opt/airflow/dags/hadoop-2.7.3/share/hadoop/yarn/sources/hadoop-yarn-applications-distributedshell-2.7.3-sources.jar took 0.071 seconds
[2022-10-22T00:11:43.348+0000] {processor.py:156} INFO - Started process (PID=24274) to work on /opt/airflow/dags/hadoop-2.7.3/share/hadoop/yarn/sources/hadoop-yarn-applications-distributedshell-2.7.3-sources.jar
[2022-10-22T00:11:43.352+0000] {processor.py:758} INFO - Processing file /opt/airflow/dags/hadoop-2.7.3/share/hadoop/yarn/sources/hadoop-yarn-applications-distributedshell-2.7.3-sources.jar for tasks to queue
[2022-10-22T00:11:43.354+0000] {logging_mixin.py:117} INFO - [2022-10-22T00:11:43.354+0000] {dagbag.py:525} INFO - Filling up the DagBag from /opt/airflow/dags/hadoop-2.7.3/share/hadoop/yarn/sources/hadoop-yarn-applications-distributedshell-2.7.3-sources.jar
[2022-10-22T00:11:43.359+0000] {processor.py:770} WARNING - No viable dags retrieved from /opt/airflow/dags/hadoop-2.7.3/share/hadoop/yarn/sources/hadoop-yarn-applications-distributedshell-2.7.3-sources.jar
[2022-10-22T00:11:43.396+0000] {processor.py:178} INFO - Processing /opt/airflow/dags/hadoop-2.7.3/share/hadoop/yarn/sources/hadoop-yarn-applications-distributedshell-2.7.3-sources.jar took 0.054 seconds
[2022-10-22T00:15:44.665+0000] {processor.py:156} INFO - Started process (PID=22881) to work on /opt/airflow/dags/hadoop-2.7.3/share/hadoop/yarn/sources/hadoop-yarn-applications-distributedshell-2.7.3-sources.jar
[2022-10-22T00:15:44.668+0000] {processor.py:758} INFO - Processing file /opt/airflow/dags/hadoop-2.7.3/share/hadoop/yarn/sources/hadoop-yarn-applications-distributedshell-2.7.3-sources.jar for tasks to queue
[2022-10-22T00:15:44.670+0000] {logging_mixin.py:117} INFO - [2022-10-22T00:15:44.670+0000] {dagbag.py:525} INFO - Filling up the DagBag from /opt/airflow/dags/hadoop-2.7.3/share/hadoop/yarn/sources/hadoop-yarn-applications-distributedshell-2.7.3-sources.jar
[2022-10-22T00:15:44.689+0000] {processor.py:770} WARNING - No viable dags retrieved from /opt/airflow/dags/hadoop-2.7.3/share/hadoop/yarn/sources/hadoop-yarn-applications-distributedshell-2.7.3-sources.jar
[2022-10-22T00:15:44.744+0000] {processor.py:178} INFO - Processing /opt/airflow/dags/hadoop-2.7.3/share/hadoop/yarn/sources/hadoop-yarn-applications-distributedshell-2.7.3-sources.jar took 0.088 seconds
[2022-10-22T00:15:56.536+0000] {processor.py:156} INFO - Started process (PID=25442) to work on /opt/airflow/dags/hadoop-2.7.3/share/hadoop/yarn/sources/hadoop-yarn-applications-distributedshell-2.7.3-sources.jar
[2022-10-22T00:15:56.538+0000] {processor.py:758} INFO - Processing file /opt/airflow/dags/hadoop-2.7.3/share/hadoop/yarn/sources/hadoop-yarn-applications-distributedshell-2.7.3-sources.jar for tasks to queue
[2022-10-22T00:15:56.541+0000] {logging_mixin.py:117} INFO - [2022-10-22T00:15:56.541+0000] {dagbag.py:525} INFO - Filling up the DagBag from /opt/airflow/dags/hadoop-2.7.3/share/hadoop/yarn/sources/hadoop-yarn-applications-distributedshell-2.7.3-sources.jar
[2022-10-22T00:15:56.546+0000] {processor.py:770} WARNING - No viable dags retrieved from /opt/airflow/dags/hadoop-2.7.3/share/hadoop/yarn/sources/hadoop-yarn-applications-distributedshell-2.7.3-sources.jar
[2022-10-22T00:15:56.582+0000] {processor.py:178} INFO - Processing /opt/airflow/dags/hadoop-2.7.3/share/hadoop/yarn/sources/hadoop-yarn-applications-distributedshell-2.7.3-sources.jar took 0.052 seconds
[2022-10-22T00:16:38.678+0000] {processor.py:156} INFO - Started process (PID=23460) to work on /opt/airflow/dags/hadoop-2.7.3/share/hadoop/yarn/sources/hadoop-yarn-applications-distributedshell-2.7.3-sources.jar
[2022-10-22T00:16:38.682+0000] {processor.py:758} INFO - Processing file /opt/airflow/dags/hadoop-2.7.3/share/hadoop/yarn/sources/hadoop-yarn-applications-distributedshell-2.7.3-sources.jar for tasks to queue
[2022-10-22T00:16:38.685+0000] {logging_mixin.py:117} INFO - [2022-10-22T00:16:38.685+0000] {dagbag.py:525} INFO - Filling up the DagBag from /opt/airflow/dags/hadoop-2.7.3/share/hadoop/yarn/sources/hadoop-yarn-applications-distributedshell-2.7.3-sources.jar
[2022-10-22T00:16:38.693+0000] {processor.py:770} WARNING - No viable dags retrieved from /opt/airflow/dags/hadoop-2.7.3/share/hadoop/yarn/sources/hadoop-yarn-applications-distributedshell-2.7.3-sources.jar
[2022-10-22T00:16:38.741+0000] {processor.py:178} INFO - Processing /opt/airflow/dags/hadoop-2.7.3/share/hadoop/yarn/sources/hadoop-yarn-applications-distributedshell-2.7.3-sources.jar took 0.076 seconds
[2022-10-22T00:16:44.340+0000] {processor.py:156} INFO - Started process (PID=25972) to work on /opt/airflow/dags/hadoop-2.7.3/share/hadoop/yarn/sources/hadoop-yarn-applications-distributedshell-2.7.3-sources.jar
[2022-10-22T00:16:44.352+0000] {processor.py:758} INFO - Processing file /opt/airflow/dags/hadoop-2.7.3/share/hadoop/yarn/sources/hadoop-yarn-applications-distributedshell-2.7.3-sources.jar for tasks to queue
[2022-10-22T00:16:44.360+0000] {logging_mixin.py:117} INFO - [2022-10-22T00:16:44.357+0000] {dagbag.py:525} INFO - Filling up the DagBag from /opt/airflow/dags/hadoop-2.7.3/share/hadoop/yarn/sources/hadoop-yarn-applications-distributedshell-2.7.3-sources.jar
[2022-10-22T00:16:44.375+0000] {processor.py:770} WARNING - No viable dags retrieved from /opt/airflow/dags/hadoop-2.7.3/share/hadoop/yarn/sources/hadoop-yarn-applications-distributedshell-2.7.3-sources.jar
[2022-10-22T00:16:44.425+0000] {processor.py:178} INFO - Processing /opt/airflow/dags/hadoop-2.7.3/share/hadoop/yarn/sources/hadoop-yarn-applications-distributedshell-2.7.3-sources.jar took 0.101 seconds
[2022-10-22T00:17:34.165+0000] {processor.py:156} INFO - Started process (PID=24037) to work on /opt/airflow/dags/hadoop-2.7.3/share/hadoop/yarn/sources/hadoop-yarn-applications-distributedshell-2.7.3-sources.jar
[2022-10-22T00:17:34.170+0000] {processor.py:758} INFO - Processing file /opt/airflow/dags/hadoop-2.7.3/share/hadoop/yarn/sources/hadoop-yarn-applications-distributedshell-2.7.3-sources.jar for tasks to queue
[2022-10-22T00:17:34.177+0000] {logging_mixin.py:117} INFO - [2022-10-22T00:17:34.176+0000] {dagbag.py:525} INFO - Filling up the DagBag from /opt/airflow/dags/hadoop-2.7.3/share/hadoop/yarn/sources/hadoop-yarn-applications-distributedshell-2.7.3-sources.jar
[2022-10-22T00:17:34.186+0000] {processor.py:770} WARNING - No viable dags retrieved from /opt/airflow/dags/hadoop-2.7.3/share/hadoop/yarn/sources/hadoop-yarn-applications-distributedshell-2.7.3-sources.jar
[2022-10-22T00:17:34.250+0000] {processor.py:178} INFO - Processing /opt/airflow/dags/hadoop-2.7.3/share/hadoop/yarn/sources/hadoop-yarn-applications-distributedshell-2.7.3-sources.jar took 0.105 seconds
[2022-10-22T00:17:40.091+0000] {processor.py:156} INFO - Started process (PID=26562) to work on /opt/airflow/dags/hadoop-2.7.3/share/hadoop/yarn/sources/hadoop-yarn-applications-distributedshell-2.7.3-sources.jar
[2022-10-22T00:17:40.094+0000] {processor.py:758} INFO - Processing file /opt/airflow/dags/hadoop-2.7.3/share/hadoop/yarn/sources/hadoop-yarn-applications-distributedshell-2.7.3-sources.jar for tasks to queue
[2022-10-22T00:17:40.097+0000] {logging_mixin.py:117} INFO - [2022-10-22T00:17:40.096+0000] {dagbag.py:525} INFO - Filling up the DagBag from /opt/airflow/dags/hadoop-2.7.3/share/hadoop/yarn/sources/hadoop-yarn-applications-distributedshell-2.7.3-sources.jar
[2022-10-22T00:17:40.104+0000] {processor.py:770} WARNING - No viable dags retrieved from /opt/airflow/dags/hadoop-2.7.3/share/hadoop/yarn/sources/hadoop-yarn-applications-distributedshell-2.7.3-sources.jar
[2022-10-22T00:17:40.148+0000] {processor.py:178} INFO - Processing /opt/airflow/dags/hadoop-2.7.3/share/hadoop/yarn/sources/hadoop-yarn-applications-distributedshell-2.7.3-sources.jar took 0.067 seconds
[2022-10-22T00:18:32.925+0000] {processor.py:156} INFO - Started process (PID=24645) to work on /opt/airflow/dags/hadoop-2.7.3/share/hadoop/yarn/sources/hadoop-yarn-applications-distributedshell-2.7.3-sources.jar
[2022-10-22T00:18:32.928+0000] {processor.py:758} INFO - Processing file /opt/airflow/dags/hadoop-2.7.3/share/hadoop/yarn/sources/hadoop-yarn-applications-distributedshell-2.7.3-sources.jar for tasks to queue
[2022-10-22T00:18:32.931+0000] {logging_mixin.py:117} INFO - [2022-10-22T00:18:32.930+0000] {dagbag.py:525} INFO - Filling up the DagBag from /opt/airflow/dags/hadoop-2.7.3/share/hadoop/yarn/sources/hadoop-yarn-applications-distributedshell-2.7.3-sources.jar
[2022-10-22T00:18:32.939+0000] {processor.py:770} WARNING - No viable dags retrieved from /opt/airflow/dags/hadoop-2.7.3/share/hadoop/yarn/sources/hadoop-yarn-applications-distributedshell-2.7.3-sources.jar
[2022-10-22T00:18:32.978+0000] {processor.py:178} INFO - Processing /opt/airflow/dags/hadoop-2.7.3/share/hadoop/yarn/sources/hadoop-yarn-applications-distributedshell-2.7.3-sources.jar took 0.062 seconds
[2022-10-22T00:18:33.479+0000] {processor.py:156} INFO - Started process (PID=27137) to work on /opt/airflow/dags/hadoop-2.7.3/share/hadoop/yarn/sources/hadoop-yarn-applications-distributedshell-2.7.3-sources.jar
[2022-10-22T00:18:33.482+0000] {processor.py:758} INFO - Processing file /opt/airflow/dags/hadoop-2.7.3/share/hadoop/yarn/sources/hadoop-yarn-applications-distributedshell-2.7.3-sources.jar for tasks to queue
[2022-10-22T00:18:33.487+0000] {logging_mixin.py:117} INFO - [2022-10-22T00:18:33.486+0000] {dagbag.py:525} INFO - Filling up the DagBag from /opt/airflow/dags/hadoop-2.7.3/share/hadoop/yarn/sources/hadoop-yarn-applications-distributedshell-2.7.3-sources.jar
[2022-10-22T00:18:33.494+0000] {processor.py:770} WARNING - No viable dags retrieved from /opt/airflow/dags/hadoop-2.7.3/share/hadoop/yarn/sources/hadoop-yarn-applications-distributedshell-2.7.3-sources.jar
[2022-10-22T00:18:33.556+0000] {processor.py:178} INFO - Processing /opt/airflow/dags/hadoop-2.7.3/share/hadoop/yarn/sources/hadoop-yarn-applications-distributedshell-2.7.3-sources.jar took 0.091 seconds
[2022-10-22T00:19:29.570+0000] {processor.py:156} INFO - Started process (PID=27729) to work on /opt/airflow/dags/hadoop-2.7.3/share/hadoop/yarn/sources/hadoop-yarn-applications-distributedshell-2.7.3-sources.jar
[2022-10-22T00:19:29.576+0000] {processor.py:758} INFO - Processing file /opt/airflow/dags/hadoop-2.7.3/share/hadoop/yarn/sources/hadoop-yarn-applications-distributedshell-2.7.3-sources.jar for tasks to queue
[2022-10-22T00:19:29.579+0000] {logging_mixin.py:117} INFO - [2022-10-22T00:19:29.578+0000] {dagbag.py:525} INFO - Filling up the DagBag from /opt/airflow/dags/hadoop-2.7.3/share/hadoop/yarn/sources/hadoop-yarn-applications-distributedshell-2.7.3-sources.jar
[2022-10-22T00:19:29.586+0000] {processor.py:770} WARNING - No viable dags retrieved from /opt/airflow/dags/hadoop-2.7.3/share/hadoop/yarn/sources/hadoop-yarn-applications-distributedshell-2.7.3-sources.jar
[2022-10-22T00:19:29.650+0000] {processor.py:178} INFO - Processing /opt/airflow/dags/hadoop-2.7.3/share/hadoop/yarn/sources/hadoop-yarn-applications-distributedshell-2.7.3-sources.jar took 0.091 seconds
[2022-10-22T00:20:08.633+0000] {processor.py:156} INFO - Started process (PID=25279) to work on /opt/airflow/dags/hadoop-2.7.3/share/hadoop/yarn/sources/hadoop-yarn-applications-distributedshell-2.7.3-sources.jar
[2022-10-22T00:20:08.636+0000] {processor.py:758} INFO - Processing file /opt/airflow/dags/hadoop-2.7.3/share/hadoop/yarn/sources/hadoop-yarn-applications-distributedshell-2.7.3-sources.jar for tasks to queue
[2022-10-22T00:20:08.638+0000] {logging_mixin.py:117} INFO - [2022-10-22T00:20:08.638+0000] {dagbag.py:525} INFO - Filling up the DagBag from /opt/airflow/dags/hadoop-2.7.3/share/hadoop/yarn/sources/hadoop-yarn-applications-distributedshell-2.7.3-sources.jar
[2022-10-22T00:20:08.644+0000] {processor.py:770} WARNING - No viable dags retrieved from /opt/airflow/dags/hadoop-2.7.3/share/hadoop/yarn/sources/hadoop-yarn-applications-distributedshell-2.7.3-sources.jar
[2022-10-22T00:20:08.683+0000] {processor.py:178} INFO - Processing /opt/airflow/dags/hadoop-2.7.3/share/hadoop/yarn/sources/hadoop-yarn-applications-distributedshell-2.7.3-sources.jar took 0.057 seconds
[2022-10-22T00:21:03.371+0000] {processor.py:156} INFO - Started process (PID=28337) to work on /opt/airflow/dags/hadoop-2.7.3/share/hadoop/yarn/sources/hadoop-yarn-applications-distributedshell-2.7.3-sources.jar
[2022-10-22T00:21:03.374+0000] {processor.py:758} INFO - Processing file /opt/airflow/dags/hadoop-2.7.3/share/hadoop/yarn/sources/hadoop-yarn-applications-distributedshell-2.7.3-sources.jar for tasks to queue
[2022-10-22T00:21:03.379+0000] {logging_mixin.py:117} INFO - [2022-10-22T00:21:03.379+0000] {dagbag.py:525} INFO - Filling up the DagBag from /opt/airflow/dags/hadoop-2.7.3/share/hadoop/yarn/sources/hadoop-yarn-applications-distributedshell-2.7.3-sources.jar
[2022-10-22T00:21:03.386+0000] {processor.py:770} WARNING - No viable dags retrieved from /opt/airflow/dags/hadoop-2.7.3/share/hadoop/yarn/sources/hadoop-yarn-applications-distributedshell-2.7.3-sources.jar
[2022-10-22T00:21:03.440+0000] {processor.py:178} INFO - Processing /opt/airflow/dags/hadoop-2.7.3/share/hadoop/yarn/sources/hadoop-yarn-applications-distributedshell-2.7.3-sources.jar took 0.089 seconds
[2022-10-22T00:21:13.397+0000] {processor.py:156} INFO - Started process (PID=25894) to work on /opt/airflow/dags/hadoop-2.7.3/share/hadoop/yarn/sources/hadoop-yarn-applications-distributedshell-2.7.3-sources.jar
[2022-10-22T00:21:13.400+0000] {processor.py:758} INFO - Processing file /opt/airflow/dags/hadoop-2.7.3/share/hadoop/yarn/sources/hadoop-yarn-applications-distributedshell-2.7.3-sources.jar for tasks to queue
[2022-10-22T00:21:13.403+0000] {logging_mixin.py:117} INFO - [2022-10-22T00:21:13.402+0000] {dagbag.py:525} INFO - Filling up the DagBag from /opt/airflow/dags/hadoop-2.7.3/share/hadoop/yarn/sources/hadoop-yarn-applications-distributedshell-2.7.3-sources.jar
[2022-10-22T00:21:13.411+0000] {processor.py:770} WARNING - No viable dags retrieved from /opt/airflow/dags/hadoop-2.7.3/share/hadoop/yarn/sources/hadoop-yarn-applications-distributedshell-2.7.3-sources.jar
[2022-10-22T00:21:13.482+0000] {processor.py:178} INFO - Processing /opt/airflow/dags/hadoop-2.7.3/share/hadoop/yarn/sources/hadoop-yarn-applications-distributedshell-2.7.3-sources.jar took 0.106 seconds
[2022-10-22T00:22:12.855+0000] {processor.py:156} INFO - Started process (PID=28992) to work on /opt/airflow/dags/hadoop-2.7.3/share/hadoop/yarn/sources/hadoop-yarn-applications-distributedshell-2.7.3-sources.jar
[2022-10-22T00:22:12.858+0000] {processor.py:758} INFO - Processing file /opt/airflow/dags/hadoop-2.7.3/share/hadoop/yarn/sources/hadoop-yarn-applications-distributedshell-2.7.3-sources.jar for tasks to queue
[2022-10-22T00:22:12.860+0000] {logging_mixin.py:117} INFO - [2022-10-22T00:22:12.860+0000] {dagbag.py:525} INFO - Filling up the DagBag from /opt/airflow/dags/hadoop-2.7.3/share/hadoop/yarn/sources/hadoop-yarn-applications-distributedshell-2.7.3-sources.jar
[2022-10-22T00:22:12.874+0000] {processor.py:770} WARNING - No viable dags retrieved from /opt/airflow/dags/hadoop-2.7.3/share/hadoop/yarn/sources/hadoop-yarn-applications-distributedshell-2.7.3-sources.jar
[2022-10-22T00:22:12.928+0000] {processor.py:178} INFO - Processing /opt/airflow/dags/hadoop-2.7.3/share/hadoop/yarn/sources/hadoop-yarn-applications-distributedshell-2.7.3-sources.jar took 0.083 seconds
[2022-10-22T00:22:28.545+0000] {processor.py:156} INFO - Started process (PID=26602) to work on /opt/airflow/dags/hadoop-2.7.3/share/hadoop/yarn/sources/hadoop-yarn-applications-distributedshell-2.7.3-sources.jar
[2022-10-22T00:22:28.552+0000] {processor.py:758} INFO - Processing file /opt/airflow/dags/hadoop-2.7.3/share/hadoop/yarn/sources/hadoop-yarn-applications-distributedshell-2.7.3-sources.jar for tasks to queue
[2022-10-22T00:22:28.555+0000] {logging_mixin.py:117} INFO - [2022-10-22T00:22:28.555+0000] {dagbag.py:525} INFO - Filling up the DagBag from /opt/airflow/dags/hadoop-2.7.3/share/hadoop/yarn/sources/hadoop-yarn-applications-distributedshell-2.7.3-sources.jar
[2022-10-22T00:22:28.563+0000] {processor.py:770} WARNING - No viable dags retrieved from /opt/airflow/dags/hadoop-2.7.3/share/hadoop/yarn/sources/hadoop-yarn-applications-distributedshell-2.7.3-sources.jar
[2022-10-22T00:22:28.638+0000] {processor.py:178} INFO - Processing /opt/airflow/dags/hadoop-2.7.3/share/hadoop/yarn/sources/hadoop-yarn-applications-distributedshell-2.7.3-sources.jar took 0.113 seconds
[2022-10-22T00:23:26.162+0000] {processor.py:156} INFO - Started process (PID=29734) to work on /opt/airflow/dags/hadoop-2.7.3/share/hadoop/yarn/sources/hadoop-yarn-applications-distributedshell-2.7.3-sources.jar
[2022-10-22T00:23:26.165+0000] {processor.py:758} INFO - Processing file /opt/airflow/dags/hadoop-2.7.3/share/hadoop/yarn/sources/hadoop-yarn-applications-distributedshell-2.7.3-sources.jar for tasks to queue
[2022-10-22T00:23:26.170+0000] {logging_mixin.py:117} INFO - [2022-10-22T00:23:26.169+0000] {dagbag.py:525} INFO - Filling up the DagBag from /opt/airflow/dags/hadoop-2.7.3/share/hadoop/yarn/sources/hadoop-yarn-applications-distributedshell-2.7.3-sources.jar
[2022-10-22T00:23:26.176+0000] {processor.py:770} WARNING - No viable dags retrieved from /opt/airflow/dags/hadoop-2.7.3/share/hadoop/yarn/sources/hadoop-yarn-applications-distributedshell-2.7.3-sources.jar
[2022-10-22T00:23:26.209+0000] {processor.py:178} INFO - Processing /opt/airflow/dags/hadoop-2.7.3/share/hadoop/yarn/sources/hadoop-yarn-applications-distributedshell-2.7.3-sources.jar took 0.055 seconds
[2022-10-22T00:23:35.639+0000] {processor.py:156} INFO - Started process (PID=27290) to work on /opt/airflow/dags/hadoop-2.7.3/share/hadoop/yarn/sources/hadoop-yarn-applications-distributedshell-2.7.3-sources.jar
[2022-10-22T00:23:35.642+0000] {processor.py:758} INFO - Processing file /opt/airflow/dags/hadoop-2.7.3/share/hadoop/yarn/sources/hadoop-yarn-applications-distributedshell-2.7.3-sources.jar for tasks to queue
[2022-10-22T00:23:35.645+0000] {logging_mixin.py:117} INFO - [2022-10-22T00:23:35.644+0000] {dagbag.py:525} INFO - Filling up the DagBag from /opt/airflow/dags/hadoop-2.7.3/share/hadoop/yarn/sources/hadoop-yarn-applications-distributedshell-2.7.3-sources.jar
[2022-10-22T00:23:35.650+0000] {processor.py:770} WARNING - No viable dags retrieved from /opt/airflow/dags/hadoop-2.7.3/share/hadoop/yarn/sources/hadoop-yarn-applications-distributedshell-2.7.3-sources.jar
[2022-10-22T00:23:35.695+0000] {processor.py:178} INFO - Processing /opt/airflow/dags/hadoop-2.7.3/share/hadoop/yarn/sources/hadoop-yarn-applications-distributedshell-2.7.3-sources.jar took 0.064 seconds
