[2022-10-15 04:40:31,450] {taskinstance.py:1179} INFO - Dependencies all met for <TaskInstance: generate_data.generate_data scheduled__2022-10-15T04:14:47.731080+00:00 [queued]>
[2022-10-15 04:40:32,958] {taskinstance.py:1179} INFO - Dependencies all met for <TaskInstance: generate_data.generate_data scheduled__2022-10-15T04:14:47.731080+00:00 [queued]>
[2022-10-15 04:40:32,975] {taskinstance.py:1376} INFO - 
--------------------------------------------------------------------------------
[2022-10-15 04:40:32,985] {taskinstance.py:1377} INFO - Starting attempt 2 of 2
[2022-10-15 04:40:33,002] {taskinstance.py:1378} INFO - 
--------------------------------------------------------------------------------
[2022-10-15 04:40:34,094] {taskinstance.py:1397} INFO - Executing <Task(PythonOperator): generate_data> on 2022-10-15 04:14:47.731080+00:00
[2022-10-15 04:40:34,425] {standard_task_runner.py:52} INFO - Started process 12664 to run task
[2022-10-15 04:40:34,815] {standard_task_runner.py:79} INFO - Running: ['***', 'tasks', 'run', 'generate_data', 'generate_data', 'scheduled__2022-10-15T04:14:47.731080+00:00', '--job-id', '146', '--raw', '--subdir', 'DAGS_FOLDER/generate_data.py', '--cfg-path', '/tmp/tmpi4p8ew8y', '--error-file', '/tmp/tmpg3ennwmh']
[2022-10-15 04:40:34,961] {standard_task_runner.py:80} INFO - Job 146: Subtask generate_data
[2022-10-15 04:40:40,887] {task_command.py:371} INFO - Running <TaskInstance: generate_data.generate_data scheduled__2022-10-15T04:14:47.731080+00:00 [running]> on host 614e96fbdf07
[2022-10-15 04:40:45,799] {taskinstance.py:1591} INFO - Exporting the following env vars:
AIRFLOW_CTX_DAG_OWNER=***
AIRFLOW_CTX_DAG_ID=generate_data
AIRFLOW_CTX_TASK_ID=generate_data
AIRFLOW_CTX_EXECUTION_DATE=2022-10-15T04:14:47.731080+00:00
AIRFLOW_CTX_TRY_NUMBER=2
AIRFLOW_CTX_DAG_RUN_ID=scheduled__2022-10-15T04:14:47.731080+00:00
[2022-10-15 04:40:46,086] {db_conn.py:23} INFO - Connection to database success
[2022-10-15 04:40:47,835] {insertion_factory.py:41} CRITICAL - <class 'RecursionError'>
[2022-10-15 04:40:47,841] {insertion_factory.py:42} CRITICAL - maximum recursion depth exceeded while calling a Python object
[2022-10-15 04:40:47,846] {insertion_factory.py:43} CRITICAL - Insertion into database failed, check params.
[2022-10-15 04:40:47,872] {logging_mixin.py:115} INFO - Generating jsonline: 1
[2022-10-15 04:40:50,749] {taskinstance.py:1909} ERROR - Task failed with exception
Traceback (most recent call last):
  File "/home/airflow/.local/lib/python3.7/site-packages/airflow/operators/python.py", line 171, in execute
    return_value = self.execute_callable()
  File "/home/airflow/.local/lib/python3.7/site-packages/airflow/operators/python.py", line 189, in execute_callable
    return self.python_callable(*self.op_args, **self.op_kwargs)
  File "/opt/airflow/dags/insertion_orchestration.py", line 34, in gen_data
    jf.generate_jsonlines(n_lines=insertions, days= days)
  File "/opt/airflow/dags/json_factory.py", line 22, in generate_jsonlines
    id = ID.get_id(dict_ids = ids)
  File "/opt/airflow/dags/id_loader.py", line 35, in get_id
    return get_id(dict_ids)
  File "/opt/airflow/dags/id_loader.py", line 35, in get_id
    return get_id(dict_ids)
  File "/opt/airflow/dags/id_loader.py", line 35, in get_id
    return get_id(dict_ids)
  [Previous line repeated 929 more times]
  File "/opt/airflow/dags/id_loader.py", line 29, in get_id
    key, value = random.choice(list(dict_ids.items()))
  File "/usr/local/lib/python3.7/random.py", line 259, in choice
    i = self._randbelow(len(seq))
  File "/usr/local/lib/python3.7/random.py", line 232, in _randbelow
    if type(random) is BuiltinMethod or type(getrandbits) is Method:
RecursionError: maximum recursion depth exceeded while calling a Python object
[2022-10-15 04:40:51,402] {taskinstance.py:1420} INFO - Marking task as FAILED. dag_id=generate_data, task_id=generate_data, execution_date=20221015T041447, start_date=20221015T044031, end_date=20221015T044051
[2022-10-15 04:40:51,991] {standard_task_runner.py:97} ERROR - Failed to execute job 146 for task generate_data (maximum recursion depth exceeded while calling a Python object; 12664)
[2022-10-15 04:40:52,642] {local_task_job.py:221} WARNING - State of this instance has been externally set to failed. Terminating instance.
[2022-10-15 04:40:52,741] {process_utils.py:129} INFO - Sending Signals.SIGTERM to group 12664. PIDs of all processes in the group: [12664]
[2022-10-15 04:40:52,749] {process_utils.py:80} INFO - Sending the signal Signals.SIGTERM to group 12664
[2022-10-15 04:40:52,756] {process_utils.py:75} INFO - Process psutil.Process(pid=12664, status='terminated', exitcode=1, started='04:40:34') (12664) terminated with exit code 1
