[2022-10-25T00:25:24.752+0000] {processor.py:156} INFO - Started process (PID=4204) to work on /opt/airflow/dags/hadoop-2.7.3/share/hadoop/common/lib/activation-1.1.jar
[2022-10-25T00:25:24.754+0000] {processor.py:758} INFO - Processing file /opt/airflow/dags/hadoop-2.7.3/share/hadoop/common/lib/activation-1.1.jar for tasks to queue
[2022-10-25T00:25:24.762+0000] {logging_mixin.py:117} INFO - [2022-10-25T00:25:24.761+0000] {dagbag.py:525} INFO - Filling up the DagBag from /opt/airflow/dags/hadoop-2.7.3/share/hadoop/common/lib/activation-1.1.jar
[2022-10-25T00:25:24.769+0000] {processor.py:770} WARNING - No viable dags retrieved from /opt/airflow/dags/hadoop-2.7.3/share/hadoop/common/lib/activation-1.1.jar
[2022-10-25T00:25:24.805+0000] {processor.py:178} INFO - Processing /opt/airflow/dags/hadoop-2.7.3/share/hadoop/common/lib/activation-1.1.jar took 0.061 seconds
[2022-10-25T00:38:05.803+0000] {processor.py:156} INFO - Started process (PID=2256) to work on /opt/airflow/dags/hadoop-2.7.3/share/hadoop/common/lib/activation-1.1.jar
[2022-10-25T00:38:05.805+0000] {processor.py:758} INFO - Processing file /opt/airflow/dags/hadoop-2.7.3/share/hadoop/common/lib/activation-1.1.jar for tasks to queue
[2022-10-25T00:38:05.809+0000] {logging_mixin.py:117} INFO - [2022-10-25T00:38:05.809+0000] {dagbag.py:525} INFO - Filling up the DagBag from /opt/airflow/dags/hadoop-2.7.3/share/hadoop/common/lib/activation-1.1.jar
[2022-10-25T00:38:05.815+0000] {processor.py:770} WARNING - No viable dags retrieved from /opt/airflow/dags/hadoop-2.7.3/share/hadoop/common/lib/activation-1.1.jar
[2022-10-25T00:38:05.841+0000] {processor.py:178} INFO - Processing /opt/airflow/dags/hadoop-2.7.3/share/hadoop/common/lib/activation-1.1.jar took 0.044 seconds
[2022-10-25T00:38:15.905+0000] {processor.py:156} INFO - Started process (PID=4745) to work on /opt/airflow/dags/hadoop-2.7.3/share/hadoop/common/lib/activation-1.1.jar
[2022-10-25T00:38:15.908+0000] {processor.py:758} INFO - Processing file /opt/airflow/dags/hadoop-2.7.3/share/hadoop/common/lib/activation-1.1.jar for tasks to queue
[2022-10-25T00:38:15.910+0000] {logging_mixin.py:117} INFO - [2022-10-25T00:38:15.910+0000] {dagbag.py:525} INFO - Filling up the DagBag from /opt/airflow/dags/hadoop-2.7.3/share/hadoop/common/lib/activation-1.1.jar
[2022-10-25T00:38:15.920+0000] {processor.py:770} WARNING - No viable dags retrieved from /opt/airflow/dags/hadoop-2.7.3/share/hadoop/common/lib/activation-1.1.jar
[2022-10-25T00:38:15.956+0000] {processor.py:178} INFO - Processing /opt/airflow/dags/hadoop-2.7.3/share/hadoop/common/lib/activation-1.1.jar took 0.057 seconds
[2022-10-25T00:38:43.979+0000] {processor.py:156} INFO - Started process (PID=2772) to work on /opt/airflow/dags/hadoop-2.7.3/share/hadoop/common/lib/activation-1.1.jar
[2022-10-25T00:38:43.982+0000] {processor.py:758} INFO - Processing file /opt/airflow/dags/hadoop-2.7.3/share/hadoop/common/lib/activation-1.1.jar for tasks to queue
[2022-10-25T00:38:43.986+0000] {logging_mixin.py:117} INFO - [2022-10-25T00:38:43.985+0000] {dagbag.py:525} INFO - Filling up the DagBag from /opt/airflow/dags/hadoop-2.7.3/share/hadoop/common/lib/activation-1.1.jar
[2022-10-25T00:38:43.995+0000] {processor.py:770} WARNING - No viable dags retrieved from /opt/airflow/dags/hadoop-2.7.3/share/hadoop/common/lib/activation-1.1.jar
[2022-10-25T00:38:44.029+0000] {processor.py:178} INFO - Processing /opt/airflow/dags/hadoop-2.7.3/share/hadoop/common/lib/activation-1.1.jar took 0.057 seconds
[2022-10-25T00:38:52.788+0000] {processor.py:156} INFO - Started process (PID=5230) to work on /opt/airflow/dags/hadoop-2.7.3/share/hadoop/common/lib/activation-1.1.jar
[2022-10-25T00:38:52.790+0000] {processor.py:758} INFO - Processing file /opt/airflow/dags/hadoop-2.7.3/share/hadoop/common/lib/activation-1.1.jar for tasks to queue
[2022-10-25T00:38:52.793+0000] {logging_mixin.py:117} INFO - [2022-10-25T00:38:52.792+0000] {dagbag.py:525} INFO - Filling up the DagBag from /opt/airflow/dags/hadoop-2.7.3/share/hadoop/common/lib/activation-1.1.jar
[2022-10-25T00:38:52.799+0000] {processor.py:770} WARNING - No viable dags retrieved from /opt/airflow/dags/hadoop-2.7.3/share/hadoop/common/lib/activation-1.1.jar
[2022-10-25T00:38:52.840+0000] {processor.py:178} INFO - Processing /opt/airflow/dags/hadoop-2.7.3/share/hadoop/common/lib/activation-1.1.jar took 0.065 seconds
[2022-10-25T00:39:17.156+0000] {processor.py:156} INFO - Started process (PID=3203) to work on /opt/airflow/dags/hadoop-2.7.3/share/hadoop/common/lib/activation-1.1.jar
[2022-10-25T00:39:17.161+0000] {processor.py:758} INFO - Processing file /opt/airflow/dags/hadoop-2.7.3/share/hadoop/common/lib/activation-1.1.jar for tasks to queue
[2022-10-25T00:39:17.167+0000] {logging_mixin.py:117} INFO - [2022-10-25T00:39:17.166+0000] {dagbag.py:525} INFO - Filling up the DagBag from /opt/airflow/dags/hadoop-2.7.3/share/hadoop/common/lib/activation-1.1.jar
[2022-10-25T00:39:17.175+0000] {processor.py:770} WARNING - No viable dags retrieved from /opt/airflow/dags/hadoop-2.7.3/share/hadoop/common/lib/activation-1.1.jar
[2022-10-25T00:39:17.227+0000] {processor.py:178} INFO - Processing /opt/airflow/dags/hadoop-2.7.3/share/hadoop/common/lib/activation-1.1.jar took 0.086 seconds
[2022-10-25T00:39:32.846+0000] {processor.py:156} INFO - Started process (PID=5742) to work on /opt/airflow/dags/hadoop-2.7.3/share/hadoop/common/lib/activation-1.1.jar
[2022-10-25T00:39:32.850+0000] {processor.py:758} INFO - Processing file /opt/airflow/dags/hadoop-2.7.3/share/hadoop/common/lib/activation-1.1.jar for tasks to queue
[2022-10-25T00:39:32.852+0000] {logging_mixin.py:117} INFO - [2022-10-25T00:39:32.852+0000] {dagbag.py:525} INFO - Filling up the DagBag from /opt/airflow/dags/hadoop-2.7.3/share/hadoop/common/lib/activation-1.1.jar
[2022-10-25T00:39:32.860+0000] {processor.py:770} WARNING - No viable dags retrieved from /opt/airflow/dags/hadoop-2.7.3/share/hadoop/common/lib/activation-1.1.jar
[2022-10-25T00:39:32.904+0000] {processor.py:178} INFO - Processing /opt/airflow/dags/hadoop-2.7.3/share/hadoop/common/lib/activation-1.1.jar took 0.066 seconds
[2022-10-25T00:52:43.908+0000] {processor.py:156} INFO - Started process (PID=5921) to work on /opt/airflow/dags/hadoop-2.7.3/share/hadoop/common/lib/activation-1.1.jar
[2022-10-25T00:52:43.911+0000] {processor.py:758} INFO - Processing file /opt/airflow/dags/hadoop-2.7.3/share/hadoop/common/lib/activation-1.1.jar for tasks to queue
[2022-10-25T00:52:43.913+0000] {logging_mixin.py:117} INFO - [2022-10-25T00:52:43.913+0000] {dagbag.py:525} INFO - Filling up the DagBag from /opt/airflow/dags/hadoop-2.7.3/share/hadoop/common/lib/activation-1.1.jar
[2022-10-25T00:52:43.920+0000] {processor.py:770} WARNING - No viable dags retrieved from /opt/airflow/dags/hadoop-2.7.3/share/hadoop/common/lib/activation-1.1.jar
[2022-10-25T00:52:43.948+0000] {processor.py:178} INFO - Processing /opt/airflow/dags/hadoop-2.7.3/share/hadoop/common/lib/activation-1.1.jar took 0.047 seconds
[2022-10-25T00:52:58.140+0000] {processor.py:156} INFO - Started process (PID=3770) to work on /opt/airflow/dags/hadoop-2.7.3/share/hadoop/common/lib/activation-1.1.jar
[2022-10-25T00:52:58.143+0000] {processor.py:758} INFO - Processing file /opt/airflow/dags/hadoop-2.7.3/share/hadoop/common/lib/activation-1.1.jar for tasks to queue
[2022-10-25T00:52:58.149+0000] {logging_mixin.py:117} INFO - [2022-10-25T00:52:58.149+0000] {dagbag.py:525} INFO - Filling up the DagBag from /opt/airflow/dags/hadoop-2.7.3/share/hadoop/common/lib/activation-1.1.jar
[2022-10-25T00:52:58.158+0000] {processor.py:770} WARNING - No viable dags retrieved from /opt/airflow/dags/hadoop-2.7.3/share/hadoop/common/lib/activation-1.1.jar
[2022-10-25T00:52:58.203+0000] {processor.py:178} INFO - Processing /opt/airflow/dags/hadoop-2.7.3/share/hadoop/common/lib/activation-1.1.jar took 0.072 seconds
[2022-10-25T00:53:24.865+0000] {processor.py:156} INFO - Started process (PID=6436) to work on /opt/airflow/dags/hadoop-2.7.3/share/hadoop/common/lib/activation-1.1.jar
[2022-10-25T00:53:24.889+0000] {processor.py:758} INFO - Processing file /opt/airflow/dags/hadoop-2.7.3/share/hadoop/common/lib/activation-1.1.jar for tasks to queue
[2022-10-25T00:53:24.918+0000] {logging_mixin.py:117} INFO - [2022-10-25T00:53:24.917+0000] {dagbag.py:525} INFO - Filling up the DagBag from /opt/airflow/dags/hadoop-2.7.3/share/hadoop/common/lib/activation-1.1.jar
[2022-10-25T00:53:24.932+0000] {processor.py:770} WARNING - No viable dags retrieved from /opt/airflow/dags/hadoop-2.7.3/share/hadoop/common/lib/activation-1.1.jar
[2022-10-25T00:53:25.000+0000] {processor.py:178} INFO - Processing /opt/airflow/dags/hadoop-2.7.3/share/hadoop/common/lib/activation-1.1.jar took 0.142 seconds
[2022-10-25T00:53:37.816+0000] {processor.py:156} INFO - Started process (PID=4249) to work on /opt/airflow/dags/hadoop-2.7.3/share/hadoop/common/lib/activation-1.1.jar
[2022-10-25T00:53:37.818+0000] {processor.py:758} INFO - Processing file /opt/airflow/dags/hadoop-2.7.3/share/hadoop/common/lib/activation-1.1.jar for tasks to queue
[2022-10-25T00:53:37.824+0000] {logging_mixin.py:117} INFO - [2022-10-25T00:53:37.824+0000] {dagbag.py:525} INFO - Filling up the DagBag from /opt/airflow/dags/hadoop-2.7.3/share/hadoop/common/lib/activation-1.1.jar
[2022-10-25T00:53:37.832+0000] {processor.py:770} WARNING - No viable dags retrieved from /opt/airflow/dags/hadoop-2.7.3/share/hadoop/common/lib/activation-1.1.jar
[2022-10-25T00:53:37.865+0000] {processor.py:178} INFO - Processing /opt/airflow/dags/hadoop-2.7.3/share/hadoop/common/lib/activation-1.1.jar took 0.056 seconds
[2022-10-25T00:53:59.787+0000] {processor.py:156} INFO - Started process (PID=6878) to work on /opt/airflow/dags/hadoop-2.7.3/share/hadoop/common/lib/activation-1.1.jar
[2022-10-25T00:53:59.790+0000] {processor.py:758} INFO - Processing file /opt/airflow/dags/hadoop-2.7.3/share/hadoop/common/lib/activation-1.1.jar for tasks to queue
[2022-10-25T00:53:59.794+0000] {logging_mixin.py:117} INFO - [2022-10-25T00:53:59.793+0000] {dagbag.py:525} INFO - Filling up the DagBag from /opt/airflow/dags/hadoop-2.7.3/share/hadoop/common/lib/activation-1.1.jar
[2022-10-25T00:53:59.804+0000] {processor.py:770} WARNING - No viable dags retrieved from /opt/airflow/dags/hadoop-2.7.3/share/hadoop/common/lib/activation-1.1.jar
[2022-10-25T00:53:59.858+0000] {processor.py:178} INFO - Processing /opt/airflow/dags/hadoop-2.7.3/share/hadoop/common/lib/activation-1.1.jar took 0.087 seconds
[2022-10-25T00:54:16.739+0000] {processor.py:156} INFO - Started process (PID=4765) to work on /opt/airflow/dags/hadoop-2.7.3/share/hadoop/common/lib/activation-1.1.jar
[2022-10-25T00:54:16.742+0000] {processor.py:758} INFO - Processing file /opt/airflow/dags/hadoop-2.7.3/share/hadoop/common/lib/activation-1.1.jar for tasks to queue
[2022-10-25T00:54:16.754+0000] {logging_mixin.py:117} INFO - [2022-10-25T00:54:16.753+0000] {dagbag.py:525} INFO - Filling up the DagBag from /opt/airflow/dags/hadoop-2.7.3/share/hadoop/common/lib/activation-1.1.jar
[2022-10-25T00:54:16.774+0000] {processor.py:770} WARNING - No viable dags retrieved from /opt/airflow/dags/hadoop-2.7.3/share/hadoop/common/lib/activation-1.1.jar
[2022-10-25T00:54:16.817+0000] {processor.py:178} INFO - Processing /opt/airflow/dags/hadoop-2.7.3/share/hadoop/common/lib/activation-1.1.jar took 0.086 seconds
[2022-10-25T00:54:36.377+0000] {processor.py:156} INFO - Started process (PID=7274) to work on /opt/airflow/dags/hadoop-2.7.3/share/hadoop/common/lib/activation-1.1.jar
[2022-10-25T00:54:36.381+0000] {processor.py:758} INFO - Processing file /opt/airflow/dags/hadoop-2.7.3/share/hadoop/common/lib/activation-1.1.jar for tasks to queue
[2022-10-25T00:54:36.387+0000] {logging_mixin.py:117} INFO - [2022-10-25T00:54:36.386+0000] {dagbag.py:525} INFO - Filling up the DagBag from /opt/airflow/dags/hadoop-2.7.3/share/hadoop/common/lib/activation-1.1.jar
[2022-10-25T00:54:36.398+0000] {processor.py:770} WARNING - No viable dags retrieved from /opt/airflow/dags/hadoop-2.7.3/share/hadoop/common/lib/activation-1.1.jar
[2022-10-25T00:54:36.441+0000] {processor.py:178} INFO - Processing /opt/airflow/dags/hadoop-2.7.3/share/hadoop/common/lib/activation-1.1.jar took 0.076 seconds
[2022-10-25T00:55:17.867+0000] {processor.py:156} INFO - Started process (PID=5284) to work on /opt/airflow/dags/hadoop-2.7.3/share/hadoop/common/lib/activation-1.1.jar
[2022-10-25T00:55:17.873+0000] {processor.py:758} INFO - Processing file /opt/airflow/dags/hadoop-2.7.3/share/hadoop/common/lib/activation-1.1.jar for tasks to queue
[2022-10-25T00:55:17.878+0000] {logging_mixin.py:117} INFO - [2022-10-25T00:55:17.878+0000] {dagbag.py:525} INFO - Filling up the DagBag from /opt/airflow/dags/hadoop-2.7.3/share/hadoop/common/lib/activation-1.1.jar
[2022-10-25T00:55:17.893+0000] {processor.py:770} WARNING - No viable dags retrieved from /opt/airflow/dags/hadoop-2.7.3/share/hadoop/common/lib/activation-1.1.jar
[2022-10-25T00:55:17.961+0000] {processor.py:178} INFO - Processing /opt/airflow/dags/hadoop-2.7.3/share/hadoop/common/lib/activation-1.1.jar took 0.104 seconds
[2022-10-25T00:55:37.902+0000] {processor.py:156} INFO - Started process (PID=7722) to work on /opt/airflow/dags/hadoop-2.7.3/share/hadoop/common/lib/activation-1.1.jar
[2022-10-25T00:55:37.908+0000] {processor.py:758} INFO - Processing file /opt/airflow/dags/hadoop-2.7.3/share/hadoop/common/lib/activation-1.1.jar for tasks to queue
[2022-10-25T00:55:37.912+0000] {logging_mixin.py:117} INFO - [2022-10-25T00:55:37.912+0000] {dagbag.py:525} INFO - Filling up the DagBag from /opt/airflow/dags/hadoop-2.7.3/share/hadoop/common/lib/activation-1.1.jar
[2022-10-25T00:55:37.927+0000] {processor.py:770} WARNING - No viable dags retrieved from /opt/airflow/dags/hadoop-2.7.3/share/hadoop/common/lib/activation-1.1.jar
[2022-10-25T00:55:38.025+0000] {processor.py:178} INFO - Processing /opt/airflow/dags/hadoop-2.7.3/share/hadoop/common/lib/activation-1.1.jar took 0.137 seconds
[2022-10-25T00:56:10.089+0000] {processor.py:156} INFO - Started process (PID=5598) to work on /opt/airflow/dags/hadoop-2.7.3/share/hadoop/common/lib/activation-1.1.jar
[2022-10-25T00:56:10.094+0000] {processor.py:758} INFO - Processing file /opt/airflow/dags/hadoop-2.7.3/share/hadoop/common/lib/activation-1.1.jar for tasks to queue
[2022-10-25T00:56:10.104+0000] {logging_mixin.py:117} INFO - [2022-10-25T00:56:10.103+0000] {dagbag.py:525} INFO - Filling up the DagBag from /opt/airflow/dags/hadoop-2.7.3/share/hadoop/common/lib/activation-1.1.jar
[2022-10-25T00:56:10.118+0000] {processor.py:770} WARNING - No viable dags retrieved from /opt/airflow/dags/hadoop-2.7.3/share/hadoop/common/lib/activation-1.1.jar
[2022-10-25T00:56:10.200+0000] {processor.py:178} INFO - Processing /opt/airflow/dags/hadoop-2.7.3/share/hadoop/common/lib/activation-1.1.jar took 0.128 seconds
[2022-10-25T00:56:41.383+0000] {processor.py:156} INFO - Started process (PID=8068) to work on /opt/airflow/dags/hadoop-2.7.3/share/hadoop/common/lib/activation-1.1.jar
[2022-10-25T00:56:41.389+0000] {processor.py:758} INFO - Processing file /opt/airflow/dags/hadoop-2.7.3/share/hadoop/common/lib/activation-1.1.jar for tasks to queue
[2022-10-25T00:56:41.396+0000] {logging_mixin.py:117} INFO - [2022-10-25T00:56:41.396+0000] {dagbag.py:525} INFO - Filling up the DagBag from /opt/airflow/dags/hadoop-2.7.3/share/hadoop/common/lib/activation-1.1.jar
[2022-10-25T00:56:41.411+0000] {processor.py:770} WARNING - No viable dags retrieved from /opt/airflow/dags/hadoop-2.7.3/share/hadoop/common/lib/activation-1.1.jar
[2022-10-25T00:56:41.499+0000] {processor.py:178} INFO - Processing /opt/airflow/dags/hadoop-2.7.3/share/hadoop/common/lib/activation-1.1.jar took 0.133 seconds
[2022-10-25T00:57:06.410+0000] {processor.py:156} INFO - Started process (PID=5956) to work on /opt/airflow/dags/hadoop-2.7.3/share/hadoop/common/lib/activation-1.1.jar
[2022-10-25T00:57:06.414+0000] {processor.py:758} INFO - Processing file /opt/airflow/dags/hadoop-2.7.3/share/hadoop/common/lib/activation-1.1.jar for tasks to queue
[2022-10-25T00:57:06.421+0000] {logging_mixin.py:117} INFO - [2022-10-25T00:57:06.420+0000] {dagbag.py:525} INFO - Filling up the DagBag from /opt/airflow/dags/hadoop-2.7.3/share/hadoop/common/lib/activation-1.1.jar
[2022-10-25T00:57:06.432+0000] {processor.py:770} WARNING - No viable dags retrieved from /opt/airflow/dags/hadoop-2.7.3/share/hadoop/common/lib/activation-1.1.jar
[2022-10-25T00:57:06.507+0000] {processor.py:178} INFO - Processing /opt/airflow/dags/hadoop-2.7.3/share/hadoop/common/lib/activation-1.1.jar took 0.111 seconds
[2022-10-25T14:08:23.760+0000] {processor.py:156} INFO - Started process (PID=18575) to work on /opt/airflow/dags/hadoop-2.7.3/share/hadoop/common/lib/activation-1.1.jar
[2022-10-25T14:08:23.762+0000] {processor.py:758} INFO - Processing file /opt/airflow/dags/hadoop-2.7.3/share/hadoop/common/lib/activation-1.1.jar for tasks to queue
[2022-10-25T14:08:23.764+0000] {logging_mixin.py:117} INFO - [2022-10-25T14:08:23.764+0000] {dagbag.py:525} INFO - Filling up the DagBag from /opt/airflow/dags/hadoop-2.7.3/share/hadoop/common/lib/activation-1.1.jar
[2022-10-25T14:08:23.776+0000] {processor.py:770} WARNING - No viable dags retrieved from /opt/airflow/dags/hadoop-2.7.3/share/hadoop/common/lib/activation-1.1.jar
[2022-10-25T14:08:23.811+0000] {processor.py:178} INFO - Processing /opt/airflow/dags/hadoop-2.7.3/share/hadoop/common/lib/activation-1.1.jar took 0.062 seconds
[2022-10-25T14:08:44.595+0000] {processor.py:156} INFO - Started process (PID=17498) to work on /opt/airflow/dags/hadoop-2.7.3/share/hadoop/common/lib/activation-1.1.jar
[2022-10-25T14:08:44.599+0000] {processor.py:758} INFO - Processing file /opt/airflow/dags/hadoop-2.7.3/share/hadoop/common/lib/activation-1.1.jar for tasks to queue
[2022-10-25T14:08:44.602+0000] {logging_mixin.py:117} INFO - [2022-10-25T14:08:44.602+0000] {dagbag.py:525} INFO - Filling up the DagBag from /opt/airflow/dags/hadoop-2.7.3/share/hadoop/common/lib/activation-1.1.jar
[2022-10-25T14:08:44.620+0000] {processor.py:770} WARNING - No viable dags retrieved from /opt/airflow/dags/hadoop-2.7.3/share/hadoop/common/lib/activation-1.1.jar
[2022-10-25T14:08:44.661+0000] {processor.py:178} INFO - Processing /opt/airflow/dags/hadoop-2.7.3/share/hadoop/common/lib/activation-1.1.jar took 0.074 seconds
[2022-10-25T14:09:15.961+0000] {processor.py:156} INFO - Started process (PID=19098) to work on /opt/airflow/dags/hadoop-2.7.3/share/hadoop/common/lib/activation-1.1.jar
[2022-10-25T14:09:15.965+0000] {processor.py:758} INFO - Processing file /opt/airflow/dags/hadoop-2.7.3/share/hadoop/common/lib/activation-1.1.jar for tasks to queue
[2022-10-25T14:09:15.968+0000] {logging_mixin.py:117} INFO - [2022-10-25T14:09:15.968+0000] {dagbag.py:525} INFO - Filling up the DagBag from /opt/airflow/dags/hadoop-2.7.3/share/hadoop/common/lib/activation-1.1.jar
[2022-10-25T14:09:15.977+0000] {processor.py:770} WARNING - No viable dags retrieved from /opt/airflow/dags/hadoop-2.7.3/share/hadoop/common/lib/activation-1.1.jar
[2022-10-25T14:09:16.025+0000] {processor.py:178} INFO - Processing /opt/airflow/dags/hadoop-2.7.3/share/hadoop/common/lib/activation-1.1.jar took 0.073 seconds
[2022-10-25T14:09:31.512+0000] {processor.py:156} INFO - Started process (PID=18016) to work on /opt/airflow/dags/hadoop-2.7.3/share/hadoop/common/lib/activation-1.1.jar
[2022-10-25T14:09:31.514+0000] {processor.py:758} INFO - Processing file /opt/airflow/dags/hadoop-2.7.3/share/hadoop/common/lib/activation-1.1.jar for tasks to queue
[2022-10-25T14:09:31.522+0000] {logging_mixin.py:117} INFO - [2022-10-25T14:09:31.522+0000] {dagbag.py:525} INFO - Filling up the DagBag from /opt/airflow/dags/hadoop-2.7.3/share/hadoop/common/lib/activation-1.1.jar
[2022-10-25T14:09:31.532+0000] {processor.py:770} WARNING - No viable dags retrieved from /opt/airflow/dags/hadoop-2.7.3/share/hadoop/common/lib/activation-1.1.jar
[2022-10-25T14:09:31.585+0000] {processor.py:178} INFO - Processing /opt/airflow/dags/hadoop-2.7.3/share/hadoop/common/lib/activation-1.1.jar took 0.083 seconds
[2022-10-25T14:09:57.415+0000] {processor.py:156} INFO - Started process (PID=19615) to work on /opt/airflow/dags/hadoop-2.7.3/share/hadoop/common/lib/activation-1.1.jar
[2022-10-25T14:09:57.420+0000] {processor.py:758} INFO - Processing file /opt/airflow/dags/hadoop-2.7.3/share/hadoop/common/lib/activation-1.1.jar for tasks to queue
[2022-10-25T14:09:57.430+0000] {logging_mixin.py:117} INFO - [2022-10-25T14:09:57.430+0000] {dagbag.py:525} INFO - Filling up the DagBag from /opt/airflow/dags/hadoop-2.7.3/share/hadoop/common/lib/activation-1.1.jar
[2022-10-25T14:09:57.444+0000] {processor.py:770} WARNING - No viable dags retrieved from /opt/airflow/dags/hadoop-2.7.3/share/hadoop/common/lib/activation-1.1.jar
[2022-10-25T14:09:57.474+0000] {processor.py:178} INFO - Processing /opt/airflow/dags/hadoop-2.7.3/share/hadoop/common/lib/activation-1.1.jar took 0.071 seconds
[2022-10-25T14:10:10.653+0000] {processor.py:156} INFO - Started process (PID=18501) to work on /opt/airflow/dags/hadoop-2.7.3/share/hadoop/common/lib/activation-1.1.jar
[2022-10-25T14:10:10.657+0000] {processor.py:758} INFO - Processing file /opt/airflow/dags/hadoop-2.7.3/share/hadoop/common/lib/activation-1.1.jar for tasks to queue
[2022-10-25T14:10:10.658+0000] {logging_mixin.py:117} INFO - [2022-10-25T14:10:10.658+0000] {dagbag.py:525} INFO - Filling up the DagBag from /opt/airflow/dags/hadoop-2.7.3/share/hadoop/common/lib/activation-1.1.jar
[2022-10-25T14:10:10.665+0000] {processor.py:770} WARNING - No viable dags retrieved from /opt/airflow/dags/hadoop-2.7.3/share/hadoop/common/lib/activation-1.1.jar
[2022-10-25T14:10:10.703+0000] {processor.py:178} INFO - Processing /opt/airflow/dags/hadoop-2.7.3/share/hadoop/common/lib/activation-1.1.jar took 0.057 seconds
[2022-10-25T14:10:30.962+0000] {processor.py:156} INFO - Started process (PID=20008) to work on /opt/airflow/dags/hadoop-2.7.3/share/hadoop/common/lib/activation-1.1.jar
[2022-10-25T14:10:30.966+0000] {processor.py:758} INFO - Processing file /opt/airflow/dags/hadoop-2.7.3/share/hadoop/common/lib/activation-1.1.jar for tasks to queue
[2022-10-25T14:10:30.968+0000] {logging_mixin.py:117} INFO - [2022-10-25T14:10:30.968+0000] {dagbag.py:525} INFO - Filling up the DagBag from /opt/airflow/dags/hadoop-2.7.3/share/hadoop/common/lib/activation-1.1.jar
[2022-10-25T14:10:30.976+0000] {processor.py:770} WARNING - No viable dags retrieved from /opt/airflow/dags/hadoop-2.7.3/share/hadoop/common/lib/activation-1.1.jar
[2022-10-25T14:10:31.002+0000] {processor.py:178} INFO - Processing /opt/airflow/dags/hadoop-2.7.3/share/hadoop/common/lib/activation-1.1.jar took 0.052 seconds
[2022-10-25T14:10:49.501+0000] {processor.py:156} INFO - Started process (PID=18952) to work on /opt/airflow/dags/hadoop-2.7.3/share/hadoop/common/lib/activation-1.1.jar
[2022-10-25T14:10:49.504+0000] {processor.py:758} INFO - Processing file /opt/airflow/dags/hadoop-2.7.3/share/hadoop/common/lib/activation-1.1.jar for tasks to queue
[2022-10-25T14:10:49.506+0000] {logging_mixin.py:117} INFO - [2022-10-25T14:10:49.506+0000] {dagbag.py:525} INFO - Filling up the DagBag from /opt/airflow/dags/hadoop-2.7.3/share/hadoop/common/lib/activation-1.1.jar
[2022-10-25T14:10:49.515+0000] {processor.py:770} WARNING - No viable dags retrieved from /opt/airflow/dags/hadoop-2.7.3/share/hadoop/common/lib/activation-1.1.jar
[2022-10-25T14:10:49.555+0000] {processor.py:178} INFO - Processing /opt/airflow/dags/hadoop-2.7.3/share/hadoop/common/lib/activation-1.1.jar took 0.061 seconds
[2022-10-25T14:11:09.610+0000] {processor.py:156} INFO - Started process (PID=20494) to work on /opt/airflow/dags/hadoop-2.7.3/share/hadoop/common/lib/activation-1.1.jar
[2022-10-25T14:11:09.613+0000] {processor.py:758} INFO - Processing file /opt/airflow/dags/hadoop-2.7.3/share/hadoop/common/lib/activation-1.1.jar for tasks to queue
[2022-10-25T14:11:09.615+0000] {logging_mixin.py:117} INFO - [2022-10-25T14:11:09.615+0000] {dagbag.py:525} INFO - Filling up the DagBag from /opt/airflow/dags/hadoop-2.7.3/share/hadoop/common/lib/activation-1.1.jar
[2022-10-25T14:11:09.622+0000] {processor.py:770} WARNING - No viable dags retrieved from /opt/airflow/dags/hadoop-2.7.3/share/hadoop/common/lib/activation-1.1.jar
[2022-10-25T14:11:09.682+0000] {processor.py:178} INFO - Processing /opt/airflow/dags/hadoop-2.7.3/share/hadoop/common/lib/activation-1.1.jar took 0.080 seconds
[2022-10-25T14:11:27.800+0000] {processor.py:156} INFO - Started process (PID=19418) to work on /opt/airflow/dags/hadoop-2.7.3/share/hadoop/common/lib/activation-1.1.jar
[2022-10-25T14:11:27.807+0000] {processor.py:758} INFO - Processing file /opt/airflow/dags/hadoop-2.7.3/share/hadoop/common/lib/activation-1.1.jar for tasks to queue
[2022-10-25T14:11:27.816+0000] {logging_mixin.py:117} INFO - [2022-10-25T14:11:27.816+0000] {dagbag.py:525} INFO - Filling up the DagBag from /opt/airflow/dags/hadoop-2.7.3/share/hadoop/common/lib/activation-1.1.jar
[2022-10-25T14:11:27.828+0000] {processor.py:770} WARNING - No viable dags retrieved from /opt/airflow/dags/hadoop-2.7.3/share/hadoop/common/lib/activation-1.1.jar
[2022-10-25T14:11:27.901+0000] {processor.py:178} INFO - Processing /opt/airflow/dags/hadoop-2.7.3/share/hadoop/common/lib/activation-1.1.jar took 0.113 seconds
[2022-10-25T14:11:43.981+0000] {processor.py:156} INFO - Started process (PID=20912) to work on /opt/airflow/dags/hadoop-2.7.3/share/hadoop/common/lib/activation-1.1.jar
[2022-10-25T14:11:43.984+0000] {processor.py:758} INFO - Processing file /opt/airflow/dags/hadoop-2.7.3/share/hadoop/common/lib/activation-1.1.jar for tasks to queue
[2022-10-25T14:11:43.987+0000] {logging_mixin.py:117} INFO - [2022-10-25T14:11:43.987+0000] {dagbag.py:525} INFO - Filling up the DagBag from /opt/airflow/dags/hadoop-2.7.3/share/hadoop/common/lib/activation-1.1.jar
[2022-10-25T14:11:43.994+0000] {processor.py:770} WARNING - No viable dags retrieved from /opt/airflow/dags/hadoop-2.7.3/share/hadoop/common/lib/activation-1.1.jar
[2022-10-25T14:11:44.041+0000] {processor.py:178} INFO - Processing /opt/airflow/dags/hadoop-2.7.3/share/hadoop/common/lib/activation-1.1.jar took 0.072 seconds
[2022-10-25T14:12:06.228+0000] {processor.py:156} INFO - Started process (PID=19856) to work on /opt/airflow/dags/hadoop-2.7.3/share/hadoop/common/lib/activation-1.1.jar
[2022-10-25T14:12:06.230+0000] {processor.py:758} INFO - Processing file /opt/airflow/dags/hadoop-2.7.3/share/hadoop/common/lib/activation-1.1.jar for tasks to queue
[2022-10-25T14:12:06.232+0000] {logging_mixin.py:117} INFO - [2022-10-25T14:12:06.232+0000] {dagbag.py:525} INFO - Filling up the DagBag from /opt/airflow/dags/hadoop-2.7.3/share/hadoop/common/lib/activation-1.1.jar
[2022-10-25T14:12:06.241+0000] {processor.py:770} WARNING - No viable dags retrieved from /opt/airflow/dags/hadoop-2.7.3/share/hadoop/common/lib/activation-1.1.jar
[2022-10-25T14:12:06.275+0000] {processor.py:178} INFO - Processing /opt/airflow/dags/hadoop-2.7.3/share/hadoop/common/lib/activation-1.1.jar took 0.055 seconds
[2022-10-25T14:12:49.126+0000] {processor.py:156} INFO - Started process (PID=20366) to work on /opt/airflow/dags/hadoop-2.7.3/share/hadoop/common/lib/activation-1.1.jar
[2022-10-25T14:12:49.129+0000] {processor.py:758} INFO - Processing file /opt/airflow/dags/hadoop-2.7.3/share/hadoop/common/lib/activation-1.1.jar for tasks to queue
[2022-10-25T14:12:49.132+0000] {logging_mixin.py:117} INFO - [2022-10-25T14:12:49.131+0000] {dagbag.py:525} INFO - Filling up the DagBag from /opt/airflow/dags/hadoop-2.7.3/share/hadoop/common/lib/activation-1.1.jar
[2022-10-25T14:12:49.141+0000] {processor.py:770} WARNING - No viable dags retrieved from /opt/airflow/dags/hadoop-2.7.3/share/hadoop/common/lib/activation-1.1.jar
[2022-10-25T14:12:49.176+0000] {processor.py:178} INFO - Processing /opt/airflow/dags/hadoop-2.7.3/share/hadoop/common/lib/activation-1.1.jar took 0.058 seconds
[2022-10-25T14:13:09.472+0000] {processor.py:156} INFO - Started process (PID=21427) to work on /opt/airflow/dags/hadoop-2.7.3/share/hadoop/common/lib/activation-1.1.jar
[2022-10-25T14:13:09.476+0000] {processor.py:758} INFO - Processing file /opt/airflow/dags/hadoop-2.7.3/share/hadoop/common/lib/activation-1.1.jar for tasks to queue
[2022-10-25T14:13:09.480+0000] {logging_mixin.py:117} INFO - [2022-10-25T14:13:09.479+0000] {dagbag.py:525} INFO - Filling up the DagBag from /opt/airflow/dags/hadoop-2.7.3/share/hadoop/common/lib/activation-1.1.jar
[2022-10-25T14:13:09.496+0000] {processor.py:770} WARNING - No viable dags retrieved from /opt/airflow/dags/hadoop-2.7.3/share/hadoop/common/lib/activation-1.1.jar
[2022-10-25T14:13:09.550+0000] {processor.py:178} INFO - Processing /opt/airflow/dags/hadoop-2.7.3/share/hadoop/common/lib/activation-1.1.jar took 0.089 seconds
[2022-10-25T14:13:42.977+0000] {processor.py:156} INFO - Started process (PID=20552) to work on /opt/airflow/dags/hadoop-2.7.3/share/hadoop/common/lib/activation-1.1.jar
[2022-10-25T14:13:42.979+0000] {processor.py:758} INFO - Processing file /opt/airflow/dags/hadoop-2.7.3/share/hadoop/common/lib/activation-1.1.jar for tasks to queue
[2022-10-25T14:13:42.981+0000] {logging_mixin.py:117} INFO - [2022-10-25T14:13:42.980+0000] {dagbag.py:525} INFO - Filling up the DagBag from /opt/airflow/dags/hadoop-2.7.3/share/hadoop/common/lib/activation-1.1.jar
[2022-10-25T14:13:42.987+0000] {processor.py:770} WARNING - No viable dags retrieved from /opt/airflow/dags/hadoop-2.7.3/share/hadoop/common/lib/activation-1.1.jar
[2022-10-25T14:13:43.024+0000] {processor.py:178} INFO - Processing /opt/airflow/dags/hadoop-2.7.3/share/hadoop/common/lib/activation-1.1.jar took 0.053 seconds
[2022-10-25T14:13:48.287+0000] {processor.py:156} INFO - Started process (PID=21941) to work on /opt/airflow/dags/hadoop-2.7.3/share/hadoop/common/lib/activation-1.1.jar
[2022-10-25T14:13:48.290+0000] {processor.py:758} INFO - Processing file /opt/airflow/dags/hadoop-2.7.3/share/hadoop/common/lib/activation-1.1.jar for tasks to queue
[2022-10-25T14:13:48.292+0000] {logging_mixin.py:117} INFO - [2022-10-25T14:13:48.292+0000] {dagbag.py:525} INFO - Filling up the DagBag from /opt/airflow/dags/hadoop-2.7.3/share/hadoop/common/lib/activation-1.1.jar
[2022-10-25T14:13:48.302+0000] {processor.py:770} WARNING - No viable dags retrieved from /opt/airflow/dags/hadoop-2.7.3/share/hadoop/common/lib/activation-1.1.jar
[2022-10-25T14:13:48.372+0000] {processor.py:178} INFO - Processing /opt/airflow/dags/hadoop-2.7.3/share/hadoop/common/lib/activation-1.1.jar took 0.096 seconds
[2022-10-25T14:14:23.916+0000] {processor.py:156} INFO - Started process (PID=22333) to work on /opt/airflow/dags/hadoop-2.7.3/share/hadoop/common/lib/activation-1.1.jar
[2022-10-25T14:14:23.924+0000] {processor.py:758} INFO - Processing file /opt/airflow/dags/hadoop-2.7.3/share/hadoop/common/lib/activation-1.1.jar for tasks to queue
[2022-10-25T14:14:23.928+0000] {logging_mixin.py:117} INFO - [2022-10-25T14:14:23.927+0000] {dagbag.py:525} INFO - Filling up the DagBag from /opt/airflow/dags/hadoop-2.7.3/share/hadoop/common/lib/activation-1.1.jar
[2022-10-25T14:14:23.936+0000] {processor.py:770} WARNING - No viable dags retrieved from /opt/airflow/dags/hadoop-2.7.3/share/hadoop/common/lib/activation-1.1.jar
[2022-10-25T14:14:23.980+0000] {processor.py:178} INFO - Processing /opt/airflow/dags/hadoop-2.7.3/share/hadoop/common/lib/activation-1.1.jar took 0.077 seconds
[2022-10-25T14:14:24.435+0000] {processor.py:156} INFO - Started process (PID=21010) to work on /opt/airflow/dags/hadoop-2.7.3/share/hadoop/common/lib/activation-1.1.jar
[2022-10-25T14:14:24.438+0000] {processor.py:758} INFO - Processing file /opt/airflow/dags/hadoop-2.7.3/share/hadoop/common/lib/activation-1.1.jar for tasks to queue
[2022-10-25T14:14:24.441+0000] {logging_mixin.py:117} INFO - [2022-10-25T14:14:24.440+0000] {dagbag.py:525} INFO - Filling up the DagBag from /opt/airflow/dags/hadoop-2.7.3/share/hadoop/common/lib/activation-1.1.jar
[2022-10-25T14:14:24.451+0000] {processor.py:770} WARNING - No viable dags retrieved from /opt/airflow/dags/hadoop-2.7.3/share/hadoop/common/lib/activation-1.1.jar
[2022-10-25T14:14:24.485+0000] {processor.py:178} INFO - Processing /opt/airflow/dags/hadoop-2.7.3/share/hadoop/common/lib/activation-1.1.jar took 0.058 seconds
[2022-10-25T14:14:57.568+0000] {processor.py:156} INFO - Started process (PID=21391) to work on /opt/airflow/dags/hadoop-2.7.3/share/hadoop/common/lib/activation-1.1.jar
[2022-10-25T14:14:57.572+0000] {processor.py:758} INFO - Processing file /opt/airflow/dags/hadoop-2.7.3/share/hadoop/common/lib/activation-1.1.jar for tasks to queue
[2022-10-25T14:14:57.577+0000] {logging_mixin.py:117} INFO - [2022-10-25T14:14:57.577+0000] {dagbag.py:525} INFO - Filling up the DagBag from /opt/airflow/dags/hadoop-2.7.3/share/hadoop/common/lib/activation-1.1.jar
[2022-10-25T14:14:57.589+0000] {processor.py:770} WARNING - No viable dags retrieved from /opt/airflow/dags/hadoop-2.7.3/share/hadoop/common/lib/activation-1.1.jar
[2022-10-25T14:14:57.634+0000] {processor.py:178} INFO - Processing /opt/airflow/dags/hadoop-2.7.3/share/hadoop/common/lib/activation-1.1.jar took 0.089 seconds
[2022-10-25T14:14:59.556+0000] {processor.py:156} INFO - Started process (PID=22707) to work on /opt/airflow/dags/hadoop-2.7.3/share/hadoop/common/lib/activation-1.1.jar
[2022-10-25T14:14:59.562+0000] {processor.py:758} INFO - Processing file /opt/airflow/dags/hadoop-2.7.3/share/hadoop/common/lib/activation-1.1.jar for tasks to queue
[2022-10-25T14:14:59.565+0000] {logging_mixin.py:117} INFO - [2022-10-25T14:14:59.565+0000] {dagbag.py:525} INFO - Filling up the DagBag from /opt/airflow/dags/hadoop-2.7.3/share/hadoop/common/lib/activation-1.1.jar
[2022-10-25T14:14:59.577+0000] {processor.py:770} WARNING - No viable dags retrieved from /opt/airflow/dags/hadoop-2.7.3/share/hadoop/common/lib/activation-1.1.jar
[2022-10-25T14:14:59.640+0000] {processor.py:178} INFO - Processing /opt/airflow/dags/hadoop-2.7.3/share/hadoop/common/lib/activation-1.1.jar took 0.096 seconds
[2022-10-25T14:15:43.701+0000] {processor.py:156} INFO - Started process (PID=21751) to work on /opt/airflow/dags/hadoop-2.7.3/share/hadoop/common/lib/activation-1.1.jar
[2022-10-25T14:15:43.706+0000] {processor.py:758} INFO - Processing file /opt/airflow/dags/hadoop-2.7.3/share/hadoop/common/lib/activation-1.1.jar for tasks to queue
[2022-10-25T14:15:43.708+0000] {logging_mixin.py:117} INFO - [2022-10-25T14:15:43.708+0000] {dagbag.py:525} INFO - Filling up the DagBag from /opt/airflow/dags/hadoop-2.7.3/share/hadoop/common/lib/activation-1.1.jar
[2022-10-25T14:15:43.715+0000] {processor.py:770} WARNING - No viable dags retrieved from /opt/airflow/dags/hadoop-2.7.3/share/hadoop/common/lib/activation-1.1.jar
[2022-10-25T14:15:43.775+0000] {processor.py:178} INFO - Processing /opt/airflow/dags/hadoop-2.7.3/share/hadoop/common/lib/activation-1.1.jar took 0.084 seconds
[2022-10-25T14:15:51.704+0000] {processor.py:156} INFO - Started process (PID=23148) to work on /opt/airflow/dags/hadoop-2.7.3/share/hadoop/common/lib/activation-1.1.jar
[2022-10-25T14:15:51.712+0000] {processor.py:758} INFO - Processing file /opt/airflow/dags/hadoop-2.7.3/share/hadoop/common/lib/activation-1.1.jar for tasks to queue
[2022-10-25T14:15:51.719+0000] {logging_mixin.py:117} INFO - [2022-10-25T14:15:51.718+0000] {dagbag.py:525} INFO - Filling up the DagBag from /opt/airflow/dags/hadoop-2.7.3/share/hadoop/common/lib/activation-1.1.jar
[2022-10-25T14:15:51.748+0000] {processor.py:770} WARNING - No viable dags retrieved from /opt/airflow/dags/hadoop-2.7.3/share/hadoop/common/lib/activation-1.1.jar
[2022-10-25T14:15:51.817+0000] {processor.py:178} INFO - Processing /opt/airflow/dags/hadoop-2.7.3/share/hadoop/common/lib/activation-1.1.jar took 0.125 seconds
[2022-10-25T14:16:30.593+0000] {processor.py:156} INFO - Started process (PID=22263) to work on /opt/airflow/dags/hadoop-2.7.3/share/hadoop/common/lib/activation-1.1.jar
[2022-10-25T14:16:30.596+0000] {processor.py:758} INFO - Processing file /opt/airflow/dags/hadoop-2.7.3/share/hadoop/common/lib/activation-1.1.jar for tasks to queue
[2022-10-25T14:16:30.599+0000] {logging_mixin.py:117} INFO - [2022-10-25T14:16:30.599+0000] {dagbag.py:525} INFO - Filling up the DagBag from /opt/airflow/dags/hadoop-2.7.3/share/hadoop/common/lib/activation-1.1.jar
[2022-10-25T14:16:30.609+0000] {processor.py:770} WARNING - No viable dags retrieved from /opt/airflow/dags/hadoop-2.7.3/share/hadoop/common/lib/activation-1.1.jar
[2022-10-25T14:16:30.661+0000] {processor.py:178} INFO - Processing /opt/airflow/dags/hadoop-2.7.3/share/hadoop/common/lib/activation-1.1.jar took 0.078 seconds
[2022-10-25T14:16:36.218+0000] {processor.py:156} INFO - Started process (PID=23630) to work on /opt/airflow/dags/hadoop-2.7.3/share/hadoop/common/lib/activation-1.1.jar
[2022-10-25T14:16:36.224+0000] {processor.py:758} INFO - Processing file /opt/airflow/dags/hadoop-2.7.3/share/hadoop/common/lib/activation-1.1.jar for tasks to queue
[2022-10-25T14:16:36.227+0000] {logging_mixin.py:117} INFO - [2022-10-25T14:16:36.226+0000] {dagbag.py:525} INFO - Filling up the DagBag from /opt/airflow/dags/hadoop-2.7.3/share/hadoop/common/lib/activation-1.1.jar
[2022-10-25T14:16:36.234+0000] {processor.py:770} WARNING - No viable dags retrieved from /opt/airflow/dags/hadoop-2.7.3/share/hadoop/common/lib/activation-1.1.jar
[2022-10-25T14:16:36.272+0000] {processor.py:178} INFO - Processing /opt/airflow/dags/hadoop-2.7.3/share/hadoop/common/lib/activation-1.1.jar took 0.066 seconds
[2022-10-25T14:17:20.480+0000] {processor.py:156} INFO - Started process (PID=22704) to work on /opt/airflow/dags/hadoop-2.7.3/share/hadoop/common/lib/activation-1.1.jar
[2022-10-25T14:17:20.482+0000] {processor.py:758} INFO - Processing file /opt/airflow/dags/hadoop-2.7.3/share/hadoop/common/lib/activation-1.1.jar for tasks to queue
[2022-10-25T14:17:20.485+0000] {logging_mixin.py:117} INFO - [2022-10-25T14:17:20.485+0000] {dagbag.py:525} INFO - Filling up the DagBag from /opt/airflow/dags/hadoop-2.7.3/share/hadoop/common/lib/activation-1.1.jar
[2022-10-25T14:17:20.494+0000] {processor.py:770} WARNING - No viable dags retrieved from /opt/airflow/dags/hadoop-2.7.3/share/hadoop/common/lib/activation-1.1.jar
[2022-10-25T14:17:20.537+0000] {processor.py:178} INFO - Processing /opt/airflow/dags/hadoop-2.7.3/share/hadoop/common/lib/activation-1.1.jar took 0.066 seconds
[2022-10-25T14:17:24.185+0000] {processor.py:156} INFO - Started process (PID=24072) to work on /opt/airflow/dags/hadoop-2.7.3/share/hadoop/common/lib/activation-1.1.jar
[2022-10-25T14:17:24.188+0000] {processor.py:758} INFO - Processing file /opt/airflow/dags/hadoop-2.7.3/share/hadoop/common/lib/activation-1.1.jar for tasks to queue
[2022-10-25T14:17:24.191+0000] {logging_mixin.py:117} INFO - [2022-10-25T14:17:24.190+0000] {dagbag.py:525} INFO - Filling up the DagBag from /opt/airflow/dags/hadoop-2.7.3/share/hadoop/common/lib/activation-1.1.jar
[2022-10-25T14:17:24.200+0000] {processor.py:770} WARNING - No viable dags retrieved from /opt/airflow/dags/hadoop-2.7.3/share/hadoop/common/lib/activation-1.1.jar
[2022-10-25T14:17:24.240+0000] {processor.py:178} INFO - Processing /opt/airflow/dags/hadoop-2.7.3/share/hadoop/common/lib/activation-1.1.jar took 0.064 seconds
