[2022-10-25T00:25:25.030+0000] {processor.py:156} INFO - Started process (PID=4207) to work on /opt/airflow/dags/hadoop-2.7.3/share/hadoop/common/lib/api-asn1-api-1.0.0-M20.jar
[2022-10-25T00:25:25.032+0000] {processor.py:758} INFO - Processing file /opt/airflow/dags/hadoop-2.7.3/share/hadoop/common/lib/api-asn1-api-1.0.0-M20.jar for tasks to queue
[2022-10-25T00:25:25.038+0000] {logging_mixin.py:117} INFO - [2022-10-25T00:25:25.038+0000] {dagbag.py:525} INFO - Filling up the DagBag from /opt/airflow/dags/hadoop-2.7.3/share/hadoop/common/lib/api-asn1-api-1.0.0-M20.jar
[2022-10-25T00:25:25.045+0000] {processor.py:770} WARNING - No viable dags retrieved from /opt/airflow/dags/hadoop-2.7.3/share/hadoop/common/lib/api-asn1-api-1.0.0-M20.jar
[2022-10-25T00:25:25.105+0000] {processor.py:178} INFO - Processing /opt/airflow/dags/hadoop-2.7.3/share/hadoop/common/lib/api-asn1-api-1.0.0-M20.jar took 0.082 seconds
[2022-10-25T00:38:05.955+0000] {processor.py:156} INFO - Started process (PID=2259) to work on /opt/airflow/dags/hadoop-2.7.3/share/hadoop/common/lib/api-asn1-api-1.0.0-M20.jar
[2022-10-25T00:38:05.958+0000] {processor.py:758} INFO - Processing file /opt/airflow/dags/hadoop-2.7.3/share/hadoop/common/lib/api-asn1-api-1.0.0-M20.jar for tasks to queue
[2022-10-25T00:38:05.961+0000] {logging_mixin.py:117} INFO - [2022-10-25T00:38:05.961+0000] {dagbag.py:525} INFO - Filling up the DagBag from /opt/airflow/dags/hadoop-2.7.3/share/hadoop/common/lib/api-asn1-api-1.0.0-M20.jar
[2022-10-25T00:38:05.967+0000] {processor.py:770} WARNING - No viable dags retrieved from /opt/airflow/dags/hadoop-2.7.3/share/hadoop/common/lib/api-asn1-api-1.0.0-M20.jar
[2022-10-25T00:38:05.995+0000] {processor.py:178} INFO - Processing /opt/airflow/dags/hadoop-2.7.3/share/hadoop/common/lib/api-asn1-api-1.0.0-M20.jar took 0.045 seconds
[2022-10-25T00:38:16.160+0000] {processor.py:156} INFO - Started process (PID=4748) to work on /opt/airflow/dags/hadoop-2.7.3/share/hadoop/common/lib/api-asn1-api-1.0.0-M20.jar
[2022-10-25T00:38:16.163+0000] {processor.py:758} INFO - Processing file /opt/airflow/dags/hadoop-2.7.3/share/hadoop/common/lib/api-asn1-api-1.0.0-M20.jar for tasks to queue
[2022-10-25T00:38:16.165+0000] {logging_mixin.py:117} INFO - [2022-10-25T00:38:16.164+0000] {dagbag.py:525} INFO - Filling up the DagBag from /opt/airflow/dags/hadoop-2.7.3/share/hadoop/common/lib/api-asn1-api-1.0.0-M20.jar
[2022-10-25T00:38:16.170+0000] {processor.py:770} WARNING - No viable dags retrieved from /opt/airflow/dags/hadoop-2.7.3/share/hadoop/common/lib/api-asn1-api-1.0.0-M20.jar
[2022-10-25T00:38:16.199+0000] {processor.py:178} INFO - Processing /opt/airflow/dags/hadoop-2.7.3/share/hadoop/common/lib/api-asn1-api-1.0.0-M20.jar took 0.046 seconds
[2022-10-25T00:38:44.210+0000] {processor.py:156} INFO - Started process (PID=2775) to work on /opt/airflow/dags/hadoop-2.7.3/share/hadoop/common/lib/api-asn1-api-1.0.0-M20.jar
[2022-10-25T00:38:44.212+0000] {processor.py:758} INFO - Processing file /opt/airflow/dags/hadoop-2.7.3/share/hadoop/common/lib/api-asn1-api-1.0.0-M20.jar for tasks to queue
[2022-10-25T00:38:44.217+0000] {logging_mixin.py:117} INFO - [2022-10-25T00:38:44.216+0000] {dagbag.py:525} INFO - Filling up the DagBag from /opt/airflow/dags/hadoop-2.7.3/share/hadoop/common/lib/api-asn1-api-1.0.0-M20.jar
[2022-10-25T00:38:44.235+0000] {processor.py:770} WARNING - No viable dags retrieved from /opt/airflow/dags/hadoop-2.7.3/share/hadoop/common/lib/api-asn1-api-1.0.0-M20.jar
[2022-10-25T00:38:44.281+0000] {processor.py:178} INFO - Processing /opt/airflow/dags/hadoop-2.7.3/share/hadoop/common/lib/api-asn1-api-1.0.0-M20.jar took 0.078 seconds
[2022-10-25T00:38:52.946+0000] {processor.py:156} INFO - Started process (PID=5233) to work on /opt/airflow/dags/hadoop-2.7.3/share/hadoop/common/lib/api-asn1-api-1.0.0-M20.jar
[2022-10-25T00:38:52.949+0000] {processor.py:758} INFO - Processing file /opt/airflow/dags/hadoop-2.7.3/share/hadoop/common/lib/api-asn1-api-1.0.0-M20.jar for tasks to queue
[2022-10-25T00:38:52.951+0000] {logging_mixin.py:117} INFO - [2022-10-25T00:38:52.951+0000] {dagbag.py:525} INFO - Filling up the DagBag from /opt/airflow/dags/hadoop-2.7.3/share/hadoop/common/lib/api-asn1-api-1.0.0-M20.jar
[2022-10-25T00:38:52.960+0000] {processor.py:770} WARNING - No viable dags retrieved from /opt/airflow/dags/hadoop-2.7.3/share/hadoop/common/lib/api-asn1-api-1.0.0-M20.jar
[2022-10-25T00:38:53.003+0000] {processor.py:178} INFO - Processing /opt/airflow/dags/hadoop-2.7.3/share/hadoop/common/lib/api-asn1-api-1.0.0-M20.jar took 0.063 seconds
[2022-10-25T00:39:17.338+0000] {processor.py:156} INFO - Started process (PID=3206) to work on /opt/airflow/dags/hadoop-2.7.3/share/hadoop/common/lib/api-asn1-api-1.0.0-M20.jar
[2022-10-25T00:39:17.340+0000] {processor.py:758} INFO - Processing file /opt/airflow/dags/hadoop-2.7.3/share/hadoop/common/lib/api-asn1-api-1.0.0-M20.jar for tasks to queue
[2022-10-25T00:39:17.348+0000] {logging_mixin.py:117} INFO - [2022-10-25T00:39:17.348+0000] {dagbag.py:525} INFO - Filling up the DagBag from /opt/airflow/dags/hadoop-2.7.3/share/hadoop/common/lib/api-asn1-api-1.0.0-M20.jar
[2022-10-25T00:39:17.357+0000] {processor.py:770} WARNING - No viable dags retrieved from /opt/airflow/dags/hadoop-2.7.3/share/hadoop/common/lib/api-asn1-api-1.0.0-M20.jar
[2022-10-25T00:39:17.404+0000] {processor.py:178} INFO - Processing /opt/airflow/dags/hadoop-2.7.3/share/hadoop/common/lib/api-asn1-api-1.0.0-M20.jar took 0.076 seconds
[2022-10-25T00:40:20.757+0000] {processor.py:156} INFO - Started process (PID=5771) to work on /opt/airflow/dags/hadoop-2.7.3/share/hadoop/common/lib/api-asn1-api-1.0.0-M20.jar
[2022-10-25T00:40:20.760+0000] {processor.py:758} INFO - Processing file /opt/airflow/dags/hadoop-2.7.3/share/hadoop/common/lib/api-asn1-api-1.0.0-M20.jar for tasks to queue
[2022-10-25T00:40:20.763+0000] {logging_mixin.py:117} INFO - [2022-10-25T00:40:20.763+0000] {dagbag.py:525} INFO - Filling up the DagBag from /opt/airflow/dags/hadoop-2.7.3/share/hadoop/common/lib/api-asn1-api-1.0.0-M20.jar
[2022-10-25T00:40:20.772+0000] {processor.py:770} WARNING - No viable dags retrieved from /opt/airflow/dags/hadoop-2.7.3/share/hadoop/common/lib/api-asn1-api-1.0.0-M20.jar
[2022-10-25T00:40:20.809+0000] {processor.py:178} INFO - Processing /opt/airflow/dags/hadoop-2.7.3/share/hadoop/common/lib/api-asn1-api-1.0.0-M20.jar took 0.063 seconds
[2022-10-25T00:52:58.390+0000] {processor.py:156} INFO - Started process (PID=3773) to work on /opt/airflow/dags/hadoop-2.7.3/share/hadoop/common/lib/api-asn1-api-1.0.0-M20.jar
[2022-10-25T00:52:58.393+0000] {processor.py:758} INFO - Processing file /opt/airflow/dags/hadoop-2.7.3/share/hadoop/common/lib/api-asn1-api-1.0.0-M20.jar for tasks to queue
[2022-10-25T00:52:58.402+0000] {logging_mixin.py:117} INFO - [2022-10-25T00:52:58.402+0000] {dagbag.py:525} INFO - Filling up the DagBag from /opt/airflow/dags/hadoop-2.7.3/share/hadoop/common/lib/api-asn1-api-1.0.0-M20.jar
[2022-10-25T00:52:58.410+0000] {processor.py:770} WARNING - No viable dags retrieved from /opt/airflow/dags/hadoop-2.7.3/share/hadoop/common/lib/api-asn1-api-1.0.0-M20.jar
[2022-10-25T00:52:58.442+0000] {processor.py:178} INFO - Processing /opt/airflow/dags/hadoop-2.7.3/share/hadoop/common/lib/api-asn1-api-1.0.0-M20.jar took 0.062 seconds
[2022-10-25T00:53:16.632+0000] {processor.py:156} INFO - Started process (PID=6327) to work on /opt/airflow/dags/hadoop-2.7.3/share/hadoop/common/lib/api-asn1-api-1.0.0-M20.jar
[2022-10-25T00:53:16.636+0000] {processor.py:758} INFO - Processing file /opt/airflow/dags/hadoop-2.7.3/share/hadoop/common/lib/api-asn1-api-1.0.0-M20.jar for tasks to queue
[2022-10-25T00:53:16.640+0000] {logging_mixin.py:117} INFO - [2022-10-25T00:53:16.639+0000] {dagbag.py:525} INFO - Filling up the DagBag from /opt/airflow/dags/hadoop-2.7.3/share/hadoop/common/lib/api-asn1-api-1.0.0-M20.jar
[2022-10-25T00:53:16.650+0000] {processor.py:770} WARNING - No viable dags retrieved from /opt/airflow/dags/hadoop-2.7.3/share/hadoop/common/lib/api-asn1-api-1.0.0-M20.jar
[2022-10-25T00:53:16.702+0000] {processor.py:178} INFO - Processing /opt/airflow/dags/hadoop-2.7.3/share/hadoop/common/lib/api-asn1-api-1.0.0-M20.jar took 0.082 seconds
[2022-10-25T00:53:38.034+0000] {processor.py:156} INFO - Started process (PID=4252) to work on /opt/airflow/dags/hadoop-2.7.3/share/hadoop/common/lib/api-asn1-api-1.0.0-M20.jar
[2022-10-25T00:53:38.037+0000] {processor.py:758} INFO - Processing file /opt/airflow/dags/hadoop-2.7.3/share/hadoop/common/lib/api-asn1-api-1.0.0-M20.jar for tasks to queue
[2022-10-25T00:53:38.041+0000] {logging_mixin.py:117} INFO - [2022-10-25T00:53:38.041+0000] {dagbag.py:525} INFO - Filling up the DagBag from /opt/airflow/dags/hadoop-2.7.3/share/hadoop/common/lib/api-asn1-api-1.0.0-M20.jar
[2022-10-25T00:53:38.047+0000] {processor.py:770} WARNING - No viable dags retrieved from /opt/airflow/dags/hadoop-2.7.3/share/hadoop/common/lib/api-asn1-api-1.0.0-M20.jar
[2022-10-25T00:53:38.080+0000] {processor.py:178} INFO - Processing /opt/airflow/dags/hadoop-2.7.3/share/hadoop/common/lib/api-asn1-api-1.0.0-M20.jar took 0.054 seconds
[2022-10-25T00:53:51.093+0000] {processor.py:156} INFO - Started process (PID=6759) to work on /opt/airflow/dags/hadoop-2.7.3/share/hadoop/common/lib/api-asn1-api-1.0.0-M20.jar
[2022-10-25T00:53:51.096+0000] {processor.py:758} INFO - Processing file /opt/airflow/dags/hadoop-2.7.3/share/hadoop/common/lib/api-asn1-api-1.0.0-M20.jar for tasks to queue
[2022-10-25T00:53:51.100+0000] {logging_mixin.py:117} INFO - [2022-10-25T00:53:51.099+0000] {dagbag.py:525} INFO - Filling up the DagBag from /opt/airflow/dags/hadoop-2.7.3/share/hadoop/common/lib/api-asn1-api-1.0.0-M20.jar
[2022-10-25T00:53:51.108+0000] {processor.py:770} WARNING - No viable dags retrieved from /opt/airflow/dags/hadoop-2.7.3/share/hadoop/common/lib/api-asn1-api-1.0.0-M20.jar
[2022-10-25T00:53:51.141+0000] {processor.py:178} INFO - Processing /opt/airflow/dags/hadoop-2.7.3/share/hadoop/common/lib/api-asn1-api-1.0.0-M20.jar took 0.054 seconds
[2022-10-25T00:54:17.006+0000] {processor.py:156} INFO - Started process (PID=4768) to work on /opt/airflow/dags/hadoop-2.7.3/share/hadoop/common/lib/api-asn1-api-1.0.0-M20.jar
[2022-10-25T00:54:17.010+0000] {processor.py:758} INFO - Processing file /opt/airflow/dags/hadoop-2.7.3/share/hadoop/common/lib/api-asn1-api-1.0.0-M20.jar for tasks to queue
[2022-10-25T00:54:17.017+0000] {logging_mixin.py:117} INFO - [2022-10-25T00:54:17.016+0000] {dagbag.py:525} INFO - Filling up the DagBag from /opt/airflow/dags/hadoop-2.7.3/share/hadoop/common/lib/api-asn1-api-1.0.0-M20.jar
[2022-10-25T00:54:17.025+0000] {processor.py:770} WARNING - No viable dags retrieved from /opt/airflow/dags/hadoop-2.7.3/share/hadoop/common/lib/api-asn1-api-1.0.0-M20.jar
[2022-10-25T00:54:17.087+0000] {processor.py:178} INFO - Processing /opt/airflow/dags/hadoop-2.7.3/share/hadoop/common/lib/api-asn1-api-1.0.0-M20.jar took 0.088 seconds
[2022-10-25T00:54:36.661+0000] {processor.py:156} INFO - Started process (PID=7277) to work on /opt/airflow/dags/hadoop-2.7.3/share/hadoop/common/lib/api-asn1-api-1.0.0-M20.jar
[2022-10-25T00:54:36.667+0000] {processor.py:758} INFO - Processing file /opt/airflow/dags/hadoop-2.7.3/share/hadoop/common/lib/api-asn1-api-1.0.0-M20.jar for tasks to queue
[2022-10-25T00:54:36.672+0000] {logging_mixin.py:117} INFO - [2022-10-25T00:54:36.671+0000] {dagbag.py:525} INFO - Filling up the DagBag from /opt/airflow/dags/hadoop-2.7.3/share/hadoop/common/lib/api-asn1-api-1.0.0-M20.jar
[2022-10-25T00:54:36.682+0000] {processor.py:770} WARNING - No viable dags retrieved from /opt/airflow/dags/hadoop-2.7.3/share/hadoop/common/lib/api-asn1-api-1.0.0-M20.jar
[2022-10-25T00:54:36.984+0000] {processor.py:178} INFO - Processing /opt/airflow/dags/hadoop-2.7.3/share/hadoop/common/lib/api-asn1-api-1.0.0-M20.jar took 0.355 seconds
[2022-10-25T00:55:18.323+0000] {processor.py:156} INFO - Started process (PID=5287) to work on /opt/airflow/dags/hadoop-2.7.3/share/hadoop/common/lib/api-asn1-api-1.0.0-M20.jar
[2022-10-25T00:55:18.328+0000] {processor.py:758} INFO - Processing file /opt/airflow/dags/hadoop-2.7.3/share/hadoop/common/lib/api-asn1-api-1.0.0-M20.jar for tasks to queue
[2022-10-25T00:55:18.342+0000] {logging_mixin.py:117} INFO - [2022-10-25T00:55:18.342+0000] {dagbag.py:525} INFO - Filling up the DagBag from /opt/airflow/dags/hadoop-2.7.3/share/hadoop/common/lib/api-asn1-api-1.0.0-M20.jar
[2022-10-25T00:55:18.360+0000] {processor.py:770} WARNING - No viable dags retrieved from /opt/airflow/dags/hadoop-2.7.3/share/hadoop/common/lib/api-asn1-api-1.0.0-M20.jar
[2022-10-25T00:55:18.445+0000] {processor.py:178} INFO - Processing /opt/airflow/dags/hadoop-2.7.3/share/hadoop/common/lib/api-asn1-api-1.0.0-M20.jar took 0.145 seconds
[2022-10-25T00:55:38.342+0000] {processor.py:156} INFO - Started process (PID=7725) to work on /opt/airflow/dags/hadoop-2.7.3/share/hadoop/common/lib/api-asn1-api-1.0.0-M20.jar
[2022-10-25T00:55:38.347+0000] {processor.py:758} INFO - Processing file /opt/airflow/dags/hadoop-2.7.3/share/hadoop/common/lib/api-asn1-api-1.0.0-M20.jar for tasks to queue
[2022-10-25T00:55:38.350+0000] {logging_mixin.py:117} INFO - [2022-10-25T00:55:38.350+0000] {dagbag.py:525} INFO - Filling up the DagBag from /opt/airflow/dags/hadoop-2.7.3/share/hadoop/common/lib/api-asn1-api-1.0.0-M20.jar
[2022-10-25T00:55:38.370+0000] {processor.py:770} WARNING - No viable dags retrieved from /opt/airflow/dags/hadoop-2.7.3/share/hadoop/common/lib/api-asn1-api-1.0.0-M20.jar
[2022-10-25T00:55:38.447+0000] {processor.py:178} INFO - Processing /opt/airflow/dags/hadoop-2.7.3/share/hadoop/common/lib/api-asn1-api-1.0.0-M20.jar took 0.124 seconds
[2022-10-25T00:56:10.582+0000] {processor.py:156} INFO - Started process (PID=5601) to work on /opt/airflow/dags/hadoop-2.7.3/share/hadoop/common/lib/api-asn1-api-1.0.0-M20.jar
[2022-10-25T00:56:10.588+0000] {processor.py:758} INFO - Processing file /opt/airflow/dags/hadoop-2.7.3/share/hadoop/common/lib/api-asn1-api-1.0.0-M20.jar for tasks to queue
[2022-10-25T00:56:10.603+0000] {logging_mixin.py:117} INFO - [2022-10-25T00:56:10.603+0000] {dagbag.py:525} INFO - Filling up the DagBag from /opt/airflow/dags/hadoop-2.7.3/share/hadoop/common/lib/api-asn1-api-1.0.0-M20.jar
[2022-10-25T00:56:10.621+0000] {processor.py:770} WARNING - No viable dags retrieved from /opt/airflow/dags/hadoop-2.7.3/share/hadoop/common/lib/api-asn1-api-1.0.0-M20.jar
[2022-10-25T00:56:10.689+0000] {processor.py:178} INFO - Processing /opt/airflow/dags/hadoop-2.7.3/share/hadoop/common/lib/api-asn1-api-1.0.0-M20.jar took 0.126 seconds
[2022-10-25T00:56:41.837+0000] {processor.py:156} INFO - Started process (PID=8071) to work on /opt/airflow/dags/hadoop-2.7.3/share/hadoop/common/lib/api-asn1-api-1.0.0-M20.jar
[2022-10-25T00:56:41.845+0000] {processor.py:758} INFO - Processing file /opt/airflow/dags/hadoop-2.7.3/share/hadoop/common/lib/api-asn1-api-1.0.0-M20.jar for tasks to queue
[2022-10-25T00:56:41.852+0000] {logging_mixin.py:117} INFO - [2022-10-25T00:56:41.851+0000] {dagbag.py:525} INFO - Filling up the DagBag from /opt/airflow/dags/hadoop-2.7.3/share/hadoop/common/lib/api-asn1-api-1.0.0-M20.jar
[2022-10-25T00:56:41.866+0000] {processor.py:770} WARNING - No viable dags retrieved from /opt/airflow/dags/hadoop-2.7.3/share/hadoop/common/lib/api-asn1-api-1.0.0-M20.jar
[2022-10-25T00:56:41.980+0000] {processor.py:178} INFO - Processing /opt/airflow/dags/hadoop-2.7.3/share/hadoop/common/lib/api-asn1-api-1.0.0-M20.jar took 0.166 seconds
[2022-10-25T00:57:06.728+0000] {processor.py:156} INFO - Started process (PID=5959) to work on /opt/airflow/dags/hadoop-2.7.3/share/hadoop/common/lib/api-asn1-api-1.0.0-M20.jar
[2022-10-25T00:57:06.734+0000] {processor.py:758} INFO - Processing file /opt/airflow/dags/hadoop-2.7.3/share/hadoop/common/lib/api-asn1-api-1.0.0-M20.jar for tasks to queue
[2022-10-25T00:57:06.742+0000] {logging_mixin.py:117} INFO - [2022-10-25T00:57:06.741+0000] {dagbag.py:525} INFO - Filling up the DagBag from /opt/airflow/dags/hadoop-2.7.3/share/hadoop/common/lib/api-asn1-api-1.0.0-M20.jar
[2022-10-25T00:57:06.753+0000] {processor.py:770} WARNING - No viable dags retrieved from /opt/airflow/dags/hadoop-2.7.3/share/hadoop/common/lib/api-asn1-api-1.0.0-M20.jar
[2022-10-25T00:57:06.819+0000] {processor.py:178} INFO - Processing /opt/airflow/dags/hadoop-2.7.3/share/hadoop/common/lib/api-asn1-api-1.0.0-M20.jar took 0.104 seconds
[2022-10-25T14:08:23.968+0000] {processor.py:156} INFO - Started process (PID=18578) to work on /opt/airflow/dags/hadoop-2.7.3/share/hadoop/common/lib/api-asn1-api-1.0.0-M20.jar
[2022-10-25T14:08:23.971+0000] {processor.py:758} INFO - Processing file /opt/airflow/dags/hadoop-2.7.3/share/hadoop/common/lib/api-asn1-api-1.0.0-M20.jar for tasks to queue
[2022-10-25T14:08:23.973+0000] {logging_mixin.py:117} INFO - [2022-10-25T14:08:23.973+0000] {dagbag.py:525} INFO - Filling up the DagBag from /opt/airflow/dags/hadoop-2.7.3/share/hadoop/common/lib/api-asn1-api-1.0.0-M20.jar
[2022-10-25T14:08:23.978+0000] {processor.py:770} WARNING - No viable dags retrieved from /opt/airflow/dags/hadoop-2.7.3/share/hadoop/common/lib/api-asn1-api-1.0.0-M20.jar
[2022-10-25T14:08:24.013+0000] {processor.py:178} INFO - Processing /opt/airflow/dags/hadoop-2.7.3/share/hadoop/common/lib/api-asn1-api-1.0.0-M20.jar took 0.052 seconds
[2022-10-25T14:08:44.828+0000] {processor.py:156} INFO - Started process (PID=17501) to work on /opt/airflow/dags/hadoop-2.7.3/share/hadoop/common/lib/api-asn1-api-1.0.0-M20.jar
[2022-10-25T14:08:44.831+0000] {processor.py:758} INFO - Processing file /opt/airflow/dags/hadoop-2.7.3/share/hadoop/common/lib/api-asn1-api-1.0.0-M20.jar for tasks to queue
[2022-10-25T14:08:44.835+0000] {logging_mixin.py:117} INFO - [2022-10-25T14:08:44.835+0000] {dagbag.py:525} INFO - Filling up the DagBag from /opt/airflow/dags/hadoop-2.7.3/share/hadoop/common/lib/api-asn1-api-1.0.0-M20.jar
[2022-10-25T14:08:44.840+0000] {processor.py:770} WARNING - No viable dags retrieved from /opt/airflow/dags/hadoop-2.7.3/share/hadoop/common/lib/api-asn1-api-1.0.0-M20.jar
[2022-10-25T14:08:44.877+0000] {processor.py:178} INFO - Processing /opt/airflow/dags/hadoop-2.7.3/share/hadoop/common/lib/api-asn1-api-1.0.0-M20.jar took 0.058 seconds
[2022-10-25T14:09:16.210+0000] {processor.py:156} INFO - Started process (PID=19101) to work on /opt/airflow/dags/hadoop-2.7.3/share/hadoop/common/lib/api-asn1-api-1.0.0-M20.jar
[2022-10-25T14:09:16.213+0000] {processor.py:758} INFO - Processing file /opt/airflow/dags/hadoop-2.7.3/share/hadoop/common/lib/api-asn1-api-1.0.0-M20.jar for tasks to queue
[2022-10-25T14:09:16.216+0000] {logging_mixin.py:117} INFO - [2022-10-25T14:09:16.216+0000] {dagbag.py:525} INFO - Filling up the DagBag from /opt/airflow/dags/hadoop-2.7.3/share/hadoop/common/lib/api-asn1-api-1.0.0-M20.jar
[2022-10-25T14:09:16.223+0000] {processor.py:770} WARNING - No viable dags retrieved from /opt/airflow/dags/hadoop-2.7.3/share/hadoop/common/lib/api-asn1-api-1.0.0-M20.jar
[2022-10-25T14:09:16.257+0000] {processor.py:178} INFO - Processing /opt/airflow/dags/hadoop-2.7.3/share/hadoop/common/lib/api-asn1-api-1.0.0-M20.jar took 0.054 seconds
[2022-10-25T14:09:31.693+0000] {processor.py:156} INFO - Started process (PID=18019) to work on /opt/airflow/dags/hadoop-2.7.3/share/hadoop/common/lib/api-asn1-api-1.0.0-M20.jar
[2022-10-25T14:09:31.695+0000] {processor.py:758} INFO - Processing file /opt/airflow/dags/hadoop-2.7.3/share/hadoop/common/lib/api-asn1-api-1.0.0-M20.jar for tasks to queue
[2022-10-25T14:09:31.697+0000] {logging_mixin.py:117} INFO - [2022-10-25T14:09:31.697+0000] {dagbag.py:525} INFO - Filling up the DagBag from /opt/airflow/dags/hadoop-2.7.3/share/hadoop/common/lib/api-asn1-api-1.0.0-M20.jar
[2022-10-25T14:09:31.704+0000] {processor.py:770} WARNING - No viable dags retrieved from /opt/airflow/dags/hadoop-2.7.3/share/hadoop/common/lib/api-asn1-api-1.0.0-M20.jar
[2022-10-25T14:09:31.737+0000] {processor.py:178} INFO - Processing /opt/airflow/dags/hadoop-2.7.3/share/hadoop/common/lib/api-asn1-api-1.0.0-M20.jar took 0.051 seconds
[2022-10-25T14:09:57.613+0000] {processor.py:156} INFO - Started process (PID=19618) to work on /opt/airflow/dags/hadoop-2.7.3/share/hadoop/common/lib/api-asn1-api-1.0.0-M20.jar
[2022-10-25T14:09:57.616+0000] {processor.py:758} INFO - Processing file /opt/airflow/dags/hadoop-2.7.3/share/hadoop/common/lib/api-asn1-api-1.0.0-M20.jar for tasks to queue
[2022-10-25T14:09:57.620+0000] {logging_mixin.py:117} INFO - [2022-10-25T14:09:57.620+0000] {dagbag.py:525} INFO - Filling up the DagBag from /opt/airflow/dags/hadoop-2.7.3/share/hadoop/common/lib/api-asn1-api-1.0.0-M20.jar
[2022-10-25T14:09:57.628+0000] {processor.py:770} WARNING - No viable dags retrieved from /opt/airflow/dags/hadoop-2.7.3/share/hadoop/common/lib/api-asn1-api-1.0.0-M20.jar
[2022-10-25T14:09:57.700+0000] {processor.py:178} INFO - Processing /opt/airflow/dags/hadoop-2.7.3/share/hadoop/common/lib/api-asn1-api-1.0.0-M20.jar took 0.096 seconds
[2022-10-25T14:10:10.836+0000] {processor.py:156} INFO - Started process (PID=18504) to work on /opt/airflow/dags/hadoop-2.7.3/share/hadoop/common/lib/api-asn1-api-1.0.0-M20.jar
[2022-10-25T14:10:10.843+0000] {processor.py:758} INFO - Processing file /opt/airflow/dags/hadoop-2.7.3/share/hadoop/common/lib/api-asn1-api-1.0.0-M20.jar for tasks to queue
[2022-10-25T14:10:10.846+0000] {logging_mixin.py:117} INFO - [2022-10-25T14:10:10.845+0000] {dagbag.py:525} INFO - Filling up the DagBag from /opt/airflow/dags/hadoop-2.7.3/share/hadoop/common/lib/api-asn1-api-1.0.0-M20.jar
[2022-10-25T14:10:10.852+0000] {processor.py:770} WARNING - No viable dags retrieved from /opt/airflow/dags/hadoop-2.7.3/share/hadoop/common/lib/api-asn1-api-1.0.0-M20.jar
[2022-10-25T14:10:10.893+0000] {processor.py:178} INFO - Processing /opt/airflow/dags/hadoop-2.7.3/share/hadoop/common/lib/api-asn1-api-1.0.0-M20.jar took 0.064 seconds
[2022-10-25T14:10:31.179+0000] {processor.py:156} INFO - Started process (PID=20011) to work on /opt/airflow/dags/hadoop-2.7.3/share/hadoop/common/lib/api-asn1-api-1.0.0-M20.jar
[2022-10-25T14:10:31.191+0000] {processor.py:758} INFO - Processing file /opt/airflow/dags/hadoop-2.7.3/share/hadoop/common/lib/api-asn1-api-1.0.0-M20.jar for tasks to queue
[2022-10-25T14:10:31.195+0000] {logging_mixin.py:117} INFO - [2022-10-25T14:10:31.194+0000] {dagbag.py:525} INFO - Filling up the DagBag from /opt/airflow/dags/hadoop-2.7.3/share/hadoop/common/lib/api-asn1-api-1.0.0-M20.jar
[2022-10-25T14:10:31.207+0000] {processor.py:770} WARNING - No viable dags retrieved from /opt/airflow/dags/hadoop-2.7.3/share/hadoop/common/lib/api-asn1-api-1.0.0-M20.jar
[2022-10-25T14:10:31.248+0000] {processor.py:178} INFO - Processing /opt/airflow/dags/hadoop-2.7.3/share/hadoop/common/lib/api-asn1-api-1.0.0-M20.jar took 0.084 seconds
[2022-10-25T14:10:49.730+0000] {processor.py:156} INFO - Started process (PID=18955) to work on /opt/airflow/dags/hadoop-2.7.3/share/hadoop/common/lib/api-asn1-api-1.0.0-M20.jar
[2022-10-25T14:10:49.734+0000] {processor.py:758} INFO - Processing file /opt/airflow/dags/hadoop-2.7.3/share/hadoop/common/lib/api-asn1-api-1.0.0-M20.jar for tasks to queue
[2022-10-25T14:10:49.737+0000] {logging_mixin.py:117} INFO - [2022-10-25T14:10:49.737+0000] {dagbag.py:525} INFO - Filling up the DagBag from /opt/airflow/dags/hadoop-2.7.3/share/hadoop/common/lib/api-asn1-api-1.0.0-M20.jar
[2022-10-25T14:10:49.747+0000] {processor.py:770} WARNING - No viable dags retrieved from /opt/airflow/dags/hadoop-2.7.3/share/hadoop/common/lib/api-asn1-api-1.0.0-M20.jar
[2022-10-25T14:10:49.788+0000] {processor.py:178} INFO - Processing /opt/airflow/dags/hadoop-2.7.3/share/hadoop/common/lib/api-asn1-api-1.0.0-M20.jar took 0.067 seconds
[2022-10-25T14:11:09.870+0000] {processor.py:156} INFO - Started process (PID=20497) to work on /opt/airflow/dags/hadoop-2.7.3/share/hadoop/common/lib/api-asn1-api-1.0.0-M20.jar
[2022-10-25T14:11:09.873+0000] {processor.py:758} INFO - Processing file /opt/airflow/dags/hadoop-2.7.3/share/hadoop/common/lib/api-asn1-api-1.0.0-M20.jar for tasks to queue
[2022-10-25T14:11:09.877+0000] {logging_mixin.py:117} INFO - [2022-10-25T14:11:09.876+0000] {dagbag.py:525} INFO - Filling up the DagBag from /opt/airflow/dags/hadoop-2.7.3/share/hadoop/common/lib/api-asn1-api-1.0.0-M20.jar
[2022-10-25T14:11:09.884+0000] {processor.py:770} WARNING - No viable dags retrieved from /opt/airflow/dags/hadoop-2.7.3/share/hadoop/common/lib/api-asn1-api-1.0.0-M20.jar
[2022-10-25T14:11:09.911+0000] {processor.py:178} INFO - Processing /opt/airflow/dags/hadoop-2.7.3/share/hadoop/common/lib/api-asn1-api-1.0.0-M20.jar took 0.048 seconds
[2022-10-25T14:11:28.075+0000] {processor.py:156} INFO - Started process (PID=19421) to work on /opt/airflow/dags/hadoop-2.7.3/share/hadoop/common/lib/api-asn1-api-1.0.0-M20.jar
[2022-10-25T14:11:28.077+0000] {processor.py:758} INFO - Processing file /opt/airflow/dags/hadoop-2.7.3/share/hadoop/common/lib/api-asn1-api-1.0.0-M20.jar for tasks to queue
[2022-10-25T14:11:28.080+0000] {logging_mixin.py:117} INFO - [2022-10-25T14:11:28.080+0000] {dagbag.py:525} INFO - Filling up the DagBag from /opt/airflow/dags/hadoop-2.7.3/share/hadoop/common/lib/api-asn1-api-1.0.0-M20.jar
[2022-10-25T14:11:28.086+0000] {processor.py:770} WARNING - No viable dags retrieved from /opt/airflow/dags/hadoop-2.7.3/share/hadoop/common/lib/api-asn1-api-1.0.0-M20.jar
[2022-10-25T14:11:28.123+0000] {processor.py:178} INFO - Processing /opt/airflow/dags/hadoop-2.7.3/share/hadoop/common/lib/api-asn1-api-1.0.0-M20.jar took 0.063 seconds
[2022-10-25T14:11:44.224+0000] {processor.py:156} INFO - Started process (PID=20915) to work on /opt/airflow/dags/hadoop-2.7.3/share/hadoop/common/lib/api-asn1-api-1.0.0-M20.jar
[2022-10-25T14:11:44.226+0000] {processor.py:758} INFO - Processing file /opt/airflow/dags/hadoop-2.7.3/share/hadoop/common/lib/api-asn1-api-1.0.0-M20.jar for tasks to queue
[2022-10-25T14:11:44.229+0000] {logging_mixin.py:117} INFO - [2022-10-25T14:11:44.229+0000] {dagbag.py:525} INFO - Filling up the DagBag from /opt/airflow/dags/hadoop-2.7.3/share/hadoop/common/lib/api-asn1-api-1.0.0-M20.jar
[2022-10-25T14:11:44.237+0000] {processor.py:770} WARNING - No viable dags retrieved from /opt/airflow/dags/hadoop-2.7.3/share/hadoop/common/lib/api-asn1-api-1.0.0-M20.jar
[2022-10-25T14:11:44.281+0000] {processor.py:178} INFO - Processing /opt/airflow/dags/hadoop-2.7.3/share/hadoop/common/lib/api-asn1-api-1.0.0-M20.jar took 0.067 seconds
[2022-10-25T14:12:06.444+0000] {processor.py:156} INFO - Started process (PID=19859) to work on /opt/airflow/dags/hadoop-2.7.3/share/hadoop/common/lib/api-asn1-api-1.0.0-M20.jar
[2022-10-25T14:12:06.446+0000] {processor.py:758} INFO - Processing file /opt/airflow/dags/hadoop-2.7.3/share/hadoop/common/lib/api-asn1-api-1.0.0-M20.jar for tasks to queue
[2022-10-25T14:12:06.448+0000] {logging_mixin.py:117} INFO - [2022-10-25T14:12:06.448+0000] {dagbag.py:525} INFO - Filling up the DagBag from /opt/airflow/dags/hadoop-2.7.3/share/hadoop/common/lib/api-asn1-api-1.0.0-M20.jar
[2022-10-25T14:12:06.452+0000] {processor.py:770} WARNING - No viable dags retrieved from /opt/airflow/dags/hadoop-2.7.3/share/hadoop/common/lib/api-asn1-api-1.0.0-M20.jar
[2022-10-25T14:12:06.482+0000] {processor.py:178} INFO - Processing /opt/airflow/dags/hadoop-2.7.3/share/hadoop/common/lib/api-asn1-api-1.0.0-M20.jar took 0.045 seconds
[2022-10-25T14:12:49.341+0000] {processor.py:156} INFO - Started process (PID=20369) to work on /opt/airflow/dags/hadoop-2.7.3/share/hadoop/common/lib/api-asn1-api-1.0.0-M20.jar
[2022-10-25T14:12:49.350+0000] {processor.py:758} INFO - Processing file /opt/airflow/dags/hadoop-2.7.3/share/hadoop/common/lib/api-asn1-api-1.0.0-M20.jar for tasks to queue
[2022-10-25T14:12:49.354+0000] {logging_mixin.py:117} INFO - [2022-10-25T14:12:49.353+0000] {dagbag.py:525} INFO - Filling up the DagBag from /opt/airflow/dags/hadoop-2.7.3/share/hadoop/common/lib/api-asn1-api-1.0.0-M20.jar
[2022-10-25T14:12:49.364+0000] {processor.py:770} WARNING - No viable dags retrieved from /opt/airflow/dags/hadoop-2.7.3/share/hadoop/common/lib/api-asn1-api-1.0.0-M20.jar
[2022-10-25T14:12:49.401+0000] {processor.py:178} INFO - Processing /opt/airflow/dags/hadoop-2.7.3/share/hadoop/common/lib/api-asn1-api-1.0.0-M20.jar took 0.072 seconds
[2022-10-25T14:13:09.722+0000] {processor.py:156} INFO - Started process (PID=21430) to work on /opt/airflow/dags/hadoop-2.7.3/share/hadoop/common/lib/api-asn1-api-1.0.0-M20.jar
[2022-10-25T14:13:09.727+0000] {processor.py:758} INFO - Processing file /opt/airflow/dags/hadoop-2.7.3/share/hadoop/common/lib/api-asn1-api-1.0.0-M20.jar for tasks to queue
[2022-10-25T14:13:09.746+0000] {logging_mixin.py:117} INFO - [2022-10-25T14:13:09.745+0000] {dagbag.py:525} INFO - Filling up the DagBag from /opt/airflow/dags/hadoop-2.7.3/share/hadoop/common/lib/api-asn1-api-1.0.0-M20.jar
[2022-10-25T14:13:09.755+0000] {processor.py:770} WARNING - No viable dags retrieved from /opt/airflow/dags/hadoop-2.7.3/share/hadoop/common/lib/api-asn1-api-1.0.0-M20.jar
[2022-10-25T14:13:09.804+0000] {processor.py:178} INFO - Processing /opt/airflow/dags/hadoop-2.7.3/share/hadoop/common/lib/api-asn1-api-1.0.0-M20.jar took 0.093 seconds
[2022-10-25T14:13:43.111+0000] {processor.py:156} INFO - Started process (PID=20555) to work on /opt/airflow/dags/hadoop-2.7.3/share/hadoop/common/lib/api-asn1-api-1.0.0-M20.jar
[2022-10-25T14:13:43.114+0000] {processor.py:758} INFO - Processing file /opt/airflow/dags/hadoop-2.7.3/share/hadoop/common/lib/api-asn1-api-1.0.0-M20.jar for tasks to queue
[2022-10-25T14:13:43.117+0000] {logging_mixin.py:117} INFO - [2022-10-25T14:13:43.117+0000] {dagbag.py:525} INFO - Filling up the DagBag from /opt/airflow/dags/hadoop-2.7.3/share/hadoop/common/lib/api-asn1-api-1.0.0-M20.jar
[2022-10-25T14:13:43.122+0000] {processor.py:770} WARNING - No viable dags retrieved from /opt/airflow/dags/hadoop-2.7.3/share/hadoop/common/lib/api-asn1-api-1.0.0-M20.jar
[2022-10-25T14:13:43.153+0000] {processor.py:178} INFO - Processing /opt/airflow/dags/hadoop-2.7.3/share/hadoop/common/lib/api-asn1-api-1.0.0-M20.jar took 0.048 seconds
[2022-10-25T14:13:48.591+0000] {processor.py:156} INFO - Started process (PID=21944) to work on /opt/airflow/dags/hadoop-2.7.3/share/hadoop/common/lib/api-asn1-api-1.0.0-M20.jar
[2022-10-25T14:13:48.593+0000] {processor.py:758} INFO - Processing file /opt/airflow/dags/hadoop-2.7.3/share/hadoop/common/lib/api-asn1-api-1.0.0-M20.jar for tasks to queue
[2022-10-25T14:13:48.596+0000] {logging_mixin.py:117} INFO - [2022-10-25T14:13:48.595+0000] {dagbag.py:525} INFO - Filling up the DagBag from /opt/airflow/dags/hadoop-2.7.3/share/hadoop/common/lib/api-asn1-api-1.0.0-M20.jar
[2022-10-25T14:13:48.601+0000] {processor.py:770} WARNING - No viable dags retrieved from /opt/airflow/dags/hadoop-2.7.3/share/hadoop/common/lib/api-asn1-api-1.0.0-M20.jar
[2022-10-25T14:13:48.647+0000] {processor.py:178} INFO - Processing /opt/airflow/dags/hadoop-2.7.3/share/hadoop/common/lib/api-asn1-api-1.0.0-M20.jar took 0.064 seconds
[2022-10-25T14:14:24.116+0000] {processor.py:156} INFO - Started process (PID=22336) to work on /opt/airflow/dags/hadoop-2.7.3/share/hadoop/common/lib/api-asn1-api-1.0.0-M20.jar
[2022-10-25T14:14:24.124+0000] {processor.py:758} INFO - Processing file /opt/airflow/dags/hadoop-2.7.3/share/hadoop/common/lib/api-asn1-api-1.0.0-M20.jar for tasks to queue
[2022-10-25T14:14:24.133+0000] {logging_mixin.py:117} INFO - [2022-10-25T14:14:24.132+0000] {dagbag.py:525} INFO - Filling up the DagBag from /opt/airflow/dags/hadoop-2.7.3/share/hadoop/common/lib/api-asn1-api-1.0.0-M20.jar
[2022-10-25T14:14:24.140+0000] {processor.py:770} WARNING - No viable dags retrieved from /opt/airflow/dags/hadoop-2.7.3/share/hadoop/common/lib/api-asn1-api-1.0.0-M20.jar
[2022-10-25T14:14:24.204+0000] {processor.py:178} INFO - Processing /opt/airflow/dags/hadoop-2.7.3/share/hadoop/common/lib/api-asn1-api-1.0.0-M20.jar took 0.097 seconds
[2022-10-25T14:14:24.668+0000] {processor.py:156} INFO - Started process (PID=21013) to work on /opt/airflow/dags/hadoop-2.7.3/share/hadoop/common/lib/api-asn1-api-1.0.0-M20.jar
[2022-10-25T14:14:24.670+0000] {processor.py:758} INFO - Processing file /opt/airflow/dags/hadoop-2.7.3/share/hadoop/common/lib/api-asn1-api-1.0.0-M20.jar for tasks to queue
[2022-10-25T14:14:24.672+0000] {logging_mixin.py:117} INFO - [2022-10-25T14:14:24.672+0000] {dagbag.py:525} INFO - Filling up the DagBag from /opt/airflow/dags/hadoop-2.7.3/share/hadoop/common/lib/api-asn1-api-1.0.0-M20.jar
[2022-10-25T14:14:24.678+0000] {processor.py:770} WARNING - No viable dags retrieved from /opt/airflow/dags/hadoop-2.7.3/share/hadoop/common/lib/api-asn1-api-1.0.0-M20.jar
[2022-10-25T14:14:24.715+0000] {processor.py:178} INFO - Processing /opt/airflow/dags/hadoop-2.7.3/share/hadoop/common/lib/api-asn1-api-1.0.0-M20.jar took 0.062 seconds
[2022-10-25T14:14:57.937+0000] {processor.py:156} INFO - Started process (PID=21394) to work on /opt/airflow/dags/hadoop-2.7.3/share/hadoop/common/lib/api-asn1-api-1.0.0-M20.jar
[2022-10-25T14:14:57.946+0000] {processor.py:758} INFO - Processing file /opt/airflow/dags/hadoop-2.7.3/share/hadoop/common/lib/api-asn1-api-1.0.0-M20.jar for tasks to queue
[2022-10-25T14:14:57.951+0000] {logging_mixin.py:117} INFO - [2022-10-25T14:14:57.950+0000] {dagbag.py:525} INFO - Filling up the DagBag from /opt/airflow/dags/hadoop-2.7.3/share/hadoop/common/lib/api-asn1-api-1.0.0-M20.jar
[2022-10-25T14:14:57.976+0000] {processor.py:770} WARNING - No viable dags retrieved from /opt/airflow/dags/hadoop-2.7.3/share/hadoop/common/lib/api-asn1-api-1.0.0-M20.jar
[2022-10-25T14:14:58.023+0000] {processor.py:178} INFO - Processing /opt/airflow/dags/hadoop-2.7.3/share/hadoop/common/lib/api-asn1-api-1.0.0-M20.jar took 0.127 seconds
[2022-10-25T14:14:59.926+0000] {processor.py:156} INFO - Started process (PID=22710) to work on /opt/airflow/dags/hadoop-2.7.3/share/hadoop/common/lib/api-asn1-api-1.0.0-M20.jar
[2022-10-25T14:14:59.930+0000] {processor.py:758} INFO - Processing file /opt/airflow/dags/hadoop-2.7.3/share/hadoop/common/lib/api-asn1-api-1.0.0-M20.jar for tasks to queue
[2022-10-25T14:14:59.933+0000] {logging_mixin.py:117} INFO - [2022-10-25T14:14:59.933+0000] {dagbag.py:525} INFO - Filling up the DagBag from /opt/airflow/dags/hadoop-2.7.3/share/hadoop/common/lib/api-asn1-api-1.0.0-M20.jar
[2022-10-25T14:14:59.945+0000] {processor.py:770} WARNING - No viable dags retrieved from /opt/airflow/dags/hadoop-2.7.3/share/hadoop/common/lib/api-asn1-api-1.0.0-M20.jar
[2022-10-25T14:15:00.017+0000] {processor.py:178} INFO - Processing /opt/airflow/dags/hadoop-2.7.3/share/hadoop/common/lib/api-asn1-api-1.0.0-M20.jar took 0.103 seconds
[2022-10-25T14:15:43.967+0000] {processor.py:156} INFO - Started process (PID=21760) to work on /opt/airflow/dags/hadoop-2.7.3/share/hadoop/common/lib/api-asn1-api-1.0.0-M20.jar
[2022-10-25T14:15:43.971+0000] {processor.py:758} INFO - Processing file /opt/airflow/dags/hadoop-2.7.3/share/hadoop/common/lib/api-asn1-api-1.0.0-M20.jar for tasks to queue
[2022-10-25T14:15:43.974+0000] {logging_mixin.py:117} INFO - [2022-10-25T14:15:43.974+0000] {dagbag.py:525} INFO - Filling up the DagBag from /opt/airflow/dags/hadoop-2.7.3/share/hadoop/common/lib/api-asn1-api-1.0.0-M20.jar
[2022-10-25T14:15:43.984+0000] {processor.py:770} WARNING - No viable dags retrieved from /opt/airflow/dags/hadoop-2.7.3/share/hadoop/common/lib/api-asn1-api-1.0.0-M20.jar
[2022-10-25T14:15:44.033+0000] {processor.py:178} INFO - Processing /opt/airflow/dags/hadoop-2.7.3/share/hadoop/common/lib/api-asn1-api-1.0.0-M20.jar took 0.075 seconds
[2022-10-25T14:15:52.040+0000] {processor.py:156} INFO - Started process (PID=23151) to work on /opt/airflow/dags/hadoop-2.7.3/share/hadoop/common/lib/api-asn1-api-1.0.0-M20.jar
[2022-10-25T14:15:52.043+0000] {processor.py:758} INFO - Processing file /opt/airflow/dags/hadoop-2.7.3/share/hadoop/common/lib/api-asn1-api-1.0.0-M20.jar for tasks to queue
[2022-10-25T14:15:52.045+0000] {logging_mixin.py:117} INFO - [2022-10-25T14:15:52.045+0000] {dagbag.py:525} INFO - Filling up the DagBag from /opt/airflow/dags/hadoop-2.7.3/share/hadoop/common/lib/api-asn1-api-1.0.0-M20.jar
[2022-10-25T14:15:52.055+0000] {processor.py:770} WARNING - No viable dags retrieved from /opt/airflow/dags/hadoop-2.7.3/share/hadoop/common/lib/api-asn1-api-1.0.0-M20.jar
[2022-10-25T14:15:52.095+0000] {processor.py:178} INFO - Processing /opt/airflow/dags/hadoop-2.7.3/share/hadoop/common/lib/api-asn1-api-1.0.0-M20.jar took 0.065 seconds
[2022-10-25T14:16:30.991+0000] {processor.py:156} INFO - Started process (PID=22266) to work on /opt/airflow/dags/hadoop-2.7.3/share/hadoop/common/lib/api-asn1-api-1.0.0-M20.jar
[2022-10-25T14:16:30.998+0000] {processor.py:758} INFO - Processing file /opt/airflow/dags/hadoop-2.7.3/share/hadoop/common/lib/api-asn1-api-1.0.0-M20.jar for tasks to queue
[2022-10-25T14:16:30.983+0000] {logging_mixin.py:117} INFO - [2022-10-25T14:16:30.983+0000] {dagbag.py:525} INFO - Filling up the DagBag from /opt/airflow/dags/hadoop-2.7.3/share/hadoop/common/lib/api-asn1-api-1.0.0-M20.jar
[2022-10-25T14:16:31.002+0000] {processor.py:770} WARNING - No viable dags retrieved from /opt/airflow/dags/hadoop-2.7.3/share/hadoop/common/lib/api-asn1-api-1.0.0-M20.jar
[2022-10-25T14:16:31.076+0000] {processor.py:178} INFO - Processing /opt/airflow/dags/hadoop-2.7.3/share/hadoop/common/lib/api-asn1-api-1.0.0-M20.jar took 0.117 seconds
[2022-10-25T14:16:36.506+0000] {processor.py:156} INFO - Started process (PID=23633) to work on /opt/airflow/dags/hadoop-2.7.3/share/hadoop/common/lib/api-asn1-api-1.0.0-M20.jar
[2022-10-25T14:16:36.508+0000] {processor.py:758} INFO - Processing file /opt/airflow/dags/hadoop-2.7.3/share/hadoop/common/lib/api-asn1-api-1.0.0-M20.jar for tasks to queue
[2022-10-25T14:16:36.512+0000] {logging_mixin.py:117} INFO - [2022-10-25T14:16:36.512+0000] {dagbag.py:525} INFO - Filling up the DagBag from /opt/airflow/dags/hadoop-2.7.3/share/hadoop/common/lib/api-asn1-api-1.0.0-M20.jar
[2022-10-25T14:16:36.520+0000] {processor.py:770} WARNING - No viable dags retrieved from /opt/airflow/dags/hadoop-2.7.3/share/hadoop/common/lib/api-asn1-api-1.0.0-M20.jar
[2022-10-25T14:16:36.559+0000] {processor.py:178} INFO - Processing /opt/airflow/dags/hadoop-2.7.3/share/hadoop/common/lib/api-asn1-api-1.0.0-M20.jar took 0.065 seconds
[2022-10-25T14:17:20.766+0000] {processor.py:156} INFO - Started process (PID=22707) to work on /opt/airflow/dags/hadoop-2.7.3/share/hadoop/common/lib/api-asn1-api-1.0.0-M20.jar
[2022-10-25T14:17:20.771+0000] {processor.py:758} INFO - Processing file /opt/airflow/dags/hadoop-2.7.3/share/hadoop/common/lib/api-asn1-api-1.0.0-M20.jar for tasks to queue
[2022-10-25T14:17:20.773+0000] {logging_mixin.py:117} INFO - [2022-10-25T14:17:20.773+0000] {dagbag.py:525} INFO - Filling up the DagBag from /opt/airflow/dags/hadoop-2.7.3/share/hadoop/common/lib/api-asn1-api-1.0.0-M20.jar
[2022-10-25T14:17:20.784+0000] {processor.py:770} WARNING - No viable dags retrieved from /opt/airflow/dags/hadoop-2.7.3/share/hadoop/common/lib/api-asn1-api-1.0.0-M20.jar
[2022-10-25T14:17:20.830+0000] {processor.py:178} INFO - Processing /opt/airflow/dags/hadoop-2.7.3/share/hadoop/common/lib/api-asn1-api-1.0.0-M20.jar took 0.076 seconds
[2022-10-25T14:17:24.398+0000] {processor.py:156} INFO - Started process (PID=24075) to work on /opt/airflow/dags/hadoop-2.7.3/share/hadoop/common/lib/api-asn1-api-1.0.0-M20.jar
[2022-10-25T14:17:24.401+0000] {processor.py:758} INFO - Processing file /opt/airflow/dags/hadoop-2.7.3/share/hadoop/common/lib/api-asn1-api-1.0.0-M20.jar for tasks to queue
[2022-10-25T14:17:24.405+0000] {logging_mixin.py:117} INFO - [2022-10-25T14:17:24.405+0000] {dagbag.py:525} INFO - Filling up the DagBag from /opt/airflow/dags/hadoop-2.7.3/share/hadoop/common/lib/api-asn1-api-1.0.0-M20.jar
[2022-10-25T14:17:24.417+0000] {processor.py:770} WARNING - No viable dags retrieved from /opt/airflow/dags/hadoop-2.7.3/share/hadoop/common/lib/api-asn1-api-1.0.0-M20.jar
[2022-10-25T14:17:24.479+0000] {processor.py:178} INFO - Processing /opt/airflow/dags/hadoop-2.7.3/share/hadoop/common/lib/api-asn1-api-1.0.0-M20.jar took 0.092 seconds
[2022-10-25T14:24:51.682+0000] {processor.py:156} INFO - Started process (PID=23343) to work on /opt/airflow/dags/hadoop-2.7.3/share/hadoop/common/lib/api-asn1-api-1.0.0-M20.jar
[2022-10-25T14:24:51.690+0000] {processor.py:758} INFO - Processing file /opt/airflow/dags/hadoop-2.7.3/share/hadoop/common/lib/api-asn1-api-1.0.0-M20.jar for tasks to queue
[2022-10-25T14:24:51.694+0000] {logging_mixin.py:117} INFO - [2022-10-25T14:24:51.694+0000] {dagbag.py:525} INFO - Filling up the DagBag from /opt/airflow/dags/hadoop-2.7.3/share/hadoop/common/lib/api-asn1-api-1.0.0-M20.jar
[2022-10-25T14:24:51.715+0000] {processor.py:770} WARNING - No viable dags retrieved from /opt/airflow/dags/hadoop-2.7.3/share/hadoop/common/lib/api-asn1-api-1.0.0-M20.jar
[2022-10-25T14:24:51.773+0000] {processor.py:178} INFO - Processing /opt/airflow/dags/hadoop-2.7.3/share/hadoop/common/lib/api-asn1-api-1.0.0-M20.jar took 0.104 seconds
[2022-10-25T14:25:09.849+0000] {processor.py:156} INFO - Started process (PID=24420) to work on /opt/airflow/dags/hadoop-2.7.3/share/hadoop/common/lib/api-asn1-api-1.0.0-M20.jar
[2022-10-25T14:25:09.859+0000] {processor.py:758} INFO - Processing file /opt/airflow/dags/hadoop-2.7.3/share/hadoop/common/lib/api-asn1-api-1.0.0-M20.jar for tasks to queue
[2022-10-25T14:25:09.863+0000] {logging_mixin.py:117} INFO - [2022-10-25T14:25:09.863+0000] {dagbag.py:525} INFO - Filling up the DagBag from /opt/airflow/dags/hadoop-2.7.3/share/hadoop/common/lib/api-asn1-api-1.0.0-M20.jar
[2022-10-25T14:25:09.878+0000] {processor.py:770} WARNING - No viable dags retrieved from /opt/airflow/dags/hadoop-2.7.3/share/hadoop/common/lib/api-asn1-api-1.0.0-M20.jar
[2022-10-25T14:25:09.954+0000] {processor.py:178} INFO - Processing /opt/airflow/dags/hadoop-2.7.3/share/hadoop/common/lib/api-asn1-api-1.0.0-M20.jar took 0.114 seconds
[2022-10-25T14:25:41.642+0000] {processor.py:156} INFO - Started process (PID=23865) to work on /opt/airflow/dags/hadoop-2.7.3/share/hadoop/common/lib/api-asn1-api-1.0.0-M20.jar
[2022-10-25T14:25:41.645+0000] {processor.py:758} INFO - Processing file /opt/airflow/dags/hadoop-2.7.3/share/hadoop/common/lib/api-asn1-api-1.0.0-M20.jar for tasks to queue
[2022-10-25T14:25:41.648+0000] {logging_mixin.py:117} INFO - [2022-10-25T14:25:41.647+0000] {dagbag.py:525} INFO - Filling up the DagBag from /opt/airflow/dags/hadoop-2.7.3/share/hadoop/common/lib/api-asn1-api-1.0.0-M20.jar
[2022-10-25T14:25:41.657+0000] {processor.py:770} WARNING - No viable dags retrieved from /opt/airflow/dags/hadoop-2.7.3/share/hadoop/common/lib/api-asn1-api-1.0.0-M20.jar
[2022-10-25T14:25:41.704+0000] {processor.py:178} INFO - Processing /opt/airflow/dags/hadoop-2.7.3/share/hadoop/common/lib/api-asn1-api-1.0.0-M20.jar took 0.070 seconds
[2022-10-25T14:25:58.017+0000] {processor.py:156} INFO - Started process (PID=24943) to work on /opt/airflow/dags/hadoop-2.7.3/share/hadoop/common/lib/api-asn1-api-1.0.0-M20.jar
[2022-10-25T14:25:58.021+0000] {processor.py:758} INFO - Processing file /opt/airflow/dags/hadoop-2.7.3/share/hadoop/common/lib/api-asn1-api-1.0.0-M20.jar for tasks to queue
[2022-10-25T14:25:58.023+0000] {logging_mixin.py:117} INFO - [2022-10-25T14:25:58.023+0000] {dagbag.py:525} INFO - Filling up the DagBag from /opt/airflow/dags/hadoop-2.7.3/share/hadoop/common/lib/api-asn1-api-1.0.0-M20.jar
[2022-10-25T14:25:58.035+0000] {processor.py:770} WARNING - No viable dags retrieved from /opt/airflow/dags/hadoop-2.7.3/share/hadoop/common/lib/api-asn1-api-1.0.0-M20.jar
[2022-10-25T14:25:58.073+0000] {processor.py:178} INFO - Processing /opt/airflow/dags/hadoop-2.7.3/share/hadoop/common/lib/api-asn1-api-1.0.0-M20.jar took 0.066 seconds
[2022-10-25T14:26:25.942+0000] {processor.py:156} INFO - Started process (PID=24278) to work on /opt/airflow/dags/hadoop-2.7.3/share/hadoop/common/lib/api-asn1-api-1.0.0-M20.jar
[2022-10-25T14:26:25.947+0000] {processor.py:758} INFO - Processing file /opt/airflow/dags/hadoop-2.7.3/share/hadoop/common/lib/api-asn1-api-1.0.0-M20.jar for tasks to queue
[2022-10-25T14:26:25.949+0000] {logging_mixin.py:117} INFO - [2022-10-25T14:26:25.949+0000] {dagbag.py:525} INFO - Filling up the DagBag from /opt/airflow/dags/hadoop-2.7.3/share/hadoop/common/lib/api-asn1-api-1.0.0-M20.jar
[2022-10-25T14:26:25.957+0000] {processor.py:770} WARNING - No viable dags retrieved from /opt/airflow/dags/hadoop-2.7.3/share/hadoop/common/lib/api-asn1-api-1.0.0-M20.jar
[2022-10-25T14:26:26.014+0000] {processor.py:178} INFO - Processing /opt/airflow/dags/hadoop-2.7.3/share/hadoop/common/lib/api-asn1-api-1.0.0-M20.jar took 0.084 seconds
[2022-10-25T14:26:42.159+0000] {processor.py:156} INFO - Started process (PID=25354) to work on /opt/airflow/dags/hadoop-2.7.3/share/hadoop/common/lib/api-asn1-api-1.0.0-M20.jar
[2022-10-25T14:26:42.169+0000] {processor.py:758} INFO - Processing file /opt/airflow/dags/hadoop-2.7.3/share/hadoop/common/lib/api-asn1-api-1.0.0-M20.jar for tasks to queue
[2022-10-25T14:26:42.172+0000] {logging_mixin.py:117} INFO - [2022-10-25T14:26:42.172+0000] {dagbag.py:525} INFO - Filling up the DagBag from /opt/airflow/dags/hadoop-2.7.3/share/hadoop/common/lib/api-asn1-api-1.0.0-M20.jar
[2022-10-25T14:26:42.180+0000] {processor.py:770} WARNING - No viable dags retrieved from /opt/airflow/dags/hadoop-2.7.3/share/hadoop/common/lib/api-asn1-api-1.0.0-M20.jar
[2022-10-25T14:26:42.233+0000] {processor.py:178} INFO - Processing /opt/airflow/dags/hadoop-2.7.3/share/hadoop/common/lib/api-asn1-api-1.0.0-M20.jar took 0.099 seconds
[2022-10-25T14:27:13.916+0000] {processor.py:156} INFO - Started process (PID=24752) to work on /opt/airflow/dags/hadoop-2.7.3/share/hadoop/common/lib/api-asn1-api-1.0.0-M20.jar
[2022-10-25T14:27:13.919+0000] {processor.py:758} INFO - Processing file /opt/airflow/dags/hadoop-2.7.3/share/hadoop/common/lib/api-asn1-api-1.0.0-M20.jar for tasks to queue
[2022-10-25T14:27:13.922+0000] {logging_mixin.py:117} INFO - [2022-10-25T14:27:13.921+0000] {dagbag.py:525} INFO - Filling up the DagBag from /opt/airflow/dags/hadoop-2.7.3/share/hadoop/common/lib/api-asn1-api-1.0.0-M20.jar
[2022-10-25T14:27:13.932+0000] {processor.py:770} WARNING - No viable dags retrieved from /opt/airflow/dags/hadoop-2.7.3/share/hadoop/common/lib/api-asn1-api-1.0.0-M20.jar
[2022-10-25T14:27:13.969+0000] {processor.py:178} INFO - Processing /opt/airflow/dags/hadoop-2.7.3/share/hadoop/common/lib/api-asn1-api-1.0.0-M20.jar took 0.061 seconds
[2022-10-25T14:27:26.067+0000] {processor.py:156} INFO - Started process (PID=25815) to work on /opt/airflow/dags/hadoop-2.7.3/share/hadoop/common/lib/api-asn1-api-1.0.0-M20.jar
[2022-10-25T14:27:26.071+0000] {processor.py:758} INFO - Processing file /opt/airflow/dags/hadoop-2.7.3/share/hadoop/common/lib/api-asn1-api-1.0.0-M20.jar for tasks to queue
[2022-10-25T14:27:26.074+0000] {logging_mixin.py:117} INFO - [2022-10-25T14:27:26.073+0000] {dagbag.py:525} INFO - Filling up the DagBag from /opt/airflow/dags/hadoop-2.7.3/share/hadoop/common/lib/api-asn1-api-1.0.0-M20.jar
[2022-10-25T14:27:26.082+0000] {processor.py:770} WARNING - No viable dags retrieved from /opt/airflow/dags/hadoop-2.7.3/share/hadoop/common/lib/api-asn1-api-1.0.0-M20.jar
[2022-10-25T14:27:26.123+0000] {processor.py:178} INFO - Processing /opt/airflow/dags/hadoop-2.7.3/share/hadoop/common/lib/api-asn1-api-1.0.0-M20.jar took 0.064 seconds
[2022-10-25T14:27:52.144+0000] {processor.py:156} INFO - Started process (PID=25169) to work on /opt/airflow/dags/hadoop-2.7.3/share/hadoop/common/lib/api-asn1-api-1.0.0-M20.jar
[2022-10-25T14:27:52.148+0000] {processor.py:758} INFO - Processing file /opt/airflow/dags/hadoop-2.7.3/share/hadoop/common/lib/api-asn1-api-1.0.0-M20.jar for tasks to queue
[2022-10-25T14:27:52.151+0000] {logging_mixin.py:117} INFO - [2022-10-25T14:27:52.150+0000] {dagbag.py:525} INFO - Filling up the DagBag from /opt/airflow/dags/hadoop-2.7.3/share/hadoop/common/lib/api-asn1-api-1.0.0-M20.jar
[2022-10-25T14:27:52.159+0000] {processor.py:770} WARNING - No viable dags retrieved from /opt/airflow/dags/hadoop-2.7.3/share/hadoop/common/lib/api-asn1-api-1.0.0-M20.jar
[2022-10-25T14:27:52.209+0000] {processor.py:178} INFO - Processing /opt/airflow/dags/hadoop-2.7.3/share/hadoop/common/lib/api-asn1-api-1.0.0-M20.jar took 0.074 seconds
[2022-10-25T14:27:59.450+0000] {processor.py:156} INFO - Started process (PID=26196) to work on /opt/airflow/dags/hadoop-2.7.3/share/hadoop/common/lib/api-asn1-api-1.0.0-M20.jar
[2022-10-25T14:27:59.454+0000] {processor.py:758} INFO - Processing file /opt/airflow/dags/hadoop-2.7.3/share/hadoop/common/lib/api-asn1-api-1.0.0-M20.jar for tasks to queue
[2022-10-25T14:27:59.458+0000] {logging_mixin.py:117} INFO - [2022-10-25T14:27:59.457+0000] {dagbag.py:525} INFO - Filling up the DagBag from /opt/airflow/dags/hadoop-2.7.3/share/hadoop/common/lib/api-asn1-api-1.0.0-M20.jar
[2022-10-25T14:27:59.465+0000] {processor.py:770} WARNING - No viable dags retrieved from /opt/airflow/dags/hadoop-2.7.3/share/hadoop/common/lib/api-asn1-api-1.0.0-M20.jar
[2022-10-25T14:27:59.519+0000] {processor.py:178} INFO - Processing /opt/airflow/dags/hadoop-2.7.3/share/hadoop/common/lib/api-asn1-api-1.0.0-M20.jar took 0.079 seconds
[2022-10-25T14:28:26.462+0000] {processor.py:156} INFO - Started process (PID=25540) to work on /opt/airflow/dags/hadoop-2.7.3/share/hadoop/common/lib/api-asn1-api-1.0.0-M20.jar
[2022-10-25T14:28:26.467+0000] {processor.py:758} INFO - Processing file /opt/airflow/dags/hadoop-2.7.3/share/hadoop/common/lib/api-asn1-api-1.0.0-M20.jar for tasks to queue
[2022-10-25T14:28:26.471+0000] {logging_mixin.py:117} INFO - [2022-10-25T14:28:26.471+0000] {dagbag.py:525} INFO - Filling up the DagBag from /opt/airflow/dags/hadoop-2.7.3/share/hadoop/common/lib/api-asn1-api-1.0.0-M20.jar
[2022-10-25T14:28:26.479+0000] {processor.py:770} WARNING - No viable dags retrieved from /opt/airflow/dags/hadoop-2.7.3/share/hadoop/common/lib/api-asn1-api-1.0.0-M20.jar
[2022-10-25T14:28:26.556+0000] {processor.py:178} INFO - Processing /opt/airflow/dags/hadoop-2.7.3/share/hadoop/common/lib/api-asn1-api-1.0.0-M20.jar took 0.109 seconds
[2022-10-25T14:28:48.493+0000] {processor.py:156} INFO - Started process (PID=26719) to work on /opt/airflow/dags/hadoop-2.7.3/share/hadoop/common/lib/api-asn1-api-1.0.0-M20.jar
[2022-10-25T14:28:48.502+0000] {processor.py:758} INFO - Processing file /opt/airflow/dags/hadoop-2.7.3/share/hadoop/common/lib/api-asn1-api-1.0.0-M20.jar for tasks to queue
[2022-10-25T14:28:48.505+0000] {logging_mixin.py:117} INFO - [2022-10-25T14:28:48.504+0000] {dagbag.py:525} INFO - Filling up the DagBag from /opt/airflow/dags/hadoop-2.7.3/share/hadoop/common/lib/api-asn1-api-1.0.0-M20.jar
[2022-10-25T14:28:48.511+0000] {processor.py:770} WARNING - No viable dags retrieved from /opt/airflow/dags/hadoop-2.7.3/share/hadoop/common/lib/api-asn1-api-1.0.0-M20.jar
[2022-10-25T14:28:48.559+0000] {processor.py:178} INFO - Processing /opt/airflow/dags/hadoop-2.7.3/share/hadoop/common/lib/api-asn1-api-1.0.0-M20.jar took 0.081 seconds
[2022-10-25T14:29:54.535+0000] {processor.py:156} INFO - Started process (PID=25972) to work on /opt/airflow/dags/hadoop-2.7.3/share/hadoop/common/lib/api-asn1-api-1.0.0-M20.jar
[2022-10-25T14:29:54.539+0000] {processor.py:758} INFO - Processing file /opt/airflow/dags/hadoop-2.7.3/share/hadoop/common/lib/api-asn1-api-1.0.0-M20.jar for tasks to queue
[2022-10-25T14:29:54.542+0000] {logging_mixin.py:117} INFO - [2022-10-25T14:29:54.541+0000] {dagbag.py:525} INFO - Filling up the DagBag from /opt/airflow/dags/hadoop-2.7.3/share/hadoop/common/lib/api-asn1-api-1.0.0-M20.jar
[2022-10-25T14:29:54.551+0000] {processor.py:770} WARNING - No viable dags retrieved from /opt/airflow/dags/hadoop-2.7.3/share/hadoop/common/lib/api-asn1-api-1.0.0-M20.jar
[2022-10-25T14:29:54.595+0000] {processor.py:178} INFO - Processing /opt/airflow/dags/hadoop-2.7.3/share/hadoop/common/lib/api-asn1-api-1.0.0-M20.jar took 0.070 seconds
[2022-10-25T14:30:15.673+0000] {processor.py:156} INFO - Started process (PID=27205) to work on /opt/airflow/dags/hadoop-2.7.3/share/hadoop/common/lib/api-asn1-api-1.0.0-M20.jar
[2022-10-25T14:30:15.677+0000] {processor.py:758} INFO - Processing file /opt/airflow/dags/hadoop-2.7.3/share/hadoop/common/lib/api-asn1-api-1.0.0-M20.jar for tasks to queue
[2022-10-25T14:30:15.680+0000] {logging_mixin.py:117} INFO - [2022-10-25T14:30:15.679+0000] {dagbag.py:525} INFO - Filling up the DagBag from /opt/airflow/dags/hadoop-2.7.3/share/hadoop/common/lib/api-asn1-api-1.0.0-M20.jar
[2022-10-25T14:30:15.687+0000] {processor.py:770} WARNING - No viable dags retrieved from /opt/airflow/dags/hadoop-2.7.3/share/hadoop/common/lib/api-asn1-api-1.0.0-M20.jar
[2022-10-25T14:30:15.736+0000] {processor.py:178} INFO - Processing /opt/airflow/dags/hadoop-2.7.3/share/hadoop/common/lib/api-asn1-api-1.0.0-M20.jar took 0.072 seconds
[2022-10-25T14:30:39.022+0000] {processor.py:156} INFO - Started process (PID=26429) to work on /opt/airflow/dags/hadoop-2.7.3/share/hadoop/common/lib/api-asn1-api-1.0.0-M20.jar
[2022-10-25T14:30:39.028+0000] {processor.py:758} INFO - Processing file /opt/airflow/dags/hadoop-2.7.3/share/hadoop/common/lib/api-asn1-api-1.0.0-M20.jar for tasks to queue
[2022-10-25T14:30:39.031+0000] {logging_mixin.py:117} INFO - [2022-10-25T14:30:39.030+0000] {dagbag.py:525} INFO - Filling up the DagBag from /opt/airflow/dags/hadoop-2.7.3/share/hadoop/common/lib/api-asn1-api-1.0.0-M20.jar
[2022-10-25T14:30:39.039+0000] {processor.py:770} WARNING - No viable dags retrieved from /opt/airflow/dags/hadoop-2.7.3/share/hadoop/common/lib/api-asn1-api-1.0.0-M20.jar
[2022-10-25T14:30:39.088+0000] {processor.py:178} INFO - Processing /opt/airflow/dags/hadoop-2.7.3/share/hadoop/common/lib/api-asn1-api-1.0.0-M20.jar took 0.082 seconds
[2022-10-25T14:31:07.501+0000] {processor.py:156} INFO - Started process (PID=27728) to work on /opt/airflow/dags/hadoop-2.7.3/share/hadoop/common/lib/api-asn1-api-1.0.0-M20.jar
[2022-10-25T14:31:07.504+0000] {processor.py:758} INFO - Processing file /opt/airflow/dags/hadoop-2.7.3/share/hadoop/common/lib/api-asn1-api-1.0.0-M20.jar for tasks to queue
[2022-10-25T14:31:07.507+0000] {logging_mixin.py:117} INFO - [2022-10-25T14:31:07.506+0000] {dagbag.py:525} INFO - Filling up the DagBag from /opt/airflow/dags/hadoop-2.7.3/share/hadoop/common/lib/api-asn1-api-1.0.0-M20.jar
[2022-10-25T14:31:07.524+0000] {processor.py:770} WARNING - No viable dags retrieved from /opt/airflow/dags/hadoop-2.7.3/share/hadoop/common/lib/api-asn1-api-1.0.0-M20.jar
[2022-10-25T14:31:07.589+0000] {processor.py:178} INFO - Processing /opt/airflow/dags/hadoop-2.7.3/share/hadoop/common/lib/api-asn1-api-1.0.0-M20.jar took 0.100 seconds
[2022-10-25T14:31:29.210+0000] {processor.py:156} INFO - Started process (PID=26879) to work on /opt/airflow/dags/hadoop-2.7.3/share/hadoop/common/lib/api-asn1-api-1.0.0-M20.jar
[2022-10-25T14:31:29.217+0000] {processor.py:758} INFO - Processing file /opt/airflow/dags/hadoop-2.7.3/share/hadoop/common/lib/api-asn1-api-1.0.0-M20.jar for tasks to queue
[2022-10-25T14:31:29.221+0000] {logging_mixin.py:117} INFO - [2022-10-25T14:31:29.221+0000] {dagbag.py:525} INFO - Filling up the DagBag from /opt/airflow/dags/hadoop-2.7.3/share/hadoop/common/lib/api-asn1-api-1.0.0-M20.jar
[2022-10-25T14:31:29.245+0000] {processor.py:770} WARNING - No viable dags retrieved from /opt/airflow/dags/hadoop-2.7.3/share/hadoop/common/lib/api-asn1-api-1.0.0-M20.jar
[2022-10-25T14:31:29.295+0000] {processor.py:178} INFO - Processing /opt/airflow/dags/hadoop-2.7.3/share/hadoop/common/lib/api-asn1-api-1.0.0-M20.jar took 0.100 seconds
[2022-10-25T14:31:57.073+0000] {processor.py:156} INFO - Started process (PID=28215) to work on /opt/airflow/dags/hadoop-2.7.3/share/hadoop/common/lib/api-asn1-api-1.0.0-M20.jar
[2022-10-25T14:31:57.076+0000] {processor.py:758} INFO - Processing file /opt/airflow/dags/hadoop-2.7.3/share/hadoop/common/lib/api-asn1-api-1.0.0-M20.jar for tasks to queue
[2022-10-25T14:31:57.079+0000] {logging_mixin.py:117} INFO - [2022-10-25T14:31:57.078+0000] {dagbag.py:525} INFO - Filling up the DagBag from /opt/airflow/dags/hadoop-2.7.3/share/hadoop/common/lib/api-asn1-api-1.0.0-M20.jar
[2022-10-25T14:31:57.086+0000] {processor.py:770} WARNING - No viable dags retrieved from /opt/airflow/dags/hadoop-2.7.3/share/hadoop/common/lib/api-asn1-api-1.0.0-M20.jar
[2022-10-25T14:31:57.136+0000] {processor.py:178} INFO - Processing /opt/airflow/dags/hadoop-2.7.3/share/hadoop/common/lib/api-asn1-api-1.0.0-M20.jar took 0.072 seconds
[2022-10-25T14:32:20.176+0000] {processor.py:156} INFO - Started process (PID=27368) to work on /opt/airflow/dags/hadoop-2.7.3/share/hadoop/common/lib/api-asn1-api-1.0.0-M20.jar
[2022-10-25T14:32:20.179+0000] {processor.py:758} INFO - Processing file /opt/airflow/dags/hadoop-2.7.3/share/hadoop/common/lib/api-asn1-api-1.0.0-M20.jar for tasks to queue
[2022-10-25T14:32:20.185+0000] {logging_mixin.py:117} INFO - [2022-10-25T14:32:20.184+0000] {dagbag.py:525} INFO - Filling up the DagBag from /opt/airflow/dags/hadoop-2.7.3/share/hadoop/common/lib/api-asn1-api-1.0.0-M20.jar
[2022-10-25T14:32:20.194+0000] {processor.py:770} WARNING - No viable dags retrieved from /opt/airflow/dags/hadoop-2.7.3/share/hadoop/common/lib/api-asn1-api-1.0.0-M20.jar
[2022-10-25T14:32:20.245+0000] {processor.py:178} INFO - Processing /opt/airflow/dags/hadoop-2.7.3/share/hadoop/common/lib/api-asn1-api-1.0.0-M20.jar took 0.081 seconds
[2022-10-25T14:32:39.247+0000] {processor.py:156} INFO - Started process (PID=28649) to work on /opt/airflow/dags/hadoop-2.7.3/share/hadoop/common/lib/api-asn1-api-1.0.0-M20.jar
[2022-10-25T14:32:39.254+0000] {processor.py:758} INFO - Processing file /opt/airflow/dags/hadoop-2.7.3/share/hadoop/common/lib/api-asn1-api-1.0.0-M20.jar for tasks to queue
[2022-10-25T14:32:39.257+0000] {logging_mixin.py:117} INFO - [2022-10-25T14:32:39.256+0000] {dagbag.py:525} INFO - Filling up the DagBag from /opt/airflow/dags/hadoop-2.7.3/share/hadoop/common/lib/api-asn1-api-1.0.0-M20.jar
[2022-10-25T14:32:39.266+0000] {processor.py:770} WARNING - No viable dags retrieved from /opt/airflow/dags/hadoop-2.7.3/share/hadoop/common/lib/api-asn1-api-1.0.0-M20.jar
[2022-10-25T14:32:39.330+0000] {processor.py:178} INFO - Processing /opt/airflow/dags/hadoop-2.7.3/share/hadoop/common/lib/api-asn1-api-1.0.0-M20.jar took 0.095 seconds
[2022-10-25T14:33:02.424+0000] {processor.py:156} INFO - Started process (PID=27814) to work on /opt/airflow/dags/hadoop-2.7.3/share/hadoop/common/lib/api-asn1-api-1.0.0-M20.jar
[2022-10-25T14:33:02.427+0000] {processor.py:758} INFO - Processing file /opt/airflow/dags/hadoop-2.7.3/share/hadoop/common/lib/api-asn1-api-1.0.0-M20.jar for tasks to queue
[2022-10-25T14:33:02.430+0000] {logging_mixin.py:117} INFO - [2022-10-25T14:33:02.430+0000] {dagbag.py:525} INFO - Filling up the DagBag from /opt/airflow/dags/hadoop-2.7.3/share/hadoop/common/lib/api-asn1-api-1.0.0-M20.jar
[2022-10-25T14:33:02.439+0000] {processor.py:770} WARNING - No viable dags retrieved from /opt/airflow/dags/hadoop-2.7.3/share/hadoop/common/lib/api-asn1-api-1.0.0-M20.jar
[2022-10-25T14:33:02.482+0000] {processor.py:178} INFO - Processing /opt/airflow/dags/hadoop-2.7.3/share/hadoop/common/lib/api-asn1-api-1.0.0-M20.jar took 0.069 seconds
[2022-10-25T14:33:17.081+0000] {processor.py:156} INFO - Started process (PID=29035) to work on /opt/airflow/dags/hadoop-2.7.3/share/hadoop/common/lib/api-asn1-api-1.0.0-M20.jar
[2022-10-25T14:33:17.084+0000] {processor.py:758} INFO - Processing file /opt/airflow/dags/hadoop-2.7.3/share/hadoop/common/lib/api-asn1-api-1.0.0-M20.jar for tasks to queue
[2022-10-25T14:33:17.087+0000] {logging_mixin.py:117} INFO - [2022-10-25T14:33:17.087+0000] {dagbag.py:525} INFO - Filling up the DagBag from /opt/airflow/dags/hadoop-2.7.3/share/hadoop/common/lib/api-asn1-api-1.0.0-M20.jar
[2022-10-25T14:33:17.096+0000] {processor.py:770} WARNING - No viable dags retrieved from /opt/airflow/dags/hadoop-2.7.3/share/hadoop/common/lib/api-asn1-api-1.0.0-M20.jar
[2022-10-25T14:33:17.133+0000] {processor.py:178} INFO - Processing /opt/airflow/dags/hadoop-2.7.3/share/hadoop/common/lib/api-asn1-api-1.0.0-M20.jar took 0.058 seconds
[2022-10-25T14:33:45.770+0000] {processor.py:156} INFO - Started process (PID=28246) to work on /opt/airflow/dags/hadoop-2.7.3/share/hadoop/common/lib/api-asn1-api-1.0.0-M20.jar
[2022-10-25T14:33:45.773+0000] {processor.py:758} INFO - Processing file /opt/airflow/dags/hadoop-2.7.3/share/hadoop/common/lib/api-asn1-api-1.0.0-M20.jar for tasks to queue
[2022-10-25T14:33:45.775+0000] {logging_mixin.py:117} INFO - [2022-10-25T14:33:45.775+0000] {dagbag.py:525} INFO - Filling up the DagBag from /opt/airflow/dags/hadoop-2.7.3/share/hadoop/common/lib/api-asn1-api-1.0.0-M20.jar
[2022-10-25T14:33:45.781+0000] {processor.py:770} WARNING - No viable dags retrieved from /opt/airflow/dags/hadoop-2.7.3/share/hadoop/common/lib/api-asn1-api-1.0.0-M20.jar
[2022-10-25T14:33:45.820+0000] {processor.py:178} INFO - Processing /opt/airflow/dags/hadoop-2.7.3/share/hadoop/common/lib/api-asn1-api-1.0.0-M20.jar took 0.058 seconds
[2022-10-25T14:33:55.853+0000] {processor.py:156} INFO - Started process (PID=29453) to work on /opt/airflow/dags/hadoop-2.7.3/share/hadoop/common/lib/api-asn1-api-1.0.0-M20.jar
[2022-10-25T14:33:55.860+0000] {processor.py:758} INFO - Processing file /opt/airflow/dags/hadoop-2.7.3/share/hadoop/common/lib/api-asn1-api-1.0.0-M20.jar for tasks to queue
[2022-10-25T14:33:55.865+0000] {logging_mixin.py:117} INFO - [2022-10-25T14:33:55.864+0000] {dagbag.py:525} INFO - Filling up the DagBag from /opt/airflow/dags/hadoop-2.7.3/share/hadoop/common/lib/api-asn1-api-1.0.0-M20.jar
[2022-10-25T14:33:55.874+0000] {processor.py:770} WARNING - No viable dags retrieved from /opt/airflow/dags/hadoop-2.7.3/share/hadoop/common/lib/api-asn1-api-1.0.0-M20.jar
[2022-10-25T14:33:55.959+0000] {processor.py:178} INFO - Processing /opt/airflow/dags/hadoop-2.7.3/share/hadoop/common/lib/api-asn1-api-1.0.0-M20.jar took 0.126 seconds
[2022-10-25T14:34:54.428+0000] {processor.py:156} INFO - Started process (PID=28478) to work on /opt/airflow/dags/hadoop-2.7.3/share/hadoop/common/lib/api-asn1-api-1.0.0-M20.jar
[2022-10-25T14:34:54.434+0000] {processor.py:758} INFO - Processing file /opt/airflow/dags/hadoop-2.7.3/share/hadoop/common/lib/api-asn1-api-1.0.0-M20.jar for tasks to queue
[2022-10-25T14:34:54.437+0000] {logging_mixin.py:117} INFO - [2022-10-25T14:34:54.436+0000] {dagbag.py:525} INFO - Filling up the DagBag from /opt/airflow/dags/hadoop-2.7.3/share/hadoop/common/lib/api-asn1-api-1.0.0-M20.jar
[2022-10-25T14:34:54.445+0000] {processor.py:770} WARNING - No viable dags retrieved from /opt/airflow/dags/hadoop-2.7.3/share/hadoop/common/lib/api-asn1-api-1.0.0-M20.jar
[2022-10-25T14:34:54.496+0000] {processor.py:178} INFO - Processing /opt/airflow/dags/hadoop-2.7.3/share/hadoop/common/lib/api-asn1-api-1.0.0-M20.jar took 0.079 seconds
[2022-10-25T14:35:20.430+0000] {processor.py:156} INFO - Started process (PID=29921) to work on /opt/airflow/dags/hadoop-2.7.3/share/hadoop/common/lib/api-asn1-api-1.0.0-M20.jar
[2022-10-25T14:35:20.439+0000] {processor.py:758} INFO - Processing file /opt/airflow/dags/hadoop-2.7.3/share/hadoop/common/lib/api-asn1-api-1.0.0-M20.jar for tasks to queue
[2022-10-25T14:35:20.443+0000] {logging_mixin.py:117} INFO - [2022-10-25T14:35:20.443+0000] {dagbag.py:525} INFO - Filling up the DagBag from /opt/airflow/dags/hadoop-2.7.3/share/hadoop/common/lib/api-asn1-api-1.0.0-M20.jar
[2022-10-25T14:35:20.461+0000] {processor.py:770} WARNING - No viable dags retrieved from /opt/airflow/dags/hadoop-2.7.3/share/hadoop/common/lib/api-asn1-api-1.0.0-M20.jar
[2022-10-25T14:35:20.517+0000] {processor.py:178} INFO - Processing /opt/airflow/dags/hadoop-2.7.3/share/hadoop/common/lib/api-asn1-api-1.0.0-M20.jar took 0.108 seconds
[2022-10-25T14:35:40.312+0000] {processor.py:156} INFO - Started process (PID=28947) to work on /opt/airflow/dags/hadoop-2.7.3/share/hadoop/common/lib/api-asn1-api-1.0.0-M20.jar
[2022-10-25T14:35:40.319+0000] {processor.py:758} INFO - Processing file /opt/airflow/dags/hadoop-2.7.3/share/hadoop/common/lib/api-asn1-api-1.0.0-M20.jar for tasks to queue
[2022-10-25T14:35:40.323+0000] {logging_mixin.py:117} INFO - [2022-10-25T14:35:40.323+0000] {dagbag.py:525} INFO - Filling up the DagBag from /opt/airflow/dags/hadoop-2.7.3/share/hadoop/common/lib/api-asn1-api-1.0.0-M20.jar
[2022-10-25T14:35:40.336+0000] {processor.py:770} WARNING - No viable dags retrieved from /opt/airflow/dags/hadoop-2.7.3/share/hadoop/common/lib/api-asn1-api-1.0.0-M20.jar
[2022-10-25T14:35:40.394+0000] {processor.py:178} INFO - Processing /opt/airflow/dags/hadoop-2.7.3/share/hadoop/common/lib/api-asn1-api-1.0.0-M20.jar took 0.090 seconds
[2022-10-25T14:36:03.621+0000] {processor.py:156} INFO - Started process (PID=30391) to work on /opt/airflow/dags/hadoop-2.7.3/share/hadoop/common/lib/api-asn1-api-1.0.0-M20.jar
[2022-10-25T14:36:03.632+0000] {processor.py:758} INFO - Processing file /opt/airflow/dags/hadoop-2.7.3/share/hadoop/common/lib/api-asn1-api-1.0.0-M20.jar for tasks to queue
[2022-10-25T14:36:03.642+0000] {logging_mixin.py:117} INFO - [2022-10-25T14:36:03.641+0000] {dagbag.py:525} INFO - Filling up the DagBag from /opt/airflow/dags/hadoop-2.7.3/share/hadoop/common/lib/api-asn1-api-1.0.0-M20.jar
[2022-10-25T14:36:03.657+0000] {processor.py:770} WARNING - No viable dags retrieved from /opt/airflow/dags/hadoop-2.7.3/share/hadoop/common/lib/api-asn1-api-1.0.0-M20.jar
[2022-10-25T14:36:03.697+0000] {processor.py:178} INFO - Processing /opt/airflow/dags/hadoop-2.7.3/share/hadoop/common/lib/api-asn1-api-1.0.0-M20.jar took 0.084 seconds
[2022-10-25T14:36:22.159+0000] {processor.py:156} INFO - Started process (PID=29371) to work on /opt/airflow/dags/hadoop-2.7.3/share/hadoop/common/lib/api-asn1-api-1.0.0-M20.jar
[2022-10-25T14:36:22.161+0000] {processor.py:758} INFO - Processing file /opt/airflow/dags/hadoop-2.7.3/share/hadoop/common/lib/api-asn1-api-1.0.0-M20.jar for tasks to queue
[2022-10-25T14:36:22.164+0000] {logging_mixin.py:117} INFO - [2022-10-25T14:36:22.163+0000] {dagbag.py:525} INFO - Filling up the DagBag from /opt/airflow/dags/hadoop-2.7.3/share/hadoop/common/lib/api-asn1-api-1.0.0-M20.jar
[2022-10-25T14:36:22.172+0000] {processor.py:770} WARNING - No viable dags retrieved from /opt/airflow/dags/hadoop-2.7.3/share/hadoop/common/lib/api-asn1-api-1.0.0-M20.jar
[2022-10-25T14:36:22.227+0000] {processor.py:178} INFO - Processing /opt/airflow/dags/hadoop-2.7.3/share/hadoop/common/lib/api-asn1-api-1.0.0-M20.jar took 0.075 seconds
[2022-10-25T14:36:37.090+0000] {processor.py:156} INFO - Started process (PID=30763) to work on /opt/airflow/dags/hadoop-2.7.3/share/hadoop/common/lib/api-asn1-api-1.0.0-M20.jar
[2022-10-25T14:36:37.098+0000] {processor.py:758} INFO - Processing file /opt/airflow/dags/hadoop-2.7.3/share/hadoop/common/lib/api-asn1-api-1.0.0-M20.jar for tasks to queue
[2022-10-25T14:36:37.101+0000] {logging_mixin.py:117} INFO - [2022-10-25T14:36:37.100+0000] {dagbag.py:525} INFO - Filling up the DagBag from /opt/airflow/dags/hadoop-2.7.3/share/hadoop/common/lib/api-asn1-api-1.0.0-M20.jar
[2022-10-25T14:36:37.115+0000] {processor.py:770} WARNING - No viable dags retrieved from /opt/airflow/dags/hadoop-2.7.3/share/hadoop/common/lib/api-asn1-api-1.0.0-M20.jar
[2022-10-25T14:36:37.170+0000] {processor.py:178} INFO - Processing /opt/airflow/dags/hadoop-2.7.3/share/hadoop/common/lib/api-asn1-api-1.0.0-M20.jar took 0.093 seconds
[2022-10-25T14:37:05.918+0000] {processor.py:156} INFO - Started process (PID=29805) to work on /opt/airflow/dags/hadoop-2.7.3/share/hadoop/common/lib/api-asn1-api-1.0.0-M20.jar
[2022-10-25T14:37:05.921+0000] {processor.py:758} INFO - Processing file /opt/airflow/dags/hadoop-2.7.3/share/hadoop/common/lib/api-asn1-api-1.0.0-M20.jar for tasks to queue
[2022-10-25T14:37:05.926+0000] {logging_mixin.py:117} INFO - [2022-10-25T14:37:05.925+0000] {dagbag.py:525} INFO - Filling up the DagBag from /opt/airflow/dags/hadoop-2.7.3/share/hadoop/common/lib/api-asn1-api-1.0.0-M20.jar
[2022-10-25T14:37:05.935+0000] {processor.py:770} WARNING - No viable dags retrieved from /opt/airflow/dags/hadoop-2.7.3/share/hadoop/common/lib/api-asn1-api-1.0.0-M20.jar
[2022-10-25T14:37:05.988+0000] {processor.py:178} INFO - Processing /opt/airflow/dags/hadoop-2.7.3/share/hadoop/common/lib/api-asn1-api-1.0.0-M20.jar took 0.080 seconds
[2022-10-25T14:37:10.466+0000] {processor.py:156} INFO - Started process (PID=31132) to work on /opt/airflow/dags/hadoop-2.7.3/share/hadoop/common/lib/api-asn1-api-1.0.0-M20.jar
[2022-10-25T14:37:10.474+0000] {processor.py:758} INFO - Processing file /opt/airflow/dags/hadoop-2.7.3/share/hadoop/common/lib/api-asn1-api-1.0.0-M20.jar for tasks to queue
[2022-10-25T14:37:10.479+0000] {logging_mixin.py:117} INFO - [2022-10-25T14:37:10.478+0000] {dagbag.py:525} INFO - Filling up the DagBag from /opt/airflow/dags/hadoop-2.7.3/share/hadoop/common/lib/api-asn1-api-1.0.0-M20.jar
[2022-10-25T14:37:10.489+0000] {processor.py:770} WARNING - No viable dags retrieved from /opt/airflow/dags/hadoop-2.7.3/share/hadoop/common/lib/api-asn1-api-1.0.0-M20.jar
[2022-10-25T14:37:10.531+0000] {processor.py:178} INFO - Processing /opt/airflow/dags/hadoop-2.7.3/share/hadoop/common/lib/api-asn1-api-1.0.0-M20.jar took 0.077 seconds
[2022-10-25T14:37:42.183+0000] {processor.py:156} INFO - Started process (PID=31485) to work on /opt/airflow/dags/hadoop-2.7.3/share/hadoop/common/lib/api-asn1-api-1.0.0-M20.jar
[2022-10-25T14:37:42.187+0000] {processor.py:758} INFO - Processing file /opt/airflow/dags/hadoop-2.7.3/share/hadoop/common/lib/api-asn1-api-1.0.0-M20.jar for tasks to queue
[2022-10-25T14:37:42.194+0000] {logging_mixin.py:117} INFO - [2022-10-25T14:37:42.192+0000] {dagbag.py:525} INFO - Filling up the DagBag from /opt/airflow/dags/hadoop-2.7.3/share/hadoop/common/lib/api-asn1-api-1.0.0-M20.jar
[2022-10-25T14:37:42.203+0000] {processor.py:770} WARNING - No viable dags retrieved from /opt/airflow/dags/hadoop-2.7.3/share/hadoop/common/lib/api-asn1-api-1.0.0-M20.jar
[2022-10-25T14:37:42.266+0000] {processor.py:178} INFO - Processing /opt/airflow/dags/hadoop-2.7.3/share/hadoop/common/lib/api-asn1-api-1.0.0-M20.jar took 0.094 seconds
[2022-10-25T14:37:45.316+0000] {processor.py:156} INFO - Started process (PID=30227) to work on /opt/airflow/dags/hadoop-2.7.3/share/hadoop/common/lib/api-asn1-api-1.0.0-M20.jar
[2022-10-25T14:37:45.319+0000] {processor.py:758} INFO - Processing file /opt/airflow/dags/hadoop-2.7.3/share/hadoop/common/lib/api-asn1-api-1.0.0-M20.jar for tasks to queue
[2022-10-25T14:37:45.322+0000] {logging_mixin.py:117} INFO - [2022-10-25T14:37:45.322+0000] {dagbag.py:525} INFO - Filling up the DagBag from /opt/airflow/dags/hadoop-2.7.3/share/hadoop/common/lib/api-asn1-api-1.0.0-M20.jar
[2022-10-25T14:37:45.331+0000] {processor.py:770} WARNING - No viable dags retrieved from /opt/airflow/dags/hadoop-2.7.3/share/hadoop/common/lib/api-asn1-api-1.0.0-M20.jar
[2022-10-25T14:37:45.383+0000] {processor.py:178} INFO - Processing /opt/airflow/dags/hadoop-2.7.3/share/hadoop/common/lib/api-asn1-api-1.0.0-M20.jar took 0.076 seconds
[2022-10-25T14:38:17.772+0000] {processor.py:156} INFO - Started process (PID=31858) to work on /opt/airflow/dags/hadoop-2.7.3/share/hadoop/common/lib/api-asn1-api-1.0.0-M20.jar
[2022-10-25T14:38:17.775+0000] {processor.py:758} INFO - Processing file /opt/airflow/dags/hadoop-2.7.3/share/hadoop/common/lib/api-asn1-api-1.0.0-M20.jar for tasks to queue
[2022-10-25T14:38:17.778+0000] {logging_mixin.py:117} INFO - [2022-10-25T14:38:17.778+0000] {dagbag.py:525} INFO - Filling up the DagBag from /opt/airflow/dags/hadoop-2.7.3/share/hadoop/common/lib/api-asn1-api-1.0.0-M20.jar
[2022-10-25T14:38:17.794+0000] {processor.py:770} WARNING - No viable dags retrieved from /opt/airflow/dags/hadoop-2.7.3/share/hadoop/common/lib/api-asn1-api-1.0.0-M20.jar
[2022-10-25T14:38:17.910+0000] {processor.py:178} INFO - Processing /opt/airflow/dags/hadoop-2.7.3/share/hadoop/common/lib/api-asn1-api-1.0.0-M20.jar took 0.146 seconds
[2022-10-25T14:38:23.759+0000] {processor.py:156} INFO - Started process (PID=30628) to work on /opt/airflow/dags/hadoop-2.7.3/share/hadoop/common/lib/api-asn1-api-1.0.0-M20.jar
[2022-10-25T14:38:23.765+0000] {processor.py:758} INFO - Processing file /opt/airflow/dags/hadoop-2.7.3/share/hadoop/common/lib/api-asn1-api-1.0.0-M20.jar for tasks to queue
[2022-10-25T14:38:23.774+0000] {logging_mixin.py:117} INFO - [2022-10-25T14:38:23.773+0000] {dagbag.py:525} INFO - Filling up the DagBag from /opt/airflow/dags/hadoop-2.7.3/share/hadoop/common/lib/api-asn1-api-1.0.0-M20.jar
[2022-10-25T14:38:23.783+0000] {processor.py:770} WARNING - No viable dags retrieved from /opt/airflow/dags/hadoop-2.7.3/share/hadoop/common/lib/api-asn1-api-1.0.0-M20.jar
[2022-10-25T14:38:23.827+0000] {processor.py:178} INFO - Processing /opt/airflow/dags/hadoop-2.7.3/share/hadoop/common/lib/api-asn1-api-1.0.0-M20.jar took 0.084 seconds
[2022-10-25T14:38:50.905+0000] {processor.py:156} INFO - Started process (PID=32231) to work on /opt/airflow/dags/hadoop-2.7.3/share/hadoop/common/lib/api-asn1-api-1.0.0-M20.jar
[2022-10-25T14:38:50.909+0000] {processor.py:758} INFO - Processing file /opt/airflow/dags/hadoop-2.7.3/share/hadoop/common/lib/api-asn1-api-1.0.0-M20.jar for tasks to queue
[2022-10-25T14:38:50.912+0000] {logging_mixin.py:117} INFO - [2022-10-25T14:38:50.911+0000] {dagbag.py:525} INFO - Filling up the DagBag from /opt/airflow/dags/hadoop-2.7.3/share/hadoop/common/lib/api-asn1-api-1.0.0-M20.jar
[2022-10-25T14:38:50.918+0000] {processor.py:770} WARNING - No viable dags retrieved from /opt/airflow/dags/hadoop-2.7.3/share/hadoop/common/lib/api-asn1-api-1.0.0-M20.jar
[2022-10-25T14:38:50.954+0000] {processor.py:178} INFO - Processing /opt/airflow/dags/hadoop-2.7.3/share/hadoop/common/lib/api-asn1-api-1.0.0-M20.jar took 0.058 seconds
[2022-10-25T14:39:46.948+0000] {processor.py:156} INFO - Started process (PID=31058) to work on /opt/airflow/dags/hadoop-2.7.3/share/hadoop/common/lib/api-asn1-api-1.0.0-M20.jar
[2022-10-25T14:39:46.952+0000] {processor.py:758} INFO - Processing file /opt/airflow/dags/hadoop-2.7.3/share/hadoop/common/lib/api-asn1-api-1.0.0-M20.jar for tasks to queue
[2022-10-25T14:39:46.956+0000] {logging_mixin.py:117} INFO - [2022-10-25T14:39:46.955+0000] {dagbag.py:525} INFO - Filling up the DagBag from /opt/airflow/dags/hadoop-2.7.3/share/hadoop/common/lib/api-asn1-api-1.0.0-M20.jar
[2022-10-25T14:39:46.963+0000] {processor.py:770} WARNING - No viable dags retrieved from /opt/airflow/dags/hadoop-2.7.3/share/hadoop/common/lib/api-asn1-api-1.0.0-M20.jar
[2022-10-25T14:39:46.999+0000] {processor.py:178} INFO - Processing /opt/airflow/dags/hadoop-2.7.3/share/hadoop/common/lib/api-asn1-api-1.0.0-M20.jar took 0.061 seconds
[2022-10-25T14:40:08.391+0000] {processor.py:156} INFO - Started process (PID=32641) to work on /opt/airflow/dags/hadoop-2.7.3/share/hadoop/common/lib/api-asn1-api-1.0.0-M20.jar
[2022-10-25T14:40:08.394+0000] {processor.py:758} INFO - Processing file /opt/airflow/dags/hadoop-2.7.3/share/hadoop/common/lib/api-asn1-api-1.0.0-M20.jar for tasks to queue
[2022-10-25T14:40:08.398+0000] {logging_mixin.py:117} INFO - [2022-10-25T14:40:08.397+0000] {dagbag.py:525} INFO - Filling up the DagBag from /opt/airflow/dags/hadoop-2.7.3/share/hadoop/common/lib/api-asn1-api-1.0.0-M20.jar
[2022-10-25T14:40:08.407+0000] {processor.py:770} WARNING - No viable dags retrieved from /opt/airflow/dags/hadoop-2.7.3/share/hadoop/common/lib/api-asn1-api-1.0.0-M20.jar
[2022-10-25T14:40:08.441+0000] {processor.py:178} INFO - Processing /opt/airflow/dags/hadoop-2.7.3/share/hadoop/common/lib/api-asn1-api-1.0.0-M20.jar took 0.060 seconds
[2022-10-25T14:40:36.352+0000] {processor.py:156} INFO - Started process (PID=31577) to work on /opt/airflow/dags/hadoop-2.7.3/share/hadoop/common/lib/api-asn1-api-1.0.0-M20.jar
[2022-10-25T14:40:36.359+0000] {processor.py:758} INFO - Processing file /opt/airflow/dags/hadoop-2.7.3/share/hadoop/common/lib/api-asn1-api-1.0.0-M20.jar for tasks to queue
[2022-10-25T14:40:36.362+0000] {logging_mixin.py:117} INFO - [2022-10-25T14:40:36.361+0000] {dagbag.py:525} INFO - Filling up the DagBag from /opt/airflow/dags/hadoop-2.7.3/share/hadoop/common/lib/api-asn1-api-1.0.0-M20.jar
[2022-10-25T14:40:36.370+0000] {processor.py:770} WARNING - No viable dags retrieved from /opt/airflow/dags/hadoop-2.7.3/share/hadoop/common/lib/api-asn1-api-1.0.0-M20.jar
[2022-10-25T14:40:36.425+0000] {processor.py:178} INFO - Processing /opt/airflow/dags/hadoop-2.7.3/share/hadoop/common/lib/api-asn1-api-1.0.0-M20.jar took 0.093 seconds
[2022-10-25T14:40:51.153+0000] {processor.py:156} INFO - Started process (PID=33100) to work on /opt/airflow/dags/hadoop-2.7.3/share/hadoop/common/lib/api-asn1-api-1.0.0-M20.jar
[2022-10-25T14:40:51.158+0000] {processor.py:758} INFO - Processing file /opt/airflow/dags/hadoop-2.7.3/share/hadoop/common/lib/api-asn1-api-1.0.0-M20.jar for tasks to queue
[2022-10-25T14:40:51.163+0000] {logging_mixin.py:117} INFO - [2022-10-25T14:40:51.163+0000] {dagbag.py:525} INFO - Filling up the DagBag from /opt/airflow/dags/hadoop-2.7.3/share/hadoop/common/lib/api-asn1-api-1.0.0-M20.jar
[2022-10-25T14:40:51.185+0000] {processor.py:770} WARNING - No viable dags retrieved from /opt/airflow/dags/hadoop-2.7.3/share/hadoop/common/lib/api-asn1-api-1.0.0-M20.jar
[2022-10-25T14:40:51.225+0000] {processor.py:178} INFO - Processing /opt/airflow/dags/hadoop-2.7.3/share/hadoop/common/lib/api-asn1-api-1.0.0-M20.jar took 0.085 seconds
[2022-10-25T14:41:14.268+0000] {processor.py:156} INFO - Started process (PID=31985) to work on /opt/airflow/dags/hadoop-2.7.3/share/hadoop/common/lib/api-asn1-api-1.0.0-M20.jar
[2022-10-25T14:41:14.277+0000] {processor.py:758} INFO - Processing file /opt/airflow/dags/hadoop-2.7.3/share/hadoop/common/lib/api-asn1-api-1.0.0-M20.jar for tasks to queue
[2022-10-25T14:41:14.281+0000] {logging_mixin.py:117} INFO - [2022-10-25T14:41:14.280+0000] {dagbag.py:525} INFO - Filling up the DagBag from /opt/airflow/dags/hadoop-2.7.3/share/hadoop/common/lib/api-asn1-api-1.0.0-M20.jar
[2022-10-25T14:41:14.289+0000] {processor.py:770} WARNING - No viable dags retrieved from /opt/airflow/dags/hadoop-2.7.3/share/hadoop/common/lib/api-asn1-api-1.0.0-M20.jar
[2022-10-25T14:41:14.370+0000] {processor.py:178} INFO - Processing /opt/airflow/dags/hadoop-2.7.3/share/hadoop/common/lib/api-asn1-api-1.0.0-M20.jar took 0.112 seconds
[2022-10-25T14:41:31.530+0000] {processor.py:156} INFO - Started process (PID=33479) to work on /opt/airflow/dags/hadoop-2.7.3/share/hadoop/common/lib/api-asn1-api-1.0.0-M20.jar
[2022-10-25T14:41:31.538+0000] {processor.py:758} INFO - Processing file /opt/airflow/dags/hadoop-2.7.3/share/hadoop/common/lib/api-asn1-api-1.0.0-M20.jar for tasks to queue
[2022-10-25T14:41:31.543+0000] {logging_mixin.py:117} INFO - [2022-10-25T14:41:31.542+0000] {dagbag.py:525} INFO - Filling up the DagBag from /opt/airflow/dags/hadoop-2.7.3/share/hadoop/common/lib/api-asn1-api-1.0.0-M20.jar
[2022-10-25T14:41:31.556+0000] {processor.py:770} WARNING - No viable dags retrieved from /opt/airflow/dags/hadoop-2.7.3/share/hadoop/common/lib/api-asn1-api-1.0.0-M20.jar
[2022-10-25T14:41:31.619+0000] {processor.py:178} INFO - Processing /opt/airflow/dags/hadoop-2.7.3/share/hadoop/common/lib/api-asn1-api-1.0.0-M20.jar took 0.105 seconds
[2022-10-25T14:41:51.009+0000] {processor.py:156} INFO - Started process (PID=32375) to work on /opt/airflow/dags/hadoop-2.7.3/share/hadoop/common/lib/api-asn1-api-1.0.0-M20.jar
[2022-10-25T14:41:51.013+0000] {processor.py:758} INFO - Processing file /opt/airflow/dags/hadoop-2.7.3/share/hadoop/common/lib/api-asn1-api-1.0.0-M20.jar for tasks to queue
[2022-10-25T14:41:51.028+0000] {logging_mixin.py:117} INFO - [2022-10-25T14:41:51.027+0000] {dagbag.py:525} INFO - Filling up the DagBag from /opt/airflow/dags/hadoop-2.7.3/share/hadoop/common/lib/api-asn1-api-1.0.0-M20.jar
[2022-10-25T14:41:51.041+0000] {processor.py:770} WARNING - No viable dags retrieved from /opt/airflow/dags/hadoop-2.7.3/share/hadoop/common/lib/api-asn1-api-1.0.0-M20.jar
[2022-10-25T14:41:51.108+0000] {processor.py:178} INFO - Processing /opt/airflow/dags/hadoop-2.7.3/share/hadoop/common/lib/api-asn1-api-1.0.0-M20.jar took 0.111 seconds
[2022-10-25T14:42:14.182+0000] {processor.py:156} INFO - Started process (PID=33958) to work on /opt/airflow/dags/hadoop-2.7.3/share/hadoop/common/lib/api-asn1-api-1.0.0-M20.jar
[2022-10-25T14:42:14.192+0000] {processor.py:758} INFO - Processing file /opt/airflow/dags/hadoop-2.7.3/share/hadoop/common/lib/api-asn1-api-1.0.0-M20.jar for tasks to queue
[2022-10-25T14:42:14.195+0000] {logging_mixin.py:117} INFO - [2022-10-25T14:42:14.195+0000] {dagbag.py:525} INFO - Filling up the DagBag from /opt/airflow/dags/hadoop-2.7.3/share/hadoop/common/lib/api-asn1-api-1.0.0-M20.jar
[2022-10-25T14:42:14.214+0000] {processor.py:770} WARNING - No viable dags retrieved from /opt/airflow/dags/hadoop-2.7.3/share/hadoop/common/lib/api-asn1-api-1.0.0-M20.jar
[2022-10-25T14:42:14.264+0000] {processor.py:178} INFO - Processing /opt/airflow/dags/hadoop-2.7.3/share/hadoop/common/lib/api-asn1-api-1.0.0-M20.jar took 0.094 seconds
[2022-10-25T14:42:28.316+0000] {processor.py:156} INFO - Started process (PID=32759) to work on /opt/airflow/dags/hadoop-2.7.3/share/hadoop/common/lib/api-asn1-api-1.0.0-M20.jar
[2022-10-25T14:42:28.319+0000] {processor.py:758} INFO - Processing file /opt/airflow/dags/hadoop-2.7.3/share/hadoop/common/lib/api-asn1-api-1.0.0-M20.jar for tasks to queue
[2022-10-25T14:42:28.323+0000] {logging_mixin.py:117} INFO - [2022-10-25T14:42:28.323+0000] {dagbag.py:525} INFO - Filling up the DagBag from /opt/airflow/dags/hadoop-2.7.3/share/hadoop/common/lib/api-asn1-api-1.0.0-M20.jar
[2022-10-25T14:42:28.330+0000] {processor.py:770} WARNING - No viable dags retrieved from /opt/airflow/dags/hadoop-2.7.3/share/hadoop/common/lib/api-asn1-api-1.0.0-M20.jar
[2022-10-25T14:42:28.674+0000] {processor.py:178} INFO - Processing /opt/airflow/dags/hadoop-2.7.3/share/hadoop/common/lib/api-asn1-api-1.0.0-M20.jar took 0.369 seconds
[2022-10-25T14:42:48.951+0000] {processor.py:156} INFO - Started process (PID=34344) to work on /opt/airflow/dags/hadoop-2.7.3/share/hadoop/common/lib/api-asn1-api-1.0.0-M20.jar
[2022-10-25T14:42:48.954+0000] {processor.py:758} INFO - Processing file /opt/airflow/dags/hadoop-2.7.3/share/hadoop/common/lib/api-asn1-api-1.0.0-M20.jar for tasks to queue
[2022-10-25T14:42:48.959+0000] {logging_mixin.py:117} INFO - [2022-10-25T14:42:48.959+0000] {dagbag.py:525} INFO - Filling up the DagBag from /opt/airflow/dags/hadoop-2.7.3/share/hadoop/common/lib/api-asn1-api-1.0.0-M20.jar
[2022-10-25T14:42:48.966+0000] {processor.py:770} WARNING - No viable dags retrieved from /opt/airflow/dags/hadoop-2.7.3/share/hadoop/common/lib/api-asn1-api-1.0.0-M20.jar
[2022-10-25T14:42:49.013+0000] {processor.py:178} INFO - Processing /opt/airflow/dags/hadoop-2.7.3/share/hadoop/common/lib/api-asn1-api-1.0.0-M20.jar took 0.073 seconds
[2022-10-25T14:43:07.065+0000] {processor.py:156} INFO - Started process (PID=33160) to work on /opt/airflow/dags/hadoop-2.7.3/share/hadoop/common/lib/api-asn1-api-1.0.0-M20.jar
[2022-10-25T14:43:07.068+0000] {processor.py:758} INFO - Processing file /opt/airflow/dags/hadoop-2.7.3/share/hadoop/common/lib/api-asn1-api-1.0.0-M20.jar for tasks to queue
[2022-10-25T14:43:07.071+0000] {logging_mixin.py:117} INFO - [2022-10-25T14:43:07.070+0000] {dagbag.py:525} INFO - Filling up the DagBag from /opt/airflow/dags/hadoop-2.7.3/share/hadoop/common/lib/api-asn1-api-1.0.0-M20.jar
[2022-10-25T14:43:07.078+0000] {processor.py:770} WARNING - No viable dags retrieved from /opt/airflow/dags/hadoop-2.7.3/share/hadoop/common/lib/api-asn1-api-1.0.0-M20.jar
[2022-10-25T14:43:07.121+0000] {processor.py:178} INFO - Processing /opt/airflow/dags/hadoop-2.7.3/share/hadoop/common/lib/api-asn1-api-1.0.0-M20.jar took 0.066 seconds
[2022-10-25T14:43:21.992+0000] {processor.py:156} INFO - Started process (PID=34709) to work on /opt/airflow/dags/hadoop-2.7.3/share/hadoop/common/lib/api-asn1-api-1.0.0-M20.jar
[2022-10-25T14:43:21.999+0000] {processor.py:758} INFO - Processing file /opt/airflow/dags/hadoop-2.7.3/share/hadoop/common/lib/api-asn1-api-1.0.0-M20.jar for tasks to queue
[2022-10-25T14:43:22.003+0000] {logging_mixin.py:117} INFO - [2022-10-25T14:43:22.002+0000] {dagbag.py:525} INFO - Filling up the DagBag from /opt/airflow/dags/hadoop-2.7.3/share/hadoop/common/lib/api-asn1-api-1.0.0-M20.jar
[2022-10-25T14:43:22.013+0000] {processor.py:770} WARNING - No viable dags retrieved from /opt/airflow/dags/hadoop-2.7.3/share/hadoop/common/lib/api-asn1-api-1.0.0-M20.jar
[2022-10-25T14:43:22.083+0000] {processor.py:178} INFO - Processing /opt/airflow/dags/hadoop-2.7.3/share/hadoop/common/lib/api-asn1-api-1.0.0-M20.jar took 0.114 seconds
[2022-10-25T14:43:48.264+0000] {processor.py:156} INFO - Started process (PID=33574) to work on /opt/airflow/dags/hadoop-2.7.3/share/hadoop/common/lib/api-asn1-api-1.0.0-M20.jar
[2022-10-25T14:43:48.266+0000] {processor.py:758} INFO - Processing file /opt/airflow/dags/hadoop-2.7.3/share/hadoop/common/lib/api-asn1-api-1.0.0-M20.jar for tasks to queue
[2022-10-25T14:43:48.269+0000] {logging_mixin.py:117} INFO - [2022-10-25T14:43:48.269+0000] {dagbag.py:525} INFO - Filling up the DagBag from /opt/airflow/dags/hadoop-2.7.3/share/hadoop/common/lib/api-asn1-api-1.0.0-M20.jar
[2022-10-25T14:43:48.275+0000] {processor.py:770} WARNING - No viable dags retrieved from /opt/airflow/dags/hadoop-2.7.3/share/hadoop/common/lib/api-asn1-api-1.0.0-M20.jar
[2022-10-25T14:43:48.309+0000] {processor.py:178} INFO - Processing /opt/airflow/dags/hadoop-2.7.3/share/hadoop/common/lib/api-asn1-api-1.0.0-M20.jar took 0.053 seconds
[2022-10-25T14:44:08.102+0000] {processor.py:156} INFO - Started process (PID=35231) to work on /opt/airflow/dags/hadoop-2.7.3/share/hadoop/common/lib/api-asn1-api-1.0.0-M20.jar
[2022-10-25T14:44:08.106+0000] {processor.py:758} INFO - Processing file /opt/airflow/dags/hadoop-2.7.3/share/hadoop/common/lib/api-asn1-api-1.0.0-M20.jar for tasks to queue
[2022-10-25T14:44:08.109+0000] {logging_mixin.py:117} INFO - [2022-10-25T14:44:08.109+0000] {dagbag.py:525} INFO - Filling up the DagBag from /opt/airflow/dags/hadoop-2.7.3/share/hadoop/common/lib/api-asn1-api-1.0.0-M20.jar
[2022-10-25T14:44:08.119+0000] {processor.py:770} WARNING - No viable dags retrieved from /opt/airflow/dags/hadoop-2.7.3/share/hadoop/common/lib/api-asn1-api-1.0.0-M20.jar
[2022-10-25T14:44:08.225+0000] {processor.py:178} INFO - Processing /opt/airflow/dags/hadoop-2.7.3/share/hadoop/common/lib/api-asn1-api-1.0.0-M20.jar took 0.132 seconds
[2022-10-25T14:59:43.887+0000] {processor.py:156} INFO - Started process (PID=33856) to work on /opt/airflow/dags/hadoop-2.7.3/share/hadoop/common/lib/api-asn1-api-1.0.0-M20.jar
[2022-10-25T14:59:43.891+0000] {processor.py:758} INFO - Processing file /opt/airflow/dags/hadoop-2.7.3/share/hadoop/common/lib/api-asn1-api-1.0.0-M20.jar for tasks to queue
[2022-10-25T14:59:43.898+0000] {logging_mixin.py:117} INFO - [2022-10-25T14:59:43.897+0000] {dagbag.py:525} INFO - Filling up the DagBag from /opt/airflow/dags/hadoop-2.7.3/share/hadoop/common/lib/api-asn1-api-1.0.0-M20.jar
[2022-10-25T14:59:43.924+0000] {processor.py:770} WARNING - No viable dags retrieved from /opt/airflow/dags/hadoop-2.7.3/share/hadoop/common/lib/api-asn1-api-1.0.0-M20.jar
[2022-10-25T14:59:43.964+0000] {processor.py:178} INFO - Processing /opt/airflow/dags/hadoop-2.7.3/share/hadoop/common/lib/api-asn1-api-1.0.0-M20.jar took 0.085 seconds
[2022-10-25T15:03:27.589+0000] {processor.py:156} INFO - Started process (PID=35533) to work on /opt/airflow/dags/hadoop-2.7.3/share/hadoop/common/lib/api-asn1-api-1.0.0-M20.jar
[2022-10-25T15:03:27.596+0000] {processor.py:758} INFO - Processing file /opt/airflow/dags/hadoop-2.7.3/share/hadoop/common/lib/api-asn1-api-1.0.0-M20.jar for tasks to queue
[2022-10-25T15:03:27.607+0000] {logging_mixin.py:117} INFO - [2022-10-25T15:03:27.606+0000] {dagbag.py:525} INFO - Filling up the DagBag from /opt/airflow/dags/hadoop-2.7.3/share/hadoop/common/lib/api-asn1-api-1.0.0-M20.jar
[2022-10-25T15:03:27.626+0000] {processor.py:770} WARNING - No viable dags retrieved from /opt/airflow/dags/hadoop-2.7.3/share/hadoop/common/lib/api-asn1-api-1.0.0-M20.jar
[2022-10-25T15:03:27.688+0000] {processor.py:178} INFO - Processing /opt/airflow/dags/hadoop-2.7.3/share/hadoop/common/lib/api-asn1-api-1.0.0-M20.jar took 0.105 seconds
[2022-10-25T15:04:51.552+0000] {processor.py:156} INFO - Started process (PID=34405) to work on /opt/airflow/dags/hadoop-2.7.3/share/hadoop/common/lib/api-asn1-api-1.0.0-M20.jar
[2022-10-25T15:04:51.556+0000] {processor.py:758} INFO - Processing file /opt/airflow/dags/hadoop-2.7.3/share/hadoop/common/lib/api-asn1-api-1.0.0-M20.jar for tasks to queue
[2022-10-25T15:04:51.559+0000] {logging_mixin.py:117} INFO - [2022-10-25T15:04:51.559+0000] {dagbag.py:525} INFO - Filling up the DagBag from /opt/airflow/dags/hadoop-2.7.3/share/hadoop/common/lib/api-asn1-api-1.0.0-M20.jar
[2022-10-25T15:04:51.569+0000] {processor.py:770} WARNING - No viable dags retrieved from /opt/airflow/dags/hadoop-2.7.3/share/hadoop/common/lib/api-asn1-api-1.0.0-M20.jar
[2022-10-25T15:04:51.620+0000] {processor.py:178} INFO - Processing /opt/airflow/dags/hadoop-2.7.3/share/hadoop/common/lib/api-asn1-api-1.0.0-M20.jar took 0.082 seconds
[2022-10-25T15:05:04.444+0000] {processor.py:156} INFO - Started process (PID=36075) to work on /opt/airflow/dags/hadoop-2.7.3/share/hadoop/common/lib/api-asn1-api-1.0.0-M20.jar
[2022-10-25T15:05:04.450+0000] {processor.py:758} INFO - Processing file /opt/airflow/dags/hadoop-2.7.3/share/hadoop/common/lib/api-asn1-api-1.0.0-M20.jar for tasks to queue
[2022-10-25T15:05:04.470+0000] {logging_mixin.py:117} INFO - [2022-10-25T15:05:04.470+0000] {dagbag.py:525} INFO - Filling up the DagBag from /opt/airflow/dags/hadoop-2.7.3/share/hadoop/common/lib/api-asn1-api-1.0.0-M20.jar
[2022-10-25T15:05:04.480+0000] {processor.py:770} WARNING - No viable dags retrieved from /opt/airflow/dags/hadoop-2.7.3/share/hadoop/common/lib/api-asn1-api-1.0.0-M20.jar
[2022-10-25T15:05:04.532+0000] {processor.py:178} INFO - Processing /opt/airflow/dags/hadoop-2.7.3/share/hadoop/common/lib/api-asn1-api-1.0.0-M20.jar took 0.097 seconds
[2022-10-25T15:05:39.208+0000] {processor.py:156} INFO - Started process (PID=34890) to work on /opt/airflow/dags/hadoop-2.7.3/share/hadoop/common/lib/api-asn1-api-1.0.0-M20.jar
[2022-10-25T15:05:39.211+0000] {processor.py:758} INFO - Processing file /opt/airflow/dags/hadoop-2.7.3/share/hadoop/common/lib/api-asn1-api-1.0.0-M20.jar for tasks to queue
[2022-10-25T15:05:39.214+0000] {logging_mixin.py:117} INFO - [2022-10-25T15:05:39.214+0000] {dagbag.py:525} INFO - Filling up the DagBag from /opt/airflow/dags/hadoop-2.7.3/share/hadoop/common/lib/api-asn1-api-1.0.0-M20.jar
[2022-10-25T15:05:39.221+0000] {processor.py:770} WARNING - No viable dags retrieved from /opt/airflow/dags/hadoop-2.7.3/share/hadoop/common/lib/api-asn1-api-1.0.0-M20.jar
[2022-10-25T15:05:39.262+0000] {processor.py:178} INFO - Processing /opt/airflow/dags/hadoop-2.7.3/share/hadoop/common/lib/api-asn1-api-1.0.0-M20.jar took 0.060 seconds
[2022-10-25T15:05:47.086+0000] {processor.py:156} INFO - Started process (PID=36525) to work on /opt/airflow/dags/hadoop-2.7.3/share/hadoop/common/lib/api-asn1-api-1.0.0-M20.jar
[2022-10-25T15:05:47.099+0000] {processor.py:758} INFO - Processing file /opt/airflow/dags/hadoop-2.7.3/share/hadoop/common/lib/api-asn1-api-1.0.0-M20.jar for tasks to queue
[2022-10-25T15:05:47.102+0000] {logging_mixin.py:117} INFO - [2022-10-25T15:05:47.102+0000] {dagbag.py:525} INFO - Filling up the DagBag from /opt/airflow/dags/hadoop-2.7.3/share/hadoop/common/lib/api-asn1-api-1.0.0-M20.jar
[2022-10-25T15:05:47.109+0000] {processor.py:770} WARNING - No viable dags retrieved from /opt/airflow/dags/hadoop-2.7.3/share/hadoop/common/lib/api-asn1-api-1.0.0-M20.jar
[2022-10-25T15:05:47.167+0000] {processor.py:178} INFO - Processing /opt/airflow/dags/hadoop-2.7.3/share/hadoop/common/lib/api-asn1-api-1.0.0-M20.jar took 0.098 seconds
[2022-10-25T15:06:24.302+0000] {processor.py:156} INFO - Started process (PID=36936) to work on /opt/airflow/dags/hadoop-2.7.3/share/hadoop/common/lib/api-asn1-api-1.0.0-M20.jar
[2022-10-25T15:06:24.305+0000] {processor.py:758} INFO - Processing file /opt/airflow/dags/hadoop-2.7.3/share/hadoop/common/lib/api-asn1-api-1.0.0-M20.jar for tasks to queue
[2022-10-25T15:06:24.309+0000] {logging_mixin.py:117} INFO - [2022-10-25T15:06:24.308+0000] {dagbag.py:525} INFO - Filling up the DagBag from /opt/airflow/dags/hadoop-2.7.3/share/hadoop/common/lib/api-asn1-api-1.0.0-M20.jar
[2022-10-25T15:06:24.316+0000] {processor.py:770} WARNING - No viable dags retrieved from /opt/airflow/dags/hadoop-2.7.3/share/hadoop/common/lib/api-asn1-api-1.0.0-M20.jar
[2022-10-25T15:06:24.352+0000] {processor.py:178} INFO - Processing /opt/airflow/dags/hadoop-2.7.3/share/hadoop/common/lib/api-asn1-api-1.0.0-M20.jar took 0.057 seconds
[2022-10-25T15:06:25.337+0000] {processor.py:156} INFO - Started process (PID=35335) to work on /opt/airflow/dags/hadoop-2.7.3/share/hadoop/common/lib/api-asn1-api-1.0.0-M20.jar
[2022-10-25T15:06:25.339+0000] {processor.py:758} INFO - Processing file /opt/airflow/dags/hadoop-2.7.3/share/hadoop/common/lib/api-asn1-api-1.0.0-M20.jar for tasks to queue
[2022-10-25T15:06:25.341+0000] {logging_mixin.py:117} INFO - [2022-10-25T15:06:25.341+0000] {dagbag.py:525} INFO - Filling up the DagBag from /opt/airflow/dags/hadoop-2.7.3/share/hadoop/common/lib/api-asn1-api-1.0.0-M20.jar
[2022-10-25T15:06:25.349+0000] {processor.py:770} WARNING - No viable dags retrieved from /opt/airflow/dags/hadoop-2.7.3/share/hadoop/common/lib/api-asn1-api-1.0.0-M20.jar
[2022-10-25T15:06:25.396+0000] {processor.py:178} INFO - Processing /opt/airflow/dags/hadoop-2.7.3/share/hadoop/common/lib/api-asn1-api-1.0.0-M20.jar took 0.068 seconds
[2022-10-25T15:07:03.735+0000] {processor.py:156} INFO - Started process (PID=35732) to work on /opt/airflow/dags/hadoop-2.7.3/share/hadoop/common/lib/api-asn1-api-1.0.0-M20.jar
[2022-10-25T15:07:03.739+0000] {processor.py:758} INFO - Processing file /opt/airflow/dags/hadoop-2.7.3/share/hadoop/common/lib/api-asn1-api-1.0.0-M20.jar for tasks to queue
[2022-10-25T15:07:03.743+0000] {logging_mixin.py:117} INFO - [2022-10-25T15:07:03.741+0000] {dagbag.py:525} INFO - Filling up the DagBag from /opt/airflow/dags/hadoop-2.7.3/share/hadoop/common/lib/api-asn1-api-1.0.0-M20.jar
[2022-10-25T15:07:03.753+0000] {processor.py:770} WARNING - No viable dags retrieved from /opt/airflow/dags/hadoop-2.7.3/share/hadoop/common/lib/api-asn1-api-1.0.0-M20.jar
[2022-10-25T15:07:03.831+0000] {processor.py:178} INFO - Processing /opt/airflow/dags/hadoop-2.7.3/share/hadoop/common/lib/api-asn1-api-1.0.0-M20.jar took 0.115 seconds
[2022-10-25T15:07:07.022+0000] {processor.py:156} INFO - Started process (PID=37412) to work on /opt/airflow/dags/hadoop-2.7.3/share/hadoop/common/lib/api-asn1-api-1.0.0-M20.jar
[2022-10-25T15:07:07.028+0000] {processor.py:758} INFO - Processing file /opt/airflow/dags/hadoop-2.7.3/share/hadoop/common/lib/api-asn1-api-1.0.0-M20.jar for tasks to queue
[2022-10-25T15:07:07.030+0000] {logging_mixin.py:117} INFO - [2022-10-25T15:07:07.030+0000] {dagbag.py:525} INFO - Filling up the DagBag from /opt/airflow/dags/hadoop-2.7.3/share/hadoop/common/lib/api-asn1-api-1.0.0-M20.jar
[2022-10-25T15:07:07.040+0000] {processor.py:770} WARNING - No viable dags retrieved from /opt/airflow/dags/hadoop-2.7.3/share/hadoop/common/lib/api-asn1-api-1.0.0-M20.jar
[2022-10-25T15:07:07.102+0000] {processor.py:178} INFO - Processing /opt/airflow/dags/hadoop-2.7.3/share/hadoop/common/lib/api-asn1-api-1.0.0-M20.jar took 0.090 seconds
