[2022-10-25T00:25:26.157+0000] {processor.py:156} INFO - Started process (PID=4224) to work on /opt/airflow/dags/hadoop-2.7.3/share/hadoop/common/lib/commons-net-3.1.jar
[2022-10-25T00:25:26.159+0000] {processor.py:758} INFO - Processing file /opt/airflow/dags/hadoop-2.7.3/share/hadoop/common/lib/commons-net-3.1.jar for tasks to queue
[2022-10-25T00:25:26.163+0000] {logging_mixin.py:117} INFO - [2022-10-25T00:25:26.163+0000] {dagbag.py:525} INFO - Filling up the DagBag from /opt/airflow/dags/hadoop-2.7.3/share/hadoop/common/lib/commons-net-3.1.jar
[2022-10-25T00:25:26.174+0000] {processor.py:770} WARNING - No viable dags retrieved from /opt/airflow/dags/hadoop-2.7.3/share/hadoop/common/lib/commons-net-3.1.jar
[2022-10-25T00:25:26.200+0000] {processor.py:178} INFO - Processing /opt/airflow/dags/hadoop-2.7.3/share/hadoop/common/lib/commons-net-3.1.jar took 0.049 seconds
[2022-10-25T00:38:06.976+0000] {processor.py:156} INFO - Started process (PID=2276) to work on /opt/airflow/dags/hadoop-2.7.3/share/hadoop/common/lib/commons-net-3.1.jar
[2022-10-25T00:38:06.979+0000] {processor.py:758} INFO - Processing file /opt/airflow/dags/hadoop-2.7.3/share/hadoop/common/lib/commons-net-3.1.jar for tasks to queue
[2022-10-25T00:38:06.984+0000] {logging_mixin.py:117} INFO - [2022-10-25T00:38:06.984+0000] {dagbag.py:525} INFO - Filling up the DagBag from /opt/airflow/dags/hadoop-2.7.3/share/hadoop/common/lib/commons-net-3.1.jar
[2022-10-25T00:38:06.996+0000] {processor.py:770} WARNING - No viable dags retrieved from /opt/airflow/dags/hadoop-2.7.3/share/hadoop/common/lib/commons-net-3.1.jar
[2022-10-25T00:38:07.048+0000] {processor.py:178} INFO - Processing /opt/airflow/dags/hadoop-2.7.3/share/hadoop/common/lib/commons-net-3.1.jar took 0.077 seconds
[2022-10-25T00:38:17.350+0000] {processor.py:156} INFO - Started process (PID=4765) to work on /opt/airflow/dags/hadoop-2.7.3/share/hadoop/common/lib/commons-net-3.1.jar
[2022-10-25T00:38:17.353+0000] {processor.py:758} INFO - Processing file /opt/airflow/dags/hadoop-2.7.3/share/hadoop/common/lib/commons-net-3.1.jar for tasks to queue
[2022-10-25T00:38:17.356+0000] {logging_mixin.py:117} INFO - [2022-10-25T00:38:17.356+0000] {dagbag.py:525} INFO - Filling up the DagBag from /opt/airflow/dags/hadoop-2.7.3/share/hadoop/common/lib/commons-net-3.1.jar
[2022-10-25T00:38:17.369+0000] {processor.py:770} WARNING - No viable dags retrieved from /opt/airflow/dags/hadoop-2.7.3/share/hadoop/common/lib/commons-net-3.1.jar
[2022-10-25T00:38:17.402+0000] {processor.py:178} INFO - Processing /opt/airflow/dags/hadoop-2.7.3/share/hadoop/common/lib/commons-net-3.1.jar took 0.059 seconds
[2022-10-25T00:38:45.301+0000] {processor.py:156} INFO - Started process (PID=2792) to work on /opt/airflow/dags/hadoop-2.7.3/share/hadoop/common/lib/commons-net-3.1.jar
[2022-10-25T00:38:45.304+0000] {processor.py:758} INFO - Processing file /opt/airflow/dags/hadoop-2.7.3/share/hadoop/common/lib/commons-net-3.1.jar for tasks to queue
[2022-10-25T00:38:45.308+0000] {logging_mixin.py:117} INFO - [2022-10-25T00:38:45.308+0000] {dagbag.py:525} INFO - Filling up the DagBag from /opt/airflow/dags/hadoop-2.7.3/share/hadoop/common/lib/commons-net-3.1.jar
[2022-10-25T00:38:45.323+0000] {processor.py:770} WARNING - No viable dags retrieved from /opt/airflow/dags/hadoop-2.7.3/share/hadoop/common/lib/commons-net-3.1.jar
[2022-10-25T00:38:45.362+0000] {processor.py:178} INFO - Processing /opt/airflow/dags/hadoop-2.7.3/share/hadoop/common/lib/commons-net-3.1.jar took 0.067 seconds
[2022-10-25T00:38:54.454+0000] {processor.py:156} INFO - Started process (PID=5250) to work on /opt/airflow/dags/hadoop-2.7.3/share/hadoop/common/lib/commons-net-3.1.jar
[2022-10-25T00:38:54.457+0000] {processor.py:758} INFO - Processing file /opt/airflow/dags/hadoop-2.7.3/share/hadoop/common/lib/commons-net-3.1.jar for tasks to queue
[2022-10-25T00:38:54.459+0000] {logging_mixin.py:117} INFO - [2022-10-25T00:38:54.459+0000] {dagbag.py:525} INFO - Filling up the DagBag from /opt/airflow/dags/hadoop-2.7.3/share/hadoop/common/lib/commons-net-3.1.jar
[2022-10-25T00:38:54.474+0000] {processor.py:770} WARNING - No viable dags retrieved from /opt/airflow/dags/hadoop-2.7.3/share/hadoop/common/lib/commons-net-3.1.jar
[2022-10-25T00:38:54.533+0000] {processor.py:178} INFO - Processing /opt/airflow/dags/hadoop-2.7.3/share/hadoop/common/lib/commons-net-3.1.jar took 0.088 seconds
[2022-10-25T00:39:24.227+0000] {processor.py:156} INFO - Started process (PID=3307) to work on /opt/airflow/dags/hadoop-2.7.3/share/hadoop/common/lib/commons-net-3.1.jar
[2022-10-25T00:39:24.230+0000] {processor.py:758} INFO - Processing file /opt/airflow/dags/hadoop-2.7.3/share/hadoop/common/lib/commons-net-3.1.jar for tasks to queue
[2022-10-25T00:39:24.235+0000] {logging_mixin.py:117} INFO - [2022-10-25T00:39:24.235+0000] {dagbag.py:525} INFO - Filling up the DagBag from /opt/airflow/dags/hadoop-2.7.3/share/hadoop/common/lib/commons-net-3.1.jar
[2022-10-25T00:39:24.244+0000] {processor.py:770} WARNING - No viable dags retrieved from /opt/airflow/dags/hadoop-2.7.3/share/hadoop/common/lib/commons-net-3.1.jar
[2022-10-25T00:39:24.278+0000] {processor.py:178} INFO - Processing /opt/airflow/dags/hadoop-2.7.3/share/hadoop/common/lib/commons-net-3.1.jar took 0.063 seconds
[2022-10-25T00:40:21.956+0000] {processor.py:156} INFO - Started process (PID=5788) to work on /opt/airflow/dags/hadoop-2.7.3/share/hadoop/common/lib/commons-net-3.1.jar
[2022-10-25T00:40:21.959+0000] {processor.py:758} INFO - Processing file /opt/airflow/dags/hadoop-2.7.3/share/hadoop/common/lib/commons-net-3.1.jar for tasks to queue
[2022-10-25T00:40:21.961+0000] {logging_mixin.py:117} INFO - [2022-10-25T00:40:21.961+0000] {dagbag.py:525} INFO - Filling up the DagBag from /opt/airflow/dags/hadoop-2.7.3/share/hadoop/common/lib/commons-net-3.1.jar
[2022-10-25T00:40:21.974+0000] {processor.py:770} WARNING - No viable dags retrieved from /opt/airflow/dags/hadoop-2.7.3/share/hadoop/common/lib/commons-net-3.1.jar
[2022-10-25T00:40:22.003+0000] {processor.py:178} INFO - Processing /opt/airflow/dags/hadoop-2.7.3/share/hadoop/common/lib/commons-net-3.1.jar took 0.059 seconds
[2022-10-25T00:52:59.762+0000] {processor.py:156} INFO - Started process (PID=3790) to work on /opt/airflow/dags/hadoop-2.7.3/share/hadoop/common/lib/commons-net-3.1.jar
[2022-10-25T00:52:59.765+0000] {processor.py:758} INFO - Processing file /opt/airflow/dags/hadoop-2.7.3/share/hadoop/common/lib/commons-net-3.1.jar for tasks to queue
[2022-10-25T00:52:59.775+0000] {logging_mixin.py:117} INFO - [2022-10-25T00:52:59.775+0000] {dagbag.py:525} INFO - Filling up the DagBag from /opt/airflow/dags/hadoop-2.7.3/share/hadoop/common/lib/commons-net-3.1.jar
[2022-10-25T00:52:59.791+0000] {processor.py:770} WARNING - No viable dags retrieved from /opt/airflow/dags/hadoop-2.7.3/share/hadoop/common/lib/commons-net-3.1.jar
[2022-10-25T00:52:59.833+0000] {processor.py:178} INFO - Processing /opt/airflow/dags/hadoop-2.7.3/share/hadoop/common/lib/commons-net-3.1.jar took 0.081 seconds
[2022-10-25T00:53:17.952+0000] {processor.py:156} INFO - Started process (PID=6354) to work on /opt/airflow/dags/hadoop-2.7.3/share/hadoop/common/lib/commons-net-3.1.jar
[2022-10-25T00:53:17.955+0000] {processor.py:758} INFO - Processing file /opt/airflow/dags/hadoop-2.7.3/share/hadoop/common/lib/commons-net-3.1.jar for tasks to queue
[2022-10-25T00:53:17.958+0000] {logging_mixin.py:117} INFO - [2022-10-25T00:53:17.957+0000] {dagbag.py:525} INFO - Filling up the DagBag from /opt/airflow/dags/hadoop-2.7.3/share/hadoop/common/lib/commons-net-3.1.jar
[2022-10-25T00:53:17.993+0000] {processor.py:770} WARNING - No viable dags retrieved from /opt/airflow/dags/hadoop-2.7.3/share/hadoop/common/lib/commons-net-3.1.jar
[2022-10-25T00:53:18.031+0000] {processor.py:178} INFO - Processing /opt/airflow/dags/hadoop-2.7.3/share/hadoop/common/lib/commons-net-3.1.jar took 0.090 seconds
[2022-10-25T00:53:39.171+0000] {processor.py:156} INFO - Started process (PID=4276) to work on /opt/airflow/dags/hadoop-2.7.3/share/hadoop/common/lib/commons-net-3.1.jar
[2022-10-25T00:53:39.181+0000] {processor.py:758} INFO - Processing file /opt/airflow/dags/hadoop-2.7.3/share/hadoop/common/lib/commons-net-3.1.jar for tasks to queue
[2022-10-25T00:53:39.186+0000] {logging_mixin.py:117} INFO - [2022-10-25T00:53:39.186+0000] {dagbag.py:525} INFO - Filling up the DagBag from /opt/airflow/dags/hadoop-2.7.3/share/hadoop/common/lib/commons-net-3.1.jar
[2022-10-25T00:53:39.205+0000] {processor.py:770} WARNING - No viable dags retrieved from /opt/airflow/dags/hadoop-2.7.3/share/hadoop/common/lib/commons-net-3.1.jar
[2022-10-25T00:53:39.242+0000] {processor.py:178} INFO - Processing /opt/airflow/dags/hadoop-2.7.3/share/hadoop/common/lib/commons-net-3.1.jar took 0.085 seconds
[2022-10-25T00:53:52.205+0000] {processor.py:156} INFO - Started process (PID=6776) to work on /opt/airflow/dags/hadoop-2.7.3/share/hadoop/common/lib/commons-net-3.1.jar
[2022-10-25T00:53:52.208+0000] {processor.py:758} INFO - Processing file /opt/airflow/dags/hadoop-2.7.3/share/hadoop/common/lib/commons-net-3.1.jar for tasks to queue
[2022-10-25T00:53:52.211+0000] {logging_mixin.py:117} INFO - [2022-10-25T00:53:52.211+0000] {dagbag.py:525} INFO - Filling up the DagBag from /opt/airflow/dags/hadoop-2.7.3/share/hadoop/common/lib/commons-net-3.1.jar
[2022-10-25T00:53:52.230+0000] {processor.py:770} WARNING - No viable dags retrieved from /opt/airflow/dags/hadoop-2.7.3/share/hadoop/common/lib/commons-net-3.1.jar
[2022-10-25T00:53:52.274+0000] {processor.py:178} INFO - Processing /opt/airflow/dags/hadoop-2.7.3/share/hadoop/common/lib/commons-net-3.1.jar took 0.083 seconds
[2022-10-25T00:54:18.215+0000] {processor.py:156} INFO - Started process (PID=4785) to work on /opt/airflow/dags/hadoop-2.7.3/share/hadoop/common/lib/commons-net-3.1.jar
[2022-10-25T00:54:18.217+0000] {processor.py:758} INFO - Processing file /opt/airflow/dags/hadoop-2.7.3/share/hadoop/common/lib/commons-net-3.1.jar for tasks to queue
[2022-10-25T00:54:18.222+0000] {logging_mixin.py:117} INFO - [2022-10-25T00:54:18.222+0000] {dagbag.py:525} INFO - Filling up the DagBag from /opt/airflow/dags/hadoop-2.7.3/share/hadoop/common/lib/commons-net-3.1.jar
[2022-10-25T00:54:18.233+0000] {processor.py:770} WARNING - No viable dags retrieved from /opt/airflow/dags/hadoop-2.7.3/share/hadoop/common/lib/commons-net-3.1.jar
[2022-10-25T00:54:18.273+0000] {processor.py:178} INFO - Processing /opt/airflow/dags/hadoop-2.7.3/share/hadoop/common/lib/commons-net-3.1.jar took 0.068 seconds
[2022-10-25T00:54:39.584+0000] {processor.py:156} INFO - Started process (PID=7301) to work on /opt/airflow/dags/hadoop-2.7.3/share/hadoop/common/lib/commons-net-3.1.jar
[2022-10-25T00:54:39.587+0000] {processor.py:758} INFO - Processing file /opt/airflow/dags/hadoop-2.7.3/share/hadoop/common/lib/commons-net-3.1.jar for tasks to queue
[2022-10-25T00:54:39.591+0000] {logging_mixin.py:117} INFO - [2022-10-25T00:54:39.590+0000] {dagbag.py:525} INFO - Filling up the DagBag from /opt/airflow/dags/hadoop-2.7.3/share/hadoop/common/lib/commons-net-3.1.jar
[2022-10-25T00:54:39.606+0000] {processor.py:770} WARNING - No viable dags retrieved from /opt/airflow/dags/hadoop-2.7.3/share/hadoop/common/lib/commons-net-3.1.jar
[2022-10-25T00:54:39.649+0000] {processor.py:178} INFO - Processing /opt/airflow/dags/hadoop-2.7.3/share/hadoop/common/lib/commons-net-3.1.jar took 0.083 seconds
[2022-10-25T00:55:21.328+0000] {processor.py:156} INFO - Started process (PID=5311) to work on /opt/airflow/dags/hadoop-2.7.3/share/hadoop/common/lib/commons-net-3.1.jar
[2022-10-25T00:55:21.351+0000] {processor.py:758} INFO - Processing file /opt/airflow/dags/hadoop-2.7.3/share/hadoop/common/lib/commons-net-3.1.jar for tasks to queue
[2022-10-25T00:55:21.369+0000] {logging_mixin.py:117} INFO - [2022-10-25T00:55:21.367+0000] {dagbag.py:525} INFO - Filling up the DagBag from /opt/airflow/dags/hadoop-2.7.3/share/hadoop/common/lib/commons-net-3.1.jar
[2022-10-25T00:55:21.532+0000] {processor.py:770} WARNING - No viable dags retrieved from /opt/airflow/dags/hadoop-2.7.3/share/hadoop/common/lib/commons-net-3.1.jar
[2022-10-25T00:55:21.794+0000] {processor.py:178} INFO - Processing /opt/airflow/dags/hadoop-2.7.3/share/hadoop/common/lib/commons-net-3.1.jar took 0.520 seconds
[2022-10-25T00:55:41.934+0000] {processor.py:156} INFO - Started process (PID=7742) to work on /opt/airflow/dags/hadoop-2.7.3/share/hadoop/common/lib/commons-net-3.1.jar
[2022-10-25T00:55:41.942+0000] {processor.py:758} INFO - Processing file /opt/airflow/dags/hadoop-2.7.3/share/hadoop/common/lib/commons-net-3.1.jar for tasks to queue
[2022-10-25T00:55:41.945+0000] {logging_mixin.py:117} INFO - [2022-10-25T00:55:41.945+0000] {dagbag.py:525} INFO - Filling up the DagBag from /opt/airflow/dags/hadoop-2.7.3/share/hadoop/common/lib/commons-net-3.1.jar
[2022-10-25T00:55:41.974+0000] {processor.py:770} WARNING - No viable dags retrieved from /opt/airflow/dags/hadoop-2.7.3/share/hadoop/common/lib/commons-net-3.1.jar
[2022-10-25T00:55:42.085+0000] {processor.py:178} INFO - Processing /opt/airflow/dags/hadoop-2.7.3/share/hadoop/common/lib/commons-net-3.1.jar took 0.164 seconds
[2022-10-25T00:56:13.258+0000] {processor.py:156} INFO - Started process (PID=5618) to work on /opt/airflow/dags/hadoop-2.7.3/share/hadoop/common/lib/commons-net-3.1.jar
[2022-10-25T00:56:13.267+0000] {processor.py:758} INFO - Processing file /opt/airflow/dags/hadoop-2.7.3/share/hadoop/common/lib/commons-net-3.1.jar for tasks to queue
[2022-10-25T00:56:13.278+0000] {logging_mixin.py:117} INFO - [2022-10-25T00:56:13.277+0000] {dagbag.py:525} INFO - Filling up the DagBag from /opt/airflow/dags/hadoop-2.7.3/share/hadoop/common/lib/commons-net-3.1.jar
[2022-10-25T00:56:13.320+0000] {processor.py:770} WARNING - No viable dags retrieved from /opt/airflow/dags/hadoop-2.7.3/share/hadoop/common/lib/commons-net-3.1.jar
[2022-10-25T00:56:13.446+0000] {processor.py:178} INFO - Processing /opt/airflow/dags/hadoop-2.7.3/share/hadoop/common/lib/commons-net-3.1.jar took 0.210 seconds
[2022-10-25T00:56:44.436+0000] {processor.py:156} INFO - Started process (PID=8088) to work on /opt/airflow/dags/hadoop-2.7.3/share/hadoop/common/lib/commons-net-3.1.jar
[2022-10-25T00:56:44.452+0000] {processor.py:758} INFO - Processing file /opt/airflow/dags/hadoop-2.7.3/share/hadoop/common/lib/commons-net-3.1.jar for tasks to queue
[2022-10-25T00:56:44.461+0000] {logging_mixin.py:117} INFO - [2022-10-25T00:56:44.458+0000] {dagbag.py:525} INFO - Filling up the DagBag from /opt/airflow/dags/hadoop-2.7.3/share/hadoop/common/lib/commons-net-3.1.jar
[2022-10-25T00:56:44.517+0000] {processor.py:770} WARNING - No viable dags retrieved from /opt/airflow/dags/hadoop-2.7.3/share/hadoop/common/lib/commons-net-3.1.jar
[2022-10-25T00:56:44.582+0000] {processor.py:178} INFO - Processing /opt/airflow/dags/hadoop-2.7.3/share/hadoop/common/lib/commons-net-3.1.jar took 0.179 seconds
[2022-10-25T00:57:09.319+0000] {processor.py:156} INFO - Started process (PID=5976) to work on /opt/airflow/dags/hadoop-2.7.3/share/hadoop/common/lib/commons-net-3.1.jar
[2022-10-25T00:57:09.323+0000] {processor.py:758} INFO - Processing file /opt/airflow/dags/hadoop-2.7.3/share/hadoop/common/lib/commons-net-3.1.jar for tasks to queue
[2022-10-25T00:57:09.334+0000] {logging_mixin.py:117} INFO - [2022-10-25T00:57:09.333+0000] {dagbag.py:525} INFO - Filling up the DagBag from /opt/airflow/dags/hadoop-2.7.3/share/hadoop/common/lib/commons-net-3.1.jar
[2022-10-25T00:57:09.357+0000] {processor.py:770} WARNING - No viable dags retrieved from /opt/airflow/dags/hadoop-2.7.3/share/hadoop/common/lib/commons-net-3.1.jar
[2022-10-25T00:57:09.428+0000] {processor.py:178} INFO - Processing /opt/airflow/dags/hadoop-2.7.3/share/hadoop/common/lib/commons-net-3.1.jar took 0.136 seconds
[2022-10-25T14:08:25.515+0000] {processor.py:156} INFO - Started process (PID=18595) to work on /opt/airflow/dags/hadoop-2.7.3/share/hadoop/common/lib/commons-net-3.1.jar
[2022-10-25T14:08:25.518+0000] {processor.py:758} INFO - Processing file /opt/airflow/dags/hadoop-2.7.3/share/hadoop/common/lib/commons-net-3.1.jar for tasks to queue
[2022-10-25T14:08:25.522+0000] {logging_mixin.py:117} INFO - [2022-10-25T14:08:25.521+0000] {dagbag.py:525} INFO - Filling up the DagBag from /opt/airflow/dags/hadoop-2.7.3/share/hadoop/common/lib/commons-net-3.1.jar
[2022-10-25T14:08:25.537+0000] {processor.py:770} WARNING - No viable dags retrieved from /opt/airflow/dags/hadoop-2.7.3/share/hadoop/common/lib/commons-net-3.1.jar
[2022-10-25T14:08:25.573+0000] {processor.py:178} INFO - Processing /opt/airflow/dags/hadoop-2.7.3/share/hadoop/common/lib/commons-net-3.1.jar took 0.071 seconds
[2022-10-25T14:08:46.274+0000] {processor.py:156} INFO - Started process (PID=17520) to work on /opt/airflow/dags/hadoop-2.7.3/share/hadoop/common/lib/commons-net-3.1.jar
[2022-10-25T14:08:46.278+0000] {processor.py:758} INFO - Processing file /opt/airflow/dags/hadoop-2.7.3/share/hadoop/common/lib/commons-net-3.1.jar for tasks to queue
[2022-10-25T14:08:46.282+0000] {logging_mixin.py:117} INFO - [2022-10-25T14:08:46.281+0000] {dagbag.py:525} INFO - Filling up the DagBag from /opt/airflow/dags/hadoop-2.7.3/share/hadoop/common/lib/commons-net-3.1.jar
[2022-10-25T14:08:46.296+0000] {processor.py:770} WARNING - No viable dags retrieved from /opt/airflow/dags/hadoop-2.7.3/share/hadoop/common/lib/commons-net-3.1.jar
[2022-10-25T14:08:46.354+0000] {processor.py:178} INFO - Processing /opt/airflow/dags/hadoop-2.7.3/share/hadoop/common/lib/commons-net-3.1.jar took 0.088 seconds
[2022-10-25T14:09:17.638+0000] {processor.py:156} INFO - Started process (PID=19126) to work on /opt/airflow/dags/hadoop-2.7.3/share/hadoop/common/lib/commons-net-3.1.jar
[2022-10-25T14:09:17.643+0000] {processor.py:758} INFO - Processing file /opt/airflow/dags/hadoop-2.7.3/share/hadoop/common/lib/commons-net-3.1.jar for tasks to queue
[2022-10-25T14:09:17.646+0000] {logging_mixin.py:117} INFO - [2022-10-25T14:09:17.646+0000] {dagbag.py:525} INFO - Filling up the DagBag from /opt/airflow/dags/hadoop-2.7.3/share/hadoop/common/lib/commons-net-3.1.jar
[2022-10-25T14:09:17.666+0000] {processor.py:770} WARNING - No viable dags retrieved from /opt/airflow/dags/hadoop-2.7.3/share/hadoop/common/lib/commons-net-3.1.jar
[2022-10-25T14:09:17.711+0000] {processor.py:178} INFO - Processing /opt/airflow/dags/hadoop-2.7.3/share/hadoop/common/lib/commons-net-3.1.jar took 0.082 seconds
[2022-10-25T14:09:32.938+0000] {processor.py:156} INFO - Started process (PID=18036) to work on /opt/airflow/dags/hadoop-2.7.3/share/hadoop/common/lib/commons-net-3.1.jar
[2022-10-25T14:09:32.944+0000] {processor.py:758} INFO - Processing file /opt/airflow/dags/hadoop-2.7.3/share/hadoop/common/lib/commons-net-3.1.jar for tasks to queue
[2022-10-25T14:09:32.947+0000] {logging_mixin.py:117} INFO - [2022-10-25T14:09:32.946+0000] {dagbag.py:525} INFO - Filling up the DagBag from /opt/airflow/dags/hadoop-2.7.3/share/hadoop/common/lib/commons-net-3.1.jar
[2022-10-25T14:09:32.963+0000] {processor.py:770} WARNING - No viable dags retrieved from /opt/airflow/dags/hadoop-2.7.3/share/hadoop/common/lib/commons-net-3.1.jar
[2022-10-25T14:09:33.003+0000] {processor.py:178} INFO - Processing /opt/airflow/dags/hadoop-2.7.3/share/hadoop/common/lib/commons-net-3.1.jar took 0.088 seconds
[2022-10-25T14:09:58.952+0000] {processor.py:156} INFO - Started process (PID=19642) to work on /opt/airflow/dags/hadoop-2.7.3/share/hadoop/common/lib/commons-net-3.1.jar
[2022-10-25T14:09:58.955+0000] {processor.py:758} INFO - Processing file /opt/airflow/dags/hadoop-2.7.3/share/hadoop/common/lib/commons-net-3.1.jar for tasks to queue
[2022-10-25T14:09:58.960+0000] {logging_mixin.py:117} INFO - [2022-10-25T14:09:58.960+0000] {dagbag.py:525} INFO - Filling up the DagBag from /opt/airflow/dags/hadoop-2.7.3/share/hadoop/common/lib/commons-net-3.1.jar
[2022-10-25T14:09:58.973+0000] {processor.py:770} WARNING - No viable dags retrieved from /opt/airflow/dags/hadoop-2.7.3/share/hadoop/common/lib/commons-net-3.1.jar
[2022-10-25T14:09:59.013+0000] {processor.py:178} INFO - Processing /opt/airflow/dags/hadoop-2.7.3/share/hadoop/common/lib/commons-net-3.1.jar took 0.071 seconds
[2022-10-25T14:10:11.985+0000] {processor.py:156} INFO - Started process (PID=18521) to work on /opt/airflow/dags/hadoop-2.7.3/share/hadoop/common/lib/commons-net-3.1.jar
[2022-10-25T14:10:11.987+0000] {processor.py:758} INFO - Processing file /opt/airflow/dags/hadoop-2.7.3/share/hadoop/common/lib/commons-net-3.1.jar for tasks to queue
[2022-10-25T14:10:11.991+0000] {logging_mixin.py:117} INFO - [2022-10-25T14:10:11.990+0000] {dagbag.py:525} INFO - Filling up the DagBag from /opt/airflow/dags/hadoop-2.7.3/share/hadoop/common/lib/commons-net-3.1.jar
[2022-10-25T14:10:12.004+0000] {processor.py:770} WARNING - No viable dags retrieved from /opt/airflow/dags/hadoop-2.7.3/share/hadoop/common/lib/commons-net-3.1.jar
[2022-10-25T14:10:12.048+0000] {processor.py:178} INFO - Processing /opt/airflow/dags/hadoop-2.7.3/share/hadoop/common/lib/commons-net-3.1.jar took 0.072 seconds
[2022-10-25T14:10:32.357+0000] {processor.py:156} INFO - Started process (PID=20028) to work on /opt/airflow/dags/hadoop-2.7.3/share/hadoop/common/lib/commons-net-3.1.jar
[2022-10-25T14:10:32.365+0000] {processor.py:758} INFO - Processing file /opt/airflow/dags/hadoop-2.7.3/share/hadoop/common/lib/commons-net-3.1.jar for tasks to queue
[2022-10-25T14:10:32.371+0000] {logging_mixin.py:117} INFO - [2022-10-25T14:10:32.371+0000] {dagbag.py:525} INFO - Filling up the DagBag from /opt/airflow/dags/hadoop-2.7.3/share/hadoop/common/lib/commons-net-3.1.jar
[2022-10-25T14:10:32.390+0000] {processor.py:770} WARNING - No viable dags retrieved from /opt/airflow/dags/hadoop-2.7.3/share/hadoop/common/lib/commons-net-3.1.jar
[2022-10-25T14:10:32.432+0000] {processor.py:178} INFO - Processing /opt/airflow/dags/hadoop-2.7.3/share/hadoop/common/lib/commons-net-3.1.jar took 0.093 seconds
[2022-10-25T14:10:51.692+0000] {processor.py:156} INFO - Started process (PID=18981) to work on /opt/airflow/dags/hadoop-2.7.3/share/hadoop/common/lib/commons-net-3.1.jar
[2022-10-25T14:10:51.696+0000] {processor.py:758} INFO - Processing file /opt/airflow/dags/hadoop-2.7.3/share/hadoop/common/lib/commons-net-3.1.jar for tasks to queue
[2022-10-25T14:10:51.698+0000] {logging_mixin.py:117} INFO - [2022-10-25T14:10:51.698+0000] {dagbag.py:525} INFO - Filling up the DagBag from /opt/airflow/dags/hadoop-2.7.3/share/hadoop/common/lib/commons-net-3.1.jar
[2022-10-25T14:10:51.708+0000] {processor.py:770} WARNING - No viable dags retrieved from /opt/airflow/dags/hadoop-2.7.3/share/hadoop/common/lib/commons-net-3.1.jar
[2022-10-25T14:10:51.750+0000] {processor.py:178} INFO - Processing /opt/airflow/dags/hadoop-2.7.3/share/hadoop/common/lib/commons-net-3.1.jar took 0.065 seconds
[2022-10-25T14:11:10.968+0000] {processor.py:156} INFO - Started process (PID=20514) to work on /opt/airflow/dags/hadoop-2.7.3/share/hadoop/common/lib/commons-net-3.1.jar
[2022-10-25T14:11:10.971+0000] {processor.py:758} INFO - Processing file /opt/airflow/dags/hadoop-2.7.3/share/hadoop/common/lib/commons-net-3.1.jar for tasks to queue
[2022-10-25T14:11:10.973+0000] {logging_mixin.py:117} INFO - [2022-10-25T14:11:10.973+0000] {dagbag.py:525} INFO - Filling up the DagBag from /opt/airflow/dags/hadoop-2.7.3/share/hadoop/common/lib/commons-net-3.1.jar
[2022-10-25T14:11:10.985+0000] {processor.py:770} WARNING - No viable dags retrieved from /opt/airflow/dags/hadoop-2.7.3/share/hadoop/common/lib/commons-net-3.1.jar
[2022-10-25T14:11:11.023+0000] {processor.py:178} INFO - Processing /opt/airflow/dags/hadoop-2.7.3/share/hadoop/common/lib/commons-net-3.1.jar took 0.063 seconds
[2022-10-25T14:11:29.580+0000] {processor.py:156} INFO - Started process (PID=19438) to work on /opt/airflow/dags/hadoop-2.7.3/share/hadoop/common/lib/commons-net-3.1.jar
[2022-10-25T14:11:29.584+0000] {processor.py:758} INFO - Processing file /opt/airflow/dags/hadoop-2.7.3/share/hadoop/common/lib/commons-net-3.1.jar for tasks to queue
[2022-10-25T14:11:29.586+0000] {logging_mixin.py:117} INFO - [2022-10-25T14:11:29.586+0000] {dagbag.py:525} INFO - Filling up the DagBag from /opt/airflow/dags/hadoop-2.7.3/share/hadoop/common/lib/commons-net-3.1.jar
[2022-10-25T14:11:29.603+0000] {processor.py:770} WARNING - No viable dags retrieved from /opt/airflow/dags/hadoop-2.7.3/share/hadoop/common/lib/commons-net-3.1.jar
[2022-10-25T14:11:29.653+0000] {processor.py:178} INFO - Processing /opt/airflow/dags/hadoop-2.7.3/share/hadoop/common/lib/commons-net-3.1.jar took 0.093 seconds
[2022-10-25T14:11:45.641+0000] {processor.py:156} INFO - Started process (PID=20932) to work on /opt/airflow/dags/hadoop-2.7.3/share/hadoop/common/lib/commons-net-3.1.jar
[2022-10-25T14:11:45.647+0000] {processor.py:758} INFO - Processing file /opt/airflow/dags/hadoop-2.7.3/share/hadoop/common/lib/commons-net-3.1.jar for tasks to queue
[2022-10-25T14:11:45.653+0000] {logging_mixin.py:117} INFO - [2022-10-25T14:11:45.653+0000] {dagbag.py:525} INFO - Filling up the DagBag from /opt/airflow/dags/hadoop-2.7.3/share/hadoop/common/lib/commons-net-3.1.jar
[2022-10-25T14:11:45.670+0000] {processor.py:770} WARNING - No viable dags retrieved from /opt/airflow/dags/hadoop-2.7.3/share/hadoop/common/lib/commons-net-3.1.jar
[2022-10-25T14:11:45.712+0000] {processor.py:178} INFO - Processing /opt/airflow/dags/hadoop-2.7.3/share/hadoop/common/lib/commons-net-3.1.jar took 0.089 seconds
[2022-10-25T14:12:07.651+0000] {processor.py:156} INFO - Started process (PID=19876) to work on /opt/airflow/dags/hadoop-2.7.3/share/hadoop/common/lib/commons-net-3.1.jar
[2022-10-25T14:12:07.662+0000] {processor.py:758} INFO - Processing file /opt/airflow/dags/hadoop-2.7.3/share/hadoop/common/lib/commons-net-3.1.jar for tasks to queue
[2022-10-25T14:12:07.667+0000] {logging_mixin.py:117} INFO - [2022-10-25T14:12:07.667+0000] {dagbag.py:525} INFO - Filling up the DagBag from /opt/airflow/dags/hadoop-2.7.3/share/hadoop/common/lib/commons-net-3.1.jar
[2022-10-25T14:12:07.684+0000] {processor.py:770} WARNING - No viable dags retrieved from /opt/airflow/dags/hadoop-2.7.3/share/hadoop/common/lib/commons-net-3.1.jar
[2022-10-25T14:12:07.766+0000] {processor.py:178} INFO - Processing /opt/airflow/dags/hadoop-2.7.3/share/hadoop/common/lib/commons-net-3.1.jar took 0.131 seconds
[2022-10-25T14:12:50.872+0000] {processor.py:156} INFO - Started process (PID=20386) to work on /opt/airflow/dags/hadoop-2.7.3/share/hadoop/common/lib/commons-net-3.1.jar
[2022-10-25T14:12:50.876+0000] {processor.py:758} INFO - Processing file /opt/airflow/dags/hadoop-2.7.3/share/hadoop/common/lib/commons-net-3.1.jar for tasks to queue
[2022-10-25T14:12:50.879+0000] {logging_mixin.py:117} INFO - [2022-10-25T14:12:50.879+0000] {dagbag.py:525} INFO - Filling up the DagBag from /opt/airflow/dags/hadoop-2.7.3/share/hadoop/common/lib/commons-net-3.1.jar
[2022-10-25T14:12:50.910+0000] {processor.py:770} WARNING - No viable dags retrieved from /opt/airflow/dags/hadoop-2.7.3/share/hadoop/common/lib/commons-net-3.1.jar
[2022-10-25T14:12:50.956+0000] {processor.py:178} INFO - Processing /opt/airflow/dags/hadoop-2.7.3/share/hadoop/common/lib/commons-net-3.1.jar took 0.101 seconds
[2022-10-25T14:13:11.445+0000] {processor.py:156} INFO - Started process (PID=21453) to work on /opt/airflow/dags/hadoop-2.7.3/share/hadoop/common/lib/commons-net-3.1.jar
[2022-10-25T14:13:11.451+0000] {processor.py:758} INFO - Processing file /opt/airflow/dags/hadoop-2.7.3/share/hadoop/common/lib/commons-net-3.1.jar for tasks to queue
[2022-10-25T14:13:11.454+0000] {logging_mixin.py:117} INFO - [2022-10-25T14:13:11.454+0000] {dagbag.py:525} INFO - Filling up the DagBag from /opt/airflow/dags/hadoop-2.7.3/share/hadoop/common/lib/commons-net-3.1.jar
[2022-10-25T14:13:11.466+0000] {processor.py:770} WARNING - No viable dags retrieved from /opt/airflow/dags/hadoop-2.7.3/share/hadoop/common/lib/commons-net-3.1.jar
[2022-10-25T14:13:11.500+0000] {processor.py:178} INFO - Processing /opt/airflow/dags/hadoop-2.7.3/share/hadoop/common/lib/commons-net-3.1.jar took 0.063 seconds
[2022-10-25T14:13:44.514+0000] {processor.py:156} INFO - Started process (PID=20572) to work on /opt/airflow/dags/hadoop-2.7.3/share/hadoop/common/lib/commons-net-3.1.jar
[2022-10-25T14:13:44.518+0000] {processor.py:758} INFO - Processing file /opt/airflow/dags/hadoop-2.7.3/share/hadoop/common/lib/commons-net-3.1.jar for tasks to queue
[2022-10-25T14:13:44.521+0000] {logging_mixin.py:117} INFO - [2022-10-25T14:13:44.521+0000] {dagbag.py:525} INFO - Filling up the DagBag from /opt/airflow/dags/hadoop-2.7.3/share/hadoop/common/lib/commons-net-3.1.jar
[2022-10-25T14:13:44.539+0000] {processor.py:770} WARNING - No viable dags retrieved from /opt/airflow/dags/hadoop-2.7.3/share/hadoop/common/lib/commons-net-3.1.jar
[2022-10-25T14:13:44.582+0000] {processor.py:178} INFO - Processing /opt/airflow/dags/hadoop-2.7.3/share/hadoop/common/lib/commons-net-3.1.jar took 0.079 seconds
[2022-10-25T14:13:49.974+0000] {processor.py:156} INFO - Started process (PID=21961) to work on /opt/airflow/dags/hadoop-2.7.3/share/hadoop/common/lib/commons-net-3.1.jar
[2022-10-25T14:13:49.977+0000] {processor.py:758} INFO - Processing file /opt/airflow/dags/hadoop-2.7.3/share/hadoop/common/lib/commons-net-3.1.jar for tasks to queue
[2022-10-25T14:13:49.980+0000] {logging_mixin.py:117} INFO - [2022-10-25T14:13:49.980+0000] {dagbag.py:525} INFO - Filling up the DagBag from /opt/airflow/dags/hadoop-2.7.3/share/hadoop/common/lib/commons-net-3.1.jar
[2022-10-25T14:13:50.005+0000] {processor.py:770} WARNING - No viable dags retrieved from /opt/airflow/dags/hadoop-2.7.3/share/hadoop/common/lib/commons-net-3.1.jar
[2022-10-25T14:13:50.037+0000] {processor.py:178} INFO - Processing /opt/airflow/dags/hadoop-2.7.3/share/hadoop/common/lib/commons-net-3.1.jar took 0.072 seconds
[2022-10-25T14:14:25.692+0000] {processor.py:156} INFO - Started process (PID=22353) to work on /opt/airflow/dags/hadoop-2.7.3/share/hadoop/common/lib/commons-net-3.1.jar
[2022-10-25T14:14:25.695+0000] {processor.py:758} INFO - Processing file /opt/airflow/dags/hadoop-2.7.3/share/hadoop/common/lib/commons-net-3.1.jar for tasks to queue
[2022-10-25T14:14:25.699+0000] {logging_mixin.py:117} INFO - [2022-10-25T14:14:25.698+0000] {dagbag.py:525} INFO - Filling up the DagBag from /opt/airflow/dags/hadoop-2.7.3/share/hadoop/common/lib/commons-net-3.1.jar
[2022-10-25T14:14:25.720+0000] {processor.py:770} WARNING - No viable dags retrieved from /opt/airflow/dags/hadoop-2.7.3/share/hadoop/common/lib/commons-net-3.1.jar
[2022-10-25T14:14:25.764+0000] {processor.py:178} INFO - Processing /opt/airflow/dags/hadoop-2.7.3/share/hadoop/common/lib/commons-net-3.1.jar took 0.080 seconds
[2022-10-25T14:14:26.019+0000] {processor.py:156} INFO - Started process (PID=21030) to work on /opt/airflow/dags/hadoop-2.7.3/share/hadoop/common/lib/commons-net-3.1.jar
[2022-10-25T14:14:26.024+0000] {processor.py:758} INFO - Processing file /opt/airflow/dags/hadoop-2.7.3/share/hadoop/common/lib/commons-net-3.1.jar for tasks to queue
[2022-10-25T14:14:26.029+0000] {logging_mixin.py:117} INFO - [2022-10-25T14:14:26.029+0000] {dagbag.py:525} INFO - Filling up the DagBag from /opt/airflow/dags/hadoop-2.7.3/share/hadoop/common/lib/commons-net-3.1.jar
[2022-10-25T14:14:26.042+0000] {processor.py:770} WARNING - No viable dags retrieved from /opt/airflow/dags/hadoop-2.7.3/share/hadoop/common/lib/commons-net-3.1.jar
[2022-10-25T14:14:26.080+0000] {processor.py:178} INFO - Processing /opt/airflow/dags/hadoop-2.7.3/share/hadoop/common/lib/commons-net-3.1.jar took 0.071 seconds
[2022-10-25T14:15:01.387+0000] {processor.py:156} INFO - Started process (PID=22727) to work on /opt/airflow/dags/hadoop-2.7.3/share/hadoop/common/lib/commons-net-3.1.jar
[2022-10-25T14:15:01.391+0000] {processor.py:758} INFO - Processing file /opt/airflow/dags/hadoop-2.7.3/share/hadoop/common/lib/commons-net-3.1.jar for tasks to queue
[2022-10-25T14:15:01.395+0000] {logging_mixin.py:117} INFO - [2022-10-25T14:15:01.394+0000] {dagbag.py:525} INFO - Filling up the DagBag from /opt/airflow/dags/hadoop-2.7.3/share/hadoop/common/lib/commons-net-3.1.jar
[2022-10-25T14:15:01.409+0000] {processor.py:770} WARNING - No viable dags retrieved from /opt/airflow/dags/hadoop-2.7.3/share/hadoop/common/lib/commons-net-3.1.jar
[2022-10-25T14:15:01.470+0000] {processor.py:178} INFO - Processing /opt/airflow/dags/hadoop-2.7.3/share/hadoop/common/lib/commons-net-3.1.jar took 0.094 seconds
[2022-10-25T14:15:14.323+0000] {processor.py:156} INFO - Started process (PID=21553) to work on /opt/airflow/dags/hadoop-2.7.3/share/hadoop/common/lib/commons-net-3.1.jar
[2022-10-25T14:15:14.330+0000] {processor.py:758} INFO - Processing file /opt/airflow/dags/hadoop-2.7.3/share/hadoop/common/lib/commons-net-3.1.jar for tasks to queue
[2022-10-25T14:15:14.336+0000] {logging_mixin.py:117} INFO - [2022-10-25T14:15:14.336+0000] {dagbag.py:525} INFO - Filling up the DagBag from /opt/airflow/dags/hadoop-2.7.3/share/hadoop/common/lib/commons-net-3.1.jar
[2022-10-25T14:15:14.365+0000] {processor.py:770} WARNING - No viable dags retrieved from /opt/airflow/dags/hadoop-2.7.3/share/hadoop/common/lib/commons-net-3.1.jar
[2022-10-25T14:15:14.432+0000] {processor.py:178} INFO - Processing /opt/airflow/dags/hadoop-2.7.3/share/hadoop/common/lib/commons-net-3.1.jar took 0.143 seconds
[2022-10-25T14:15:53.875+0000] {processor.py:156} INFO - Started process (PID=23168) to work on /opt/airflow/dags/hadoop-2.7.3/share/hadoop/common/lib/commons-net-3.1.jar
[2022-10-25T14:15:53.879+0000] {processor.py:758} INFO - Processing file /opt/airflow/dags/hadoop-2.7.3/share/hadoop/common/lib/commons-net-3.1.jar for tasks to queue
[2022-10-25T14:15:53.882+0000] {logging_mixin.py:117} INFO - [2022-10-25T14:15:53.881+0000] {dagbag.py:525} INFO - Filling up the DagBag from /opt/airflow/dags/hadoop-2.7.3/share/hadoop/common/lib/commons-net-3.1.jar
[2022-10-25T14:15:53.900+0000] {processor.py:770} WARNING - No viable dags retrieved from /opt/airflow/dags/hadoop-2.7.3/share/hadoop/common/lib/commons-net-3.1.jar
[2022-10-25T14:15:53.938+0000] {processor.py:178} INFO - Processing /opt/airflow/dags/hadoop-2.7.3/share/hadoop/common/lib/commons-net-3.1.jar took 0.074 seconds
[2022-10-25T14:16:10.553+0000] {processor.py:156} INFO - Started process (PID=22059) to work on /opt/airflow/dags/hadoop-2.7.3/share/hadoop/common/lib/commons-net-3.1.jar
[2022-10-25T14:16:10.556+0000] {processor.py:758} INFO - Processing file /opt/airflow/dags/hadoop-2.7.3/share/hadoop/common/lib/commons-net-3.1.jar for tasks to queue
[2022-10-25T14:16:10.559+0000] {logging_mixin.py:117} INFO - [2022-10-25T14:16:10.558+0000] {dagbag.py:525} INFO - Filling up the DagBag from /opt/airflow/dags/hadoop-2.7.3/share/hadoop/common/lib/commons-net-3.1.jar
[2022-10-25T14:16:10.573+0000] {processor.py:770} WARNING - No viable dags retrieved from /opt/airflow/dags/hadoop-2.7.3/share/hadoop/common/lib/commons-net-3.1.jar
[2022-10-25T14:16:10.618+0000] {processor.py:178} INFO - Processing /opt/airflow/dags/hadoop-2.7.3/share/hadoop/common/lib/commons-net-3.1.jar took 0.075 seconds
[2022-10-25T14:16:37.897+0000] {processor.py:156} INFO - Started process (PID=23650) to work on /opt/airflow/dags/hadoop-2.7.3/share/hadoop/common/lib/commons-net-3.1.jar
[2022-10-25T14:16:37.905+0000] {processor.py:758} INFO - Processing file /opt/airflow/dags/hadoop-2.7.3/share/hadoop/common/lib/commons-net-3.1.jar for tasks to queue
[2022-10-25T14:16:37.909+0000] {logging_mixin.py:117} INFO - [2022-10-25T14:16:37.908+0000] {dagbag.py:525} INFO - Filling up the DagBag from /opt/airflow/dags/hadoop-2.7.3/share/hadoop/common/lib/commons-net-3.1.jar
[2022-10-25T14:16:37.929+0000] {processor.py:770} WARNING - No viable dags retrieved from /opt/airflow/dags/hadoop-2.7.3/share/hadoop/common/lib/commons-net-3.1.jar
[2022-10-25T14:16:37.972+0000] {processor.py:178} INFO - Processing /opt/airflow/dags/hadoop-2.7.3/share/hadoop/common/lib/commons-net-3.1.jar took 0.084 seconds
[2022-10-25T14:16:51.838+0000] {processor.py:156} INFO - Started process (PID=22445) to work on /opt/airflow/dags/hadoop-2.7.3/share/hadoop/common/lib/commons-net-3.1.jar
[2022-10-25T14:16:51.844+0000] {processor.py:758} INFO - Processing file /opt/airflow/dags/hadoop-2.7.3/share/hadoop/common/lib/commons-net-3.1.jar for tasks to queue
[2022-10-25T14:16:51.851+0000] {logging_mixin.py:117} INFO - [2022-10-25T14:16:51.848+0000] {dagbag.py:525} INFO - Filling up the DagBag from /opt/airflow/dags/hadoop-2.7.3/share/hadoop/common/lib/commons-net-3.1.jar
[2022-10-25T14:16:51.879+0000] {processor.py:770} WARNING - No viable dags retrieved from /opt/airflow/dags/hadoop-2.7.3/share/hadoop/common/lib/commons-net-3.1.jar
[2022-10-25T14:16:51.936+0000] {processor.py:178} INFO - Processing /opt/airflow/dags/hadoop-2.7.3/share/hadoop/common/lib/commons-net-3.1.jar took 0.116 seconds
[2022-10-25T14:17:45.465+0000] {processor.py:156} INFO - Started process (PID=22944) to work on /opt/airflow/dags/hadoop-2.7.3/share/hadoop/common/lib/commons-net-3.1.jar
[2022-10-25T14:17:45.472+0000] {processor.py:758} INFO - Processing file /opt/airflow/dags/hadoop-2.7.3/share/hadoop/common/lib/commons-net-3.1.jar for tasks to queue
[2022-10-25T14:17:45.477+0000] {logging_mixin.py:117} INFO - [2022-10-25T14:17:45.477+0000] {dagbag.py:525} INFO - Filling up the DagBag from /opt/airflow/dags/hadoop-2.7.3/share/hadoop/common/lib/commons-net-3.1.jar
[2022-10-25T14:17:45.504+0000] {processor.py:770} WARNING - No viable dags retrieved from /opt/airflow/dags/hadoop-2.7.3/share/hadoop/common/lib/commons-net-3.1.jar
[2022-10-25T14:17:45.570+0000] {processor.py:178} INFO - Processing /opt/airflow/dags/hadoop-2.7.3/share/hadoop/common/lib/commons-net-3.1.jar took 0.117 seconds
[2022-10-25T14:24:53.171+0000] {processor.py:156} INFO - Started process (PID=23367) to work on /opt/airflow/dags/hadoop-2.7.3/share/hadoop/common/lib/commons-net-3.1.jar
[2022-10-25T14:24:53.174+0000] {processor.py:758} INFO - Processing file /opt/airflow/dags/hadoop-2.7.3/share/hadoop/common/lib/commons-net-3.1.jar for tasks to queue
[2022-10-25T14:24:53.177+0000] {logging_mixin.py:117} INFO - [2022-10-25T14:24:53.177+0000] {dagbag.py:525} INFO - Filling up the DagBag from /opt/airflow/dags/hadoop-2.7.3/share/hadoop/common/lib/commons-net-3.1.jar
[2022-10-25T14:24:53.196+0000] {processor.py:770} WARNING - No viable dags retrieved from /opt/airflow/dags/hadoop-2.7.3/share/hadoop/common/lib/commons-net-3.1.jar
[2022-10-25T14:24:53.252+0000] {processor.py:178} INFO - Processing /opt/airflow/dags/hadoop-2.7.3/share/hadoop/common/lib/commons-net-3.1.jar took 0.089 seconds
[2022-10-25T14:25:11.663+0000] {processor.py:156} INFO - Started process (PID=24444) to work on /opt/airflow/dags/hadoop-2.7.3/share/hadoop/common/lib/commons-net-3.1.jar
[2022-10-25T14:25:11.669+0000] {processor.py:758} INFO - Processing file /opt/airflow/dags/hadoop-2.7.3/share/hadoop/common/lib/commons-net-3.1.jar for tasks to queue
[2022-10-25T14:25:11.676+0000] {logging_mixin.py:117} INFO - [2022-10-25T14:25:11.672+0000] {dagbag.py:525} INFO - Filling up the DagBag from /opt/airflow/dags/hadoop-2.7.3/share/hadoop/common/lib/commons-net-3.1.jar
[2022-10-25T14:25:11.695+0000] {processor.py:770} WARNING - No viable dags retrieved from /opt/airflow/dags/hadoop-2.7.3/share/hadoop/common/lib/commons-net-3.1.jar
[2022-10-25T14:25:11.739+0000] {processor.py:178} INFO - Processing /opt/airflow/dags/hadoop-2.7.3/share/hadoop/common/lib/commons-net-3.1.jar took 0.088 seconds
[2022-10-25T14:25:43.375+0000] {processor.py:156} INFO - Started process (PID=23882) to work on /opt/airflow/dags/hadoop-2.7.3/share/hadoop/common/lib/commons-net-3.1.jar
[2022-10-25T14:25:43.378+0000] {processor.py:758} INFO - Processing file /opt/airflow/dags/hadoop-2.7.3/share/hadoop/common/lib/commons-net-3.1.jar for tasks to queue
[2022-10-25T14:25:43.381+0000] {logging_mixin.py:117} INFO - [2022-10-25T14:25:43.381+0000] {dagbag.py:525} INFO - Filling up the DagBag from /opt/airflow/dags/hadoop-2.7.3/share/hadoop/common/lib/commons-net-3.1.jar
[2022-10-25T14:25:43.405+0000] {processor.py:770} WARNING - No viable dags retrieved from /opt/airflow/dags/hadoop-2.7.3/share/hadoop/common/lib/commons-net-3.1.jar
[2022-10-25T14:25:43.460+0000] {processor.py:178} INFO - Processing /opt/airflow/dags/hadoop-2.7.3/share/hadoop/common/lib/commons-net-3.1.jar took 0.096 seconds
[2022-10-25T14:25:59.668+0000] {processor.py:156} INFO - Started process (PID=24960) to work on /opt/airflow/dags/hadoop-2.7.3/share/hadoop/common/lib/commons-net-3.1.jar
[2022-10-25T14:25:59.672+0000] {processor.py:758} INFO - Processing file /opt/airflow/dags/hadoop-2.7.3/share/hadoop/common/lib/commons-net-3.1.jar for tasks to queue
[2022-10-25T14:25:59.675+0000] {logging_mixin.py:117} INFO - [2022-10-25T14:25:59.674+0000] {dagbag.py:525} INFO - Filling up the DagBag from /opt/airflow/dags/hadoop-2.7.3/share/hadoop/common/lib/commons-net-3.1.jar
[2022-10-25T14:25:59.690+0000] {processor.py:770} WARNING - No viable dags retrieved from /opt/airflow/dags/hadoop-2.7.3/share/hadoop/common/lib/commons-net-3.1.jar
[2022-10-25T14:25:59.744+0000] {processor.py:178} INFO - Processing /opt/airflow/dags/hadoop-2.7.3/share/hadoop/common/lib/commons-net-3.1.jar took 0.092 seconds
[2022-10-25T14:26:27.585+0000] {processor.py:156} INFO - Started process (PID=24295) to work on /opt/airflow/dags/hadoop-2.7.3/share/hadoop/common/lib/commons-net-3.1.jar
[2022-10-25T14:26:27.588+0000] {processor.py:758} INFO - Processing file /opt/airflow/dags/hadoop-2.7.3/share/hadoop/common/lib/commons-net-3.1.jar for tasks to queue
[2022-10-25T14:26:27.591+0000] {logging_mixin.py:117} INFO - [2022-10-25T14:26:27.591+0000] {dagbag.py:525} INFO - Filling up the DagBag from /opt/airflow/dags/hadoop-2.7.3/share/hadoop/common/lib/commons-net-3.1.jar
[2022-10-25T14:26:27.609+0000] {processor.py:770} WARNING - No viable dags retrieved from /opt/airflow/dags/hadoop-2.7.3/share/hadoop/common/lib/commons-net-3.1.jar
[2022-10-25T14:26:27.682+0000] {processor.py:178} INFO - Processing /opt/airflow/dags/hadoop-2.7.3/share/hadoop/common/lib/commons-net-3.1.jar took 0.112 seconds
[2022-10-25T14:26:43.976+0000] {processor.py:156} INFO - Started process (PID=25378) to work on /opt/airflow/dags/hadoop-2.7.3/share/hadoop/common/lib/commons-net-3.1.jar
[2022-10-25T14:26:43.979+0000] {processor.py:758} INFO - Processing file /opt/airflow/dags/hadoop-2.7.3/share/hadoop/common/lib/commons-net-3.1.jar for tasks to queue
[2022-10-25T14:26:43.983+0000] {logging_mixin.py:117} INFO - [2022-10-25T14:26:43.982+0000] {dagbag.py:525} INFO - Filling up the DagBag from /opt/airflow/dags/hadoop-2.7.3/share/hadoop/common/lib/commons-net-3.1.jar
[2022-10-25T14:26:44.000+0000] {processor.py:770} WARNING - No viable dags retrieved from /opt/airflow/dags/hadoop-2.7.3/share/hadoop/common/lib/commons-net-3.1.jar
[2022-10-25T14:26:44.060+0000] {processor.py:178} INFO - Processing /opt/airflow/dags/hadoop-2.7.3/share/hadoop/common/lib/commons-net-3.1.jar took 0.098 seconds
[2022-10-25T14:27:15.391+0000] {processor.py:156} INFO - Started process (PID=24775) to work on /opt/airflow/dags/hadoop-2.7.3/share/hadoop/common/lib/commons-net-3.1.jar
[2022-10-25T14:27:15.396+0000] {processor.py:758} INFO - Processing file /opt/airflow/dags/hadoop-2.7.3/share/hadoop/common/lib/commons-net-3.1.jar for tasks to queue
[2022-10-25T14:27:15.398+0000] {logging_mixin.py:117} INFO - [2022-10-25T14:27:15.398+0000] {dagbag.py:525} INFO - Filling up the DagBag from /opt/airflow/dags/hadoop-2.7.3/share/hadoop/common/lib/commons-net-3.1.jar
[2022-10-25T14:27:15.416+0000] {processor.py:770} WARNING - No viable dags retrieved from /opt/airflow/dags/hadoop-2.7.3/share/hadoop/common/lib/commons-net-3.1.jar
[2022-10-25T14:27:15.484+0000] {processor.py:178} INFO - Processing /opt/airflow/dags/hadoop-2.7.3/share/hadoop/common/lib/commons-net-3.1.jar took 0.105 seconds
[2022-10-25T14:27:27.315+0000] {processor.py:156} INFO - Started process (PID=25832) to work on /opt/airflow/dags/hadoop-2.7.3/share/hadoop/common/lib/commons-net-3.1.jar
[2022-10-25T14:27:27.319+0000] {processor.py:758} INFO - Processing file /opt/airflow/dags/hadoop-2.7.3/share/hadoop/common/lib/commons-net-3.1.jar for tasks to queue
[2022-10-25T14:27:27.326+0000] {logging_mixin.py:117} INFO - [2022-10-25T14:27:27.325+0000] {dagbag.py:525} INFO - Filling up the DagBag from /opt/airflow/dags/hadoop-2.7.3/share/hadoop/common/lib/commons-net-3.1.jar
[2022-10-25T14:27:27.340+0000] {processor.py:770} WARNING - No viable dags retrieved from /opt/airflow/dags/hadoop-2.7.3/share/hadoop/common/lib/commons-net-3.1.jar
[2022-10-25T14:27:27.380+0000] {processor.py:178} INFO - Processing /opt/airflow/dags/hadoop-2.7.3/share/hadoop/common/lib/commons-net-3.1.jar took 0.075 seconds
[2022-10-25T14:27:53.653+0000] {processor.py:156} INFO - Started process (PID=25186) to work on /opt/airflow/dags/hadoop-2.7.3/share/hadoop/common/lib/commons-net-3.1.jar
[2022-10-25T14:27:53.658+0000] {processor.py:758} INFO - Processing file /opt/airflow/dags/hadoop-2.7.3/share/hadoop/common/lib/commons-net-3.1.jar for tasks to queue
[2022-10-25T14:27:53.661+0000] {logging_mixin.py:117} INFO - [2022-10-25T14:27:53.661+0000] {dagbag.py:525} INFO - Filling up the DagBag from /opt/airflow/dags/hadoop-2.7.3/share/hadoop/common/lib/commons-net-3.1.jar
[2022-10-25T14:27:53.674+0000] {processor.py:770} WARNING - No viable dags retrieved from /opt/airflow/dags/hadoop-2.7.3/share/hadoop/common/lib/commons-net-3.1.jar
[2022-10-25T14:27:53.716+0000] {processor.py:178} INFO - Processing /opt/airflow/dags/hadoop-2.7.3/share/hadoop/common/lib/commons-net-3.1.jar took 0.075 seconds
[2022-10-25T14:28:12.629+0000] {processor.py:156} INFO - Started process (PID=26348) to work on /opt/airflow/dags/hadoop-2.7.3/share/hadoop/common/lib/commons-net-3.1.jar
[2022-10-25T14:28:12.632+0000] {processor.py:758} INFO - Processing file /opt/airflow/dags/hadoop-2.7.3/share/hadoop/common/lib/commons-net-3.1.jar for tasks to queue
[2022-10-25T14:28:12.636+0000] {logging_mixin.py:117} INFO - [2022-10-25T14:28:12.636+0000] {dagbag.py:525} INFO - Filling up the DagBag from /opt/airflow/dags/hadoop-2.7.3/share/hadoop/common/lib/commons-net-3.1.jar
[2022-10-25T14:28:12.649+0000] {processor.py:770} WARNING - No viable dags retrieved from /opt/airflow/dags/hadoop-2.7.3/share/hadoop/common/lib/commons-net-3.1.jar
[2022-10-25T14:28:12.687+0000] {processor.py:178} INFO - Processing /opt/airflow/dags/hadoop-2.7.3/share/hadoop/common/lib/commons-net-3.1.jar took 0.067 seconds
[2022-10-25T14:28:43.494+0000] {processor.py:156} INFO - Started process (PID=25709) to work on /opt/airflow/dags/hadoop-2.7.3/share/hadoop/common/lib/commons-net-3.1.jar
[2022-10-25T14:28:43.499+0000] {processor.py:758} INFO - Processing file /opt/airflow/dags/hadoop-2.7.3/share/hadoop/common/lib/commons-net-3.1.jar for tasks to queue
[2022-10-25T14:28:43.504+0000] {logging_mixin.py:117} INFO - [2022-10-25T14:28:43.504+0000] {dagbag.py:525} INFO - Filling up the DagBag from /opt/airflow/dags/hadoop-2.7.3/share/hadoop/common/lib/commons-net-3.1.jar
[2022-10-25T14:28:43.522+0000] {processor.py:770} WARNING - No viable dags retrieved from /opt/airflow/dags/hadoop-2.7.3/share/hadoop/common/lib/commons-net-3.1.jar
[2022-10-25T14:28:43.599+0000] {processor.py:178} INFO - Processing /opt/airflow/dags/hadoop-2.7.3/share/hadoop/common/lib/commons-net-3.1.jar took 0.128 seconds
[2022-10-25T14:28:50.347+0000] {processor.py:156} INFO - Started process (PID=26736) to work on /opt/airflow/dags/hadoop-2.7.3/share/hadoop/common/lib/commons-net-3.1.jar
[2022-10-25T14:28:50.360+0000] {processor.py:758} INFO - Processing file /opt/airflow/dags/hadoop-2.7.3/share/hadoop/common/lib/commons-net-3.1.jar for tasks to queue
[2022-10-25T14:28:50.367+0000] {logging_mixin.py:117} INFO - [2022-10-25T14:28:50.367+0000] {dagbag.py:525} INFO - Filling up the DagBag from /opt/airflow/dags/hadoop-2.7.3/share/hadoop/common/lib/commons-net-3.1.jar
[2022-10-25T14:28:50.390+0000] {processor.py:770} WARNING - No viable dags retrieved from /opt/airflow/dags/hadoop-2.7.3/share/hadoop/common/lib/commons-net-3.1.jar
[2022-10-25T14:28:50.462+0000] {processor.py:178} INFO - Processing /opt/airflow/dags/hadoop-2.7.3/share/hadoop/common/lib/commons-net-3.1.jar took 0.132 seconds
[2022-10-25T14:29:55.895+0000] {processor.py:156} INFO - Started process (PID=25989) to work on /opt/airflow/dags/hadoop-2.7.3/share/hadoop/common/lib/commons-net-3.1.jar
[2022-10-25T14:29:55.900+0000] {processor.py:758} INFO - Processing file /opt/airflow/dags/hadoop-2.7.3/share/hadoop/common/lib/commons-net-3.1.jar for tasks to queue
[2022-10-25T14:29:55.904+0000] {logging_mixin.py:117} INFO - [2022-10-25T14:29:55.904+0000] {dagbag.py:525} INFO - Filling up the DagBag from /opt/airflow/dags/hadoop-2.7.3/share/hadoop/common/lib/commons-net-3.1.jar
[2022-10-25T14:29:55.918+0000] {processor.py:770} WARNING - No viable dags retrieved from /opt/airflow/dags/hadoop-2.7.3/share/hadoop/common/lib/commons-net-3.1.jar
[2022-10-25T14:29:55.960+0000] {processor.py:178} INFO - Processing /opt/airflow/dags/hadoop-2.7.3/share/hadoop/common/lib/commons-net-3.1.jar took 0.076 seconds
[2022-10-25T14:30:17.190+0000] {processor.py:156} INFO - Started process (PID=27222) to work on /opt/airflow/dags/hadoop-2.7.3/share/hadoop/common/lib/commons-net-3.1.jar
[2022-10-25T14:30:17.195+0000] {processor.py:758} INFO - Processing file /opt/airflow/dags/hadoop-2.7.3/share/hadoop/common/lib/commons-net-3.1.jar for tasks to queue
[2022-10-25T14:30:17.198+0000] {logging_mixin.py:117} INFO - [2022-10-25T14:30:17.198+0000] {dagbag.py:525} INFO - Filling up the DagBag from /opt/airflow/dags/hadoop-2.7.3/share/hadoop/common/lib/commons-net-3.1.jar
[2022-10-25T14:30:17.215+0000] {processor.py:770} WARNING - No viable dags retrieved from /opt/airflow/dags/hadoop-2.7.3/share/hadoop/common/lib/commons-net-3.1.jar
[2022-10-25T14:30:17.286+0000] {processor.py:178} INFO - Processing /opt/airflow/dags/hadoop-2.7.3/share/hadoop/common/lib/commons-net-3.1.jar took 0.107 seconds
[2022-10-25T14:30:40.560+0000] {processor.py:156} INFO - Started process (PID=26446) to work on /opt/airflow/dags/hadoop-2.7.3/share/hadoop/common/lib/commons-net-3.1.jar
[2022-10-25T14:30:40.563+0000] {processor.py:758} INFO - Processing file /opt/airflow/dags/hadoop-2.7.3/share/hadoop/common/lib/commons-net-3.1.jar for tasks to queue
[2022-10-25T14:30:40.566+0000] {logging_mixin.py:117} INFO - [2022-10-25T14:30:40.566+0000] {dagbag.py:525} INFO - Filling up the DagBag from /opt/airflow/dags/hadoop-2.7.3/share/hadoop/common/lib/commons-net-3.1.jar
[2022-10-25T14:30:40.585+0000] {processor.py:770} WARNING - No viable dags retrieved from /opt/airflow/dags/hadoop-2.7.3/share/hadoop/common/lib/commons-net-3.1.jar
[2022-10-25T14:30:40.669+0000] {processor.py:178} INFO - Processing /opt/airflow/dags/hadoop-2.7.3/share/hadoop/common/lib/commons-net-3.1.jar took 0.120 seconds
[2022-10-25T14:31:09.218+0000] {processor.py:156} INFO - Started process (PID=27745) to work on /opt/airflow/dags/hadoop-2.7.3/share/hadoop/common/lib/commons-net-3.1.jar
[2022-10-25T14:31:09.223+0000] {processor.py:758} INFO - Processing file /opt/airflow/dags/hadoop-2.7.3/share/hadoop/common/lib/commons-net-3.1.jar for tasks to queue
[2022-10-25T14:31:09.231+0000] {logging_mixin.py:117} INFO - [2022-10-25T14:31:09.231+0000] {dagbag.py:525} INFO - Filling up the DagBag from /opt/airflow/dags/hadoop-2.7.3/share/hadoop/common/lib/commons-net-3.1.jar
[2022-10-25T14:31:09.263+0000] {processor.py:770} WARNING - No viable dags retrieved from /opt/airflow/dags/hadoop-2.7.3/share/hadoop/common/lib/commons-net-3.1.jar
[2022-10-25T14:31:09.341+0000] {processor.py:178} INFO - Processing /opt/airflow/dags/hadoop-2.7.3/share/hadoop/common/lib/commons-net-3.1.jar took 0.140 seconds
[2022-10-25T14:31:31.775+0000] {processor.py:156} INFO - Started process (PID=26898) to work on /opt/airflow/dags/hadoop-2.7.3/share/hadoop/common/lib/commons-net-3.1.jar
[2022-10-25T14:31:31.780+0000] {processor.py:758} INFO - Processing file /opt/airflow/dags/hadoop-2.7.3/share/hadoop/common/lib/commons-net-3.1.jar for tasks to queue
[2022-10-25T14:31:31.783+0000] {logging_mixin.py:117} INFO - [2022-10-25T14:31:31.783+0000] {dagbag.py:525} INFO - Filling up the DagBag from /opt/airflow/dags/hadoop-2.7.3/share/hadoop/common/lib/commons-net-3.1.jar
[2022-10-25T14:31:31.799+0000] {processor.py:770} WARNING - No viable dags retrieved from /opt/airflow/dags/hadoop-2.7.3/share/hadoop/common/lib/commons-net-3.1.jar
[2022-10-25T14:31:31.903+0000] {processor.py:178} INFO - Processing /opt/airflow/dags/hadoop-2.7.3/share/hadoop/common/lib/commons-net-3.1.jar took 0.143 seconds
[2022-10-25T14:31:58.886+0000] {processor.py:156} INFO - Started process (PID=28232) to work on /opt/airflow/dags/hadoop-2.7.3/share/hadoop/common/lib/commons-net-3.1.jar
[2022-10-25T14:31:58.893+0000] {processor.py:758} INFO - Processing file /opt/airflow/dags/hadoop-2.7.3/share/hadoop/common/lib/commons-net-3.1.jar for tasks to queue
[2022-10-25T14:31:58.898+0000] {logging_mixin.py:117} INFO - [2022-10-25T14:31:58.897+0000] {dagbag.py:525} INFO - Filling up the DagBag from /opt/airflow/dags/hadoop-2.7.3/share/hadoop/common/lib/commons-net-3.1.jar
[2022-10-25T14:31:58.932+0000] {processor.py:770} WARNING - No viable dags retrieved from /opt/airflow/dags/hadoop-2.7.3/share/hadoop/common/lib/commons-net-3.1.jar
[2022-10-25T14:31:58.988+0000] {processor.py:178} INFO - Processing /opt/airflow/dags/hadoop-2.7.3/share/hadoop/common/lib/commons-net-3.1.jar took 0.113 seconds
[2022-10-25T14:32:21.592+0000] {processor.py:156} INFO - Started process (PID=27385) to work on /opt/airflow/dags/hadoop-2.7.3/share/hadoop/common/lib/commons-net-3.1.jar
[2022-10-25T14:32:21.598+0000] {processor.py:758} INFO - Processing file /opt/airflow/dags/hadoop-2.7.3/share/hadoop/common/lib/commons-net-3.1.jar for tasks to queue
[2022-10-25T14:32:21.601+0000] {logging_mixin.py:117} INFO - [2022-10-25T14:32:21.601+0000] {dagbag.py:525} INFO - Filling up the DagBag from /opt/airflow/dags/hadoop-2.7.3/share/hadoop/common/lib/commons-net-3.1.jar
[2022-10-25T14:32:21.619+0000] {processor.py:770} WARNING - No viable dags retrieved from /opt/airflow/dags/hadoop-2.7.3/share/hadoop/common/lib/commons-net-3.1.jar
[2022-10-25T14:32:21.704+0000] {processor.py:178} INFO - Processing /opt/airflow/dags/hadoop-2.7.3/share/hadoop/common/lib/commons-net-3.1.jar took 0.123 seconds
[2022-10-25T14:32:40.876+0000] {processor.py:156} INFO - Started process (PID=28666) to work on /opt/airflow/dags/hadoop-2.7.3/share/hadoop/common/lib/commons-net-3.1.jar
[2022-10-25T14:32:40.881+0000] {processor.py:758} INFO - Processing file /opt/airflow/dags/hadoop-2.7.3/share/hadoop/common/lib/commons-net-3.1.jar for tasks to queue
[2022-10-25T14:32:40.885+0000] {logging_mixin.py:117} INFO - [2022-10-25T14:32:40.884+0000] {dagbag.py:525} INFO - Filling up the DagBag from /opt/airflow/dags/hadoop-2.7.3/share/hadoop/common/lib/commons-net-3.1.jar
[2022-10-25T14:32:40.897+0000] {processor.py:770} WARNING - No viable dags retrieved from /opt/airflow/dags/hadoop-2.7.3/share/hadoop/common/lib/commons-net-3.1.jar
[2022-10-25T14:32:40.952+0000] {processor.py:178} INFO - Processing /opt/airflow/dags/hadoop-2.7.3/share/hadoop/common/lib/commons-net-3.1.jar took 0.085 seconds
[2022-10-25T14:33:04.225+0000] {processor.py:156} INFO - Started process (PID=27831) to work on /opt/airflow/dags/hadoop-2.7.3/share/hadoop/common/lib/commons-net-3.1.jar
[2022-10-25T14:33:04.229+0000] {processor.py:758} INFO - Processing file /opt/airflow/dags/hadoop-2.7.3/share/hadoop/common/lib/commons-net-3.1.jar for tasks to queue
[2022-10-25T14:33:04.233+0000] {logging_mixin.py:117} INFO - [2022-10-25T14:33:04.232+0000] {dagbag.py:525} INFO - Filling up the DagBag from /opt/airflow/dags/hadoop-2.7.3/share/hadoop/common/lib/commons-net-3.1.jar
[2022-10-25T14:33:04.253+0000] {processor.py:770} WARNING - No viable dags retrieved from /opt/airflow/dags/hadoop-2.7.3/share/hadoop/common/lib/commons-net-3.1.jar
[2022-10-25T14:33:04.326+0000] {processor.py:178} INFO - Processing /opt/airflow/dags/hadoop-2.7.3/share/hadoop/common/lib/commons-net-3.1.jar took 0.117 seconds
[2022-10-25T14:33:18.522+0000] {processor.py:156} INFO - Started process (PID=29052) to work on /opt/airflow/dags/hadoop-2.7.3/share/hadoop/common/lib/commons-net-3.1.jar
[2022-10-25T14:33:18.529+0000] {processor.py:758} INFO - Processing file /opt/airflow/dags/hadoop-2.7.3/share/hadoop/common/lib/commons-net-3.1.jar for tasks to queue
[2022-10-25T14:33:18.532+0000] {logging_mixin.py:117} INFO - [2022-10-25T14:33:18.531+0000] {dagbag.py:525} INFO - Filling up the DagBag from /opt/airflow/dags/hadoop-2.7.3/share/hadoop/common/lib/commons-net-3.1.jar
[2022-10-25T14:33:18.559+0000] {processor.py:770} WARNING - No viable dags retrieved from /opt/airflow/dags/hadoop-2.7.3/share/hadoop/common/lib/commons-net-3.1.jar
[2022-10-25T14:33:18.606+0000] {processor.py:178} INFO - Processing /opt/airflow/dags/hadoop-2.7.3/share/hadoop/common/lib/commons-net-3.1.jar took 0.096 seconds
[2022-10-25T14:33:47.129+0000] {processor.py:156} INFO - Started process (PID=28263) to work on /opt/airflow/dags/hadoop-2.7.3/share/hadoop/common/lib/commons-net-3.1.jar
[2022-10-25T14:33:47.134+0000] {processor.py:758} INFO - Processing file /opt/airflow/dags/hadoop-2.7.3/share/hadoop/common/lib/commons-net-3.1.jar for tasks to queue
[2022-10-25T14:33:47.137+0000] {logging_mixin.py:117} INFO - [2022-10-25T14:33:47.136+0000] {dagbag.py:525} INFO - Filling up the DagBag from /opt/airflow/dags/hadoop-2.7.3/share/hadoop/common/lib/commons-net-3.1.jar
[2022-10-25T14:33:47.151+0000] {processor.py:770} WARNING - No viable dags retrieved from /opt/airflow/dags/hadoop-2.7.3/share/hadoop/common/lib/commons-net-3.1.jar
[2022-10-25T14:33:47.208+0000] {processor.py:178} INFO - Processing /opt/airflow/dags/hadoop-2.7.3/share/hadoop/common/lib/commons-net-3.1.jar took 0.091 seconds
[2022-10-25T14:33:57.542+0000] {processor.py:156} INFO - Started process (PID=29470) to work on /opt/airflow/dags/hadoop-2.7.3/share/hadoop/common/lib/commons-net-3.1.jar
[2022-10-25T14:33:57.547+0000] {processor.py:758} INFO - Processing file /opt/airflow/dags/hadoop-2.7.3/share/hadoop/common/lib/commons-net-3.1.jar for tasks to queue
[2022-10-25T14:33:57.555+0000] {logging_mixin.py:117} INFO - [2022-10-25T14:33:57.554+0000] {dagbag.py:525} INFO - Filling up the DagBag from /opt/airflow/dags/hadoop-2.7.3/share/hadoop/common/lib/commons-net-3.1.jar
[2022-10-25T14:33:57.587+0000] {processor.py:770} WARNING - No viable dags retrieved from /opt/airflow/dags/hadoop-2.7.3/share/hadoop/common/lib/commons-net-3.1.jar
[2022-10-25T14:33:57.699+0000] {processor.py:178} INFO - Processing /opt/airflow/dags/hadoop-2.7.3/share/hadoop/common/lib/commons-net-3.1.jar took 0.167 seconds
[2022-10-25T14:34:56.067+0000] {processor.py:156} INFO - Started process (PID=28495) to work on /opt/airflow/dags/hadoop-2.7.3/share/hadoop/common/lib/commons-net-3.1.jar
[2022-10-25T14:34:56.075+0000] {processor.py:758} INFO - Processing file /opt/airflow/dags/hadoop-2.7.3/share/hadoop/common/lib/commons-net-3.1.jar for tasks to queue
[2022-10-25T14:34:56.081+0000] {logging_mixin.py:117} INFO - [2022-10-25T14:34:56.079+0000] {dagbag.py:525} INFO - Filling up the DagBag from /opt/airflow/dags/hadoop-2.7.3/share/hadoop/common/lib/commons-net-3.1.jar
[2022-10-25T14:34:56.101+0000] {processor.py:770} WARNING - No viable dags retrieved from /opt/airflow/dags/hadoop-2.7.3/share/hadoop/common/lib/commons-net-3.1.jar
[2022-10-25T14:34:56.153+0000] {processor.py:178} INFO - Processing /opt/airflow/dags/hadoop-2.7.3/share/hadoop/common/lib/commons-net-3.1.jar took 0.098 seconds
[2022-10-25T14:35:21.988+0000] {processor.py:156} INFO - Started process (PID=29938) to work on /opt/airflow/dags/hadoop-2.7.3/share/hadoop/common/lib/commons-net-3.1.jar
[2022-10-25T14:35:21.994+0000] {processor.py:758} INFO - Processing file /opt/airflow/dags/hadoop-2.7.3/share/hadoop/common/lib/commons-net-3.1.jar for tasks to queue
[2022-10-25T14:35:21.998+0000] {logging_mixin.py:117} INFO - [2022-10-25T14:35:21.998+0000] {dagbag.py:525} INFO - Filling up the DagBag from /opt/airflow/dags/hadoop-2.7.3/share/hadoop/common/lib/commons-net-3.1.jar
[2022-10-25T14:35:22.016+0000] {processor.py:770} WARNING - No viable dags retrieved from /opt/airflow/dags/hadoop-2.7.3/share/hadoop/common/lib/commons-net-3.1.jar
[2022-10-25T14:35:22.062+0000] {processor.py:178} INFO - Processing /opt/airflow/dags/hadoop-2.7.3/share/hadoop/common/lib/commons-net-3.1.jar took 0.088 seconds
[2022-10-25T14:35:41.899+0000] {processor.py:156} INFO - Started process (PID=28964) to work on /opt/airflow/dags/hadoop-2.7.3/share/hadoop/common/lib/commons-net-3.1.jar
[2022-10-25T14:35:41.904+0000] {processor.py:758} INFO - Processing file /opt/airflow/dags/hadoop-2.7.3/share/hadoop/common/lib/commons-net-3.1.jar for tasks to queue
[2022-10-25T14:35:41.907+0000] {logging_mixin.py:117} INFO - [2022-10-25T14:35:41.906+0000] {dagbag.py:525} INFO - Filling up the DagBag from /opt/airflow/dags/hadoop-2.7.3/share/hadoop/common/lib/commons-net-3.1.jar
[2022-10-25T14:35:41.932+0000] {processor.py:770} WARNING - No viable dags retrieved from /opt/airflow/dags/hadoop-2.7.3/share/hadoop/common/lib/commons-net-3.1.jar
[2022-10-25T14:35:42.000+0000] {processor.py:178} INFO - Processing /opt/airflow/dags/hadoop-2.7.3/share/hadoop/common/lib/commons-net-3.1.jar took 0.117 seconds
[2022-10-25T14:36:05.421+0000] {processor.py:156} INFO - Started process (PID=30408) to work on /opt/airflow/dags/hadoop-2.7.3/share/hadoop/common/lib/commons-net-3.1.jar
[2022-10-25T14:36:05.424+0000] {processor.py:758} INFO - Processing file /opt/airflow/dags/hadoop-2.7.3/share/hadoop/common/lib/commons-net-3.1.jar for tasks to queue
[2022-10-25T14:36:05.427+0000] {logging_mixin.py:117} INFO - [2022-10-25T14:36:05.427+0000] {dagbag.py:525} INFO - Filling up the DagBag from /opt/airflow/dags/hadoop-2.7.3/share/hadoop/common/lib/commons-net-3.1.jar
[2022-10-25T14:36:05.444+0000] {processor.py:770} WARNING - No viable dags retrieved from /opt/airflow/dags/hadoop-2.7.3/share/hadoop/common/lib/commons-net-3.1.jar
[2022-10-25T14:36:05.495+0000] {processor.py:178} INFO - Processing /opt/airflow/dags/hadoop-2.7.3/share/hadoop/common/lib/commons-net-3.1.jar took 0.081 seconds
[2022-10-25T14:36:23.824+0000] {processor.py:156} INFO - Started process (PID=29388) to work on /opt/airflow/dags/hadoop-2.7.3/share/hadoop/common/lib/commons-net-3.1.jar
[2022-10-25T14:36:23.826+0000] {processor.py:758} INFO - Processing file /opt/airflow/dags/hadoop-2.7.3/share/hadoop/common/lib/commons-net-3.1.jar for tasks to queue
[2022-10-25T14:36:23.829+0000] {logging_mixin.py:117} INFO - [2022-10-25T14:36:23.829+0000] {dagbag.py:525} INFO - Filling up the DagBag from /opt/airflow/dags/hadoop-2.7.3/share/hadoop/common/lib/commons-net-3.1.jar
[2022-10-25T14:36:23.843+0000] {processor.py:770} WARNING - No viable dags retrieved from /opt/airflow/dags/hadoop-2.7.3/share/hadoop/common/lib/commons-net-3.1.jar
[2022-10-25T14:36:23.908+0000] {processor.py:178} INFO - Processing /opt/airflow/dags/hadoop-2.7.3/share/hadoop/common/lib/commons-net-3.1.jar took 0.095 seconds
[2022-10-25T14:36:38.671+0000] {processor.py:156} INFO - Started process (PID=30780) to work on /opt/airflow/dags/hadoop-2.7.3/share/hadoop/common/lib/commons-net-3.1.jar
[2022-10-25T14:36:38.675+0000] {processor.py:758} INFO - Processing file /opt/airflow/dags/hadoop-2.7.3/share/hadoop/common/lib/commons-net-3.1.jar for tasks to queue
[2022-10-25T14:36:38.679+0000] {logging_mixin.py:117} INFO - [2022-10-25T14:36:38.678+0000] {dagbag.py:525} INFO - Filling up the DagBag from /opt/airflow/dags/hadoop-2.7.3/share/hadoop/common/lib/commons-net-3.1.jar
[2022-10-25T14:36:38.707+0000] {processor.py:770} WARNING - No viable dags retrieved from /opt/airflow/dags/hadoop-2.7.3/share/hadoop/common/lib/commons-net-3.1.jar
[2022-10-25T14:36:38.781+0000] {processor.py:178} INFO - Processing /opt/airflow/dags/hadoop-2.7.3/share/hadoop/common/lib/commons-net-3.1.jar took 0.119 seconds
[2022-10-25T14:37:07.457+0000] {processor.py:156} INFO - Started process (PID=29822) to work on /opt/airflow/dags/hadoop-2.7.3/share/hadoop/common/lib/commons-net-3.1.jar
[2022-10-25T14:37:07.460+0000] {processor.py:758} INFO - Processing file /opt/airflow/dags/hadoop-2.7.3/share/hadoop/common/lib/commons-net-3.1.jar for tasks to queue
[2022-10-25T14:37:07.465+0000] {logging_mixin.py:117} INFO - [2022-10-25T14:37:07.464+0000] {dagbag.py:525} INFO - Filling up the DagBag from /opt/airflow/dags/hadoop-2.7.3/share/hadoop/common/lib/commons-net-3.1.jar
[2022-10-25T14:37:07.478+0000] {processor.py:770} WARNING - No viable dags retrieved from /opt/airflow/dags/hadoop-2.7.3/share/hadoop/common/lib/commons-net-3.1.jar
[2022-10-25T14:37:07.525+0000] {processor.py:178} INFO - Processing /opt/airflow/dags/hadoop-2.7.3/share/hadoop/common/lib/commons-net-3.1.jar took 0.082 seconds
[2022-10-25T14:37:11.990+0000] {processor.py:156} INFO - Started process (PID=31149) to work on /opt/airflow/dags/hadoop-2.7.3/share/hadoop/common/lib/commons-net-3.1.jar
[2022-10-25T14:37:11.994+0000] {processor.py:758} INFO - Processing file /opt/airflow/dags/hadoop-2.7.3/share/hadoop/common/lib/commons-net-3.1.jar for tasks to queue
[2022-10-25T14:37:11.997+0000] {logging_mixin.py:117} INFO - [2022-10-25T14:37:11.997+0000] {dagbag.py:525} INFO - Filling up the DagBag from /opt/airflow/dags/hadoop-2.7.3/share/hadoop/common/lib/commons-net-3.1.jar
[2022-10-25T14:37:12.009+0000] {processor.py:770} WARNING - No viable dags retrieved from /opt/airflow/dags/hadoop-2.7.3/share/hadoop/common/lib/commons-net-3.1.jar
[2022-10-25T14:37:12.054+0000] {processor.py:178} INFO - Processing /opt/airflow/dags/hadoop-2.7.3/share/hadoop/common/lib/commons-net-3.1.jar took 0.071 seconds
[2022-10-25T14:37:46.880+0000] {processor.py:156} INFO - Started process (PID=30244) to work on /opt/airflow/dags/hadoop-2.7.3/share/hadoop/common/lib/commons-net-3.1.jar
[2022-10-25T14:37:46.883+0000] {processor.py:758} INFO - Processing file /opt/airflow/dags/hadoop-2.7.3/share/hadoop/common/lib/commons-net-3.1.jar for tasks to queue
[2022-10-25T14:37:46.885+0000] {logging_mixin.py:117} INFO - [2022-10-25T14:37:46.885+0000] {dagbag.py:525} INFO - Filling up the DagBag from /opt/airflow/dags/hadoop-2.7.3/share/hadoop/common/lib/commons-net-3.1.jar
[2022-10-25T14:37:46.899+0000] {processor.py:770} WARNING - No viable dags retrieved from /opt/airflow/dags/hadoop-2.7.3/share/hadoop/common/lib/commons-net-3.1.jar
[2022-10-25T14:37:46.958+0000] {processor.py:178} INFO - Processing /opt/airflow/dags/hadoop-2.7.3/share/hadoop/common/lib/commons-net-3.1.jar took 0.088 seconds
[2022-10-25T14:38:02.269+0000] {processor.py:156} INFO - Started process (PID=31687) to work on /opt/airflow/dags/hadoop-2.7.3/share/hadoop/common/lib/commons-net-3.1.jar
[2022-10-25T14:38:02.272+0000] {processor.py:758} INFO - Processing file /opt/airflow/dags/hadoop-2.7.3/share/hadoop/common/lib/commons-net-3.1.jar for tasks to queue
[2022-10-25T14:38:02.276+0000] {logging_mixin.py:117} INFO - [2022-10-25T14:38:02.275+0000] {dagbag.py:525} INFO - Filling up the DagBag from /opt/airflow/dags/hadoop-2.7.3/share/hadoop/common/lib/commons-net-3.1.jar
[2022-10-25T14:38:02.291+0000] {processor.py:770} WARNING - No viable dags retrieved from /opt/airflow/dags/hadoop-2.7.3/share/hadoop/common/lib/commons-net-3.1.jar
[2022-10-25T14:38:02.339+0000] {processor.py:178} INFO - Processing /opt/airflow/dags/hadoop-2.7.3/share/hadoop/common/lib/commons-net-3.1.jar took 0.080 seconds
[2022-10-25T14:38:25.533+0000] {processor.py:156} INFO - Started process (PID=30645) to work on /opt/airflow/dags/hadoop-2.7.3/share/hadoop/common/lib/commons-net-3.1.jar
[2022-10-25T14:38:25.540+0000] {processor.py:758} INFO - Processing file /opt/airflow/dags/hadoop-2.7.3/share/hadoop/common/lib/commons-net-3.1.jar for tasks to queue
[2022-10-25T14:38:25.543+0000] {logging_mixin.py:117} INFO - [2022-10-25T14:38:25.543+0000] {dagbag.py:525} INFO - Filling up the DagBag from /opt/airflow/dags/hadoop-2.7.3/share/hadoop/common/lib/commons-net-3.1.jar
[2022-10-25T14:38:25.564+0000] {processor.py:770} WARNING - No viable dags retrieved from /opt/airflow/dags/hadoop-2.7.3/share/hadoop/common/lib/commons-net-3.1.jar
[2022-10-25T14:38:25.663+0000] {processor.py:178} INFO - Processing /opt/airflow/dags/hadoop-2.7.3/share/hadoop/common/lib/commons-net-3.1.jar took 0.146 seconds
[2022-10-25T14:38:36.480+0000] {processor.py:156} INFO - Started process (PID=32074) to work on /opt/airflow/dags/hadoop-2.7.3/share/hadoop/common/lib/commons-net-3.1.jar
[2022-10-25T14:38:36.485+0000] {processor.py:758} INFO - Processing file /opt/airflow/dags/hadoop-2.7.3/share/hadoop/common/lib/commons-net-3.1.jar for tasks to queue
[2022-10-25T14:38:36.487+0000] {logging_mixin.py:117} INFO - [2022-10-25T14:38:36.487+0000] {dagbag.py:525} INFO - Filling up the DagBag from /opt/airflow/dags/hadoop-2.7.3/share/hadoop/common/lib/commons-net-3.1.jar
[2022-10-25T14:38:36.507+0000] {processor.py:770} WARNING - No viable dags retrieved from /opt/airflow/dags/hadoop-2.7.3/share/hadoop/common/lib/commons-net-3.1.jar
[2022-10-25T14:38:36.557+0000] {processor.py:178} INFO - Processing /opt/airflow/dags/hadoop-2.7.3/share/hadoop/common/lib/commons-net-3.1.jar took 0.092 seconds
[2022-10-25T14:39:48.368+0000] {processor.py:156} INFO - Started process (PID=31075) to work on /opt/airflow/dags/hadoop-2.7.3/share/hadoop/common/lib/commons-net-3.1.jar
[2022-10-25T14:39:48.374+0000] {processor.py:758} INFO - Processing file /opt/airflow/dags/hadoop-2.7.3/share/hadoop/common/lib/commons-net-3.1.jar for tasks to queue
[2022-10-25T14:39:48.376+0000] {logging_mixin.py:117} INFO - [2022-10-25T14:39:48.376+0000] {dagbag.py:525} INFO - Filling up the DagBag from /opt/airflow/dags/hadoop-2.7.3/share/hadoop/common/lib/commons-net-3.1.jar
[2022-10-25T14:39:48.391+0000] {processor.py:770} WARNING - No viable dags retrieved from /opt/airflow/dags/hadoop-2.7.3/share/hadoop/common/lib/commons-net-3.1.jar
[2022-10-25T14:39:48.440+0000] {processor.py:178} INFO - Processing /opt/airflow/dags/hadoop-2.7.3/share/hadoop/common/lib/commons-net-3.1.jar took 0.082 seconds
[2022-10-25T14:40:09.759+0000] {processor.py:156} INFO - Started process (PID=32658) to work on /opt/airflow/dags/hadoop-2.7.3/share/hadoop/common/lib/commons-net-3.1.jar
[2022-10-25T14:40:09.765+0000] {processor.py:758} INFO - Processing file /opt/airflow/dags/hadoop-2.7.3/share/hadoop/common/lib/commons-net-3.1.jar for tasks to queue
[2022-10-25T14:40:09.772+0000] {logging_mixin.py:117} INFO - [2022-10-25T14:40:09.771+0000] {dagbag.py:525} INFO - Filling up the DagBag from /opt/airflow/dags/hadoop-2.7.3/share/hadoop/common/lib/commons-net-3.1.jar
[2022-10-25T14:40:09.789+0000] {processor.py:770} WARNING - No viable dags retrieved from /opt/airflow/dags/hadoop-2.7.3/share/hadoop/common/lib/commons-net-3.1.jar
[2022-10-25T14:40:09.833+0000] {processor.py:178} INFO - Processing /opt/airflow/dags/hadoop-2.7.3/share/hadoop/common/lib/commons-net-3.1.jar took 0.081 seconds
[2022-10-25T14:40:37.759+0000] {processor.py:156} INFO - Started process (PID=31594) to work on /opt/airflow/dags/hadoop-2.7.3/share/hadoop/common/lib/commons-net-3.1.jar
[2022-10-25T14:40:37.762+0000] {processor.py:758} INFO - Processing file /opt/airflow/dags/hadoop-2.7.3/share/hadoop/common/lib/commons-net-3.1.jar for tasks to queue
[2022-10-25T14:40:37.766+0000] {logging_mixin.py:117} INFO - [2022-10-25T14:40:37.765+0000] {dagbag.py:525} INFO - Filling up the DagBag from /opt/airflow/dags/hadoop-2.7.3/share/hadoop/common/lib/commons-net-3.1.jar
[2022-10-25T14:40:37.788+0000] {processor.py:770} WARNING - No viable dags retrieved from /opt/airflow/dags/hadoop-2.7.3/share/hadoop/common/lib/commons-net-3.1.jar
[2022-10-25T14:40:37.830+0000] {processor.py:178} INFO - Processing /opt/airflow/dags/hadoop-2.7.3/share/hadoop/common/lib/commons-net-3.1.jar took 0.080 seconds
[2022-10-25T14:40:52.545+0000] {processor.py:156} INFO - Started process (PID=33117) to work on /opt/airflow/dags/hadoop-2.7.3/share/hadoop/common/lib/commons-net-3.1.jar
[2022-10-25T14:40:52.550+0000] {processor.py:758} INFO - Processing file /opt/airflow/dags/hadoop-2.7.3/share/hadoop/common/lib/commons-net-3.1.jar for tasks to queue
[2022-10-25T14:40:52.559+0000] {logging_mixin.py:117} INFO - [2022-10-25T14:40:52.556+0000] {dagbag.py:525} INFO - Filling up the DagBag from /opt/airflow/dags/hadoop-2.7.3/share/hadoop/common/lib/commons-net-3.1.jar
[2022-10-25T14:40:52.591+0000] {processor.py:770} WARNING - No viable dags retrieved from /opt/airflow/dags/hadoop-2.7.3/share/hadoop/common/lib/commons-net-3.1.jar
[2022-10-25T14:40:52.672+0000] {processor.py:178} INFO - Processing /opt/airflow/dags/hadoop-2.7.3/share/hadoop/common/lib/commons-net-3.1.jar took 0.135 seconds
[2022-10-25T14:41:16.189+0000] {processor.py:156} INFO - Started process (PID=32002) to work on /opt/airflow/dags/hadoop-2.7.3/share/hadoop/common/lib/commons-net-3.1.jar
[2022-10-25T14:41:16.192+0000] {processor.py:758} INFO - Processing file /opt/airflow/dags/hadoop-2.7.3/share/hadoop/common/lib/commons-net-3.1.jar for tasks to queue
[2022-10-25T14:41:16.196+0000] {logging_mixin.py:117} INFO - [2022-10-25T14:41:16.196+0000] {dagbag.py:525} INFO - Filling up the DagBag from /opt/airflow/dags/hadoop-2.7.3/share/hadoop/common/lib/commons-net-3.1.jar
[2022-10-25T14:41:16.223+0000] {processor.py:770} WARNING - No viable dags retrieved from /opt/airflow/dags/hadoop-2.7.3/share/hadoop/common/lib/commons-net-3.1.jar
[2022-10-25T14:41:16.277+0000] {processor.py:178} INFO - Processing /opt/airflow/dags/hadoop-2.7.3/share/hadoop/common/lib/commons-net-3.1.jar took 0.100 seconds
[2022-10-25T14:41:33.140+0000] {processor.py:156} INFO - Started process (PID=33496) to work on /opt/airflow/dags/hadoop-2.7.3/share/hadoop/common/lib/commons-net-3.1.jar
[2022-10-25T14:41:33.144+0000] {processor.py:758} INFO - Processing file /opt/airflow/dags/hadoop-2.7.3/share/hadoop/common/lib/commons-net-3.1.jar for tasks to queue
[2022-10-25T14:41:33.148+0000] {logging_mixin.py:117} INFO - [2022-10-25T14:41:33.147+0000] {dagbag.py:525} INFO - Filling up the DagBag from /opt/airflow/dags/hadoop-2.7.3/share/hadoop/common/lib/commons-net-3.1.jar
[2022-10-25T14:41:33.164+0000] {processor.py:770} WARNING - No viable dags retrieved from /opt/airflow/dags/hadoop-2.7.3/share/hadoop/common/lib/commons-net-3.1.jar
[2022-10-25T14:41:33.204+0000] {processor.py:178} INFO - Processing /opt/airflow/dags/hadoop-2.7.3/share/hadoop/common/lib/commons-net-3.1.jar took 0.075 seconds
[2022-10-25T14:41:52.693+0000] {processor.py:156} INFO - Started process (PID=32392) to work on /opt/airflow/dags/hadoop-2.7.3/share/hadoop/common/lib/commons-net-3.1.jar
[2022-10-25T14:41:52.698+0000] {processor.py:758} INFO - Processing file /opt/airflow/dags/hadoop-2.7.3/share/hadoop/common/lib/commons-net-3.1.jar for tasks to queue
[2022-10-25T14:41:52.709+0000] {logging_mixin.py:117} INFO - [2022-10-25T14:41:52.708+0000] {dagbag.py:525} INFO - Filling up the DagBag from /opt/airflow/dags/hadoop-2.7.3/share/hadoop/common/lib/commons-net-3.1.jar
[2022-10-25T14:41:52.734+0000] {processor.py:770} WARNING - No viable dags retrieved from /opt/airflow/dags/hadoop-2.7.3/share/hadoop/common/lib/commons-net-3.1.jar
[2022-10-25T14:41:52.820+0000] {processor.py:178} INFO - Processing /opt/airflow/dags/hadoop-2.7.3/share/hadoop/common/lib/commons-net-3.1.jar took 0.136 seconds
[2022-10-25T14:42:15.699+0000] {processor.py:156} INFO - Started process (PID=33982) to work on /opt/airflow/dags/hadoop-2.7.3/share/hadoop/common/lib/commons-net-3.1.jar
[2022-10-25T14:42:15.703+0000] {processor.py:758} INFO - Processing file /opt/airflow/dags/hadoop-2.7.3/share/hadoop/common/lib/commons-net-3.1.jar for tasks to queue
[2022-10-25T14:42:15.705+0000] {logging_mixin.py:117} INFO - [2022-10-25T14:42:15.705+0000] {dagbag.py:525} INFO - Filling up the DagBag from /opt/airflow/dags/hadoop-2.7.3/share/hadoop/common/lib/commons-net-3.1.jar
[2022-10-25T14:42:15.717+0000] {processor.py:770} WARNING - No viable dags retrieved from /opt/airflow/dags/hadoop-2.7.3/share/hadoop/common/lib/commons-net-3.1.jar
[2022-10-25T14:42:15.756+0000] {processor.py:178} INFO - Processing /opt/airflow/dags/hadoop-2.7.3/share/hadoop/common/lib/commons-net-3.1.jar took 0.068 seconds
[2022-10-25T14:42:30.244+0000] {processor.py:156} INFO - Started process (PID=32776) to work on /opt/airflow/dags/hadoop-2.7.3/share/hadoop/common/lib/commons-net-3.1.jar
[2022-10-25T14:42:30.247+0000] {processor.py:758} INFO - Processing file /opt/airflow/dags/hadoop-2.7.3/share/hadoop/common/lib/commons-net-3.1.jar for tasks to queue
[2022-10-25T14:42:30.249+0000] {logging_mixin.py:117} INFO - [2022-10-25T14:42:30.249+0000] {dagbag.py:525} INFO - Filling up the DagBag from /opt/airflow/dags/hadoop-2.7.3/share/hadoop/common/lib/commons-net-3.1.jar
[2022-10-25T14:42:30.275+0000] {processor.py:770} WARNING - No viable dags retrieved from /opt/airflow/dags/hadoop-2.7.3/share/hadoop/common/lib/commons-net-3.1.jar
[2022-10-25T14:42:30.328+0000] {processor.py:178} INFO - Processing /opt/airflow/dags/hadoop-2.7.3/share/hadoop/common/lib/commons-net-3.1.jar took 0.095 seconds
[2022-10-25T14:42:50.439+0000] {processor.py:156} INFO - Started process (PID=34361) to work on /opt/airflow/dags/hadoop-2.7.3/share/hadoop/common/lib/commons-net-3.1.jar
[2022-10-25T14:42:50.443+0000] {processor.py:758} INFO - Processing file /opt/airflow/dags/hadoop-2.7.3/share/hadoop/common/lib/commons-net-3.1.jar for tasks to queue
[2022-10-25T14:42:50.447+0000] {logging_mixin.py:117} INFO - [2022-10-25T14:42:50.446+0000] {dagbag.py:525} INFO - Filling up the DagBag from /opt/airflow/dags/hadoop-2.7.3/share/hadoop/common/lib/commons-net-3.1.jar
[2022-10-25T14:42:50.461+0000] {processor.py:770} WARNING - No viable dags retrieved from /opt/airflow/dags/hadoop-2.7.3/share/hadoop/common/lib/commons-net-3.1.jar
[2022-10-25T14:42:50.511+0000] {processor.py:178} INFO - Processing /opt/airflow/dags/hadoop-2.7.3/share/hadoop/common/lib/commons-net-3.1.jar took 0.086 seconds
[2022-10-25T14:43:09.000+0000] {processor.py:156} INFO - Started process (PID=33177) to work on /opt/airflow/dags/hadoop-2.7.3/share/hadoop/common/lib/commons-net-3.1.jar
[2022-10-25T14:43:09.007+0000] {processor.py:758} INFO - Processing file /opt/airflow/dags/hadoop-2.7.3/share/hadoop/common/lib/commons-net-3.1.jar for tasks to queue
[2022-10-25T14:43:09.016+0000] {logging_mixin.py:117} INFO - [2022-10-25T14:43:09.016+0000] {dagbag.py:525} INFO - Filling up the DagBag from /opt/airflow/dags/hadoop-2.7.3/share/hadoop/common/lib/commons-net-3.1.jar
[2022-10-25T14:43:09.036+0000] {processor.py:770} WARNING - No viable dags retrieved from /opt/airflow/dags/hadoop-2.7.3/share/hadoop/common/lib/commons-net-3.1.jar
[2022-10-25T14:43:09.101+0000] {processor.py:178} INFO - Processing /opt/airflow/dags/hadoop-2.7.3/share/hadoop/common/lib/commons-net-3.1.jar took 0.115 seconds
[2022-10-25T14:43:36.523+0000] {processor.py:156} INFO - Started process (PID=34884) to work on /opt/airflow/dags/hadoop-2.7.3/share/hadoop/common/lib/commons-net-3.1.jar
[2022-10-25T14:43:36.527+0000] {processor.py:758} INFO - Processing file /opt/airflow/dags/hadoop-2.7.3/share/hadoop/common/lib/commons-net-3.1.jar for tasks to queue
[2022-10-25T14:43:36.531+0000] {logging_mixin.py:117} INFO - [2022-10-25T14:43:36.531+0000] {dagbag.py:525} INFO - Filling up the DagBag from /opt/airflow/dags/hadoop-2.7.3/share/hadoop/common/lib/commons-net-3.1.jar
[2022-10-25T14:43:36.550+0000] {processor.py:770} WARNING - No viable dags retrieved from /opt/airflow/dags/hadoop-2.7.3/share/hadoop/common/lib/commons-net-3.1.jar
[2022-10-25T14:43:36.603+0000] {processor.py:178} INFO - Processing /opt/airflow/dags/hadoop-2.7.3/share/hadoop/common/lib/commons-net-3.1.jar took 0.091 seconds
[2022-10-25T14:43:49.512+0000] {processor.py:156} INFO - Started process (PID=33591) to work on /opt/airflow/dags/hadoop-2.7.3/share/hadoop/common/lib/commons-net-3.1.jar
[2022-10-25T14:43:49.515+0000] {processor.py:758} INFO - Processing file /opt/airflow/dags/hadoop-2.7.3/share/hadoop/common/lib/commons-net-3.1.jar for tasks to queue
[2022-10-25T14:43:49.518+0000] {logging_mixin.py:117} INFO - [2022-10-25T14:43:49.517+0000] {dagbag.py:525} INFO - Filling up the DagBag from /opt/airflow/dags/hadoop-2.7.3/share/hadoop/common/lib/commons-net-3.1.jar
[2022-10-25T14:43:49.541+0000] {processor.py:770} WARNING - No viable dags retrieved from /opt/airflow/dags/hadoop-2.7.3/share/hadoop/common/lib/commons-net-3.1.jar
[2022-10-25T14:43:49.586+0000] {processor.py:178} INFO - Processing /opt/airflow/dags/hadoop-2.7.3/share/hadoop/common/lib/commons-net-3.1.jar took 0.086 seconds
[2022-10-25T14:59:45.169+0000] {processor.py:156} INFO - Started process (PID=33873) to work on /opt/airflow/dags/hadoop-2.7.3/share/hadoop/common/lib/commons-net-3.1.jar
[2022-10-25T14:59:45.172+0000] {processor.py:758} INFO - Processing file /opt/airflow/dags/hadoop-2.7.3/share/hadoop/common/lib/commons-net-3.1.jar for tasks to queue
[2022-10-25T14:59:45.174+0000] {logging_mixin.py:117} INFO - [2022-10-25T14:59:45.174+0000] {dagbag.py:525} INFO - Filling up the DagBag from /opt/airflow/dags/hadoop-2.7.3/share/hadoop/common/lib/commons-net-3.1.jar
[2022-10-25T14:59:45.187+0000] {processor.py:770} WARNING - No viable dags retrieved from /opt/airflow/dags/hadoop-2.7.3/share/hadoop/common/lib/commons-net-3.1.jar
[2022-10-25T14:59:45.231+0000] {processor.py:178} INFO - Processing /opt/airflow/dags/hadoop-2.7.3/share/hadoop/common/lib/commons-net-3.1.jar took 0.069 seconds
[2022-10-25T15:03:30.331+0000] {processor.py:156} INFO - Started process (PID=35550) to work on /opt/airflow/dags/hadoop-2.7.3/share/hadoop/common/lib/commons-net-3.1.jar
[2022-10-25T15:03:30.345+0000] {processor.py:758} INFO - Processing file /opt/airflow/dags/hadoop-2.7.3/share/hadoop/common/lib/commons-net-3.1.jar for tasks to queue
[2022-10-25T15:03:30.353+0000] {logging_mixin.py:117} INFO - [2022-10-25T15:03:30.353+0000] {dagbag.py:525} INFO - Filling up the DagBag from /opt/airflow/dags/hadoop-2.7.3/share/hadoop/common/lib/commons-net-3.1.jar
[2022-10-25T15:03:30.376+0000] {processor.py:770} WARNING - No viable dags retrieved from /opt/airflow/dags/hadoop-2.7.3/share/hadoop/common/lib/commons-net-3.1.jar
[2022-10-25T15:03:30.472+0000] {processor.py:178} INFO - Processing /opt/airflow/dags/hadoop-2.7.3/share/hadoop/common/lib/commons-net-3.1.jar took 0.147 seconds
[2022-10-25T15:04:53.131+0000] {processor.py:156} INFO - Started process (PID=34422) to work on /opt/airflow/dags/hadoop-2.7.3/share/hadoop/common/lib/commons-net-3.1.jar
[2022-10-25T15:04:53.139+0000] {processor.py:758} INFO - Processing file /opt/airflow/dags/hadoop-2.7.3/share/hadoop/common/lib/commons-net-3.1.jar for tasks to queue
[2022-10-25T15:04:53.143+0000] {logging_mixin.py:117} INFO - [2022-10-25T15:04:53.142+0000] {dagbag.py:525} INFO - Filling up the DagBag from /opt/airflow/dags/hadoop-2.7.3/share/hadoop/common/lib/commons-net-3.1.jar
[2022-10-25T15:04:53.172+0000] {processor.py:770} WARNING - No viable dags retrieved from /opt/airflow/dags/hadoop-2.7.3/share/hadoop/common/lib/commons-net-3.1.jar
[2022-10-25T15:04:53.213+0000] {processor.py:178} INFO - Processing /opt/airflow/dags/hadoop-2.7.3/share/hadoop/common/lib/commons-net-3.1.jar took 0.090 seconds
[2022-10-25T15:05:06.190+0000] {processor.py:156} INFO - Started process (PID=36099) to work on /opt/airflow/dags/hadoop-2.7.3/share/hadoop/common/lib/commons-net-3.1.jar
[2022-10-25T15:05:06.195+0000] {processor.py:758} INFO - Processing file /opt/airflow/dags/hadoop-2.7.3/share/hadoop/common/lib/commons-net-3.1.jar for tasks to queue
[2022-10-25T15:05:06.198+0000] {logging_mixin.py:117} INFO - [2022-10-25T15:05:06.197+0000] {dagbag.py:525} INFO - Filling up the DagBag from /opt/airflow/dags/hadoop-2.7.3/share/hadoop/common/lib/commons-net-3.1.jar
[2022-10-25T15:05:06.218+0000] {processor.py:770} WARNING - No viable dags retrieved from /opt/airflow/dags/hadoop-2.7.3/share/hadoop/common/lib/commons-net-3.1.jar
[2022-10-25T15:05:06.280+0000] {processor.py:178} INFO - Processing /opt/airflow/dags/hadoop-2.7.3/share/hadoop/common/lib/commons-net-3.1.jar took 0.100 seconds
[2022-10-25T15:05:42.117+0000] {processor.py:156} INFO - Started process (PID=34907) to work on /opt/airflow/dags/hadoop-2.7.3/share/hadoop/common/lib/commons-net-3.1.jar
[2022-10-25T15:05:42.126+0000] {processor.py:758} INFO - Processing file /opt/airflow/dags/hadoop-2.7.3/share/hadoop/common/lib/commons-net-3.1.jar for tasks to queue
[2022-10-25T15:05:42.129+0000] {logging_mixin.py:117} INFO - [2022-10-25T15:05:42.128+0000] {dagbag.py:525} INFO - Filling up the DagBag from /opt/airflow/dags/hadoop-2.7.3/share/hadoop/common/lib/commons-net-3.1.jar
[2022-10-25T15:05:42.250+0000] {processor.py:770} WARNING - No viable dags retrieved from /opt/airflow/dags/hadoop-2.7.3/share/hadoop/common/lib/commons-net-3.1.jar
[2022-10-25T15:05:42.334+0000] {processor.py:178} INFO - Processing /opt/airflow/dags/hadoop-2.7.3/share/hadoop/common/lib/commons-net-3.1.jar took 0.232 seconds
[2022-10-25T15:05:49.231+0000] {processor.py:156} INFO - Started process (PID=36542) to work on /opt/airflow/dags/hadoop-2.7.3/share/hadoop/common/lib/commons-net-3.1.jar
[2022-10-25T15:05:49.235+0000] {processor.py:758} INFO - Processing file /opt/airflow/dags/hadoop-2.7.3/share/hadoop/common/lib/commons-net-3.1.jar for tasks to queue
[2022-10-25T15:05:49.239+0000] {logging_mixin.py:117} INFO - [2022-10-25T15:05:49.238+0000] {dagbag.py:525} INFO - Filling up the DagBag from /opt/airflow/dags/hadoop-2.7.3/share/hadoop/common/lib/commons-net-3.1.jar
[2022-10-25T15:05:49.262+0000] {processor.py:770} WARNING - No viable dags retrieved from /opt/airflow/dags/hadoop-2.7.3/share/hadoop/common/lib/commons-net-3.1.jar
[2022-10-25T15:05:49.329+0000] {processor.py:178} INFO - Processing /opt/airflow/dags/hadoop-2.7.3/share/hadoop/common/lib/commons-net-3.1.jar took 0.109 seconds
[2022-10-25T15:06:25.887+0000] {processor.py:156} INFO - Started process (PID=36953) to work on /opt/airflow/dags/hadoop-2.7.3/share/hadoop/common/lib/commons-net-3.1.jar
[2022-10-25T15:06:25.890+0000] {processor.py:758} INFO - Processing file /opt/airflow/dags/hadoop-2.7.3/share/hadoop/common/lib/commons-net-3.1.jar for tasks to queue
[2022-10-25T15:06:25.895+0000] {logging_mixin.py:117} INFO - [2022-10-25T15:06:25.894+0000] {dagbag.py:525} INFO - Filling up the DagBag from /opt/airflow/dags/hadoop-2.7.3/share/hadoop/common/lib/commons-net-3.1.jar
[2022-10-25T15:06:25.917+0000] {processor.py:770} WARNING - No viable dags retrieved from /opt/airflow/dags/hadoop-2.7.3/share/hadoop/common/lib/commons-net-3.1.jar
[2022-10-25T15:06:25.972+0000] {processor.py:178} INFO - Processing /opt/airflow/dags/hadoop-2.7.3/share/hadoop/common/lib/commons-net-3.1.jar took 0.093 seconds
[2022-10-25T15:06:26.477+0000] {processor.py:156} INFO - Started process (PID=35352) to work on /opt/airflow/dags/hadoop-2.7.3/share/hadoop/common/lib/commons-net-3.1.jar
[2022-10-25T15:06:26.479+0000] {processor.py:758} INFO - Processing file /opt/airflow/dags/hadoop-2.7.3/share/hadoop/common/lib/commons-net-3.1.jar for tasks to queue
[2022-10-25T15:06:26.483+0000] {logging_mixin.py:117} INFO - [2022-10-25T15:06:26.483+0000] {dagbag.py:525} INFO - Filling up the DagBag from /opt/airflow/dags/hadoop-2.7.3/share/hadoop/common/lib/commons-net-3.1.jar
[2022-10-25T15:06:26.492+0000] {processor.py:770} WARNING - No viable dags retrieved from /opt/airflow/dags/hadoop-2.7.3/share/hadoop/common/lib/commons-net-3.1.jar
[2022-10-25T15:06:26.527+0000] {processor.py:178} INFO - Processing /opt/airflow/dags/hadoop-2.7.3/share/hadoop/common/lib/commons-net-3.1.jar took 0.063 seconds
[2022-10-25T15:07:05.731+0000] {processor.py:156} INFO - Started process (PID=35749) to work on /opt/airflow/dags/hadoop-2.7.3/share/hadoop/common/lib/commons-net-3.1.jar
[2022-10-25T15:07:05.742+0000] {processor.py:758} INFO - Processing file /opt/airflow/dags/hadoop-2.7.3/share/hadoop/common/lib/commons-net-3.1.jar for tasks to queue
[2022-10-25T15:07:05.745+0000] {logging_mixin.py:117} INFO - [2022-10-25T15:07:05.745+0000] {dagbag.py:525} INFO - Filling up the DagBag from /opt/airflow/dags/hadoop-2.7.3/share/hadoop/common/lib/commons-net-3.1.jar
[2022-10-25T15:07:05.765+0000] {processor.py:770} WARNING - No viable dags retrieved from /opt/airflow/dags/hadoop-2.7.3/share/hadoop/common/lib/commons-net-3.1.jar
[2022-10-25T15:07:05.820+0000] {processor.py:178} INFO - Processing /opt/airflow/dags/hadoop-2.7.3/share/hadoop/common/lib/commons-net-3.1.jar took 0.096 seconds
[2022-10-25T15:07:09.034+0000] {processor.py:156} INFO - Started process (PID=37436) to work on /opt/airflow/dags/hadoop-2.7.3/share/hadoop/common/lib/commons-net-3.1.jar
[2022-10-25T15:07:09.041+0000] {processor.py:758} INFO - Processing file /opt/airflow/dags/hadoop-2.7.3/share/hadoop/common/lib/commons-net-3.1.jar for tasks to queue
[2022-10-25T15:07:09.076+0000] {logging_mixin.py:117} INFO - [2022-10-25T15:07:09.074+0000] {dagbag.py:525} INFO - Filling up the DagBag from /opt/airflow/dags/hadoop-2.7.3/share/hadoop/common/lib/commons-net-3.1.jar
[2022-10-25T15:07:09.115+0000] {processor.py:770} WARNING - No viable dags retrieved from /opt/airflow/dags/hadoop-2.7.3/share/hadoop/common/lib/commons-net-3.1.jar
[2022-10-25T15:07:09.193+0000] {processor.py:178} INFO - Processing /opt/airflow/dags/hadoop-2.7.3/share/hadoop/common/lib/commons-net-3.1.jar took 0.173 seconds
