[2022-10-25T00:25:26.371+0000] {processor.py:156} INFO - Started process (PID=4228) to work on /opt/airflow/dags/hadoop-2.7.3/share/hadoop/common/lib/gson-2.2.4.jar
[2022-10-25T00:25:26.373+0000] {processor.py:758} INFO - Processing file /opt/airflow/dags/hadoop-2.7.3/share/hadoop/common/lib/gson-2.2.4.jar for tasks to queue
[2022-10-25T00:25:26.379+0000] {logging_mixin.py:117} INFO - [2022-10-25T00:25:26.379+0000] {dagbag.py:525} INFO - Filling up the DagBag from /opt/airflow/dags/hadoop-2.7.3/share/hadoop/common/lib/gson-2.2.4.jar
[2022-10-25T00:25:26.387+0000] {processor.py:770} WARNING - No viable dags retrieved from /opt/airflow/dags/hadoop-2.7.3/share/hadoop/common/lib/gson-2.2.4.jar
[2022-10-25T00:25:26.415+0000] {processor.py:178} INFO - Processing /opt/airflow/dags/hadoop-2.7.3/share/hadoop/common/lib/gson-2.2.4.jar took 0.051 seconds
[2022-10-25T00:38:07.293+0000] {processor.py:156} INFO - Started process (PID=2280) to work on /opt/airflow/dags/hadoop-2.7.3/share/hadoop/common/lib/gson-2.2.4.jar
[2022-10-25T00:38:07.296+0000] {processor.py:758} INFO - Processing file /opt/airflow/dags/hadoop-2.7.3/share/hadoop/common/lib/gson-2.2.4.jar for tasks to queue
[2022-10-25T00:38:07.300+0000] {logging_mixin.py:117} INFO - [2022-10-25T00:38:07.300+0000] {dagbag.py:525} INFO - Filling up the DagBag from /opt/airflow/dags/hadoop-2.7.3/share/hadoop/common/lib/gson-2.2.4.jar
[2022-10-25T00:38:07.309+0000] {processor.py:770} WARNING - No viable dags retrieved from /opt/airflow/dags/hadoop-2.7.3/share/hadoop/common/lib/gson-2.2.4.jar
[2022-10-25T00:38:07.341+0000] {processor.py:178} INFO - Processing /opt/airflow/dags/hadoop-2.7.3/share/hadoop/common/lib/gson-2.2.4.jar took 0.053 seconds
[2022-10-25T00:38:17.595+0000] {processor.py:156} INFO - Started process (PID=4769) to work on /opt/airflow/dags/hadoop-2.7.3/share/hadoop/common/lib/gson-2.2.4.jar
[2022-10-25T00:38:17.597+0000] {processor.py:758} INFO - Processing file /opt/airflow/dags/hadoop-2.7.3/share/hadoop/common/lib/gson-2.2.4.jar for tasks to queue
[2022-10-25T00:38:17.598+0000] {logging_mixin.py:117} INFO - [2022-10-25T00:38:17.598+0000] {dagbag.py:525} INFO - Filling up the DagBag from /opt/airflow/dags/hadoop-2.7.3/share/hadoop/common/lib/gson-2.2.4.jar
[2022-10-25T00:38:17.609+0000] {processor.py:770} WARNING - No viable dags retrieved from /opt/airflow/dags/hadoop-2.7.3/share/hadoop/common/lib/gson-2.2.4.jar
[2022-10-25T00:38:17.641+0000] {processor.py:178} INFO - Processing /opt/airflow/dags/hadoop-2.7.3/share/hadoop/common/lib/gson-2.2.4.jar took 0.054 seconds
[2022-10-25T00:38:45.624+0000] {processor.py:156} INFO - Started process (PID=2796) to work on /opt/airflow/dags/hadoop-2.7.3/share/hadoop/common/lib/gson-2.2.4.jar
[2022-10-25T00:38:45.626+0000] {processor.py:758} INFO - Processing file /opt/airflow/dags/hadoop-2.7.3/share/hadoop/common/lib/gson-2.2.4.jar for tasks to queue
[2022-10-25T00:38:45.631+0000] {logging_mixin.py:117} INFO - [2022-10-25T00:38:45.631+0000] {dagbag.py:525} INFO - Filling up the DagBag from /opt/airflow/dags/hadoop-2.7.3/share/hadoop/common/lib/gson-2.2.4.jar
[2022-10-25T00:38:45.643+0000] {processor.py:770} WARNING - No viable dags retrieved from /opt/airflow/dags/hadoop-2.7.3/share/hadoop/common/lib/gson-2.2.4.jar
[2022-10-25T00:38:45.675+0000] {processor.py:178} INFO - Processing /opt/airflow/dags/hadoop-2.7.3/share/hadoop/common/lib/gson-2.2.4.jar took 0.057 seconds
[2022-10-25T00:38:54.727+0000] {processor.py:156} INFO - Started process (PID=5254) to work on /opt/airflow/dags/hadoop-2.7.3/share/hadoop/common/lib/gson-2.2.4.jar
[2022-10-25T00:38:54.729+0000] {processor.py:758} INFO - Processing file /opt/airflow/dags/hadoop-2.7.3/share/hadoop/common/lib/gson-2.2.4.jar for tasks to queue
[2022-10-25T00:38:54.732+0000] {logging_mixin.py:117} INFO - [2022-10-25T00:38:54.731+0000] {dagbag.py:525} INFO - Filling up the DagBag from /opt/airflow/dags/hadoop-2.7.3/share/hadoop/common/lib/gson-2.2.4.jar
[2022-10-25T00:38:54.748+0000] {processor.py:770} WARNING - No viable dags retrieved from /opt/airflow/dags/hadoop-2.7.3/share/hadoop/common/lib/gson-2.2.4.jar
[2022-10-25T00:38:54.789+0000] {processor.py:178} INFO - Processing /opt/airflow/dags/hadoop-2.7.3/share/hadoop/common/lib/gson-2.2.4.jar took 0.072 seconds
[2022-10-25T00:39:24.550+0000] {processor.py:156} INFO - Started process (PID=3311) to work on /opt/airflow/dags/hadoop-2.7.3/share/hadoop/common/lib/gson-2.2.4.jar
[2022-10-25T00:39:24.553+0000] {processor.py:758} INFO - Processing file /opt/airflow/dags/hadoop-2.7.3/share/hadoop/common/lib/gson-2.2.4.jar for tasks to queue
[2022-10-25T00:39:24.557+0000] {logging_mixin.py:117} INFO - [2022-10-25T00:39:24.557+0000] {dagbag.py:525} INFO - Filling up the DagBag from /opt/airflow/dags/hadoop-2.7.3/share/hadoop/common/lib/gson-2.2.4.jar
[2022-10-25T00:39:24.568+0000] {processor.py:770} WARNING - No viable dags retrieved from /opt/airflow/dags/hadoop-2.7.3/share/hadoop/common/lib/gson-2.2.4.jar
[2022-10-25T00:39:24.608+0000] {processor.py:178} INFO - Processing /opt/airflow/dags/hadoop-2.7.3/share/hadoop/common/lib/gson-2.2.4.jar took 0.067 seconds
[2022-10-25T00:40:22.179+0000] {processor.py:156} INFO - Started process (PID=5792) to work on /opt/airflow/dags/hadoop-2.7.3/share/hadoop/common/lib/gson-2.2.4.jar
[2022-10-25T00:40:22.183+0000] {processor.py:758} INFO - Processing file /opt/airflow/dags/hadoop-2.7.3/share/hadoop/common/lib/gson-2.2.4.jar for tasks to queue
[2022-10-25T00:40:22.186+0000] {logging_mixin.py:117} INFO - [2022-10-25T00:40:22.186+0000] {dagbag.py:525} INFO - Filling up the DagBag from /opt/airflow/dags/hadoop-2.7.3/share/hadoop/common/lib/gson-2.2.4.jar
[2022-10-25T00:40:22.197+0000] {processor.py:770} WARNING - No viable dags retrieved from /opt/airflow/dags/hadoop-2.7.3/share/hadoop/common/lib/gson-2.2.4.jar
[2022-10-25T00:40:22.236+0000] {processor.py:178} INFO - Processing /opt/airflow/dags/hadoop-2.7.3/share/hadoop/common/lib/gson-2.2.4.jar took 0.065 seconds
[2022-10-25T00:53:00.175+0000] {processor.py:156} INFO - Started process (PID=3794) to work on /opt/airflow/dags/hadoop-2.7.3/share/hadoop/common/lib/gson-2.2.4.jar
[2022-10-25T00:53:00.178+0000] {processor.py:758} INFO - Processing file /opt/airflow/dags/hadoop-2.7.3/share/hadoop/common/lib/gson-2.2.4.jar for tasks to queue
[2022-10-25T00:53:00.187+0000] {logging_mixin.py:117} INFO - [2022-10-25T00:53:00.187+0000] {dagbag.py:525} INFO - Filling up the DagBag from /opt/airflow/dags/hadoop-2.7.3/share/hadoop/common/lib/gson-2.2.4.jar
[2022-10-25T00:53:00.221+0000] {processor.py:770} WARNING - No viable dags retrieved from /opt/airflow/dags/hadoop-2.7.3/share/hadoop/common/lib/gson-2.2.4.jar
[2022-10-25T00:53:00.308+0000] {processor.py:178} INFO - Processing /opt/airflow/dags/hadoop-2.7.3/share/hadoop/common/lib/gson-2.2.4.jar took 0.141 seconds
[2022-10-25T00:53:18.262+0000] {processor.py:156} INFO - Started process (PID=6358) to work on /opt/airflow/dags/hadoop-2.7.3/share/hadoop/common/lib/gson-2.2.4.jar
[2022-10-25T00:53:18.265+0000] {processor.py:758} INFO - Processing file /opt/airflow/dags/hadoop-2.7.3/share/hadoop/common/lib/gson-2.2.4.jar for tasks to queue
[2022-10-25T00:53:18.268+0000] {logging_mixin.py:117} INFO - [2022-10-25T00:53:18.268+0000] {dagbag.py:525} INFO - Filling up the DagBag from /opt/airflow/dags/hadoop-2.7.3/share/hadoop/common/lib/gson-2.2.4.jar
[2022-10-25T00:53:18.282+0000] {processor.py:770} WARNING - No viable dags retrieved from /opt/airflow/dags/hadoop-2.7.3/share/hadoop/common/lib/gson-2.2.4.jar
[2022-10-25T00:53:18.314+0000] {processor.py:178} INFO - Processing /opt/airflow/dags/hadoop-2.7.3/share/hadoop/common/lib/gson-2.2.4.jar took 0.061 seconds
[2022-10-25T00:53:39.446+0000] {processor.py:156} INFO - Started process (PID=4280) to work on /opt/airflow/dags/hadoop-2.7.3/share/hadoop/common/lib/gson-2.2.4.jar
[2022-10-25T00:53:39.451+0000] {processor.py:758} INFO - Processing file /opt/airflow/dags/hadoop-2.7.3/share/hadoop/common/lib/gson-2.2.4.jar for tasks to queue
[2022-10-25T00:53:39.462+0000] {logging_mixin.py:117} INFO - [2022-10-25T00:53:39.461+0000] {dagbag.py:525} INFO - Filling up the DagBag from /opt/airflow/dags/hadoop-2.7.3/share/hadoop/common/lib/gson-2.2.4.jar
[2022-10-25T00:53:39.480+0000] {processor.py:770} WARNING - No viable dags retrieved from /opt/airflow/dags/hadoop-2.7.3/share/hadoop/common/lib/gson-2.2.4.jar
[2022-10-25T00:53:39.517+0000] {processor.py:178} INFO - Processing /opt/airflow/dags/hadoop-2.7.3/share/hadoop/common/lib/gson-2.2.4.jar took 0.081 seconds
[2022-10-25T00:53:52.548+0000] {processor.py:156} INFO - Started process (PID=6780) to work on /opt/airflow/dags/hadoop-2.7.3/share/hadoop/common/lib/gson-2.2.4.jar
[2022-10-25T00:53:52.551+0000] {processor.py:758} INFO - Processing file /opt/airflow/dags/hadoop-2.7.3/share/hadoop/common/lib/gson-2.2.4.jar for tasks to queue
[2022-10-25T00:53:52.553+0000] {logging_mixin.py:117} INFO - [2022-10-25T00:53:52.552+0000] {dagbag.py:525} INFO - Filling up the DagBag from /opt/airflow/dags/hadoop-2.7.3/share/hadoop/common/lib/gson-2.2.4.jar
[2022-10-25T00:53:52.563+0000] {processor.py:770} WARNING - No viable dags retrieved from /opt/airflow/dags/hadoop-2.7.3/share/hadoop/common/lib/gson-2.2.4.jar
[2022-10-25T00:53:52.598+0000] {processor.py:178} INFO - Processing /opt/airflow/dags/hadoop-2.7.3/share/hadoop/common/lib/gson-2.2.4.jar took 0.057 seconds
[2022-10-25T00:54:18.500+0000] {processor.py:156} INFO - Started process (PID=4789) to work on /opt/airflow/dags/hadoop-2.7.3/share/hadoop/common/lib/gson-2.2.4.jar
[2022-10-25T00:54:18.503+0000] {processor.py:758} INFO - Processing file /opt/airflow/dags/hadoop-2.7.3/share/hadoop/common/lib/gson-2.2.4.jar for tasks to queue
[2022-10-25T00:54:18.508+0000] {logging_mixin.py:117} INFO - [2022-10-25T00:54:18.508+0000] {dagbag.py:525} INFO - Filling up the DagBag from /opt/airflow/dags/hadoop-2.7.3/share/hadoop/common/lib/gson-2.2.4.jar
[2022-10-25T00:54:18.522+0000] {processor.py:770} WARNING - No viable dags retrieved from /opt/airflow/dags/hadoop-2.7.3/share/hadoop/common/lib/gson-2.2.4.jar
[2022-10-25T00:54:18.560+0000] {processor.py:178} INFO - Processing /opt/airflow/dags/hadoop-2.7.3/share/hadoop/common/lib/gson-2.2.4.jar took 0.071 seconds
[2022-10-25T00:54:40.066+0000] {processor.py:156} INFO - Started process (PID=7307) to work on /opt/airflow/dags/hadoop-2.7.3/share/hadoop/common/lib/gson-2.2.4.jar
[2022-10-25T00:54:40.069+0000] {processor.py:758} INFO - Processing file /opt/airflow/dags/hadoop-2.7.3/share/hadoop/common/lib/gson-2.2.4.jar for tasks to queue
[2022-10-25T00:54:40.071+0000] {logging_mixin.py:117} INFO - [2022-10-25T00:54:40.071+0000] {dagbag.py:525} INFO - Filling up the DagBag from /opt/airflow/dags/hadoop-2.7.3/share/hadoop/common/lib/gson-2.2.4.jar
[2022-10-25T00:54:40.085+0000] {processor.py:770} WARNING - No viable dags retrieved from /opt/airflow/dags/hadoop-2.7.3/share/hadoop/common/lib/gson-2.2.4.jar
[2022-10-25T00:54:40.137+0000] {processor.py:178} INFO - Processing /opt/airflow/dags/hadoop-2.7.3/share/hadoop/common/lib/gson-2.2.4.jar took 0.080 seconds
[2022-10-25T00:55:22.386+0000] {processor.py:156} INFO - Started process (PID=5316) to work on /opt/airflow/dags/hadoop-2.7.3/share/hadoop/common/lib/gson-2.2.4.jar
[2022-10-25T00:55:22.395+0000] {processor.py:758} INFO - Processing file /opt/airflow/dags/hadoop-2.7.3/share/hadoop/common/lib/gson-2.2.4.jar for tasks to queue
[2022-10-25T00:55:22.408+0000] {logging_mixin.py:117} INFO - [2022-10-25T00:55:22.407+0000] {dagbag.py:525} INFO - Filling up the DagBag from /opt/airflow/dags/hadoop-2.7.3/share/hadoop/common/lib/gson-2.2.4.jar
[2022-10-25T00:55:22.427+0000] {processor.py:770} WARNING - No viable dags retrieved from /opt/airflow/dags/hadoop-2.7.3/share/hadoop/common/lib/gson-2.2.4.jar
[2022-10-25T00:55:22.518+0000] {processor.py:178} INFO - Processing /opt/airflow/dags/hadoop-2.7.3/share/hadoop/common/lib/gson-2.2.4.jar took 0.243 seconds
[2022-10-25T00:55:42.601+0000] {processor.py:156} INFO - Started process (PID=7747) to work on /opt/airflow/dags/hadoop-2.7.3/share/hadoop/common/lib/gson-2.2.4.jar
[2022-10-25T00:55:42.623+0000] {processor.py:758} INFO - Processing file /opt/airflow/dags/hadoop-2.7.3/share/hadoop/common/lib/gson-2.2.4.jar for tasks to queue
[2022-10-25T00:55:42.635+0000] {logging_mixin.py:117} INFO - [2022-10-25T00:55:42.634+0000] {dagbag.py:525} INFO - Filling up the DagBag from /opt/airflow/dags/hadoop-2.7.3/share/hadoop/common/lib/gson-2.2.4.jar
[2022-10-25T00:55:42.670+0000] {processor.py:770} WARNING - No viable dags retrieved from /opt/airflow/dags/hadoop-2.7.3/share/hadoop/common/lib/gson-2.2.4.jar
[2022-10-25T00:55:42.768+0000] {processor.py:178} INFO - Processing /opt/airflow/dags/hadoop-2.7.3/share/hadoop/common/lib/gson-2.2.4.jar took 0.190 seconds
[2022-10-25T00:56:13.870+0000] {processor.py:156} INFO - Started process (PID=5629) to work on /opt/airflow/dags/hadoop-2.7.3/share/hadoop/common/lib/gson-2.2.4.jar
[2022-10-25T00:56:13.876+0000] {processor.py:758} INFO - Processing file /opt/airflow/dags/hadoop-2.7.3/share/hadoop/common/lib/gson-2.2.4.jar for tasks to queue
[2022-10-25T00:56:13.893+0000] {logging_mixin.py:117} INFO - [2022-10-25T00:56:13.893+0000] {dagbag.py:525} INFO - Filling up the DagBag from /opt/airflow/dags/hadoop-2.7.3/share/hadoop/common/lib/gson-2.2.4.jar
[2022-10-25T00:56:13.955+0000] {processor.py:770} WARNING - No viable dags retrieved from /opt/airflow/dags/hadoop-2.7.3/share/hadoop/common/lib/gson-2.2.4.jar
[2022-10-25T00:56:14.040+0000] {processor.py:178} INFO - Processing /opt/airflow/dags/hadoop-2.7.3/share/hadoop/common/lib/gson-2.2.4.jar took 0.195 seconds
[2022-10-25T00:56:45.066+0000] {processor.py:156} INFO - Started process (PID=8092) to work on /opt/airflow/dags/hadoop-2.7.3/share/hadoop/common/lib/gson-2.2.4.jar
[2022-10-25T00:56:45.070+0000] {processor.py:758} INFO - Processing file /opt/airflow/dags/hadoop-2.7.3/share/hadoop/common/lib/gson-2.2.4.jar for tasks to queue
[2022-10-25T00:56:45.074+0000] {logging_mixin.py:117} INFO - [2022-10-25T00:56:45.074+0000] {dagbag.py:525} INFO - Filling up the DagBag from /opt/airflow/dags/hadoop-2.7.3/share/hadoop/common/lib/gson-2.2.4.jar
[2022-10-25T00:56:45.096+0000] {processor.py:770} WARNING - No viable dags retrieved from /opt/airflow/dags/hadoop-2.7.3/share/hadoop/common/lib/gson-2.2.4.jar
[2022-10-25T00:56:45.195+0000] {processor.py:178} INFO - Processing /opt/airflow/dags/hadoop-2.7.3/share/hadoop/common/lib/gson-2.2.4.jar took 0.145 seconds
[2022-10-25T00:57:10.369+0000] {processor.py:156} INFO - Started process (PID=5980) to work on /opt/airflow/dags/hadoop-2.7.3/share/hadoop/common/lib/gson-2.2.4.jar
[2022-10-25T00:57:10.374+0000] {processor.py:758} INFO - Processing file /opt/airflow/dags/hadoop-2.7.3/share/hadoop/common/lib/gson-2.2.4.jar for tasks to queue
[2022-10-25T00:57:10.387+0000] {logging_mixin.py:117} INFO - [2022-10-25T00:57:10.386+0000] {dagbag.py:525} INFO - Filling up the DagBag from /opt/airflow/dags/hadoop-2.7.3/share/hadoop/common/lib/gson-2.2.4.jar
[2022-10-25T00:57:10.405+0000] {processor.py:770} WARNING - No viable dags retrieved from /opt/airflow/dags/hadoop-2.7.3/share/hadoop/common/lib/gson-2.2.4.jar
[2022-10-25T00:57:10.485+0000] {processor.py:178} INFO - Processing /opt/airflow/dags/hadoop-2.7.3/share/hadoop/common/lib/gson-2.2.4.jar took 0.129 seconds
[2022-10-25T14:08:25.761+0000] {processor.py:156} INFO - Started process (PID=18599) to work on /opt/airflow/dags/hadoop-2.7.3/share/hadoop/common/lib/gson-2.2.4.jar
[2022-10-25T14:08:25.763+0000] {processor.py:758} INFO - Processing file /opt/airflow/dags/hadoop-2.7.3/share/hadoop/common/lib/gson-2.2.4.jar for tasks to queue
[2022-10-25T14:08:25.765+0000] {logging_mixin.py:117} INFO - [2022-10-25T14:08:25.765+0000] {dagbag.py:525} INFO - Filling up the DagBag from /opt/airflow/dags/hadoop-2.7.3/share/hadoop/common/lib/gson-2.2.4.jar
[2022-10-25T14:08:25.778+0000] {processor.py:770} WARNING - No viable dags retrieved from /opt/airflow/dags/hadoop-2.7.3/share/hadoop/common/lib/gson-2.2.4.jar
[2022-10-25T14:08:25.816+0000] {processor.py:178} INFO - Processing /opt/airflow/dags/hadoop-2.7.3/share/hadoop/common/lib/gson-2.2.4.jar took 0.062 seconds
[2022-10-25T14:08:46.842+0000] {processor.py:156} INFO - Started process (PID=17524) to work on /opt/airflow/dags/hadoop-2.7.3/share/hadoop/common/lib/gson-2.2.4.jar
[2022-10-25T14:08:46.847+0000] {processor.py:758} INFO - Processing file /opt/airflow/dags/hadoop-2.7.3/share/hadoop/common/lib/gson-2.2.4.jar for tasks to queue
[2022-10-25T14:08:46.851+0000] {logging_mixin.py:117} INFO - [2022-10-25T14:08:46.850+0000] {dagbag.py:525} INFO - Filling up the DagBag from /opt/airflow/dags/hadoop-2.7.3/share/hadoop/common/lib/gson-2.2.4.jar
[2022-10-25T14:08:46.864+0000] {processor.py:770} WARNING - No viable dags retrieved from /opt/airflow/dags/hadoop-2.7.3/share/hadoop/common/lib/gson-2.2.4.jar
[2022-10-25T14:08:46.900+0000] {processor.py:178} INFO - Processing /opt/airflow/dags/hadoop-2.7.3/share/hadoop/common/lib/gson-2.2.4.jar took 0.067 seconds
[2022-10-25T14:09:18.130+0000] {processor.py:156} INFO - Started process (PID=19130) to work on /opt/airflow/dags/hadoop-2.7.3/share/hadoop/common/lib/gson-2.2.4.jar
[2022-10-25T14:09:18.135+0000] {processor.py:758} INFO - Processing file /opt/airflow/dags/hadoop-2.7.3/share/hadoop/common/lib/gson-2.2.4.jar for tasks to queue
[2022-10-25T14:09:18.137+0000] {logging_mixin.py:117} INFO - [2022-10-25T14:09:18.137+0000] {dagbag.py:525} INFO - Filling up the DagBag from /opt/airflow/dags/hadoop-2.7.3/share/hadoop/common/lib/gson-2.2.4.jar
[2022-10-25T14:09:18.152+0000] {processor.py:770} WARNING - No viable dags retrieved from /opt/airflow/dags/hadoop-2.7.3/share/hadoop/common/lib/gson-2.2.4.jar
[2022-10-25T14:09:18.200+0000] {processor.py:178} INFO - Processing /opt/airflow/dags/hadoop-2.7.3/share/hadoop/common/lib/gson-2.2.4.jar took 0.079 seconds
[2022-10-25T14:09:33.181+0000] {processor.py:156} INFO - Started process (PID=18040) to work on /opt/airflow/dags/hadoop-2.7.3/share/hadoop/common/lib/gson-2.2.4.jar
[2022-10-25T14:09:33.186+0000] {processor.py:758} INFO - Processing file /opt/airflow/dags/hadoop-2.7.3/share/hadoop/common/lib/gson-2.2.4.jar for tasks to queue
[2022-10-25T14:09:33.188+0000] {logging_mixin.py:117} INFO - [2022-10-25T14:09:33.188+0000] {dagbag.py:525} INFO - Filling up the DagBag from /opt/airflow/dags/hadoop-2.7.3/share/hadoop/common/lib/gson-2.2.4.jar
[2022-10-25T14:09:33.200+0000] {processor.py:770} WARNING - No viable dags retrieved from /opt/airflow/dags/hadoop-2.7.3/share/hadoop/common/lib/gson-2.2.4.jar
[2022-10-25T14:09:33.247+0000] {processor.py:178} INFO - Processing /opt/airflow/dags/hadoop-2.7.3/share/hadoop/common/lib/gson-2.2.4.jar took 0.076 seconds
[2022-10-25T14:09:59.234+0000] {processor.py:156} INFO - Started process (PID=19646) to work on /opt/airflow/dags/hadoop-2.7.3/share/hadoop/common/lib/gson-2.2.4.jar
[2022-10-25T14:09:59.237+0000] {processor.py:758} INFO - Processing file /opt/airflow/dags/hadoop-2.7.3/share/hadoop/common/lib/gson-2.2.4.jar for tasks to queue
[2022-10-25T14:09:59.240+0000] {logging_mixin.py:117} INFO - [2022-10-25T14:09:59.240+0000] {dagbag.py:525} INFO - Filling up the DagBag from /opt/airflow/dags/hadoop-2.7.3/share/hadoop/common/lib/gson-2.2.4.jar
[2022-10-25T14:09:59.249+0000] {processor.py:770} WARNING - No viable dags retrieved from /opt/airflow/dags/hadoop-2.7.3/share/hadoop/common/lib/gson-2.2.4.jar
[2022-10-25T14:09:59.284+0000] {processor.py:178} INFO - Processing /opt/airflow/dags/hadoop-2.7.3/share/hadoop/common/lib/gson-2.2.4.jar took 0.057 seconds
[2022-10-25T14:10:12.219+0000] {processor.py:156} INFO - Started process (PID=18525) to work on /opt/airflow/dags/hadoop-2.7.3/share/hadoop/common/lib/gson-2.2.4.jar
[2022-10-25T14:10:12.222+0000] {processor.py:758} INFO - Processing file /opt/airflow/dags/hadoop-2.7.3/share/hadoop/common/lib/gson-2.2.4.jar for tasks to queue
[2022-10-25T14:10:12.224+0000] {logging_mixin.py:117} INFO - [2022-10-25T14:10:12.224+0000] {dagbag.py:525} INFO - Filling up the DagBag from /opt/airflow/dags/hadoop-2.7.3/share/hadoop/common/lib/gson-2.2.4.jar
[2022-10-25T14:10:12.233+0000] {processor.py:770} WARNING - No viable dags retrieved from /opt/airflow/dags/hadoop-2.7.3/share/hadoop/common/lib/gson-2.2.4.jar
[2022-10-25T14:10:12.267+0000] {processor.py:178} INFO - Processing /opt/airflow/dags/hadoop-2.7.3/share/hadoop/common/lib/gson-2.2.4.jar took 0.056 seconds
[2022-10-25T14:10:32.651+0000] {processor.py:156} INFO - Started process (PID=20032) to work on /opt/airflow/dags/hadoop-2.7.3/share/hadoop/common/lib/gson-2.2.4.jar
[2022-10-25T14:10:32.657+0000] {processor.py:758} INFO - Processing file /opt/airflow/dags/hadoop-2.7.3/share/hadoop/common/lib/gson-2.2.4.jar for tasks to queue
[2022-10-25T14:10:32.660+0000] {logging_mixin.py:117} INFO - [2022-10-25T14:10:32.659+0000] {dagbag.py:525} INFO - Filling up the DagBag from /opt/airflow/dags/hadoop-2.7.3/share/hadoop/common/lib/gson-2.2.4.jar
[2022-10-25T14:10:32.678+0000] {processor.py:770} WARNING - No viable dags retrieved from /opt/airflow/dags/hadoop-2.7.3/share/hadoop/common/lib/gson-2.2.4.jar
[2022-10-25T14:10:32.728+0000] {processor.py:178} INFO - Processing /opt/airflow/dags/hadoop-2.7.3/share/hadoop/common/lib/gson-2.2.4.jar took 0.086 seconds
[2022-10-25T14:10:52.078+0000] {processor.py:156} INFO - Started process (PID=18985) to work on /opt/airflow/dags/hadoop-2.7.3/share/hadoop/common/lib/gson-2.2.4.jar
[2022-10-25T14:10:52.082+0000] {processor.py:758} INFO - Processing file /opt/airflow/dags/hadoop-2.7.3/share/hadoop/common/lib/gson-2.2.4.jar for tasks to queue
[2022-10-25T14:10:52.086+0000] {logging_mixin.py:117} INFO - [2022-10-25T14:10:52.086+0000] {dagbag.py:525} INFO - Filling up the DagBag from /opt/airflow/dags/hadoop-2.7.3/share/hadoop/common/lib/gson-2.2.4.jar
[2022-10-25T14:10:52.104+0000] {processor.py:770} WARNING - No viable dags retrieved from /opt/airflow/dags/hadoop-2.7.3/share/hadoop/common/lib/gson-2.2.4.jar
[2022-10-25T14:10:52.160+0000] {processor.py:178} INFO - Processing /opt/airflow/dags/hadoop-2.7.3/share/hadoop/common/lib/gson-2.2.4.jar took 0.096 seconds
[2022-10-25T14:11:11.300+0000] {processor.py:156} INFO - Started process (PID=20518) to work on /opt/airflow/dags/hadoop-2.7.3/share/hadoop/common/lib/gson-2.2.4.jar
[2022-10-25T14:11:11.302+0000] {processor.py:758} INFO - Processing file /opt/airflow/dags/hadoop-2.7.3/share/hadoop/common/lib/gson-2.2.4.jar for tasks to queue
[2022-10-25T14:11:11.304+0000] {logging_mixin.py:117} INFO - [2022-10-25T14:11:11.304+0000] {dagbag.py:525} INFO - Filling up the DagBag from /opt/airflow/dags/hadoop-2.7.3/share/hadoop/common/lib/gson-2.2.4.jar
[2022-10-25T14:11:11.317+0000] {processor.py:770} WARNING - No viable dags retrieved from /opt/airflow/dags/hadoop-2.7.3/share/hadoop/common/lib/gson-2.2.4.jar
[2022-10-25T14:11:11.360+0000] {processor.py:178} INFO - Processing /opt/airflow/dags/hadoop-2.7.3/share/hadoop/common/lib/gson-2.2.4.jar took 0.067 seconds
[2022-10-25T14:11:29.970+0000] {processor.py:156} INFO - Started process (PID=19442) to work on /opt/airflow/dags/hadoop-2.7.3/share/hadoop/common/lib/gson-2.2.4.jar
[2022-10-25T14:11:29.972+0000] {processor.py:758} INFO - Processing file /opt/airflow/dags/hadoop-2.7.3/share/hadoop/common/lib/gson-2.2.4.jar for tasks to queue
[2022-10-25T14:11:29.974+0000] {logging_mixin.py:117} INFO - [2022-10-25T14:11:29.974+0000] {dagbag.py:525} INFO - Filling up the DagBag from /opt/airflow/dags/hadoop-2.7.3/share/hadoop/common/lib/gson-2.2.4.jar
[2022-10-25T14:11:29.983+0000] {processor.py:770} WARNING - No viable dags retrieved from /opt/airflow/dags/hadoop-2.7.3/share/hadoop/common/lib/gson-2.2.4.jar
[2022-10-25T14:11:30.028+0000] {processor.py:178} INFO - Processing /opt/airflow/dags/hadoop-2.7.3/share/hadoop/common/lib/gson-2.2.4.jar took 0.063 seconds
[2022-10-25T14:11:45.956+0000] {processor.py:156} INFO - Started process (PID=20936) to work on /opt/airflow/dags/hadoop-2.7.3/share/hadoop/common/lib/gson-2.2.4.jar
[2022-10-25T14:11:45.965+0000] {processor.py:758} INFO - Processing file /opt/airflow/dags/hadoop-2.7.3/share/hadoop/common/lib/gson-2.2.4.jar for tasks to queue
[2022-10-25T14:11:45.981+0000] {logging_mixin.py:117} INFO - [2022-10-25T14:11:45.981+0000] {dagbag.py:525} INFO - Filling up the DagBag from /opt/airflow/dags/hadoop-2.7.3/share/hadoop/common/lib/gson-2.2.4.jar
[2022-10-25T14:11:46.000+0000] {processor.py:770} WARNING - No viable dags retrieved from /opt/airflow/dags/hadoop-2.7.3/share/hadoop/common/lib/gson-2.2.4.jar
[2022-10-25T14:11:46.042+0000] {processor.py:178} INFO - Processing /opt/airflow/dags/hadoop-2.7.3/share/hadoop/common/lib/gson-2.2.4.jar took 0.098 seconds
[2022-10-25T14:12:08.032+0000] {processor.py:156} INFO - Started process (PID=19880) to work on /opt/airflow/dags/hadoop-2.7.3/share/hadoop/common/lib/gson-2.2.4.jar
[2022-10-25T14:12:08.037+0000] {processor.py:758} INFO - Processing file /opt/airflow/dags/hadoop-2.7.3/share/hadoop/common/lib/gson-2.2.4.jar for tasks to queue
[2022-10-25T14:12:08.039+0000] {logging_mixin.py:117} INFO - [2022-10-25T14:12:08.039+0000] {dagbag.py:525} INFO - Filling up the DagBag from /opt/airflow/dags/hadoop-2.7.3/share/hadoop/common/lib/gson-2.2.4.jar
[2022-10-25T14:12:08.055+0000] {processor.py:770} WARNING - No viable dags retrieved from /opt/airflow/dags/hadoop-2.7.3/share/hadoop/common/lib/gson-2.2.4.jar
[2022-10-25T14:12:08.108+0000] {processor.py:178} INFO - Processing /opt/airflow/dags/hadoop-2.7.3/share/hadoop/common/lib/gson-2.2.4.jar took 0.090 seconds
[2022-10-25T14:12:51.366+0000] {processor.py:156} INFO - Started process (PID=20390) to work on /opt/airflow/dags/hadoop-2.7.3/share/hadoop/common/lib/gson-2.2.4.jar
[2022-10-25T14:12:51.369+0000] {processor.py:758} INFO - Processing file /opt/airflow/dags/hadoop-2.7.3/share/hadoop/common/lib/gson-2.2.4.jar for tasks to queue
[2022-10-25T14:12:51.373+0000] {logging_mixin.py:117} INFO - [2022-10-25T14:12:51.373+0000] {dagbag.py:525} INFO - Filling up the DagBag from /opt/airflow/dags/hadoop-2.7.3/share/hadoop/common/lib/gson-2.2.4.jar
[2022-10-25T14:12:51.386+0000] {processor.py:770} WARNING - No viable dags retrieved from /opt/airflow/dags/hadoop-2.7.3/share/hadoop/common/lib/gson-2.2.4.jar
[2022-10-25T14:12:51.429+0000] {processor.py:178} INFO - Processing /opt/airflow/dags/hadoop-2.7.3/share/hadoop/common/lib/gson-2.2.4.jar took 0.071 seconds
[2022-10-25T14:13:11.799+0000] {processor.py:156} INFO - Started process (PID=21457) to work on /opt/airflow/dags/hadoop-2.7.3/share/hadoop/common/lib/gson-2.2.4.jar
[2022-10-25T14:13:11.805+0000] {processor.py:758} INFO - Processing file /opt/airflow/dags/hadoop-2.7.3/share/hadoop/common/lib/gson-2.2.4.jar for tasks to queue
[2022-10-25T14:13:11.811+0000] {logging_mixin.py:117} INFO - [2022-10-25T14:13:11.811+0000] {dagbag.py:525} INFO - Filling up the DagBag from /opt/airflow/dags/hadoop-2.7.3/share/hadoop/common/lib/gson-2.2.4.jar
[2022-10-25T14:13:11.842+0000] {processor.py:770} WARNING - No viable dags retrieved from /opt/airflow/dags/hadoop-2.7.3/share/hadoop/common/lib/gson-2.2.4.jar
[2022-10-25T14:13:11.912+0000] {processor.py:178} INFO - Processing /opt/airflow/dags/hadoop-2.7.3/share/hadoop/common/lib/gson-2.2.4.jar took 0.125 seconds
[2022-10-25T14:13:44.905+0000] {processor.py:156} INFO - Started process (PID=20576) to work on /opt/airflow/dags/hadoop-2.7.3/share/hadoop/common/lib/gson-2.2.4.jar
[2022-10-25T14:13:44.907+0000] {processor.py:758} INFO - Processing file /opt/airflow/dags/hadoop-2.7.3/share/hadoop/common/lib/gson-2.2.4.jar for tasks to queue
[2022-10-25T14:13:44.911+0000] {logging_mixin.py:117} INFO - [2022-10-25T14:13:44.910+0000] {dagbag.py:525} INFO - Filling up the DagBag from /opt/airflow/dags/hadoop-2.7.3/share/hadoop/common/lib/gson-2.2.4.jar
[2022-10-25T14:13:44.933+0000] {processor.py:770} WARNING - No viable dags retrieved from /opt/airflow/dags/hadoop-2.7.3/share/hadoop/common/lib/gson-2.2.4.jar
[2022-10-25T14:13:44.982+0000] {processor.py:178} INFO - Processing /opt/airflow/dags/hadoop-2.7.3/share/hadoop/common/lib/gson-2.2.4.jar took 0.083 seconds
[2022-10-25T14:13:50.278+0000] {processor.py:156} INFO - Started process (PID=21965) to work on /opt/airflow/dags/hadoop-2.7.3/share/hadoop/common/lib/gson-2.2.4.jar
[2022-10-25T14:13:50.281+0000] {processor.py:758} INFO - Processing file /opt/airflow/dags/hadoop-2.7.3/share/hadoop/common/lib/gson-2.2.4.jar for tasks to queue
[2022-10-25T14:13:50.282+0000] {logging_mixin.py:117} INFO - [2022-10-25T14:13:50.282+0000] {dagbag.py:525} INFO - Filling up the DagBag from /opt/airflow/dags/hadoop-2.7.3/share/hadoop/common/lib/gson-2.2.4.jar
[2022-10-25T14:13:50.294+0000] {processor.py:770} WARNING - No viable dags retrieved from /opt/airflow/dags/hadoop-2.7.3/share/hadoop/common/lib/gson-2.2.4.jar
[2022-10-25T14:13:50.329+0000] {processor.py:178} INFO - Processing /opt/airflow/dags/hadoop-2.7.3/share/hadoop/common/lib/gson-2.2.4.jar took 0.060 seconds
[2022-10-25T14:14:25.958+0000] {processor.py:156} INFO - Started process (PID=22357) to work on /opt/airflow/dags/hadoop-2.7.3/share/hadoop/common/lib/gson-2.2.4.jar
[2022-10-25T14:14:25.962+0000] {processor.py:758} INFO - Processing file /opt/airflow/dags/hadoop-2.7.3/share/hadoop/common/lib/gson-2.2.4.jar for tasks to queue
[2022-10-25T14:14:25.964+0000] {logging_mixin.py:117} INFO - [2022-10-25T14:14:25.964+0000] {dagbag.py:525} INFO - Filling up the DagBag from /opt/airflow/dags/hadoop-2.7.3/share/hadoop/common/lib/gson-2.2.4.jar
[2022-10-25T14:14:25.978+0000] {processor.py:770} WARNING - No viable dags retrieved from /opt/airflow/dags/hadoop-2.7.3/share/hadoop/common/lib/gson-2.2.4.jar
[2022-10-25T14:14:26.024+0000] {processor.py:178} INFO - Processing /opt/airflow/dags/hadoop-2.7.3/share/hadoop/common/lib/gson-2.2.4.jar took 0.079 seconds
[2022-10-25T14:14:26.326+0000] {processor.py:156} INFO - Started process (PID=21034) to work on /opt/airflow/dags/hadoop-2.7.3/share/hadoop/common/lib/gson-2.2.4.jar
[2022-10-25T14:14:26.329+0000] {processor.py:758} INFO - Processing file /opt/airflow/dags/hadoop-2.7.3/share/hadoop/common/lib/gson-2.2.4.jar for tasks to queue
[2022-10-25T14:14:26.331+0000] {logging_mixin.py:117} INFO - [2022-10-25T14:14:26.331+0000] {dagbag.py:525} INFO - Filling up the DagBag from /opt/airflow/dags/hadoop-2.7.3/share/hadoop/common/lib/gson-2.2.4.jar
[2022-10-25T14:14:26.344+0000] {processor.py:770} WARNING - No viable dags retrieved from /opt/airflow/dags/hadoop-2.7.3/share/hadoop/common/lib/gson-2.2.4.jar
[2022-10-25T14:14:26.391+0000] {processor.py:178} INFO - Processing /opt/airflow/dags/hadoop-2.7.3/share/hadoop/common/lib/gson-2.2.4.jar took 0.074 seconds
[2022-10-25T14:15:01.763+0000] {processor.py:156} INFO - Started process (PID=22731) to work on /opt/airflow/dags/hadoop-2.7.3/share/hadoop/common/lib/gson-2.2.4.jar
[2022-10-25T14:15:01.766+0000] {processor.py:758} INFO - Processing file /opt/airflow/dags/hadoop-2.7.3/share/hadoop/common/lib/gson-2.2.4.jar for tasks to queue
[2022-10-25T14:15:01.770+0000] {logging_mixin.py:117} INFO - [2022-10-25T14:15:01.770+0000] {dagbag.py:525} INFO - Filling up the DagBag from /opt/airflow/dags/hadoop-2.7.3/share/hadoop/common/lib/gson-2.2.4.jar
[2022-10-25T14:15:01.790+0000] {processor.py:770} WARNING - No viable dags retrieved from /opt/airflow/dags/hadoop-2.7.3/share/hadoop/common/lib/gson-2.2.4.jar
[2022-10-25T14:15:01.841+0000] {processor.py:178} INFO - Processing /opt/airflow/dags/hadoop-2.7.3/share/hadoop/common/lib/gson-2.2.4.jar took 0.088 seconds
[2022-10-25T14:15:14.824+0000] {processor.py:156} INFO - Started process (PID=21557) to work on /opt/airflow/dags/hadoop-2.7.3/share/hadoop/common/lib/gson-2.2.4.jar
[2022-10-25T14:15:14.827+0000] {processor.py:758} INFO - Processing file /opt/airflow/dags/hadoop-2.7.3/share/hadoop/common/lib/gson-2.2.4.jar for tasks to queue
[2022-10-25T14:15:14.829+0000] {logging_mixin.py:117} INFO - [2022-10-25T14:15:14.829+0000] {dagbag.py:525} INFO - Filling up the DagBag from /opt/airflow/dags/hadoop-2.7.3/share/hadoop/common/lib/gson-2.2.4.jar
[2022-10-25T14:15:14.846+0000] {processor.py:770} WARNING - No viable dags retrieved from /opt/airflow/dags/hadoop-2.7.3/share/hadoop/common/lib/gson-2.2.4.jar
[2022-10-25T14:15:14.921+0000] {processor.py:178} INFO - Processing /opt/airflow/dags/hadoop-2.7.3/share/hadoop/common/lib/gson-2.2.4.jar took 0.113 seconds
[2022-10-25T14:15:54.138+0000] {processor.py:156} INFO - Started process (PID=23172) to work on /opt/airflow/dags/hadoop-2.7.3/share/hadoop/common/lib/gson-2.2.4.jar
[2022-10-25T14:15:54.142+0000] {processor.py:758} INFO - Processing file /opt/airflow/dags/hadoop-2.7.3/share/hadoop/common/lib/gson-2.2.4.jar for tasks to queue
[2022-10-25T14:15:54.147+0000] {logging_mixin.py:117} INFO - [2022-10-25T14:15:54.146+0000] {dagbag.py:525} INFO - Filling up the DagBag from /opt/airflow/dags/hadoop-2.7.3/share/hadoop/common/lib/gson-2.2.4.jar
[2022-10-25T14:15:54.160+0000] {processor.py:770} WARNING - No viable dags retrieved from /opt/airflow/dags/hadoop-2.7.3/share/hadoop/common/lib/gson-2.2.4.jar
[2022-10-25T14:15:54.213+0000] {processor.py:178} INFO - Processing /opt/airflow/dags/hadoop-2.7.3/share/hadoop/common/lib/gson-2.2.4.jar took 0.088 seconds
[2022-10-25T14:16:10.878+0000] {processor.py:156} INFO - Started process (PID=22063) to work on /opt/airflow/dags/hadoop-2.7.3/share/hadoop/common/lib/gson-2.2.4.jar
[2022-10-25T14:16:10.885+0000] {processor.py:758} INFO - Processing file /opt/airflow/dags/hadoop-2.7.3/share/hadoop/common/lib/gson-2.2.4.jar for tasks to queue
[2022-10-25T14:16:10.889+0000] {logging_mixin.py:117} INFO - [2022-10-25T14:16:10.889+0000] {dagbag.py:525} INFO - Filling up the DagBag from /opt/airflow/dags/hadoop-2.7.3/share/hadoop/common/lib/gson-2.2.4.jar
[2022-10-25T14:16:10.900+0000] {processor.py:770} WARNING - No viable dags retrieved from /opt/airflow/dags/hadoop-2.7.3/share/hadoop/common/lib/gson-2.2.4.jar
[2022-10-25T14:16:10.981+0000] {processor.py:178} INFO - Processing /opt/airflow/dags/hadoop-2.7.3/share/hadoop/common/lib/gson-2.2.4.jar took 0.116 seconds
[2022-10-25T14:16:38.246+0000] {processor.py:156} INFO - Started process (PID=23654) to work on /opt/airflow/dags/hadoop-2.7.3/share/hadoop/common/lib/gson-2.2.4.jar
[2022-10-25T14:16:38.248+0000] {processor.py:758} INFO - Processing file /opt/airflow/dags/hadoop-2.7.3/share/hadoop/common/lib/gson-2.2.4.jar for tasks to queue
[2022-10-25T14:16:38.250+0000] {logging_mixin.py:117} INFO - [2022-10-25T14:16:38.250+0000] {dagbag.py:525} INFO - Filling up the DagBag from /opt/airflow/dags/hadoop-2.7.3/share/hadoop/common/lib/gson-2.2.4.jar
[2022-10-25T14:16:38.265+0000] {processor.py:770} WARNING - No viable dags retrieved from /opt/airflow/dags/hadoop-2.7.3/share/hadoop/common/lib/gson-2.2.4.jar
[2022-10-25T14:16:38.298+0000] {processor.py:178} INFO - Processing /opt/airflow/dags/hadoop-2.7.3/share/hadoop/common/lib/gson-2.2.4.jar took 0.059 seconds
[2022-10-25T14:16:52.180+0000] {processor.py:156} INFO - Started process (PID=22449) to work on /opt/airflow/dags/hadoop-2.7.3/share/hadoop/common/lib/gson-2.2.4.jar
[2022-10-25T14:16:52.183+0000] {processor.py:758} INFO - Processing file /opt/airflow/dags/hadoop-2.7.3/share/hadoop/common/lib/gson-2.2.4.jar for tasks to queue
[2022-10-25T14:16:52.188+0000] {logging_mixin.py:117} INFO - [2022-10-25T14:16:52.187+0000] {dagbag.py:525} INFO - Filling up the DagBag from /opt/airflow/dags/hadoop-2.7.3/share/hadoop/common/lib/gson-2.2.4.jar
[2022-10-25T14:16:52.201+0000] {processor.py:770} WARNING - No viable dags retrieved from /opt/airflow/dags/hadoop-2.7.3/share/hadoop/common/lib/gson-2.2.4.jar
[2022-10-25T14:16:52.257+0000] {processor.py:178} INFO - Processing /opt/airflow/dags/hadoop-2.7.3/share/hadoop/common/lib/gson-2.2.4.jar took 0.088 seconds
[2022-10-25T14:17:45.805+0000] {processor.py:156} INFO - Started process (PID=22948) to work on /opt/airflow/dags/hadoop-2.7.3/share/hadoop/common/lib/gson-2.2.4.jar
[2022-10-25T14:17:45.813+0000] {processor.py:758} INFO - Processing file /opt/airflow/dags/hadoop-2.7.3/share/hadoop/common/lib/gson-2.2.4.jar for tasks to queue
[2022-10-25T14:17:45.816+0000] {logging_mixin.py:117} INFO - [2022-10-25T14:17:45.816+0000] {dagbag.py:525} INFO - Filling up the DagBag from /opt/airflow/dags/hadoop-2.7.3/share/hadoop/common/lib/gson-2.2.4.jar
[2022-10-25T14:17:45.831+0000] {processor.py:770} WARNING - No viable dags retrieved from /opt/airflow/dags/hadoop-2.7.3/share/hadoop/common/lib/gson-2.2.4.jar
[2022-10-25T14:17:45.874+0000] {processor.py:178} INFO - Processing /opt/airflow/dags/hadoop-2.7.3/share/hadoop/common/lib/gson-2.2.4.jar took 0.083 seconds
