[2022-10-25T00:25:27.846+0000] {processor.py:156} INFO - Started process (PID=4249) to work on /opt/airflow/dags/hadoop-2.7.3/share/hadoop/common/lib/jetty-util-6.1.26.jar
[2022-10-25T00:25:27.851+0000] {processor.py:758} INFO - Processing file /opt/airflow/dags/hadoop-2.7.3/share/hadoop/common/lib/jetty-util-6.1.26.jar for tasks to queue
[2022-10-25T00:25:27.861+0000] {logging_mixin.py:117} INFO - [2022-10-25T00:25:27.860+0000] {dagbag.py:525} INFO - Filling up the DagBag from /opt/airflow/dags/hadoop-2.7.3/share/hadoop/common/lib/jetty-util-6.1.26.jar
[2022-10-25T00:25:27.873+0000] {processor.py:770} WARNING - No viable dags retrieved from /opt/airflow/dags/hadoop-2.7.3/share/hadoop/common/lib/jetty-util-6.1.26.jar
[2022-10-25T00:25:27.904+0000] {processor.py:178} INFO - Processing /opt/airflow/dags/hadoop-2.7.3/share/hadoop/common/lib/jetty-util-6.1.26.jar took 0.074 seconds
[2022-10-25T00:38:09.169+0000] {processor.py:156} INFO - Started process (PID=2301) to work on /opt/airflow/dags/hadoop-2.7.3/share/hadoop/common/lib/jetty-util-6.1.26.jar
[2022-10-25T00:38:09.172+0000] {processor.py:758} INFO - Processing file /opt/airflow/dags/hadoop-2.7.3/share/hadoop/common/lib/jetty-util-6.1.26.jar for tasks to queue
[2022-10-25T00:38:09.178+0000] {logging_mixin.py:117} INFO - [2022-10-25T00:38:09.178+0000] {dagbag.py:525} INFO - Filling up the DagBag from /opt/airflow/dags/hadoop-2.7.3/share/hadoop/common/lib/jetty-util-6.1.26.jar
[2022-10-25T00:38:09.188+0000] {processor.py:770} WARNING - No viable dags retrieved from /opt/airflow/dags/hadoop-2.7.3/share/hadoop/common/lib/jetty-util-6.1.26.jar
[2022-10-25T00:38:09.231+0000] {processor.py:178} INFO - Processing /opt/airflow/dags/hadoop-2.7.3/share/hadoop/common/lib/jetty-util-6.1.26.jar took 0.070 seconds
[2022-10-25T00:38:18.984+0000] {processor.py:156} INFO - Started process (PID=4790) to work on /opt/airflow/dags/hadoop-2.7.3/share/hadoop/common/lib/jetty-util-6.1.26.jar
[2022-10-25T00:38:18.986+0000] {processor.py:758} INFO - Processing file /opt/airflow/dags/hadoop-2.7.3/share/hadoop/common/lib/jetty-util-6.1.26.jar for tasks to queue
[2022-10-25T00:38:18.988+0000] {logging_mixin.py:117} INFO - [2022-10-25T00:38:18.987+0000] {dagbag.py:525} INFO - Filling up the DagBag from /opt/airflow/dags/hadoop-2.7.3/share/hadoop/common/lib/jetty-util-6.1.26.jar
[2022-10-25T00:38:19.000+0000] {processor.py:770} WARNING - No viable dags retrieved from /opt/airflow/dags/hadoop-2.7.3/share/hadoop/common/lib/jetty-util-6.1.26.jar
[2022-10-25T00:38:19.044+0000] {processor.py:178} INFO - Processing /opt/airflow/dags/hadoop-2.7.3/share/hadoop/common/lib/jetty-util-6.1.26.jar took 0.067 seconds
[2022-10-25T00:38:47.302+0000] {processor.py:156} INFO - Started process (PID=2817) to work on /opt/airflow/dags/hadoop-2.7.3/share/hadoop/common/lib/jetty-util-6.1.26.jar
[2022-10-25T00:38:47.304+0000] {processor.py:758} INFO - Processing file /opt/airflow/dags/hadoop-2.7.3/share/hadoop/common/lib/jetty-util-6.1.26.jar for tasks to queue
[2022-10-25T00:38:47.310+0000] {logging_mixin.py:117} INFO - [2022-10-25T00:38:47.310+0000] {dagbag.py:525} INFO - Filling up the DagBag from /opt/airflow/dags/hadoop-2.7.3/share/hadoop/common/lib/jetty-util-6.1.26.jar
[2022-10-25T00:38:47.329+0000] {processor.py:770} WARNING - No viable dags retrieved from /opt/airflow/dags/hadoop-2.7.3/share/hadoop/common/lib/jetty-util-6.1.26.jar
[2022-10-25T00:38:47.372+0000] {processor.py:178} INFO - Processing /opt/airflow/dags/hadoop-2.7.3/share/hadoop/common/lib/jetty-util-6.1.26.jar took 0.084 seconds
[2022-10-25T00:38:56.600+0000] {processor.py:156} INFO - Started process (PID=5275) to work on /opt/airflow/dags/hadoop-2.7.3/share/hadoop/common/lib/jetty-util-6.1.26.jar
[2022-10-25T00:38:56.602+0000] {processor.py:758} INFO - Processing file /opt/airflow/dags/hadoop-2.7.3/share/hadoop/common/lib/jetty-util-6.1.26.jar for tasks to queue
[2022-10-25T00:38:56.605+0000] {logging_mixin.py:117} INFO - [2022-10-25T00:38:56.605+0000] {dagbag.py:525} INFO - Filling up the DagBag from /opt/airflow/dags/hadoop-2.7.3/share/hadoop/common/lib/jetty-util-6.1.26.jar
[2022-10-25T00:38:56.619+0000] {processor.py:770} WARNING - No viable dags retrieved from /opt/airflow/dags/hadoop-2.7.3/share/hadoop/common/lib/jetty-util-6.1.26.jar
[2022-10-25T00:38:56.679+0000] {processor.py:178} INFO - Processing /opt/airflow/dags/hadoop-2.7.3/share/hadoop/common/lib/jetty-util-6.1.26.jar took 0.088 seconds
[2022-10-25T00:39:26.224+0000] {processor.py:156} INFO - Started process (PID=3332) to work on /opt/airflow/dags/hadoop-2.7.3/share/hadoop/common/lib/jetty-util-6.1.26.jar
[2022-10-25T00:39:26.226+0000] {processor.py:758} INFO - Processing file /opt/airflow/dags/hadoop-2.7.3/share/hadoop/common/lib/jetty-util-6.1.26.jar for tasks to queue
[2022-10-25T00:39:26.234+0000] {logging_mixin.py:117} INFO - [2022-10-25T00:39:26.234+0000] {dagbag.py:525} INFO - Filling up the DagBag from /opt/airflow/dags/hadoop-2.7.3/share/hadoop/common/lib/jetty-util-6.1.26.jar
[2022-10-25T00:39:26.246+0000] {processor.py:770} WARNING - No viable dags retrieved from /opt/airflow/dags/hadoop-2.7.3/share/hadoop/common/lib/jetty-util-6.1.26.jar
[2022-10-25T00:39:26.283+0000] {processor.py:178} INFO - Processing /opt/airflow/dags/hadoop-2.7.3/share/hadoop/common/lib/jetty-util-6.1.26.jar took 0.068 seconds
[2022-10-25T00:40:23.343+0000] {processor.py:156} INFO - Started process (PID=5813) to work on /opt/airflow/dags/hadoop-2.7.3/share/hadoop/common/lib/jetty-util-6.1.26.jar
[2022-10-25T00:40:23.346+0000] {processor.py:758} INFO - Processing file /opt/airflow/dags/hadoop-2.7.3/share/hadoop/common/lib/jetty-util-6.1.26.jar for tasks to queue
[2022-10-25T00:40:23.349+0000] {logging_mixin.py:117} INFO - [2022-10-25T00:40:23.348+0000] {dagbag.py:525} INFO - Filling up the DagBag from /opt/airflow/dags/hadoop-2.7.3/share/hadoop/common/lib/jetty-util-6.1.26.jar
[2022-10-25T00:40:23.356+0000] {processor.py:770} WARNING - No viable dags retrieved from /opt/airflow/dags/hadoop-2.7.3/share/hadoop/common/lib/jetty-util-6.1.26.jar
[2022-10-25T00:40:23.380+0000] {processor.py:178} INFO - Processing /opt/airflow/dags/hadoop-2.7.3/share/hadoop/common/lib/jetty-util-6.1.26.jar took 0.044 seconds
[2022-10-25T00:53:01.834+0000] {processor.py:156} INFO - Started process (PID=3815) to work on /opt/airflow/dags/hadoop-2.7.3/share/hadoop/common/lib/jetty-util-6.1.26.jar
[2022-10-25T00:53:01.838+0000] {processor.py:758} INFO - Processing file /opt/airflow/dags/hadoop-2.7.3/share/hadoop/common/lib/jetty-util-6.1.26.jar for tasks to queue
[2022-10-25T00:53:01.845+0000] {logging_mixin.py:117} INFO - [2022-10-25T00:53:01.844+0000] {dagbag.py:525} INFO - Filling up the DagBag from /opt/airflow/dags/hadoop-2.7.3/share/hadoop/common/lib/jetty-util-6.1.26.jar
[2022-10-25T00:53:01.857+0000] {processor.py:770} WARNING - No viable dags retrieved from /opt/airflow/dags/hadoop-2.7.3/share/hadoop/common/lib/jetty-util-6.1.26.jar
[2022-10-25T00:53:01.914+0000] {processor.py:178} INFO - Processing /opt/airflow/dags/hadoop-2.7.3/share/hadoop/common/lib/jetty-util-6.1.26.jar took 0.090 seconds
[2022-10-25T00:53:20.150+0000] {processor.py:156} INFO - Started process (PID=6379) to work on /opt/airflow/dags/hadoop-2.7.3/share/hadoop/common/lib/jetty-util-6.1.26.jar
[2022-10-25T00:53:20.154+0000] {processor.py:758} INFO - Processing file /opt/airflow/dags/hadoop-2.7.3/share/hadoop/common/lib/jetty-util-6.1.26.jar for tasks to queue
[2022-10-25T00:53:20.156+0000] {logging_mixin.py:117} INFO - [2022-10-25T00:53:20.156+0000] {dagbag.py:525} INFO - Filling up the DagBag from /opt/airflow/dags/hadoop-2.7.3/share/hadoop/common/lib/jetty-util-6.1.26.jar
[2022-10-25T00:53:20.173+0000] {processor.py:770} WARNING - No viable dags retrieved from /opt/airflow/dags/hadoop-2.7.3/share/hadoop/common/lib/jetty-util-6.1.26.jar
[2022-10-25T00:53:20.218+0000] {processor.py:178} INFO - Processing /opt/airflow/dags/hadoop-2.7.3/share/hadoop/common/lib/jetty-util-6.1.26.jar took 0.077 seconds
[2022-10-25T00:53:41.513+0000] {processor.py:156} INFO - Started process (PID=4301) to work on /opt/airflow/dags/hadoop-2.7.3/share/hadoop/common/lib/jetty-util-6.1.26.jar
[2022-10-25T00:53:41.516+0000] {processor.py:758} INFO - Processing file /opt/airflow/dags/hadoop-2.7.3/share/hadoop/common/lib/jetty-util-6.1.26.jar for tasks to queue
[2022-10-25T00:53:41.519+0000] {logging_mixin.py:117} INFO - [2022-10-25T00:53:41.519+0000] {dagbag.py:525} INFO - Filling up the DagBag from /opt/airflow/dags/hadoop-2.7.3/share/hadoop/common/lib/jetty-util-6.1.26.jar
[2022-10-25T00:53:41.530+0000] {processor.py:770} WARNING - No viable dags retrieved from /opt/airflow/dags/hadoop-2.7.3/share/hadoop/common/lib/jetty-util-6.1.26.jar
[2022-10-25T00:53:41.564+0000] {processor.py:178} INFO - Processing /opt/airflow/dags/hadoop-2.7.3/share/hadoop/common/lib/jetty-util-6.1.26.jar took 0.060 seconds
[2022-10-25T00:54:01.335+0000] {processor.py:156} INFO - Started process (PID=6896) to work on /opt/airflow/dags/hadoop-2.7.3/share/hadoop/common/lib/jetty-util-6.1.26.jar
[2022-10-25T00:54:01.338+0000] {processor.py:758} INFO - Processing file /opt/airflow/dags/hadoop-2.7.3/share/hadoop/common/lib/jetty-util-6.1.26.jar for tasks to queue
[2022-10-25T00:54:01.341+0000] {logging_mixin.py:117} INFO - [2022-10-25T00:54:01.341+0000] {dagbag.py:525} INFO - Filling up the DagBag from /opt/airflow/dags/hadoop-2.7.3/share/hadoop/common/lib/jetty-util-6.1.26.jar
[2022-10-25T00:54:01.353+0000] {processor.py:770} WARNING - No viable dags retrieved from /opt/airflow/dags/hadoop-2.7.3/share/hadoop/common/lib/jetty-util-6.1.26.jar
[2022-10-25T00:54:01.397+0000] {processor.py:178} INFO - Processing /opt/airflow/dags/hadoop-2.7.3/share/hadoop/common/lib/jetty-util-6.1.26.jar took 0.071 seconds
[2022-10-25T00:54:20.414+0000] {processor.py:156} INFO - Started process (PID=4817) to work on /opt/airflow/dags/hadoop-2.7.3/share/hadoop/common/lib/jetty-util-6.1.26.jar
[2022-10-25T00:54:20.419+0000] {processor.py:758} INFO - Processing file /opt/airflow/dags/hadoop-2.7.3/share/hadoop/common/lib/jetty-util-6.1.26.jar for tasks to queue
[2022-10-25T00:54:20.438+0000] {logging_mixin.py:117} INFO - [2022-10-25T00:54:20.437+0000] {dagbag.py:525} INFO - Filling up the DagBag from /opt/airflow/dags/hadoop-2.7.3/share/hadoop/common/lib/jetty-util-6.1.26.jar
[2022-10-25T00:54:20.453+0000] {processor.py:770} WARNING - No viable dags retrieved from /opt/airflow/dags/hadoop-2.7.3/share/hadoop/common/lib/jetty-util-6.1.26.jar
[2022-10-25T00:54:20.538+0000] {processor.py:178} INFO - Processing /opt/airflow/dags/hadoop-2.7.3/share/hadoop/common/lib/jetty-util-6.1.26.jar took 0.142 seconds
[2022-10-25T00:54:42.084+0000] {processor.py:156} INFO - Started process (PID=7328) to work on /opt/airflow/dags/hadoop-2.7.3/share/hadoop/common/lib/jetty-util-6.1.26.jar
[2022-10-25T00:54:42.088+0000] {processor.py:758} INFO - Processing file /opt/airflow/dags/hadoop-2.7.3/share/hadoop/common/lib/jetty-util-6.1.26.jar for tasks to queue
[2022-10-25T00:54:42.092+0000] {logging_mixin.py:117} INFO - [2022-10-25T00:54:42.091+0000] {dagbag.py:525} INFO - Filling up the DagBag from /opt/airflow/dags/hadoop-2.7.3/share/hadoop/common/lib/jetty-util-6.1.26.jar
[2022-10-25T00:54:42.105+0000] {processor.py:770} WARNING - No viable dags retrieved from /opt/airflow/dags/hadoop-2.7.3/share/hadoop/common/lib/jetty-util-6.1.26.jar
[2022-10-25T00:54:42.149+0000] {processor.py:178} INFO - Processing /opt/airflow/dags/hadoop-2.7.3/share/hadoop/common/lib/jetty-util-6.1.26.jar took 0.073 seconds
[2022-10-25T00:55:26.308+0000] {processor.py:156} INFO - Started process (PID=5337) to work on /opt/airflow/dags/hadoop-2.7.3/share/hadoop/common/lib/jetty-util-6.1.26.jar
[2022-10-25T00:55:26.313+0000] {processor.py:758} INFO - Processing file /opt/airflow/dags/hadoop-2.7.3/share/hadoop/common/lib/jetty-util-6.1.26.jar for tasks to queue
[2022-10-25T00:55:26.322+0000] {logging_mixin.py:117} INFO - [2022-10-25T00:55:26.321+0000] {dagbag.py:525} INFO - Filling up the DagBag from /opt/airflow/dags/hadoop-2.7.3/share/hadoop/common/lib/jetty-util-6.1.26.jar
[2022-10-25T00:55:26.348+0000] {processor.py:770} WARNING - No viable dags retrieved from /opt/airflow/dags/hadoop-2.7.3/share/hadoop/common/lib/jetty-util-6.1.26.jar
[2022-10-25T00:55:26.431+0000] {processor.py:178} INFO - Processing /opt/airflow/dags/hadoop-2.7.3/share/hadoop/common/lib/jetty-util-6.1.26.jar took 0.141 seconds
[2022-10-25T00:55:47.593+0000] {processor.py:156} INFO - Started process (PID=7776) to work on /opt/airflow/dags/hadoop-2.7.3/share/hadoop/common/lib/jetty-util-6.1.26.jar
[2022-10-25T00:55:47.598+0000] {processor.py:758} INFO - Processing file /opt/airflow/dags/hadoop-2.7.3/share/hadoop/common/lib/jetty-util-6.1.26.jar for tasks to queue
[2022-10-25T00:55:47.604+0000] {logging_mixin.py:117} INFO - [2022-10-25T00:55:47.604+0000] {dagbag.py:525} INFO - Filling up the DagBag from /opt/airflow/dags/hadoop-2.7.3/share/hadoop/common/lib/jetty-util-6.1.26.jar
[2022-10-25T00:55:47.627+0000] {processor.py:770} WARNING - No viable dags retrieved from /opt/airflow/dags/hadoop-2.7.3/share/hadoop/common/lib/jetty-util-6.1.26.jar
[2022-10-25T00:55:47.691+0000] {processor.py:178} INFO - Processing /opt/airflow/dags/hadoop-2.7.3/share/hadoop/common/lib/jetty-util-6.1.26.jar took 0.112 seconds
[2022-10-25T00:56:17.811+0000] {processor.py:156} INFO - Started process (PID=5650) to work on /opt/airflow/dags/hadoop-2.7.3/share/hadoop/common/lib/jetty-util-6.1.26.jar
[2022-10-25T00:56:17.819+0000] {processor.py:758} INFO - Processing file /opt/airflow/dags/hadoop-2.7.3/share/hadoop/common/lib/jetty-util-6.1.26.jar for tasks to queue
[2022-10-25T00:56:17.827+0000] {logging_mixin.py:117} INFO - [2022-10-25T00:56:17.826+0000] {dagbag.py:525} INFO - Filling up the DagBag from /opt/airflow/dags/hadoop-2.7.3/share/hadoop/common/lib/jetty-util-6.1.26.jar
[2022-10-25T00:56:17.844+0000] {processor.py:770} WARNING - No viable dags retrieved from /opt/airflow/dags/hadoop-2.7.3/share/hadoop/common/lib/jetty-util-6.1.26.jar
[2022-10-25T00:56:17.908+0000] {processor.py:178} INFO - Processing /opt/airflow/dags/hadoop-2.7.3/share/hadoop/common/lib/jetty-util-6.1.26.jar took 0.116 seconds
[2022-10-25T00:56:47.889+0000] {processor.py:156} INFO - Started process (PID=8113) to work on /opt/airflow/dags/hadoop-2.7.3/share/hadoop/common/lib/jetty-util-6.1.26.jar
[2022-10-25T00:56:47.893+0000] {processor.py:758} INFO - Processing file /opt/airflow/dags/hadoop-2.7.3/share/hadoop/common/lib/jetty-util-6.1.26.jar for tasks to queue
[2022-10-25T00:56:47.905+0000] {logging_mixin.py:117} INFO - [2022-10-25T00:56:47.904+0000] {dagbag.py:525} INFO - Filling up the DagBag from /opt/airflow/dags/hadoop-2.7.3/share/hadoop/common/lib/jetty-util-6.1.26.jar
[2022-10-25T00:56:47.929+0000] {processor.py:770} WARNING - No viable dags retrieved from /opt/airflow/dags/hadoop-2.7.3/share/hadoop/common/lib/jetty-util-6.1.26.jar
[2022-10-25T00:56:48.042+0000] {processor.py:178} INFO - Processing /opt/airflow/dags/hadoop-2.7.3/share/hadoop/common/lib/jetty-util-6.1.26.jar took 0.165 seconds
[2022-10-25T00:57:14.048+0000] {processor.py:156} INFO - Started process (PID=6001) to work on /opt/airflow/dags/hadoop-2.7.3/share/hadoop/common/lib/jetty-util-6.1.26.jar
[2022-10-25T00:57:14.057+0000] {processor.py:758} INFO - Processing file /opt/airflow/dags/hadoop-2.7.3/share/hadoop/common/lib/jetty-util-6.1.26.jar for tasks to queue
[2022-10-25T00:57:14.068+0000] {logging_mixin.py:117} INFO - [2022-10-25T00:57:14.068+0000] {dagbag.py:525} INFO - Filling up the DagBag from /opt/airflow/dags/hadoop-2.7.3/share/hadoop/common/lib/jetty-util-6.1.26.jar
[2022-10-25T00:57:14.088+0000] {processor.py:770} WARNING - No viable dags retrieved from /opt/airflow/dags/hadoop-2.7.3/share/hadoop/common/lib/jetty-util-6.1.26.jar
[2022-10-25T00:57:14.175+0000] {processor.py:178} INFO - Processing /opt/airflow/dags/hadoop-2.7.3/share/hadoop/common/lib/jetty-util-6.1.26.jar took 0.147 seconds
[2022-10-25T14:08:27.677+0000] {processor.py:156} INFO - Started process (PID=18627) to work on /opt/airflow/dags/hadoop-2.7.3/share/hadoop/common/lib/jetty-util-6.1.26.jar
[2022-10-25T14:08:27.681+0000] {processor.py:758} INFO - Processing file /opt/airflow/dags/hadoop-2.7.3/share/hadoop/common/lib/jetty-util-6.1.26.jar for tasks to queue
[2022-10-25T14:08:27.684+0000] {logging_mixin.py:117} INFO - [2022-10-25T14:08:27.684+0000] {dagbag.py:525} INFO - Filling up the DagBag from /opt/airflow/dags/hadoop-2.7.3/share/hadoop/common/lib/jetty-util-6.1.26.jar
[2022-10-25T14:08:27.703+0000] {processor.py:770} WARNING - No viable dags retrieved from /opt/airflow/dags/hadoop-2.7.3/share/hadoop/common/lib/jetty-util-6.1.26.jar
[2022-10-25T14:08:27.763+0000] {processor.py:178} INFO - Processing /opt/airflow/dags/hadoop-2.7.3/share/hadoop/common/lib/jetty-util-6.1.26.jar took 0.093 seconds
[2022-10-25T14:08:48.551+0000] {processor.py:156} INFO - Started process (PID=17545) to work on /opt/airflow/dags/hadoop-2.7.3/share/hadoop/common/lib/jetty-util-6.1.26.jar
[2022-10-25T14:08:48.554+0000] {processor.py:758} INFO - Processing file /opt/airflow/dags/hadoop-2.7.3/share/hadoop/common/lib/jetty-util-6.1.26.jar for tasks to queue
[2022-10-25T14:08:48.558+0000] {logging_mixin.py:117} INFO - [2022-10-25T14:08:48.558+0000] {dagbag.py:525} INFO - Filling up the DagBag from /opt/airflow/dags/hadoop-2.7.3/share/hadoop/common/lib/jetty-util-6.1.26.jar
[2022-10-25T14:08:48.575+0000] {processor.py:770} WARNING - No viable dags retrieved from /opt/airflow/dags/hadoop-2.7.3/share/hadoop/common/lib/jetty-util-6.1.26.jar
[2022-10-25T14:08:48.606+0000] {processor.py:178} INFO - Processing /opt/airflow/dags/hadoop-2.7.3/share/hadoop/common/lib/jetty-util-6.1.26.jar took 0.064 seconds
[2022-10-25T14:09:20.399+0000] {processor.py:156} INFO - Started process (PID=19151) to work on /opt/airflow/dags/hadoop-2.7.3/share/hadoop/common/lib/jetty-util-6.1.26.jar
[2022-10-25T14:09:20.403+0000] {processor.py:758} INFO - Processing file /opt/airflow/dags/hadoop-2.7.3/share/hadoop/common/lib/jetty-util-6.1.26.jar for tasks to queue
[2022-10-25T14:09:20.406+0000] {logging_mixin.py:117} INFO - [2022-10-25T14:09:20.406+0000] {dagbag.py:525} INFO - Filling up the DagBag from /opt/airflow/dags/hadoop-2.7.3/share/hadoop/common/lib/jetty-util-6.1.26.jar
[2022-10-25T14:09:20.424+0000] {processor.py:770} WARNING - No viable dags retrieved from /opt/airflow/dags/hadoop-2.7.3/share/hadoop/common/lib/jetty-util-6.1.26.jar
[2022-10-25T14:09:20.470+0000] {processor.py:178} INFO - Processing /opt/airflow/dags/hadoop-2.7.3/share/hadoop/common/lib/jetty-util-6.1.26.jar took 0.084 seconds
[2022-10-25T14:09:34.573+0000] {processor.py:156} INFO - Started process (PID=18061) to work on /opt/airflow/dags/hadoop-2.7.3/share/hadoop/common/lib/jetty-util-6.1.26.jar
[2022-10-25T14:09:34.576+0000] {processor.py:758} INFO - Processing file /opt/airflow/dags/hadoop-2.7.3/share/hadoop/common/lib/jetty-util-6.1.26.jar for tasks to queue
[2022-10-25T14:09:34.579+0000] {logging_mixin.py:117} INFO - [2022-10-25T14:09:34.579+0000] {dagbag.py:525} INFO - Filling up the DagBag from /opt/airflow/dags/hadoop-2.7.3/share/hadoop/common/lib/jetty-util-6.1.26.jar
[2022-10-25T14:09:34.589+0000] {processor.py:770} WARNING - No viable dags retrieved from /opt/airflow/dags/hadoop-2.7.3/share/hadoop/common/lib/jetty-util-6.1.26.jar
[2022-10-25T14:09:34.638+0000] {processor.py:178} INFO - Processing /opt/airflow/dags/hadoop-2.7.3/share/hadoop/common/lib/jetty-util-6.1.26.jar took 0.072 seconds
[2022-10-25T14:10:00.779+0000] {processor.py:156} INFO - Started process (PID=19667) to work on /opt/airflow/dags/hadoop-2.7.3/share/hadoop/common/lib/jetty-util-6.1.26.jar
[2022-10-25T14:10:00.782+0000] {processor.py:758} INFO - Processing file /opt/airflow/dags/hadoop-2.7.3/share/hadoop/common/lib/jetty-util-6.1.26.jar for tasks to queue
[2022-10-25T14:10:00.783+0000] {logging_mixin.py:117} INFO - [2022-10-25T14:10:00.783+0000] {dagbag.py:525} INFO - Filling up the DagBag from /opt/airflow/dags/hadoop-2.7.3/share/hadoop/common/lib/jetty-util-6.1.26.jar
[2022-10-25T14:10:00.793+0000] {processor.py:770} WARNING - No viable dags retrieved from /opt/airflow/dags/hadoop-2.7.3/share/hadoop/common/lib/jetty-util-6.1.26.jar
[2022-10-25T14:10:00.823+0000] {processor.py:178} INFO - Processing /opt/airflow/dags/hadoop-2.7.3/share/hadoop/common/lib/jetty-util-6.1.26.jar took 0.050 seconds
[2022-10-25T14:10:13.995+0000] {processor.py:156} INFO - Started process (PID=18546) to work on /opt/airflow/dags/hadoop-2.7.3/share/hadoop/common/lib/jetty-util-6.1.26.jar
[2022-10-25T14:10:13.998+0000] {processor.py:758} INFO - Processing file /opt/airflow/dags/hadoop-2.7.3/share/hadoop/common/lib/jetty-util-6.1.26.jar for tasks to queue
[2022-10-25T14:10:14.000+0000] {logging_mixin.py:117} INFO - [2022-10-25T14:10:14.000+0000] {dagbag.py:525} INFO - Filling up the DagBag from /opt/airflow/dags/hadoop-2.7.3/share/hadoop/common/lib/jetty-util-6.1.26.jar
[2022-10-25T14:10:14.008+0000] {processor.py:770} WARNING - No viable dags retrieved from /opt/airflow/dags/hadoop-2.7.3/share/hadoop/common/lib/jetty-util-6.1.26.jar
[2022-10-25T14:10:14.049+0000] {processor.py:178} INFO - Processing /opt/airflow/dags/hadoop-2.7.3/share/hadoop/common/lib/jetty-util-6.1.26.jar took 0.062 seconds
[2022-10-25T14:10:44.676+0000] {processor.py:156} INFO - Started process (PID=20183) to work on /opt/airflow/dags/hadoop-2.7.3/share/hadoop/common/lib/jetty-util-6.1.26.jar
[2022-10-25T14:10:44.679+0000] {processor.py:758} INFO - Processing file /opt/airflow/dags/hadoop-2.7.3/share/hadoop/common/lib/jetty-util-6.1.26.jar for tasks to queue
[2022-10-25T14:10:44.681+0000] {logging_mixin.py:117} INFO - [2022-10-25T14:10:44.681+0000] {dagbag.py:525} INFO - Filling up the DagBag from /opt/airflow/dags/hadoop-2.7.3/share/hadoop/common/lib/jetty-util-6.1.26.jar
[2022-10-25T14:10:44.689+0000] {processor.py:770} WARNING - No viable dags retrieved from /opt/airflow/dags/hadoop-2.7.3/share/hadoop/common/lib/jetty-util-6.1.26.jar
[2022-10-25T14:10:44.722+0000] {processor.py:178} INFO - Processing /opt/airflow/dags/hadoop-2.7.3/share/hadoop/common/lib/jetty-util-6.1.26.jar took 0.053 seconds
[2022-10-25T14:10:54.028+0000] {processor.py:156} INFO - Started process (PID=19006) to work on /opt/airflow/dags/hadoop-2.7.3/share/hadoop/common/lib/jetty-util-6.1.26.jar
[2022-10-25T14:10:54.031+0000] {processor.py:758} INFO - Processing file /opt/airflow/dags/hadoop-2.7.3/share/hadoop/common/lib/jetty-util-6.1.26.jar for tasks to queue
[2022-10-25T14:10:54.035+0000] {logging_mixin.py:117} INFO - [2022-10-25T14:10:54.034+0000] {dagbag.py:525} INFO - Filling up the DagBag from /opt/airflow/dags/hadoop-2.7.3/share/hadoop/common/lib/jetty-util-6.1.26.jar
[2022-10-25T14:10:54.044+0000] {processor.py:770} WARNING - No viable dags retrieved from /opt/airflow/dags/hadoop-2.7.3/share/hadoop/common/lib/jetty-util-6.1.26.jar
[2022-10-25T14:10:54.084+0000] {processor.py:178} INFO - Processing /opt/airflow/dags/hadoop-2.7.3/share/hadoop/common/lib/jetty-util-6.1.26.jar took 0.064 seconds
[2022-10-25T14:11:20.355+0000] {processor.py:156} INFO - Started process (PID=20630) to work on /opt/airflow/dags/hadoop-2.7.3/share/hadoop/common/lib/jetty-util-6.1.26.jar
[2022-10-25T14:11:20.358+0000] {processor.py:758} INFO - Processing file /opt/airflow/dags/hadoop-2.7.3/share/hadoop/common/lib/jetty-util-6.1.26.jar for tasks to queue
[2022-10-25T14:11:20.360+0000] {logging_mixin.py:117} INFO - [2022-10-25T14:11:20.360+0000] {dagbag.py:525} INFO - Filling up the DagBag from /opt/airflow/dags/hadoop-2.7.3/share/hadoop/common/lib/jetty-util-6.1.26.jar
[2022-10-25T14:11:20.374+0000] {processor.py:770} WARNING - No viable dags retrieved from /opt/airflow/dags/hadoop-2.7.3/share/hadoop/common/lib/jetty-util-6.1.26.jar
[2022-10-25T14:11:20.411+0000] {processor.py:178} INFO - Processing /opt/airflow/dags/hadoop-2.7.3/share/hadoop/common/lib/jetty-util-6.1.26.jar took 0.062 seconds
[2022-10-25T14:11:31.748+0000] {processor.py:156} INFO - Started process (PID=19472) to work on /opt/airflow/dags/hadoop-2.7.3/share/hadoop/common/lib/jetty-util-6.1.26.jar
[2022-10-25T14:11:31.759+0000] {processor.py:758} INFO - Processing file /opt/airflow/dags/hadoop-2.7.3/share/hadoop/common/lib/jetty-util-6.1.26.jar for tasks to queue
[2022-10-25T14:11:31.764+0000] {logging_mixin.py:117} INFO - [2022-10-25T14:11:31.764+0000] {dagbag.py:525} INFO - Filling up the DagBag from /opt/airflow/dags/hadoop-2.7.3/share/hadoop/common/lib/jetty-util-6.1.26.jar
[2022-10-25T14:11:31.788+0000] {processor.py:770} WARNING - No viable dags retrieved from /opt/airflow/dags/hadoop-2.7.3/share/hadoop/common/lib/jetty-util-6.1.26.jar
[2022-10-25T14:11:31.834+0000] {processor.py:178} INFO - Processing /opt/airflow/dags/hadoop-2.7.3/share/hadoop/common/lib/jetty-util-6.1.26.jar took 0.099 seconds
[2022-10-25T14:11:56.900+0000] {processor.py:156} INFO - Started process (PID=21060) to work on /opt/airflow/dags/hadoop-2.7.3/share/hadoop/common/lib/jetty-util-6.1.26.jar
[2022-10-25T14:11:56.903+0000] {processor.py:758} INFO - Processing file /opt/airflow/dags/hadoop-2.7.3/share/hadoop/common/lib/jetty-util-6.1.26.jar for tasks to queue
[2022-10-25T14:11:56.905+0000] {logging_mixin.py:117} INFO - [2022-10-25T14:11:56.905+0000] {dagbag.py:525} INFO - Filling up the DagBag from /opt/airflow/dags/hadoop-2.7.3/share/hadoop/common/lib/jetty-util-6.1.26.jar
[2022-10-25T14:11:56.919+0000] {processor.py:770} WARNING - No viable dags retrieved from /opt/airflow/dags/hadoop-2.7.3/share/hadoop/common/lib/jetty-util-6.1.26.jar
[2022-10-25T14:11:56.970+0000] {processor.py:178} INFO - Processing /opt/airflow/dags/hadoop-2.7.3/share/hadoop/common/lib/jetty-util-6.1.26.jar took 0.078 seconds
[2022-10-25T14:12:09.638+0000] {processor.py:156} INFO - Started process (PID=19901) to work on /opt/airflow/dags/hadoop-2.7.3/share/hadoop/common/lib/jetty-util-6.1.26.jar
[2022-10-25T14:12:09.641+0000] {processor.py:758} INFO - Processing file /opt/airflow/dags/hadoop-2.7.3/share/hadoop/common/lib/jetty-util-6.1.26.jar for tasks to queue
[2022-10-25T14:12:09.643+0000] {logging_mixin.py:117} INFO - [2022-10-25T14:12:09.643+0000] {dagbag.py:525} INFO - Filling up the DagBag from /opt/airflow/dags/hadoop-2.7.3/share/hadoop/common/lib/jetty-util-6.1.26.jar
[2022-10-25T14:12:09.659+0000] {processor.py:770} WARNING - No viable dags retrieved from /opt/airflow/dags/hadoop-2.7.3/share/hadoop/common/lib/jetty-util-6.1.26.jar
[2022-10-25T14:12:09.705+0000] {processor.py:178} INFO - Processing /opt/airflow/dags/hadoop-2.7.3/share/hadoop/common/lib/jetty-util-6.1.26.jar took 0.078 seconds
[2022-10-25T14:12:53.312+0000] {processor.py:156} INFO - Started process (PID=20420) to work on /opt/airflow/dags/hadoop-2.7.3/share/hadoop/common/lib/jetty-util-6.1.26.jar
[2022-10-25T14:12:53.317+0000] {processor.py:758} INFO - Processing file /opt/airflow/dags/hadoop-2.7.3/share/hadoop/common/lib/jetty-util-6.1.26.jar for tasks to queue
[2022-10-25T14:12:53.319+0000] {logging_mixin.py:117} INFO - [2022-10-25T14:12:53.319+0000] {dagbag.py:525} INFO - Filling up the DagBag from /opt/airflow/dags/hadoop-2.7.3/share/hadoop/common/lib/jetty-util-6.1.26.jar
[2022-10-25T14:12:53.332+0000] {processor.py:770} WARNING - No viable dags retrieved from /opt/airflow/dags/hadoop-2.7.3/share/hadoop/common/lib/jetty-util-6.1.26.jar
[2022-10-25T14:12:53.373+0000] {processor.py:178} INFO - Processing /opt/airflow/dags/hadoop-2.7.3/share/hadoop/common/lib/jetty-util-6.1.26.jar took 0.070 seconds
[2022-10-25T14:13:24.334+0000] {processor.py:156} INFO - Started process (PID=21616) to work on /opt/airflow/dags/hadoop-2.7.3/share/hadoop/common/lib/jetty-util-6.1.26.jar
[2022-10-25T14:13:24.337+0000] {processor.py:758} INFO - Processing file /opt/airflow/dags/hadoop-2.7.3/share/hadoop/common/lib/jetty-util-6.1.26.jar for tasks to queue
[2022-10-25T14:13:24.338+0000] {logging_mixin.py:117} INFO - [2022-10-25T14:13:24.338+0000] {dagbag.py:525} INFO - Filling up the DagBag from /opt/airflow/dags/hadoop-2.7.3/share/hadoop/common/lib/jetty-util-6.1.26.jar
[2022-10-25T14:13:24.345+0000] {processor.py:770} WARNING - No viable dags retrieved from /opt/airflow/dags/hadoop-2.7.3/share/hadoop/common/lib/jetty-util-6.1.26.jar
[2022-10-25T14:13:24.371+0000] {processor.py:178} INFO - Processing /opt/airflow/dags/hadoop-2.7.3/share/hadoop/common/lib/jetty-util-6.1.26.jar took 0.042 seconds
[2022-10-25T14:13:46.919+0000] {processor.py:156} INFO - Started process (PID=20605) to work on /opt/airflow/dags/hadoop-2.7.3/share/hadoop/common/lib/jetty-util-6.1.26.jar
[2022-10-25T14:13:46.923+0000] {processor.py:758} INFO - Processing file /opt/airflow/dags/hadoop-2.7.3/share/hadoop/common/lib/jetty-util-6.1.26.jar for tasks to queue
[2022-10-25T14:13:46.925+0000] {logging_mixin.py:117} INFO - [2022-10-25T14:13:46.925+0000] {dagbag.py:525} INFO - Filling up the DagBag from /opt/airflow/dags/hadoop-2.7.3/share/hadoop/common/lib/jetty-util-6.1.26.jar
[2022-10-25T14:13:46.943+0000] {processor.py:770} WARNING - No viable dags retrieved from /opt/airflow/dags/hadoop-2.7.3/share/hadoop/common/lib/jetty-util-6.1.26.jar
[2022-10-25T14:13:46.994+0000] {processor.py:178} INFO - Processing /opt/airflow/dags/hadoop-2.7.3/share/hadoop/common/lib/jetty-util-6.1.26.jar took 0.088 seconds
[2022-10-25T14:13:58.109+0000] {processor.py:156} INFO - Started process (PID=22060) to work on /opt/airflow/dags/hadoop-2.7.3/share/hadoop/common/lib/jetty-util-6.1.26.jar
[2022-10-25T14:13:58.112+0000] {processor.py:758} INFO - Processing file /opt/airflow/dags/hadoop-2.7.3/share/hadoop/common/lib/jetty-util-6.1.26.jar for tasks to queue
[2022-10-25T14:13:58.116+0000] {logging_mixin.py:117} INFO - [2022-10-25T14:13:58.115+0000] {dagbag.py:525} INFO - Filling up the DagBag from /opt/airflow/dags/hadoop-2.7.3/share/hadoop/common/lib/jetty-util-6.1.26.jar
[2022-10-25T14:13:58.127+0000] {processor.py:770} WARNING - No viable dags retrieved from /opt/airflow/dags/hadoop-2.7.3/share/hadoop/common/lib/jetty-util-6.1.26.jar
[2022-10-25T14:13:58.182+0000] {processor.py:178} INFO - Processing /opt/airflow/dags/hadoop-2.7.3/share/hadoop/common/lib/jetty-util-6.1.26.jar took 0.090 seconds
[2022-10-25T14:14:28.039+0000] {processor.py:156} INFO - Started process (PID=21055) to work on /opt/airflow/dags/hadoop-2.7.3/share/hadoop/common/lib/jetty-util-6.1.26.jar
[2022-10-25T14:14:28.042+0000] {processor.py:758} INFO - Processing file /opt/airflow/dags/hadoop-2.7.3/share/hadoop/common/lib/jetty-util-6.1.26.jar for tasks to queue
[2022-10-25T14:14:28.045+0000] {logging_mixin.py:117} INFO - [2022-10-25T14:14:28.044+0000] {dagbag.py:525} INFO - Filling up the DagBag from /opt/airflow/dags/hadoop-2.7.3/share/hadoop/common/lib/jetty-util-6.1.26.jar
[2022-10-25T14:14:28.053+0000] {processor.py:770} WARNING - No viable dags retrieved from /opt/airflow/dags/hadoop-2.7.3/share/hadoop/common/lib/jetty-util-6.1.26.jar
[2022-10-25T14:14:28.089+0000] {processor.py:178} INFO - Processing /opt/airflow/dags/hadoop-2.7.3/share/hadoop/common/lib/jetty-util-6.1.26.jar took 0.058 seconds
[2022-10-25T14:14:43.416+0000] {processor.py:156} INFO - Started process (PID=22547) to work on /opt/airflow/dags/hadoop-2.7.3/share/hadoop/common/lib/jetty-util-6.1.26.jar
[2022-10-25T14:14:43.419+0000] {processor.py:758} INFO - Processing file /opt/airflow/dags/hadoop-2.7.3/share/hadoop/common/lib/jetty-util-6.1.26.jar for tasks to queue
[2022-10-25T14:14:43.421+0000] {logging_mixin.py:117} INFO - [2022-10-25T14:14:43.421+0000] {dagbag.py:525} INFO - Filling up the DagBag from /opt/airflow/dags/hadoop-2.7.3/share/hadoop/common/lib/jetty-util-6.1.26.jar
[2022-10-25T14:14:43.432+0000] {processor.py:770} WARNING - No viable dags retrieved from /opt/airflow/dags/hadoop-2.7.3/share/hadoop/common/lib/jetty-util-6.1.26.jar
[2022-10-25T14:14:43.482+0000] {processor.py:178} INFO - Processing /opt/airflow/dags/hadoop-2.7.3/share/hadoop/common/lib/jetty-util-6.1.26.jar took 0.071 seconds
[2022-10-25T14:15:17.589+0000] {processor.py:156} INFO - Started process (PID=21578) to work on /opt/airflow/dags/hadoop-2.7.3/share/hadoop/common/lib/jetty-util-6.1.26.jar
[2022-10-25T14:15:17.595+0000] {processor.py:758} INFO - Processing file /opt/airflow/dags/hadoop-2.7.3/share/hadoop/common/lib/jetty-util-6.1.26.jar for tasks to queue
[2022-10-25T14:15:17.598+0000] {logging_mixin.py:117} INFO - [2022-10-25T14:15:17.598+0000] {dagbag.py:525} INFO - Filling up the DagBag from /opt/airflow/dags/hadoop-2.7.3/share/hadoop/common/lib/jetty-util-6.1.26.jar
[2022-10-25T14:15:17.621+0000] {processor.py:770} WARNING - No viable dags retrieved from /opt/airflow/dags/hadoop-2.7.3/share/hadoop/common/lib/jetty-util-6.1.26.jar
[2022-10-25T14:15:17.705+0000] {processor.py:178} INFO - Processing /opt/airflow/dags/hadoop-2.7.3/share/hadoop/common/lib/jetty-util-6.1.26.jar took 0.144 seconds
[2022-10-25T14:15:25.256+0000] {processor.py:156} INFO - Started process (PID=22933) to work on /opt/airflow/dags/hadoop-2.7.3/share/hadoop/common/lib/jetty-util-6.1.26.jar
[2022-10-25T14:15:25.269+0000] {processor.py:758} INFO - Processing file /opt/airflow/dags/hadoop-2.7.3/share/hadoop/common/lib/jetty-util-6.1.26.jar for tasks to queue
[2022-10-25T14:15:25.280+0000] {logging_mixin.py:117} INFO - [2022-10-25T14:15:25.277+0000] {dagbag.py:525} INFO - Filling up the DagBag from /opt/airflow/dags/hadoop-2.7.3/share/hadoop/common/lib/jetty-util-6.1.26.jar
[2022-10-25T14:15:25.296+0000] {processor.py:770} WARNING - No viable dags retrieved from /opt/airflow/dags/hadoop-2.7.3/share/hadoop/common/lib/jetty-util-6.1.26.jar
[2022-10-25T14:15:25.352+0000] {processor.py:178} INFO - Processing /opt/airflow/dags/hadoop-2.7.3/share/hadoop/common/lib/jetty-util-6.1.26.jar took 0.112 seconds
[2022-10-25T14:16:13.201+0000] {processor.py:156} INFO - Started process (PID=22093) to work on /opt/airflow/dags/hadoop-2.7.3/share/hadoop/common/lib/jetty-util-6.1.26.jar
[2022-10-25T14:16:13.206+0000] {processor.py:758} INFO - Processing file /opt/airflow/dags/hadoop-2.7.3/share/hadoop/common/lib/jetty-util-6.1.26.jar for tasks to queue
[2022-10-25T14:16:13.216+0000] {logging_mixin.py:117} INFO - [2022-10-25T14:16:13.214+0000] {dagbag.py:525} INFO - Filling up the DagBag from /opt/airflow/dags/hadoop-2.7.3/share/hadoop/common/lib/jetty-util-6.1.26.jar
[2022-10-25T14:16:13.266+0000] {processor.py:770} WARNING - No viable dags retrieved from /opt/airflow/dags/hadoop-2.7.3/share/hadoop/common/lib/jetty-util-6.1.26.jar
[2022-10-25T14:16:13.333+0000] {processor.py:178} INFO - Processing /opt/airflow/dags/hadoop-2.7.3/share/hadoop/common/lib/jetty-util-6.1.26.jar took 0.141 seconds
[2022-10-25T14:16:19.696+0000] {processor.py:156} INFO - Started process (PID=23456) to work on /opt/airflow/dags/hadoop-2.7.3/share/hadoop/common/lib/jetty-util-6.1.26.jar
[2022-10-25T14:16:19.701+0000] {processor.py:758} INFO - Processing file /opt/airflow/dags/hadoop-2.7.3/share/hadoop/common/lib/jetty-util-6.1.26.jar for tasks to queue
[2022-10-25T14:16:19.714+0000] {logging_mixin.py:117} INFO - [2022-10-25T14:16:19.713+0000] {dagbag.py:525} INFO - Filling up the DagBag from /opt/airflow/dags/hadoop-2.7.3/share/hadoop/common/lib/jetty-util-6.1.26.jar
[2022-10-25T14:16:19.731+0000] {processor.py:770} WARNING - No viable dags retrieved from /opt/airflow/dags/hadoop-2.7.3/share/hadoop/common/lib/jetty-util-6.1.26.jar
[2022-10-25T14:16:19.794+0000] {processor.py:178} INFO - Processing /opt/airflow/dags/hadoop-2.7.3/share/hadoop/common/lib/jetty-util-6.1.26.jar took 0.110 seconds
[2022-10-25T14:16:54.155+0000] {processor.py:156} INFO - Started process (PID=22470) to work on /opt/airflow/dags/hadoop-2.7.3/share/hadoop/common/lib/jetty-util-6.1.26.jar
[2022-10-25T14:16:54.161+0000] {processor.py:758} INFO - Processing file /opt/airflow/dags/hadoop-2.7.3/share/hadoop/common/lib/jetty-util-6.1.26.jar for tasks to queue
[2022-10-25T14:16:54.165+0000] {logging_mixin.py:117} INFO - [2022-10-25T14:16:54.164+0000] {dagbag.py:525} INFO - Filling up the DagBag from /opt/airflow/dags/hadoop-2.7.3/share/hadoop/common/lib/jetty-util-6.1.26.jar
[2022-10-25T14:16:54.184+0000] {processor.py:770} WARNING - No viable dags retrieved from /opt/airflow/dags/hadoop-2.7.3/share/hadoop/common/lib/jetty-util-6.1.26.jar
[2022-10-25T14:16:54.236+0000] {processor.py:178} INFO - Processing /opt/airflow/dags/hadoop-2.7.3/share/hadoop/common/lib/jetty-util-6.1.26.jar took 0.099 seconds
[2022-10-25T14:17:02.277+0000] {processor.py:156} INFO - Started process (PID=23850) to work on /opt/airflow/dags/hadoop-2.7.3/share/hadoop/common/lib/jetty-util-6.1.26.jar
[2022-10-25T14:17:02.280+0000] {processor.py:758} INFO - Processing file /opt/airflow/dags/hadoop-2.7.3/share/hadoop/common/lib/jetty-util-6.1.26.jar for tasks to queue
[2022-10-25T14:17:02.284+0000] {logging_mixin.py:117} INFO - [2022-10-25T14:17:02.284+0000] {dagbag.py:525} INFO - Filling up the DagBag from /opt/airflow/dags/hadoop-2.7.3/share/hadoop/common/lib/jetty-util-6.1.26.jar
[2022-10-25T14:17:02.301+0000] {processor.py:770} WARNING - No viable dags retrieved from /opt/airflow/dags/hadoop-2.7.3/share/hadoop/common/lib/jetty-util-6.1.26.jar
[2022-10-25T14:17:02.386+0000] {processor.py:178} INFO - Processing /opt/airflow/dags/hadoop-2.7.3/share/hadoop/common/lib/jetty-util-6.1.26.jar took 0.119 seconds
[2022-10-25T14:17:47.962+0000] {processor.py:156} INFO - Started process (PID=22969) to work on /opt/airflow/dags/hadoop-2.7.3/share/hadoop/common/lib/jetty-util-6.1.26.jar
[2022-10-25T14:17:47.969+0000] {processor.py:758} INFO - Processing file /opt/airflow/dags/hadoop-2.7.3/share/hadoop/common/lib/jetty-util-6.1.26.jar for tasks to queue
[2022-10-25T14:17:47.973+0000] {logging_mixin.py:117} INFO - [2022-10-25T14:17:47.972+0000] {dagbag.py:525} INFO - Filling up the DagBag from /opt/airflow/dags/hadoop-2.7.3/share/hadoop/common/lib/jetty-util-6.1.26.jar
[2022-10-25T14:17:47.990+0000] {processor.py:770} WARNING - No viable dags retrieved from /opt/airflow/dags/hadoop-2.7.3/share/hadoop/common/lib/jetty-util-6.1.26.jar
[2022-10-25T14:17:48.041+0000] {processor.py:178} INFO - Processing /opt/airflow/dags/hadoop-2.7.3/share/hadoop/common/lib/jetty-util-6.1.26.jar took 0.092 seconds
[2022-10-25T14:24:55.836+0000] {processor.py:156} INFO - Started process (PID=23392) to work on /opt/airflow/dags/hadoop-2.7.3/share/hadoop/common/lib/jetty-util-6.1.26.jar
[2022-10-25T14:24:55.843+0000] {processor.py:758} INFO - Processing file /opt/airflow/dags/hadoop-2.7.3/share/hadoop/common/lib/jetty-util-6.1.26.jar for tasks to queue
[2022-10-25T14:24:55.847+0000] {logging_mixin.py:117} INFO - [2022-10-25T14:24:55.846+0000] {dagbag.py:525} INFO - Filling up the DagBag from /opt/airflow/dags/hadoop-2.7.3/share/hadoop/common/lib/jetty-util-6.1.26.jar
[2022-10-25T14:24:55.863+0000] {processor.py:770} WARNING - No viable dags retrieved from /opt/airflow/dags/hadoop-2.7.3/share/hadoop/common/lib/jetty-util-6.1.26.jar
[2022-10-25T14:24:55.916+0000] {processor.py:178} INFO - Processing /opt/airflow/dags/hadoop-2.7.3/share/hadoop/common/lib/jetty-util-6.1.26.jar took 0.093 seconds
[2022-10-25T14:25:14.195+0000] {processor.py:156} INFO - Started process (PID=24469) to work on /opt/airflow/dags/hadoop-2.7.3/share/hadoop/common/lib/jetty-util-6.1.26.jar
[2022-10-25T14:25:14.199+0000] {processor.py:758} INFO - Processing file /opt/airflow/dags/hadoop-2.7.3/share/hadoop/common/lib/jetty-util-6.1.26.jar for tasks to queue
[2022-10-25T14:25:14.203+0000] {logging_mixin.py:117} INFO - [2022-10-25T14:25:14.202+0000] {dagbag.py:525} INFO - Filling up the DagBag from /opt/airflow/dags/hadoop-2.7.3/share/hadoop/common/lib/jetty-util-6.1.26.jar
[2022-10-25T14:25:14.216+0000] {processor.py:770} WARNING - No viable dags retrieved from /opt/airflow/dags/hadoop-2.7.3/share/hadoop/common/lib/jetty-util-6.1.26.jar
[2022-10-25T14:25:14.265+0000] {processor.py:178} INFO - Processing /opt/airflow/dags/hadoop-2.7.3/share/hadoop/common/lib/jetty-util-6.1.26.jar took 0.085 seconds
[2022-10-25T14:25:45.832+0000] {processor.py:156} INFO - Started process (PID=23907) to work on /opt/airflow/dags/hadoop-2.7.3/share/hadoop/common/lib/jetty-util-6.1.26.jar
[2022-10-25T14:25:45.842+0000] {processor.py:758} INFO - Processing file /opt/airflow/dags/hadoop-2.7.3/share/hadoop/common/lib/jetty-util-6.1.26.jar for tasks to queue
[2022-10-25T14:25:45.846+0000] {logging_mixin.py:117} INFO - [2022-10-25T14:25:45.845+0000] {dagbag.py:525} INFO - Filling up the DagBag from /opt/airflow/dags/hadoop-2.7.3/share/hadoop/common/lib/jetty-util-6.1.26.jar
[2022-10-25T14:25:45.854+0000] {processor.py:770} WARNING - No viable dags retrieved from /opt/airflow/dags/hadoop-2.7.3/share/hadoop/common/lib/jetty-util-6.1.26.jar
[2022-10-25T14:25:45.887+0000] {processor.py:178} INFO - Processing /opt/airflow/dags/hadoop-2.7.3/share/hadoop/common/lib/jetty-util-6.1.26.jar took 0.063 seconds
[2022-10-25T14:26:02.323+0000] {processor.py:156} INFO - Started process (PID=24985) to work on /opt/airflow/dags/hadoop-2.7.3/share/hadoop/common/lib/jetty-util-6.1.26.jar
[2022-10-25T14:26:02.326+0000] {processor.py:758} INFO - Processing file /opt/airflow/dags/hadoop-2.7.3/share/hadoop/common/lib/jetty-util-6.1.26.jar for tasks to queue
[2022-10-25T14:26:02.330+0000] {logging_mixin.py:117} INFO - [2022-10-25T14:26:02.330+0000] {dagbag.py:525} INFO - Filling up the DagBag from /opt/airflow/dags/hadoop-2.7.3/share/hadoop/common/lib/jetty-util-6.1.26.jar
[2022-10-25T14:26:02.347+0000] {processor.py:770} WARNING - No viable dags retrieved from /opt/airflow/dags/hadoop-2.7.3/share/hadoop/common/lib/jetty-util-6.1.26.jar
[2022-10-25T14:26:02.413+0000] {processor.py:178} INFO - Processing /opt/airflow/dags/hadoop-2.7.3/share/hadoop/common/lib/jetty-util-6.1.26.jar took 0.100 seconds
[2022-10-25T14:26:30.123+0000] {processor.py:156} INFO - Started process (PID=24320) to work on /opt/airflow/dags/hadoop-2.7.3/share/hadoop/common/lib/jetty-util-6.1.26.jar
[2022-10-25T14:26:30.126+0000] {processor.py:758} INFO - Processing file /opt/airflow/dags/hadoop-2.7.3/share/hadoop/common/lib/jetty-util-6.1.26.jar for tasks to queue
[2022-10-25T14:26:30.130+0000] {logging_mixin.py:117} INFO - [2022-10-25T14:26:30.130+0000] {dagbag.py:525} INFO - Filling up the DagBag from /opt/airflow/dags/hadoop-2.7.3/share/hadoop/common/lib/jetty-util-6.1.26.jar
[2022-10-25T14:26:30.142+0000] {processor.py:770} WARNING - No viable dags retrieved from /opt/airflow/dags/hadoop-2.7.3/share/hadoop/common/lib/jetty-util-6.1.26.jar
[2022-10-25T14:26:30.196+0000] {processor.py:178} INFO - Processing /opt/airflow/dags/hadoop-2.7.3/share/hadoop/common/lib/jetty-util-6.1.26.jar took 0.086 seconds
[2022-10-25T14:26:46.346+0000] {processor.py:156} INFO - Started process (PID=25403) to work on /opt/airflow/dags/hadoop-2.7.3/share/hadoop/common/lib/jetty-util-6.1.26.jar
[2022-10-25T14:26:46.351+0000] {processor.py:758} INFO - Processing file /opt/airflow/dags/hadoop-2.7.3/share/hadoop/common/lib/jetty-util-6.1.26.jar for tasks to queue
[2022-10-25T14:26:46.355+0000] {logging_mixin.py:117} INFO - [2022-10-25T14:26:46.354+0000] {dagbag.py:525} INFO - Filling up the DagBag from /opt/airflow/dags/hadoop-2.7.3/share/hadoop/common/lib/jetty-util-6.1.26.jar
[2022-10-25T14:26:46.373+0000] {processor.py:770} WARNING - No viable dags retrieved from /opt/airflow/dags/hadoop-2.7.3/share/hadoop/common/lib/jetty-util-6.1.26.jar
[2022-10-25T14:26:46.446+0000] {processor.py:178} INFO - Processing /opt/airflow/dags/hadoop-2.7.3/share/hadoop/common/lib/jetty-util-6.1.26.jar took 0.114 seconds
[2022-10-25T14:27:18.125+0000] {processor.py:156} INFO - Started process (PID=24802) to work on /opt/airflow/dags/hadoop-2.7.3/share/hadoop/common/lib/jetty-util-6.1.26.jar
[2022-10-25T14:27:18.132+0000] {processor.py:758} INFO - Processing file /opt/airflow/dags/hadoop-2.7.3/share/hadoop/common/lib/jetty-util-6.1.26.jar for tasks to queue
[2022-10-25T14:27:18.140+0000] {logging_mixin.py:117} INFO - [2022-10-25T14:27:18.138+0000] {dagbag.py:525} INFO - Filling up the DagBag from /opt/airflow/dags/hadoop-2.7.3/share/hadoop/common/lib/jetty-util-6.1.26.jar
[2022-10-25T14:27:18.155+0000] {processor.py:770} WARNING - No viable dags retrieved from /opt/airflow/dags/hadoop-2.7.3/share/hadoop/common/lib/jetty-util-6.1.26.jar
[2022-10-25T14:27:18.216+0000] {processor.py:178} INFO - Processing /opt/airflow/dags/hadoop-2.7.3/share/hadoop/common/lib/jetty-util-6.1.26.jar took 0.110 seconds
[2022-10-25T14:27:29.555+0000] {processor.py:156} INFO - Started process (PID=25857) to work on /opt/airflow/dags/hadoop-2.7.3/share/hadoop/common/lib/jetty-util-6.1.26.jar
[2022-10-25T14:27:29.558+0000] {processor.py:758} INFO - Processing file /opt/airflow/dags/hadoop-2.7.3/share/hadoop/common/lib/jetty-util-6.1.26.jar for tasks to queue
[2022-10-25T14:27:29.562+0000] {logging_mixin.py:117} INFO - [2022-10-25T14:27:29.562+0000] {dagbag.py:525} INFO - Filling up the DagBag from /opt/airflow/dags/hadoop-2.7.3/share/hadoop/common/lib/jetty-util-6.1.26.jar
[2022-10-25T14:27:29.576+0000] {processor.py:770} WARNING - No viable dags retrieved from /opt/airflow/dags/hadoop-2.7.3/share/hadoop/common/lib/jetty-util-6.1.26.jar
[2022-10-25T14:27:29.616+0000] {processor.py:178} INFO - Processing /opt/airflow/dags/hadoop-2.7.3/share/hadoop/common/lib/jetty-util-6.1.26.jar took 0.074 seconds
[2022-10-25T14:27:55.757+0000] {processor.py:156} INFO - Started process (PID=25211) to work on /opt/airflow/dags/hadoop-2.7.3/share/hadoop/common/lib/jetty-util-6.1.26.jar
[2022-10-25T14:27:55.760+0000] {processor.py:758} INFO - Processing file /opt/airflow/dags/hadoop-2.7.3/share/hadoop/common/lib/jetty-util-6.1.26.jar for tasks to queue
[2022-10-25T14:27:55.765+0000] {logging_mixin.py:117} INFO - [2022-10-25T14:27:55.765+0000] {dagbag.py:525} INFO - Filling up the DagBag from /opt/airflow/dags/hadoop-2.7.3/share/hadoop/common/lib/jetty-util-6.1.26.jar
[2022-10-25T14:27:55.775+0000] {processor.py:770} WARNING - No viable dags retrieved from /opt/airflow/dags/hadoop-2.7.3/share/hadoop/common/lib/jetty-util-6.1.26.jar
[2022-10-25T14:27:55.812+0000] {processor.py:178} INFO - Processing /opt/airflow/dags/hadoop-2.7.3/share/hadoop/common/lib/jetty-util-6.1.26.jar took 0.069 seconds
[2022-10-25T14:28:14.880+0000] {processor.py:156} INFO - Started process (PID=26373) to work on /opt/airflow/dags/hadoop-2.7.3/share/hadoop/common/lib/jetty-util-6.1.26.jar
[2022-10-25T14:28:14.885+0000] {processor.py:758} INFO - Processing file /opt/airflow/dags/hadoop-2.7.3/share/hadoop/common/lib/jetty-util-6.1.26.jar for tasks to queue
[2022-10-25T14:28:14.889+0000] {logging_mixin.py:117} INFO - [2022-10-25T14:28:14.888+0000] {dagbag.py:525} INFO - Filling up the DagBag from /opt/airflow/dags/hadoop-2.7.3/share/hadoop/common/lib/jetty-util-6.1.26.jar
[2022-10-25T14:28:14.899+0000] {processor.py:770} WARNING - No viable dags retrieved from /opt/airflow/dags/hadoop-2.7.3/share/hadoop/common/lib/jetty-util-6.1.26.jar
[2022-10-25T14:28:14.943+0000] {processor.py:178} INFO - Processing /opt/airflow/dags/hadoop-2.7.3/share/hadoop/common/lib/jetty-util-6.1.26.jar took 0.072 seconds
[2022-10-25T14:28:46.376+0000] {processor.py:156} INFO - Started process (PID=25734) to work on /opt/airflow/dags/hadoop-2.7.3/share/hadoop/common/lib/jetty-util-6.1.26.jar
[2022-10-25T14:28:46.379+0000] {processor.py:758} INFO - Processing file /opt/airflow/dags/hadoop-2.7.3/share/hadoop/common/lib/jetty-util-6.1.26.jar for tasks to queue
[2022-10-25T14:28:46.381+0000] {logging_mixin.py:117} INFO - [2022-10-25T14:28:46.381+0000] {dagbag.py:525} INFO - Filling up the DagBag from /opt/airflow/dags/hadoop-2.7.3/share/hadoop/common/lib/jetty-util-6.1.26.jar
[2022-10-25T14:28:46.396+0000] {processor.py:770} WARNING - No viable dags retrieved from /opt/airflow/dags/hadoop-2.7.3/share/hadoop/common/lib/jetty-util-6.1.26.jar
[2022-10-25T14:28:46.455+0000] {processor.py:178} INFO - Processing /opt/airflow/dags/hadoop-2.7.3/share/hadoop/common/lib/jetty-util-6.1.26.jar took 0.093 seconds
[2022-10-25T14:28:53.724+0000] {processor.py:156} INFO - Started process (PID=26761) to work on /opt/airflow/dags/hadoop-2.7.3/share/hadoop/common/lib/jetty-util-6.1.26.jar
[2022-10-25T14:28:53.728+0000] {processor.py:758} INFO - Processing file /opt/airflow/dags/hadoop-2.7.3/share/hadoop/common/lib/jetty-util-6.1.26.jar for tasks to queue
[2022-10-25T14:28:53.731+0000] {logging_mixin.py:117} INFO - [2022-10-25T14:28:53.731+0000] {dagbag.py:525} INFO - Filling up the DagBag from /opt/airflow/dags/hadoop-2.7.3/share/hadoop/common/lib/jetty-util-6.1.26.jar
[2022-10-25T14:28:53.760+0000] {processor.py:770} WARNING - No viable dags retrieved from /opt/airflow/dags/hadoop-2.7.3/share/hadoop/common/lib/jetty-util-6.1.26.jar
[2022-10-25T14:28:53.819+0000] {processor.py:178} INFO - Processing /opt/airflow/dags/hadoop-2.7.3/share/hadoop/common/lib/jetty-util-6.1.26.jar took 0.111 seconds
[2022-10-25T14:29:58.048+0000] {processor.py:156} INFO - Started process (PID=26014) to work on /opt/airflow/dags/hadoop-2.7.3/share/hadoop/common/lib/jetty-util-6.1.26.jar
[2022-10-25T14:29:58.054+0000] {processor.py:758} INFO - Processing file /opt/airflow/dags/hadoop-2.7.3/share/hadoop/common/lib/jetty-util-6.1.26.jar for tasks to queue
[2022-10-25T14:29:58.056+0000] {logging_mixin.py:117} INFO - [2022-10-25T14:29:58.056+0000] {dagbag.py:525} INFO - Filling up the DagBag from /opt/airflow/dags/hadoop-2.7.3/share/hadoop/common/lib/jetty-util-6.1.26.jar
[2022-10-25T14:29:58.066+0000] {processor.py:770} WARNING - No viable dags retrieved from /opt/airflow/dags/hadoop-2.7.3/share/hadoop/common/lib/jetty-util-6.1.26.jar
[2022-10-25T14:29:58.105+0000] {processor.py:178} INFO - Processing /opt/airflow/dags/hadoop-2.7.3/share/hadoop/common/lib/jetty-util-6.1.26.jar took 0.070 seconds
[2022-10-25T14:30:19.709+0000] {processor.py:156} INFO - Started process (PID=27253) to work on /opt/airflow/dags/hadoop-2.7.3/share/hadoop/common/lib/jetty-util-6.1.26.jar
[2022-10-25T14:30:19.712+0000] {processor.py:758} INFO - Processing file /opt/airflow/dags/hadoop-2.7.3/share/hadoop/common/lib/jetty-util-6.1.26.jar for tasks to queue
[2022-10-25T14:30:19.717+0000] {logging_mixin.py:117} INFO - [2022-10-25T14:30:19.716+0000] {dagbag.py:525} INFO - Filling up the DagBag from /opt/airflow/dags/hadoop-2.7.3/share/hadoop/common/lib/jetty-util-6.1.26.jar
[2022-10-25T14:30:19.729+0000] {processor.py:770} WARNING - No viable dags retrieved from /opt/airflow/dags/hadoop-2.7.3/share/hadoop/common/lib/jetty-util-6.1.26.jar
[2022-10-25T14:30:19.773+0000] {processor.py:178} INFO - Processing /opt/airflow/dags/hadoop-2.7.3/share/hadoop/common/lib/jetty-util-6.1.26.jar took 0.092 seconds
[2022-10-25T14:30:43.313+0000] {processor.py:156} INFO - Started process (PID=26471) to work on /opt/airflow/dags/hadoop-2.7.3/share/hadoop/common/lib/jetty-util-6.1.26.jar
[2022-10-25T14:30:43.319+0000] {processor.py:758} INFO - Processing file /opt/airflow/dags/hadoop-2.7.3/share/hadoop/common/lib/jetty-util-6.1.26.jar for tasks to queue
[2022-10-25T14:30:43.322+0000] {logging_mixin.py:117} INFO - [2022-10-25T14:30:43.322+0000] {dagbag.py:525} INFO - Filling up the DagBag from /opt/airflow/dags/hadoop-2.7.3/share/hadoop/common/lib/jetty-util-6.1.26.jar
[2022-10-25T14:30:43.335+0000] {processor.py:770} WARNING - No viable dags retrieved from /opt/airflow/dags/hadoop-2.7.3/share/hadoop/common/lib/jetty-util-6.1.26.jar
[2022-10-25T14:30:43.396+0000] {processor.py:178} INFO - Processing /opt/airflow/dags/hadoop-2.7.3/share/hadoop/common/lib/jetty-util-6.1.26.jar took 0.098 seconds
[2022-10-25T14:31:12.307+0000] {processor.py:156} INFO - Started process (PID=27777) to work on /opt/airflow/dags/hadoop-2.7.3/share/hadoop/common/lib/jetty-util-6.1.26.jar
[2022-10-25T14:31:12.312+0000] {processor.py:758} INFO - Processing file /opt/airflow/dags/hadoop-2.7.3/share/hadoop/common/lib/jetty-util-6.1.26.jar for tasks to queue
[2022-10-25T14:31:12.317+0000] {logging_mixin.py:117} INFO - [2022-10-25T14:31:12.317+0000] {dagbag.py:525} INFO - Filling up the DagBag from /opt/airflow/dags/hadoop-2.7.3/share/hadoop/common/lib/jetty-util-6.1.26.jar
[2022-10-25T14:31:12.340+0000] {processor.py:770} WARNING - No viable dags retrieved from /opt/airflow/dags/hadoop-2.7.3/share/hadoop/common/lib/jetty-util-6.1.26.jar
[2022-10-25T14:31:12.548+0000] {processor.py:178} INFO - Processing /opt/airflow/dags/hadoop-2.7.3/share/hadoop/common/lib/jetty-util-6.1.26.jar took 0.253 seconds
[2022-10-25T14:31:34.792+0000] {processor.py:156} INFO - Started process (PID=26923) to work on /opt/airflow/dags/hadoop-2.7.3/share/hadoop/common/lib/jetty-util-6.1.26.jar
[2022-10-25T14:31:34.795+0000] {processor.py:758} INFO - Processing file /opt/airflow/dags/hadoop-2.7.3/share/hadoop/common/lib/jetty-util-6.1.26.jar for tasks to queue
[2022-10-25T14:31:34.798+0000] {logging_mixin.py:117} INFO - [2022-10-25T14:31:34.798+0000] {dagbag.py:525} INFO - Filling up the DagBag from /opt/airflow/dags/hadoop-2.7.3/share/hadoop/common/lib/jetty-util-6.1.26.jar
[2022-10-25T14:31:34.808+0000] {processor.py:770} WARNING - No viable dags retrieved from /opt/airflow/dags/hadoop-2.7.3/share/hadoop/common/lib/jetty-util-6.1.26.jar
[2022-10-25T14:31:34.849+0000] {processor.py:178} INFO - Processing /opt/airflow/dags/hadoop-2.7.3/share/hadoop/common/lib/jetty-util-6.1.26.jar took 0.067 seconds
[2022-10-25T14:32:02.819+0000] {processor.py:156} INFO - Started process (PID=28264) to work on /opt/airflow/dags/hadoop-2.7.3/share/hadoop/common/lib/jetty-util-6.1.26.jar
[2022-10-25T14:32:02.822+0000] {processor.py:758} INFO - Processing file /opt/airflow/dags/hadoop-2.7.3/share/hadoop/common/lib/jetty-util-6.1.26.jar for tasks to queue
[2022-10-25T14:32:02.826+0000] {logging_mixin.py:117} INFO - [2022-10-25T14:32:02.826+0000] {dagbag.py:525} INFO - Filling up the DagBag from /opt/airflow/dags/hadoop-2.7.3/share/hadoop/common/lib/jetty-util-6.1.26.jar
[2022-10-25T14:32:02.866+0000] {processor.py:770} WARNING - No viable dags retrieved from /opt/airflow/dags/hadoop-2.7.3/share/hadoop/common/lib/jetty-util-6.1.26.jar
[2022-10-25T14:32:02.974+0000] {processor.py:178} INFO - Processing /opt/airflow/dags/hadoop-2.7.3/share/hadoop/common/lib/jetty-util-6.1.26.jar took 0.176 seconds
[2022-10-25T14:32:23.891+0000] {processor.py:156} INFO - Started process (PID=27410) to work on /opt/airflow/dags/hadoop-2.7.3/share/hadoop/common/lib/jetty-util-6.1.26.jar
[2022-10-25T14:32:23.893+0000] {processor.py:758} INFO - Processing file /opt/airflow/dags/hadoop-2.7.3/share/hadoop/common/lib/jetty-util-6.1.26.jar for tasks to queue
[2022-10-25T14:32:23.896+0000] {logging_mixin.py:117} INFO - [2022-10-25T14:32:23.895+0000] {dagbag.py:525} INFO - Filling up the DagBag from /opt/airflow/dags/hadoop-2.7.3/share/hadoop/common/lib/jetty-util-6.1.26.jar
[2022-10-25T14:32:23.910+0000] {processor.py:770} WARNING - No viable dags retrieved from /opt/airflow/dags/hadoop-2.7.3/share/hadoop/common/lib/jetty-util-6.1.26.jar
[2022-10-25T14:32:23.951+0000] {processor.py:178} INFO - Processing /opt/airflow/dags/hadoop-2.7.3/share/hadoop/common/lib/jetty-util-6.1.26.jar took 0.069 seconds
[2022-10-25T14:32:43.593+0000] {processor.py:156} INFO - Started process (PID=28698) to work on /opt/airflow/dags/hadoop-2.7.3/share/hadoop/common/lib/jetty-util-6.1.26.jar
[2022-10-25T14:32:43.598+0000] {processor.py:758} INFO - Processing file /opt/airflow/dags/hadoop-2.7.3/share/hadoop/common/lib/jetty-util-6.1.26.jar for tasks to queue
[2022-10-25T14:32:43.602+0000] {logging_mixin.py:117} INFO - [2022-10-25T14:32:43.602+0000] {dagbag.py:525} INFO - Filling up the DagBag from /opt/airflow/dags/hadoop-2.7.3/share/hadoop/common/lib/jetty-util-6.1.26.jar
[2022-10-25T14:32:43.616+0000] {processor.py:770} WARNING - No viable dags retrieved from /opt/airflow/dags/hadoop-2.7.3/share/hadoop/common/lib/jetty-util-6.1.26.jar
[2022-10-25T14:32:43.685+0000] {processor.py:178} INFO - Processing /opt/airflow/dags/hadoop-2.7.3/share/hadoop/common/lib/jetty-util-6.1.26.jar took 0.105 seconds
[2022-10-25T14:33:07.496+0000] {processor.py:156} INFO - Started process (PID=27856) to work on /opt/airflow/dags/hadoop-2.7.3/share/hadoop/common/lib/jetty-util-6.1.26.jar
[2022-10-25T14:33:07.499+0000] {processor.py:758} INFO - Processing file /opt/airflow/dags/hadoop-2.7.3/share/hadoop/common/lib/jetty-util-6.1.26.jar for tasks to queue
[2022-10-25T14:33:07.504+0000] {logging_mixin.py:117} INFO - [2022-10-25T14:33:07.502+0000] {dagbag.py:525} INFO - Filling up the DagBag from /opt/airflow/dags/hadoop-2.7.3/share/hadoop/common/lib/jetty-util-6.1.26.jar
[2022-10-25T14:33:07.518+0000] {processor.py:770} WARNING - No viable dags retrieved from /opt/airflow/dags/hadoop-2.7.3/share/hadoop/common/lib/jetty-util-6.1.26.jar
[2022-10-25T14:33:07.571+0000] {processor.py:178} INFO - Processing /opt/airflow/dags/hadoop-2.7.3/share/hadoop/common/lib/jetty-util-6.1.26.jar took 0.093 seconds
[2022-10-25T14:33:20.685+0000] {processor.py:156} INFO - Started process (PID=29077) to work on /opt/airflow/dags/hadoop-2.7.3/share/hadoop/common/lib/jetty-util-6.1.26.jar
[2022-10-25T14:33:20.687+0000] {processor.py:758} INFO - Processing file /opt/airflow/dags/hadoop-2.7.3/share/hadoop/common/lib/jetty-util-6.1.26.jar for tasks to queue
[2022-10-25T14:33:20.693+0000] {logging_mixin.py:117} INFO - [2022-10-25T14:33:20.692+0000] {dagbag.py:525} INFO - Filling up the DagBag from /opt/airflow/dags/hadoop-2.7.3/share/hadoop/common/lib/jetty-util-6.1.26.jar
[2022-10-25T14:33:20.702+0000] {processor.py:770} WARNING - No viable dags retrieved from /opt/airflow/dags/hadoop-2.7.3/share/hadoop/common/lib/jetty-util-6.1.26.jar
[2022-10-25T14:33:20.771+0000] {processor.py:178} INFO - Processing /opt/airflow/dags/hadoop-2.7.3/share/hadoop/common/lib/jetty-util-6.1.26.jar took 0.093 seconds
[2022-10-25T14:33:49.743+0000] {processor.py:156} INFO - Started process (PID=28288) to work on /opt/airflow/dags/hadoop-2.7.3/share/hadoop/common/lib/jetty-util-6.1.26.jar
[2022-10-25T14:33:49.746+0000] {processor.py:758} INFO - Processing file /opt/airflow/dags/hadoop-2.7.3/share/hadoop/common/lib/jetty-util-6.1.26.jar for tasks to queue
[2022-10-25T14:33:49.749+0000] {logging_mixin.py:117} INFO - [2022-10-25T14:33:49.749+0000] {dagbag.py:525} INFO - Filling up the DagBag from /opt/airflow/dags/hadoop-2.7.3/share/hadoop/common/lib/jetty-util-6.1.26.jar
[2022-10-25T14:33:49.761+0000] {processor.py:770} WARNING - No viable dags retrieved from /opt/airflow/dags/hadoop-2.7.3/share/hadoop/common/lib/jetty-util-6.1.26.jar
[2022-10-25T14:33:49.822+0000] {processor.py:178} INFO - Processing /opt/airflow/dags/hadoop-2.7.3/share/hadoop/common/lib/jetty-util-6.1.26.jar took 0.090 seconds
[2022-10-25T14:34:02.283+0000] {processor.py:156} INFO - Started process (PID=29495) to work on /opt/airflow/dags/hadoop-2.7.3/share/hadoop/common/lib/jetty-util-6.1.26.jar
[2022-10-25T14:34:02.287+0000] {processor.py:758} INFO - Processing file /opt/airflow/dags/hadoop-2.7.3/share/hadoop/common/lib/jetty-util-6.1.26.jar for tasks to queue
[2022-10-25T14:34:02.290+0000] {logging_mixin.py:117} INFO - [2022-10-25T14:34:02.290+0000] {dagbag.py:525} INFO - Filling up the DagBag from /opt/airflow/dags/hadoop-2.7.3/share/hadoop/common/lib/jetty-util-6.1.26.jar
[2022-10-25T14:34:02.302+0000] {processor.py:770} WARNING - No viable dags retrieved from /opt/airflow/dags/hadoop-2.7.3/share/hadoop/common/lib/jetty-util-6.1.26.jar
[2022-10-25T14:34:02.344+0000] {processor.py:178} INFO - Processing /opt/airflow/dags/hadoop-2.7.3/share/hadoop/common/lib/jetty-util-6.1.26.jar took 0.073 seconds
[2022-10-25T14:34:58.084+0000] {processor.py:156} INFO - Started process (PID=28520) to work on /opt/airflow/dags/hadoop-2.7.3/share/hadoop/common/lib/jetty-util-6.1.26.jar
[2022-10-25T14:34:58.087+0000] {processor.py:758} INFO - Processing file /opt/airflow/dags/hadoop-2.7.3/share/hadoop/common/lib/jetty-util-6.1.26.jar for tasks to queue
[2022-10-25T14:34:58.090+0000] {logging_mixin.py:117} INFO - [2022-10-25T14:34:58.089+0000] {dagbag.py:525} INFO - Filling up the DagBag from /opt/airflow/dags/hadoop-2.7.3/share/hadoop/common/lib/jetty-util-6.1.26.jar
[2022-10-25T14:34:58.100+0000] {processor.py:770} WARNING - No viable dags retrieved from /opt/airflow/dags/hadoop-2.7.3/share/hadoop/common/lib/jetty-util-6.1.26.jar
[2022-10-25T14:34:58.134+0000] {processor.py:178} INFO - Processing /opt/airflow/dags/hadoop-2.7.3/share/hadoop/common/lib/jetty-util-6.1.26.jar took 0.058 seconds
[2022-10-25T14:35:24.511+0000] {processor.py:156} INFO - Started process (PID=29963) to work on /opt/airflow/dags/hadoop-2.7.3/share/hadoop/common/lib/jetty-util-6.1.26.jar
[2022-10-25T14:35:24.515+0000] {processor.py:758} INFO - Processing file /opt/airflow/dags/hadoop-2.7.3/share/hadoop/common/lib/jetty-util-6.1.26.jar for tasks to queue
[2022-10-25T14:35:24.517+0000] {logging_mixin.py:117} INFO - [2022-10-25T14:35:24.517+0000] {dagbag.py:525} INFO - Filling up the DagBag from /opt/airflow/dags/hadoop-2.7.3/share/hadoop/common/lib/jetty-util-6.1.26.jar
[2022-10-25T14:35:24.528+0000] {processor.py:770} WARNING - No viable dags retrieved from /opt/airflow/dags/hadoop-2.7.3/share/hadoop/common/lib/jetty-util-6.1.26.jar
[2022-10-25T14:35:24.577+0000] {processor.py:178} INFO - Processing /opt/airflow/dags/hadoop-2.7.3/share/hadoop/common/lib/jetty-util-6.1.26.jar took 0.078 seconds
[2022-10-25T14:35:44.519+0000] {processor.py:156} INFO - Started process (PID=28989) to work on /opt/airflow/dags/hadoop-2.7.3/share/hadoop/common/lib/jetty-util-6.1.26.jar
[2022-10-25T14:35:44.524+0000] {processor.py:758} INFO - Processing file /opt/airflow/dags/hadoop-2.7.3/share/hadoop/common/lib/jetty-util-6.1.26.jar for tasks to queue
[2022-10-25T14:35:44.528+0000] {logging_mixin.py:117} INFO - [2022-10-25T14:35:44.528+0000] {dagbag.py:525} INFO - Filling up the DagBag from /opt/airflow/dags/hadoop-2.7.3/share/hadoop/common/lib/jetty-util-6.1.26.jar
[2022-10-25T14:35:44.543+0000] {processor.py:770} WARNING - No viable dags retrieved from /opt/airflow/dags/hadoop-2.7.3/share/hadoop/common/lib/jetty-util-6.1.26.jar
[2022-10-25T14:35:44.592+0000] {processor.py:178} INFO - Processing /opt/airflow/dags/hadoop-2.7.3/share/hadoop/common/lib/jetty-util-6.1.26.jar took 0.082 seconds
[2022-10-25T14:36:07.763+0000] {processor.py:156} INFO - Started process (PID=30440) to work on /opt/airflow/dags/hadoop-2.7.3/share/hadoop/common/lib/jetty-util-6.1.26.jar
[2022-10-25T14:36:07.768+0000] {processor.py:758} INFO - Processing file /opt/airflow/dags/hadoop-2.7.3/share/hadoop/common/lib/jetty-util-6.1.26.jar for tasks to queue
[2022-10-25T14:36:07.770+0000] {logging_mixin.py:117} INFO - [2022-10-25T14:36:07.770+0000] {dagbag.py:525} INFO - Filling up the DagBag from /opt/airflow/dags/hadoop-2.7.3/share/hadoop/common/lib/jetty-util-6.1.26.jar
[2022-10-25T14:36:07.795+0000] {processor.py:770} WARNING - No viable dags retrieved from /opt/airflow/dags/hadoop-2.7.3/share/hadoop/common/lib/jetty-util-6.1.26.jar
[2022-10-25T14:36:07.848+0000] {processor.py:178} INFO - Processing /opt/airflow/dags/hadoop-2.7.3/share/hadoop/common/lib/jetty-util-6.1.26.jar took 0.096 seconds
[2022-10-25T14:36:26.661+0000] {processor.py:156} INFO - Started process (PID=29413) to work on /opt/airflow/dags/hadoop-2.7.3/share/hadoop/common/lib/jetty-util-6.1.26.jar
[2022-10-25T14:36:26.664+0000] {processor.py:758} INFO - Processing file /opt/airflow/dags/hadoop-2.7.3/share/hadoop/common/lib/jetty-util-6.1.26.jar for tasks to queue
[2022-10-25T14:36:26.667+0000] {logging_mixin.py:117} INFO - [2022-10-25T14:36:26.667+0000] {dagbag.py:525} INFO - Filling up the DagBag from /opt/airflow/dags/hadoop-2.7.3/share/hadoop/common/lib/jetty-util-6.1.26.jar
[2022-10-25T14:36:26.684+0000] {processor.py:770} WARNING - No viable dags retrieved from /opt/airflow/dags/hadoop-2.7.3/share/hadoop/common/lib/jetty-util-6.1.26.jar
[2022-10-25T14:36:26.744+0000] {processor.py:178} INFO - Processing /opt/airflow/dags/hadoop-2.7.3/share/hadoop/common/lib/jetty-util-6.1.26.jar took 0.094 seconds
[2022-10-25T14:36:56.519+0000] {processor.py:156} INFO - Started process (PID=30970) to work on /opt/airflow/dags/hadoop-2.7.3/share/hadoop/common/lib/jetty-util-6.1.26.jar
[2022-10-25T14:36:56.524+0000] {processor.py:758} INFO - Processing file /opt/airflow/dags/hadoop-2.7.3/share/hadoop/common/lib/jetty-util-6.1.26.jar for tasks to queue
[2022-10-25T14:36:56.527+0000] {logging_mixin.py:117} INFO - [2022-10-25T14:36:56.527+0000] {dagbag.py:525} INFO - Filling up the DagBag from /opt/airflow/dags/hadoop-2.7.3/share/hadoop/common/lib/jetty-util-6.1.26.jar
[2022-10-25T14:36:56.537+0000] {processor.py:770} WARNING - No viable dags retrieved from /opt/airflow/dags/hadoop-2.7.3/share/hadoop/common/lib/jetty-util-6.1.26.jar
[2022-10-25T14:36:56.577+0000] {processor.py:178} INFO - Processing /opt/airflow/dags/hadoop-2.7.3/share/hadoop/common/lib/jetty-util-6.1.26.jar took 0.069 seconds
[2022-10-25T14:37:09.933+0000] {processor.py:156} INFO - Started process (PID=29847) to work on /opt/airflow/dags/hadoop-2.7.3/share/hadoop/common/lib/jetty-util-6.1.26.jar
[2022-10-25T14:37:09.939+0000] {processor.py:758} INFO - Processing file /opt/airflow/dags/hadoop-2.7.3/share/hadoop/common/lib/jetty-util-6.1.26.jar for tasks to queue
[2022-10-25T14:37:09.945+0000] {logging_mixin.py:117} INFO - [2022-10-25T14:37:09.944+0000] {dagbag.py:525} INFO - Filling up the DagBag from /opt/airflow/dags/hadoop-2.7.3/share/hadoop/common/lib/jetty-util-6.1.26.jar
[2022-10-25T14:37:09.969+0000] {processor.py:770} WARNING - No viable dags retrieved from /opt/airflow/dags/hadoop-2.7.3/share/hadoop/common/lib/jetty-util-6.1.26.jar
[2022-10-25T14:37:10.006+0000] {processor.py:178} INFO - Processing /opt/airflow/dags/hadoop-2.7.3/share/hadoop/common/lib/jetty-util-6.1.26.jar took 0.089 seconds
[2022-10-25T14:37:44.891+0000] {processor.py:156} INFO - Started process (PID=31508) to work on /opt/airflow/dags/hadoop-2.7.3/share/hadoop/common/lib/jetty-util-6.1.26.jar
[2022-10-25T14:37:44.895+0000] {processor.py:758} INFO - Processing file /opt/airflow/dags/hadoop-2.7.3/share/hadoop/common/lib/jetty-util-6.1.26.jar for tasks to queue
[2022-10-25T14:37:44.897+0000] {logging_mixin.py:117} INFO - [2022-10-25T14:37:44.897+0000] {dagbag.py:525} INFO - Filling up the DagBag from /opt/airflow/dags/hadoop-2.7.3/share/hadoop/common/lib/jetty-util-6.1.26.jar
[2022-10-25T14:37:44.917+0000] {processor.py:770} WARNING - No viable dags retrieved from /opt/airflow/dags/hadoop-2.7.3/share/hadoop/common/lib/jetty-util-6.1.26.jar
[2022-10-25T14:37:44.959+0000] {processor.py:178} INFO - Processing /opt/airflow/dags/hadoop-2.7.3/share/hadoop/common/lib/jetty-util-6.1.26.jar took 0.078 seconds
[2022-10-25T14:37:49.422+0000] {processor.py:156} INFO - Started process (PID=30269) to work on /opt/airflow/dags/hadoop-2.7.3/share/hadoop/common/lib/jetty-util-6.1.26.jar
[2022-10-25T14:37:49.427+0000] {processor.py:758} INFO - Processing file /opt/airflow/dags/hadoop-2.7.3/share/hadoop/common/lib/jetty-util-6.1.26.jar for tasks to queue
[2022-10-25T14:37:49.443+0000] {logging_mixin.py:117} INFO - [2022-10-25T14:37:49.443+0000] {dagbag.py:525} INFO - Filling up the DagBag from /opt/airflow/dags/hadoop-2.7.3/share/hadoop/common/lib/jetty-util-6.1.26.jar
[2022-10-25T14:37:49.470+0000] {processor.py:770} WARNING - No viable dags retrieved from /opt/airflow/dags/hadoop-2.7.3/share/hadoop/common/lib/jetty-util-6.1.26.jar
[2022-10-25T14:37:49.541+0000] {processor.py:178} INFO - Processing /opt/airflow/dags/hadoop-2.7.3/share/hadoop/common/lib/jetty-util-6.1.26.jar took 0.131 seconds
[2022-10-25T14:38:19.736+0000] {processor.py:156} INFO - Started process (PID=31888) to work on /opt/airflow/dags/hadoop-2.7.3/share/hadoop/common/lib/jetty-util-6.1.26.jar
[2022-10-25T14:38:19.739+0000] {processor.py:758} INFO - Processing file /opt/airflow/dags/hadoop-2.7.3/share/hadoop/common/lib/jetty-util-6.1.26.jar for tasks to queue
[2022-10-25T14:38:19.741+0000] {logging_mixin.py:117} INFO - [2022-10-25T14:38:19.741+0000] {dagbag.py:525} INFO - Filling up the DagBag from /opt/airflow/dags/hadoop-2.7.3/share/hadoop/common/lib/jetty-util-6.1.26.jar
[2022-10-25T14:38:19.751+0000] {processor.py:770} WARNING - No viable dags retrieved from /opt/airflow/dags/hadoop-2.7.3/share/hadoop/common/lib/jetty-util-6.1.26.jar
[2022-10-25T14:38:19.806+0000] {processor.py:178} INFO - Processing /opt/airflow/dags/hadoop-2.7.3/share/hadoop/common/lib/jetty-util-6.1.26.jar took 0.081 seconds
[2022-10-25T14:38:28.431+0000] {processor.py:156} INFO - Started process (PID=30670) to work on /opt/airflow/dags/hadoop-2.7.3/share/hadoop/common/lib/jetty-util-6.1.26.jar
[2022-10-25T14:38:28.436+0000] {processor.py:758} INFO - Processing file /opt/airflow/dags/hadoop-2.7.3/share/hadoop/common/lib/jetty-util-6.1.26.jar for tasks to queue
[2022-10-25T14:38:28.439+0000] {logging_mixin.py:117} INFO - [2022-10-25T14:38:28.438+0000] {dagbag.py:525} INFO - Filling up the DagBag from /opt/airflow/dags/hadoop-2.7.3/share/hadoop/common/lib/jetty-util-6.1.26.jar
[2022-10-25T14:38:28.457+0000] {processor.py:770} WARNING - No viable dags retrieved from /opt/airflow/dags/hadoop-2.7.3/share/hadoop/common/lib/jetty-util-6.1.26.jar
[2022-10-25T14:38:28.508+0000] {processor.py:178} INFO - Processing /opt/airflow/dags/hadoop-2.7.3/share/hadoop/common/lib/jetty-util-6.1.26.jar took 0.088 seconds
[2022-10-25T14:39:10.142+0000] {processor.py:156} INFO - Started process (PID=32424) to work on /opt/airflow/dags/hadoop-2.7.3/share/hadoop/common/lib/jetty-util-6.1.26.jar
[2022-10-25T14:39:10.149+0000] {processor.py:758} INFO - Processing file /opt/airflow/dags/hadoop-2.7.3/share/hadoop/common/lib/jetty-util-6.1.26.jar for tasks to queue
[2022-10-25T14:39:10.153+0000] {logging_mixin.py:117} INFO - [2022-10-25T14:39:10.153+0000] {dagbag.py:525} INFO - Filling up the DagBag from /opt/airflow/dags/hadoop-2.7.3/share/hadoop/common/lib/jetty-util-6.1.26.jar
[2022-10-25T14:39:10.170+0000] {processor.py:770} WARNING - No viable dags retrieved from /opt/airflow/dags/hadoop-2.7.3/share/hadoop/common/lib/jetty-util-6.1.26.jar
[2022-10-25T14:39:10.227+0000] {processor.py:178} INFO - Processing /opt/airflow/dags/hadoop-2.7.3/share/hadoop/common/lib/jetty-util-6.1.26.jar took 0.090 seconds
[2022-10-25T14:39:50.635+0000] {processor.py:156} INFO - Started process (PID=31100) to work on /opt/airflow/dags/hadoop-2.7.3/share/hadoop/common/lib/jetty-util-6.1.26.jar
[2022-10-25T14:39:50.640+0000] {processor.py:758} INFO - Processing file /opt/airflow/dags/hadoop-2.7.3/share/hadoop/common/lib/jetty-util-6.1.26.jar for tasks to queue
[2022-10-25T14:39:50.648+0000] {logging_mixin.py:117} INFO - [2022-10-25T14:39:50.648+0000] {dagbag.py:525} INFO - Filling up the DagBag from /opt/airflow/dags/hadoop-2.7.3/share/hadoop/common/lib/jetty-util-6.1.26.jar
[2022-10-25T14:39:50.661+0000] {processor.py:770} WARNING - No viable dags retrieved from /opt/airflow/dags/hadoop-2.7.3/share/hadoop/common/lib/jetty-util-6.1.26.jar
[2022-10-25T14:39:50.693+0000] {processor.py:178} INFO - Processing /opt/airflow/dags/hadoop-2.7.3/share/hadoop/common/lib/jetty-util-6.1.26.jar took 0.065 seconds
[2022-10-25T14:40:12.388+0000] {processor.py:156} INFO - Started process (PID=32690) to work on /opt/airflow/dags/hadoop-2.7.3/share/hadoop/common/lib/jetty-util-6.1.26.jar
[2022-10-25T14:40:12.393+0000] {processor.py:758} INFO - Processing file /opt/airflow/dags/hadoop-2.7.3/share/hadoop/common/lib/jetty-util-6.1.26.jar for tasks to queue
[2022-10-25T14:40:12.396+0000] {logging_mixin.py:117} INFO - [2022-10-25T14:40:12.395+0000] {dagbag.py:525} INFO - Filling up the DagBag from /opt/airflow/dags/hadoop-2.7.3/share/hadoop/common/lib/jetty-util-6.1.26.jar
[2022-10-25T14:40:12.405+0000] {processor.py:770} WARNING - No viable dags retrieved from /opt/airflow/dags/hadoop-2.7.3/share/hadoop/common/lib/jetty-util-6.1.26.jar
[2022-10-25T14:40:12.454+0000] {processor.py:178} INFO - Processing /opt/airflow/dags/hadoop-2.7.3/share/hadoop/common/lib/jetty-util-6.1.26.jar took 0.079 seconds
[2022-10-25T14:40:39.970+0000] {processor.py:156} INFO - Started process (PID=31619) to work on /opt/airflow/dags/hadoop-2.7.3/share/hadoop/common/lib/jetty-util-6.1.26.jar
[2022-10-25T14:40:39.973+0000] {processor.py:758} INFO - Processing file /opt/airflow/dags/hadoop-2.7.3/share/hadoop/common/lib/jetty-util-6.1.26.jar for tasks to queue
[2022-10-25T14:40:39.976+0000] {logging_mixin.py:117} INFO - [2022-10-25T14:40:39.976+0000] {dagbag.py:525} INFO - Filling up the DagBag from /opt/airflow/dags/hadoop-2.7.3/share/hadoop/common/lib/jetty-util-6.1.26.jar
[2022-10-25T14:40:39.992+0000] {processor.py:770} WARNING - No viable dags retrieved from /opt/airflow/dags/hadoop-2.7.3/share/hadoop/common/lib/jetty-util-6.1.26.jar
[2022-10-25T14:40:40.029+0000] {processor.py:178} INFO - Processing /opt/airflow/dags/hadoop-2.7.3/share/hadoop/common/lib/jetty-util-6.1.26.jar took 0.070 seconds
[2022-10-25T14:40:54.796+0000] {processor.py:156} INFO - Started process (PID=33149) to work on /opt/airflow/dags/hadoop-2.7.3/share/hadoop/common/lib/jetty-util-6.1.26.jar
[2022-10-25T14:40:54.803+0000] {processor.py:758} INFO - Processing file /opt/airflow/dags/hadoop-2.7.3/share/hadoop/common/lib/jetty-util-6.1.26.jar for tasks to queue
[2022-10-25T14:40:54.811+0000] {logging_mixin.py:117} INFO - [2022-10-25T14:40:54.811+0000] {dagbag.py:525} INFO - Filling up the DagBag from /opt/airflow/dags/hadoop-2.7.3/share/hadoop/common/lib/jetty-util-6.1.26.jar
[2022-10-25T14:40:54.835+0000] {processor.py:770} WARNING - No viable dags retrieved from /opt/airflow/dags/hadoop-2.7.3/share/hadoop/common/lib/jetty-util-6.1.26.jar
[2022-10-25T14:40:54.878+0000] {processor.py:178} INFO - Processing /opt/airflow/dags/hadoop-2.7.3/share/hadoop/common/lib/jetty-util-6.1.26.jar took 0.092 seconds
[2022-10-25T14:41:19.002+0000] {processor.py:156} INFO - Started process (PID=32027) to work on /opt/airflow/dags/hadoop-2.7.3/share/hadoop/common/lib/jetty-util-6.1.26.jar
[2022-10-25T14:41:19.005+0000] {processor.py:758} INFO - Processing file /opt/airflow/dags/hadoop-2.7.3/share/hadoop/common/lib/jetty-util-6.1.26.jar for tasks to queue
[2022-10-25T14:41:19.012+0000] {logging_mixin.py:117} INFO - [2022-10-25T14:41:19.012+0000] {dagbag.py:525} INFO - Filling up the DagBag from /opt/airflow/dags/hadoop-2.7.3/share/hadoop/common/lib/jetty-util-6.1.26.jar
[2022-10-25T14:41:19.026+0000] {processor.py:770} WARNING - No viable dags retrieved from /opt/airflow/dags/hadoop-2.7.3/share/hadoop/common/lib/jetty-util-6.1.26.jar
[2022-10-25T14:41:19.104+0000] {processor.py:178} INFO - Processing /opt/airflow/dags/hadoop-2.7.3/share/hadoop/common/lib/jetty-util-6.1.26.jar took 0.133 seconds
[2022-10-25T14:41:35.159+0000] {processor.py:156} INFO - Started process (PID=33529) to work on /opt/airflow/dags/hadoop-2.7.3/share/hadoop/common/lib/jetty-util-6.1.26.jar
[2022-10-25T14:41:35.162+0000] {processor.py:758} INFO - Processing file /opt/airflow/dags/hadoop-2.7.3/share/hadoop/common/lib/jetty-util-6.1.26.jar for tasks to queue
[2022-10-25T14:41:35.165+0000] {logging_mixin.py:117} INFO - [2022-10-25T14:41:35.164+0000] {dagbag.py:525} INFO - Filling up the DagBag from /opt/airflow/dags/hadoop-2.7.3/share/hadoop/common/lib/jetty-util-6.1.26.jar
[2022-10-25T14:41:35.176+0000] {processor.py:770} WARNING - No viable dags retrieved from /opt/airflow/dags/hadoop-2.7.3/share/hadoop/common/lib/jetty-util-6.1.26.jar
[2022-10-25T14:41:35.228+0000] {processor.py:178} INFO - Processing /opt/airflow/dags/hadoop-2.7.3/share/hadoop/common/lib/jetty-util-6.1.26.jar took 0.078 seconds
[2022-10-25T14:42:07.084+0000] {processor.py:156} INFO - Started process (PID=32551) to work on /opt/airflow/dags/hadoop-2.7.3/share/hadoop/common/lib/jetty-util-6.1.26.jar
[2022-10-25T14:42:07.090+0000] {processor.py:758} INFO - Processing file /opt/airflow/dags/hadoop-2.7.3/share/hadoop/common/lib/jetty-util-6.1.26.jar for tasks to queue
[2022-10-25T14:42:07.093+0000] {logging_mixin.py:117} INFO - [2022-10-25T14:42:07.093+0000] {dagbag.py:525} INFO - Filling up the DagBag from /opt/airflow/dags/hadoop-2.7.3/share/hadoop/common/lib/jetty-util-6.1.26.jar
[2022-10-25T14:42:07.108+0000] {processor.py:770} WARNING - No viable dags retrieved from /opt/airflow/dags/hadoop-2.7.3/share/hadoop/common/lib/jetty-util-6.1.26.jar
[2022-10-25T14:42:07.178+0000] {processor.py:178} INFO - Processing /opt/airflow/dags/hadoop-2.7.3/share/hadoop/common/lib/jetty-util-6.1.26.jar took 0.106 seconds
[2022-10-25T14:42:17.958+0000] {processor.py:156} INFO - Started process (PID=34007) to work on /opt/airflow/dags/hadoop-2.7.3/share/hadoop/common/lib/jetty-util-6.1.26.jar
[2022-10-25T14:42:17.964+0000] {processor.py:758} INFO - Processing file /opt/airflow/dags/hadoop-2.7.3/share/hadoop/common/lib/jetty-util-6.1.26.jar for tasks to queue
[2022-10-25T14:42:17.968+0000] {logging_mixin.py:117} INFO - [2022-10-25T14:42:17.968+0000] {dagbag.py:525} INFO - Filling up the DagBag from /opt/airflow/dags/hadoop-2.7.3/share/hadoop/common/lib/jetty-util-6.1.26.jar
[2022-10-25T14:42:17.983+0000] {processor.py:770} WARNING - No viable dags retrieved from /opt/airflow/dags/hadoop-2.7.3/share/hadoop/common/lib/jetty-util-6.1.26.jar
[2022-10-25T14:42:18.032+0000] {processor.py:178} INFO - Processing /opt/airflow/dags/hadoop-2.7.3/share/hadoop/common/lib/jetty-util-6.1.26.jar took 0.109 seconds
[2022-10-25T14:42:45.137+0000] {processor.py:156} INFO - Started process (PID=32945) to work on /opt/airflow/dags/hadoop-2.7.3/share/hadoop/common/lib/jetty-util-6.1.26.jar
[2022-10-25T14:42:45.140+0000] {processor.py:758} INFO - Processing file /opt/airflow/dags/hadoop-2.7.3/share/hadoop/common/lib/jetty-util-6.1.26.jar for tasks to queue
[2022-10-25T14:42:45.146+0000] {logging_mixin.py:117} INFO - [2022-10-25T14:42:45.146+0000] {dagbag.py:525} INFO - Filling up the DagBag from /opt/airflow/dags/hadoop-2.7.3/share/hadoop/common/lib/jetty-util-6.1.26.jar
[2022-10-25T14:42:45.156+0000] {processor.py:770} WARNING - No viable dags retrieved from /opt/airflow/dags/hadoop-2.7.3/share/hadoop/common/lib/jetty-util-6.1.26.jar
[2022-10-25T14:42:45.234+0000] {processor.py:178} INFO - Processing /opt/airflow/dags/hadoop-2.7.3/share/hadoop/common/lib/jetty-util-6.1.26.jar took 0.106 seconds
[2022-10-25T14:43:05.245+0000] {processor.py:156} INFO - Started process (PID=34523) to work on /opt/airflow/dags/hadoop-2.7.3/share/hadoop/common/lib/jetty-util-6.1.26.jar
[2022-10-25T14:43:05.249+0000] {processor.py:758} INFO - Processing file /opt/airflow/dags/hadoop-2.7.3/share/hadoop/common/lib/jetty-util-6.1.26.jar for tasks to queue
[2022-10-25T14:43:05.252+0000] {logging_mixin.py:117} INFO - [2022-10-25T14:43:05.251+0000] {dagbag.py:525} INFO - Filling up the DagBag from /opt/airflow/dags/hadoop-2.7.3/share/hadoop/common/lib/jetty-util-6.1.26.jar
[2022-10-25T14:43:05.265+0000] {processor.py:770} WARNING - No viable dags retrieved from /opt/airflow/dags/hadoop-2.7.3/share/hadoop/common/lib/jetty-util-6.1.26.jar
[2022-10-25T14:43:05.303+0000] {processor.py:178} INFO - Processing /opt/airflow/dags/hadoop-2.7.3/share/hadoop/common/lib/jetty-util-6.1.26.jar took 0.066 seconds
[2022-10-25T14:43:25.277+0000] {processor.py:156} INFO - Started process (PID=33344) to work on /opt/airflow/dags/hadoop-2.7.3/share/hadoop/common/lib/jetty-util-6.1.26.jar
[2022-10-25T14:43:25.280+0000] {processor.py:758} INFO - Processing file /opt/airflow/dags/hadoop-2.7.3/share/hadoop/common/lib/jetty-util-6.1.26.jar for tasks to queue
[2022-10-25T14:43:25.283+0000] {logging_mixin.py:117} INFO - [2022-10-25T14:43:25.282+0000] {dagbag.py:525} INFO - Filling up the DagBag from /opt/airflow/dags/hadoop-2.7.3/share/hadoop/common/lib/jetty-util-6.1.26.jar
[2022-10-25T14:43:25.299+0000] {processor.py:770} WARNING - No viable dags retrieved from /opt/airflow/dags/hadoop-2.7.3/share/hadoop/common/lib/jetty-util-6.1.26.jar
[2022-10-25T14:43:25.341+0000] {processor.py:178} INFO - Processing /opt/airflow/dags/hadoop-2.7.3/share/hadoop/common/lib/jetty-util-6.1.26.jar took 0.081 seconds
[2022-10-25T14:43:51.844+0000] {processor.py:156} INFO - Started process (PID=35052) to work on /opt/airflow/dags/hadoop-2.7.3/share/hadoop/common/lib/jetty-util-6.1.26.jar
[2022-10-25T14:43:51.848+0000] {processor.py:758} INFO - Processing file /opt/airflow/dags/hadoop-2.7.3/share/hadoop/common/lib/jetty-util-6.1.26.jar for tasks to queue
[2022-10-25T14:43:51.851+0000] {logging_mixin.py:117} INFO - [2022-10-25T14:43:51.850+0000] {dagbag.py:525} INFO - Filling up the DagBag from /opt/airflow/dags/hadoop-2.7.3/share/hadoop/common/lib/jetty-util-6.1.26.jar
[2022-10-25T14:43:51.866+0000] {processor.py:770} WARNING - No viable dags retrieved from /opt/airflow/dags/hadoop-2.7.3/share/hadoop/common/lib/jetty-util-6.1.26.jar
[2022-10-25T14:43:51.917+0000] {processor.py:178} INFO - Processing /opt/airflow/dags/hadoop-2.7.3/share/hadoop/common/lib/jetty-util-6.1.26.jar took 0.088 seconds
[2022-10-25T14:59:47.426+0000] {processor.py:156} INFO - Started process (PID=33898) to work on /opt/airflow/dags/hadoop-2.7.3/share/hadoop/common/lib/jetty-util-6.1.26.jar
[2022-10-25T14:59:47.432+0000] {processor.py:758} INFO - Processing file /opt/airflow/dags/hadoop-2.7.3/share/hadoop/common/lib/jetty-util-6.1.26.jar for tasks to queue
[2022-10-25T14:59:47.440+0000] {logging_mixin.py:117} INFO - [2022-10-25T14:59:47.440+0000] {dagbag.py:525} INFO - Filling up the DagBag from /opt/airflow/dags/hadoop-2.7.3/share/hadoop/common/lib/jetty-util-6.1.26.jar
[2022-10-25T14:59:47.447+0000] {processor.py:770} WARNING - No viable dags retrieved from /opt/airflow/dags/hadoop-2.7.3/share/hadoop/common/lib/jetty-util-6.1.26.jar
[2022-10-25T14:59:47.481+0000] {processor.py:178} INFO - Processing /opt/airflow/dags/hadoop-2.7.3/share/hadoop/common/lib/jetty-util-6.1.26.jar took 0.066 seconds
[2022-10-25T15:03:34.843+0000] {processor.py:156} INFO - Started process (PID=35575) to work on /opt/airflow/dags/hadoop-2.7.3/share/hadoop/common/lib/jetty-util-6.1.26.jar
[2022-10-25T15:03:34.849+0000] {processor.py:758} INFO - Processing file /opt/airflow/dags/hadoop-2.7.3/share/hadoop/common/lib/jetty-util-6.1.26.jar for tasks to queue
[2022-10-25T15:03:34.855+0000] {logging_mixin.py:117} INFO - [2022-10-25T15:03:34.855+0000] {dagbag.py:525} INFO - Filling up the DagBag from /opt/airflow/dags/hadoop-2.7.3/share/hadoop/common/lib/jetty-util-6.1.26.jar
[2022-10-25T15:03:34.891+0000] {processor.py:770} WARNING - No viable dags retrieved from /opt/airflow/dags/hadoop-2.7.3/share/hadoop/common/lib/jetty-util-6.1.26.jar
[2022-10-25T15:03:34.950+0000] {processor.py:178} INFO - Processing /opt/airflow/dags/hadoop-2.7.3/share/hadoop/common/lib/jetty-util-6.1.26.jar took 0.169 seconds
[2022-10-25T15:04:55.532+0000] {processor.py:156} INFO - Started process (PID=34447) to work on /opt/airflow/dags/hadoop-2.7.3/share/hadoop/common/lib/jetty-util-6.1.26.jar
[2022-10-25T15:04:55.535+0000] {processor.py:758} INFO - Processing file /opt/airflow/dags/hadoop-2.7.3/share/hadoop/common/lib/jetty-util-6.1.26.jar for tasks to queue
[2022-10-25T15:04:55.539+0000] {logging_mixin.py:117} INFO - [2022-10-25T15:04:55.539+0000] {dagbag.py:525} INFO - Filling up the DagBag from /opt/airflow/dags/hadoop-2.7.3/share/hadoop/common/lib/jetty-util-6.1.26.jar
[2022-10-25T15:04:55.554+0000] {processor.py:770} WARNING - No viable dags retrieved from /opt/airflow/dags/hadoop-2.7.3/share/hadoop/common/lib/jetty-util-6.1.26.jar
[2022-10-25T15:04:55.596+0000] {processor.py:178} INFO - Processing /opt/airflow/dags/hadoop-2.7.3/share/hadoop/common/lib/jetty-util-6.1.26.jar took 0.074 seconds
[2022-10-25T15:05:08.033+0000] {processor.py:156} INFO - Started process (PID=36124) to work on /opt/airflow/dags/hadoop-2.7.3/share/hadoop/common/lib/jetty-util-6.1.26.jar
[2022-10-25T15:05:08.036+0000] {processor.py:758} INFO - Processing file /opt/airflow/dags/hadoop-2.7.3/share/hadoop/common/lib/jetty-util-6.1.26.jar for tasks to queue
[2022-10-25T15:05:08.039+0000] {logging_mixin.py:117} INFO - [2022-10-25T15:05:08.039+0000] {dagbag.py:525} INFO - Filling up the DagBag from /opt/airflow/dags/hadoop-2.7.3/share/hadoop/common/lib/jetty-util-6.1.26.jar
[2022-10-25T15:05:08.052+0000] {processor.py:770} WARNING - No viable dags retrieved from /opt/airflow/dags/hadoop-2.7.3/share/hadoop/common/lib/jetty-util-6.1.26.jar
[2022-10-25T15:05:08.079+0000] {processor.py:178} INFO - Processing /opt/airflow/dags/hadoop-2.7.3/share/hadoop/common/lib/jetty-util-6.1.26.jar took 0.056 seconds
[2022-10-25T15:05:44.781+0000] {processor.py:156} INFO - Started process (PID=34932) to work on /opt/airflow/dags/hadoop-2.7.3/share/hadoop/common/lib/jetty-util-6.1.26.jar
[2022-10-25T15:05:44.786+0000] {processor.py:758} INFO - Processing file /opt/airflow/dags/hadoop-2.7.3/share/hadoop/common/lib/jetty-util-6.1.26.jar for tasks to queue
[2022-10-25T15:05:44.788+0000] {logging_mixin.py:117} INFO - [2022-10-25T15:05:44.788+0000] {dagbag.py:525} INFO - Filling up the DagBag from /opt/airflow/dags/hadoop-2.7.3/share/hadoop/common/lib/jetty-util-6.1.26.jar
[2022-10-25T15:05:44.801+0000] {processor.py:770} WARNING - No viable dags retrieved from /opt/airflow/dags/hadoop-2.7.3/share/hadoop/common/lib/jetty-util-6.1.26.jar
[2022-10-25T15:05:44.847+0000] {processor.py:178} INFO - Processing /opt/airflow/dags/hadoop-2.7.3/share/hadoop/common/lib/jetty-util-6.1.26.jar took 0.074 seconds
[2022-10-25T15:05:51.858+0000] {processor.py:156} INFO - Started process (PID=36567) to work on /opt/airflow/dags/hadoop-2.7.3/share/hadoop/common/lib/jetty-util-6.1.26.jar
[2022-10-25T15:05:51.862+0000] {processor.py:758} INFO - Processing file /opt/airflow/dags/hadoop-2.7.3/share/hadoop/common/lib/jetty-util-6.1.26.jar for tasks to queue
[2022-10-25T15:05:51.868+0000] {logging_mixin.py:117} INFO - [2022-10-25T15:05:51.867+0000] {dagbag.py:525} INFO - Filling up the DagBag from /opt/airflow/dags/hadoop-2.7.3/share/hadoop/common/lib/jetty-util-6.1.26.jar
[2022-10-25T15:05:51.883+0000] {processor.py:770} WARNING - No viable dags retrieved from /opt/airflow/dags/hadoop-2.7.3/share/hadoop/common/lib/jetty-util-6.1.26.jar
[2022-10-25T15:05:51.934+0000] {processor.py:178} INFO - Processing /opt/airflow/dags/hadoop-2.7.3/share/hadoop/common/lib/jetty-util-6.1.26.jar took 0.087 seconds
[2022-10-25T15:06:28.783+0000] {processor.py:156} INFO - Started process (PID=35384) to work on /opt/airflow/dags/hadoop-2.7.3/share/hadoop/common/lib/jetty-util-6.1.26.jar
[2022-10-25T15:06:28.786+0000] {processor.py:758} INFO - Processing file /opt/airflow/dags/hadoop-2.7.3/share/hadoop/common/lib/jetty-util-6.1.26.jar for tasks to queue
[2022-10-25T15:06:28.790+0000] {logging_mixin.py:117} INFO - [2022-10-25T15:06:28.790+0000] {dagbag.py:525} INFO - Filling up the DagBag from /opt/airflow/dags/hadoop-2.7.3/share/hadoop/common/lib/jetty-util-6.1.26.jar
[2022-10-25T15:06:28.801+0000] {processor.py:770} WARNING - No viable dags retrieved from /opt/airflow/dags/hadoop-2.7.3/share/hadoop/common/lib/jetty-util-6.1.26.jar
[2022-10-25T15:06:28.835+0000] {processor.py:178} INFO - Processing /opt/airflow/dags/hadoop-2.7.3/share/hadoop/common/lib/jetty-util-6.1.26.jar took 0.059 seconds
[2022-10-25T15:06:35.773+0000] {processor.py:156} INFO - Started process (PID=37080) to work on /opt/airflow/dags/hadoop-2.7.3/share/hadoop/common/lib/jetty-util-6.1.26.jar
[2022-10-25T15:06:35.776+0000] {processor.py:758} INFO - Processing file /opt/airflow/dags/hadoop-2.7.3/share/hadoop/common/lib/jetty-util-6.1.26.jar for tasks to queue
[2022-10-25T15:06:35.778+0000] {logging_mixin.py:117} INFO - [2022-10-25T15:06:35.778+0000] {dagbag.py:525} INFO - Filling up the DagBag from /opt/airflow/dags/hadoop-2.7.3/share/hadoop/common/lib/jetty-util-6.1.26.jar
[2022-10-25T15:06:35.794+0000] {processor.py:770} WARNING - No viable dags retrieved from /opt/airflow/dags/hadoop-2.7.3/share/hadoop/common/lib/jetty-util-6.1.26.jar
[2022-10-25T15:06:35.840+0000] {processor.py:178} INFO - Processing /opt/airflow/dags/hadoop-2.7.3/share/hadoop/common/lib/jetty-util-6.1.26.jar took 0.075 seconds
