[2022-10-25T00:25:28.879+0000] {processor.py:156} INFO - Started process (PID=4263) to work on /opt/airflow/dags/hadoop-2.7.3/share/hadoop/common/lib/stax-api-1.0-2.jar
[2022-10-25T00:25:28.881+0000] {processor.py:758} INFO - Processing file /opt/airflow/dags/hadoop-2.7.3/share/hadoop/common/lib/stax-api-1.0-2.jar for tasks to queue
[2022-10-25T00:25:28.887+0000] {logging_mixin.py:117} INFO - [2022-10-25T00:25:28.887+0000] {dagbag.py:525} INFO - Filling up the DagBag from /opt/airflow/dags/hadoop-2.7.3/share/hadoop/common/lib/stax-api-1.0-2.jar
[2022-10-25T00:25:28.900+0000] {processor.py:770} WARNING - No viable dags retrieved from /opt/airflow/dags/hadoop-2.7.3/share/hadoop/common/lib/stax-api-1.0-2.jar
[2022-10-25T00:25:28.944+0000] {processor.py:178} INFO - Processing /opt/airflow/dags/hadoop-2.7.3/share/hadoop/common/lib/stax-api-1.0-2.jar took 0.074 seconds
[2022-10-25T00:38:10.301+0000] {processor.py:156} INFO - Started process (PID=2322) to work on /opt/airflow/dags/hadoop-2.7.3/share/hadoop/common/lib/stax-api-1.0-2.jar
[2022-10-25T00:38:10.306+0000] {processor.py:758} INFO - Processing file /opt/airflow/dags/hadoop-2.7.3/share/hadoop/common/lib/stax-api-1.0-2.jar for tasks to queue
[2022-10-25T00:38:10.311+0000] {logging_mixin.py:117} INFO - [2022-10-25T00:38:10.310+0000] {dagbag.py:525} INFO - Filling up the DagBag from /opt/airflow/dags/hadoop-2.7.3/share/hadoop/common/lib/stax-api-1.0-2.jar
[2022-10-25T00:38:10.332+0000] {processor.py:770} WARNING - No viable dags retrieved from /opt/airflow/dags/hadoop-2.7.3/share/hadoop/common/lib/stax-api-1.0-2.jar
[2022-10-25T00:38:10.377+0000] {processor.py:178} INFO - Processing /opt/airflow/dags/hadoop-2.7.3/share/hadoop/common/lib/stax-api-1.0-2.jar took 0.083 seconds
[2022-10-25T00:38:20.060+0000] {processor.py:156} INFO - Started process (PID=4804) to work on /opt/airflow/dags/hadoop-2.7.3/share/hadoop/common/lib/stax-api-1.0-2.jar
[2022-10-25T00:38:20.063+0000] {processor.py:758} INFO - Processing file /opt/airflow/dags/hadoop-2.7.3/share/hadoop/common/lib/stax-api-1.0-2.jar for tasks to queue
[2022-10-25T00:38:20.066+0000] {logging_mixin.py:117} INFO - [2022-10-25T00:38:20.066+0000] {dagbag.py:525} INFO - Filling up the DagBag from /opt/airflow/dags/hadoop-2.7.3/share/hadoop/common/lib/stax-api-1.0-2.jar
[2022-10-25T00:38:20.075+0000] {processor.py:770} WARNING - No viable dags retrieved from /opt/airflow/dags/hadoop-2.7.3/share/hadoop/common/lib/stax-api-1.0-2.jar
[2022-10-25T00:38:20.118+0000] {processor.py:178} INFO - Processing /opt/airflow/dags/hadoop-2.7.3/share/hadoop/common/lib/stax-api-1.0-2.jar took 0.066 seconds
[2022-10-25T00:38:48.366+0000] {processor.py:156} INFO - Started process (PID=2831) to work on /opt/airflow/dags/hadoop-2.7.3/share/hadoop/common/lib/stax-api-1.0-2.jar
[2022-10-25T00:38:48.368+0000] {processor.py:758} INFO - Processing file /opt/airflow/dags/hadoop-2.7.3/share/hadoop/common/lib/stax-api-1.0-2.jar for tasks to queue
[2022-10-25T00:38:48.375+0000] {logging_mixin.py:117} INFO - [2022-10-25T00:38:48.374+0000] {dagbag.py:525} INFO - Filling up the DagBag from /opt/airflow/dags/hadoop-2.7.3/share/hadoop/common/lib/stax-api-1.0-2.jar
[2022-10-25T00:38:48.382+0000] {processor.py:770} WARNING - No viable dags retrieved from /opt/airflow/dags/hadoop-2.7.3/share/hadoop/common/lib/stax-api-1.0-2.jar
[2022-10-25T00:38:48.415+0000] {processor.py:178} INFO - Processing /opt/airflow/dags/hadoop-2.7.3/share/hadoop/common/lib/stax-api-1.0-2.jar took 0.059 seconds
[2022-10-25T00:38:57.602+0000] {processor.py:156} INFO - Started process (PID=5289) to work on /opt/airflow/dags/hadoop-2.7.3/share/hadoop/common/lib/stax-api-1.0-2.jar
[2022-10-25T00:38:57.605+0000] {processor.py:758} INFO - Processing file /opt/airflow/dags/hadoop-2.7.3/share/hadoop/common/lib/stax-api-1.0-2.jar for tasks to queue
[2022-10-25T00:38:57.607+0000] {logging_mixin.py:117} INFO - [2022-10-25T00:38:57.607+0000] {dagbag.py:525} INFO - Filling up the DagBag from /opt/airflow/dags/hadoop-2.7.3/share/hadoop/common/lib/stax-api-1.0-2.jar
[2022-10-25T00:38:57.616+0000] {processor.py:770} WARNING - No viable dags retrieved from /opt/airflow/dags/hadoop-2.7.3/share/hadoop/common/lib/stax-api-1.0-2.jar
[2022-10-25T00:38:57.643+0000] {processor.py:178} INFO - Processing /opt/airflow/dags/hadoop-2.7.3/share/hadoop/common/lib/stax-api-1.0-2.jar took 0.051 seconds
[2022-10-25T00:39:27.396+0000] {processor.py:156} INFO - Started process (PID=3346) to work on /opt/airflow/dags/hadoop-2.7.3/share/hadoop/common/lib/stax-api-1.0-2.jar
[2022-10-25T00:39:27.399+0000] {processor.py:758} INFO - Processing file /opt/airflow/dags/hadoop-2.7.3/share/hadoop/common/lib/stax-api-1.0-2.jar for tasks to queue
[2022-10-25T00:39:27.406+0000] {logging_mixin.py:117} INFO - [2022-10-25T00:39:27.405+0000] {dagbag.py:525} INFO - Filling up the DagBag from /opt/airflow/dags/hadoop-2.7.3/share/hadoop/common/lib/stax-api-1.0-2.jar
[2022-10-25T00:39:27.414+0000] {processor.py:770} WARNING - No viable dags retrieved from /opt/airflow/dags/hadoop-2.7.3/share/hadoop/common/lib/stax-api-1.0-2.jar
[2022-10-25T00:39:27.456+0000] {processor.py:178} INFO - Processing /opt/airflow/dags/hadoop-2.7.3/share/hadoop/common/lib/stax-api-1.0-2.jar took 0.074 seconds
[2022-10-25T00:40:24.096+0000] {processor.py:156} INFO - Started process (PID=5827) to work on /opt/airflow/dags/hadoop-2.7.3/share/hadoop/common/lib/stax-api-1.0-2.jar
[2022-10-25T00:40:24.099+0000] {processor.py:758} INFO - Processing file /opt/airflow/dags/hadoop-2.7.3/share/hadoop/common/lib/stax-api-1.0-2.jar for tasks to queue
[2022-10-25T00:40:24.100+0000] {logging_mixin.py:117} INFO - [2022-10-25T00:40:24.100+0000] {dagbag.py:525} INFO - Filling up the DagBag from /opt/airflow/dags/hadoop-2.7.3/share/hadoop/common/lib/stax-api-1.0-2.jar
[2022-10-25T00:40:24.107+0000] {processor.py:770} WARNING - No viable dags retrieved from /opt/airflow/dags/hadoop-2.7.3/share/hadoop/common/lib/stax-api-1.0-2.jar
[2022-10-25T00:40:24.139+0000] {processor.py:178} INFO - Processing /opt/airflow/dags/hadoop-2.7.3/share/hadoop/common/lib/stax-api-1.0-2.jar took 0.052 seconds
[2022-10-25T00:53:02.939+0000] {processor.py:156} INFO - Started process (PID=3829) to work on /opt/airflow/dags/hadoop-2.7.3/share/hadoop/common/lib/stax-api-1.0-2.jar
[2022-10-25T00:53:02.941+0000] {processor.py:758} INFO - Processing file /opt/airflow/dags/hadoop-2.7.3/share/hadoop/common/lib/stax-api-1.0-2.jar for tasks to queue
[2022-10-25T00:53:02.946+0000] {logging_mixin.py:117} INFO - [2022-10-25T00:53:02.946+0000] {dagbag.py:525} INFO - Filling up the DagBag from /opt/airflow/dags/hadoop-2.7.3/share/hadoop/common/lib/stax-api-1.0-2.jar
[2022-10-25T00:53:02.953+0000] {processor.py:770} WARNING - No viable dags retrieved from /opt/airflow/dags/hadoop-2.7.3/share/hadoop/common/lib/stax-api-1.0-2.jar
[2022-10-25T00:53:02.980+0000] {processor.py:178} INFO - Processing /opt/airflow/dags/hadoop-2.7.3/share/hadoop/common/lib/stax-api-1.0-2.jar took 0.048 seconds
[2022-10-25T00:53:21.252+0000] {processor.py:156} INFO - Started process (PID=6393) to work on /opt/airflow/dags/hadoop-2.7.3/share/hadoop/common/lib/stax-api-1.0-2.jar
[2022-10-25T00:53:21.255+0000] {processor.py:758} INFO - Processing file /opt/airflow/dags/hadoop-2.7.3/share/hadoop/common/lib/stax-api-1.0-2.jar for tasks to queue
[2022-10-25T00:53:21.257+0000] {logging_mixin.py:117} INFO - [2022-10-25T00:53:21.257+0000] {dagbag.py:525} INFO - Filling up the DagBag from /opt/airflow/dags/hadoop-2.7.3/share/hadoop/common/lib/stax-api-1.0-2.jar
[2022-10-25T00:53:21.265+0000] {processor.py:770} WARNING - No viable dags retrieved from /opt/airflow/dags/hadoop-2.7.3/share/hadoop/common/lib/stax-api-1.0-2.jar
[2022-10-25T00:53:21.313+0000] {processor.py:178} INFO - Processing /opt/airflow/dags/hadoop-2.7.3/share/hadoop/common/lib/stax-api-1.0-2.jar took 0.070 seconds
[2022-10-25T00:53:42.539+0000] {processor.py:156} INFO - Started process (PID=4315) to work on /opt/airflow/dags/hadoop-2.7.3/share/hadoop/common/lib/stax-api-1.0-2.jar
[2022-10-25T00:53:42.543+0000] {processor.py:758} INFO - Processing file /opt/airflow/dags/hadoop-2.7.3/share/hadoop/common/lib/stax-api-1.0-2.jar for tasks to queue
[2022-10-25T00:53:42.548+0000] {logging_mixin.py:117} INFO - [2022-10-25T00:53:42.548+0000] {dagbag.py:525} INFO - Filling up the DagBag from /opt/airflow/dags/hadoop-2.7.3/share/hadoop/common/lib/stax-api-1.0-2.jar
[2022-10-25T00:53:42.556+0000] {processor.py:770} WARNING - No viable dags retrieved from /opt/airflow/dags/hadoop-2.7.3/share/hadoop/common/lib/stax-api-1.0-2.jar
[2022-10-25T00:53:42.613+0000] {processor.py:178} INFO - Processing /opt/airflow/dags/hadoop-2.7.3/share/hadoop/common/lib/stax-api-1.0-2.jar took 0.085 seconds
[2022-10-25T00:54:02.491+0000] {processor.py:156} INFO - Started process (PID=6910) to work on /opt/airflow/dags/hadoop-2.7.3/share/hadoop/common/lib/stax-api-1.0-2.jar
[2022-10-25T00:54:02.493+0000] {processor.py:758} INFO - Processing file /opt/airflow/dags/hadoop-2.7.3/share/hadoop/common/lib/stax-api-1.0-2.jar for tasks to queue
[2022-10-25T00:54:02.495+0000] {logging_mixin.py:117} INFO - [2022-10-25T00:54:02.495+0000] {dagbag.py:525} INFO - Filling up the DagBag from /opt/airflow/dags/hadoop-2.7.3/share/hadoop/common/lib/stax-api-1.0-2.jar
[2022-10-25T00:54:02.502+0000] {processor.py:770} WARNING - No viable dags retrieved from /opt/airflow/dags/hadoop-2.7.3/share/hadoop/common/lib/stax-api-1.0-2.jar
[2022-10-25T00:54:02.531+0000] {processor.py:178} INFO - Processing /opt/airflow/dags/hadoop-2.7.3/share/hadoop/common/lib/stax-api-1.0-2.jar took 0.046 seconds
[2022-10-25T00:54:22.099+0000] {processor.py:156} INFO - Started process (PID=4831) to work on /opt/airflow/dags/hadoop-2.7.3/share/hadoop/common/lib/stax-api-1.0-2.jar
[2022-10-25T00:54:22.108+0000] {processor.py:758} INFO - Processing file /opt/airflow/dags/hadoop-2.7.3/share/hadoop/common/lib/stax-api-1.0-2.jar for tasks to queue
[2022-10-25T00:54:22.117+0000] {logging_mixin.py:117} INFO - [2022-10-25T00:54:22.117+0000] {dagbag.py:525} INFO - Filling up the DagBag from /opt/airflow/dags/hadoop-2.7.3/share/hadoop/common/lib/stax-api-1.0-2.jar
[2022-10-25T00:54:22.133+0000] {processor.py:770} WARNING - No viable dags retrieved from /opt/airflow/dags/hadoop-2.7.3/share/hadoop/common/lib/stax-api-1.0-2.jar
[2022-10-25T00:54:22.193+0000] {processor.py:178} INFO - Processing /opt/airflow/dags/hadoop-2.7.3/share/hadoop/common/lib/stax-api-1.0-2.jar took 0.112 seconds
[2022-10-25T00:54:43.700+0000] {processor.py:156} INFO - Started process (PID=7342) to work on /opt/airflow/dags/hadoop-2.7.3/share/hadoop/common/lib/stax-api-1.0-2.jar
[2022-10-25T00:54:43.703+0000] {processor.py:758} INFO - Processing file /opt/airflow/dags/hadoop-2.7.3/share/hadoop/common/lib/stax-api-1.0-2.jar for tasks to queue
[2022-10-25T00:54:43.706+0000] {logging_mixin.py:117} INFO - [2022-10-25T00:54:43.706+0000] {dagbag.py:525} INFO - Filling up the DagBag from /opt/airflow/dags/hadoop-2.7.3/share/hadoop/common/lib/stax-api-1.0-2.jar
[2022-10-25T00:54:43.714+0000] {processor.py:770} WARNING - No viable dags retrieved from /opt/airflow/dags/hadoop-2.7.3/share/hadoop/common/lib/stax-api-1.0-2.jar
[2022-10-25T00:54:43.757+0000] {processor.py:178} INFO - Processing /opt/airflow/dags/hadoop-2.7.3/share/hadoop/common/lib/stax-api-1.0-2.jar took 0.065 seconds
[2022-10-25T00:55:28.759+0000] {processor.py:156} INFO - Started process (PID=5351) to work on /opt/airflow/dags/hadoop-2.7.3/share/hadoop/common/lib/stax-api-1.0-2.jar
[2022-10-25T00:55:28.766+0000] {processor.py:758} INFO - Processing file /opt/airflow/dags/hadoop-2.7.3/share/hadoop/common/lib/stax-api-1.0-2.jar for tasks to queue
[2022-10-25T00:55:28.781+0000] {logging_mixin.py:117} INFO - [2022-10-25T00:55:28.780+0000] {dagbag.py:525} INFO - Filling up the DagBag from /opt/airflow/dags/hadoop-2.7.3/share/hadoop/common/lib/stax-api-1.0-2.jar
[2022-10-25T00:55:28.798+0000] {processor.py:770} WARNING - No viable dags retrieved from /opt/airflow/dags/hadoop-2.7.3/share/hadoop/common/lib/stax-api-1.0-2.jar
[2022-10-25T00:55:28.883+0000] {processor.py:178} INFO - Processing /opt/airflow/dags/hadoop-2.7.3/share/hadoop/common/lib/stax-api-1.0-2.jar took 0.137 seconds
[2022-10-25T00:55:50.580+0000] {processor.py:156} INFO - Started process (PID=7790) to work on /opt/airflow/dags/hadoop-2.7.3/share/hadoop/common/lib/stax-api-1.0-2.jar
[2022-10-25T00:55:50.598+0000] {processor.py:758} INFO - Processing file /opt/airflow/dags/hadoop-2.7.3/share/hadoop/common/lib/stax-api-1.0-2.jar for tasks to queue
[2022-10-25T00:55:50.603+0000] {logging_mixin.py:117} INFO - [2022-10-25T00:55:50.602+0000] {dagbag.py:525} INFO - Filling up the DagBag from /opt/airflow/dags/hadoop-2.7.3/share/hadoop/common/lib/stax-api-1.0-2.jar
[2022-10-25T00:55:50.623+0000] {processor.py:770} WARNING - No viable dags retrieved from /opt/airflow/dags/hadoop-2.7.3/share/hadoop/common/lib/stax-api-1.0-2.jar
[2022-10-25T00:55:50.726+0000] {processor.py:178} INFO - Processing /opt/airflow/dags/hadoop-2.7.3/share/hadoop/common/lib/stax-api-1.0-2.jar took 0.161 seconds
[2022-10-25T00:56:20.204+0000] {processor.py:156} INFO - Started process (PID=5664) to work on /opt/airflow/dags/hadoop-2.7.3/share/hadoop/common/lib/stax-api-1.0-2.jar
[2022-10-25T00:56:20.212+0000] {processor.py:758} INFO - Processing file /opt/airflow/dags/hadoop-2.7.3/share/hadoop/common/lib/stax-api-1.0-2.jar for tasks to queue
[2022-10-25T00:56:20.227+0000] {logging_mixin.py:117} INFO - [2022-10-25T00:56:20.226+0000] {dagbag.py:525} INFO - Filling up the DagBag from /opt/airflow/dags/hadoop-2.7.3/share/hadoop/common/lib/stax-api-1.0-2.jar
[2022-10-25T00:56:20.248+0000] {processor.py:770} WARNING - No viable dags retrieved from /opt/airflow/dags/hadoop-2.7.3/share/hadoop/common/lib/stax-api-1.0-2.jar
[2022-10-25T00:56:20.435+0000] {processor.py:178} INFO - Processing /opt/airflow/dags/hadoop-2.7.3/share/hadoop/common/lib/stax-api-1.0-2.jar took 0.254 seconds
[2022-10-25T00:56:50.032+0000] {processor.py:156} INFO - Started process (PID=8127) to work on /opt/airflow/dags/hadoop-2.7.3/share/hadoop/common/lib/stax-api-1.0-2.jar
[2022-10-25T00:56:50.036+0000] {processor.py:758} INFO - Processing file /opt/airflow/dags/hadoop-2.7.3/share/hadoop/common/lib/stax-api-1.0-2.jar for tasks to queue
[2022-10-25T00:56:50.044+0000] {logging_mixin.py:117} INFO - [2022-10-25T00:56:50.043+0000] {dagbag.py:525} INFO - Filling up the DagBag from /opt/airflow/dags/hadoop-2.7.3/share/hadoop/common/lib/stax-api-1.0-2.jar
[2022-10-25T00:56:50.058+0000] {processor.py:770} WARNING - No viable dags retrieved from /opt/airflow/dags/hadoop-2.7.3/share/hadoop/common/lib/stax-api-1.0-2.jar
[2022-10-25T00:56:50.402+0000] {processor.py:178} INFO - Processing /opt/airflow/dags/hadoop-2.7.3/share/hadoop/common/lib/stax-api-1.0-2.jar took 0.386 seconds
[2022-10-25T14:08:29.753+0000] {processor.py:156} INFO - Started process (PID=18641) to work on /opt/airflow/dags/hadoop-2.7.3/share/hadoop/common/lib/stax-api-1.0-2.jar
[2022-10-25T14:08:29.759+0000] {processor.py:758} INFO - Processing file /opt/airflow/dags/hadoop-2.7.3/share/hadoop/common/lib/stax-api-1.0-2.jar for tasks to queue
[2022-10-25T14:08:29.764+0000] {logging_mixin.py:117} INFO - [2022-10-25T14:08:29.764+0000] {dagbag.py:525} INFO - Filling up the DagBag from /opt/airflow/dags/hadoop-2.7.3/share/hadoop/common/lib/stax-api-1.0-2.jar
[2022-10-25T14:08:29.790+0000] {processor.py:770} WARNING - No viable dags retrieved from /opt/airflow/dags/hadoop-2.7.3/share/hadoop/common/lib/stax-api-1.0-2.jar
[2022-10-25T14:08:29.851+0000] {processor.py:178} INFO - Processing /opt/airflow/dags/hadoop-2.7.3/share/hadoop/common/lib/stax-api-1.0-2.jar took 0.112 seconds
[2022-10-25T14:08:49.847+0000] {processor.py:156} INFO - Started process (PID=17559) to work on /opt/airflow/dags/hadoop-2.7.3/share/hadoop/common/lib/stax-api-1.0-2.jar
[2022-10-25T14:08:49.850+0000] {processor.py:758} INFO - Processing file /opt/airflow/dags/hadoop-2.7.3/share/hadoop/common/lib/stax-api-1.0-2.jar for tasks to queue
[2022-10-25T14:08:49.853+0000] {logging_mixin.py:117} INFO - [2022-10-25T14:08:49.853+0000] {dagbag.py:525} INFO - Filling up the DagBag from /opt/airflow/dags/hadoop-2.7.3/share/hadoop/common/lib/stax-api-1.0-2.jar
[2022-10-25T14:08:49.864+0000] {processor.py:770} WARNING - No viable dags retrieved from /opt/airflow/dags/hadoop-2.7.3/share/hadoop/common/lib/stax-api-1.0-2.jar
[2022-10-25T14:08:49.902+0000] {processor.py:178} INFO - Processing /opt/airflow/dags/hadoop-2.7.3/share/hadoop/common/lib/stax-api-1.0-2.jar took 0.078 seconds
[2022-10-25T14:09:21.781+0000] {processor.py:156} INFO - Started process (PID=19165) to work on /opt/airflow/dags/hadoop-2.7.3/share/hadoop/common/lib/stax-api-1.0-2.jar
[2022-10-25T14:09:21.823+0000] {processor.py:758} INFO - Processing file /opt/airflow/dags/hadoop-2.7.3/share/hadoop/common/lib/stax-api-1.0-2.jar for tasks to queue
[2022-10-25T14:09:21.878+0000] {logging_mixin.py:117} INFO - [2022-10-25T14:09:21.877+0000] {dagbag.py:525} INFO - Filling up the DagBag from /opt/airflow/dags/hadoop-2.7.3/share/hadoop/common/lib/stax-api-1.0-2.jar
[2022-10-25T14:09:21.889+0000] {processor.py:770} WARNING - No viable dags retrieved from /opt/airflow/dags/hadoop-2.7.3/share/hadoop/common/lib/stax-api-1.0-2.jar
[2022-10-25T14:09:22.030+0000] {processor.py:178} INFO - Processing /opt/airflow/dags/hadoop-2.7.3/share/hadoop/common/lib/stax-api-1.0-2.jar took 0.260 seconds
[2022-10-25T14:09:35.420+0000] {processor.py:156} INFO - Started process (PID=18075) to work on /opt/airflow/dags/hadoop-2.7.3/share/hadoop/common/lib/stax-api-1.0-2.jar
[2022-10-25T14:09:35.424+0000] {processor.py:758} INFO - Processing file /opt/airflow/dags/hadoop-2.7.3/share/hadoop/common/lib/stax-api-1.0-2.jar for tasks to queue
[2022-10-25T14:09:35.427+0000] {logging_mixin.py:117} INFO - [2022-10-25T14:09:35.427+0000] {dagbag.py:525} INFO - Filling up the DagBag from /opt/airflow/dags/hadoop-2.7.3/share/hadoop/common/lib/stax-api-1.0-2.jar
[2022-10-25T14:09:35.436+0000] {processor.py:770} WARNING - No viable dags retrieved from /opt/airflow/dags/hadoop-2.7.3/share/hadoop/common/lib/stax-api-1.0-2.jar
[2022-10-25T14:09:35.471+0000] {processor.py:178} INFO - Processing /opt/airflow/dags/hadoop-2.7.3/share/hadoop/common/lib/stax-api-1.0-2.jar took 0.060 seconds
[2022-10-25T14:10:01.663+0000] {processor.py:156} INFO - Started process (PID=19681) to work on /opt/airflow/dags/hadoop-2.7.3/share/hadoop/common/lib/stax-api-1.0-2.jar
[2022-10-25T14:10:01.666+0000] {processor.py:758} INFO - Processing file /opt/airflow/dags/hadoop-2.7.3/share/hadoop/common/lib/stax-api-1.0-2.jar for tasks to queue
[2022-10-25T14:10:01.668+0000] {logging_mixin.py:117} INFO - [2022-10-25T14:10:01.667+0000] {dagbag.py:525} INFO - Filling up the DagBag from /opt/airflow/dags/hadoop-2.7.3/share/hadoop/common/lib/stax-api-1.0-2.jar
[2022-10-25T14:10:01.676+0000] {processor.py:770} WARNING - No viable dags retrieved from /opt/airflow/dags/hadoop-2.7.3/share/hadoop/common/lib/stax-api-1.0-2.jar
[2022-10-25T14:10:01.722+0000] {processor.py:178} INFO - Processing /opt/airflow/dags/hadoop-2.7.3/share/hadoop/common/lib/stax-api-1.0-2.jar took 0.066 seconds
[2022-10-25T14:10:14.915+0000] {processor.py:156} INFO - Started process (PID=18560) to work on /opt/airflow/dags/hadoop-2.7.3/share/hadoop/common/lib/stax-api-1.0-2.jar
[2022-10-25T14:10:14.920+0000] {processor.py:758} INFO - Processing file /opt/airflow/dags/hadoop-2.7.3/share/hadoop/common/lib/stax-api-1.0-2.jar for tasks to queue
[2022-10-25T14:10:14.922+0000] {logging_mixin.py:117} INFO - [2022-10-25T14:10:14.922+0000] {dagbag.py:525} INFO - Filling up the DagBag from /opt/airflow/dags/hadoop-2.7.3/share/hadoop/common/lib/stax-api-1.0-2.jar
[2022-10-25T14:10:14.930+0000] {processor.py:770} WARNING - No viable dags retrieved from /opt/airflow/dags/hadoop-2.7.3/share/hadoop/common/lib/stax-api-1.0-2.jar
[2022-10-25T14:10:14.967+0000] {processor.py:178} INFO - Processing /opt/airflow/dags/hadoop-2.7.3/share/hadoop/common/lib/stax-api-1.0-2.jar took 0.057 seconds
[2022-10-25T14:10:45.639+0000] {processor.py:156} INFO - Started process (PID=20197) to work on /opt/airflow/dags/hadoop-2.7.3/share/hadoop/common/lib/stax-api-1.0-2.jar
[2022-10-25T14:10:45.642+0000] {processor.py:758} INFO - Processing file /opt/airflow/dags/hadoop-2.7.3/share/hadoop/common/lib/stax-api-1.0-2.jar for tasks to queue
[2022-10-25T14:10:45.645+0000] {logging_mixin.py:117} INFO - [2022-10-25T14:10:45.645+0000] {dagbag.py:525} INFO - Filling up the DagBag from /opt/airflow/dags/hadoop-2.7.3/share/hadoop/common/lib/stax-api-1.0-2.jar
[2022-10-25T14:10:45.653+0000] {processor.py:770} WARNING - No viable dags retrieved from /opt/airflow/dags/hadoop-2.7.3/share/hadoop/common/lib/stax-api-1.0-2.jar
[2022-10-25T14:10:45.689+0000] {processor.py:178} INFO - Processing /opt/airflow/dags/hadoop-2.7.3/share/hadoop/common/lib/stax-api-1.0-2.jar took 0.057 seconds
[2022-10-25T14:10:55.176+0000] {processor.py:156} INFO - Started process (PID=19020) to work on /opt/airflow/dags/hadoop-2.7.3/share/hadoop/common/lib/stax-api-1.0-2.jar
[2022-10-25T14:10:55.179+0000] {processor.py:758} INFO - Processing file /opt/airflow/dags/hadoop-2.7.3/share/hadoop/common/lib/stax-api-1.0-2.jar for tasks to queue
[2022-10-25T14:10:55.181+0000] {logging_mixin.py:117} INFO - [2022-10-25T14:10:55.181+0000] {dagbag.py:525} INFO - Filling up the DagBag from /opt/airflow/dags/hadoop-2.7.3/share/hadoop/common/lib/stax-api-1.0-2.jar
[2022-10-25T14:10:55.187+0000] {processor.py:770} WARNING - No viable dags retrieved from /opt/airflow/dags/hadoop-2.7.3/share/hadoop/common/lib/stax-api-1.0-2.jar
[2022-10-25T14:10:55.228+0000] {processor.py:178} INFO - Processing /opt/airflow/dags/hadoop-2.7.3/share/hadoop/common/lib/stax-api-1.0-2.jar took 0.057 seconds
[2022-10-25T14:11:21.479+0000] {processor.py:156} INFO - Started process (PID=20644) to work on /opt/airflow/dags/hadoop-2.7.3/share/hadoop/common/lib/stax-api-1.0-2.jar
[2022-10-25T14:11:21.481+0000] {processor.py:758} INFO - Processing file /opt/airflow/dags/hadoop-2.7.3/share/hadoop/common/lib/stax-api-1.0-2.jar for tasks to queue
[2022-10-25T14:11:21.484+0000] {logging_mixin.py:117} INFO - [2022-10-25T14:11:21.483+0000] {dagbag.py:525} INFO - Filling up the DagBag from /opt/airflow/dags/hadoop-2.7.3/share/hadoop/common/lib/stax-api-1.0-2.jar
[2022-10-25T14:11:21.491+0000] {processor.py:770} WARNING - No viable dags retrieved from /opt/airflow/dags/hadoop-2.7.3/share/hadoop/common/lib/stax-api-1.0-2.jar
[2022-10-25T14:11:21.538+0000] {processor.py:178} INFO - Processing /opt/airflow/dags/hadoop-2.7.3/share/hadoop/common/lib/stax-api-1.0-2.jar took 0.068 seconds
[2022-10-25T14:11:36.606+0000] {processor.py:156} INFO - Started process (PID=19535) to work on /opt/airflow/dags/hadoop-2.7.3/share/hadoop/common/lib/stax-api-1.0-2.jar
[2022-10-25T14:11:36.609+0000] {processor.py:758} INFO - Processing file /opt/airflow/dags/hadoop-2.7.3/share/hadoop/common/lib/stax-api-1.0-2.jar for tasks to queue
[2022-10-25T14:11:36.614+0000] {logging_mixin.py:117} INFO - [2022-10-25T14:11:36.613+0000] {dagbag.py:525} INFO - Filling up the DagBag from /opt/airflow/dags/hadoop-2.7.3/share/hadoop/common/lib/stax-api-1.0-2.jar
[2022-10-25T14:11:36.629+0000] {processor.py:770} WARNING - No viable dags retrieved from /opt/airflow/dags/hadoop-2.7.3/share/hadoop/common/lib/stax-api-1.0-2.jar
[2022-10-25T14:11:36.671+0000] {processor.py:178} INFO - Processing /opt/airflow/dags/hadoop-2.7.3/share/hadoop/common/lib/stax-api-1.0-2.jar took 0.073 seconds
[2022-10-25T14:11:58.199+0000] {processor.py:156} INFO - Started process (PID=21074) to work on /opt/airflow/dags/hadoop-2.7.3/share/hadoop/common/lib/stax-api-1.0-2.jar
[2022-10-25T14:11:58.201+0000] {processor.py:758} INFO - Processing file /opt/airflow/dags/hadoop-2.7.3/share/hadoop/common/lib/stax-api-1.0-2.jar for tasks to queue
[2022-10-25T14:11:58.206+0000] {logging_mixin.py:117} INFO - [2022-10-25T14:11:58.205+0000] {dagbag.py:525} INFO - Filling up the DagBag from /opt/airflow/dags/hadoop-2.7.3/share/hadoop/common/lib/stax-api-1.0-2.jar
[2022-10-25T14:11:58.215+0000] {processor.py:770} WARNING - No viable dags retrieved from /opt/airflow/dags/hadoop-2.7.3/share/hadoop/common/lib/stax-api-1.0-2.jar
[2022-10-25T14:11:58.248+0000] {processor.py:178} INFO - Processing /opt/airflow/dags/hadoop-2.7.3/share/hadoop/common/lib/stax-api-1.0-2.jar took 0.056 seconds
[2022-10-25T14:12:17.334+0000] {processor.py:156} INFO - Started process (PID=20002) to work on /opt/airflow/dags/hadoop-2.7.3/share/hadoop/common/lib/stax-api-1.0-2.jar
[2022-10-25T14:12:17.340+0000] {processor.py:758} INFO - Processing file /opt/airflow/dags/hadoop-2.7.3/share/hadoop/common/lib/stax-api-1.0-2.jar for tasks to queue
[2022-10-25T14:12:17.343+0000] {logging_mixin.py:117} INFO - [2022-10-25T14:12:17.342+0000] {dagbag.py:525} INFO - Filling up the DagBag from /opt/airflow/dags/hadoop-2.7.3/share/hadoop/common/lib/stax-api-1.0-2.jar
[2022-10-25T14:12:17.350+0000] {processor.py:770} WARNING - No viable dags retrieved from /opt/airflow/dags/hadoop-2.7.3/share/hadoop/common/lib/stax-api-1.0-2.jar
[2022-10-25T14:12:17.386+0000] {processor.py:178} INFO - Processing /opt/airflow/dags/hadoop-2.7.3/share/hadoop/common/lib/stax-api-1.0-2.jar took 0.060 seconds
[2022-10-25T14:13:25.290+0000] {processor.py:156} INFO - Started process (PID=21630) to work on /opt/airflow/dags/hadoop-2.7.3/share/hadoop/common/lib/stax-api-1.0-2.jar
[2022-10-25T14:13:25.293+0000] {processor.py:758} INFO - Processing file /opt/airflow/dags/hadoop-2.7.3/share/hadoop/common/lib/stax-api-1.0-2.jar for tasks to queue
[2022-10-25T14:13:25.294+0000] {logging_mixin.py:117} INFO - [2022-10-25T14:13:25.294+0000] {dagbag.py:525} INFO - Filling up the DagBag from /opt/airflow/dags/hadoop-2.7.3/share/hadoop/common/lib/stax-api-1.0-2.jar
[2022-10-25T14:13:25.299+0000] {processor.py:770} WARNING - No viable dags retrieved from /opt/airflow/dags/hadoop-2.7.3/share/hadoop/common/lib/stax-api-1.0-2.jar
[2022-10-25T14:13:25.329+0000] {processor.py:178} INFO - Processing /opt/airflow/dags/hadoop-2.7.3/share/hadoop/common/lib/stax-api-1.0-2.jar took 0.048 seconds
[2022-10-25T14:13:48.231+0000] {processor.py:156} INFO - Started process (PID=20619) to work on /opt/airflow/dags/hadoop-2.7.3/share/hadoop/common/lib/stax-api-1.0-2.jar
[2022-10-25T14:13:48.239+0000] {processor.py:758} INFO - Processing file /opt/airflow/dags/hadoop-2.7.3/share/hadoop/common/lib/stax-api-1.0-2.jar for tasks to queue
[2022-10-25T14:13:48.242+0000] {logging_mixin.py:117} INFO - [2022-10-25T14:13:48.241+0000] {dagbag.py:525} INFO - Filling up the DagBag from /opt/airflow/dags/hadoop-2.7.3/share/hadoop/common/lib/stax-api-1.0-2.jar
[2022-10-25T14:13:48.249+0000] {processor.py:770} WARNING - No viable dags retrieved from /opt/airflow/dags/hadoop-2.7.3/share/hadoop/common/lib/stax-api-1.0-2.jar
[2022-10-25T14:13:48.326+0000] {processor.py:178} INFO - Processing /opt/airflow/dags/hadoop-2.7.3/share/hadoop/common/lib/stax-api-1.0-2.jar took 0.103 seconds
[2022-10-25T14:14:07.027+0000] {processor.py:156} INFO - Started process (PID=22145) to work on /opt/airflow/dags/hadoop-2.7.3/share/hadoop/common/lib/stax-api-1.0-2.jar
[2022-10-25T14:14:07.031+0000] {processor.py:758} INFO - Processing file /opt/airflow/dags/hadoop-2.7.3/share/hadoop/common/lib/stax-api-1.0-2.jar for tasks to queue
[2022-10-25T14:14:07.034+0000] {logging_mixin.py:117} INFO - [2022-10-25T14:14:07.034+0000] {dagbag.py:525} INFO - Filling up the DagBag from /opt/airflow/dags/hadoop-2.7.3/share/hadoop/common/lib/stax-api-1.0-2.jar
[2022-10-25T14:14:07.048+0000] {processor.py:770} WARNING - No viable dags retrieved from /opt/airflow/dags/hadoop-2.7.3/share/hadoop/common/lib/stax-api-1.0-2.jar
[2022-10-25T14:14:07.154+0000] {processor.py:178} INFO - Processing /opt/airflow/dags/hadoop-2.7.3/share/hadoop/common/lib/stax-api-1.0-2.jar took 0.140 seconds
[2022-10-25T14:14:29.367+0000] {processor.py:156} INFO - Started process (PID=21076) to work on /opt/airflow/dags/hadoop-2.7.3/share/hadoop/common/lib/stax-api-1.0-2.jar
[2022-10-25T14:14:29.370+0000] {processor.py:758} INFO - Processing file /opt/airflow/dags/hadoop-2.7.3/share/hadoop/common/lib/stax-api-1.0-2.jar for tasks to queue
[2022-10-25T14:14:29.374+0000] {logging_mixin.py:117} INFO - [2022-10-25T14:14:29.373+0000] {dagbag.py:525} INFO - Filling up the DagBag from /opt/airflow/dags/hadoop-2.7.3/share/hadoop/common/lib/stax-api-1.0-2.jar
[2022-10-25T14:14:29.384+0000] {processor.py:770} WARNING - No viable dags retrieved from /opt/airflow/dags/hadoop-2.7.3/share/hadoop/common/lib/stax-api-1.0-2.jar
[2022-10-25T14:14:29.430+0000] {processor.py:178} INFO - Processing /opt/airflow/dags/hadoop-2.7.3/share/hadoop/common/lib/stax-api-1.0-2.jar took 0.076 seconds
[2022-10-25T14:14:44.819+0000] {processor.py:156} INFO - Started process (PID=22561) to work on /opt/airflow/dags/hadoop-2.7.3/share/hadoop/common/lib/stax-api-1.0-2.jar
[2022-10-25T14:14:44.823+0000] {processor.py:758} INFO - Processing file /opt/airflow/dags/hadoop-2.7.3/share/hadoop/common/lib/stax-api-1.0-2.jar for tasks to queue
[2022-10-25T14:14:44.828+0000] {logging_mixin.py:117} INFO - [2022-10-25T14:14:44.827+0000] {dagbag.py:525} INFO - Filling up the DagBag from /opt/airflow/dags/hadoop-2.7.3/share/hadoop/common/lib/stax-api-1.0-2.jar
[2022-10-25T14:14:44.839+0000] {processor.py:770} WARNING - No viable dags retrieved from /opt/airflow/dags/hadoop-2.7.3/share/hadoop/common/lib/stax-api-1.0-2.jar
[2022-10-25T14:14:44.883+0000] {processor.py:178} INFO - Processing /opt/airflow/dags/hadoop-2.7.3/share/hadoop/common/lib/stax-api-1.0-2.jar took 0.081 seconds
[2022-10-25T14:15:19.356+0000] {processor.py:156} INFO - Started process (PID=21592) to work on /opt/airflow/dags/hadoop-2.7.3/share/hadoop/common/lib/stax-api-1.0-2.jar
[2022-10-25T14:15:19.367+0000] {processor.py:758} INFO - Processing file /opt/airflow/dags/hadoop-2.7.3/share/hadoop/common/lib/stax-api-1.0-2.jar for tasks to queue
[2022-10-25T14:15:19.383+0000] {logging_mixin.py:117} INFO - [2022-10-25T14:15:19.382+0000] {dagbag.py:525} INFO - Filling up the DagBag from /opt/airflow/dags/hadoop-2.7.3/share/hadoop/common/lib/stax-api-1.0-2.jar
[2022-10-25T14:15:19.422+0000] {processor.py:770} WARNING - No viable dags retrieved from /opt/airflow/dags/hadoop-2.7.3/share/hadoop/common/lib/stax-api-1.0-2.jar
[2022-10-25T14:15:19.557+0000] {processor.py:178} INFO - Processing /opt/airflow/dags/hadoop-2.7.3/share/hadoop/common/lib/stax-api-1.0-2.jar took 0.226 seconds
[2022-10-25T14:15:26.911+0000] {processor.py:156} INFO - Started process (PID=22947) to work on /opt/airflow/dags/hadoop-2.7.3/share/hadoop/common/lib/stax-api-1.0-2.jar
[2022-10-25T14:15:26.916+0000] {processor.py:758} INFO - Processing file /opt/airflow/dags/hadoop-2.7.3/share/hadoop/common/lib/stax-api-1.0-2.jar for tasks to queue
[2022-10-25T14:15:26.918+0000] {logging_mixin.py:117} INFO - [2022-10-25T14:15:26.918+0000] {dagbag.py:525} INFO - Filling up the DagBag from /opt/airflow/dags/hadoop-2.7.3/share/hadoop/common/lib/stax-api-1.0-2.jar
[2022-10-25T14:15:26.944+0000] {processor.py:770} WARNING - No viable dags retrieved from /opt/airflow/dags/hadoop-2.7.3/share/hadoop/common/lib/stax-api-1.0-2.jar
[2022-10-25T14:15:27.019+0000] {processor.py:178} INFO - Processing /opt/airflow/dags/hadoop-2.7.3/share/hadoop/common/lib/stax-api-1.0-2.jar took 0.127 seconds
[2022-10-25T14:16:14.772+0000] {processor.py:156} INFO - Started process (PID=22107) to work on /opt/airflow/dags/hadoop-2.7.3/share/hadoop/common/lib/stax-api-1.0-2.jar
[2022-10-25T14:16:14.781+0000] {processor.py:758} INFO - Processing file /opt/airflow/dags/hadoop-2.7.3/share/hadoop/common/lib/stax-api-1.0-2.jar for tasks to queue
[2022-10-25T14:16:14.784+0000] {logging_mixin.py:117} INFO - [2022-10-25T14:16:14.783+0000] {dagbag.py:525} INFO - Filling up the DagBag from /opt/airflow/dags/hadoop-2.7.3/share/hadoop/common/lib/stax-api-1.0-2.jar
[2022-10-25T14:16:14.790+0000] {processor.py:770} WARNING - No viable dags retrieved from /opt/airflow/dags/hadoop-2.7.3/share/hadoop/common/lib/stax-api-1.0-2.jar
[2022-10-25T14:16:14.872+0000] {processor.py:178} INFO - Processing /opt/airflow/dags/hadoop-2.7.3/share/hadoop/common/lib/stax-api-1.0-2.jar took 0.110 seconds
[2022-10-25T14:16:21.237+0000] {processor.py:156} INFO - Started process (PID=23470) to work on /opt/airflow/dags/hadoop-2.7.3/share/hadoop/common/lib/stax-api-1.0-2.jar
[2022-10-25T14:16:21.242+0000] {processor.py:758} INFO - Processing file /opt/airflow/dags/hadoop-2.7.3/share/hadoop/common/lib/stax-api-1.0-2.jar for tasks to queue
[2022-10-25T14:16:21.249+0000] {logging_mixin.py:117} INFO - [2022-10-25T14:16:21.248+0000] {dagbag.py:525} INFO - Filling up the DagBag from /opt/airflow/dags/hadoop-2.7.3/share/hadoop/common/lib/stax-api-1.0-2.jar
[2022-10-25T14:16:21.261+0000] {processor.py:770} WARNING - No viable dags retrieved from /opt/airflow/dags/hadoop-2.7.3/share/hadoop/common/lib/stax-api-1.0-2.jar
[2022-10-25T14:16:21.313+0000] {processor.py:178} INFO - Processing /opt/airflow/dags/hadoop-2.7.3/share/hadoop/common/lib/stax-api-1.0-2.jar took 0.082 seconds
[2022-10-25T14:16:55.400+0000] {processor.py:156} INFO - Started process (PID=22484) to work on /opt/airflow/dags/hadoop-2.7.3/share/hadoop/common/lib/stax-api-1.0-2.jar
[2022-10-25T14:16:55.406+0000] {processor.py:758} INFO - Processing file /opt/airflow/dags/hadoop-2.7.3/share/hadoop/common/lib/stax-api-1.0-2.jar for tasks to queue
[2022-10-25T14:16:55.410+0000] {logging_mixin.py:117} INFO - [2022-10-25T14:16:55.409+0000] {dagbag.py:525} INFO - Filling up the DagBag from /opt/airflow/dags/hadoop-2.7.3/share/hadoop/common/lib/stax-api-1.0-2.jar
[2022-10-25T14:16:55.418+0000] {processor.py:770} WARNING - No viable dags retrieved from /opt/airflow/dags/hadoop-2.7.3/share/hadoop/common/lib/stax-api-1.0-2.jar
[2022-10-25T14:16:55.475+0000] {processor.py:178} INFO - Processing /opt/airflow/dags/hadoop-2.7.3/share/hadoop/common/lib/stax-api-1.0-2.jar took 0.084 seconds
[2022-10-25T14:17:04.138+0000] {processor.py:156} INFO - Started process (PID=23864) to work on /opt/airflow/dags/hadoop-2.7.3/share/hadoop/common/lib/stax-api-1.0-2.jar
[2022-10-25T14:17:04.141+0000] {processor.py:758} INFO - Processing file /opt/airflow/dags/hadoop-2.7.3/share/hadoop/common/lib/stax-api-1.0-2.jar for tasks to queue
[2022-10-25T14:17:04.145+0000] {logging_mixin.py:117} INFO - [2022-10-25T14:17:04.144+0000] {dagbag.py:525} INFO - Filling up the DagBag from /opt/airflow/dags/hadoop-2.7.3/share/hadoop/common/lib/stax-api-1.0-2.jar
[2022-10-25T14:17:04.169+0000] {processor.py:770} WARNING - No viable dags retrieved from /opt/airflow/dags/hadoop-2.7.3/share/hadoop/common/lib/stax-api-1.0-2.jar
[2022-10-25T14:17:04.241+0000] {processor.py:178} INFO - Processing /opt/airflow/dags/hadoop-2.7.3/share/hadoop/common/lib/stax-api-1.0-2.jar took 0.121 seconds
[2022-10-25T14:17:49.316+0000] {processor.py:156} INFO - Started process (PID=22983) to work on /opt/airflow/dags/hadoop-2.7.3/share/hadoop/common/lib/stax-api-1.0-2.jar
[2022-10-25T14:17:49.319+0000] {processor.py:758} INFO - Processing file /opt/airflow/dags/hadoop-2.7.3/share/hadoop/common/lib/stax-api-1.0-2.jar for tasks to queue
[2022-10-25T14:17:49.323+0000] {logging_mixin.py:117} INFO - [2022-10-25T14:17:49.322+0000] {dagbag.py:525} INFO - Filling up the DagBag from /opt/airflow/dags/hadoop-2.7.3/share/hadoop/common/lib/stax-api-1.0-2.jar
[2022-10-25T14:17:49.330+0000] {processor.py:770} WARNING - No viable dags retrieved from /opt/airflow/dags/hadoop-2.7.3/share/hadoop/common/lib/stax-api-1.0-2.jar
[2022-10-25T14:17:49.380+0000] {processor.py:178} INFO - Processing /opt/airflow/dags/hadoop-2.7.3/share/hadoop/common/lib/stax-api-1.0-2.jar took 0.072 seconds
[2022-10-25T14:24:57.293+0000] {processor.py:156} INFO - Started process (PID=23406) to work on /opt/airflow/dags/hadoop-2.7.3/share/hadoop/common/lib/stax-api-1.0-2.jar
[2022-10-25T14:24:57.297+0000] {processor.py:758} INFO - Processing file /opt/airflow/dags/hadoop-2.7.3/share/hadoop/common/lib/stax-api-1.0-2.jar for tasks to queue
[2022-10-25T14:24:57.307+0000] {logging_mixin.py:117} INFO - [2022-10-25T14:24:57.306+0000] {dagbag.py:525} INFO - Filling up the DagBag from /opt/airflow/dags/hadoop-2.7.3/share/hadoop/common/lib/stax-api-1.0-2.jar
[2022-10-25T14:24:57.322+0000] {processor.py:770} WARNING - No viable dags retrieved from /opt/airflow/dags/hadoop-2.7.3/share/hadoop/common/lib/stax-api-1.0-2.jar
[2022-10-25T14:24:57.367+0000] {processor.py:178} INFO - Processing /opt/airflow/dags/hadoop-2.7.3/share/hadoop/common/lib/stax-api-1.0-2.jar took 0.086 seconds
[2022-10-25T14:25:15.675+0000] {processor.py:156} INFO - Started process (PID=24483) to work on /opt/airflow/dags/hadoop-2.7.3/share/hadoop/common/lib/stax-api-1.0-2.jar
[2022-10-25T14:25:15.680+0000] {processor.py:758} INFO - Processing file /opt/airflow/dags/hadoop-2.7.3/share/hadoop/common/lib/stax-api-1.0-2.jar for tasks to queue
[2022-10-25T14:25:15.684+0000] {logging_mixin.py:117} INFO - [2022-10-25T14:25:15.684+0000] {dagbag.py:525} INFO - Filling up the DagBag from /opt/airflow/dags/hadoop-2.7.3/share/hadoop/common/lib/stax-api-1.0-2.jar
[2022-10-25T14:25:15.695+0000] {processor.py:770} WARNING - No viable dags retrieved from /opt/airflow/dags/hadoop-2.7.3/share/hadoop/common/lib/stax-api-1.0-2.jar
[2022-10-25T14:25:15.753+0000] {processor.py:178} INFO - Processing /opt/airflow/dags/hadoop-2.7.3/share/hadoop/common/lib/stax-api-1.0-2.jar took 0.090 seconds
[2022-10-25T14:25:46.940+0000] {processor.py:156} INFO - Started process (PID=23921) to work on /opt/airflow/dags/hadoop-2.7.3/share/hadoop/common/lib/stax-api-1.0-2.jar
[2022-10-25T14:25:46.946+0000] {processor.py:758} INFO - Processing file /opt/airflow/dags/hadoop-2.7.3/share/hadoop/common/lib/stax-api-1.0-2.jar for tasks to queue
[2022-10-25T14:25:46.948+0000] {logging_mixin.py:117} INFO - [2022-10-25T14:25:46.948+0000] {dagbag.py:525} INFO - Filling up the DagBag from /opt/airflow/dags/hadoop-2.7.3/share/hadoop/common/lib/stax-api-1.0-2.jar
[2022-10-25T14:25:46.957+0000] {processor.py:770} WARNING - No viable dags retrieved from /opt/airflow/dags/hadoop-2.7.3/share/hadoop/common/lib/stax-api-1.0-2.jar
[2022-10-25T14:25:46.999+0000] {processor.py:178} INFO - Processing /opt/airflow/dags/hadoop-2.7.3/share/hadoop/common/lib/stax-api-1.0-2.jar took 0.069 seconds
[2022-10-25T14:26:03.806+0000] {processor.py:156} INFO - Started process (PID=25006) to work on /opt/airflow/dags/hadoop-2.7.3/share/hadoop/common/lib/stax-api-1.0-2.jar
[2022-10-25T14:26:03.809+0000] {processor.py:758} INFO - Processing file /opt/airflow/dags/hadoop-2.7.3/share/hadoop/common/lib/stax-api-1.0-2.jar for tasks to queue
[2022-10-25T14:26:03.813+0000] {logging_mixin.py:117} INFO - [2022-10-25T14:26:03.812+0000] {dagbag.py:525} INFO - Filling up the DagBag from /opt/airflow/dags/hadoop-2.7.3/share/hadoop/common/lib/stax-api-1.0-2.jar
[2022-10-25T14:26:03.826+0000] {processor.py:770} WARNING - No viable dags retrieved from /opt/airflow/dags/hadoop-2.7.3/share/hadoop/common/lib/stax-api-1.0-2.jar
[2022-10-25T14:26:03.900+0000] {processor.py:178} INFO - Processing /opt/airflow/dags/hadoop-2.7.3/share/hadoop/common/lib/stax-api-1.0-2.jar took 0.109 seconds
[2022-10-25T14:26:31.414+0000] {processor.py:156} INFO - Started process (PID=24334) to work on /opt/airflow/dags/hadoop-2.7.3/share/hadoop/common/lib/stax-api-1.0-2.jar
[2022-10-25T14:26:31.418+0000] {processor.py:758} INFO - Processing file /opt/airflow/dags/hadoop-2.7.3/share/hadoop/common/lib/stax-api-1.0-2.jar for tasks to queue
[2022-10-25T14:26:31.420+0000] {logging_mixin.py:117} INFO - [2022-10-25T14:26:31.420+0000] {dagbag.py:525} INFO - Filling up the DagBag from /opt/airflow/dags/hadoop-2.7.3/share/hadoop/common/lib/stax-api-1.0-2.jar
[2022-10-25T14:26:31.431+0000] {processor.py:770} WARNING - No viable dags retrieved from /opt/airflow/dags/hadoop-2.7.3/share/hadoop/common/lib/stax-api-1.0-2.jar
[2022-10-25T14:26:31.471+0000] {processor.py:178} INFO - Processing /opt/airflow/dags/hadoop-2.7.3/share/hadoop/common/lib/stax-api-1.0-2.jar took 0.068 seconds
[2022-10-25T14:26:48.046+0000] {processor.py:156} INFO - Started process (PID=25417) to work on /opt/airflow/dags/hadoop-2.7.3/share/hadoop/common/lib/stax-api-1.0-2.jar
[2022-10-25T14:26:48.049+0000] {processor.py:758} INFO - Processing file /opt/airflow/dags/hadoop-2.7.3/share/hadoop/common/lib/stax-api-1.0-2.jar for tasks to queue
[2022-10-25T14:26:48.053+0000] {logging_mixin.py:117} INFO - [2022-10-25T14:26:48.052+0000] {dagbag.py:525} INFO - Filling up the DagBag from /opt/airflow/dags/hadoop-2.7.3/share/hadoop/common/lib/stax-api-1.0-2.jar
[2022-10-25T14:26:48.064+0000] {processor.py:770} WARNING - No viable dags retrieved from /opt/airflow/dags/hadoop-2.7.3/share/hadoop/common/lib/stax-api-1.0-2.jar
[2022-10-25T14:26:48.116+0000] {processor.py:178} INFO - Processing /opt/airflow/dags/hadoop-2.7.3/share/hadoop/common/lib/stax-api-1.0-2.jar took 0.078 seconds
[2022-10-25T14:27:19.401+0000] {processor.py:156} INFO - Started process (PID=24816) to work on /opt/airflow/dags/hadoop-2.7.3/share/hadoop/common/lib/stax-api-1.0-2.jar
[2022-10-25T14:27:19.404+0000] {processor.py:758} INFO - Processing file /opt/airflow/dags/hadoop-2.7.3/share/hadoop/common/lib/stax-api-1.0-2.jar for tasks to queue
[2022-10-25T14:27:19.407+0000] {logging_mixin.py:117} INFO - [2022-10-25T14:27:19.407+0000] {dagbag.py:525} INFO - Filling up the DagBag from /opt/airflow/dags/hadoop-2.7.3/share/hadoop/common/lib/stax-api-1.0-2.jar
[2022-10-25T14:27:19.417+0000] {processor.py:770} WARNING - No viable dags retrieved from /opt/airflow/dags/hadoop-2.7.3/share/hadoop/common/lib/stax-api-1.0-2.jar
[2022-10-25T14:27:19.465+0000] {processor.py:178} INFO - Processing /opt/airflow/dags/hadoop-2.7.3/share/hadoop/common/lib/stax-api-1.0-2.jar took 0.072 seconds
[2022-10-25T14:27:30.745+0000] {processor.py:156} INFO - Started process (PID=25871) to work on /opt/airflow/dags/hadoop-2.7.3/share/hadoop/common/lib/stax-api-1.0-2.jar
[2022-10-25T14:27:30.749+0000] {processor.py:758} INFO - Processing file /opt/airflow/dags/hadoop-2.7.3/share/hadoop/common/lib/stax-api-1.0-2.jar for tasks to queue
[2022-10-25T14:27:30.752+0000] {logging_mixin.py:117} INFO - [2022-10-25T14:27:30.751+0000] {dagbag.py:525} INFO - Filling up the DagBag from /opt/airflow/dags/hadoop-2.7.3/share/hadoop/common/lib/stax-api-1.0-2.jar
[2022-10-25T14:27:30.762+0000] {processor.py:770} WARNING - No viable dags retrieved from /opt/airflow/dags/hadoop-2.7.3/share/hadoop/common/lib/stax-api-1.0-2.jar
[2022-10-25T14:27:30.806+0000] {processor.py:178} INFO - Processing /opt/airflow/dags/hadoop-2.7.3/share/hadoop/common/lib/stax-api-1.0-2.jar took 0.067 seconds
[2022-10-25T14:28:06.524+0000] {processor.py:156} INFO - Started process (PID=25330) to work on /opt/airflow/dags/hadoop-2.7.3/share/hadoop/common/lib/stax-api-1.0-2.jar
[2022-10-25T14:28:06.527+0000] {processor.py:758} INFO - Processing file /opt/airflow/dags/hadoop-2.7.3/share/hadoop/common/lib/stax-api-1.0-2.jar for tasks to queue
[2022-10-25T14:28:06.530+0000] {logging_mixin.py:117} INFO - [2022-10-25T14:28:06.530+0000] {dagbag.py:525} INFO - Filling up the DagBag from /opt/airflow/dags/hadoop-2.7.3/share/hadoop/common/lib/stax-api-1.0-2.jar
[2022-10-25T14:28:06.541+0000] {processor.py:770} WARNING - No viable dags retrieved from /opt/airflow/dags/hadoop-2.7.3/share/hadoop/common/lib/stax-api-1.0-2.jar
[2022-10-25T14:28:06.581+0000] {processor.py:178} INFO - Processing /opt/airflow/dags/hadoop-2.7.3/share/hadoop/common/lib/stax-api-1.0-2.jar took 0.067 seconds
[2022-10-25T14:28:16.368+0000] {processor.py:156} INFO - Started process (PID=26394) to work on /opt/airflow/dags/hadoop-2.7.3/share/hadoop/common/lib/stax-api-1.0-2.jar
[2022-10-25T14:28:16.371+0000] {processor.py:758} INFO - Processing file /opt/airflow/dags/hadoop-2.7.3/share/hadoop/common/lib/stax-api-1.0-2.jar for tasks to queue
[2022-10-25T14:28:16.373+0000] {logging_mixin.py:117} INFO - [2022-10-25T14:28:16.373+0000] {dagbag.py:525} INFO - Filling up the DagBag from /opt/airflow/dags/hadoop-2.7.3/share/hadoop/common/lib/stax-api-1.0-2.jar
[2022-10-25T14:28:16.380+0000] {processor.py:770} WARNING - No viable dags retrieved from /opt/airflow/dags/hadoop-2.7.3/share/hadoop/common/lib/stax-api-1.0-2.jar
[2022-10-25T14:28:16.432+0000] {processor.py:178} INFO - Processing /opt/airflow/dags/hadoop-2.7.3/share/hadoop/common/lib/stax-api-1.0-2.jar took 0.076 seconds
[2022-10-25T14:28:48.297+0000] {processor.py:156} INFO - Started process (PID=25748) to work on /opt/airflow/dags/hadoop-2.7.3/share/hadoop/common/lib/stax-api-1.0-2.jar
[2022-10-25T14:28:48.304+0000] {processor.py:758} INFO - Processing file /opt/airflow/dags/hadoop-2.7.3/share/hadoop/common/lib/stax-api-1.0-2.jar for tasks to queue
[2022-10-25T14:28:48.307+0000] {logging_mixin.py:117} INFO - [2022-10-25T14:28:48.306+0000] {dagbag.py:525} INFO - Filling up the DagBag from /opt/airflow/dags/hadoop-2.7.3/share/hadoop/common/lib/stax-api-1.0-2.jar
[2022-10-25T14:28:48.319+0000] {processor.py:770} WARNING - No viable dags retrieved from /opt/airflow/dags/hadoop-2.7.3/share/hadoop/common/lib/stax-api-1.0-2.jar
[2022-10-25T14:28:48.392+0000] {processor.py:178} INFO - Processing /opt/airflow/dags/hadoop-2.7.3/share/hadoop/common/lib/stax-api-1.0-2.jar took 0.115 seconds
[2022-10-25T14:28:55.425+0000] {processor.py:156} INFO - Started process (PID=26775) to work on /opt/airflow/dags/hadoop-2.7.3/share/hadoop/common/lib/stax-api-1.0-2.jar
[2022-10-25T14:28:55.431+0000] {processor.py:758} INFO - Processing file /opt/airflow/dags/hadoop-2.7.3/share/hadoop/common/lib/stax-api-1.0-2.jar for tasks to queue
[2022-10-25T14:28:55.436+0000] {logging_mixin.py:117} INFO - [2022-10-25T14:28:55.436+0000] {dagbag.py:525} INFO - Filling up the DagBag from /opt/airflow/dags/hadoop-2.7.3/share/hadoop/common/lib/stax-api-1.0-2.jar
[2022-10-25T14:28:55.448+0000] {processor.py:770} WARNING - No viable dags retrieved from /opt/airflow/dags/hadoop-2.7.3/share/hadoop/common/lib/stax-api-1.0-2.jar
[2022-10-25T14:28:55.508+0000] {processor.py:178} INFO - Processing /opt/airflow/dags/hadoop-2.7.3/share/hadoop/common/lib/stax-api-1.0-2.jar took 0.122 seconds
[2022-10-25T14:29:59.238+0000] {processor.py:156} INFO - Started process (PID=26028) to work on /opt/airflow/dags/hadoop-2.7.3/share/hadoop/common/lib/stax-api-1.0-2.jar
[2022-10-25T14:29:59.244+0000] {processor.py:758} INFO - Processing file /opt/airflow/dags/hadoop-2.7.3/share/hadoop/common/lib/stax-api-1.0-2.jar for tasks to queue
[2022-10-25T14:29:59.248+0000] {logging_mixin.py:117} INFO - [2022-10-25T14:29:59.248+0000] {dagbag.py:525} INFO - Filling up the DagBag from /opt/airflow/dags/hadoop-2.7.3/share/hadoop/common/lib/stax-api-1.0-2.jar
[2022-10-25T14:29:59.258+0000] {processor.py:770} WARNING - No viable dags retrieved from /opt/airflow/dags/hadoop-2.7.3/share/hadoop/common/lib/stax-api-1.0-2.jar
[2022-10-25T14:29:59.297+0000] {processor.py:178} INFO - Processing /opt/airflow/dags/hadoop-2.7.3/share/hadoop/common/lib/stax-api-1.0-2.jar took 0.073 seconds
[2022-10-25T14:30:20.886+0000] {processor.py:156} INFO - Started process (PID=27267) to work on /opt/airflow/dags/hadoop-2.7.3/share/hadoop/common/lib/stax-api-1.0-2.jar
[2022-10-25T14:30:20.890+0000] {processor.py:758} INFO - Processing file /opt/airflow/dags/hadoop-2.7.3/share/hadoop/common/lib/stax-api-1.0-2.jar for tasks to queue
[2022-10-25T14:30:20.894+0000] {logging_mixin.py:117} INFO - [2022-10-25T14:30:20.894+0000] {dagbag.py:525} INFO - Filling up the DagBag from /opt/airflow/dags/hadoop-2.7.3/share/hadoop/common/lib/stax-api-1.0-2.jar
[2022-10-25T14:30:20.903+0000] {processor.py:770} WARNING - No viable dags retrieved from /opt/airflow/dags/hadoop-2.7.3/share/hadoop/common/lib/stax-api-1.0-2.jar
[2022-10-25T14:30:20.957+0000] {processor.py:178} INFO - Processing /opt/airflow/dags/hadoop-2.7.3/share/hadoop/common/lib/stax-api-1.0-2.jar took 0.083 seconds
[2022-10-25T14:30:44.934+0000] {processor.py:156} INFO - Started process (PID=26492) to work on /opt/airflow/dags/hadoop-2.7.3/share/hadoop/common/lib/stax-api-1.0-2.jar
[2022-10-25T14:30:44.937+0000] {processor.py:758} INFO - Processing file /opt/airflow/dags/hadoop-2.7.3/share/hadoop/common/lib/stax-api-1.0-2.jar for tasks to queue
[2022-10-25T14:30:44.941+0000] {logging_mixin.py:117} INFO - [2022-10-25T14:30:44.940+0000] {dagbag.py:525} INFO - Filling up the DagBag from /opt/airflow/dags/hadoop-2.7.3/share/hadoop/common/lib/stax-api-1.0-2.jar
[2022-10-25T14:30:44.950+0000] {processor.py:770} WARNING - No viable dags retrieved from /opt/airflow/dags/hadoop-2.7.3/share/hadoop/common/lib/stax-api-1.0-2.jar
[2022-10-25T14:30:45.010+0000] {processor.py:178} INFO - Processing /opt/airflow/dags/hadoop-2.7.3/share/hadoop/common/lib/stax-api-1.0-2.jar took 0.096 seconds
[2022-10-25T14:31:14.344+0000] {processor.py:156} INFO - Started process (PID=27791) to work on /opt/airflow/dags/hadoop-2.7.3/share/hadoop/common/lib/stax-api-1.0-2.jar
[2022-10-25T14:31:14.351+0000] {processor.py:758} INFO - Processing file /opt/airflow/dags/hadoop-2.7.3/share/hadoop/common/lib/stax-api-1.0-2.jar for tasks to queue
[2022-10-25T14:31:14.354+0000] {logging_mixin.py:117} INFO - [2022-10-25T14:31:14.353+0000] {dagbag.py:525} INFO - Filling up the DagBag from /opt/airflow/dags/hadoop-2.7.3/share/hadoop/common/lib/stax-api-1.0-2.jar
[2022-10-25T14:31:14.362+0000] {processor.py:770} WARNING - No viable dags retrieved from /opt/airflow/dags/hadoop-2.7.3/share/hadoop/common/lib/stax-api-1.0-2.jar
[2022-10-25T14:31:14.420+0000] {processor.py:178} INFO - Processing /opt/airflow/dags/hadoop-2.7.3/share/hadoop/common/lib/stax-api-1.0-2.jar took 0.095 seconds
[2022-10-25T14:31:36.004+0000] {processor.py:156} INFO - Started process (PID=26937) to work on /opt/airflow/dags/hadoop-2.7.3/share/hadoop/common/lib/stax-api-1.0-2.jar
[2022-10-25T14:31:36.007+0000] {processor.py:758} INFO - Processing file /opt/airflow/dags/hadoop-2.7.3/share/hadoop/common/lib/stax-api-1.0-2.jar for tasks to queue
[2022-10-25T14:31:36.010+0000] {logging_mixin.py:117} INFO - [2022-10-25T14:31:36.010+0000] {dagbag.py:525} INFO - Filling up the DagBag from /opt/airflow/dags/hadoop-2.7.3/share/hadoop/common/lib/stax-api-1.0-2.jar
[2022-10-25T14:31:36.018+0000] {processor.py:770} WARNING - No viable dags retrieved from /opt/airflow/dags/hadoop-2.7.3/share/hadoop/common/lib/stax-api-1.0-2.jar
[2022-10-25T14:31:36.053+0000] {processor.py:178} INFO - Processing /opt/airflow/dags/hadoop-2.7.3/share/hadoop/common/lib/stax-api-1.0-2.jar took 0.060 seconds
[2022-10-25T14:32:04.305+0000] {processor.py:156} INFO - Started process (PID=28278) to work on /opt/airflow/dags/hadoop-2.7.3/share/hadoop/common/lib/stax-api-1.0-2.jar
[2022-10-25T14:32:04.308+0000] {processor.py:758} INFO - Processing file /opt/airflow/dags/hadoop-2.7.3/share/hadoop/common/lib/stax-api-1.0-2.jar for tasks to queue
[2022-10-25T14:32:04.314+0000] {logging_mixin.py:117} INFO - [2022-10-25T14:32:04.313+0000] {dagbag.py:525} INFO - Filling up the DagBag from /opt/airflow/dags/hadoop-2.7.3/share/hadoop/common/lib/stax-api-1.0-2.jar
[2022-10-25T14:32:04.333+0000] {processor.py:770} WARNING - No viable dags retrieved from /opt/airflow/dags/hadoop-2.7.3/share/hadoop/common/lib/stax-api-1.0-2.jar
[2022-10-25T14:32:04.389+0000] {processor.py:178} INFO - Processing /opt/airflow/dags/hadoop-2.7.3/share/hadoop/common/lib/stax-api-1.0-2.jar took 0.095 seconds
[2022-10-25T14:32:25.079+0000] {processor.py:156} INFO - Started process (PID=27424) to work on /opt/airflow/dags/hadoop-2.7.3/share/hadoop/common/lib/stax-api-1.0-2.jar
[2022-10-25T14:32:25.085+0000] {processor.py:758} INFO - Processing file /opt/airflow/dags/hadoop-2.7.3/share/hadoop/common/lib/stax-api-1.0-2.jar for tasks to queue
[2022-10-25T14:32:25.091+0000] {logging_mixin.py:117} INFO - [2022-10-25T14:32:25.091+0000] {dagbag.py:525} INFO - Filling up the DagBag from /opt/airflow/dags/hadoop-2.7.3/share/hadoop/common/lib/stax-api-1.0-2.jar
[2022-10-25T14:32:25.101+0000] {processor.py:770} WARNING - No viable dags retrieved from /opt/airflow/dags/hadoop-2.7.3/share/hadoop/common/lib/stax-api-1.0-2.jar
[2022-10-25T14:32:25.149+0000] {processor.py:178} INFO - Processing /opt/airflow/dags/hadoop-2.7.3/share/hadoop/common/lib/stax-api-1.0-2.jar took 0.080 seconds
[2022-10-25T14:32:45.337+0000] {processor.py:156} INFO - Started process (PID=28712) to work on /opt/airflow/dags/hadoop-2.7.3/share/hadoop/common/lib/stax-api-1.0-2.jar
[2022-10-25T14:32:45.341+0000] {processor.py:758} INFO - Processing file /opt/airflow/dags/hadoop-2.7.3/share/hadoop/common/lib/stax-api-1.0-2.jar for tasks to queue
[2022-10-25T14:32:45.346+0000] {logging_mixin.py:117} INFO - [2022-10-25T14:32:45.344+0000] {dagbag.py:525} INFO - Filling up the DagBag from /opt/airflow/dags/hadoop-2.7.3/share/hadoop/common/lib/stax-api-1.0-2.jar
[2022-10-25T14:32:45.371+0000] {processor.py:770} WARNING - No viable dags retrieved from /opt/airflow/dags/hadoop-2.7.3/share/hadoop/common/lib/stax-api-1.0-2.jar
[2022-10-25T14:32:45.423+0000] {processor.py:178} INFO - Processing /opt/airflow/dags/hadoop-2.7.3/share/hadoop/common/lib/stax-api-1.0-2.jar took 0.112 seconds
[2022-10-25T14:33:09.083+0000] {processor.py:156} INFO - Started process (PID=27870) to work on /opt/airflow/dags/hadoop-2.7.3/share/hadoop/common/lib/stax-api-1.0-2.jar
[2022-10-25T14:33:09.087+0000] {processor.py:758} INFO - Processing file /opt/airflow/dags/hadoop-2.7.3/share/hadoop/common/lib/stax-api-1.0-2.jar for tasks to queue
[2022-10-25T14:33:09.091+0000] {logging_mixin.py:117} INFO - [2022-10-25T14:33:09.091+0000] {dagbag.py:525} INFO - Filling up the DagBag from /opt/airflow/dags/hadoop-2.7.3/share/hadoop/common/lib/stax-api-1.0-2.jar
[2022-10-25T14:33:09.102+0000] {processor.py:770} WARNING - No viable dags retrieved from /opt/airflow/dags/hadoop-2.7.3/share/hadoop/common/lib/stax-api-1.0-2.jar
[2022-10-25T14:33:09.172+0000] {processor.py:178} INFO - Processing /opt/airflow/dags/hadoop-2.7.3/share/hadoop/common/lib/stax-api-1.0-2.jar took 0.100 seconds
[2022-10-25T14:33:21.861+0000] {processor.py:156} INFO - Started process (PID=29091) to work on /opt/airflow/dags/hadoop-2.7.3/share/hadoop/common/lib/stax-api-1.0-2.jar
[2022-10-25T14:33:21.864+0000] {processor.py:758} INFO - Processing file /opt/airflow/dags/hadoop-2.7.3/share/hadoop/common/lib/stax-api-1.0-2.jar for tasks to queue
[2022-10-25T14:33:21.867+0000] {logging_mixin.py:117} INFO - [2022-10-25T14:33:21.866+0000] {dagbag.py:525} INFO - Filling up the DagBag from /opt/airflow/dags/hadoop-2.7.3/share/hadoop/common/lib/stax-api-1.0-2.jar
[2022-10-25T14:33:21.876+0000] {processor.py:770} WARNING - No viable dags retrieved from /opt/airflow/dags/hadoop-2.7.3/share/hadoop/common/lib/stax-api-1.0-2.jar
[2022-10-25T14:33:21.908+0000] {processor.py:178} INFO - Processing /opt/airflow/dags/hadoop-2.7.3/share/hadoop/common/lib/stax-api-1.0-2.jar took 0.055 seconds
[2022-10-25T14:33:51.045+0000] {processor.py:156} INFO - Started process (PID=28302) to work on /opt/airflow/dags/hadoop-2.7.3/share/hadoop/common/lib/stax-api-1.0-2.jar
[2022-10-25T14:33:51.050+0000] {processor.py:758} INFO - Processing file /opt/airflow/dags/hadoop-2.7.3/share/hadoop/common/lib/stax-api-1.0-2.jar for tasks to queue
[2022-10-25T14:33:51.053+0000] {logging_mixin.py:117} INFO - [2022-10-25T14:33:51.053+0000] {dagbag.py:525} INFO - Filling up the DagBag from /opt/airflow/dags/hadoop-2.7.3/share/hadoop/common/lib/stax-api-1.0-2.jar
[2022-10-25T14:33:51.066+0000] {processor.py:770} WARNING - No viable dags retrieved from /opt/airflow/dags/hadoop-2.7.3/share/hadoop/common/lib/stax-api-1.0-2.jar
[2022-10-25T14:33:51.129+0000] {processor.py:178} INFO - Processing /opt/airflow/dags/hadoop-2.7.3/share/hadoop/common/lib/stax-api-1.0-2.jar took 0.093 seconds
[2022-10-25T14:34:04.031+0000] {processor.py:156} INFO - Started process (PID=29515) to work on /opt/airflow/dags/hadoop-2.7.3/share/hadoop/common/lib/stax-api-1.0-2.jar
[2022-10-25T14:34:04.036+0000] {processor.py:758} INFO - Processing file /opt/airflow/dags/hadoop-2.7.3/share/hadoop/common/lib/stax-api-1.0-2.jar for tasks to queue
[2022-10-25T14:34:04.039+0000] {logging_mixin.py:117} INFO - [2022-10-25T14:34:04.039+0000] {dagbag.py:525} INFO - Filling up the DagBag from /opt/airflow/dags/hadoop-2.7.3/share/hadoop/common/lib/stax-api-1.0-2.jar
[2022-10-25T14:34:04.051+0000] {processor.py:770} WARNING - No viable dags retrieved from /opt/airflow/dags/hadoop-2.7.3/share/hadoop/common/lib/stax-api-1.0-2.jar
[2022-10-25T14:34:04.109+0000] {processor.py:178} INFO - Processing /opt/airflow/dags/hadoop-2.7.3/share/hadoop/common/lib/stax-api-1.0-2.jar took 0.087 seconds
[2022-10-25T14:34:59.105+0000] {processor.py:156} INFO - Started process (PID=28534) to work on /opt/airflow/dags/hadoop-2.7.3/share/hadoop/common/lib/stax-api-1.0-2.jar
[2022-10-25T14:34:59.110+0000] {processor.py:758} INFO - Processing file /opt/airflow/dags/hadoop-2.7.3/share/hadoop/common/lib/stax-api-1.0-2.jar for tasks to queue
[2022-10-25T14:34:59.118+0000] {logging_mixin.py:117} INFO - [2022-10-25T14:34:59.117+0000] {dagbag.py:525} INFO - Filling up the DagBag from /opt/airflow/dags/hadoop-2.7.3/share/hadoop/common/lib/stax-api-1.0-2.jar
[2022-10-25T14:34:59.135+0000] {processor.py:770} WARNING - No viable dags retrieved from /opt/airflow/dags/hadoop-2.7.3/share/hadoop/common/lib/stax-api-1.0-2.jar
[2022-10-25T14:34:59.176+0000] {processor.py:178} INFO - Processing /opt/airflow/dags/hadoop-2.7.3/share/hadoop/common/lib/stax-api-1.0-2.jar took 0.087 seconds
[2022-10-25T14:35:25.681+0000] {processor.py:156} INFO - Started process (PID=29983) to work on /opt/airflow/dags/hadoop-2.7.3/share/hadoop/common/lib/stax-api-1.0-2.jar
[2022-10-25T14:35:25.686+0000] {processor.py:758} INFO - Processing file /opt/airflow/dags/hadoop-2.7.3/share/hadoop/common/lib/stax-api-1.0-2.jar for tasks to queue
[2022-10-25T14:35:25.689+0000] {logging_mixin.py:117} INFO - [2022-10-25T14:35:25.689+0000] {dagbag.py:525} INFO - Filling up the DagBag from /opt/airflow/dags/hadoop-2.7.3/share/hadoop/common/lib/stax-api-1.0-2.jar
[2022-10-25T14:35:25.698+0000] {processor.py:770} WARNING - No viable dags retrieved from /opt/airflow/dags/hadoop-2.7.3/share/hadoop/common/lib/stax-api-1.0-2.jar
[2022-10-25T14:35:25.741+0000] {processor.py:178} INFO - Processing /opt/airflow/dags/hadoop-2.7.3/share/hadoop/common/lib/stax-api-1.0-2.jar took 0.069 seconds
[2022-10-25T14:35:45.851+0000] {processor.py:156} INFO - Started process (PID=29003) to work on /opt/airflow/dags/hadoop-2.7.3/share/hadoop/common/lib/stax-api-1.0-2.jar
[2022-10-25T14:35:45.854+0000] {processor.py:758} INFO - Processing file /opt/airflow/dags/hadoop-2.7.3/share/hadoop/common/lib/stax-api-1.0-2.jar for tasks to queue
[2022-10-25T14:35:45.857+0000] {logging_mixin.py:117} INFO - [2022-10-25T14:35:45.857+0000] {dagbag.py:525} INFO - Filling up the DagBag from /opt/airflow/dags/hadoop-2.7.3/share/hadoop/common/lib/stax-api-1.0-2.jar
[2022-10-25T14:35:45.865+0000] {processor.py:770} WARNING - No viable dags retrieved from /opt/airflow/dags/hadoop-2.7.3/share/hadoop/common/lib/stax-api-1.0-2.jar
[2022-10-25T14:35:45.953+0000] {processor.py:178} INFO - Processing /opt/airflow/dags/hadoop-2.7.3/share/hadoop/common/lib/stax-api-1.0-2.jar took 0.113 seconds
[2022-10-25T14:36:08.976+0000] {processor.py:156} INFO - Started process (PID=30454) to work on /opt/airflow/dags/hadoop-2.7.3/share/hadoop/common/lib/stax-api-1.0-2.jar
[2022-10-25T14:36:08.980+0000] {processor.py:758} INFO - Processing file /opt/airflow/dags/hadoop-2.7.3/share/hadoop/common/lib/stax-api-1.0-2.jar for tasks to queue
[2022-10-25T14:36:08.983+0000] {logging_mixin.py:117} INFO - [2022-10-25T14:36:08.983+0000] {dagbag.py:525} INFO - Filling up the DagBag from /opt/airflow/dags/hadoop-2.7.3/share/hadoop/common/lib/stax-api-1.0-2.jar
[2022-10-25T14:36:09.002+0000] {processor.py:770} WARNING - No viable dags retrieved from /opt/airflow/dags/hadoop-2.7.3/share/hadoop/common/lib/stax-api-1.0-2.jar
[2022-10-25T14:36:09.047+0000] {processor.py:178} INFO - Processing /opt/airflow/dags/hadoop-2.7.3/share/hadoop/common/lib/stax-api-1.0-2.jar took 0.081 seconds
[2022-10-25T14:36:28.185+0000] {processor.py:156} INFO - Started process (PID=29427) to work on /opt/airflow/dags/hadoop-2.7.3/share/hadoop/common/lib/stax-api-1.0-2.jar
[2022-10-25T14:36:28.189+0000] {processor.py:758} INFO - Processing file /opt/airflow/dags/hadoop-2.7.3/share/hadoop/common/lib/stax-api-1.0-2.jar for tasks to queue
[2022-10-25T14:36:28.193+0000] {logging_mixin.py:117} INFO - [2022-10-25T14:36:28.192+0000] {dagbag.py:525} INFO - Filling up the DagBag from /opt/airflow/dags/hadoop-2.7.3/share/hadoop/common/lib/stax-api-1.0-2.jar
[2022-10-25T14:36:28.202+0000] {processor.py:770} WARNING - No viable dags retrieved from /opt/airflow/dags/hadoop-2.7.3/share/hadoop/common/lib/stax-api-1.0-2.jar
[2022-10-25T14:36:28.246+0000] {processor.py:178} INFO - Processing /opt/airflow/dags/hadoop-2.7.3/share/hadoop/common/lib/stax-api-1.0-2.jar took 0.072 seconds
[2022-10-25T14:36:57.683+0000] {processor.py:156} INFO - Started process (PID=30992) to work on /opt/airflow/dags/hadoop-2.7.3/share/hadoop/common/lib/stax-api-1.0-2.jar
[2022-10-25T14:36:57.692+0000] {processor.py:758} INFO - Processing file /opt/airflow/dags/hadoop-2.7.3/share/hadoop/common/lib/stax-api-1.0-2.jar for tasks to queue
[2022-10-25T14:36:57.695+0000] {logging_mixin.py:117} INFO - [2022-10-25T14:36:57.695+0000] {dagbag.py:525} INFO - Filling up the DagBag from /opt/airflow/dags/hadoop-2.7.3/share/hadoop/common/lib/stax-api-1.0-2.jar
[2022-10-25T14:36:57.707+0000] {processor.py:770} WARNING - No viable dags retrieved from /opt/airflow/dags/hadoop-2.7.3/share/hadoop/common/lib/stax-api-1.0-2.jar
[2022-10-25T14:36:57.768+0000] {processor.py:178} INFO - Processing /opt/airflow/dags/hadoop-2.7.3/share/hadoop/common/lib/stax-api-1.0-2.jar took 0.098 seconds
[2022-10-25T14:37:11.170+0000] {processor.py:156} INFO - Started process (PID=29861) to work on /opt/airflow/dags/hadoop-2.7.3/share/hadoop/common/lib/stax-api-1.0-2.jar
[2022-10-25T14:37:11.175+0000] {processor.py:758} INFO - Processing file /opt/airflow/dags/hadoop-2.7.3/share/hadoop/common/lib/stax-api-1.0-2.jar for tasks to queue
[2022-10-25T14:37:11.177+0000] {logging_mixin.py:117} INFO - [2022-10-25T14:37:11.177+0000] {dagbag.py:525} INFO - Filling up the DagBag from /opt/airflow/dags/hadoop-2.7.3/share/hadoop/common/lib/stax-api-1.0-2.jar
[2022-10-25T14:37:11.187+0000] {processor.py:770} WARNING - No viable dags retrieved from /opt/airflow/dags/hadoop-2.7.3/share/hadoop/common/lib/stax-api-1.0-2.jar
[2022-10-25T14:37:11.241+0000] {processor.py:178} INFO - Processing /opt/airflow/dags/hadoop-2.7.3/share/hadoop/common/lib/stax-api-1.0-2.jar took 0.081 seconds
[2022-10-25T14:37:46.259+0000] {processor.py:156} INFO - Started process (PID=31522) to work on /opt/airflow/dags/hadoop-2.7.3/share/hadoop/common/lib/stax-api-1.0-2.jar
[2022-10-25T14:37:46.264+0000] {processor.py:758} INFO - Processing file /opt/airflow/dags/hadoop-2.7.3/share/hadoop/common/lib/stax-api-1.0-2.jar for tasks to queue
[2022-10-25T14:37:46.269+0000] {logging_mixin.py:117} INFO - [2022-10-25T14:37:46.268+0000] {dagbag.py:525} INFO - Filling up the DagBag from /opt/airflow/dags/hadoop-2.7.3/share/hadoop/common/lib/stax-api-1.0-2.jar
[2022-10-25T14:37:46.277+0000] {processor.py:770} WARNING - No viable dags retrieved from /opt/airflow/dags/hadoop-2.7.3/share/hadoop/common/lib/stax-api-1.0-2.jar
[2022-10-25T14:37:46.321+0000] {processor.py:178} INFO - Processing /opt/airflow/dags/hadoop-2.7.3/share/hadoop/common/lib/stax-api-1.0-2.jar took 0.078 seconds
[2022-10-25T14:37:50.864+0000] {processor.py:156} INFO - Started process (PID=30283) to work on /opt/airflow/dags/hadoop-2.7.3/share/hadoop/common/lib/stax-api-1.0-2.jar
[2022-10-25T14:37:50.867+0000] {processor.py:758} INFO - Processing file /opt/airflow/dags/hadoop-2.7.3/share/hadoop/common/lib/stax-api-1.0-2.jar for tasks to queue
[2022-10-25T14:37:50.869+0000] {logging_mixin.py:117} INFO - [2022-10-25T14:37:50.869+0000] {dagbag.py:525} INFO - Filling up the DagBag from /opt/airflow/dags/hadoop-2.7.3/share/hadoop/common/lib/stax-api-1.0-2.jar
[2022-10-25T14:37:50.881+0000] {processor.py:770} WARNING - No viable dags retrieved from /opt/airflow/dags/hadoop-2.7.3/share/hadoop/common/lib/stax-api-1.0-2.jar
[2022-10-25T14:37:50.924+0000] {processor.py:178} INFO - Processing /opt/airflow/dags/hadoop-2.7.3/share/hadoop/common/lib/stax-api-1.0-2.jar took 0.068 seconds
[2022-10-25T14:38:20.855+0000] {processor.py:156} INFO - Started process (PID=31902) to work on /opt/airflow/dags/hadoop-2.7.3/share/hadoop/common/lib/stax-api-1.0-2.jar
[2022-10-25T14:38:20.860+0000] {processor.py:758} INFO - Processing file /opt/airflow/dags/hadoop-2.7.3/share/hadoop/common/lib/stax-api-1.0-2.jar for tasks to queue
[2022-10-25T14:38:20.862+0000] {logging_mixin.py:117} INFO - [2022-10-25T14:38:20.862+0000] {dagbag.py:525} INFO - Filling up the DagBag from /opt/airflow/dags/hadoop-2.7.3/share/hadoop/common/lib/stax-api-1.0-2.jar
[2022-10-25T14:38:20.879+0000] {processor.py:770} WARNING - No viable dags retrieved from /opt/airflow/dags/hadoop-2.7.3/share/hadoop/common/lib/stax-api-1.0-2.jar
[2022-10-25T14:38:20.933+0000] {processor.py:178} INFO - Processing /opt/airflow/dags/hadoop-2.7.3/share/hadoop/common/lib/stax-api-1.0-2.jar took 0.088 seconds
[2022-10-25T14:38:40.022+0000] {processor.py:156} INFO - Started process (PID=30805) to work on /opt/airflow/dags/hadoop-2.7.3/share/hadoop/common/lib/stax-api-1.0-2.jar
[2022-10-25T14:38:40.025+0000] {processor.py:758} INFO - Processing file /opt/airflow/dags/hadoop-2.7.3/share/hadoop/common/lib/stax-api-1.0-2.jar for tasks to queue
[2022-10-25T14:38:40.029+0000] {logging_mixin.py:117} INFO - [2022-10-25T14:38:40.028+0000] {dagbag.py:525} INFO - Filling up the DagBag from /opt/airflow/dags/hadoop-2.7.3/share/hadoop/common/lib/stax-api-1.0-2.jar
[2022-10-25T14:38:40.036+0000] {processor.py:770} WARNING - No viable dags retrieved from /opt/airflow/dags/hadoop-2.7.3/share/hadoop/common/lib/stax-api-1.0-2.jar
[2022-10-25T14:38:40.111+0000] {processor.py:178} INFO - Processing /opt/airflow/dags/hadoop-2.7.3/share/hadoop/common/lib/stax-api-1.0-2.jar took 0.097 seconds
[2022-10-25T14:39:11.530+0000] {processor.py:156} INFO - Started process (PID=32445) to work on /opt/airflow/dags/hadoop-2.7.3/share/hadoop/common/lib/stax-api-1.0-2.jar
[2022-10-25T14:39:11.535+0000] {processor.py:758} INFO - Processing file /opt/airflow/dags/hadoop-2.7.3/share/hadoop/common/lib/stax-api-1.0-2.jar for tasks to queue
[2022-10-25T14:39:11.539+0000] {logging_mixin.py:117} INFO - [2022-10-25T14:39:11.539+0000] {dagbag.py:525} INFO - Filling up the DagBag from /opt/airflow/dags/hadoop-2.7.3/share/hadoop/common/lib/stax-api-1.0-2.jar
[2022-10-25T14:39:11.548+0000] {processor.py:770} WARNING - No viable dags retrieved from /opt/airflow/dags/hadoop-2.7.3/share/hadoop/common/lib/stax-api-1.0-2.jar
[2022-10-25T14:39:11.599+0000] {processor.py:178} INFO - Processing /opt/airflow/dags/hadoop-2.7.3/share/hadoop/common/lib/stax-api-1.0-2.jar took 0.084 seconds
[2022-10-25T14:40:02.656+0000] {processor.py:156} INFO - Started process (PID=31239) to work on /opt/airflow/dags/hadoop-2.7.3/share/hadoop/common/lib/stax-api-1.0-2.jar
[2022-10-25T14:40:02.660+0000] {processor.py:758} INFO - Processing file /opt/airflow/dags/hadoop-2.7.3/share/hadoop/common/lib/stax-api-1.0-2.jar for tasks to queue
[2022-10-25T14:40:02.663+0000] {logging_mixin.py:117} INFO - [2022-10-25T14:40:02.663+0000] {dagbag.py:525} INFO - Filling up the DagBag from /opt/airflow/dags/hadoop-2.7.3/share/hadoop/common/lib/stax-api-1.0-2.jar
[2022-10-25T14:40:02.670+0000] {processor.py:770} WARNING - No viable dags retrieved from /opt/airflow/dags/hadoop-2.7.3/share/hadoop/common/lib/stax-api-1.0-2.jar
[2022-10-25T14:40:02.719+0000] {processor.py:178} INFO - Processing /opt/airflow/dags/hadoop-2.7.3/share/hadoop/common/lib/stax-api-1.0-2.jar took 0.071 seconds
[2022-10-25T14:40:13.717+0000] {processor.py:156} INFO - Started process (PID=32704) to work on /opt/airflow/dags/hadoop-2.7.3/share/hadoop/common/lib/stax-api-1.0-2.jar
[2022-10-25T14:40:13.720+0000] {processor.py:758} INFO - Processing file /opt/airflow/dags/hadoop-2.7.3/share/hadoop/common/lib/stax-api-1.0-2.jar for tasks to queue
[2022-10-25T14:40:13.723+0000] {logging_mixin.py:117} INFO - [2022-10-25T14:40:13.723+0000] {dagbag.py:525} INFO - Filling up the DagBag from /opt/airflow/dags/hadoop-2.7.3/share/hadoop/common/lib/stax-api-1.0-2.jar
[2022-10-25T14:40:13.735+0000] {processor.py:770} WARNING - No viable dags retrieved from /opt/airflow/dags/hadoop-2.7.3/share/hadoop/common/lib/stax-api-1.0-2.jar
[2022-10-25T14:40:13.786+0000] {processor.py:178} INFO - Processing /opt/airflow/dags/hadoop-2.7.3/share/hadoop/common/lib/stax-api-1.0-2.jar took 0.076 seconds
[2022-10-25T14:40:41.241+0000] {processor.py:156} INFO - Started process (PID=31642) to work on /opt/airflow/dags/hadoop-2.7.3/share/hadoop/common/lib/stax-api-1.0-2.jar
[2022-10-25T14:40:41.244+0000] {processor.py:758} INFO - Processing file /opt/airflow/dags/hadoop-2.7.3/share/hadoop/common/lib/stax-api-1.0-2.jar for tasks to queue
[2022-10-25T14:40:41.247+0000] {logging_mixin.py:117} INFO - [2022-10-25T14:40:41.247+0000] {dagbag.py:525} INFO - Filling up the DagBag from /opt/airflow/dags/hadoop-2.7.3/share/hadoop/common/lib/stax-api-1.0-2.jar
[2022-10-25T14:40:41.256+0000] {processor.py:770} WARNING - No viable dags retrieved from /opt/airflow/dags/hadoop-2.7.3/share/hadoop/common/lib/stax-api-1.0-2.jar
[2022-10-25T14:40:41.299+0000] {processor.py:178} INFO - Processing /opt/airflow/dags/hadoop-2.7.3/share/hadoop/common/lib/stax-api-1.0-2.jar took 0.066 seconds
[2022-10-25T14:40:56.152+0000] {processor.py:156} INFO - Started process (PID=33163) to work on /opt/airflow/dags/hadoop-2.7.3/share/hadoop/common/lib/stax-api-1.0-2.jar
[2022-10-25T14:40:56.157+0000] {processor.py:758} INFO - Processing file /opt/airflow/dags/hadoop-2.7.3/share/hadoop/common/lib/stax-api-1.0-2.jar for tasks to queue
[2022-10-25T14:40:56.160+0000] {logging_mixin.py:117} INFO - [2022-10-25T14:40:56.159+0000] {dagbag.py:525} INFO - Filling up the DagBag from /opt/airflow/dags/hadoop-2.7.3/share/hadoop/common/lib/stax-api-1.0-2.jar
[2022-10-25T14:40:56.170+0000] {processor.py:770} WARNING - No viable dags retrieved from /opt/airflow/dags/hadoop-2.7.3/share/hadoop/common/lib/stax-api-1.0-2.jar
[2022-10-25T14:40:56.208+0000] {processor.py:178} INFO - Processing /opt/airflow/dags/hadoop-2.7.3/share/hadoop/common/lib/stax-api-1.0-2.jar took 0.072 seconds
[2022-10-25T14:41:30.073+0000] {processor.py:156} INFO - Started process (PID=32156) to work on /opt/airflow/dags/hadoop-2.7.3/share/hadoop/common/lib/stax-api-1.0-2.jar
[2022-10-25T14:41:30.076+0000] {processor.py:758} INFO - Processing file /opt/airflow/dags/hadoop-2.7.3/share/hadoop/common/lib/stax-api-1.0-2.jar for tasks to queue
[2022-10-25T14:41:30.078+0000] {logging_mixin.py:117} INFO - [2022-10-25T14:41:30.078+0000] {dagbag.py:525} INFO - Filling up the DagBag from /opt/airflow/dags/hadoop-2.7.3/share/hadoop/common/lib/stax-api-1.0-2.jar
[2022-10-25T14:41:30.086+0000] {processor.py:770} WARNING - No viable dags retrieved from /opt/airflow/dags/hadoop-2.7.3/share/hadoop/common/lib/stax-api-1.0-2.jar
[2022-10-25T14:41:30.132+0000] {processor.py:178} INFO - Processing /opt/airflow/dags/hadoop-2.7.3/share/hadoop/common/lib/stax-api-1.0-2.jar took 0.068 seconds
[2022-10-25T14:41:36.356+0000] {processor.py:156} INFO - Started process (PID=33543) to work on /opt/airflow/dags/hadoop-2.7.3/share/hadoop/common/lib/stax-api-1.0-2.jar
[2022-10-25T14:41:36.360+0000] {processor.py:758} INFO - Processing file /opt/airflow/dags/hadoop-2.7.3/share/hadoop/common/lib/stax-api-1.0-2.jar for tasks to queue
[2022-10-25T14:41:36.362+0000] {logging_mixin.py:117} INFO - [2022-10-25T14:41:36.362+0000] {dagbag.py:525} INFO - Filling up the DagBag from /opt/airflow/dags/hadoop-2.7.3/share/hadoop/common/lib/stax-api-1.0-2.jar
[2022-10-25T14:41:36.373+0000] {processor.py:770} WARNING - No viable dags retrieved from /opt/airflow/dags/hadoop-2.7.3/share/hadoop/common/lib/stax-api-1.0-2.jar
[2022-10-25T14:41:36.445+0000] {processor.py:178} INFO - Processing /opt/airflow/dags/hadoop-2.7.3/share/hadoop/common/lib/stax-api-1.0-2.jar took 0.103 seconds
[2022-10-25T14:42:09.388+0000] {processor.py:156} INFO - Started process (PID=32565) to work on /opt/airflow/dags/hadoop-2.7.3/share/hadoop/common/lib/stax-api-1.0-2.jar
[2022-10-25T14:42:09.392+0000] {processor.py:758} INFO - Processing file /opt/airflow/dags/hadoop-2.7.3/share/hadoop/common/lib/stax-api-1.0-2.jar for tasks to queue
[2022-10-25T14:42:09.394+0000] {logging_mixin.py:117} INFO - [2022-10-25T14:42:09.394+0000] {dagbag.py:525} INFO - Filling up the DagBag from /opt/airflow/dags/hadoop-2.7.3/share/hadoop/common/lib/stax-api-1.0-2.jar
[2022-10-25T14:42:09.405+0000] {processor.py:770} WARNING - No viable dags retrieved from /opt/airflow/dags/hadoop-2.7.3/share/hadoop/common/lib/stax-api-1.0-2.jar
[2022-10-25T14:42:09.441+0000] {processor.py:178} INFO - Processing /opt/airflow/dags/hadoop-2.7.3/share/hadoop/common/lib/stax-api-1.0-2.jar took 0.060 seconds
[2022-10-25T14:42:19.512+0000] {processor.py:156} INFO - Started process (PID=34021) to work on /opt/airflow/dags/hadoop-2.7.3/share/hadoop/common/lib/stax-api-1.0-2.jar
[2022-10-25T14:42:19.517+0000] {processor.py:758} INFO - Processing file /opt/airflow/dags/hadoop-2.7.3/share/hadoop/common/lib/stax-api-1.0-2.jar for tasks to queue
[2022-10-25T14:42:19.522+0000] {logging_mixin.py:117} INFO - [2022-10-25T14:42:19.522+0000] {dagbag.py:525} INFO - Filling up the DagBag from /opt/airflow/dags/hadoop-2.7.3/share/hadoop/common/lib/stax-api-1.0-2.jar
[2022-10-25T14:42:19.529+0000] {processor.py:770} WARNING - No viable dags retrieved from /opt/airflow/dags/hadoop-2.7.3/share/hadoop/common/lib/stax-api-1.0-2.jar
[2022-10-25T14:42:19.585+0000] {processor.py:178} INFO - Processing /opt/airflow/dags/hadoop-2.7.3/share/hadoop/common/lib/stax-api-1.0-2.jar took 0.090 seconds
[2022-10-25T14:42:46.801+0000] {processor.py:156} INFO - Started process (PID=32961) to work on /opt/airflow/dags/hadoop-2.7.3/share/hadoop/common/lib/stax-api-1.0-2.jar
[2022-10-25T14:42:46.808+0000] {processor.py:758} INFO - Processing file /opt/airflow/dags/hadoop-2.7.3/share/hadoop/common/lib/stax-api-1.0-2.jar for tasks to queue
[2022-10-25T14:42:46.813+0000] {logging_mixin.py:117} INFO - [2022-10-25T14:42:46.812+0000] {dagbag.py:525} INFO - Filling up the DagBag from /opt/airflow/dags/hadoop-2.7.3/share/hadoop/common/lib/stax-api-1.0-2.jar
[2022-10-25T14:42:46.824+0000] {processor.py:770} WARNING - No viable dags retrieved from /opt/airflow/dags/hadoop-2.7.3/share/hadoop/common/lib/stax-api-1.0-2.jar
[2022-10-25T14:42:46.897+0000] {processor.py:178} INFO - Processing /opt/airflow/dags/hadoop-2.7.3/share/hadoop/common/lib/stax-api-1.0-2.jar took 0.112 seconds
[2022-10-25T14:43:06.577+0000] {processor.py:156} INFO - Started process (PID=34544) to work on /opt/airflow/dags/hadoop-2.7.3/share/hadoop/common/lib/stax-api-1.0-2.jar
[2022-10-25T14:43:06.580+0000] {processor.py:758} INFO - Processing file /opt/airflow/dags/hadoop-2.7.3/share/hadoop/common/lib/stax-api-1.0-2.jar for tasks to queue
[2022-10-25T14:43:06.583+0000] {logging_mixin.py:117} INFO - [2022-10-25T14:43:06.583+0000] {dagbag.py:525} INFO - Filling up the DagBag from /opt/airflow/dags/hadoop-2.7.3/share/hadoop/common/lib/stax-api-1.0-2.jar
[2022-10-25T14:43:06.592+0000] {processor.py:770} WARNING - No viable dags retrieved from /opt/airflow/dags/hadoop-2.7.3/share/hadoop/common/lib/stax-api-1.0-2.jar
[2022-10-25T14:43:06.631+0000] {processor.py:178} INFO - Processing /opt/airflow/dags/hadoop-2.7.3/share/hadoop/common/lib/stax-api-1.0-2.jar took 0.066 seconds
[2022-10-25T14:43:26.481+0000] {processor.py:156} INFO - Started process (PID=33358) to work on /opt/airflow/dags/hadoop-2.7.3/share/hadoop/common/lib/stax-api-1.0-2.jar
[2022-10-25T14:43:26.486+0000] {processor.py:758} INFO - Processing file /opt/airflow/dags/hadoop-2.7.3/share/hadoop/common/lib/stax-api-1.0-2.jar for tasks to queue
[2022-10-25T14:43:26.490+0000] {logging_mixin.py:117} INFO - [2022-10-25T14:43:26.490+0000] {dagbag.py:525} INFO - Filling up the DagBag from /opt/airflow/dags/hadoop-2.7.3/share/hadoop/common/lib/stax-api-1.0-2.jar
[2022-10-25T14:43:26.498+0000] {processor.py:770} WARNING - No viable dags retrieved from /opt/airflow/dags/hadoop-2.7.3/share/hadoop/common/lib/stax-api-1.0-2.jar
[2022-10-25T14:43:26.555+0000] {processor.py:178} INFO - Processing /opt/airflow/dags/hadoop-2.7.3/share/hadoop/common/lib/stax-api-1.0-2.jar took 0.085 seconds
[2022-10-25T14:43:53.234+0000] {processor.py:156} INFO - Started process (PID=35066) to work on /opt/airflow/dags/hadoop-2.7.3/share/hadoop/common/lib/stax-api-1.0-2.jar
[2022-10-25T14:43:53.244+0000] {processor.py:758} INFO - Processing file /opt/airflow/dags/hadoop-2.7.3/share/hadoop/common/lib/stax-api-1.0-2.jar for tasks to queue
[2022-10-25T14:43:53.247+0000] {logging_mixin.py:117} INFO - [2022-10-25T14:43:53.247+0000] {dagbag.py:525} INFO - Filling up the DagBag from /opt/airflow/dags/hadoop-2.7.3/share/hadoop/common/lib/stax-api-1.0-2.jar
[2022-10-25T14:43:53.265+0000] {processor.py:770} WARNING - No viable dags retrieved from /opt/airflow/dags/hadoop-2.7.3/share/hadoop/common/lib/stax-api-1.0-2.jar
[2022-10-25T14:43:53.314+0000] {processor.py:178} INFO - Processing /opt/airflow/dags/hadoop-2.7.3/share/hadoop/common/lib/stax-api-1.0-2.jar took 0.090 seconds
[2022-10-25T14:59:48.439+0000] {processor.py:156} INFO - Started process (PID=33912) to work on /opt/airflow/dags/hadoop-2.7.3/share/hadoop/common/lib/stax-api-1.0-2.jar
[2022-10-25T14:59:48.442+0000] {processor.py:758} INFO - Processing file /opt/airflow/dags/hadoop-2.7.3/share/hadoop/common/lib/stax-api-1.0-2.jar for tasks to queue
[2022-10-25T14:59:48.445+0000] {logging_mixin.py:117} INFO - [2022-10-25T14:59:48.445+0000] {dagbag.py:525} INFO - Filling up the DagBag from /opt/airflow/dags/hadoop-2.7.3/share/hadoop/common/lib/stax-api-1.0-2.jar
[2022-10-25T14:59:48.456+0000] {processor.py:770} WARNING - No viable dags retrieved from /opt/airflow/dags/hadoop-2.7.3/share/hadoop/common/lib/stax-api-1.0-2.jar
[2022-10-25T14:59:48.516+0000] {processor.py:178} INFO - Processing /opt/airflow/dags/hadoop-2.7.3/share/hadoop/common/lib/stax-api-1.0-2.jar took 0.089 seconds
[2022-10-25T15:03:38.606+0000] {processor.py:156} INFO - Started process (PID=35589) to work on /opt/airflow/dags/hadoop-2.7.3/share/hadoop/common/lib/stax-api-1.0-2.jar
[2022-10-25T15:03:38.611+0000] {processor.py:758} INFO - Processing file /opt/airflow/dags/hadoop-2.7.3/share/hadoop/common/lib/stax-api-1.0-2.jar for tasks to queue
[2022-10-25T15:03:38.614+0000] {logging_mixin.py:117} INFO - [2022-10-25T15:03:38.614+0000] {dagbag.py:525} INFO - Filling up the DagBag from /opt/airflow/dags/hadoop-2.7.3/share/hadoop/common/lib/stax-api-1.0-2.jar
[2022-10-25T15:03:38.627+0000] {processor.py:770} WARNING - No viable dags retrieved from /opt/airflow/dags/hadoop-2.7.3/share/hadoop/common/lib/stax-api-1.0-2.jar
[2022-10-25T15:03:38.698+0000] {processor.py:178} INFO - Processing /opt/airflow/dags/hadoop-2.7.3/share/hadoop/common/lib/stax-api-1.0-2.jar took 0.102 seconds
[2022-10-25T15:04:56.810+0000] {processor.py:156} INFO - Started process (PID=34461) to work on /opt/airflow/dags/hadoop-2.7.3/share/hadoop/common/lib/stax-api-1.0-2.jar
[2022-10-25T15:04:56.816+0000] {processor.py:758} INFO - Processing file /opt/airflow/dags/hadoop-2.7.3/share/hadoop/common/lib/stax-api-1.0-2.jar for tasks to queue
[2022-10-25T15:04:56.818+0000] {logging_mixin.py:117} INFO - [2022-10-25T15:04:56.818+0000] {dagbag.py:525} INFO - Filling up the DagBag from /opt/airflow/dags/hadoop-2.7.3/share/hadoop/common/lib/stax-api-1.0-2.jar
[2022-10-25T15:04:56.829+0000] {processor.py:770} WARNING - No viable dags retrieved from /opt/airflow/dags/hadoop-2.7.3/share/hadoop/common/lib/stax-api-1.0-2.jar
[2022-10-25T15:04:56.878+0000] {processor.py:178} INFO - Processing /opt/airflow/dags/hadoop-2.7.3/share/hadoop/common/lib/stax-api-1.0-2.jar took 0.075 seconds
[2022-10-25T15:05:09.064+0000] {processor.py:156} INFO - Started process (PID=36138) to work on /opt/airflow/dags/hadoop-2.7.3/share/hadoop/common/lib/stax-api-1.0-2.jar
[2022-10-25T15:05:09.067+0000] {processor.py:758} INFO - Processing file /opt/airflow/dags/hadoop-2.7.3/share/hadoop/common/lib/stax-api-1.0-2.jar for tasks to queue
[2022-10-25T15:05:09.069+0000] {logging_mixin.py:117} INFO - [2022-10-25T15:05:09.069+0000] {dagbag.py:525} INFO - Filling up the DagBag from /opt/airflow/dags/hadoop-2.7.3/share/hadoop/common/lib/stax-api-1.0-2.jar
[2022-10-25T15:05:09.078+0000] {processor.py:770} WARNING - No viable dags retrieved from /opt/airflow/dags/hadoop-2.7.3/share/hadoop/common/lib/stax-api-1.0-2.jar
[2022-10-25T15:05:09.122+0000] {processor.py:178} INFO - Processing /opt/airflow/dags/hadoop-2.7.3/share/hadoop/common/lib/stax-api-1.0-2.jar took 0.067 seconds
[2022-10-25T15:05:46.348+0000] {processor.py:156} INFO - Started process (PID=34955) to work on /opt/airflow/dags/hadoop-2.7.3/share/hadoop/common/lib/stax-api-1.0-2.jar
[2022-10-25T15:05:46.356+0000] {processor.py:758} INFO - Processing file /opt/airflow/dags/hadoop-2.7.3/share/hadoop/common/lib/stax-api-1.0-2.jar for tasks to queue
[2022-10-25T15:05:46.363+0000] {logging_mixin.py:117} INFO - [2022-10-25T15:05:46.363+0000] {dagbag.py:525} INFO - Filling up the DagBag from /opt/airflow/dags/hadoop-2.7.3/share/hadoop/common/lib/stax-api-1.0-2.jar
[2022-10-25T15:05:46.389+0000] {processor.py:770} WARNING - No viable dags retrieved from /opt/airflow/dags/hadoop-2.7.3/share/hadoop/common/lib/stax-api-1.0-2.jar
[2022-10-25T15:05:46.460+0000] {processor.py:178} INFO - Processing /opt/airflow/dags/hadoop-2.7.3/share/hadoop/common/lib/stax-api-1.0-2.jar took 0.118 seconds
[2022-10-25T15:05:53.219+0000] {processor.py:156} INFO - Started process (PID=36581) to work on /opt/airflow/dags/hadoop-2.7.3/share/hadoop/common/lib/stax-api-1.0-2.jar
[2022-10-25T15:05:53.225+0000] {processor.py:758} INFO - Processing file /opt/airflow/dags/hadoop-2.7.3/share/hadoop/common/lib/stax-api-1.0-2.jar for tasks to queue
[2022-10-25T15:05:53.228+0000] {logging_mixin.py:117} INFO - [2022-10-25T15:05:53.228+0000] {dagbag.py:525} INFO - Filling up the DagBag from /opt/airflow/dags/hadoop-2.7.3/share/hadoop/common/lib/stax-api-1.0-2.jar
[2022-10-25T15:05:53.240+0000] {processor.py:770} WARNING - No viable dags retrieved from /opt/airflow/dags/hadoop-2.7.3/share/hadoop/common/lib/stax-api-1.0-2.jar
[2022-10-25T15:05:53.290+0000] {processor.py:178} INFO - Processing /opt/airflow/dags/hadoop-2.7.3/share/hadoop/common/lib/stax-api-1.0-2.jar took 0.080 seconds
[2022-10-25T15:06:30.057+0000] {processor.py:156} INFO - Started process (PID=35400) to work on /opt/airflow/dags/hadoop-2.7.3/share/hadoop/common/lib/stax-api-1.0-2.jar
[2022-10-25T15:06:30.067+0000] {processor.py:758} INFO - Processing file /opt/airflow/dags/hadoop-2.7.3/share/hadoop/common/lib/stax-api-1.0-2.jar for tasks to queue
[2022-10-25T15:06:30.072+0000] {logging_mixin.py:117} INFO - [2022-10-25T15:06:30.071+0000] {dagbag.py:525} INFO - Filling up the DagBag from /opt/airflow/dags/hadoop-2.7.3/share/hadoop/common/lib/stax-api-1.0-2.jar
[2022-10-25T15:06:30.085+0000] {processor.py:770} WARNING - No viable dags retrieved from /opt/airflow/dags/hadoop-2.7.3/share/hadoop/common/lib/stax-api-1.0-2.jar
[2022-10-25T15:06:30.163+0000] {processor.py:178} INFO - Processing /opt/airflow/dags/hadoop-2.7.3/share/hadoop/common/lib/stax-api-1.0-2.jar took 0.113 seconds
[2022-10-25T15:06:36.897+0000] {processor.py:156} INFO - Started process (PID=37094) to work on /opt/airflow/dags/hadoop-2.7.3/share/hadoop/common/lib/stax-api-1.0-2.jar
[2022-10-25T15:06:36.901+0000] {processor.py:758} INFO - Processing file /opt/airflow/dags/hadoop-2.7.3/share/hadoop/common/lib/stax-api-1.0-2.jar for tasks to queue
[2022-10-25T15:06:36.906+0000] {logging_mixin.py:117} INFO - [2022-10-25T15:06:36.905+0000] {dagbag.py:525} INFO - Filling up the DagBag from /opt/airflow/dags/hadoop-2.7.3/share/hadoop/common/lib/stax-api-1.0-2.jar
[2022-10-25T15:06:36.915+0000] {processor.py:770} WARNING - No viable dags retrieved from /opt/airflow/dags/hadoop-2.7.3/share/hadoop/common/lib/stax-api-1.0-2.jar
[2022-10-25T15:06:36.961+0000] {processor.py:178} INFO - Processing /opt/airflow/dags/hadoop-2.7.3/share/hadoop/common/lib/stax-api-1.0-2.jar took 0.071 seconds
