[2022-10-22T00:00:16.617+0000] {processor.py:156} INFO - Started process (PID=18957) to work on /opt/airflow/dags/hadoop-2.7.3/share/hadoop/hdfs/lib/jetty-6.1.26.jar
[2022-10-22T00:00:16.626+0000] {processor.py:758} INFO - Processing file /opt/airflow/dags/hadoop-2.7.3/share/hadoop/hdfs/lib/jetty-6.1.26.jar for tasks to queue
[2022-10-22T00:00:16.629+0000] {logging_mixin.py:117} INFO - [2022-10-22T00:00:16.629+0000] {dagbag.py:525} INFO - Filling up the DagBag from /opt/airflow/dags/hadoop-2.7.3/share/hadoop/hdfs/lib/jetty-6.1.26.jar
[2022-10-22T00:00:16.706+0000] {processor.py:770} WARNING - No viable dags retrieved from /opt/airflow/dags/hadoop-2.7.3/share/hadoop/hdfs/lib/jetty-6.1.26.jar
[2022-10-22T00:00:16.935+0000] {processor.py:178} INFO - Processing /opt/airflow/dags/hadoop-2.7.3/share/hadoop/hdfs/lib/jetty-6.1.26.jar took 0.329 seconds
[2022-10-22T00:00:38.882+0000] {processor.py:156} INFO - Started process (PID=16954) to work on /opt/airflow/dags/hadoop-2.7.3/share/hadoop/hdfs/lib/jetty-6.1.26.jar
[2022-10-22T00:00:38.886+0000] {processor.py:758} INFO - Processing file /opt/airflow/dags/hadoop-2.7.3/share/hadoop/hdfs/lib/jetty-6.1.26.jar for tasks to queue
[2022-10-22T00:00:38.889+0000] {logging_mixin.py:117} INFO - [2022-10-22T00:00:38.889+0000] {dagbag.py:525} INFO - Filling up the DagBag from /opt/airflow/dags/hadoop-2.7.3/share/hadoop/hdfs/lib/jetty-6.1.26.jar
[2022-10-22T00:00:38.919+0000] {processor.py:770} WARNING - No viable dags retrieved from /opt/airflow/dags/hadoop-2.7.3/share/hadoop/hdfs/lib/jetty-6.1.26.jar
[2022-10-22T00:00:39.014+0000] {processor.py:178} INFO - Processing /opt/airflow/dags/hadoop-2.7.3/share/hadoop/hdfs/lib/jetty-6.1.26.jar took 0.158 seconds
[2022-10-22T00:01:30.890+0000] {processor.py:156} INFO - Started process (PID=19542) to work on /opt/airflow/dags/hadoop-2.7.3/share/hadoop/hdfs/lib/jetty-6.1.26.jar
[2022-10-22T00:01:30.894+0000] {processor.py:758} INFO - Processing file /opt/airflow/dags/hadoop-2.7.3/share/hadoop/hdfs/lib/jetty-6.1.26.jar for tasks to queue
[2022-10-22T00:01:30.896+0000] {logging_mixin.py:117} INFO - [2022-10-22T00:01:30.896+0000] {dagbag.py:525} INFO - Filling up the DagBag from /opt/airflow/dags/hadoop-2.7.3/share/hadoop/hdfs/lib/jetty-6.1.26.jar
[2022-10-22T00:01:30.927+0000] {processor.py:770} WARNING - No viable dags retrieved from /opt/airflow/dags/hadoop-2.7.3/share/hadoop/hdfs/lib/jetty-6.1.26.jar
[2022-10-22T00:01:30.974+0000] {processor.py:178} INFO - Processing /opt/airflow/dags/hadoop-2.7.3/share/hadoop/hdfs/lib/jetty-6.1.26.jar took 0.143 seconds
[2022-10-22T00:02:02.600+0000] {processor.py:156} INFO - Started process (PID=17547) to work on /opt/airflow/dags/hadoop-2.7.3/share/hadoop/hdfs/lib/jetty-6.1.26.jar
[2022-10-22T00:02:02.607+0000] {processor.py:758} INFO - Processing file /opt/airflow/dags/hadoop-2.7.3/share/hadoop/hdfs/lib/jetty-6.1.26.jar for tasks to queue
[2022-10-22T00:02:02.613+0000] {logging_mixin.py:117} INFO - [2022-10-22T00:02:02.612+0000] {dagbag.py:525} INFO - Filling up the DagBag from /opt/airflow/dags/hadoop-2.7.3/share/hadoop/hdfs/lib/jetty-6.1.26.jar
[2022-10-22T00:02:02.657+0000] {processor.py:770} WARNING - No viable dags retrieved from /opt/airflow/dags/hadoop-2.7.3/share/hadoop/hdfs/lib/jetty-6.1.26.jar
[2022-10-22T00:02:02.726+0000] {processor.py:178} INFO - Processing /opt/airflow/dags/hadoop-2.7.3/share/hadoop/hdfs/lib/jetty-6.1.26.jar took 0.164 seconds
[2022-10-22T00:02:22.165+0000] {processor.py:156} INFO - Started process (PID=20049) to work on /opt/airflow/dags/hadoop-2.7.3/share/hadoop/hdfs/lib/jetty-6.1.26.jar
[2022-10-22T00:02:22.168+0000] {processor.py:758} INFO - Processing file /opt/airflow/dags/hadoop-2.7.3/share/hadoop/hdfs/lib/jetty-6.1.26.jar for tasks to queue
[2022-10-22T00:02:22.176+0000] {logging_mixin.py:117} INFO - [2022-10-22T00:02:22.175+0000] {dagbag.py:525} INFO - Filling up the DagBag from /opt/airflow/dags/hadoop-2.7.3/share/hadoop/hdfs/lib/jetty-6.1.26.jar
[2022-10-22T00:02:22.204+0000] {processor.py:770} WARNING - No viable dags retrieved from /opt/airflow/dags/hadoop-2.7.3/share/hadoop/hdfs/lib/jetty-6.1.26.jar
[2022-10-22T00:02:22.254+0000] {processor.py:178} INFO - Processing /opt/airflow/dags/hadoop-2.7.3/share/hadoop/hdfs/lib/jetty-6.1.26.jar took 0.103 seconds
[2022-10-22T00:03:43.734+0000] {processor.py:156} INFO - Started process (PID=18157) to work on /opt/airflow/dags/hadoop-2.7.3/share/hadoop/hdfs/lib/jetty-6.1.26.jar
[2022-10-22T00:03:43.736+0000] {processor.py:758} INFO - Processing file /opt/airflow/dags/hadoop-2.7.3/share/hadoop/hdfs/lib/jetty-6.1.26.jar for tasks to queue
[2022-10-22T00:03:43.741+0000] {logging_mixin.py:117} INFO - [2022-10-22T00:03:43.740+0000] {dagbag.py:525} INFO - Filling up the DagBag from /opt/airflow/dags/hadoop-2.7.3/share/hadoop/hdfs/lib/jetty-6.1.26.jar
[2022-10-22T00:03:43.775+0000] {processor.py:770} WARNING - No viable dags retrieved from /opt/airflow/dags/hadoop-2.7.3/share/hadoop/hdfs/lib/jetty-6.1.26.jar
[2022-10-22T00:03:43.852+0000] {processor.py:178} INFO - Processing /opt/airflow/dags/hadoop-2.7.3/share/hadoop/hdfs/lib/jetty-6.1.26.jar took 0.131 seconds
[2022-10-22T00:03:50.038+0000] {processor.py:156} INFO - Started process (PID=20596) to work on /opt/airflow/dags/hadoop-2.7.3/share/hadoop/hdfs/lib/jetty-6.1.26.jar
[2022-10-22T00:03:50.042+0000] {processor.py:758} INFO - Processing file /opt/airflow/dags/hadoop-2.7.3/share/hadoop/hdfs/lib/jetty-6.1.26.jar for tasks to queue
[2022-10-22T00:03:50.045+0000] {logging_mixin.py:117} INFO - [2022-10-22T00:03:50.044+0000] {dagbag.py:525} INFO - Filling up the DagBag from /opt/airflow/dags/hadoop-2.7.3/share/hadoop/hdfs/lib/jetty-6.1.26.jar
[2022-10-22T00:03:50.063+0000] {processor.py:770} WARNING - No viable dags retrieved from /opt/airflow/dags/hadoop-2.7.3/share/hadoop/hdfs/lib/jetty-6.1.26.jar
[2022-10-22T00:03:50.106+0000] {processor.py:178} INFO - Processing /opt/airflow/dags/hadoop-2.7.3/share/hadoop/hdfs/lib/jetty-6.1.26.jar took 0.077 seconds
[2022-10-22T00:04:38.764+0000] {processor.py:156} INFO - Started process (PID=21031) to work on /opt/airflow/dags/hadoop-2.7.3/share/hadoop/hdfs/lib/jetty-6.1.26.jar
[2022-10-22T00:04:38.770+0000] {processor.py:758} INFO - Processing file /opt/airflow/dags/hadoop-2.7.3/share/hadoop/hdfs/lib/jetty-6.1.26.jar for tasks to queue
[2022-10-22T00:04:38.775+0000] {logging_mixin.py:117} INFO - [2022-10-22T00:04:38.774+0000] {dagbag.py:525} INFO - Filling up the DagBag from /opt/airflow/dags/hadoop-2.7.3/share/hadoop/hdfs/lib/jetty-6.1.26.jar
[2022-10-22T00:04:38.814+0000] {processor.py:770} WARNING - No viable dags retrieved from /opt/airflow/dags/hadoop-2.7.3/share/hadoop/hdfs/lib/jetty-6.1.26.jar
[2022-10-22T00:04:38.853+0000] {processor.py:178} INFO - Processing /opt/airflow/dags/hadoop-2.7.3/share/hadoop/hdfs/lib/jetty-6.1.26.jar took 0.116 seconds
[2022-10-22T00:04:43.663+0000] {processor.py:156} INFO - Started process (PID=18682) to work on /opt/airflow/dags/hadoop-2.7.3/share/hadoop/hdfs/lib/jetty-6.1.26.jar
[2022-10-22T00:04:43.667+0000] {processor.py:758} INFO - Processing file /opt/airflow/dags/hadoop-2.7.3/share/hadoop/hdfs/lib/jetty-6.1.26.jar for tasks to queue
[2022-10-22T00:04:43.671+0000] {logging_mixin.py:117} INFO - [2022-10-22T00:04:43.671+0000] {dagbag.py:525} INFO - Filling up the DagBag from /opt/airflow/dags/hadoop-2.7.3/share/hadoop/hdfs/lib/jetty-6.1.26.jar
[2022-10-22T00:04:43.693+0000] {processor.py:770} WARNING - No viable dags retrieved from /opt/airflow/dags/hadoop-2.7.3/share/hadoop/hdfs/lib/jetty-6.1.26.jar
[2022-10-22T00:04:43.738+0000] {processor.py:178} INFO - Processing /opt/airflow/dags/hadoop-2.7.3/share/hadoop/hdfs/lib/jetty-6.1.26.jar took 0.084 seconds
[2022-10-22T00:05:28.620+0000] {processor.py:156} INFO - Started process (PID=21530) to work on /opt/airflow/dags/hadoop-2.7.3/share/hadoop/hdfs/lib/jetty-6.1.26.jar
[2022-10-22T00:05:28.627+0000] {processor.py:758} INFO - Processing file /opt/airflow/dags/hadoop-2.7.3/share/hadoop/hdfs/lib/jetty-6.1.26.jar for tasks to queue
[2022-10-22T00:05:28.630+0000] {logging_mixin.py:117} INFO - [2022-10-22T00:05:28.629+0000] {dagbag.py:525} INFO - Filling up the DagBag from /opt/airflow/dags/hadoop-2.7.3/share/hadoop/hdfs/lib/jetty-6.1.26.jar
[2022-10-22T00:05:28.650+0000] {processor.py:770} WARNING - No viable dags retrieved from /opt/airflow/dags/hadoop-2.7.3/share/hadoop/hdfs/lib/jetty-6.1.26.jar
[2022-10-22T00:05:28.710+0000] {processor.py:178} INFO - Processing /opt/airflow/dags/hadoop-2.7.3/share/hadoop/hdfs/lib/jetty-6.1.26.jar took 0.110 seconds
[2022-10-22T00:05:35.982+0000] {processor.py:156} INFO - Started process (PID=19181) to work on /opt/airflow/dags/hadoop-2.7.3/share/hadoop/hdfs/lib/jetty-6.1.26.jar
[2022-10-22T00:05:35.985+0000] {processor.py:758} INFO - Processing file /opt/airflow/dags/hadoop-2.7.3/share/hadoop/hdfs/lib/jetty-6.1.26.jar for tasks to queue
[2022-10-22T00:05:35.988+0000] {logging_mixin.py:117} INFO - [2022-10-22T00:05:35.988+0000] {dagbag.py:525} INFO - Filling up the DagBag from /opt/airflow/dags/hadoop-2.7.3/share/hadoop/hdfs/lib/jetty-6.1.26.jar
[2022-10-22T00:05:36.015+0000] {processor.py:770} WARNING - No viable dags retrieved from /opt/airflow/dags/hadoop-2.7.3/share/hadoop/hdfs/lib/jetty-6.1.26.jar
[2022-10-22T00:05:36.081+0000] {processor.py:178} INFO - Processing /opt/airflow/dags/hadoop-2.7.3/share/hadoop/hdfs/lib/jetty-6.1.26.jar took 0.109 seconds
[2022-10-22T00:06:13.115+0000] {processor.py:156} INFO - Started process (PID=21966) to work on /opt/airflow/dags/hadoop-2.7.3/share/hadoop/hdfs/lib/jetty-6.1.26.jar
[2022-10-22T00:06:13.118+0000] {processor.py:758} INFO - Processing file /opt/airflow/dags/hadoop-2.7.3/share/hadoop/hdfs/lib/jetty-6.1.26.jar for tasks to queue
[2022-10-22T00:06:13.120+0000] {logging_mixin.py:117} INFO - [2022-10-22T00:06:13.120+0000] {dagbag.py:525} INFO - Filling up the DagBag from /opt/airflow/dags/hadoop-2.7.3/share/hadoop/hdfs/lib/jetty-6.1.26.jar
[2022-10-22T00:06:13.148+0000] {processor.py:770} WARNING - No viable dags retrieved from /opt/airflow/dags/hadoop-2.7.3/share/hadoop/hdfs/lib/jetty-6.1.26.jar
[2022-10-22T00:06:13.213+0000] {processor.py:178} INFO - Processing /opt/airflow/dags/hadoop-2.7.3/share/hadoop/hdfs/lib/jetty-6.1.26.jar took 0.105 seconds
[2022-10-22T00:06:21.812+0000] {processor.py:156} INFO - Started process (PID=19617) to work on /opt/airflow/dags/hadoop-2.7.3/share/hadoop/hdfs/lib/jetty-6.1.26.jar
[2022-10-22T00:06:21.828+0000] {processor.py:758} INFO - Processing file /opt/airflow/dags/hadoop-2.7.3/share/hadoop/hdfs/lib/jetty-6.1.26.jar for tasks to queue
[2022-10-22T00:06:21.833+0000] {logging_mixin.py:117} INFO - [2022-10-22T00:06:21.832+0000] {dagbag.py:525} INFO - Filling up the DagBag from /opt/airflow/dags/hadoop-2.7.3/share/hadoop/hdfs/lib/jetty-6.1.26.jar
[2022-10-22T00:06:21.865+0000] {processor.py:770} WARNING - No viable dags retrieved from /opt/airflow/dags/hadoop-2.7.3/share/hadoop/hdfs/lib/jetty-6.1.26.jar
[2022-10-22T00:06:21.927+0000] {processor.py:178} INFO - Processing /opt/airflow/dags/hadoop-2.7.3/share/hadoop/hdfs/lib/jetty-6.1.26.jar took 0.124 seconds
[2022-10-22T00:06:58.245+0000] {processor.py:156} INFO - Started process (PID=22417) to work on /opt/airflow/dags/hadoop-2.7.3/share/hadoop/hdfs/lib/jetty-6.1.26.jar
[2022-10-22T00:06:58.252+0000] {processor.py:758} INFO - Processing file /opt/airflow/dags/hadoop-2.7.3/share/hadoop/hdfs/lib/jetty-6.1.26.jar for tasks to queue
[2022-10-22T00:06:58.255+0000] {logging_mixin.py:117} INFO - [2022-10-22T00:06:58.254+0000] {dagbag.py:525} INFO - Filling up the DagBag from /opt/airflow/dags/hadoop-2.7.3/share/hadoop/hdfs/lib/jetty-6.1.26.jar
[2022-10-22T00:06:58.277+0000] {processor.py:770} WARNING - No viable dags retrieved from /opt/airflow/dags/hadoop-2.7.3/share/hadoop/hdfs/lib/jetty-6.1.26.jar
[2022-10-22T00:06:58.361+0000] {processor.py:178} INFO - Processing /opt/airflow/dags/hadoop-2.7.3/share/hadoop/hdfs/lib/jetty-6.1.26.jar took 0.124 seconds
[2022-10-22T00:07:09.873+0000] {processor.py:156} INFO - Started process (PID=20091) to work on /opt/airflow/dags/hadoop-2.7.3/share/hadoop/hdfs/lib/jetty-6.1.26.jar
[2022-10-22T00:07:09.883+0000] {processor.py:758} INFO - Processing file /opt/airflow/dags/hadoop-2.7.3/share/hadoop/hdfs/lib/jetty-6.1.26.jar for tasks to queue
[2022-10-22T00:07:09.888+0000] {logging_mixin.py:117} INFO - [2022-10-22T00:07:09.887+0000] {dagbag.py:525} INFO - Filling up the DagBag from /opt/airflow/dags/hadoop-2.7.3/share/hadoop/hdfs/lib/jetty-6.1.26.jar
[2022-10-22T00:07:09.909+0000] {processor.py:770} WARNING - No viable dags retrieved from /opt/airflow/dags/hadoop-2.7.3/share/hadoop/hdfs/lib/jetty-6.1.26.jar
[2022-10-22T00:07:09.974+0000] {processor.py:178} INFO - Processing /opt/airflow/dags/hadoop-2.7.3/share/hadoop/hdfs/lib/jetty-6.1.26.jar took 0.128 seconds
[2022-10-22T00:07:40.508+0000] {processor.py:156} INFO - Started process (PID=22853) to work on /opt/airflow/dags/hadoop-2.7.3/share/hadoop/hdfs/lib/jetty-6.1.26.jar
[2022-10-22T00:07:40.516+0000] {processor.py:758} INFO - Processing file /opt/airflow/dags/hadoop-2.7.3/share/hadoop/hdfs/lib/jetty-6.1.26.jar for tasks to queue
[2022-10-22T00:07:40.520+0000] {logging_mixin.py:117} INFO - [2022-10-22T00:07:40.520+0000] {dagbag.py:525} INFO - Filling up the DagBag from /opt/airflow/dags/hadoop-2.7.3/share/hadoop/hdfs/lib/jetty-6.1.26.jar
[2022-10-22T00:07:40.547+0000] {processor.py:770} WARNING - No viable dags retrieved from /opt/airflow/dags/hadoop-2.7.3/share/hadoop/hdfs/lib/jetty-6.1.26.jar
[2022-10-22T00:07:40.651+0000] {processor.py:178} INFO - Processing /opt/airflow/dags/hadoop-2.7.3/share/hadoop/hdfs/lib/jetty-6.1.26.jar took 0.165 seconds
[2022-10-22T00:08:44.906+0000] {processor.py:156} INFO - Started process (PID=20624) to work on /opt/airflow/dags/hadoop-2.7.3/share/hadoop/hdfs/lib/jetty-6.1.26.jar
[2022-10-22T00:08:44.917+0000] {processor.py:758} INFO - Processing file /opt/airflow/dags/hadoop-2.7.3/share/hadoop/hdfs/lib/jetty-6.1.26.jar for tasks to queue
[2022-10-22T00:08:44.920+0000] {logging_mixin.py:117} INFO - [2022-10-22T00:08:44.919+0000] {dagbag.py:525} INFO - Filling up the DagBag from /opt/airflow/dags/hadoop-2.7.3/share/hadoop/hdfs/lib/jetty-6.1.26.jar
[2022-10-22T00:08:44.956+0000] {processor.py:770} WARNING - No viable dags retrieved from /opt/airflow/dags/hadoop-2.7.3/share/hadoop/hdfs/lib/jetty-6.1.26.jar
[2022-10-22T00:08:45.071+0000] {processor.py:178} INFO - Processing /opt/airflow/dags/hadoop-2.7.3/share/hadoop/hdfs/lib/jetty-6.1.26.jar took 0.177 seconds
[2022-10-22T00:09:10.091+0000] {processor.py:156} INFO - Started process (PID=23325) to work on /opt/airflow/dags/hadoop-2.7.3/share/hadoop/hdfs/lib/jetty-6.1.26.jar
[2022-10-22T00:09:10.095+0000] {processor.py:758} INFO - Processing file /opt/airflow/dags/hadoop-2.7.3/share/hadoop/hdfs/lib/jetty-6.1.26.jar for tasks to queue
[2022-10-22T00:09:10.098+0000] {logging_mixin.py:117} INFO - [2022-10-22T00:09:10.097+0000] {dagbag.py:525} INFO - Filling up the DagBag from /opt/airflow/dags/hadoop-2.7.3/share/hadoop/hdfs/lib/jetty-6.1.26.jar
[2022-10-22T00:09:10.116+0000] {processor.py:770} WARNING - No viable dags retrieved from /opt/airflow/dags/hadoop-2.7.3/share/hadoop/hdfs/lib/jetty-6.1.26.jar
[2022-10-22T00:09:10.192+0000] {processor.py:178} INFO - Processing /opt/airflow/dags/hadoop-2.7.3/share/hadoop/hdfs/lib/jetty-6.1.26.jar took 0.110 seconds
[2022-10-22T00:09:29.258+0000] {processor.py:156} INFO - Started process (PID=21025) to work on /opt/airflow/dags/hadoop-2.7.3/share/hadoop/hdfs/lib/jetty-6.1.26.jar
[2022-10-22T00:09:29.263+0000] {processor.py:758} INFO - Processing file /opt/airflow/dags/hadoop-2.7.3/share/hadoop/hdfs/lib/jetty-6.1.26.jar for tasks to queue
[2022-10-22T00:09:29.266+0000] {logging_mixin.py:117} INFO - [2022-10-22T00:09:29.266+0000] {dagbag.py:525} INFO - Filling up the DagBag from /opt/airflow/dags/hadoop-2.7.3/share/hadoop/hdfs/lib/jetty-6.1.26.jar
[2022-10-22T00:09:29.287+0000] {processor.py:770} WARNING - No viable dags retrieved from /opt/airflow/dags/hadoop-2.7.3/share/hadoop/hdfs/lib/jetty-6.1.26.jar
[2022-10-22T00:09:29.313+0000] {processor.py:178} INFO - Processing /opt/airflow/dags/hadoop-2.7.3/share/hadoop/hdfs/lib/jetty-6.1.26.jar took 0.074 seconds
[2022-10-22T00:11:14.242+0000] {processor.py:156} INFO - Started process (PID=23856) to work on /opt/airflow/dags/hadoop-2.7.3/share/hadoop/hdfs/lib/jetty-6.1.26.jar
[2022-10-22T00:11:14.246+0000] {processor.py:758} INFO - Processing file /opt/airflow/dags/hadoop-2.7.3/share/hadoop/hdfs/lib/jetty-6.1.26.jar for tasks to queue
[2022-10-22T00:11:14.250+0000] {logging_mixin.py:117} INFO - [2022-10-22T00:11:14.250+0000] {dagbag.py:525} INFO - Filling up the DagBag from /opt/airflow/dags/hadoop-2.7.3/share/hadoop/hdfs/lib/jetty-6.1.26.jar
[2022-10-22T00:11:14.266+0000] {processor.py:770} WARNING - No viable dags retrieved from /opt/airflow/dags/hadoop-2.7.3/share/hadoop/hdfs/lib/jetty-6.1.26.jar
[2022-10-22T00:11:14.294+0000] {processor.py:178} INFO - Processing /opt/airflow/dags/hadoop-2.7.3/share/hadoop/hdfs/lib/jetty-6.1.26.jar took 0.058 seconds
[2022-10-22T00:11:25.236+0000] {processor.py:156} INFO - Started process (PID=21507) to work on /opt/airflow/dags/hadoop-2.7.3/share/hadoop/hdfs/lib/jetty-6.1.26.jar
[2022-10-22T00:11:25.243+0000] {processor.py:758} INFO - Processing file /opt/airflow/dags/hadoop-2.7.3/share/hadoop/hdfs/lib/jetty-6.1.26.jar for tasks to queue
[2022-10-22T00:11:25.248+0000] {logging_mixin.py:117} INFO - [2022-10-22T00:11:25.248+0000] {dagbag.py:525} INFO - Filling up the DagBag from /opt/airflow/dags/hadoop-2.7.3/share/hadoop/hdfs/lib/jetty-6.1.26.jar
[2022-10-22T00:11:25.262+0000] {processor.py:770} WARNING - No viable dags retrieved from /opt/airflow/dags/hadoop-2.7.3/share/hadoop/hdfs/lib/jetty-6.1.26.jar
[2022-10-22T00:11:25.294+0000] {processor.py:178} INFO - Processing /opt/airflow/dags/hadoop-2.7.3/share/hadoop/hdfs/lib/jetty-6.1.26.jar took 0.064 seconds
[2022-10-22T00:11:48.728+0000] {processor.py:156} INFO - Started process (PID=24365) to work on /opt/airflow/dags/hadoop-2.7.3/share/hadoop/hdfs/lib/jetty-6.1.26.jar
[2022-10-22T00:11:48.731+0000] {processor.py:758} INFO - Processing file /opt/airflow/dags/hadoop-2.7.3/share/hadoop/hdfs/lib/jetty-6.1.26.jar for tasks to queue
[2022-10-22T00:11:48.733+0000] {logging_mixin.py:117} INFO - [2022-10-22T00:11:48.733+0000] {dagbag.py:525} INFO - Filling up the DagBag from /opt/airflow/dags/hadoop-2.7.3/share/hadoop/hdfs/lib/jetty-6.1.26.jar
[2022-10-22T00:11:48.752+0000] {processor.py:770} WARNING - No viable dags retrieved from /opt/airflow/dags/hadoop-2.7.3/share/hadoop/hdfs/lib/jetty-6.1.26.jar
[2022-10-22T00:11:48.810+0000] {processor.py:178} INFO - Processing /opt/airflow/dags/hadoop-2.7.3/share/hadoop/hdfs/lib/jetty-6.1.26.jar took 0.088 seconds
[2022-10-22T00:12:02.095+0000] {processor.py:156} INFO - Started process (PID=22024) to work on /opt/airflow/dags/hadoop-2.7.3/share/hadoop/hdfs/lib/jetty-6.1.26.jar
[2022-10-22T00:12:02.099+0000] {processor.py:758} INFO - Processing file /opt/airflow/dags/hadoop-2.7.3/share/hadoop/hdfs/lib/jetty-6.1.26.jar for tasks to queue
[2022-10-22T00:12:02.104+0000] {logging_mixin.py:117} INFO - [2022-10-22T00:12:02.103+0000] {dagbag.py:525} INFO - Filling up the DagBag from /opt/airflow/dags/hadoop-2.7.3/share/hadoop/hdfs/lib/jetty-6.1.26.jar
[2022-10-22T00:12:02.120+0000] {processor.py:770} WARNING - No viable dags retrieved from /opt/airflow/dags/hadoop-2.7.3/share/hadoop/hdfs/lib/jetty-6.1.26.jar
[2022-10-22T00:12:02.155+0000] {processor.py:178} INFO - Processing /opt/airflow/dags/hadoop-2.7.3/share/hadoop/hdfs/lib/jetty-6.1.26.jar took 0.068 seconds
[2022-10-22T00:15:08.122+0000] {processor.py:156} INFO - Started process (PID=22485) to work on /opt/airflow/dags/hadoop-2.7.3/share/hadoop/hdfs/lib/jetty-6.1.26.jar
[2022-10-22T00:15:08.125+0000] {processor.py:758} INFO - Processing file /opt/airflow/dags/hadoop-2.7.3/share/hadoop/hdfs/lib/jetty-6.1.26.jar for tasks to queue
[2022-10-22T00:15:08.127+0000] {logging_mixin.py:117} INFO - [2022-10-22T00:15:08.126+0000] {dagbag.py:525} INFO - Filling up the DagBag from /opt/airflow/dags/hadoop-2.7.3/share/hadoop/hdfs/lib/jetty-6.1.26.jar
[2022-10-22T00:15:08.137+0000] {processor.py:770} WARNING - No viable dags retrieved from /opt/airflow/dags/hadoop-2.7.3/share/hadoop/hdfs/lib/jetty-6.1.26.jar
[2022-10-22T00:15:08.161+0000] {processor.py:178} INFO - Processing /opt/airflow/dags/hadoop-2.7.3/share/hadoop/hdfs/lib/jetty-6.1.26.jar took 0.048 seconds
[2022-10-22T00:15:21.276+0000] {processor.py:156} INFO - Started process (PID=25045) to work on /opt/airflow/dags/hadoop-2.7.3/share/hadoop/hdfs/lib/jetty-6.1.26.jar
[2022-10-22T00:15:21.280+0000] {processor.py:758} INFO - Processing file /opt/airflow/dags/hadoop-2.7.3/share/hadoop/hdfs/lib/jetty-6.1.26.jar for tasks to queue
[2022-10-22T00:15:21.284+0000] {logging_mixin.py:117} INFO - [2022-10-22T00:15:21.284+0000] {dagbag.py:525} INFO - Filling up the DagBag from /opt/airflow/dags/hadoop-2.7.3/share/hadoop/hdfs/lib/jetty-6.1.26.jar
[2022-10-22T00:15:21.313+0000] {processor.py:770} WARNING - No viable dags retrieved from /opt/airflow/dags/hadoop-2.7.3/share/hadoop/hdfs/lib/jetty-6.1.26.jar
[2022-10-22T00:15:21.354+0000] {processor.py:178} INFO - Processing /opt/airflow/dags/hadoop-2.7.3/share/hadoop/hdfs/lib/jetty-6.1.26.jar took 0.099 seconds
[2022-10-22T00:15:58.040+0000] {processor.py:156} INFO - Started process (PID=23009) to work on /opt/airflow/dags/hadoop-2.7.3/share/hadoop/hdfs/lib/jetty-6.1.26.jar
[2022-10-22T00:15:58.043+0000] {processor.py:758} INFO - Processing file /opt/airflow/dags/hadoop-2.7.3/share/hadoop/hdfs/lib/jetty-6.1.26.jar for tasks to queue
[2022-10-22T00:15:58.045+0000] {logging_mixin.py:117} INFO - [2022-10-22T00:15:58.044+0000] {dagbag.py:525} INFO - Filling up the DagBag from /opt/airflow/dags/hadoop-2.7.3/share/hadoop/hdfs/lib/jetty-6.1.26.jar
[2022-10-22T00:15:58.059+0000] {processor.py:770} WARNING - No viable dags retrieved from /opt/airflow/dags/hadoop-2.7.3/share/hadoop/hdfs/lib/jetty-6.1.26.jar
[2022-10-22T00:15:58.096+0000] {processor.py:178} INFO - Processing /opt/airflow/dags/hadoop-2.7.3/share/hadoop/hdfs/lib/jetty-6.1.26.jar took 0.065 seconds
[2022-10-22T00:16:08.449+0000] {processor.py:156} INFO - Started process (PID=25568) to work on /opt/airflow/dags/hadoop-2.7.3/share/hadoop/hdfs/lib/jetty-6.1.26.jar
[2022-10-22T00:16:08.451+0000] {processor.py:758} INFO - Processing file /opt/airflow/dags/hadoop-2.7.3/share/hadoop/hdfs/lib/jetty-6.1.26.jar for tasks to queue
[2022-10-22T00:16:08.454+0000] {logging_mixin.py:117} INFO - [2022-10-22T00:16:08.454+0000] {dagbag.py:525} INFO - Filling up the DagBag from /opt/airflow/dags/hadoop-2.7.3/share/hadoop/hdfs/lib/jetty-6.1.26.jar
[2022-10-22T00:16:08.467+0000] {processor.py:770} WARNING - No viable dags retrieved from /opt/airflow/dags/hadoop-2.7.3/share/hadoop/hdfs/lib/jetty-6.1.26.jar
[2022-10-22T00:16:08.502+0000] {processor.py:178} INFO - Processing /opt/airflow/dags/hadoop-2.7.3/share/hadoop/hdfs/lib/jetty-6.1.26.jar took 0.062 seconds
[2022-10-22T00:16:44.313+0000] {processor.py:156} INFO - Started process (PID=23525) to work on /opt/airflow/dags/hadoop-2.7.3/share/hadoop/hdfs/lib/jetty-6.1.26.jar
[2022-10-22T00:16:44.316+0000] {processor.py:758} INFO - Processing file /opt/airflow/dags/hadoop-2.7.3/share/hadoop/hdfs/lib/jetty-6.1.26.jar for tasks to queue
[2022-10-22T00:16:44.330+0000] {logging_mixin.py:117} INFO - [2022-10-22T00:16:44.325+0000] {dagbag.py:525} INFO - Filling up the DagBag from /opt/airflow/dags/hadoop-2.7.3/share/hadoop/hdfs/lib/jetty-6.1.26.jar
[2022-10-22T00:16:44.350+0000] {processor.py:770} WARNING - No viable dags retrieved from /opt/airflow/dags/hadoop-2.7.3/share/hadoop/hdfs/lib/jetty-6.1.26.jar
[2022-10-22T00:16:44.381+0000] {processor.py:178} INFO - Processing /opt/airflow/dags/hadoop-2.7.3/share/hadoop/hdfs/lib/jetty-6.1.26.jar took 0.085 seconds
[2022-10-22T00:16:55.805+0000] {processor.py:156} INFO - Started process (PID=26090) to work on /opt/airflow/dags/hadoop-2.7.3/share/hadoop/hdfs/lib/jetty-6.1.26.jar
[2022-10-22T00:16:55.808+0000] {processor.py:758} INFO - Processing file /opt/airflow/dags/hadoop-2.7.3/share/hadoop/hdfs/lib/jetty-6.1.26.jar for tasks to queue
[2022-10-22T00:16:55.811+0000] {logging_mixin.py:117} INFO - [2022-10-22T00:16:55.811+0000] {dagbag.py:525} INFO - Filling up the DagBag from /opt/airflow/dags/hadoop-2.7.3/share/hadoop/hdfs/lib/jetty-6.1.26.jar
[2022-10-22T00:16:55.832+0000] {processor.py:770} WARNING - No viable dags retrieved from /opt/airflow/dags/hadoop-2.7.3/share/hadoop/hdfs/lib/jetty-6.1.26.jar
[2022-10-22T00:16:55.897+0000] {processor.py:178} INFO - Processing /opt/airflow/dags/hadoop-2.7.3/share/hadoop/hdfs/lib/jetty-6.1.26.jar took 0.108 seconds
[2022-10-22T00:17:25.180+0000] {processor.py:156} INFO - Started process (PID=23938) to work on /opt/airflow/dags/hadoop-2.7.3/share/hadoop/hdfs/lib/jetty-6.1.26.jar
[2022-10-22T00:17:25.183+0000] {processor.py:758} INFO - Processing file /opt/airflow/dags/hadoop-2.7.3/share/hadoop/hdfs/lib/jetty-6.1.26.jar for tasks to queue
[2022-10-22T00:17:25.186+0000] {logging_mixin.py:117} INFO - [2022-10-22T00:17:25.186+0000] {dagbag.py:525} INFO - Filling up the DagBag from /opt/airflow/dags/hadoop-2.7.3/share/hadoop/hdfs/lib/jetty-6.1.26.jar
[2022-10-22T00:17:25.203+0000] {processor.py:770} WARNING - No viable dags retrieved from /opt/airflow/dags/hadoop-2.7.3/share/hadoop/hdfs/lib/jetty-6.1.26.jar
[2022-10-22T00:17:25.260+0000] {processor.py:178} INFO - Processing /opt/airflow/dags/hadoop-2.7.3/share/hadoop/hdfs/lib/jetty-6.1.26.jar took 0.089 seconds
[2022-10-22T00:17:46.039+0000] {processor.py:156} INFO - Started process (PID=26622) to work on /opt/airflow/dags/hadoop-2.7.3/share/hadoop/hdfs/lib/jetty-6.1.26.jar
[2022-10-22T00:17:46.059+0000] {processor.py:758} INFO - Processing file /opt/airflow/dags/hadoop-2.7.3/share/hadoop/hdfs/lib/jetty-6.1.26.jar for tasks to queue
[2022-10-22T00:17:46.062+0000] {logging_mixin.py:117} INFO - [2022-10-22T00:17:46.061+0000] {dagbag.py:525} INFO - Filling up the DagBag from /opt/airflow/dags/hadoop-2.7.3/share/hadoop/hdfs/lib/jetty-6.1.26.jar
[2022-10-22T00:17:46.086+0000] {processor.py:770} WARNING - No viable dags retrieved from /opt/airflow/dags/hadoop-2.7.3/share/hadoop/hdfs/lib/jetty-6.1.26.jar
[2022-10-22T00:17:46.138+0000] {processor.py:178} INFO - Processing /opt/airflow/dags/hadoop-2.7.3/share/hadoop/hdfs/lib/jetty-6.1.26.jar took 0.107 seconds
[2022-10-22T00:18:05.342+0000] {processor.py:156} INFO - Started process (PID=24356) to work on /opt/airflow/dags/hadoop-2.7.3/share/hadoop/hdfs/lib/jetty-6.1.26.jar
[2022-10-22T00:18:05.345+0000] {processor.py:758} INFO - Processing file /opt/airflow/dags/hadoop-2.7.3/share/hadoop/hdfs/lib/jetty-6.1.26.jar for tasks to queue
[2022-10-22T00:18:05.350+0000] {logging_mixin.py:117} INFO - [2022-10-22T00:18:05.350+0000] {dagbag.py:525} INFO - Filling up the DagBag from /opt/airflow/dags/hadoop-2.7.3/share/hadoop/hdfs/lib/jetty-6.1.26.jar
[2022-10-22T00:18:05.362+0000] {processor.py:770} WARNING - No viable dags retrieved from /opt/airflow/dags/hadoop-2.7.3/share/hadoop/hdfs/lib/jetty-6.1.26.jar
[2022-10-22T00:18:05.402+0000] {processor.py:178} INFO - Processing /opt/airflow/dags/hadoop-2.7.3/share/hadoop/hdfs/lib/jetty-6.1.26.jar took 0.067 seconds
[2022-10-22T00:18:22.526+0000] {processor.py:156} INFO - Started process (PID=27010) to work on /opt/airflow/dags/hadoop-2.7.3/share/hadoop/hdfs/lib/jetty-6.1.26.jar
[2022-10-22T00:18:22.531+0000] {processor.py:758} INFO - Processing file /opt/airflow/dags/hadoop-2.7.3/share/hadoop/hdfs/lib/jetty-6.1.26.jar for tasks to queue
[2022-10-22T00:18:22.534+0000] {logging_mixin.py:117} INFO - [2022-10-22T00:18:22.533+0000] {dagbag.py:525} INFO - Filling up the DagBag from /opt/airflow/dags/hadoop-2.7.3/share/hadoop/hdfs/lib/jetty-6.1.26.jar
[2022-10-22T00:18:22.566+0000] {processor.py:770} WARNING - No viable dags retrieved from /opt/airflow/dags/hadoop-2.7.3/share/hadoop/hdfs/lib/jetty-6.1.26.jar
[2022-10-22T00:18:22.626+0000] {processor.py:178} INFO - Processing /opt/airflow/dags/hadoop-2.7.3/share/hadoop/hdfs/lib/jetty-6.1.26.jar took 0.107 seconds
[2022-10-22T00:18:57.095+0000] {processor.py:156} INFO - Started process (PID=24889) to work on /opt/airflow/dags/hadoop-2.7.3/share/hadoop/hdfs/lib/jetty-6.1.26.jar
[2022-10-22T00:18:57.099+0000] {processor.py:758} INFO - Processing file /opt/airflow/dags/hadoop-2.7.3/share/hadoop/hdfs/lib/jetty-6.1.26.jar for tasks to queue
[2022-10-22T00:18:57.105+0000] {logging_mixin.py:117} INFO - [2022-10-22T00:18:57.104+0000] {dagbag.py:525} INFO - Filling up the DagBag from /opt/airflow/dags/hadoop-2.7.3/share/hadoop/hdfs/lib/jetty-6.1.26.jar
[2022-10-22T00:18:57.134+0000] {processor.py:770} WARNING - No viable dags retrieved from /opt/airflow/dags/hadoop-2.7.3/share/hadoop/hdfs/lib/jetty-6.1.26.jar
[2022-10-22T00:18:57.180+0000] {processor.py:178} INFO - Processing /opt/airflow/dags/hadoop-2.7.3/share/hadoop/hdfs/lib/jetty-6.1.26.jar took 0.101 seconds
[2022-10-22T00:19:00.377+0000] {processor.py:156} INFO - Started process (PID=27412) to work on /opt/airflow/dags/hadoop-2.7.3/share/hadoop/hdfs/lib/jetty-6.1.26.jar
[2022-10-22T00:19:00.387+0000] {processor.py:758} INFO - Processing file /opt/airflow/dags/hadoop-2.7.3/share/hadoop/hdfs/lib/jetty-6.1.26.jar for tasks to queue
[2022-10-22T00:19:00.392+0000] {logging_mixin.py:117} INFO - [2022-10-22T00:19:00.392+0000] {dagbag.py:525} INFO - Filling up the DagBag from /opt/airflow/dags/hadoop-2.7.3/share/hadoop/hdfs/lib/jetty-6.1.26.jar
[2022-10-22T00:19:00.424+0000] {processor.py:770} WARNING - No viable dags retrieved from /opt/airflow/dags/hadoop-2.7.3/share/hadoop/hdfs/lib/jetty-6.1.26.jar
[2022-10-22T00:19:00.486+0000] {processor.py:178} INFO - Processing /opt/airflow/dags/hadoop-2.7.3/share/hadoop/hdfs/lib/jetty-6.1.26.jar took 0.116 seconds
[2022-10-22T00:20:15.064+0000] {processor.py:156} INFO - Started process (PID=27838) to work on /opt/airflow/dags/hadoop-2.7.3/share/hadoop/hdfs/lib/jetty-6.1.26.jar
[2022-10-22T00:20:15.066+0000] {processor.py:758} INFO - Processing file /opt/airflow/dags/hadoop-2.7.3/share/hadoop/hdfs/lib/jetty-6.1.26.jar for tasks to queue
[2022-10-22T00:20:15.069+0000] {logging_mixin.py:117} INFO - [2022-10-22T00:20:15.068+0000] {dagbag.py:525} INFO - Filling up the DagBag from /opt/airflow/dags/hadoop-2.7.3/share/hadoop/hdfs/lib/jetty-6.1.26.jar
[2022-10-22T00:20:15.087+0000] {processor.py:770} WARNING - No viable dags retrieved from /opt/airflow/dags/hadoop-2.7.3/share/hadoop/hdfs/lib/jetty-6.1.26.jar
[2022-10-22T00:20:15.132+0000] {processor.py:178} INFO - Processing /opt/airflow/dags/hadoop-2.7.3/share/hadoop/hdfs/lib/jetty-6.1.26.jar took 0.076 seconds
[2022-10-22T00:20:23.082+0000] {processor.py:156} INFO - Started process (PID=25402) to work on /opt/airflow/dags/hadoop-2.7.3/share/hadoop/hdfs/lib/jetty-6.1.26.jar
[2022-10-22T00:20:23.087+0000] {processor.py:758} INFO - Processing file /opt/airflow/dags/hadoop-2.7.3/share/hadoop/hdfs/lib/jetty-6.1.26.jar for tasks to queue
[2022-10-22T00:20:23.091+0000] {logging_mixin.py:117} INFO - [2022-10-22T00:20:23.090+0000] {dagbag.py:525} INFO - Filling up the DagBag from /opt/airflow/dags/hadoop-2.7.3/share/hadoop/hdfs/lib/jetty-6.1.26.jar
[2022-10-22T00:20:23.111+0000] {processor.py:770} WARNING - No viable dags retrieved from /opt/airflow/dags/hadoop-2.7.3/share/hadoop/hdfs/lib/jetty-6.1.26.jar
[2022-10-22T00:20:23.157+0000] {processor.py:178} INFO - Processing /opt/airflow/dags/hadoop-2.7.3/share/hadoop/hdfs/lib/jetty-6.1.26.jar took 0.085 seconds
[2022-10-22T00:21:12.355+0000] {processor.py:156} INFO - Started process (PID=28406) to work on /opt/airflow/dags/hadoop-2.7.3/share/hadoop/hdfs/lib/jetty-6.1.26.jar
[2022-10-22T00:21:12.358+0000] {processor.py:758} INFO - Processing file /opt/airflow/dags/hadoop-2.7.3/share/hadoop/hdfs/lib/jetty-6.1.26.jar for tasks to queue
[2022-10-22T00:21:12.362+0000] {logging_mixin.py:117} INFO - [2022-10-22T00:21:12.362+0000] {dagbag.py:525} INFO - Filling up the DagBag from /opt/airflow/dags/hadoop-2.7.3/share/hadoop/hdfs/lib/jetty-6.1.26.jar
[2022-10-22T00:21:12.390+0000] {processor.py:770} WARNING - No viable dags retrieved from /opt/airflow/dags/hadoop-2.7.3/share/hadoop/hdfs/lib/jetty-6.1.26.jar
[2022-10-22T00:21:12.458+0000] {processor.py:178} INFO - Processing /opt/airflow/dags/hadoop-2.7.3/share/hadoop/hdfs/lib/jetty-6.1.26.jar took 0.122 seconds
[2022-10-22T00:21:17.232+0000] {processor.py:156} INFO - Started process (PID=25927) to work on /opt/airflow/dags/hadoop-2.7.3/share/hadoop/hdfs/lib/jetty-6.1.26.jar
[2022-10-22T00:21:17.236+0000] {processor.py:758} INFO - Processing file /opt/airflow/dags/hadoop-2.7.3/share/hadoop/hdfs/lib/jetty-6.1.26.jar for tasks to queue
[2022-10-22T00:21:17.240+0000] {logging_mixin.py:117} INFO - [2022-10-22T00:21:17.240+0000] {dagbag.py:525} INFO - Filling up the DagBag from /opt/airflow/dags/hadoop-2.7.3/share/hadoop/hdfs/lib/jetty-6.1.26.jar
[2022-10-22T00:21:17.260+0000] {processor.py:770} WARNING - No viable dags retrieved from /opt/airflow/dags/hadoop-2.7.3/share/hadoop/hdfs/lib/jetty-6.1.26.jar
[2022-10-22T00:21:17.309+0000] {processor.py:178} INFO - Processing /opt/airflow/dags/hadoop-2.7.3/share/hadoop/hdfs/lib/jetty-6.1.26.jar took 0.102 seconds
[2022-10-22T00:21:57.518+0000] {processor.py:156} INFO - Started process (PID=28825) to work on /opt/airflow/dags/hadoop-2.7.3/share/hadoop/hdfs/lib/jetty-6.1.26.jar
[2022-10-22T00:21:57.522+0000] {processor.py:758} INFO - Processing file /opt/airflow/dags/hadoop-2.7.3/share/hadoop/hdfs/lib/jetty-6.1.26.jar for tasks to queue
[2022-10-22T00:21:57.525+0000] {logging_mixin.py:117} INFO - [2022-10-22T00:21:57.524+0000] {dagbag.py:525} INFO - Filling up the DagBag from /opt/airflow/dags/hadoop-2.7.3/share/hadoop/hdfs/lib/jetty-6.1.26.jar
[2022-10-22T00:21:57.557+0000] {processor.py:770} WARNING - No viable dags retrieved from /opt/airflow/dags/hadoop-2.7.3/share/hadoop/hdfs/lib/jetty-6.1.26.jar
[2022-10-22T00:21:57.603+0000] {processor.py:178} INFO - Processing /opt/airflow/dags/hadoop-2.7.3/share/hadoop/hdfs/lib/jetty-6.1.26.jar took 0.100 seconds
[2022-10-22T00:22:06.312+0000] {processor.py:156} INFO - Started process (PID=26380) to work on /opt/airflow/dags/hadoop-2.7.3/share/hadoop/hdfs/lib/jetty-6.1.26.jar
[2022-10-22T00:22:06.319+0000] {processor.py:758} INFO - Processing file /opt/airflow/dags/hadoop-2.7.3/share/hadoop/hdfs/lib/jetty-6.1.26.jar for tasks to queue
[2022-10-22T00:22:06.323+0000] {logging_mixin.py:117} INFO - [2022-10-22T00:22:06.322+0000] {dagbag.py:525} INFO - Filling up the DagBag from /opt/airflow/dags/hadoop-2.7.3/share/hadoop/hdfs/lib/jetty-6.1.26.jar
[2022-10-22T00:22:06.342+0000] {processor.py:770} WARNING - No viable dags retrieved from /opt/airflow/dags/hadoop-2.7.3/share/hadoop/hdfs/lib/jetty-6.1.26.jar
[2022-10-22T00:22:06.400+0000] {processor.py:178} INFO - Processing /opt/airflow/dags/hadoop-2.7.3/share/hadoop/hdfs/lib/jetty-6.1.26.jar took 0.123 seconds
[2022-10-22T00:22:46.485+0000] {processor.py:156} INFO - Started process (PID=29299) to work on /opt/airflow/dags/hadoop-2.7.3/share/hadoop/hdfs/lib/jetty-6.1.26.jar
[2022-10-22T00:22:46.499+0000] {processor.py:758} INFO - Processing file /opt/airflow/dags/hadoop-2.7.3/share/hadoop/hdfs/lib/jetty-6.1.26.jar for tasks to queue
[2022-10-22T00:22:46.508+0000] {logging_mixin.py:117} INFO - [2022-10-22T00:22:46.507+0000] {dagbag.py:525} INFO - Filling up the DagBag from /opt/airflow/dags/hadoop-2.7.3/share/hadoop/hdfs/lib/jetty-6.1.26.jar
[2022-10-22T00:22:46.555+0000] {processor.py:770} WARNING - No viable dags retrieved from /opt/airflow/dags/hadoop-2.7.3/share/hadoop/hdfs/lib/jetty-6.1.26.jar
[2022-10-22T00:22:46.646+0000] {processor.py:178} INFO - Processing /opt/airflow/dags/hadoop-2.7.3/share/hadoop/hdfs/lib/jetty-6.1.26.jar took 0.191 seconds
[2022-10-22T00:22:58.778+0000] {processor.py:156} INFO - Started process (PID=26866) to work on /opt/airflow/dags/hadoop-2.7.3/share/hadoop/hdfs/lib/jetty-6.1.26.jar
[2022-10-22T00:22:58.786+0000] {processor.py:758} INFO - Processing file /opt/airflow/dags/hadoop-2.7.3/share/hadoop/hdfs/lib/jetty-6.1.26.jar for tasks to queue
[2022-10-22T00:22:58.789+0000] {logging_mixin.py:117} INFO - [2022-10-22T00:22:58.789+0000] {dagbag.py:525} INFO - Filling up the DagBag from /opt/airflow/dags/hadoop-2.7.3/share/hadoop/hdfs/lib/jetty-6.1.26.jar
[2022-10-22T00:22:58.809+0000] {processor.py:770} WARNING - No viable dags retrieved from /opt/airflow/dags/hadoop-2.7.3/share/hadoop/hdfs/lib/jetty-6.1.26.jar
[2022-10-22T00:22:58.859+0000] {processor.py:178} INFO - Processing /opt/airflow/dags/hadoop-2.7.3/share/hadoop/hdfs/lib/jetty-6.1.26.jar took 0.111 seconds
[2022-10-22T00:23:32.513+0000] {processor.py:156} INFO - Started process (PID=29803) to work on /opt/airflow/dags/hadoop-2.7.3/share/hadoop/hdfs/lib/jetty-6.1.26.jar
[2022-10-22T00:23:32.519+0000] {processor.py:758} INFO - Processing file /opt/airflow/dags/hadoop-2.7.3/share/hadoop/hdfs/lib/jetty-6.1.26.jar for tasks to queue
[2022-10-22T00:23:32.522+0000] {logging_mixin.py:117} INFO - [2022-10-22T00:23:32.521+0000] {dagbag.py:525} INFO - Filling up the DagBag from /opt/airflow/dags/hadoop-2.7.3/share/hadoop/hdfs/lib/jetty-6.1.26.jar
[2022-10-22T00:23:32.542+0000] {processor.py:770} WARNING - No viable dags retrieved from /opt/airflow/dags/hadoop-2.7.3/share/hadoop/hdfs/lib/jetty-6.1.26.jar
[2022-10-22T00:23:32.580+0000] {processor.py:178} INFO - Processing /opt/airflow/dags/hadoop-2.7.3/share/hadoop/hdfs/lib/jetty-6.1.26.jar took 0.077 seconds
[2022-10-22T00:23:37.865+0000] {processor.py:156} INFO - Started process (PID=27323) to work on /opt/airflow/dags/hadoop-2.7.3/share/hadoop/hdfs/lib/jetty-6.1.26.jar
[2022-10-22T00:23:37.867+0000] {processor.py:758} INFO - Processing file /opt/airflow/dags/hadoop-2.7.3/share/hadoop/hdfs/lib/jetty-6.1.26.jar for tasks to queue
[2022-10-22T00:23:37.868+0000] {logging_mixin.py:117} INFO - [2022-10-22T00:23:37.868+0000] {dagbag.py:525} INFO - Filling up the DagBag from /opt/airflow/dags/hadoop-2.7.3/share/hadoop/hdfs/lib/jetty-6.1.26.jar
[2022-10-22T00:23:37.879+0000] {processor.py:770} WARNING - No viable dags retrieved from /opt/airflow/dags/hadoop-2.7.3/share/hadoop/hdfs/lib/jetty-6.1.26.jar
[2022-10-22T00:23:37.914+0000] {processor.py:178} INFO - Processing /opt/airflow/dags/hadoop-2.7.3/share/hadoop/hdfs/lib/jetty-6.1.26.jar took 0.055 seconds
