[2022-10-22T00:00:16.738+0000] {processor.py:156} INFO - Started process (PID=18958) to work on /opt/airflow/dags/hadoop-2.7.3/share/hadoop/hdfs/lib/jetty-util-6.1.26.jar
[2022-10-22T00:00:16.744+0000] {processor.py:758} INFO - Processing file /opt/airflow/dags/hadoop-2.7.3/share/hadoop/hdfs/lib/jetty-util-6.1.26.jar for tasks to queue
[2022-10-22T00:00:16.756+0000] {logging_mixin.py:117} INFO - [2022-10-22T00:00:16.755+0000] {dagbag.py:525} INFO - Filling up the DagBag from /opt/airflow/dags/hadoop-2.7.3/share/hadoop/hdfs/lib/jetty-util-6.1.26.jar
[2022-10-22T00:00:16.799+0000] {processor.py:770} WARNING - No viable dags retrieved from /opt/airflow/dags/hadoop-2.7.3/share/hadoop/hdfs/lib/jetty-util-6.1.26.jar
[2022-10-22T00:00:17.049+0000] {processor.py:178} INFO - Processing /opt/airflow/dags/hadoop-2.7.3/share/hadoop/hdfs/lib/jetty-util-6.1.26.jar took 0.334 seconds
[2022-10-22T00:00:39.052+0000] {processor.py:156} INFO - Started process (PID=16955) to work on /opt/airflow/dags/hadoop-2.7.3/share/hadoop/hdfs/lib/jetty-util-6.1.26.jar
[2022-10-22T00:00:39.059+0000] {processor.py:758} INFO - Processing file /opt/airflow/dags/hadoop-2.7.3/share/hadoop/hdfs/lib/jetty-util-6.1.26.jar for tasks to queue
[2022-10-22T00:00:39.064+0000] {logging_mixin.py:117} INFO - [2022-10-22T00:00:39.063+0000] {dagbag.py:525} INFO - Filling up the DagBag from /opt/airflow/dags/hadoop-2.7.3/share/hadoop/hdfs/lib/jetty-util-6.1.26.jar
[2022-10-22T00:00:39.078+0000] {processor.py:770} WARNING - No viable dags retrieved from /opt/airflow/dags/hadoop-2.7.3/share/hadoop/hdfs/lib/jetty-util-6.1.26.jar
[2022-10-22T00:00:39.143+0000] {processor.py:178} INFO - Processing /opt/airflow/dags/hadoop-2.7.3/share/hadoop/hdfs/lib/jetty-util-6.1.26.jar took 0.098 seconds
[2022-10-22T00:01:31.056+0000] {processor.py:156} INFO - Started process (PID=19543) to work on /opt/airflow/dags/hadoop-2.7.3/share/hadoop/hdfs/lib/jetty-util-6.1.26.jar
[2022-10-22T00:01:31.059+0000] {processor.py:758} INFO - Processing file /opt/airflow/dags/hadoop-2.7.3/share/hadoop/hdfs/lib/jetty-util-6.1.26.jar for tasks to queue
[2022-10-22T00:01:31.069+0000] {logging_mixin.py:117} INFO - [2022-10-22T00:01:31.068+0000] {dagbag.py:525} INFO - Filling up the DagBag from /opt/airflow/dags/hadoop-2.7.3/share/hadoop/hdfs/lib/jetty-util-6.1.26.jar
[2022-10-22T00:01:31.085+0000] {processor.py:770} WARNING - No viable dags retrieved from /opt/airflow/dags/hadoop-2.7.3/share/hadoop/hdfs/lib/jetty-util-6.1.26.jar
[2022-10-22T00:01:31.156+0000] {processor.py:178} INFO - Processing /opt/airflow/dags/hadoop-2.7.3/share/hadoop/hdfs/lib/jetty-util-6.1.26.jar took 0.109 seconds
[2022-10-22T00:02:02.786+0000] {processor.py:156} INFO - Started process (PID=17549) to work on /opt/airflow/dags/hadoop-2.7.3/share/hadoop/hdfs/lib/jetty-util-6.1.26.jar
[2022-10-22T00:02:02.789+0000] {processor.py:758} INFO - Processing file /opt/airflow/dags/hadoop-2.7.3/share/hadoop/hdfs/lib/jetty-util-6.1.26.jar for tasks to queue
[2022-10-22T00:02:02.792+0000] {logging_mixin.py:117} INFO - [2022-10-22T00:02:02.792+0000] {dagbag.py:525} INFO - Filling up the DagBag from /opt/airflow/dags/hadoop-2.7.3/share/hadoop/hdfs/lib/jetty-util-6.1.26.jar
[2022-10-22T00:02:02.803+0000] {processor.py:770} WARNING - No viable dags retrieved from /opt/airflow/dags/hadoop-2.7.3/share/hadoop/hdfs/lib/jetty-util-6.1.26.jar
[2022-10-22T00:02:02.858+0000] {processor.py:178} INFO - Processing /opt/airflow/dags/hadoop-2.7.3/share/hadoop/hdfs/lib/jetty-util-6.1.26.jar took 0.081 seconds
[2022-10-22T00:02:22.166+0000] {processor.py:156} INFO - Started process (PID=20050) to work on /opt/airflow/dags/hadoop-2.7.3/share/hadoop/hdfs/lib/jetty-util-6.1.26.jar
[2022-10-22T00:02:22.168+0000] {processor.py:758} INFO - Processing file /opt/airflow/dags/hadoop-2.7.3/share/hadoop/hdfs/lib/jetty-util-6.1.26.jar for tasks to queue
[2022-10-22T00:02:22.171+0000] {logging_mixin.py:117} INFO - [2022-10-22T00:02:22.171+0000] {dagbag.py:525} INFO - Filling up the DagBag from /opt/airflow/dags/hadoop-2.7.3/share/hadoop/hdfs/lib/jetty-util-6.1.26.jar
[2022-10-22T00:02:22.187+0000] {processor.py:770} WARNING - No viable dags retrieved from /opt/airflow/dags/hadoop-2.7.3/share/hadoop/hdfs/lib/jetty-util-6.1.26.jar
[2022-10-22T00:02:22.230+0000] {processor.py:178} INFO - Processing /opt/airflow/dags/hadoop-2.7.3/share/hadoop/hdfs/lib/jetty-util-6.1.26.jar took 0.073 seconds
[2022-10-22T00:03:43.843+0000] {processor.py:156} INFO - Started process (PID=18158) to work on /opt/airflow/dags/hadoop-2.7.3/share/hadoop/hdfs/lib/jetty-util-6.1.26.jar
[2022-10-22T00:03:43.853+0000] {processor.py:758} INFO - Processing file /opt/airflow/dags/hadoop-2.7.3/share/hadoop/hdfs/lib/jetty-util-6.1.26.jar for tasks to queue
[2022-10-22T00:03:43.870+0000] {logging_mixin.py:117} INFO - [2022-10-22T00:03:43.869+0000] {dagbag.py:525} INFO - Filling up the DagBag from /opt/airflow/dags/hadoop-2.7.3/share/hadoop/hdfs/lib/jetty-util-6.1.26.jar
[2022-10-22T00:03:43.894+0000] {processor.py:770} WARNING - No viable dags retrieved from /opt/airflow/dags/hadoop-2.7.3/share/hadoop/hdfs/lib/jetty-util-6.1.26.jar
[2022-10-22T00:03:43.959+0000] {processor.py:178} INFO - Processing /opt/airflow/dags/hadoop-2.7.3/share/hadoop/hdfs/lib/jetty-util-6.1.26.jar took 0.126 seconds
[2022-10-22T00:03:50.166+0000] {processor.py:156} INFO - Started process (PID=20597) to work on /opt/airflow/dags/hadoop-2.7.3/share/hadoop/hdfs/lib/jetty-util-6.1.26.jar
[2022-10-22T00:03:50.169+0000] {processor.py:758} INFO - Processing file /opt/airflow/dags/hadoop-2.7.3/share/hadoop/hdfs/lib/jetty-util-6.1.26.jar for tasks to queue
[2022-10-22T00:03:50.174+0000] {logging_mixin.py:117} INFO - [2022-10-22T00:03:50.173+0000] {dagbag.py:525} INFO - Filling up the DagBag from /opt/airflow/dags/hadoop-2.7.3/share/hadoop/hdfs/lib/jetty-util-6.1.26.jar
[2022-10-22T00:03:50.182+0000] {processor.py:770} WARNING - No viable dags retrieved from /opt/airflow/dags/hadoop-2.7.3/share/hadoop/hdfs/lib/jetty-util-6.1.26.jar
[2022-10-22T00:03:50.225+0000] {processor.py:178} INFO - Processing /opt/airflow/dags/hadoop-2.7.3/share/hadoop/hdfs/lib/jetty-util-6.1.26.jar took 0.070 seconds
[2022-10-22T00:04:38.874+0000] {processor.py:156} INFO - Started process (PID=21032) to work on /opt/airflow/dags/hadoop-2.7.3/share/hadoop/hdfs/lib/jetty-util-6.1.26.jar
[2022-10-22T00:04:38.878+0000] {processor.py:758} INFO - Processing file /opt/airflow/dags/hadoop-2.7.3/share/hadoop/hdfs/lib/jetty-util-6.1.26.jar for tasks to queue
[2022-10-22T00:04:38.885+0000] {logging_mixin.py:117} INFO - [2022-10-22T00:04:38.884+0000] {dagbag.py:525} INFO - Filling up the DagBag from /opt/airflow/dags/hadoop-2.7.3/share/hadoop/hdfs/lib/jetty-util-6.1.26.jar
[2022-10-22T00:04:38.895+0000] {processor.py:770} WARNING - No viable dags retrieved from /opt/airflow/dags/hadoop-2.7.3/share/hadoop/hdfs/lib/jetty-util-6.1.26.jar
[2022-10-22T00:04:38.963+0000] {processor.py:178} INFO - Processing /opt/airflow/dags/hadoop-2.7.3/share/hadoop/hdfs/lib/jetty-util-6.1.26.jar took 0.109 seconds
[2022-10-22T00:04:43.810+0000] {processor.py:156} INFO - Started process (PID=18683) to work on /opt/airflow/dags/hadoop-2.7.3/share/hadoop/hdfs/lib/jetty-util-6.1.26.jar
[2022-10-22T00:04:43.814+0000] {processor.py:758} INFO - Processing file /opt/airflow/dags/hadoop-2.7.3/share/hadoop/hdfs/lib/jetty-util-6.1.26.jar for tasks to queue
[2022-10-22T00:04:43.819+0000] {logging_mixin.py:117} INFO - [2022-10-22T00:04:43.817+0000] {dagbag.py:525} INFO - Filling up the DagBag from /opt/airflow/dags/hadoop-2.7.3/share/hadoop/hdfs/lib/jetty-util-6.1.26.jar
[2022-10-22T00:04:43.838+0000] {processor.py:770} WARNING - No viable dags retrieved from /opt/airflow/dags/hadoop-2.7.3/share/hadoop/hdfs/lib/jetty-util-6.1.26.jar
[2022-10-22T00:04:43.913+0000] {processor.py:178} INFO - Processing /opt/airflow/dags/hadoop-2.7.3/share/hadoop/hdfs/lib/jetty-util-6.1.26.jar took 0.113 seconds
[2022-10-22T00:05:28.720+0000] {processor.py:156} INFO - Started process (PID=21531) to work on /opt/airflow/dags/hadoop-2.7.3/share/hadoop/hdfs/lib/jetty-util-6.1.26.jar
[2022-10-22T00:05:28.726+0000] {processor.py:758} INFO - Processing file /opt/airflow/dags/hadoop-2.7.3/share/hadoop/hdfs/lib/jetty-util-6.1.26.jar for tasks to queue
[2022-10-22T00:05:28.732+0000] {logging_mixin.py:117} INFO - [2022-10-22T00:05:28.731+0000] {dagbag.py:525} INFO - Filling up the DagBag from /opt/airflow/dags/hadoop-2.7.3/share/hadoop/hdfs/lib/jetty-util-6.1.26.jar
[2022-10-22T00:05:28.750+0000] {processor.py:770} WARNING - No viable dags retrieved from /opt/airflow/dags/hadoop-2.7.3/share/hadoop/hdfs/lib/jetty-util-6.1.26.jar
[2022-10-22T00:05:28.829+0000] {processor.py:178} INFO - Processing /opt/airflow/dags/hadoop-2.7.3/share/hadoop/hdfs/lib/jetty-util-6.1.26.jar took 0.131 seconds
[2022-10-22T00:05:36.090+0000] {processor.py:156} INFO - Started process (PID=19182) to work on /opt/airflow/dags/hadoop-2.7.3/share/hadoop/hdfs/lib/jetty-util-6.1.26.jar
[2022-10-22T00:05:36.094+0000] {processor.py:758} INFO - Processing file /opt/airflow/dags/hadoop-2.7.3/share/hadoop/hdfs/lib/jetty-util-6.1.26.jar for tasks to queue
[2022-10-22T00:05:36.097+0000] {logging_mixin.py:117} INFO - [2022-10-22T00:05:36.097+0000] {dagbag.py:525} INFO - Filling up the DagBag from /opt/airflow/dags/hadoop-2.7.3/share/hadoop/hdfs/lib/jetty-util-6.1.26.jar
[2022-10-22T00:05:36.114+0000] {processor.py:770} WARNING - No viable dags retrieved from /opt/airflow/dags/hadoop-2.7.3/share/hadoop/hdfs/lib/jetty-util-6.1.26.jar
[2022-10-22T00:05:36.186+0000] {processor.py:178} INFO - Processing /opt/airflow/dags/hadoop-2.7.3/share/hadoop/hdfs/lib/jetty-util-6.1.26.jar took 0.118 seconds
[2022-10-22T00:06:13.286+0000] {processor.py:156} INFO - Started process (PID=21967) to work on /opt/airflow/dags/hadoop-2.7.3/share/hadoop/hdfs/lib/jetty-util-6.1.26.jar
[2022-10-22T00:06:13.290+0000] {processor.py:758} INFO - Processing file /opt/airflow/dags/hadoop-2.7.3/share/hadoop/hdfs/lib/jetty-util-6.1.26.jar for tasks to queue
[2022-10-22T00:06:13.293+0000] {logging_mixin.py:117} INFO - [2022-10-22T00:06:13.293+0000] {dagbag.py:525} INFO - Filling up the DagBag from /opt/airflow/dags/hadoop-2.7.3/share/hadoop/hdfs/lib/jetty-util-6.1.26.jar
[2022-10-22T00:06:13.314+0000] {processor.py:770} WARNING - No viable dags retrieved from /opt/airflow/dags/hadoop-2.7.3/share/hadoop/hdfs/lib/jetty-util-6.1.26.jar
[2022-10-22T00:06:13.359+0000] {processor.py:178} INFO - Processing /opt/airflow/dags/hadoop-2.7.3/share/hadoop/hdfs/lib/jetty-util-6.1.26.jar took 0.083 seconds
[2022-10-22T00:06:21.994+0000] {processor.py:156} INFO - Started process (PID=19618) to work on /opt/airflow/dags/hadoop-2.7.3/share/hadoop/hdfs/lib/jetty-util-6.1.26.jar
[2022-10-22T00:06:21.998+0000] {processor.py:758} INFO - Processing file /opt/airflow/dags/hadoop-2.7.3/share/hadoop/hdfs/lib/jetty-util-6.1.26.jar for tasks to queue
[2022-10-22T00:06:22.000+0000] {logging_mixin.py:117} INFO - [2022-10-22T00:06:22.000+0000] {dagbag.py:525} INFO - Filling up the DagBag from /opt/airflow/dags/hadoop-2.7.3/share/hadoop/hdfs/lib/jetty-util-6.1.26.jar
[2022-10-22T00:06:22.010+0000] {processor.py:770} WARNING - No viable dags retrieved from /opt/airflow/dags/hadoop-2.7.3/share/hadoop/hdfs/lib/jetty-util-6.1.26.jar
[2022-10-22T00:06:22.061+0000] {processor.py:178} INFO - Processing /opt/airflow/dags/hadoop-2.7.3/share/hadoop/hdfs/lib/jetty-util-6.1.26.jar took 0.077 seconds
[2022-10-22T00:06:58.495+0000] {processor.py:156} INFO - Started process (PID=22424) to work on /opt/airflow/dags/hadoop-2.7.3/share/hadoop/hdfs/lib/jetty-util-6.1.26.jar
[2022-10-22T00:06:58.479+0000] {processor.py:758} INFO - Processing file /opt/airflow/dags/hadoop-2.7.3/share/hadoop/hdfs/lib/jetty-util-6.1.26.jar for tasks to queue
[2022-10-22T00:06:58.483+0000] {logging_mixin.py:117} INFO - [2022-10-22T00:06:58.483+0000] {dagbag.py:525} INFO - Filling up the DagBag from /opt/airflow/dags/hadoop-2.7.3/share/hadoop/hdfs/lib/jetty-util-6.1.26.jar
[2022-10-22T00:06:58.526+0000] {processor.py:770} WARNING - No viable dags retrieved from /opt/airflow/dags/hadoop-2.7.3/share/hadoop/hdfs/lib/jetty-util-6.1.26.jar
[2022-10-22T00:06:58.574+0000] {processor.py:178} INFO - Processing /opt/airflow/dags/hadoop-2.7.3/share/hadoop/hdfs/lib/jetty-util-6.1.26.jar took 0.114 seconds
[2022-10-22T00:07:09.873+0000] {processor.py:156} INFO - Started process (PID=20092) to work on /opt/airflow/dags/hadoop-2.7.3/share/hadoop/hdfs/lib/jetty-util-6.1.26.jar
[2022-10-22T00:07:09.884+0000] {processor.py:758} INFO - Processing file /opt/airflow/dags/hadoop-2.7.3/share/hadoop/hdfs/lib/jetty-util-6.1.26.jar for tasks to queue
[2022-10-22T00:07:09.887+0000] {logging_mixin.py:117} INFO - [2022-10-22T00:07:09.887+0000] {dagbag.py:525} INFO - Filling up the DagBag from /opt/airflow/dags/hadoop-2.7.3/share/hadoop/hdfs/lib/jetty-util-6.1.26.jar
[2022-10-22T00:07:09.902+0000] {processor.py:770} WARNING - No viable dags retrieved from /opt/airflow/dags/hadoop-2.7.3/share/hadoop/hdfs/lib/jetty-util-6.1.26.jar
[2022-10-22T00:07:09.965+0000] {processor.py:178} INFO - Processing /opt/airflow/dags/hadoop-2.7.3/share/hadoop/hdfs/lib/jetty-util-6.1.26.jar took 0.097 seconds
[2022-10-22T00:07:51.077+0000] {processor.py:156} INFO - Started process (PID=22949) to work on /opt/airflow/dags/hadoop-2.7.3/share/hadoop/hdfs/lib/jetty-util-6.1.26.jar
[2022-10-22T00:07:51.081+0000] {processor.py:758} INFO - Processing file /opt/airflow/dags/hadoop-2.7.3/share/hadoop/hdfs/lib/jetty-util-6.1.26.jar for tasks to queue
[2022-10-22T00:07:51.084+0000] {logging_mixin.py:117} INFO - [2022-10-22T00:07:51.084+0000] {dagbag.py:525} INFO - Filling up the DagBag from /opt/airflow/dags/hadoop-2.7.3/share/hadoop/hdfs/lib/jetty-util-6.1.26.jar
[2022-10-22T00:07:51.099+0000] {processor.py:770} WARNING - No viable dags retrieved from /opt/airflow/dags/hadoop-2.7.3/share/hadoop/hdfs/lib/jetty-util-6.1.26.jar
[2022-10-22T00:07:51.182+0000] {processor.py:178} INFO - Processing /opt/airflow/dags/hadoop-2.7.3/share/hadoop/hdfs/lib/jetty-util-6.1.26.jar took 0.116 seconds
[2022-10-22T00:08:45.104+0000] {processor.py:156} INFO - Started process (PID=20625) to work on /opt/airflow/dags/hadoop-2.7.3/share/hadoop/hdfs/lib/jetty-util-6.1.26.jar
[2022-10-22T00:08:45.108+0000] {processor.py:758} INFO - Processing file /opt/airflow/dags/hadoop-2.7.3/share/hadoop/hdfs/lib/jetty-util-6.1.26.jar for tasks to queue
[2022-10-22T00:08:45.112+0000] {logging_mixin.py:117} INFO - [2022-10-22T00:08:45.111+0000] {dagbag.py:525} INFO - Filling up the DagBag from /opt/airflow/dags/hadoop-2.7.3/share/hadoop/hdfs/lib/jetty-util-6.1.26.jar
[2022-10-22T00:08:45.135+0000] {processor.py:770} WARNING - No viable dags retrieved from /opt/airflow/dags/hadoop-2.7.3/share/hadoop/hdfs/lib/jetty-util-6.1.26.jar
[2022-10-22T00:08:45.179+0000] {processor.py:178} INFO - Processing /opt/airflow/dags/hadoop-2.7.3/share/hadoop/hdfs/lib/jetty-util-6.1.26.jar took 0.083 seconds
[2022-10-22T00:09:10.122+0000] {processor.py:156} INFO - Started process (PID=23326) to work on /opt/airflow/dags/hadoop-2.7.3/share/hadoop/hdfs/lib/jetty-util-6.1.26.jar
[2022-10-22T00:09:10.126+0000] {processor.py:758} INFO - Processing file /opt/airflow/dags/hadoop-2.7.3/share/hadoop/hdfs/lib/jetty-util-6.1.26.jar for tasks to queue
[2022-10-22T00:09:10.130+0000] {logging_mixin.py:117} INFO - [2022-10-22T00:09:10.129+0000] {dagbag.py:525} INFO - Filling up the DagBag from /opt/airflow/dags/hadoop-2.7.3/share/hadoop/hdfs/lib/jetty-util-6.1.26.jar
[2022-10-22T00:09:10.150+0000] {processor.py:770} WARNING - No viable dags retrieved from /opt/airflow/dags/hadoop-2.7.3/share/hadoop/hdfs/lib/jetty-util-6.1.26.jar
[2022-10-22T00:09:10.226+0000] {processor.py:178} INFO - Processing /opt/airflow/dags/hadoop-2.7.3/share/hadoop/hdfs/lib/jetty-util-6.1.26.jar took 0.113 seconds
[2022-10-22T00:09:29.346+0000] {processor.py:156} INFO - Started process (PID=21026) to work on /opt/airflow/dags/hadoop-2.7.3/share/hadoop/hdfs/lib/jetty-util-6.1.26.jar
[2022-10-22T00:09:29.349+0000] {processor.py:758} INFO - Processing file /opt/airflow/dags/hadoop-2.7.3/share/hadoop/hdfs/lib/jetty-util-6.1.26.jar for tasks to queue
[2022-10-22T00:09:29.352+0000] {logging_mixin.py:117} INFO - [2022-10-22T00:09:29.352+0000] {dagbag.py:525} INFO - Filling up the DagBag from /opt/airflow/dags/hadoop-2.7.3/share/hadoop/hdfs/lib/jetty-util-6.1.26.jar
[2022-10-22T00:09:29.378+0000] {processor.py:770} WARNING - No viable dags retrieved from /opt/airflow/dags/hadoop-2.7.3/share/hadoop/hdfs/lib/jetty-util-6.1.26.jar
[2022-10-22T00:09:29.436+0000] {processor.py:178} INFO - Processing /opt/airflow/dags/hadoop-2.7.3/share/hadoop/hdfs/lib/jetty-util-6.1.26.jar took 0.097 seconds
[2022-10-22T00:11:14.394+0000] {processor.py:156} INFO - Started process (PID=23857) to work on /opt/airflow/dags/hadoop-2.7.3/share/hadoop/hdfs/lib/jetty-util-6.1.26.jar
[2022-10-22T00:11:14.405+0000] {processor.py:758} INFO - Processing file /opt/airflow/dags/hadoop-2.7.3/share/hadoop/hdfs/lib/jetty-util-6.1.26.jar for tasks to queue
[2022-10-22T00:11:14.414+0000] {logging_mixin.py:117} INFO - [2022-10-22T00:11:14.411+0000] {dagbag.py:525} INFO - Filling up the DagBag from /opt/airflow/dags/hadoop-2.7.3/share/hadoop/hdfs/lib/jetty-util-6.1.26.jar
[2022-10-22T00:11:14.440+0000] {processor.py:770} WARNING - No viable dags retrieved from /opt/airflow/dags/hadoop-2.7.3/share/hadoop/hdfs/lib/jetty-util-6.1.26.jar
[2022-10-22T00:11:14.531+0000] {processor.py:178} INFO - Processing /opt/airflow/dags/hadoop-2.7.3/share/hadoop/hdfs/lib/jetty-util-6.1.26.jar took 0.158 seconds
[2022-10-22T00:11:25.334+0000] {processor.py:156} INFO - Started process (PID=21508) to work on /opt/airflow/dags/hadoop-2.7.3/share/hadoop/hdfs/lib/jetty-util-6.1.26.jar
[2022-10-22T00:11:25.338+0000] {processor.py:758} INFO - Processing file /opt/airflow/dags/hadoop-2.7.3/share/hadoop/hdfs/lib/jetty-util-6.1.26.jar for tasks to queue
[2022-10-22T00:11:25.342+0000] {logging_mixin.py:117} INFO - [2022-10-22T00:11:25.342+0000] {dagbag.py:525} INFO - Filling up the DagBag from /opt/airflow/dags/hadoop-2.7.3/share/hadoop/hdfs/lib/jetty-util-6.1.26.jar
[2022-10-22T00:11:25.357+0000] {processor.py:770} WARNING - No viable dags retrieved from /opt/airflow/dags/hadoop-2.7.3/share/hadoop/hdfs/lib/jetty-util-6.1.26.jar
[2022-10-22T00:11:25.385+0000] {processor.py:178} INFO - Processing /opt/airflow/dags/hadoop-2.7.3/share/hadoop/hdfs/lib/jetty-util-6.1.26.jar took 0.083 seconds
[2022-10-22T00:11:48.864+0000] {processor.py:156} INFO - Started process (PID=24366) to work on /opt/airflow/dags/hadoop-2.7.3/share/hadoop/hdfs/lib/jetty-util-6.1.26.jar
[2022-10-22T00:11:48.866+0000] {processor.py:758} INFO - Processing file /opt/airflow/dags/hadoop-2.7.3/share/hadoop/hdfs/lib/jetty-util-6.1.26.jar for tasks to queue
[2022-10-22T00:11:48.868+0000] {logging_mixin.py:117} INFO - [2022-10-22T00:11:48.867+0000] {dagbag.py:525} INFO - Filling up the DagBag from /opt/airflow/dags/hadoop-2.7.3/share/hadoop/hdfs/lib/jetty-util-6.1.26.jar
[2022-10-22T00:11:48.874+0000] {processor.py:770} WARNING - No viable dags retrieved from /opt/airflow/dags/hadoop-2.7.3/share/hadoop/hdfs/lib/jetty-util-6.1.26.jar
[2022-10-22T00:11:48.899+0000] {processor.py:178} INFO - Processing /opt/airflow/dags/hadoop-2.7.3/share/hadoop/hdfs/lib/jetty-util-6.1.26.jar took 0.041 seconds
[2022-10-22T00:12:02.221+0000] {processor.py:156} INFO - Started process (PID=22025) to work on /opt/airflow/dags/hadoop-2.7.3/share/hadoop/hdfs/lib/jetty-util-6.1.26.jar
[2022-10-22T00:12:02.224+0000] {processor.py:758} INFO - Processing file /opt/airflow/dags/hadoop-2.7.3/share/hadoop/hdfs/lib/jetty-util-6.1.26.jar for tasks to queue
[2022-10-22T00:12:02.227+0000] {logging_mixin.py:117} INFO - [2022-10-22T00:12:02.226+0000] {dagbag.py:525} INFO - Filling up the DagBag from /opt/airflow/dags/hadoop-2.7.3/share/hadoop/hdfs/lib/jetty-util-6.1.26.jar
[2022-10-22T00:12:02.236+0000] {processor.py:770} WARNING - No viable dags retrieved from /opt/airflow/dags/hadoop-2.7.3/share/hadoop/hdfs/lib/jetty-util-6.1.26.jar
[2022-10-22T00:12:02.279+0000] {processor.py:178} INFO - Processing /opt/airflow/dags/hadoop-2.7.3/share/hadoop/hdfs/lib/jetty-util-6.1.26.jar took 0.067 seconds
[2022-10-22T00:15:08.206+0000] {processor.py:156} INFO - Started process (PID=22486) to work on /opt/airflow/dags/hadoop-2.7.3/share/hadoop/hdfs/lib/jetty-util-6.1.26.jar
[2022-10-22T00:15:08.210+0000] {processor.py:758} INFO - Processing file /opt/airflow/dags/hadoop-2.7.3/share/hadoop/hdfs/lib/jetty-util-6.1.26.jar for tasks to queue
[2022-10-22T00:15:08.215+0000] {logging_mixin.py:117} INFO - [2022-10-22T00:15:08.214+0000] {dagbag.py:525} INFO - Filling up the DagBag from /opt/airflow/dags/hadoop-2.7.3/share/hadoop/hdfs/lib/jetty-util-6.1.26.jar
[2022-10-22T00:15:08.227+0000] {processor.py:770} WARNING - No viable dags retrieved from /opt/airflow/dags/hadoop-2.7.3/share/hadoop/hdfs/lib/jetty-util-6.1.26.jar
[2022-10-22T00:15:08.257+0000] {processor.py:178} INFO - Processing /opt/airflow/dags/hadoop-2.7.3/share/hadoop/hdfs/lib/jetty-util-6.1.26.jar took 0.071 seconds
[2022-10-22T00:15:21.359+0000] {processor.py:156} INFO - Started process (PID=25046) to work on /opt/airflow/dags/hadoop-2.7.3/share/hadoop/hdfs/lib/jetty-util-6.1.26.jar
[2022-10-22T00:15:21.369+0000] {processor.py:758} INFO - Processing file /opt/airflow/dags/hadoop-2.7.3/share/hadoop/hdfs/lib/jetty-util-6.1.26.jar for tasks to queue
[2022-10-22T00:15:21.374+0000] {logging_mixin.py:117} INFO - [2022-10-22T00:15:21.372+0000] {dagbag.py:525} INFO - Filling up the DagBag from /opt/airflow/dags/hadoop-2.7.3/share/hadoop/hdfs/lib/jetty-util-6.1.26.jar
[2022-10-22T00:15:21.402+0000] {processor.py:770} WARNING - No viable dags retrieved from /opt/airflow/dags/hadoop-2.7.3/share/hadoop/hdfs/lib/jetty-util-6.1.26.jar
[2022-10-22T00:15:21.511+0000] {processor.py:178} INFO - Processing /opt/airflow/dags/hadoop-2.7.3/share/hadoop/hdfs/lib/jetty-util-6.1.26.jar took 0.167 seconds
[2022-10-22T00:15:58.106+0000] {processor.py:156} INFO - Started process (PID=23010) to work on /opt/airflow/dags/hadoop-2.7.3/share/hadoop/hdfs/lib/jetty-util-6.1.26.jar
[2022-10-22T00:15:58.110+0000] {processor.py:758} INFO - Processing file /opt/airflow/dags/hadoop-2.7.3/share/hadoop/hdfs/lib/jetty-util-6.1.26.jar for tasks to queue
[2022-10-22T00:15:58.114+0000] {logging_mixin.py:117} INFO - [2022-10-22T00:15:58.114+0000] {dagbag.py:525} INFO - Filling up the DagBag from /opt/airflow/dags/hadoop-2.7.3/share/hadoop/hdfs/lib/jetty-util-6.1.26.jar
[2022-10-22T00:15:58.126+0000] {processor.py:770} WARNING - No viable dags retrieved from /opt/airflow/dags/hadoop-2.7.3/share/hadoop/hdfs/lib/jetty-util-6.1.26.jar
[2022-10-22T00:15:58.169+0000] {processor.py:178} INFO - Processing /opt/airflow/dags/hadoop-2.7.3/share/hadoop/hdfs/lib/jetty-util-6.1.26.jar took 0.069 seconds
[2022-10-22T00:16:08.524+0000] {processor.py:156} INFO - Started process (PID=25569) to work on /opt/airflow/dags/hadoop-2.7.3/share/hadoop/hdfs/lib/jetty-util-6.1.26.jar
[2022-10-22T00:16:08.530+0000] {processor.py:758} INFO - Processing file /opt/airflow/dags/hadoop-2.7.3/share/hadoop/hdfs/lib/jetty-util-6.1.26.jar for tasks to queue
[2022-10-22T00:16:08.533+0000] {logging_mixin.py:117} INFO - [2022-10-22T00:16:08.532+0000] {dagbag.py:525} INFO - Filling up the DagBag from /opt/airflow/dags/hadoop-2.7.3/share/hadoop/hdfs/lib/jetty-util-6.1.26.jar
[2022-10-22T00:16:08.542+0000] {processor.py:770} WARNING - No viable dags retrieved from /opt/airflow/dags/hadoop-2.7.3/share/hadoop/hdfs/lib/jetty-util-6.1.26.jar
[2022-10-22T00:16:08.585+0000] {processor.py:178} INFO - Processing /opt/airflow/dags/hadoop-2.7.3/share/hadoop/hdfs/lib/jetty-util-6.1.26.jar took 0.070 seconds
[2022-10-22T00:16:44.413+0000] {processor.py:156} INFO - Started process (PID=23526) to work on /opt/airflow/dags/hadoop-2.7.3/share/hadoop/hdfs/lib/jetty-util-6.1.26.jar
[2022-10-22T00:16:44.417+0000] {processor.py:758} INFO - Processing file /opt/airflow/dags/hadoop-2.7.3/share/hadoop/hdfs/lib/jetty-util-6.1.26.jar for tasks to queue
[2022-10-22T00:16:44.419+0000] {logging_mixin.py:117} INFO - [2022-10-22T00:16:44.418+0000] {dagbag.py:525} INFO - Filling up the DagBag from /opt/airflow/dags/hadoop-2.7.3/share/hadoop/hdfs/lib/jetty-util-6.1.26.jar
[2022-10-22T00:16:44.430+0000] {processor.py:770} WARNING - No viable dags retrieved from /opt/airflow/dags/hadoop-2.7.3/share/hadoop/hdfs/lib/jetty-util-6.1.26.jar
[2022-10-22T00:16:44.466+0000] {processor.py:178} INFO - Processing /opt/airflow/dags/hadoop-2.7.3/share/hadoop/hdfs/lib/jetty-util-6.1.26.jar took 0.062 seconds
[2022-10-22T00:16:55.877+0000] {processor.py:156} INFO - Started process (PID=26091) to work on /opt/airflow/dags/hadoop-2.7.3/share/hadoop/hdfs/lib/jetty-util-6.1.26.jar
[2022-10-22T00:16:55.887+0000] {processor.py:758} INFO - Processing file /opt/airflow/dags/hadoop-2.7.3/share/hadoop/hdfs/lib/jetty-util-6.1.26.jar for tasks to queue
[2022-10-22T00:16:55.893+0000] {logging_mixin.py:117} INFO - [2022-10-22T00:16:55.892+0000] {dagbag.py:525} INFO - Filling up the DagBag from /opt/airflow/dags/hadoop-2.7.3/share/hadoop/hdfs/lib/jetty-util-6.1.26.jar
[2022-10-22T00:16:55.911+0000] {processor.py:770} WARNING - No viable dags retrieved from /opt/airflow/dags/hadoop-2.7.3/share/hadoop/hdfs/lib/jetty-util-6.1.26.jar
[2022-10-22T00:16:55.973+0000] {processor.py:178} INFO - Processing /opt/airflow/dags/hadoop-2.7.3/share/hadoop/hdfs/lib/jetty-util-6.1.26.jar took 0.104 seconds
[2022-10-22T00:17:25.222+0000] {processor.py:156} INFO - Started process (PID=23939) to work on /opt/airflow/dags/hadoop-2.7.3/share/hadoop/hdfs/lib/jetty-util-6.1.26.jar
[2022-10-22T00:17:25.232+0000] {processor.py:758} INFO - Processing file /opt/airflow/dags/hadoop-2.7.3/share/hadoop/hdfs/lib/jetty-util-6.1.26.jar for tasks to queue
[2022-10-22T00:17:25.242+0000] {logging_mixin.py:117} INFO - [2022-10-22T00:17:25.242+0000] {dagbag.py:525} INFO - Filling up the DagBag from /opt/airflow/dags/hadoop-2.7.3/share/hadoop/hdfs/lib/jetty-util-6.1.26.jar
[2022-10-22T00:17:25.252+0000] {processor.py:770} WARNING - No viable dags retrieved from /opt/airflow/dags/hadoop-2.7.3/share/hadoop/hdfs/lib/jetty-util-6.1.26.jar
[2022-10-22T00:17:25.323+0000] {processor.py:178} INFO - Processing /opt/airflow/dags/hadoop-2.7.3/share/hadoop/hdfs/lib/jetty-util-6.1.26.jar took 0.112 seconds
[2022-10-22T00:17:46.179+0000] {processor.py:156} INFO - Started process (PID=26623) to work on /opt/airflow/dags/hadoop-2.7.3/share/hadoop/hdfs/lib/jetty-util-6.1.26.jar
[2022-10-22T00:17:46.184+0000] {processor.py:758} INFO - Processing file /opt/airflow/dags/hadoop-2.7.3/share/hadoop/hdfs/lib/jetty-util-6.1.26.jar for tasks to queue
[2022-10-22T00:17:46.192+0000] {logging_mixin.py:117} INFO - [2022-10-22T00:17:46.192+0000] {dagbag.py:525} INFO - Filling up the DagBag from /opt/airflow/dags/hadoop-2.7.3/share/hadoop/hdfs/lib/jetty-util-6.1.26.jar
[2022-10-22T00:17:46.201+0000] {processor.py:770} WARNING - No viable dags retrieved from /opt/airflow/dags/hadoop-2.7.3/share/hadoop/hdfs/lib/jetty-util-6.1.26.jar
[2022-10-22T00:17:46.250+0000] {processor.py:178} INFO - Processing /opt/airflow/dags/hadoop-2.7.3/share/hadoop/hdfs/lib/jetty-util-6.1.26.jar took 0.078 seconds
[2022-10-22T00:18:05.405+0000] {processor.py:156} INFO - Started process (PID=24357) to work on /opt/airflow/dags/hadoop-2.7.3/share/hadoop/hdfs/lib/jetty-util-6.1.26.jar
[2022-10-22T00:18:05.408+0000] {processor.py:758} INFO - Processing file /opt/airflow/dags/hadoop-2.7.3/share/hadoop/hdfs/lib/jetty-util-6.1.26.jar for tasks to queue
[2022-10-22T00:18:05.413+0000] {logging_mixin.py:117} INFO - [2022-10-22T00:18:05.412+0000] {dagbag.py:525} INFO - Filling up the DagBag from /opt/airflow/dags/hadoop-2.7.3/share/hadoop/hdfs/lib/jetty-util-6.1.26.jar
[2022-10-22T00:18:05.426+0000] {processor.py:770} WARNING - No viable dags retrieved from /opt/airflow/dags/hadoop-2.7.3/share/hadoop/hdfs/lib/jetty-util-6.1.26.jar
[2022-10-22T00:18:05.466+0000] {processor.py:178} INFO - Processing /opt/airflow/dags/hadoop-2.7.3/share/hadoop/hdfs/lib/jetty-util-6.1.26.jar took 0.070 seconds
[2022-10-22T00:18:22.663+0000] {processor.py:156} INFO - Started process (PID=27011) to work on /opt/airflow/dags/hadoop-2.7.3/share/hadoop/hdfs/lib/jetty-util-6.1.26.jar
[2022-10-22T00:18:22.666+0000] {processor.py:758} INFO - Processing file /opt/airflow/dags/hadoop-2.7.3/share/hadoop/hdfs/lib/jetty-util-6.1.26.jar for tasks to queue
[2022-10-22T00:18:22.669+0000] {logging_mixin.py:117} INFO - [2022-10-22T00:18:22.669+0000] {dagbag.py:525} INFO - Filling up the DagBag from /opt/airflow/dags/hadoop-2.7.3/share/hadoop/hdfs/lib/jetty-util-6.1.26.jar
[2022-10-22T00:18:22.678+0000] {processor.py:770} WARNING - No viable dags retrieved from /opt/airflow/dags/hadoop-2.7.3/share/hadoop/hdfs/lib/jetty-util-6.1.26.jar
[2022-10-22T00:18:22.713+0000] {processor.py:178} INFO - Processing /opt/airflow/dags/hadoop-2.7.3/share/hadoop/hdfs/lib/jetty-util-6.1.26.jar took 0.066 seconds
[2022-10-22T00:18:57.086+0000] {processor.py:156} INFO - Started process (PID=24890) to work on /opt/airflow/dags/hadoop-2.7.3/share/hadoop/hdfs/lib/jetty-util-6.1.26.jar
[2022-10-22T00:18:57.089+0000] {processor.py:758} INFO - Processing file /opt/airflow/dags/hadoop-2.7.3/share/hadoop/hdfs/lib/jetty-util-6.1.26.jar for tasks to queue
[2022-10-22T00:18:57.091+0000] {logging_mixin.py:117} INFO - [2022-10-22T00:18:57.091+0000] {dagbag.py:525} INFO - Filling up the DagBag from /opt/airflow/dags/hadoop-2.7.3/share/hadoop/hdfs/lib/jetty-util-6.1.26.jar
[2022-10-22T00:18:57.099+0000] {processor.py:770} WARNING - No viable dags retrieved from /opt/airflow/dags/hadoop-2.7.3/share/hadoop/hdfs/lib/jetty-util-6.1.26.jar
[2022-10-22T00:18:57.148+0000] {processor.py:178} INFO - Processing /opt/airflow/dags/hadoop-2.7.3/share/hadoop/hdfs/lib/jetty-util-6.1.26.jar took 0.070 seconds
[2022-10-22T00:19:00.517+0000] {processor.py:156} INFO - Started process (PID=27413) to work on /opt/airflow/dags/hadoop-2.7.3/share/hadoop/hdfs/lib/jetty-util-6.1.26.jar
[2022-10-22T00:19:00.519+0000] {processor.py:758} INFO - Processing file /opt/airflow/dags/hadoop-2.7.3/share/hadoop/hdfs/lib/jetty-util-6.1.26.jar for tasks to queue
[2022-10-22T00:19:00.522+0000] {logging_mixin.py:117} INFO - [2022-10-22T00:19:00.522+0000] {dagbag.py:525} INFO - Filling up the DagBag from /opt/airflow/dags/hadoop-2.7.3/share/hadoop/hdfs/lib/jetty-util-6.1.26.jar
[2022-10-22T00:19:00.533+0000] {processor.py:770} WARNING - No viable dags retrieved from /opt/airflow/dags/hadoop-2.7.3/share/hadoop/hdfs/lib/jetty-util-6.1.26.jar
[2022-10-22T00:19:00.592+0000] {processor.py:178} INFO - Processing /opt/airflow/dags/hadoop-2.7.3/share/hadoop/hdfs/lib/jetty-util-6.1.26.jar took 0.088 seconds
[2022-10-22T00:20:15.205+0000] {processor.py:156} INFO - Started process (PID=27839) to work on /opt/airflow/dags/hadoop-2.7.3/share/hadoop/hdfs/lib/jetty-util-6.1.26.jar
[2022-10-22T00:20:15.208+0000] {processor.py:758} INFO - Processing file /opt/airflow/dags/hadoop-2.7.3/share/hadoop/hdfs/lib/jetty-util-6.1.26.jar for tasks to queue
[2022-10-22T00:20:15.210+0000] {logging_mixin.py:117} INFO - [2022-10-22T00:20:15.210+0000] {dagbag.py:525} INFO - Filling up the DagBag from /opt/airflow/dags/hadoop-2.7.3/share/hadoop/hdfs/lib/jetty-util-6.1.26.jar
[2022-10-22T00:20:15.221+0000] {processor.py:770} WARNING - No viable dags retrieved from /opt/airflow/dags/hadoop-2.7.3/share/hadoop/hdfs/lib/jetty-util-6.1.26.jar
[2022-10-22T00:20:15.273+0000] {processor.py:178} INFO - Processing /opt/airflow/dags/hadoop-2.7.3/share/hadoop/hdfs/lib/jetty-util-6.1.26.jar took 0.082 seconds
[2022-10-22T00:20:23.235+0000] {processor.py:156} INFO - Started process (PID=25403) to work on /opt/airflow/dags/hadoop-2.7.3/share/hadoop/hdfs/lib/jetty-util-6.1.26.jar
[2022-10-22T00:20:23.238+0000] {processor.py:758} INFO - Processing file /opt/airflow/dags/hadoop-2.7.3/share/hadoop/hdfs/lib/jetty-util-6.1.26.jar for tasks to queue
[2022-10-22T00:20:23.243+0000] {logging_mixin.py:117} INFO - [2022-10-22T00:20:23.242+0000] {dagbag.py:525} INFO - Filling up the DagBag from /opt/airflow/dags/hadoop-2.7.3/share/hadoop/hdfs/lib/jetty-util-6.1.26.jar
[2022-10-22T00:20:23.258+0000] {processor.py:770} WARNING - No viable dags retrieved from /opt/airflow/dags/hadoop-2.7.3/share/hadoop/hdfs/lib/jetty-util-6.1.26.jar
[2022-10-22T00:20:23.313+0000] {processor.py:178} INFO - Processing /opt/airflow/dags/hadoop-2.7.3/share/hadoop/hdfs/lib/jetty-util-6.1.26.jar took 0.086 seconds
[2022-10-22T00:21:12.496+0000] {processor.py:156} INFO - Started process (PID=28407) to work on /opt/airflow/dags/hadoop-2.7.3/share/hadoop/hdfs/lib/jetty-util-6.1.26.jar
[2022-10-22T00:21:12.500+0000] {processor.py:758} INFO - Processing file /opt/airflow/dags/hadoop-2.7.3/share/hadoop/hdfs/lib/jetty-util-6.1.26.jar for tasks to queue
[2022-10-22T00:21:12.503+0000] {logging_mixin.py:117} INFO - [2022-10-22T00:21:12.502+0000] {dagbag.py:525} INFO - Filling up the DagBag from /opt/airflow/dags/hadoop-2.7.3/share/hadoop/hdfs/lib/jetty-util-6.1.26.jar
[2022-10-22T00:21:12.521+0000] {processor.py:770} WARNING - No viable dags retrieved from /opt/airflow/dags/hadoop-2.7.3/share/hadoop/hdfs/lib/jetty-util-6.1.26.jar
[2022-10-22T00:21:12.593+0000] {processor.py:178} INFO - Processing /opt/airflow/dags/hadoop-2.7.3/share/hadoop/hdfs/lib/jetty-util-6.1.26.jar took 0.105 seconds
[2022-10-22T00:21:17.243+0000] {processor.py:156} INFO - Started process (PID=25928) to work on /opt/airflow/dags/hadoop-2.7.3/share/hadoop/hdfs/lib/jetty-util-6.1.26.jar
[2022-10-22T00:21:17.247+0000] {processor.py:758} INFO - Processing file /opt/airflow/dags/hadoop-2.7.3/share/hadoop/hdfs/lib/jetty-util-6.1.26.jar for tasks to queue
[2022-10-22T00:21:17.250+0000] {logging_mixin.py:117} INFO - [2022-10-22T00:21:17.250+0000] {dagbag.py:525} INFO - Filling up the DagBag from /opt/airflow/dags/hadoop-2.7.3/share/hadoop/hdfs/lib/jetty-util-6.1.26.jar
[2022-10-22T00:21:17.263+0000] {processor.py:770} WARNING - No viable dags retrieved from /opt/airflow/dags/hadoop-2.7.3/share/hadoop/hdfs/lib/jetty-util-6.1.26.jar
[2022-10-22T00:21:17.314+0000] {processor.py:178} INFO - Processing /opt/airflow/dags/hadoop-2.7.3/share/hadoop/hdfs/lib/jetty-util-6.1.26.jar took 0.080 seconds
[2022-10-22T00:21:57.559+0000] {processor.py:156} INFO - Started process (PID=28826) to work on /opt/airflow/dags/hadoop-2.7.3/share/hadoop/hdfs/lib/jetty-util-6.1.26.jar
[2022-10-22T00:21:57.564+0000] {processor.py:758} INFO - Processing file /opt/airflow/dags/hadoop-2.7.3/share/hadoop/hdfs/lib/jetty-util-6.1.26.jar for tasks to queue
[2022-10-22T00:21:57.566+0000] {logging_mixin.py:117} INFO - [2022-10-22T00:21:57.566+0000] {dagbag.py:525} INFO - Filling up the DagBag from /opt/airflow/dags/hadoop-2.7.3/share/hadoop/hdfs/lib/jetty-util-6.1.26.jar
[2022-10-22T00:21:57.584+0000] {processor.py:770} WARNING - No viable dags retrieved from /opt/airflow/dags/hadoop-2.7.3/share/hadoop/hdfs/lib/jetty-util-6.1.26.jar
[2022-10-22T00:21:57.633+0000] {processor.py:178} INFO - Processing /opt/airflow/dags/hadoop-2.7.3/share/hadoop/hdfs/lib/jetty-util-6.1.26.jar took 0.088 seconds
[2022-10-22T00:22:06.503+0000] {processor.py:156} INFO - Started process (PID=26381) to work on /opt/airflow/dags/hadoop-2.7.3/share/hadoop/hdfs/lib/jetty-util-6.1.26.jar
[2022-10-22T00:22:06.507+0000] {processor.py:758} INFO - Processing file /opt/airflow/dags/hadoop-2.7.3/share/hadoop/hdfs/lib/jetty-util-6.1.26.jar for tasks to queue
[2022-10-22T00:22:06.511+0000] {logging_mixin.py:117} INFO - [2022-10-22T00:22:06.510+0000] {dagbag.py:525} INFO - Filling up the DagBag from /opt/airflow/dags/hadoop-2.7.3/share/hadoop/hdfs/lib/jetty-util-6.1.26.jar
[2022-10-22T00:22:06.523+0000] {processor.py:770} WARNING - No viable dags retrieved from /opt/airflow/dags/hadoop-2.7.3/share/hadoop/hdfs/lib/jetty-util-6.1.26.jar
[2022-10-22T00:22:06.579+0000] {processor.py:178} INFO - Processing /opt/airflow/dags/hadoop-2.7.3/share/hadoop/hdfs/lib/jetty-util-6.1.26.jar took 0.093 seconds
[2022-10-22T00:22:46.635+0000] {processor.py:156} INFO - Started process (PID=29300) to work on /opt/airflow/dags/hadoop-2.7.3/share/hadoop/hdfs/lib/jetty-util-6.1.26.jar
[2022-10-22T00:22:46.644+0000] {processor.py:758} INFO - Processing file /opt/airflow/dags/hadoop-2.7.3/share/hadoop/hdfs/lib/jetty-util-6.1.26.jar for tasks to queue
[2022-10-22T00:22:46.647+0000] {logging_mixin.py:117} INFO - [2022-10-22T00:22:46.646+0000] {dagbag.py:525} INFO - Filling up the DagBag from /opt/airflow/dags/hadoop-2.7.3/share/hadoop/hdfs/lib/jetty-util-6.1.26.jar
[2022-10-22T00:22:46.660+0000] {processor.py:770} WARNING - No viable dags retrieved from /opt/airflow/dags/hadoop-2.7.3/share/hadoop/hdfs/lib/jetty-util-6.1.26.jar
[2022-10-22T00:22:46.727+0000] {processor.py:178} INFO - Processing /opt/airflow/dags/hadoop-2.7.3/share/hadoop/hdfs/lib/jetty-util-6.1.26.jar took 0.100 seconds
[2022-10-22T00:22:58.878+0000] {processor.py:156} INFO - Started process (PID=26867) to work on /opt/airflow/dags/hadoop-2.7.3/share/hadoop/hdfs/lib/jetty-util-6.1.26.jar
[2022-10-22T00:22:58.884+0000] {processor.py:758} INFO - Processing file /opt/airflow/dags/hadoop-2.7.3/share/hadoop/hdfs/lib/jetty-util-6.1.26.jar for tasks to queue
[2022-10-22T00:22:58.889+0000] {logging_mixin.py:117} INFO - [2022-10-22T00:22:58.888+0000] {dagbag.py:525} INFO - Filling up the DagBag from /opt/airflow/dags/hadoop-2.7.3/share/hadoop/hdfs/lib/jetty-util-6.1.26.jar
[2022-10-22T00:22:58.919+0000] {processor.py:770} WARNING - No viable dags retrieved from /opt/airflow/dags/hadoop-2.7.3/share/hadoop/hdfs/lib/jetty-util-6.1.26.jar
[2022-10-22T00:22:58.970+0000] {processor.py:178} INFO - Processing /opt/airflow/dags/hadoop-2.7.3/share/hadoop/hdfs/lib/jetty-util-6.1.26.jar took 0.107 seconds
[2022-10-22T00:23:32.532+0000] {processor.py:156} INFO - Started process (PID=29804) to work on /opt/airflow/dags/hadoop-2.7.3/share/hadoop/hdfs/lib/jetty-util-6.1.26.jar
[2022-10-22T00:23:32.535+0000] {processor.py:758} INFO - Processing file /opt/airflow/dags/hadoop-2.7.3/share/hadoop/hdfs/lib/jetty-util-6.1.26.jar for tasks to queue
[2022-10-22T00:23:32.537+0000] {logging_mixin.py:117} INFO - [2022-10-22T00:23:32.537+0000] {dagbag.py:525} INFO - Filling up the DagBag from /opt/airflow/dags/hadoop-2.7.3/share/hadoop/hdfs/lib/jetty-util-6.1.26.jar
[2022-10-22T00:23:32.551+0000] {processor.py:770} WARNING - No viable dags retrieved from /opt/airflow/dags/hadoop-2.7.3/share/hadoop/hdfs/lib/jetty-util-6.1.26.jar
[2022-10-22T00:23:32.606+0000] {processor.py:178} INFO - Processing /opt/airflow/dags/hadoop-2.7.3/share/hadoop/hdfs/lib/jetty-util-6.1.26.jar took 0.088 seconds
[2022-10-22T00:23:37.914+0000] {processor.py:156} INFO - Started process (PID=27324) to work on /opt/airflow/dags/hadoop-2.7.3/share/hadoop/hdfs/lib/jetty-util-6.1.26.jar
[2022-10-22T00:23:37.916+0000] {processor.py:758} INFO - Processing file /opt/airflow/dags/hadoop-2.7.3/share/hadoop/hdfs/lib/jetty-util-6.1.26.jar for tasks to queue
[2022-10-22T00:23:37.918+0000] {logging_mixin.py:117} INFO - [2022-10-22T00:23:37.918+0000] {dagbag.py:525} INFO - Filling up the DagBag from /opt/airflow/dags/hadoop-2.7.3/share/hadoop/hdfs/lib/jetty-util-6.1.26.jar
[2022-10-22T00:23:37.929+0000] {processor.py:770} WARNING - No viable dags retrieved from /opt/airflow/dags/hadoop-2.7.3/share/hadoop/hdfs/lib/jetty-util-6.1.26.jar
[2022-10-22T00:23:37.975+0000] {processor.py:178} INFO - Processing /opt/airflow/dags/hadoop-2.7.3/share/hadoop/hdfs/lib/jetty-util-6.1.26.jar took 0.067 seconds
