[2022-10-22T00:00:17.077+0000] {processor.py:156} INFO - Started process (PID=18959) to work on /opt/airflow/dags/hadoop-2.7.3/share/hadoop/hdfs/lib/jsr305-3.0.0.jar
[2022-10-22T00:00:17.092+0000] {processor.py:758} INFO - Processing file /opt/airflow/dags/hadoop-2.7.3/share/hadoop/hdfs/lib/jsr305-3.0.0.jar for tasks to queue
[2022-10-22T00:00:17.101+0000] {logging_mixin.py:117} INFO - [2022-10-22T00:00:17.101+0000] {dagbag.py:525} INFO - Filling up the DagBag from /opt/airflow/dags/hadoop-2.7.3/share/hadoop/hdfs/lib/jsr305-3.0.0.jar
[2022-10-22T00:00:17.142+0000] {processor.py:770} WARNING - No viable dags retrieved from /opt/airflow/dags/hadoop-2.7.3/share/hadoop/hdfs/lib/jsr305-3.0.0.jar
[2022-10-22T00:00:17.438+0000] {processor.py:178} INFO - Processing /opt/airflow/dags/hadoop-2.7.3/share/hadoop/hdfs/lib/jsr305-3.0.0.jar took 0.374 seconds
[2022-10-22T00:00:39.180+0000] {processor.py:156} INFO - Started process (PID=16956) to work on /opt/airflow/dags/hadoop-2.7.3/share/hadoop/hdfs/lib/jsr305-3.0.0.jar
[2022-10-22T00:00:39.193+0000] {processor.py:758} INFO - Processing file /opt/airflow/dags/hadoop-2.7.3/share/hadoop/hdfs/lib/jsr305-3.0.0.jar for tasks to queue
[2022-10-22T00:00:39.200+0000] {logging_mixin.py:117} INFO - [2022-10-22T00:00:39.199+0000] {dagbag.py:525} INFO - Filling up the DagBag from /opt/airflow/dags/hadoop-2.7.3/share/hadoop/hdfs/lib/jsr305-3.0.0.jar
[2022-10-22T00:00:39.221+0000] {processor.py:770} WARNING - No viable dags retrieved from /opt/airflow/dags/hadoop-2.7.3/share/hadoop/hdfs/lib/jsr305-3.0.0.jar
[2022-10-22T00:00:39.290+0000] {processor.py:178} INFO - Processing /opt/airflow/dags/hadoop-2.7.3/share/hadoop/hdfs/lib/jsr305-3.0.0.jar took 0.141 seconds
[2022-10-22T00:01:31.257+0000] {processor.py:156} INFO - Started process (PID=19544) to work on /opt/airflow/dags/hadoop-2.7.3/share/hadoop/hdfs/lib/jsr305-3.0.0.jar
[2022-10-22T00:01:31.260+0000] {processor.py:758} INFO - Processing file /opt/airflow/dags/hadoop-2.7.3/share/hadoop/hdfs/lib/jsr305-3.0.0.jar for tasks to queue
[2022-10-22T00:01:31.264+0000] {logging_mixin.py:117} INFO - [2022-10-22T00:01:31.264+0000] {dagbag.py:525} INFO - Filling up the DagBag from /opt/airflow/dags/hadoop-2.7.3/share/hadoop/hdfs/lib/jsr305-3.0.0.jar
[2022-10-22T00:01:31.284+0000] {processor.py:770} WARNING - No viable dags retrieved from /opt/airflow/dags/hadoop-2.7.3/share/hadoop/hdfs/lib/jsr305-3.0.0.jar
[2022-10-22T00:01:31.372+0000] {processor.py:178} INFO - Processing /opt/airflow/dags/hadoop-2.7.3/share/hadoop/hdfs/lib/jsr305-3.0.0.jar took 0.154 seconds
[2022-10-22T00:02:02.957+0000] {processor.py:156} INFO - Started process (PID=17550) to work on /opt/airflow/dags/hadoop-2.7.3/share/hadoop/hdfs/lib/jsr305-3.0.0.jar
[2022-10-22T00:02:02.965+0000] {processor.py:758} INFO - Processing file /opt/airflow/dags/hadoop-2.7.3/share/hadoop/hdfs/lib/jsr305-3.0.0.jar for tasks to queue
[2022-10-22T00:02:02.968+0000] {logging_mixin.py:117} INFO - [2022-10-22T00:02:02.968+0000] {dagbag.py:525} INFO - Filling up the DagBag from /opt/airflow/dags/hadoop-2.7.3/share/hadoop/hdfs/lib/jsr305-3.0.0.jar
[2022-10-22T00:02:02.977+0000] {processor.py:770} WARNING - No viable dags retrieved from /opt/airflow/dags/hadoop-2.7.3/share/hadoop/hdfs/lib/jsr305-3.0.0.jar
[2022-10-22T00:02:03.031+0000] {processor.py:178} INFO - Processing /opt/airflow/dags/hadoop-2.7.3/share/hadoop/hdfs/lib/jsr305-3.0.0.jar took 0.094 seconds
[2022-10-22T00:02:22.292+0000] {processor.py:156} INFO - Started process (PID=20051) to work on /opt/airflow/dags/hadoop-2.7.3/share/hadoop/hdfs/lib/jsr305-3.0.0.jar
[2022-10-22T00:02:22.294+0000] {processor.py:758} INFO - Processing file /opt/airflow/dags/hadoop-2.7.3/share/hadoop/hdfs/lib/jsr305-3.0.0.jar for tasks to queue
[2022-10-22T00:02:22.297+0000] {logging_mixin.py:117} INFO - [2022-10-22T00:02:22.296+0000] {dagbag.py:525} INFO - Filling up the DagBag from /opt/airflow/dags/hadoop-2.7.3/share/hadoop/hdfs/lib/jsr305-3.0.0.jar
[2022-10-22T00:02:22.306+0000] {processor.py:770} WARNING - No viable dags retrieved from /opt/airflow/dags/hadoop-2.7.3/share/hadoop/hdfs/lib/jsr305-3.0.0.jar
[2022-10-22T00:02:22.338+0000] {processor.py:178} INFO - Processing /opt/airflow/dags/hadoop-2.7.3/share/hadoop/hdfs/lib/jsr305-3.0.0.jar took 0.053 seconds
[2022-10-22T00:03:43.954+0000] {processor.py:156} INFO - Started process (PID=18159) to work on /opt/airflow/dags/hadoop-2.7.3/share/hadoop/hdfs/lib/jsr305-3.0.0.jar
[2022-10-22T00:03:43.958+0000] {processor.py:758} INFO - Processing file /opt/airflow/dags/hadoop-2.7.3/share/hadoop/hdfs/lib/jsr305-3.0.0.jar for tasks to queue
[2022-10-22T00:03:43.960+0000] {logging_mixin.py:117} INFO - [2022-10-22T00:03:43.960+0000] {dagbag.py:525} INFO - Filling up the DagBag from /opt/airflow/dags/hadoop-2.7.3/share/hadoop/hdfs/lib/jsr305-3.0.0.jar
[2022-10-22T00:03:43.971+0000] {processor.py:770} WARNING - No viable dags retrieved from /opt/airflow/dags/hadoop-2.7.3/share/hadoop/hdfs/lib/jsr305-3.0.0.jar
[2022-10-22T00:03:44.072+0000] {processor.py:178} INFO - Processing /opt/airflow/dags/hadoop-2.7.3/share/hadoop/hdfs/lib/jsr305-3.0.0.jar took 0.128 seconds
[2022-10-22T00:03:50.227+0000] {processor.py:156} INFO - Started process (PID=20598) to work on /opt/airflow/dags/hadoop-2.7.3/share/hadoop/hdfs/lib/jsr305-3.0.0.jar
[2022-10-22T00:03:50.230+0000] {processor.py:758} INFO - Processing file /opt/airflow/dags/hadoop-2.7.3/share/hadoop/hdfs/lib/jsr305-3.0.0.jar for tasks to queue
[2022-10-22T00:03:50.234+0000] {logging_mixin.py:117} INFO - [2022-10-22T00:03:50.234+0000] {dagbag.py:525} INFO - Filling up the DagBag from /opt/airflow/dags/hadoop-2.7.3/share/hadoop/hdfs/lib/jsr305-3.0.0.jar
[2022-10-22T00:03:50.244+0000] {processor.py:770} WARNING - No viable dags retrieved from /opt/airflow/dags/hadoop-2.7.3/share/hadoop/hdfs/lib/jsr305-3.0.0.jar
[2022-10-22T00:03:50.305+0000] {processor.py:178} INFO - Processing /opt/airflow/dags/hadoop-2.7.3/share/hadoop/hdfs/lib/jsr305-3.0.0.jar took 0.092 seconds
[2022-10-22T00:04:38.953+0000] {processor.py:156} INFO - Started process (PID=21033) to work on /opt/airflow/dags/hadoop-2.7.3/share/hadoop/hdfs/lib/jsr305-3.0.0.jar
[2022-10-22T00:04:38.957+0000] {processor.py:758} INFO - Processing file /opt/airflow/dags/hadoop-2.7.3/share/hadoop/hdfs/lib/jsr305-3.0.0.jar for tasks to queue
[2022-10-22T00:04:38.959+0000] {logging_mixin.py:117} INFO - [2022-10-22T00:04:38.959+0000] {dagbag.py:525} INFO - Filling up the DagBag from /opt/airflow/dags/hadoop-2.7.3/share/hadoop/hdfs/lib/jsr305-3.0.0.jar
[2022-10-22T00:04:38.974+0000] {processor.py:770} WARNING - No viable dags retrieved from /opt/airflow/dags/hadoop-2.7.3/share/hadoop/hdfs/lib/jsr305-3.0.0.jar
[2022-10-22T00:04:39.038+0000] {processor.py:178} INFO - Processing /opt/airflow/dags/hadoop-2.7.3/share/hadoop/hdfs/lib/jsr305-3.0.0.jar took 0.099 seconds
[2022-10-22T00:04:43.850+0000] {processor.py:156} INFO - Started process (PID=18684) to work on /opt/airflow/dags/hadoop-2.7.3/share/hadoop/hdfs/lib/jsr305-3.0.0.jar
[2022-10-22T00:04:43.853+0000] {processor.py:758} INFO - Processing file /opt/airflow/dags/hadoop-2.7.3/share/hadoop/hdfs/lib/jsr305-3.0.0.jar for tasks to queue
[2022-10-22T00:04:43.855+0000] {logging_mixin.py:117} INFO - [2022-10-22T00:04:43.855+0000] {dagbag.py:525} INFO - Filling up the DagBag from /opt/airflow/dags/hadoop-2.7.3/share/hadoop/hdfs/lib/jsr305-3.0.0.jar
[2022-10-22T00:04:43.866+0000] {processor.py:770} WARNING - No viable dags retrieved from /opt/airflow/dags/hadoop-2.7.3/share/hadoop/hdfs/lib/jsr305-3.0.0.jar
[2022-10-22T00:04:43.912+0000] {processor.py:178} INFO - Processing /opt/airflow/dags/hadoop-2.7.3/share/hadoop/hdfs/lib/jsr305-3.0.0.jar took 0.071 seconds
[2022-10-22T00:05:28.826+0000] {processor.py:156} INFO - Started process (PID=21532) to work on /opt/airflow/dags/hadoop-2.7.3/share/hadoop/hdfs/lib/jsr305-3.0.0.jar
[2022-10-22T00:05:28.838+0000] {processor.py:758} INFO - Processing file /opt/airflow/dags/hadoop-2.7.3/share/hadoop/hdfs/lib/jsr305-3.0.0.jar for tasks to queue
[2022-10-22T00:05:28.841+0000] {logging_mixin.py:117} INFO - [2022-10-22T00:05:28.841+0000] {dagbag.py:525} INFO - Filling up the DagBag from /opt/airflow/dags/hadoop-2.7.3/share/hadoop/hdfs/lib/jsr305-3.0.0.jar
[2022-10-22T00:05:28.861+0000] {processor.py:770} WARNING - No viable dags retrieved from /opt/airflow/dags/hadoop-2.7.3/share/hadoop/hdfs/lib/jsr305-3.0.0.jar
[2022-10-22T00:05:28.936+0000] {processor.py:178} INFO - Processing /opt/airflow/dags/hadoop-2.7.3/share/hadoop/hdfs/lib/jsr305-3.0.0.jar took 0.128 seconds
[2022-10-22T00:05:36.165+0000] {processor.py:156} INFO - Started process (PID=19183) to work on /opt/airflow/dags/hadoop-2.7.3/share/hadoop/hdfs/lib/jsr305-3.0.0.jar
[2022-10-22T00:05:36.174+0000] {processor.py:758} INFO - Processing file /opt/airflow/dags/hadoop-2.7.3/share/hadoop/hdfs/lib/jsr305-3.0.0.jar for tasks to queue
[2022-10-22T00:05:36.177+0000] {logging_mixin.py:117} INFO - [2022-10-22T00:05:36.176+0000] {dagbag.py:525} INFO - Filling up the DagBag from /opt/airflow/dags/hadoop-2.7.3/share/hadoop/hdfs/lib/jsr305-3.0.0.jar
[2022-10-22T00:05:36.189+0000] {processor.py:770} WARNING - No viable dags retrieved from /opt/airflow/dags/hadoop-2.7.3/share/hadoop/hdfs/lib/jsr305-3.0.0.jar
[2022-10-22T00:05:36.243+0000] {processor.py:178} INFO - Processing /opt/airflow/dags/hadoop-2.7.3/share/hadoop/hdfs/lib/jsr305-3.0.0.jar took 0.084 seconds
[2022-10-22T00:06:13.301+0000] {processor.py:156} INFO - Started process (PID=21968) to work on /opt/airflow/dags/hadoop-2.7.3/share/hadoop/hdfs/lib/jsr305-3.0.0.jar
[2022-10-22T00:06:13.304+0000] {processor.py:758} INFO - Processing file /opt/airflow/dags/hadoop-2.7.3/share/hadoop/hdfs/lib/jsr305-3.0.0.jar for tasks to queue
[2022-10-22T00:06:13.307+0000] {logging_mixin.py:117} INFO - [2022-10-22T00:06:13.307+0000] {dagbag.py:525} INFO - Filling up the DagBag from /opt/airflow/dags/hadoop-2.7.3/share/hadoop/hdfs/lib/jsr305-3.0.0.jar
[2022-10-22T00:06:13.316+0000] {processor.py:770} WARNING - No viable dags retrieved from /opt/airflow/dags/hadoop-2.7.3/share/hadoop/hdfs/lib/jsr305-3.0.0.jar
[2022-10-22T00:06:13.361+0000] {processor.py:178} INFO - Processing /opt/airflow/dags/hadoop-2.7.3/share/hadoop/hdfs/lib/jsr305-3.0.0.jar took 0.070 seconds
[2022-10-22T00:06:22.077+0000] {processor.py:156} INFO - Started process (PID=19619) to work on /opt/airflow/dags/hadoop-2.7.3/share/hadoop/hdfs/lib/jsr305-3.0.0.jar
[2022-10-22T00:06:22.082+0000] {processor.py:758} INFO - Processing file /opt/airflow/dags/hadoop-2.7.3/share/hadoop/hdfs/lib/jsr305-3.0.0.jar for tasks to queue
[2022-10-22T00:06:22.087+0000] {logging_mixin.py:117} INFO - [2022-10-22T00:06:22.087+0000] {dagbag.py:525} INFO - Filling up the DagBag from /opt/airflow/dags/hadoop-2.7.3/share/hadoop/hdfs/lib/jsr305-3.0.0.jar
[2022-10-22T00:06:22.104+0000] {processor.py:770} WARNING - No viable dags retrieved from /opt/airflow/dags/hadoop-2.7.3/share/hadoop/hdfs/lib/jsr305-3.0.0.jar
[2022-10-22T00:06:22.167+0000] {processor.py:178} INFO - Processing /opt/airflow/dags/hadoop-2.7.3/share/hadoop/hdfs/lib/jsr305-3.0.0.jar took 0.112 seconds
[2022-10-22T00:06:58.659+0000] {processor.py:156} INFO - Started process (PID=22426) to work on /opt/airflow/dags/hadoop-2.7.3/share/hadoop/hdfs/lib/jsr305-3.0.0.jar
[2022-10-22T00:06:58.662+0000] {processor.py:758} INFO - Processing file /opt/airflow/dags/hadoop-2.7.3/share/hadoop/hdfs/lib/jsr305-3.0.0.jar for tasks to queue
[2022-10-22T00:06:58.664+0000] {logging_mixin.py:117} INFO - [2022-10-22T00:06:58.664+0000] {dagbag.py:525} INFO - Filling up the DagBag from /opt/airflow/dags/hadoop-2.7.3/share/hadoop/hdfs/lib/jsr305-3.0.0.jar
[2022-10-22T00:06:58.672+0000] {processor.py:770} WARNING - No viable dags retrieved from /opt/airflow/dags/hadoop-2.7.3/share/hadoop/hdfs/lib/jsr305-3.0.0.jar
[2022-10-22T00:06:58.741+0000] {processor.py:178} INFO - Processing /opt/airflow/dags/hadoop-2.7.3/share/hadoop/hdfs/lib/jsr305-3.0.0.jar took 0.091 seconds
[2022-10-22T00:07:10.045+0000] {processor.py:156} INFO - Started process (PID=20093) to work on /opt/airflow/dags/hadoop-2.7.3/share/hadoop/hdfs/lib/jsr305-3.0.0.jar
[2022-10-22T00:07:10.047+0000] {processor.py:758} INFO - Processing file /opt/airflow/dags/hadoop-2.7.3/share/hadoop/hdfs/lib/jsr305-3.0.0.jar for tasks to queue
[2022-10-22T00:07:10.051+0000] {logging_mixin.py:117} INFO - [2022-10-22T00:07:10.051+0000] {dagbag.py:525} INFO - Filling up the DagBag from /opt/airflow/dags/hadoop-2.7.3/share/hadoop/hdfs/lib/jsr305-3.0.0.jar
[2022-10-22T00:07:10.062+0000] {processor.py:770} WARNING - No viable dags retrieved from /opt/airflow/dags/hadoop-2.7.3/share/hadoop/hdfs/lib/jsr305-3.0.0.jar
[2022-10-22T00:07:10.112+0000] {processor.py:178} INFO - Processing /opt/airflow/dags/hadoop-2.7.3/share/hadoop/hdfs/lib/jsr305-3.0.0.jar took 0.077 seconds
[2022-10-22T00:07:51.197+0000] {processor.py:156} INFO - Started process (PID=22950) to work on /opt/airflow/dags/hadoop-2.7.3/share/hadoop/hdfs/lib/jsr305-3.0.0.jar
[2022-10-22T00:07:51.204+0000] {processor.py:758} INFO - Processing file /opt/airflow/dags/hadoop-2.7.3/share/hadoop/hdfs/lib/jsr305-3.0.0.jar for tasks to queue
[2022-10-22T00:07:51.211+0000] {logging_mixin.py:117} INFO - [2022-10-22T00:07:51.210+0000] {dagbag.py:525} INFO - Filling up the DagBag from /opt/airflow/dags/hadoop-2.7.3/share/hadoop/hdfs/lib/jsr305-3.0.0.jar
[2022-10-22T00:07:51.237+0000] {processor.py:770} WARNING - No viable dags retrieved from /opt/airflow/dags/hadoop-2.7.3/share/hadoop/hdfs/lib/jsr305-3.0.0.jar
[2022-10-22T00:07:51.314+0000] {processor.py:178} INFO - Processing /opt/airflow/dags/hadoop-2.7.3/share/hadoop/hdfs/lib/jsr305-3.0.0.jar took 0.132 seconds
[2022-10-22T00:08:45.216+0000] {processor.py:156} INFO - Started process (PID=20628) to work on /opt/airflow/dags/hadoop-2.7.3/share/hadoop/hdfs/lib/jsr305-3.0.0.jar
[2022-10-22T00:08:45.219+0000] {processor.py:758} INFO - Processing file /opt/airflow/dags/hadoop-2.7.3/share/hadoop/hdfs/lib/jsr305-3.0.0.jar for tasks to queue
[2022-10-22T00:08:45.222+0000] {logging_mixin.py:117} INFO - [2022-10-22T00:08:45.221+0000] {dagbag.py:525} INFO - Filling up the DagBag from /opt/airflow/dags/hadoop-2.7.3/share/hadoop/hdfs/lib/jsr305-3.0.0.jar
[2022-10-22T00:08:45.234+0000] {processor.py:770} WARNING - No viable dags retrieved from /opt/airflow/dags/hadoop-2.7.3/share/hadoop/hdfs/lib/jsr305-3.0.0.jar
[2022-10-22T00:08:45.271+0000] {processor.py:178} INFO - Processing /opt/airflow/dags/hadoop-2.7.3/share/hadoop/hdfs/lib/jsr305-3.0.0.jar took 0.076 seconds
[2022-10-22T00:09:10.294+0000] {processor.py:156} INFO - Started process (PID=23327) to work on /opt/airflow/dags/hadoop-2.7.3/share/hadoop/hdfs/lib/jsr305-3.0.0.jar
[2022-10-22T00:09:10.297+0000] {processor.py:758} INFO - Processing file /opt/airflow/dags/hadoop-2.7.3/share/hadoop/hdfs/lib/jsr305-3.0.0.jar for tasks to queue
[2022-10-22T00:09:10.300+0000] {logging_mixin.py:117} INFO - [2022-10-22T00:09:10.299+0000] {dagbag.py:525} INFO - Filling up the DagBag from /opt/airflow/dags/hadoop-2.7.3/share/hadoop/hdfs/lib/jsr305-3.0.0.jar
[2022-10-22T00:09:10.310+0000] {processor.py:770} WARNING - No viable dags retrieved from /opt/airflow/dags/hadoop-2.7.3/share/hadoop/hdfs/lib/jsr305-3.0.0.jar
[2022-10-22T00:09:10.351+0000] {processor.py:178} INFO - Processing /opt/airflow/dags/hadoop-2.7.3/share/hadoop/hdfs/lib/jsr305-3.0.0.jar took 0.066 seconds
[2022-10-22T00:09:29.400+0000] {processor.py:156} INFO - Started process (PID=21027) to work on /opt/airflow/dags/hadoop-2.7.3/share/hadoop/hdfs/lib/jsr305-3.0.0.jar
[2022-10-22T00:09:29.405+0000] {processor.py:758} INFO - Processing file /opt/airflow/dags/hadoop-2.7.3/share/hadoop/hdfs/lib/jsr305-3.0.0.jar for tasks to queue
[2022-10-22T00:09:29.418+0000] {logging_mixin.py:117} INFO - [2022-10-22T00:09:29.418+0000] {dagbag.py:525} INFO - Filling up the DagBag from /opt/airflow/dags/hadoop-2.7.3/share/hadoop/hdfs/lib/jsr305-3.0.0.jar
[2022-10-22T00:09:29.428+0000] {processor.py:770} WARNING - No viable dags retrieved from /opt/airflow/dags/hadoop-2.7.3/share/hadoop/hdfs/lib/jsr305-3.0.0.jar
[2022-10-22T00:09:29.464+0000] {processor.py:178} INFO - Processing /opt/airflow/dags/hadoop-2.7.3/share/hadoop/hdfs/lib/jsr305-3.0.0.jar took 0.072 seconds
[2022-10-22T00:11:14.655+0000] {processor.py:156} INFO - Started process (PID=23858) to work on /opt/airflow/dags/hadoop-2.7.3/share/hadoop/hdfs/lib/jsr305-3.0.0.jar
[2022-10-22T00:11:14.672+0000] {processor.py:758} INFO - Processing file /opt/airflow/dags/hadoop-2.7.3/share/hadoop/hdfs/lib/jsr305-3.0.0.jar for tasks to queue
[2022-10-22T00:11:14.684+0000] {logging_mixin.py:117} INFO - [2022-10-22T00:11:14.681+0000] {dagbag.py:525} INFO - Filling up the DagBag from /opt/airflow/dags/hadoop-2.7.3/share/hadoop/hdfs/lib/jsr305-3.0.0.jar
[2022-10-22T00:11:14.716+0000] {processor.py:770} WARNING - No viable dags retrieved from /opt/airflow/dags/hadoop-2.7.3/share/hadoop/hdfs/lib/jsr305-3.0.0.jar
[2022-10-22T00:11:14.769+0000] {processor.py:178} INFO - Processing /opt/airflow/dags/hadoop-2.7.3/share/hadoop/hdfs/lib/jsr305-3.0.0.jar took 0.135 seconds
[2022-10-22T00:11:25.363+0000] {processor.py:156} INFO - Started process (PID=21509) to work on /opt/airflow/dags/hadoop-2.7.3/share/hadoop/hdfs/lib/jsr305-3.0.0.jar
[2022-10-22T00:11:25.369+0000] {processor.py:758} INFO - Processing file /opt/airflow/dags/hadoop-2.7.3/share/hadoop/hdfs/lib/jsr305-3.0.0.jar for tasks to queue
[2022-10-22T00:11:25.371+0000] {logging_mixin.py:117} INFO - [2022-10-22T00:11:25.370+0000] {dagbag.py:525} INFO - Filling up the DagBag from /opt/airflow/dags/hadoop-2.7.3/share/hadoop/hdfs/lib/jsr305-3.0.0.jar
[2022-10-22T00:11:25.377+0000] {processor.py:770} WARNING - No viable dags retrieved from /opt/airflow/dags/hadoop-2.7.3/share/hadoop/hdfs/lib/jsr305-3.0.0.jar
[2022-10-22T00:11:25.408+0000] {processor.py:178} INFO - Processing /opt/airflow/dags/hadoop-2.7.3/share/hadoop/hdfs/lib/jsr305-3.0.0.jar took 0.055 seconds
[2022-10-22T00:11:48.949+0000] {processor.py:156} INFO - Started process (PID=24367) to work on /opt/airflow/dags/hadoop-2.7.3/share/hadoop/hdfs/lib/jsr305-3.0.0.jar
[2022-10-22T00:11:48.951+0000] {processor.py:758} INFO - Processing file /opt/airflow/dags/hadoop-2.7.3/share/hadoop/hdfs/lib/jsr305-3.0.0.jar for tasks to queue
[2022-10-22T00:11:48.953+0000] {logging_mixin.py:117} INFO - [2022-10-22T00:11:48.953+0000] {dagbag.py:525} INFO - Filling up the DagBag from /opt/airflow/dags/hadoop-2.7.3/share/hadoop/hdfs/lib/jsr305-3.0.0.jar
[2022-10-22T00:11:48.959+0000] {processor.py:770} WARNING - No viable dags retrieved from /opt/airflow/dags/hadoop-2.7.3/share/hadoop/hdfs/lib/jsr305-3.0.0.jar
[2022-10-22T00:11:48.993+0000] {processor.py:178} INFO - Processing /opt/airflow/dags/hadoop-2.7.3/share/hadoop/hdfs/lib/jsr305-3.0.0.jar took 0.050 seconds
[2022-10-22T00:12:02.234+0000] {processor.py:156} INFO - Started process (PID=22026) to work on /opt/airflow/dags/hadoop-2.7.3/share/hadoop/hdfs/lib/jsr305-3.0.0.jar
[2022-10-22T00:12:02.237+0000] {processor.py:758} INFO - Processing file /opt/airflow/dags/hadoop-2.7.3/share/hadoop/hdfs/lib/jsr305-3.0.0.jar for tasks to queue
[2022-10-22T00:12:02.240+0000] {logging_mixin.py:117} INFO - [2022-10-22T00:12:02.240+0000] {dagbag.py:525} INFO - Filling up the DagBag from /opt/airflow/dags/hadoop-2.7.3/share/hadoop/hdfs/lib/jsr305-3.0.0.jar
[2022-10-22T00:12:02.246+0000] {processor.py:770} WARNING - No viable dags retrieved from /opt/airflow/dags/hadoop-2.7.3/share/hadoop/hdfs/lib/jsr305-3.0.0.jar
[2022-10-22T00:12:02.295+0000] {processor.py:178} INFO - Processing /opt/airflow/dags/hadoop-2.7.3/share/hadoop/hdfs/lib/jsr305-3.0.0.jar took 0.069 seconds
[2022-10-22T00:15:08.270+0000] {processor.py:156} INFO - Started process (PID=22487) to work on /opt/airflow/dags/hadoop-2.7.3/share/hadoop/hdfs/lib/jsr305-3.0.0.jar
[2022-10-22T00:15:08.275+0000] {processor.py:758} INFO - Processing file /opt/airflow/dags/hadoop-2.7.3/share/hadoop/hdfs/lib/jsr305-3.0.0.jar for tasks to queue
[2022-10-22T00:15:08.278+0000] {logging_mixin.py:117} INFO - [2022-10-22T00:15:08.278+0000] {dagbag.py:525} INFO - Filling up the DagBag from /opt/airflow/dags/hadoop-2.7.3/share/hadoop/hdfs/lib/jsr305-3.0.0.jar
[2022-10-22T00:15:08.285+0000] {processor.py:770} WARNING - No viable dags retrieved from /opt/airflow/dags/hadoop-2.7.3/share/hadoop/hdfs/lib/jsr305-3.0.0.jar
[2022-10-22T00:15:08.314+0000] {processor.py:178} INFO - Processing /opt/airflow/dags/hadoop-2.7.3/share/hadoop/hdfs/lib/jsr305-3.0.0.jar took 0.052 seconds
[2022-10-22T00:15:21.508+0000] {processor.py:156} INFO - Started process (PID=25053) to work on /opt/airflow/dags/hadoop-2.7.3/share/hadoop/hdfs/lib/jsr305-3.0.0.jar
[2022-10-22T00:15:21.518+0000] {processor.py:758} INFO - Processing file /opt/airflow/dags/hadoop-2.7.3/share/hadoop/hdfs/lib/jsr305-3.0.0.jar for tasks to queue
[2022-10-22T00:15:21.529+0000] {logging_mixin.py:117} INFO - [2022-10-22T00:15:21.529+0000] {dagbag.py:525} INFO - Filling up the DagBag from /opt/airflow/dags/hadoop-2.7.3/share/hadoop/hdfs/lib/jsr305-3.0.0.jar
[2022-10-22T00:15:21.544+0000] {processor.py:770} WARNING - No viable dags retrieved from /opt/airflow/dags/hadoop-2.7.3/share/hadoop/hdfs/lib/jsr305-3.0.0.jar
[2022-10-22T00:15:21.577+0000] {processor.py:178} INFO - Processing /opt/airflow/dags/hadoop-2.7.3/share/hadoop/hdfs/lib/jsr305-3.0.0.jar took 0.075 seconds
[2022-10-22T00:15:58.153+0000] {processor.py:156} INFO - Started process (PID=23011) to work on /opt/airflow/dags/hadoop-2.7.3/share/hadoop/hdfs/lib/jsr305-3.0.0.jar
[2022-10-22T00:15:58.158+0000] {processor.py:758} INFO - Processing file /opt/airflow/dags/hadoop-2.7.3/share/hadoop/hdfs/lib/jsr305-3.0.0.jar for tasks to queue
[2022-10-22T00:15:58.160+0000] {logging_mixin.py:117} INFO - [2022-10-22T00:15:58.159+0000] {dagbag.py:525} INFO - Filling up the DagBag from /opt/airflow/dags/hadoop-2.7.3/share/hadoop/hdfs/lib/jsr305-3.0.0.jar
[2022-10-22T00:15:58.171+0000] {processor.py:770} WARNING - No viable dags retrieved from /opt/airflow/dags/hadoop-2.7.3/share/hadoop/hdfs/lib/jsr305-3.0.0.jar
[2022-10-22T00:15:58.212+0000] {processor.py:178} INFO - Processing /opt/airflow/dags/hadoop-2.7.3/share/hadoop/hdfs/lib/jsr305-3.0.0.jar took 0.067 seconds
[2022-10-22T00:16:08.585+0000] {processor.py:156} INFO - Started process (PID=25570) to work on /opt/airflow/dags/hadoop-2.7.3/share/hadoop/hdfs/lib/jsr305-3.0.0.jar
[2022-10-22T00:16:08.591+0000] {processor.py:758} INFO - Processing file /opt/airflow/dags/hadoop-2.7.3/share/hadoop/hdfs/lib/jsr305-3.0.0.jar for tasks to queue
[2022-10-22T00:16:08.593+0000] {logging_mixin.py:117} INFO - [2022-10-22T00:16:08.593+0000] {dagbag.py:525} INFO - Filling up the DagBag from /opt/airflow/dags/hadoop-2.7.3/share/hadoop/hdfs/lib/jsr305-3.0.0.jar
[2022-10-22T00:16:08.600+0000] {processor.py:770} WARNING - No viable dags retrieved from /opt/airflow/dags/hadoop-2.7.3/share/hadoop/hdfs/lib/jsr305-3.0.0.jar
[2022-10-22T00:16:08.641+0000] {processor.py:178} INFO - Processing /opt/airflow/dags/hadoop-2.7.3/share/hadoop/hdfs/lib/jsr305-3.0.0.jar took 0.067 seconds
[2022-10-22T00:16:44.499+0000] {processor.py:156} INFO - Started process (PID=23527) to work on /opt/airflow/dags/hadoop-2.7.3/share/hadoop/hdfs/lib/jsr305-3.0.0.jar
[2022-10-22T00:16:44.505+0000] {processor.py:758} INFO - Processing file /opt/airflow/dags/hadoop-2.7.3/share/hadoop/hdfs/lib/jsr305-3.0.0.jar for tasks to queue
[2022-10-22T00:16:44.509+0000] {logging_mixin.py:117} INFO - [2022-10-22T00:16:44.508+0000] {dagbag.py:525} INFO - Filling up the DagBag from /opt/airflow/dags/hadoop-2.7.3/share/hadoop/hdfs/lib/jsr305-3.0.0.jar
[2022-10-22T00:16:44.522+0000] {processor.py:770} WARNING - No viable dags retrieved from /opt/airflow/dags/hadoop-2.7.3/share/hadoop/hdfs/lib/jsr305-3.0.0.jar
[2022-10-22T00:16:44.580+0000] {processor.py:178} INFO - Processing /opt/airflow/dags/hadoop-2.7.3/share/hadoop/hdfs/lib/jsr305-3.0.0.jar took 0.101 seconds
[2022-10-22T00:16:55.986+0000] {processor.py:156} INFO - Started process (PID=26092) to work on /opt/airflow/dags/hadoop-2.7.3/share/hadoop/hdfs/lib/jsr305-3.0.0.jar
[2022-10-22T00:16:55.988+0000] {processor.py:758} INFO - Processing file /opt/airflow/dags/hadoop-2.7.3/share/hadoop/hdfs/lib/jsr305-3.0.0.jar for tasks to queue
[2022-10-22T00:16:55.990+0000] {logging_mixin.py:117} INFO - [2022-10-22T00:16:55.990+0000] {dagbag.py:525} INFO - Filling up the DagBag from /opt/airflow/dags/hadoop-2.7.3/share/hadoop/hdfs/lib/jsr305-3.0.0.jar
[2022-10-22T00:16:55.999+0000] {processor.py:770} WARNING - No viable dags retrieved from /opt/airflow/dags/hadoop-2.7.3/share/hadoop/hdfs/lib/jsr305-3.0.0.jar
[2022-10-22T00:16:56.040+0000] {processor.py:178} INFO - Processing /opt/airflow/dags/hadoop-2.7.3/share/hadoop/hdfs/lib/jsr305-3.0.0.jar took 0.061 seconds
[2022-10-22T00:17:25.354+0000] {processor.py:156} INFO - Started process (PID=23940) to work on /opt/airflow/dags/hadoop-2.7.3/share/hadoop/hdfs/lib/jsr305-3.0.0.jar
[2022-10-22T00:17:25.360+0000] {processor.py:758} INFO - Processing file /opt/airflow/dags/hadoop-2.7.3/share/hadoop/hdfs/lib/jsr305-3.0.0.jar for tasks to queue
[2022-10-22T00:17:25.364+0000] {logging_mixin.py:117} INFO - [2022-10-22T00:17:25.363+0000] {dagbag.py:525} INFO - Filling up the DagBag from /opt/airflow/dags/hadoop-2.7.3/share/hadoop/hdfs/lib/jsr305-3.0.0.jar
[2022-10-22T00:17:25.372+0000] {processor.py:770} WARNING - No viable dags retrieved from /opt/airflow/dags/hadoop-2.7.3/share/hadoop/hdfs/lib/jsr305-3.0.0.jar
[2022-10-22T00:17:25.442+0000] {processor.py:178} INFO - Processing /opt/airflow/dags/hadoop-2.7.3/share/hadoop/hdfs/lib/jsr305-3.0.0.jar took 0.102 seconds
[2022-10-22T00:17:46.239+0000] {processor.py:156} INFO - Started process (PID=26624) to work on /opt/airflow/dags/hadoop-2.7.3/share/hadoop/hdfs/lib/jsr305-3.0.0.jar
[2022-10-22T00:17:46.248+0000] {processor.py:758} INFO - Processing file /opt/airflow/dags/hadoop-2.7.3/share/hadoop/hdfs/lib/jsr305-3.0.0.jar for tasks to queue
[2022-10-22T00:17:46.251+0000] {logging_mixin.py:117} INFO - [2022-10-22T00:17:46.250+0000] {dagbag.py:525} INFO - Filling up the DagBag from /opt/airflow/dags/hadoop-2.7.3/share/hadoop/hdfs/lib/jsr305-3.0.0.jar
[2022-10-22T00:17:46.258+0000] {processor.py:770} WARNING - No viable dags retrieved from /opt/airflow/dags/hadoop-2.7.3/share/hadoop/hdfs/lib/jsr305-3.0.0.jar
[2022-10-22T00:17:46.312+0000] {processor.py:178} INFO - Processing /opt/airflow/dags/hadoop-2.7.3/share/hadoop/hdfs/lib/jsr305-3.0.0.jar took 0.086 seconds
[2022-10-22T00:18:05.498+0000] {processor.py:156} INFO - Started process (PID=24358) to work on /opt/airflow/dags/hadoop-2.7.3/share/hadoop/hdfs/lib/jsr305-3.0.0.jar
[2022-10-22T00:18:05.501+0000] {processor.py:758} INFO - Processing file /opt/airflow/dags/hadoop-2.7.3/share/hadoop/hdfs/lib/jsr305-3.0.0.jar for tasks to queue
[2022-10-22T00:18:05.503+0000] {logging_mixin.py:117} INFO - [2022-10-22T00:18:05.502+0000] {dagbag.py:525} INFO - Filling up the DagBag from /opt/airflow/dags/hadoop-2.7.3/share/hadoop/hdfs/lib/jsr305-3.0.0.jar
[2022-10-22T00:18:05.514+0000] {processor.py:770} WARNING - No viable dags retrieved from /opt/airflow/dags/hadoop-2.7.3/share/hadoop/hdfs/lib/jsr305-3.0.0.jar
[2022-10-22T00:18:05.571+0000] {processor.py:178} INFO - Processing /opt/airflow/dags/hadoop-2.7.3/share/hadoop/hdfs/lib/jsr305-3.0.0.jar took 0.082 seconds
[2022-10-22T00:18:22.748+0000] {processor.py:156} INFO - Started process (PID=27012) to work on /opt/airflow/dags/hadoop-2.7.3/share/hadoop/hdfs/lib/jsr305-3.0.0.jar
[2022-10-22T00:18:22.750+0000] {processor.py:758} INFO - Processing file /opt/airflow/dags/hadoop-2.7.3/share/hadoop/hdfs/lib/jsr305-3.0.0.jar for tasks to queue
[2022-10-22T00:18:22.754+0000] {logging_mixin.py:117} INFO - [2022-10-22T00:18:22.753+0000] {dagbag.py:525} INFO - Filling up the DagBag from /opt/airflow/dags/hadoop-2.7.3/share/hadoop/hdfs/lib/jsr305-3.0.0.jar
[2022-10-22T00:18:22.767+0000] {processor.py:770} WARNING - No viable dags retrieved from /opt/airflow/dags/hadoop-2.7.3/share/hadoop/hdfs/lib/jsr305-3.0.0.jar
[2022-10-22T00:18:22.822+0000] {processor.py:178} INFO - Processing /opt/airflow/dags/hadoop-2.7.3/share/hadoop/hdfs/lib/jsr305-3.0.0.jar took 0.091 seconds
[2022-10-22T00:18:57.239+0000] {processor.py:156} INFO - Started process (PID=24891) to work on /opt/airflow/dags/hadoop-2.7.3/share/hadoop/hdfs/lib/jsr305-3.0.0.jar
[2022-10-22T00:18:57.243+0000] {processor.py:758} INFO - Processing file /opt/airflow/dags/hadoop-2.7.3/share/hadoop/hdfs/lib/jsr305-3.0.0.jar for tasks to queue
[2022-10-22T00:18:57.245+0000] {logging_mixin.py:117} INFO - [2022-10-22T00:18:57.244+0000] {dagbag.py:525} INFO - Filling up the DagBag from /opt/airflow/dags/hadoop-2.7.3/share/hadoop/hdfs/lib/jsr305-3.0.0.jar
[2022-10-22T00:18:57.256+0000] {processor.py:770} WARNING - No viable dags retrieved from /opt/airflow/dags/hadoop-2.7.3/share/hadoop/hdfs/lib/jsr305-3.0.0.jar
[2022-10-22T00:18:57.315+0000] {processor.py:178} INFO - Processing /opt/airflow/dags/hadoop-2.7.3/share/hadoop/hdfs/lib/jsr305-3.0.0.jar took 0.091 seconds
[2022-10-22T00:19:00.583+0000] {processor.py:156} INFO - Started process (PID=27414) to work on /opt/airflow/dags/hadoop-2.7.3/share/hadoop/hdfs/lib/jsr305-3.0.0.jar
[2022-10-22T00:19:00.590+0000] {processor.py:758} INFO - Processing file /opt/airflow/dags/hadoop-2.7.3/share/hadoop/hdfs/lib/jsr305-3.0.0.jar for tasks to queue
[2022-10-22T00:19:00.593+0000] {logging_mixin.py:117} INFO - [2022-10-22T00:19:00.593+0000] {dagbag.py:525} INFO - Filling up the DagBag from /opt/airflow/dags/hadoop-2.7.3/share/hadoop/hdfs/lib/jsr305-3.0.0.jar
[2022-10-22T00:19:00.603+0000] {processor.py:770} WARNING - No viable dags retrieved from /opt/airflow/dags/hadoop-2.7.3/share/hadoop/hdfs/lib/jsr305-3.0.0.jar
[2022-10-22T00:19:00.653+0000] {processor.py:178} INFO - Processing /opt/airflow/dags/hadoop-2.7.3/share/hadoop/hdfs/lib/jsr305-3.0.0.jar took 0.085 seconds
[2022-10-22T00:20:15.235+0000] {processor.py:156} INFO - Started process (PID=27840) to work on /opt/airflow/dags/hadoop-2.7.3/share/hadoop/hdfs/lib/jsr305-3.0.0.jar
[2022-10-22T00:20:15.239+0000] {processor.py:758} INFO - Processing file /opt/airflow/dags/hadoop-2.7.3/share/hadoop/hdfs/lib/jsr305-3.0.0.jar for tasks to queue
[2022-10-22T00:20:15.245+0000] {logging_mixin.py:117} INFO - [2022-10-22T00:20:15.244+0000] {dagbag.py:525} INFO - Filling up the DagBag from /opt/airflow/dags/hadoop-2.7.3/share/hadoop/hdfs/lib/jsr305-3.0.0.jar
[2022-10-22T00:20:15.259+0000] {processor.py:770} WARNING - No viable dags retrieved from /opt/airflow/dags/hadoop-2.7.3/share/hadoop/hdfs/lib/jsr305-3.0.0.jar
[2022-10-22T00:20:15.309+0000] {processor.py:178} INFO - Processing /opt/airflow/dags/hadoop-2.7.3/share/hadoop/hdfs/lib/jsr305-3.0.0.jar took 0.100 seconds
[2022-10-22T00:20:23.299+0000] {processor.py:156} INFO - Started process (PID=25404) to work on /opt/airflow/dags/hadoop-2.7.3/share/hadoop/hdfs/lib/jsr305-3.0.0.jar
[2022-10-22T00:20:23.302+0000] {processor.py:758} INFO - Processing file /opt/airflow/dags/hadoop-2.7.3/share/hadoop/hdfs/lib/jsr305-3.0.0.jar for tasks to queue
[2022-10-22T00:20:23.305+0000] {logging_mixin.py:117} INFO - [2022-10-22T00:20:23.305+0000] {dagbag.py:525} INFO - Filling up the DagBag from /opt/airflow/dags/hadoop-2.7.3/share/hadoop/hdfs/lib/jsr305-3.0.0.jar
[2022-10-22T00:20:23.313+0000] {processor.py:770} WARNING - No viable dags retrieved from /opt/airflow/dags/hadoop-2.7.3/share/hadoop/hdfs/lib/jsr305-3.0.0.jar
[2022-10-22T00:20:23.373+0000] {processor.py:178} INFO - Processing /opt/airflow/dags/hadoop-2.7.3/share/hadoop/hdfs/lib/jsr305-3.0.0.jar took 0.083 seconds
[2022-10-22T00:21:12.535+0000] {processor.py:156} INFO - Started process (PID=28408) to work on /opt/airflow/dags/hadoop-2.7.3/share/hadoop/hdfs/lib/jsr305-3.0.0.jar
[2022-10-22T00:21:12.541+0000] {processor.py:758} INFO - Processing file /opt/airflow/dags/hadoop-2.7.3/share/hadoop/hdfs/lib/jsr305-3.0.0.jar for tasks to queue
[2022-10-22T00:21:12.545+0000] {logging_mixin.py:117} INFO - [2022-10-22T00:21:12.544+0000] {dagbag.py:525} INFO - Filling up the DagBag from /opt/airflow/dags/hadoop-2.7.3/share/hadoop/hdfs/lib/jsr305-3.0.0.jar
[2022-10-22T00:21:12.574+0000] {processor.py:770} WARNING - No viable dags retrieved from /opt/airflow/dags/hadoop-2.7.3/share/hadoop/hdfs/lib/jsr305-3.0.0.jar
[2022-10-22T00:21:12.632+0000] {processor.py:178} INFO - Processing /opt/airflow/dags/hadoop-2.7.3/share/hadoop/hdfs/lib/jsr305-3.0.0.jar took 0.107 seconds
[2022-10-22T00:21:17.383+0000] {processor.py:156} INFO - Started process (PID=25929) to work on /opt/airflow/dags/hadoop-2.7.3/share/hadoop/hdfs/lib/jsr305-3.0.0.jar
[2022-10-22T00:21:17.386+0000] {processor.py:758} INFO - Processing file /opt/airflow/dags/hadoop-2.7.3/share/hadoop/hdfs/lib/jsr305-3.0.0.jar for tasks to queue
[2022-10-22T00:21:17.390+0000] {logging_mixin.py:117} INFO - [2022-10-22T00:21:17.390+0000] {dagbag.py:525} INFO - Filling up the DagBag from /opt/airflow/dags/hadoop-2.7.3/share/hadoop/hdfs/lib/jsr305-3.0.0.jar
[2022-10-22T00:21:17.399+0000] {processor.py:770} WARNING - No viable dags retrieved from /opt/airflow/dags/hadoop-2.7.3/share/hadoop/hdfs/lib/jsr305-3.0.0.jar
[2022-10-22T00:21:17.435+0000] {processor.py:178} INFO - Processing /opt/airflow/dags/hadoop-2.7.3/share/hadoop/hdfs/lib/jsr305-3.0.0.jar took 0.061 seconds
[2022-10-22T00:21:57.692+0000] {processor.py:156} INFO - Started process (PID=28827) to work on /opt/airflow/dags/hadoop-2.7.3/share/hadoop/hdfs/lib/jsr305-3.0.0.jar
[2022-10-22T00:21:57.694+0000] {processor.py:758} INFO - Processing file /opt/airflow/dags/hadoop-2.7.3/share/hadoop/hdfs/lib/jsr305-3.0.0.jar for tasks to queue
[2022-10-22T00:21:57.698+0000] {logging_mixin.py:117} INFO - [2022-10-22T00:21:57.697+0000] {dagbag.py:525} INFO - Filling up the DagBag from /opt/airflow/dags/hadoop-2.7.3/share/hadoop/hdfs/lib/jsr305-3.0.0.jar
[2022-10-22T00:21:57.717+0000] {processor.py:770} WARNING - No viable dags retrieved from /opt/airflow/dags/hadoop-2.7.3/share/hadoop/hdfs/lib/jsr305-3.0.0.jar
[2022-10-22T00:21:57.765+0000] {processor.py:178} INFO - Processing /opt/airflow/dags/hadoop-2.7.3/share/hadoop/hdfs/lib/jsr305-3.0.0.jar took 0.086 seconds
[2022-10-22T00:22:06.684+0000] {processor.py:156} INFO - Started process (PID=26382) to work on /opt/airflow/dags/hadoop-2.7.3/share/hadoop/hdfs/lib/jsr305-3.0.0.jar
[2022-10-22T00:22:06.686+0000] {processor.py:758} INFO - Processing file /opt/airflow/dags/hadoop-2.7.3/share/hadoop/hdfs/lib/jsr305-3.0.0.jar for tasks to queue
[2022-10-22T00:22:06.688+0000] {logging_mixin.py:117} INFO - [2022-10-22T00:22:06.688+0000] {dagbag.py:525} INFO - Filling up the DagBag from /opt/airflow/dags/hadoop-2.7.3/share/hadoop/hdfs/lib/jsr305-3.0.0.jar
[2022-10-22T00:22:06.697+0000] {processor.py:770} WARNING - No viable dags retrieved from /opt/airflow/dags/hadoop-2.7.3/share/hadoop/hdfs/lib/jsr305-3.0.0.jar
[2022-10-22T00:22:06.759+0000] {processor.py:178} INFO - Processing /opt/airflow/dags/hadoop-2.7.3/share/hadoop/hdfs/lib/jsr305-3.0.0.jar took 0.090 seconds
[2022-10-22T00:22:46.788+0000] {processor.py:156} INFO - Started process (PID=29301) to work on /opt/airflow/dags/hadoop-2.7.3/share/hadoop/hdfs/lib/jsr305-3.0.0.jar
[2022-10-22T00:22:46.792+0000] {processor.py:758} INFO - Processing file /opt/airflow/dags/hadoop-2.7.3/share/hadoop/hdfs/lib/jsr305-3.0.0.jar for tasks to queue
[2022-10-22T00:22:46.795+0000] {logging_mixin.py:117} INFO - [2022-10-22T00:22:46.794+0000] {dagbag.py:525} INFO - Filling up the DagBag from /opt/airflow/dags/hadoop-2.7.3/share/hadoop/hdfs/lib/jsr305-3.0.0.jar
[2022-10-22T00:22:46.809+0000] {processor.py:770} WARNING - No viable dags retrieved from /opt/airflow/dags/hadoop-2.7.3/share/hadoop/hdfs/lib/jsr305-3.0.0.jar
[2022-10-22T00:22:46.859+0000] {processor.py:178} INFO - Processing /opt/airflow/dags/hadoop-2.7.3/share/hadoop/hdfs/lib/jsr305-3.0.0.jar took 0.087 seconds
[2022-10-22T00:22:58.975+0000] {processor.py:156} INFO - Started process (PID=26868) to work on /opt/airflow/dags/hadoop-2.7.3/share/hadoop/hdfs/lib/jsr305-3.0.0.jar
[2022-10-22T00:22:58.978+0000] {processor.py:758} INFO - Processing file /opt/airflow/dags/hadoop-2.7.3/share/hadoop/hdfs/lib/jsr305-3.0.0.jar for tasks to queue
[2022-10-22T00:22:58.980+0000] {logging_mixin.py:117} INFO - [2022-10-22T00:22:58.980+0000] {dagbag.py:525} INFO - Filling up the DagBag from /opt/airflow/dags/hadoop-2.7.3/share/hadoop/hdfs/lib/jsr305-3.0.0.jar
[2022-10-22T00:22:58.990+0000] {processor.py:770} WARNING - No viable dags retrieved from /opt/airflow/dags/hadoop-2.7.3/share/hadoop/hdfs/lib/jsr305-3.0.0.jar
[2022-10-22T00:22:59.035+0000] {processor.py:178} INFO - Processing /opt/airflow/dags/hadoop-2.7.3/share/hadoop/hdfs/lib/jsr305-3.0.0.jar took 0.072 seconds
[2022-10-22T00:23:32.646+0000] {processor.py:156} INFO - Started process (PID=29805) to work on /opt/airflow/dags/hadoop-2.7.3/share/hadoop/hdfs/lib/jsr305-3.0.0.jar
[2022-10-22T00:23:32.649+0000] {processor.py:758} INFO - Processing file /opt/airflow/dags/hadoop-2.7.3/share/hadoop/hdfs/lib/jsr305-3.0.0.jar for tasks to queue
[2022-10-22T00:23:32.651+0000] {logging_mixin.py:117} INFO - [2022-10-22T00:23:32.651+0000] {dagbag.py:525} INFO - Filling up the DagBag from /opt/airflow/dags/hadoop-2.7.3/share/hadoop/hdfs/lib/jsr305-3.0.0.jar
[2022-10-22T00:23:32.657+0000] {processor.py:770} WARNING - No viable dags retrieved from /opt/airflow/dags/hadoop-2.7.3/share/hadoop/hdfs/lib/jsr305-3.0.0.jar
[2022-10-22T00:23:32.686+0000] {processor.py:178} INFO - Processing /opt/airflow/dags/hadoop-2.7.3/share/hadoop/hdfs/lib/jsr305-3.0.0.jar took 0.046 seconds
[2022-10-22T00:23:37.965+0000] {processor.py:156} INFO - Started process (PID=27325) to work on /opt/airflow/dags/hadoop-2.7.3/share/hadoop/hdfs/lib/jsr305-3.0.0.jar
[2022-10-22T00:23:37.967+0000] {processor.py:758} INFO - Processing file /opt/airflow/dags/hadoop-2.7.3/share/hadoop/hdfs/lib/jsr305-3.0.0.jar for tasks to queue
[2022-10-22T00:23:37.969+0000] {logging_mixin.py:117} INFO - [2022-10-22T00:23:37.969+0000] {dagbag.py:525} INFO - Filling up the DagBag from /opt/airflow/dags/hadoop-2.7.3/share/hadoop/hdfs/lib/jsr305-3.0.0.jar
[2022-10-22T00:23:37.977+0000] {processor.py:770} WARNING - No viable dags retrieved from /opt/airflow/dags/hadoop-2.7.3/share/hadoop/hdfs/lib/jsr305-3.0.0.jar
[2022-10-22T00:23:38.014+0000] {processor.py:178} INFO - Processing /opt/airflow/dags/hadoop-2.7.3/share/hadoop/hdfs/lib/jsr305-3.0.0.jar took 0.059 seconds
