[2022-10-22T00:00:19.604+0000] {processor.py:156} INFO - Started process (PID=18973) to work on /opt/airflow/dags/hadoop-2.7.3/share/hadoop/hdfs/lib/xercesImpl-2.9.1.jar
[2022-10-22T00:00:19.668+0000] {processor.py:758} INFO - Processing file /opt/airflow/dags/hadoop-2.7.3/share/hadoop/hdfs/lib/xercesImpl-2.9.1.jar for tasks to queue
[2022-10-22T00:00:19.684+0000] {logging_mixin.py:117} INFO - [2022-10-22T00:00:19.684+0000] {dagbag.py:525} INFO - Filling up the DagBag from /opt/airflow/dags/hadoop-2.7.3/share/hadoop/hdfs/lib/xercesImpl-2.9.1.jar
[2022-10-22T00:00:19.871+0000] {processor.py:770} WARNING - No viable dags retrieved from /opt/airflow/dags/hadoop-2.7.3/share/hadoop/hdfs/lib/xercesImpl-2.9.1.jar
[2022-10-22T00:00:20.090+0000] {processor.py:178} INFO - Processing /opt/airflow/dags/hadoop-2.7.3/share/hadoop/hdfs/lib/xercesImpl-2.9.1.jar took 0.520 seconds
[2022-10-22T00:00:40.068+0000] {processor.py:156} INFO - Started process (PID=16965) to work on /opt/airflow/dags/hadoop-2.7.3/share/hadoop/hdfs/lib/xercesImpl-2.9.1.jar
[2022-10-22T00:00:40.082+0000] {processor.py:758} INFO - Processing file /opt/airflow/dags/hadoop-2.7.3/share/hadoop/hdfs/lib/xercesImpl-2.9.1.jar for tasks to queue
[2022-10-22T00:00:40.085+0000] {logging_mixin.py:117} INFO - [2022-10-22T00:00:40.084+0000] {dagbag.py:525} INFO - Filling up the DagBag from /opt/airflow/dags/hadoop-2.7.3/share/hadoop/hdfs/lib/xercesImpl-2.9.1.jar
[2022-10-22T00:00:40.182+0000] {processor.py:770} WARNING - No viable dags retrieved from /opt/airflow/dags/hadoop-2.7.3/share/hadoop/hdfs/lib/xercesImpl-2.9.1.jar
[2022-10-22T00:00:40.255+0000] {processor.py:178} INFO - Processing /opt/airflow/dags/hadoop-2.7.3/share/hadoop/hdfs/lib/xercesImpl-2.9.1.jar took 0.196 seconds
[2022-10-22T00:01:32.260+0000] {processor.py:156} INFO - Started process (PID=19574) to work on /opt/airflow/dags/hadoop-2.7.3/share/hadoop/hdfs/lib/xercesImpl-2.9.1.jar
[2022-10-22T00:01:32.266+0000] {processor.py:758} INFO - Processing file /opt/airflow/dags/hadoop-2.7.3/share/hadoop/hdfs/lib/xercesImpl-2.9.1.jar for tasks to queue
[2022-10-22T00:01:32.271+0000] {logging_mixin.py:117} INFO - [2022-10-22T00:01:32.270+0000] {dagbag.py:525} INFO - Filling up the DagBag from /opt/airflow/dags/hadoop-2.7.3/share/hadoop/hdfs/lib/xercesImpl-2.9.1.jar
[2022-10-22T00:01:32.356+0000] {processor.py:770} WARNING - No viable dags retrieved from /opt/airflow/dags/hadoop-2.7.3/share/hadoop/hdfs/lib/xercesImpl-2.9.1.jar
[2022-10-22T00:01:32.410+0000] {processor.py:178} INFO - Processing /opt/airflow/dags/hadoop-2.7.3/share/hadoop/hdfs/lib/xercesImpl-2.9.1.jar took 0.168 seconds
[2022-10-22T00:02:03.607+0000] {processor.py:156} INFO - Started process (PID=17559) to work on /opt/airflow/dags/hadoop-2.7.3/share/hadoop/hdfs/lib/xercesImpl-2.9.1.jar
[2022-10-22T00:02:03.610+0000] {processor.py:758} INFO - Processing file /opt/airflow/dags/hadoop-2.7.3/share/hadoop/hdfs/lib/xercesImpl-2.9.1.jar for tasks to queue
[2022-10-22T00:02:03.613+0000] {logging_mixin.py:117} INFO - [2022-10-22T00:02:03.613+0000] {dagbag.py:525} INFO - Filling up the DagBag from /opt/airflow/dags/hadoop-2.7.3/share/hadoop/hdfs/lib/xercesImpl-2.9.1.jar
[2022-10-22T00:02:03.674+0000] {processor.py:770} WARNING - No viable dags retrieved from /opt/airflow/dags/hadoop-2.7.3/share/hadoop/hdfs/lib/xercesImpl-2.9.1.jar
[2022-10-22T00:02:03.742+0000] {processor.py:178} INFO - Processing /opt/airflow/dags/hadoop-2.7.3/share/hadoop/hdfs/lib/xercesImpl-2.9.1.jar took 0.144 seconds
[2022-10-22T00:02:22.994+0000] {processor.py:156} INFO - Started process (PID=20058) to work on /opt/airflow/dags/hadoop-2.7.3/share/hadoop/hdfs/lib/xercesImpl-2.9.1.jar
[2022-10-22T00:02:22.996+0000] {processor.py:758} INFO - Processing file /opt/airflow/dags/hadoop-2.7.3/share/hadoop/hdfs/lib/xercesImpl-2.9.1.jar for tasks to queue
[2022-10-22T00:02:22.999+0000] {logging_mixin.py:117} INFO - [2022-10-22T00:02:22.998+0000] {dagbag.py:525} INFO - Filling up the DagBag from /opt/airflow/dags/hadoop-2.7.3/share/hadoop/hdfs/lib/xercesImpl-2.9.1.jar
[2022-10-22T00:02:23.062+0000] {processor.py:770} WARNING - No viable dags retrieved from /opt/airflow/dags/hadoop-2.7.3/share/hadoop/hdfs/lib/xercesImpl-2.9.1.jar
[2022-10-22T00:02:23.123+0000] {processor.py:178} INFO - Processing /opt/airflow/dags/hadoop-2.7.3/share/hadoop/hdfs/lib/xercesImpl-2.9.1.jar took 0.136 seconds
[2022-10-22T00:03:44.807+0000] {processor.py:156} INFO - Started process (PID=18166) to work on /opt/airflow/dags/hadoop-2.7.3/share/hadoop/hdfs/lib/xercesImpl-2.9.1.jar
[2022-10-22T00:03:44.811+0000] {processor.py:758} INFO - Processing file /opt/airflow/dags/hadoop-2.7.3/share/hadoop/hdfs/lib/xercesImpl-2.9.1.jar for tasks to queue
[2022-10-22T00:03:44.814+0000] {logging_mixin.py:117} INFO - [2022-10-22T00:03:44.813+0000] {dagbag.py:525} INFO - Filling up the DagBag from /opt/airflow/dags/hadoop-2.7.3/share/hadoop/hdfs/lib/xercesImpl-2.9.1.jar
[2022-10-22T00:03:44.859+0000] {processor.py:770} WARNING - No viable dags retrieved from /opt/airflow/dags/hadoop-2.7.3/share/hadoop/hdfs/lib/xercesImpl-2.9.1.jar
[2022-10-22T00:03:44.892+0000] {processor.py:178} INFO - Processing /opt/airflow/dags/hadoop-2.7.3/share/hadoop/hdfs/lib/xercesImpl-2.9.1.jar took 0.097 seconds
[2022-10-22T00:03:50.840+0000] {processor.py:156} INFO - Started process (PID=20605) to work on /opt/airflow/dags/hadoop-2.7.3/share/hadoop/hdfs/lib/xercesImpl-2.9.1.jar
[2022-10-22T00:03:50.845+0000] {processor.py:758} INFO - Processing file /opt/airflow/dags/hadoop-2.7.3/share/hadoop/hdfs/lib/xercesImpl-2.9.1.jar for tasks to queue
[2022-10-22T00:03:50.848+0000] {logging_mixin.py:117} INFO - [2022-10-22T00:03:50.847+0000] {dagbag.py:525} INFO - Filling up the DagBag from /opt/airflow/dags/hadoop-2.7.3/share/hadoop/hdfs/lib/xercesImpl-2.9.1.jar
[2022-10-22T00:03:50.913+0000] {processor.py:770} WARNING - No viable dags retrieved from /opt/airflow/dags/hadoop-2.7.3/share/hadoop/hdfs/lib/xercesImpl-2.9.1.jar
[2022-10-22T00:03:50.989+0000] {processor.py:178} INFO - Processing /opt/airflow/dags/hadoop-2.7.3/share/hadoop/hdfs/lib/xercesImpl-2.9.1.jar took 0.157 seconds
[2022-10-22T00:04:39.814+0000] {processor.py:156} INFO - Started process (PID=21040) to work on /opt/airflow/dags/hadoop-2.7.3/share/hadoop/hdfs/lib/xercesImpl-2.9.1.jar
[2022-10-22T00:04:39.824+0000] {processor.py:758} INFO - Processing file /opt/airflow/dags/hadoop-2.7.3/share/hadoop/hdfs/lib/xercesImpl-2.9.1.jar for tasks to queue
[2022-10-22T00:04:39.827+0000] {logging_mixin.py:117} INFO - [2022-10-22T00:04:39.826+0000] {dagbag.py:525} INFO - Filling up the DagBag from /opt/airflow/dags/hadoop-2.7.3/share/hadoop/hdfs/lib/xercesImpl-2.9.1.jar
[2022-10-22T00:04:39.865+0000] {processor.py:770} WARNING - No viable dags retrieved from /opt/airflow/dags/hadoop-2.7.3/share/hadoop/hdfs/lib/xercesImpl-2.9.1.jar
[2022-10-22T00:04:39.921+0000] {processor.py:178} INFO - Processing /opt/airflow/dags/hadoop-2.7.3/share/hadoop/hdfs/lib/xercesImpl-2.9.1.jar took 0.122 seconds
[2022-10-22T00:04:44.653+0000] {processor.py:156} INFO - Started process (PID=18691) to work on /opt/airflow/dags/hadoop-2.7.3/share/hadoop/hdfs/lib/xercesImpl-2.9.1.jar
[2022-10-22T00:04:44.656+0000] {processor.py:758} INFO - Processing file /opt/airflow/dags/hadoop-2.7.3/share/hadoop/hdfs/lib/xercesImpl-2.9.1.jar for tasks to queue
[2022-10-22T00:04:44.660+0000] {logging_mixin.py:117} INFO - [2022-10-22T00:04:44.660+0000] {dagbag.py:525} INFO - Filling up the DagBag from /opt/airflow/dags/hadoop-2.7.3/share/hadoop/hdfs/lib/xercesImpl-2.9.1.jar
[2022-10-22T00:04:44.747+0000] {processor.py:770} WARNING - No viable dags retrieved from /opt/airflow/dags/hadoop-2.7.3/share/hadoop/hdfs/lib/xercesImpl-2.9.1.jar
[2022-10-22T00:04:44.800+0000] {processor.py:178} INFO - Processing /opt/airflow/dags/hadoop-2.7.3/share/hadoop/hdfs/lib/xercesImpl-2.9.1.jar took 0.169 seconds
[2022-10-22T00:05:29.611+0000] {processor.py:156} INFO - Started process (PID=21539) to work on /opt/airflow/dags/hadoop-2.7.3/share/hadoop/hdfs/lib/xercesImpl-2.9.1.jar
[2022-10-22T00:05:29.615+0000] {processor.py:758} INFO - Processing file /opt/airflow/dags/hadoop-2.7.3/share/hadoop/hdfs/lib/xercesImpl-2.9.1.jar for tasks to queue
[2022-10-22T00:05:29.619+0000] {logging_mixin.py:117} INFO - [2022-10-22T00:05:29.619+0000] {dagbag.py:525} INFO - Filling up the DagBag from /opt/airflow/dags/hadoop-2.7.3/share/hadoop/hdfs/lib/xercesImpl-2.9.1.jar
[2022-10-22T00:05:29.655+0000] {processor.py:770} WARNING - No viable dags retrieved from /opt/airflow/dags/hadoop-2.7.3/share/hadoop/hdfs/lib/xercesImpl-2.9.1.jar
[2022-10-22T00:05:29.694+0000] {processor.py:178} INFO - Processing /opt/airflow/dags/hadoop-2.7.3/share/hadoop/hdfs/lib/xercesImpl-2.9.1.jar took 0.106 seconds
[2022-10-22T00:05:36.954+0000] {processor.py:156} INFO - Started process (PID=19190) to work on /opt/airflow/dags/hadoop-2.7.3/share/hadoop/hdfs/lib/xercesImpl-2.9.1.jar
[2022-10-22T00:05:36.958+0000] {processor.py:758} INFO - Processing file /opt/airflow/dags/hadoop-2.7.3/share/hadoop/hdfs/lib/xercesImpl-2.9.1.jar for tasks to queue
[2022-10-22T00:05:36.961+0000] {logging_mixin.py:117} INFO - [2022-10-22T00:05:36.961+0000] {dagbag.py:525} INFO - Filling up the DagBag from /opt/airflow/dags/hadoop-2.7.3/share/hadoop/hdfs/lib/xercesImpl-2.9.1.jar
[2022-10-22T00:05:37.015+0000] {processor.py:770} WARNING - No viable dags retrieved from /opt/airflow/dags/hadoop-2.7.3/share/hadoop/hdfs/lib/xercesImpl-2.9.1.jar
[2022-10-22T00:05:37.058+0000] {processor.py:178} INFO - Processing /opt/airflow/dags/hadoop-2.7.3/share/hadoop/hdfs/lib/xercesImpl-2.9.1.jar took 0.119 seconds
[2022-10-22T00:06:14.082+0000] {processor.py:156} INFO - Started process (PID=21975) to work on /opt/airflow/dags/hadoop-2.7.3/share/hadoop/hdfs/lib/xercesImpl-2.9.1.jar
[2022-10-22T00:06:14.086+0000] {processor.py:758} INFO - Processing file /opt/airflow/dags/hadoop-2.7.3/share/hadoop/hdfs/lib/xercesImpl-2.9.1.jar for tasks to queue
[2022-10-22T00:06:14.088+0000] {logging_mixin.py:117} INFO - [2022-10-22T00:06:14.088+0000] {dagbag.py:525} INFO - Filling up the DagBag from /opt/airflow/dags/hadoop-2.7.3/share/hadoop/hdfs/lib/xercesImpl-2.9.1.jar
[2022-10-22T00:06:14.122+0000] {processor.py:770} WARNING - No viable dags retrieved from /opt/airflow/dags/hadoop-2.7.3/share/hadoop/hdfs/lib/xercesImpl-2.9.1.jar
[2022-10-22T00:06:14.163+0000] {processor.py:178} INFO - Processing /opt/airflow/dags/hadoop-2.7.3/share/hadoop/hdfs/lib/xercesImpl-2.9.1.jar took 0.088 seconds
[2022-10-22T00:06:22.677+0000] {processor.py:156} INFO - Started process (PID=19626) to work on /opt/airflow/dags/hadoop-2.7.3/share/hadoop/hdfs/lib/xercesImpl-2.9.1.jar
[2022-10-22T00:06:22.681+0000] {processor.py:758} INFO - Processing file /opt/airflow/dags/hadoop-2.7.3/share/hadoop/hdfs/lib/xercesImpl-2.9.1.jar for tasks to queue
[2022-10-22T00:06:22.688+0000] {logging_mixin.py:117} INFO - [2022-10-22T00:06:22.687+0000] {dagbag.py:525} INFO - Filling up the DagBag from /opt/airflow/dags/hadoop-2.7.3/share/hadoop/hdfs/lib/xercesImpl-2.9.1.jar
[2022-10-22T00:06:22.749+0000] {processor.py:770} WARNING - No viable dags retrieved from /opt/airflow/dags/hadoop-2.7.3/share/hadoop/hdfs/lib/xercesImpl-2.9.1.jar
[2022-10-22T00:06:22.814+0000] {processor.py:178} INFO - Processing /opt/airflow/dags/hadoop-2.7.3/share/hadoop/hdfs/lib/xercesImpl-2.9.1.jar took 0.146 seconds
[2022-10-22T00:06:59.437+0000] {processor.py:156} INFO - Started process (PID=22433) to work on /opt/airflow/dags/hadoop-2.7.3/share/hadoop/hdfs/lib/xercesImpl-2.9.1.jar
[2022-10-22T00:06:59.445+0000] {processor.py:758} INFO - Processing file /opt/airflow/dags/hadoop-2.7.3/share/hadoop/hdfs/lib/xercesImpl-2.9.1.jar for tasks to queue
[2022-10-22T00:06:59.448+0000] {logging_mixin.py:117} INFO - [2022-10-22T00:06:59.448+0000] {dagbag.py:525} INFO - Filling up the DagBag from /opt/airflow/dags/hadoop-2.7.3/share/hadoop/hdfs/lib/xercesImpl-2.9.1.jar
[2022-10-22T00:06:59.481+0000] {processor.py:770} WARNING - No viable dags retrieved from /opt/airflow/dags/hadoop-2.7.3/share/hadoop/hdfs/lib/xercesImpl-2.9.1.jar
[2022-10-22T00:06:59.538+0000] {processor.py:178} INFO - Processing /opt/airflow/dags/hadoop-2.7.3/share/hadoop/hdfs/lib/xercesImpl-2.9.1.jar took 0.110 seconds
[2022-10-22T00:07:10.807+0000] {processor.py:156} INFO - Started process (PID=20100) to work on /opt/airflow/dags/hadoop-2.7.3/share/hadoop/hdfs/lib/xercesImpl-2.9.1.jar
[2022-10-22T00:07:10.810+0000] {processor.py:758} INFO - Processing file /opt/airflow/dags/hadoop-2.7.3/share/hadoop/hdfs/lib/xercesImpl-2.9.1.jar for tasks to queue
[2022-10-22T00:07:10.812+0000] {logging_mixin.py:117} INFO - [2022-10-22T00:07:10.812+0000] {dagbag.py:525} INFO - Filling up the DagBag from /opt/airflow/dags/hadoop-2.7.3/share/hadoop/hdfs/lib/xercesImpl-2.9.1.jar
[2022-10-22T00:07:10.865+0000] {processor.py:770} WARNING - No viable dags retrieved from /opt/airflow/dags/hadoop-2.7.3/share/hadoop/hdfs/lib/xercesImpl-2.9.1.jar
[2022-10-22T00:07:10.927+0000] {processor.py:178} INFO - Processing /opt/airflow/dags/hadoop-2.7.3/share/hadoop/hdfs/lib/xercesImpl-2.9.1.jar took 0.128 seconds
[2022-10-22T00:07:52.012+0000] {processor.py:156} INFO - Started process (PID=22957) to work on /opt/airflow/dags/hadoop-2.7.3/share/hadoop/hdfs/lib/xercesImpl-2.9.1.jar
[2022-10-22T00:07:52.017+0000] {processor.py:758} INFO - Processing file /opt/airflow/dags/hadoop-2.7.3/share/hadoop/hdfs/lib/xercesImpl-2.9.1.jar for tasks to queue
[2022-10-22T00:07:52.025+0000] {logging_mixin.py:117} INFO - [2022-10-22T00:07:52.025+0000] {dagbag.py:525} INFO - Filling up the DagBag from /opt/airflow/dags/hadoop-2.7.3/share/hadoop/hdfs/lib/xercesImpl-2.9.1.jar
[2022-10-22T00:07:52.125+0000] {processor.py:770} WARNING - No viable dags retrieved from /opt/airflow/dags/hadoop-2.7.3/share/hadoop/hdfs/lib/xercesImpl-2.9.1.jar
[2022-10-22T00:07:52.200+0000] {processor.py:178} INFO - Processing /opt/airflow/dags/hadoop-2.7.3/share/hadoop/hdfs/lib/xercesImpl-2.9.1.jar took 0.206 seconds
[2022-10-22T00:08:46.041+0000] {processor.py:156} INFO - Started process (PID=20635) to work on /opt/airflow/dags/hadoop-2.7.3/share/hadoop/hdfs/lib/xercesImpl-2.9.1.jar
[2022-10-22T00:08:46.044+0000] {processor.py:758} INFO - Processing file /opt/airflow/dags/hadoop-2.7.3/share/hadoop/hdfs/lib/xercesImpl-2.9.1.jar for tasks to queue
[2022-10-22T00:08:46.048+0000] {logging_mixin.py:117} INFO - [2022-10-22T00:08:46.047+0000] {dagbag.py:525} INFO - Filling up the DagBag from /opt/airflow/dags/hadoop-2.7.3/share/hadoop/hdfs/lib/xercesImpl-2.9.1.jar
[2022-10-22T00:08:46.086+0000] {processor.py:770} WARNING - No viable dags retrieved from /opt/airflow/dags/hadoop-2.7.3/share/hadoop/hdfs/lib/xercesImpl-2.9.1.jar
[2022-10-22T00:08:46.125+0000] {processor.py:178} INFO - Processing /opt/airflow/dags/hadoop-2.7.3/share/hadoop/hdfs/lib/xercesImpl-2.9.1.jar took 0.092 seconds
[2022-10-22T00:09:11.245+0000] {processor.py:156} INFO - Started process (PID=23339) to work on /opt/airflow/dags/hadoop-2.7.3/share/hadoop/hdfs/lib/xercesImpl-2.9.1.jar
[2022-10-22T00:09:11.248+0000] {processor.py:758} INFO - Processing file /opt/airflow/dags/hadoop-2.7.3/share/hadoop/hdfs/lib/xercesImpl-2.9.1.jar for tasks to queue
[2022-10-22T00:09:11.253+0000] {logging_mixin.py:117} INFO - [2022-10-22T00:09:11.252+0000] {dagbag.py:525} INFO - Filling up the DagBag from /opt/airflow/dags/hadoop-2.7.3/share/hadoop/hdfs/lib/xercesImpl-2.9.1.jar
[2022-10-22T00:09:11.346+0000] {processor.py:770} WARNING - No viable dags retrieved from /opt/airflow/dags/hadoop-2.7.3/share/hadoop/hdfs/lib/xercesImpl-2.9.1.jar
[2022-10-22T00:09:11.424+0000] {processor.py:178} INFO - Processing /opt/airflow/dags/hadoop-2.7.3/share/hadoop/hdfs/lib/xercesImpl-2.9.1.jar took 0.214 seconds
[2022-10-22T00:09:42.608+0000] {processor.py:156} INFO - Started process (PID=21160) to work on /opt/airflow/dags/hadoop-2.7.3/share/hadoop/hdfs/lib/xercesImpl-2.9.1.jar
[2022-10-22T00:09:42.618+0000] {processor.py:758} INFO - Processing file /opt/airflow/dags/hadoop-2.7.3/share/hadoop/hdfs/lib/xercesImpl-2.9.1.jar for tasks to queue
[2022-10-22T00:09:42.626+0000] {logging_mixin.py:117} INFO - [2022-10-22T00:09:42.626+0000] {dagbag.py:525} INFO - Filling up the DagBag from /opt/airflow/dags/hadoop-2.7.3/share/hadoop/hdfs/lib/xercesImpl-2.9.1.jar
[2022-10-22T00:09:42.666+0000] {processor.py:770} WARNING - No viable dags retrieved from /opt/airflow/dags/hadoop-2.7.3/share/hadoop/hdfs/lib/xercesImpl-2.9.1.jar
[2022-10-22T00:09:42.717+0000] {processor.py:178} INFO - Processing /opt/airflow/dags/hadoop-2.7.3/share/hadoop/hdfs/lib/xercesImpl-2.9.1.jar took 0.133 seconds
[2022-10-22T00:11:15.562+0000] {processor.py:156} INFO - Started process (PID=23865) to work on /opt/airflow/dags/hadoop-2.7.3/share/hadoop/hdfs/lib/xercesImpl-2.9.1.jar
[2022-10-22T00:11:15.564+0000] {processor.py:758} INFO - Processing file /opt/airflow/dags/hadoop-2.7.3/share/hadoop/hdfs/lib/xercesImpl-2.9.1.jar for tasks to queue
[2022-10-22T00:11:15.567+0000] {logging_mixin.py:117} INFO - [2022-10-22T00:11:15.566+0000] {dagbag.py:525} INFO - Filling up the DagBag from /opt/airflow/dags/hadoop-2.7.3/share/hadoop/hdfs/lib/xercesImpl-2.9.1.jar
[2022-10-22T00:11:15.596+0000] {processor.py:770} WARNING - No viable dags retrieved from /opt/airflow/dags/hadoop-2.7.3/share/hadoop/hdfs/lib/xercesImpl-2.9.1.jar
[2022-10-22T00:11:15.629+0000] {processor.py:178} INFO - Processing /opt/airflow/dags/hadoop-2.7.3/share/hadoop/hdfs/lib/xercesImpl-2.9.1.jar took 0.074 seconds
[2022-10-22T00:11:25.784+0000] {processor.py:156} INFO - Started process (PID=21516) to work on /opt/airflow/dags/hadoop-2.7.3/share/hadoop/hdfs/lib/xercesImpl-2.9.1.jar
[2022-10-22T00:11:25.785+0000] {processor.py:758} INFO - Processing file /opt/airflow/dags/hadoop-2.7.3/share/hadoop/hdfs/lib/xercesImpl-2.9.1.jar for tasks to queue
[2022-10-22T00:11:25.788+0000] {logging_mixin.py:117} INFO - [2022-10-22T00:11:25.788+0000] {dagbag.py:525} INFO - Filling up the DagBag from /opt/airflow/dags/hadoop-2.7.3/share/hadoop/hdfs/lib/xercesImpl-2.9.1.jar
[2022-10-22T00:11:25.825+0000] {processor.py:770} WARNING - No viable dags retrieved from /opt/airflow/dags/hadoop-2.7.3/share/hadoop/hdfs/lib/xercesImpl-2.9.1.jar
[2022-10-22T00:11:25.878+0000] {processor.py:178} INFO - Processing /opt/airflow/dags/hadoop-2.7.3/share/hadoop/hdfs/lib/xercesImpl-2.9.1.jar took 0.108 seconds
[2022-10-22T00:11:49.659+0000] {processor.py:156} INFO - Started process (PID=24374) to work on /opt/airflow/dags/hadoop-2.7.3/share/hadoop/hdfs/lib/xercesImpl-2.9.1.jar
[2022-10-22T00:11:49.665+0000] {processor.py:758} INFO - Processing file /opt/airflow/dags/hadoop-2.7.3/share/hadoop/hdfs/lib/xercesImpl-2.9.1.jar for tasks to queue
[2022-10-22T00:11:49.670+0000] {logging_mixin.py:117} INFO - [2022-10-22T00:11:49.670+0000] {dagbag.py:525} INFO - Filling up the DagBag from /opt/airflow/dags/hadoop-2.7.3/share/hadoop/hdfs/lib/xercesImpl-2.9.1.jar
[2022-10-22T00:11:49.837+0000] {processor.py:770} WARNING - No viable dags retrieved from /opt/airflow/dags/hadoop-2.7.3/share/hadoop/hdfs/lib/xercesImpl-2.9.1.jar
[2022-10-22T00:11:49.965+0000] {processor.py:178} INFO - Processing /opt/airflow/dags/hadoop-2.7.3/share/hadoop/hdfs/lib/xercesImpl-2.9.1.jar took 0.338 seconds
[2022-10-22T00:12:02.790+0000] {processor.py:156} INFO - Started process (PID=22033) to work on /opt/airflow/dags/hadoop-2.7.3/share/hadoop/hdfs/lib/xercesImpl-2.9.1.jar
[2022-10-22T00:12:02.797+0000] {processor.py:758} INFO - Processing file /opt/airflow/dags/hadoop-2.7.3/share/hadoop/hdfs/lib/xercesImpl-2.9.1.jar for tasks to queue
[2022-10-22T00:12:02.799+0000] {logging_mixin.py:117} INFO - [2022-10-22T00:12:02.799+0000] {dagbag.py:525} INFO - Filling up the DagBag from /opt/airflow/dags/hadoop-2.7.3/share/hadoop/hdfs/lib/xercesImpl-2.9.1.jar
[2022-10-22T00:12:02.842+0000] {processor.py:770} WARNING - No viable dags retrieved from /opt/airflow/dags/hadoop-2.7.3/share/hadoop/hdfs/lib/xercesImpl-2.9.1.jar
[2022-10-22T00:12:02.881+0000] {processor.py:178} INFO - Processing /opt/airflow/dags/hadoop-2.7.3/share/hadoop/hdfs/lib/xercesImpl-2.9.1.jar took 0.097 seconds
[2022-10-22T00:15:08.861+0000] {processor.py:156} INFO - Started process (PID=22494) to work on /opt/airflow/dags/hadoop-2.7.3/share/hadoop/hdfs/lib/xercesImpl-2.9.1.jar
[2022-10-22T00:15:08.865+0000] {processor.py:758} INFO - Processing file /opt/airflow/dags/hadoop-2.7.3/share/hadoop/hdfs/lib/xercesImpl-2.9.1.jar for tasks to queue
[2022-10-22T00:15:08.868+0000] {logging_mixin.py:117} INFO - [2022-10-22T00:15:08.868+0000] {dagbag.py:525} INFO - Filling up the DagBag from /opt/airflow/dags/hadoop-2.7.3/share/hadoop/hdfs/lib/xercesImpl-2.9.1.jar
[2022-10-22T00:15:08.901+0000] {processor.py:770} WARNING - No viable dags retrieved from /opt/airflow/dags/hadoop-2.7.3/share/hadoop/hdfs/lib/xercesImpl-2.9.1.jar
[2022-10-22T00:15:08.936+0000] {processor.py:178} INFO - Processing /opt/airflow/dags/hadoop-2.7.3/share/hadoop/hdfs/lib/xercesImpl-2.9.1.jar took 0.084 seconds
[2022-10-22T00:15:22.137+0000] {processor.py:156} INFO - Started process (PID=25061) to work on /opt/airflow/dags/hadoop-2.7.3/share/hadoop/hdfs/lib/xercesImpl-2.9.1.jar
[2022-10-22T00:15:22.140+0000] {processor.py:758} INFO - Processing file /opt/airflow/dags/hadoop-2.7.3/share/hadoop/hdfs/lib/xercesImpl-2.9.1.jar for tasks to queue
[2022-10-22T00:15:22.143+0000] {logging_mixin.py:117} INFO - [2022-10-22T00:15:22.142+0000] {dagbag.py:525} INFO - Filling up the DagBag from /opt/airflow/dags/hadoop-2.7.3/share/hadoop/hdfs/lib/xercesImpl-2.9.1.jar
[2022-10-22T00:15:22.189+0000] {processor.py:770} WARNING - No viable dags retrieved from /opt/airflow/dags/hadoop-2.7.3/share/hadoop/hdfs/lib/xercesImpl-2.9.1.jar
[2022-10-22T00:15:22.238+0000] {processor.py:178} INFO - Processing /opt/airflow/dags/hadoop-2.7.3/share/hadoop/hdfs/lib/xercesImpl-2.9.1.jar took 0.109 seconds
[2022-10-22T00:15:58.702+0000] {processor.py:156} INFO - Started process (PID=23018) to work on /opt/airflow/dags/hadoop-2.7.3/share/hadoop/hdfs/lib/xercesImpl-2.9.1.jar
[2022-10-22T00:15:58.707+0000] {processor.py:758} INFO - Processing file /opt/airflow/dags/hadoop-2.7.3/share/hadoop/hdfs/lib/xercesImpl-2.9.1.jar for tasks to queue
[2022-10-22T00:15:58.710+0000] {logging_mixin.py:117} INFO - [2022-10-22T00:15:58.710+0000] {dagbag.py:525} INFO - Filling up the DagBag from /opt/airflow/dags/hadoop-2.7.3/share/hadoop/hdfs/lib/xercesImpl-2.9.1.jar
[2022-10-22T00:15:58.754+0000] {processor.py:770} WARNING - No viable dags retrieved from /opt/airflow/dags/hadoop-2.7.3/share/hadoop/hdfs/lib/xercesImpl-2.9.1.jar
[2022-10-22T00:15:58.782+0000] {processor.py:178} INFO - Processing /opt/airflow/dags/hadoop-2.7.3/share/hadoop/hdfs/lib/xercesImpl-2.9.1.jar took 0.091 seconds
[2022-10-22T00:16:09.155+0000] {processor.py:156} INFO - Started process (PID=25577) to work on /opt/airflow/dags/hadoop-2.7.3/share/hadoop/hdfs/lib/xercesImpl-2.9.1.jar
[2022-10-22T00:16:09.160+0000] {processor.py:758} INFO - Processing file /opt/airflow/dags/hadoop-2.7.3/share/hadoop/hdfs/lib/xercesImpl-2.9.1.jar for tasks to queue
[2022-10-22T00:16:09.172+0000] {logging_mixin.py:117} INFO - [2022-10-22T00:16:09.171+0000] {dagbag.py:525} INFO - Filling up the DagBag from /opt/airflow/dags/hadoop-2.7.3/share/hadoop/hdfs/lib/xercesImpl-2.9.1.jar
[2022-10-22T00:16:09.206+0000] {processor.py:770} WARNING - No viable dags retrieved from /opt/airflow/dags/hadoop-2.7.3/share/hadoop/hdfs/lib/xercesImpl-2.9.1.jar
[2022-10-22T00:16:09.250+0000] {processor.py:178} INFO - Processing /opt/airflow/dags/hadoop-2.7.3/share/hadoop/hdfs/lib/xercesImpl-2.9.1.jar took 0.105 seconds
[2022-10-22T00:16:45.232+0000] {processor.py:156} INFO - Started process (PID=23534) to work on /opt/airflow/dags/hadoop-2.7.3/share/hadoop/hdfs/lib/xercesImpl-2.9.1.jar
[2022-10-22T00:16:45.236+0000] {processor.py:758} INFO - Processing file /opt/airflow/dags/hadoop-2.7.3/share/hadoop/hdfs/lib/xercesImpl-2.9.1.jar for tasks to queue
[2022-10-22T00:16:45.238+0000] {logging_mixin.py:117} INFO - [2022-10-22T00:16:45.238+0000] {dagbag.py:525} INFO - Filling up the DagBag from /opt/airflow/dags/hadoop-2.7.3/share/hadoop/hdfs/lib/xercesImpl-2.9.1.jar
[2022-10-22T00:16:45.273+0000] {processor.py:770} WARNING - No viable dags retrieved from /opt/airflow/dags/hadoop-2.7.3/share/hadoop/hdfs/lib/xercesImpl-2.9.1.jar
[2022-10-22T00:16:45.326+0000] {processor.py:178} INFO - Processing /opt/airflow/dags/hadoop-2.7.3/share/hadoop/hdfs/lib/xercesImpl-2.9.1.jar took 0.107 seconds
[2022-10-22T00:16:56.535+0000] {processor.py:156} INFO - Started process (PID=26099) to work on /opt/airflow/dags/hadoop-2.7.3/share/hadoop/hdfs/lib/xercesImpl-2.9.1.jar
[2022-10-22T00:16:56.541+0000] {processor.py:758} INFO - Processing file /opt/airflow/dags/hadoop-2.7.3/share/hadoop/hdfs/lib/xercesImpl-2.9.1.jar for tasks to queue
[2022-10-22T00:16:56.547+0000] {logging_mixin.py:117} INFO - [2022-10-22T00:16:56.546+0000] {dagbag.py:525} INFO - Filling up the DagBag from /opt/airflow/dags/hadoop-2.7.3/share/hadoop/hdfs/lib/xercesImpl-2.9.1.jar
[2022-10-22T00:16:56.591+0000] {processor.py:770} WARNING - No viable dags retrieved from /opt/airflow/dags/hadoop-2.7.3/share/hadoop/hdfs/lib/xercesImpl-2.9.1.jar
[2022-10-22T00:16:56.630+0000] {processor.py:178} INFO - Processing /opt/airflow/dags/hadoop-2.7.3/share/hadoop/hdfs/lib/xercesImpl-2.9.1.jar took 0.110 seconds
[2022-10-22T00:17:38.292+0000] {processor.py:156} INFO - Started process (PID=24068) to work on /opt/airflow/dags/hadoop-2.7.3/share/hadoop/hdfs/lib/xercesImpl-2.9.1.jar
[2022-10-22T00:17:38.295+0000] {processor.py:758} INFO - Processing file /opt/airflow/dags/hadoop-2.7.3/share/hadoop/hdfs/lib/xercesImpl-2.9.1.jar for tasks to queue
[2022-10-22T00:17:38.298+0000] {logging_mixin.py:117} INFO - [2022-10-22T00:17:38.298+0000] {dagbag.py:525} INFO - Filling up the DagBag from /opt/airflow/dags/hadoop-2.7.3/share/hadoop/hdfs/lib/xercesImpl-2.9.1.jar
[2022-10-22T00:17:38.335+0000] {processor.py:770} WARNING - No viable dags retrieved from /opt/airflow/dags/hadoop-2.7.3/share/hadoop/hdfs/lib/xercesImpl-2.9.1.jar
[2022-10-22T00:17:38.370+0000] {processor.py:178} INFO - Processing /opt/airflow/dags/hadoop-2.7.3/share/hadoop/hdfs/lib/xercesImpl-2.9.1.jar took 0.111 seconds
[2022-10-22T00:17:47.064+0000] {processor.py:156} INFO - Started process (PID=26631) to work on /opt/airflow/dags/hadoop-2.7.3/share/hadoop/hdfs/lib/xercesImpl-2.9.1.jar
[2022-10-22T00:17:47.067+0000] {processor.py:758} INFO - Processing file /opt/airflow/dags/hadoop-2.7.3/share/hadoop/hdfs/lib/xercesImpl-2.9.1.jar for tasks to queue
[2022-10-22T00:17:47.069+0000] {logging_mixin.py:117} INFO - [2022-10-22T00:17:47.069+0000] {dagbag.py:525} INFO - Filling up the DagBag from /opt/airflow/dags/hadoop-2.7.3/share/hadoop/hdfs/lib/xercesImpl-2.9.1.jar
[2022-10-22T00:17:47.113+0000] {processor.py:770} WARNING - No viable dags retrieved from /opt/airflow/dags/hadoop-2.7.3/share/hadoop/hdfs/lib/xercesImpl-2.9.1.jar
[2022-10-22T00:17:47.171+0000] {processor.py:178} INFO - Processing /opt/airflow/dags/hadoop-2.7.3/share/hadoop/hdfs/lib/xercesImpl-2.9.1.jar took 0.128 seconds
[2022-10-22T00:18:18.382+0000] {processor.py:156} INFO - Started process (PID=24480) to work on /opt/airflow/dags/hadoop-2.7.3/share/hadoop/hdfs/lib/xercesImpl-2.9.1.jar
[2022-10-22T00:18:18.386+0000] {processor.py:758} INFO - Processing file /opt/airflow/dags/hadoop-2.7.3/share/hadoop/hdfs/lib/xercesImpl-2.9.1.jar for tasks to queue
[2022-10-22T00:18:18.389+0000] {logging_mixin.py:117} INFO - [2022-10-22T00:18:18.389+0000] {dagbag.py:525} INFO - Filling up the DagBag from /opt/airflow/dags/hadoop-2.7.3/share/hadoop/hdfs/lib/xercesImpl-2.9.1.jar
[2022-10-22T00:18:18.426+0000] {processor.py:770} WARNING - No viable dags retrieved from /opt/airflow/dags/hadoop-2.7.3/share/hadoop/hdfs/lib/xercesImpl-2.9.1.jar
[2022-10-22T00:18:18.481+0000] {processor.py:178} INFO - Processing /opt/airflow/dags/hadoop-2.7.3/share/hadoop/hdfs/lib/xercesImpl-2.9.1.jar took 0.110 seconds
[2022-10-22T00:18:23.432+0000] {processor.py:156} INFO - Started process (PID=27019) to work on /opt/airflow/dags/hadoop-2.7.3/share/hadoop/hdfs/lib/xercesImpl-2.9.1.jar
[2022-10-22T00:18:23.440+0000] {processor.py:758} INFO - Processing file /opt/airflow/dags/hadoop-2.7.3/share/hadoop/hdfs/lib/xercesImpl-2.9.1.jar for tasks to queue
[2022-10-22T00:18:23.452+0000] {logging_mixin.py:117} INFO - [2022-10-22T00:18:23.444+0000] {dagbag.py:525} INFO - Filling up the DagBag from /opt/airflow/dags/hadoop-2.7.3/share/hadoop/hdfs/lib/xercesImpl-2.9.1.jar
[2022-10-22T00:18:23.496+0000] {processor.py:770} WARNING - No viable dags retrieved from /opt/airflow/dags/hadoop-2.7.3/share/hadoop/hdfs/lib/xercesImpl-2.9.1.jar
[2022-10-22T00:18:23.563+0000] {processor.py:178} INFO - Processing /opt/airflow/dags/hadoop-2.7.3/share/hadoop/hdfs/lib/xercesImpl-2.9.1.jar took 0.143 seconds
[2022-10-22T00:18:57.804+0000] {processor.py:156} INFO - Started process (PID=24898) to work on /opt/airflow/dags/hadoop-2.7.3/share/hadoop/hdfs/lib/xercesImpl-2.9.1.jar
[2022-10-22T00:18:57.807+0000] {processor.py:758} INFO - Processing file /opt/airflow/dags/hadoop-2.7.3/share/hadoop/hdfs/lib/xercesImpl-2.9.1.jar for tasks to queue
[2022-10-22T00:18:57.810+0000] {logging_mixin.py:117} INFO - [2022-10-22T00:18:57.810+0000] {dagbag.py:525} INFO - Filling up the DagBag from /opt/airflow/dags/hadoop-2.7.3/share/hadoop/hdfs/lib/xercesImpl-2.9.1.jar
[2022-10-22T00:18:57.863+0000] {processor.py:770} WARNING - No viable dags retrieved from /opt/airflow/dags/hadoop-2.7.3/share/hadoop/hdfs/lib/xercesImpl-2.9.1.jar
[2022-10-22T00:18:57.915+0000] {processor.py:178} INFO - Processing /opt/airflow/dags/hadoop-2.7.3/share/hadoop/hdfs/lib/xercesImpl-2.9.1.jar took 0.124 seconds
[2022-10-22T00:19:01.213+0000] {processor.py:156} INFO - Started process (PID=27421) to work on /opt/airflow/dags/hadoop-2.7.3/share/hadoop/hdfs/lib/xercesImpl-2.9.1.jar
[2022-10-22T00:19:01.216+0000] {processor.py:758} INFO - Processing file /opt/airflow/dags/hadoop-2.7.3/share/hadoop/hdfs/lib/xercesImpl-2.9.1.jar for tasks to queue
[2022-10-22T00:19:01.219+0000] {logging_mixin.py:117} INFO - [2022-10-22T00:19:01.219+0000] {dagbag.py:525} INFO - Filling up the DagBag from /opt/airflow/dags/hadoop-2.7.3/share/hadoop/hdfs/lib/xercesImpl-2.9.1.jar
[2022-10-22T00:19:01.250+0000] {processor.py:770} WARNING - No viable dags retrieved from /opt/airflow/dags/hadoop-2.7.3/share/hadoop/hdfs/lib/xercesImpl-2.9.1.jar
[2022-10-22T00:19:01.306+0000] {processor.py:178} INFO - Processing /opt/airflow/dags/hadoop-2.7.3/share/hadoop/hdfs/lib/xercesImpl-2.9.1.jar took 0.101 seconds
[2022-10-22T00:20:15.912+0000] {processor.py:156} INFO - Started process (PID=27847) to work on /opt/airflow/dags/hadoop-2.7.3/share/hadoop/hdfs/lib/xercesImpl-2.9.1.jar
[2022-10-22T00:20:15.917+0000] {processor.py:758} INFO - Processing file /opt/airflow/dags/hadoop-2.7.3/share/hadoop/hdfs/lib/xercesImpl-2.9.1.jar for tasks to queue
[2022-10-22T00:20:15.920+0000] {logging_mixin.py:117} INFO - [2022-10-22T00:20:15.920+0000] {dagbag.py:525} INFO - Filling up the DagBag from /opt/airflow/dags/hadoop-2.7.3/share/hadoop/hdfs/lib/xercesImpl-2.9.1.jar
[2022-10-22T00:20:15.992+0000] {processor.py:770} WARNING - No viable dags retrieved from /opt/airflow/dags/hadoop-2.7.3/share/hadoop/hdfs/lib/xercesImpl-2.9.1.jar
[2022-10-22T00:20:16.064+0000] {processor.py:178} INFO - Processing /opt/airflow/dags/hadoop-2.7.3/share/hadoop/hdfs/lib/xercesImpl-2.9.1.jar took 0.163 seconds
[2022-10-22T00:20:24.024+0000] {processor.py:156} INFO - Started process (PID=25411) to work on /opt/airflow/dags/hadoop-2.7.3/share/hadoop/hdfs/lib/xercesImpl-2.9.1.jar
[2022-10-22T00:20:24.027+0000] {processor.py:758} INFO - Processing file /opt/airflow/dags/hadoop-2.7.3/share/hadoop/hdfs/lib/xercesImpl-2.9.1.jar for tasks to queue
[2022-10-22T00:20:24.031+0000] {logging_mixin.py:117} INFO - [2022-10-22T00:20:24.030+0000] {dagbag.py:525} INFO - Filling up the DagBag from /opt/airflow/dags/hadoop-2.7.3/share/hadoop/hdfs/lib/xercesImpl-2.9.1.jar
[2022-10-22T00:20:24.082+0000] {processor.py:770} WARNING - No viable dags retrieved from /opt/airflow/dags/hadoop-2.7.3/share/hadoop/hdfs/lib/xercesImpl-2.9.1.jar
[2022-10-22T00:20:24.122+0000] {processor.py:178} INFO - Processing /opt/airflow/dags/hadoop-2.7.3/share/hadoop/hdfs/lib/xercesImpl-2.9.1.jar took 0.111 seconds
[2022-10-22T00:21:13.382+0000] {processor.py:156} INFO - Started process (PID=28415) to work on /opt/airflow/dags/hadoop-2.7.3/share/hadoop/hdfs/lib/xercesImpl-2.9.1.jar
[2022-10-22T00:21:13.384+0000] {processor.py:758} INFO - Processing file /opt/airflow/dags/hadoop-2.7.3/share/hadoop/hdfs/lib/xercesImpl-2.9.1.jar for tasks to queue
[2022-10-22T00:21:13.388+0000] {logging_mixin.py:117} INFO - [2022-10-22T00:21:13.388+0000] {dagbag.py:525} INFO - Filling up the DagBag from /opt/airflow/dags/hadoop-2.7.3/share/hadoop/hdfs/lib/xercesImpl-2.9.1.jar
[2022-10-22T00:21:13.434+0000] {processor.py:770} WARNING - No viable dags retrieved from /opt/airflow/dags/hadoop-2.7.3/share/hadoop/hdfs/lib/xercesImpl-2.9.1.jar
[2022-10-22T00:21:13.517+0000] {processor.py:178} INFO - Processing /opt/airflow/dags/hadoop-2.7.3/share/hadoop/hdfs/lib/xercesImpl-2.9.1.jar took 0.148 seconds
[2022-10-22T00:21:18.046+0000] {processor.py:156} INFO - Started process (PID=25936) to work on /opt/airflow/dags/hadoop-2.7.3/share/hadoop/hdfs/lib/xercesImpl-2.9.1.jar
[2022-10-22T00:21:18.050+0000] {processor.py:758} INFO - Processing file /opt/airflow/dags/hadoop-2.7.3/share/hadoop/hdfs/lib/xercesImpl-2.9.1.jar for tasks to queue
[2022-10-22T00:21:18.053+0000] {logging_mixin.py:117} INFO - [2022-10-22T00:21:18.052+0000] {dagbag.py:525} INFO - Filling up the DagBag from /opt/airflow/dags/hadoop-2.7.3/share/hadoop/hdfs/lib/xercesImpl-2.9.1.jar
[2022-10-22T00:21:18.086+0000] {processor.py:770} WARNING - No viable dags retrieved from /opt/airflow/dags/hadoop-2.7.3/share/hadoop/hdfs/lib/xercesImpl-2.9.1.jar
[2022-10-22T00:21:18.143+0000] {processor.py:178} INFO - Processing /opt/airflow/dags/hadoop-2.7.3/share/hadoop/hdfs/lib/xercesImpl-2.9.1.jar took 0.108 seconds
[2022-10-22T00:21:58.504+0000] {processor.py:156} INFO - Started process (PID=28834) to work on /opt/airflow/dags/hadoop-2.7.3/share/hadoop/hdfs/lib/xercesImpl-2.9.1.jar
[2022-10-22T00:21:58.513+0000] {processor.py:758} INFO - Processing file /opt/airflow/dags/hadoop-2.7.3/share/hadoop/hdfs/lib/xercesImpl-2.9.1.jar for tasks to queue
[2022-10-22T00:21:58.523+0000] {logging_mixin.py:117} INFO - [2022-10-22T00:21:58.523+0000] {dagbag.py:525} INFO - Filling up the DagBag from /opt/airflow/dags/hadoop-2.7.3/share/hadoop/hdfs/lib/xercesImpl-2.9.1.jar
[2022-10-22T00:21:58.579+0000] {processor.py:770} WARNING - No viable dags retrieved from /opt/airflow/dags/hadoop-2.7.3/share/hadoop/hdfs/lib/xercesImpl-2.9.1.jar
[2022-10-22T00:21:58.623+0000] {processor.py:178} INFO - Processing /opt/airflow/dags/hadoop-2.7.3/share/hadoop/hdfs/lib/xercesImpl-2.9.1.jar took 0.135 seconds
[2022-10-22T00:22:07.489+0000] {processor.py:156} INFO - Started process (PID=26389) to work on /opt/airflow/dags/hadoop-2.7.3/share/hadoop/hdfs/lib/xercesImpl-2.9.1.jar
[2022-10-22T00:22:07.499+0000] {processor.py:758} INFO - Processing file /opt/airflow/dags/hadoop-2.7.3/share/hadoop/hdfs/lib/xercesImpl-2.9.1.jar for tasks to queue
[2022-10-22T00:22:07.501+0000] {logging_mixin.py:117} INFO - [2022-10-22T00:22:07.501+0000] {dagbag.py:525} INFO - Filling up the DagBag from /opt/airflow/dags/hadoop-2.7.3/share/hadoop/hdfs/lib/xercesImpl-2.9.1.jar
[2022-10-22T00:22:07.552+0000] {processor.py:770} WARNING - No viable dags retrieved from /opt/airflow/dags/hadoop-2.7.3/share/hadoop/hdfs/lib/xercesImpl-2.9.1.jar
[2022-10-22T00:22:07.604+0000] {processor.py:178} INFO - Processing /opt/airflow/dags/hadoop-2.7.3/share/hadoop/hdfs/lib/xercesImpl-2.9.1.jar took 0.124 seconds
[2022-10-22T00:22:47.693+0000] {processor.py:156} INFO - Started process (PID=29308) to work on /opt/airflow/dags/hadoop-2.7.3/share/hadoop/hdfs/lib/xercesImpl-2.9.1.jar
[2022-10-22T00:22:47.700+0000] {processor.py:758} INFO - Processing file /opt/airflow/dags/hadoop-2.7.3/share/hadoop/hdfs/lib/xercesImpl-2.9.1.jar for tasks to queue
[2022-10-22T00:22:47.709+0000] {logging_mixin.py:117} INFO - [2022-10-22T00:22:47.708+0000] {dagbag.py:525} INFO - Filling up the DagBag from /opt/airflow/dags/hadoop-2.7.3/share/hadoop/hdfs/lib/xercesImpl-2.9.1.jar
[2022-10-22T00:22:47.793+0000] {processor.py:770} WARNING - No viable dags retrieved from /opt/airflow/dags/hadoop-2.7.3/share/hadoop/hdfs/lib/xercesImpl-2.9.1.jar
[2022-10-22T00:22:47.897+0000] {processor.py:178} INFO - Processing /opt/airflow/dags/hadoop-2.7.3/share/hadoop/hdfs/lib/xercesImpl-2.9.1.jar took 0.220 seconds
[2022-10-22T00:22:59.720+0000] {processor.py:156} INFO - Started process (PID=26875) to work on /opt/airflow/dags/hadoop-2.7.3/share/hadoop/hdfs/lib/xercesImpl-2.9.1.jar
[2022-10-22T00:22:59.725+0000] {processor.py:758} INFO - Processing file /opt/airflow/dags/hadoop-2.7.3/share/hadoop/hdfs/lib/xercesImpl-2.9.1.jar for tasks to queue
[2022-10-22T00:22:59.733+0000] {logging_mixin.py:117} INFO - [2022-10-22T00:22:59.732+0000] {dagbag.py:525} INFO - Filling up the DagBag from /opt/airflow/dags/hadoop-2.7.3/share/hadoop/hdfs/lib/xercesImpl-2.9.1.jar
[2022-10-22T00:22:59.779+0000] {processor.py:770} WARNING - No viable dags retrieved from /opt/airflow/dags/hadoop-2.7.3/share/hadoop/hdfs/lib/xercesImpl-2.9.1.jar
[2022-10-22T00:22:59.849+0000] {processor.py:178} INFO - Processing /opt/airflow/dags/hadoop-2.7.3/share/hadoop/hdfs/lib/xercesImpl-2.9.1.jar took 0.153 seconds
[2022-10-22T00:23:33.209+0000] {processor.py:156} INFO - Started process (PID=29812) to work on /opt/airflow/dags/hadoop-2.7.3/share/hadoop/hdfs/lib/xercesImpl-2.9.1.jar
[2022-10-22T00:23:33.212+0000] {processor.py:758} INFO - Processing file /opt/airflow/dags/hadoop-2.7.3/share/hadoop/hdfs/lib/xercesImpl-2.9.1.jar for tasks to queue
[2022-10-22T00:23:33.216+0000] {logging_mixin.py:117} INFO - [2022-10-22T00:23:33.215+0000] {dagbag.py:525} INFO - Filling up the DagBag from /opt/airflow/dags/hadoop-2.7.3/share/hadoop/hdfs/lib/xercesImpl-2.9.1.jar
[2022-10-22T00:23:33.242+0000] {processor.py:770} WARNING - No viable dags retrieved from /opt/airflow/dags/hadoop-2.7.3/share/hadoop/hdfs/lib/xercesImpl-2.9.1.jar
[2022-10-22T00:23:33.271+0000] {processor.py:178} INFO - Processing /opt/airflow/dags/hadoop-2.7.3/share/hadoop/hdfs/lib/xercesImpl-2.9.1.jar took 0.081 seconds
[2022-10-22T00:23:38.376+0000] {processor.py:156} INFO - Started process (PID=27332) to work on /opt/airflow/dags/hadoop-2.7.3/share/hadoop/hdfs/lib/xercesImpl-2.9.1.jar
[2022-10-22T00:23:38.378+0000] {processor.py:758} INFO - Processing file /opt/airflow/dags/hadoop-2.7.3/share/hadoop/hdfs/lib/xercesImpl-2.9.1.jar for tasks to queue
[2022-10-22T00:23:38.380+0000] {logging_mixin.py:117} INFO - [2022-10-22T00:23:38.379+0000] {dagbag.py:525} INFO - Filling up the DagBag from /opt/airflow/dags/hadoop-2.7.3/share/hadoop/hdfs/lib/xercesImpl-2.9.1.jar
[2022-10-22T00:23:38.405+0000] {processor.py:770} WARNING - No viable dags retrieved from /opt/airflow/dags/hadoop-2.7.3/share/hadoop/hdfs/lib/xercesImpl-2.9.1.jar
[2022-10-22T00:23:38.439+0000] {processor.py:178} INFO - Processing /opt/airflow/dags/hadoop-2.7.3/share/hadoop/hdfs/lib/xercesImpl-2.9.1.jar took 0.073 seconds
