[2022-10-22T00:00:55.927+0000] {processor.py:156} INFO - Started process (PID=17073) to work on /opt/airflow/dags/hadoop-2.7.3/share/hadoop/tools/sources/hadoop-datajoin-2.7.3-sources.jar
[2022-10-22T00:00:55.931+0000] {processor.py:758} INFO - Processing file /opt/airflow/dags/hadoop-2.7.3/share/hadoop/tools/sources/hadoop-datajoin-2.7.3-sources.jar for tasks to queue
[2022-10-22T00:00:55.934+0000] {logging_mixin.py:117} INFO - [2022-10-22T00:00:55.934+0000] {dagbag.py:525} INFO - Filling up the DagBag from /opt/airflow/dags/hadoop-2.7.3/share/hadoop/tools/sources/hadoop-datajoin-2.7.3-sources.jar
[2022-10-22T00:00:55.945+0000] {processor.py:770} WARNING - No viable dags retrieved from /opt/airflow/dags/hadoop-2.7.3/share/hadoop/tools/sources/hadoop-datajoin-2.7.3-sources.jar
[2022-10-22T00:00:56.009+0000] {processor.py:178} INFO - Processing /opt/airflow/dags/hadoop-2.7.3/share/hadoop/tools/sources/hadoop-datajoin-2.7.3-sources.jar took 0.123 seconds
[2022-10-22T00:02:04.980+0000] {processor.py:156} INFO - Started process (PID=19920) to work on /opt/airflow/dags/hadoop-2.7.3/share/hadoop/tools/sources/hadoop-datajoin-2.7.3-sources.jar
[2022-10-22T00:02:04.989+0000] {processor.py:758} INFO - Processing file /opt/airflow/dags/hadoop-2.7.3/share/hadoop/tools/sources/hadoop-datajoin-2.7.3-sources.jar for tasks to queue
[2022-10-22T00:02:04.995+0000] {logging_mixin.py:117} INFO - [2022-10-22T00:02:04.994+0000] {dagbag.py:525} INFO - Filling up the DagBag from /opt/airflow/dags/hadoop-2.7.3/share/hadoop/tools/sources/hadoop-datajoin-2.7.3-sources.jar
[2022-10-22T00:02:05.007+0000] {processor.py:770} WARNING - No viable dags retrieved from /opt/airflow/dags/hadoop-2.7.3/share/hadoop/tools/sources/hadoop-datajoin-2.7.3-sources.jar
[2022-10-22T00:02:05.066+0000] {processor.py:178} INFO - Processing /opt/airflow/dags/hadoop-2.7.3/share/hadoop/tools/sources/hadoop-datajoin-2.7.3-sources.jar took 0.098 seconds
[2022-10-22T00:02:17.449+0000] {processor.py:156} INFO - Started process (PID=17668) to work on /opt/airflow/dags/hadoop-2.7.3/share/hadoop/tools/sources/hadoop-datajoin-2.7.3-sources.jar
[2022-10-22T00:02:17.453+0000] {processor.py:758} INFO - Processing file /opt/airflow/dags/hadoop-2.7.3/share/hadoop/tools/sources/hadoop-datajoin-2.7.3-sources.jar for tasks to queue
[2022-10-22T00:02:17.455+0000] {logging_mixin.py:117} INFO - [2022-10-22T00:02:17.455+0000] {dagbag.py:525} INFO - Filling up the DagBag from /opt/airflow/dags/hadoop-2.7.3/share/hadoop/tools/sources/hadoop-datajoin-2.7.3-sources.jar
[2022-10-22T00:02:17.469+0000] {processor.py:770} WARNING - No viable dags retrieved from /opt/airflow/dags/hadoop-2.7.3/share/hadoop/tools/sources/hadoop-datajoin-2.7.3-sources.jar
[2022-10-22T00:02:17.532+0000] {processor.py:178} INFO - Processing /opt/airflow/dags/hadoop-2.7.3/share/hadoop/tools/sources/hadoop-datajoin-2.7.3-sources.jar took 0.095 seconds
[2022-10-22T00:03:36.014+0000] {processor.py:156} INFO - Started process (PID=20473) to work on /opt/airflow/dags/hadoop-2.7.3/share/hadoop/tools/sources/hadoop-datajoin-2.7.3-sources.jar
[2022-10-22T00:03:36.017+0000] {processor.py:758} INFO - Processing file /opt/airflow/dags/hadoop-2.7.3/share/hadoop/tools/sources/hadoop-datajoin-2.7.3-sources.jar for tasks to queue
[2022-10-22T00:03:36.020+0000] {logging_mixin.py:117} INFO - [2022-10-22T00:03:36.019+0000] {dagbag.py:525} INFO - Filling up the DagBag from /opt/airflow/dags/hadoop-2.7.3/share/hadoop/tools/sources/hadoop-datajoin-2.7.3-sources.jar
[2022-10-22T00:03:36.027+0000] {processor.py:770} WARNING - No viable dags retrieved from /opt/airflow/dags/hadoop-2.7.3/share/hadoop/tools/sources/hadoop-datajoin-2.7.3-sources.jar
[2022-10-22T00:03:36.076+0000] {processor.py:178} INFO - Processing /opt/airflow/dags/hadoop-2.7.3/share/hadoop/tools/sources/hadoop-datajoin-2.7.3-sources.jar took 0.073 seconds
[2022-10-22T00:04:01.051+0000] {processor.py:156} INFO - Started process (PID=18311) to work on /opt/airflow/dags/hadoop-2.7.3/share/hadoop/tools/sources/hadoop-datajoin-2.7.3-sources.jar
[2022-10-22T00:04:01.053+0000] {processor.py:758} INFO - Processing file /opt/airflow/dags/hadoop-2.7.3/share/hadoop/tools/sources/hadoop-datajoin-2.7.3-sources.jar for tasks to queue
[2022-10-22T00:04:01.058+0000] {logging_mixin.py:117} INFO - [2022-10-22T00:04:01.058+0000] {dagbag.py:525} INFO - Filling up the DagBag from /opt/airflow/dags/hadoop-2.7.3/share/hadoop/tools/sources/hadoop-datajoin-2.7.3-sources.jar
[2022-10-22T00:04:01.065+0000] {processor.py:770} WARNING - No viable dags retrieved from /opt/airflow/dags/hadoop-2.7.3/share/hadoop/tools/sources/hadoop-datajoin-2.7.3-sources.jar
[2022-10-22T00:04:01.132+0000] {processor.py:178} INFO - Processing /opt/airflow/dags/hadoop-2.7.3/share/hadoop/tools/sources/hadoop-datajoin-2.7.3-sources.jar took 0.090 seconds
[2022-10-22T00:04:51.001+0000] {processor.py:156} INFO - Started process (PID=21153) to work on /opt/airflow/dags/hadoop-2.7.3/share/hadoop/tools/sources/hadoop-datajoin-2.7.3-sources.jar
[2022-10-22T00:04:51.006+0000] {processor.py:758} INFO - Processing file /opt/airflow/dags/hadoop-2.7.3/share/hadoop/tools/sources/hadoop-datajoin-2.7.3-sources.jar for tasks to queue
[2022-10-22T00:04:51.010+0000] {logging_mixin.py:117} INFO - [2022-10-22T00:04:51.009+0000] {dagbag.py:525} INFO - Filling up the DagBag from /opt/airflow/dags/hadoop-2.7.3/share/hadoop/tools/sources/hadoop-datajoin-2.7.3-sources.jar
[2022-10-22T00:04:51.023+0000] {processor.py:770} WARNING - No viable dags retrieved from /opt/airflow/dags/hadoop-2.7.3/share/hadoop/tools/sources/hadoop-datajoin-2.7.3-sources.jar
[2022-10-22T00:04:51.090+0000] {processor.py:178} INFO - Processing /opt/airflow/dags/hadoop-2.7.3/share/hadoop/tools/sources/hadoop-datajoin-2.7.3-sources.jar took 0.109 seconds
[2022-10-22T00:05:00.736+0000] {processor.py:156} INFO - Started process (PID=18836) to work on /opt/airflow/dags/hadoop-2.7.3/share/hadoop/tools/sources/hadoop-datajoin-2.7.3-sources.jar
[2022-10-22T00:05:00.739+0000] {processor.py:758} INFO - Processing file /opt/airflow/dags/hadoop-2.7.3/share/hadoop/tools/sources/hadoop-datajoin-2.7.3-sources.jar for tasks to queue
[2022-10-22T00:05:00.742+0000] {logging_mixin.py:117} INFO - [2022-10-22T00:05:00.742+0000] {dagbag.py:525} INFO - Filling up the DagBag from /opt/airflow/dags/hadoop-2.7.3/share/hadoop/tools/sources/hadoop-datajoin-2.7.3-sources.jar
[2022-10-22T00:05:00.762+0000] {processor.py:770} WARNING - No viable dags retrieved from /opt/airflow/dags/hadoop-2.7.3/share/hadoop/tools/sources/hadoop-datajoin-2.7.3-sources.jar
[2022-10-22T00:05:00.812+0000] {processor.py:178} INFO - Processing /opt/airflow/dags/hadoop-2.7.3/share/hadoop/tools/sources/hadoop-datajoin-2.7.3-sources.jar took 0.084 seconds
[2022-10-22T00:05:52.251+0000] {processor.py:156} INFO - Started process (PID=19359) to work on /opt/airflow/dags/hadoop-2.7.3/share/hadoop/tools/sources/hadoop-datajoin-2.7.3-sources.jar
[2022-10-22T00:05:52.255+0000] {processor.py:758} INFO - Processing file /opt/airflow/dags/hadoop-2.7.3/share/hadoop/tools/sources/hadoop-datajoin-2.7.3-sources.jar for tasks to queue
[2022-10-22T00:05:52.258+0000] {logging_mixin.py:117} INFO - [2022-10-22T00:05:52.258+0000] {dagbag.py:525} INFO - Filling up the DagBag from /opt/airflow/dags/hadoop-2.7.3/share/hadoop/tools/sources/hadoop-datajoin-2.7.3-sources.jar
[2022-10-22T00:05:52.267+0000] {processor.py:770} WARNING - No viable dags retrieved from /opt/airflow/dags/hadoop-2.7.3/share/hadoop/tools/sources/hadoop-datajoin-2.7.3-sources.jar
[2022-10-22T00:05:52.342+0000] {processor.py:178} INFO - Processing /opt/airflow/dags/hadoop-2.7.3/share/hadoop/tools/sources/hadoop-datajoin-2.7.3-sources.jar took 0.119 seconds
[2022-10-22T00:05:57.915+0000] {processor.py:156} INFO - Started process (PID=21843) to work on /opt/airflow/dags/hadoop-2.7.3/share/hadoop/tools/sources/hadoop-datajoin-2.7.3-sources.jar
[2022-10-22T00:05:57.917+0000] {processor.py:758} INFO - Processing file /opt/airflow/dags/hadoop-2.7.3/share/hadoop/tools/sources/hadoop-datajoin-2.7.3-sources.jar for tasks to queue
[2022-10-22T00:05:57.920+0000] {logging_mixin.py:117} INFO - [2022-10-22T00:05:57.920+0000] {dagbag.py:525} INFO - Filling up the DagBag from /opt/airflow/dags/hadoop-2.7.3/share/hadoop/tools/sources/hadoop-datajoin-2.7.3-sources.jar
[2022-10-22T00:05:57.928+0000] {processor.py:770} WARNING - No viable dags retrieved from /opt/airflow/dags/hadoop-2.7.3/share/hadoop/tools/sources/hadoop-datajoin-2.7.3-sources.jar
[2022-10-22T00:05:58.000+0000] {processor.py:178} INFO - Processing /opt/airflow/dags/hadoop-2.7.3/share/hadoop/tools/sources/hadoop-datajoin-2.7.3-sources.jar took 0.103 seconds
[2022-10-22T00:07:02.810+0000] {processor.py:156} INFO - Started process (PID=20016) to work on /opt/airflow/dags/hadoop-2.7.3/share/hadoop/tools/sources/hadoop-datajoin-2.7.3-sources.jar
[2022-10-22T00:07:02.812+0000] {processor.py:758} INFO - Processing file /opt/airflow/dags/hadoop-2.7.3/share/hadoop/tools/sources/hadoop-datajoin-2.7.3-sources.jar for tasks to queue
[2022-10-22T00:07:02.815+0000] {logging_mixin.py:117} INFO - [2022-10-22T00:07:02.815+0000] {dagbag.py:525} INFO - Filling up the DagBag from /opt/airflow/dags/hadoop-2.7.3/share/hadoop/tools/sources/hadoop-datajoin-2.7.3-sources.jar
[2022-10-22T00:07:02.823+0000] {processor.py:770} WARNING - No viable dags retrieved from /opt/airflow/dags/hadoop-2.7.3/share/hadoop/tools/sources/hadoop-datajoin-2.7.3-sources.jar
[2022-10-22T00:07:02.861+0000] {processor.py:178} INFO - Processing /opt/airflow/dags/hadoop-2.7.3/share/hadoop/tools/sources/hadoop-datajoin-2.7.3-sources.jar took 0.061 seconds
[2022-10-22T00:07:06.126+0000] {processor.py:156} INFO - Started process (PID=22505) to work on /opt/airflow/dags/hadoop-2.7.3/share/hadoop/tools/sources/hadoop-datajoin-2.7.3-sources.jar
[2022-10-22T00:07:06.134+0000] {processor.py:758} INFO - Processing file /opt/airflow/dags/hadoop-2.7.3/share/hadoop/tools/sources/hadoop-datajoin-2.7.3-sources.jar for tasks to queue
[2022-10-22T00:07:06.137+0000] {logging_mixin.py:117} INFO - [2022-10-22T00:07:06.136+0000] {dagbag.py:525} INFO - Filling up the DagBag from /opt/airflow/dags/hadoop-2.7.3/share/hadoop/tools/sources/hadoop-datajoin-2.7.3-sources.jar
[2022-10-22T00:07:06.144+0000] {processor.py:770} WARNING - No viable dags retrieved from /opt/airflow/dags/hadoop-2.7.3/share/hadoop/tools/sources/hadoop-datajoin-2.7.3-sources.jar
[2022-10-22T00:07:06.200+0000] {processor.py:178} INFO - Processing /opt/airflow/dags/hadoop-2.7.3/share/hadoop/tools/sources/hadoop-datajoin-2.7.3-sources.jar took 0.087 seconds
[2022-10-22T00:08:54.198+0000] {processor.py:156} INFO - Started process (PID=23202) to work on /opt/airflow/dags/hadoop-2.7.3/share/hadoop/tools/sources/hadoop-datajoin-2.7.3-sources.jar
[2022-10-22T00:08:54.205+0000] {processor.py:758} INFO - Processing file /opt/airflow/dags/hadoop-2.7.3/share/hadoop/tools/sources/hadoop-datajoin-2.7.3-sources.jar for tasks to queue
[2022-10-22T00:08:54.211+0000] {logging_mixin.py:117} INFO - [2022-10-22T00:08:54.211+0000] {dagbag.py:525} INFO - Filling up the DagBag from /opt/airflow/dags/hadoop-2.7.3/share/hadoop/tools/sources/hadoop-datajoin-2.7.3-sources.jar
[2022-10-22T00:08:54.224+0000] {processor.py:770} WARNING - No viable dags retrieved from /opt/airflow/dags/hadoop-2.7.3/share/hadoop/tools/sources/hadoop-datajoin-2.7.3-sources.jar
[2022-10-22T00:08:54.300+0000] {processor.py:178} INFO - Processing /opt/airflow/dags/hadoop-2.7.3/share/hadoop/tools/sources/hadoop-datajoin-2.7.3-sources.jar took 0.114 seconds
[2022-10-22T00:09:06.229+0000] {processor.py:156} INFO - Started process (PID=20824) to work on /opt/airflow/dags/hadoop-2.7.3/share/hadoop/tools/sources/hadoop-datajoin-2.7.3-sources.jar
[2022-10-22T00:09:06.240+0000] {processor.py:758} INFO - Processing file /opt/airflow/dags/hadoop-2.7.3/share/hadoop/tools/sources/hadoop-datajoin-2.7.3-sources.jar for tasks to queue
[2022-10-22T00:09:06.247+0000] {logging_mixin.py:117} INFO - [2022-10-22T00:09:06.246+0000] {dagbag.py:525} INFO - Filling up the DagBag from /opt/airflow/dags/hadoop-2.7.3/share/hadoop/tools/sources/hadoop-datajoin-2.7.3-sources.jar
[2022-10-22T00:09:06.268+0000] {processor.py:770} WARNING - No viable dags retrieved from /opt/airflow/dags/hadoop-2.7.3/share/hadoop/tools/sources/hadoop-datajoin-2.7.3-sources.jar
[2022-10-22T00:09:06.341+0000] {processor.py:178} INFO - Processing /opt/airflow/dags/hadoop-2.7.3/share/hadoop/tools/sources/hadoop-datajoin-2.7.3-sources.jar took 0.135 seconds
[2022-10-22T00:09:50.026+0000] {processor.py:156} INFO - Started process (PID=23737) to work on /opt/airflow/dags/hadoop-2.7.3/share/hadoop/tools/sources/hadoop-datajoin-2.7.3-sources.jar
[2022-10-22T00:09:50.029+0000] {processor.py:758} INFO - Processing file /opt/airflow/dags/hadoop-2.7.3/share/hadoop/tools/sources/hadoop-datajoin-2.7.3-sources.jar for tasks to queue
[2022-10-22T00:09:50.030+0000] {logging_mixin.py:117} INFO - [2022-10-22T00:09:50.030+0000] {dagbag.py:525} INFO - Filling up the DagBag from /opt/airflow/dags/hadoop-2.7.3/share/hadoop/tools/sources/hadoop-datajoin-2.7.3-sources.jar
[2022-10-22T00:09:50.042+0000] {processor.py:770} WARNING - No viable dags retrieved from /opt/airflow/dags/hadoop-2.7.3/share/hadoop/tools/sources/hadoop-datajoin-2.7.3-sources.jar
[2022-10-22T00:09:50.065+0000] {processor.py:178} INFO - Processing /opt/airflow/dags/hadoop-2.7.3/share/hadoop/tools/sources/hadoop-datajoin-2.7.3-sources.jar took 0.051 seconds
[2022-10-22T00:11:13.708+0000] {processor.py:156} INFO - Started process (PID=21349) to work on /opt/airflow/dags/hadoop-2.7.3/share/hadoop/tools/sources/hadoop-datajoin-2.7.3-sources.jar
[2022-10-22T00:11:13.716+0000] {processor.py:758} INFO - Processing file /opt/airflow/dags/hadoop-2.7.3/share/hadoop/tools/sources/hadoop-datajoin-2.7.3-sources.jar for tasks to queue
[2022-10-22T00:11:13.719+0000] {logging_mixin.py:117} INFO - [2022-10-22T00:11:13.718+0000] {dagbag.py:525} INFO - Filling up the DagBag from /opt/airflow/dags/hadoop-2.7.3/share/hadoop/tools/sources/hadoop-datajoin-2.7.3-sources.jar
[2022-10-22T00:11:13.725+0000] {processor.py:770} WARNING - No viable dags retrieved from /opt/airflow/dags/hadoop-2.7.3/share/hadoop/tools/sources/hadoop-datajoin-2.7.3-sources.jar
[2022-10-22T00:11:13.773+0000] {processor.py:178} INFO - Processing /opt/airflow/dags/hadoop-2.7.3/share/hadoop/tools/sources/hadoop-datajoin-2.7.3-sources.jar took 0.074 seconds
[2022-10-22T00:11:36.934+0000] {processor.py:156} INFO - Started process (PID=24207) to work on /opt/airflow/dags/hadoop-2.7.3/share/hadoop/tools/sources/hadoop-datajoin-2.7.3-sources.jar
[2022-10-22T00:11:36.938+0000] {processor.py:758} INFO - Processing file /opt/airflow/dags/hadoop-2.7.3/share/hadoop/tools/sources/hadoop-datajoin-2.7.3-sources.jar for tasks to queue
[2022-10-22T00:11:36.941+0000] {logging_mixin.py:117} INFO - [2022-10-22T00:11:36.940+0000] {dagbag.py:525} INFO - Filling up the DagBag from /opt/airflow/dags/hadoop-2.7.3/share/hadoop/tools/sources/hadoop-datajoin-2.7.3-sources.jar
[2022-10-22T00:11:36.946+0000] {processor.py:770} WARNING - No viable dags retrieved from /opt/airflow/dags/hadoop-2.7.3/share/hadoop/tools/sources/hadoop-datajoin-2.7.3-sources.jar
[2022-10-22T00:11:37.007+0000] {processor.py:178} INFO - Processing /opt/airflow/dags/hadoop-2.7.3/share/hadoop/tools/sources/hadoop-datajoin-2.7.3-sources.jar took 0.088 seconds
[2022-10-22T00:11:48.409+0000] {processor.py:156} INFO - Started process (PID=21866) to work on /opt/airflow/dags/hadoop-2.7.3/share/hadoop/tools/sources/hadoop-datajoin-2.7.3-sources.jar
[2022-10-22T00:11:48.413+0000] {processor.py:758} INFO - Processing file /opt/airflow/dags/hadoop-2.7.3/share/hadoop/tools/sources/hadoop-datajoin-2.7.3-sources.jar for tasks to queue
[2022-10-22T00:11:48.423+0000] {logging_mixin.py:117} INFO - [2022-10-22T00:11:48.422+0000] {dagbag.py:525} INFO - Filling up the DagBag from /opt/airflow/dags/hadoop-2.7.3/share/hadoop/tools/sources/hadoop-datajoin-2.7.3-sources.jar
[2022-10-22T00:11:48.429+0000] {processor.py:770} WARNING - No viable dags retrieved from /opt/airflow/dags/hadoop-2.7.3/share/hadoop/tools/sources/hadoop-datajoin-2.7.3-sources.jar
[2022-10-22T00:11:48.480+0000] {processor.py:178} INFO - Processing /opt/airflow/dags/hadoop-2.7.3/share/hadoop/tools/sources/hadoop-datajoin-2.7.3-sources.jar took 0.076 seconds
[2022-10-22T00:12:26.853+0000] {processor.py:156} INFO - Started process (PID=24731) to work on /opt/airflow/dags/hadoop-2.7.3/share/hadoop/tools/sources/hadoop-datajoin-2.7.3-sources.jar
[2022-10-22T00:12:26.871+0000] {processor.py:758} INFO - Processing file /opt/airflow/dags/hadoop-2.7.3/share/hadoop/tools/sources/hadoop-datajoin-2.7.3-sources.jar for tasks to queue
[2022-10-22T00:12:26.876+0000] {logging_mixin.py:117} INFO - [2022-10-22T00:12:26.875+0000] {dagbag.py:525} INFO - Filling up the DagBag from /opt/airflow/dags/hadoop-2.7.3/share/hadoop/tools/sources/hadoop-datajoin-2.7.3-sources.jar
[2022-10-22T00:12:26.922+0000] {processor.py:770} WARNING - No viable dags retrieved from /opt/airflow/dags/hadoop-2.7.3/share/hadoop/tools/sources/hadoop-datajoin-2.7.3-sources.jar
[2022-10-22T00:12:27.143+0000] {processor.py:178} INFO - Processing /opt/airflow/dags/hadoop-2.7.3/share/hadoop/tools/sources/hadoop-datajoin-2.7.3-sources.jar took 0.316 seconds
[2022-10-22T00:15:37.535+0000] {processor.py:156} INFO - Started process (PID=22805) to work on /opt/airflow/dags/hadoop-2.7.3/share/hadoop/tools/sources/hadoop-datajoin-2.7.3-sources.jar
[2022-10-22T00:15:37.542+0000] {processor.py:758} INFO - Processing file /opt/airflow/dags/hadoop-2.7.3/share/hadoop/tools/sources/hadoop-datajoin-2.7.3-sources.jar for tasks to queue
[2022-10-22T00:15:37.544+0000] {logging_mixin.py:117} INFO - [2022-10-22T00:15:37.544+0000] {dagbag.py:525} INFO - Filling up the DagBag from /opt/airflow/dags/hadoop-2.7.3/share/hadoop/tools/sources/hadoop-datajoin-2.7.3-sources.jar
[2022-10-22T00:15:37.550+0000] {processor.py:770} WARNING - No viable dags retrieved from /opt/airflow/dags/hadoop-2.7.3/share/hadoop/tools/sources/hadoop-datajoin-2.7.3-sources.jar
[2022-10-22T00:15:37.629+0000] {processor.py:178} INFO - Processing /opt/airflow/dags/hadoop-2.7.3/share/hadoop/tools/sources/hadoop-datajoin-2.7.3-sources.jar took 0.103 seconds
[2022-10-22T00:15:50.436+0000] {processor.py:156} INFO - Started process (PID=25368) to work on /opt/airflow/dags/hadoop-2.7.3/share/hadoop/tools/sources/hadoop-datajoin-2.7.3-sources.jar
[2022-10-22T00:15:50.444+0000] {processor.py:758} INFO - Processing file /opt/airflow/dags/hadoop-2.7.3/share/hadoop/tools/sources/hadoop-datajoin-2.7.3-sources.jar for tasks to queue
[2022-10-22T00:15:50.449+0000] {logging_mixin.py:117} INFO - [2022-10-22T00:15:50.448+0000] {dagbag.py:525} INFO - Filling up the DagBag from /opt/airflow/dags/hadoop-2.7.3/share/hadoop/tools/sources/hadoop-datajoin-2.7.3-sources.jar
[2022-10-22T00:15:50.455+0000] {processor.py:770} WARNING - No viable dags retrieved from /opt/airflow/dags/hadoop-2.7.3/share/hadoop/tools/sources/hadoop-datajoin-2.7.3-sources.jar
[2022-10-22T00:15:50.489+0000] {processor.py:178} INFO - Processing /opt/airflow/dags/hadoop-2.7.3/share/hadoop/tools/sources/hadoop-datajoin-2.7.3-sources.jar took 0.071 seconds
[2022-10-22T00:16:32.779+0000] {processor.py:156} INFO - Started process (PID=23384) to work on /opt/airflow/dags/hadoop-2.7.3/share/hadoop/tools/sources/hadoop-datajoin-2.7.3-sources.jar
[2022-10-22T00:16:32.781+0000] {processor.py:758} INFO - Processing file /opt/airflow/dags/hadoop-2.7.3/share/hadoop/tools/sources/hadoop-datajoin-2.7.3-sources.jar for tasks to queue
[2022-10-22T00:16:32.783+0000] {logging_mixin.py:117} INFO - [2022-10-22T00:16:32.783+0000] {dagbag.py:525} INFO - Filling up the DagBag from /opt/airflow/dags/hadoop-2.7.3/share/hadoop/tools/sources/hadoop-datajoin-2.7.3-sources.jar
[2022-10-22T00:16:32.788+0000] {processor.py:770} WARNING - No viable dags retrieved from /opt/airflow/dags/hadoop-2.7.3/share/hadoop/tools/sources/hadoop-datajoin-2.7.3-sources.jar
[2022-10-22T00:16:32.836+0000] {processor.py:178} INFO - Processing /opt/airflow/dags/hadoop-2.7.3/share/hadoop/tools/sources/hadoop-datajoin-2.7.3-sources.jar took 0.063 seconds
[2022-10-22T00:16:37.855+0000] {processor.py:156} INFO - Started process (PID=25898) to work on /opt/airflow/dags/hadoop-2.7.3/share/hadoop/tools/sources/hadoop-datajoin-2.7.3-sources.jar
[2022-10-22T00:16:37.866+0000] {processor.py:758} INFO - Processing file /opt/airflow/dags/hadoop-2.7.3/share/hadoop/tools/sources/hadoop-datajoin-2.7.3-sources.jar for tasks to queue
[2022-10-22T00:16:37.868+0000] {logging_mixin.py:117} INFO - [2022-10-22T00:16:37.868+0000] {dagbag.py:525} INFO - Filling up the DagBag from /opt/airflow/dags/hadoop-2.7.3/share/hadoop/tools/sources/hadoop-datajoin-2.7.3-sources.jar
[2022-10-22T00:16:37.875+0000] {processor.py:770} WARNING - No viable dags retrieved from /opt/airflow/dags/hadoop-2.7.3/share/hadoop/tools/sources/hadoop-datajoin-2.7.3-sources.jar
[2022-10-22T00:16:37.931+0000] {processor.py:178} INFO - Processing /opt/airflow/dags/hadoop-2.7.3/share/hadoop/tools/sources/hadoop-datajoin-2.7.3-sources.jar took 0.088 seconds
[2022-10-22T00:17:27.544+0000] {processor.py:156} INFO - Started process (PID=23962) to work on /opt/airflow/dags/hadoop-2.7.3/share/hadoop/tools/sources/hadoop-datajoin-2.7.3-sources.jar
[2022-10-22T00:17:27.555+0000] {processor.py:758} INFO - Processing file /opt/airflow/dags/hadoop-2.7.3/share/hadoop/tools/sources/hadoop-datajoin-2.7.3-sources.jar for tasks to queue
[2022-10-22T00:17:27.558+0000] {logging_mixin.py:117} INFO - [2022-10-22T00:17:27.557+0000] {dagbag.py:525} INFO - Filling up the DagBag from /opt/airflow/dags/hadoop-2.7.3/share/hadoop/tools/sources/hadoop-datajoin-2.7.3-sources.jar
[2022-10-22T00:17:27.563+0000] {processor.py:770} WARNING - No viable dags retrieved from /opt/airflow/dags/hadoop-2.7.3/share/hadoop/tools/sources/hadoop-datajoin-2.7.3-sources.jar
[2022-10-22T00:17:27.598+0000] {processor.py:178} INFO - Processing /opt/airflow/dags/hadoop-2.7.3/share/hadoop/tools/sources/hadoop-datajoin-2.7.3-sources.jar took 0.072 seconds
[2022-10-22T00:17:34.262+0000] {processor.py:156} INFO - Started process (PID=26493) to work on /opt/airflow/dags/hadoop-2.7.3/share/hadoop/tools/sources/hadoop-datajoin-2.7.3-sources.jar
[2022-10-22T00:17:34.269+0000] {processor.py:758} INFO - Processing file /opt/airflow/dags/hadoop-2.7.3/share/hadoop/tools/sources/hadoop-datajoin-2.7.3-sources.jar for tasks to queue
[2022-10-22T00:17:34.271+0000] {logging_mixin.py:117} INFO - [2022-10-22T00:17:34.271+0000] {dagbag.py:525} INFO - Filling up the DagBag from /opt/airflow/dags/hadoop-2.7.3/share/hadoop/tools/sources/hadoop-datajoin-2.7.3-sources.jar
[2022-10-22T00:17:34.278+0000] {processor.py:770} WARNING - No viable dags retrieved from /opt/airflow/dags/hadoop-2.7.3/share/hadoop/tools/sources/hadoop-datajoin-2.7.3-sources.jar
[2022-10-22T00:17:34.370+0000] {processor.py:178} INFO - Processing /opt/airflow/dags/hadoop-2.7.3/share/hadoop/tools/sources/hadoop-datajoin-2.7.3-sources.jar took 0.129 seconds
[2022-10-22T00:18:26.276+0000] {processor.py:156} INFO - Started process (PID=24569) to work on /opt/airflow/dags/hadoop-2.7.3/share/hadoop/tools/sources/hadoop-datajoin-2.7.3-sources.jar
[2022-10-22T00:18:26.281+0000] {processor.py:758} INFO - Processing file /opt/airflow/dags/hadoop-2.7.3/share/hadoop/tools/sources/hadoop-datajoin-2.7.3-sources.jar for tasks to queue
[2022-10-22T00:18:26.285+0000] {logging_mixin.py:117} INFO - [2022-10-22T00:18:26.284+0000] {dagbag.py:525} INFO - Filling up the DagBag from /opt/airflow/dags/hadoop-2.7.3/share/hadoop/tools/sources/hadoop-datajoin-2.7.3-sources.jar
[2022-10-22T00:18:26.294+0000] {processor.py:770} WARNING - No viable dags retrieved from /opt/airflow/dags/hadoop-2.7.3/share/hadoop/tools/sources/hadoop-datajoin-2.7.3-sources.jar
[2022-10-22T00:18:26.350+0000] {processor.py:178} INFO - Processing /opt/airflow/dags/hadoop-2.7.3/share/hadoop/tools/sources/hadoop-datajoin-2.7.3-sources.jar took 0.086 seconds
[2022-10-22T00:18:27.671+0000] {processor.py:156} INFO - Started process (PID=27070) to work on /opt/airflow/dags/hadoop-2.7.3/share/hadoop/tools/sources/hadoop-datajoin-2.7.3-sources.jar
[2022-10-22T00:18:27.679+0000] {processor.py:758} INFO - Processing file /opt/airflow/dags/hadoop-2.7.3/share/hadoop/tools/sources/hadoop-datajoin-2.7.3-sources.jar for tasks to queue
[2022-10-22T00:18:27.683+0000] {logging_mixin.py:117} INFO - [2022-10-22T00:18:27.683+0000] {dagbag.py:525} INFO - Filling up the DagBag from /opt/airflow/dags/hadoop-2.7.3/share/hadoop/tools/sources/hadoop-datajoin-2.7.3-sources.jar
[2022-10-22T00:18:27.695+0000] {processor.py:770} WARNING - No viable dags retrieved from /opt/airflow/dags/hadoop-2.7.3/share/hadoop/tools/sources/hadoop-datajoin-2.7.3-sources.jar
[2022-10-22T00:18:27.755+0000] {processor.py:178} INFO - Processing /opt/airflow/dags/hadoop-2.7.3/share/hadoop/tools/sources/hadoop-datajoin-2.7.3-sources.jar took 0.096 seconds
[2022-10-22T00:19:22.773+0000] {processor.py:156} INFO - Started process (PID=27654) to work on /opt/airflow/dags/hadoop-2.7.3/share/hadoop/tools/sources/hadoop-datajoin-2.7.3-sources.jar
[2022-10-22T00:19:22.778+0000] {processor.py:758} INFO - Processing file /opt/airflow/dags/hadoop-2.7.3/share/hadoop/tools/sources/hadoop-datajoin-2.7.3-sources.jar for tasks to queue
[2022-10-22T00:19:22.781+0000] {logging_mixin.py:117} INFO - [2022-10-22T00:19:22.780+0000] {dagbag.py:525} INFO - Filling up the DagBag from /opt/airflow/dags/hadoop-2.7.3/share/hadoop/tools/sources/hadoop-datajoin-2.7.3-sources.jar
[2022-10-22T00:19:22.789+0000] {processor.py:770} WARNING - No viable dags retrieved from /opt/airflow/dags/hadoop-2.7.3/share/hadoop/tools/sources/hadoop-datajoin-2.7.3-sources.jar
[2022-10-22T00:19:22.843+0000] {processor.py:178} INFO - Processing /opt/airflow/dags/hadoop-2.7.3/share/hadoop/tools/sources/hadoop-datajoin-2.7.3-sources.jar took 0.080 seconds
[2022-10-22T00:20:03.436+0000] {processor.py:156} INFO - Started process (PID=25202) to work on /opt/airflow/dags/hadoop-2.7.3/share/hadoop/tools/sources/hadoop-datajoin-2.7.3-sources.jar
[2022-10-22T00:20:03.442+0000] {processor.py:758} INFO - Processing file /opt/airflow/dags/hadoop-2.7.3/share/hadoop/tools/sources/hadoop-datajoin-2.7.3-sources.jar for tasks to queue
[2022-10-22T00:20:03.448+0000] {logging_mixin.py:117} INFO - [2022-10-22T00:20:03.447+0000] {dagbag.py:525} INFO - Filling up the DagBag from /opt/airflow/dags/hadoop-2.7.3/share/hadoop/tools/sources/hadoop-datajoin-2.7.3-sources.jar
[2022-10-22T00:20:03.463+0000] {processor.py:770} WARNING - No viable dags retrieved from /opt/airflow/dags/hadoop-2.7.3/share/hadoop/tools/sources/hadoop-datajoin-2.7.3-sources.jar
[2022-10-22T00:20:03.497+0000] {processor.py:178} INFO - Processing /opt/airflow/dags/hadoop-2.7.3/share/hadoop/tools/sources/hadoop-datajoin-2.7.3-sources.jar took 0.078 seconds
[2022-10-22T00:20:57.643+0000] {processor.py:156} INFO - Started process (PID=28264) to work on /opt/airflow/dags/hadoop-2.7.3/share/hadoop/tools/sources/hadoop-datajoin-2.7.3-sources.jar
[2022-10-22T00:20:57.646+0000] {processor.py:758} INFO - Processing file /opt/airflow/dags/hadoop-2.7.3/share/hadoop/tools/sources/hadoop-datajoin-2.7.3-sources.jar for tasks to queue
[2022-10-22T00:20:57.648+0000] {logging_mixin.py:117} INFO - [2022-10-22T00:20:57.648+0000] {dagbag.py:525} INFO - Filling up the DagBag from /opt/airflow/dags/hadoop-2.7.3/share/hadoop/tools/sources/hadoop-datajoin-2.7.3-sources.jar
[2022-10-22T00:20:57.663+0000] {processor.py:770} WARNING - No viable dags retrieved from /opt/airflow/dags/hadoop-2.7.3/share/hadoop/tools/sources/hadoop-datajoin-2.7.3-sources.jar
[2022-10-22T00:20:57.722+0000] {processor.py:178} INFO - Processing /opt/airflow/dags/hadoop-2.7.3/share/hadoop/tools/sources/hadoop-datajoin-2.7.3-sources.jar took 0.098 seconds
[2022-10-22T00:21:05.957+0000] {processor.py:156} INFO - Started process (PID=25818) to work on /opt/airflow/dags/hadoop-2.7.3/share/hadoop/tools/sources/hadoop-datajoin-2.7.3-sources.jar
[2022-10-22T00:21:05.964+0000] {processor.py:758} INFO - Processing file /opt/airflow/dags/hadoop-2.7.3/share/hadoop/tools/sources/hadoop-datajoin-2.7.3-sources.jar for tasks to queue
[2022-10-22T00:21:05.969+0000] {logging_mixin.py:117} INFO - [2022-10-22T00:21:05.968+0000] {dagbag.py:525} INFO - Filling up the DagBag from /opt/airflow/dags/hadoop-2.7.3/share/hadoop/tools/sources/hadoop-datajoin-2.7.3-sources.jar
[2022-10-22T00:21:05.977+0000] {processor.py:770} WARNING - No viable dags retrieved from /opt/airflow/dags/hadoop-2.7.3/share/hadoop/tools/sources/hadoop-datajoin-2.7.3-sources.jar
[2022-10-22T00:21:06.047+0000] {processor.py:178} INFO - Processing /opt/airflow/dags/hadoop-2.7.3/share/hadoop/tools/sources/hadoop-datajoin-2.7.3-sources.jar took 0.098 seconds
[2022-10-22T00:22:01.626+0000] {processor.py:156} INFO - Started process (PID=26342) to work on /opt/airflow/dags/hadoop-2.7.3/share/hadoop/tools/sources/hadoop-datajoin-2.7.3-sources.jar
[2022-10-22T00:22:01.629+0000] {processor.py:758} INFO - Processing file /opt/airflow/dags/hadoop-2.7.3/share/hadoop/tools/sources/hadoop-datajoin-2.7.3-sources.jar for tasks to queue
[2022-10-22T00:22:01.631+0000] {logging_mixin.py:117} INFO - [2022-10-22T00:22:01.630+0000] {dagbag.py:525} INFO - Filling up the DagBag from /opt/airflow/dags/hadoop-2.7.3/share/hadoop/tools/sources/hadoop-datajoin-2.7.3-sources.jar
[2022-10-22T00:22:01.636+0000] {processor.py:770} WARNING - No viable dags retrieved from /opt/airflow/dags/hadoop-2.7.3/share/hadoop/tools/sources/hadoop-datajoin-2.7.3-sources.jar
[2022-10-22T00:22:01.671+0000] {processor.py:178} INFO - Processing /opt/airflow/dags/hadoop-2.7.3/share/hadoop/tools/sources/hadoop-datajoin-2.7.3-sources.jar took 0.053 seconds
[2022-10-22T00:22:06.044+0000] {processor.py:156} INFO - Started process (PID=28918) to work on /opt/airflow/dags/hadoop-2.7.3/share/hadoop/tools/sources/hadoop-datajoin-2.7.3-sources.jar
[2022-10-22T00:22:06.061+0000] {processor.py:758} INFO - Processing file /opt/airflow/dags/hadoop-2.7.3/share/hadoop/tools/sources/hadoop-datajoin-2.7.3-sources.jar for tasks to queue
[2022-10-22T00:22:06.064+0000] {logging_mixin.py:117} INFO - [2022-10-22T00:22:06.064+0000] {dagbag.py:525} INFO - Filling up the DagBag from /opt/airflow/dags/hadoop-2.7.3/share/hadoop/tools/sources/hadoop-datajoin-2.7.3-sources.jar
[2022-10-22T00:22:06.073+0000] {processor.py:770} WARNING - No viable dags retrieved from /opt/airflow/dags/hadoop-2.7.3/share/hadoop/tools/sources/hadoop-datajoin-2.7.3-sources.jar
[2022-10-22T00:22:06.142+0000] {processor.py:178} INFO - Processing /opt/airflow/dags/hadoop-2.7.3/share/hadoop/tools/sources/hadoop-datajoin-2.7.3-sources.jar took 0.122 seconds
[2022-10-22T00:23:01.822+0000] {processor.py:156} INFO - Started process (PID=29446) to work on /opt/airflow/dags/hadoop-2.7.3/share/hadoop/tools/sources/hadoop-datajoin-2.7.3-sources.jar
[2022-10-22T00:23:01.826+0000] {processor.py:758} INFO - Processing file /opt/airflow/dags/hadoop-2.7.3/share/hadoop/tools/sources/hadoop-datajoin-2.7.3-sources.jar for tasks to queue
[2022-10-22T00:23:01.838+0000] {logging_mixin.py:117} INFO - [2022-10-22T00:23:01.838+0000] {dagbag.py:525} INFO - Filling up the DagBag from /opt/airflow/dags/hadoop-2.7.3/share/hadoop/tools/sources/hadoop-datajoin-2.7.3-sources.jar
[2022-10-22T00:23:01.859+0000] {processor.py:770} WARNING - No viable dags retrieved from /opt/airflow/dags/hadoop-2.7.3/share/hadoop/tools/sources/hadoop-datajoin-2.7.3-sources.jar
[2022-10-22T00:23:01.937+0000] {processor.py:178} INFO - Processing /opt/airflow/dags/hadoop-2.7.3/share/hadoop/tools/sources/hadoop-datajoin-2.7.3-sources.jar took 0.129 seconds
[2022-10-22T00:23:16.176+0000] {processor.py:156} INFO - Started process (PID=27052) to work on /opt/airflow/dags/hadoop-2.7.3/share/hadoop/tools/sources/hadoop-datajoin-2.7.3-sources.jar
[2022-10-22T00:23:16.180+0000] {processor.py:758} INFO - Processing file /opt/airflow/dags/hadoop-2.7.3/share/hadoop/tools/sources/hadoop-datajoin-2.7.3-sources.jar for tasks to queue
[2022-10-22T00:23:16.182+0000] {logging_mixin.py:117} INFO - [2022-10-22T00:23:16.182+0000] {dagbag.py:525} INFO - Filling up the DagBag from /opt/airflow/dags/hadoop-2.7.3/share/hadoop/tools/sources/hadoop-datajoin-2.7.3-sources.jar
[2022-10-22T00:23:16.190+0000] {processor.py:770} WARNING - No viable dags retrieved from /opt/airflow/dags/hadoop-2.7.3/share/hadoop/tools/sources/hadoop-datajoin-2.7.3-sources.jar
[2022-10-22T00:23:16.269+0000] {processor.py:178} INFO - Processing /opt/airflow/dags/hadoop-2.7.3/share/hadoop/tools/sources/hadoop-datajoin-2.7.3-sources.jar took 0.117 seconds
[2022-10-22T00:23:56.660+0000] {processor.py:156} INFO - Started process (PID=30008) to work on /opt/airflow/dags/hadoop-2.7.3/share/hadoop/tools/sources/hadoop-datajoin-2.7.3-sources.jar
[2022-10-22T00:23:56.663+0000] {processor.py:758} INFO - Processing file /opt/airflow/dags/hadoop-2.7.3/share/hadoop/tools/sources/hadoop-datajoin-2.7.3-sources.jar for tasks to queue
[2022-10-22T00:23:56.666+0000] {logging_mixin.py:117} INFO - [2022-10-22T00:23:56.665+0000] {dagbag.py:525} INFO - Filling up the DagBag from /opt/airflow/dags/hadoop-2.7.3/share/hadoop/tools/sources/hadoop-datajoin-2.7.3-sources.jar
[2022-10-22T00:23:56.674+0000] {processor.py:770} WARNING - No viable dags retrieved from /opt/airflow/dags/hadoop-2.7.3/share/hadoop/tools/sources/hadoop-datajoin-2.7.3-sources.jar
[2022-10-22T00:23:56.724+0000] {processor.py:178} INFO - Processing /opt/airflow/dags/hadoop-2.7.3/share/hadoop/tools/sources/hadoop-datajoin-2.7.3-sources.jar took 0.075 seconds
[2022-10-22T00:24:06.917+0000] {processor.py:156} INFO - Started process (PID=27621) to work on /opt/airflow/dags/hadoop-2.7.3/share/hadoop/tools/sources/hadoop-datajoin-2.7.3-sources.jar
[2022-10-22T00:24:06.919+0000] {processor.py:758} INFO - Processing file /opt/airflow/dags/hadoop-2.7.3/share/hadoop/tools/sources/hadoop-datajoin-2.7.3-sources.jar for tasks to queue
[2022-10-22T00:24:06.921+0000] {logging_mixin.py:117} INFO - [2022-10-22T00:24:06.920+0000] {dagbag.py:525} INFO - Filling up the DagBag from /opt/airflow/dags/hadoop-2.7.3/share/hadoop/tools/sources/hadoop-datajoin-2.7.3-sources.jar
[2022-10-22T00:24:06.925+0000] {processor.py:770} WARNING - No viable dags retrieved from /opt/airflow/dags/hadoop-2.7.3/share/hadoop/tools/sources/hadoop-datajoin-2.7.3-sources.jar
[2022-10-22T00:24:06.961+0000] {processor.py:178} INFO - Processing /opt/airflow/dags/hadoop-2.7.3/share/hadoop/tools/sources/hadoop-datajoin-2.7.3-sources.jar took 0.049 seconds
