[2022-10-22T00:00:56.617+0000] {processor.py:156} INFO - Started process (PID=17080) to work on /opt/airflow/dags/hadoop-2.7.3/share/hadoop/tools/sources/hadoop-gridmix-2.7.3-sources.jar
[2022-10-22T00:00:56.629+0000] {processor.py:758} INFO - Processing file /opt/airflow/dags/hadoop-2.7.3/share/hadoop/tools/sources/hadoop-gridmix-2.7.3-sources.jar for tasks to queue
[2022-10-22T00:00:56.637+0000] {logging_mixin.py:117} INFO - [2022-10-22T00:00:56.635+0000] {dagbag.py:525} INFO - Filling up the DagBag from /opt/airflow/dags/hadoop-2.7.3/share/hadoop/tools/sources/hadoop-gridmix-2.7.3-sources.jar
[2022-10-22T00:00:56.645+0000] {processor.py:770} WARNING - No viable dags retrieved from /opt/airflow/dags/hadoop-2.7.3/share/hadoop/tools/sources/hadoop-gridmix-2.7.3-sources.jar
[2022-10-22T00:00:56.698+0000] {processor.py:178} INFO - Processing /opt/airflow/dags/hadoop-2.7.3/share/hadoop/tools/sources/hadoop-gridmix-2.7.3-sources.jar took 0.089 seconds
[2022-10-22T00:02:05.630+0000] {processor.py:156} INFO - Started process (PID=19926) to work on /opt/airflow/dags/hadoop-2.7.3/share/hadoop/tools/sources/hadoop-gridmix-2.7.3-sources.jar
[2022-10-22T00:02:05.636+0000] {processor.py:758} INFO - Processing file /opt/airflow/dags/hadoop-2.7.3/share/hadoop/tools/sources/hadoop-gridmix-2.7.3-sources.jar for tasks to queue
[2022-10-22T00:02:05.640+0000] {logging_mixin.py:117} INFO - [2022-10-22T00:02:05.640+0000] {dagbag.py:525} INFO - Filling up the DagBag from /opt/airflow/dags/hadoop-2.7.3/share/hadoop/tools/sources/hadoop-gridmix-2.7.3-sources.jar
[2022-10-22T00:02:05.651+0000] {processor.py:770} WARNING - No viable dags retrieved from /opt/airflow/dags/hadoop-2.7.3/share/hadoop/tools/sources/hadoop-gridmix-2.7.3-sources.jar
[2022-10-22T00:02:05.723+0000] {processor.py:178} INFO - Processing /opt/airflow/dags/hadoop-2.7.3/share/hadoop/tools/sources/hadoop-gridmix-2.7.3-sources.jar took 0.101 seconds
[2022-10-22T00:02:18.217+0000] {processor.py:156} INFO - Started process (PID=17676) to work on /opt/airflow/dags/hadoop-2.7.3/share/hadoop/tools/sources/hadoop-gridmix-2.7.3-sources.jar
[2022-10-22T00:02:18.219+0000] {processor.py:758} INFO - Processing file /opt/airflow/dags/hadoop-2.7.3/share/hadoop/tools/sources/hadoop-gridmix-2.7.3-sources.jar for tasks to queue
[2022-10-22T00:02:18.221+0000] {logging_mixin.py:117} INFO - [2022-10-22T00:02:18.220+0000] {dagbag.py:525} INFO - Filling up the DagBag from /opt/airflow/dags/hadoop-2.7.3/share/hadoop/tools/sources/hadoop-gridmix-2.7.3-sources.jar
[2022-10-22T00:02:18.232+0000] {processor.py:770} WARNING - No viable dags retrieved from /opt/airflow/dags/hadoop-2.7.3/share/hadoop/tools/sources/hadoop-gridmix-2.7.3-sources.jar
[2022-10-22T00:02:18.273+0000] {processor.py:178} INFO - Processing /opt/airflow/dags/hadoop-2.7.3/share/hadoop/tools/sources/hadoop-gridmix-2.7.3-sources.jar took 0.069 seconds
[2022-10-22T00:03:36.528+0000] {processor.py:156} INFO - Started process (PID=20479) to work on /opt/airflow/dags/hadoop-2.7.3/share/hadoop/tools/sources/hadoop-gridmix-2.7.3-sources.jar
[2022-10-22T00:03:36.531+0000] {processor.py:758} INFO - Processing file /opt/airflow/dags/hadoop-2.7.3/share/hadoop/tools/sources/hadoop-gridmix-2.7.3-sources.jar for tasks to queue
[2022-10-22T00:03:36.534+0000] {logging_mixin.py:117} INFO - [2022-10-22T00:03:36.533+0000] {dagbag.py:525} INFO - Filling up the DagBag from /opt/airflow/dags/hadoop-2.7.3/share/hadoop/tools/sources/hadoop-gridmix-2.7.3-sources.jar
[2022-10-22T00:03:36.543+0000] {processor.py:770} WARNING - No viable dags retrieved from /opt/airflow/dags/hadoop-2.7.3/share/hadoop/tools/sources/hadoop-gridmix-2.7.3-sources.jar
[2022-10-22T00:03:36.595+0000] {processor.py:178} INFO - Processing /opt/airflow/dags/hadoop-2.7.3/share/hadoop/tools/sources/hadoop-gridmix-2.7.3-sources.jar took 0.075 seconds
[2022-10-22T00:04:01.632+0000] {processor.py:156} INFO - Started process (PID=18317) to work on /opt/airflow/dags/hadoop-2.7.3/share/hadoop/tools/sources/hadoop-gridmix-2.7.3-sources.jar
[2022-10-22T00:04:01.634+0000] {processor.py:758} INFO - Processing file /opt/airflow/dags/hadoop-2.7.3/share/hadoop/tools/sources/hadoop-gridmix-2.7.3-sources.jar for tasks to queue
[2022-10-22T00:04:01.638+0000] {logging_mixin.py:117} INFO - [2022-10-22T00:04:01.638+0000] {dagbag.py:525} INFO - Filling up the DagBag from /opt/airflow/dags/hadoop-2.7.3/share/hadoop/tools/sources/hadoop-gridmix-2.7.3-sources.jar
[2022-10-22T00:04:01.646+0000] {processor.py:770} WARNING - No viable dags retrieved from /opt/airflow/dags/hadoop-2.7.3/share/hadoop/tools/sources/hadoop-gridmix-2.7.3-sources.jar
[2022-10-22T00:04:01.692+0000] {processor.py:178} INFO - Processing /opt/airflow/dags/hadoop-2.7.3/share/hadoop/tools/sources/hadoop-gridmix-2.7.3-sources.jar took 0.079 seconds
[2022-10-22T00:04:51.847+0000] {processor.py:156} INFO - Started process (PID=21159) to work on /opt/airflow/dags/hadoop-2.7.3/share/hadoop/tools/sources/hadoop-gridmix-2.7.3-sources.jar
[2022-10-22T00:04:51.855+0000] {processor.py:758} INFO - Processing file /opt/airflow/dags/hadoop-2.7.3/share/hadoop/tools/sources/hadoop-gridmix-2.7.3-sources.jar for tasks to queue
[2022-10-22T00:04:51.863+0000] {logging_mixin.py:117} INFO - [2022-10-22T00:04:51.862+0000] {dagbag.py:525} INFO - Filling up the DagBag from /opt/airflow/dags/hadoop-2.7.3/share/hadoop/tools/sources/hadoop-gridmix-2.7.3-sources.jar
[2022-10-22T00:04:51.873+0000] {processor.py:770} WARNING - No viable dags retrieved from /opt/airflow/dags/hadoop-2.7.3/share/hadoop/tools/sources/hadoop-gridmix-2.7.3-sources.jar
[2022-10-22T00:04:51.942+0000] {processor.py:178} INFO - Processing /opt/airflow/dags/hadoop-2.7.3/share/hadoop/tools/sources/hadoop-gridmix-2.7.3-sources.jar took 0.116 seconds
[2022-10-22T00:05:01.191+0000] {processor.py:156} INFO - Started process (PID=18842) to work on /opt/airflow/dags/hadoop-2.7.3/share/hadoop/tools/sources/hadoop-gridmix-2.7.3-sources.jar
[2022-10-22T00:05:01.194+0000] {processor.py:758} INFO - Processing file /opt/airflow/dags/hadoop-2.7.3/share/hadoop/tools/sources/hadoop-gridmix-2.7.3-sources.jar for tasks to queue
[2022-10-22T00:05:01.197+0000] {logging_mixin.py:117} INFO - [2022-10-22T00:05:01.197+0000] {dagbag.py:525} INFO - Filling up the DagBag from /opt/airflow/dags/hadoop-2.7.3/share/hadoop/tools/sources/hadoop-gridmix-2.7.3-sources.jar
[2022-10-22T00:05:01.210+0000] {processor.py:770} WARNING - No viable dags retrieved from /opt/airflow/dags/hadoop-2.7.3/share/hadoop/tools/sources/hadoop-gridmix-2.7.3-sources.jar
[2022-10-22T00:05:01.264+0000] {processor.py:178} INFO - Processing /opt/airflow/dags/hadoop-2.7.3/share/hadoop/tools/sources/hadoop-gridmix-2.7.3-sources.jar took 0.081 seconds
[2022-10-22T00:05:52.815+0000] {processor.py:156} INFO - Started process (PID=19367) to work on /opt/airflow/dags/hadoop-2.7.3/share/hadoop/tools/sources/hadoop-gridmix-2.7.3-sources.jar
[2022-10-22T00:05:52.820+0000] {processor.py:758} INFO - Processing file /opt/airflow/dags/hadoop-2.7.3/share/hadoop/tools/sources/hadoop-gridmix-2.7.3-sources.jar for tasks to queue
[2022-10-22T00:05:52.833+0000] {logging_mixin.py:117} INFO - [2022-10-22T00:05:52.833+0000] {dagbag.py:525} INFO - Filling up the DagBag from /opt/airflow/dags/hadoop-2.7.3/share/hadoop/tools/sources/hadoop-gridmix-2.7.3-sources.jar
[2022-10-22T00:05:52.848+0000] {processor.py:770} WARNING - No viable dags retrieved from /opt/airflow/dags/hadoop-2.7.3/share/hadoop/tools/sources/hadoop-gridmix-2.7.3-sources.jar
[2022-10-22T00:05:52.894+0000] {processor.py:178} INFO - Processing /opt/airflow/dags/hadoop-2.7.3/share/hadoop/tools/sources/hadoop-gridmix-2.7.3-sources.jar took 0.088 seconds
[2022-10-22T00:05:58.558+0000] {processor.py:156} INFO - Started process (PID=21849) to work on /opt/airflow/dags/hadoop-2.7.3/share/hadoop/tools/sources/hadoop-gridmix-2.7.3-sources.jar
[2022-10-22T00:05:58.564+0000] {processor.py:758} INFO - Processing file /opt/airflow/dags/hadoop-2.7.3/share/hadoop/tools/sources/hadoop-gridmix-2.7.3-sources.jar for tasks to queue
[2022-10-22T00:05:58.567+0000] {logging_mixin.py:117} INFO - [2022-10-22T00:05:58.566+0000] {dagbag.py:525} INFO - Filling up the DagBag from /opt/airflow/dags/hadoop-2.7.3/share/hadoop/tools/sources/hadoop-gridmix-2.7.3-sources.jar
[2022-10-22T00:05:58.586+0000] {processor.py:770} WARNING - No viable dags retrieved from /opt/airflow/dags/hadoop-2.7.3/share/hadoop/tools/sources/hadoop-gridmix-2.7.3-sources.jar
[2022-10-22T00:05:58.659+0000] {processor.py:178} INFO - Processing /opt/airflow/dags/hadoop-2.7.3/share/hadoop/tools/sources/hadoop-gridmix-2.7.3-sources.jar took 0.108 seconds
[2022-10-22T00:07:03.181+0000] {processor.py:156} INFO - Started process (PID=20022) to work on /opt/airflow/dags/hadoop-2.7.3/share/hadoop/tools/sources/hadoop-gridmix-2.7.3-sources.jar
[2022-10-22T00:07:03.184+0000] {processor.py:758} INFO - Processing file /opt/airflow/dags/hadoop-2.7.3/share/hadoop/tools/sources/hadoop-gridmix-2.7.3-sources.jar for tasks to queue
[2022-10-22T00:07:03.187+0000] {logging_mixin.py:117} INFO - [2022-10-22T00:07:03.187+0000] {dagbag.py:525} INFO - Filling up the DagBag from /opt/airflow/dags/hadoop-2.7.3/share/hadoop/tools/sources/hadoop-gridmix-2.7.3-sources.jar
[2022-10-22T00:07:03.194+0000] {processor.py:770} WARNING - No viable dags retrieved from /opt/airflow/dags/hadoop-2.7.3/share/hadoop/tools/sources/hadoop-gridmix-2.7.3-sources.jar
[2022-10-22T00:07:03.234+0000] {processor.py:178} INFO - Processing /opt/airflow/dags/hadoop-2.7.3/share/hadoop/tools/sources/hadoop-gridmix-2.7.3-sources.jar took 0.071 seconds
[2022-10-22T00:07:06.794+0000] {processor.py:156} INFO - Started process (PID=22511) to work on /opt/airflow/dags/hadoop-2.7.3/share/hadoop/tools/sources/hadoop-gridmix-2.7.3-sources.jar
[2022-10-22T00:07:06.799+0000] {processor.py:758} INFO - Processing file /opt/airflow/dags/hadoop-2.7.3/share/hadoop/tools/sources/hadoop-gridmix-2.7.3-sources.jar for tasks to queue
[2022-10-22T00:07:06.812+0000] {logging_mixin.py:117} INFO - [2022-10-22T00:07:06.805+0000] {dagbag.py:525} INFO - Filling up the DagBag from /opt/airflow/dags/hadoop-2.7.3/share/hadoop/tools/sources/hadoop-gridmix-2.7.3-sources.jar
[2022-10-22T00:07:06.819+0000] {processor.py:770} WARNING - No viable dags retrieved from /opt/airflow/dags/hadoop-2.7.3/share/hadoop/tools/sources/hadoop-gridmix-2.7.3-sources.jar
[2022-10-22T00:07:06.873+0000] {processor.py:178} INFO - Processing /opt/airflow/dags/hadoop-2.7.3/share/hadoop/tools/sources/hadoop-gridmix-2.7.3-sources.jar took 0.086 seconds
[2022-10-22T00:08:54.887+0000] {processor.py:156} INFO - Started process (PID=23208) to work on /opt/airflow/dags/hadoop-2.7.3/share/hadoop/tools/sources/hadoop-gridmix-2.7.3-sources.jar
[2022-10-22T00:08:54.891+0000] {processor.py:758} INFO - Processing file /opt/airflow/dags/hadoop-2.7.3/share/hadoop/tools/sources/hadoop-gridmix-2.7.3-sources.jar for tasks to queue
[2022-10-22T00:08:54.893+0000] {logging_mixin.py:117} INFO - [2022-10-22T00:08:54.893+0000] {dagbag.py:525} INFO - Filling up the DagBag from /opt/airflow/dags/hadoop-2.7.3/share/hadoop/tools/sources/hadoop-gridmix-2.7.3-sources.jar
[2022-10-22T00:08:54.910+0000] {processor.py:770} WARNING - No viable dags retrieved from /opt/airflow/dags/hadoop-2.7.3/share/hadoop/tools/sources/hadoop-gridmix-2.7.3-sources.jar
[2022-10-22T00:08:54.967+0000] {processor.py:178} INFO - Processing /opt/airflow/dags/hadoop-2.7.3/share/hadoop/tools/sources/hadoop-gridmix-2.7.3-sources.jar took 0.092 seconds
[2022-10-22T00:09:06.935+0000] {processor.py:156} INFO - Started process (PID=20830) to work on /opt/airflow/dags/hadoop-2.7.3/share/hadoop/tools/sources/hadoop-gridmix-2.7.3-sources.jar
[2022-10-22T00:09:06.938+0000] {processor.py:758} INFO - Processing file /opt/airflow/dags/hadoop-2.7.3/share/hadoop/tools/sources/hadoop-gridmix-2.7.3-sources.jar for tasks to queue
[2022-10-22T00:09:06.940+0000] {logging_mixin.py:117} INFO - [2022-10-22T00:09:06.940+0000] {dagbag.py:525} INFO - Filling up the DagBag from /opt/airflow/dags/hadoop-2.7.3/share/hadoop/tools/sources/hadoop-gridmix-2.7.3-sources.jar
[2022-10-22T00:09:06.948+0000] {processor.py:770} WARNING - No viable dags retrieved from /opt/airflow/dags/hadoop-2.7.3/share/hadoop/tools/sources/hadoop-gridmix-2.7.3-sources.jar
[2022-10-22T00:09:07.018+0000] {processor.py:178} INFO - Processing /opt/airflow/dags/hadoop-2.7.3/share/hadoop/tools/sources/hadoop-gridmix-2.7.3-sources.jar took 0.093 seconds
[2022-10-22T00:09:50.506+0000] {processor.py:156} INFO - Started process (PID=23743) to work on /opt/airflow/dags/hadoop-2.7.3/share/hadoop/tools/sources/hadoop-gridmix-2.7.3-sources.jar
[2022-10-22T00:09:50.512+0000] {processor.py:758} INFO - Processing file /opt/airflow/dags/hadoop-2.7.3/share/hadoop/tools/sources/hadoop-gridmix-2.7.3-sources.jar for tasks to queue
[2022-10-22T00:09:50.520+0000] {logging_mixin.py:117} INFO - [2022-10-22T00:09:50.519+0000] {dagbag.py:525} INFO - Filling up the DagBag from /opt/airflow/dags/hadoop-2.7.3/share/hadoop/tools/sources/hadoop-gridmix-2.7.3-sources.jar
[2022-10-22T00:09:50.529+0000] {processor.py:770} WARNING - No viable dags retrieved from /opt/airflow/dags/hadoop-2.7.3/share/hadoop/tools/sources/hadoop-gridmix-2.7.3-sources.jar
[2022-10-22T00:09:50.582+0000] {processor.py:178} INFO - Processing /opt/airflow/dags/hadoop-2.7.3/share/hadoop/tools/sources/hadoop-gridmix-2.7.3-sources.jar took 0.104 seconds
[2022-10-22T00:11:14.142+0000] {processor.py:156} INFO - Started process (PID=21355) to work on /opt/airflow/dags/hadoop-2.7.3/share/hadoop/tools/sources/hadoop-gridmix-2.7.3-sources.jar
[2022-10-22T00:11:14.145+0000] {processor.py:758} INFO - Processing file /opt/airflow/dags/hadoop-2.7.3/share/hadoop/tools/sources/hadoop-gridmix-2.7.3-sources.jar for tasks to queue
[2022-10-22T00:11:14.148+0000] {logging_mixin.py:117} INFO - [2022-10-22T00:11:14.147+0000] {dagbag.py:525} INFO - Filling up the DagBag from /opt/airflow/dags/hadoop-2.7.3/share/hadoop/tools/sources/hadoop-gridmix-2.7.3-sources.jar
[2022-10-22T00:11:14.152+0000] {processor.py:770} WARNING - No viable dags retrieved from /opt/airflow/dags/hadoop-2.7.3/share/hadoop/tools/sources/hadoop-gridmix-2.7.3-sources.jar
[2022-10-22T00:11:14.186+0000] {processor.py:178} INFO - Processing /opt/airflow/dags/hadoop-2.7.3/share/hadoop/tools/sources/hadoop-gridmix-2.7.3-sources.jar took 0.052 seconds
[2022-10-22T00:11:37.480+0000] {processor.py:156} INFO - Started process (PID=24213) to work on /opt/airflow/dags/hadoop-2.7.3/share/hadoop/tools/sources/hadoop-gridmix-2.7.3-sources.jar
[2022-10-22T00:11:37.490+0000] {processor.py:758} INFO - Processing file /opt/airflow/dags/hadoop-2.7.3/share/hadoop/tools/sources/hadoop-gridmix-2.7.3-sources.jar for tasks to queue
[2022-10-22T00:11:37.493+0000] {logging_mixin.py:117} INFO - [2022-10-22T00:11:37.493+0000] {dagbag.py:525} INFO - Filling up the DagBag from /opt/airflow/dags/hadoop-2.7.3/share/hadoop/tools/sources/hadoop-gridmix-2.7.3-sources.jar
[2022-10-22T00:11:37.502+0000] {processor.py:770} WARNING - No viable dags retrieved from /opt/airflow/dags/hadoop-2.7.3/share/hadoop/tools/sources/hadoop-gridmix-2.7.3-sources.jar
[2022-10-22T00:11:37.541+0000] {processor.py:178} INFO - Processing /opt/airflow/dags/hadoop-2.7.3/share/hadoop/tools/sources/hadoop-gridmix-2.7.3-sources.jar took 0.067 seconds
[2022-10-22T00:11:48.786+0000] {processor.py:156} INFO - Started process (PID=21872) to work on /opt/airflow/dags/hadoop-2.7.3/share/hadoop/tools/sources/hadoop-gridmix-2.7.3-sources.jar
[2022-10-22T00:11:48.789+0000] {processor.py:758} INFO - Processing file /opt/airflow/dags/hadoop-2.7.3/share/hadoop/tools/sources/hadoop-gridmix-2.7.3-sources.jar for tasks to queue
[2022-10-22T00:11:48.790+0000] {logging_mixin.py:117} INFO - [2022-10-22T00:11:48.790+0000] {dagbag.py:525} INFO - Filling up the DagBag from /opt/airflow/dags/hadoop-2.7.3/share/hadoop/tools/sources/hadoop-gridmix-2.7.3-sources.jar
[2022-10-22T00:11:48.799+0000] {processor.py:770} WARNING - No viable dags retrieved from /opt/airflow/dags/hadoop-2.7.3/share/hadoop/tools/sources/hadoop-gridmix-2.7.3-sources.jar
[2022-10-22T00:11:48.835+0000] {processor.py:178} INFO - Processing /opt/airflow/dags/hadoop-2.7.3/share/hadoop/tools/sources/hadoop-gridmix-2.7.3-sources.jar took 0.058 seconds
[2022-10-22T00:12:28.277+0000] {processor.py:156} INFO - Started process (PID=24737) to work on /opt/airflow/dags/hadoop-2.7.3/share/hadoop/tools/sources/hadoop-gridmix-2.7.3-sources.jar
[2022-10-22T00:12:28.290+0000] {processor.py:758} INFO - Processing file /opt/airflow/dags/hadoop-2.7.3/share/hadoop/tools/sources/hadoop-gridmix-2.7.3-sources.jar for tasks to queue
[2022-10-22T00:12:28.294+0000] {logging_mixin.py:117} INFO - [2022-10-22T00:12:28.294+0000] {dagbag.py:525} INFO - Filling up the DagBag from /opt/airflow/dags/hadoop-2.7.3/share/hadoop/tools/sources/hadoop-gridmix-2.7.3-sources.jar
[2022-10-22T00:12:28.316+0000] {processor.py:770} WARNING - No viable dags retrieved from /opt/airflow/dags/hadoop-2.7.3/share/hadoop/tools/sources/hadoop-gridmix-2.7.3-sources.jar
[2022-10-22T00:12:28.397+0000] {processor.py:178} INFO - Processing /opt/airflow/dags/hadoop-2.7.3/share/hadoop/tools/sources/hadoop-gridmix-2.7.3-sources.jar took 0.132 seconds
[2022-10-22T00:15:38.094+0000] {processor.py:156} INFO - Started process (PID=22811) to work on /opt/airflow/dags/hadoop-2.7.3/share/hadoop/tools/sources/hadoop-gridmix-2.7.3-sources.jar
[2022-10-22T00:15:38.097+0000] {processor.py:758} INFO - Processing file /opt/airflow/dags/hadoop-2.7.3/share/hadoop/tools/sources/hadoop-gridmix-2.7.3-sources.jar for tasks to queue
[2022-10-22T00:15:38.099+0000] {logging_mixin.py:117} INFO - [2022-10-22T00:15:38.099+0000] {dagbag.py:525} INFO - Filling up the DagBag from /opt/airflow/dags/hadoop-2.7.3/share/hadoop/tools/sources/hadoop-gridmix-2.7.3-sources.jar
[2022-10-22T00:15:38.107+0000] {processor.py:770} WARNING - No viable dags retrieved from /opt/airflow/dags/hadoop-2.7.3/share/hadoop/tools/sources/hadoop-gridmix-2.7.3-sources.jar
[2022-10-22T00:15:38.150+0000] {processor.py:178} INFO - Processing /opt/airflow/dags/hadoop-2.7.3/share/hadoop/tools/sources/hadoop-gridmix-2.7.3-sources.jar took 0.064 seconds
[2022-10-22T00:15:50.873+0000] {processor.py:156} INFO - Started process (PID=25374) to work on /opt/airflow/dags/hadoop-2.7.3/share/hadoop/tools/sources/hadoop-gridmix-2.7.3-sources.jar
[2022-10-22T00:15:50.876+0000] {processor.py:758} INFO - Processing file /opt/airflow/dags/hadoop-2.7.3/share/hadoop/tools/sources/hadoop-gridmix-2.7.3-sources.jar for tasks to queue
[2022-10-22T00:15:50.879+0000] {logging_mixin.py:117} INFO - [2022-10-22T00:15:50.878+0000] {dagbag.py:525} INFO - Filling up the DagBag from /opt/airflow/dags/hadoop-2.7.3/share/hadoop/tools/sources/hadoop-gridmix-2.7.3-sources.jar
[2022-10-22T00:15:50.886+0000] {processor.py:770} WARNING - No viable dags retrieved from /opt/airflow/dags/hadoop-2.7.3/share/hadoop/tools/sources/hadoop-gridmix-2.7.3-sources.jar
[2022-10-22T00:15:50.911+0000] {processor.py:178} INFO - Processing /opt/airflow/dags/hadoop-2.7.3/share/hadoop/tools/sources/hadoop-gridmix-2.7.3-sources.jar took 0.045 seconds
[2022-10-22T00:16:33.285+0000] {processor.py:156} INFO - Started process (PID=23390) to work on /opt/airflow/dags/hadoop-2.7.3/share/hadoop/tools/sources/hadoop-gridmix-2.7.3-sources.jar
[2022-10-22T00:16:33.289+0000] {processor.py:758} INFO - Processing file /opt/airflow/dags/hadoop-2.7.3/share/hadoop/tools/sources/hadoop-gridmix-2.7.3-sources.jar for tasks to queue
[2022-10-22T00:16:33.291+0000] {logging_mixin.py:117} INFO - [2022-10-22T00:16:33.291+0000] {dagbag.py:525} INFO - Filling up the DagBag from /opt/airflow/dags/hadoop-2.7.3/share/hadoop/tools/sources/hadoop-gridmix-2.7.3-sources.jar
[2022-10-22T00:16:33.316+0000] {processor.py:770} WARNING - No viable dags retrieved from /opt/airflow/dags/hadoop-2.7.3/share/hadoop/tools/sources/hadoop-gridmix-2.7.3-sources.jar
[2022-10-22T00:16:33.359+0000] {processor.py:178} INFO - Processing /opt/airflow/dags/hadoop-2.7.3/share/hadoop/tools/sources/hadoop-gridmix-2.7.3-sources.jar took 0.083 seconds
[2022-10-22T00:16:38.403+0000] {processor.py:156} INFO - Started process (PID=25904) to work on /opt/airflow/dags/hadoop-2.7.3/share/hadoop/tools/sources/hadoop-gridmix-2.7.3-sources.jar
[2022-10-22T00:16:38.406+0000] {processor.py:758} INFO - Processing file /opt/airflow/dags/hadoop-2.7.3/share/hadoop/tools/sources/hadoop-gridmix-2.7.3-sources.jar for tasks to queue
[2022-10-22T00:16:38.416+0000] {logging_mixin.py:117} INFO - [2022-10-22T00:16:38.410+0000] {dagbag.py:525} INFO - Filling up the DagBag from /opt/airflow/dags/hadoop-2.7.3/share/hadoop/tools/sources/hadoop-gridmix-2.7.3-sources.jar
[2022-10-22T00:16:38.423+0000] {processor.py:770} WARNING - No viable dags retrieved from /opt/airflow/dags/hadoop-2.7.3/share/hadoop/tools/sources/hadoop-gridmix-2.7.3-sources.jar
[2022-10-22T00:16:38.470+0000] {processor.py:178} INFO - Processing /opt/airflow/dags/hadoop-2.7.3/share/hadoop/tools/sources/hadoop-gridmix-2.7.3-sources.jar took 0.080 seconds
[2022-10-22T00:17:28.125+0000] {processor.py:156} INFO - Started process (PID=23968) to work on /opt/airflow/dags/hadoop-2.7.3/share/hadoop/tools/sources/hadoop-gridmix-2.7.3-sources.jar
[2022-10-22T00:17:28.130+0000] {processor.py:758} INFO - Processing file /opt/airflow/dags/hadoop-2.7.3/share/hadoop/tools/sources/hadoop-gridmix-2.7.3-sources.jar for tasks to queue
[2022-10-22T00:17:28.142+0000] {logging_mixin.py:117} INFO - [2022-10-22T00:17:28.141+0000] {dagbag.py:525} INFO - Filling up the DagBag from /opt/airflow/dags/hadoop-2.7.3/share/hadoop/tools/sources/hadoop-gridmix-2.7.3-sources.jar
[2022-10-22T00:17:28.166+0000] {processor.py:770} WARNING - No viable dags retrieved from /opt/airflow/dags/hadoop-2.7.3/share/hadoop/tools/sources/hadoop-gridmix-2.7.3-sources.jar
[2022-10-22T00:17:28.240+0000] {processor.py:178} INFO - Processing /opt/airflow/dags/hadoop-2.7.3/share/hadoop/tools/sources/hadoop-gridmix-2.7.3-sources.jar took 0.137 seconds
[2022-10-22T00:17:34.944+0000] {processor.py:156} INFO - Started process (PID=26501) to work on /opt/airflow/dags/hadoop-2.7.3/share/hadoop/tools/sources/hadoop-gridmix-2.7.3-sources.jar
[2022-10-22T00:17:34.954+0000] {processor.py:758} INFO - Processing file /opt/airflow/dags/hadoop-2.7.3/share/hadoop/tools/sources/hadoop-gridmix-2.7.3-sources.jar for tasks to queue
[2022-10-22T00:17:34.959+0000] {logging_mixin.py:117} INFO - [2022-10-22T00:17:34.958+0000] {dagbag.py:525} INFO - Filling up the DagBag from /opt/airflow/dags/hadoop-2.7.3/share/hadoop/tools/sources/hadoop-gridmix-2.7.3-sources.jar
[2022-10-22T00:17:34.968+0000] {processor.py:770} WARNING - No viable dags retrieved from /opt/airflow/dags/hadoop-2.7.3/share/hadoop/tools/sources/hadoop-gridmix-2.7.3-sources.jar
[2022-10-22T00:17:35.012+0000] {processor.py:178} INFO - Processing /opt/airflow/dags/hadoop-2.7.3/share/hadoop/tools/sources/hadoop-gridmix-2.7.3-sources.jar took 0.090 seconds
[2022-10-22T00:18:26.804+0000] {processor.py:156} INFO - Started process (PID=24575) to work on /opt/airflow/dags/hadoop-2.7.3/share/hadoop/tools/sources/hadoop-gridmix-2.7.3-sources.jar
[2022-10-22T00:18:26.809+0000] {processor.py:758} INFO - Processing file /opt/airflow/dags/hadoop-2.7.3/share/hadoop/tools/sources/hadoop-gridmix-2.7.3-sources.jar for tasks to queue
[2022-10-22T00:18:26.812+0000] {logging_mixin.py:117} INFO - [2022-10-22T00:18:26.812+0000] {dagbag.py:525} INFO - Filling up the DagBag from /opt/airflow/dags/hadoop-2.7.3/share/hadoop/tools/sources/hadoop-gridmix-2.7.3-sources.jar
[2022-10-22T00:18:26.827+0000] {processor.py:770} WARNING - No viable dags retrieved from /opt/airflow/dags/hadoop-2.7.3/share/hadoop/tools/sources/hadoop-gridmix-2.7.3-sources.jar
[2022-10-22T00:18:26.862+0000] {processor.py:178} INFO - Processing /opt/airflow/dags/hadoop-2.7.3/share/hadoop/tools/sources/hadoop-gridmix-2.7.3-sources.jar took 0.065 seconds
[2022-10-22T00:18:28.163+0000] {processor.py:156} INFO - Started process (PID=27076) to work on /opt/airflow/dags/hadoop-2.7.3/share/hadoop/tools/sources/hadoop-gridmix-2.7.3-sources.jar
[2022-10-22T00:18:28.166+0000] {processor.py:758} INFO - Processing file /opt/airflow/dags/hadoop-2.7.3/share/hadoop/tools/sources/hadoop-gridmix-2.7.3-sources.jar for tasks to queue
[2022-10-22T00:18:28.168+0000] {logging_mixin.py:117} INFO - [2022-10-22T00:18:28.168+0000] {dagbag.py:525} INFO - Filling up the DagBag from /opt/airflow/dags/hadoop-2.7.3/share/hadoop/tools/sources/hadoop-gridmix-2.7.3-sources.jar
[2022-10-22T00:18:28.192+0000] {processor.py:770} WARNING - No viable dags retrieved from /opt/airflow/dags/hadoop-2.7.3/share/hadoop/tools/sources/hadoop-gridmix-2.7.3-sources.jar
[2022-10-22T00:18:28.268+0000] {processor.py:178} INFO - Processing /opt/airflow/dags/hadoop-2.7.3/share/hadoop/tools/sources/hadoop-gridmix-2.7.3-sources.jar took 0.116 seconds
[2022-10-22T00:19:23.285+0000] {processor.py:156} INFO - Started process (PID=27660) to work on /opt/airflow/dags/hadoop-2.7.3/share/hadoop/tools/sources/hadoop-gridmix-2.7.3-sources.jar
[2022-10-22T00:19:23.293+0000] {processor.py:758} INFO - Processing file /opt/airflow/dags/hadoop-2.7.3/share/hadoop/tools/sources/hadoop-gridmix-2.7.3-sources.jar for tasks to queue
[2022-10-22T00:19:23.300+0000] {logging_mixin.py:117} INFO - [2022-10-22T00:19:23.299+0000] {dagbag.py:525} INFO - Filling up the DagBag from /opt/airflow/dags/hadoop-2.7.3/share/hadoop/tools/sources/hadoop-gridmix-2.7.3-sources.jar
[2022-10-22T00:19:23.330+0000] {processor.py:770} WARNING - No viable dags retrieved from /opt/airflow/dags/hadoop-2.7.3/share/hadoop/tools/sources/hadoop-gridmix-2.7.3-sources.jar
[2022-10-22T00:19:23.397+0000] {processor.py:178} INFO - Processing /opt/airflow/dags/hadoop-2.7.3/share/hadoop/tools/sources/hadoop-gridmix-2.7.3-sources.jar took 0.139 seconds
[2022-10-22T00:20:03.828+0000] {processor.py:156} INFO - Started process (PID=25216) to work on /opt/airflow/dags/hadoop-2.7.3/share/hadoop/tools/sources/hadoop-gridmix-2.7.3-sources.jar
[2022-10-22T00:20:03.831+0000] {processor.py:758} INFO - Processing file /opt/airflow/dags/hadoop-2.7.3/share/hadoop/tools/sources/hadoop-gridmix-2.7.3-sources.jar for tasks to queue
[2022-10-22T00:20:03.833+0000] {logging_mixin.py:117} INFO - [2022-10-22T00:20:03.833+0000] {dagbag.py:525} INFO - Filling up the DagBag from /opt/airflow/dags/hadoop-2.7.3/share/hadoop/tools/sources/hadoop-gridmix-2.7.3-sources.jar
[2022-10-22T00:20:03.842+0000] {processor.py:770} WARNING - No viable dags retrieved from /opt/airflow/dags/hadoop-2.7.3/share/hadoop/tools/sources/hadoop-gridmix-2.7.3-sources.jar
[2022-10-22T00:20:03.895+0000] {processor.py:178} INFO - Processing /opt/airflow/dags/hadoop-2.7.3/share/hadoop/tools/sources/hadoop-gridmix-2.7.3-sources.jar took 0.076 seconds
[2022-10-22T00:20:58.057+0000] {processor.py:156} INFO - Started process (PID=28270) to work on /opt/airflow/dags/hadoop-2.7.3/share/hadoop/tools/sources/hadoop-gridmix-2.7.3-sources.jar
[2022-10-22T00:20:58.062+0000] {processor.py:758} INFO - Processing file /opt/airflow/dags/hadoop-2.7.3/share/hadoop/tools/sources/hadoop-gridmix-2.7.3-sources.jar for tasks to queue
[2022-10-22T00:20:58.067+0000] {logging_mixin.py:117} INFO - [2022-10-22T00:20:58.066+0000] {dagbag.py:525} INFO - Filling up the DagBag from /opt/airflow/dags/hadoop-2.7.3/share/hadoop/tools/sources/hadoop-gridmix-2.7.3-sources.jar
[2022-10-22T00:20:58.080+0000] {processor.py:770} WARNING - No viable dags retrieved from /opt/airflow/dags/hadoop-2.7.3/share/hadoop/tools/sources/hadoop-gridmix-2.7.3-sources.jar
[2022-10-22T00:20:58.140+0000] {processor.py:178} INFO - Processing /opt/airflow/dags/hadoop-2.7.3/share/hadoop/tools/sources/hadoop-gridmix-2.7.3-sources.jar took 0.100 seconds
[2022-10-22T00:21:06.574+0000] {processor.py:156} INFO - Started process (PID=25824) to work on /opt/airflow/dags/hadoop-2.7.3/share/hadoop/tools/sources/hadoop-gridmix-2.7.3-sources.jar
[2022-10-22T00:21:06.577+0000] {processor.py:758} INFO - Processing file /opt/airflow/dags/hadoop-2.7.3/share/hadoop/tools/sources/hadoop-gridmix-2.7.3-sources.jar for tasks to queue
[2022-10-22T00:21:06.580+0000] {logging_mixin.py:117} INFO - [2022-10-22T00:21:06.579+0000] {dagbag.py:525} INFO - Filling up the DagBag from /opt/airflow/dags/hadoop-2.7.3/share/hadoop/tools/sources/hadoop-gridmix-2.7.3-sources.jar
[2022-10-22T00:21:06.591+0000] {processor.py:770} WARNING - No viable dags retrieved from /opt/airflow/dags/hadoop-2.7.3/share/hadoop/tools/sources/hadoop-gridmix-2.7.3-sources.jar
[2022-10-22T00:21:06.629+0000] {processor.py:178} INFO - Processing /opt/airflow/dags/hadoop-2.7.3/share/hadoop/tools/sources/hadoop-gridmix-2.7.3-sources.jar took 0.070 seconds
[2022-10-22T00:22:02.156+0000] {processor.py:156} INFO - Started process (PID=26348) to work on /opt/airflow/dags/hadoop-2.7.3/share/hadoop/tools/sources/hadoop-gridmix-2.7.3-sources.jar
[2022-10-22T00:22:02.163+0000] {processor.py:758} INFO - Processing file /opt/airflow/dags/hadoop-2.7.3/share/hadoop/tools/sources/hadoop-gridmix-2.7.3-sources.jar for tasks to queue
[2022-10-22T00:22:02.166+0000] {logging_mixin.py:117} INFO - [2022-10-22T00:22:02.166+0000] {dagbag.py:525} INFO - Filling up the DagBag from /opt/airflow/dags/hadoop-2.7.3/share/hadoop/tools/sources/hadoop-gridmix-2.7.3-sources.jar
[2022-10-22T00:22:02.179+0000] {processor.py:770} WARNING - No viable dags retrieved from /opt/airflow/dags/hadoop-2.7.3/share/hadoop/tools/sources/hadoop-gridmix-2.7.3-sources.jar
[2022-10-22T00:22:02.233+0000] {processor.py:178} INFO - Processing /opt/airflow/dags/hadoop-2.7.3/share/hadoop/tools/sources/hadoop-gridmix-2.7.3-sources.jar took 0.095 seconds
[2022-10-22T00:22:06.800+0000] {processor.py:156} INFO - Started process (PID=28924) to work on /opt/airflow/dags/hadoop-2.7.3/share/hadoop/tools/sources/hadoop-gridmix-2.7.3-sources.jar
[2022-10-22T00:22:06.806+0000] {processor.py:758} INFO - Processing file /opt/airflow/dags/hadoop-2.7.3/share/hadoop/tools/sources/hadoop-gridmix-2.7.3-sources.jar for tasks to queue
[2022-10-22T00:22:06.809+0000] {logging_mixin.py:117} INFO - [2022-10-22T00:22:06.808+0000] {dagbag.py:525} INFO - Filling up the DagBag from /opt/airflow/dags/hadoop-2.7.3/share/hadoop/tools/sources/hadoop-gridmix-2.7.3-sources.jar
[2022-10-22T00:22:06.830+0000] {processor.py:770} WARNING - No viable dags retrieved from /opt/airflow/dags/hadoop-2.7.3/share/hadoop/tools/sources/hadoop-gridmix-2.7.3-sources.jar
[2022-10-22T00:22:06.915+0000] {processor.py:178} INFO - Processing /opt/airflow/dags/hadoop-2.7.3/share/hadoop/tools/sources/hadoop-gridmix-2.7.3-sources.jar took 0.134 seconds
[2022-10-22T00:23:02.681+0000] {processor.py:156} INFO - Started process (PID=29452) to work on /opt/airflow/dags/hadoop-2.7.3/share/hadoop/tools/sources/hadoop-gridmix-2.7.3-sources.jar
[2022-10-22T00:23:02.707+0000] {processor.py:758} INFO - Processing file /opt/airflow/dags/hadoop-2.7.3/share/hadoop/tools/sources/hadoop-gridmix-2.7.3-sources.jar for tasks to queue
[2022-10-22T00:23:02.826+0000] {logging_mixin.py:117} INFO - [2022-10-22T00:23:02.824+0000] {dagbag.py:525} INFO - Filling up the DagBag from /opt/airflow/dags/hadoop-2.7.3/share/hadoop/tools/sources/hadoop-gridmix-2.7.3-sources.jar
[2022-10-22T00:23:02.860+0000] {processor.py:770} WARNING - No viable dags retrieved from /opt/airflow/dags/hadoop-2.7.3/share/hadoop/tools/sources/hadoop-gridmix-2.7.3-sources.jar
[2022-10-22T00:23:02.954+0000] {processor.py:178} INFO - Processing /opt/airflow/dags/hadoop-2.7.3/share/hadoop/tools/sources/hadoop-gridmix-2.7.3-sources.jar took 0.309 seconds
[2022-10-22T00:23:16.705+0000] {processor.py:156} INFO - Started process (PID=27058) to work on /opt/airflow/dags/hadoop-2.7.3/share/hadoop/tools/sources/hadoop-gridmix-2.7.3-sources.jar
[2022-10-22T00:23:16.708+0000] {processor.py:758} INFO - Processing file /opt/airflow/dags/hadoop-2.7.3/share/hadoop/tools/sources/hadoop-gridmix-2.7.3-sources.jar for tasks to queue
[2022-10-22T00:23:16.711+0000] {logging_mixin.py:117} INFO - [2022-10-22T00:23:16.710+0000] {dagbag.py:525} INFO - Filling up the DagBag from /opt/airflow/dags/hadoop-2.7.3/share/hadoop/tools/sources/hadoop-gridmix-2.7.3-sources.jar
[2022-10-22T00:23:16.720+0000] {processor.py:770} WARNING - No viable dags retrieved from /opt/airflow/dags/hadoop-2.7.3/share/hadoop/tools/sources/hadoop-gridmix-2.7.3-sources.jar
[2022-10-22T00:23:16.767+0000] {processor.py:178} INFO - Processing /opt/airflow/dags/hadoop-2.7.3/share/hadoop/tools/sources/hadoop-gridmix-2.7.3-sources.jar took 0.074 seconds
[2022-10-22T00:23:56.975+0000] {processor.py:156} INFO - Started process (PID=30014) to work on /opt/airflow/dags/hadoop-2.7.3/share/hadoop/tools/sources/hadoop-gridmix-2.7.3-sources.jar
[2022-10-22T00:23:56.977+0000] {processor.py:758} INFO - Processing file /opt/airflow/dags/hadoop-2.7.3/share/hadoop/tools/sources/hadoop-gridmix-2.7.3-sources.jar for tasks to queue
[2022-10-22T00:23:56.979+0000] {logging_mixin.py:117} INFO - [2022-10-22T00:23:56.979+0000] {dagbag.py:525} INFO - Filling up the DagBag from /opt/airflow/dags/hadoop-2.7.3/share/hadoop/tools/sources/hadoop-gridmix-2.7.3-sources.jar
[2022-10-22T00:23:56.984+0000] {processor.py:770} WARNING - No viable dags retrieved from /opt/airflow/dags/hadoop-2.7.3/share/hadoop/tools/sources/hadoop-gridmix-2.7.3-sources.jar
[2022-10-22T00:23:57.024+0000] {processor.py:178} INFO - Processing /opt/airflow/dags/hadoop-2.7.3/share/hadoop/tools/sources/hadoop-gridmix-2.7.3-sources.jar took 0.056 seconds
[2022-10-22T00:24:07.434+0000] {processor.py:156} INFO - Started process (PID=27627) to work on /opt/airflow/dags/hadoop-2.7.3/share/hadoop/tools/sources/hadoop-gridmix-2.7.3-sources.jar
[2022-10-22T00:24:07.437+0000] {processor.py:758} INFO - Processing file /opt/airflow/dags/hadoop-2.7.3/share/hadoop/tools/sources/hadoop-gridmix-2.7.3-sources.jar for tasks to queue
[2022-10-22T00:24:07.441+0000] {logging_mixin.py:117} INFO - [2022-10-22T00:24:07.441+0000] {dagbag.py:525} INFO - Filling up the DagBag from /opt/airflow/dags/hadoop-2.7.3/share/hadoop/tools/sources/hadoop-gridmix-2.7.3-sources.jar
[2022-10-22T00:24:07.447+0000] {processor.py:770} WARNING - No viable dags retrieved from /opt/airflow/dags/hadoop-2.7.3/share/hadoop/tools/sources/hadoop-gridmix-2.7.3-sources.jar
[2022-10-22T00:24:07.500+0000] {processor.py:178} INFO - Processing /opt/airflow/dags/hadoop-2.7.3/share/hadoop/tools/sources/hadoop-gridmix-2.7.3-sources.jar took 0.088 seconds
