[2022-10-22T00:00:57.131+0000] {processor.py:156} INFO - Started process (PID=17084) to work on /opt/airflow/dags/hadoop-2.7.3/share/hadoop/tools/sources/hadoop-sls-2.7.3-sources.jar
[2022-10-22T00:00:57.137+0000] {processor.py:758} INFO - Processing file /opt/airflow/dags/hadoop-2.7.3/share/hadoop/tools/sources/hadoop-sls-2.7.3-sources.jar for tasks to queue
[2022-10-22T00:00:57.141+0000] {logging_mixin.py:117} INFO - [2022-10-22T00:00:57.141+0000] {dagbag.py:525} INFO - Filling up the DagBag from /opt/airflow/dags/hadoop-2.7.3/share/hadoop/tools/sources/hadoop-sls-2.7.3-sources.jar
[2022-10-22T00:00:57.156+0000] {processor.py:770} WARNING - No viable dags retrieved from /opt/airflow/dags/hadoop-2.7.3/share/hadoop/tools/sources/hadoop-sls-2.7.3-sources.jar
[2022-10-22T00:00:57.254+0000] {processor.py:178} INFO - Processing /opt/airflow/dags/hadoop-2.7.3/share/hadoop/tools/sources/hadoop-sls-2.7.3-sources.jar took 0.138 seconds
[2022-10-22T00:02:05.974+0000] {processor.py:156} INFO - Started process (PID=19930) to work on /opt/airflow/dags/hadoop-2.7.3/share/hadoop/tools/sources/hadoop-sls-2.7.3-sources.jar
[2022-10-22T00:02:05.980+0000] {processor.py:758} INFO - Processing file /opt/airflow/dags/hadoop-2.7.3/share/hadoop/tools/sources/hadoop-sls-2.7.3-sources.jar for tasks to queue
[2022-10-22T00:02:05.983+0000] {logging_mixin.py:117} INFO - [2022-10-22T00:02:05.983+0000] {dagbag.py:525} INFO - Filling up the DagBag from /opt/airflow/dags/hadoop-2.7.3/share/hadoop/tools/sources/hadoop-sls-2.7.3-sources.jar
[2022-10-22T00:02:06.001+0000] {processor.py:770} WARNING - No viable dags retrieved from /opt/airflow/dags/hadoop-2.7.3/share/hadoop/tools/sources/hadoop-sls-2.7.3-sources.jar
[2022-10-22T00:02:06.034+0000] {processor.py:178} INFO - Processing /opt/airflow/dags/hadoop-2.7.3/share/hadoop/tools/sources/hadoop-sls-2.7.3-sources.jar took 0.071 seconds
[2022-10-22T00:02:18.635+0000] {processor.py:156} INFO - Started process (PID=17680) to work on /opt/airflow/dags/hadoop-2.7.3/share/hadoop/tools/sources/hadoop-sls-2.7.3-sources.jar
[2022-10-22T00:02:18.638+0000] {processor.py:758} INFO - Processing file /opt/airflow/dags/hadoop-2.7.3/share/hadoop/tools/sources/hadoop-sls-2.7.3-sources.jar for tasks to queue
[2022-10-22T00:02:18.640+0000] {logging_mixin.py:117} INFO - [2022-10-22T00:02:18.640+0000] {dagbag.py:525} INFO - Filling up the DagBag from /opt/airflow/dags/hadoop-2.7.3/share/hadoop/tools/sources/hadoop-sls-2.7.3-sources.jar
[2022-10-22T00:02:18.649+0000] {processor.py:770} WARNING - No viable dags retrieved from /opt/airflow/dags/hadoop-2.7.3/share/hadoop/tools/sources/hadoop-sls-2.7.3-sources.jar
[2022-10-22T00:02:18.716+0000] {processor.py:178} INFO - Processing /opt/airflow/dags/hadoop-2.7.3/share/hadoop/tools/sources/hadoop-sls-2.7.3-sources.jar took 0.099 seconds
[2022-10-22T00:03:36.897+0000] {processor.py:156} INFO - Started process (PID=20483) to work on /opt/airflow/dags/hadoop-2.7.3/share/hadoop/tools/sources/hadoop-sls-2.7.3-sources.jar
[2022-10-22T00:03:36.901+0000] {processor.py:758} INFO - Processing file /opt/airflow/dags/hadoop-2.7.3/share/hadoop/tools/sources/hadoop-sls-2.7.3-sources.jar for tasks to queue
[2022-10-22T00:03:36.906+0000] {logging_mixin.py:117} INFO - [2022-10-22T00:03:36.905+0000] {dagbag.py:525} INFO - Filling up the DagBag from /opt/airflow/dags/hadoop-2.7.3/share/hadoop/tools/sources/hadoop-sls-2.7.3-sources.jar
[2022-10-22T00:03:36.915+0000] {processor.py:770} WARNING - No viable dags retrieved from /opt/airflow/dags/hadoop-2.7.3/share/hadoop/tools/sources/hadoop-sls-2.7.3-sources.jar
[2022-10-22T00:03:36.949+0000] {processor.py:178} INFO - Processing /opt/airflow/dags/hadoop-2.7.3/share/hadoop/tools/sources/hadoop-sls-2.7.3-sources.jar took 0.060 seconds
[2022-10-22T00:04:01.942+0000] {processor.py:156} INFO - Started process (PID=18321) to work on /opt/airflow/dags/hadoop-2.7.3/share/hadoop/tools/sources/hadoop-sls-2.7.3-sources.jar
[2022-10-22T00:04:01.945+0000] {processor.py:758} INFO - Processing file /opt/airflow/dags/hadoop-2.7.3/share/hadoop/tools/sources/hadoop-sls-2.7.3-sources.jar for tasks to queue
[2022-10-22T00:04:01.948+0000] {logging_mixin.py:117} INFO - [2022-10-22T00:04:01.948+0000] {dagbag.py:525} INFO - Filling up the DagBag from /opt/airflow/dags/hadoop-2.7.3/share/hadoop/tools/sources/hadoop-sls-2.7.3-sources.jar
[2022-10-22T00:04:01.954+0000] {processor.py:770} WARNING - No viable dags retrieved from /opt/airflow/dags/hadoop-2.7.3/share/hadoop/tools/sources/hadoop-sls-2.7.3-sources.jar
[2022-10-22T00:04:02.005+0000] {processor.py:178} INFO - Processing /opt/airflow/dags/hadoop-2.7.3/share/hadoop/tools/sources/hadoop-sls-2.7.3-sources.jar took 0.073 seconds
[2022-10-22T00:04:52.256+0000] {processor.py:156} INFO - Started process (PID=21163) to work on /opt/airflow/dags/hadoop-2.7.3/share/hadoop/tools/sources/hadoop-sls-2.7.3-sources.jar
[2022-10-22T00:04:52.263+0000] {processor.py:758} INFO - Processing file /opt/airflow/dags/hadoop-2.7.3/share/hadoop/tools/sources/hadoop-sls-2.7.3-sources.jar for tasks to queue
[2022-10-22T00:04:52.269+0000] {logging_mixin.py:117} INFO - [2022-10-22T00:04:52.269+0000] {dagbag.py:525} INFO - Filling up the DagBag from /opt/airflow/dags/hadoop-2.7.3/share/hadoop/tools/sources/hadoop-sls-2.7.3-sources.jar
[2022-10-22T00:04:52.280+0000] {processor.py:770} WARNING - No viable dags retrieved from /opt/airflow/dags/hadoop-2.7.3/share/hadoop/tools/sources/hadoop-sls-2.7.3-sources.jar
[2022-10-22T00:04:52.342+0000] {processor.py:178} INFO - Processing /opt/airflow/dags/hadoop-2.7.3/share/hadoop/tools/sources/hadoop-sls-2.7.3-sources.jar took 0.098 seconds
[2022-10-22T00:05:01.537+0000] {processor.py:156} INFO - Started process (PID=18846) to work on /opt/airflow/dags/hadoop-2.7.3/share/hadoop/tools/sources/hadoop-sls-2.7.3-sources.jar
[2022-10-22T00:05:01.540+0000] {processor.py:758} INFO - Processing file /opt/airflow/dags/hadoop-2.7.3/share/hadoop/tools/sources/hadoop-sls-2.7.3-sources.jar for tasks to queue
[2022-10-22T00:05:01.545+0000] {logging_mixin.py:117} INFO - [2022-10-22T00:05:01.544+0000] {dagbag.py:525} INFO - Filling up the DagBag from /opt/airflow/dags/hadoop-2.7.3/share/hadoop/tools/sources/hadoop-sls-2.7.3-sources.jar
[2022-10-22T00:05:01.552+0000] {processor.py:770} WARNING - No viable dags retrieved from /opt/airflow/dags/hadoop-2.7.3/share/hadoop/tools/sources/hadoop-sls-2.7.3-sources.jar
[2022-10-22T00:05:01.626+0000] {processor.py:178} INFO - Processing /opt/airflow/dags/hadoop-2.7.3/share/hadoop/tools/sources/hadoop-sls-2.7.3-sources.jar took 0.097 seconds
[2022-10-22T00:05:53.217+0000] {processor.py:156} INFO - Started process (PID=19371) to work on /opt/airflow/dags/hadoop-2.7.3/share/hadoop/tools/sources/hadoop-sls-2.7.3-sources.jar
[2022-10-22T00:05:53.222+0000] {processor.py:758} INFO - Processing file /opt/airflow/dags/hadoop-2.7.3/share/hadoop/tools/sources/hadoop-sls-2.7.3-sources.jar for tasks to queue
[2022-10-22T00:05:53.225+0000] {logging_mixin.py:117} INFO - [2022-10-22T00:05:53.225+0000] {dagbag.py:525} INFO - Filling up the DagBag from /opt/airflow/dags/hadoop-2.7.3/share/hadoop/tools/sources/hadoop-sls-2.7.3-sources.jar
[2022-10-22T00:05:53.236+0000] {processor.py:770} WARNING - No viable dags retrieved from /opt/airflow/dags/hadoop-2.7.3/share/hadoop/tools/sources/hadoop-sls-2.7.3-sources.jar
[2022-10-22T00:05:53.309+0000] {processor.py:178} INFO - Processing /opt/airflow/dags/hadoop-2.7.3/share/hadoop/tools/sources/hadoop-sls-2.7.3-sources.jar took 0.105 seconds
[2022-10-22T00:05:58.961+0000] {processor.py:156} INFO - Started process (PID=21853) to work on /opt/airflow/dags/hadoop-2.7.3/share/hadoop/tools/sources/hadoop-sls-2.7.3-sources.jar
[2022-10-22T00:05:58.965+0000] {processor.py:758} INFO - Processing file /opt/airflow/dags/hadoop-2.7.3/share/hadoop/tools/sources/hadoop-sls-2.7.3-sources.jar for tasks to queue
[2022-10-22T00:05:58.967+0000] {logging_mixin.py:117} INFO - [2022-10-22T00:05:58.967+0000] {dagbag.py:525} INFO - Filling up the DagBag from /opt/airflow/dags/hadoop-2.7.3/share/hadoop/tools/sources/hadoop-sls-2.7.3-sources.jar
[2022-10-22T00:05:58.977+0000] {processor.py:770} WARNING - No viable dags retrieved from /opt/airflow/dags/hadoop-2.7.3/share/hadoop/tools/sources/hadoop-sls-2.7.3-sources.jar
[2022-10-22T00:05:59.016+0000] {processor.py:178} INFO - Processing /opt/airflow/dags/hadoop-2.7.3/share/hadoop/tools/sources/hadoop-sls-2.7.3-sources.jar took 0.061 seconds
[2022-10-22T00:07:03.467+0000] {processor.py:156} INFO - Started process (PID=20026) to work on /opt/airflow/dags/hadoop-2.7.3/share/hadoop/tools/sources/hadoop-sls-2.7.3-sources.jar
[2022-10-22T00:07:03.471+0000] {processor.py:758} INFO - Processing file /opt/airflow/dags/hadoop-2.7.3/share/hadoop/tools/sources/hadoop-sls-2.7.3-sources.jar for tasks to queue
[2022-10-22T00:07:03.477+0000] {logging_mixin.py:117} INFO - [2022-10-22T00:07:03.476+0000] {dagbag.py:525} INFO - Filling up the DagBag from /opt/airflow/dags/hadoop-2.7.3/share/hadoop/tools/sources/hadoop-sls-2.7.3-sources.jar
[2022-10-22T00:07:03.486+0000] {processor.py:770} WARNING - No viable dags retrieved from /opt/airflow/dags/hadoop-2.7.3/share/hadoop/tools/sources/hadoop-sls-2.7.3-sources.jar
[2022-10-22T00:07:03.545+0000] {processor.py:178} INFO - Processing /opt/airflow/dags/hadoop-2.7.3/share/hadoop/tools/sources/hadoop-sls-2.7.3-sources.jar took 0.100 seconds
[2022-10-22T00:07:07.291+0000] {processor.py:156} INFO - Started process (PID=22515) to work on /opt/airflow/dags/hadoop-2.7.3/share/hadoop/tools/sources/hadoop-sls-2.7.3-sources.jar
[2022-10-22T00:07:07.295+0000] {processor.py:758} INFO - Processing file /opt/airflow/dags/hadoop-2.7.3/share/hadoop/tools/sources/hadoop-sls-2.7.3-sources.jar for tasks to queue
[2022-10-22T00:07:07.298+0000] {logging_mixin.py:117} INFO - [2022-10-22T00:07:07.297+0000] {dagbag.py:525} INFO - Filling up the DagBag from /opt/airflow/dags/hadoop-2.7.3/share/hadoop/tools/sources/hadoop-sls-2.7.3-sources.jar
[2022-10-22T00:07:07.308+0000] {processor.py:770} WARNING - No viable dags retrieved from /opt/airflow/dags/hadoop-2.7.3/share/hadoop/tools/sources/hadoop-sls-2.7.3-sources.jar
[2022-10-22T00:07:07.348+0000] {processor.py:178} INFO - Processing /opt/airflow/dags/hadoop-2.7.3/share/hadoop/tools/sources/hadoop-sls-2.7.3-sources.jar took 0.065 seconds
[2022-10-22T00:08:55.281+0000] {processor.py:156} INFO - Started process (PID=23212) to work on /opt/airflow/dags/hadoop-2.7.3/share/hadoop/tools/sources/hadoop-sls-2.7.3-sources.jar
[2022-10-22T00:08:55.285+0000] {processor.py:758} INFO - Processing file /opt/airflow/dags/hadoop-2.7.3/share/hadoop/tools/sources/hadoop-sls-2.7.3-sources.jar for tasks to queue
[2022-10-22T00:08:55.301+0000] {logging_mixin.py:117} INFO - [2022-10-22T00:08:55.300+0000] {dagbag.py:525} INFO - Filling up the DagBag from /opt/airflow/dags/hadoop-2.7.3/share/hadoop/tools/sources/hadoop-sls-2.7.3-sources.jar
[2022-10-22T00:08:55.310+0000] {processor.py:770} WARNING - No viable dags retrieved from /opt/airflow/dags/hadoop-2.7.3/share/hadoop/tools/sources/hadoop-sls-2.7.3-sources.jar
[2022-10-22T00:08:55.374+0000] {processor.py:178} INFO - Processing /opt/airflow/dags/hadoop-2.7.3/share/hadoop/tools/sources/hadoop-sls-2.7.3-sources.jar took 0.103 seconds
[2022-10-22T00:09:07.420+0000] {processor.py:156} INFO - Started process (PID=20834) to work on /opt/airflow/dags/hadoop-2.7.3/share/hadoop/tools/sources/hadoop-sls-2.7.3-sources.jar
[2022-10-22T00:09:07.428+0000] {processor.py:758} INFO - Processing file /opt/airflow/dags/hadoop-2.7.3/share/hadoop/tools/sources/hadoop-sls-2.7.3-sources.jar for tasks to queue
[2022-10-22T00:09:07.442+0000] {logging_mixin.py:117} INFO - [2022-10-22T00:09:07.441+0000] {dagbag.py:525} INFO - Filling up the DagBag from /opt/airflow/dags/hadoop-2.7.3/share/hadoop/tools/sources/hadoop-sls-2.7.3-sources.jar
[2022-10-22T00:09:07.459+0000] {processor.py:770} WARNING - No viable dags retrieved from /opt/airflow/dags/hadoop-2.7.3/share/hadoop/tools/sources/hadoop-sls-2.7.3-sources.jar
[2022-10-22T00:09:07.521+0000] {processor.py:178} INFO - Processing /opt/airflow/dags/hadoop-2.7.3/share/hadoop/tools/sources/hadoop-sls-2.7.3-sources.jar took 0.115 seconds
[2022-10-22T00:09:50.831+0000] {processor.py:156} INFO - Started process (PID=23747) to work on /opt/airflow/dags/hadoop-2.7.3/share/hadoop/tools/sources/hadoop-sls-2.7.3-sources.jar
[2022-10-22T00:09:50.835+0000] {processor.py:758} INFO - Processing file /opt/airflow/dags/hadoop-2.7.3/share/hadoop/tools/sources/hadoop-sls-2.7.3-sources.jar for tasks to queue
[2022-10-22T00:09:50.837+0000] {logging_mixin.py:117} INFO - [2022-10-22T00:09:50.836+0000] {dagbag.py:525} INFO - Filling up the DagBag from /opt/airflow/dags/hadoop-2.7.3/share/hadoop/tools/sources/hadoop-sls-2.7.3-sources.jar
[2022-10-22T00:09:50.843+0000] {processor.py:770} WARNING - No viable dags retrieved from /opt/airflow/dags/hadoop-2.7.3/share/hadoop/tools/sources/hadoop-sls-2.7.3-sources.jar
[2022-10-22T00:09:50.875+0000] {processor.py:178} INFO - Processing /opt/airflow/dags/hadoop-2.7.3/share/hadoop/tools/sources/hadoop-sls-2.7.3-sources.jar took 0.054 seconds
[2022-10-22T00:11:14.395+0000] {processor.py:156} INFO - Started process (PID=21359) to work on /opt/airflow/dags/hadoop-2.7.3/share/hadoop/tools/sources/hadoop-sls-2.7.3-sources.jar
[2022-10-22T00:11:14.407+0000] {processor.py:758} INFO - Processing file /opt/airflow/dags/hadoop-2.7.3/share/hadoop/tools/sources/hadoop-sls-2.7.3-sources.jar for tasks to queue
[2022-10-22T00:11:14.410+0000] {logging_mixin.py:117} INFO - [2022-10-22T00:11:14.409+0000] {dagbag.py:525} INFO - Filling up the DagBag from /opt/airflow/dags/hadoop-2.7.3/share/hadoop/tools/sources/hadoop-sls-2.7.3-sources.jar
[2022-10-22T00:11:14.415+0000] {processor.py:770} WARNING - No viable dags retrieved from /opt/airflow/dags/hadoop-2.7.3/share/hadoop/tools/sources/hadoop-sls-2.7.3-sources.jar
[2022-10-22T00:11:14.467+0000] {processor.py:178} INFO - Processing /opt/airflow/dags/hadoop-2.7.3/share/hadoop/tools/sources/hadoop-sls-2.7.3-sources.jar took 0.083 seconds
[2022-10-22T00:11:37.751+0000] {processor.py:156} INFO - Started process (PID=24217) to work on /opt/airflow/dags/hadoop-2.7.3/share/hadoop/tools/sources/hadoop-sls-2.7.3-sources.jar
[2022-10-22T00:11:37.755+0000] {processor.py:758} INFO - Processing file /opt/airflow/dags/hadoop-2.7.3/share/hadoop/tools/sources/hadoop-sls-2.7.3-sources.jar for tasks to queue
[2022-10-22T00:11:37.768+0000] {logging_mixin.py:117} INFO - [2022-10-22T00:11:37.768+0000] {dagbag.py:525} INFO - Filling up the DagBag from /opt/airflow/dags/hadoop-2.7.3/share/hadoop/tools/sources/hadoop-sls-2.7.3-sources.jar
[2022-10-22T00:11:37.773+0000] {processor.py:770} WARNING - No viable dags retrieved from /opt/airflow/dags/hadoop-2.7.3/share/hadoop/tools/sources/hadoop-sls-2.7.3-sources.jar
[2022-10-22T00:11:37.819+0000] {processor.py:178} INFO - Processing /opt/airflow/dags/hadoop-2.7.3/share/hadoop/tools/sources/hadoop-sls-2.7.3-sources.jar took 0.082 seconds
[2022-10-22T00:11:52.111+0000] {processor.py:156} INFO - Started process (PID=21888) to work on /opt/airflow/dags/hadoop-2.7.3/share/hadoop/tools/sources/hadoop-sls-2.7.3-sources.jar
[2022-10-22T00:11:52.114+0000] {processor.py:758} INFO - Processing file /opt/airflow/dags/hadoop-2.7.3/share/hadoop/tools/sources/hadoop-sls-2.7.3-sources.jar for tasks to queue
[2022-10-22T00:11:52.116+0000] {logging_mixin.py:117} INFO - [2022-10-22T00:11:52.116+0000] {dagbag.py:525} INFO - Filling up the DagBag from /opt/airflow/dags/hadoop-2.7.3/share/hadoop/tools/sources/hadoop-sls-2.7.3-sources.jar
[2022-10-22T00:11:52.121+0000] {processor.py:770} WARNING - No viable dags retrieved from /opt/airflow/dags/hadoop-2.7.3/share/hadoop/tools/sources/hadoop-sls-2.7.3-sources.jar
[2022-10-22T00:11:52.163+0000] {processor.py:178} INFO - Processing /opt/airflow/dags/hadoop-2.7.3/share/hadoop/tools/sources/hadoop-sls-2.7.3-sources.jar took 0.063 seconds
[2022-10-22T00:12:28.674+0000] {processor.py:156} INFO - Started process (PID=24741) to work on /opt/airflow/dags/hadoop-2.7.3/share/hadoop/tools/sources/hadoop-sls-2.7.3-sources.jar
[2022-10-22T00:12:28.678+0000] {processor.py:758} INFO - Processing file /opt/airflow/dags/hadoop-2.7.3/share/hadoop/tools/sources/hadoop-sls-2.7.3-sources.jar for tasks to queue
[2022-10-22T00:12:28.682+0000] {logging_mixin.py:117} INFO - [2022-10-22T00:12:28.681+0000] {dagbag.py:525} INFO - Filling up the DagBag from /opt/airflow/dags/hadoop-2.7.3/share/hadoop/tools/sources/hadoop-sls-2.7.3-sources.jar
[2022-10-22T00:12:28.695+0000] {processor.py:770} WARNING - No viable dags retrieved from /opt/airflow/dags/hadoop-2.7.3/share/hadoop/tools/sources/hadoop-sls-2.7.3-sources.jar
[2022-10-22T00:12:28.766+0000] {processor.py:178} INFO - Processing /opt/airflow/dags/hadoop-2.7.3/share/hadoop/tools/sources/hadoop-sls-2.7.3-sources.jar took 0.103 seconds
[2022-10-22T00:15:38.525+0000] {processor.py:156} INFO - Started process (PID=22815) to work on /opt/airflow/dags/hadoop-2.7.3/share/hadoop/tools/sources/hadoop-sls-2.7.3-sources.jar
[2022-10-22T00:15:38.529+0000] {processor.py:758} INFO - Processing file /opt/airflow/dags/hadoop-2.7.3/share/hadoop/tools/sources/hadoop-sls-2.7.3-sources.jar for tasks to queue
[2022-10-22T00:15:38.536+0000] {logging_mixin.py:117} INFO - [2022-10-22T00:15:38.533+0000] {dagbag.py:525} INFO - Filling up the DagBag from /opt/airflow/dags/hadoop-2.7.3/share/hadoop/tools/sources/hadoop-sls-2.7.3-sources.jar
[2022-10-22T00:15:38.546+0000] {processor.py:770} WARNING - No viable dags retrieved from /opt/airflow/dags/hadoop-2.7.3/share/hadoop/tools/sources/hadoop-sls-2.7.3-sources.jar
[2022-10-22T00:15:38.599+0000] {processor.py:178} INFO - Processing /opt/airflow/dags/hadoop-2.7.3/share/hadoop/tools/sources/hadoop-sls-2.7.3-sources.jar took 0.088 seconds
[2022-10-22T00:15:51.193+0000] {processor.py:156} INFO - Started process (PID=25378) to work on /opt/airflow/dags/hadoop-2.7.3/share/hadoop/tools/sources/hadoop-sls-2.7.3-sources.jar
[2022-10-22T00:15:51.197+0000] {processor.py:758} INFO - Processing file /opt/airflow/dags/hadoop-2.7.3/share/hadoop/tools/sources/hadoop-sls-2.7.3-sources.jar for tasks to queue
[2022-10-22T00:15:51.207+0000] {logging_mixin.py:117} INFO - [2022-10-22T00:15:51.207+0000] {dagbag.py:525} INFO - Filling up the DagBag from /opt/airflow/dags/hadoop-2.7.3/share/hadoop/tools/sources/hadoop-sls-2.7.3-sources.jar
[2022-10-22T00:15:51.214+0000] {processor.py:770} WARNING - No viable dags retrieved from /opt/airflow/dags/hadoop-2.7.3/share/hadoop/tools/sources/hadoop-sls-2.7.3-sources.jar
[2022-10-22T00:15:51.278+0000] {processor.py:178} INFO - Processing /opt/airflow/dags/hadoop-2.7.3/share/hadoop/tools/sources/hadoop-sls-2.7.3-sources.jar took 0.099 seconds
[2022-10-22T00:16:33.641+0000] {processor.py:156} INFO - Started process (PID=23394) to work on /opt/airflow/dags/hadoop-2.7.3/share/hadoop/tools/sources/hadoop-sls-2.7.3-sources.jar
[2022-10-22T00:16:33.643+0000] {processor.py:758} INFO - Processing file /opt/airflow/dags/hadoop-2.7.3/share/hadoop/tools/sources/hadoop-sls-2.7.3-sources.jar for tasks to queue
[2022-10-22T00:16:33.651+0000] {logging_mixin.py:117} INFO - [2022-10-22T00:16:33.651+0000] {dagbag.py:525} INFO - Filling up the DagBag from /opt/airflow/dags/hadoop-2.7.3/share/hadoop/tools/sources/hadoop-sls-2.7.3-sources.jar
[2022-10-22T00:16:33.658+0000] {processor.py:770} WARNING - No viable dags retrieved from /opt/airflow/dags/hadoop-2.7.3/share/hadoop/tools/sources/hadoop-sls-2.7.3-sources.jar
[2022-10-22T00:16:33.711+0000] {processor.py:178} INFO - Processing /opt/airflow/dags/hadoop-2.7.3/share/hadoop/tools/sources/hadoop-sls-2.7.3-sources.jar took 0.078 seconds
[2022-10-22T00:16:38.679+0000] {processor.py:156} INFO - Started process (PID=25908) to work on /opt/airflow/dags/hadoop-2.7.3/share/hadoop/tools/sources/hadoop-sls-2.7.3-sources.jar
[2022-10-22T00:16:38.687+0000] {processor.py:758} INFO - Processing file /opt/airflow/dags/hadoop-2.7.3/share/hadoop/tools/sources/hadoop-sls-2.7.3-sources.jar for tasks to queue
[2022-10-22T00:16:38.693+0000] {logging_mixin.py:117} INFO - [2022-10-22T00:16:38.691+0000] {dagbag.py:525} INFO - Filling up the DagBag from /opt/airflow/dags/hadoop-2.7.3/share/hadoop/tools/sources/hadoop-sls-2.7.3-sources.jar
[2022-10-22T00:16:38.703+0000] {processor.py:770} WARNING - No viable dags retrieved from /opt/airflow/dags/hadoop-2.7.3/share/hadoop/tools/sources/hadoop-sls-2.7.3-sources.jar
[2022-10-22T00:16:38.746+0000] {processor.py:178} INFO - Processing /opt/airflow/dags/hadoop-2.7.3/share/hadoop/tools/sources/hadoop-sls-2.7.3-sources.jar took 0.078 seconds
[2022-10-22T00:17:28.466+0000] {processor.py:156} INFO - Started process (PID=23972) to work on /opt/airflow/dags/hadoop-2.7.3/share/hadoop/tools/sources/hadoop-sls-2.7.3-sources.jar
[2022-10-22T00:17:28.471+0000] {processor.py:758} INFO - Processing file /opt/airflow/dags/hadoop-2.7.3/share/hadoop/tools/sources/hadoop-sls-2.7.3-sources.jar for tasks to queue
[2022-10-22T00:17:28.474+0000] {logging_mixin.py:117} INFO - [2022-10-22T00:17:28.473+0000] {dagbag.py:525} INFO - Filling up the DagBag from /opt/airflow/dags/hadoop-2.7.3/share/hadoop/tools/sources/hadoop-sls-2.7.3-sources.jar
[2022-10-22T00:17:28.484+0000] {processor.py:770} WARNING - No viable dags retrieved from /opt/airflow/dags/hadoop-2.7.3/share/hadoop/tools/sources/hadoop-sls-2.7.3-sources.jar
[2022-10-22T00:17:28.543+0000] {processor.py:178} INFO - Processing /opt/airflow/dags/hadoop-2.7.3/share/hadoop/tools/sources/hadoop-sls-2.7.3-sources.jar took 0.092 seconds
[2022-10-22T00:17:35.351+0000] {processor.py:156} INFO - Started process (PID=26505) to work on /opt/airflow/dags/hadoop-2.7.3/share/hadoop/tools/sources/hadoop-sls-2.7.3-sources.jar
[2022-10-22T00:17:35.354+0000] {processor.py:758} INFO - Processing file /opt/airflow/dags/hadoop-2.7.3/share/hadoop/tools/sources/hadoop-sls-2.7.3-sources.jar for tasks to queue
[2022-10-22T00:17:35.364+0000] {logging_mixin.py:117} INFO - [2022-10-22T00:17:35.364+0000] {dagbag.py:525} INFO - Filling up the DagBag from /opt/airflow/dags/hadoop-2.7.3/share/hadoop/tools/sources/hadoop-sls-2.7.3-sources.jar
[2022-10-22T00:17:35.371+0000] {processor.py:770} WARNING - No viable dags retrieved from /opt/airflow/dags/hadoop-2.7.3/share/hadoop/tools/sources/hadoop-sls-2.7.3-sources.jar
[2022-10-22T00:17:35.422+0000] {processor.py:178} INFO - Processing /opt/airflow/dags/hadoop-2.7.3/share/hadoop/tools/sources/hadoop-sls-2.7.3-sources.jar took 0.080 seconds
[2022-10-22T00:18:27.176+0000] {processor.py:156} INFO - Started process (PID=24579) to work on /opt/airflow/dags/hadoop-2.7.3/share/hadoop/tools/sources/hadoop-sls-2.7.3-sources.jar
[2022-10-22T00:18:27.184+0000] {processor.py:758} INFO - Processing file /opt/airflow/dags/hadoop-2.7.3/share/hadoop/tools/sources/hadoop-sls-2.7.3-sources.jar for tasks to queue
[2022-10-22T00:18:27.194+0000] {logging_mixin.py:117} INFO - [2022-10-22T00:18:27.193+0000] {dagbag.py:525} INFO - Filling up the DagBag from /opt/airflow/dags/hadoop-2.7.3/share/hadoop/tools/sources/hadoop-sls-2.7.3-sources.jar
[2022-10-22T00:18:27.205+0000] {processor.py:770} WARNING - No viable dags retrieved from /opt/airflow/dags/hadoop-2.7.3/share/hadoop/tools/sources/hadoop-sls-2.7.3-sources.jar
[2022-10-22T00:18:27.269+0000] {processor.py:178} INFO - Processing /opt/airflow/dags/hadoop-2.7.3/share/hadoop/tools/sources/hadoop-sls-2.7.3-sources.jar took 0.095 seconds
[2022-10-22T00:18:28.547+0000] {processor.py:156} INFO - Started process (PID=27080) to work on /opt/airflow/dags/hadoop-2.7.3/share/hadoop/tools/sources/hadoop-sls-2.7.3-sources.jar
[2022-10-22T00:18:28.550+0000] {processor.py:758} INFO - Processing file /opt/airflow/dags/hadoop-2.7.3/share/hadoop/tools/sources/hadoop-sls-2.7.3-sources.jar for tasks to queue
[2022-10-22T00:18:28.553+0000] {logging_mixin.py:117} INFO - [2022-10-22T00:18:28.552+0000] {dagbag.py:525} INFO - Filling up the DagBag from /opt/airflow/dags/hadoop-2.7.3/share/hadoop/tools/sources/hadoop-sls-2.7.3-sources.jar
[2022-10-22T00:18:28.559+0000] {processor.py:770} WARNING - No viable dags retrieved from /opt/airflow/dags/hadoop-2.7.3/share/hadoop/tools/sources/hadoop-sls-2.7.3-sources.jar
[2022-10-22T00:18:28.604+0000] {processor.py:178} INFO - Processing /opt/airflow/dags/hadoop-2.7.3/share/hadoop/tools/sources/hadoop-sls-2.7.3-sources.jar took 0.070 seconds
[2022-10-22T00:19:23.734+0000] {processor.py:156} INFO - Started process (PID=27664) to work on /opt/airflow/dags/hadoop-2.7.3/share/hadoop/tools/sources/hadoop-sls-2.7.3-sources.jar
[2022-10-22T00:19:23.740+0000] {processor.py:758} INFO - Processing file /opt/airflow/dags/hadoop-2.7.3/share/hadoop/tools/sources/hadoop-sls-2.7.3-sources.jar for tasks to queue
[2022-10-22T00:19:23.743+0000] {logging_mixin.py:117} INFO - [2022-10-22T00:19:23.743+0000] {dagbag.py:525} INFO - Filling up the DagBag from /opt/airflow/dags/hadoop-2.7.3/share/hadoop/tools/sources/hadoop-sls-2.7.3-sources.jar
[2022-10-22T00:19:23.753+0000] {processor.py:770} WARNING - No viable dags retrieved from /opt/airflow/dags/hadoop-2.7.3/share/hadoop/tools/sources/hadoop-sls-2.7.3-sources.jar
[2022-10-22T00:19:23.782+0000] {processor.py:178} INFO - Processing /opt/airflow/dags/hadoop-2.7.3/share/hadoop/tools/sources/hadoop-sls-2.7.3-sources.jar took 0.078 seconds
[2022-10-22T00:20:04.171+0000] {processor.py:156} INFO - Started process (PID=25222) to work on /opt/airflow/dags/hadoop-2.7.3/share/hadoop/tools/sources/hadoop-sls-2.7.3-sources.jar
[2022-10-22T00:20:04.174+0000] {processor.py:758} INFO - Processing file /opt/airflow/dags/hadoop-2.7.3/share/hadoop/tools/sources/hadoop-sls-2.7.3-sources.jar for tasks to queue
[2022-10-22T00:20:04.176+0000] {logging_mixin.py:117} INFO - [2022-10-22T00:20:04.176+0000] {dagbag.py:525} INFO - Filling up the DagBag from /opt/airflow/dags/hadoop-2.7.3/share/hadoop/tools/sources/hadoop-sls-2.7.3-sources.jar
[2022-10-22T00:20:04.183+0000] {processor.py:770} WARNING - No viable dags retrieved from /opt/airflow/dags/hadoop-2.7.3/share/hadoop/tools/sources/hadoop-sls-2.7.3-sources.jar
[2022-10-22T00:20:04.212+0000] {processor.py:178} INFO - Processing /opt/airflow/dags/hadoop-2.7.3/share/hadoop/tools/sources/hadoop-sls-2.7.3-sources.jar took 0.047 seconds
[2022-10-22T00:20:58.516+0000] {processor.py:156} INFO - Started process (PID=28279) to work on /opt/airflow/dags/hadoop-2.7.3/share/hadoop/tools/sources/hadoop-sls-2.7.3-sources.jar
[2022-10-22T00:20:58.525+0000] {processor.py:758} INFO - Processing file /opt/airflow/dags/hadoop-2.7.3/share/hadoop/tools/sources/hadoop-sls-2.7.3-sources.jar for tasks to queue
[2022-10-22T00:20:58.532+0000] {logging_mixin.py:117} INFO - [2022-10-22T00:20:58.531+0000] {dagbag.py:525} INFO - Filling up the DagBag from /opt/airflow/dags/hadoop-2.7.3/share/hadoop/tools/sources/hadoop-sls-2.7.3-sources.jar
[2022-10-22T00:20:58.542+0000] {processor.py:770} WARNING - No viable dags retrieved from /opt/airflow/dags/hadoop-2.7.3/share/hadoop/tools/sources/hadoop-sls-2.7.3-sources.jar
[2022-10-22T00:20:58.584+0000] {processor.py:178} INFO - Processing /opt/airflow/dags/hadoop-2.7.3/share/hadoop/tools/sources/hadoop-sls-2.7.3-sources.jar took 0.094 seconds
[2022-10-22T00:21:07.163+0000] {processor.py:156} INFO - Started process (PID=25828) to work on /opt/airflow/dags/hadoop-2.7.3/share/hadoop/tools/sources/hadoop-sls-2.7.3-sources.jar
[2022-10-22T00:21:07.166+0000] {processor.py:758} INFO - Processing file /opt/airflow/dags/hadoop-2.7.3/share/hadoop/tools/sources/hadoop-sls-2.7.3-sources.jar for tasks to queue
[2022-10-22T00:21:07.169+0000] {logging_mixin.py:117} INFO - [2022-10-22T00:21:07.168+0000] {dagbag.py:525} INFO - Filling up the DagBag from /opt/airflow/dags/hadoop-2.7.3/share/hadoop/tools/sources/hadoop-sls-2.7.3-sources.jar
[2022-10-22T00:21:07.174+0000] {processor.py:770} WARNING - No viable dags retrieved from /opt/airflow/dags/hadoop-2.7.3/share/hadoop/tools/sources/hadoop-sls-2.7.3-sources.jar
[2022-10-22T00:21:07.254+0000] {processor.py:178} INFO - Processing /opt/airflow/dags/hadoop-2.7.3/share/hadoop/tools/sources/hadoop-sls-2.7.3-sources.jar took 0.116 seconds
[2022-10-22T00:22:02.582+0000] {processor.py:156} INFO - Started process (PID=26352) to work on /opt/airflow/dags/hadoop-2.7.3/share/hadoop/tools/sources/hadoop-sls-2.7.3-sources.jar
[2022-10-22T00:22:02.586+0000] {processor.py:758} INFO - Processing file /opt/airflow/dags/hadoop-2.7.3/share/hadoop/tools/sources/hadoop-sls-2.7.3-sources.jar for tasks to queue
[2022-10-22T00:22:02.596+0000] {logging_mixin.py:117} INFO - [2022-10-22T00:22:02.595+0000] {dagbag.py:525} INFO - Filling up the DagBag from /opt/airflow/dags/hadoop-2.7.3/share/hadoop/tools/sources/hadoop-sls-2.7.3-sources.jar
[2022-10-22T00:22:02.604+0000] {processor.py:770} WARNING - No viable dags retrieved from /opt/airflow/dags/hadoop-2.7.3/share/hadoop/tools/sources/hadoop-sls-2.7.3-sources.jar
[2022-10-22T00:22:02.661+0000] {processor.py:178} INFO - Processing /opt/airflow/dags/hadoop-2.7.3/share/hadoop/tools/sources/hadoop-sls-2.7.3-sources.jar took 0.094 seconds
[2022-10-22T00:22:07.290+0000] {processor.py:156} INFO - Started process (PID=28928) to work on /opt/airflow/dags/hadoop-2.7.3/share/hadoop/tools/sources/hadoop-sls-2.7.3-sources.jar
[2022-10-22T00:22:07.296+0000] {processor.py:758} INFO - Processing file /opt/airflow/dags/hadoop-2.7.3/share/hadoop/tools/sources/hadoop-sls-2.7.3-sources.jar for tasks to queue
[2022-10-22T00:22:07.299+0000] {logging_mixin.py:117} INFO - [2022-10-22T00:22:07.298+0000] {dagbag.py:525} INFO - Filling up the DagBag from /opt/airflow/dags/hadoop-2.7.3/share/hadoop/tools/sources/hadoop-sls-2.7.3-sources.jar
[2022-10-22T00:22:07.305+0000] {processor.py:770} WARNING - No viable dags retrieved from /opt/airflow/dags/hadoop-2.7.3/share/hadoop/tools/sources/hadoop-sls-2.7.3-sources.jar
[2022-10-22T00:22:07.354+0000] {processor.py:178} INFO - Processing /opt/airflow/dags/hadoop-2.7.3/share/hadoop/tools/sources/hadoop-sls-2.7.3-sources.jar took 0.071 seconds
[2022-10-22T00:23:04.085+0000] {processor.py:156} INFO - Started process (PID=29456) to work on /opt/airflow/dags/hadoop-2.7.3/share/hadoop/tools/sources/hadoop-sls-2.7.3-sources.jar
[2022-10-22T00:23:04.090+0000] {processor.py:758} INFO - Processing file /opt/airflow/dags/hadoop-2.7.3/share/hadoop/tools/sources/hadoop-sls-2.7.3-sources.jar for tasks to queue
[2022-10-22T00:23:04.096+0000] {logging_mixin.py:117} INFO - [2022-10-22T00:23:04.095+0000] {dagbag.py:525} INFO - Filling up the DagBag from /opt/airflow/dags/hadoop-2.7.3/share/hadoop/tools/sources/hadoop-sls-2.7.3-sources.jar
[2022-10-22T00:23:04.109+0000] {processor.py:770} WARNING - No viable dags retrieved from /opt/airflow/dags/hadoop-2.7.3/share/hadoop/tools/sources/hadoop-sls-2.7.3-sources.jar
[2022-10-22T00:23:04.183+0000] {processor.py:178} INFO - Processing /opt/airflow/dags/hadoop-2.7.3/share/hadoop/tools/sources/hadoop-sls-2.7.3-sources.jar took 0.112 seconds
[2022-10-22T00:23:16.956+0000] {processor.py:156} INFO - Started process (PID=27062) to work on /opt/airflow/dags/hadoop-2.7.3/share/hadoop/tools/sources/hadoop-sls-2.7.3-sources.jar
[2022-10-22T00:23:16.958+0000] {processor.py:758} INFO - Processing file /opt/airflow/dags/hadoop-2.7.3/share/hadoop/tools/sources/hadoop-sls-2.7.3-sources.jar for tasks to queue
[2022-10-22T00:23:16.960+0000] {logging_mixin.py:117} INFO - [2022-10-22T00:23:16.959+0000] {dagbag.py:525} INFO - Filling up the DagBag from /opt/airflow/dags/hadoop-2.7.3/share/hadoop/tools/sources/hadoop-sls-2.7.3-sources.jar
[2022-10-22T00:23:16.964+0000] {processor.py:770} WARNING - No viable dags retrieved from /opt/airflow/dags/hadoop-2.7.3/share/hadoop/tools/sources/hadoop-sls-2.7.3-sources.jar
[2022-10-22T00:23:17.012+0000] {processor.py:178} INFO - Processing /opt/airflow/dags/hadoop-2.7.3/share/hadoop/tools/sources/hadoop-sls-2.7.3-sources.jar took 0.072 seconds
[2022-10-22T00:23:57.166+0000] {processor.py:156} INFO - Started process (PID=30018) to work on /opt/airflow/dags/hadoop-2.7.3/share/hadoop/tools/sources/hadoop-sls-2.7.3-sources.jar
[2022-10-22T00:23:57.171+0000] {processor.py:758} INFO - Processing file /opt/airflow/dags/hadoop-2.7.3/share/hadoop/tools/sources/hadoop-sls-2.7.3-sources.jar for tasks to queue
[2022-10-22T00:23:57.175+0000] {logging_mixin.py:117} INFO - [2022-10-22T00:23:57.174+0000] {dagbag.py:525} INFO - Filling up the DagBag from /opt/airflow/dags/hadoop-2.7.3/share/hadoop/tools/sources/hadoop-sls-2.7.3-sources.jar
[2022-10-22T00:23:57.182+0000] {processor.py:770} WARNING - No viable dags retrieved from /opt/airflow/dags/hadoop-2.7.3/share/hadoop/tools/sources/hadoop-sls-2.7.3-sources.jar
[2022-10-22T00:23:57.215+0000] {processor.py:178} INFO - Processing /opt/airflow/dags/hadoop-2.7.3/share/hadoop/tools/sources/hadoop-sls-2.7.3-sources.jar took 0.056 seconds
[2022-10-22T00:24:07.727+0000] {processor.py:156} INFO - Started process (PID=27631) to work on /opt/airflow/dags/hadoop-2.7.3/share/hadoop/tools/sources/hadoop-sls-2.7.3-sources.jar
[2022-10-22T00:24:07.728+0000] {processor.py:758} INFO - Processing file /opt/airflow/dags/hadoop-2.7.3/share/hadoop/tools/sources/hadoop-sls-2.7.3-sources.jar for tasks to queue
[2022-10-22T00:24:07.732+0000] {logging_mixin.py:117} INFO - [2022-10-22T00:24:07.731+0000] {dagbag.py:525} INFO - Filling up the DagBag from /opt/airflow/dags/hadoop-2.7.3/share/hadoop/tools/sources/hadoop-sls-2.7.3-sources.jar
[2022-10-22T00:24:07.738+0000] {processor.py:770} WARNING - No viable dags retrieved from /opt/airflow/dags/hadoop-2.7.3/share/hadoop/tools/sources/hadoop-sls-2.7.3-sources.jar
[2022-10-22T00:24:07.791+0000] {processor.py:178} INFO - Processing /opt/airflow/dags/hadoop-2.7.3/share/hadoop/tools/sources/hadoop-sls-2.7.3-sources.jar took 0.072 seconds
