[2022-10-22T00:00:26.983+0000] {processor.py:156} INFO - Started process (PID=16866) to work on /opt/airflow/dags/hadoop-2.7.3/share/hadoop/common/lib/activation-1.1.jar
[2022-10-22T00:00:27.015+0000] {processor.py:758} INFO - Processing file /opt/airflow/dags/hadoop-2.7.3/share/hadoop/common/lib/activation-1.1.jar for tasks to queue
[2022-10-22T00:00:27.021+0000] {logging_mixin.py:117} INFO - [2022-10-22T00:00:27.021+0000] {dagbag.py:525} INFO - Filling up the DagBag from /opt/airflow/dags/hadoop-2.7.3/share/hadoop/common/lib/activation-1.1.jar
[2022-10-22T00:00:27.038+0000] {processor.py:770} WARNING - No viable dags retrieved from /opt/airflow/dags/hadoop-2.7.3/share/hadoop/common/lib/activation-1.1.jar
[2022-10-22T00:00:27.229+0000] {processor.py:178} INFO - Processing /opt/airflow/dags/hadoop-2.7.3/share/hadoop/common/lib/activation-1.1.jar took 0.294 seconds
[2022-10-22T00:01:12.963+0000] {processor.py:156} INFO - Started process (PID=17181) to work on /opt/airflow/dags/hadoop-2.7.3/share/hadoop/common/lib/activation-1.1.jar
[2022-10-22T00:01:12.974+0000] {processor.py:758} INFO - Processing file /opt/airflow/dags/hadoop-2.7.3/share/hadoop/common/lib/activation-1.1.jar for tasks to queue
[2022-10-22T00:01:12.977+0000] {logging_mixin.py:117} INFO - [2022-10-22T00:01:12.976+0000] {dagbag.py:525} INFO - Filling up the DagBag from /opt/airflow/dags/hadoop-2.7.3/share/hadoop/common/lib/activation-1.1.jar
[2022-10-22T00:01:12.985+0000] {processor.py:770} WARNING - No viable dags retrieved from /opt/airflow/dags/hadoop-2.7.3/share/hadoop/common/lib/activation-1.1.jar
[2022-10-22T00:01:13.023+0000] {processor.py:178} INFO - Processing /opt/airflow/dags/hadoop-2.7.3/share/hadoop/common/lib/activation-1.1.jar took 0.074 seconds
[2022-10-22T00:01:15.189+0000] {processor.py:156} INFO - Started process (PID=19400) to work on /opt/airflow/dags/hadoop-2.7.3/share/hadoop/common/lib/activation-1.1.jar
[2022-10-22T00:01:15.194+0000] {processor.py:758} INFO - Processing file /opt/airflow/dags/hadoop-2.7.3/share/hadoop/common/lib/activation-1.1.jar for tasks to queue
[2022-10-22T00:01:15.199+0000] {logging_mixin.py:117} INFO - [2022-10-22T00:01:15.199+0000] {dagbag.py:525} INFO - Filling up the DagBag from /opt/airflow/dags/hadoop-2.7.3/share/hadoop/common/lib/activation-1.1.jar
[2022-10-22T00:01:15.214+0000] {processor.py:770} WARNING - No viable dags retrieved from /opt/airflow/dags/hadoop-2.7.3/share/hadoop/common/lib/activation-1.1.jar
[2022-10-22T00:01:15.315+0000] {processor.py:178} INFO - Processing /opt/airflow/dags/hadoop-2.7.3/share/hadoop/common/lib/activation-1.1.jar took 0.140 seconds
[2022-10-22T00:01:55.647+0000] {processor.py:156} INFO - Started process (PID=17490) to work on /opt/airflow/dags/hadoop-2.7.3/share/hadoop/common/lib/activation-1.1.jar
[2022-10-22T00:01:55.652+0000] {processor.py:758} INFO - Processing file /opt/airflow/dags/hadoop-2.7.3/share/hadoop/common/lib/activation-1.1.jar for tasks to queue
[2022-10-22T00:01:55.655+0000] {logging_mixin.py:117} INFO - [2022-10-22T00:01:55.655+0000] {dagbag.py:525} INFO - Filling up the DagBag from /opt/airflow/dags/hadoop-2.7.3/share/hadoop/common/lib/activation-1.1.jar
[2022-10-22T00:01:55.665+0000] {processor.py:770} WARNING - No viable dags retrieved from /opt/airflow/dags/hadoop-2.7.3/share/hadoop/common/lib/activation-1.1.jar
[2022-10-22T00:01:55.720+0000] {processor.py:178} INFO - Processing /opt/airflow/dags/hadoop-2.7.3/share/hadoop/common/lib/activation-1.1.jar took 0.080 seconds
[2022-10-22T00:02:11.952+0000] {processor.py:156} INFO - Started process (PID=19962) to work on /opt/airflow/dags/hadoop-2.7.3/share/hadoop/common/lib/activation-1.1.jar
[2022-10-22T00:02:11.965+0000] {processor.py:758} INFO - Processing file /opt/airflow/dags/hadoop-2.7.3/share/hadoop/common/lib/activation-1.1.jar for tasks to queue
[2022-10-22T00:02:11.969+0000] {logging_mixin.py:117} INFO - [2022-10-22T00:02:11.967+0000] {dagbag.py:525} INFO - Filling up the DagBag from /opt/airflow/dags/hadoop-2.7.3/share/hadoop/common/lib/activation-1.1.jar
[2022-10-22T00:02:11.983+0000] {processor.py:770} WARNING - No viable dags retrieved from /opt/airflow/dags/hadoop-2.7.3/share/hadoop/common/lib/activation-1.1.jar
[2022-10-22T00:02:12.058+0000] {processor.py:178} INFO - Processing /opt/airflow/dags/hadoop-2.7.3/share/hadoop/common/lib/activation-1.1.jar took 0.121 seconds
[2022-10-22T00:02:30.799+0000] {processor.py:156} INFO - Started process (PID=17775) to work on /opt/airflow/dags/hadoop-2.7.3/share/hadoop/common/lib/activation-1.1.jar
[2022-10-22T00:02:30.802+0000] {processor.py:758} INFO - Processing file /opt/airflow/dags/hadoop-2.7.3/share/hadoop/common/lib/activation-1.1.jar for tasks to queue
[2022-10-22T00:02:30.804+0000] {logging_mixin.py:117} INFO - [2022-10-22T00:02:30.804+0000] {dagbag.py:525} INFO - Filling up the DagBag from /opt/airflow/dags/hadoop-2.7.3/share/hadoop/common/lib/activation-1.1.jar
[2022-10-22T00:02:30.822+0000] {processor.py:770} WARNING - No viable dags retrieved from /opt/airflow/dags/hadoop-2.7.3/share/hadoop/common/lib/activation-1.1.jar
[2022-10-22T00:02:30.875+0000] {processor.py:178} INFO - Processing /opt/airflow/dags/hadoop-2.7.3/share/hadoop/common/lib/activation-1.1.jar took 0.095 seconds
[2022-10-22T00:03:34.945+0000] {processor.py:156} INFO - Started process (PID=18067) to work on /opt/airflow/dags/hadoop-2.7.3/share/hadoop/common/lib/activation-1.1.jar
[2022-10-22T00:03:34.949+0000] {processor.py:758} INFO - Processing file /opt/airflow/dags/hadoop-2.7.3/share/hadoop/common/lib/activation-1.1.jar for tasks to queue
[2022-10-22T00:03:34.951+0000] {logging_mixin.py:117} INFO - [2022-10-22T00:03:34.950+0000] {dagbag.py:525} INFO - Filling up the DagBag from /opt/airflow/dags/hadoop-2.7.3/share/hadoop/common/lib/activation-1.1.jar
[2022-10-22T00:03:34.957+0000] {processor.py:770} WARNING - No viable dags retrieved from /opt/airflow/dags/hadoop-2.7.3/share/hadoop/common/lib/activation-1.1.jar
[2022-10-22T00:03:34.997+0000] {processor.py:178} INFO - Processing /opt/airflow/dags/hadoop-2.7.3/share/hadoop/common/lib/activation-1.1.jar took 0.060 seconds
[2022-10-22T00:03:41.725+0000] {processor.py:156} INFO - Started process (PID=20508) to work on /opt/airflow/dags/hadoop-2.7.3/share/hadoop/common/lib/activation-1.1.jar
[2022-10-22T00:03:41.728+0000] {processor.py:758} INFO - Processing file /opt/airflow/dags/hadoop-2.7.3/share/hadoop/common/lib/activation-1.1.jar for tasks to queue
[2022-10-22T00:03:41.731+0000] {logging_mixin.py:117} INFO - [2022-10-22T00:03:41.731+0000] {dagbag.py:525} INFO - Filling up the DagBag from /opt/airflow/dags/hadoop-2.7.3/share/hadoop/common/lib/activation-1.1.jar
[2022-10-22T00:03:41.739+0000] {processor.py:770} WARNING - No viable dags retrieved from /opt/airflow/dags/hadoop-2.7.3/share/hadoop/common/lib/activation-1.1.jar
[2022-10-22T00:03:41.793+0000] {processor.py:178} INFO - Processing /opt/airflow/dags/hadoop-2.7.3/share/hadoop/common/lib/activation-1.1.jar took 0.081 seconds
[2022-10-22T00:04:15.866+0000] {processor.py:156} INFO - Started process (PID=18425) to work on /opt/airflow/dags/hadoop-2.7.3/share/hadoop/common/lib/activation-1.1.jar
[2022-10-22T00:04:15.875+0000] {processor.py:758} INFO - Processing file /opt/airflow/dags/hadoop-2.7.3/share/hadoop/common/lib/activation-1.1.jar for tasks to queue
[2022-10-22T00:04:15.882+0000] {logging_mixin.py:117} INFO - [2022-10-22T00:04:15.880+0000] {dagbag.py:525} INFO - Filling up the DagBag from /opt/airflow/dags/hadoop-2.7.3/share/hadoop/common/lib/activation-1.1.jar
[2022-10-22T00:04:15.900+0000] {processor.py:770} WARNING - No viable dags retrieved from /opt/airflow/dags/hadoop-2.7.3/share/hadoop/common/lib/activation-1.1.jar
[2022-10-22T00:04:15.968+0000] {processor.py:178} INFO - Processing /opt/airflow/dags/hadoop-2.7.3/share/hadoop/common/lib/activation-1.1.jar took 0.116 seconds
[2022-10-22T00:04:29.705+0000] {processor.py:156} INFO - Started process (PID=20944) to work on /opt/airflow/dags/hadoop-2.7.3/share/hadoop/common/lib/activation-1.1.jar
[2022-10-22T00:04:29.711+0000] {processor.py:758} INFO - Processing file /opt/airflow/dags/hadoop-2.7.3/share/hadoop/common/lib/activation-1.1.jar for tasks to queue
[2022-10-22T00:04:29.715+0000] {logging_mixin.py:117} INFO - [2022-10-22T00:04:29.715+0000] {dagbag.py:525} INFO - Filling up the DagBag from /opt/airflow/dags/hadoop-2.7.3/share/hadoop/common/lib/activation-1.1.jar
[2022-10-22T00:04:29.723+0000] {processor.py:770} WARNING - No viable dags retrieved from /opt/airflow/dags/hadoop-2.7.3/share/hadoop/common/lib/activation-1.1.jar
[2022-10-22T00:04:29.770+0000] {processor.py:178} INFO - Processing /opt/airflow/dags/hadoop-2.7.3/share/hadoop/common/lib/activation-1.1.jar took 0.074 seconds
[2022-10-22T00:05:13.108+0000] {processor.py:156} INFO - Started process (PID=18948) to work on /opt/airflow/dags/hadoop-2.7.3/share/hadoop/common/lib/activation-1.1.jar
[2022-10-22T00:05:13.113+0000] {processor.py:758} INFO - Processing file /opt/airflow/dags/hadoop-2.7.3/share/hadoop/common/lib/activation-1.1.jar for tasks to queue
[2022-10-22T00:05:13.116+0000] {logging_mixin.py:117} INFO - [2022-10-22T00:05:13.116+0000] {dagbag.py:525} INFO - Filling up the DagBag from /opt/airflow/dags/hadoop-2.7.3/share/hadoop/common/lib/activation-1.1.jar
[2022-10-22T00:05:13.129+0000] {processor.py:770} WARNING - No viable dags retrieved from /opt/airflow/dags/hadoop-2.7.3/share/hadoop/common/lib/activation-1.1.jar
[2022-10-22T00:05:13.198+0000] {processor.py:178} INFO - Processing /opt/airflow/dags/hadoop-2.7.3/share/hadoop/common/lib/activation-1.1.jar took 0.137 seconds
[2022-10-22T00:05:20.513+0000] {processor.py:156} INFO - Started process (PID=21442) to work on /opt/airflow/dags/hadoop-2.7.3/share/hadoop/common/lib/activation-1.1.jar
[2022-10-22T00:05:20.520+0000] {processor.py:758} INFO - Processing file /opt/airflow/dags/hadoop-2.7.3/share/hadoop/common/lib/activation-1.1.jar for tasks to queue
[2022-10-22T00:05:20.524+0000] {logging_mixin.py:117} INFO - [2022-10-22T00:05:20.523+0000] {dagbag.py:525} INFO - Filling up the DagBag from /opt/airflow/dags/hadoop-2.7.3/share/hadoop/common/lib/activation-1.1.jar
[2022-10-22T00:05:20.538+0000] {processor.py:770} WARNING - No viable dags retrieved from /opt/airflow/dags/hadoop-2.7.3/share/hadoop/common/lib/activation-1.1.jar
[2022-10-22T00:05:20.612+0000] {processor.py:178} INFO - Processing /opt/airflow/dags/hadoop-2.7.3/share/hadoop/common/lib/activation-1.1.jar took 0.108 seconds
[2022-10-22T00:05:59.471+0000] {processor.py:156} INFO - Started process (PID=19404) to work on /opt/airflow/dags/hadoop-2.7.3/share/hadoop/common/lib/activation-1.1.jar
[2022-10-22T00:05:59.487+0000] {processor.py:758} INFO - Processing file /opt/airflow/dags/hadoop-2.7.3/share/hadoop/common/lib/activation-1.1.jar for tasks to queue
[2022-10-22T00:05:59.489+0000] {logging_mixin.py:117} INFO - [2022-10-22T00:05:59.489+0000] {dagbag.py:525} INFO - Filling up the DagBag from /opt/airflow/dags/hadoop-2.7.3/share/hadoop/common/lib/activation-1.1.jar
[2022-10-22T00:05:59.506+0000] {processor.py:770} WARNING - No viable dags retrieved from /opt/airflow/dags/hadoop-2.7.3/share/hadoop/common/lib/activation-1.1.jar
[2022-10-22T00:05:59.564+0000] {processor.py:178} INFO - Processing /opt/airflow/dags/hadoop-2.7.3/share/hadoop/common/lib/activation-1.1.jar took 0.103 seconds
[2022-10-22T00:06:03.974+0000] {processor.py:156} INFO - Started process (PID=21878) to work on /opt/airflow/dags/hadoop-2.7.3/share/hadoop/common/lib/activation-1.1.jar
[2022-10-22T00:06:03.993+0000] {processor.py:758} INFO - Processing file /opt/airflow/dags/hadoop-2.7.3/share/hadoop/common/lib/activation-1.1.jar for tasks to queue
[2022-10-22T00:06:03.996+0000] {logging_mixin.py:117} INFO - [2022-10-22T00:06:03.996+0000] {dagbag.py:525} INFO - Filling up the DagBag from /opt/airflow/dags/hadoop-2.7.3/share/hadoop/common/lib/activation-1.1.jar
[2022-10-22T00:06:04.015+0000] {processor.py:770} WARNING - No viable dags retrieved from /opt/airflow/dags/hadoop-2.7.3/share/hadoop/common/lib/activation-1.1.jar
[2022-10-22T00:06:04.051+0000] {processor.py:178} INFO - Processing /opt/airflow/dags/hadoop-2.7.3/share/hadoop/common/lib/activation-1.1.jar took 0.091 seconds
[2022-10-22T00:06:48.433+0000] {processor.py:156} INFO - Started process (PID=19864) to work on /opt/airflow/dags/hadoop-2.7.3/share/hadoop/common/lib/activation-1.1.jar
[2022-10-22T00:06:48.441+0000] {processor.py:758} INFO - Processing file /opt/airflow/dags/hadoop-2.7.3/share/hadoop/common/lib/activation-1.1.jar for tasks to queue
[2022-10-22T00:06:48.444+0000] {logging_mixin.py:117} INFO - [2022-10-22T00:06:48.444+0000] {dagbag.py:525} INFO - Filling up the DagBag from /opt/airflow/dags/hadoop-2.7.3/share/hadoop/common/lib/activation-1.1.jar
[2022-10-22T00:06:48.457+0000] {processor.py:770} WARNING - No viable dags retrieved from /opt/airflow/dags/hadoop-2.7.3/share/hadoop/common/lib/activation-1.1.jar
[2022-10-22T00:06:48.508+0000] {processor.py:178} INFO - Processing /opt/airflow/dags/hadoop-2.7.3/share/hadoop/common/lib/activation-1.1.jar took 0.085 seconds
[2022-10-22T00:06:50.104+0000] {processor.py:156} INFO - Started process (PID=22336) to work on /opt/airflow/dags/hadoop-2.7.3/share/hadoop/common/lib/activation-1.1.jar
[2022-10-22T00:06:50.107+0000] {processor.py:758} INFO - Processing file /opt/airflow/dags/hadoop-2.7.3/share/hadoop/common/lib/activation-1.1.jar for tasks to queue
[2022-10-22T00:06:50.110+0000] {logging_mixin.py:117} INFO - [2022-10-22T00:06:50.110+0000] {dagbag.py:525} INFO - Filling up the DagBag from /opt/airflow/dags/hadoop-2.7.3/share/hadoop/common/lib/activation-1.1.jar
[2022-10-22T00:06:50.120+0000] {processor.py:770} WARNING - No viable dags retrieved from /opt/airflow/dags/hadoop-2.7.3/share/hadoop/common/lib/activation-1.1.jar
[2022-10-22T00:06:50.182+0000] {processor.py:178} INFO - Processing /opt/airflow/dags/hadoop-2.7.3/share/hadoop/common/lib/activation-1.1.jar took 0.085 seconds
[2022-10-22T00:07:31.639+0000] {processor.py:156} INFO - Started process (PID=22765) to work on /opt/airflow/dags/hadoop-2.7.3/share/hadoop/common/lib/activation-1.1.jar
[2022-10-22T00:07:31.643+0000] {processor.py:758} INFO - Processing file /opt/airflow/dags/hadoop-2.7.3/share/hadoop/common/lib/activation-1.1.jar for tasks to queue
[2022-10-22T00:07:31.646+0000] {logging_mixin.py:117} INFO - [2022-10-22T00:07:31.646+0000] {dagbag.py:525} INFO - Filling up the DagBag from /opt/airflow/dags/hadoop-2.7.3/share/hadoop/common/lib/activation-1.1.jar
[2022-10-22T00:07:31.657+0000] {processor.py:770} WARNING - No viable dags retrieved from /opt/airflow/dags/hadoop-2.7.3/share/hadoop/common/lib/activation-1.1.jar
[2022-10-22T00:07:31.694+0000] {processor.py:178} INFO - Processing /opt/airflow/dags/hadoop-2.7.3/share/hadoop/common/lib/activation-1.1.jar took 0.067 seconds
[2022-10-22T00:07:32.419+0000] {processor.py:156} INFO - Started process (PID=20307) to work on /opt/airflow/dags/hadoop-2.7.3/share/hadoop/common/lib/activation-1.1.jar
[2022-10-22T00:07:32.425+0000] {processor.py:758} INFO - Processing file /opt/airflow/dags/hadoop-2.7.3/share/hadoop/common/lib/activation-1.1.jar for tasks to queue
[2022-10-22T00:07:32.428+0000] {logging_mixin.py:117} INFO - [2022-10-22T00:07:32.428+0000] {dagbag.py:525} INFO - Filling up the DagBag from /opt/airflow/dags/hadoop-2.7.3/share/hadoop/common/lib/activation-1.1.jar
[2022-10-22T00:07:32.436+0000] {processor.py:770} WARNING - No viable dags retrieved from /opt/airflow/dags/hadoop-2.7.3/share/hadoop/common/lib/activation-1.1.jar
[2022-10-22T00:07:32.487+0000] {processor.py:178} INFO - Processing /opt/airflow/dags/hadoop-2.7.3/share/hadoop/common/lib/activation-1.1.jar took 0.075 seconds
[2022-10-22T00:08:36.095+0000] {processor.py:156} INFO - Started process (PID=20541) to work on /opt/airflow/dags/hadoop-2.7.3/share/hadoop/common/lib/activation-1.1.jar
[2022-10-22T00:08:36.103+0000] {processor.py:758} INFO - Processing file /opt/airflow/dags/hadoop-2.7.3/share/hadoop/common/lib/activation-1.1.jar for tasks to queue
[2022-10-22T00:08:36.108+0000] {logging_mixin.py:117} INFO - [2022-10-22T00:08:36.108+0000] {dagbag.py:525} INFO - Filling up the DagBag from /opt/airflow/dags/hadoop-2.7.3/share/hadoop/common/lib/activation-1.1.jar
[2022-10-22T00:08:36.121+0000] {processor.py:770} WARNING - No viable dags retrieved from /opt/airflow/dags/hadoop-2.7.3/share/hadoop/common/lib/activation-1.1.jar
[2022-10-22T00:08:36.194+0000] {processor.py:178} INFO - Processing /opt/airflow/dags/hadoop-2.7.3/share/hadoop/common/lib/activation-1.1.jar took 0.117 seconds
[2022-10-22T00:09:00.309+0000] {processor.py:156} INFO - Started process (PID=23237) to work on /opt/airflow/dags/hadoop-2.7.3/share/hadoop/common/lib/activation-1.1.jar
[2022-10-22T00:09:00.313+0000] {processor.py:758} INFO - Processing file /opt/airflow/dags/hadoop-2.7.3/share/hadoop/common/lib/activation-1.1.jar for tasks to queue
[2022-10-22T00:09:00.321+0000] {logging_mixin.py:117} INFO - [2022-10-22T00:09:00.320+0000] {dagbag.py:525} INFO - Filling up the DagBag from /opt/airflow/dags/hadoop-2.7.3/share/hadoop/common/lib/activation-1.1.jar
[2022-10-22T00:09:00.336+0000] {processor.py:770} WARNING - No viable dags retrieved from /opt/airflow/dags/hadoop-2.7.3/share/hadoop/common/lib/activation-1.1.jar
[2022-10-22T00:09:00.401+0000] {processor.py:178} INFO - Processing /opt/airflow/dags/hadoop-2.7.3/share/hadoop/common/lib/activation-1.1.jar took 0.103 seconds
[2022-10-22T00:09:20.903+0000] {processor.py:156} INFO - Started process (PID=20936) to work on /opt/airflow/dags/hadoop-2.7.3/share/hadoop/common/lib/activation-1.1.jar
[2022-10-22T00:09:20.906+0000] {processor.py:758} INFO - Processing file /opt/airflow/dags/hadoop-2.7.3/share/hadoop/common/lib/activation-1.1.jar for tasks to queue
[2022-10-22T00:09:20.909+0000] {logging_mixin.py:117} INFO - [2022-10-22T00:09:20.909+0000] {dagbag.py:525} INFO - Filling up the DagBag from /opt/airflow/dags/hadoop-2.7.3/share/hadoop/common/lib/activation-1.1.jar
[2022-10-22T00:09:20.921+0000] {processor.py:770} WARNING - No viable dags retrieved from /opt/airflow/dags/hadoop-2.7.3/share/hadoop/common/lib/activation-1.1.jar
[2022-10-22T00:09:20.987+0000] {processor.py:178} INFO - Processing /opt/airflow/dags/hadoop-2.7.3/share/hadoop/common/lib/activation-1.1.jar took 0.099 seconds
[2022-10-22T00:09:52.128+0000] {processor.py:156} INFO - Started process (PID=23760) to work on /opt/airflow/dags/hadoop-2.7.3/share/hadoop/common/lib/activation-1.1.jar
[2022-10-22T00:09:52.133+0000] {processor.py:758} INFO - Processing file /opt/airflow/dags/hadoop-2.7.3/share/hadoop/common/lib/activation-1.1.jar for tasks to queue
[2022-10-22T00:09:52.136+0000] {logging_mixin.py:117} INFO - [2022-10-22T00:09:52.136+0000] {dagbag.py:525} INFO - Filling up the DagBag from /opt/airflow/dags/hadoop-2.7.3/share/hadoop/common/lib/activation-1.1.jar
[2022-10-22T00:09:52.145+0000] {processor.py:770} WARNING - No viable dags retrieved from /opt/airflow/dags/hadoop-2.7.3/share/hadoop/common/lib/activation-1.1.jar
[2022-10-22T00:09:52.193+0000] {processor.py:178} INFO - Processing /opt/airflow/dags/hadoop-2.7.3/share/hadoop/common/lib/activation-1.1.jar took 0.071 seconds
[2022-10-22T00:11:19.480+0000] {processor.py:156} INFO - Started process (PID=21424) to work on /opt/airflow/dags/hadoop-2.7.3/share/hadoop/common/lib/activation-1.1.jar
[2022-10-22T00:11:19.482+0000] {processor.py:758} INFO - Processing file /opt/airflow/dags/hadoop-2.7.3/share/hadoop/common/lib/activation-1.1.jar for tasks to queue
[2022-10-22T00:11:19.483+0000] {logging_mixin.py:117} INFO - [2022-10-22T00:11:19.483+0000] {dagbag.py:525} INFO - Filling up the DagBag from /opt/airflow/dags/hadoop-2.7.3/share/hadoop/common/lib/activation-1.1.jar
[2022-10-22T00:11:19.490+0000] {processor.py:770} WARNING - No viable dags retrieved from /opt/airflow/dags/hadoop-2.7.3/share/hadoop/common/lib/activation-1.1.jar
[2022-10-22T00:11:19.523+0000] {processor.py:178} INFO - Processing /opt/airflow/dags/hadoop-2.7.3/share/hadoop/common/lib/activation-1.1.jar took 0.048 seconds
[2022-10-22T00:11:24.365+0000] {processor.py:156} INFO - Started process (PID=23981) to work on /opt/airflow/dags/hadoop-2.7.3/share/hadoop/common/lib/activation-1.1.jar
[2022-10-22T00:11:24.368+0000] {processor.py:758} INFO - Processing file /opt/airflow/dags/hadoop-2.7.3/share/hadoop/common/lib/activation-1.1.jar for tasks to queue
[2022-10-22T00:11:24.372+0000] {logging_mixin.py:117} INFO - [2022-10-22T00:11:24.372+0000] {dagbag.py:525} INFO - Filling up the DagBag from /opt/airflow/dags/hadoop-2.7.3/share/hadoop/common/lib/activation-1.1.jar
[2022-10-22T00:11:24.379+0000] {processor.py:770} WARNING - No viable dags retrieved from /opt/airflow/dags/hadoop-2.7.3/share/hadoop/common/lib/activation-1.1.jar
[2022-10-22T00:11:24.410+0000] {processor.py:178} INFO - Processing /opt/airflow/dags/hadoop-2.7.3/share/hadoop/common/lib/activation-1.1.jar took 0.054 seconds
[2022-10-22T00:11:55.650+0000] {processor.py:156} INFO - Started process (PID=21933) to work on /opt/airflow/dags/hadoop-2.7.3/share/hadoop/common/lib/activation-1.1.jar
[2022-10-22T00:11:55.658+0000] {processor.py:758} INFO - Processing file /opt/airflow/dags/hadoop-2.7.3/share/hadoop/common/lib/activation-1.1.jar for tasks to queue
[2022-10-22T00:11:55.659+0000] {logging_mixin.py:117} INFO - [2022-10-22T00:11:55.659+0000] {dagbag.py:525} INFO - Filling up the DagBag from /opt/airflow/dags/hadoop-2.7.3/share/hadoop/common/lib/activation-1.1.jar
[2022-10-22T00:11:55.665+0000] {processor.py:770} WARNING - No viable dags retrieved from /opt/airflow/dags/hadoop-2.7.3/share/hadoop/common/lib/activation-1.1.jar
[2022-10-22T00:11:55.714+0000] {processor.py:178} INFO - Processing /opt/airflow/dags/hadoop-2.7.3/share/hadoop/common/lib/activation-1.1.jar took 0.070 seconds
[2022-10-22T00:11:57.773+0000] {processor.py:156} INFO - Started process (PID=24455) to work on /opt/airflow/dags/hadoop-2.7.3/share/hadoop/common/lib/activation-1.1.jar
[2022-10-22T00:11:57.776+0000] {processor.py:758} INFO - Processing file /opt/airflow/dags/hadoop-2.7.3/share/hadoop/common/lib/activation-1.1.jar for tasks to queue
[2022-10-22T00:11:57.778+0000] {logging_mixin.py:117} INFO - [2022-10-22T00:11:57.777+0000] {dagbag.py:525} INFO - Filling up the DagBag from /opt/airflow/dags/hadoop-2.7.3/share/hadoop/common/lib/activation-1.1.jar
[2022-10-22T00:11:57.784+0000] {processor.py:770} WARNING - No viable dags retrieved from /opt/airflow/dags/hadoop-2.7.3/share/hadoop/common/lib/activation-1.1.jar
[2022-10-22T00:11:57.819+0000] {processor.py:178} INFO - Processing /opt/airflow/dags/hadoop-2.7.3/share/hadoop/common/lib/activation-1.1.jar took 0.051 seconds
[2022-10-22T00:12:45.301+0000] {processor.py:156} INFO - Started process (PID=24809) to work on /opt/airflow/dags/hadoop-2.7.3/share/hadoop/common/lib/activation-1.1.jar
[2022-10-22T00:12:45.311+0000] {processor.py:758} INFO - Processing file /opt/airflow/dags/hadoop-2.7.3/share/hadoop/common/lib/activation-1.1.jar for tasks to queue
[2022-10-22T00:12:45.317+0000] {logging_mixin.py:117} INFO - [2022-10-22T00:12:45.317+0000] {dagbag.py:525} INFO - Filling up the DagBag from /opt/airflow/dags/hadoop-2.7.3/share/hadoop/common/lib/activation-1.1.jar
[2022-10-22T00:12:45.350+0000] {processor.py:770} WARNING - No viable dags retrieved from /opt/airflow/dags/hadoop-2.7.3/share/hadoop/common/lib/activation-1.1.jar
[2022-10-22T00:12:45.511+0000] {processor.py:178} INFO - Processing /opt/airflow/dags/hadoop-2.7.3/share/hadoop/common/lib/activation-1.1.jar took 0.253 seconds
[2022-10-22T00:15:02.801+0000] {processor.py:156} INFO - Started process (PID=22404) to work on /opt/airflow/dags/hadoop-2.7.3/share/hadoop/common/lib/activation-1.1.jar
[2022-10-22T00:15:02.803+0000] {processor.py:758} INFO - Processing file /opt/airflow/dags/hadoop-2.7.3/share/hadoop/common/lib/activation-1.1.jar for tasks to queue
[2022-10-22T00:15:02.809+0000] {logging_mixin.py:117} INFO - [2022-10-22T00:15:02.808+0000] {dagbag.py:525} INFO - Filling up the DagBag from /opt/airflow/dags/hadoop-2.7.3/share/hadoop/common/lib/activation-1.1.jar
[2022-10-22T00:15:02.817+0000] {processor.py:770} WARNING - No viable dags retrieved from /opt/airflow/dags/hadoop-2.7.3/share/hadoop/common/lib/activation-1.1.jar
[2022-10-22T00:15:02.848+0000] {processor.py:178} INFO - Processing /opt/airflow/dags/hadoop-2.7.3/share/hadoop/common/lib/activation-1.1.jar took 0.058 seconds
[2022-10-22T00:15:13.754+0000] {processor.py:156} INFO - Started process (PID=24964) to work on /opt/airflow/dags/hadoop-2.7.3/share/hadoop/common/lib/activation-1.1.jar
[2022-10-22T00:15:13.760+0000] {processor.py:758} INFO - Processing file /opt/airflow/dags/hadoop-2.7.3/share/hadoop/common/lib/activation-1.1.jar for tasks to queue
[2022-10-22T00:15:13.764+0000] {logging_mixin.py:117} INFO - [2022-10-22T00:15:13.761+0000] {dagbag.py:525} INFO - Filling up the DagBag from /opt/airflow/dags/hadoop-2.7.3/share/hadoop/common/lib/activation-1.1.jar
[2022-10-22T00:15:13.781+0000] {processor.py:770} WARNING - No viable dags retrieved from /opt/airflow/dags/hadoop-2.7.3/share/hadoop/common/lib/activation-1.1.jar
[2022-10-22T00:15:13.819+0000] {processor.py:178} INFO - Processing /opt/airflow/dags/hadoop-2.7.3/share/hadoop/common/lib/activation-1.1.jar took 0.072 seconds
[2022-10-22T00:15:50.314+0000] {processor.py:156} INFO - Started process (PID=22919) to work on /opt/airflow/dags/hadoop-2.7.3/share/hadoop/common/lib/activation-1.1.jar
[2022-10-22T00:15:50.318+0000] {processor.py:758} INFO - Processing file /opt/airflow/dags/hadoop-2.7.3/share/hadoop/common/lib/activation-1.1.jar for tasks to queue
[2022-10-22T00:15:50.323+0000] {logging_mixin.py:117} INFO - [2022-10-22T00:15:50.321+0000] {dagbag.py:525} INFO - Filling up the DagBag from /opt/airflow/dags/hadoop-2.7.3/share/hadoop/common/lib/activation-1.1.jar
[2022-10-22T00:15:50.332+0000] {processor.py:770} WARNING - No viable dags retrieved from /opt/airflow/dags/hadoop-2.7.3/share/hadoop/common/lib/activation-1.1.jar
[2022-10-22T00:15:50.378+0000] {processor.py:178} INFO - Processing /opt/airflow/dags/hadoop-2.7.3/share/hadoop/common/lib/activation-1.1.jar took 0.071 seconds
[2022-10-22T00:16:01.435+0000] {processor.py:156} INFO - Started process (PID=25480) to work on /opt/airflow/dags/hadoop-2.7.3/share/hadoop/common/lib/activation-1.1.jar
[2022-10-22T00:16:01.438+0000] {processor.py:758} INFO - Processing file /opt/airflow/dags/hadoop-2.7.3/share/hadoop/common/lib/activation-1.1.jar for tasks to queue
[2022-10-22T00:16:01.442+0000] {logging_mixin.py:117} INFO - [2022-10-22T00:16:01.441+0000] {dagbag.py:525} INFO - Filling up the DagBag from /opt/airflow/dags/hadoop-2.7.3/share/hadoop/common/lib/activation-1.1.jar
[2022-10-22T00:16:01.452+0000] {processor.py:770} WARNING - No viable dags retrieved from /opt/airflow/dags/hadoop-2.7.3/share/hadoop/common/lib/activation-1.1.jar
[2022-10-22T00:16:01.503+0000] {processor.py:178} INFO - Processing /opt/airflow/dags/hadoop-2.7.3/share/hadoop/common/lib/activation-1.1.jar took 0.091 seconds
[2022-10-22T00:16:28.378+0000] {processor.py:156} INFO - Started process (PID=23331) to work on /opt/airflow/dags/hadoop-2.7.3/share/hadoop/common/lib/activation-1.1.jar
[2022-10-22T00:16:28.380+0000] {processor.py:758} INFO - Processing file /opt/airflow/dags/hadoop-2.7.3/share/hadoop/common/lib/activation-1.1.jar for tasks to queue
[2022-10-22T00:16:28.384+0000] {logging_mixin.py:117} INFO - [2022-10-22T00:16:28.383+0000] {dagbag.py:525} INFO - Filling up the DagBag from /opt/airflow/dags/hadoop-2.7.3/share/hadoop/common/lib/activation-1.1.jar
[2022-10-22T00:16:28.390+0000] {processor.py:770} WARNING - No viable dags retrieved from /opt/airflow/dags/hadoop-2.7.3/share/hadoop/common/lib/activation-1.1.jar
[2022-10-22T00:16:28.442+0000] {processor.py:178} INFO - Processing /opt/airflow/dags/hadoop-2.7.3/share/hadoop/common/lib/activation-1.1.jar took 0.071 seconds
[2022-10-22T00:16:47.963+0000] {processor.py:156} INFO - Started process (PID=26003) to work on /opt/airflow/dags/hadoop-2.7.3/share/hadoop/common/lib/activation-1.1.jar
[2022-10-22T00:16:47.970+0000] {processor.py:758} INFO - Processing file /opt/airflow/dags/hadoop-2.7.3/share/hadoop/common/lib/activation-1.1.jar for tasks to queue
[2022-10-22T00:16:47.975+0000] {logging_mixin.py:117} INFO - [2022-10-22T00:16:47.975+0000] {dagbag.py:525} INFO - Filling up the DagBag from /opt/airflow/dags/hadoop-2.7.3/share/hadoop/common/lib/activation-1.1.jar
[2022-10-22T00:16:47.988+0000] {processor.py:770} WARNING - No viable dags retrieved from /opt/airflow/dags/hadoop-2.7.3/share/hadoop/common/lib/activation-1.1.jar
[2022-10-22T00:16:48.036+0000] {processor.py:178} INFO - Processing /opt/airflow/dags/hadoop-2.7.3/share/hadoop/common/lib/activation-1.1.jar took 0.094 seconds
[2022-10-22T00:17:16.577+0000] {processor.py:156} INFO - Started process (PID=23855) to work on /opt/airflow/dags/hadoop-2.7.3/share/hadoop/common/lib/activation-1.1.jar
[2022-10-22T00:17:16.585+0000] {processor.py:758} INFO - Processing file /opt/airflow/dags/hadoop-2.7.3/share/hadoop/common/lib/activation-1.1.jar for tasks to queue
[2022-10-22T00:17:16.590+0000] {logging_mixin.py:117} INFO - [2022-10-22T00:17:16.590+0000] {dagbag.py:525} INFO - Filling up the DagBag from /opt/airflow/dags/hadoop-2.7.3/share/hadoop/common/lib/activation-1.1.jar
[2022-10-22T00:17:16.602+0000] {processor.py:770} WARNING - No viable dags retrieved from /opt/airflow/dags/hadoop-2.7.3/share/hadoop/common/lib/activation-1.1.jar
[2022-10-22T00:17:16.695+0000] {processor.py:178} INFO - Processing /opt/airflow/dags/hadoop-2.7.3/share/hadoop/common/lib/activation-1.1.jar took 0.129 seconds
[2022-10-22T00:17:24.505+0000] {processor.py:156} INFO - Started process (PID=26387) to work on /opt/airflow/dags/hadoop-2.7.3/share/hadoop/common/lib/activation-1.1.jar
[2022-10-22T00:17:24.512+0000] {processor.py:758} INFO - Processing file /opt/airflow/dags/hadoop-2.7.3/share/hadoop/common/lib/activation-1.1.jar for tasks to queue
[2022-10-22T00:17:24.516+0000] {logging_mixin.py:117} INFO - [2022-10-22T00:17:24.515+0000] {dagbag.py:525} INFO - Filling up the DagBag from /opt/airflow/dags/hadoop-2.7.3/share/hadoop/common/lib/activation-1.1.jar
[2022-10-22T00:17:24.526+0000] {processor.py:770} WARNING - No viable dags retrieved from /opt/airflow/dags/hadoop-2.7.3/share/hadoop/common/lib/activation-1.1.jar
[2022-10-22T00:17:24.573+0000] {processor.py:178} INFO - Processing /opt/airflow/dags/hadoop-2.7.3/share/hadoop/common/lib/activation-1.1.jar took 0.077 seconds
[2022-10-22T00:17:56.842+0000] {processor.py:156} INFO - Started process (PID=24266) to work on /opt/airflow/dags/hadoop-2.7.3/share/hadoop/common/lib/activation-1.1.jar
[2022-10-22T00:17:56.846+0000] {processor.py:758} INFO - Processing file /opt/airflow/dags/hadoop-2.7.3/share/hadoop/common/lib/activation-1.1.jar for tasks to queue
[2022-10-22T00:17:56.849+0000] {logging_mixin.py:117} INFO - [2022-10-22T00:17:56.849+0000] {dagbag.py:525} INFO - Filling up the DagBag from /opt/airflow/dags/hadoop-2.7.3/share/hadoop/common/lib/activation-1.1.jar
[2022-10-22T00:17:56.857+0000] {processor.py:770} WARNING - No viable dags retrieved from /opt/airflow/dags/hadoop-2.7.3/share/hadoop/common/lib/activation-1.1.jar
[2022-10-22T00:17:56.908+0000] {processor.py:178} INFO - Processing /opt/airflow/dags/hadoop-2.7.3/share/hadoop/common/lib/activation-1.1.jar took 0.078 seconds
[2022-10-22T00:18:02.684+0000] {processor.py:156} INFO - Started process (PID=26794) to work on /opt/airflow/dags/hadoop-2.7.3/share/hadoop/common/lib/activation-1.1.jar
[2022-10-22T00:18:02.691+0000] {processor.py:758} INFO - Processing file /opt/airflow/dags/hadoop-2.7.3/share/hadoop/common/lib/activation-1.1.jar for tasks to queue
[2022-10-22T00:18:02.695+0000] {logging_mixin.py:117} INFO - [2022-10-22T00:18:02.694+0000] {dagbag.py:525} INFO - Filling up the DagBag from /opt/airflow/dags/hadoop-2.7.3/share/hadoop/common/lib/activation-1.1.jar
[2022-10-22T00:18:02.703+0000] {processor.py:770} WARNING - No viable dags retrieved from /opt/airflow/dags/hadoop-2.7.3/share/hadoop/common/lib/activation-1.1.jar
[2022-10-22T00:18:02.753+0000] {processor.py:178} INFO - Processing /opt/airflow/dags/hadoop-2.7.3/share/hadoop/common/lib/activation-1.1.jar took 0.095 seconds
[2022-10-22T00:18:36.382+0000] {processor.py:156} INFO - Started process (PID=24674) to work on /opt/airflow/dags/hadoop-2.7.3/share/hadoop/common/lib/activation-1.1.jar
[2022-10-22T00:18:36.388+0000] {processor.py:758} INFO - Processing file /opt/airflow/dags/hadoop-2.7.3/share/hadoop/common/lib/activation-1.1.jar for tasks to queue
[2022-10-22T00:18:36.393+0000] {logging_mixin.py:117} INFO - [2022-10-22T00:18:36.392+0000] {dagbag.py:525} INFO - Filling up the DagBag from /opt/airflow/dags/hadoop-2.7.3/share/hadoop/common/lib/activation-1.1.jar
[2022-10-22T00:18:36.404+0000] {processor.py:770} WARNING - No viable dags retrieved from /opt/airflow/dags/hadoop-2.7.3/share/hadoop/common/lib/activation-1.1.jar
[2022-10-22T00:18:36.479+0000] {processor.py:178} INFO - Processing /opt/airflow/dags/hadoop-2.7.3/share/hadoop/common/lib/activation-1.1.jar took 0.110 seconds
[2022-10-22T00:18:37.382+0000] {processor.py:156} INFO - Started process (PID=27175) to work on /opt/airflow/dags/hadoop-2.7.3/share/hadoop/common/lib/activation-1.1.jar
[2022-10-22T00:18:37.385+0000] {processor.py:758} INFO - Processing file /opt/airflow/dags/hadoop-2.7.3/share/hadoop/common/lib/activation-1.1.jar for tasks to queue
[2022-10-22T00:18:37.389+0000] {logging_mixin.py:117} INFO - [2022-10-22T00:18:37.388+0000] {dagbag.py:525} INFO - Filling up the DagBag from /opt/airflow/dags/hadoop-2.7.3/share/hadoop/common/lib/activation-1.1.jar
[2022-10-22T00:18:37.399+0000] {processor.py:770} WARNING - No viable dags retrieved from /opt/airflow/dags/hadoop-2.7.3/share/hadoop/common/lib/activation-1.1.jar
[2022-10-22T00:18:37.448+0000] {processor.py:178} INFO - Processing /opt/airflow/dags/hadoop-2.7.3/share/hadoop/common/lib/activation-1.1.jar took 0.083 seconds
[2022-10-22T00:19:14.024+0000] {processor.py:156} INFO - Started process (PID=27554) to work on /opt/airflow/dags/hadoop-2.7.3/share/hadoop/common/lib/activation-1.1.jar
[2022-10-22T00:19:14.028+0000] {processor.py:758} INFO - Processing file /opt/airflow/dags/hadoop-2.7.3/share/hadoop/common/lib/activation-1.1.jar for tasks to queue
[2022-10-22T00:19:14.030+0000] {logging_mixin.py:117} INFO - [2022-10-22T00:19:14.030+0000] {dagbag.py:525} INFO - Filling up the DagBag from /opt/airflow/dags/hadoop-2.7.3/share/hadoop/common/lib/activation-1.1.jar
[2022-10-22T00:19:14.037+0000] {processor.py:770} WARNING - No viable dags retrieved from /opt/airflow/dags/hadoop-2.7.3/share/hadoop/common/lib/activation-1.1.jar
[2022-10-22T00:19:14.066+0000] {processor.py:178} INFO - Processing /opt/airflow/dags/hadoop-2.7.3/share/hadoop/common/lib/activation-1.1.jar took 0.049 seconds
[2022-10-22T00:19:15.165+0000] {processor.py:156} INFO - Started process (PID=25077) to work on /opt/airflow/dags/hadoop-2.7.3/share/hadoop/common/lib/activation-1.1.jar
[2022-10-22T00:19:15.168+0000] {processor.py:758} INFO - Processing file /opt/airflow/dags/hadoop-2.7.3/share/hadoop/common/lib/activation-1.1.jar for tasks to queue
[2022-10-22T00:19:15.171+0000] {logging_mixin.py:117} INFO - [2022-10-22T00:19:15.171+0000] {dagbag.py:525} INFO - Filling up the DagBag from /opt/airflow/dags/hadoop-2.7.3/share/hadoop/common/lib/activation-1.1.jar
[2022-10-22T00:19:15.183+0000] {processor.py:770} WARNING - No viable dags retrieved from /opt/airflow/dags/hadoop-2.7.3/share/hadoop/common/lib/activation-1.1.jar
[2022-10-22T00:19:15.244+0000] {processor.py:178} INFO - Processing /opt/airflow/dags/hadoop-2.7.3/share/hadoop/common/lib/activation-1.1.jar took 0.086 seconds
[2022-10-22T00:20:15.057+0000] {processor.py:156} INFO - Started process (PID=25317) to work on /opt/airflow/dags/hadoop-2.7.3/share/hadoop/common/lib/activation-1.1.jar
[2022-10-22T00:20:15.064+0000] {processor.py:758} INFO - Processing file /opt/airflow/dags/hadoop-2.7.3/share/hadoop/common/lib/activation-1.1.jar for tasks to queue
[2022-10-22T00:20:15.071+0000] {logging_mixin.py:117} INFO - [2022-10-22T00:20:15.071+0000] {dagbag.py:525} INFO - Filling up the DagBag from /opt/airflow/dags/hadoop-2.7.3/share/hadoop/common/lib/activation-1.1.jar
[2022-10-22T00:20:15.081+0000] {processor.py:770} WARNING - No viable dags retrieved from /opt/airflow/dags/hadoop-2.7.3/share/hadoop/common/lib/activation-1.1.jar
[2022-10-22T00:20:15.132+0000] {processor.py:178} INFO - Processing /opt/airflow/dags/hadoop-2.7.3/share/hadoop/common/lib/activation-1.1.jar took 0.084 seconds
[2022-10-22T00:20:32.761+0000] {processor.py:156} INFO - Started process (PID=28003) to work on /opt/airflow/dags/hadoop-2.7.3/share/hadoop/common/lib/activation-1.1.jar
[2022-10-22T00:20:32.766+0000] {processor.py:758} INFO - Processing file /opt/airflow/dags/hadoop-2.7.3/share/hadoop/common/lib/activation-1.1.jar for tasks to queue
[2022-10-22T00:20:32.775+0000] {logging_mixin.py:117} INFO - [2022-10-22T00:20:32.773+0000] {dagbag.py:525} INFO - Filling up the DagBag from /opt/airflow/dags/hadoop-2.7.3/share/hadoop/common/lib/activation-1.1.jar
[2022-10-22T00:20:32.795+0000] {processor.py:770} WARNING - No viable dags retrieved from /opt/airflow/dags/hadoop-2.7.3/share/hadoop/common/lib/activation-1.1.jar
[2022-10-22T00:20:32.889+0000] {processor.py:178} INFO - Processing /opt/airflow/dags/hadoop-2.7.3/share/hadoop/common/lib/activation-1.1.jar took 0.142 seconds
[2022-10-22T00:20:57.035+0000] {processor.py:156} INFO - Started process (PID=25717) to work on /opt/airflow/dags/hadoop-2.7.3/share/hadoop/common/lib/activation-1.1.jar
[2022-10-22T00:20:57.038+0000] {processor.py:758} INFO - Processing file /opt/airflow/dags/hadoop-2.7.3/share/hadoop/common/lib/activation-1.1.jar for tasks to queue
[2022-10-22T00:20:57.040+0000] {logging_mixin.py:117} INFO - [2022-10-22T00:20:57.039+0000] {dagbag.py:525} INFO - Filling up the DagBag from /opt/airflow/dags/hadoop-2.7.3/share/hadoop/common/lib/activation-1.1.jar
[2022-10-22T00:20:57.049+0000] {processor.py:770} WARNING - No viable dags retrieved from /opt/airflow/dags/hadoop-2.7.3/share/hadoop/common/lib/activation-1.1.jar
[2022-10-22T00:20:57.083+0000] {processor.py:178} INFO - Processing /opt/airflow/dags/hadoop-2.7.3/share/hadoop/common/lib/activation-1.1.jar took 0.055 seconds
[2022-10-22T00:21:09.753+0000] {processor.py:156} INFO - Started process (PID=28382) to work on /opt/airflow/dags/hadoop-2.7.3/share/hadoop/common/lib/activation-1.1.jar
[2022-10-22T00:21:09.770+0000] {processor.py:758} INFO - Processing file /opt/airflow/dags/hadoop-2.7.3/share/hadoop/common/lib/activation-1.1.jar for tasks to queue
[2022-10-22T00:21:09.774+0000] {logging_mixin.py:117} INFO - [2022-10-22T00:21:09.773+0000] {dagbag.py:525} INFO - Filling up the DagBag from /opt/airflow/dags/hadoop-2.7.3/share/hadoop/common/lib/activation-1.1.jar
[2022-10-22T00:21:09.791+0000] {processor.py:770} WARNING - No viable dags retrieved from /opt/airflow/dags/hadoop-2.7.3/share/hadoop/common/lib/activation-1.1.jar
[2022-10-22T00:21:09.832+0000] {processor.py:178} INFO - Processing /opt/airflow/dags/hadoop-2.7.3/share/hadoop/common/lib/activation-1.1.jar took 0.097 seconds
[2022-10-22T00:21:43.922+0000] {processor.py:156} INFO - Started process (PID=26168) to work on /opt/airflow/dags/hadoop-2.7.3/share/hadoop/common/lib/activation-1.1.jar
[2022-10-22T00:21:43.925+0000] {processor.py:758} INFO - Processing file /opt/airflow/dags/hadoop-2.7.3/share/hadoop/common/lib/activation-1.1.jar for tasks to queue
[2022-10-22T00:21:43.928+0000] {logging_mixin.py:117} INFO - [2022-10-22T00:21:43.927+0000] {dagbag.py:525} INFO - Filling up the DagBag from /opt/airflow/dags/hadoop-2.7.3/share/hadoop/common/lib/activation-1.1.jar
[2022-10-22T00:21:43.940+0000] {processor.py:770} WARNING - No viable dags retrieved from /opt/airflow/dags/hadoop-2.7.3/share/hadoop/common/lib/activation-1.1.jar
[2022-10-22T00:21:44.012+0000] {processor.py:178} INFO - Processing /opt/airflow/dags/hadoop-2.7.3/share/hadoop/common/lib/activation-1.1.jar took 0.104 seconds
[2022-10-22T00:21:55.118+0000] {processor.py:156} INFO - Started process (PID=28801) to work on /opt/airflow/dags/hadoop-2.7.3/share/hadoop/common/lib/activation-1.1.jar
[2022-10-22T00:21:55.120+0000] {processor.py:758} INFO - Processing file /opt/airflow/dags/hadoop-2.7.3/share/hadoop/common/lib/activation-1.1.jar for tasks to queue
[2022-10-22T00:21:55.122+0000] {logging_mixin.py:117} INFO - [2022-10-22T00:21:55.121+0000] {dagbag.py:525} INFO - Filling up the DagBag from /opt/airflow/dags/hadoop-2.7.3/share/hadoop/common/lib/activation-1.1.jar
[2022-10-22T00:21:55.132+0000] {processor.py:770} WARNING - No viable dags retrieved from /opt/airflow/dags/hadoop-2.7.3/share/hadoop/common/lib/activation-1.1.jar
[2022-10-22T00:21:55.209+0000] {processor.py:178} INFO - Processing /opt/airflow/dags/hadoop-2.7.3/share/hadoop/common/lib/activation-1.1.jar took 0.098 seconds
[2022-10-22T00:22:35.403+0000] {processor.py:156} INFO - Started process (PID=26640) to work on /opt/airflow/dags/hadoop-2.7.3/share/hadoop/common/lib/activation-1.1.jar
[2022-10-22T00:22:35.413+0000] {processor.py:758} INFO - Processing file /opt/airflow/dags/hadoop-2.7.3/share/hadoop/common/lib/activation-1.1.jar for tasks to queue
[2022-10-22T00:22:35.417+0000] {logging_mixin.py:117} INFO - [2022-10-22T00:22:35.417+0000] {dagbag.py:525} INFO - Filling up the DagBag from /opt/airflow/dags/hadoop-2.7.3/share/hadoop/common/lib/activation-1.1.jar
[2022-10-22T00:22:35.428+0000] {processor.py:770} WARNING - No viable dags retrieved from /opt/airflow/dags/hadoop-2.7.3/share/hadoop/common/lib/activation-1.1.jar
[2022-10-22T00:22:35.485+0000] {processor.py:178} INFO - Processing /opt/airflow/dags/hadoop-2.7.3/share/hadoop/common/lib/activation-1.1.jar took 0.102 seconds
[2022-10-22T00:22:43.577+0000] {processor.py:156} INFO - Started process (PID=29275) to work on /opt/airflow/dags/hadoop-2.7.3/share/hadoop/common/lib/activation-1.1.jar
[2022-10-22T00:22:43.584+0000] {processor.py:758} INFO - Processing file /opt/airflow/dags/hadoop-2.7.3/share/hadoop/common/lib/activation-1.1.jar for tasks to queue
[2022-10-22T00:22:43.587+0000] {logging_mixin.py:117} INFO - [2022-10-22T00:22:43.586+0000] {dagbag.py:525} INFO - Filling up the DagBag from /opt/airflow/dags/hadoop-2.7.3/share/hadoop/common/lib/activation-1.1.jar
[2022-10-22T00:22:43.598+0000] {processor.py:770} WARNING - No viable dags retrieved from /opt/airflow/dags/hadoop-2.7.3/share/hadoop/common/lib/activation-1.1.jar
[2022-10-22T00:22:43.646+0000] {processor.py:178} INFO - Processing /opt/airflow/dags/hadoop-2.7.3/share/hadoop/common/lib/activation-1.1.jar took 0.093 seconds
[2022-10-22T00:23:24.648+0000] {processor.py:156} INFO - Started process (PID=27132) to work on /opt/airflow/dags/hadoop-2.7.3/share/hadoop/common/lib/activation-1.1.jar
[2022-10-22T00:23:24.650+0000] {processor.py:758} INFO - Processing file /opt/airflow/dags/hadoop-2.7.3/share/hadoop/common/lib/activation-1.1.jar for tasks to queue
[2022-10-22T00:23:24.652+0000] {logging_mixin.py:117} INFO - [2022-10-22T00:23:24.652+0000] {dagbag.py:525} INFO - Filling up the DagBag from /opt/airflow/dags/hadoop-2.7.3/share/hadoop/common/lib/activation-1.1.jar
[2022-10-22T00:23:24.658+0000] {processor.py:770} WARNING - No viable dags retrieved from /opt/airflow/dags/hadoop-2.7.3/share/hadoop/common/lib/activation-1.1.jar
[2022-10-22T00:23:24.691+0000] {processor.py:178} INFO - Processing /opt/airflow/dags/hadoop-2.7.3/share/hadoop/common/lib/activation-1.1.jar took 0.050 seconds
[2022-10-22T00:23:30.411+0000] {processor.py:156} INFO - Started process (PID=29772) to work on /opt/airflow/dags/hadoop-2.7.3/share/hadoop/common/lib/activation-1.1.jar
[2022-10-22T00:23:30.414+0000] {processor.py:758} INFO - Processing file /opt/airflow/dags/hadoop-2.7.3/share/hadoop/common/lib/activation-1.1.jar for tasks to queue
[2022-10-22T00:23:30.418+0000] {logging_mixin.py:117} INFO - [2022-10-22T00:23:30.417+0000] {dagbag.py:525} INFO - Filling up the DagBag from /opt/airflow/dags/hadoop-2.7.3/share/hadoop/common/lib/activation-1.1.jar
[2022-10-22T00:23:30.425+0000] {processor.py:770} WARNING - No viable dags retrieved from /opt/airflow/dags/hadoop-2.7.3/share/hadoop/common/lib/activation-1.1.jar
[2022-10-22T00:23:30.457+0000] {processor.py:178} INFO - Processing /opt/airflow/dags/hadoop-2.7.3/share/hadoop/common/lib/activation-1.1.jar took 0.055 seconds
[2022-10-22T00:23:58.676+0000] {processor.py:156} INFO - Started process (PID=27460) to work on /opt/airflow/dags/hadoop-2.7.3/share/hadoop/common/lib/activation-1.1.jar
[2022-10-22T00:23:58.678+0000] {processor.py:758} INFO - Processing file /opt/airflow/dags/hadoop-2.7.3/share/hadoop/common/lib/activation-1.1.jar for tasks to queue
[2022-10-22T00:23:58.681+0000] {logging_mixin.py:117} INFO - [2022-10-22T00:23:58.680+0000] {dagbag.py:525} INFO - Filling up the DagBag from /opt/airflow/dags/hadoop-2.7.3/share/hadoop/common/lib/activation-1.1.jar
[2022-10-22T00:23:58.686+0000] {processor.py:770} WARNING - No viable dags retrieved from /opt/airflow/dags/hadoop-2.7.3/share/hadoop/common/lib/activation-1.1.jar
[2022-10-22T00:23:58.729+0000] {processor.py:178} INFO - Processing /opt/airflow/dags/hadoop-2.7.3/share/hadoop/common/lib/activation-1.1.jar took 0.061 seconds
