[2022-10-22T00:00:01.514+0000] {processor.py:156} INFO - Started process (PID=18846) to work on /opt/airflow/dags/hadoop-2.7.3/share/hadoop/common/lib/commons-io-2.4.jar
[2022-10-22T00:00:01.520+0000] {processor.py:758} INFO - Processing file /opt/airflow/dags/hadoop-2.7.3/share/hadoop/common/lib/commons-io-2.4.jar for tasks to queue
[2022-10-22T00:00:01.523+0000] {logging_mixin.py:117} INFO - [2022-10-22T00:00:01.523+0000] {dagbag.py:525} INFO - Filling up the DagBag from /opt/airflow/dags/hadoop-2.7.3/share/hadoop/common/lib/commons-io-2.4.jar
[2022-10-22T00:00:01.567+0000] {processor.py:770} WARNING - No viable dags retrieved from /opt/airflow/dags/hadoop-2.7.3/share/hadoop/common/lib/commons-io-2.4.jar
[2022-10-22T00:00:01.637+0000] {processor.py:178} INFO - Processing /opt/airflow/dags/hadoop-2.7.3/share/hadoop/common/lib/commons-io-2.4.jar took 0.149 seconds
[2022-10-22T00:00:30.089+0000] {processor.py:156} INFO - Started process (PID=16882) to work on /opt/airflow/dags/hadoop-2.7.3/share/hadoop/common/lib/commons-io-2.4.jar
[2022-10-22T00:00:30.097+0000] {processor.py:758} INFO - Processing file /opt/airflow/dags/hadoop-2.7.3/share/hadoop/common/lib/commons-io-2.4.jar for tasks to queue
[2022-10-22T00:00:30.100+0000] {logging_mixin.py:117} INFO - [2022-10-22T00:00:30.100+0000] {dagbag.py:525} INFO - Filling up the DagBag from /opt/airflow/dags/hadoop-2.7.3/share/hadoop/common/lib/commons-io-2.4.jar
[2022-10-22T00:00:30.114+0000] {processor.py:770} WARNING - No viable dags retrieved from /opt/airflow/dags/hadoop-2.7.3/share/hadoop/common/lib/commons-io-2.4.jar
[2022-10-22T00:00:30.167+0000] {processor.py:178} INFO - Processing /opt/airflow/dags/hadoop-2.7.3/share/hadoop/common/lib/commons-io-2.4.jar took 0.098 seconds
[2022-10-22T00:01:15.575+0000] {processor.py:156} INFO - Started process (PID=17205) to work on /opt/airflow/dags/hadoop-2.7.3/share/hadoop/common/lib/commons-io-2.4.jar
[2022-10-22T00:01:15.589+0000] {processor.py:758} INFO - Processing file /opt/airflow/dags/hadoop-2.7.3/share/hadoop/common/lib/commons-io-2.4.jar for tasks to queue
[2022-10-22T00:01:15.608+0000] {logging_mixin.py:117} INFO - [2022-10-22T00:01:15.601+0000] {dagbag.py:525} INFO - Filling up the DagBag from /opt/airflow/dags/hadoop-2.7.3/share/hadoop/common/lib/commons-io-2.4.jar
[2022-10-22T00:01:15.660+0000] {processor.py:770} WARNING - No viable dags retrieved from /opt/airflow/dags/hadoop-2.7.3/share/hadoop/common/lib/commons-io-2.4.jar
[2022-10-22T00:01:15.739+0000] {processor.py:178} INFO - Processing /opt/airflow/dags/hadoop-2.7.3/share/hadoop/common/lib/commons-io-2.4.jar took 0.237 seconds
[2022-10-22T00:01:19.513+0000] {processor.py:156} INFO - Started process (PID=19416) to work on /opt/airflow/dags/hadoop-2.7.3/share/hadoop/common/lib/commons-io-2.4.jar
[2022-10-22T00:01:19.534+0000] {processor.py:758} INFO - Processing file /opt/airflow/dags/hadoop-2.7.3/share/hadoop/common/lib/commons-io-2.4.jar for tasks to queue
[2022-10-22T00:01:19.543+0000] {logging_mixin.py:117} INFO - [2022-10-22T00:01:19.543+0000] {dagbag.py:525} INFO - Filling up the DagBag from /opt/airflow/dags/hadoop-2.7.3/share/hadoop/common/lib/commons-io-2.4.jar
[2022-10-22T00:01:19.558+0000] {processor.py:770} WARNING - No viable dags retrieved from /opt/airflow/dags/hadoop-2.7.3/share/hadoop/common/lib/commons-io-2.4.jar
[2022-10-22T00:01:19.705+0000] {processor.py:178} INFO - Processing /opt/airflow/dags/hadoop-2.7.3/share/hadoop/common/lib/commons-io-2.4.jar took 0.208 seconds
[2022-10-22T00:01:57.296+0000] {processor.py:156} INFO - Started process (PID=17506) to work on /opt/airflow/dags/hadoop-2.7.3/share/hadoop/common/lib/commons-io-2.4.jar
[2022-10-22T00:01:57.309+0000] {processor.py:758} INFO - Processing file /opt/airflow/dags/hadoop-2.7.3/share/hadoop/common/lib/commons-io-2.4.jar for tasks to queue
[2022-10-22T00:01:57.313+0000] {logging_mixin.py:117} INFO - [2022-10-22T00:01:57.312+0000] {dagbag.py:525} INFO - Filling up the DagBag from /opt/airflow/dags/hadoop-2.7.3/share/hadoop/common/lib/commons-io-2.4.jar
[2022-10-22T00:01:57.333+0000] {processor.py:770} WARNING - No viable dags retrieved from /opt/airflow/dags/hadoop-2.7.3/share/hadoop/common/lib/commons-io-2.4.jar
[2022-10-22T00:01:57.418+0000] {processor.py:178} INFO - Processing /opt/airflow/dags/hadoop-2.7.3/share/hadoop/common/lib/commons-io-2.4.jar took 0.165 seconds
[2022-10-22T00:02:14.403+0000] {processor.py:156} INFO - Started process (PID=19978) to work on /opt/airflow/dags/hadoop-2.7.3/share/hadoop/common/lib/commons-io-2.4.jar
[2022-10-22T00:02:14.408+0000] {processor.py:758} INFO - Processing file /opt/airflow/dags/hadoop-2.7.3/share/hadoop/common/lib/commons-io-2.4.jar for tasks to queue
[2022-10-22T00:02:14.411+0000] {logging_mixin.py:117} INFO - [2022-10-22T00:02:14.411+0000] {dagbag.py:525} INFO - Filling up the DagBag from /opt/airflow/dags/hadoop-2.7.3/share/hadoop/common/lib/commons-io-2.4.jar
[2022-10-22T00:02:14.423+0000] {processor.py:770} WARNING - No viable dags retrieved from /opt/airflow/dags/hadoop-2.7.3/share/hadoop/common/lib/commons-io-2.4.jar
[2022-10-22T00:02:14.494+0000] {processor.py:178} INFO - Processing /opt/airflow/dags/hadoop-2.7.3/share/hadoop/common/lib/commons-io-2.4.jar took 0.133 seconds
[2022-10-22T00:03:36.301+0000] {processor.py:156} INFO - Started process (PID=18083) to work on /opt/airflow/dags/hadoop-2.7.3/share/hadoop/common/lib/commons-io-2.4.jar
[2022-10-22T00:03:36.309+0000] {processor.py:758} INFO - Processing file /opt/airflow/dags/hadoop-2.7.3/share/hadoop/common/lib/commons-io-2.4.jar for tasks to queue
[2022-10-22T00:03:36.313+0000] {logging_mixin.py:117} INFO - [2022-10-22T00:03:36.313+0000] {dagbag.py:525} INFO - Filling up the DagBag from /opt/airflow/dags/hadoop-2.7.3/share/hadoop/common/lib/commons-io-2.4.jar
[2022-10-22T00:03:36.335+0000] {processor.py:770} WARNING - No viable dags retrieved from /opt/airflow/dags/hadoop-2.7.3/share/hadoop/common/lib/commons-io-2.4.jar
[2022-10-22T00:03:36.398+0000] {processor.py:178} INFO - Processing /opt/airflow/dags/hadoop-2.7.3/share/hadoop/common/lib/commons-io-2.4.jar took 0.104 seconds
[2022-10-22T00:03:43.508+0000] {processor.py:156} INFO - Started process (PID=20524) to work on /opt/airflow/dags/hadoop-2.7.3/share/hadoop/common/lib/commons-io-2.4.jar
[2022-10-22T00:03:43.512+0000] {processor.py:758} INFO - Processing file /opt/airflow/dags/hadoop-2.7.3/share/hadoop/common/lib/commons-io-2.4.jar for tasks to queue
[2022-10-22T00:03:43.514+0000] {logging_mixin.py:117} INFO - [2022-10-22T00:03:43.513+0000] {dagbag.py:525} INFO - Filling up the DagBag from /opt/airflow/dags/hadoop-2.7.3/share/hadoop/common/lib/commons-io-2.4.jar
[2022-10-22T00:03:43.522+0000] {processor.py:770} WARNING - No viable dags retrieved from /opt/airflow/dags/hadoop-2.7.3/share/hadoop/common/lib/commons-io-2.4.jar
[2022-10-22T00:03:43.572+0000] {processor.py:178} INFO - Processing /opt/airflow/dags/hadoop-2.7.3/share/hadoop/common/lib/commons-io-2.4.jar took 0.079 seconds
[2022-10-22T00:04:17.429+0000] {processor.py:156} INFO - Started process (PID=18441) to work on /opt/airflow/dags/hadoop-2.7.3/share/hadoop/common/lib/commons-io-2.4.jar
[2022-10-22T00:04:17.432+0000] {processor.py:758} INFO - Processing file /opt/airflow/dags/hadoop-2.7.3/share/hadoop/common/lib/commons-io-2.4.jar for tasks to queue
[2022-10-22T00:04:17.443+0000] {logging_mixin.py:117} INFO - [2022-10-22T00:04:17.439+0000] {dagbag.py:525} INFO - Filling up the DagBag from /opt/airflow/dags/hadoop-2.7.3/share/hadoop/common/lib/commons-io-2.4.jar
[2022-10-22T00:04:17.457+0000] {processor.py:770} WARNING - No viable dags retrieved from /opt/airflow/dags/hadoop-2.7.3/share/hadoop/common/lib/commons-io-2.4.jar
[2022-10-22T00:04:17.512+0000] {processor.py:178} INFO - Processing /opt/airflow/dags/hadoop-2.7.3/share/hadoop/common/lib/commons-io-2.4.jar took 0.090 seconds
[2022-10-22T00:04:31.443+0000] {processor.py:156} INFO - Started process (PID=20960) to work on /opt/airflow/dags/hadoop-2.7.3/share/hadoop/common/lib/commons-io-2.4.jar
[2022-10-22T00:04:31.445+0000] {processor.py:758} INFO - Processing file /opt/airflow/dags/hadoop-2.7.3/share/hadoop/common/lib/commons-io-2.4.jar for tasks to queue
[2022-10-22T00:04:31.448+0000] {logging_mixin.py:117} INFO - [2022-10-22T00:04:31.448+0000] {dagbag.py:525} INFO - Filling up the DagBag from /opt/airflow/dags/hadoop-2.7.3/share/hadoop/common/lib/commons-io-2.4.jar
[2022-10-22T00:04:31.458+0000] {processor.py:770} WARNING - No viable dags retrieved from /opt/airflow/dags/hadoop-2.7.3/share/hadoop/common/lib/commons-io-2.4.jar
[2022-10-22T00:04:31.497+0000] {processor.py:178} INFO - Processing /opt/airflow/dags/hadoop-2.7.3/share/hadoop/common/lib/commons-io-2.4.jar took 0.064 seconds
[2022-10-22T00:05:14.651+0000] {processor.py:156} INFO - Started process (PID=18964) to work on /opt/airflow/dags/hadoop-2.7.3/share/hadoop/common/lib/commons-io-2.4.jar
[2022-10-22T00:05:14.654+0000] {processor.py:758} INFO - Processing file /opt/airflow/dags/hadoop-2.7.3/share/hadoop/common/lib/commons-io-2.4.jar for tasks to queue
[2022-10-22T00:05:14.657+0000] {logging_mixin.py:117} INFO - [2022-10-22T00:05:14.657+0000] {dagbag.py:525} INFO - Filling up the DagBag from /opt/airflow/dags/hadoop-2.7.3/share/hadoop/common/lib/commons-io-2.4.jar
[2022-10-22T00:05:14.667+0000] {processor.py:770} WARNING - No viable dags retrieved from /opt/airflow/dags/hadoop-2.7.3/share/hadoop/common/lib/commons-io-2.4.jar
[2022-10-22T00:05:14.719+0000] {processor.py:178} INFO - Processing /opt/airflow/dags/hadoop-2.7.3/share/hadoop/common/lib/commons-io-2.4.jar took 0.074 seconds
[2022-10-22T00:05:22.146+0000] {processor.py:156} INFO - Started process (PID=21458) to work on /opt/airflow/dags/hadoop-2.7.3/share/hadoop/common/lib/commons-io-2.4.jar
[2022-10-22T00:05:22.149+0000] {processor.py:758} INFO - Processing file /opt/airflow/dags/hadoop-2.7.3/share/hadoop/common/lib/commons-io-2.4.jar for tasks to queue
[2022-10-22T00:05:22.151+0000] {logging_mixin.py:117} INFO - [2022-10-22T00:05:22.151+0000] {dagbag.py:525} INFO - Filling up the DagBag from /opt/airflow/dags/hadoop-2.7.3/share/hadoop/common/lib/commons-io-2.4.jar
[2022-10-22T00:05:22.171+0000] {processor.py:770} WARNING - No viable dags retrieved from /opt/airflow/dags/hadoop-2.7.3/share/hadoop/common/lib/commons-io-2.4.jar
[2022-10-22T00:05:22.209+0000] {processor.py:178} INFO - Processing /opt/airflow/dags/hadoop-2.7.3/share/hadoop/common/lib/commons-io-2.4.jar took 0.075 seconds
[2022-10-22T00:06:01.158+0000] {processor.py:156} INFO - Started process (PID=19420) to work on /opt/airflow/dags/hadoop-2.7.3/share/hadoop/common/lib/commons-io-2.4.jar
[2022-10-22T00:06:01.161+0000] {processor.py:758} INFO - Processing file /opt/airflow/dags/hadoop-2.7.3/share/hadoop/common/lib/commons-io-2.4.jar for tasks to queue
[2022-10-22T00:06:01.166+0000] {logging_mixin.py:117} INFO - [2022-10-22T00:06:01.166+0000] {dagbag.py:525} INFO - Filling up the DagBag from /opt/airflow/dags/hadoop-2.7.3/share/hadoop/common/lib/commons-io-2.4.jar
[2022-10-22T00:06:01.183+0000] {processor.py:770} WARNING - No viable dags retrieved from /opt/airflow/dags/hadoop-2.7.3/share/hadoop/common/lib/commons-io-2.4.jar
[2022-10-22T00:06:01.247+0000] {processor.py:178} INFO - Processing /opt/airflow/dags/hadoop-2.7.3/share/hadoop/common/lib/commons-io-2.4.jar took 0.115 seconds
[2022-10-22T00:06:05.661+0000] {processor.py:156} INFO - Started process (PID=21894) to work on /opt/airflow/dags/hadoop-2.7.3/share/hadoop/common/lib/commons-io-2.4.jar
[2022-10-22T00:06:05.664+0000] {processor.py:758} INFO - Processing file /opt/airflow/dags/hadoop-2.7.3/share/hadoop/common/lib/commons-io-2.4.jar for tasks to queue
[2022-10-22T00:06:05.666+0000] {logging_mixin.py:117} INFO - [2022-10-22T00:06:05.666+0000] {dagbag.py:525} INFO - Filling up the DagBag from /opt/airflow/dags/hadoop-2.7.3/share/hadoop/common/lib/commons-io-2.4.jar
[2022-10-22T00:06:05.694+0000] {processor.py:770} WARNING - No viable dags retrieved from /opt/airflow/dags/hadoop-2.7.3/share/hadoop/common/lib/commons-io-2.4.jar
[2022-10-22T00:06:05.800+0000] {processor.py:178} INFO - Processing /opt/airflow/dags/hadoop-2.7.3/share/hadoop/common/lib/commons-io-2.4.jar took 0.151 seconds
[2022-10-22T00:06:49.748+0000] {processor.py:156} INFO - Started process (PID=19880) to work on /opt/airflow/dags/hadoop-2.7.3/share/hadoop/common/lib/commons-io-2.4.jar
[2022-10-22T00:06:49.752+0000] {processor.py:758} INFO - Processing file /opt/airflow/dags/hadoop-2.7.3/share/hadoop/common/lib/commons-io-2.4.jar for tasks to queue
[2022-10-22T00:06:49.754+0000] {logging_mixin.py:117} INFO - [2022-10-22T00:06:49.754+0000] {dagbag.py:525} INFO - Filling up the DagBag from /opt/airflow/dags/hadoop-2.7.3/share/hadoop/common/lib/commons-io-2.4.jar
[2022-10-22T00:06:49.763+0000] {processor.py:770} WARNING - No viable dags retrieved from /opt/airflow/dags/hadoop-2.7.3/share/hadoop/common/lib/commons-io-2.4.jar
[2022-10-22T00:06:49.798+0000] {processor.py:178} INFO - Processing /opt/airflow/dags/hadoop-2.7.3/share/hadoop/common/lib/commons-io-2.4.jar took 0.057 seconds
[2022-10-22T00:06:51.671+0000] {processor.py:156} INFO - Started process (PID=22352) to work on /opt/airflow/dags/hadoop-2.7.3/share/hadoop/common/lib/commons-io-2.4.jar
[2022-10-22T00:06:51.674+0000] {processor.py:758} INFO - Processing file /opt/airflow/dags/hadoop-2.7.3/share/hadoop/common/lib/commons-io-2.4.jar for tasks to queue
[2022-10-22T00:06:51.676+0000] {logging_mixin.py:117} INFO - [2022-10-22T00:06:51.675+0000] {dagbag.py:525} INFO - Filling up the DagBag from /opt/airflow/dags/hadoop-2.7.3/share/hadoop/common/lib/commons-io-2.4.jar
[2022-10-22T00:06:51.684+0000] {processor.py:770} WARNING - No viable dags retrieved from /opt/airflow/dags/hadoop-2.7.3/share/hadoop/common/lib/commons-io-2.4.jar
[2022-10-22T00:06:51.751+0000] {processor.py:178} INFO - Processing /opt/airflow/dags/hadoop-2.7.3/share/hadoop/common/lib/commons-io-2.4.jar took 0.109 seconds
[2022-10-22T00:07:33.227+0000] {processor.py:156} INFO - Started process (PID=22781) to work on /opt/airflow/dags/hadoop-2.7.3/share/hadoop/common/lib/commons-io-2.4.jar
[2022-10-22T00:07:33.238+0000] {processor.py:758} INFO - Processing file /opt/airflow/dags/hadoop-2.7.3/share/hadoop/common/lib/commons-io-2.4.jar for tasks to queue
[2022-10-22T00:07:33.242+0000] {logging_mixin.py:117} INFO - [2022-10-22T00:07:33.241+0000] {dagbag.py:525} INFO - Filling up the DagBag from /opt/airflow/dags/hadoop-2.7.3/share/hadoop/common/lib/commons-io-2.4.jar
[2022-10-22T00:07:33.258+0000] {processor.py:770} WARNING - No viable dags retrieved from /opt/airflow/dags/hadoop-2.7.3/share/hadoop/common/lib/commons-io-2.4.jar
[2022-10-22T00:07:33.304+0000] {processor.py:178} INFO - Processing /opt/airflow/dags/hadoop-2.7.3/share/hadoop/common/lib/commons-io-2.4.jar took 0.089 seconds
[2022-10-22T00:07:33.927+0000] {processor.py:156} INFO - Started process (PID=20323) to work on /opt/airflow/dags/hadoop-2.7.3/share/hadoop/common/lib/commons-io-2.4.jar
[2022-10-22T00:07:33.930+0000] {processor.py:758} INFO - Processing file /opt/airflow/dags/hadoop-2.7.3/share/hadoop/common/lib/commons-io-2.4.jar for tasks to queue
[2022-10-22T00:07:33.933+0000] {logging_mixin.py:117} INFO - [2022-10-22T00:07:33.932+0000] {dagbag.py:525} INFO - Filling up the DagBag from /opt/airflow/dags/hadoop-2.7.3/share/hadoop/common/lib/commons-io-2.4.jar
[2022-10-22T00:07:33.951+0000] {processor.py:770} WARNING - No viable dags retrieved from /opt/airflow/dags/hadoop-2.7.3/share/hadoop/common/lib/commons-io-2.4.jar
[2022-10-22T00:07:33.991+0000] {processor.py:178} INFO - Processing /opt/airflow/dags/hadoop-2.7.3/share/hadoop/common/lib/commons-io-2.4.jar took 0.091 seconds
[2022-10-22T00:08:38.042+0000] {processor.py:156} INFO - Started process (PID=20557) to work on /opt/airflow/dags/hadoop-2.7.3/share/hadoop/common/lib/commons-io-2.4.jar
[2022-10-22T00:08:38.045+0000] {processor.py:758} INFO - Processing file /opt/airflow/dags/hadoop-2.7.3/share/hadoop/common/lib/commons-io-2.4.jar for tasks to queue
[2022-10-22T00:08:38.048+0000] {logging_mixin.py:117} INFO - [2022-10-22T00:08:38.048+0000] {dagbag.py:525} INFO - Filling up the DagBag from /opt/airflow/dags/hadoop-2.7.3/share/hadoop/common/lib/commons-io-2.4.jar
[2022-10-22T00:08:38.067+0000] {processor.py:770} WARNING - No viable dags retrieved from /opt/airflow/dags/hadoop-2.7.3/share/hadoop/common/lib/commons-io-2.4.jar
[2022-10-22T00:08:38.160+0000] {processor.py:178} INFO - Processing /opt/airflow/dags/hadoop-2.7.3/share/hadoop/common/lib/commons-io-2.4.jar took 0.134 seconds
[2022-10-22T00:09:02.129+0000] {processor.py:156} INFO - Started process (PID=23260) to work on /opt/airflow/dags/hadoop-2.7.3/share/hadoop/common/lib/commons-io-2.4.jar
[2022-10-22T00:09:02.134+0000] {processor.py:758} INFO - Processing file /opt/airflow/dags/hadoop-2.7.3/share/hadoop/common/lib/commons-io-2.4.jar for tasks to queue
[2022-10-22T00:09:02.136+0000] {logging_mixin.py:117} INFO - [2022-10-22T00:09:02.136+0000] {dagbag.py:525} INFO - Filling up the DagBag from /opt/airflow/dags/hadoop-2.7.3/share/hadoop/common/lib/commons-io-2.4.jar
[2022-10-22T00:09:02.152+0000] {processor.py:770} WARNING - No viable dags retrieved from /opt/airflow/dags/hadoop-2.7.3/share/hadoop/common/lib/commons-io-2.4.jar
[2022-10-22T00:09:02.244+0000] {processor.py:178} INFO - Processing /opt/airflow/dags/hadoop-2.7.3/share/hadoop/common/lib/commons-io-2.4.jar took 0.124 seconds
[2022-10-22T00:09:22.873+0000] {processor.py:156} INFO - Started process (PID=20952) to work on /opt/airflow/dags/hadoop-2.7.3/share/hadoop/common/lib/commons-io-2.4.jar
[2022-10-22T00:09:22.882+0000] {processor.py:758} INFO - Processing file /opt/airflow/dags/hadoop-2.7.3/share/hadoop/common/lib/commons-io-2.4.jar for tasks to queue
[2022-10-22T00:09:22.887+0000] {logging_mixin.py:117} INFO - [2022-10-22T00:09:22.886+0000] {dagbag.py:525} INFO - Filling up the DagBag from /opt/airflow/dags/hadoop-2.7.3/share/hadoop/common/lib/commons-io-2.4.jar
[2022-10-22T00:09:22.903+0000] {processor.py:770} WARNING - No viable dags retrieved from /opt/airflow/dags/hadoop-2.7.3/share/hadoop/common/lib/commons-io-2.4.jar
[2022-10-22T00:09:22.961+0000] {processor.py:178} INFO - Processing /opt/airflow/dags/hadoop-2.7.3/share/hadoop/common/lib/commons-io-2.4.jar took 0.109 seconds
[2022-10-22T00:09:55.778+0000] {processor.py:156} INFO - Started process (PID=23782) to work on /opt/airflow/dags/hadoop-2.7.3/share/hadoop/common/lib/commons-io-2.4.jar
[2022-10-22T00:09:55.782+0000] {processor.py:758} INFO - Processing file /opt/airflow/dags/hadoop-2.7.3/share/hadoop/common/lib/commons-io-2.4.jar for tasks to queue
[2022-10-22T00:09:55.785+0000] {logging_mixin.py:117} INFO - [2022-10-22T00:09:55.784+0000] {dagbag.py:525} INFO - Filling up the DagBag from /opt/airflow/dags/hadoop-2.7.3/share/hadoop/common/lib/commons-io-2.4.jar
[2022-10-22T00:09:55.801+0000] {processor.py:770} WARNING - No viable dags retrieved from /opt/airflow/dags/hadoop-2.7.3/share/hadoop/common/lib/commons-io-2.4.jar
[2022-10-22T00:09:57.131+0000] {processor.py:178} INFO - Processing /opt/airflow/dags/hadoop-2.7.3/share/hadoop/common/lib/commons-io-2.4.jar took 1.364 seconds
[2022-10-22T00:11:20.931+0000] {processor.py:156} INFO - Started process (PID=21442) to work on /opt/airflow/dags/hadoop-2.7.3/share/hadoop/common/lib/commons-io-2.4.jar
[2022-10-22T00:11:20.933+0000] {processor.py:758} INFO - Processing file /opt/airflow/dags/hadoop-2.7.3/share/hadoop/common/lib/commons-io-2.4.jar for tasks to queue
[2022-10-22T00:11:20.939+0000] {logging_mixin.py:117} INFO - [2022-10-22T00:11:20.939+0000] {dagbag.py:525} INFO - Filling up the DagBag from /opt/airflow/dags/hadoop-2.7.3/share/hadoop/common/lib/commons-io-2.4.jar
[2022-10-22T00:11:20.945+0000] {processor.py:770} WARNING - No viable dags retrieved from /opt/airflow/dags/hadoop-2.7.3/share/hadoop/common/lib/commons-io-2.4.jar
[2022-10-22T00:11:20.988+0000] {processor.py:178} INFO - Processing /opt/airflow/dags/hadoop-2.7.3/share/hadoop/common/lib/commons-io-2.4.jar took 0.064 seconds
[2022-10-22T00:11:25.532+0000] {processor.py:156} INFO - Started process (PID=23997) to work on /opt/airflow/dags/hadoop-2.7.3/share/hadoop/common/lib/commons-io-2.4.jar
[2022-10-22T00:11:25.534+0000] {processor.py:758} INFO - Processing file /opt/airflow/dags/hadoop-2.7.3/share/hadoop/common/lib/commons-io-2.4.jar for tasks to queue
[2022-10-22T00:11:25.537+0000] {logging_mixin.py:117} INFO - [2022-10-22T00:11:25.537+0000] {dagbag.py:525} INFO - Filling up the DagBag from /opt/airflow/dags/hadoop-2.7.3/share/hadoop/common/lib/commons-io-2.4.jar
[2022-10-22T00:11:25.544+0000] {processor.py:770} WARNING - No viable dags retrieved from /opt/airflow/dags/hadoop-2.7.3/share/hadoop/common/lib/commons-io-2.4.jar
[2022-10-22T00:11:25.602+0000] {processor.py:178} INFO - Processing /opt/airflow/dags/hadoop-2.7.3/share/hadoop/common/lib/commons-io-2.4.jar took 0.076 seconds
[2022-10-22T00:11:56.820+0000] {processor.py:156} INFO - Started process (PID=21949) to work on /opt/airflow/dags/hadoop-2.7.3/share/hadoop/common/lib/commons-io-2.4.jar
[2022-10-22T00:11:56.821+0000] {processor.py:758} INFO - Processing file /opt/airflow/dags/hadoop-2.7.3/share/hadoop/common/lib/commons-io-2.4.jar for tasks to queue
[2022-10-22T00:11:56.823+0000] {logging_mixin.py:117} INFO - [2022-10-22T00:11:56.823+0000] {dagbag.py:525} INFO - Filling up the DagBag from /opt/airflow/dags/hadoop-2.7.3/share/hadoop/common/lib/commons-io-2.4.jar
[2022-10-22T00:11:56.831+0000] {processor.py:770} WARNING - No viable dags retrieved from /opt/airflow/dags/hadoop-2.7.3/share/hadoop/common/lib/commons-io-2.4.jar
[2022-10-22T00:11:56.862+0000] {processor.py:178} INFO - Processing /opt/airflow/dags/hadoop-2.7.3/share/hadoop/common/lib/commons-io-2.4.jar took 0.052 seconds
[2022-10-22T00:12:02.064+0000] {processor.py:156} INFO - Started process (PID=24507) to work on /opt/airflow/dags/hadoop-2.7.3/share/hadoop/common/lib/commons-io-2.4.jar
[2022-10-22T00:12:02.066+0000] {processor.py:758} INFO - Processing file /opt/airflow/dags/hadoop-2.7.3/share/hadoop/common/lib/commons-io-2.4.jar for tasks to queue
[2022-10-22T00:12:02.067+0000] {logging_mixin.py:117} INFO - [2022-10-22T00:12:02.067+0000] {dagbag.py:525} INFO - Filling up the DagBag from /opt/airflow/dags/hadoop-2.7.3/share/hadoop/common/lib/commons-io-2.4.jar
[2022-10-22T00:12:02.073+0000] {processor.py:770} WARNING - No viable dags retrieved from /opt/airflow/dags/hadoop-2.7.3/share/hadoop/common/lib/commons-io-2.4.jar
[2022-10-22T00:12:02.098+0000] {processor.py:178} INFO - Processing /opt/airflow/dags/hadoop-2.7.3/share/hadoop/common/lib/commons-io-2.4.jar took 0.040 seconds
[2022-10-22T00:12:50.316+0000] {processor.py:156} INFO - Started process (PID=24832) to work on /opt/airflow/dags/hadoop-2.7.3/share/hadoop/common/lib/commons-io-2.4.jar
[2022-10-22T00:12:50.326+0000] {processor.py:758} INFO - Processing file /opt/airflow/dags/hadoop-2.7.3/share/hadoop/common/lib/commons-io-2.4.jar for tasks to queue
[2022-10-22T00:12:50.336+0000] {logging_mixin.py:117} INFO - [2022-10-22T00:12:50.335+0000] {dagbag.py:525} INFO - Filling up the DagBag from /opt/airflow/dags/hadoop-2.7.3/share/hadoop/common/lib/commons-io-2.4.jar
[2022-10-22T00:12:50.370+0000] {processor.py:770} WARNING - No viable dags retrieved from /opt/airflow/dags/hadoop-2.7.3/share/hadoop/common/lib/commons-io-2.4.jar
[2022-10-22T00:12:50.477+0000] {processor.py:178} INFO - Processing /opt/airflow/dags/hadoop-2.7.3/share/hadoop/common/lib/commons-io-2.4.jar took 0.177 seconds
[2022-10-22T00:15:03.794+0000] {processor.py:156} INFO - Started process (PID=22420) to work on /opt/airflow/dags/hadoop-2.7.3/share/hadoop/common/lib/commons-io-2.4.jar
[2022-10-22T00:15:03.797+0000] {processor.py:758} INFO - Processing file /opt/airflow/dags/hadoop-2.7.3/share/hadoop/common/lib/commons-io-2.4.jar for tasks to queue
[2022-10-22T00:15:03.799+0000] {logging_mixin.py:117} INFO - [2022-10-22T00:15:03.798+0000] {dagbag.py:525} INFO - Filling up the DagBag from /opt/airflow/dags/hadoop-2.7.3/share/hadoop/common/lib/commons-io-2.4.jar
[2022-10-22T00:15:03.807+0000] {processor.py:770} WARNING - No viable dags retrieved from /opt/airflow/dags/hadoop-2.7.3/share/hadoop/common/lib/commons-io-2.4.jar
[2022-10-22T00:15:03.849+0000] {processor.py:178} INFO - Processing /opt/airflow/dags/hadoop-2.7.3/share/hadoop/common/lib/commons-io-2.4.jar took 0.063 seconds
[2022-10-22T00:15:14.998+0000] {processor.py:156} INFO - Started process (PID=24980) to work on /opt/airflow/dags/hadoop-2.7.3/share/hadoop/common/lib/commons-io-2.4.jar
[2022-10-22T00:15:15.002+0000] {processor.py:758} INFO - Processing file /opt/airflow/dags/hadoop-2.7.3/share/hadoop/common/lib/commons-io-2.4.jar for tasks to queue
[2022-10-22T00:15:15.004+0000] {logging_mixin.py:117} INFO - [2022-10-22T00:15:15.004+0000] {dagbag.py:525} INFO - Filling up the DagBag from /opt/airflow/dags/hadoop-2.7.3/share/hadoop/common/lib/commons-io-2.4.jar
[2022-10-22T00:15:15.013+0000] {processor.py:770} WARNING - No viable dags retrieved from /opt/airflow/dags/hadoop-2.7.3/share/hadoop/common/lib/commons-io-2.4.jar
[2022-10-22T00:15:15.042+0000] {processor.py:178} INFO - Processing /opt/airflow/dags/hadoop-2.7.3/share/hadoop/common/lib/commons-io-2.4.jar took 0.051 seconds
[2022-10-22T00:15:51.792+0000] {processor.py:156} INFO - Started process (PID=22935) to work on /opt/airflow/dags/hadoop-2.7.3/share/hadoop/common/lib/commons-io-2.4.jar
[2022-10-22T00:15:51.794+0000] {processor.py:758} INFO - Processing file /opt/airflow/dags/hadoop-2.7.3/share/hadoop/common/lib/commons-io-2.4.jar for tasks to queue
[2022-10-22T00:15:51.802+0000] {logging_mixin.py:117} INFO - [2022-10-22T00:15:51.796+0000] {dagbag.py:525} INFO - Filling up the DagBag from /opt/airflow/dags/hadoop-2.7.3/share/hadoop/common/lib/commons-io-2.4.jar
[2022-10-22T00:15:51.823+0000] {processor.py:770} WARNING - No viable dags retrieved from /opt/airflow/dags/hadoop-2.7.3/share/hadoop/common/lib/commons-io-2.4.jar
[2022-10-22T00:15:51.885+0000] {processor.py:178} INFO - Processing /opt/airflow/dags/hadoop-2.7.3/share/hadoop/common/lib/commons-io-2.4.jar took 0.116 seconds
[2022-10-22T00:16:02.686+0000] {processor.py:156} INFO - Started process (PID=25503) to work on /opt/airflow/dags/hadoop-2.7.3/share/hadoop/common/lib/commons-io-2.4.jar
[2022-10-22T00:16:02.688+0000] {processor.py:758} INFO - Processing file /opt/airflow/dags/hadoop-2.7.3/share/hadoop/common/lib/commons-io-2.4.jar for tasks to queue
[2022-10-22T00:16:02.691+0000] {logging_mixin.py:117} INFO - [2022-10-22T00:16:02.690+0000] {dagbag.py:525} INFO - Filling up the DagBag from /opt/airflow/dags/hadoop-2.7.3/share/hadoop/common/lib/commons-io-2.4.jar
[2022-10-22T00:16:02.699+0000] {processor.py:770} WARNING - No viable dags retrieved from /opt/airflow/dags/hadoop-2.7.3/share/hadoop/common/lib/commons-io-2.4.jar
[2022-10-22T00:16:02.734+0000] {processor.py:178} INFO - Processing /opt/airflow/dags/hadoop-2.7.3/share/hadoop/common/lib/commons-io-2.4.jar took 0.056 seconds
[2022-10-22T00:16:29.592+0000] {processor.py:156} INFO - Started process (PID=23347) to work on /opt/airflow/dags/hadoop-2.7.3/share/hadoop/common/lib/commons-io-2.4.jar
[2022-10-22T00:16:29.596+0000] {processor.py:758} INFO - Processing file /opt/airflow/dags/hadoop-2.7.3/share/hadoop/common/lib/commons-io-2.4.jar for tasks to queue
[2022-10-22T00:16:29.598+0000] {logging_mixin.py:117} INFO - [2022-10-22T00:16:29.598+0000] {dagbag.py:525} INFO - Filling up the DagBag from /opt/airflow/dags/hadoop-2.7.3/share/hadoop/common/lib/commons-io-2.4.jar
[2022-10-22T00:16:29.605+0000] {processor.py:770} WARNING - No viable dags retrieved from /opt/airflow/dags/hadoop-2.7.3/share/hadoop/common/lib/commons-io-2.4.jar
[2022-10-22T00:16:29.646+0000] {processor.py:178} INFO - Processing /opt/airflow/dags/hadoop-2.7.3/share/hadoop/common/lib/commons-io-2.4.jar took 0.063 seconds
[2022-10-22T00:16:49.215+0000] {processor.py:156} INFO - Started process (PID=26019) to work on /opt/airflow/dags/hadoop-2.7.3/share/hadoop/common/lib/commons-io-2.4.jar
[2022-10-22T00:16:49.218+0000] {processor.py:758} INFO - Processing file /opt/airflow/dags/hadoop-2.7.3/share/hadoop/common/lib/commons-io-2.4.jar for tasks to queue
[2022-10-22T00:16:49.221+0000] {logging_mixin.py:117} INFO - [2022-10-22T00:16:49.220+0000] {dagbag.py:525} INFO - Filling up the DagBag from /opt/airflow/dags/hadoop-2.7.3/share/hadoop/common/lib/commons-io-2.4.jar
[2022-10-22T00:16:49.231+0000] {processor.py:770} WARNING - No viable dags retrieved from /opt/airflow/dags/hadoop-2.7.3/share/hadoop/common/lib/commons-io-2.4.jar
[2022-10-22T00:16:49.303+0000] {processor.py:178} INFO - Processing /opt/airflow/dags/hadoop-2.7.3/share/hadoop/common/lib/commons-io-2.4.jar took 0.096 seconds
[2022-10-22T00:17:18.315+0000] {processor.py:156} INFO - Started process (PID=23873) to work on /opt/airflow/dags/hadoop-2.7.3/share/hadoop/common/lib/commons-io-2.4.jar
[2022-10-22T00:17:18.320+0000] {processor.py:758} INFO - Processing file /opt/airflow/dags/hadoop-2.7.3/share/hadoop/common/lib/commons-io-2.4.jar for tasks to queue
[2022-10-22T00:17:18.326+0000] {logging_mixin.py:117} INFO - [2022-10-22T00:17:18.326+0000] {dagbag.py:525} INFO - Filling up the DagBag from /opt/airflow/dags/hadoop-2.7.3/share/hadoop/common/lib/commons-io-2.4.jar
[2022-10-22T00:17:18.346+0000] {processor.py:770} WARNING - No viable dags retrieved from /opt/airflow/dags/hadoop-2.7.3/share/hadoop/common/lib/commons-io-2.4.jar
[2022-10-22T00:17:18.381+0000] {processor.py:178} INFO - Processing /opt/airflow/dags/hadoop-2.7.3/share/hadoop/common/lib/commons-io-2.4.jar took 0.072 seconds
[2022-10-22T00:17:26.004+0000] {processor.py:156} INFO - Started process (PID=26403) to work on /opt/airflow/dags/hadoop-2.7.3/share/hadoop/common/lib/commons-io-2.4.jar
[2022-10-22T00:17:26.007+0000] {processor.py:758} INFO - Processing file /opt/airflow/dags/hadoop-2.7.3/share/hadoop/common/lib/commons-io-2.4.jar for tasks to queue
[2022-10-22T00:17:26.010+0000] {logging_mixin.py:117} INFO - [2022-10-22T00:17:26.010+0000] {dagbag.py:525} INFO - Filling up the DagBag from /opt/airflow/dags/hadoop-2.7.3/share/hadoop/common/lib/commons-io-2.4.jar
[2022-10-22T00:17:26.024+0000] {processor.py:770} WARNING - No viable dags retrieved from /opt/airflow/dags/hadoop-2.7.3/share/hadoop/common/lib/commons-io-2.4.jar
[2022-10-22T00:17:26.086+0000] {processor.py:178} INFO - Processing /opt/airflow/dags/hadoop-2.7.3/share/hadoop/common/lib/commons-io-2.4.jar took 0.088 seconds
[2022-10-22T00:17:58.250+0000] {processor.py:156} INFO - Started process (PID=24282) to work on /opt/airflow/dags/hadoop-2.7.3/share/hadoop/common/lib/commons-io-2.4.jar
[2022-10-22T00:17:58.253+0000] {processor.py:758} INFO - Processing file /opt/airflow/dags/hadoop-2.7.3/share/hadoop/common/lib/commons-io-2.4.jar for tasks to queue
[2022-10-22T00:17:58.256+0000] {logging_mixin.py:117} INFO - [2022-10-22T00:17:58.256+0000] {dagbag.py:525} INFO - Filling up the DagBag from /opt/airflow/dags/hadoop-2.7.3/share/hadoop/common/lib/commons-io-2.4.jar
[2022-10-22T00:17:58.268+0000] {processor.py:770} WARNING - No viable dags retrieved from /opt/airflow/dags/hadoop-2.7.3/share/hadoop/common/lib/commons-io-2.4.jar
[2022-10-22T00:17:58.311+0000] {processor.py:178} INFO - Processing /opt/airflow/dags/hadoop-2.7.3/share/hadoop/common/lib/commons-io-2.4.jar took 0.071 seconds
[2022-10-22T00:18:04.258+0000] {processor.py:156} INFO - Started process (PID=26810) to work on /opt/airflow/dags/hadoop-2.7.3/share/hadoop/common/lib/commons-io-2.4.jar
[2022-10-22T00:18:04.264+0000] {processor.py:758} INFO - Processing file /opt/airflow/dags/hadoop-2.7.3/share/hadoop/common/lib/commons-io-2.4.jar for tasks to queue
[2022-10-22T00:18:04.274+0000] {logging_mixin.py:117} INFO - [2022-10-22T00:18:04.274+0000] {dagbag.py:525} INFO - Filling up the DagBag from /opt/airflow/dags/hadoop-2.7.3/share/hadoop/common/lib/commons-io-2.4.jar
[2022-10-22T00:18:04.296+0000] {processor.py:770} WARNING - No viable dags retrieved from /opt/airflow/dags/hadoop-2.7.3/share/hadoop/common/lib/commons-io-2.4.jar
[2022-10-22T00:18:04.379+0000] {processor.py:178} INFO - Processing /opt/airflow/dags/hadoop-2.7.3/share/hadoop/common/lib/commons-io-2.4.jar took 0.129 seconds
[2022-10-22T00:18:38.173+0000] {processor.py:156} INFO - Started process (PID=24690) to work on /opt/airflow/dags/hadoop-2.7.3/share/hadoop/common/lib/commons-io-2.4.jar
[2022-10-22T00:18:38.180+0000] {processor.py:758} INFO - Processing file /opt/airflow/dags/hadoop-2.7.3/share/hadoop/common/lib/commons-io-2.4.jar for tasks to queue
[2022-10-22T00:18:38.184+0000] {logging_mixin.py:117} INFO - [2022-10-22T00:18:38.184+0000] {dagbag.py:525} INFO - Filling up the DagBag from /opt/airflow/dags/hadoop-2.7.3/share/hadoop/common/lib/commons-io-2.4.jar
[2022-10-22T00:18:38.200+0000] {processor.py:770} WARNING - No viable dags retrieved from /opt/airflow/dags/hadoop-2.7.3/share/hadoop/common/lib/commons-io-2.4.jar
[2022-10-22T00:18:38.239+0000] {processor.py:178} INFO - Processing /opt/airflow/dags/hadoop-2.7.3/share/hadoop/common/lib/commons-io-2.4.jar took 0.075 seconds
[2022-10-22T00:18:38.973+0000] {processor.py:156} INFO - Started process (PID=27191) to work on /opt/airflow/dags/hadoop-2.7.3/share/hadoop/common/lib/commons-io-2.4.jar
[2022-10-22T00:18:38.975+0000] {processor.py:758} INFO - Processing file /opt/airflow/dags/hadoop-2.7.3/share/hadoop/common/lib/commons-io-2.4.jar for tasks to queue
[2022-10-22T00:18:38.978+0000] {logging_mixin.py:117} INFO - [2022-10-22T00:18:38.978+0000] {dagbag.py:525} INFO - Filling up the DagBag from /opt/airflow/dags/hadoop-2.7.3/share/hadoop/common/lib/commons-io-2.4.jar
[2022-10-22T00:18:38.996+0000] {processor.py:770} WARNING - No viable dags retrieved from /opt/airflow/dags/hadoop-2.7.3/share/hadoop/common/lib/commons-io-2.4.jar
[2022-10-22T00:18:39.050+0000] {processor.py:178} INFO - Processing /opt/airflow/dags/hadoop-2.7.3/share/hadoop/common/lib/commons-io-2.4.jar took 0.096 seconds
[2022-10-22T00:19:15.572+0000] {processor.py:156} INFO - Started process (PID=27570) to work on /opt/airflow/dags/hadoop-2.7.3/share/hadoop/common/lib/commons-io-2.4.jar
[2022-10-22T00:19:15.576+0000] {processor.py:758} INFO - Processing file /opt/airflow/dags/hadoop-2.7.3/share/hadoop/common/lib/commons-io-2.4.jar for tasks to queue
[2022-10-22T00:19:15.580+0000] {logging_mixin.py:117} INFO - [2022-10-22T00:19:15.579+0000] {dagbag.py:525} INFO - Filling up the DagBag from /opt/airflow/dags/hadoop-2.7.3/share/hadoop/common/lib/commons-io-2.4.jar
[2022-10-22T00:19:15.595+0000] {processor.py:770} WARNING - No viable dags retrieved from /opt/airflow/dags/hadoop-2.7.3/share/hadoop/common/lib/commons-io-2.4.jar
[2022-10-22T00:19:15.650+0000] {processor.py:178} INFO - Processing /opt/airflow/dags/hadoop-2.7.3/share/hadoop/common/lib/commons-io-2.4.jar took 0.086 seconds
[2022-10-22T00:19:16.818+0000] {processor.py:156} INFO - Started process (PID=25093) to work on /opt/airflow/dags/hadoop-2.7.3/share/hadoop/common/lib/commons-io-2.4.jar
[2022-10-22T00:19:16.831+0000] {processor.py:758} INFO - Processing file /opt/airflow/dags/hadoop-2.7.3/share/hadoop/common/lib/commons-io-2.4.jar for tasks to queue
[2022-10-22T00:19:16.842+0000] {logging_mixin.py:117} INFO - [2022-10-22T00:19:16.842+0000] {dagbag.py:525} INFO - Filling up the DagBag from /opt/airflow/dags/hadoop-2.7.3/share/hadoop/common/lib/commons-io-2.4.jar
[2022-10-22T00:19:16.856+0000] {processor.py:770} WARNING - No viable dags retrieved from /opt/airflow/dags/hadoop-2.7.3/share/hadoop/common/lib/commons-io-2.4.jar
[2022-10-22T00:19:16.901+0000] {processor.py:178} INFO - Processing /opt/airflow/dags/hadoop-2.7.3/share/hadoop/common/lib/commons-io-2.4.jar took 0.108 seconds
[2022-10-22T00:20:16.629+0000] {processor.py:156} INFO - Started process (PID=25340) to work on /opt/airflow/dags/hadoop-2.7.3/share/hadoop/common/lib/commons-io-2.4.jar
[2022-10-22T00:20:16.644+0000] {processor.py:758} INFO - Processing file /opt/airflow/dags/hadoop-2.7.3/share/hadoop/common/lib/commons-io-2.4.jar for tasks to queue
[2022-10-22T00:20:16.648+0000] {logging_mixin.py:117} INFO - [2022-10-22T00:20:16.647+0000] {dagbag.py:525} INFO - Filling up the DagBag from /opt/airflow/dags/hadoop-2.7.3/share/hadoop/common/lib/commons-io-2.4.jar
[2022-10-22T00:20:16.673+0000] {processor.py:770} WARNING - No viable dags retrieved from /opt/airflow/dags/hadoop-2.7.3/share/hadoop/common/lib/commons-io-2.4.jar
[2022-10-22T00:20:16.743+0000] {processor.py:178} INFO - Processing /opt/airflow/dags/hadoop-2.7.3/share/hadoop/common/lib/commons-io-2.4.jar took 0.124 seconds
[2022-10-22T00:20:34.582+0000] {processor.py:156} INFO - Started process (PID=28019) to work on /opt/airflow/dags/hadoop-2.7.3/share/hadoop/common/lib/commons-io-2.4.jar
[2022-10-22T00:20:34.586+0000] {processor.py:758} INFO - Processing file /opt/airflow/dags/hadoop-2.7.3/share/hadoop/common/lib/commons-io-2.4.jar for tasks to queue
[2022-10-22T00:20:34.593+0000] {logging_mixin.py:117} INFO - [2022-10-22T00:20:34.593+0000] {dagbag.py:525} INFO - Filling up the DagBag from /opt/airflow/dags/hadoop-2.7.3/share/hadoop/common/lib/commons-io-2.4.jar
[2022-10-22T00:20:34.605+0000] {processor.py:770} WARNING - No viable dags retrieved from /opt/airflow/dags/hadoop-2.7.3/share/hadoop/common/lib/commons-io-2.4.jar
[2022-10-22T00:20:34.680+0000] {processor.py:178} INFO - Processing /opt/airflow/dags/hadoop-2.7.3/share/hadoop/common/lib/commons-io-2.4.jar took 0.123 seconds
[2022-10-22T00:20:58.695+0000] {processor.py:156} INFO - Started process (PID=25739) to work on /opt/airflow/dags/hadoop-2.7.3/share/hadoop/common/lib/commons-io-2.4.jar
[2022-10-22T00:20:58.703+0000] {processor.py:758} INFO - Processing file /opt/airflow/dags/hadoop-2.7.3/share/hadoop/common/lib/commons-io-2.4.jar for tasks to queue
[2022-10-22T00:20:58.706+0000] {logging_mixin.py:117} INFO - [2022-10-22T00:20:58.706+0000] {dagbag.py:525} INFO - Filling up the DagBag from /opt/airflow/dags/hadoop-2.7.3/share/hadoop/common/lib/commons-io-2.4.jar
[2022-10-22T00:20:58.723+0000] {processor.py:770} WARNING - No viable dags retrieved from /opt/airflow/dags/hadoop-2.7.3/share/hadoop/common/lib/commons-io-2.4.jar
[2022-10-22T00:20:58.789+0000] {processor.py:178} INFO - Processing /opt/airflow/dags/hadoop-2.7.3/share/hadoop/common/lib/commons-io-2.4.jar took 0.107 seconds
[2022-10-22T00:21:11.613+0000] {processor.py:156} INFO - Started process (PID=28398) to work on /opt/airflow/dags/hadoop-2.7.3/share/hadoop/common/lib/commons-io-2.4.jar
[2022-10-22T00:21:11.615+0000] {processor.py:758} INFO - Processing file /opt/airflow/dags/hadoop-2.7.3/share/hadoop/common/lib/commons-io-2.4.jar for tasks to queue
[2022-10-22T00:21:11.618+0000] {logging_mixin.py:117} INFO - [2022-10-22T00:21:11.617+0000] {dagbag.py:525} INFO - Filling up the DagBag from /opt/airflow/dags/hadoop-2.7.3/share/hadoop/common/lib/commons-io-2.4.jar
[2022-10-22T00:21:11.631+0000] {processor.py:770} WARNING - No viable dags retrieved from /opt/airflow/dags/hadoop-2.7.3/share/hadoop/common/lib/commons-io-2.4.jar
[2022-10-22T00:21:11.687+0000] {processor.py:178} INFO - Processing /opt/airflow/dags/hadoop-2.7.3/share/hadoop/common/lib/commons-io-2.4.jar took 0.081 seconds
[2022-10-22T00:21:45.656+0000] {processor.py:156} INFO - Started process (PID=26184) to work on /opt/airflow/dags/hadoop-2.7.3/share/hadoop/common/lib/commons-io-2.4.jar
[2022-10-22T00:21:45.659+0000] {processor.py:758} INFO - Processing file /opt/airflow/dags/hadoop-2.7.3/share/hadoop/common/lib/commons-io-2.4.jar for tasks to queue
[2022-10-22T00:21:45.662+0000] {logging_mixin.py:117} INFO - [2022-10-22T00:21:45.662+0000] {dagbag.py:525} INFO - Filling up the DagBag from /opt/airflow/dags/hadoop-2.7.3/share/hadoop/common/lib/commons-io-2.4.jar
[2022-10-22T00:21:45.677+0000] {processor.py:770} WARNING - No viable dags retrieved from /opt/airflow/dags/hadoop-2.7.3/share/hadoop/common/lib/commons-io-2.4.jar
[2022-10-22T00:21:45.735+0000] {processor.py:178} INFO - Processing /opt/airflow/dags/hadoop-2.7.3/share/hadoop/common/lib/commons-io-2.4.jar took 0.094 seconds
[2022-10-22T00:21:56.715+0000] {processor.py:156} INFO - Started process (PID=28817) to work on /opt/airflow/dags/hadoop-2.7.3/share/hadoop/common/lib/commons-io-2.4.jar
[2022-10-22T00:21:56.718+0000] {processor.py:758} INFO - Processing file /opt/airflow/dags/hadoop-2.7.3/share/hadoop/common/lib/commons-io-2.4.jar for tasks to queue
[2022-10-22T00:21:56.722+0000] {logging_mixin.py:117} INFO - [2022-10-22T00:21:56.722+0000] {dagbag.py:525} INFO - Filling up the DagBag from /opt/airflow/dags/hadoop-2.7.3/share/hadoop/common/lib/commons-io-2.4.jar
[2022-10-22T00:21:56.738+0000] {processor.py:770} WARNING - No viable dags retrieved from /opt/airflow/dags/hadoop-2.7.3/share/hadoop/common/lib/commons-io-2.4.jar
[2022-10-22T00:21:56.815+0000] {processor.py:178} INFO - Processing /opt/airflow/dags/hadoop-2.7.3/share/hadoop/common/lib/commons-io-2.4.jar took 0.114 seconds
[2022-10-22T00:22:37.341+0000] {processor.py:156} INFO - Started process (PID=26656) to work on /opt/airflow/dags/hadoop-2.7.3/share/hadoop/common/lib/commons-io-2.4.jar
[2022-10-22T00:22:37.353+0000] {processor.py:758} INFO - Processing file /opt/airflow/dags/hadoop-2.7.3/share/hadoop/common/lib/commons-io-2.4.jar for tasks to queue
[2022-10-22T00:22:37.360+0000] {logging_mixin.py:117} INFO - [2022-10-22T00:22:37.359+0000] {dagbag.py:525} INFO - Filling up the DagBag from /opt/airflow/dags/hadoop-2.7.3/share/hadoop/common/lib/commons-io-2.4.jar
[2022-10-22T00:22:37.391+0000] {processor.py:770} WARNING - No viable dags retrieved from /opt/airflow/dags/hadoop-2.7.3/share/hadoop/common/lib/commons-io-2.4.jar
[2022-10-22T00:22:37.439+0000] {processor.py:178} INFO - Processing /opt/airflow/dags/hadoop-2.7.3/share/hadoop/common/lib/commons-io-2.4.jar took 0.106 seconds
[2022-10-22T00:22:45.371+0000] {processor.py:156} INFO - Started process (PID=29291) to work on /opt/airflow/dags/hadoop-2.7.3/share/hadoop/common/lib/commons-io-2.4.jar
[2022-10-22T00:22:45.381+0000] {processor.py:758} INFO - Processing file /opt/airflow/dags/hadoop-2.7.3/share/hadoop/common/lib/commons-io-2.4.jar for tasks to queue
[2022-10-22T00:22:45.388+0000] {logging_mixin.py:117} INFO - [2022-10-22T00:22:45.387+0000] {dagbag.py:525} INFO - Filling up the DagBag from /opt/airflow/dags/hadoop-2.7.3/share/hadoop/common/lib/commons-io-2.4.jar
[2022-10-22T00:22:45.407+0000] {processor.py:770} WARNING - No viable dags retrieved from /opt/airflow/dags/hadoop-2.7.3/share/hadoop/common/lib/commons-io-2.4.jar
[2022-10-22T00:22:45.510+0000] {processor.py:178} INFO - Processing /opt/airflow/dags/hadoop-2.7.3/share/hadoop/common/lib/commons-io-2.4.jar took 0.160 seconds
[2022-10-22T00:23:25.787+0000] {processor.py:156} INFO - Started process (PID=27148) to work on /opt/airflow/dags/hadoop-2.7.3/share/hadoop/common/lib/commons-io-2.4.jar
[2022-10-22T00:23:25.790+0000] {processor.py:758} INFO - Processing file /opt/airflow/dags/hadoop-2.7.3/share/hadoop/common/lib/commons-io-2.4.jar for tasks to queue
[2022-10-22T00:23:25.792+0000] {logging_mixin.py:117} INFO - [2022-10-22T00:23:25.792+0000] {dagbag.py:525} INFO - Filling up the DagBag from /opt/airflow/dags/hadoop-2.7.3/share/hadoop/common/lib/commons-io-2.4.jar
[2022-10-22T00:23:25.801+0000] {processor.py:770} WARNING - No viable dags retrieved from /opt/airflow/dags/hadoop-2.7.3/share/hadoop/common/lib/commons-io-2.4.jar
[2022-10-22T00:23:25.829+0000] {processor.py:178} INFO - Processing /opt/airflow/dags/hadoop-2.7.3/share/hadoop/common/lib/commons-io-2.4.jar took 0.047 seconds
[2022-10-22T00:23:31.717+0000] {processor.py:156} INFO - Started process (PID=29788) to work on /opt/airflow/dags/hadoop-2.7.3/share/hadoop/common/lib/commons-io-2.4.jar
[2022-10-22T00:23:31.727+0000] {processor.py:758} INFO - Processing file /opt/airflow/dags/hadoop-2.7.3/share/hadoop/common/lib/commons-io-2.4.jar for tasks to queue
[2022-10-22T00:23:31.732+0000] {logging_mixin.py:117} INFO - [2022-10-22T00:23:31.730+0000] {dagbag.py:525} INFO - Filling up the DagBag from /opt/airflow/dags/hadoop-2.7.3/share/hadoop/common/lib/commons-io-2.4.jar
[2022-10-22T00:23:31.768+0000] {processor.py:770} WARNING - No viable dags retrieved from /opt/airflow/dags/hadoop-2.7.3/share/hadoop/common/lib/commons-io-2.4.jar
[2022-10-22T00:23:31.833+0000] {processor.py:178} INFO - Processing /opt/airflow/dags/hadoop-2.7.3/share/hadoop/common/lib/commons-io-2.4.jar took 0.130 seconds
[2022-10-22T00:23:59.533+0000] {processor.py:156} INFO - Started process (PID=27476) to work on /opt/airflow/dags/hadoop-2.7.3/share/hadoop/common/lib/commons-io-2.4.jar
[2022-10-22T00:23:59.535+0000] {processor.py:758} INFO - Processing file /opt/airflow/dags/hadoop-2.7.3/share/hadoop/common/lib/commons-io-2.4.jar for tasks to queue
[2022-10-22T00:23:59.537+0000] {logging_mixin.py:117} INFO - [2022-10-22T00:23:59.537+0000] {dagbag.py:525} INFO - Filling up the DagBag from /opt/airflow/dags/hadoop-2.7.3/share/hadoop/common/lib/commons-io-2.4.jar
[2022-10-22T00:23:59.544+0000] {processor.py:770} WARNING - No viable dags retrieved from /opt/airflow/dags/hadoop-2.7.3/share/hadoop/common/lib/commons-io-2.4.jar
[2022-10-22T00:23:59.566+0000] {processor.py:178} INFO - Processing /opt/airflow/dags/hadoop-2.7.3/share/hadoop/common/lib/commons-io-2.4.jar took 0.042 seconds
