[2022-10-22T00:00:01.132+0000] {processor.py:156} INFO - Started process (PID=18845) to work on /opt/airflow/dags/hadoop-2.7.3/share/hadoop/common/lib/commons-httpclient-3.1.jar
[2022-10-22T00:00:01.155+0000] {processor.py:758} INFO - Processing file /opt/airflow/dags/hadoop-2.7.3/share/hadoop/common/lib/commons-httpclient-3.1.jar for tasks to queue
[2022-10-22T00:00:01.165+0000] {logging_mixin.py:117} INFO - [2022-10-22T00:00:01.164+0000] {dagbag.py:525} INFO - Filling up the DagBag from /opt/airflow/dags/hadoop-2.7.3/share/hadoop/common/lib/commons-httpclient-3.1.jar
[2022-10-22T00:00:01.199+0000] {processor.py:770} WARNING - No viable dags retrieved from /opt/airflow/dags/hadoop-2.7.3/share/hadoop/common/lib/commons-httpclient-3.1.jar
[2022-10-22T00:00:01.336+0000] {processor.py:178} INFO - Processing /opt/airflow/dags/hadoop-2.7.3/share/hadoop/common/lib/commons-httpclient-3.1.jar took 0.219 seconds
[2022-10-22T00:00:29.801+0000] {processor.py:156} INFO - Started process (PID=16881) to work on /opt/airflow/dags/hadoop-2.7.3/share/hadoop/common/lib/commons-httpclient-3.1.jar
[2022-10-22T00:00:29.813+0000] {processor.py:758} INFO - Processing file /opt/airflow/dags/hadoop-2.7.3/share/hadoop/common/lib/commons-httpclient-3.1.jar for tasks to queue
[2022-10-22T00:00:29.816+0000] {logging_mixin.py:117} INFO - [2022-10-22T00:00:29.816+0000] {dagbag.py:525} INFO - Filling up the DagBag from /opt/airflow/dags/hadoop-2.7.3/share/hadoop/common/lib/commons-httpclient-3.1.jar
[2022-10-22T00:00:29.851+0000] {processor.py:770} WARNING - No viable dags retrieved from /opt/airflow/dags/hadoop-2.7.3/share/hadoop/common/lib/commons-httpclient-3.1.jar
[2022-10-22T00:00:29.978+0000] {processor.py:178} INFO - Processing /opt/airflow/dags/hadoop-2.7.3/share/hadoop/common/lib/commons-httpclient-3.1.jar took 0.220 seconds
[2022-10-22T00:01:15.240+0000] {processor.py:156} INFO - Started process (PID=17204) to work on /opt/airflow/dags/hadoop-2.7.3/share/hadoop/common/lib/commons-httpclient-3.1.jar
[2022-10-22T00:01:15.258+0000] {processor.py:758} INFO - Processing file /opt/airflow/dags/hadoop-2.7.3/share/hadoop/common/lib/commons-httpclient-3.1.jar for tasks to queue
[2022-10-22T00:01:15.268+0000] {logging_mixin.py:117} INFO - [2022-10-22T00:01:15.267+0000] {dagbag.py:525} INFO - Filling up the DagBag from /opt/airflow/dags/hadoop-2.7.3/share/hadoop/common/lib/commons-httpclient-3.1.jar
[2022-10-22T00:01:15.313+0000] {processor.py:770} WARNING - No viable dags retrieved from /opt/airflow/dags/hadoop-2.7.3/share/hadoop/common/lib/commons-httpclient-3.1.jar
[2022-10-22T00:01:15.399+0000] {processor.py:178} INFO - Processing /opt/airflow/dags/hadoop-2.7.3/share/hadoop/common/lib/commons-httpclient-3.1.jar took 0.176 seconds
[2022-10-22T00:01:19.176+0000] {processor.py:156} INFO - Started process (PID=19415) to work on /opt/airflow/dags/hadoop-2.7.3/share/hadoop/common/lib/commons-httpclient-3.1.jar
[2022-10-22T00:01:19.190+0000] {processor.py:758} INFO - Processing file /opt/airflow/dags/hadoop-2.7.3/share/hadoop/common/lib/commons-httpclient-3.1.jar for tasks to queue
[2022-10-22T00:01:19.216+0000] {logging_mixin.py:117} INFO - [2022-10-22T00:01:19.216+0000] {dagbag.py:525} INFO - Filling up the DagBag from /opt/airflow/dags/hadoop-2.7.3/share/hadoop/common/lib/commons-httpclient-3.1.jar
[2022-10-22T00:01:19.275+0000] {processor.py:770} WARNING - No viable dags retrieved from /opt/airflow/dags/hadoop-2.7.3/share/hadoop/common/lib/commons-httpclient-3.1.jar
[2022-10-22T00:01:19.352+0000] {processor.py:178} INFO - Processing /opt/airflow/dags/hadoop-2.7.3/share/hadoop/common/lib/commons-httpclient-3.1.jar took 0.184 seconds
[2022-10-22T00:01:57.089+0000] {processor.py:156} INFO - Started process (PID=17505) to work on /opt/airflow/dags/hadoop-2.7.3/share/hadoop/common/lib/commons-httpclient-3.1.jar
[2022-10-22T00:01:57.094+0000] {processor.py:758} INFO - Processing file /opt/airflow/dags/hadoop-2.7.3/share/hadoop/common/lib/commons-httpclient-3.1.jar for tasks to queue
[2022-10-22T00:01:57.097+0000] {logging_mixin.py:117} INFO - [2022-10-22T00:01:57.096+0000] {dagbag.py:525} INFO - Filling up the DagBag from /opt/airflow/dags/hadoop-2.7.3/share/hadoop/common/lib/commons-httpclient-3.1.jar
[2022-10-22T00:01:57.122+0000] {processor.py:770} WARNING - No viable dags retrieved from /opt/airflow/dags/hadoop-2.7.3/share/hadoop/common/lib/commons-httpclient-3.1.jar
[2022-10-22T00:01:57.181+0000] {processor.py:178} INFO - Processing /opt/airflow/dags/hadoop-2.7.3/share/hadoop/common/lib/commons-httpclient-3.1.jar took 0.101 seconds
[2022-10-22T00:02:14.258+0000] {processor.py:156} INFO - Started process (PID=19977) to work on /opt/airflow/dags/hadoop-2.7.3/share/hadoop/common/lib/commons-httpclient-3.1.jar
[2022-10-22T00:02:14.265+0000] {processor.py:758} INFO - Processing file /opt/airflow/dags/hadoop-2.7.3/share/hadoop/common/lib/commons-httpclient-3.1.jar for tasks to queue
[2022-10-22T00:02:14.276+0000] {logging_mixin.py:117} INFO - [2022-10-22T00:02:14.272+0000] {dagbag.py:525} INFO - Filling up the DagBag from /opt/airflow/dags/hadoop-2.7.3/share/hadoop/common/lib/commons-httpclient-3.1.jar
[2022-10-22T00:02:14.315+0000] {processor.py:770} WARNING - No viable dags retrieved from /opt/airflow/dags/hadoop-2.7.3/share/hadoop/common/lib/commons-httpclient-3.1.jar
[2022-10-22T00:02:14.448+0000] {processor.py:178} INFO - Processing /opt/airflow/dags/hadoop-2.7.3/share/hadoop/common/lib/commons-httpclient-3.1.jar took 0.210 seconds
[2022-10-22T00:03:36.280+0000] {processor.py:156} INFO - Started process (PID=18082) to work on /opt/airflow/dags/hadoop-2.7.3/share/hadoop/common/lib/commons-httpclient-3.1.jar
[2022-10-22T00:03:36.282+0000] {processor.py:758} INFO - Processing file /opt/airflow/dags/hadoop-2.7.3/share/hadoop/common/lib/commons-httpclient-3.1.jar for tasks to queue
[2022-10-22T00:03:36.285+0000] {logging_mixin.py:117} INFO - [2022-10-22T00:03:36.285+0000] {dagbag.py:525} INFO - Filling up the DagBag from /opt/airflow/dags/hadoop-2.7.3/share/hadoop/common/lib/commons-httpclient-3.1.jar
[2022-10-22T00:03:36.314+0000] {processor.py:770} WARNING - No viable dags retrieved from /opt/airflow/dags/hadoop-2.7.3/share/hadoop/common/lib/commons-httpclient-3.1.jar
[2022-10-22T00:03:36.382+0000] {processor.py:178} INFO - Processing /opt/airflow/dags/hadoop-2.7.3/share/hadoop/common/lib/commons-httpclient-3.1.jar took 0.113 seconds
[2022-10-22T00:03:43.425+0000] {processor.py:156} INFO - Started process (PID=20523) to work on /opt/airflow/dags/hadoop-2.7.3/share/hadoop/common/lib/commons-httpclient-3.1.jar
[2022-10-22T00:03:43.427+0000] {processor.py:758} INFO - Processing file /opt/airflow/dags/hadoop-2.7.3/share/hadoop/common/lib/commons-httpclient-3.1.jar for tasks to queue
[2022-10-22T00:03:43.431+0000] {logging_mixin.py:117} INFO - [2022-10-22T00:03:43.430+0000] {dagbag.py:525} INFO - Filling up the DagBag from /opt/airflow/dags/hadoop-2.7.3/share/hadoop/common/lib/commons-httpclient-3.1.jar
[2022-10-22T00:03:43.449+0000] {processor.py:770} WARNING - No viable dags retrieved from /opt/airflow/dags/hadoop-2.7.3/share/hadoop/common/lib/commons-httpclient-3.1.jar
[2022-10-22T00:03:43.500+0000] {processor.py:178} INFO - Processing /opt/airflow/dags/hadoop-2.7.3/share/hadoop/common/lib/commons-httpclient-3.1.jar took 0.102 seconds
[2022-10-22T00:04:17.414+0000] {processor.py:156} INFO - Started process (PID=18440) to work on /opt/airflow/dags/hadoop-2.7.3/share/hadoop/common/lib/commons-httpclient-3.1.jar
[2022-10-22T00:04:17.418+0000] {processor.py:758} INFO - Processing file /opt/airflow/dags/hadoop-2.7.3/share/hadoop/common/lib/commons-httpclient-3.1.jar for tasks to queue
[2022-10-22T00:04:17.422+0000] {logging_mixin.py:117} INFO - [2022-10-22T00:04:17.421+0000] {dagbag.py:525} INFO - Filling up the DagBag from /opt/airflow/dags/hadoop-2.7.3/share/hadoop/common/lib/commons-httpclient-3.1.jar
[2022-10-22T00:04:17.435+0000] {processor.py:770} WARNING - No viable dags retrieved from /opt/airflow/dags/hadoop-2.7.3/share/hadoop/common/lib/commons-httpclient-3.1.jar
[2022-10-22T00:04:17.491+0000] {processor.py:178} INFO - Processing /opt/airflow/dags/hadoop-2.7.3/share/hadoop/common/lib/commons-httpclient-3.1.jar took 0.084 seconds
[2022-10-22T00:04:31.390+0000] {processor.py:156} INFO - Started process (PID=20959) to work on /opt/airflow/dags/hadoop-2.7.3/share/hadoop/common/lib/commons-httpclient-3.1.jar
[2022-10-22T00:04:31.395+0000] {processor.py:758} INFO - Processing file /opt/airflow/dags/hadoop-2.7.3/share/hadoop/common/lib/commons-httpclient-3.1.jar for tasks to queue
[2022-10-22T00:04:31.397+0000] {logging_mixin.py:117} INFO - [2022-10-22T00:04:31.397+0000] {dagbag.py:525} INFO - Filling up the DagBag from /opt/airflow/dags/hadoop-2.7.3/share/hadoop/common/lib/commons-httpclient-3.1.jar
[2022-10-22T00:04:31.418+0000] {processor.py:770} WARNING - No viable dags retrieved from /opt/airflow/dags/hadoop-2.7.3/share/hadoop/common/lib/commons-httpclient-3.1.jar
[2022-10-22T00:04:31.468+0000] {processor.py:178} INFO - Processing /opt/airflow/dags/hadoop-2.7.3/share/hadoop/common/lib/commons-httpclient-3.1.jar took 0.099 seconds
[2022-10-22T00:05:14.523+0000] {processor.py:156} INFO - Started process (PID=18963) to work on /opt/airflow/dags/hadoop-2.7.3/share/hadoop/common/lib/commons-httpclient-3.1.jar
[2022-10-22T00:05:14.528+0000] {processor.py:758} INFO - Processing file /opt/airflow/dags/hadoop-2.7.3/share/hadoop/common/lib/commons-httpclient-3.1.jar for tasks to queue
[2022-10-22T00:05:14.532+0000] {logging_mixin.py:117} INFO - [2022-10-22T00:05:14.531+0000] {dagbag.py:525} INFO - Filling up the DagBag from /opt/airflow/dags/hadoop-2.7.3/share/hadoop/common/lib/commons-httpclient-3.1.jar
[2022-10-22T00:05:14.544+0000] {processor.py:770} WARNING - No viable dags retrieved from /opt/airflow/dags/hadoop-2.7.3/share/hadoop/common/lib/commons-httpclient-3.1.jar
[2022-10-22T00:05:14.592+0000] {processor.py:178} INFO - Processing /opt/airflow/dags/hadoop-2.7.3/share/hadoop/common/lib/commons-httpclient-3.1.jar took 0.077 seconds
[2022-10-22T00:05:22.098+0000] {processor.py:156} INFO - Started process (PID=21457) to work on /opt/airflow/dags/hadoop-2.7.3/share/hadoop/common/lib/commons-httpclient-3.1.jar
[2022-10-22T00:05:22.108+0000] {processor.py:758} INFO - Processing file /opt/airflow/dags/hadoop-2.7.3/share/hadoop/common/lib/commons-httpclient-3.1.jar for tasks to queue
[2022-10-22T00:05:22.111+0000] {logging_mixin.py:117} INFO - [2022-10-22T00:05:22.111+0000] {dagbag.py:525} INFO - Filling up the DagBag from /opt/airflow/dags/hadoop-2.7.3/share/hadoop/common/lib/commons-httpclient-3.1.jar
[2022-10-22T00:05:22.124+0000] {processor.py:770} WARNING - No viable dags retrieved from /opt/airflow/dags/hadoop-2.7.3/share/hadoop/common/lib/commons-httpclient-3.1.jar
[2022-10-22T00:05:22.175+0000] {processor.py:178} INFO - Processing /opt/airflow/dags/hadoop-2.7.3/share/hadoop/common/lib/commons-httpclient-3.1.jar took 0.084 seconds
[2022-10-22T00:06:01.128+0000] {processor.py:156} INFO - Started process (PID=19419) to work on /opt/airflow/dags/hadoop-2.7.3/share/hadoop/common/lib/commons-httpclient-3.1.jar
[2022-10-22T00:06:01.132+0000] {processor.py:758} INFO - Processing file /opt/airflow/dags/hadoop-2.7.3/share/hadoop/common/lib/commons-httpclient-3.1.jar for tasks to queue
[2022-10-22T00:06:01.136+0000] {logging_mixin.py:117} INFO - [2022-10-22T00:06:01.135+0000] {dagbag.py:525} INFO - Filling up the DagBag from /opt/airflow/dags/hadoop-2.7.3/share/hadoop/common/lib/commons-httpclient-3.1.jar
[2022-10-22T00:06:01.148+0000] {processor.py:770} WARNING - No viable dags retrieved from /opt/airflow/dags/hadoop-2.7.3/share/hadoop/common/lib/commons-httpclient-3.1.jar
[2022-10-22T00:06:01.203+0000] {processor.py:178} INFO - Processing /opt/airflow/dags/hadoop-2.7.3/share/hadoop/common/lib/commons-httpclient-3.1.jar took 0.085 seconds
[2022-10-22T00:06:05.609+0000] {processor.py:156} INFO - Started process (PID=21893) to work on /opt/airflow/dags/hadoop-2.7.3/share/hadoop/common/lib/commons-httpclient-3.1.jar
[2022-10-22T00:06:05.611+0000] {processor.py:758} INFO - Processing file /opt/airflow/dags/hadoop-2.7.3/share/hadoop/common/lib/commons-httpclient-3.1.jar for tasks to queue
[2022-10-22T00:06:05.613+0000] {logging_mixin.py:117} INFO - [2022-10-22T00:06:05.613+0000] {dagbag.py:525} INFO - Filling up the DagBag from /opt/airflow/dags/hadoop-2.7.3/share/hadoop/common/lib/commons-httpclient-3.1.jar
[2022-10-22T00:06:05.654+0000] {processor.py:770} WARNING - No viable dags retrieved from /opt/airflow/dags/hadoop-2.7.3/share/hadoop/common/lib/commons-httpclient-3.1.jar
[2022-10-22T00:06:05.717+0000] {processor.py:178} INFO - Processing /opt/airflow/dags/hadoop-2.7.3/share/hadoop/common/lib/commons-httpclient-3.1.jar took 0.123 seconds
[2022-10-22T00:06:49.625+0000] {processor.py:156} INFO - Started process (PID=19879) to work on /opt/airflow/dags/hadoop-2.7.3/share/hadoop/common/lib/commons-httpclient-3.1.jar
[2022-10-22T00:06:49.628+0000] {processor.py:758} INFO - Processing file /opt/airflow/dags/hadoop-2.7.3/share/hadoop/common/lib/commons-httpclient-3.1.jar for tasks to queue
[2022-10-22T00:06:49.630+0000] {logging_mixin.py:117} INFO - [2022-10-22T00:06:49.630+0000] {dagbag.py:525} INFO - Filling up the DagBag from /opt/airflow/dags/hadoop-2.7.3/share/hadoop/common/lib/commons-httpclient-3.1.jar
[2022-10-22T00:06:49.645+0000] {processor.py:770} WARNING - No viable dags retrieved from /opt/airflow/dags/hadoop-2.7.3/share/hadoop/common/lib/commons-httpclient-3.1.jar
[2022-10-22T00:06:49.690+0000] {processor.py:178} INFO - Processing /opt/airflow/dags/hadoop-2.7.3/share/hadoop/common/lib/commons-httpclient-3.1.jar took 0.074 seconds
[2022-10-22T00:06:51.500+0000] {processor.py:156} INFO - Started process (PID=22351) to work on /opt/airflow/dags/hadoop-2.7.3/share/hadoop/common/lib/commons-httpclient-3.1.jar
[2022-10-22T00:06:51.505+0000] {processor.py:758} INFO - Processing file /opt/airflow/dags/hadoop-2.7.3/share/hadoop/common/lib/commons-httpclient-3.1.jar for tasks to queue
[2022-10-22T00:06:51.513+0000] {logging_mixin.py:117} INFO - [2022-10-22T00:06:51.513+0000] {dagbag.py:525} INFO - Filling up the DagBag from /opt/airflow/dags/hadoop-2.7.3/share/hadoop/common/lib/commons-httpclient-3.1.jar
[2022-10-22T00:06:51.540+0000] {processor.py:770} WARNING - No viable dags retrieved from /opt/airflow/dags/hadoop-2.7.3/share/hadoop/common/lib/commons-httpclient-3.1.jar
[2022-10-22T00:06:51.626+0000] {processor.py:178} INFO - Processing /opt/airflow/dags/hadoop-2.7.3/share/hadoop/common/lib/commons-httpclient-3.1.jar took 0.144 seconds
[2022-10-22T00:07:33.126+0000] {processor.py:156} INFO - Started process (PID=22780) to work on /opt/airflow/dags/hadoop-2.7.3/share/hadoop/common/lib/commons-httpclient-3.1.jar
[2022-10-22T00:07:33.141+0000] {processor.py:758} INFO - Processing file /opt/airflow/dags/hadoop-2.7.3/share/hadoop/common/lib/commons-httpclient-3.1.jar for tasks to queue
[2022-10-22T00:07:33.144+0000] {logging_mixin.py:117} INFO - [2022-10-22T00:07:33.143+0000] {dagbag.py:525} INFO - Filling up the DagBag from /opt/airflow/dags/hadoop-2.7.3/share/hadoop/common/lib/commons-httpclient-3.1.jar
[2022-10-22T00:07:33.161+0000] {processor.py:770} WARNING - No viable dags retrieved from /opt/airflow/dags/hadoop-2.7.3/share/hadoop/common/lib/commons-httpclient-3.1.jar
[2022-10-22T00:07:33.219+0000] {processor.py:178} INFO - Processing /opt/airflow/dags/hadoop-2.7.3/share/hadoop/common/lib/commons-httpclient-3.1.jar took 0.107 seconds
[2022-10-22T00:07:33.847+0000] {processor.py:156} INFO - Started process (PID=20322) to work on /opt/airflow/dags/hadoop-2.7.3/share/hadoop/common/lib/commons-httpclient-3.1.jar
[2022-10-22T00:07:33.856+0000] {processor.py:758} INFO - Processing file /opt/airflow/dags/hadoop-2.7.3/share/hadoop/common/lib/commons-httpclient-3.1.jar for tasks to queue
[2022-10-22T00:07:33.861+0000] {logging_mixin.py:117} INFO - [2022-10-22T00:07:33.860+0000] {dagbag.py:525} INFO - Filling up the DagBag from /opt/airflow/dags/hadoop-2.7.3/share/hadoop/common/lib/commons-httpclient-3.1.jar
[2022-10-22T00:07:33.877+0000] {processor.py:770} WARNING - No viable dags retrieved from /opt/airflow/dags/hadoop-2.7.3/share/hadoop/common/lib/commons-httpclient-3.1.jar
[2022-10-22T00:07:33.931+0000] {processor.py:178} INFO - Processing /opt/airflow/dags/hadoop-2.7.3/share/hadoop/common/lib/commons-httpclient-3.1.jar took 0.097 seconds
[2022-10-22T00:08:37.955+0000] {processor.py:156} INFO - Started process (PID=20556) to work on /opt/airflow/dags/hadoop-2.7.3/share/hadoop/common/lib/commons-httpclient-3.1.jar
[2022-10-22T00:08:37.958+0000] {processor.py:758} INFO - Processing file /opt/airflow/dags/hadoop-2.7.3/share/hadoop/common/lib/commons-httpclient-3.1.jar for tasks to queue
[2022-10-22T00:08:37.961+0000] {logging_mixin.py:117} INFO - [2022-10-22T00:08:37.961+0000] {dagbag.py:525} INFO - Filling up the DagBag from /opt/airflow/dags/hadoop-2.7.3/share/hadoop/common/lib/commons-httpclient-3.1.jar
[2022-10-22T00:08:37.980+0000] {processor.py:770} WARNING - No viable dags retrieved from /opt/airflow/dags/hadoop-2.7.3/share/hadoop/common/lib/commons-httpclient-3.1.jar
[2022-10-22T00:08:38.053+0000] {processor.py:178} INFO - Processing /opt/airflow/dags/hadoop-2.7.3/share/hadoop/common/lib/commons-httpclient-3.1.jar took 0.116 seconds
[2022-10-22T00:09:02.039+0000] {processor.py:156} INFO - Started process (PID=23259) to work on /opt/airflow/dags/hadoop-2.7.3/share/hadoop/common/lib/commons-httpclient-3.1.jar
[2022-10-22T00:09:02.042+0000] {processor.py:758} INFO - Processing file /opt/airflow/dags/hadoop-2.7.3/share/hadoop/common/lib/commons-httpclient-3.1.jar for tasks to queue
[2022-10-22T00:09:02.047+0000] {logging_mixin.py:117} INFO - [2022-10-22T00:09:02.047+0000] {dagbag.py:525} INFO - Filling up the DagBag from /opt/airflow/dags/hadoop-2.7.3/share/hadoop/common/lib/commons-httpclient-3.1.jar
[2022-10-22T00:09:02.073+0000] {processor.py:770} WARNING - No viable dags retrieved from /opt/airflow/dags/hadoop-2.7.3/share/hadoop/common/lib/commons-httpclient-3.1.jar
[2022-10-22T00:09:02.134+0000] {processor.py:178} INFO - Processing /opt/airflow/dags/hadoop-2.7.3/share/hadoop/common/lib/commons-httpclient-3.1.jar took 0.110 seconds
[2022-10-22T00:09:22.793+0000] {processor.py:156} INFO - Started process (PID=20951) to work on /opt/airflow/dags/hadoop-2.7.3/share/hadoop/common/lib/commons-httpclient-3.1.jar
[2022-10-22T00:09:22.804+0000] {processor.py:758} INFO - Processing file /opt/airflow/dags/hadoop-2.7.3/share/hadoop/common/lib/commons-httpclient-3.1.jar for tasks to queue
[2022-10-22T00:09:22.810+0000] {logging_mixin.py:117} INFO - [2022-10-22T00:09:22.810+0000] {dagbag.py:525} INFO - Filling up the DagBag from /opt/airflow/dags/hadoop-2.7.3/share/hadoop/common/lib/commons-httpclient-3.1.jar
[2022-10-22T00:09:22.825+0000] {processor.py:770} WARNING - No viable dags retrieved from /opt/airflow/dags/hadoop-2.7.3/share/hadoop/common/lib/commons-httpclient-3.1.jar
[2022-10-22T00:09:22.876+0000] {processor.py:178} INFO - Processing /opt/airflow/dags/hadoop-2.7.3/share/hadoop/common/lib/commons-httpclient-3.1.jar took 0.090 seconds
[2022-10-22T00:09:55.730+0000] {processor.py:156} INFO - Started process (PID=23781) to work on /opt/airflow/dags/hadoop-2.7.3/share/hadoop/common/lib/commons-httpclient-3.1.jar
[2022-10-22T00:09:55.734+0000] {processor.py:758} INFO - Processing file /opt/airflow/dags/hadoop-2.7.3/share/hadoop/common/lib/commons-httpclient-3.1.jar for tasks to queue
[2022-10-22T00:09:55.737+0000] {logging_mixin.py:117} INFO - [2022-10-22T00:09:55.736+0000] {dagbag.py:525} INFO - Filling up the DagBag from /opt/airflow/dags/hadoop-2.7.3/share/hadoop/common/lib/commons-httpclient-3.1.jar
[2022-10-22T00:09:55.747+0000] {processor.py:770} WARNING - No viable dags retrieved from /opt/airflow/dags/hadoop-2.7.3/share/hadoop/common/lib/commons-httpclient-3.1.jar
[2022-10-22T00:09:55.776+0000] {processor.py:178} INFO - Processing /opt/airflow/dags/hadoop-2.7.3/share/hadoop/common/lib/commons-httpclient-3.1.jar took 0.055 seconds
[2022-10-22T00:11:20.852+0000] {processor.py:156} INFO - Started process (PID=21441) to work on /opt/airflow/dags/hadoop-2.7.3/share/hadoop/common/lib/commons-httpclient-3.1.jar
[2022-10-22T00:11:20.856+0000] {processor.py:758} INFO - Processing file /opt/airflow/dags/hadoop-2.7.3/share/hadoop/common/lib/commons-httpclient-3.1.jar for tasks to queue
[2022-10-22T00:11:20.860+0000] {logging_mixin.py:117} INFO - [2022-10-22T00:11:20.859+0000] {dagbag.py:525} INFO - Filling up the DagBag from /opt/airflow/dags/hadoop-2.7.3/share/hadoop/common/lib/commons-httpclient-3.1.jar
[2022-10-22T00:11:20.873+0000] {processor.py:770} WARNING - No viable dags retrieved from /opt/airflow/dags/hadoop-2.7.3/share/hadoop/common/lib/commons-httpclient-3.1.jar
[2022-10-22T00:11:20.932+0000] {processor.py:178} INFO - Processing /opt/airflow/dags/hadoop-2.7.3/share/hadoop/common/lib/commons-httpclient-3.1.jar took 0.110 seconds
[2022-10-22T00:11:25.471+0000] {processor.py:156} INFO - Started process (PID=23996) to work on /opt/airflow/dags/hadoop-2.7.3/share/hadoop/common/lib/commons-httpclient-3.1.jar
[2022-10-22T00:11:25.479+0000] {processor.py:758} INFO - Processing file /opt/airflow/dags/hadoop-2.7.3/share/hadoop/common/lib/commons-httpclient-3.1.jar for tasks to queue
[2022-10-22T00:11:25.481+0000] {logging_mixin.py:117} INFO - [2022-10-22T00:11:25.480+0000] {dagbag.py:525} INFO - Filling up the DagBag from /opt/airflow/dags/hadoop-2.7.3/share/hadoop/common/lib/commons-httpclient-3.1.jar
[2022-10-22T00:11:25.498+0000] {processor.py:770} WARNING - No viable dags retrieved from /opt/airflow/dags/hadoop-2.7.3/share/hadoop/common/lib/commons-httpclient-3.1.jar
[2022-10-22T00:11:25.536+0000] {processor.py:178} INFO - Processing /opt/airflow/dags/hadoop-2.7.3/share/hadoop/common/lib/commons-httpclient-3.1.jar took 0.070 seconds
[2022-10-22T00:11:56.779+0000] {processor.py:156} INFO - Started process (PID=21948) to work on /opt/airflow/dags/hadoop-2.7.3/share/hadoop/common/lib/commons-httpclient-3.1.jar
[2022-10-22T00:11:56.782+0000] {processor.py:758} INFO - Processing file /opt/airflow/dags/hadoop-2.7.3/share/hadoop/common/lib/commons-httpclient-3.1.jar for tasks to queue
[2022-10-22T00:11:56.783+0000] {logging_mixin.py:117} INFO - [2022-10-22T00:11:56.783+0000] {dagbag.py:525} INFO - Filling up the DagBag from /opt/airflow/dags/hadoop-2.7.3/share/hadoop/common/lib/commons-httpclient-3.1.jar
[2022-10-22T00:11:56.791+0000] {processor.py:770} WARNING - No viable dags retrieved from /opt/airflow/dags/hadoop-2.7.3/share/hadoop/common/lib/commons-httpclient-3.1.jar
[2022-10-22T00:11:56.818+0000] {processor.py:178} INFO - Processing /opt/airflow/dags/hadoop-2.7.3/share/hadoop/common/lib/commons-httpclient-3.1.jar took 0.045 seconds
[2022-10-22T00:12:01.961+0000] {processor.py:156} INFO - Started process (PID=24506) to work on /opt/airflow/dags/hadoop-2.7.3/share/hadoop/common/lib/commons-httpclient-3.1.jar
[2022-10-22T00:12:01.964+0000] {processor.py:758} INFO - Processing file /opt/airflow/dags/hadoop-2.7.3/share/hadoop/common/lib/commons-httpclient-3.1.jar for tasks to queue
[2022-10-22T00:12:01.968+0000] {logging_mixin.py:117} INFO - [2022-10-22T00:12:01.967+0000] {dagbag.py:525} INFO - Filling up the DagBag from /opt/airflow/dags/hadoop-2.7.3/share/hadoop/common/lib/commons-httpclient-3.1.jar
[2022-10-22T00:12:01.981+0000] {processor.py:770} WARNING - No viable dags retrieved from /opt/airflow/dags/hadoop-2.7.3/share/hadoop/common/lib/commons-httpclient-3.1.jar
[2022-10-22T00:12:02.026+0000] {processor.py:178} INFO - Processing /opt/airflow/dags/hadoop-2.7.3/share/hadoop/common/lib/commons-httpclient-3.1.jar took 0.083 seconds
[2022-10-22T00:12:50.154+0000] {processor.py:156} INFO - Started process (PID=24831) to work on /opt/airflow/dags/hadoop-2.7.3/share/hadoop/common/lib/commons-httpclient-3.1.jar
[2022-10-22T00:12:50.166+0000] {processor.py:758} INFO - Processing file /opt/airflow/dags/hadoop-2.7.3/share/hadoop/common/lib/commons-httpclient-3.1.jar for tasks to queue
[2022-10-22T00:12:50.176+0000] {logging_mixin.py:117} INFO - [2022-10-22T00:12:50.173+0000] {dagbag.py:525} INFO - Filling up the DagBag from /opt/airflow/dags/hadoop-2.7.3/share/hadoop/common/lib/commons-httpclient-3.1.jar
[2022-10-22T00:12:50.212+0000] {processor.py:770} WARNING - No viable dags retrieved from /opt/airflow/dags/hadoop-2.7.3/share/hadoop/common/lib/commons-httpclient-3.1.jar
[2022-10-22T00:12:50.329+0000] {processor.py:178} INFO - Processing /opt/airflow/dags/hadoop-2.7.3/share/hadoop/common/lib/commons-httpclient-3.1.jar took 0.204 seconds
[2022-10-22T00:15:03.696+0000] {processor.py:156} INFO - Started process (PID=22419) to work on /opt/airflow/dags/hadoop-2.7.3/share/hadoop/common/lib/commons-httpclient-3.1.jar
[2022-10-22T00:15:03.699+0000] {processor.py:758} INFO - Processing file /opt/airflow/dags/hadoop-2.7.3/share/hadoop/common/lib/commons-httpclient-3.1.jar for tasks to queue
[2022-10-22T00:15:03.704+0000] {logging_mixin.py:117} INFO - [2022-10-22T00:15:03.703+0000] {dagbag.py:525} INFO - Filling up the DagBag from /opt/airflow/dags/hadoop-2.7.3/share/hadoop/common/lib/commons-httpclient-3.1.jar
[2022-10-22T00:15:03.717+0000] {processor.py:770} WARNING - No viable dags retrieved from /opt/airflow/dags/hadoop-2.7.3/share/hadoop/common/lib/commons-httpclient-3.1.jar
[2022-10-22T00:15:03.749+0000] {processor.py:178} INFO - Processing /opt/airflow/dags/hadoop-2.7.3/share/hadoop/common/lib/commons-httpclient-3.1.jar took 0.070 seconds
[2022-10-22T00:15:14.891+0000] {processor.py:156} INFO - Started process (PID=24979) to work on /opt/airflow/dags/hadoop-2.7.3/share/hadoop/common/lib/commons-httpclient-3.1.jar
[2022-10-22T00:15:14.896+0000] {processor.py:758} INFO - Processing file /opt/airflow/dags/hadoop-2.7.3/share/hadoop/common/lib/commons-httpclient-3.1.jar for tasks to queue
[2022-10-22T00:15:14.900+0000] {logging_mixin.py:117} INFO - [2022-10-22T00:15:14.899+0000] {dagbag.py:525} INFO - Filling up the DagBag from /opt/airflow/dags/hadoop-2.7.3/share/hadoop/common/lib/commons-httpclient-3.1.jar
[2022-10-22T00:15:14.918+0000] {processor.py:770} WARNING - No viable dags retrieved from /opt/airflow/dags/hadoop-2.7.3/share/hadoop/common/lib/commons-httpclient-3.1.jar
[2022-10-22T00:15:14.963+0000] {processor.py:178} INFO - Processing /opt/airflow/dags/hadoop-2.7.3/share/hadoop/common/lib/commons-httpclient-3.1.jar took 0.091 seconds
[2022-10-22T00:15:51.698+0000] {processor.py:156} INFO - Started process (PID=22934) to work on /opt/airflow/dags/hadoop-2.7.3/share/hadoop/common/lib/commons-httpclient-3.1.jar
[2022-10-22T00:15:51.706+0000] {processor.py:758} INFO - Processing file /opt/airflow/dags/hadoop-2.7.3/share/hadoop/common/lib/commons-httpclient-3.1.jar for tasks to queue
[2022-10-22T00:15:51.709+0000] {logging_mixin.py:117} INFO - [2022-10-22T00:15:51.708+0000] {dagbag.py:525} INFO - Filling up the DagBag from /opt/airflow/dags/hadoop-2.7.3/share/hadoop/common/lib/commons-httpclient-3.1.jar
[2022-10-22T00:15:51.724+0000] {processor.py:770} WARNING - No viable dags retrieved from /opt/airflow/dags/hadoop-2.7.3/share/hadoop/common/lib/commons-httpclient-3.1.jar
[2022-10-22T00:15:51.776+0000] {processor.py:178} INFO - Processing /opt/airflow/dags/hadoop-2.7.3/share/hadoop/common/lib/commons-httpclient-3.1.jar took 0.092 seconds
[2022-10-22T00:16:02.577+0000] {processor.py:156} INFO - Started process (PID=25502) to work on /opt/airflow/dags/hadoop-2.7.3/share/hadoop/common/lib/commons-httpclient-3.1.jar
[2022-10-22T00:16:02.580+0000] {processor.py:758} INFO - Processing file /opt/airflow/dags/hadoop-2.7.3/share/hadoop/common/lib/commons-httpclient-3.1.jar for tasks to queue
[2022-10-22T00:16:02.583+0000] {logging_mixin.py:117} INFO - [2022-10-22T00:16:02.582+0000] {dagbag.py:525} INFO - Filling up the DagBag from /opt/airflow/dags/hadoop-2.7.3/share/hadoop/common/lib/commons-httpclient-3.1.jar
[2022-10-22T00:16:02.593+0000] {processor.py:770} WARNING - No viable dags retrieved from /opt/airflow/dags/hadoop-2.7.3/share/hadoop/common/lib/commons-httpclient-3.1.jar
[2022-10-22T00:16:02.641+0000] {processor.py:178} INFO - Processing /opt/airflow/dags/hadoop-2.7.3/share/hadoop/common/lib/commons-httpclient-3.1.jar took 0.082 seconds
[2022-10-22T00:16:29.478+0000] {processor.py:156} INFO - Started process (PID=23346) to work on /opt/airflow/dags/hadoop-2.7.3/share/hadoop/common/lib/commons-httpclient-3.1.jar
[2022-10-22T00:16:29.481+0000] {processor.py:758} INFO - Processing file /opt/airflow/dags/hadoop-2.7.3/share/hadoop/common/lib/commons-httpclient-3.1.jar for tasks to queue
[2022-10-22T00:16:29.484+0000] {logging_mixin.py:117} INFO - [2022-10-22T00:16:29.484+0000] {dagbag.py:525} INFO - Filling up the DagBag from /opt/airflow/dags/hadoop-2.7.3/share/hadoop/common/lib/commons-httpclient-3.1.jar
[2022-10-22T00:16:29.494+0000] {processor.py:770} WARNING - No viable dags retrieved from /opt/airflow/dags/hadoop-2.7.3/share/hadoop/common/lib/commons-httpclient-3.1.jar
[2022-10-22T00:16:29.532+0000] {processor.py:178} INFO - Processing /opt/airflow/dags/hadoop-2.7.3/share/hadoop/common/lib/commons-httpclient-3.1.jar took 0.061 seconds
[2022-10-22T00:16:49.115+0000] {processor.py:156} INFO - Started process (PID=26018) to work on /opt/airflow/dags/hadoop-2.7.3/share/hadoop/common/lib/commons-httpclient-3.1.jar
[2022-10-22T00:16:49.117+0000] {processor.py:758} INFO - Processing file /opt/airflow/dags/hadoop-2.7.3/share/hadoop/common/lib/commons-httpclient-3.1.jar for tasks to queue
[2022-10-22T00:16:49.119+0000] {logging_mixin.py:117} INFO - [2022-10-22T00:16:49.119+0000] {dagbag.py:525} INFO - Filling up the DagBag from /opt/airflow/dags/hadoop-2.7.3/share/hadoop/common/lib/commons-httpclient-3.1.jar
[2022-10-22T00:16:49.139+0000] {processor.py:770} WARNING - No viable dags retrieved from /opt/airflow/dags/hadoop-2.7.3/share/hadoop/common/lib/commons-httpclient-3.1.jar
[2022-10-22T00:16:49.176+0000] {processor.py:178} INFO - Processing /opt/airflow/dags/hadoop-2.7.3/share/hadoop/common/lib/commons-httpclient-3.1.jar took 0.068 seconds
[2022-10-22T00:17:18.164+0000] {processor.py:156} INFO - Started process (PID=23872) to work on /opt/airflow/dags/hadoop-2.7.3/share/hadoop/common/lib/commons-httpclient-3.1.jar
[2022-10-22T00:17:18.167+0000] {processor.py:758} INFO - Processing file /opt/airflow/dags/hadoop-2.7.3/share/hadoop/common/lib/commons-httpclient-3.1.jar for tasks to queue
[2022-10-22T00:17:18.174+0000] {logging_mixin.py:117} INFO - [2022-10-22T00:17:18.173+0000] {dagbag.py:525} INFO - Filling up the DagBag from /opt/airflow/dags/hadoop-2.7.3/share/hadoop/common/lib/commons-httpclient-3.1.jar
[2022-10-22T00:17:18.221+0000] {processor.py:770} WARNING - No viable dags retrieved from /opt/airflow/dags/hadoop-2.7.3/share/hadoop/common/lib/commons-httpclient-3.1.jar
[2022-10-22T00:17:18.279+0000] {processor.py:178} INFO - Processing /opt/airflow/dags/hadoop-2.7.3/share/hadoop/common/lib/commons-httpclient-3.1.jar took 0.125 seconds
[2022-10-22T00:17:25.874+0000] {processor.py:156} INFO - Started process (PID=26402) to work on /opt/airflow/dags/hadoop-2.7.3/share/hadoop/common/lib/commons-httpclient-3.1.jar
[2022-10-22T00:17:25.877+0000] {processor.py:758} INFO - Processing file /opt/airflow/dags/hadoop-2.7.3/share/hadoop/common/lib/commons-httpclient-3.1.jar for tasks to queue
[2022-10-22T00:17:25.880+0000] {logging_mixin.py:117} INFO - [2022-10-22T00:17:25.879+0000] {dagbag.py:525} INFO - Filling up the DagBag from /opt/airflow/dags/hadoop-2.7.3/share/hadoop/common/lib/commons-httpclient-3.1.jar
[2022-10-22T00:17:25.893+0000] {processor.py:770} WARNING - No viable dags retrieved from /opt/airflow/dags/hadoop-2.7.3/share/hadoop/common/lib/commons-httpclient-3.1.jar
[2022-10-22T00:17:25.935+0000] {processor.py:178} INFO - Processing /opt/airflow/dags/hadoop-2.7.3/share/hadoop/common/lib/commons-httpclient-3.1.jar took 0.067 seconds
[2022-10-22T00:17:58.153+0000] {processor.py:156} INFO - Started process (PID=24281) to work on /opt/airflow/dags/hadoop-2.7.3/share/hadoop/common/lib/commons-httpclient-3.1.jar
[2022-10-22T00:17:58.157+0000] {processor.py:758} INFO - Processing file /opt/airflow/dags/hadoop-2.7.3/share/hadoop/common/lib/commons-httpclient-3.1.jar for tasks to queue
[2022-10-22T00:17:58.160+0000] {logging_mixin.py:117} INFO - [2022-10-22T00:17:58.159+0000] {dagbag.py:525} INFO - Filling up the DagBag from /opt/airflow/dags/hadoop-2.7.3/share/hadoop/common/lib/commons-httpclient-3.1.jar
[2022-10-22T00:17:58.173+0000] {processor.py:770} WARNING - No viable dags retrieved from /opt/airflow/dags/hadoop-2.7.3/share/hadoop/common/lib/commons-httpclient-3.1.jar
[2022-10-22T00:17:58.249+0000] {processor.py:178} INFO - Processing /opt/airflow/dags/hadoop-2.7.3/share/hadoop/common/lib/commons-httpclient-3.1.jar took 0.105 seconds
[2022-10-22T00:18:04.241+0000] {processor.py:156} INFO - Started process (PID=26809) to work on /opt/airflow/dags/hadoop-2.7.3/share/hadoop/common/lib/commons-httpclient-3.1.jar
[2022-10-22T00:18:04.244+0000] {processor.py:758} INFO - Processing file /opt/airflow/dags/hadoop-2.7.3/share/hadoop/common/lib/commons-httpclient-3.1.jar for tasks to queue
[2022-10-22T00:18:04.247+0000] {logging_mixin.py:117} INFO - [2022-10-22T00:18:04.246+0000] {dagbag.py:525} INFO - Filling up the DagBag from /opt/airflow/dags/hadoop-2.7.3/share/hadoop/common/lib/commons-httpclient-3.1.jar
[2022-10-22T00:18:04.272+0000] {processor.py:770} WARNING - No viable dags retrieved from /opt/airflow/dags/hadoop-2.7.3/share/hadoop/common/lib/commons-httpclient-3.1.jar
[2022-10-22T00:18:04.350+0000] {processor.py:178} INFO - Processing /opt/airflow/dags/hadoop-2.7.3/share/hadoop/common/lib/commons-httpclient-3.1.jar took 0.120 seconds
[2022-10-22T00:18:38.018+0000] {processor.py:156} INFO - Started process (PID=24689) to work on /opt/airflow/dags/hadoop-2.7.3/share/hadoop/common/lib/commons-httpclient-3.1.jar
[2022-10-22T00:18:38.021+0000] {processor.py:758} INFO - Processing file /opt/airflow/dags/hadoop-2.7.3/share/hadoop/common/lib/commons-httpclient-3.1.jar for tasks to queue
[2022-10-22T00:18:38.026+0000] {logging_mixin.py:117} INFO - [2022-10-22T00:18:38.023+0000] {dagbag.py:525} INFO - Filling up the DagBag from /opt/airflow/dags/hadoop-2.7.3/share/hadoop/common/lib/commons-httpclient-3.1.jar
[2022-10-22T00:18:38.043+0000] {processor.py:770} WARNING - No viable dags retrieved from /opt/airflow/dags/hadoop-2.7.3/share/hadoop/common/lib/commons-httpclient-3.1.jar
[2022-10-22T00:18:38.106+0000] {processor.py:178} INFO - Processing /opt/airflow/dags/hadoop-2.7.3/share/hadoop/common/lib/commons-httpclient-3.1.jar took 0.124 seconds
[2022-10-22T00:18:38.847+0000] {processor.py:156} INFO - Started process (PID=27190) to work on /opt/airflow/dags/hadoop-2.7.3/share/hadoop/common/lib/commons-httpclient-3.1.jar
[2022-10-22T00:18:38.850+0000] {processor.py:758} INFO - Processing file /opt/airflow/dags/hadoop-2.7.3/share/hadoop/common/lib/commons-httpclient-3.1.jar for tasks to queue
[2022-10-22T00:18:38.853+0000] {logging_mixin.py:117} INFO - [2022-10-22T00:18:38.852+0000] {dagbag.py:525} INFO - Filling up the DagBag from /opt/airflow/dags/hadoop-2.7.3/share/hadoop/common/lib/commons-httpclient-3.1.jar
[2022-10-22T00:18:38.864+0000] {processor.py:770} WARNING - No viable dags retrieved from /opt/airflow/dags/hadoop-2.7.3/share/hadoop/common/lib/commons-httpclient-3.1.jar
[2022-10-22T00:18:38.910+0000] {processor.py:178} INFO - Processing /opt/airflow/dags/hadoop-2.7.3/share/hadoop/common/lib/commons-httpclient-3.1.jar took 0.070 seconds
[2022-10-22T00:19:15.453+0000] {processor.py:156} INFO - Started process (PID=27569) to work on /opt/airflow/dags/hadoop-2.7.3/share/hadoop/common/lib/commons-httpclient-3.1.jar
[2022-10-22T00:19:15.457+0000] {processor.py:758} INFO - Processing file /opt/airflow/dags/hadoop-2.7.3/share/hadoop/common/lib/commons-httpclient-3.1.jar for tasks to queue
[2022-10-22T00:19:15.460+0000] {logging_mixin.py:117} INFO - [2022-10-22T00:19:15.460+0000] {dagbag.py:525} INFO - Filling up the DagBag from /opt/airflow/dags/hadoop-2.7.3/share/hadoop/common/lib/commons-httpclient-3.1.jar
[2022-10-22T00:19:15.472+0000] {processor.py:770} WARNING - No viable dags retrieved from /opt/airflow/dags/hadoop-2.7.3/share/hadoop/common/lib/commons-httpclient-3.1.jar
[2022-10-22T00:19:15.517+0000] {processor.py:178} INFO - Processing /opt/airflow/dags/hadoop-2.7.3/share/hadoop/common/lib/commons-httpclient-3.1.jar took 0.101 seconds
[2022-10-22T00:19:16.745+0000] {processor.py:156} INFO - Started process (PID=25092) to work on /opt/airflow/dags/hadoop-2.7.3/share/hadoop/common/lib/commons-httpclient-3.1.jar
[2022-10-22T00:19:16.748+0000] {processor.py:758} INFO - Processing file /opt/airflow/dags/hadoop-2.7.3/share/hadoop/common/lib/commons-httpclient-3.1.jar for tasks to queue
[2022-10-22T00:19:16.762+0000] {logging_mixin.py:117} INFO - [2022-10-22T00:19:16.761+0000] {dagbag.py:525} INFO - Filling up the DagBag from /opt/airflow/dags/hadoop-2.7.3/share/hadoop/common/lib/commons-httpclient-3.1.jar
[2022-10-22T00:19:16.773+0000] {processor.py:770} WARNING - No viable dags retrieved from /opt/airflow/dags/hadoop-2.7.3/share/hadoop/common/lib/commons-httpclient-3.1.jar
[2022-10-22T00:19:16.801+0000] {processor.py:178} INFO - Processing /opt/airflow/dags/hadoop-2.7.3/share/hadoop/common/lib/commons-httpclient-3.1.jar took 0.074 seconds
[2022-10-22T00:20:16.586+0000] {processor.py:156} INFO - Started process (PID=25339) to work on /opt/airflow/dags/hadoop-2.7.3/share/hadoop/common/lib/commons-httpclient-3.1.jar
[2022-10-22T00:20:16.596+0000] {processor.py:758} INFO - Processing file /opt/airflow/dags/hadoop-2.7.3/share/hadoop/common/lib/commons-httpclient-3.1.jar for tasks to queue
[2022-10-22T00:20:16.609+0000] {logging_mixin.py:117} INFO - [2022-10-22T00:20:16.609+0000] {dagbag.py:525} INFO - Filling up the DagBag from /opt/airflow/dags/hadoop-2.7.3/share/hadoop/common/lib/commons-httpclient-3.1.jar
[2022-10-22T00:20:16.630+0000] {processor.py:770} WARNING - No viable dags retrieved from /opt/airflow/dags/hadoop-2.7.3/share/hadoop/common/lib/commons-httpclient-3.1.jar
[2022-10-22T00:20:16.678+0000] {processor.py:178} INFO - Processing /opt/airflow/dags/hadoop-2.7.3/share/hadoop/common/lib/commons-httpclient-3.1.jar took 0.109 seconds
[2022-10-22T00:20:34.544+0000] {processor.py:156} INFO - Started process (PID=28018) to work on /opt/airflow/dags/hadoop-2.7.3/share/hadoop/common/lib/commons-httpclient-3.1.jar
[2022-10-22T00:20:34.547+0000] {processor.py:758} INFO - Processing file /opt/airflow/dags/hadoop-2.7.3/share/hadoop/common/lib/commons-httpclient-3.1.jar for tasks to queue
[2022-10-22T00:20:34.551+0000] {logging_mixin.py:117} INFO - [2022-10-22T00:20:34.550+0000] {dagbag.py:525} INFO - Filling up the DagBag from /opt/airflow/dags/hadoop-2.7.3/share/hadoop/common/lib/commons-httpclient-3.1.jar
[2022-10-22T00:20:34.567+0000] {processor.py:770} WARNING - No viable dags retrieved from /opt/airflow/dags/hadoop-2.7.3/share/hadoop/common/lib/commons-httpclient-3.1.jar
[2022-10-22T00:20:34.622+0000] {processor.py:178} INFO - Processing /opt/airflow/dags/hadoop-2.7.3/share/hadoop/common/lib/commons-httpclient-3.1.jar took 0.085 seconds
[2022-10-22T00:20:58.470+0000] {processor.py:156} INFO - Started process (PID=25738) to work on /opt/airflow/dags/hadoop-2.7.3/share/hadoop/common/lib/commons-httpclient-3.1.jar
[2022-10-22T00:20:58.474+0000] {processor.py:758} INFO - Processing file /opt/airflow/dags/hadoop-2.7.3/share/hadoop/common/lib/commons-httpclient-3.1.jar for tasks to queue
[2022-10-22T00:20:58.477+0000] {logging_mixin.py:117} INFO - [2022-10-22T00:20:58.477+0000] {dagbag.py:525} INFO - Filling up the DagBag from /opt/airflow/dags/hadoop-2.7.3/share/hadoop/common/lib/commons-httpclient-3.1.jar
[2022-10-22T00:20:58.503+0000] {processor.py:770} WARNING - No viable dags retrieved from /opt/airflow/dags/hadoop-2.7.3/share/hadoop/common/lib/commons-httpclient-3.1.jar
[2022-10-22T00:20:58.589+0000] {processor.py:178} INFO - Processing /opt/airflow/dags/hadoop-2.7.3/share/hadoop/common/lib/commons-httpclient-3.1.jar took 0.122 seconds
[2022-10-22T00:21:11.494+0000] {processor.py:156} INFO - Started process (PID=28397) to work on /opt/airflow/dags/hadoop-2.7.3/share/hadoop/common/lib/commons-httpclient-3.1.jar
[2022-10-22T00:21:11.502+0000] {processor.py:758} INFO - Processing file /opt/airflow/dags/hadoop-2.7.3/share/hadoop/common/lib/commons-httpclient-3.1.jar for tasks to queue
[2022-10-22T00:21:11.510+0000] {logging_mixin.py:117} INFO - [2022-10-22T00:21:11.509+0000] {dagbag.py:525} INFO - Filling up the DagBag from /opt/airflow/dags/hadoop-2.7.3/share/hadoop/common/lib/commons-httpclient-3.1.jar
[2022-10-22T00:21:11.528+0000] {processor.py:770} WARNING - No viable dags retrieved from /opt/airflow/dags/hadoop-2.7.3/share/hadoop/common/lib/commons-httpclient-3.1.jar
[2022-10-22T00:21:11.569+0000] {processor.py:178} INFO - Processing /opt/airflow/dags/hadoop-2.7.3/share/hadoop/common/lib/commons-httpclient-3.1.jar took 0.086 seconds
[2022-10-22T00:21:45.491+0000] {processor.py:156} INFO - Started process (PID=26183) to work on /opt/airflow/dags/hadoop-2.7.3/share/hadoop/common/lib/commons-httpclient-3.1.jar
[2022-10-22T00:21:45.502+0000] {processor.py:758} INFO - Processing file /opt/airflow/dags/hadoop-2.7.3/share/hadoop/common/lib/commons-httpclient-3.1.jar for tasks to queue
[2022-10-22T00:21:45.508+0000] {logging_mixin.py:117} INFO - [2022-10-22T00:21:45.507+0000] {dagbag.py:525} INFO - Filling up the DagBag from /opt/airflow/dags/hadoop-2.7.3/share/hadoop/common/lib/commons-httpclient-3.1.jar
[2022-10-22T00:21:45.550+0000] {processor.py:770} WARNING - No viable dags retrieved from /opt/airflow/dags/hadoop-2.7.3/share/hadoop/common/lib/commons-httpclient-3.1.jar
[2022-10-22T00:21:45.626+0000] {processor.py:178} INFO - Processing /opt/airflow/dags/hadoop-2.7.3/share/hadoop/common/lib/commons-httpclient-3.1.jar took 0.148 seconds
[2022-10-22T00:21:56.664+0000] {processor.py:156} INFO - Started process (PID=28816) to work on /opt/airflow/dags/hadoop-2.7.3/share/hadoop/common/lib/commons-httpclient-3.1.jar
[2022-10-22T00:21:56.674+0000] {processor.py:758} INFO - Processing file /opt/airflow/dags/hadoop-2.7.3/share/hadoop/common/lib/commons-httpclient-3.1.jar for tasks to queue
[2022-10-22T00:21:56.676+0000] {logging_mixin.py:117} INFO - [2022-10-22T00:21:56.676+0000] {dagbag.py:525} INFO - Filling up the DagBag from /opt/airflow/dags/hadoop-2.7.3/share/hadoop/common/lib/commons-httpclient-3.1.jar
[2022-10-22T00:21:56.689+0000] {processor.py:770} WARNING - No viable dags retrieved from /opt/airflow/dags/hadoop-2.7.3/share/hadoop/common/lib/commons-httpclient-3.1.jar
[2022-10-22T00:21:56.727+0000] {processor.py:178} INFO - Processing /opt/airflow/dags/hadoop-2.7.3/share/hadoop/common/lib/commons-httpclient-3.1.jar took 0.072 seconds
[2022-10-22T00:22:37.193+0000] {processor.py:156} INFO - Started process (PID=26655) to work on /opt/airflow/dags/hadoop-2.7.3/share/hadoop/common/lib/commons-httpclient-3.1.jar
[2022-10-22T00:22:37.199+0000] {processor.py:758} INFO - Processing file /opt/airflow/dags/hadoop-2.7.3/share/hadoop/common/lib/commons-httpclient-3.1.jar for tasks to queue
[2022-10-22T00:22:37.206+0000] {logging_mixin.py:117} INFO - [2022-10-22T00:22:37.205+0000] {dagbag.py:525} INFO - Filling up the DagBag from /opt/airflow/dags/hadoop-2.7.3/share/hadoop/common/lib/commons-httpclient-3.1.jar
[2022-10-22T00:22:37.230+0000] {processor.py:770} WARNING - No viable dags retrieved from /opt/airflow/dags/hadoop-2.7.3/share/hadoop/common/lib/commons-httpclient-3.1.jar
[2022-10-22T00:22:37.273+0000] {processor.py:178} INFO - Processing /opt/airflow/dags/hadoop-2.7.3/share/hadoop/common/lib/commons-httpclient-3.1.jar took 0.094 seconds
[2022-10-22T00:22:45.223+0000] {processor.py:156} INFO - Started process (PID=29290) to work on /opt/airflow/dags/hadoop-2.7.3/share/hadoop/common/lib/commons-httpclient-3.1.jar
[2022-10-22T00:22:45.238+0000] {processor.py:758} INFO - Processing file /opt/airflow/dags/hadoop-2.7.3/share/hadoop/common/lib/commons-httpclient-3.1.jar for tasks to queue
[2022-10-22T00:22:45.241+0000] {logging_mixin.py:117} INFO - [2022-10-22T00:22:45.241+0000] {dagbag.py:525} INFO - Filling up the DagBag from /opt/airflow/dags/hadoop-2.7.3/share/hadoop/common/lib/commons-httpclient-3.1.jar
[2022-10-22T00:22:45.264+0000] {processor.py:770} WARNING - No viable dags retrieved from /opt/airflow/dags/hadoop-2.7.3/share/hadoop/common/lib/commons-httpclient-3.1.jar
[2022-10-22T00:22:45.352+0000] {processor.py:178} INFO - Processing /opt/airflow/dags/hadoop-2.7.3/share/hadoop/common/lib/commons-httpclient-3.1.jar took 0.165 seconds
[2022-10-22T00:23:25.684+0000] {processor.py:156} INFO - Started process (PID=27147) to work on /opt/airflow/dags/hadoop-2.7.3/share/hadoop/common/lib/commons-httpclient-3.1.jar
[2022-10-22T00:23:25.688+0000] {processor.py:758} INFO - Processing file /opt/airflow/dags/hadoop-2.7.3/share/hadoop/common/lib/commons-httpclient-3.1.jar for tasks to queue
[2022-10-22T00:23:25.690+0000] {logging_mixin.py:117} INFO - [2022-10-22T00:23:25.690+0000] {dagbag.py:525} INFO - Filling up the DagBag from /opt/airflow/dags/hadoop-2.7.3/share/hadoop/common/lib/commons-httpclient-3.1.jar
[2022-10-22T00:23:25.710+0000] {processor.py:770} WARNING - No viable dags retrieved from /opt/airflow/dags/hadoop-2.7.3/share/hadoop/common/lib/commons-httpclient-3.1.jar
[2022-10-22T00:23:25.756+0000] {processor.py:178} INFO - Processing /opt/airflow/dags/hadoop-2.7.3/share/hadoop/common/lib/commons-httpclient-3.1.jar took 0.086 seconds
[2022-10-22T00:23:31.580+0000] {processor.py:156} INFO - Started process (PID=29787) to work on /opt/airflow/dags/hadoop-2.7.3/share/hadoop/common/lib/commons-httpclient-3.1.jar
[2022-10-22T00:23:31.589+0000] {processor.py:758} INFO - Processing file /opt/airflow/dags/hadoop-2.7.3/share/hadoop/common/lib/commons-httpclient-3.1.jar for tasks to queue
[2022-10-22T00:23:31.597+0000] {logging_mixin.py:117} INFO - [2022-10-22T00:23:31.597+0000] {dagbag.py:525} INFO - Filling up the DagBag from /opt/airflow/dags/hadoop-2.7.3/share/hadoop/common/lib/commons-httpclient-3.1.jar
[2022-10-22T00:23:31.612+0000] {processor.py:770} WARNING - No viable dags retrieved from /opt/airflow/dags/hadoop-2.7.3/share/hadoop/common/lib/commons-httpclient-3.1.jar
[2022-10-22T00:23:31.673+0000] {processor.py:178} INFO - Processing /opt/airflow/dags/hadoop-2.7.3/share/hadoop/common/lib/commons-httpclient-3.1.jar took 0.100 seconds
[2022-10-22T00:23:59.493+0000] {processor.py:156} INFO - Started process (PID=27475) to work on /opt/airflow/dags/hadoop-2.7.3/share/hadoop/common/lib/commons-httpclient-3.1.jar
[2022-10-22T00:23:59.494+0000] {processor.py:758} INFO - Processing file /opt/airflow/dags/hadoop-2.7.3/share/hadoop/common/lib/commons-httpclient-3.1.jar for tasks to queue
[2022-10-22T00:23:59.499+0000] {logging_mixin.py:117} INFO - [2022-10-22T00:23:59.499+0000] {dagbag.py:525} INFO - Filling up the DagBag from /opt/airflow/dags/hadoop-2.7.3/share/hadoop/common/lib/commons-httpclient-3.1.jar
[2022-10-22T00:23:59.507+0000] {processor.py:770} WARNING - No viable dags retrieved from /opt/airflow/dags/hadoop-2.7.3/share/hadoop/common/lib/commons-httpclient-3.1.jar
[2022-10-22T00:23:59.529+0000] {processor.py:178} INFO - Processing /opt/airflow/dags/hadoop-2.7.3/share/hadoop/common/lib/commons-httpclient-3.1.jar took 0.040 seconds
