[2022-10-22T00:00:02.966+0000] {processor.py:156} INFO - Started process (PID=18853) to work on /opt/airflow/dags/hadoop-2.7.3/share/hadoop/common/lib/curator-recipes-2.7.1.jar
[2022-10-22T00:00:02.971+0000] {processor.py:758} INFO - Processing file /opt/airflow/dags/hadoop-2.7.3/share/hadoop/common/lib/curator-recipes-2.7.1.jar for tasks to queue
[2022-10-22T00:00:02.977+0000] {logging_mixin.py:117} INFO - [2022-10-22T00:00:02.976+0000] {dagbag.py:525} INFO - Filling up the DagBag from /opt/airflow/dags/hadoop-2.7.3/share/hadoop/common/lib/curator-recipes-2.7.1.jar
[2022-10-22T00:00:03.004+0000] {processor.py:770} WARNING - No viable dags retrieved from /opt/airflow/dags/hadoop-2.7.3/share/hadoop/common/lib/curator-recipes-2.7.1.jar
[2022-10-22T00:00:03.088+0000] {processor.py:178} INFO - Processing /opt/airflow/dags/hadoop-2.7.3/share/hadoop/common/lib/curator-recipes-2.7.1.jar took 0.139 seconds
[2022-10-22T00:00:31.453+0000] {processor.py:156} INFO - Started process (PID=16889) to work on /opt/airflow/dags/hadoop-2.7.3/share/hadoop/common/lib/curator-recipes-2.7.1.jar
[2022-10-22T00:00:31.460+0000] {processor.py:758} INFO - Processing file /opt/airflow/dags/hadoop-2.7.3/share/hadoop/common/lib/curator-recipes-2.7.1.jar for tasks to queue
[2022-10-22T00:00:31.464+0000] {logging_mixin.py:117} INFO - [2022-10-22T00:00:31.463+0000] {dagbag.py:525} INFO - Filling up the DagBag from /opt/airflow/dags/hadoop-2.7.3/share/hadoop/common/lib/curator-recipes-2.7.1.jar
[2022-10-22T00:00:31.486+0000] {processor.py:770} WARNING - No viable dags retrieved from /opt/airflow/dags/hadoop-2.7.3/share/hadoop/common/lib/curator-recipes-2.7.1.jar
[2022-10-22T00:00:31.565+0000] {processor.py:178} INFO - Processing /opt/airflow/dags/hadoop-2.7.3/share/hadoop/common/lib/curator-recipes-2.7.1.jar took 0.123 seconds
[2022-10-22T00:01:16.774+0000] {processor.py:156} INFO - Started process (PID=17212) to work on /opt/airflow/dags/hadoop-2.7.3/share/hadoop/common/lib/curator-recipes-2.7.1.jar
[2022-10-22T00:01:16.785+0000] {processor.py:758} INFO - Processing file /opt/airflow/dags/hadoop-2.7.3/share/hadoop/common/lib/curator-recipes-2.7.1.jar for tasks to queue
[2022-10-22T00:01:16.788+0000] {logging_mixin.py:117} INFO - [2022-10-22T00:01:16.788+0000] {dagbag.py:525} INFO - Filling up the DagBag from /opt/airflow/dags/hadoop-2.7.3/share/hadoop/common/lib/curator-recipes-2.7.1.jar
[2022-10-22T00:01:16.805+0000] {processor.py:770} WARNING - No viable dags retrieved from /opt/airflow/dags/hadoop-2.7.3/share/hadoop/common/lib/curator-recipes-2.7.1.jar
[2022-10-22T00:01:16.887+0000] {processor.py:178} INFO - Processing /opt/airflow/dags/hadoop-2.7.3/share/hadoop/common/lib/curator-recipes-2.7.1.jar took 0.132 seconds
[2022-10-22T00:01:20.824+0000] {processor.py:156} INFO - Started process (PID=19429) to work on /opt/airflow/dags/hadoop-2.7.3/share/hadoop/common/lib/curator-recipes-2.7.1.jar
[2022-10-22T00:01:20.832+0000] {processor.py:758} INFO - Processing file /opt/airflow/dags/hadoop-2.7.3/share/hadoop/common/lib/curator-recipes-2.7.1.jar for tasks to queue
[2022-10-22T00:01:20.836+0000] {logging_mixin.py:117} INFO - [2022-10-22T00:01:20.835+0000] {dagbag.py:525} INFO - Filling up the DagBag from /opt/airflow/dags/hadoop-2.7.3/share/hadoop/common/lib/curator-recipes-2.7.1.jar
[2022-10-22T00:01:20.874+0000] {processor.py:770} WARNING - No viable dags retrieved from /opt/airflow/dags/hadoop-2.7.3/share/hadoop/common/lib/curator-recipes-2.7.1.jar
[2022-10-22T00:01:20.957+0000] {processor.py:178} INFO - Processing /opt/airflow/dags/hadoop-2.7.3/share/hadoop/common/lib/curator-recipes-2.7.1.jar took 0.153 seconds
[2022-10-22T00:01:58.196+0000] {processor.py:156} INFO - Started process (PID=17513) to work on /opt/airflow/dags/hadoop-2.7.3/share/hadoop/common/lib/curator-recipes-2.7.1.jar
[2022-10-22T00:01:58.205+0000] {processor.py:758} INFO - Processing file /opt/airflow/dags/hadoop-2.7.3/share/hadoop/common/lib/curator-recipes-2.7.1.jar for tasks to queue
[2022-10-22T00:01:58.209+0000] {logging_mixin.py:117} INFO - [2022-10-22T00:01:58.208+0000] {dagbag.py:525} INFO - Filling up the DagBag from /opt/airflow/dags/hadoop-2.7.3/share/hadoop/common/lib/curator-recipes-2.7.1.jar
[2022-10-22T00:01:58.233+0000] {processor.py:770} WARNING - No viable dags retrieved from /opt/airflow/dags/hadoop-2.7.3/share/hadoop/common/lib/curator-recipes-2.7.1.jar
[2022-10-22T00:01:58.323+0000] {processor.py:178} INFO - Processing /opt/airflow/dags/hadoop-2.7.3/share/hadoop/common/lib/curator-recipes-2.7.1.jar took 0.158 seconds
[2022-10-22T00:02:15.430+0000] {processor.py:156} INFO - Started process (PID=19985) to work on /opt/airflow/dags/hadoop-2.7.3/share/hadoop/common/lib/curator-recipes-2.7.1.jar
[2022-10-22T00:02:15.436+0000] {processor.py:758} INFO - Processing file /opt/airflow/dags/hadoop-2.7.3/share/hadoop/common/lib/curator-recipes-2.7.1.jar for tasks to queue
[2022-10-22T00:02:15.439+0000] {logging_mixin.py:117} INFO - [2022-10-22T00:02:15.439+0000] {dagbag.py:525} INFO - Filling up the DagBag from /opt/airflow/dags/hadoop-2.7.3/share/hadoop/common/lib/curator-recipes-2.7.1.jar
[2022-10-22T00:02:15.485+0000] {processor.py:770} WARNING - No viable dags retrieved from /opt/airflow/dags/hadoop-2.7.3/share/hadoop/common/lib/curator-recipes-2.7.1.jar
[2022-10-22T00:02:15.548+0000] {processor.py:178} INFO - Processing /opt/airflow/dags/hadoop-2.7.3/share/hadoop/common/lib/curator-recipes-2.7.1.jar took 0.151 seconds
[2022-10-22T00:03:36.949+0000] {processor.py:156} INFO - Started process (PID=18090) to work on /opt/airflow/dags/hadoop-2.7.3/share/hadoop/common/lib/curator-recipes-2.7.1.jar
[2022-10-22T00:03:36.955+0000] {processor.py:758} INFO - Processing file /opt/airflow/dags/hadoop-2.7.3/share/hadoop/common/lib/curator-recipes-2.7.1.jar for tasks to queue
[2022-10-22T00:03:36.958+0000] {logging_mixin.py:117} INFO - [2022-10-22T00:03:36.957+0000] {dagbag.py:525} INFO - Filling up the DagBag from /opt/airflow/dags/hadoop-2.7.3/share/hadoop/common/lib/curator-recipes-2.7.1.jar
[2022-10-22T00:03:36.968+0000] {processor.py:770} WARNING - No viable dags retrieved from /opt/airflow/dags/hadoop-2.7.3/share/hadoop/common/lib/curator-recipes-2.7.1.jar
[2022-10-22T00:03:37.019+0000] {processor.py:178} INFO - Processing /opt/airflow/dags/hadoop-2.7.3/share/hadoop/common/lib/curator-recipes-2.7.1.jar took 0.079 seconds
[2022-10-22T00:03:44.301+0000] {processor.py:156} INFO - Started process (PID=20538) to work on /opt/airflow/dags/hadoop-2.7.3/share/hadoop/common/lib/curator-recipes-2.7.1.jar
[2022-10-22T00:03:44.305+0000] {processor.py:758} INFO - Processing file /opt/airflow/dags/hadoop-2.7.3/share/hadoop/common/lib/curator-recipes-2.7.1.jar for tasks to queue
[2022-10-22T00:03:44.311+0000] {logging_mixin.py:117} INFO - [2022-10-22T00:03:44.310+0000] {dagbag.py:525} INFO - Filling up the DagBag from /opt/airflow/dags/hadoop-2.7.3/share/hadoop/common/lib/curator-recipes-2.7.1.jar
[2022-10-22T00:03:44.326+0000] {processor.py:770} WARNING - No viable dags retrieved from /opt/airflow/dags/hadoop-2.7.3/share/hadoop/common/lib/curator-recipes-2.7.1.jar
[2022-10-22T00:03:44.397+0000] {processor.py:178} INFO - Processing /opt/airflow/dags/hadoop-2.7.3/share/hadoop/common/lib/curator-recipes-2.7.1.jar took 0.132 seconds
[2022-10-22T00:04:18.199+0000] {processor.py:156} INFO - Started process (PID=18448) to work on /opt/airflow/dags/hadoop-2.7.3/share/hadoop/common/lib/curator-recipes-2.7.1.jar
[2022-10-22T00:04:18.203+0000] {processor.py:758} INFO - Processing file /opt/airflow/dags/hadoop-2.7.3/share/hadoop/common/lib/curator-recipes-2.7.1.jar for tasks to queue
[2022-10-22T00:04:18.210+0000] {logging_mixin.py:117} INFO - [2022-10-22T00:04:18.206+0000] {dagbag.py:525} INFO - Filling up the DagBag from /opt/airflow/dags/hadoop-2.7.3/share/hadoop/common/lib/curator-recipes-2.7.1.jar
[2022-10-22T00:04:18.230+0000] {processor.py:770} WARNING - No viable dags retrieved from /opt/airflow/dags/hadoop-2.7.3/share/hadoop/common/lib/curator-recipes-2.7.1.jar
[2022-10-22T00:04:18.298+0000] {processor.py:178} INFO - Processing /opt/airflow/dags/hadoop-2.7.3/share/hadoop/common/lib/curator-recipes-2.7.1.jar took 0.110 seconds
[2022-10-22T00:04:32.143+0000] {processor.py:156} INFO - Started process (PID=20967) to work on /opt/airflow/dags/hadoop-2.7.3/share/hadoop/common/lib/curator-recipes-2.7.1.jar
[2022-10-22T00:04:32.149+0000] {processor.py:758} INFO - Processing file /opt/airflow/dags/hadoop-2.7.3/share/hadoop/common/lib/curator-recipes-2.7.1.jar for tasks to queue
[2022-10-22T00:04:32.154+0000] {logging_mixin.py:117} INFO - [2022-10-22T00:04:32.154+0000] {dagbag.py:525} INFO - Filling up the DagBag from /opt/airflow/dags/hadoop-2.7.3/share/hadoop/common/lib/curator-recipes-2.7.1.jar
[2022-10-22T00:04:32.174+0000] {processor.py:770} WARNING - No viable dags retrieved from /opt/airflow/dags/hadoop-2.7.3/share/hadoop/common/lib/curator-recipes-2.7.1.jar
[2022-10-22T00:04:32.234+0000] {processor.py:178} INFO - Processing /opt/airflow/dags/hadoop-2.7.3/share/hadoop/common/lib/curator-recipes-2.7.1.jar took 0.109 seconds
[2022-10-22T00:05:15.384+0000] {processor.py:156} INFO - Started process (PID=18971) to work on /opt/airflow/dags/hadoop-2.7.3/share/hadoop/common/lib/curator-recipes-2.7.1.jar
[2022-10-22T00:05:15.387+0000] {processor.py:758} INFO - Processing file /opt/airflow/dags/hadoop-2.7.3/share/hadoop/common/lib/curator-recipes-2.7.1.jar for tasks to queue
[2022-10-22T00:05:15.395+0000] {logging_mixin.py:117} INFO - [2022-10-22T00:05:15.394+0000] {dagbag.py:525} INFO - Filling up the DagBag from /opt/airflow/dags/hadoop-2.7.3/share/hadoop/common/lib/curator-recipes-2.7.1.jar
[2022-10-22T00:05:15.421+0000] {processor.py:770} WARNING - No viable dags retrieved from /opt/airflow/dags/hadoop-2.7.3/share/hadoop/common/lib/curator-recipes-2.7.1.jar
[2022-10-22T00:05:15.458+0000] {processor.py:178} INFO - Processing /opt/airflow/dags/hadoop-2.7.3/share/hadoop/common/lib/curator-recipes-2.7.1.jar took 0.084 seconds
[2022-10-22T00:05:22.976+0000] {processor.py:156} INFO - Started process (PID=21465) to work on /opt/airflow/dags/hadoop-2.7.3/share/hadoop/common/lib/curator-recipes-2.7.1.jar
[2022-10-22T00:05:22.979+0000] {processor.py:758} INFO - Processing file /opt/airflow/dags/hadoop-2.7.3/share/hadoop/common/lib/curator-recipes-2.7.1.jar for tasks to queue
[2022-10-22T00:05:22.982+0000] {logging_mixin.py:117} INFO - [2022-10-22T00:05:22.981+0000] {dagbag.py:525} INFO - Filling up the DagBag from /opt/airflow/dags/hadoop-2.7.3/share/hadoop/common/lib/curator-recipes-2.7.1.jar
[2022-10-22T00:05:23.007+0000] {processor.py:770} WARNING - No viable dags retrieved from /opt/airflow/dags/hadoop-2.7.3/share/hadoop/common/lib/curator-recipes-2.7.1.jar
[2022-10-22T00:05:23.075+0000] {processor.py:178} INFO - Processing /opt/airflow/dags/hadoop-2.7.3/share/hadoop/common/lib/curator-recipes-2.7.1.jar took 0.112 seconds
[2022-10-22T00:06:01.960+0000] {processor.py:156} INFO - Started process (PID=19427) to work on /opt/airflow/dags/hadoop-2.7.3/share/hadoop/common/lib/curator-recipes-2.7.1.jar
[2022-10-22T00:06:01.963+0000] {processor.py:758} INFO - Processing file /opt/airflow/dags/hadoop-2.7.3/share/hadoop/common/lib/curator-recipes-2.7.1.jar for tasks to queue
[2022-10-22T00:06:01.965+0000] {logging_mixin.py:117} INFO - [2022-10-22T00:06:01.965+0000] {dagbag.py:525} INFO - Filling up the DagBag from /opt/airflow/dags/hadoop-2.7.3/share/hadoop/common/lib/curator-recipes-2.7.1.jar
[2022-10-22T00:06:01.982+0000] {processor.py:770} WARNING - No viable dags retrieved from /opt/airflow/dags/hadoop-2.7.3/share/hadoop/common/lib/curator-recipes-2.7.1.jar
[2022-10-22T00:06:02.104+0000] {processor.py:178} INFO - Processing /opt/airflow/dags/hadoop-2.7.3/share/hadoop/common/lib/curator-recipes-2.7.1.jar took 0.153 seconds
[2022-10-22T00:06:06.344+0000] {processor.py:156} INFO - Started process (PID=21901) to work on /opt/airflow/dags/hadoop-2.7.3/share/hadoop/common/lib/curator-recipes-2.7.1.jar
[2022-10-22T00:06:06.348+0000] {processor.py:758} INFO - Processing file /opt/airflow/dags/hadoop-2.7.3/share/hadoop/common/lib/curator-recipes-2.7.1.jar for tasks to queue
[2022-10-22T00:06:06.350+0000] {logging_mixin.py:117} INFO - [2022-10-22T00:06:06.349+0000] {dagbag.py:525} INFO - Filling up the DagBag from /opt/airflow/dags/hadoop-2.7.3/share/hadoop/common/lib/curator-recipes-2.7.1.jar
[2022-10-22T00:06:06.361+0000] {processor.py:770} WARNING - No viable dags retrieved from /opt/airflow/dags/hadoop-2.7.3/share/hadoop/common/lib/curator-recipes-2.7.1.jar
[2022-10-22T00:06:06.437+0000] {processor.py:178} INFO - Processing /opt/airflow/dags/hadoop-2.7.3/share/hadoop/common/lib/curator-recipes-2.7.1.jar took 0.102 seconds
[2022-10-22T00:06:50.309+0000] {processor.py:156} INFO - Started process (PID=19887) to work on /opt/airflow/dags/hadoop-2.7.3/share/hadoop/common/lib/curator-recipes-2.7.1.jar
[2022-10-22T00:06:50.312+0000] {processor.py:758} INFO - Processing file /opt/airflow/dags/hadoop-2.7.3/share/hadoop/common/lib/curator-recipes-2.7.1.jar for tasks to queue
[2022-10-22T00:06:50.314+0000] {logging_mixin.py:117} INFO - [2022-10-22T00:06:50.314+0000] {dagbag.py:525} INFO - Filling up the DagBag from /opt/airflow/dags/hadoop-2.7.3/share/hadoop/common/lib/curator-recipes-2.7.1.jar
[2022-10-22T00:06:50.326+0000] {processor.py:770} WARNING - No viable dags retrieved from /opt/airflow/dags/hadoop-2.7.3/share/hadoop/common/lib/curator-recipes-2.7.1.jar
[2022-10-22T00:06:50.360+0000] {processor.py:178} INFO - Processing /opt/airflow/dags/hadoop-2.7.3/share/hadoop/common/lib/curator-recipes-2.7.1.jar took 0.058 seconds
[2022-10-22T00:06:52.412+0000] {processor.py:156} INFO - Started process (PID=22359) to work on /opt/airflow/dags/hadoop-2.7.3/share/hadoop/common/lib/curator-recipes-2.7.1.jar
[2022-10-22T00:06:52.416+0000] {processor.py:758} INFO - Processing file /opt/airflow/dags/hadoop-2.7.3/share/hadoop/common/lib/curator-recipes-2.7.1.jar for tasks to queue
[2022-10-22T00:06:52.419+0000] {logging_mixin.py:117} INFO - [2022-10-22T00:06:52.418+0000] {dagbag.py:525} INFO - Filling up the DagBag from /opt/airflow/dags/hadoop-2.7.3/share/hadoop/common/lib/curator-recipes-2.7.1.jar
[2022-10-22T00:06:52.443+0000] {processor.py:770} WARNING - No viable dags retrieved from /opt/airflow/dags/hadoop-2.7.3/share/hadoop/common/lib/curator-recipes-2.7.1.jar
[2022-10-22T00:06:52.494+0000] {processor.py:178} INFO - Processing /opt/airflow/dags/hadoop-2.7.3/share/hadoop/common/lib/curator-recipes-2.7.1.jar took 0.094 seconds
[2022-10-22T00:07:33.953+0000] {processor.py:156} INFO - Started process (PID=22788) to work on /opt/airflow/dags/hadoop-2.7.3/share/hadoop/common/lib/curator-recipes-2.7.1.jar
[2022-10-22T00:07:33.956+0000] {processor.py:758} INFO - Processing file /opt/airflow/dags/hadoop-2.7.3/share/hadoop/common/lib/curator-recipes-2.7.1.jar for tasks to queue
[2022-10-22T00:07:33.959+0000] {logging_mixin.py:117} INFO - [2022-10-22T00:07:33.958+0000] {dagbag.py:525} INFO - Filling up the DagBag from /opt/airflow/dags/hadoop-2.7.3/share/hadoop/common/lib/curator-recipes-2.7.1.jar
[2022-10-22T00:07:33.984+0000] {processor.py:770} WARNING - No viable dags retrieved from /opt/airflow/dags/hadoop-2.7.3/share/hadoop/common/lib/curator-recipes-2.7.1.jar
[2022-10-22T00:07:34.058+0000] {processor.py:178} INFO - Processing /opt/airflow/dags/hadoop-2.7.3/share/hadoop/common/lib/curator-recipes-2.7.1.jar took 0.119 seconds
[2022-10-22T00:07:34.537+0000] {processor.py:156} INFO - Started process (PID=20330) to work on /opt/airflow/dags/hadoop-2.7.3/share/hadoop/common/lib/curator-recipes-2.7.1.jar
[2022-10-22T00:07:34.543+0000] {processor.py:758} INFO - Processing file /opt/airflow/dags/hadoop-2.7.3/share/hadoop/common/lib/curator-recipes-2.7.1.jar for tasks to queue
[2022-10-22T00:07:34.551+0000] {logging_mixin.py:117} INFO - [2022-10-22T00:07:34.551+0000] {dagbag.py:525} INFO - Filling up the DagBag from /opt/airflow/dags/hadoop-2.7.3/share/hadoop/common/lib/curator-recipes-2.7.1.jar
[2022-10-22T00:07:34.574+0000] {processor.py:770} WARNING - No viable dags retrieved from /opt/airflow/dags/hadoop-2.7.3/share/hadoop/common/lib/curator-recipes-2.7.1.jar
[2022-10-22T00:07:34.651+0000] {processor.py:178} INFO - Processing /opt/airflow/dags/hadoop-2.7.3/share/hadoop/common/lib/curator-recipes-2.7.1.jar took 0.125 seconds
[2022-10-22T00:08:38.817+0000] {processor.py:156} INFO - Started process (PID=20564) to work on /opt/airflow/dags/hadoop-2.7.3/share/hadoop/common/lib/curator-recipes-2.7.1.jar
[2022-10-22T00:08:38.823+0000] {processor.py:758} INFO - Processing file /opt/airflow/dags/hadoop-2.7.3/share/hadoop/common/lib/curator-recipes-2.7.1.jar for tasks to queue
[2022-10-22T00:08:38.831+0000] {logging_mixin.py:117} INFO - [2022-10-22T00:08:38.830+0000] {dagbag.py:525} INFO - Filling up the DagBag from /opt/airflow/dags/hadoop-2.7.3/share/hadoop/common/lib/curator-recipes-2.7.1.jar
[2022-10-22T00:08:38.845+0000] {processor.py:770} WARNING - No viable dags retrieved from /opt/airflow/dags/hadoop-2.7.3/share/hadoop/common/lib/curator-recipes-2.7.1.jar
[2022-10-22T00:08:38.900+0000] {processor.py:178} INFO - Processing /opt/airflow/dags/hadoop-2.7.3/share/hadoop/common/lib/curator-recipes-2.7.1.jar took 0.094 seconds
[2022-10-22T00:09:02.843+0000] {processor.py:156} INFO - Started process (PID=23267) to work on /opt/airflow/dags/hadoop-2.7.3/share/hadoop/common/lib/curator-recipes-2.7.1.jar
[2022-10-22T00:09:02.847+0000] {processor.py:758} INFO - Processing file /opt/airflow/dags/hadoop-2.7.3/share/hadoop/common/lib/curator-recipes-2.7.1.jar for tasks to queue
[2022-10-22T00:09:02.850+0000] {logging_mixin.py:117} INFO - [2022-10-22T00:09:02.849+0000] {dagbag.py:525} INFO - Filling up the DagBag from /opt/airflow/dags/hadoop-2.7.3/share/hadoop/common/lib/curator-recipes-2.7.1.jar
[2022-10-22T00:09:02.871+0000] {processor.py:770} WARNING - No viable dags retrieved from /opt/airflow/dags/hadoop-2.7.3/share/hadoop/common/lib/curator-recipes-2.7.1.jar
[2022-10-22T00:09:02.937+0000] {processor.py:178} INFO - Processing /opt/airflow/dags/hadoop-2.7.3/share/hadoop/common/lib/curator-recipes-2.7.1.jar took 0.101 seconds
[2022-10-22T00:09:23.666+0000] {processor.py:156} INFO - Started process (PID=20959) to work on /opt/airflow/dags/hadoop-2.7.3/share/hadoop/common/lib/curator-recipes-2.7.1.jar
[2022-10-22T00:09:23.670+0000] {processor.py:758} INFO - Processing file /opt/airflow/dags/hadoop-2.7.3/share/hadoop/common/lib/curator-recipes-2.7.1.jar for tasks to queue
[2022-10-22T00:09:23.672+0000] {logging_mixin.py:117} INFO - [2022-10-22T00:09:23.672+0000] {dagbag.py:525} INFO - Filling up the DagBag from /opt/airflow/dags/hadoop-2.7.3/share/hadoop/common/lib/curator-recipes-2.7.1.jar
[2022-10-22T00:09:23.701+0000] {processor.py:770} WARNING - No viable dags retrieved from /opt/airflow/dags/hadoop-2.7.3/share/hadoop/common/lib/curator-recipes-2.7.1.jar
[2022-10-22T00:09:23.751+0000] {processor.py:178} INFO - Processing /opt/airflow/dags/hadoop-2.7.3/share/hadoop/common/lib/curator-recipes-2.7.1.jar took 0.118 seconds
[2022-10-22T00:11:08.730+0000] {processor.py:156} INFO - Started process (PID=23789) to work on /opt/airflow/dags/hadoop-2.7.3/share/hadoop/common/lib/curator-recipes-2.7.1.jar
[2022-10-22T00:11:08.732+0000] {processor.py:758} INFO - Processing file /opt/airflow/dags/hadoop-2.7.3/share/hadoop/common/lib/curator-recipes-2.7.1.jar for tasks to queue
[2022-10-22T00:11:08.734+0000] {logging_mixin.py:117} INFO - [2022-10-22T00:11:08.734+0000] {dagbag.py:525} INFO - Filling up the DagBag from /opt/airflow/dags/hadoop-2.7.3/share/hadoop/common/lib/curator-recipes-2.7.1.jar
[2022-10-22T00:11:08.745+0000] {processor.py:770} WARNING - No viable dags retrieved from /opt/airflow/dags/hadoop-2.7.3/share/hadoop/common/lib/curator-recipes-2.7.1.jar
[2022-10-22T00:11:08.771+0000] {processor.py:178} INFO - Processing /opt/airflow/dags/hadoop-2.7.3/share/hadoop/common/lib/curator-recipes-2.7.1.jar took 0.046 seconds
[2022-10-22T00:11:21.448+0000] {processor.py:156} INFO - Started process (PID=21449) to work on /opt/airflow/dags/hadoop-2.7.3/share/hadoop/common/lib/curator-recipes-2.7.1.jar
[2022-10-22T00:11:21.453+0000] {processor.py:758} INFO - Processing file /opt/airflow/dags/hadoop-2.7.3/share/hadoop/common/lib/curator-recipes-2.7.1.jar for tasks to queue
[2022-10-22T00:11:21.455+0000] {logging_mixin.py:117} INFO - [2022-10-22T00:11:21.455+0000] {dagbag.py:525} INFO - Filling up the DagBag from /opt/airflow/dags/hadoop-2.7.3/share/hadoop/common/lib/curator-recipes-2.7.1.jar
[2022-10-22T00:11:21.465+0000] {processor.py:770} WARNING - No viable dags retrieved from /opt/airflow/dags/hadoop-2.7.3/share/hadoop/common/lib/curator-recipes-2.7.1.jar
[2022-10-22T00:11:21.516+0000] {processor.py:178} INFO - Processing /opt/airflow/dags/hadoop-2.7.3/share/hadoop/common/lib/curator-recipes-2.7.1.jar took 0.083 seconds
[2022-10-22T00:11:44.828+0000] {processor.py:156} INFO - Started process (PID=24307) to work on /opt/airflow/dags/hadoop-2.7.3/share/hadoop/common/lib/curator-recipes-2.7.1.jar
[2022-10-22T00:11:44.830+0000] {processor.py:758} INFO - Processing file /opt/airflow/dags/hadoop-2.7.3/share/hadoop/common/lib/curator-recipes-2.7.1.jar for tasks to queue
[2022-10-22T00:11:44.832+0000] {logging_mixin.py:117} INFO - [2022-10-22T00:11:44.831+0000] {dagbag.py:525} INFO - Filling up the DagBag from /opt/airflow/dags/hadoop-2.7.3/share/hadoop/common/lib/curator-recipes-2.7.1.jar
[2022-10-22T00:11:44.841+0000] {processor.py:770} WARNING - No viable dags retrieved from /opt/airflow/dags/hadoop-2.7.3/share/hadoop/common/lib/curator-recipes-2.7.1.jar
[2022-10-22T00:11:44.868+0000] {processor.py:178} INFO - Processing /opt/airflow/dags/hadoop-2.7.3/share/hadoop/common/lib/curator-recipes-2.7.1.jar took 0.044 seconds
[2022-10-22T00:11:57.223+0000] {processor.py:156} INFO - Started process (PID=21956) to work on /opt/airflow/dags/hadoop-2.7.3/share/hadoop/common/lib/curator-recipes-2.7.1.jar
[2022-10-22T00:11:57.225+0000] {processor.py:758} INFO - Processing file /opt/airflow/dags/hadoop-2.7.3/share/hadoop/common/lib/curator-recipes-2.7.1.jar for tasks to queue
[2022-10-22T00:11:57.228+0000] {logging_mixin.py:117} INFO - [2022-10-22T00:11:57.227+0000] {dagbag.py:525} INFO - Filling up the DagBag from /opt/airflow/dags/hadoop-2.7.3/share/hadoop/common/lib/curator-recipes-2.7.1.jar
[2022-10-22T00:11:57.239+0000] {processor.py:770} WARNING - No viable dags retrieved from /opt/airflow/dags/hadoop-2.7.3/share/hadoop/common/lib/curator-recipes-2.7.1.jar
[2022-10-22T00:11:57.278+0000] {processor.py:178} INFO - Processing /opt/airflow/dags/hadoop-2.7.3/share/hadoop/common/lib/curator-recipes-2.7.1.jar took 0.066 seconds
[2022-10-22T00:12:52.303+0000] {processor.py:156} INFO - Started process (PID=24839) to work on /opt/airflow/dags/hadoop-2.7.3/share/hadoop/common/lib/curator-recipes-2.7.1.jar
[2022-10-22T00:12:52.322+0000] {processor.py:758} INFO - Processing file /opt/airflow/dags/hadoop-2.7.3/share/hadoop/common/lib/curator-recipes-2.7.1.jar for tasks to queue
[2022-10-22T00:12:52.331+0000] {logging_mixin.py:117} INFO - [2022-10-22T00:12:52.328+0000] {dagbag.py:525} INFO - Filling up the DagBag from /opt/airflow/dags/hadoop-2.7.3/share/hadoop/common/lib/curator-recipes-2.7.1.jar
[2022-10-22T00:12:52.394+0000] {processor.py:770} WARNING - No viable dags retrieved from /opt/airflow/dags/hadoop-2.7.3/share/hadoop/common/lib/curator-recipes-2.7.1.jar
[2022-10-22T00:12:52.564+0000] {processor.py:178} INFO - Processing /opt/airflow/dags/hadoop-2.7.3/share/hadoop/common/lib/curator-recipes-2.7.1.jar took 0.306 seconds
[2022-10-22T00:15:04.178+0000] {processor.py:156} INFO - Started process (PID=22427) to work on /opt/airflow/dags/hadoop-2.7.3/share/hadoop/common/lib/curator-recipes-2.7.1.jar
[2022-10-22T00:15:04.182+0000] {processor.py:758} INFO - Processing file /opt/airflow/dags/hadoop-2.7.3/share/hadoop/common/lib/curator-recipes-2.7.1.jar for tasks to queue
[2022-10-22T00:15:04.184+0000] {logging_mixin.py:117} INFO - [2022-10-22T00:15:04.184+0000] {dagbag.py:525} INFO - Filling up the DagBag from /opt/airflow/dags/hadoop-2.7.3/share/hadoop/common/lib/curator-recipes-2.7.1.jar
[2022-10-22T00:15:04.209+0000] {processor.py:770} WARNING - No viable dags retrieved from /opt/airflow/dags/hadoop-2.7.3/share/hadoop/common/lib/curator-recipes-2.7.1.jar
[2022-10-22T00:15:04.238+0000] {processor.py:178} INFO - Processing /opt/airflow/dags/hadoop-2.7.3/share/hadoop/common/lib/curator-recipes-2.7.1.jar took 0.066 seconds
[2022-10-22T00:15:15.530+0000] {processor.py:156} INFO - Started process (PID=24987) to work on /opt/airflow/dags/hadoop-2.7.3/share/hadoop/common/lib/curator-recipes-2.7.1.jar
[2022-10-22T00:15:15.534+0000] {processor.py:758} INFO - Processing file /opt/airflow/dags/hadoop-2.7.3/share/hadoop/common/lib/curator-recipes-2.7.1.jar for tasks to queue
[2022-10-22T00:15:15.536+0000] {logging_mixin.py:117} INFO - [2022-10-22T00:15:15.536+0000] {dagbag.py:525} INFO - Filling up the DagBag from /opt/airflow/dags/hadoop-2.7.3/share/hadoop/common/lib/curator-recipes-2.7.1.jar
[2022-10-22T00:15:15.549+0000] {processor.py:770} WARNING - No viable dags retrieved from /opt/airflow/dags/hadoop-2.7.3/share/hadoop/common/lib/curator-recipes-2.7.1.jar
[2022-10-22T00:15:15.605+0000] {processor.py:178} INFO - Processing /opt/airflow/dags/hadoop-2.7.3/share/hadoop/common/lib/curator-recipes-2.7.1.jar took 0.085 seconds
[2022-10-22T00:15:52.521+0000] {processor.py:156} INFO - Started process (PID=22942) to work on /opt/airflow/dags/hadoop-2.7.3/share/hadoop/common/lib/curator-recipes-2.7.1.jar
[2022-10-22T00:15:52.524+0000] {processor.py:758} INFO - Processing file /opt/airflow/dags/hadoop-2.7.3/share/hadoop/common/lib/curator-recipes-2.7.1.jar for tasks to queue
[2022-10-22T00:15:52.527+0000] {logging_mixin.py:117} INFO - [2022-10-22T00:15:52.526+0000] {dagbag.py:525} INFO - Filling up the DagBag from /opt/airflow/dags/hadoop-2.7.3/share/hadoop/common/lib/curator-recipes-2.7.1.jar
[2022-10-22T00:15:52.541+0000] {processor.py:770} WARNING - No viable dags retrieved from /opt/airflow/dags/hadoop-2.7.3/share/hadoop/common/lib/curator-recipes-2.7.1.jar
[2022-10-22T00:15:52.581+0000] {processor.py:178} INFO - Processing /opt/airflow/dags/hadoop-2.7.3/share/hadoop/common/lib/curator-recipes-2.7.1.jar took 0.070 seconds
[2022-10-22T00:16:03.293+0000] {processor.py:156} INFO - Started process (PID=25510) to work on /opt/airflow/dags/hadoop-2.7.3/share/hadoop/common/lib/curator-recipes-2.7.1.jar
[2022-10-22T00:16:03.296+0000] {processor.py:758} INFO - Processing file /opt/airflow/dags/hadoop-2.7.3/share/hadoop/common/lib/curator-recipes-2.7.1.jar for tasks to queue
[2022-10-22T00:16:03.298+0000] {logging_mixin.py:117} INFO - [2022-10-22T00:16:03.298+0000] {dagbag.py:525} INFO - Filling up the DagBag from /opt/airflow/dags/hadoop-2.7.3/share/hadoop/common/lib/curator-recipes-2.7.1.jar
[2022-10-22T00:16:03.316+0000] {processor.py:770} WARNING - No viable dags retrieved from /opt/airflow/dags/hadoop-2.7.3/share/hadoop/common/lib/curator-recipes-2.7.1.jar
[2022-10-22T00:16:03.361+0000] {processor.py:178} INFO - Processing /opt/airflow/dags/hadoop-2.7.3/share/hadoop/common/lib/curator-recipes-2.7.1.jar took 0.077 seconds
[2022-10-22T00:16:30.221+0000] {processor.py:156} INFO - Started process (PID=23354) to work on /opt/airflow/dags/hadoop-2.7.3/share/hadoop/common/lib/curator-recipes-2.7.1.jar
[2022-10-22T00:16:30.223+0000] {processor.py:758} INFO - Processing file /opt/airflow/dags/hadoop-2.7.3/share/hadoop/common/lib/curator-recipes-2.7.1.jar for tasks to queue
[2022-10-22T00:16:30.225+0000] {logging_mixin.py:117} INFO - [2022-10-22T00:16:30.225+0000] {dagbag.py:525} INFO - Filling up the DagBag from /opt/airflow/dags/hadoop-2.7.3/share/hadoop/common/lib/curator-recipes-2.7.1.jar
[2022-10-22T00:16:30.235+0000] {processor.py:770} WARNING - No viable dags retrieved from /opt/airflow/dags/hadoop-2.7.3/share/hadoop/common/lib/curator-recipes-2.7.1.jar
[2022-10-22T00:16:30.276+0000] {processor.py:178} INFO - Processing /opt/airflow/dags/hadoop-2.7.3/share/hadoop/common/lib/curator-recipes-2.7.1.jar took 0.062 seconds
[2022-10-22T00:16:49.809+0000] {processor.py:156} INFO - Started process (PID=26026) to work on /opt/airflow/dags/hadoop-2.7.3/share/hadoop/common/lib/curator-recipes-2.7.1.jar
[2022-10-22T00:16:49.812+0000] {processor.py:758} INFO - Processing file /opt/airflow/dags/hadoop-2.7.3/share/hadoop/common/lib/curator-recipes-2.7.1.jar for tasks to queue
[2022-10-22T00:16:49.815+0000] {logging_mixin.py:117} INFO - [2022-10-22T00:16:49.814+0000] {dagbag.py:525} INFO - Filling up the DagBag from /opt/airflow/dags/hadoop-2.7.3/share/hadoop/common/lib/curator-recipes-2.7.1.jar
[2022-10-22T00:16:49.827+0000] {processor.py:770} WARNING - No viable dags retrieved from /opt/airflow/dags/hadoop-2.7.3/share/hadoop/common/lib/curator-recipes-2.7.1.jar
[2022-10-22T00:16:49.856+0000] {processor.py:178} INFO - Processing /opt/airflow/dags/hadoop-2.7.3/share/hadoop/common/lib/curator-recipes-2.7.1.jar took 0.065 seconds
[2022-10-22T00:17:19.316+0000] {processor.py:156} INFO - Started process (PID=23880) to work on /opt/airflow/dags/hadoop-2.7.3/share/hadoop/common/lib/curator-recipes-2.7.1.jar
[2022-10-22T00:17:19.319+0000] {processor.py:758} INFO - Processing file /opt/airflow/dags/hadoop-2.7.3/share/hadoop/common/lib/curator-recipes-2.7.1.jar for tasks to queue
[2022-10-22T00:17:19.325+0000] {logging_mixin.py:117} INFO - [2022-10-22T00:17:19.325+0000] {dagbag.py:525} INFO - Filling up the DagBag from /opt/airflow/dags/hadoop-2.7.3/share/hadoop/common/lib/curator-recipes-2.7.1.jar
[2022-10-22T00:17:19.346+0000] {processor.py:770} WARNING - No viable dags retrieved from /opt/airflow/dags/hadoop-2.7.3/share/hadoop/common/lib/curator-recipes-2.7.1.jar
[2022-10-22T00:17:19.431+0000] {processor.py:178} INFO - Processing /opt/airflow/dags/hadoop-2.7.3/share/hadoop/common/lib/curator-recipes-2.7.1.jar took 0.137 seconds
[2022-10-22T00:17:26.736+0000] {processor.py:156} INFO - Started process (PID=26410) to work on /opt/airflow/dags/hadoop-2.7.3/share/hadoop/common/lib/curator-recipes-2.7.1.jar
[2022-10-22T00:17:26.740+0000] {processor.py:758} INFO - Processing file /opt/airflow/dags/hadoop-2.7.3/share/hadoop/common/lib/curator-recipes-2.7.1.jar for tasks to queue
[2022-10-22T00:17:26.749+0000] {logging_mixin.py:117} INFO - [2022-10-22T00:17:26.747+0000] {dagbag.py:525} INFO - Filling up the DagBag from /opt/airflow/dags/hadoop-2.7.3/share/hadoop/common/lib/curator-recipes-2.7.1.jar
[2022-10-22T00:17:26.763+0000] {processor.py:770} WARNING - No viable dags retrieved from /opt/airflow/dags/hadoop-2.7.3/share/hadoop/common/lib/curator-recipes-2.7.1.jar
[2022-10-22T00:17:26.792+0000] {processor.py:178} INFO - Processing /opt/airflow/dags/hadoop-2.7.3/share/hadoop/common/lib/curator-recipes-2.7.1.jar took 0.064 seconds
[2022-10-22T00:17:59.020+0000] {processor.py:156} INFO - Started process (PID=24289) to work on /opt/airflow/dags/hadoop-2.7.3/share/hadoop/common/lib/curator-recipes-2.7.1.jar
[2022-10-22T00:17:59.031+0000] {processor.py:758} INFO - Processing file /opt/airflow/dags/hadoop-2.7.3/share/hadoop/common/lib/curator-recipes-2.7.1.jar for tasks to queue
[2022-10-22T00:17:59.034+0000] {logging_mixin.py:117} INFO - [2022-10-22T00:17:59.034+0000] {dagbag.py:525} INFO - Filling up the DagBag from /opt/airflow/dags/hadoop-2.7.3/share/hadoop/common/lib/curator-recipes-2.7.1.jar
[2022-10-22T00:17:59.064+0000] {processor.py:770} WARNING - No viable dags retrieved from /opt/airflow/dags/hadoop-2.7.3/share/hadoop/common/lib/curator-recipes-2.7.1.jar
[2022-10-22T00:17:59.123+0000] {processor.py:178} INFO - Processing /opt/airflow/dags/hadoop-2.7.3/share/hadoop/common/lib/curator-recipes-2.7.1.jar took 0.118 seconds
[2022-10-22T00:18:05.058+0000] {processor.py:156} INFO - Started process (PID=26824) to work on /opt/airflow/dags/hadoop-2.7.3/share/hadoop/common/lib/curator-recipes-2.7.1.jar
[2022-10-22T00:18:05.061+0000] {processor.py:758} INFO - Processing file /opt/airflow/dags/hadoop-2.7.3/share/hadoop/common/lib/curator-recipes-2.7.1.jar for tasks to queue
[2022-10-22T00:18:05.063+0000] {logging_mixin.py:117} INFO - [2022-10-22T00:18:05.063+0000] {dagbag.py:525} INFO - Filling up the DagBag from /opt/airflow/dags/hadoop-2.7.3/share/hadoop/common/lib/curator-recipes-2.7.1.jar
[2022-10-22T00:18:05.080+0000] {processor.py:770} WARNING - No viable dags retrieved from /opt/airflow/dags/hadoop-2.7.3/share/hadoop/common/lib/curator-recipes-2.7.1.jar
[2022-10-22T00:18:05.113+0000] {processor.py:178} INFO - Processing /opt/airflow/dags/hadoop-2.7.3/share/hadoop/common/lib/curator-recipes-2.7.1.jar took 0.064 seconds
[2022-10-22T00:18:38.785+0000] {processor.py:156} INFO - Started process (PID=24697) to work on /opt/airflow/dags/hadoop-2.7.3/share/hadoop/common/lib/curator-recipes-2.7.1.jar
[2022-10-22T00:18:38.790+0000] {processor.py:758} INFO - Processing file /opt/airflow/dags/hadoop-2.7.3/share/hadoop/common/lib/curator-recipes-2.7.1.jar for tasks to queue
[2022-10-22T00:18:38.792+0000] {logging_mixin.py:117} INFO - [2022-10-22T00:18:38.792+0000] {dagbag.py:525} INFO - Filling up the DagBag from /opt/airflow/dags/hadoop-2.7.3/share/hadoop/common/lib/curator-recipes-2.7.1.jar
[2022-10-22T00:18:38.803+0000] {processor.py:770} WARNING - No viable dags retrieved from /opt/airflow/dags/hadoop-2.7.3/share/hadoop/common/lib/curator-recipes-2.7.1.jar
[2022-10-22T00:18:38.856+0000] {processor.py:178} INFO - Processing /opt/airflow/dags/hadoop-2.7.3/share/hadoop/common/lib/curator-recipes-2.7.1.jar took 0.079 seconds
[2022-10-22T00:18:39.675+0000] {processor.py:156} INFO - Started process (PID=27198) to work on /opt/airflow/dags/hadoop-2.7.3/share/hadoop/common/lib/curator-recipes-2.7.1.jar
[2022-10-22T00:18:39.680+0000] {processor.py:758} INFO - Processing file /opt/airflow/dags/hadoop-2.7.3/share/hadoop/common/lib/curator-recipes-2.7.1.jar for tasks to queue
[2022-10-22T00:18:39.685+0000] {logging_mixin.py:117} INFO - [2022-10-22T00:18:39.685+0000] {dagbag.py:525} INFO - Filling up the DagBag from /opt/airflow/dags/hadoop-2.7.3/share/hadoop/common/lib/curator-recipes-2.7.1.jar
[2022-10-22T00:18:39.706+0000] {processor.py:770} WARNING - No viable dags retrieved from /opt/airflow/dags/hadoop-2.7.3/share/hadoop/common/lib/curator-recipes-2.7.1.jar
[2022-10-22T00:18:39.750+0000] {processor.py:178} INFO - Processing /opt/airflow/dags/hadoop-2.7.3/share/hadoop/common/lib/curator-recipes-2.7.1.jar took 0.091 seconds
[2022-10-22T00:19:16.291+0000] {processor.py:156} INFO - Started process (PID=27584) to work on /opt/airflow/dags/hadoop-2.7.3/share/hadoop/common/lib/curator-recipes-2.7.1.jar
[2022-10-22T00:19:16.293+0000] {processor.py:758} INFO - Processing file /opt/airflow/dags/hadoop-2.7.3/share/hadoop/common/lib/curator-recipes-2.7.1.jar for tasks to queue
[2022-10-22T00:19:16.295+0000] {logging_mixin.py:117} INFO - [2022-10-22T00:19:16.295+0000] {dagbag.py:525} INFO - Filling up the DagBag from /opt/airflow/dags/hadoop-2.7.3/share/hadoop/common/lib/curator-recipes-2.7.1.jar
[2022-10-22T00:19:16.309+0000] {processor.py:770} WARNING - No viable dags retrieved from /opt/airflow/dags/hadoop-2.7.3/share/hadoop/common/lib/curator-recipes-2.7.1.jar
[2022-10-22T00:19:16.340+0000] {processor.py:178} INFO - Processing /opt/airflow/dags/hadoop-2.7.3/share/hadoop/common/lib/curator-recipes-2.7.1.jar took 0.057 seconds
[2022-10-22T00:19:17.542+0000] {processor.py:156} INFO - Started process (PID=25100) to work on /opt/airflow/dags/hadoop-2.7.3/share/hadoop/common/lib/curator-recipes-2.7.1.jar
[2022-10-22T00:19:17.549+0000] {processor.py:758} INFO - Processing file /opt/airflow/dags/hadoop-2.7.3/share/hadoop/common/lib/curator-recipes-2.7.1.jar for tasks to queue
[2022-10-22T00:19:17.557+0000] {logging_mixin.py:117} INFO - [2022-10-22T00:19:17.557+0000] {dagbag.py:525} INFO - Filling up the DagBag from /opt/airflow/dags/hadoop-2.7.3/share/hadoop/common/lib/curator-recipes-2.7.1.jar
[2022-10-22T00:19:17.576+0000] {processor.py:770} WARNING - No viable dags retrieved from /opt/airflow/dags/hadoop-2.7.3/share/hadoop/common/lib/curator-recipes-2.7.1.jar
[2022-10-22T00:19:17.632+0000] {processor.py:178} INFO - Processing /opt/airflow/dags/hadoop-2.7.3/share/hadoop/common/lib/curator-recipes-2.7.1.jar took 0.097 seconds
[2022-10-22T00:20:17.573+0000] {processor.py:156} INFO - Started process (PID=25349) to work on /opt/airflow/dags/hadoop-2.7.3/share/hadoop/common/lib/curator-recipes-2.7.1.jar
[2022-10-22T00:20:17.586+0000] {processor.py:758} INFO - Processing file /opt/airflow/dags/hadoop-2.7.3/share/hadoop/common/lib/curator-recipes-2.7.1.jar for tasks to queue
[2022-10-22T00:20:17.588+0000] {logging_mixin.py:117} INFO - [2022-10-22T00:20:17.588+0000] {dagbag.py:525} INFO - Filling up the DagBag from /opt/airflow/dags/hadoop-2.7.3/share/hadoop/common/lib/curator-recipes-2.7.1.jar
[2022-10-22T00:20:17.614+0000] {processor.py:770} WARNING - No viable dags retrieved from /opt/airflow/dags/hadoop-2.7.3/share/hadoop/common/lib/curator-recipes-2.7.1.jar
[2022-10-22T00:20:17.661+0000] {processor.py:178} INFO - Processing /opt/airflow/dags/hadoop-2.7.3/share/hadoop/common/lib/curator-recipes-2.7.1.jar took 0.107 seconds
[2022-10-22T00:20:35.267+0000] {processor.py:156} INFO - Started process (PID=28026) to work on /opt/airflow/dags/hadoop-2.7.3/share/hadoop/common/lib/curator-recipes-2.7.1.jar
[2022-10-22T00:20:35.271+0000] {processor.py:758} INFO - Processing file /opt/airflow/dags/hadoop-2.7.3/share/hadoop/common/lib/curator-recipes-2.7.1.jar for tasks to queue
[2022-10-22T00:20:35.273+0000] {logging_mixin.py:117} INFO - [2022-10-22T00:20:35.273+0000] {dagbag.py:525} INFO - Filling up the DagBag from /opt/airflow/dags/hadoop-2.7.3/share/hadoop/common/lib/curator-recipes-2.7.1.jar
[2022-10-22T00:20:35.294+0000] {processor.py:770} WARNING - No viable dags retrieved from /opt/airflow/dags/hadoop-2.7.3/share/hadoop/common/lib/curator-recipes-2.7.1.jar
[2022-10-22T00:20:35.349+0000] {processor.py:178} INFO - Processing /opt/airflow/dags/hadoop-2.7.3/share/hadoop/common/lib/curator-recipes-2.7.1.jar took 0.100 seconds
[2022-10-22T00:20:59.386+0000] {processor.py:156} INFO - Started process (PID=25748) to work on /opt/airflow/dags/hadoop-2.7.3/share/hadoop/common/lib/curator-recipes-2.7.1.jar
[2022-10-22T00:20:59.398+0000] {processor.py:758} INFO - Processing file /opt/airflow/dags/hadoop-2.7.3/share/hadoop/common/lib/curator-recipes-2.7.1.jar for tasks to queue
[2022-10-22T00:20:59.400+0000] {logging_mixin.py:117} INFO - [2022-10-22T00:20:59.400+0000] {dagbag.py:525} INFO - Filling up the DagBag from /opt/airflow/dags/hadoop-2.7.3/share/hadoop/common/lib/curator-recipes-2.7.1.jar
[2022-10-22T00:20:59.419+0000] {processor.py:770} WARNING - No viable dags retrieved from /opt/airflow/dags/hadoop-2.7.3/share/hadoop/common/lib/curator-recipes-2.7.1.jar
[2022-10-22T00:20:59.466+0000] {processor.py:178} INFO - Processing /opt/airflow/dags/hadoop-2.7.3/share/hadoop/common/lib/curator-recipes-2.7.1.jar took 0.086 seconds
[2022-10-22T00:21:27.282+0000] {processor.py:156} INFO - Started process (PID=28549) to work on /opt/airflow/dags/hadoop-2.7.3/share/hadoop/common/lib/curator-recipes-2.7.1.jar
[2022-10-22T00:21:27.287+0000] {processor.py:758} INFO - Processing file /opt/airflow/dags/hadoop-2.7.3/share/hadoop/common/lib/curator-recipes-2.7.1.jar for tasks to queue
[2022-10-22T00:21:27.292+0000] {logging_mixin.py:117} INFO - [2022-10-22T00:21:27.291+0000] {dagbag.py:525} INFO - Filling up the DagBag from /opt/airflow/dags/hadoop-2.7.3/share/hadoop/common/lib/curator-recipes-2.7.1.jar
[2022-10-22T00:21:27.313+0000] {processor.py:770} WARNING - No viable dags retrieved from /opt/airflow/dags/hadoop-2.7.3/share/hadoop/common/lib/curator-recipes-2.7.1.jar
[2022-10-22T00:21:27.378+0000] {processor.py:178} INFO - Processing /opt/airflow/dags/hadoop-2.7.3/share/hadoop/common/lib/curator-recipes-2.7.1.jar took 0.122 seconds
[2022-10-22T00:21:46.327+0000] {processor.py:156} INFO - Started process (PID=26191) to work on /opt/airflow/dags/hadoop-2.7.3/share/hadoop/common/lib/curator-recipes-2.7.1.jar
[2022-10-22T00:21:46.332+0000] {processor.py:758} INFO - Processing file /opt/airflow/dags/hadoop-2.7.3/share/hadoop/common/lib/curator-recipes-2.7.1.jar for tasks to queue
[2022-10-22T00:21:46.336+0000] {logging_mixin.py:117} INFO - [2022-10-22T00:21:46.335+0000] {dagbag.py:525} INFO - Filling up the DagBag from /opt/airflow/dags/hadoop-2.7.3/share/hadoop/common/lib/curator-recipes-2.7.1.jar
[2022-10-22T00:21:46.361+0000] {processor.py:770} WARNING - No viable dags retrieved from /opt/airflow/dags/hadoop-2.7.3/share/hadoop/common/lib/curator-recipes-2.7.1.jar
[2022-10-22T00:21:46.392+0000] {processor.py:178} INFO - Processing /opt/airflow/dags/hadoop-2.7.3/share/hadoop/common/lib/curator-recipes-2.7.1.jar took 0.085 seconds
[2022-10-22T00:22:15.104+0000] {processor.py:156} INFO - Started process (PID=29016) to work on /opt/airflow/dags/hadoop-2.7.3/share/hadoop/common/lib/curator-recipes-2.7.1.jar
[2022-10-22T00:22:15.107+0000] {processor.py:758} INFO - Processing file /opt/airflow/dags/hadoop-2.7.3/share/hadoop/common/lib/curator-recipes-2.7.1.jar for tasks to queue
[2022-10-22T00:22:15.109+0000] {logging_mixin.py:117} INFO - [2022-10-22T00:22:15.109+0000] {dagbag.py:525} INFO - Filling up the DagBag from /opt/airflow/dags/hadoop-2.7.3/share/hadoop/common/lib/curator-recipes-2.7.1.jar
[2022-10-22T00:22:15.122+0000] {processor.py:770} WARNING - No viable dags retrieved from /opt/airflow/dags/hadoop-2.7.3/share/hadoop/common/lib/curator-recipes-2.7.1.jar
[2022-10-22T00:22:15.169+0000] {processor.py:178} INFO - Processing /opt/airflow/dags/hadoop-2.7.3/share/hadoop/common/lib/curator-recipes-2.7.1.jar took 0.076 seconds
[2022-10-22T00:22:38.072+0000] {processor.py:156} INFO - Started process (PID=26670) to work on /opt/airflow/dags/hadoop-2.7.3/share/hadoop/common/lib/curator-recipes-2.7.1.jar
[2022-10-22T00:22:38.083+0000] {processor.py:758} INFO - Processing file /opt/airflow/dags/hadoop-2.7.3/share/hadoop/common/lib/curator-recipes-2.7.1.jar for tasks to queue
[2022-10-22T00:22:38.086+0000] {logging_mixin.py:117} INFO - [2022-10-22T00:22:38.086+0000] {dagbag.py:525} INFO - Filling up the DagBag from /opt/airflow/dags/hadoop-2.7.3/share/hadoop/common/lib/curator-recipes-2.7.1.jar
[2022-10-22T00:22:38.103+0000] {processor.py:770} WARNING - No viable dags retrieved from /opt/airflow/dags/hadoop-2.7.3/share/hadoop/common/lib/curator-recipes-2.7.1.jar
[2022-10-22T00:22:38.170+0000] {processor.py:178} INFO - Processing /opt/airflow/dags/hadoop-2.7.3/share/hadoop/common/lib/curator-recipes-2.7.1.jar took 0.120 seconds
[2022-10-22T00:23:07.445+0000] {processor.py:156} INFO - Started process (PID=29481) to work on /opt/airflow/dags/hadoop-2.7.3/share/hadoop/common/lib/curator-recipes-2.7.1.jar
[2022-10-22T00:23:07.454+0000] {processor.py:758} INFO - Processing file /opt/airflow/dags/hadoop-2.7.3/share/hadoop/common/lib/curator-recipes-2.7.1.jar for tasks to queue
[2022-10-22T00:23:07.458+0000] {logging_mixin.py:117} INFO - [2022-10-22T00:23:07.458+0000] {dagbag.py:525} INFO - Filling up the DagBag from /opt/airflow/dags/hadoop-2.7.3/share/hadoop/common/lib/curator-recipes-2.7.1.jar
[2022-10-22T00:23:07.484+0000] {processor.py:770} WARNING - No viable dags retrieved from /opt/airflow/dags/hadoop-2.7.3/share/hadoop/common/lib/curator-recipes-2.7.1.jar
[2022-10-22T00:23:07.554+0000] {processor.py:178} INFO - Processing /opt/airflow/dags/hadoop-2.7.3/share/hadoop/common/lib/curator-recipes-2.7.1.jar took 0.130 seconds
[2022-10-22T00:23:26.261+0000] {processor.py:156} INFO - Started process (PID=27155) to work on /opt/airflow/dags/hadoop-2.7.3/share/hadoop/common/lib/curator-recipes-2.7.1.jar
[2022-10-22T00:23:26.264+0000] {processor.py:758} INFO - Processing file /opt/airflow/dags/hadoop-2.7.3/share/hadoop/common/lib/curator-recipes-2.7.1.jar for tasks to queue
[2022-10-22T00:23:26.266+0000] {logging_mixin.py:117} INFO - [2022-10-22T00:23:26.266+0000] {dagbag.py:525} INFO - Filling up the DagBag from /opt/airflow/dags/hadoop-2.7.3/share/hadoop/common/lib/curator-recipes-2.7.1.jar
[2022-10-22T00:23:26.277+0000] {processor.py:770} WARNING - No viable dags retrieved from /opt/airflow/dags/hadoop-2.7.3/share/hadoop/common/lib/curator-recipes-2.7.1.jar
[2022-10-22T00:23:26.303+0000] {processor.py:178} INFO - Processing /opt/airflow/dags/hadoop-2.7.3/share/hadoop/common/lib/curator-recipes-2.7.1.jar took 0.055 seconds
[2022-10-22T00:23:40.401+0000] {processor.py:156} INFO - Started process (PID=29924) to work on /opt/airflow/dags/hadoop-2.7.3/share/hadoop/common/lib/curator-recipes-2.7.1.jar
[2022-10-22T00:23:40.404+0000] {processor.py:758} INFO - Processing file /opt/airflow/dags/hadoop-2.7.3/share/hadoop/common/lib/curator-recipes-2.7.1.jar for tasks to queue
[2022-10-22T00:23:40.406+0000] {logging_mixin.py:117} INFO - [2022-10-22T00:23:40.405+0000] {dagbag.py:525} INFO - Filling up the DagBag from /opt/airflow/dags/hadoop-2.7.3/share/hadoop/common/lib/curator-recipes-2.7.1.jar
[2022-10-22T00:23:40.430+0000] {processor.py:770} WARNING - No viable dags retrieved from /opt/airflow/dags/hadoop-2.7.3/share/hadoop/common/lib/curator-recipes-2.7.1.jar
[2022-10-22T00:23:40.481+0000] {processor.py:178} INFO - Processing /opt/airflow/dags/hadoop-2.7.3/share/hadoop/common/lib/curator-recipes-2.7.1.jar took 0.084 seconds
[2022-10-22T00:23:59.856+0000] {processor.py:156} INFO - Started process (PID=27483) to work on /opt/airflow/dags/hadoop-2.7.3/share/hadoop/common/lib/curator-recipes-2.7.1.jar
[2022-10-22T00:23:59.858+0000] {processor.py:758} INFO - Processing file /opt/airflow/dags/hadoop-2.7.3/share/hadoop/common/lib/curator-recipes-2.7.1.jar for tasks to queue
[2022-10-22T00:23:59.859+0000] {logging_mixin.py:117} INFO - [2022-10-22T00:23:59.859+0000] {dagbag.py:525} INFO - Filling up the DagBag from /opt/airflow/dags/hadoop-2.7.3/share/hadoop/common/lib/curator-recipes-2.7.1.jar
[2022-10-22T00:23:59.867+0000] {processor.py:770} WARNING - No viable dags retrieved from /opt/airflow/dags/hadoop-2.7.3/share/hadoop/common/lib/curator-recipes-2.7.1.jar
[2022-10-22T00:23:59.891+0000] {processor.py:178} INFO - Processing /opt/airflow/dags/hadoop-2.7.3/share/hadoop/common/lib/curator-recipes-2.7.1.jar took 0.040 seconds
