[2022-10-22T00:00:04.734+0000] {processor.py:156} INFO - Started process (PID=18862) to work on /opt/airflow/dags/hadoop-2.7.3/share/hadoop/common/lib/httpcore-4.2.5.jar
[2022-10-22T00:00:04.747+0000] {processor.py:758} INFO - Processing file /opt/airflow/dags/hadoop-2.7.3/share/hadoop/common/lib/httpcore-4.2.5.jar for tasks to queue
[2022-10-22T00:00:04.750+0000] {logging_mixin.py:117} INFO - [2022-10-22T00:00:04.749+0000] {dagbag.py:525} INFO - Filling up the DagBag from /opt/airflow/dags/hadoop-2.7.3/share/hadoop/common/lib/httpcore-4.2.5.jar
[2022-10-22T00:00:04.805+0000] {processor.py:770} WARNING - No viable dags retrieved from /opt/airflow/dags/hadoop-2.7.3/share/hadoop/common/lib/httpcore-4.2.5.jar
[2022-10-22T00:00:04.883+0000] {processor.py:178} INFO - Processing /opt/airflow/dags/hadoop-2.7.3/share/hadoop/common/lib/httpcore-4.2.5.jar took 0.182 seconds
[2022-10-22T00:00:32.717+0000] {processor.py:156} INFO - Started process (PID=16897) to work on /opt/airflow/dags/hadoop-2.7.3/share/hadoop/common/lib/httpcore-4.2.5.jar
[2022-10-22T00:00:32.724+0000] {processor.py:758} INFO - Processing file /opt/airflow/dags/hadoop-2.7.3/share/hadoop/common/lib/httpcore-4.2.5.jar for tasks to queue
[2022-10-22T00:00:32.727+0000] {logging_mixin.py:117} INFO - [2022-10-22T00:00:32.726+0000] {dagbag.py:525} INFO - Filling up the DagBag from /opt/airflow/dags/hadoop-2.7.3/share/hadoop/common/lib/httpcore-4.2.5.jar
[2022-10-22T00:00:32.747+0000] {processor.py:770} WARNING - No viable dags retrieved from /opt/airflow/dags/hadoop-2.7.3/share/hadoop/common/lib/httpcore-4.2.5.jar
[2022-10-22T00:00:32.814+0000] {processor.py:178} INFO - Processing /opt/airflow/dags/hadoop-2.7.3/share/hadoop/common/lib/httpcore-4.2.5.jar took 0.107 seconds
[2022-10-22T00:01:18.848+0000] {processor.py:156} INFO - Started process (PID=17220) to work on /opt/airflow/dags/hadoop-2.7.3/share/hadoop/common/lib/httpcore-4.2.5.jar
[2022-10-22T00:01:18.853+0000] {processor.py:758} INFO - Processing file /opt/airflow/dags/hadoop-2.7.3/share/hadoop/common/lib/httpcore-4.2.5.jar for tasks to queue
[2022-10-22T00:01:18.856+0000] {logging_mixin.py:117} INFO - [2022-10-22T00:01:18.855+0000] {dagbag.py:525} INFO - Filling up the DagBag from /opt/airflow/dags/hadoop-2.7.3/share/hadoop/common/lib/httpcore-4.2.5.jar
[2022-10-22T00:01:18.880+0000] {processor.py:770} WARNING - No viable dags retrieved from /opt/airflow/dags/hadoop-2.7.3/share/hadoop/common/lib/httpcore-4.2.5.jar
[2022-10-22T00:01:18.975+0000] {processor.py:178} INFO - Processing /opt/airflow/dags/hadoop-2.7.3/share/hadoop/common/lib/httpcore-4.2.5.jar took 0.140 seconds
[2022-10-22T00:01:22.216+0000] {processor.py:156} INFO - Started process (PID=19438) to work on /opt/airflow/dags/hadoop-2.7.3/share/hadoop/common/lib/httpcore-4.2.5.jar
[2022-10-22T00:01:22.223+0000] {processor.py:758} INFO - Processing file /opt/airflow/dags/hadoop-2.7.3/share/hadoop/common/lib/httpcore-4.2.5.jar for tasks to queue
[2022-10-22T00:01:22.225+0000] {logging_mixin.py:117} INFO - [2022-10-22T00:01:22.225+0000] {dagbag.py:525} INFO - Filling up the DagBag from /opt/airflow/dags/hadoop-2.7.3/share/hadoop/common/lib/httpcore-4.2.5.jar
[2022-10-22T00:01:22.237+0000] {processor.py:770} WARNING - No viable dags retrieved from /opt/airflow/dags/hadoop-2.7.3/share/hadoop/common/lib/httpcore-4.2.5.jar
[2022-10-22T00:01:22.338+0000] {processor.py:178} INFO - Processing /opt/airflow/dags/hadoop-2.7.3/share/hadoop/common/lib/httpcore-4.2.5.jar took 0.157 seconds
[2022-10-22T00:01:59.480+0000] {processor.py:156} INFO - Started process (PID=17521) to work on /opt/airflow/dags/hadoop-2.7.3/share/hadoop/common/lib/httpcore-4.2.5.jar
[2022-10-22T00:01:59.485+0000] {processor.py:758} INFO - Processing file /opt/airflow/dags/hadoop-2.7.3/share/hadoop/common/lib/httpcore-4.2.5.jar for tasks to queue
[2022-10-22T00:01:59.490+0000] {logging_mixin.py:117} INFO - [2022-10-22T00:01:59.489+0000] {dagbag.py:525} INFO - Filling up the DagBag from /opt/airflow/dags/hadoop-2.7.3/share/hadoop/common/lib/httpcore-4.2.5.jar
[2022-10-22T00:01:59.515+0000] {processor.py:770} WARNING - No viable dags retrieved from /opt/airflow/dags/hadoop-2.7.3/share/hadoop/common/lib/httpcore-4.2.5.jar
[2022-10-22T00:01:59.574+0000] {processor.py:178} INFO - Processing /opt/airflow/dags/hadoop-2.7.3/share/hadoop/common/lib/httpcore-4.2.5.jar took 0.114 seconds
[2022-10-22T00:02:16.391+0000] {processor.py:156} INFO - Started process (PID=19993) to work on /opt/airflow/dags/hadoop-2.7.3/share/hadoop/common/lib/httpcore-4.2.5.jar
[2022-10-22T00:02:16.395+0000] {processor.py:758} INFO - Processing file /opt/airflow/dags/hadoop-2.7.3/share/hadoop/common/lib/httpcore-4.2.5.jar for tasks to queue
[2022-10-22T00:02:16.398+0000] {logging_mixin.py:117} INFO - [2022-10-22T00:02:16.397+0000] {dagbag.py:525} INFO - Filling up the DagBag from /opt/airflow/dags/hadoop-2.7.3/share/hadoop/common/lib/httpcore-4.2.5.jar
[2022-10-22T00:02:16.435+0000] {processor.py:770} WARNING - No viable dags retrieved from /opt/airflow/dags/hadoop-2.7.3/share/hadoop/common/lib/httpcore-4.2.5.jar
[2022-10-22T00:02:16.482+0000] {processor.py:178} INFO - Processing /opt/airflow/dags/hadoop-2.7.3/share/hadoop/common/lib/httpcore-4.2.5.jar took 0.108 seconds
[2022-10-22T00:03:37.783+0000] {processor.py:156} INFO - Started process (PID=18098) to work on /opt/airflow/dags/hadoop-2.7.3/share/hadoop/common/lib/httpcore-4.2.5.jar
[2022-10-22T00:03:37.787+0000] {processor.py:758} INFO - Processing file /opt/airflow/dags/hadoop-2.7.3/share/hadoop/common/lib/httpcore-4.2.5.jar for tasks to queue
[2022-10-22T00:03:37.789+0000] {logging_mixin.py:117} INFO - [2022-10-22T00:03:37.789+0000] {dagbag.py:525} INFO - Filling up the DagBag from /opt/airflow/dags/hadoop-2.7.3/share/hadoop/common/lib/httpcore-4.2.5.jar
[2022-10-22T00:03:37.801+0000] {processor.py:770} WARNING - No viable dags retrieved from /opt/airflow/dags/hadoop-2.7.3/share/hadoop/common/lib/httpcore-4.2.5.jar
[2022-10-22T00:03:37.857+0000] {processor.py:178} INFO - Processing /opt/airflow/dags/hadoop-2.7.3/share/hadoop/common/lib/httpcore-4.2.5.jar took 0.080 seconds
[2022-10-22T00:03:45.170+0000] {processor.py:156} INFO - Started process (PID=20546) to work on /opt/airflow/dags/hadoop-2.7.3/share/hadoop/common/lib/httpcore-4.2.5.jar
[2022-10-22T00:03:45.177+0000] {processor.py:758} INFO - Processing file /opt/airflow/dags/hadoop-2.7.3/share/hadoop/common/lib/httpcore-4.2.5.jar for tasks to queue
[2022-10-22T00:03:45.187+0000] {logging_mixin.py:117} INFO - [2022-10-22T00:03:45.182+0000] {dagbag.py:525} INFO - Filling up the DagBag from /opt/airflow/dags/hadoop-2.7.3/share/hadoop/common/lib/httpcore-4.2.5.jar
[2022-10-22T00:03:45.210+0000] {processor.py:770} WARNING - No viable dags retrieved from /opt/airflow/dags/hadoop-2.7.3/share/hadoop/common/lib/httpcore-4.2.5.jar
[2022-10-22T00:03:45.276+0000] {processor.py:178} INFO - Processing /opt/airflow/dags/hadoop-2.7.3/share/hadoop/common/lib/httpcore-4.2.5.jar took 0.112 seconds
[2022-10-22T00:04:19.019+0000] {processor.py:156} INFO - Started process (PID=18456) to work on /opt/airflow/dags/hadoop-2.7.3/share/hadoop/common/lib/httpcore-4.2.5.jar
[2022-10-22T00:04:19.023+0000] {processor.py:758} INFO - Processing file /opt/airflow/dags/hadoop-2.7.3/share/hadoop/common/lib/httpcore-4.2.5.jar for tasks to queue
[2022-10-22T00:04:19.025+0000] {logging_mixin.py:117} INFO - [2022-10-22T00:04:19.025+0000] {dagbag.py:525} INFO - Filling up the DagBag from /opt/airflow/dags/hadoop-2.7.3/share/hadoop/common/lib/httpcore-4.2.5.jar
[2022-10-22T00:04:19.038+0000] {processor.py:770} WARNING - No viable dags retrieved from /opt/airflow/dags/hadoop-2.7.3/share/hadoop/common/lib/httpcore-4.2.5.jar
[2022-10-22T00:04:19.090+0000] {processor.py:178} INFO - Processing /opt/airflow/dags/hadoop-2.7.3/share/hadoop/common/lib/httpcore-4.2.5.jar took 0.080 seconds
[2022-10-22T00:04:32.954+0000] {processor.py:156} INFO - Started process (PID=20975) to work on /opt/airflow/dags/hadoop-2.7.3/share/hadoop/common/lib/httpcore-4.2.5.jar
[2022-10-22T00:04:32.966+0000] {processor.py:758} INFO - Processing file /opt/airflow/dags/hadoop-2.7.3/share/hadoop/common/lib/httpcore-4.2.5.jar for tasks to queue
[2022-10-22T00:04:32.971+0000] {logging_mixin.py:117} INFO - [2022-10-22T00:04:32.970+0000] {dagbag.py:525} INFO - Filling up the DagBag from /opt/airflow/dags/hadoop-2.7.3/share/hadoop/common/lib/httpcore-4.2.5.jar
[2022-10-22T00:04:32.990+0000] {processor.py:770} WARNING - No viable dags retrieved from /opt/airflow/dags/hadoop-2.7.3/share/hadoop/common/lib/httpcore-4.2.5.jar
[2022-10-22T00:04:33.051+0000] {processor.py:178} INFO - Processing /opt/airflow/dags/hadoop-2.7.3/share/hadoop/common/lib/httpcore-4.2.5.jar took 0.105 seconds
[2022-10-22T00:05:16.095+0000] {processor.py:156} INFO - Started process (PID=18979) to work on /opt/airflow/dags/hadoop-2.7.3/share/hadoop/common/lib/httpcore-4.2.5.jar
[2022-10-22T00:05:16.098+0000] {processor.py:758} INFO - Processing file /opt/airflow/dags/hadoop-2.7.3/share/hadoop/common/lib/httpcore-4.2.5.jar for tasks to queue
[2022-10-22T00:05:16.102+0000] {logging_mixin.py:117} INFO - [2022-10-22T00:05:16.101+0000] {dagbag.py:525} INFO - Filling up the DagBag from /opt/airflow/dags/hadoop-2.7.3/share/hadoop/common/lib/httpcore-4.2.5.jar
[2022-10-22T00:05:16.131+0000] {processor.py:770} WARNING - No viable dags retrieved from /opt/airflow/dags/hadoop-2.7.3/share/hadoop/common/lib/httpcore-4.2.5.jar
[2022-10-22T00:05:16.205+0000] {processor.py:178} INFO - Processing /opt/airflow/dags/hadoop-2.7.3/share/hadoop/common/lib/httpcore-4.2.5.jar took 0.134 seconds
[2022-10-22T00:05:23.769+0000] {processor.py:156} INFO - Started process (PID=21473) to work on /opt/airflow/dags/hadoop-2.7.3/share/hadoop/common/lib/httpcore-4.2.5.jar
[2022-10-22T00:05:23.774+0000] {processor.py:758} INFO - Processing file /opt/airflow/dags/hadoop-2.7.3/share/hadoop/common/lib/httpcore-4.2.5.jar for tasks to queue
[2022-10-22T00:05:23.777+0000] {logging_mixin.py:117} INFO - [2022-10-22T00:05:23.776+0000] {dagbag.py:525} INFO - Filling up the DagBag from /opt/airflow/dags/hadoop-2.7.3/share/hadoop/common/lib/httpcore-4.2.5.jar
[2022-10-22T00:05:23.792+0000] {processor.py:770} WARNING - No viable dags retrieved from /opt/airflow/dags/hadoop-2.7.3/share/hadoop/common/lib/httpcore-4.2.5.jar
[2022-10-22T00:05:23.820+0000] {processor.py:178} INFO - Processing /opt/airflow/dags/hadoop-2.7.3/share/hadoop/common/lib/httpcore-4.2.5.jar took 0.061 seconds
[2022-10-22T00:06:02.879+0000] {processor.py:156} INFO - Started process (PID=19435) to work on /opt/airflow/dags/hadoop-2.7.3/share/hadoop/common/lib/httpcore-4.2.5.jar
[2022-10-22T00:06:02.882+0000] {processor.py:758} INFO - Processing file /opt/airflow/dags/hadoop-2.7.3/share/hadoop/common/lib/httpcore-4.2.5.jar for tasks to queue
[2022-10-22T00:06:02.887+0000] {logging_mixin.py:117} INFO - [2022-10-22T00:06:02.885+0000] {dagbag.py:525} INFO - Filling up the DagBag from /opt/airflow/dags/hadoop-2.7.3/share/hadoop/common/lib/httpcore-4.2.5.jar
[2022-10-22T00:06:02.901+0000] {processor.py:770} WARNING - No viable dags retrieved from /opt/airflow/dags/hadoop-2.7.3/share/hadoop/common/lib/httpcore-4.2.5.jar
[2022-10-22T00:06:02.948+0000] {processor.py:178} INFO - Processing /opt/airflow/dags/hadoop-2.7.3/share/hadoop/common/lib/httpcore-4.2.5.jar took 0.096 seconds
[2022-10-22T00:06:07.111+0000] {processor.py:156} INFO - Started process (PID=21909) to work on /opt/airflow/dags/hadoop-2.7.3/share/hadoop/common/lib/httpcore-4.2.5.jar
[2022-10-22T00:06:07.117+0000] {processor.py:758} INFO - Processing file /opt/airflow/dags/hadoop-2.7.3/share/hadoop/common/lib/httpcore-4.2.5.jar for tasks to queue
[2022-10-22T00:06:07.121+0000] {logging_mixin.py:117} INFO - [2022-10-22T00:06:07.121+0000] {dagbag.py:525} INFO - Filling up the DagBag from /opt/airflow/dags/hadoop-2.7.3/share/hadoop/common/lib/httpcore-4.2.5.jar
[2022-10-22T00:06:07.139+0000] {processor.py:770} WARNING - No viable dags retrieved from /opt/airflow/dags/hadoop-2.7.3/share/hadoop/common/lib/httpcore-4.2.5.jar
[2022-10-22T00:06:07.202+0000] {processor.py:178} INFO - Processing /opt/airflow/dags/hadoop-2.7.3/share/hadoop/common/lib/httpcore-4.2.5.jar took 0.102 seconds
[2022-10-22T00:06:50.915+0000] {processor.py:156} INFO - Started process (PID=19895) to work on /opt/airflow/dags/hadoop-2.7.3/share/hadoop/common/lib/httpcore-4.2.5.jar
[2022-10-22T00:06:50.932+0000] {processor.py:758} INFO - Processing file /opt/airflow/dags/hadoop-2.7.3/share/hadoop/common/lib/httpcore-4.2.5.jar for tasks to queue
[2022-10-22T00:06:50.936+0000] {logging_mixin.py:117} INFO - [2022-10-22T00:06:50.935+0000] {dagbag.py:525} INFO - Filling up the DagBag from /opt/airflow/dags/hadoop-2.7.3/share/hadoop/common/lib/httpcore-4.2.5.jar
[2022-10-22T00:06:50.947+0000] {processor.py:770} WARNING - No viable dags retrieved from /opt/airflow/dags/hadoop-2.7.3/share/hadoop/common/lib/httpcore-4.2.5.jar
[2022-10-22T00:06:50.981+0000] {processor.py:178} INFO - Processing /opt/airflow/dags/hadoop-2.7.3/share/hadoop/common/lib/httpcore-4.2.5.jar took 0.075 seconds
[2022-10-22T00:06:53.243+0000] {processor.py:156} INFO - Started process (PID=22367) to work on /opt/airflow/dags/hadoop-2.7.3/share/hadoop/common/lib/httpcore-4.2.5.jar
[2022-10-22T00:06:53.247+0000] {processor.py:758} INFO - Processing file /opt/airflow/dags/hadoop-2.7.3/share/hadoop/common/lib/httpcore-4.2.5.jar for tasks to queue
[2022-10-22T00:06:53.255+0000] {logging_mixin.py:117} INFO - [2022-10-22T00:06:53.254+0000] {dagbag.py:525} INFO - Filling up the DagBag from /opt/airflow/dags/hadoop-2.7.3/share/hadoop/common/lib/httpcore-4.2.5.jar
[2022-10-22T00:06:53.276+0000] {processor.py:770} WARNING - No viable dags retrieved from /opt/airflow/dags/hadoop-2.7.3/share/hadoop/common/lib/httpcore-4.2.5.jar
[2022-10-22T00:06:53.356+0000] {processor.py:178} INFO - Processing /opt/airflow/dags/hadoop-2.7.3/share/hadoop/common/lib/httpcore-4.2.5.jar took 0.126 seconds
[2022-10-22T00:07:34.854+0000] {processor.py:156} INFO - Started process (PID=22796) to work on /opt/airflow/dags/hadoop-2.7.3/share/hadoop/common/lib/httpcore-4.2.5.jar
[2022-10-22T00:07:34.861+0000] {processor.py:758} INFO - Processing file /opt/airflow/dags/hadoop-2.7.3/share/hadoop/common/lib/httpcore-4.2.5.jar for tasks to queue
[2022-10-22T00:07:34.871+0000] {logging_mixin.py:117} INFO - [2022-10-22T00:07:34.871+0000] {dagbag.py:525} INFO - Filling up the DagBag from /opt/airflow/dags/hadoop-2.7.3/share/hadoop/common/lib/httpcore-4.2.5.jar
[2022-10-22T00:07:34.911+0000] {processor.py:770} WARNING - No viable dags retrieved from /opt/airflow/dags/hadoop-2.7.3/share/hadoop/common/lib/httpcore-4.2.5.jar
[2022-10-22T00:07:34.999+0000] {processor.py:178} INFO - Processing /opt/airflow/dags/hadoop-2.7.3/share/hadoop/common/lib/httpcore-4.2.5.jar took 0.165 seconds
[2022-10-22T00:07:35.525+0000] {processor.py:156} INFO - Started process (PID=20345) to work on /opt/airflow/dags/hadoop-2.7.3/share/hadoop/common/lib/httpcore-4.2.5.jar
[2022-10-22T00:07:35.531+0000] {processor.py:758} INFO - Processing file /opt/airflow/dags/hadoop-2.7.3/share/hadoop/common/lib/httpcore-4.2.5.jar for tasks to queue
[2022-10-22T00:07:35.535+0000] {logging_mixin.py:117} INFO - [2022-10-22T00:07:35.534+0000] {dagbag.py:525} INFO - Filling up the DagBag from /opt/airflow/dags/hadoop-2.7.3/share/hadoop/common/lib/httpcore-4.2.5.jar
[2022-10-22T00:07:35.552+0000] {processor.py:770} WARNING - No viable dags retrieved from /opt/airflow/dags/hadoop-2.7.3/share/hadoop/common/lib/httpcore-4.2.5.jar
[2022-10-22T00:07:35.610+0000] {processor.py:178} INFO - Processing /opt/airflow/dags/hadoop-2.7.3/share/hadoop/common/lib/httpcore-4.2.5.jar took 0.110 seconds
[2022-10-22T00:08:39.607+0000] {processor.py:156} INFO - Started process (PID=20572) to work on /opt/airflow/dags/hadoop-2.7.3/share/hadoop/common/lib/httpcore-4.2.5.jar
[2022-10-22T00:08:39.618+0000] {processor.py:758} INFO - Processing file /opt/airflow/dags/hadoop-2.7.3/share/hadoop/common/lib/httpcore-4.2.5.jar for tasks to queue
[2022-10-22T00:08:39.625+0000] {logging_mixin.py:117} INFO - [2022-10-22T00:08:39.624+0000] {dagbag.py:525} INFO - Filling up the DagBag from /opt/airflow/dags/hadoop-2.7.3/share/hadoop/common/lib/httpcore-4.2.5.jar
[2022-10-22T00:08:39.643+0000] {processor.py:770} WARNING - No viable dags retrieved from /opt/airflow/dags/hadoop-2.7.3/share/hadoop/common/lib/httpcore-4.2.5.jar
[2022-10-22T00:08:39.675+0000] {processor.py:178} INFO - Processing /opt/airflow/dags/hadoop-2.7.3/share/hadoop/common/lib/httpcore-4.2.5.jar took 0.081 seconds
[2022-10-22T00:09:03.867+0000] {processor.py:156} INFO - Started process (PID=23275) to work on /opt/airflow/dags/hadoop-2.7.3/share/hadoop/common/lib/httpcore-4.2.5.jar
[2022-10-22T00:09:03.870+0000] {processor.py:758} INFO - Processing file /opt/airflow/dags/hadoop-2.7.3/share/hadoop/common/lib/httpcore-4.2.5.jar for tasks to queue
[2022-10-22T00:09:03.877+0000] {logging_mixin.py:117} INFO - [2022-10-22T00:09:03.877+0000] {dagbag.py:525} INFO - Filling up the DagBag from /opt/airflow/dags/hadoop-2.7.3/share/hadoop/common/lib/httpcore-4.2.5.jar
[2022-10-22T00:09:03.892+0000] {processor.py:770} WARNING - No viable dags retrieved from /opt/airflow/dags/hadoop-2.7.3/share/hadoop/common/lib/httpcore-4.2.5.jar
[2022-10-22T00:09:03.939+0000] {processor.py:178} INFO - Processing /opt/airflow/dags/hadoop-2.7.3/share/hadoop/common/lib/httpcore-4.2.5.jar took 0.099 seconds
[2022-10-22T00:09:24.465+0000] {processor.py:156} INFO - Started process (PID=20967) to work on /opt/airflow/dags/hadoop-2.7.3/share/hadoop/common/lib/httpcore-4.2.5.jar
[2022-10-22T00:09:24.471+0000] {processor.py:758} INFO - Processing file /opt/airflow/dags/hadoop-2.7.3/share/hadoop/common/lib/httpcore-4.2.5.jar for tasks to queue
[2022-10-22T00:09:24.475+0000] {logging_mixin.py:117} INFO - [2022-10-22T00:09:24.474+0000] {dagbag.py:525} INFO - Filling up the DagBag from /opt/airflow/dags/hadoop-2.7.3/share/hadoop/common/lib/httpcore-4.2.5.jar
[2022-10-22T00:09:24.513+0000] {processor.py:770} WARNING - No viable dags retrieved from /opt/airflow/dags/hadoop-2.7.3/share/hadoop/common/lib/httpcore-4.2.5.jar
[2022-10-22T00:09:24.571+0000] {processor.py:178} INFO - Processing /opt/airflow/dags/hadoop-2.7.3/share/hadoop/common/lib/httpcore-4.2.5.jar took 0.126 seconds
[2022-10-22T00:11:09.620+0000] {processor.py:156} INFO - Started process (PID=23799) to work on /opt/airflow/dags/hadoop-2.7.3/share/hadoop/common/lib/httpcore-4.2.5.jar
[2022-10-22T00:11:09.629+0000] {processor.py:758} INFO - Processing file /opt/airflow/dags/hadoop-2.7.3/share/hadoop/common/lib/httpcore-4.2.5.jar for tasks to queue
[2022-10-22T00:11:09.638+0000] {logging_mixin.py:117} INFO - [2022-10-22T00:11:09.638+0000] {dagbag.py:525} INFO - Filling up the DagBag from /opt/airflow/dags/hadoop-2.7.3/share/hadoop/common/lib/httpcore-4.2.5.jar
[2022-10-22T00:11:09.670+0000] {processor.py:770} WARNING - No viable dags retrieved from /opt/airflow/dags/hadoop-2.7.3/share/hadoop/common/lib/httpcore-4.2.5.jar
[2022-10-22T00:11:09.734+0000] {processor.py:178} INFO - Processing /opt/airflow/dags/hadoop-2.7.3/share/hadoop/common/lib/httpcore-4.2.5.jar took 0.121 seconds
[2022-10-22T00:11:21.938+0000] {processor.py:156} INFO - Started process (PID=21457) to work on /opt/airflow/dags/hadoop-2.7.3/share/hadoop/common/lib/httpcore-4.2.5.jar
[2022-10-22T00:11:21.940+0000] {processor.py:758} INFO - Processing file /opt/airflow/dags/hadoop-2.7.3/share/hadoop/common/lib/httpcore-4.2.5.jar for tasks to queue
[2022-10-22T00:11:21.943+0000] {logging_mixin.py:117} INFO - [2022-10-22T00:11:21.942+0000] {dagbag.py:525} INFO - Filling up the DagBag from /opt/airflow/dags/hadoop-2.7.3/share/hadoop/common/lib/httpcore-4.2.5.jar
[2022-10-22T00:11:21.951+0000] {processor.py:770} WARNING - No viable dags retrieved from /opt/airflow/dags/hadoop-2.7.3/share/hadoop/common/lib/httpcore-4.2.5.jar
[2022-10-22T00:11:22.024+0000] {processor.py:178} INFO - Processing /opt/airflow/dags/hadoop-2.7.3/share/hadoop/common/lib/httpcore-4.2.5.jar took 0.095 seconds
[2022-10-22T00:11:45.361+0000] {processor.py:156} INFO - Started process (PID=24315) to work on /opt/airflow/dags/hadoop-2.7.3/share/hadoop/common/lib/httpcore-4.2.5.jar
[2022-10-22T00:11:45.374+0000] {processor.py:758} INFO - Processing file /opt/airflow/dags/hadoop-2.7.3/share/hadoop/common/lib/httpcore-4.2.5.jar for tasks to queue
[2022-10-22T00:11:45.378+0000] {logging_mixin.py:117} INFO - [2022-10-22T00:11:45.378+0000] {dagbag.py:525} INFO - Filling up the DagBag from /opt/airflow/dags/hadoop-2.7.3/share/hadoop/common/lib/httpcore-4.2.5.jar
[2022-10-22T00:11:45.391+0000] {processor.py:770} WARNING - No viable dags retrieved from /opt/airflow/dags/hadoop-2.7.3/share/hadoop/common/lib/httpcore-4.2.5.jar
[2022-10-22T00:11:45.437+0000] {processor.py:178} INFO - Processing /opt/airflow/dags/hadoop-2.7.3/share/hadoop/common/lib/httpcore-4.2.5.jar took 0.086 seconds
[2022-10-22T00:11:57.711+0000] {processor.py:156} INFO - Started process (PID=21964) to work on /opt/airflow/dags/hadoop-2.7.3/share/hadoop/common/lib/httpcore-4.2.5.jar
[2022-10-22T00:11:57.714+0000] {processor.py:758} INFO - Processing file /opt/airflow/dags/hadoop-2.7.3/share/hadoop/common/lib/httpcore-4.2.5.jar for tasks to queue
[2022-10-22T00:11:57.716+0000] {logging_mixin.py:117} INFO - [2022-10-22T00:11:57.716+0000] {dagbag.py:525} INFO - Filling up the DagBag from /opt/airflow/dags/hadoop-2.7.3/share/hadoop/common/lib/httpcore-4.2.5.jar
[2022-10-22T00:11:57.731+0000] {processor.py:770} WARNING - No viable dags retrieved from /opt/airflow/dags/hadoop-2.7.3/share/hadoop/common/lib/httpcore-4.2.5.jar
[2022-10-22T00:11:57.760+0000] {processor.py:178} INFO - Processing /opt/airflow/dags/hadoop-2.7.3/share/hadoop/common/lib/httpcore-4.2.5.jar took 0.059 seconds
[2022-10-22T00:15:04.642+0000] {processor.py:156} INFO - Started process (PID=22435) to work on /opt/airflow/dags/hadoop-2.7.3/share/hadoop/common/lib/httpcore-4.2.5.jar
[2022-10-22T00:15:04.646+0000] {processor.py:758} INFO - Processing file /opt/airflow/dags/hadoop-2.7.3/share/hadoop/common/lib/httpcore-4.2.5.jar for tasks to queue
[2022-10-22T00:15:04.649+0000] {logging_mixin.py:117} INFO - [2022-10-22T00:15:04.649+0000] {dagbag.py:525} INFO - Filling up the DagBag from /opt/airflow/dags/hadoop-2.7.3/share/hadoop/common/lib/httpcore-4.2.5.jar
[2022-10-22T00:15:04.658+0000] {processor.py:770} WARNING - No viable dags retrieved from /opt/airflow/dags/hadoop-2.7.3/share/hadoop/common/lib/httpcore-4.2.5.jar
[2022-10-22T00:15:04.684+0000] {processor.py:178} INFO - Processing /opt/airflow/dags/hadoop-2.7.3/share/hadoop/common/lib/httpcore-4.2.5.jar took 0.051 seconds
[2022-10-22T00:15:16.075+0000] {processor.py:156} INFO - Started process (PID=24995) to work on /opt/airflow/dags/hadoop-2.7.3/share/hadoop/common/lib/httpcore-4.2.5.jar
[2022-10-22T00:15:16.084+0000] {processor.py:758} INFO - Processing file /opt/airflow/dags/hadoop-2.7.3/share/hadoop/common/lib/httpcore-4.2.5.jar for tasks to queue
[2022-10-22T00:15:16.087+0000] {logging_mixin.py:117} INFO - [2022-10-22T00:15:16.087+0000] {dagbag.py:525} INFO - Filling up the DagBag from /opt/airflow/dags/hadoop-2.7.3/share/hadoop/common/lib/httpcore-4.2.5.jar
[2022-10-22T00:15:16.098+0000] {processor.py:770} WARNING - No viable dags retrieved from /opt/airflow/dags/hadoop-2.7.3/share/hadoop/common/lib/httpcore-4.2.5.jar
[2022-10-22T00:15:16.146+0000] {processor.py:178} INFO - Processing /opt/airflow/dags/hadoop-2.7.3/share/hadoop/common/lib/httpcore-4.2.5.jar took 0.079 seconds
[2022-10-22T00:15:53.459+0000] {processor.py:156} INFO - Started process (PID=22956) to work on /opt/airflow/dags/hadoop-2.7.3/share/hadoop/common/lib/httpcore-4.2.5.jar
[2022-10-22T00:15:53.467+0000] {processor.py:758} INFO - Processing file /opt/airflow/dags/hadoop-2.7.3/share/hadoop/common/lib/httpcore-4.2.5.jar for tasks to queue
[2022-10-22T00:15:53.469+0000] {logging_mixin.py:117} INFO - [2022-10-22T00:15:53.469+0000] {dagbag.py:525} INFO - Filling up the DagBag from /opt/airflow/dags/hadoop-2.7.3/share/hadoop/common/lib/httpcore-4.2.5.jar
[2022-10-22T00:15:53.480+0000] {processor.py:770} WARNING - No viable dags retrieved from /opt/airflow/dags/hadoop-2.7.3/share/hadoop/common/lib/httpcore-4.2.5.jar
[2022-10-22T00:15:53.555+0000] {processor.py:178} INFO - Processing /opt/airflow/dags/hadoop-2.7.3/share/hadoop/common/lib/httpcore-4.2.5.jar took 0.103 seconds
[2022-10-22T00:16:03.952+0000] {processor.py:156} INFO - Started process (PID=25518) to work on /opt/airflow/dags/hadoop-2.7.3/share/hadoop/common/lib/httpcore-4.2.5.jar
[2022-10-22T00:16:03.956+0000] {processor.py:758} INFO - Processing file /opt/airflow/dags/hadoop-2.7.3/share/hadoop/common/lib/httpcore-4.2.5.jar for tasks to queue
[2022-10-22T00:16:03.961+0000] {logging_mixin.py:117} INFO - [2022-10-22T00:16:03.960+0000] {dagbag.py:525} INFO - Filling up the DagBag from /opt/airflow/dags/hadoop-2.7.3/share/hadoop/common/lib/httpcore-4.2.5.jar
[2022-10-22T00:16:03.987+0000] {processor.py:770} WARNING - No viable dags retrieved from /opt/airflow/dags/hadoop-2.7.3/share/hadoop/common/lib/httpcore-4.2.5.jar
[2022-10-22T00:16:04.034+0000] {processor.py:178} INFO - Processing /opt/airflow/dags/hadoop-2.7.3/share/hadoop/common/lib/httpcore-4.2.5.jar took 0.102 seconds
[2022-10-22T00:16:30.861+0000] {processor.py:156} INFO - Started process (PID=23362) to work on /opt/airflow/dags/hadoop-2.7.3/share/hadoop/common/lib/httpcore-4.2.5.jar
[2022-10-22T00:16:30.863+0000] {processor.py:758} INFO - Processing file /opt/airflow/dags/hadoop-2.7.3/share/hadoop/common/lib/httpcore-4.2.5.jar for tasks to queue
[2022-10-22T00:16:30.866+0000] {logging_mixin.py:117} INFO - [2022-10-22T00:16:30.866+0000] {dagbag.py:525} INFO - Filling up the DagBag from /opt/airflow/dags/hadoop-2.7.3/share/hadoop/common/lib/httpcore-4.2.5.jar
[2022-10-22T00:16:30.877+0000] {processor.py:770} WARNING - No viable dags retrieved from /opt/airflow/dags/hadoop-2.7.3/share/hadoop/common/lib/httpcore-4.2.5.jar
[2022-10-22T00:16:30.938+0000] {processor.py:178} INFO - Processing /opt/airflow/dags/hadoop-2.7.3/share/hadoop/common/lib/httpcore-4.2.5.jar took 0.083 seconds
[2022-10-22T00:16:50.811+0000] {processor.py:156} INFO - Started process (PID=26034) to work on /opt/airflow/dags/hadoop-2.7.3/share/hadoop/common/lib/httpcore-4.2.5.jar
[2022-10-22T00:16:50.814+0000] {processor.py:758} INFO - Processing file /opt/airflow/dags/hadoop-2.7.3/share/hadoop/common/lib/httpcore-4.2.5.jar for tasks to queue
[2022-10-22T00:16:50.817+0000] {logging_mixin.py:117} INFO - [2022-10-22T00:16:50.817+0000] {dagbag.py:525} INFO - Filling up the DagBag from /opt/airflow/dags/hadoop-2.7.3/share/hadoop/common/lib/httpcore-4.2.5.jar
[2022-10-22T00:16:50.836+0000] {processor.py:770} WARNING - No viable dags retrieved from /opt/airflow/dags/hadoop-2.7.3/share/hadoop/common/lib/httpcore-4.2.5.jar
[2022-10-22T00:16:50.878+0000] {processor.py:178} INFO - Processing /opt/airflow/dags/hadoop-2.7.3/share/hadoop/common/lib/httpcore-4.2.5.jar took 0.104 seconds
[2022-10-22T00:17:20.385+0000] {processor.py:156} INFO - Started process (PID=23888) to work on /opt/airflow/dags/hadoop-2.7.3/share/hadoop/common/lib/httpcore-4.2.5.jar
[2022-10-22T00:17:20.391+0000] {processor.py:758} INFO - Processing file /opt/airflow/dags/hadoop-2.7.3/share/hadoop/common/lib/httpcore-4.2.5.jar for tasks to queue
[2022-10-22T00:17:20.398+0000] {logging_mixin.py:117} INFO - [2022-10-22T00:17:20.397+0000] {dagbag.py:525} INFO - Filling up the DagBag from /opt/airflow/dags/hadoop-2.7.3/share/hadoop/common/lib/httpcore-4.2.5.jar
[2022-10-22T00:17:20.430+0000] {processor.py:770} WARNING - No viable dags retrieved from /opt/airflow/dags/hadoop-2.7.3/share/hadoop/common/lib/httpcore-4.2.5.jar
[2022-10-22T00:17:20.468+0000] {processor.py:178} INFO - Processing /opt/airflow/dags/hadoop-2.7.3/share/hadoop/common/lib/httpcore-4.2.5.jar took 0.092 seconds
[2022-10-22T00:17:27.704+0000] {processor.py:156} INFO - Started process (PID=26418) to work on /opt/airflow/dags/hadoop-2.7.3/share/hadoop/common/lib/httpcore-4.2.5.jar
[2022-10-22T00:17:27.710+0000] {processor.py:758} INFO - Processing file /opt/airflow/dags/hadoop-2.7.3/share/hadoop/common/lib/httpcore-4.2.5.jar for tasks to queue
[2022-10-22T00:17:27.718+0000] {logging_mixin.py:117} INFO - [2022-10-22T00:17:27.716+0000] {dagbag.py:525} INFO - Filling up the DagBag from /opt/airflow/dags/hadoop-2.7.3/share/hadoop/common/lib/httpcore-4.2.5.jar
[2022-10-22T00:17:27.734+0000] {processor.py:770} WARNING - No viable dags retrieved from /opt/airflow/dags/hadoop-2.7.3/share/hadoop/common/lib/httpcore-4.2.5.jar
[2022-10-22T00:17:27.779+0000] {processor.py:178} INFO - Processing /opt/airflow/dags/hadoop-2.7.3/share/hadoop/common/lib/httpcore-4.2.5.jar took 0.092 seconds
[2022-10-22T00:18:00.021+0000] {processor.py:156} INFO - Started process (PID=24304) to work on /opt/airflow/dags/hadoop-2.7.3/share/hadoop/common/lib/httpcore-4.2.5.jar
[2022-10-22T00:18:00.026+0000] {processor.py:758} INFO - Processing file /opt/airflow/dags/hadoop-2.7.3/share/hadoop/common/lib/httpcore-4.2.5.jar for tasks to queue
[2022-10-22T00:18:00.028+0000] {logging_mixin.py:117} INFO - [2022-10-22T00:18:00.028+0000] {dagbag.py:525} INFO - Filling up the DagBag from /opt/airflow/dags/hadoop-2.7.3/share/hadoop/common/lib/httpcore-4.2.5.jar
[2022-10-22T00:18:00.063+0000] {processor.py:770} WARNING - No viable dags retrieved from /opt/airflow/dags/hadoop-2.7.3/share/hadoop/common/lib/httpcore-4.2.5.jar
[2022-10-22T00:18:00.173+0000] {processor.py:178} INFO - Processing /opt/airflow/dags/hadoop-2.7.3/share/hadoop/common/lib/httpcore-4.2.5.jar took 0.193 seconds
[2022-10-22T00:18:05.740+0000] {processor.py:156} INFO - Started process (PID=26832) to work on /opt/airflow/dags/hadoop-2.7.3/share/hadoop/common/lib/httpcore-4.2.5.jar
[2022-10-22T00:18:05.745+0000] {processor.py:758} INFO - Processing file /opt/airflow/dags/hadoop-2.7.3/share/hadoop/common/lib/httpcore-4.2.5.jar for tasks to queue
[2022-10-22T00:18:05.747+0000] {logging_mixin.py:117} INFO - [2022-10-22T00:18:05.747+0000] {dagbag.py:525} INFO - Filling up the DagBag from /opt/airflow/dags/hadoop-2.7.3/share/hadoop/common/lib/httpcore-4.2.5.jar
[2022-10-22T00:18:05.758+0000] {processor.py:770} WARNING - No viable dags retrieved from /opt/airflow/dags/hadoop-2.7.3/share/hadoop/common/lib/httpcore-4.2.5.jar
[2022-10-22T00:18:05.792+0000] {processor.py:178} INFO - Processing /opt/airflow/dags/hadoop-2.7.3/share/hadoop/common/lib/httpcore-4.2.5.jar took 0.068 seconds
[2022-10-22T00:18:39.608+0000] {processor.py:156} INFO - Started process (PID=24705) to work on /opt/airflow/dags/hadoop-2.7.3/share/hadoop/common/lib/httpcore-4.2.5.jar
[2022-10-22T00:18:39.611+0000] {processor.py:758} INFO - Processing file /opt/airflow/dags/hadoop-2.7.3/share/hadoop/common/lib/httpcore-4.2.5.jar for tasks to queue
[2022-10-22T00:18:39.615+0000] {logging_mixin.py:117} INFO - [2022-10-22T00:18:39.614+0000] {dagbag.py:525} INFO - Filling up the DagBag from /opt/airflow/dags/hadoop-2.7.3/share/hadoop/common/lib/httpcore-4.2.5.jar
[2022-10-22T00:18:39.641+0000] {processor.py:770} WARNING - No viable dags retrieved from /opt/airflow/dags/hadoop-2.7.3/share/hadoop/common/lib/httpcore-4.2.5.jar
[2022-10-22T00:18:39.716+0000] {processor.py:178} INFO - Processing /opt/airflow/dags/hadoop-2.7.3/share/hadoop/common/lib/httpcore-4.2.5.jar took 0.125 seconds
[2022-10-22T00:18:55.645+0000] {processor.py:156} INFO - Started process (PID=27355) to work on /opt/airflow/dags/hadoop-2.7.3/share/hadoop/common/lib/httpcore-4.2.5.jar
[2022-10-22T00:18:55.650+0000] {processor.py:758} INFO - Processing file /opt/airflow/dags/hadoop-2.7.3/share/hadoop/common/lib/httpcore-4.2.5.jar for tasks to queue
[2022-10-22T00:18:55.656+0000] {logging_mixin.py:117} INFO - [2022-10-22T00:18:55.656+0000] {dagbag.py:525} INFO - Filling up the DagBag from /opt/airflow/dags/hadoop-2.7.3/share/hadoop/common/lib/httpcore-4.2.5.jar
[2022-10-22T00:18:55.675+0000] {processor.py:770} WARNING - No viable dags retrieved from /opt/airflow/dags/hadoop-2.7.3/share/hadoop/common/lib/httpcore-4.2.5.jar
[2022-10-22T00:18:55.725+0000] {processor.py:178} INFO - Processing /opt/airflow/dags/hadoop-2.7.3/share/hadoop/common/lib/httpcore-4.2.5.jar took 0.088 seconds
[2022-10-22T00:19:18.387+0000] {processor.py:156} INFO - Started process (PID=25108) to work on /opt/airflow/dags/hadoop-2.7.3/share/hadoop/common/lib/httpcore-4.2.5.jar
[2022-10-22T00:19:18.394+0000] {processor.py:758} INFO - Processing file /opt/airflow/dags/hadoop-2.7.3/share/hadoop/common/lib/httpcore-4.2.5.jar for tasks to queue
[2022-10-22T00:19:18.401+0000] {logging_mixin.py:117} INFO - [2022-10-22T00:19:18.401+0000] {dagbag.py:525} INFO - Filling up the DagBag from /opt/airflow/dags/hadoop-2.7.3/share/hadoop/common/lib/httpcore-4.2.5.jar
[2022-10-22T00:19:18.412+0000] {processor.py:770} WARNING - No viable dags retrieved from /opt/airflow/dags/hadoop-2.7.3/share/hadoop/common/lib/httpcore-4.2.5.jar
[2022-10-22T00:19:18.486+0000] {processor.py:178} INFO - Processing /opt/airflow/dags/hadoop-2.7.3/share/hadoop/common/lib/httpcore-4.2.5.jar took 0.118 seconds
[2022-10-22T00:19:35.045+0000] {processor.py:156} INFO - Started process (PID=27759) to work on /opt/airflow/dags/hadoop-2.7.3/share/hadoop/common/lib/httpcore-4.2.5.jar
[2022-10-22T00:19:35.048+0000] {processor.py:758} INFO - Processing file /opt/airflow/dags/hadoop-2.7.3/share/hadoop/common/lib/httpcore-4.2.5.jar for tasks to queue
[2022-10-22T00:19:35.050+0000] {logging_mixin.py:117} INFO - [2022-10-22T00:19:35.049+0000] {dagbag.py:525} INFO - Filling up the DagBag from /opt/airflow/dags/hadoop-2.7.3/share/hadoop/common/lib/httpcore-4.2.5.jar
[2022-10-22T00:19:35.062+0000] {processor.py:770} WARNING - No viable dags retrieved from /opt/airflow/dags/hadoop-2.7.3/share/hadoop/common/lib/httpcore-4.2.5.jar
[2022-10-22T00:19:35.169+0000] {processor.py:178} INFO - Processing /opt/airflow/dags/hadoop-2.7.3/share/hadoop/common/lib/httpcore-4.2.5.jar took 0.134 seconds
[2022-10-22T00:20:18.558+0000] {processor.py:156} INFO - Started process (PID=25357) to work on /opt/airflow/dags/hadoop-2.7.3/share/hadoop/common/lib/httpcore-4.2.5.jar
[2022-10-22T00:20:18.561+0000] {processor.py:758} INFO - Processing file /opt/airflow/dags/hadoop-2.7.3/share/hadoop/common/lib/httpcore-4.2.5.jar for tasks to queue
[2022-10-22T00:20:18.563+0000] {logging_mixin.py:117} INFO - [2022-10-22T00:20:18.563+0000] {dagbag.py:525} INFO - Filling up the DagBag from /opt/airflow/dags/hadoop-2.7.3/share/hadoop/common/lib/httpcore-4.2.5.jar
[2022-10-22T00:20:18.579+0000] {processor.py:770} WARNING - No viable dags retrieved from /opt/airflow/dags/hadoop-2.7.3/share/hadoop/common/lib/httpcore-4.2.5.jar
[2022-10-22T00:20:18.628+0000] {processor.py:178} INFO - Processing /opt/airflow/dags/hadoop-2.7.3/share/hadoop/common/lib/httpcore-4.2.5.jar took 0.101 seconds
[2022-10-22T00:20:36.004+0000] {processor.py:156} INFO - Started process (PID=28034) to work on /opt/airflow/dags/hadoop-2.7.3/share/hadoop/common/lib/httpcore-4.2.5.jar
[2022-10-22T00:20:36.012+0000] {processor.py:758} INFO - Processing file /opt/airflow/dags/hadoop-2.7.3/share/hadoop/common/lib/httpcore-4.2.5.jar for tasks to queue
[2022-10-22T00:20:36.018+0000] {logging_mixin.py:117} INFO - [2022-10-22T00:20:36.017+0000] {dagbag.py:525} INFO - Filling up the DagBag from /opt/airflow/dags/hadoop-2.7.3/share/hadoop/common/lib/httpcore-4.2.5.jar
[2022-10-22T00:20:36.033+0000] {processor.py:770} WARNING - No viable dags retrieved from /opt/airflow/dags/hadoop-2.7.3/share/hadoop/common/lib/httpcore-4.2.5.jar
[2022-10-22T00:20:36.088+0000] {processor.py:178} INFO - Processing /opt/airflow/dags/hadoop-2.7.3/share/hadoop/common/lib/httpcore-4.2.5.jar took 0.096 seconds
[2022-10-22T00:21:00.324+0000] {processor.py:156} INFO - Started process (PID=25756) to work on /opt/airflow/dags/hadoop-2.7.3/share/hadoop/common/lib/httpcore-4.2.5.jar
[2022-10-22T00:21:00.327+0000] {processor.py:758} INFO - Processing file /opt/airflow/dags/hadoop-2.7.3/share/hadoop/common/lib/httpcore-4.2.5.jar for tasks to queue
[2022-10-22T00:21:00.331+0000] {logging_mixin.py:117} INFO - [2022-10-22T00:21:00.331+0000] {dagbag.py:525} INFO - Filling up the DagBag from /opt/airflow/dags/hadoop-2.7.3/share/hadoop/common/lib/httpcore-4.2.5.jar
[2022-10-22T00:21:00.346+0000] {processor.py:770} WARNING - No viable dags retrieved from /opt/airflow/dags/hadoop-2.7.3/share/hadoop/common/lib/httpcore-4.2.5.jar
[2022-10-22T00:21:00.400+0000] {processor.py:178} INFO - Processing /opt/airflow/dags/hadoop-2.7.3/share/hadoop/common/lib/httpcore-4.2.5.jar took 0.085 seconds
[2022-10-22T00:21:28.115+0000] {processor.py:156} INFO - Started process (PID=28557) to work on /opt/airflow/dags/hadoop-2.7.3/share/hadoop/common/lib/httpcore-4.2.5.jar
[2022-10-22T00:21:28.120+0000] {processor.py:758} INFO - Processing file /opt/airflow/dags/hadoop-2.7.3/share/hadoop/common/lib/httpcore-4.2.5.jar for tasks to queue
[2022-10-22T00:21:28.123+0000] {logging_mixin.py:117} INFO - [2022-10-22T00:21:28.122+0000] {dagbag.py:525} INFO - Filling up the DagBag from /opt/airflow/dags/hadoop-2.7.3/share/hadoop/common/lib/httpcore-4.2.5.jar
[2022-10-22T00:21:28.142+0000] {processor.py:770} WARNING - No viable dags retrieved from /opt/airflow/dags/hadoop-2.7.3/share/hadoop/common/lib/httpcore-4.2.5.jar
[2022-10-22T00:21:28.196+0000] {processor.py:178} INFO - Processing /opt/airflow/dags/hadoop-2.7.3/share/hadoop/common/lib/httpcore-4.2.5.jar took 0.090 seconds
[2022-10-22T00:21:47.010+0000] {processor.py:156} INFO - Started process (PID=26199) to work on /opt/airflow/dags/hadoop-2.7.3/share/hadoop/common/lib/httpcore-4.2.5.jar
[2022-10-22T00:21:47.014+0000] {processor.py:758} INFO - Processing file /opt/airflow/dags/hadoop-2.7.3/share/hadoop/common/lib/httpcore-4.2.5.jar for tasks to queue
[2022-10-22T00:21:47.025+0000] {logging_mixin.py:117} INFO - [2022-10-22T00:21:47.024+0000] {dagbag.py:525} INFO - Filling up the DagBag from /opt/airflow/dags/hadoop-2.7.3/share/hadoop/common/lib/httpcore-4.2.5.jar
[2022-10-22T00:21:47.056+0000] {processor.py:770} WARNING - No viable dags retrieved from /opt/airflow/dags/hadoop-2.7.3/share/hadoop/common/lib/httpcore-4.2.5.jar
[2022-10-22T00:21:47.100+0000] {processor.py:178} INFO - Processing /opt/airflow/dags/hadoop-2.7.3/share/hadoop/common/lib/httpcore-4.2.5.jar took 0.102 seconds
[2022-10-22T00:22:15.801+0000] {processor.py:156} INFO - Started process (PID=29024) to work on /opt/airflow/dags/hadoop-2.7.3/share/hadoop/common/lib/httpcore-4.2.5.jar
[2022-10-22T00:22:15.808+0000] {processor.py:758} INFO - Processing file /opt/airflow/dags/hadoop-2.7.3/share/hadoop/common/lib/httpcore-4.2.5.jar for tasks to queue
[2022-10-22T00:22:15.810+0000] {logging_mixin.py:117} INFO - [2022-10-22T00:22:15.810+0000] {dagbag.py:525} INFO - Filling up the DagBag from /opt/airflow/dags/hadoop-2.7.3/share/hadoop/common/lib/httpcore-4.2.5.jar
[2022-10-22T00:22:15.823+0000] {processor.py:770} WARNING - No viable dags retrieved from /opt/airflow/dags/hadoop-2.7.3/share/hadoop/common/lib/httpcore-4.2.5.jar
[2022-10-22T00:22:15.868+0000] {processor.py:178} INFO - Processing /opt/airflow/dags/hadoop-2.7.3/share/hadoop/common/lib/httpcore-4.2.5.jar took 0.079 seconds
[2022-10-22T00:22:38.886+0000] {processor.py:156} INFO - Started process (PID=26680) to work on /opt/airflow/dags/hadoop-2.7.3/share/hadoop/common/lib/httpcore-4.2.5.jar
[2022-10-22T00:22:38.890+0000] {processor.py:758} INFO - Processing file /opt/airflow/dags/hadoop-2.7.3/share/hadoop/common/lib/httpcore-4.2.5.jar for tasks to queue
[2022-10-22T00:22:38.893+0000] {logging_mixin.py:117} INFO - [2022-10-22T00:22:38.893+0000] {dagbag.py:525} INFO - Filling up the DagBag from /opt/airflow/dags/hadoop-2.7.3/share/hadoop/common/lib/httpcore-4.2.5.jar
[2022-10-22T00:22:38.927+0000] {processor.py:770} WARNING - No viable dags retrieved from /opt/airflow/dags/hadoop-2.7.3/share/hadoop/common/lib/httpcore-4.2.5.jar
[2022-10-22T00:22:39.001+0000] {processor.py:178} INFO - Processing /opt/airflow/dags/hadoop-2.7.3/share/hadoop/common/lib/httpcore-4.2.5.jar took 0.124 seconds
[2022-10-22T00:23:08.116+0000] {processor.py:156} INFO - Started process (PID=29489) to work on /opt/airflow/dags/hadoop-2.7.3/share/hadoop/common/lib/httpcore-4.2.5.jar
[2022-10-22T00:23:08.118+0000] {processor.py:758} INFO - Processing file /opt/airflow/dags/hadoop-2.7.3/share/hadoop/common/lib/httpcore-4.2.5.jar for tasks to queue
[2022-10-22T00:23:08.120+0000] {logging_mixin.py:117} INFO - [2022-10-22T00:23:08.119+0000] {dagbag.py:525} INFO - Filling up the DagBag from /opt/airflow/dags/hadoop-2.7.3/share/hadoop/common/lib/httpcore-4.2.5.jar
[2022-10-22T00:23:08.130+0000] {processor.py:770} WARNING - No viable dags retrieved from /opt/airflow/dags/hadoop-2.7.3/share/hadoop/common/lib/httpcore-4.2.5.jar
[2022-10-22T00:23:08.168+0000] {processor.py:178} INFO - Processing /opt/airflow/dags/hadoop-2.7.3/share/hadoop/common/lib/httpcore-4.2.5.jar took 0.067 seconds
[2022-10-22T00:23:26.802+0000] {processor.py:156} INFO - Started process (PID=27163) to work on /opt/airflow/dags/hadoop-2.7.3/share/hadoop/common/lib/httpcore-4.2.5.jar
[2022-10-22T00:23:26.805+0000] {processor.py:758} INFO - Processing file /opt/airflow/dags/hadoop-2.7.3/share/hadoop/common/lib/httpcore-4.2.5.jar for tasks to queue
[2022-10-22T00:23:26.807+0000] {logging_mixin.py:117} INFO - [2022-10-22T00:23:26.807+0000] {dagbag.py:525} INFO - Filling up the DagBag from /opt/airflow/dags/hadoop-2.7.3/share/hadoop/common/lib/httpcore-4.2.5.jar
[2022-10-22T00:23:26.816+0000] {processor.py:770} WARNING - No viable dags retrieved from /opt/airflow/dags/hadoop-2.7.3/share/hadoop/common/lib/httpcore-4.2.5.jar
[2022-10-22T00:23:26.841+0000] {processor.py:178} INFO - Processing /opt/airflow/dags/hadoop-2.7.3/share/hadoop/common/lib/httpcore-4.2.5.jar took 0.047 seconds
[2022-10-22T00:23:43.153+0000] {processor.py:156} INFO - Started process (PID=29939) to work on /opt/airflow/dags/hadoop-2.7.3/share/hadoop/common/lib/httpcore-4.2.5.jar
[2022-10-22T00:23:43.155+0000] {processor.py:758} INFO - Processing file /opt/airflow/dags/hadoop-2.7.3/share/hadoop/common/lib/httpcore-4.2.5.jar for tasks to queue
[2022-10-22T00:23:43.157+0000] {logging_mixin.py:117} INFO - [2022-10-22T00:23:43.157+0000] {dagbag.py:525} INFO - Filling up the DagBag from /opt/airflow/dags/hadoop-2.7.3/share/hadoop/common/lib/httpcore-4.2.5.jar
[2022-10-22T00:23:43.165+0000] {processor.py:770} WARNING - No viable dags retrieved from /opt/airflow/dags/hadoop-2.7.3/share/hadoop/common/lib/httpcore-4.2.5.jar
[2022-10-22T00:23:43.189+0000] {processor.py:178} INFO - Processing /opt/airflow/dags/hadoop-2.7.3/share/hadoop/common/lib/httpcore-4.2.5.jar took 0.042 seconds
