[2022-10-22T00:00:05.935+0000] {processor.py:156} INFO - Started process (PID=18868) to work on /opt/airflow/dags/hadoop-2.7.3/share/hadoop/common/lib/jaxb-api-2.2.2.jar
[2022-10-22T00:00:05.941+0000] {processor.py:758} INFO - Processing file /opt/airflow/dags/hadoop-2.7.3/share/hadoop/common/lib/jaxb-api-2.2.2.jar for tasks to queue
[2022-10-22T00:00:05.946+0000] {logging_mixin.py:117} INFO - [2022-10-22T00:00:05.945+0000] {dagbag.py:525} INFO - Filling up the DagBag from /opt/airflow/dags/hadoop-2.7.3/share/hadoop/common/lib/jaxb-api-2.2.2.jar
[2022-10-22T00:00:05.960+0000] {processor.py:770} WARNING - No viable dags retrieved from /opt/airflow/dags/hadoop-2.7.3/share/hadoop/common/lib/jaxb-api-2.2.2.jar
[2022-10-22T00:00:06.017+0000] {processor.py:178} INFO - Processing /opt/airflow/dags/hadoop-2.7.3/share/hadoop/common/lib/jaxb-api-2.2.2.jar took 0.112 seconds
[2022-10-22T00:00:33.540+0000] {processor.py:156} INFO - Started process (PID=16903) to work on /opt/airflow/dags/hadoop-2.7.3/share/hadoop/common/lib/jaxb-api-2.2.2.jar
[2022-10-22T00:00:33.546+0000] {processor.py:758} INFO - Processing file /opt/airflow/dags/hadoop-2.7.3/share/hadoop/common/lib/jaxb-api-2.2.2.jar for tasks to queue
[2022-10-22T00:00:33.550+0000] {logging_mixin.py:117} INFO - [2022-10-22T00:00:33.550+0000] {dagbag.py:525} INFO - Filling up the DagBag from /opt/airflow/dags/hadoop-2.7.3/share/hadoop/common/lib/jaxb-api-2.2.2.jar
[2022-10-22T00:00:33.562+0000] {processor.py:770} WARNING - No viable dags retrieved from /opt/airflow/dags/hadoop-2.7.3/share/hadoop/common/lib/jaxb-api-2.2.2.jar
[2022-10-22T00:00:33.645+0000] {processor.py:178} INFO - Processing /opt/airflow/dags/hadoop-2.7.3/share/hadoop/common/lib/jaxb-api-2.2.2.jar took 0.115 seconds
[2022-10-22T00:01:19.958+0000] {processor.py:156} INFO - Started process (PID=17226) to work on /opt/airflow/dags/hadoop-2.7.3/share/hadoop/common/lib/jaxb-api-2.2.2.jar
[2022-10-22T00:01:19.961+0000] {processor.py:758} INFO - Processing file /opt/airflow/dags/hadoop-2.7.3/share/hadoop/common/lib/jaxb-api-2.2.2.jar for tasks to queue
[2022-10-22T00:01:19.965+0000] {logging_mixin.py:117} INFO - [2022-10-22T00:01:19.965+0000] {dagbag.py:525} INFO - Filling up the DagBag from /opt/airflow/dags/hadoop-2.7.3/share/hadoop/common/lib/jaxb-api-2.2.2.jar
[2022-10-22T00:01:19.988+0000] {processor.py:770} WARNING - No viable dags retrieved from /opt/airflow/dags/hadoop-2.7.3/share/hadoop/common/lib/jaxb-api-2.2.2.jar
[2022-10-22T00:01:20.070+0000] {processor.py:178} INFO - Processing /opt/airflow/dags/hadoop-2.7.3/share/hadoop/common/lib/jaxb-api-2.2.2.jar took 0.120 seconds
[2022-10-22T00:01:22.921+0000] {processor.py:156} INFO - Started process (PID=19445) to work on /opt/airflow/dags/hadoop-2.7.3/share/hadoop/common/lib/jaxb-api-2.2.2.jar
[2022-10-22T00:01:22.924+0000] {processor.py:758} INFO - Processing file /opt/airflow/dags/hadoop-2.7.3/share/hadoop/common/lib/jaxb-api-2.2.2.jar for tasks to queue
[2022-10-22T00:01:22.927+0000] {logging_mixin.py:117} INFO - [2022-10-22T00:01:22.926+0000] {dagbag.py:525} INFO - Filling up the DagBag from /opt/airflow/dags/hadoop-2.7.3/share/hadoop/common/lib/jaxb-api-2.2.2.jar
[2022-10-22T00:01:22.936+0000] {processor.py:770} WARNING - No viable dags retrieved from /opt/airflow/dags/hadoop-2.7.3/share/hadoop/common/lib/jaxb-api-2.2.2.jar
[2022-10-22T00:01:22.988+0000] {processor.py:178} INFO - Processing /opt/airflow/dags/hadoop-2.7.3/share/hadoop/common/lib/jaxb-api-2.2.2.jar took 0.078 seconds
[2022-10-22T00:02:00.500+0000] {processor.py:156} INFO - Started process (PID=17527) to work on /opt/airflow/dags/hadoop-2.7.3/share/hadoop/common/lib/jaxb-api-2.2.2.jar
[2022-10-22T00:02:00.503+0000] {processor.py:758} INFO - Processing file /opt/airflow/dags/hadoop-2.7.3/share/hadoop/common/lib/jaxb-api-2.2.2.jar for tasks to queue
[2022-10-22T00:02:00.506+0000] {logging_mixin.py:117} INFO - [2022-10-22T00:02:00.506+0000] {dagbag.py:525} INFO - Filling up the DagBag from /opt/airflow/dags/hadoop-2.7.3/share/hadoop/common/lib/jaxb-api-2.2.2.jar
[2022-10-22T00:02:00.521+0000] {processor.py:770} WARNING - No viable dags retrieved from /opt/airflow/dags/hadoop-2.7.3/share/hadoop/common/lib/jaxb-api-2.2.2.jar
[2022-10-22T00:02:00.597+0000] {processor.py:178} INFO - Processing /opt/airflow/dags/hadoop-2.7.3/share/hadoop/common/lib/jaxb-api-2.2.2.jar took 0.132 seconds
[2022-10-22T00:02:17.252+0000] {processor.py:156} INFO - Started process (PID=19999) to work on /opt/airflow/dags/hadoop-2.7.3/share/hadoop/common/lib/jaxb-api-2.2.2.jar
[2022-10-22T00:02:17.264+0000] {processor.py:758} INFO - Processing file /opt/airflow/dags/hadoop-2.7.3/share/hadoop/common/lib/jaxb-api-2.2.2.jar for tasks to queue
[2022-10-22T00:02:17.266+0000] {logging_mixin.py:117} INFO - [2022-10-22T00:02:17.266+0000] {dagbag.py:525} INFO - Filling up the DagBag from /opt/airflow/dags/hadoop-2.7.3/share/hadoop/common/lib/jaxb-api-2.2.2.jar
[2022-10-22T00:02:17.276+0000] {processor.py:770} WARNING - No viable dags retrieved from /opt/airflow/dags/hadoop-2.7.3/share/hadoop/common/lib/jaxb-api-2.2.2.jar
[2022-10-22T00:02:17.359+0000] {processor.py:178} INFO - Processing /opt/airflow/dags/hadoop-2.7.3/share/hadoop/common/lib/jaxb-api-2.2.2.jar took 0.143 seconds
[2022-10-22T00:03:38.271+0000] {processor.py:156} INFO - Started process (PID=18104) to work on /opt/airflow/dags/hadoop-2.7.3/share/hadoop/common/lib/jaxb-api-2.2.2.jar
[2022-10-22T00:03:38.275+0000] {processor.py:758} INFO - Processing file /opt/airflow/dags/hadoop-2.7.3/share/hadoop/common/lib/jaxb-api-2.2.2.jar for tasks to queue
[2022-10-22T00:03:38.279+0000] {logging_mixin.py:117} INFO - [2022-10-22T00:03:38.278+0000] {dagbag.py:525} INFO - Filling up the DagBag from /opt/airflow/dags/hadoop-2.7.3/share/hadoop/common/lib/jaxb-api-2.2.2.jar
[2022-10-22T00:03:38.299+0000] {processor.py:770} WARNING - No viable dags retrieved from /opt/airflow/dags/hadoop-2.7.3/share/hadoop/common/lib/jaxb-api-2.2.2.jar
[2022-10-22T00:03:38.333+0000] {processor.py:178} INFO - Processing /opt/airflow/dags/hadoop-2.7.3/share/hadoop/common/lib/jaxb-api-2.2.2.jar took 0.079 seconds
[2022-10-22T00:03:45.680+0000] {processor.py:156} INFO - Started process (PID=20552) to work on /opt/airflow/dags/hadoop-2.7.3/share/hadoop/common/lib/jaxb-api-2.2.2.jar
[2022-10-22T00:03:45.683+0000] {processor.py:758} INFO - Processing file /opt/airflow/dags/hadoop-2.7.3/share/hadoop/common/lib/jaxb-api-2.2.2.jar for tasks to queue
[2022-10-22T00:03:45.685+0000] {logging_mixin.py:117} INFO - [2022-10-22T00:03:45.685+0000] {dagbag.py:525} INFO - Filling up the DagBag from /opt/airflow/dags/hadoop-2.7.3/share/hadoop/common/lib/jaxb-api-2.2.2.jar
[2022-10-22T00:03:45.697+0000] {processor.py:770} WARNING - No viable dags retrieved from /opt/airflow/dags/hadoop-2.7.3/share/hadoop/common/lib/jaxb-api-2.2.2.jar
[2022-10-22T00:03:45.769+0000] {processor.py:178} INFO - Processing /opt/airflow/dags/hadoop-2.7.3/share/hadoop/common/lib/jaxb-api-2.2.2.jar took 0.097 seconds
[2022-10-22T00:04:19.838+0000] {processor.py:156} INFO - Started process (PID=18462) to work on /opt/airflow/dags/hadoop-2.7.3/share/hadoop/common/lib/jaxb-api-2.2.2.jar
[2022-10-22T00:04:19.848+0000] {processor.py:758} INFO - Processing file /opt/airflow/dags/hadoop-2.7.3/share/hadoop/common/lib/jaxb-api-2.2.2.jar for tasks to queue
[2022-10-22T00:04:19.857+0000] {logging_mixin.py:117} INFO - [2022-10-22T00:04:19.857+0000] {dagbag.py:525} INFO - Filling up the DagBag from /opt/airflow/dags/hadoop-2.7.3/share/hadoop/common/lib/jaxb-api-2.2.2.jar
[2022-10-22T00:04:19.874+0000] {processor.py:770} WARNING - No viable dags retrieved from /opt/airflow/dags/hadoop-2.7.3/share/hadoop/common/lib/jaxb-api-2.2.2.jar
[2022-10-22T00:04:19.969+0000] {processor.py:178} INFO - Processing /opt/airflow/dags/hadoop-2.7.3/share/hadoop/common/lib/jaxb-api-2.2.2.jar took 0.183 seconds
[2022-10-22T00:04:33.430+0000] {processor.py:156} INFO - Started process (PID=20981) to work on /opt/airflow/dags/hadoop-2.7.3/share/hadoop/common/lib/jaxb-api-2.2.2.jar
[2022-10-22T00:04:33.438+0000] {processor.py:758} INFO - Processing file /opt/airflow/dags/hadoop-2.7.3/share/hadoop/common/lib/jaxb-api-2.2.2.jar for tasks to queue
[2022-10-22T00:04:33.442+0000] {logging_mixin.py:117} INFO - [2022-10-22T00:04:33.442+0000] {dagbag.py:525} INFO - Filling up the DagBag from /opt/airflow/dags/hadoop-2.7.3/share/hadoop/common/lib/jaxb-api-2.2.2.jar
[2022-10-22T00:04:33.469+0000] {processor.py:770} WARNING - No viable dags retrieved from /opt/airflow/dags/hadoop-2.7.3/share/hadoop/common/lib/jaxb-api-2.2.2.jar
[2022-10-22T00:04:33.543+0000] {processor.py:178} INFO - Processing /opt/airflow/dags/hadoop-2.7.3/share/hadoop/common/lib/jaxb-api-2.2.2.jar took 0.123 seconds
[2022-10-22T00:05:16.655+0000] {processor.py:156} INFO - Started process (PID=18985) to work on /opt/airflow/dags/hadoop-2.7.3/share/hadoop/common/lib/jaxb-api-2.2.2.jar
[2022-10-22T00:05:16.659+0000] {processor.py:758} INFO - Processing file /opt/airflow/dags/hadoop-2.7.3/share/hadoop/common/lib/jaxb-api-2.2.2.jar for tasks to queue
[2022-10-22T00:05:16.663+0000] {logging_mixin.py:117} INFO - [2022-10-22T00:05:16.662+0000] {dagbag.py:525} INFO - Filling up the DagBag from /opt/airflow/dags/hadoop-2.7.3/share/hadoop/common/lib/jaxb-api-2.2.2.jar
[2022-10-22T00:05:16.680+0000] {processor.py:770} WARNING - No viable dags retrieved from /opt/airflow/dags/hadoop-2.7.3/share/hadoop/common/lib/jaxb-api-2.2.2.jar
[2022-10-22T00:05:16.728+0000] {processor.py:178} INFO - Processing /opt/airflow/dags/hadoop-2.7.3/share/hadoop/common/lib/jaxb-api-2.2.2.jar took 0.085 seconds
[2022-10-22T00:05:24.309+0000] {processor.py:156} INFO - Started process (PID=21479) to work on /opt/airflow/dags/hadoop-2.7.3/share/hadoop/common/lib/jaxb-api-2.2.2.jar
[2022-10-22T00:05:24.322+0000] {processor.py:758} INFO - Processing file /opt/airflow/dags/hadoop-2.7.3/share/hadoop/common/lib/jaxb-api-2.2.2.jar for tasks to queue
[2022-10-22T00:05:24.327+0000] {logging_mixin.py:117} INFO - [2022-10-22T00:05:24.326+0000] {dagbag.py:525} INFO - Filling up the DagBag from /opt/airflow/dags/hadoop-2.7.3/share/hadoop/common/lib/jaxb-api-2.2.2.jar
[2022-10-22T00:05:24.340+0000] {processor.py:770} WARNING - No viable dags retrieved from /opt/airflow/dags/hadoop-2.7.3/share/hadoop/common/lib/jaxb-api-2.2.2.jar
[2022-10-22T00:05:24.400+0000] {processor.py:178} INFO - Processing /opt/airflow/dags/hadoop-2.7.3/share/hadoop/common/lib/jaxb-api-2.2.2.jar took 0.100 seconds
[2022-10-22T00:06:03.565+0000] {processor.py:156} INFO - Started process (PID=19441) to work on /opt/airflow/dags/hadoop-2.7.3/share/hadoop/common/lib/jaxb-api-2.2.2.jar
[2022-10-22T00:06:03.570+0000] {processor.py:758} INFO - Processing file /opt/airflow/dags/hadoop-2.7.3/share/hadoop/common/lib/jaxb-api-2.2.2.jar for tasks to queue
[2022-10-22T00:06:03.573+0000] {logging_mixin.py:117} INFO - [2022-10-22T00:06:03.572+0000] {dagbag.py:525} INFO - Filling up the DagBag from /opt/airflow/dags/hadoop-2.7.3/share/hadoop/common/lib/jaxb-api-2.2.2.jar
[2022-10-22T00:06:03.595+0000] {processor.py:770} WARNING - No viable dags retrieved from /opt/airflow/dags/hadoop-2.7.3/share/hadoop/common/lib/jaxb-api-2.2.2.jar
[2022-10-22T00:06:03.652+0000] {processor.py:178} INFO - Processing /opt/airflow/dags/hadoop-2.7.3/share/hadoop/common/lib/jaxb-api-2.2.2.jar took 0.104 seconds
[2022-10-22T00:06:07.820+0000] {processor.py:156} INFO - Started process (PID=21922) to work on /opt/airflow/dags/hadoop-2.7.3/share/hadoop/common/lib/jaxb-api-2.2.2.jar
[2022-10-22T00:06:07.824+0000] {processor.py:758} INFO - Processing file /opt/airflow/dags/hadoop-2.7.3/share/hadoop/common/lib/jaxb-api-2.2.2.jar for tasks to queue
[2022-10-22T00:06:07.829+0000] {logging_mixin.py:117} INFO - [2022-10-22T00:06:07.828+0000] {dagbag.py:525} INFO - Filling up the DagBag from /opt/airflow/dags/hadoop-2.7.3/share/hadoop/common/lib/jaxb-api-2.2.2.jar
[2022-10-22T00:06:07.844+0000] {processor.py:770} WARNING - No viable dags retrieved from /opt/airflow/dags/hadoop-2.7.3/share/hadoop/common/lib/jaxb-api-2.2.2.jar
[2022-10-22T00:06:07.910+0000] {processor.py:178} INFO - Processing /opt/airflow/dags/hadoop-2.7.3/share/hadoop/common/lib/jaxb-api-2.2.2.jar took 0.102 seconds
[2022-10-22T00:06:51.613+0000] {processor.py:156} INFO - Started process (PID=19901) to work on /opt/airflow/dags/hadoop-2.7.3/share/hadoop/common/lib/jaxb-api-2.2.2.jar
[2022-10-22T00:06:51.624+0000] {processor.py:758} INFO - Processing file /opt/airflow/dags/hadoop-2.7.3/share/hadoop/common/lib/jaxb-api-2.2.2.jar for tasks to queue
[2022-10-22T00:06:51.647+0000] {logging_mixin.py:117} INFO - [2022-10-22T00:06:51.642+0000] {dagbag.py:525} INFO - Filling up the DagBag from /opt/airflow/dags/hadoop-2.7.3/share/hadoop/common/lib/jaxb-api-2.2.2.jar
[2022-10-22T00:06:51.668+0000] {processor.py:770} WARNING - No viable dags retrieved from /opt/airflow/dags/hadoop-2.7.3/share/hadoop/common/lib/jaxb-api-2.2.2.jar
[2022-10-22T00:06:51.765+0000] {processor.py:178} INFO - Processing /opt/airflow/dags/hadoop-2.7.3/share/hadoop/common/lib/jaxb-api-2.2.2.jar took 0.173 seconds
[2022-10-22T00:06:54.094+0000] {processor.py:156} INFO - Started process (PID=22373) to work on /opt/airflow/dags/hadoop-2.7.3/share/hadoop/common/lib/jaxb-api-2.2.2.jar
[2022-10-22T00:06:54.099+0000] {processor.py:758} INFO - Processing file /opt/airflow/dags/hadoop-2.7.3/share/hadoop/common/lib/jaxb-api-2.2.2.jar for tasks to queue
[2022-10-22T00:06:54.103+0000] {logging_mixin.py:117} INFO - [2022-10-22T00:06:54.102+0000] {dagbag.py:525} INFO - Filling up the DagBag from /opt/airflow/dags/hadoop-2.7.3/share/hadoop/common/lib/jaxb-api-2.2.2.jar
[2022-10-22T00:06:54.112+0000] {processor.py:770} WARNING - No viable dags retrieved from /opt/airflow/dags/hadoop-2.7.3/share/hadoop/common/lib/jaxb-api-2.2.2.jar
[2022-10-22T00:06:54.175+0000] {processor.py:178} INFO - Processing /opt/airflow/dags/hadoop-2.7.3/share/hadoop/common/lib/jaxb-api-2.2.2.jar took 0.089 seconds
[2022-10-22T00:07:35.455+0000] {processor.py:156} INFO - Started process (PID=22802) to work on /opt/airflow/dags/hadoop-2.7.3/share/hadoop/common/lib/jaxb-api-2.2.2.jar
[2022-10-22T00:07:35.460+0000] {processor.py:758} INFO - Processing file /opt/airflow/dags/hadoop-2.7.3/share/hadoop/common/lib/jaxb-api-2.2.2.jar for tasks to queue
[2022-10-22T00:07:35.463+0000] {logging_mixin.py:117} INFO - [2022-10-22T00:07:35.463+0000] {dagbag.py:525} INFO - Filling up the DagBag from /opt/airflow/dags/hadoop-2.7.3/share/hadoop/common/lib/jaxb-api-2.2.2.jar
[2022-10-22T00:07:35.475+0000] {processor.py:770} WARNING - No viable dags retrieved from /opt/airflow/dags/hadoop-2.7.3/share/hadoop/common/lib/jaxb-api-2.2.2.jar
[2022-10-22T00:07:35.539+0000] {processor.py:178} INFO - Processing /opt/airflow/dags/hadoop-2.7.3/share/hadoop/common/lib/jaxb-api-2.2.2.jar took 0.104 seconds
[2022-10-22T00:07:36.170+0000] {processor.py:156} INFO - Started process (PID=20353) to work on /opt/airflow/dags/hadoop-2.7.3/share/hadoop/common/lib/jaxb-api-2.2.2.jar
[2022-10-22T00:07:36.173+0000] {processor.py:758} INFO - Processing file /opt/airflow/dags/hadoop-2.7.3/share/hadoop/common/lib/jaxb-api-2.2.2.jar for tasks to queue
[2022-10-22T00:07:36.175+0000] {logging_mixin.py:117} INFO - [2022-10-22T00:07:36.175+0000] {dagbag.py:525} INFO - Filling up the DagBag from /opt/airflow/dags/hadoop-2.7.3/share/hadoop/common/lib/jaxb-api-2.2.2.jar
[2022-10-22T00:07:36.194+0000] {processor.py:770} WARNING - No viable dags retrieved from /opt/airflow/dags/hadoop-2.7.3/share/hadoop/common/lib/jaxb-api-2.2.2.jar
[2022-10-22T00:07:36.288+0000] {processor.py:178} INFO - Processing /opt/airflow/dags/hadoop-2.7.3/share/hadoop/common/lib/jaxb-api-2.2.2.jar took 0.132 seconds
[2022-10-22T00:08:40.274+0000] {processor.py:156} INFO - Started process (PID=20578) to work on /opt/airflow/dags/hadoop-2.7.3/share/hadoop/common/lib/jaxb-api-2.2.2.jar
[2022-10-22T00:08:40.286+0000] {processor.py:758} INFO - Processing file /opt/airflow/dags/hadoop-2.7.3/share/hadoop/common/lib/jaxb-api-2.2.2.jar for tasks to queue
[2022-10-22T00:08:40.288+0000] {logging_mixin.py:117} INFO - [2022-10-22T00:08:40.288+0000] {dagbag.py:525} INFO - Filling up the DagBag from /opt/airflow/dags/hadoop-2.7.3/share/hadoop/common/lib/jaxb-api-2.2.2.jar
[2022-10-22T00:08:40.299+0000] {processor.py:770} WARNING - No viable dags retrieved from /opt/airflow/dags/hadoop-2.7.3/share/hadoop/common/lib/jaxb-api-2.2.2.jar
[2022-10-22T00:08:40.341+0000] {processor.py:178} INFO - Processing /opt/airflow/dags/hadoop-2.7.3/share/hadoop/common/lib/jaxb-api-2.2.2.jar took 0.077 seconds
[2022-10-22T00:09:04.606+0000] {processor.py:156} INFO - Started process (PID=23281) to work on /opt/airflow/dags/hadoop-2.7.3/share/hadoop/common/lib/jaxb-api-2.2.2.jar
[2022-10-22T00:09:04.609+0000] {processor.py:758} INFO - Processing file /opt/airflow/dags/hadoop-2.7.3/share/hadoop/common/lib/jaxb-api-2.2.2.jar for tasks to queue
[2022-10-22T00:09:04.615+0000] {logging_mixin.py:117} INFO - [2022-10-22T00:09:04.615+0000] {dagbag.py:525} INFO - Filling up the DagBag from /opt/airflow/dags/hadoop-2.7.3/share/hadoop/common/lib/jaxb-api-2.2.2.jar
[2022-10-22T00:09:04.633+0000] {processor.py:770} WARNING - No viable dags retrieved from /opt/airflow/dags/hadoop-2.7.3/share/hadoop/common/lib/jaxb-api-2.2.2.jar
[2022-10-22T00:09:04.699+0000] {processor.py:178} INFO - Processing /opt/airflow/dags/hadoop-2.7.3/share/hadoop/common/lib/jaxb-api-2.2.2.jar took 0.107 seconds
[2022-10-22T00:09:25.058+0000] {processor.py:156} INFO - Started process (PID=20973) to work on /opt/airflow/dags/hadoop-2.7.3/share/hadoop/common/lib/jaxb-api-2.2.2.jar
[2022-10-22T00:09:25.068+0000] {processor.py:758} INFO - Processing file /opt/airflow/dags/hadoop-2.7.3/share/hadoop/common/lib/jaxb-api-2.2.2.jar for tasks to queue
[2022-10-22T00:09:25.080+0000] {logging_mixin.py:117} INFO - [2022-10-22T00:09:25.073+0000] {dagbag.py:525} INFO - Filling up the DagBag from /opt/airflow/dags/hadoop-2.7.3/share/hadoop/common/lib/jaxb-api-2.2.2.jar
[2022-10-22T00:09:25.092+0000] {processor.py:770} WARNING - No viable dags retrieved from /opt/airflow/dags/hadoop-2.7.3/share/hadoop/common/lib/jaxb-api-2.2.2.jar
[2022-10-22T00:09:25.135+0000] {processor.py:178} INFO - Processing /opt/airflow/dags/hadoop-2.7.3/share/hadoop/common/lib/jaxb-api-2.2.2.jar took 0.085 seconds
[2022-10-22T00:11:10.127+0000] {processor.py:156} INFO - Started process (PID=23805) to work on /opt/airflow/dags/hadoop-2.7.3/share/hadoop/common/lib/jaxb-api-2.2.2.jar
[2022-10-22T00:11:10.136+0000] {processor.py:758} INFO - Processing file /opt/airflow/dags/hadoop-2.7.3/share/hadoop/common/lib/jaxb-api-2.2.2.jar for tasks to queue
[2022-10-22T00:11:10.139+0000] {logging_mixin.py:117} INFO - [2022-10-22T00:11:10.139+0000] {dagbag.py:525} INFO - Filling up the DagBag from /opt/airflow/dags/hadoop-2.7.3/share/hadoop/common/lib/jaxb-api-2.2.2.jar
[2022-10-22T00:11:10.150+0000] {processor.py:770} WARNING - No viable dags retrieved from /opt/airflow/dags/hadoop-2.7.3/share/hadoop/common/lib/jaxb-api-2.2.2.jar
[2022-10-22T00:11:10.184+0000] {processor.py:178} INFO - Processing /opt/airflow/dags/hadoop-2.7.3/share/hadoop/common/lib/jaxb-api-2.2.2.jar took 0.056 seconds
[2022-10-22T00:11:22.341+0000] {processor.py:156} INFO - Started process (PID=21463) to work on /opt/airflow/dags/hadoop-2.7.3/share/hadoop/common/lib/jaxb-api-2.2.2.jar
[2022-10-22T00:11:22.345+0000] {processor.py:758} INFO - Processing file /opt/airflow/dags/hadoop-2.7.3/share/hadoop/common/lib/jaxb-api-2.2.2.jar for tasks to queue
[2022-10-22T00:11:22.347+0000] {logging_mixin.py:117} INFO - [2022-10-22T00:11:22.346+0000] {dagbag.py:525} INFO - Filling up the DagBag from /opt/airflow/dags/hadoop-2.7.3/share/hadoop/common/lib/jaxb-api-2.2.2.jar
[2022-10-22T00:11:22.360+0000] {processor.py:770} WARNING - No viable dags retrieved from /opt/airflow/dags/hadoop-2.7.3/share/hadoop/common/lib/jaxb-api-2.2.2.jar
[2022-10-22T00:11:22.385+0000] {processor.py:178} INFO - Processing /opt/airflow/dags/hadoop-2.7.3/share/hadoop/common/lib/jaxb-api-2.2.2.jar took 0.052 seconds
[2022-10-22T00:11:45.751+0000] {processor.py:156} INFO - Started process (PID=24321) to work on /opt/airflow/dags/hadoop-2.7.3/share/hadoop/common/lib/jaxb-api-2.2.2.jar
[2022-10-22T00:11:45.754+0000] {processor.py:758} INFO - Processing file /opt/airflow/dags/hadoop-2.7.3/share/hadoop/common/lib/jaxb-api-2.2.2.jar for tasks to queue
[2022-10-22T00:11:45.757+0000] {logging_mixin.py:117} INFO - [2022-10-22T00:11:45.757+0000] {dagbag.py:525} INFO - Filling up the DagBag from /opt/airflow/dags/hadoop-2.7.3/share/hadoop/common/lib/jaxb-api-2.2.2.jar
[2022-10-22T00:11:45.763+0000] {processor.py:770} WARNING - No viable dags retrieved from /opt/airflow/dags/hadoop-2.7.3/share/hadoop/common/lib/jaxb-api-2.2.2.jar
[2022-10-22T00:11:45.799+0000] {processor.py:178} INFO - Processing /opt/airflow/dags/hadoop-2.7.3/share/hadoop/common/lib/jaxb-api-2.2.2.jar took 0.057 seconds
[2022-10-22T00:11:58.118+0000] {processor.py:156} INFO - Started process (PID=21970) to work on /opt/airflow/dags/hadoop-2.7.3/share/hadoop/common/lib/jaxb-api-2.2.2.jar
[2022-10-22T00:11:58.119+0000] {processor.py:758} INFO - Processing file /opt/airflow/dags/hadoop-2.7.3/share/hadoop/common/lib/jaxb-api-2.2.2.jar for tasks to queue
[2022-10-22T00:11:58.121+0000] {logging_mixin.py:117} INFO - [2022-10-22T00:11:58.121+0000] {dagbag.py:525} INFO - Filling up the DagBag from /opt/airflow/dags/hadoop-2.7.3/share/hadoop/common/lib/jaxb-api-2.2.2.jar
[2022-10-22T00:11:58.129+0000] {processor.py:770} WARNING - No viable dags retrieved from /opt/airflow/dags/hadoop-2.7.3/share/hadoop/common/lib/jaxb-api-2.2.2.jar
[2022-10-22T00:11:58.174+0000] {processor.py:178} INFO - Processing /opt/airflow/dags/hadoop-2.7.3/share/hadoop/common/lib/jaxb-api-2.2.2.jar took 0.072 seconds
[2022-10-22T00:15:05.068+0000] {processor.py:156} INFO - Started process (PID=22441) to work on /opt/airflow/dags/hadoop-2.7.3/share/hadoop/common/lib/jaxb-api-2.2.2.jar
[2022-10-22T00:15:05.073+0000] {processor.py:758} INFO - Processing file /opt/airflow/dags/hadoop-2.7.3/share/hadoop/common/lib/jaxb-api-2.2.2.jar for tasks to queue
[2022-10-22T00:15:05.076+0000] {logging_mixin.py:117} INFO - [2022-10-22T00:15:05.075+0000] {dagbag.py:525} INFO - Filling up the DagBag from /opt/airflow/dags/hadoop-2.7.3/share/hadoop/common/lib/jaxb-api-2.2.2.jar
[2022-10-22T00:15:05.083+0000] {processor.py:770} WARNING - No viable dags retrieved from /opt/airflow/dags/hadoop-2.7.3/share/hadoop/common/lib/jaxb-api-2.2.2.jar
[2022-10-22T00:15:05.114+0000] {processor.py:178} INFO - Processing /opt/airflow/dags/hadoop-2.7.3/share/hadoop/common/lib/jaxb-api-2.2.2.jar took 0.058 seconds
[2022-10-22T00:15:16.509+0000] {processor.py:156} INFO - Started process (PID=25001) to work on /opt/airflow/dags/hadoop-2.7.3/share/hadoop/common/lib/jaxb-api-2.2.2.jar
[2022-10-22T00:15:16.512+0000] {processor.py:758} INFO - Processing file /opt/airflow/dags/hadoop-2.7.3/share/hadoop/common/lib/jaxb-api-2.2.2.jar for tasks to queue
[2022-10-22T00:15:16.516+0000] {logging_mixin.py:117} INFO - [2022-10-22T00:15:16.515+0000] {dagbag.py:525} INFO - Filling up the DagBag from /opt/airflow/dags/hadoop-2.7.3/share/hadoop/common/lib/jaxb-api-2.2.2.jar
[2022-10-22T00:15:16.528+0000] {processor.py:770} WARNING - No viable dags retrieved from /opt/airflow/dags/hadoop-2.7.3/share/hadoop/common/lib/jaxb-api-2.2.2.jar
[2022-10-22T00:15:16.579+0000] {processor.py:178} INFO - Processing /opt/airflow/dags/hadoop-2.7.3/share/hadoop/common/lib/jaxb-api-2.2.2.jar took 0.078 seconds
[2022-10-22T00:15:54.171+0000] {processor.py:156} INFO - Started process (PID=22963) to work on /opt/airflow/dags/hadoop-2.7.3/share/hadoop/common/lib/jaxb-api-2.2.2.jar
[2022-10-22T00:15:54.175+0000] {processor.py:758} INFO - Processing file /opt/airflow/dags/hadoop-2.7.3/share/hadoop/common/lib/jaxb-api-2.2.2.jar for tasks to queue
[2022-10-22T00:15:54.179+0000] {logging_mixin.py:117} INFO - [2022-10-22T00:15:54.178+0000] {dagbag.py:525} INFO - Filling up the DagBag from /opt/airflow/dags/hadoop-2.7.3/share/hadoop/common/lib/jaxb-api-2.2.2.jar
[2022-10-22T00:15:54.195+0000] {processor.py:770} WARNING - No viable dags retrieved from /opt/airflow/dags/hadoop-2.7.3/share/hadoop/common/lib/jaxb-api-2.2.2.jar
[2022-10-22T00:15:54.256+0000] {processor.py:178} INFO - Processing /opt/airflow/dags/hadoop-2.7.3/share/hadoop/common/lib/jaxb-api-2.2.2.jar took 0.104 seconds
[2022-10-22T00:16:04.582+0000] {processor.py:156} INFO - Started process (PID=25524) to work on /opt/airflow/dags/hadoop-2.7.3/share/hadoop/common/lib/jaxb-api-2.2.2.jar
[2022-10-22T00:16:04.586+0000] {processor.py:758} INFO - Processing file /opt/airflow/dags/hadoop-2.7.3/share/hadoop/common/lib/jaxb-api-2.2.2.jar for tasks to queue
[2022-10-22T00:16:04.590+0000] {logging_mixin.py:117} INFO - [2022-10-22T00:16:04.590+0000] {dagbag.py:525} INFO - Filling up the DagBag from /opt/airflow/dags/hadoop-2.7.3/share/hadoop/common/lib/jaxb-api-2.2.2.jar
[2022-10-22T00:16:04.608+0000] {processor.py:770} WARNING - No viable dags retrieved from /opt/airflow/dags/hadoop-2.7.3/share/hadoop/common/lib/jaxb-api-2.2.2.jar
[2022-10-22T00:16:04.651+0000] {processor.py:178} INFO - Processing /opt/airflow/dags/hadoop-2.7.3/share/hadoop/common/lib/jaxb-api-2.2.2.jar took 0.084 seconds
[2022-10-22T00:16:40.582+0000] {processor.py:156} INFO - Started process (PID=23481) to work on /opt/airflow/dags/hadoop-2.7.3/share/hadoop/common/lib/jaxb-api-2.2.2.jar
[2022-10-22T00:16:40.585+0000] {processor.py:758} INFO - Processing file /opt/airflow/dags/hadoop-2.7.3/share/hadoop/common/lib/jaxb-api-2.2.2.jar for tasks to queue
[2022-10-22T00:16:40.588+0000] {logging_mixin.py:117} INFO - [2022-10-22T00:16:40.588+0000] {dagbag.py:525} INFO - Filling up the DagBag from /opt/airflow/dags/hadoop-2.7.3/share/hadoop/common/lib/jaxb-api-2.2.2.jar
[2022-10-22T00:16:40.597+0000] {processor.py:770} WARNING - No viable dags retrieved from /opt/airflow/dags/hadoop-2.7.3/share/hadoop/common/lib/jaxb-api-2.2.2.jar
[2022-10-22T00:16:40.649+0000] {processor.py:178} INFO - Processing /opt/airflow/dags/hadoop-2.7.3/share/hadoop/common/lib/jaxb-api-2.2.2.jar took 0.075 seconds
[2022-10-22T00:16:51.296+0000] {processor.py:156} INFO - Started process (PID=26040) to work on /opt/airflow/dags/hadoop-2.7.3/share/hadoop/common/lib/jaxb-api-2.2.2.jar
[2022-10-22T00:16:51.299+0000] {processor.py:758} INFO - Processing file /opt/airflow/dags/hadoop-2.7.3/share/hadoop/common/lib/jaxb-api-2.2.2.jar for tasks to queue
[2022-10-22T00:16:51.302+0000] {logging_mixin.py:117} INFO - [2022-10-22T00:16:51.301+0000] {dagbag.py:525} INFO - Filling up the DagBag from /opt/airflow/dags/hadoop-2.7.3/share/hadoop/common/lib/jaxb-api-2.2.2.jar
[2022-10-22T00:16:51.314+0000] {processor.py:770} WARNING - No viable dags retrieved from /opt/airflow/dags/hadoop-2.7.3/share/hadoop/common/lib/jaxb-api-2.2.2.jar
[2022-10-22T00:16:51.353+0000] {processor.py:178} INFO - Processing /opt/airflow/dags/hadoop-2.7.3/share/hadoop/common/lib/jaxb-api-2.2.2.jar took 0.072 seconds
[2022-10-22T00:17:20.973+0000] {processor.py:156} INFO - Started process (PID=23894) to work on /opt/airflow/dags/hadoop-2.7.3/share/hadoop/common/lib/jaxb-api-2.2.2.jar
[2022-10-22T00:17:20.977+0000] {processor.py:758} INFO - Processing file /opt/airflow/dags/hadoop-2.7.3/share/hadoop/common/lib/jaxb-api-2.2.2.jar for tasks to queue
[2022-10-22T00:17:20.981+0000] {logging_mixin.py:117} INFO - [2022-10-22T00:17:20.980+0000] {dagbag.py:525} INFO - Filling up the DagBag from /opt/airflow/dags/hadoop-2.7.3/share/hadoop/common/lib/jaxb-api-2.2.2.jar
[2022-10-22T00:17:20.995+0000] {processor.py:770} WARNING - No viable dags retrieved from /opt/airflow/dags/hadoop-2.7.3/share/hadoop/common/lib/jaxb-api-2.2.2.jar
[2022-10-22T00:17:21.071+0000] {processor.py:178} INFO - Processing /opt/airflow/dags/hadoop-2.7.3/share/hadoop/common/lib/jaxb-api-2.2.2.jar took 0.117 seconds
[2022-10-22T00:17:28.355+0000] {processor.py:156} INFO - Started process (PID=26424) to work on /opt/airflow/dags/hadoop-2.7.3/share/hadoop/common/lib/jaxb-api-2.2.2.jar
[2022-10-22T00:17:28.357+0000] {processor.py:758} INFO - Processing file /opt/airflow/dags/hadoop-2.7.3/share/hadoop/common/lib/jaxb-api-2.2.2.jar for tasks to queue
[2022-10-22T00:17:28.359+0000] {logging_mixin.py:117} INFO - [2022-10-22T00:17:28.359+0000] {dagbag.py:525} INFO - Filling up the DagBag from /opt/airflow/dags/hadoop-2.7.3/share/hadoop/common/lib/jaxb-api-2.2.2.jar
[2022-10-22T00:17:28.372+0000] {processor.py:770} WARNING - No viable dags retrieved from /opt/airflow/dags/hadoop-2.7.3/share/hadoop/common/lib/jaxb-api-2.2.2.jar
[2022-10-22T00:17:28.410+0000] {processor.py:178} INFO - Processing /opt/airflow/dags/hadoop-2.7.3/share/hadoop/common/lib/jaxb-api-2.2.2.jar took 0.063 seconds
[2022-10-22T00:18:00.787+0000] {processor.py:156} INFO - Started process (PID=24311) to work on /opt/airflow/dags/hadoop-2.7.3/share/hadoop/common/lib/jaxb-api-2.2.2.jar
[2022-10-22T00:18:00.790+0000] {processor.py:758} INFO - Processing file /opt/airflow/dags/hadoop-2.7.3/share/hadoop/common/lib/jaxb-api-2.2.2.jar for tasks to queue
[2022-10-22T00:18:00.793+0000] {logging_mixin.py:117} INFO - [2022-10-22T00:18:00.793+0000] {dagbag.py:525} INFO - Filling up the DagBag from /opt/airflow/dags/hadoop-2.7.3/share/hadoop/common/lib/jaxb-api-2.2.2.jar
[2022-10-22T00:18:00.807+0000] {processor.py:770} WARNING - No viable dags retrieved from /opt/airflow/dags/hadoop-2.7.3/share/hadoop/common/lib/jaxb-api-2.2.2.jar
[2022-10-22T00:18:00.880+0000] {processor.py:178} INFO - Processing /opt/airflow/dags/hadoop-2.7.3/share/hadoop/common/lib/jaxb-api-2.2.2.jar took 0.101 seconds
[2022-10-22T00:18:06.369+0000] {processor.py:156} INFO - Started process (PID=26838) to work on /opt/airflow/dags/hadoop-2.7.3/share/hadoop/common/lib/jaxb-api-2.2.2.jar
[2022-10-22T00:18:06.382+0000] {processor.py:758} INFO - Processing file /opt/airflow/dags/hadoop-2.7.3/share/hadoop/common/lib/jaxb-api-2.2.2.jar for tasks to queue
[2022-10-22T00:18:06.384+0000] {logging_mixin.py:117} INFO - [2022-10-22T00:18:06.384+0000] {dagbag.py:525} INFO - Filling up the DagBag from /opt/airflow/dags/hadoop-2.7.3/share/hadoop/common/lib/jaxb-api-2.2.2.jar
[2022-10-22T00:18:06.392+0000] {processor.py:770} WARNING - No viable dags retrieved from /opt/airflow/dags/hadoop-2.7.3/share/hadoop/common/lib/jaxb-api-2.2.2.jar
[2022-10-22T00:18:06.452+0000] {processor.py:178} INFO - Processing /opt/airflow/dags/hadoop-2.7.3/share/hadoop/common/lib/jaxb-api-2.2.2.jar took 0.092 seconds
[2022-10-22T00:18:40.145+0000] {processor.py:156} INFO - Started process (PID=24711) to work on /opt/airflow/dags/hadoop-2.7.3/share/hadoop/common/lib/jaxb-api-2.2.2.jar
[2022-10-22T00:18:40.150+0000] {processor.py:758} INFO - Processing file /opt/airflow/dags/hadoop-2.7.3/share/hadoop/common/lib/jaxb-api-2.2.2.jar for tasks to queue
[2022-10-22T00:18:40.152+0000] {logging_mixin.py:117} INFO - [2022-10-22T00:18:40.152+0000] {dagbag.py:525} INFO - Filling up the DagBag from /opt/airflow/dags/hadoop-2.7.3/share/hadoop/common/lib/jaxb-api-2.2.2.jar
[2022-10-22T00:18:40.162+0000] {processor.py:770} WARNING - No viable dags retrieved from /opt/airflow/dags/hadoop-2.7.3/share/hadoop/common/lib/jaxb-api-2.2.2.jar
[2022-10-22T00:18:40.199+0000] {processor.py:178} INFO - Processing /opt/airflow/dags/hadoop-2.7.3/share/hadoop/common/lib/jaxb-api-2.2.2.jar took 0.061 seconds
[2022-10-22T00:18:56.280+0000] {processor.py:156} INFO - Started process (PID=27368) to work on /opt/airflow/dags/hadoop-2.7.3/share/hadoop/common/lib/jaxb-api-2.2.2.jar
[2022-10-22T00:18:56.288+0000] {processor.py:758} INFO - Processing file /opt/airflow/dags/hadoop-2.7.3/share/hadoop/common/lib/jaxb-api-2.2.2.jar for tasks to queue
[2022-10-22T00:18:56.291+0000] {logging_mixin.py:117} INFO - [2022-10-22T00:18:56.290+0000] {dagbag.py:525} INFO - Filling up the DagBag from /opt/airflow/dags/hadoop-2.7.3/share/hadoop/common/lib/jaxb-api-2.2.2.jar
[2022-10-22T00:18:56.303+0000] {processor.py:770} WARNING - No viable dags retrieved from /opt/airflow/dags/hadoop-2.7.3/share/hadoop/common/lib/jaxb-api-2.2.2.jar
[2022-10-22T00:18:56.361+0000] {processor.py:178} INFO - Processing /opt/airflow/dags/hadoop-2.7.3/share/hadoop/common/lib/jaxb-api-2.2.2.jar took 0.096 seconds
[2022-10-22T00:19:18.949+0000] {processor.py:156} INFO - Started process (PID=25114) to work on /opt/airflow/dags/hadoop-2.7.3/share/hadoop/common/lib/jaxb-api-2.2.2.jar
[2022-10-22T00:19:18.953+0000] {processor.py:758} INFO - Processing file /opt/airflow/dags/hadoop-2.7.3/share/hadoop/common/lib/jaxb-api-2.2.2.jar for tasks to queue
[2022-10-22T00:19:18.957+0000] {logging_mixin.py:117} INFO - [2022-10-22T00:19:18.957+0000] {dagbag.py:525} INFO - Filling up the DagBag from /opt/airflow/dags/hadoop-2.7.3/share/hadoop/common/lib/jaxb-api-2.2.2.jar
[2022-10-22T00:19:18.967+0000] {processor.py:770} WARNING - No viable dags retrieved from /opt/airflow/dags/hadoop-2.7.3/share/hadoop/common/lib/jaxb-api-2.2.2.jar
[2022-10-22T00:19:19.026+0000] {processor.py:178} INFO - Processing /opt/airflow/dags/hadoop-2.7.3/share/hadoop/common/lib/jaxb-api-2.2.2.jar took 0.096 seconds
[2022-10-22T00:19:35.550+0000] {processor.py:156} INFO - Started process (PID=27765) to work on /opt/airflow/dags/hadoop-2.7.3/share/hadoop/common/lib/jaxb-api-2.2.2.jar
[2022-10-22T00:19:35.553+0000] {processor.py:758} INFO - Processing file /opt/airflow/dags/hadoop-2.7.3/share/hadoop/common/lib/jaxb-api-2.2.2.jar for tasks to queue
[2022-10-22T00:19:35.556+0000] {logging_mixin.py:117} INFO - [2022-10-22T00:19:35.556+0000] {dagbag.py:525} INFO - Filling up the DagBag from /opt/airflow/dags/hadoop-2.7.3/share/hadoop/common/lib/jaxb-api-2.2.2.jar
[2022-10-22T00:19:35.566+0000] {processor.py:770} WARNING - No viable dags retrieved from /opt/airflow/dags/hadoop-2.7.3/share/hadoop/common/lib/jaxb-api-2.2.2.jar
[2022-10-22T00:19:35.606+0000] {processor.py:178} INFO - Processing /opt/airflow/dags/hadoop-2.7.3/share/hadoop/common/lib/jaxb-api-2.2.2.jar took 0.072 seconds
[2022-10-22T00:20:19.240+0000] {processor.py:156} INFO - Started process (PID=25363) to work on /opt/airflow/dags/hadoop-2.7.3/share/hadoop/common/lib/jaxb-api-2.2.2.jar
[2022-10-22T00:20:19.245+0000] {processor.py:758} INFO - Processing file /opt/airflow/dags/hadoop-2.7.3/share/hadoop/common/lib/jaxb-api-2.2.2.jar for tasks to queue
[2022-10-22T00:20:19.250+0000] {logging_mixin.py:117} INFO - [2022-10-22T00:20:19.249+0000] {dagbag.py:525} INFO - Filling up the DagBag from /opt/airflow/dags/hadoop-2.7.3/share/hadoop/common/lib/jaxb-api-2.2.2.jar
[2022-10-22T00:20:19.264+0000] {processor.py:770} WARNING - No viable dags retrieved from /opt/airflow/dags/hadoop-2.7.3/share/hadoop/common/lib/jaxb-api-2.2.2.jar
[2022-10-22T00:20:19.329+0000] {processor.py:178} INFO - Processing /opt/airflow/dags/hadoop-2.7.3/share/hadoop/common/lib/jaxb-api-2.2.2.jar took 0.098 seconds
[2022-10-22T00:20:36.527+0000] {processor.py:156} INFO - Started process (PID=28040) to work on /opt/airflow/dags/hadoop-2.7.3/share/hadoop/common/lib/jaxb-api-2.2.2.jar
[2022-10-22T00:20:36.531+0000] {processor.py:758} INFO - Processing file /opt/airflow/dags/hadoop-2.7.3/share/hadoop/common/lib/jaxb-api-2.2.2.jar for tasks to queue
[2022-10-22T00:20:36.543+0000] {logging_mixin.py:117} INFO - [2022-10-22T00:20:36.538+0000] {dagbag.py:525} INFO - Filling up the DagBag from /opt/airflow/dags/hadoop-2.7.3/share/hadoop/common/lib/jaxb-api-2.2.2.jar
[2022-10-22T00:20:36.553+0000] {processor.py:770} WARNING - No viable dags retrieved from /opt/airflow/dags/hadoop-2.7.3/share/hadoop/common/lib/jaxb-api-2.2.2.jar
[2022-10-22T00:20:36.607+0000] {processor.py:178} INFO - Processing /opt/airflow/dags/hadoop-2.7.3/share/hadoop/common/lib/jaxb-api-2.2.2.jar took 0.089 seconds
[2022-10-22T00:21:00.921+0000] {processor.py:156} INFO - Started process (PID=25762) to work on /opt/airflow/dags/hadoop-2.7.3/share/hadoop/common/lib/jaxb-api-2.2.2.jar
[2022-10-22T00:21:00.923+0000] {processor.py:758} INFO - Processing file /opt/airflow/dags/hadoop-2.7.3/share/hadoop/common/lib/jaxb-api-2.2.2.jar for tasks to queue
[2022-10-22T00:21:00.926+0000] {logging_mixin.py:117} INFO - [2022-10-22T00:21:00.925+0000] {dagbag.py:525} INFO - Filling up the DagBag from /opt/airflow/dags/hadoop-2.7.3/share/hadoop/common/lib/jaxb-api-2.2.2.jar
[2022-10-22T00:21:00.940+0000] {processor.py:770} WARNING - No viable dags retrieved from /opt/airflow/dags/hadoop-2.7.3/share/hadoop/common/lib/jaxb-api-2.2.2.jar
[2022-10-22T00:21:00.994+0000] {processor.py:178} INFO - Processing /opt/airflow/dags/hadoop-2.7.3/share/hadoop/common/lib/jaxb-api-2.2.2.jar took 0.083 seconds
[2022-10-22T00:21:28.777+0000] {processor.py:156} INFO - Started process (PID=28563) to work on /opt/airflow/dags/hadoop-2.7.3/share/hadoop/common/lib/jaxb-api-2.2.2.jar
[2022-10-22T00:21:28.781+0000] {processor.py:758} INFO - Processing file /opt/airflow/dags/hadoop-2.7.3/share/hadoop/common/lib/jaxb-api-2.2.2.jar for tasks to queue
[2022-10-22T00:21:28.785+0000] {logging_mixin.py:117} INFO - [2022-10-22T00:21:28.785+0000] {dagbag.py:525} INFO - Filling up the DagBag from /opt/airflow/dags/hadoop-2.7.3/share/hadoop/common/lib/jaxb-api-2.2.2.jar
[2022-10-22T00:21:28.802+0000] {processor.py:770} WARNING - No viable dags retrieved from /opt/airflow/dags/hadoop-2.7.3/share/hadoop/common/lib/jaxb-api-2.2.2.jar
[2022-10-22T00:21:28.852+0000] {processor.py:178} INFO - Processing /opt/airflow/dags/hadoop-2.7.3/share/hadoop/common/lib/jaxb-api-2.2.2.jar took 0.091 seconds
[2022-10-22T00:21:47.525+0000] {processor.py:156} INFO - Started process (PID=26205) to work on /opt/airflow/dags/hadoop-2.7.3/share/hadoop/common/lib/jaxb-api-2.2.2.jar
[2022-10-22T00:21:47.528+0000] {processor.py:758} INFO - Processing file /opt/airflow/dags/hadoop-2.7.3/share/hadoop/common/lib/jaxb-api-2.2.2.jar for tasks to queue
[2022-10-22T00:21:47.531+0000] {logging_mixin.py:117} INFO - [2022-10-22T00:21:47.530+0000] {dagbag.py:525} INFO - Filling up the DagBag from /opt/airflow/dags/hadoop-2.7.3/share/hadoop/common/lib/jaxb-api-2.2.2.jar
[2022-10-22T00:21:47.540+0000] {processor.py:770} WARNING - No viable dags retrieved from /opt/airflow/dags/hadoop-2.7.3/share/hadoop/common/lib/jaxb-api-2.2.2.jar
[2022-10-22T00:21:47.598+0000] {processor.py:178} INFO - Processing /opt/airflow/dags/hadoop-2.7.3/share/hadoop/common/lib/jaxb-api-2.2.2.jar took 0.081 seconds
[2022-10-22T00:22:16.524+0000] {processor.py:156} INFO - Started process (PID=29030) to work on /opt/airflow/dags/hadoop-2.7.3/share/hadoop/common/lib/jaxb-api-2.2.2.jar
[2022-10-22T00:22:16.527+0000] {processor.py:758} INFO - Processing file /opt/airflow/dags/hadoop-2.7.3/share/hadoop/common/lib/jaxb-api-2.2.2.jar for tasks to queue
[2022-10-22T00:22:16.530+0000] {logging_mixin.py:117} INFO - [2022-10-22T00:22:16.529+0000] {dagbag.py:525} INFO - Filling up the DagBag from /opt/airflow/dags/hadoop-2.7.3/share/hadoop/common/lib/jaxb-api-2.2.2.jar
[2022-10-22T00:22:16.539+0000] {processor.py:770} WARNING - No viable dags retrieved from /opt/airflow/dags/hadoop-2.7.3/share/hadoop/common/lib/jaxb-api-2.2.2.jar
[2022-10-22T00:22:16.589+0000] {processor.py:178} INFO - Processing /opt/airflow/dags/hadoop-2.7.3/share/hadoop/common/lib/jaxb-api-2.2.2.jar took 0.078 seconds
[2022-10-22T00:22:39.582+0000] {processor.py:156} INFO - Started process (PID=26686) to work on /opt/airflow/dags/hadoop-2.7.3/share/hadoop/common/lib/jaxb-api-2.2.2.jar
[2022-10-22T00:22:39.585+0000] {processor.py:758} INFO - Processing file /opt/airflow/dags/hadoop-2.7.3/share/hadoop/common/lib/jaxb-api-2.2.2.jar for tasks to queue
[2022-10-22T00:22:39.588+0000] {logging_mixin.py:117} INFO - [2022-10-22T00:22:39.588+0000] {dagbag.py:525} INFO - Filling up the DagBag from /opt/airflow/dags/hadoop-2.7.3/share/hadoop/common/lib/jaxb-api-2.2.2.jar
[2022-10-22T00:22:39.599+0000] {processor.py:770} WARNING - No viable dags retrieved from /opt/airflow/dags/hadoop-2.7.3/share/hadoop/common/lib/jaxb-api-2.2.2.jar
[2022-10-22T00:22:39.631+0000] {processor.py:178} INFO - Processing /opt/airflow/dags/hadoop-2.7.3/share/hadoop/common/lib/jaxb-api-2.2.2.jar took 0.060 seconds
[2022-10-22T00:23:08.522+0000] {processor.py:156} INFO - Started process (PID=29495) to work on /opt/airflow/dags/hadoop-2.7.3/share/hadoop/common/lib/jaxb-api-2.2.2.jar
[2022-10-22T00:23:08.524+0000] {processor.py:758} INFO - Processing file /opt/airflow/dags/hadoop-2.7.3/share/hadoop/common/lib/jaxb-api-2.2.2.jar for tasks to queue
[2022-10-22T00:23:08.526+0000] {logging_mixin.py:117} INFO - [2022-10-22T00:23:08.526+0000] {dagbag.py:525} INFO - Filling up the DagBag from /opt/airflow/dags/hadoop-2.7.3/share/hadoop/common/lib/jaxb-api-2.2.2.jar
[2022-10-22T00:23:08.535+0000] {processor.py:770} WARNING - No viable dags retrieved from /opt/airflow/dags/hadoop-2.7.3/share/hadoop/common/lib/jaxb-api-2.2.2.jar
[2022-10-22T00:23:08.594+0000] {processor.py:178} INFO - Processing /opt/airflow/dags/hadoop-2.7.3/share/hadoop/common/lib/jaxb-api-2.2.2.jar took 0.084 seconds
[2022-10-22T00:23:27.239+0000] {processor.py:156} INFO - Started process (PID=27169) to work on /opt/airflow/dags/hadoop-2.7.3/share/hadoop/common/lib/jaxb-api-2.2.2.jar
[2022-10-22T00:23:27.252+0000] {processor.py:758} INFO - Processing file /opt/airflow/dags/hadoop-2.7.3/share/hadoop/common/lib/jaxb-api-2.2.2.jar for tasks to queue
[2022-10-22T00:23:27.256+0000] {logging_mixin.py:117} INFO - [2022-10-22T00:23:27.256+0000] {dagbag.py:525} INFO - Filling up the DagBag from /opt/airflow/dags/hadoop-2.7.3/share/hadoop/common/lib/jaxb-api-2.2.2.jar
[2022-10-22T00:23:27.270+0000] {processor.py:770} WARNING - No viable dags retrieved from /opt/airflow/dags/hadoop-2.7.3/share/hadoop/common/lib/jaxb-api-2.2.2.jar
[2022-10-22T00:23:27.311+0000] {processor.py:178} INFO - Processing /opt/airflow/dags/hadoop-2.7.3/share/hadoop/common/lib/jaxb-api-2.2.2.jar took 0.080 seconds
[2022-10-22T00:23:43.472+0000] {processor.py:156} INFO - Started process (PID=29945) to work on /opt/airflow/dags/hadoop-2.7.3/share/hadoop/common/lib/jaxb-api-2.2.2.jar
[2022-10-22T00:23:43.475+0000] {processor.py:758} INFO - Processing file /opt/airflow/dags/hadoop-2.7.3/share/hadoop/common/lib/jaxb-api-2.2.2.jar for tasks to queue
[2022-10-22T00:23:43.476+0000] {logging_mixin.py:117} INFO - [2022-10-22T00:23:43.476+0000] {dagbag.py:525} INFO - Filling up the DagBag from /opt/airflow/dags/hadoop-2.7.3/share/hadoop/common/lib/jaxb-api-2.2.2.jar
[2022-10-22T00:23:43.482+0000] {processor.py:770} WARNING - No viable dags retrieved from /opt/airflow/dags/hadoop-2.7.3/share/hadoop/common/lib/jaxb-api-2.2.2.jar
[2022-10-22T00:23:43.510+0000] {processor.py:178} INFO - Processing /opt/airflow/dags/hadoop-2.7.3/share/hadoop/common/lib/jaxb-api-2.2.2.jar took 0.042 seconds
