[2022-10-22T00:00:08.483+0000] {processor.py:156} INFO - Started process (PID=18886) to work on /opt/airflow/dags/hadoop-2.7.3/share/hadoop/common/lib/jsp-api-2.1.jar
[2022-10-22T00:00:08.497+0000] {processor.py:758} INFO - Processing file /opt/airflow/dags/hadoop-2.7.3/share/hadoop/common/lib/jsp-api-2.1.jar for tasks to queue
[2022-10-22T00:00:08.509+0000] {logging_mixin.py:117} INFO - [2022-10-22T00:00:08.509+0000] {dagbag.py:525} INFO - Filling up the DagBag from /opt/airflow/dags/hadoop-2.7.3/share/hadoop/common/lib/jsp-api-2.1.jar
[2022-10-22T00:00:08.558+0000] {processor.py:770} WARNING - No viable dags retrieved from /opt/airflow/dags/hadoop-2.7.3/share/hadoop/common/lib/jsp-api-2.1.jar
[2022-10-22T00:00:08.681+0000] {processor.py:178} INFO - Processing /opt/airflow/dags/hadoop-2.7.3/share/hadoop/common/lib/jsp-api-2.1.jar took 0.228 seconds
[2022-10-22T00:00:34.855+0000] {processor.py:156} INFO - Started process (PID=16913) to work on /opt/airflow/dags/hadoop-2.7.3/share/hadoop/common/lib/jsp-api-2.1.jar
[2022-10-22T00:00:34.865+0000] {processor.py:758} INFO - Processing file /opt/airflow/dags/hadoop-2.7.3/share/hadoop/common/lib/jsp-api-2.1.jar for tasks to queue
[2022-10-22T00:00:34.868+0000] {logging_mixin.py:117} INFO - [2022-10-22T00:00:34.867+0000] {dagbag.py:525} INFO - Filling up the DagBag from /opt/airflow/dags/hadoop-2.7.3/share/hadoop/common/lib/jsp-api-2.1.jar
[2022-10-22T00:00:34.883+0000] {processor.py:770} WARNING - No viable dags retrieved from /opt/airflow/dags/hadoop-2.7.3/share/hadoop/common/lib/jsp-api-2.1.jar
[2022-10-22T00:00:34.934+0000] {processor.py:178} INFO - Processing /opt/airflow/dags/hadoop-2.7.3/share/hadoop/common/lib/jsp-api-2.1.jar took 0.096 seconds
[2022-10-22T00:01:21.520+0000] {processor.py:156} INFO - Started process (PID=17236) to work on /opt/airflow/dags/hadoop-2.7.3/share/hadoop/common/lib/jsp-api-2.1.jar
[2022-10-22T00:01:21.523+0000] {processor.py:758} INFO - Processing file /opt/airflow/dags/hadoop-2.7.3/share/hadoop/common/lib/jsp-api-2.1.jar for tasks to queue
[2022-10-22T00:01:21.526+0000] {logging_mixin.py:117} INFO - [2022-10-22T00:01:21.526+0000] {dagbag.py:525} INFO - Filling up the DagBag from /opt/airflow/dags/hadoop-2.7.3/share/hadoop/common/lib/jsp-api-2.1.jar
[2022-10-22T00:01:21.537+0000] {processor.py:770} WARNING - No viable dags retrieved from /opt/airflow/dags/hadoop-2.7.3/share/hadoop/common/lib/jsp-api-2.1.jar
[2022-10-22T00:01:21.579+0000] {processor.py:178} INFO - Processing /opt/airflow/dags/hadoop-2.7.3/share/hadoop/common/lib/jsp-api-2.1.jar took 0.073 seconds
[2022-10-22T00:01:24.212+0000] {processor.py:156} INFO - Started process (PID=19462) to work on /opt/airflow/dags/hadoop-2.7.3/share/hadoop/common/lib/jsp-api-2.1.jar
[2022-10-22T00:01:24.218+0000] {processor.py:758} INFO - Processing file /opt/airflow/dags/hadoop-2.7.3/share/hadoop/common/lib/jsp-api-2.1.jar for tasks to queue
[2022-10-22T00:01:24.224+0000] {logging_mixin.py:117} INFO - [2022-10-22T00:01:24.224+0000] {dagbag.py:525} INFO - Filling up the DagBag from /opt/airflow/dags/hadoop-2.7.3/share/hadoop/common/lib/jsp-api-2.1.jar
[2022-10-22T00:01:24.246+0000] {processor.py:770} WARNING - No viable dags retrieved from /opt/airflow/dags/hadoop-2.7.3/share/hadoop/common/lib/jsp-api-2.1.jar
[2022-10-22T00:01:24.357+0000] {processor.py:178} INFO - Processing /opt/airflow/dags/hadoop-2.7.3/share/hadoop/common/lib/jsp-api-2.1.jar took 0.163 seconds
[2022-10-22T00:02:18.381+0000] {processor.py:156} INFO - Started process (PID=20009) to work on /opt/airflow/dags/hadoop-2.7.3/share/hadoop/common/lib/jsp-api-2.1.jar
[2022-10-22T00:02:18.383+0000] {processor.py:758} INFO - Processing file /opt/airflow/dags/hadoop-2.7.3/share/hadoop/common/lib/jsp-api-2.1.jar for tasks to queue
[2022-10-22T00:02:18.385+0000] {logging_mixin.py:117} INFO - [2022-10-22T00:02:18.385+0000] {dagbag.py:525} INFO - Filling up the DagBag from /opt/airflow/dags/hadoop-2.7.3/share/hadoop/common/lib/jsp-api-2.1.jar
[2022-10-22T00:02:18.394+0000] {processor.py:770} WARNING - No viable dags retrieved from /opt/airflow/dags/hadoop-2.7.3/share/hadoop/common/lib/jsp-api-2.1.jar
[2022-10-22T00:02:18.437+0000] {processor.py:178} INFO - Processing /opt/airflow/dags/hadoop-2.7.3/share/hadoop/common/lib/jsp-api-2.1.jar took 0.065 seconds
[2022-10-22T00:02:32.007+0000] {processor.py:156} INFO - Started process (PID=17792) to work on /opt/airflow/dags/hadoop-2.7.3/share/hadoop/common/lib/jsp-api-2.1.jar
[2022-10-22T00:02:32.011+0000] {processor.py:758} INFO - Processing file /opt/airflow/dags/hadoop-2.7.3/share/hadoop/common/lib/jsp-api-2.1.jar for tasks to queue
[2022-10-22T00:02:32.029+0000] {logging_mixin.py:117} INFO - [2022-10-22T00:02:32.028+0000] {dagbag.py:525} INFO - Filling up the DagBag from /opt/airflow/dags/hadoop-2.7.3/share/hadoop/common/lib/jsp-api-2.1.jar
[2022-10-22T00:02:32.054+0000] {processor.py:770} WARNING - No viable dags retrieved from /opt/airflow/dags/hadoop-2.7.3/share/hadoop/common/lib/jsp-api-2.1.jar
[2022-10-22T00:02:32.149+0000] {processor.py:178} INFO - Processing /opt/airflow/dags/hadoop-2.7.3/share/hadoop/common/lib/jsp-api-2.1.jar took 0.159 seconds
[2022-10-22T00:03:39.286+0000] {processor.py:156} INFO - Started process (PID=18114) to work on /opt/airflow/dags/hadoop-2.7.3/share/hadoop/common/lib/jsp-api-2.1.jar
[2022-10-22T00:03:39.291+0000] {processor.py:758} INFO - Processing file /opt/airflow/dags/hadoop-2.7.3/share/hadoop/common/lib/jsp-api-2.1.jar for tasks to queue
[2022-10-22T00:03:39.296+0000] {logging_mixin.py:117} INFO - [2022-10-22T00:03:39.294+0000] {dagbag.py:525} INFO - Filling up the DagBag from /opt/airflow/dags/hadoop-2.7.3/share/hadoop/common/lib/jsp-api-2.1.jar
[2022-10-22T00:03:39.312+0000] {processor.py:770} WARNING - No viable dags retrieved from /opt/airflow/dags/hadoop-2.7.3/share/hadoop/common/lib/jsp-api-2.1.jar
[2022-10-22T00:03:39.359+0000] {processor.py:178} INFO - Processing /opt/airflow/dags/hadoop-2.7.3/share/hadoop/common/lib/jsp-api-2.1.jar took 0.087 seconds
[2022-10-22T00:03:46.701+0000] {processor.py:156} INFO - Started process (PID=20562) to work on /opt/airflow/dags/hadoop-2.7.3/share/hadoop/common/lib/jsp-api-2.1.jar
[2022-10-22T00:03:46.704+0000] {processor.py:758} INFO - Processing file /opt/airflow/dags/hadoop-2.7.3/share/hadoop/common/lib/jsp-api-2.1.jar for tasks to queue
[2022-10-22T00:03:46.706+0000] {logging_mixin.py:117} INFO - [2022-10-22T00:03:46.706+0000] {dagbag.py:525} INFO - Filling up the DagBag from /opt/airflow/dags/hadoop-2.7.3/share/hadoop/common/lib/jsp-api-2.1.jar
[2022-10-22T00:03:46.715+0000] {processor.py:770} WARNING - No viable dags retrieved from /opt/airflow/dags/hadoop-2.7.3/share/hadoop/common/lib/jsp-api-2.1.jar
[2022-10-22T00:03:46.759+0000] {processor.py:178} INFO - Processing /opt/airflow/dags/hadoop-2.7.3/share/hadoop/common/lib/jsp-api-2.1.jar took 0.070 seconds
[2022-10-22T00:04:21.112+0000] {processor.py:156} INFO - Started process (PID=18472) to work on /opt/airflow/dags/hadoop-2.7.3/share/hadoop/common/lib/jsp-api-2.1.jar
[2022-10-22T00:04:21.116+0000] {processor.py:758} INFO - Processing file /opt/airflow/dags/hadoop-2.7.3/share/hadoop/common/lib/jsp-api-2.1.jar for tasks to queue
[2022-10-22T00:04:21.124+0000] {logging_mixin.py:117} INFO - [2022-10-22T00:04:21.121+0000] {dagbag.py:525} INFO - Filling up the DagBag from /opt/airflow/dags/hadoop-2.7.3/share/hadoop/common/lib/jsp-api-2.1.jar
[2022-10-22T00:04:21.146+0000] {processor.py:770} WARNING - No viable dags retrieved from /opt/airflow/dags/hadoop-2.7.3/share/hadoop/common/lib/jsp-api-2.1.jar
[2022-10-22T00:04:21.216+0000] {processor.py:178} INFO - Processing /opt/airflow/dags/hadoop-2.7.3/share/hadoop/common/lib/jsp-api-2.1.jar took 0.129 seconds
[2022-10-22T00:04:34.476+0000] {processor.py:156} INFO - Started process (PID=20991) to work on /opt/airflow/dags/hadoop-2.7.3/share/hadoop/common/lib/jsp-api-2.1.jar
[2022-10-22T00:04:34.481+0000] {processor.py:758} INFO - Processing file /opt/airflow/dags/hadoop-2.7.3/share/hadoop/common/lib/jsp-api-2.1.jar for tasks to queue
[2022-10-22T00:04:34.490+0000] {logging_mixin.py:117} INFO - [2022-10-22T00:04:34.486+0000] {dagbag.py:525} INFO - Filling up the DagBag from /opt/airflow/dags/hadoop-2.7.3/share/hadoop/common/lib/jsp-api-2.1.jar
[2022-10-22T00:04:34.502+0000] {processor.py:770} WARNING - No viable dags retrieved from /opt/airflow/dags/hadoop-2.7.3/share/hadoop/common/lib/jsp-api-2.1.jar
[2022-10-22T00:04:34.584+0000] {processor.py:178} INFO - Processing /opt/airflow/dags/hadoop-2.7.3/share/hadoop/common/lib/jsp-api-2.1.jar took 0.128 seconds
[2022-10-22T00:05:17.527+0000] {processor.py:156} INFO - Started process (PID=18995) to work on /opt/airflow/dags/hadoop-2.7.3/share/hadoop/common/lib/jsp-api-2.1.jar
[2022-10-22T00:05:17.533+0000] {processor.py:758} INFO - Processing file /opt/airflow/dags/hadoop-2.7.3/share/hadoop/common/lib/jsp-api-2.1.jar for tasks to queue
[2022-10-22T00:05:17.536+0000] {logging_mixin.py:117} INFO - [2022-10-22T00:05:17.535+0000] {dagbag.py:525} INFO - Filling up the DagBag from /opt/airflow/dags/hadoop-2.7.3/share/hadoop/common/lib/jsp-api-2.1.jar
[2022-10-22T00:05:17.546+0000] {processor.py:770} WARNING - No viable dags retrieved from /opt/airflow/dags/hadoop-2.7.3/share/hadoop/common/lib/jsp-api-2.1.jar
[2022-10-22T00:05:17.622+0000] {processor.py:178} INFO - Processing /opt/airflow/dags/hadoop-2.7.3/share/hadoop/common/lib/jsp-api-2.1.jar took 0.118 seconds
[2022-10-22T00:05:25.284+0000] {processor.py:156} INFO - Started process (PID=21489) to work on /opt/airflow/dags/hadoop-2.7.3/share/hadoop/common/lib/jsp-api-2.1.jar
[2022-10-22T00:05:25.295+0000] {processor.py:758} INFO - Processing file /opt/airflow/dags/hadoop-2.7.3/share/hadoop/common/lib/jsp-api-2.1.jar for tasks to queue
[2022-10-22T00:05:25.297+0000] {logging_mixin.py:117} INFO - [2022-10-22T00:05:25.297+0000] {dagbag.py:525} INFO - Filling up the DagBag from /opt/airflow/dags/hadoop-2.7.3/share/hadoop/common/lib/jsp-api-2.1.jar
[2022-10-22T00:05:25.306+0000] {processor.py:770} WARNING - No viable dags retrieved from /opt/airflow/dags/hadoop-2.7.3/share/hadoop/common/lib/jsp-api-2.1.jar
[2022-10-22T00:05:25.352+0000] {processor.py:178} INFO - Processing /opt/airflow/dags/hadoop-2.7.3/share/hadoop/common/lib/jsp-api-2.1.jar took 0.084 seconds
[2022-10-22T00:06:04.590+0000] {processor.py:156} INFO - Started process (PID=19451) to work on /opt/airflow/dags/hadoop-2.7.3/share/hadoop/common/lib/jsp-api-2.1.jar
[2022-10-22T00:06:04.594+0000] {processor.py:758} INFO - Processing file /opt/airflow/dags/hadoop-2.7.3/share/hadoop/common/lib/jsp-api-2.1.jar for tasks to queue
[2022-10-22T00:06:04.597+0000] {logging_mixin.py:117} INFO - [2022-10-22T00:06:04.596+0000] {dagbag.py:525} INFO - Filling up the DagBag from /opt/airflow/dags/hadoop-2.7.3/share/hadoop/common/lib/jsp-api-2.1.jar
[2022-10-22T00:06:04.605+0000] {processor.py:770} WARNING - No viable dags retrieved from /opt/airflow/dags/hadoop-2.7.3/share/hadoop/common/lib/jsp-api-2.1.jar
[2022-10-22T00:06:04.671+0000] {processor.py:178} INFO - Processing /opt/airflow/dags/hadoop-2.7.3/share/hadoop/common/lib/jsp-api-2.1.jar took 0.093 seconds
[2022-10-22T00:06:08.861+0000] {processor.py:156} INFO - Started process (PID=21932) to work on /opt/airflow/dags/hadoop-2.7.3/share/hadoop/common/lib/jsp-api-2.1.jar
[2022-10-22T00:06:08.864+0000] {processor.py:758} INFO - Processing file /opt/airflow/dags/hadoop-2.7.3/share/hadoop/common/lib/jsp-api-2.1.jar for tasks to queue
[2022-10-22T00:06:08.883+0000] {logging_mixin.py:117} INFO - [2022-10-22T00:06:08.882+0000] {dagbag.py:525} INFO - Filling up the DagBag from /opt/airflow/dags/hadoop-2.7.3/share/hadoop/common/lib/jsp-api-2.1.jar
[2022-10-22T00:06:08.904+0000] {processor.py:770} WARNING - No viable dags retrieved from /opt/airflow/dags/hadoop-2.7.3/share/hadoop/common/lib/jsp-api-2.1.jar
[2022-10-22T00:06:08.996+0000] {processor.py:178} INFO - Processing /opt/airflow/dags/hadoop-2.7.3/share/hadoop/common/lib/jsp-api-2.1.jar took 0.151 seconds
[2022-10-22T00:06:52.988+0000] {processor.py:156} INFO - Started process (PID=19919) to work on /opt/airflow/dags/hadoop-2.7.3/share/hadoop/common/lib/jsp-api-2.1.jar
[2022-10-22T00:06:53.000+0000] {processor.py:758} INFO - Processing file /opt/airflow/dags/hadoop-2.7.3/share/hadoop/common/lib/jsp-api-2.1.jar for tasks to queue
[2022-10-22T00:06:53.004+0000] {logging_mixin.py:117} INFO - [2022-10-22T00:06:53.003+0000] {dagbag.py:525} INFO - Filling up the DagBag from /opt/airflow/dags/hadoop-2.7.3/share/hadoop/common/lib/jsp-api-2.1.jar
[2022-10-22T00:06:53.013+0000] {processor.py:770} WARNING - No viable dags retrieved from /opt/airflow/dags/hadoop-2.7.3/share/hadoop/common/lib/jsp-api-2.1.jar
[2022-10-22T00:06:53.084+0000] {processor.py:178} INFO - Processing /opt/airflow/dags/hadoop-2.7.3/share/hadoop/common/lib/jsp-api-2.1.jar took 0.104 seconds
[2022-10-22T00:06:55.114+0000] {processor.py:156} INFO - Started process (PID=22383) to work on /opt/airflow/dags/hadoop-2.7.3/share/hadoop/common/lib/jsp-api-2.1.jar
[2022-10-22T00:06:55.116+0000] {processor.py:758} INFO - Processing file /opt/airflow/dags/hadoop-2.7.3/share/hadoop/common/lib/jsp-api-2.1.jar for tasks to queue
[2022-10-22T00:06:55.118+0000] {logging_mixin.py:117} INFO - [2022-10-22T00:06:55.118+0000] {dagbag.py:525} INFO - Filling up the DagBag from /opt/airflow/dags/hadoop-2.7.3/share/hadoop/common/lib/jsp-api-2.1.jar
[2022-10-22T00:06:55.126+0000] {processor.py:770} WARNING - No viable dags retrieved from /opt/airflow/dags/hadoop-2.7.3/share/hadoop/common/lib/jsp-api-2.1.jar
[2022-10-22T00:06:55.171+0000] {processor.py:178} INFO - Processing /opt/airflow/dags/hadoop-2.7.3/share/hadoop/common/lib/jsp-api-2.1.jar took 0.066 seconds
[2022-10-22T00:07:36.403+0000] {processor.py:156} INFO - Started process (PID=22812) to work on /opt/airflow/dags/hadoop-2.7.3/share/hadoop/common/lib/jsp-api-2.1.jar
[2022-10-22T00:07:36.409+0000] {processor.py:758} INFO - Processing file /opt/airflow/dags/hadoop-2.7.3/share/hadoop/common/lib/jsp-api-2.1.jar for tasks to queue
[2022-10-22T00:07:36.412+0000] {logging_mixin.py:117} INFO - [2022-10-22T00:07:36.411+0000] {dagbag.py:525} INFO - Filling up the DagBag from /opt/airflow/dags/hadoop-2.7.3/share/hadoop/common/lib/jsp-api-2.1.jar
[2022-10-22T00:07:36.421+0000] {processor.py:770} WARNING - No viable dags retrieved from /opt/airflow/dags/hadoop-2.7.3/share/hadoop/common/lib/jsp-api-2.1.jar
[2022-10-22T00:07:36.522+0000] {processor.py:178} INFO - Processing /opt/airflow/dags/hadoop-2.7.3/share/hadoop/common/lib/jsp-api-2.1.jar took 0.134 seconds
[2022-10-22T00:07:37.111+0000] {processor.py:156} INFO - Started process (PID=20363) to work on /opt/airflow/dags/hadoop-2.7.3/share/hadoop/common/lib/jsp-api-2.1.jar
[2022-10-22T00:07:37.117+0000] {processor.py:758} INFO - Processing file /opt/airflow/dags/hadoop-2.7.3/share/hadoop/common/lib/jsp-api-2.1.jar for tasks to queue
[2022-10-22T00:07:37.120+0000] {logging_mixin.py:117} INFO - [2022-10-22T00:07:37.119+0000] {dagbag.py:525} INFO - Filling up the DagBag from /opt/airflow/dags/hadoop-2.7.3/share/hadoop/common/lib/jsp-api-2.1.jar
[2022-10-22T00:07:37.138+0000] {processor.py:770} WARNING - No viable dags retrieved from /opt/airflow/dags/hadoop-2.7.3/share/hadoop/common/lib/jsp-api-2.1.jar
[2022-10-22T00:07:37.195+0000] {processor.py:178} INFO - Processing /opt/airflow/dags/hadoop-2.7.3/share/hadoop/common/lib/jsp-api-2.1.jar took 0.092 seconds
[2022-10-22T00:08:41.676+0000] {processor.py:156} INFO - Started process (PID=20588) to work on /opt/airflow/dags/hadoop-2.7.3/share/hadoop/common/lib/jsp-api-2.1.jar
[2022-10-22T00:08:41.680+0000] {processor.py:758} INFO - Processing file /opt/airflow/dags/hadoop-2.7.3/share/hadoop/common/lib/jsp-api-2.1.jar for tasks to queue
[2022-10-22T00:08:41.685+0000] {logging_mixin.py:117} INFO - [2022-10-22T00:08:41.684+0000] {dagbag.py:525} INFO - Filling up the DagBag from /opt/airflow/dags/hadoop-2.7.3/share/hadoop/common/lib/jsp-api-2.1.jar
[2022-10-22T00:08:41.705+0000] {processor.py:770} WARNING - No viable dags retrieved from /opt/airflow/dags/hadoop-2.7.3/share/hadoop/common/lib/jsp-api-2.1.jar
[2022-10-22T00:08:41.764+0000] {processor.py:178} INFO - Processing /opt/airflow/dags/hadoop-2.7.3/share/hadoop/common/lib/jsp-api-2.1.jar took 0.117 seconds
[2022-10-22T00:09:05.815+0000] {processor.py:156} INFO - Started process (PID=23291) to work on /opt/airflow/dags/hadoop-2.7.3/share/hadoop/common/lib/jsp-api-2.1.jar
[2022-10-22T00:09:05.823+0000] {processor.py:758} INFO - Processing file /opt/airflow/dags/hadoop-2.7.3/share/hadoop/common/lib/jsp-api-2.1.jar for tasks to queue
[2022-10-22T00:09:05.829+0000] {logging_mixin.py:117} INFO - [2022-10-22T00:09:05.828+0000] {dagbag.py:525} INFO - Filling up the DagBag from /opt/airflow/dags/hadoop-2.7.3/share/hadoop/common/lib/jsp-api-2.1.jar
[2022-10-22T00:09:05.841+0000] {processor.py:770} WARNING - No viable dags retrieved from /opt/airflow/dags/hadoop-2.7.3/share/hadoop/common/lib/jsp-api-2.1.jar
[2022-10-22T00:09:05.900+0000] {processor.py:178} INFO - Processing /opt/airflow/dags/hadoop-2.7.3/share/hadoop/common/lib/jsp-api-2.1.jar took 0.109 seconds
[2022-10-22T00:09:25.823+0000] {processor.py:156} INFO - Started process (PID=20983) to work on /opt/airflow/dags/hadoop-2.7.3/share/hadoop/common/lib/jsp-api-2.1.jar
[2022-10-22T00:09:25.836+0000] {processor.py:758} INFO - Processing file /opt/airflow/dags/hadoop-2.7.3/share/hadoop/common/lib/jsp-api-2.1.jar for tasks to queue
[2022-10-22T00:09:25.844+0000] {logging_mixin.py:117} INFO - [2022-10-22T00:09:25.841+0000] {dagbag.py:525} INFO - Filling up the DagBag from /opt/airflow/dags/hadoop-2.7.3/share/hadoop/common/lib/jsp-api-2.1.jar
[2022-10-22T00:09:25.855+0000] {processor.py:770} WARNING - No viable dags retrieved from /opt/airflow/dags/hadoop-2.7.3/share/hadoop/common/lib/jsp-api-2.1.jar
[2022-10-22T00:09:25.916+0000] {processor.py:178} INFO - Processing /opt/airflow/dags/hadoop-2.7.3/share/hadoop/common/lib/jsp-api-2.1.jar took 0.100 seconds
[2022-10-22T00:11:10.990+0000] {processor.py:156} INFO - Started process (PID=23815) to work on /opt/airflow/dags/hadoop-2.7.3/share/hadoop/common/lib/jsp-api-2.1.jar
[2022-10-22T00:11:10.993+0000] {processor.py:758} INFO - Processing file /opt/airflow/dags/hadoop-2.7.3/share/hadoop/common/lib/jsp-api-2.1.jar for tasks to queue
[2022-10-22T00:11:10.998+0000] {logging_mixin.py:117} INFO - [2022-10-22T00:11:10.997+0000] {dagbag.py:525} INFO - Filling up the DagBag from /opt/airflow/dags/hadoop-2.7.3/share/hadoop/common/lib/jsp-api-2.1.jar
[2022-10-22T00:11:11.005+0000] {processor.py:770} WARNING - No viable dags retrieved from /opt/airflow/dags/hadoop-2.7.3/share/hadoop/common/lib/jsp-api-2.1.jar
[2022-10-22T00:11:11.058+0000] {processor.py:178} INFO - Processing /opt/airflow/dags/hadoop-2.7.3/share/hadoop/common/lib/jsp-api-2.1.jar took 0.077 seconds
[2022-10-22T00:11:22.868+0000] {processor.py:156} INFO - Started process (PID=21473) to work on /opt/airflow/dags/hadoop-2.7.3/share/hadoop/common/lib/jsp-api-2.1.jar
[2022-10-22T00:11:22.870+0000] {processor.py:758} INFO - Processing file /opt/airflow/dags/hadoop-2.7.3/share/hadoop/common/lib/jsp-api-2.1.jar for tasks to queue
[2022-10-22T00:11:22.877+0000] {logging_mixin.py:117} INFO - [2022-10-22T00:11:22.876+0000] {dagbag.py:525} INFO - Filling up the DagBag from /opt/airflow/dags/hadoop-2.7.3/share/hadoop/common/lib/jsp-api-2.1.jar
[2022-10-22T00:11:22.882+0000] {processor.py:770} WARNING - No viable dags retrieved from /opt/airflow/dags/hadoop-2.7.3/share/hadoop/common/lib/jsp-api-2.1.jar
[2022-10-22T00:11:22.924+0000] {processor.py:178} INFO - Processing /opt/airflow/dags/hadoop-2.7.3/share/hadoop/common/lib/jsp-api-2.1.jar took 0.067 seconds
[2022-10-22T00:11:46.506+0000] {processor.py:156} INFO - Started process (PID=24331) to work on /opt/airflow/dags/hadoop-2.7.3/share/hadoop/common/lib/jsp-api-2.1.jar
[2022-10-22T00:11:46.508+0000] {processor.py:758} INFO - Processing file /opt/airflow/dags/hadoop-2.7.3/share/hadoop/common/lib/jsp-api-2.1.jar for tasks to queue
[2022-10-22T00:11:46.511+0000] {logging_mixin.py:117} INFO - [2022-10-22T00:11:46.510+0000] {dagbag.py:525} INFO - Filling up the DagBag from /opt/airflow/dags/hadoop-2.7.3/share/hadoop/common/lib/jsp-api-2.1.jar
[2022-10-22T00:11:46.517+0000] {processor.py:770} WARNING - No viable dags retrieved from /opt/airflow/dags/hadoop-2.7.3/share/hadoop/common/lib/jsp-api-2.1.jar
[2022-10-22T00:11:46.553+0000] {processor.py:178} INFO - Processing /opt/airflow/dags/hadoop-2.7.3/share/hadoop/common/lib/jsp-api-2.1.jar took 0.056 seconds
[2022-10-22T00:11:58.959+0000] {processor.py:156} INFO - Started process (PID=21988) to work on /opt/airflow/dags/hadoop-2.7.3/share/hadoop/common/lib/jsp-api-2.1.jar
[2022-10-22T00:11:58.965+0000] {processor.py:758} INFO - Processing file /opt/airflow/dags/hadoop-2.7.3/share/hadoop/common/lib/jsp-api-2.1.jar for tasks to queue
[2022-10-22T00:11:58.969+0000] {logging_mixin.py:117} INFO - [2022-10-22T00:11:58.968+0000] {dagbag.py:525} INFO - Filling up the DagBag from /opt/airflow/dags/hadoop-2.7.3/share/hadoop/common/lib/jsp-api-2.1.jar
[2022-10-22T00:11:58.977+0000] {processor.py:770} WARNING - No viable dags retrieved from /opt/airflow/dags/hadoop-2.7.3/share/hadoop/common/lib/jsp-api-2.1.jar
[2022-10-22T00:11:59.015+0000] {processor.py:178} INFO - Processing /opt/airflow/dags/hadoop-2.7.3/share/hadoop/common/lib/jsp-api-2.1.jar took 0.063 seconds
[2022-10-22T00:15:05.635+0000] {processor.py:156} INFO - Started process (PID=22451) to work on /opt/airflow/dags/hadoop-2.7.3/share/hadoop/common/lib/jsp-api-2.1.jar
[2022-10-22T00:15:05.637+0000] {processor.py:758} INFO - Processing file /opt/airflow/dags/hadoop-2.7.3/share/hadoop/common/lib/jsp-api-2.1.jar for tasks to queue
[2022-10-22T00:15:05.639+0000] {logging_mixin.py:117} INFO - [2022-10-22T00:15:05.639+0000] {dagbag.py:525} INFO - Filling up the DagBag from /opt/airflow/dags/hadoop-2.7.3/share/hadoop/common/lib/jsp-api-2.1.jar
[2022-10-22T00:15:05.646+0000] {processor.py:770} WARNING - No viable dags retrieved from /opt/airflow/dags/hadoop-2.7.3/share/hadoop/common/lib/jsp-api-2.1.jar
[2022-10-22T00:15:05.679+0000] {processor.py:178} INFO - Processing /opt/airflow/dags/hadoop-2.7.3/share/hadoop/common/lib/jsp-api-2.1.jar took 0.054 seconds
[2022-10-22T00:15:18.310+0000] {processor.py:156} INFO - Started process (PID=25011) to work on /opt/airflow/dags/hadoop-2.7.3/share/hadoop/common/lib/jsp-api-2.1.jar
[2022-10-22T00:15:18.313+0000] {processor.py:758} INFO - Processing file /opt/airflow/dags/hadoop-2.7.3/share/hadoop/common/lib/jsp-api-2.1.jar for tasks to queue
[2022-10-22T00:15:18.315+0000] {logging_mixin.py:117} INFO - [2022-10-22T00:15:18.315+0000] {dagbag.py:525} INFO - Filling up the DagBag from /opt/airflow/dags/hadoop-2.7.3/share/hadoop/common/lib/jsp-api-2.1.jar
[2022-10-22T00:15:18.328+0000] {processor.py:770} WARNING - No viable dags retrieved from /opt/airflow/dags/hadoop-2.7.3/share/hadoop/common/lib/jsp-api-2.1.jar
[2022-10-22T00:15:18.361+0000] {processor.py:178} INFO - Processing /opt/airflow/dags/hadoop-2.7.3/share/hadoop/common/lib/jsp-api-2.1.jar took 0.057 seconds
[2022-10-22T00:15:55.122+0000] {processor.py:156} INFO - Started process (PID=22975) to work on /opt/airflow/dags/hadoop-2.7.3/share/hadoop/common/lib/jsp-api-2.1.jar
[2022-10-22T00:15:55.125+0000] {processor.py:758} INFO - Processing file /opt/airflow/dags/hadoop-2.7.3/share/hadoop/common/lib/jsp-api-2.1.jar for tasks to queue
[2022-10-22T00:15:55.129+0000] {logging_mixin.py:117} INFO - [2022-10-22T00:15:55.129+0000] {dagbag.py:525} INFO - Filling up the DagBag from /opt/airflow/dags/hadoop-2.7.3/share/hadoop/common/lib/jsp-api-2.1.jar
[2022-10-22T00:15:55.136+0000] {processor.py:770} WARNING - No viable dags retrieved from /opt/airflow/dags/hadoop-2.7.3/share/hadoop/common/lib/jsp-api-2.1.jar
[2022-10-22T00:15:55.181+0000] {processor.py:178} INFO - Processing /opt/airflow/dags/hadoop-2.7.3/share/hadoop/common/lib/jsp-api-2.1.jar took 0.069 seconds
[2022-10-22T00:16:05.269+0000] {processor.py:156} INFO - Started process (PID=25534) to work on /opt/airflow/dags/hadoop-2.7.3/share/hadoop/common/lib/jsp-api-2.1.jar
[2022-10-22T00:16:05.272+0000] {processor.py:758} INFO - Processing file /opt/airflow/dags/hadoop-2.7.3/share/hadoop/common/lib/jsp-api-2.1.jar for tasks to queue
[2022-10-22T00:16:05.274+0000] {logging_mixin.py:117} INFO - [2022-10-22T00:16:05.274+0000] {dagbag.py:525} INFO - Filling up the DagBag from /opt/airflow/dags/hadoop-2.7.3/share/hadoop/common/lib/jsp-api-2.1.jar
[2022-10-22T00:16:05.282+0000] {processor.py:770} WARNING - No viable dags retrieved from /opt/airflow/dags/hadoop-2.7.3/share/hadoop/common/lib/jsp-api-2.1.jar
[2022-10-22T00:16:05.326+0000] {processor.py:178} INFO - Processing /opt/airflow/dags/hadoop-2.7.3/share/hadoop/common/lib/jsp-api-2.1.jar took 0.063 seconds
[2022-10-22T00:16:41.581+0000] {processor.py:156} INFO - Started process (PID=23491) to work on /opt/airflow/dags/hadoop-2.7.3/share/hadoop/common/lib/jsp-api-2.1.jar
[2022-10-22T00:16:41.584+0000] {processor.py:758} INFO - Processing file /opt/airflow/dags/hadoop-2.7.3/share/hadoop/common/lib/jsp-api-2.1.jar for tasks to queue
[2022-10-22T00:16:41.587+0000] {logging_mixin.py:117} INFO - [2022-10-22T00:16:41.586+0000] {dagbag.py:525} INFO - Filling up the DagBag from /opt/airflow/dags/hadoop-2.7.3/share/hadoop/common/lib/jsp-api-2.1.jar
[2022-10-22T00:16:41.603+0000] {processor.py:770} WARNING - No viable dags retrieved from /opt/airflow/dags/hadoop-2.7.3/share/hadoop/common/lib/jsp-api-2.1.jar
[2022-10-22T00:16:41.652+0000] {processor.py:178} INFO - Processing /opt/airflow/dags/hadoop-2.7.3/share/hadoop/common/lib/jsp-api-2.1.jar took 0.077 seconds
[2022-10-22T00:16:52.205+0000] {processor.py:156} INFO - Started process (PID=26050) to work on /opt/airflow/dags/hadoop-2.7.3/share/hadoop/common/lib/jsp-api-2.1.jar
[2022-10-22T00:16:52.209+0000] {processor.py:758} INFO - Processing file /opt/airflow/dags/hadoop-2.7.3/share/hadoop/common/lib/jsp-api-2.1.jar for tasks to queue
[2022-10-22T00:16:52.212+0000] {logging_mixin.py:117} INFO - [2022-10-22T00:16:52.212+0000] {dagbag.py:525} INFO - Filling up the DagBag from /opt/airflow/dags/hadoop-2.7.3/share/hadoop/common/lib/jsp-api-2.1.jar
[2022-10-22T00:16:52.221+0000] {processor.py:770} WARNING - No viable dags retrieved from /opt/airflow/dags/hadoop-2.7.3/share/hadoop/common/lib/jsp-api-2.1.jar
[2022-10-22T00:16:52.309+0000] {processor.py:178} INFO - Processing /opt/airflow/dags/hadoop-2.7.3/share/hadoop/common/lib/jsp-api-2.1.jar took 0.113 seconds
[2022-10-22T00:17:21.997+0000] {processor.py:156} INFO - Started process (PID=23904) to work on /opt/airflow/dags/hadoop-2.7.3/share/hadoop/common/lib/jsp-api-2.1.jar
[2022-10-22T00:17:22.012+0000] {processor.py:758} INFO - Processing file /opt/airflow/dags/hadoop-2.7.3/share/hadoop/common/lib/jsp-api-2.1.jar for tasks to queue
[2022-10-22T00:17:22.015+0000] {logging_mixin.py:117} INFO - [2022-10-22T00:17:22.015+0000] {dagbag.py:525} INFO - Filling up the DagBag from /opt/airflow/dags/hadoop-2.7.3/share/hadoop/common/lib/jsp-api-2.1.jar
[2022-10-22T00:17:22.026+0000] {processor.py:770} WARNING - No viable dags retrieved from /opt/airflow/dags/hadoop-2.7.3/share/hadoop/common/lib/jsp-api-2.1.jar
[2022-10-22T00:17:22.091+0000] {processor.py:178} INFO - Processing /opt/airflow/dags/hadoop-2.7.3/share/hadoop/common/lib/jsp-api-2.1.jar took 0.107 seconds
[2022-10-22T00:17:29.217+0000] {processor.py:156} INFO - Started process (PID=26434) to work on /opt/airflow/dags/hadoop-2.7.3/share/hadoop/common/lib/jsp-api-2.1.jar
[2022-10-22T00:17:29.223+0000] {processor.py:758} INFO - Processing file /opt/airflow/dags/hadoop-2.7.3/share/hadoop/common/lib/jsp-api-2.1.jar for tasks to queue
[2022-10-22T00:17:29.227+0000] {logging_mixin.py:117} INFO - [2022-10-22T00:17:29.226+0000] {dagbag.py:525} INFO - Filling up the DagBag from /opt/airflow/dags/hadoop-2.7.3/share/hadoop/common/lib/jsp-api-2.1.jar
[2022-10-22T00:17:29.239+0000] {processor.py:770} WARNING - No viable dags retrieved from /opt/airflow/dags/hadoop-2.7.3/share/hadoop/common/lib/jsp-api-2.1.jar
[2022-10-22T00:17:29.289+0000] {processor.py:178} INFO - Processing /opt/airflow/dags/hadoop-2.7.3/share/hadoop/common/lib/jsp-api-2.1.jar took 0.090 seconds
[2022-10-22T00:18:02.040+0000] {processor.py:156} INFO - Started process (PID=24322) to work on /opt/airflow/dags/hadoop-2.7.3/share/hadoop/common/lib/jsp-api-2.1.jar
[2022-10-22T00:18:02.043+0000] {processor.py:758} INFO - Processing file /opt/airflow/dags/hadoop-2.7.3/share/hadoop/common/lib/jsp-api-2.1.jar for tasks to queue
[2022-10-22T00:18:02.047+0000] {logging_mixin.py:117} INFO - [2022-10-22T00:18:02.046+0000] {dagbag.py:525} INFO - Filling up the DagBag from /opt/airflow/dags/hadoop-2.7.3/share/hadoop/common/lib/jsp-api-2.1.jar
[2022-10-22T00:18:02.054+0000] {processor.py:770} WARNING - No viable dags retrieved from /opt/airflow/dags/hadoop-2.7.3/share/hadoop/common/lib/jsp-api-2.1.jar
[2022-10-22T00:18:02.112+0000] {processor.py:178} INFO - Processing /opt/airflow/dags/hadoop-2.7.3/share/hadoop/common/lib/jsp-api-2.1.jar took 0.083 seconds
[2022-10-22T00:18:07.342+0000] {processor.py:156} INFO - Started process (PID=26848) to work on /opt/airflow/dags/hadoop-2.7.3/share/hadoop/common/lib/jsp-api-2.1.jar
[2022-10-22T00:18:07.353+0000] {processor.py:758} INFO - Processing file /opt/airflow/dags/hadoop-2.7.3/share/hadoop/common/lib/jsp-api-2.1.jar for tasks to queue
[2022-10-22T00:18:07.356+0000] {logging_mixin.py:117} INFO - [2022-10-22T00:18:07.355+0000] {dagbag.py:525} INFO - Filling up the DagBag from /opt/airflow/dags/hadoop-2.7.3/share/hadoop/common/lib/jsp-api-2.1.jar
[2022-10-22T00:18:07.376+0000] {processor.py:770} WARNING - No viable dags retrieved from /opt/airflow/dags/hadoop-2.7.3/share/hadoop/common/lib/jsp-api-2.1.jar
[2022-10-22T00:18:07.412+0000] {processor.py:178} INFO - Processing /opt/airflow/dags/hadoop-2.7.3/share/hadoop/common/lib/jsp-api-2.1.jar took 0.082 seconds
[2022-10-22T00:18:41.118+0000] {processor.py:156} INFO - Started process (PID=24721) to work on /opt/airflow/dags/hadoop-2.7.3/share/hadoop/common/lib/jsp-api-2.1.jar
[2022-10-22T00:18:41.127+0000] {processor.py:758} INFO - Processing file /opt/airflow/dags/hadoop-2.7.3/share/hadoop/common/lib/jsp-api-2.1.jar for tasks to queue
[2022-10-22T00:18:41.133+0000] {logging_mixin.py:117} INFO - [2022-10-22T00:18:41.132+0000] {dagbag.py:525} INFO - Filling up the DagBag from /opt/airflow/dags/hadoop-2.7.3/share/hadoop/common/lib/jsp-api-2.1.jar
[2022-10-22T00:18:41.142+0000] {processor.py:770} WARNING - No viable dags retrieved from /opt/airflow/dags/hadoop-2.7.3/share/hadoop/common/lib/jsp-api-2.1.jar
[2022-10-22T00:18:41.182+0000] {processor.py:178} INFO - Processing /opt/airflow/dags/hadoop-2.7.3/share/hadoop/common/lib/jsp-api-2.1.jar took 0.087 seconds
[2022-10-22T00:18:57.249+0000] {processor.py:156} INFO - Started process (PID=27378) to work on /opt/airflow/dags/hadoop-2.7.3/share/hadoop/common/lib/jsp-api-2.1.jar
[2022-10-22T00:18:57.258+0000] {processor.py:758} INFO - Processing file /opt/airflow/dags/hadoop-2.7.3/share/hadoop/common/lib/jsp-api-2.1.jar for tasks to queue
[2022-10-22T00:18:57.262+0000] {logging_mixin.py:117} INFO - [2022-10-22T00:18:57.262+0000] {dagbag.py:525} INFO - Filling up the DagBag from /opt/airflow/dags/hadoop-2.7.3/share/hadoop/common/lib/jsp-api-2.1.jar
[2022-10-22T00:18:57.285+0000] {processor.py:770} WARNING - No viable dags retrieved from /opt/airflow/dags/hadoop-2.7.3/share/hadoop/common/lib/jsp-api-2.1.jar
[2022-10-22T00:18:57.356+0000] {processor.py:178} INFO - Processing /opt/airflow/dags/hadoop-2.7.3/share/hadoop/common/lib/jsp-api-2.1.jar took 0.129 seconds
[2022-10-22T00:19:19.813+0000] {processor.py:156} INFO - Started process (PID=25124) to work on /opt/airflow/dags/hadoop-2.7.3/share/hadoop/common/lib/jsp-api-2.1.jar
[2022-10-22T00:19:19.816+0000] {processor.py:758} INFO - Processing file /opt/airflow/dags/hadoop-2.7.3/share/hadoop/common/lib/jsp-api-2.1.jar for tasks to queue
[2022-10-22T00:19:19.818+0000] {logging_mixin.py:117} INFO - [2022-10-22T00:19:19.818+0000] {dagbag.py:525} INFO - Filling up the DagBag from /opt/airflow/dags/hadoop-2.7.3/share/hadoop/common/lib/jsp-api-2.1.jar
[2022-10-22T00:19:19.827+0000] {processor.py:770} WARNING - No viable dags retrieved from /opt/airflow/dags/hadoop-2.7.3/share/hadoop/common/lib/jsp-api-2.1.jar
[2022-10-22T00:19:19.870+0000] {processor.py:178} INFO - Processing /opt/airflow/dags/hadoop-2.7.3/share/hadoop/common/lib/jsp-api-2.1.jar took 0.064 seconds
[2022-10-22T00:19:36.369+0000] {processor.py:156} INFO - Started process (PID=27775) to work on /opt/airflow/dags/hadoop-2.7.3/share/hadoop/common/lib/jsp-api-2.1.jar
[2022-10-22T00:19:36.373+0000] {processor.py:758} INFO - Processing file /opt/airflow/dags/hadoop-2.7.3/share/hadoop/common/lib/jsp-api-2.1.jar for tasks to queue
[2022-10-22T00:19:36.375+0000] {logging_mixin.py:117} INFO - [2022-10-22T00:19:36.375+0000] {dagbag.py:525} INFO - Filling up the DagBag from /opt/airflow/dags/hadoop-2.7.3/share/hadoop/common/lib/jsp-api-2.1.jar
[2022-10-22T00:19:36.385+0000] {processor.py:770} WARNING - No viable dags retrieved from /opt/airflow/dags/hadoop-2.7.3/share/hadoop/common/lib/jsp-api-2.1.jar
[2022-10-22T00:19:36.419+0000] {processor.py:178} INFO - Processing /opt/airflow/dags/hadoop-2.7.3/share/hadoop/common/lib/jsp-api-2.1.jar took 0.062 seconds
[2022-10-22T00:20:20.312+0000] {processor.py:156} INFO - Started process (PID=25373) to work on /opt/airflow/dags/hadoop-2.7.3/share/hadoop/common/lib/jsp-api-2.1.jar
[2022-10-22T00:20:20.322+0000] {processor.py:758} INFO - Processing file /opt/airflow/dags/hadoop-2.7.3/share/hadoop/common/lib/jsp-api-2.1.jar for tasks to queue
[2022-10-22T00:20:20.325+0000] {logging_mixin.py:117} INFO - [2022-10-22T00:20:20.325+0000] {dagbag.py:525} INFO - Filling up the DagBag from /opt/airflow/dags/hadoop-2.7.3/share/hadoop/common/lib/jsp-api-2.1.jar
[2022-10-22T00:20:20.333+0000] {processor.py:770} WARNING - No viable dags retrieved from /opt/airflow/dags/hadoop-2.7.3/share/hadoop/common/lib/jsp-api-2.1.jar
[2022-10-22T00:20:20.408+0000] {processor.py:178} INFO - Processing /opt/airflow/dags/hadoop-2.7.3/share/hadoop/common/lib/jsp-api-2.1.jar took 0.129 seconds
[2022-10-22T00:20:37.564+0000] {processor.py:156} INFO - Started process (PID=28050) to work on /opt/airflow/dags/hadoop-2.7.3/share/hadoop/common/lib/jsp-api-2.1.jar
[2022-10-22T00:20:37.569+0000] {processor.py:758} INFO - Processing file /opt/airflow/dags/hadoop-2.7.3/share/hadoop/common/lib/jsp-api-2.1.jar for tasks to queue
[2022-10-22T00:20:37.572+0000] {logging_mixin.py:117} INFO - [2022-10-22T00:20:37.572+0000] {dagbag.py:525} INFO - Filling up the DagBag from /opt/airflow/dags/hadoop-2.7.3/share/hadoop/common/lib/jsp-api-2.1.jar
[2022-10-22T00:20:37.584+0000] {processor.py:770} WARNING - No viable dags retrieved from /opt/airflow/dags/hadoop-2.7.3/share/hadoop/common/lib/jsp-api-2.1.jar
[2022-10-22T00:20:37.651+0000] {processor.py:178} INFO - Processing /opt/airflow/dags/hadoop-2.7.3/share/hadoop/common/lib/jsp-api-2.1.jar took 0.098 seconds
[2022-10-22T00:21:01.873+0000] {processor.py:156} INFO - Started process (PID=25772) to work on /opt/airflow/dags/hadoop-2.7.3/share/hadoop/common/lib/jsp-api-2.1.jar
[2022-10-22T00:21:01.876+0000] {processor.py:758} INFO - Processing file /opt/airflow/dags/hadoop-2.7.3/share/hadoop/common/lib/jsp-api-2.1.jar for tasks to queue
[2022-10-22T00:21:01.882+0000] {logging_mixin.py:117} INFO - [2022-10-22T00:21:01.881+0000] {dagbag.py:525} INFO - Filling up the DagBag from /opt/airflow/dags/hadoop-2.7.3/share/hadoop/common/lib/jsp-api-2.1.jar
[2022-10-22T00:21:01.891+0000] {processor.py:770} WARNING - No viable dags retrieved from /opt/airflow/dags/hadoop-2.7.3/share/hadoop/common/lib/jsp-api-2.1.jar
[2022-10-22T00:21:01.928+0000] {processor.py:178} INFO - Processing /opt/airflow/dags/hadoop-2.7.3/share/hadoop/common/lib/jsp-api-2.1.jar took 0.062 seconds
[2022-10-22T00:21:29.883+0000] {processor.py:156} INFO - Started process (PID=28581) to work on /opt/airflow/dags/hadoop-2.7.3/share/hadoop/common/lib/jsp-api-2.1.jar
[2022-10-22T00:21:29.887+0000] {processor.py:758} INFO - Processing file /opt/airflow/dags/hadoop-2.7.3/share/hadoop/common/lib/jsp-api-2.1.jar for tasks to queue
[2022-10-22T00:21:29.890+0000] {logging_mixin.py:117} INFO - [2022-10-22T00:21:29.890+0000] {dagbag.py:525} INFO - Filling up the DagBag from /opt/airflow/dags/hadoop-2.7.3/share/hadoop/common/lib/jsp-api-2.1.jar
[2022-10-22T00:21:29.901+0000] {processor.py:770} WARNING - No viable dags retrieved from /opt/airflow/dags/hadoop-2.7.3/share/hadoop/common/lib/jsp-api-2.1.jar
[2022-10-22T00:21:29.963+0000] {processor.py:178} INFO - Processing /opt/airflow/dags/hadoop-2.7.3/share/hadoop/common/lib/jsp-api-2.1.jar took 0.091 seconds
[2022-10-22T00:21:48.398+0000] {processor.py:156} INFO - Started process (PID=26215) to work on /opt/airflow/dags/hadoop-2.7.3/share/hadoop/common/lib/jsp-api-2.1.jar
[2022-10-22T00:21:48.405+0000] {processor.py:758} INFO - Processing file /opt/airflow/dags/hadoop-2.7.3/share/hadoop/common/lib/jsp-api-2.1.jar for tasks to queue
[2022-10-22T00:21:48.408+0000] {logging_mixin.py:117} INFO - [2022-10-22T00:21:48.408+0000] {dagbag.py:525} INFO - Filling up the DagBag from /opt/airflow/dags/hadoop-2.7.3/share/hadoop/common/lib/jsp-api-2.1.jar
[2022-10-22T00:21:48.418+0000] {processor.py:770} WARNING - No viable dags retrieved from /opt/airflow/dags/hadoop-2.7.3/share/hadoop/common/lib/jsp-api-2.1.jar
[2022-10-22T00:21:48.471+0000] {processor.py:178} INFO - Processing /opt/airflow/dags/hadoop-2.7.3/share/hadoop/common/lib/jsp-api-2.1.jar took 0.085 seconds
[2022-10-22T00:22:17.764+0000] {processor.py:156} INFO - Started process (PID=29040) to work on /opt/airflow/dags/hadoop-2.7.3/share/hadoop/common/lib/jsp-api-2.1.jar
[2022-10-22T00:22:17.768+0000] {processor.py:758} INFO - Processing file /opt/airflow/dags/hadoop-2.7.3/share/hadoop/common/lib/jsp-api-2.1.jar for tasks to queue
[2022-10-22T00:22:17.771+0000] {logging_mixin.py:117} INFO - [2022-10-22T00:22:17.770+0000] {dagbag.py:525} INFO - Filling up the DagBag from /opt/airflow/dags/hadoop-2.7.3/share/hadoop/common/lib/jsp-api-2.1.jar
[2022-10-22T00:22:17.805+0000] {processor.py:770} WARNING - No viable dags retrieved from /opt/airflow/dags/hadoop-2.7.3/share/hadoop/common/lib/jsp-api-2.1.jar
[2022-10-22T00:22:17.855+0000] {processor.py:178} INFO - Processing /opt/airflow/dags/hadoop-2.7.3/share/hadoop/common/lib/jsp-api-2.1.jar took 0.110 seconds
[2022-10-22T00:22:40.514+0000] {processor.py:156} INFO - Started process (PID=26696) to work on /opt/airflow/dags/hadoop-2.7.3/share/hadoop/common/lib/jsp-api-2.1.jar
[2022-10-22T00:22:40.517+0000] {processor.py:758} INFO - Processing file /opt/airflow/dags/hadoop-2.7.3/share/hadoop/common/lib/jsp-api-2.1.jar for tasks to queue
[2022-10-22T00:22:40.520+0000] {logging_mixin.py:117} INFO - [2022-10-22T00:22:40.519+0000] {dagbag.py:525} INFO - Filling up the DagBag from /opt/airflow/dags/hadoop-2.7.3/share/hadoop/common/lib/jsp-api-2.1.jar
[2022-10-22T00:22:40.528+0000] {processor.py:770} WARNING - No viable dags retrieved from /opt/airflow/dags/hadoop-2.7.3/share/hadoop/common/lib/jsp-api-2.1.jar
[2022-10-22T00:22:40.585+0000] {processor.py:178} INFO - Processing /opt/airflow/dags/hadoop-2.7.3/share/hadoop/common/lib/jsp-api-2.1.jar took 0.080 seconds
[2022-10-22T00:23:09.281+0000] {processor.py:156} INFO - Started process (PID=29505) to work on /opt/airflow/dags/hadoop-2.7.3/share/hadoop/common/lib/jsp-api-2.1.jar
[2022-10-22T00:23:09.283+0000] {processor.py:758} INFO - Processing file /opt/airflow/dags/hadoop-2.7.3/share/hadoop/common/lib/jsp-api-2.1.jar for tasks to queue
[2022-10-22T00:23:09.285+0000] {logging_mixin.py:117} INFO - [2022-10-22T00:23:09.285+0000] {dagbag.py:525} INFO - Filling up the DagBag from /opt/airflow/dags/hadoop-2.7.3/share/hadoop/common/lib/jsp-api-2.1.jar
[2022-10-22T00:23:09.294+0000] {processor.py:770} WARNING - No viable dags retrieved from /opt/airflow/dags/hadoop-2.7.3/share/hadoop/common/lib/jsp-api-2.1.jar
[2022-10-22T00:23:09.339+0000] {processor.py:178} INFO - Processing /opt/airflow/dags/hadoop-2.7.3/share/hadoop/common/lib/jsp-api-2.1.jar took 0.064 seconds
[2022-10-22T00:23:28.043+0000] {processor.py:156} INFO - Started process (PID=27179) to work on /opt/airflow/dags/hadoop-2.7.3/share/hadoop/common/lib/jsp-api-2.1.jar
[2022-10-22T00:23:28.046+0000] {processor.py:758} INFO - Processing file /opt/airflow/dags/hadoop-2.7.3/share/hadoop/common/lib/jsp-api-2.1.jar for tasks to queue
[2022-10-22T00:23:28.049+0000] {logging_mixin.py:117} INFO - [2022-10-22T00:23:28.048+0000] {dagbag.py:525} INFO - Filling up the DagBag from /opt/airflow/dags/hadoop-2.7.3/share/hadoop/common/lib/jsp-api-2.1.jar
[2022-10-22T00:23:28.062+0000] {processor.py:770} WARNING - No viable dags retrieved from /opt/airflow/dags/hadoop-2.7.3/share/hadoop/common/lib/jsp-api-2.1.jar
[2022-10-22T00:23:28.102+0000] {processor.py:178} INFO - Processing /opt/airflow/dags/hadoop-2.7.3/share/hadoop/common/lib/jsp-api-2.1.jar took 0.064 seconds
[2022-10-22T00:23:44.094+0000] {processor.py:156} INFO - Started process (PID=29955) to work on /opt/airflow/dags/hadoop-2.7.3/share/hadoop/common/lib/jsp-api-2.1.jar
[2022-10-22T00:23:44.097+0000] {processor.py:758} INFO - Processing file /opt/airflow/dags/hadoop-2.7.3/share/hadoop/common/lib/jsp-api-2.1.jar for tasks to queue
[2022-10-22T00:23:44.100+0000] {logging_mixin.py:117} INFO - [2022-10-22T00:23:44.100+0000] {dagbag.py:525} INFO - Filling up the DagBag from /opt/airflow/dags/hadoop-2.7.3/share/hadoop/common/lib/jsp-api-2.1.jar
[2022-10-22T00:23:44.108+0000] {processor.py:770} WARNING - No viable dags retrieved from /opt/airflow/dags/hadoop-2.7.3/share/hadoop/common/lib/jsp-api-2.1.jar
[2022-10-22T00:23:44.136+0000] {processor.py:178} INFO - Processing /opt/airflow/dags/hadoop-2.7.3/share/hadoop/common/lib/jsp-api-2.1.jar took 0.047 seconds
