[2022-10-19 18:39:48,864] {taskinstance.py:1179} INFO - Dependencies all met for <TaskInstance: pyspark_jobs.load_jsonlines manual__2022-10-19T18:39:41.666013+00:00 [queued]>
[2022-10-19 18:39:48,880] {taskinstance.py:1179} INFO - Dependencies all met for <TaskInstance: pyspark_jobs.load_jsonlines manual__2022-10-19T18:39:41.666013+00:00 [queued]>
[2022-10-19 18:39:48,881] {taskinstance.py:1376} INFO - 
--------------------------------------------------------------------------------
[2022-10-19 18:39:48,882] {taskinstance.py:1377} INFO - Starting attempt 1 of 2
[2022-10-19 18:39:48,884] {taskinstance.py:1378} INFO - 
--------------------------------------------------------------------------------
[2022-10-19 18:39:48,908] {taskinstance.py:1397} INFO - Executing <Task(PythonOperator): load_jsonlines> on 2022-10-19 18:39:41.666013+00:00
[2022-10-19 18:39:48,917] {standard_task_runner.py:52} INFO - Started process 42112 to run task
[2022-10-19 18:39:48,917] {clientserver.py:543} INFO - Closing down clientserver connection
[2022-10-19 18:39:48,925] {standard_task_runner.py:79} INFO - Running: ['***', 'tasks', 'run', 'pyspark_jobs', 'load_jsonlines', 'manual__2022-10-19T18:39:41.666013+00:00', '--job-id', '453', '--raw', '--subdir', 'DAGS_FOLDER/pyspark_jobs.py', '--cfg-path', '/tmp/tmpox9q9l7v', '--error-file', '/tmp/tmpk88za53w']
[2022-10-19 18:39:48,928] {standard_task_runner.py:80} INFO - Job 453: Subtask load_jsonlines
[2022-10-19 18:39:49,017] {clientserver.py:505} INFO - Error while sending or receiving.
Traceback (most recent call last):
  File "/home/airflow/.local/lib/python3.7/site-packages/py4j/clientserver.py", line 503, in send_command
    self.socket.sendall(command.encode("utf-8"))
ConnectionResetError: [Errno 104] Connection reset by peer
[2022-10-19 18:39:49,020] {clientserver.py:543} INFO - Closing down clientserver connection
[2022-10-19 18:39:49,021] {java_gateway.py:1052} INFO - Exception while sending command.
Traceback (most recent call last):
  File "/home/airflow/.local/lib/python3.7/site-packages/py4j/clientserver.py", line 503, in send_command
    self.socket.sendall(command.encode("utf-8"))
ConnectionResetError: [Errno 104] Connection reset by peer

During handling of the above exception, another exception occurred:

Traceback (most recent call last):
  File "/home/airflow/.local/lib/python3.7/site-packages/py4j/java_gateway.py", line 1038, in send_command
    response = connection.send_command(command)
  File "/home/airflow/.local/lib/python3.7/site-packages/py4j/clientserver.py", line 507, in send_command
    "Error while sending", e, proto.ERROR_ON_SEND)
py4j.protocol.Py4JNetworkError: Error while sending
[2022-10-19 18:39:49,027] {clientserver.py:543} INFO - Closing down clientserver connection
[2022-10-19 18:39:49,047] {task_command.py:371} INFO - Running <TaskInstance: pyspark_jobs.load_jsonlines manual__2022-10-19T18:39:41.666013+00:00 [running]> on host ee1a3e6935ec
[2022-10-19 18:39:49,179] {taskinstance.py:1591} INFO - Exporting the following env vars:
AIRFLOW_CTX_DAG_OWNER=***
AIRFLOW_CTX_DAG_ID=pyspark_jobs
AIRFLOW_CTX_TASK_ID=load_jsonlines
AIRFLOW_CTX_EXECUTION_DATE=2022-10-19T18:39:41.666013+00:00
AIRFLOW_CTX_TRY_NUMBER=1
AIRFLOW_CTX_DAG_RUN_ID=manual__2022-10-19T18:39:41.666013+00:00
[2022-10-19 18:39:49,183] {data_extraction_pyspark.py:29} INFO - ['json_storage', 'json_storage', 'json_storage', 'json_storage']
[2022-10-19 18:39:49,185] {data_extraction_pyspark.py:41} CRITICAL - Couldn't find any sub-directory.
[2022-10-19 18:39:49,186] {taskinstance.py:1909} ERROR - Task failed with exception
Traceback (most recent call last):
  File "/home/airflow/.local/lib/python3.7/site-packages/airflow/operators/python.py", line 171, in execute
    return_value = self.execute_callable()
  File "/home/airflow/.local/lib/python3.7/site-packages/airflow/operators/python.py", line 189, in execute_callable
    return self.python_callable(*self.op_args, **self.op_kwargs)
  File "/opt/airflow/dags/data_extraction_pyspark.py", line 50, in loadJsonData_and_Transform
    if os.path.exists(os.path.dirname(os.path.join(json_path, latest))):
  File "/usr/local/lib/python3.7/posixpath.py", line 94, in join
    genericpath._check_arg_types('join', a, *p)
  File "/usr/local/lib/python3.7/genericpath.py", line 153, in _check_arg_types
    (funcname, s.__class__.__name__)) from None
TypeError: join() argument must be str or bytes, not 'NoneType'
[2022-10-19 18:39:49,216] {taskinstance.py:1420} INFO - Marking task as UP_FOR_RETRY. dag_id=pyspark_jobs, task_id=load_jsonlines, execution_date=20221019T183941, start_date=20221019T183948, end_date=20221019T183949
[2022-10-19 18:39:49,237] {standard_task_runner.py:97} ERROR - Failed to execute job 453 for task load_jsonlines (join() argument must be str or bytes, not 'NoneType'; 42112)
[2022-10-19 18:39:49,258] {local_task_job.py:156} INFO - Task exited with return code 1
[2022-10-19 18:39:49,319] {local_task_job.py:273} INFO - 0 downstream tasks scheduled from follow-on schedule check
