[2022-10-25T00:37:58.574+0000] {processor.py:156} INFO - Started process (PID=4525) to work on /opt/airflow/dags/hadoop-2.7.3/share/hadoop/mapreduce/lib/junit-4.11.jar
[2022-10-25T00:37:58.577+0000] {processor.py:758} INFO - Processing file /opt/airflow/dags/hadoop-2.7.3/share/hadoop/mapreduce/lib/junit-4.11.jar for tasks to queue
[2022-10-25T00:37:58.581+0000] {logging_mixin.py:117} INFO - [2022-10-25T00:37:58.580+0000] {dagbag.py:525} INFO - Filling up the DagBag from /opt/airflow/dags/hadoop-2.7.3/share/hadoop/mapreduce/lib/junit-4.11.jar
[2022-10-25T00:37:58.606+0000] {processor.py:770} WARNING - No viable dags retrieved from /opt/airflow/dags/hadoop-2.7.3/share/hadoop/mapreduce/lib/junit-4.11.jar
[2022-10-25T00:37:58.656+0000] {processor.py:178} INFO - Processing /opt/airflow/dags/hadoop-2.7.3/share/hadoop/mapreduce/lib/junit-4.11.jar took 0.089 seconds
[2022-10-25T00:38:27.233+0000] {processor.py:156} INFO - Started process (PID=2547) to work on /opt/airflow/dags/hadoop-2.7.3/share/hadoop/mapreduce/lib/junit-4.11.jar
[2022-10-25T00:38:27.243+0000] {processor.py:758} INFO - Processing file /opt/airflow/dags/hadoop-2.7.3/share/hadoop/mapreduce/lib/junit-4.11.jar for tasks to queue
[2022-10-25T00:38:27.254+0000] {logging_mixin.py:117} INFO - [2022-10-25T00:38:27.254+0000] {dagbag.py:525} INFO - Filling up the DagBag from /opt/airflow/dags/hadoop-2.7.3/share/hadoop/mapreduce/lib/junit-4.11.jar
[2022-10-25T00:38:27.275+0000] {processor.py:770} WARNING - No viable dags retrieved from /opt/airflow/dags/hadoop-2.7.3/share/hadoop/mapreduce/lib/junit-4.11.jar
[2022-10-25T00:38:27.315+0000] {processor.py:178} INFO - Processing /opt/airflow/dags/hadoop-2.7.3/share/hadoop/mapreduce/lib/junit-4.11.jar took 0.094 seconds
[2022-10-25T00:38:37.070+0000] {processor.py:156} INFO - Started process (PID=5041) to work on /opt/airflow/dags/hadoop-2.7.3/share/hadoop/mapreduce/lib/junit-4.11.jar
[2022-10-25T00:38:37.075+0000] {processor.py:758} INFO - Processing file /opt/airflow/dags/hadoop-2.7.3/share/hadoop/mapreduce/lib/junit-4.11.jar for tasks to queue
[2022-10-25T00:38:37.079+0000] {logging_mixin.py:117} INFO - [2022-10-25T00:38:37.079+0000] {dagbag.py:525} INFO - Filling up the DagBag from /opt/airflow/dags/hadoop-2.7.3/share/hadoop/mapreduce/lib/junit-4.11.jar
[2022-10-25T00:38:37.107+0000] {processor.py:770} WARNING - No viable dags retrieved from /opt/airflow/dags/hadoop-2.7.3/share/hadoop/mapreduce/lib/junit-4.11.jar
[2022-10-25T00:38:37.165+0000] {processor.py:178} INFO - Processing /opt/airflow/dags/hadoop-2.7.3/share/hadoop/mapreduce/lib/junit-4.11.jar took 0.103 seconds
[2022-10-25T00:39:05.532+0000] {processor.py:156} INFO - Started process (PID=3062) to work on /opt/airflow/dags/hadoop-2.7.3/share/hadoop/mapreduce/lib/junit-4.11.jar
[2022-10-25T00:39:05.537+0000] {processor.py:758} INFO - Processing file /opt/airflow/dags/hadoop-2.7.3/share/hadoop/mapreduce/lib/junit-4.11.jar for tasks to queue
[2022-10-25T00:39:05.540+0000] {logging_mixin.py:117} INFO - [2022-10-25T00:39:05.540+0000] {dagbag.py:525} INFO - Filling up the DagBag from /opt/airflow/dags/hadoop-2.7.3/share/hadoop/mapreduce/lib/junit-4.11.jar
[2022-10-25T00:39:05.559+0000] {processor.py:770} WARNING - No viable dags retrieved from /opt/airflow/dags/hadoop-2.7.3/share/hadoop/mapreduce/lib/junit-4.11.jar
[2022-10-25T00:39:05.594+0000] {processor.py:178} INFO - Processing /opt/airflow/dags/hadoop-2.7.3/share/hadoop/mapreduce/lib/junit-4.11.jar took 0.071 seconds
[2022-10-25T00:39:17.430+0000] {processor.py:156} INFO - Started process (PID=5556) to work on /opt/airflow/dags/hadoop-2.7.3/share/hadoop/mapreduce/lib/junit-4.11.jar
[2022-10-25T00:39:17.434+0000] {processor.py:758} INFO - Processing file /opt/airflow/dags/hadoop-2.7.3/share/hadoop/mapreduce/lib/junit-4.11.jar for tasks to queue
[2022-10-25T00:39:17.437+0000] {logging_mixin.py:117} INFO - [2022-10-25T00:39:17.436+0000] {dagbag.py:525} INFO - Filling up the DagBag from /opt/airflow/dags/hadoop-2.7.3/share/hadoop/mapreduce/lib/junit-4.11.jar
[2022-10-25T00:39:17.452+0000] {processor.py:770} WARNING - No viable dags retrieved from /opt/airflow/dags/hadoop-2.7.3/share/hadoop/mapreduce/lib/junit-4.11.jar
[2022-10-25T00:39:17.494+0000] {processor.py:178} INFO - Processing /opt/airflow/dags/hadoop-2.7.3/share/hadoop/mapreduce/lib/junit-4.11.jar took 0.078 seconds
[2022-10-25T00:39:47.621+0000] {processor.py:156} INFO - Started process (PID=3579) to work on /opt/airflow/dags/hadoop-2.7.3/share/hadoop/mapreduce/lib/junit-4.11.jar
[2022-10-25T00:39:47.693+0000] {processor.py:758} INFO - Processing file /opt/airflow/dags/hadoop-2.7.3/share/hadoop/mapreduce/lib/junit-4.11.jar for tasks to queue
[2022-10-25T00:39:47.701+0000] {logging_mixin.py:117} INFO - [2022-10-25T00:39:47.701+0000] {dagbag.py:525} INFO - Filling up the DagBag from /opt/airflow/dags/hadoop-2.7.3/share/hadoop/mapreduce/lib/junit-4.11.jar
[2022-10-25T00:39:47.717+0000] {processor.py:770} WARNING - No viable dags retrieved from /opt/airflow/dags/hadoop-2.7.3/share/hadoop/mapreduce/lib/junit-4.11.jar
[2022-10-25T00:39:47.754+0000] {processor.py:178} INFO - Processing /opt/airflow/dags/hadoop-2.7.3/share/hadoop/mapreduce/lib/junit-4.11.jar took 0.151 seconds
[2022-10-25T00:53:00.378+0000] {processor.py:156} INFO - Started process (PID=6140) to work on /opt/airflow/dags/hadoop-2.7.3/share/hadoop/mapreduce/lib/junit-4.11.jar
[2022-10-25T00:53:00.380+0000] {processor.py:758} INFO - Processing file /opt/airflow/dags/hadoop-2.7.3/share/hadoop/mapreduce/lib/junit-4.11.jar for tasks to queue
[2022-10-25T00:53:00.383+0000] {logging_mixin.py:117} INFO - [2022-10-25T00:53:00.382+0000] {dagbag.py:525} INFO - Filling up the DagBag from /opt/airflow/dags/hadoop-2.7.3/share/hadoop/mapreduce/lib/junit-4.11.jar
[2022-10-25T00:53:00.395+0000] {processor.py:770} WARNING - No viable dags retrieved from /opt/airflow/dags/hadoop-2.7.3/share/hadoop/mapreduce/lib/junit-4.11.jar
[2022-10-25T00:53:00.431+0000] {processor.py:178} INFO - Processing /opt/airflow/dags/hadoop-2.7.3/share/hadoop/mapreduce/lib/junit-4.11.jar took 0.060 seconds
[2022-10-25T00:53:21.806+0000] {processor.py:156} INFO - Started process (PID=4061) to work on /opt/airflow/dags/hadoop-2.7.3/share/hadoop/mapreduce/lib/junit-4.11.jar
[2022-10-25T00:53:21.811+0000] {processor.py:758} INFO - Processing file /opt/airflow/dags/hadoop-2.7.3/share/hadoop/mapreduce/lib/junit-4.11.jar for tasks to queue
[2022-10-25T00:53:21.820+0000] {logging_mixin.py:117} INFO - [2022-10-25T00:53:21.819+0000] {dagbag.py:525} INFO - Filling up the DagBag from /opt/airflow/dags/hadoop-2.7.3/share/hadoop/mapreduce/lib/junit-4.11.jar
[2022-10-25T00:53:21.836+0000] {processor.py:770} WARNING - No viable dags retrieved from /opt/airflow/dags/hadoop-2.7.3/share/hadoop/mapreduce/lib/junit-4.11.jar
[2022-10-25T00:53:21.884+0000] {processor.py:178} INFO - Processing /opt/airflow/dags/hadoop-2.7.3/share/hadoop/mapreduce/lib/junit-4.11.jar took 0.084 seconds
[2022-10-25T00:53:42.532+0000] {processor.py:156} INFO - Started process (PID=6656) to work on /opt/airflow/dags/hadoop-2.7.3/share/hadoop/mapreduce/lib/junit-4.11.jar
[2022-10-25T00:53:42.534+0000] {processor.py:758} INFO - Processing file /opt/airflow/dags/hadoop-2.7.3/share/hadoop/mapreduce/lib/junit-4.11.jar for tasks to queue
[2022-10-25T00:53:42.537+0000] {logging_mixin.py:117} INFO - [2022-10-25T00:53:42.537+0000] {dagbag.py:525} INFO - Filling up the DagBag from /opt/airflow/dags/hadoop-2.7.3/share/hadoop/mapreduce/lib/junit-4.11.jar
[2022-10-25T00:53:42.558+0000] {processor.py:770} WARNING - No viable dags retrieved from /opt/airflow/dags/hadoop-2.7.3/share/hadoop/mapreduce/lib/junit-4.11.jar
[2022-10-25T00:53:42.603+0000] {processor.py:178} INFO - Processing /opt/airflow/dags/hadoop-2.7.3/share/hadoop/mapreduce/lib/junit-4.11.jar took 0.080 seconds
[2022-10-25T00:54:02.110+0000] {processor.py:156} INFO - Started process (PID=4576) to work on /opt/airflow/dags/hadoop-2.7.3/share/hadoop/mapreduce/lib/junit-4.11.jar
[2022-10-25T00:54:02.113+0000] {processor.py:758} INFO - Processing file /opt/airflow/dags/hadoop-2.7.3/share/hadoop/mapreduce/lib/junit-4.11.jar for tasks to queue
[2022-10-25T00:54:02.117+0000] {logging_mixin.py:117} INFO - [2022-10-25T00:54:02.116+0000] {dagbag.py:525} INFO - Filling up the DagBag from /opt/airflow/dags/hadoop-2.7.3/share/hadoop/mapreduce/lib/junit-4.11.jar
[2022-10-25T00:54:02.128+0000] {processor.py:770} WARNING - No viable dags retrieved from /opt/airflow/dags/hadoop-2.7.3/share/hadoop/mapreduce/lib/junit-4.11.jar
[2022-10-25T00:54:02.166+0000] {processor.py:178} INFO - Processing /opt/airflow/dags/hadoop-2.7.3/share/hadoop/mapreduce/lib/junit-4.11.jar took 0.063 seconds
[2022-10-25T00:54:26.758+0000] {processor.py:156} INFO - Started process (PID=7190) to work on /opt/airflow/dags/hadoop-2.7.3/share/hadoop/mapreduce/lib/junit-4.11.jar
[2022-10-25T00:54:26.762+0000] {processor.py:758} INFO - Processing file /opt/airflow/dags/hadoop-2.7.3/share/hadoop/mapreduce/lib/junit-4.11.jar for tasks to queue
[2022-10-25T00:54:26.765+0000] {logging_mixin.py:117} INFO - [2022-10-25T00:54:26.764+0000] {dagbag.py:525} INFO - Filling up the DagBag from /opt/airflow/dags/hadoop-2.7.3/share/hadoop/mapreduce/lib/junit-4.11.jar
[2022-10-25T00:54:26.784+0000] {processor.py:770} WARNING - No viable dags retrieved from /opt/airflow/dags/hadoop-2.7.3/share/hadoop/mapreduce/lib/junit-4.11.jar
[2022-10-25T00:54:26.884+0000] {processor.py:178} INFO - Processing /opt/airflow/dags/hadoop-2.7.3/share/hadoop/mapreduce/lib/junit-4.11.jar took 0.150 seconds
[2022-10-25T00:54:52.343+0000] {processor.py:156} INFO - Started process (PID=5105) to work on /opt/airflow/dags/hadoop-2.7.3/share/hadoop/mapreduce/lib/junit-4.11.jar
[2022-10-25T00:54:52.347+0000] {processor.py:758} INFO - Processing file /opt/airflow/dags/hadoop-2.7.3/share/hadoop/mapreduce/lib/junit-4.11.jar for tasks to queue
[2022-10-25T00:54:52.359+0000] {logging_mixin.py:117} INFO - [2022-10-25T00:54:52.355+0000] {dagbag.py:525} INFO - Filling up the DagBag from /opt/airflow/dags/hadoop-2.7.3/share/hadoop/mapreduce/lib/junit-4.11.jar
[2022-10-25T00:54:52.391+0000] {processor.py:770} WARNING - No viable dags retrieved from /opt/airflow/dags/hadoop-2.7.3/share/hadoop/mapreduce/lib/junit-4.11.jar
[2022-10-25T00:54:52.437+0000] {processor.py:178} INFO - Processing /opt/airflow/dags/hadoop-2.7.3/share/hadoop/mapreduce/lib/junit-4.11.jar took 0.103 seconds
[2022-10-25T00:56:06.828+0000] {processor.py:156} INFO - Started process (PID=7874) to work on /opt/airflow/dags/hadoop-2.7.3/share/hadoop/mapreduce/lib/junit-4.11.jar
[2022-10-25T00:56:06.833+0000] {processor.py:758} INFO - Processing file /opt/airflow/dags/hadoop-2.7.3/share/hadoop/mapreduce/lib/junit-4.11.jar for tasks to queue
[2022-10-25T00:56:06.839+0000] {logging_mixin.py:117} INFO - [2022-10-25T00:56:06.838+0000] {dagbag.py:525} INFO - Filling up the DagBag from /opt/airflow/dags/hadoop-2.7.3/share/hadoop/mapreduce/lib/junit-4.11.jar
[2022-10-25T00:56:06.869+0000] {processor.py:770} WARNING - No viable dags retrieved from /opt/airflow/dags/hadoop-2.7.3/share/hadoop/mapreduce/lib/junit-4.11.jar
[2022-10-25T00:56:06.935+0000] {processor.py:178} INFO - Processing /opt/airflow/dags/hadoop-2.7.3/share/hadoop/mapreduce/lib/junit-4.11.jar took 0.119 seconds
[2022-10-25T00:56:37.836+0000] {processor.py:156} INFO - Started process (PID=5765) to work on /opt/airflow/dags/hadoop-2.7.3/share/hadoop/mapreduce/lib/junit-4.11.jar
[2022-10-25T00:56:37.848+0000] {processor.py:758} INFO - Processing file /opt/airflow/dags/hadoop-2.7.3/share/hadoop/mapreduce/lib/junit-4.11.jar for tasks to queue
[2022-10-25T00:56:37.861+0000] {logging_mixin.py:117} INFO - [2022-10-25T00:56:37.861+0000] {dagbag.py:525} INFO - Filling up the DagBag from /opt/airflow/dags/hadoop-2.7.3/share/hadoop/mapreduce/lib/junit-4.11.jar
[2022-10-25T00:56:37.881+0000] {processor.py:770} WARNING - No viable dags retrieved from /opt/airflow/dags/hadoop-2.7.3/share/hadoop/mapreduce/lib/junit-4.11.jar
[2022-10-25T00:56:37.946+0000] {processor.py:178} INFO - Processing /opt/airflow/dags/hadoop-2.7.3/share/hadoop/mapreduce/lib/junit-4.11.jar took 0.126 seconds
[2022-10-25T14:08:53.569+0000] {processor.py:156} INFO - Started process (PID=18873) to work on /opt/airflow/dags/hadoop-2.7.3/share/hadoop/mapreduce/lib/junit-4.11.jar
[2022-10-25T14:08:53.572+0000] {processor.py:758} INFO - Processing file /opt/airflow/dags/hadoop-2.7.3/share/hadoop/mapreduce/lib/junit-4.11.jar for tasks to queue
[2022-10-25T14:08:53.574+0000] {logging_mixin.py:117} INFO - [2022-10-25T14:08:53.574+0000] {dagbag.py:525} INFO - Filling up the DagBag from /opt/airflow/dags/hadoop-2.7.3/share/hadoop/mapreduce/lib/junit-4.11.jar
[2022-10-25T14:08:53.588+0000] {processor.py:770} WARNING - No viable dags retrieved from /opt/airflow/dags/hadoop-2.7.3/share/hadoop/mapreduce/lib/junit-4.11.jar
[2022-10-25T14:08:53.621+0000] {processor.py:178} INFO - Processing /opt/airflow/dags/hadoop-2.7.3/share/hadoop/mapreduce/lib/junit-4.11.jar took 0.060 seconds
[2022-10-25T14:09:10.033+0000] {processor.py:156} INFO - Started process (PID=17786) to work on /opt/airflow/dags/hadoop-2.7.3/share/hadoop/mapreduce/lib/junit-4.11.jar
[2022-10-25T14:09:10.035+0000] {processor.py:758} INFO - Processing file /opt/airflow/dags/hadoop-2.7.3/share/hadoop/mapreduce/lib/junit-4.11.jar for tasks to queue
[2022-10-25T14:09:10.038+0000] {logging_mixin.py:117} INFO - [2022-10-25T14:09:10.038+0000] {dagbag.py:525} INFO - Filling up the DagBag from /opt/airflow/dags/hadoop-2.7.3/share/hadoop/mapreduce/lib/junit-4.11.jar
[2022-10-25T14:09:10.055+0000] {processor.py:770} WARNING - No viable dags retrieved from /opt/airflow/dags/hadoop-2.7.3/share/hadoop/mapreduce/lib/junit-4.11.jar
[2022-10-25T14:09:10.100+0000] {processor.py:178} INFO - Processing /opt/airflow/dags/hadoop-2.7.3/share/hadoop/mapreduce/lib/junit-4.11.jar took 0.076 seconds
[2022-10-25T14:09:39.519+0000] {processor.py:156} INFO - Started process (PID=19397) to work on /opt/airflow/dags/hadoop-2.7.3/share/hadoop/mapreduce/lib/junit-4.11.jar
[2022-10-25T14:09:39.522+0000] {processor.py:758} INFO - Processing file /opt/airflow/dags/hadoop-2.7.3/share/hadoop/mapreduce/lib/junit-4.11.jar for tasks to queue
[2022-10-25T14:09:39.525+0000] {logging_mixin.py:117} INFO - [2022-10-25T14:09:39.525+0000] {dagbag.py:525} INFO - Filling up the DagBag from /opt/airflow/dags/hadoop-2.7.3/share/hadoop/mapreduce/lib/junit-4.11.jar
[2022-10-25T14:09:39.541+0000] {processor.py:770} WARNING - No viable dags retrieved from /opt/airflow/dags/hadoop-2.7.3/share/hadoop/mapreduce/lib/junit-4.11.jar
[2022-10-25T14:09:39.598+0000] {processor.py:178} INFO - Processing /opt/airflow/dags/hadoop-2.7.3/share/hadoop/mapreduce/lib/junit-4.11.jar took 0.086 seconds
[2022-10-25T14:09:53.805+0000] {processor.py:156} INFO - Started process (PID=18307) to work on /opt/airflow/dags/hadoop-2.7.3/share/hadoop/mapreduce/lib/junit-4.11.jar
[2022-10-25T14:09:53.808+0000] {processor.py:758} INFO - Processing file /opt/airflow/dags/hadoop-2.7.3/share/hadoop/mapreduce/lib/junit-4.11.jar for tasks to queue
[2022-10-25T14:09:53.810+0000] {logging_mixin.py:117} INFO - [2022-10-25T14:09:53.810+0000] {dagbag.py:525} INFO - Filling up the DagBag from /opt/airflow/dags/hadoop-2.7.3/share/hadoop/mapreduce/lib/junit-4.11.jar
[2022-10-25T14:09:53.825+0000] {processor.py:770} WARNING - No viable dags retrieved from /opt/airflow/dags/hadoop-2.7.3/share/hadoop/mapreduce/lib/junit-4.11.jar
[2022-10-25T14:09:53.875+0000] {processor.py:178} INFO - Processing /opt/airflow/dags/hadoop-2.7.3/share/hadoop/mapreduce/lib/junit-4.11.jar took 0.079 seconds
[2022-10-25T14:10:22.316+0000] {processor.py:156} INFO - Started process (PID=19918) to work on /opt/airflow/dags/hadoop-2.7.3/share/hadoop/mapreduce/lib/junit-4.11.jar
[2022-10-25T14:10:22.318+0000] {processor.py:758} INFO - Processing file /opt/airflow/dags/hadoop-2.7.3/share/hadoop/mapreduce/lib/junit-4.11.jar for tasks to queue
[2022-10-25T14:10:22.321+0000] {logging_mixin.py:117} INFO - [2022-10-25T14:10:22.321+0000] {dagbag.py:525} INFO - Filling up the DagBag from /opt/airflow/dags/hadoop-2.7.3/share/hadoop/mapreduce/lib/junit-4.11.jar
[2022-10-25T14:10:22.343+0000] {processor.py:770} WARNING - No viable dags retrieved from /opt/airflow/dags/hadoop-2.7.3/share/hadoop/mapreduce/lib/junit-4.11.jar
[2022-10-25T14:10:22.385+0000] {processor.py:178} INFO - Processing /opt/airflow/dags/hadoop-2.7.3/share/hadoop/mapreduce/lib/junit-4.11.jar took 0.081 seconds
[2022-10-25T14:10:37.500+0000] {processor.py:156} INFO - Started process (PID=18824) to work on /opt/airflow/dags/hadoop-2.7.3/share/hadoop/mapreduce/lib/junit-4.11.jar
[2022-10-25T14:10:37.503+0000] {processor.py:758} INFO - Processing file /opt/airflow/dags/hadoop-2.7.3/share/hadoop/mapreduce/lib/junit-4.11.jar for tasks to queue
[2022-10-25T14:10:37.505+0000] {logging_mixin.py:117} INFO - [2022-10-25T14:10:37.505+0000] {dagbag.py:525} INFO - Filling up the DagBag from /opt/airflow/dags/hadoop-2.7.3/share/hadoop/mapreduce/lib/junit-4.11.jar
[2022-10-25T14:10:37.526+0000] {processor.py:770} WARNING - No viable dags retrieved from /opt/airflow/dags/hadoop-2.7.3/share/hadoop/mapreduce/lib/junit-4.11.jar
[2022-10-25T14:10:37.574+0000] {processor.py:178} INFO - Processing /opt/airflow/dags/hadoop-2.7.3/share/hadoop/mapreduce/lib/junit-4.11.jar took 0.085 seconds
[2022-10-25T14:11:04.893+0000] {processor.py:156} INFO - Started process (PID=20434) to work on /opt/airflow/dags/hadoop-2.7.3/share/hadoop/mapreduce/lib/junit-4.11.jar
[2022-10-25T14:11:04.897+0000] {processor.py:758} INFO - Processing file /opt/airflow/dags/hadoop-2.7.3/share/hadoop/mapreduce/lib/junit-4.11.jar for tasks to queue
[2022-10-25T14:11:04.900+0000] {logging_mixin.py:117} INFO - [2022-10-25T14:11:04.899+0000] {dagbag.py:525} INFO - Filling up the DagBag from /opt/airflow/dags/hadoop-2.7.3/share/hadoop/mapreduce/lib/junit-4.11.jar
[2022-10-25T14:11:04.920+0000] {processor.py:770} WARNING - No viable dags retrieved from /opt/airflow/dags/hadoop-2.7.3/share/hadoop/mapreduce/lib/junit-4.11.jar
[2022-10-25T14:11:04.970+0000] {processor.py:178} INFO - Processing /opt/airflow/dags/hadoop-2.7.3/share/hadoop/mapreduce/lib/junit-4.11.jar took 0.086 seconds
[2022-10-25T14:11:19.372+0000] {processor.py:156} INFO - Started process (PID=19339) to work on /opt/airflow/dags/hadoop-2.7.3/share/hadoop/mapreduce/lib/junit-4.11.jar
[2022-10-25T14:11:19.380+0000] {processor.py:758} INFO - Processing file /opt/airflow/dags/hadoop-2.7.3/share/hadoop/mapreduce/lib/junit-4.11.jar for tasks to queue
[2022-10-25T14:11:19.388+0000] {logging_mixin.py:117} INFO - [2022-10-25T14:11:19.387+0000] {dagbag.py:525} INFO - Filling up the DagBag from /opt/airflow/dags/hadoop-2.7.3/share/hadoop/mapreduce/lib/junit-4.11.jar
[2022-10-25T14:11:19.407+0000] {processor.py:770} WARNING - No viable dags retrieved from /opt/airflow/dags/hadoop-2.7.3/share/hadoop/mapreduce/lib/junit-4.11.jar
[2022-10-25T14:11:19.461+0000] {processor.py:178} INFO - Processing /opt/airflow/dags/hadoop-2.7.3/share/hadoop/mapreduce/lib/junit-4.11.jar took 0.121 seconds
[2022-10-25T14:11:50.419+0000] {processor.py:156} INFO - Started process (PID=20993) to work on /opt/airflow/dags/hadoop-2.7.3/share/hadoop/mapreduce/lib/junit-4.11.jar
[2022-10-25T14:11:50.421+0000] {processor.py:758} INFO - Processing file /opt/airflow/dags/hadoop-2.7.3/share/hadoop/mapreduce/lib/junit-4.11.jar for tasks to queue
[2022-10-25T14:11:50.424+0000] {logging_mixin.py:117} INFO - [2022-10-25T14:11:50.423+0000] {dagbag.py:525} INFO - Filling up the DagBag from /opt/airflow/dags/hadoop-2.7.3/share/hadoop/mapreduce/lib/junit-4.11.jar
[2022-10-25T14:11:50.444+0000] {processor.py:770} WARNING - No viable dags retrieved from /opt/airflow/dags/hadoop-2.7.3/share/hadoop/mapreduce/lib/junit-4.11.jar
[2022-10-25T14:11:50.484+0000] {processor.py:178} INFO - Processing /opt/airflow/dags/hadoop-2.7.3/share/hadoop/mapreduce/lib/junit-4.11.jar took 0.073 seconds
[2022-10-25T14:12:11.678+0000] {processor.py:156} INFO - Started process (PID=19929) to work on /opt/airflow/dags/hadoop-2.7.3/share/hadoop/mapreduce/lib/junit-4.11.jar
[2022-10-25T14:12:11.681+0000] {processor.py:758} INFO - Processing file /opt/airflow/dags/hadoop-2.7.3/share/hadoop/mapreduce/lib/junit-4.11.jar for tasks to queue
[2022-10-25T14:12:11.683+0000] {logging_mixin.py:117} INFO - [2022-10-25T14:12:11.683+0000] {dagbag.py:525} INFO - Filling up the DagBag from /opt/airflow/dags/hadoop-2.7.3/share/hadoop/mapreduce/lib/junit-4.11.jar
[2022-10-25T14:12:11.699+0000] {processor.py:770} WARNING - No viable dags retrieved from /opt/airflow/dags/hadoop-2.7.3/share/hadoop/mapreduce/lib/junit-4.11.jar
[2022-10-25T14:12:11.742+0000] {processor.py:178} INFO - Processing /opt/airflow/dags/hadoop-2.7.3/share/hadoop/mapreduce/lib/junit-4.11.jar took 0.077 seconds
[2022-10-25T14:12:54.697+0000] {processor.py:156} INFO - Started process (PID=20440) to work on /opt/airflow/dags/hadoop-2.7.3/share/hadoop/mapreduce/lib/junit-4.11.jar
[2022-10-25T14:12:54.701+0000] {processor.py:758} INFO - Processing file /opt/airflow/dags/hadoop-2.7.3/share/hadoop/mapreduce/lib/junit-4.11.jar for tasks to queue
[2022-10-25T14:12:54.704+0000] {logging_mixin.py:117} INFO - [2022-10-25T14:12:54.703+0000] {dagbag.py:525} INFO - Filling up the DagBag from /opt/airflow/dags/hadoop-2.7.3/share/hadoop/mapreduce/lib/junit-4.11.jar
[2022-10-25T14:12:54.715+0000] {processor.py:770} WARNING - No viable dags retrieved from /opt/airflow/dags/hadoop-2.7.3/share/hadoop/mapreduce/lib/junit-4.11.jar
[2022-10-25T14:12:54.757+0000] {processor.py:178} INFO - Processing /opt/airflow/dags/hadoop-2.7.3/share/hadoop/mapreduce/lib/junit-4.11.jar took 0.070 seconds
[2022-10-25T14:13:18.135+0000] {processor.py:156} INFO - Started process (PID=21538) to work on /opt/airflow/dags/hadoop-2.7.3/share/hadoop/mapreduce/lib/junit-4.11.jar
[2022-10-25T14:13:18.138+0000] {processor.py:758} INFO - Processing file /opt/airflow/dags/hadoop-2.7.3/share/hadoop/mapreduce/lib/junit-4.11.jar for tasks to queue
[2022-10-25T14:13:18.150+0000] {logging_mixin.py:117} INFO - [2022-10-25T14:13:18.146+0000] {dagbag.py:525} INFO - Filling up the DagBag from /opt/airflow/dags/hadoop-2.7.3/share/hadoop/mapreduce/lib/junit-4.11.jar
[2022-10-25T14:13:18.178+0000] {processor.py:770} WARNING - No viable dags retrieved from /opt/airflow/dags/hadoop-2.7.3/share/hadoop/mapreduce/lib/junit-4.11.jar
[2022-10-25T14:13:18.223+0000] {processor.py:178} INFO - Processing /opt/airflow/dags/hadoop-2.7.3/share/hadoop/mapreduce/lib/junit-4.11.jar took 0.099 seconds
[2022-10-25T14:14:01.242+0000] {processor.py:156} INFO - Started process (PID=22090) to work on /opt/airflow/dags/hadoop-2.7.3/share/hadoop/mapreduce/lib/junit-4.11.jar
[2022-10-25T14:14:01.250+0000] {processor.py:758} INFO - Processing file /opt/airflow/dags/hadoop-2.7.3/share/hadoop/mapreduce/lib/junit-4.11.jar for tasks to queue
[2022-10-25T14:14:01.254+0000] {logging_mixin.py:117} INFO - [2022-10-25T14:14:01.254+0000] {dagbag.py:525} INFO - Filling up the DagBag from /opt/airflow/dags/hadoop-2.7.3/share/hadoop/mapreduce/lib/junit-4.11.jar
[2022-10-25T14:14:01.274+0000] {processor.py:770} WARNING - No viable dags retrieved from /opt/airflow/dags/hadoop-2.7.3/share/hadoop/mapreduce/lib/junit-4.11.jar
[2022-10-25T14:14:01.333+0000] {processor.py:178} INFO - Processing /opt/airflow/dags/hadoop-2.7.3/share/hadoop/mapreduce/lib/junit-4.11.jar took 0.099 seconds
[2022-10-25T14:14:09.276+0000] {processor.py:156} INFO - Started process (PID=20846) to work on /opt/airflow/dags/hadoop-2.7.3/share/hadoop/mapreduce/lib/junit-4.11.jar
[2022-10-25T14:14:09.279+0000] {processor.py:758} INFO - Processing file /opt/airflow/dags/hadoop-2.7.3/share/hadoop/mapreduce/lib/junit-4.11.jar for tasks to queue
[2022-10-25T14:14:09.282+0000] {logging_mixin.py:117} INFO - [2022-10-25T14:14:09.282+0000] {dagbag.py:525} INFO - Filling up the DagBag from /opt/airflow/dags/hadoop-2.7.3/share/hadoop/mapreduce/lib/junit-4.11.jar
[2022-10-25T14:14:09.300+0000] {processor.py:770} WARNING - No viable dags retrieved from /opt/airflow/dags/hadoop-2.7.3/share/hadoop/mapreduce/lib/junit-4.11.jar
[2022-10-25T14:14:09.343+0000] {processor.py:178} INFO - Processing /opt/airflow/dags/hadoop-2.7.3/share/hadoop/mapreduce/lib/junit-4.11.jar took 0.085 seconds
[2022-10-25T14:14:53.331+0000] {processor.py:156} INFO - Started process (PID=22645) to work on /opt/airflow/dags/hadoop-2.7.3/share/hadoop/mapreduce/lib/junit-4.11.jar
[2022-10-25T14:14:53.334+0000] {processor.py:758} INFO - Processing file /opt/airflow/dags/hadoop-2.7.3/share/hadoop/mapreduce/lib/junit-4.11.jar for tasks to queue
[2022-10-25T14:14:53.338+0000] {logging_mixin.py:117} INFO - [2022-10-25T14:14:53.337+0000] {dagbag.py:525} INFO - Filling up the DagBag from /opt/airflow/dags/hadoop-2.7.3/share/hadoop/mapreduce/lib/junit-4.11.jar
[2022-10-25T14:14:53.365+0000] {processor.py:770} WARNING - No viable dags retrieved from /opt/airflow/dags/hadoop-2.7.3/share/hadoop/mapreduce/lib/junit-4.11.jar
[2022-10-25T14:14:53.428+0000] {processor.py:178} INFO - Processing /opt/airflow/dags/hadoop-2.7.3/share/hadoop/mapreduce/lib/junit-4.11.jar took 0.105 seconds
[2022-10-25T14:14:54.058+0000] {processor.py:156} INFO - Started process (PID=21359) to work on /opt/airflow/dags/hadoop-2.7.3/share/hadoop/mapreduce/lib/junit-4.11.jar
[2022-10-25T14:14:54.061+0000] {processor.py:758} INFO - Processing file /opt/airflow/dags/hadoop-2.7.3/share/hadoop/mapreduce/lib/junit-4.11.jar for tasks to queue
[2022-10-25T14:14:54.064+0000] {logging_mixin.py:117} INFO - [2022-10-25T14:14:54.064+0000] {dagbag.py:525} INFO - Filling up the DagBag from /opt/airflow/dags/hadoop-2.7.3/share/hadoop/mapreduce/lib/junit-4.11.jar
[2022-10-25T14:14:54.080+0000] {processor.py:770} WARNING - No viable dags retrieved from /opt/airflow/dags/hadoop-2.7.3/share/hadoop/mapreduce/lib/junit-4.11.jar
[2022-10-25T14:14:54.118+0000] {processor.py:178} INFO - Processing /opt/airflow/dags/hadoop-2.7.3/share/hadoop/mapreduce/lib/junit-4.11.jar took 0.069 seconds
[2022-10-25T14:15:57.232+0000] {processor.py:156} INFO - Started process (PID=21902) to work on /opt/airflow/dags/hadoop-2.7.3/share/hadoop/mapreduce/lib/junit-4.11.jar
[2022-10-25T14:15:57.236+0000] {processor.py:758} INFO - Processing file /opt/airflow/dags/hadoop-2.7.3/share/hadoop/mapreduce/lib/junit-4.11.jar for tasks to queue
[2022-10-25T14:15:57.241+0000] {logging_mixin.py:117} INFO - [2022-10-25T14:15:57.241+0000] {dagbag.py:525} INFO - Filling up the DagBag from /opt/airflow/dags/hadoop-2.7.3/share/hadoop/mapreduce/lib/junit-4.11.jar
[2022-10-25T14:15:57.255+0000] {processor.py:770} WARNING - No viable dags retrieved from /opt/airflow/dags/hadoop-2.7.3/share/hadoop/mapreduce/lib/junit-4.11.jar
[2022-10-25T14:15:57.299+0000] {processor.py:178} INFO - Processing /opt/airflow/dags/hadoop-2.7.3/share/hadoop/mapreduce/lib/junit-4.11.jar took 0.077 seconds
[2022-10-25T14:16:09.073+0000] {processor.py:156} INFO - Started process (PID=23351) to work on /opt/airflow/dags/hadoop-2.7.3/share/hadoop/mapreduce/lib/junit-4.11.jar
[2022-10-25T14:16:09.076+0000] {processor.py:758} INFO - Processing file /opt/airflow/dags/hadoop-2.7.3/share/hadoop/mapreduce/lib/junit-4.11.jar for tasks to queue
[2022-10-25T14:16:09.079+0000] {logging_mixin.py:117} INFO - [2022-10-25T14:16:09.079+0000] {dagbag.py:525} INFO - Filling up the DagBag from /opt/airflow/dags/hadoop-2.7.3/share/hadoop/mapreduce/lib/junit-4.11.jar
[2022-10-25T14:16:09.097+0000] {processor.py:770} WARNING - No viable dags retrieved from /opt/airflow/dags/hadoop-2.7.3/share/hadoop/mapreduce/lib/junit-4.11.jar
[2022-10-25T14:16:09.134+0000] {processor.py:178} INFO - Processing /opt/airflow/dags/hadoop-2.7.3/share/hadoop/mapreduce/lib/junit-4.11.jar took 0.072 seconds
[2022-10-25T14:16:49.268+0000] {processor.py:156} INFO - Started process (PID=22415) to work on /opt/airflow/dags/hadoop-2.7.3/share/hadoop/mapreduce/lib/junit-4.11.jar
[2022-10-25T14:16:49.274+0000] {processor.py:758} INFO - Processing file /opt/airflow/dags/hadoop-2.7.3/share/hadoop/mapreduce/lib/junit-4.11.jar for tasks to queue
[2022-10-25T14:16:49.289+0000] {logging_mixin.py:117} INFO - [2022-10-25T14:16:49.289+0000] {dagbag.py:525} INFO - Filling up the DagBag from /opt/airflow/dags/hadoop-2.7.3/share/hadoop/mapreduce/lib/junit-4.11.jar
[2022-10-25T14:16:49.319+0000] {processor.py:770} WARNING - No viable dags retrieved from /opt/airflow/dags/hadoop-2.7.3/share/hadoop/mapreduce/lib/junit-4.11.jar
[2022-10-25T14:16:49.378+0000] {processor.py:178} INFO - Processing /opt/airflow/dags/hadoop-2.7.3/share/hadoop/mapreduce/lib/junit-4.11.jar took 0.123 seconds
[2022-10-25T14:17:15.425+0000] {processor.py:156} INFO - Started process (PID=23977) to work on /opt/airflow/dags/hadoop-2.7.3/share/hadoop/mapreduce/lib/junit-4.11.jar
[2022-10-25T14:17:15.433+0000] {processor.py:758} INFO - Processing file /opt/airflow/dags/hadoop-2.7.3/share/hadoop/mapreduce/lib/junit-4.11.jar for tasks to queue
[2022-10-25T14:17:15.436+0000] {logging_mixin.py:117} INFO - [2022-10-25T14:17:15.435+0000] {dagbag.py:525} INFO - Filling up the DagBag from /opt/airflow/dags/hadoop-2.7.3/share/hadoop/mapreduce/lib/junit-4.11.jar
[2022-10-25T14:17:15.454+0000] {processor.py:770} WARNING - No viable dags retrieved from /opt/airflow/dags/hadoop-2.7.3/share/hadoop/mapreduce/lib/junit-4.11.jar
[2022-10-25T14:17:15.495+0000] {processor.py:178} INFO - Processing /opt/airflow/dags/hadoop-2.7.3/share/hadoop/mapreduce/lib/junit-4.11.jar took 0.081 seconds
[2022-10-25T14:17:54.198+0000] {processor.py:156} INFO - Started process (PID=23051) to work on /opt/airflow/dags/hadoop-2.7.3/share/hadoop/mapreduce/lib/junit-4.11.jar
[2022-10-25T14:17:54.203+0000] {processor.py:758} INFO - Processing file /opt/airflow/dags/hadoop-2.7.3/share/hadoop/mapreduce/lib/junit-4.11.jar for tasks to queue
[2022-10-25T14:17:54.206+0000] {logging_mixin.py:117} INFO - [2022-10-25T14:17:54.206+0000] {dagbag.py:525} INFO - Filling up the DagBag from /opt/airflow/dags/hadoop-2.7.3/share/hadoop/mapreduce/lib/junit-4.11.jar
[2022-10-25T14:17:54.220+0000] {processor.py:770} WARNING - No viable dags retrieved from /opt/airflow/dags/hadoop-2.7.3/share/hadoop/mapreduce/lib/junit-4.11.jar
[2022-10-25T14:17:54.257+0000] {processor.py:178} INFO - Processing /opt/airflow/dags/hadoop-2.7.3/share/hadoop/mapreduce/lib/junit-4.11.jar took 0.072 seconds
