[2022-10-25T00:38:10.730+0000] {processor.py:156} INFO - Started process (PID=4691) to work on /opt/airflow/dags/hadoop-2.7.3/share/hadoop/yarn/lib/jersey-json-1.9.jar
[2022-10-25T00:38:10.732+0000] {processor.py:758} INFO - Processing file /opt/airflow/dags/hadoop-2.7.3/share/hadoop/yarn/lib/jersey-json-1.9.jar for tasks to queue
[2022-10-25T00:38:10.735+0000] {logging_mixin.py:117} INFO - [2022-10-25T00:38:10.734+0000] {dagbag.py:525} INFO - Filling up the DagBag from /opt/airflow/dags/hadoop-2.7.3/share/hadoop/yarn/lib/jersey-json-1.9.jar
[2022-10-25T00:38:10.746+0000] {processor.py:770} WARNING - No viable dags retrieved from /opt/airflow/dags/hadoop-2.7.3/share/hadoop/yarn/lib/jersey-json-1.9.jar
[2022-10-25T00:38:10.805+0000] {processor.py:178} INFO - Processing /opt/airflow/dags/hadoop-2.7.3/share/hadoop/yarn/lib/jersey-json-1.9.jar took 0.094 seconds
[2022-10-25T00:38:38.746+0000] {processor.py:156} INFO - Started process (PID=2711) to work on /opt/airflow/dags/hadoop-2.7.3/share/hadoop/yarn/lib/jersey-json-1.9.jar
[2022-10-25T00:38:38.749+0000] {processor.py:758} INFO - Processing file /opt/airflow/dags/hadoop-2.7.3/share/hadoop/yarn/lib/jersey-json-1.9.jar for tasks to queue
[2022-10-25T00:38:38.754+0000] {logging_mixin.py:117} INFO - [2022-10-25T00:38:38.753+0000] {dagbag.py:525} INFO - Filling up the DagBag from /opt/airflow/dags/hadoop-2.7.3/share/hadoop/yarn/lib/jersey-json-1.9.jar
[2022-10-25T00:38:38.766+0000] {processor.py:770} WARNING - No viable dags retrieved from /opt/airflow/dags/hadoop-2.7.3/share/hadoop/yarn/lib/jersey-json-1.9.jar
[2022-10-25T00:38:38.798+0000] {processor.py:178} INFO - Processing /opt/airflow/dags/hadoop-2.7.3/share/hadoop/yarn/lib/jersey-json-1.9.jar took 0.061 seconds
[2022-10-25T00:38:49.585+0000] {processor.py:156} INFO - Started process (PID=5207) to work on /opt/airflow/dags/hadoop-2.7.3/share/hadoop/yarn/lib/jersey-json-1.9.jar
[2022-10-25T00:38:49.589+0000] {processor.py:758} INFO - Processing file /opt/airflow/dags/hadoop-2.7.3/share/hadoop/yarn/lib/jersey-json-1.9.jar for tasks to queue
[2022-10-25T00:38:49.591+0000] {logging_mixin.py:117} INFO - [2022-10-25T00:38:49.591+0000] {dagbag.py:525} INFO - Filling up the DagBag from /opt/airflow/dags/hadoop-2.7.3/share/hadoop/yarn/lib/jersey-json-1.9.jar
[2022-10-25T00:38:49.606+0000] {processor.py:770} WARNING - No viable dags retrieved from /opt/airflow/dags/hadoop-2.7.3/share/hadoop/yarn/lib/jersey-json-1.9.jar
[2022-10-25T00:38:49.646+0000] {processor.py:178} INFO - Processing /opt/airflow/dags/hadoop-2.7.3/share/hadoop/yarn/lib/jersey-json-1.9.jar took 0.075 seconds
[2022-10-25T00:39:21.001+0000] {processor.py:156} INFO - Started process (PID=3260) to work on /opt/airflow/dags/hadoop-2.7.3/share/hadoop/yarn/lib/jersey-json-1.9.jar
[2022-10-25T00:39:21.003+0000] {processor.py:758} INFO - Processing file /opt/airflow/dags/hadoop-2.7.3/share/hadoop/yarn/lib/jersey-json-1.9.jar for tasks to queue
[2022-10-25T00:39:21.011+0000] {logging_mixin.py:117} INFO - [2022-10-25T00:39:21.010+0000] {dagbag.py:525} INFO - Filling up the DagBag from /opt/airflow/dags/hadoop-2.7.3/share/hadoop/yarn/lib/jersey-json-1.9.jar
[2022-10-25T00:39:21.025+0000] {processor.py:770} WARNING - No viable dags retrieved from /opt/airflow/dags/hadoop-2.7.3/share/hadoop/yarn/lib/jersey-json-1.9.jar
[2022-10-25T00:39:21.071+0000] {processor.py:178} INFO - Processing /opt/airflow/dags/hadoop-2.7.3/share/hadoop/yarn/lib/jersey-json-1.9.jar took 0.077 seconds
[2022-10-25T00:39:30.094+0000] {processor.py:156} INFO - Started process (PID=5722) to work on /opt/airflow/dags/hadoop-2.7.3/share/hadoop/yarn/lib/jersey-json-1.9.jar
[2022-10-25T00:39:30.098+0000] {processor.py:758} INFO - Processing file /opt/airflow/dags/hadoop-2.7.3/share/hadoop/yarn/lib/jersey-json-1.9.jar for tasks to queue
[2022-10-25T00:39:30.101+0000] {logging_mixin.py:117} INFO - [2022-10-25T00:39:30.100+0000] {dagbag.py:525} INFO - Filling up the DagBag from /opt/airflow/dags/hadoop-2.7.3/share/hadoop/yarn/lib/jersey-json-1.9.jar
[2022-10-25T00:39:30.114+0000] {processor.py:770} WARNING - No viable dags retrieved from /opt/airflow/dags/hadoop-2.7.3/share/hadoop/yarn/lib/jersey-json-1.9.jar
[2022-10-25T00:39:30.162+0000] {processor.py:178} INFO - Processing /opt/airflow/dags/hadoop-2.7.3/share/hadoop/yarn/lib/jersey-json-1.9.jar took 0.077 seconds
[2022-10-25T00:53:13.459+0000] {processor.py:156} INFO - Started process (PID=6306) to work on /opt/airflow/dags/hadoop-2.7.3/share/hadoop/yarn/lib/jersey-json-1.9.jar
[2022-10-25T00:53:13.462+0000] {processor.py:758} INFO - Processing file /opt/airflow/dags/hadoop-2.7.3/share/hadoop/yarn/lib/jersey-json-1.9.jar for tasks to queue
[2022-10-25T00:53:13.464+0000] {logging_mixin.py:117} INFO - [2022-10-25T00:53:13.464+0000] {dagbag.py:525} INFO - Filling up the DagBag from /opt/airflow/dags/hadoop-2.7.3/share/hadoop/yarn/lib/jersey-json-1.9.jar
[2022-10-25T00:53:13.473+0000] {processor.py:770} WARNING - No viable dags retrieved from /opt/airflow/dags/hadoop-2.7.3/share/hadoop/yarn/lib/jersey-json-1.9.jar
[2022-10-25T00:53:13.536+0000] {processor.py:178} INFO - Processing /opt/airflow/dags/hadoop-2.7.3/share/hadoop/yarn/lib/jersey-json-1.9.jar took 0.084 seconds
[2022-10-25T00:53:32.714+0000] {processor.py:156} INFO - Started process (PID=4195) to work on /opt/airflow/dags/hadoop-2.7.3/share/hadoop/yarn/lib/jersey-json-1.9.jar
[2022-10-25T00:53:32.717+0000] {processor.py:758} INFO - Processing file /opt/airflow/dags/hadoop-2.7.3/share/hadoop/yarn/lib/jersey-json-1.9.jar for tasks to queue
[2022-10-25T00:53:32.726+0000] {logging_mixin.py:117} INFO - [2022-10-25T00:53:32.726+0000] {dagbag.py:525} INFO - Filling up the DagBag from /opt/airflow/dags/hadoop-2.7.3/share/hadoop/yarn/lib/jersey-json-1.9.jar
[2022-10-25T00:53:32.740+0000] {processor.py:770} WARNING - No viable dags retrieved from /opt/airflow/dags/hadoop-2.7.3/share/hadoop/yarn/lib/jersey-json-1.9.jar
[2022-10-25T00:53:32.778+0000] {processor.py:178} INFO - Processing /opt/airflow/dags/hadoop-2.7.3/share/hadoop/yarn/lib/jersey-json-1.9.jar took 0.075 seconds
[2022-10-25T00:53:59.397+0000] {processor.py:156} INFO - Started process (PID=6874) to work on /opt/airflow/dags/hadoop-2.7.3/share/hadoop/yarn/lib/jersey-json-1.9.jar
[2022-10-25T00:53:59.400+0000] {processor.py:758} INFO - Processing file /opt/airflow/dags/hadoop-2.7.3/share/hadoop/yarn/lib/jersey-json-1.9.jar for tasks to queue
[2022-10-25T00:53:59.402+0000] {logging_mixin.py:117} INFO - [2022-10-25T00:53:59.401+0000] {dagbag.py:525} INFO - Filling up the DagBag from /opt/airflow/dags/hadoop-2.7.3/share/hadoop/yarn/lib/jersey-json-1.9.jar
[2022-10-25T00:53:59.409+0000] {processor.py:770} WARNING - No viable dags retrieved from /opt/airflow/dags/hadoop-2.7.3/share/hadoop/yarn/lib/jersey-json-1.9.jar
[2022-10-25T00:53:59.445+0000] {processor.py:178} INFO - Processing /opt/airflow/dags/hadoop-2.7.3/share/hadoop/yarn/lib/jersey-json-1.9.jar took 0.056 seconds
[2022-10-25T00:54:12.755+0000] {processor.py:156} INFO - Started process (PID=4717) to work on /opt/airflow/dags/hadoop-2.7.3/share/hadoop/yarn/lib/jersey-json-1.9.jar
[2022-10-25T00:54:12.757+0000] {processor.py:758} INFO - Processing file /opt/airflow/dags/hadoop-2.7.3/share/hadoop/yarn/lib/jersey-json-1.9.jar for tasks to queue
[2022-10-25T00:54:12.762+0000] {logging_mixin.py:117} INFO - [2022-10-25T00:54:12.761+0000] {dagbag.py:525} INFO - Filling up the DagBag from /opt/airflow/dags/hadoop-2.7.3/share/hadoop/yarn/lib/jersey-json-1.9.jar
[2022-10-25T00:54:12.775+0000] {processor.py:770} WARNING - No viable dags retrieved from /opt/airflow/dags/hadoop-2.7.3/share/hadoop/yarn/lib/jersey-json-1.9.jar
[2022-10-25T00:54:12.825+0000] {processor.py:178} INFO - Processing /opt/airflow/dags/hadoop-2.7.3/share/hadoop/yarn/lib/jersey-json-1.9.jar took 0.079 seconds
[2022-10-25T00:54:54.775+0000] {processor.py:156} INFO - Started process (PID=7462) to work on /opt/airflow/dags/hadoop-2.7.3/share/hadoop/yarn/lib/jersey-json-1.9.jar
[2022-10-25T00:54:54.780+0000] {processor.py:758} INFO - Processing file /opt/airflow/dags/hadoop-2.7.3/share/hadoop/yarn/lib/jersey-json-1.9.jar for tasks to queue
[2022-10-25T00:54:54.784+0000] {logging_mixin.py:117} INFO - [2022-10-25T00:54:54.783+0000] {dagbag.py:525} INFO - Filling up the DagBag from /opt/airflow/dags/hadoop-2.7.3/share/hadoop/yarn/lib/jersey-json-1.9.jar
[2022-10-25T00:54:54.800+0000] {processor.py:770} WARNING - No viable dags retrieved from /opt/airflow/dags/hadoop-2.7.3/share/hadoop/yarn/lib/jersey-json-1.9.jar
[2022-10-25T00:54:54.848+0000] {processor.py:178} INFO - Processing /opt/airflow/dags/hadoop-2.7.3/share/hadoop/yarn/lib/jersey-json-1.9.jar took 0.082 seconds
[2022-10-25T00:55:10.058+0000] {processor.py:156} INFO - Started process (PID=5241) to work on /opt/airflow/dags/hadoop-2.7.3/share/hadoop/yarn/lib/jersey-json-1.9.jar
[2022-10-25T00:55:10.076+0000] {processor.py:758} INFO - Processing file /opt/airflow/dags/hadoop-2.7.3/share/hadoop/yarn/lib/jersey-json-1.9.jar for tasks to queue
[2022-10-25T00:55:10.128+0000] {logging_mixin.py:117} INFO - [2022-10-25T00:55:10.127+0000] {dagbag.py:525} INFO - Filling up the DagBag from /opt/airflow/dags/hadoop-2.7.3/share/hadoop/yarn/lib/jersey-json-1.9.jar
[2022-10-25T00:55:10.207+0000] {processor.py:770} WARNING - No viable dags retrieved from /opt/airflow/dags/hadoop-2.7.3/share/hadoop/yarn/lib/jersey-json-1.9.jar
[2022-10-25T00:55:10.432+0000] {processor.py:178} INFO - Processing /opt/airflow/dags/hadoop-2.7.3/share/hadoop/yarn/lib/jersey-json-1.9.jar took 0.402 seconds
[2022-10-25T00:56:35.203+0000] {processor.py:156} INFO - Started process (PID=8039) to work on /opt/airflow/dags/hadoop-2.7.3/share/hadoop/yarn/lib/jersey-json-1.9.jar
[2022-10-25T00:56:35.209+0000] {processor.py:758} INFO - Processing file /opt/airflow/dags/hadoop-2.7.3/share/hadoop/yarn/lib/jersey-json-1.9.jar for tasks to queue
[2022-10-25T00:56:35.216+0000] {logging_mixin.py:117} INFO - [2022-10-25T00:56:35.214+0000] {dagbag.py:525} INFO - Filling up the DagBag from /opt/airflow/dags/hadoop-2.7.3/share/hadoop/yarn/lib/jersey-json-1.9.jar
[2022-10-25T00:56:35.254+0000] {processor.py:770} WARNING - No viable dags retrieved from /opt/airflow/dags/hadoop-2.7.3/share/hadoop/yarn/lib/jersey-json-1.9.jar
[2022-10-25T00:56:35.371+0000] {processor.py:178} INFO - Processing /opt/airflow/dags/hadoop-2.7.3/share/hadoop/yarn/lib/jersey-json-1.9.jar took 0.187 seconds
[2022-10-25T00:56:58.744+0000] {processor.py:156} INFO - Started process (PID=5907) to work on /opt/airflow/dags/hadoop-2.7.3/share/hadoop/yarn/lib/jersey-json-1.9.jar
[2022-10-25T00:56:58.753+0000] {processor.py:758} INFO - Processing file /opt/airflow/dags/hadoop-2.7.3/share/hadoop/yarn/lib/jersey-json-1.9.jar for tasks to queue
[2022-10-25T00:56:58.761+0000] {logging_mixin.py:117} INFO - [2022-10-25T00:56:58.761+0000] {dagbag.py:525} INFO - Filling up the DagBag from /opt/airflow/dags/hadoop-2.7.3/share/hadoop/yarn/lib/jersey-json-1.9.jar
[2022-10-25T00:56:58.780+0000] {processor.py:770} WARNING - No viable dags retrieved from /opt/airflow/dags/hadoop-2.7.3/share/hadoop/yarn/lib/jersey-json-1.9.jar
[2022-10-25T00:56:58.860+0000] {processor.py:178} INFO - Processing /opt/airflow/dags/hadoop-2.7.3/share/hadoop/yarn/lib/jersey-json-1.9.jar took 0.131 seconds
[2022-10-25T14:09:08.645+0000] {processor.py:156} INFO - Started process (PID=19044) to work on /opt/airflow/dags/hadoop-2.7.3/share/hadoop/yarn/lib/jersey-json-1.9.jar
[2022-10-25T14:09:08.649+0000] {processor.py:758} INFO - Processing file /opt/airflow/dags/hadoop-2.7.3/share/hadoop/yarn/lib/jersey-json-1.9.jar for tasks to queue
[2022-10-25T14:09:08.652+0000] {logging_mixin.py:117} INFO - [2022-10-25T14:09:08.652+0000] {dagbag.py:525} INFO - Filling up the DagBag from /opt/airflow/dags/hadoop-2.7.3/share/hadoop/yarn/lib/jersey-json-1.9.jar
[2022-10-25T14:09:08.667+0000] {processor.py:770} WARNING - No viable dags retrieved from /opt/airflow/dags/hadoop-2.7.3/share/hadoop/yarn/lib/jersey-json-1.9.jar
[2022-10-25T14:09:08.720+0000] {processor.py:178} INFO - Processing /opt/airflow/dags/hadoop-2.7.3/share/hadoop/yarn/lib/jersey-json-1.9.jar took 0.083 seconds
[2022-10-25T14:09:26.314+0000] {processor.py:156} INFO - Started process (PID=17953) to work on /opt/airflow/dags/hadoop-2.7.3/share/hadoop/yarn/lib/jersey-json-1.9.jar
[2022-10-25T14:09:26.318+0000] {processor.py:758} INFO - Processing file /opt/airflow/dags/hadoop-2.7.3/share/hadoop/yarn/lib/jersey-json-1.9.jar for tasks to queue
[2022-10-25T14:09:26.320+0000] {logging_mixin.py:117} INFO - [2022-10-25T14:09:26.320+0000] {dagbag.py:525} INFO - Filling up the DagBag from /opt/airflow/dags/hadoop-2.7.3/share/hadoop/yarn/lib/jersey-json-1.9.jar
[2022-10-25T14:09:26.329+0000] {processor.py:770} WARNING - No viable dags retrieved from /opt/airflow/dags/hadoop-2.7.3/share/hadoop/yarn/lib/jersey-json-1.9.jar
[2022-10-25T14:09:26.375+0000] {processor.py:178} INFO - Processing /opt/airflow/dags/hadoop-2.7.3/share/hadoop/yarn/lib/jersey-json-1.9.jar took 0.072 seconds
[2022-10-25T14:09:52.790+0000] {processor.py:156} INFO - Started process (PID=19566) to work on /opt/airflow/dags/hadoop-2.7.3/share/hadoop/yarn/lib/jersey-json-1.9.jar
[2022-10-25T14:09:52.799+0000] {processor.py:758} INFO - Processing file /opt/airflow/dags/hadoop-2.7.3/share/hadoop/yarn/lib/jersey-json-1.9.jar for tasks to queue
[2022-10-25T14:09:52.805+0000] {logging_mixin.py:117} INFO - [2022-10-25T14:09:52.805+0000] {dagbag.py:525} INFO - Filling up the DagBag from /opt/airflow/dags/hadoop-2.7.3/share/hadoop/yarn/lib/jersey-json-1.9.jar
[2022-10-25T14:09:52.820+0000] {processor.py:770} WARNING - No viable dags retrieved from /opt/airflow/dags/hadoop-2.7.3/share/hadoop/yarn/lib/jersey-json-1.9.jar
[2022-10-25T14:09:52.961+0000] {processor.py:178} INFO - Processing /opt/airflow/dags/hadoop-2.7.3/share/hadoop/yarn/lib/jersey-json-1.9.jar took 0.179 seconds
[2022-10-25T14:10:06.640+0000] {processor.py:156} INFO - Started process (PID=18466) to work on /opt/airflow/dags/hadoop-2.7.3/share/hadoop/yarn/lib/jersey-json-1.9.jar
[2022-10-25T14:10:06.642+0000] {processor.py:758} INFO - Processing file /opt/airflow/dags/hadoop-2.7.3/share/hadoop/yarn/lib/jersey-json-1.9.jar for tasks to queue
[2022-10-25T14:10:06.644+0000] {logging_mixin.py:117} INFO - [2022-10-25T14:10:06.644+0000] {dagbag.py:525} INFO - Filling up the DagBag from /opt/airflow/dags/hadoop-2.7.3/share/hadoop/yarn/lib/jersey-json-1.9.jar
[2022-10-25T14:10:06.655+0000] {processor.py:770} WARNING - No viable dags retrieved from /opt/airflow/dags/hadoop-2.7.3/share/hadoop/yarn/lib/jersey-json-1.9.jar
[2022-10-25T14:10:06.697+0000] {processor.py:178} INFO - Processing /opt/airflow/dags/hadoop-2.7.3/share/hadoop/yarn/lib/jersey-json-1.9.jar took 0.069 seconds
[2022-10-25T14:10:41.074+0000] {processor.py:156} INFO - Started process (PID=20125) to work on /opt/airflow/dags/hadoop-2.7.3/share/hadoop/yarn/lib/jersey-json-1.9.jar
[2022-10-25T14:10:41.081+0000] {processor.py:758} INFO - Processing file /opt/airflow/dags/hadoop-2.7.3/share/hadoop/yarn/lib/jersey-json-1.9.jar for tasks to queue
[2022-10-25T14:10:41.084+0000] {logging_mixin.py:117} INFO - [2022-10-25T14:10:41.084+0000] {dagbag.py:525} INFO - Filling up the DagBag from /opt/airflow/dags/hadoop-2.7.3/share/hadoop/yarn/lib/jersey-json-1.9.jar
[2022-10-25T14:10:41.094+0000] {processor.py:770} WARNING - No viable dags retrieved from /opt/airflow/dags/hadoop-2.7.3/share/hadoop/yarn/lib/jersey-json-1.9.jar
[2022-10-25T14:10:41.134+0000] {processor.py:178} INFO - Processing /opt/airflow/dags/hadoop-2.7.3/share/hadoop/yarn/lib/jersey-json-1.9.jar took 0.067 seconds
[2022-10-25T14:11:00.081+0000] {processor.py:156} INFO - Started process (PID=19087) to work on /opt/airflow/dags/hadoop-2.7.3/share/hadoop/yarn/lib/jersey-json-1.9.jar
[2022-10-25T14:11:00.084+0000] {processor.py:758} INFO - Processing file /opt/airflow/dags/hadoop-2.7.3/share/hadoop/yarn/lib/jersey-json-1.9.jar for tasks to queue
[2022-10-25T14:11:00.086+0000] {logging_mixin.py:117} INFO - [2022-10-25T14:11:00.085+0000] {dagbag.py:525} INFO - Filling up the DagBag from /opt/airflow/dags/hadoop-2.7.3/share/hadoop/yarn/lib/jersey-json-1.9.jar
[2022-10-25T14:11:00.094+0000] {processor.py:770} WARNING - No viable dags retrieved from /opt/airflow/dags/hadoop-2.7.3/share/hadoop/yarn/lib/jersey-json-1.9.jar
[2022-10-25T14:11:00.122+0000] {processor.py:178} INFO - Processing /opt/airflow/dags/hadoop-2.7.3/share/hadoop/yarn/lib/jersey-json-1.9.jar took 0.049 seconds
[2022-10-25T14:11:27.553+0000] {processor.py:156} INFO - Started process (PID=20710) to work on /opt/airflow/dags/hadoop-2.7.3/share/hadoop/yarn/lib/jersey-json-1.9.jar
[2022-10-25T14:11:27.556+0000] {processor.py:758} INFO - Processing file /opt/airflow/dags/hadoop-2.7.3/share/hadoop/yarn/lib/jersey-json-1.9.jar for tasks to queue
[2022-10-25T14:11:27.559+0000] {logging_mixin.py:117} INFO - [2022-10-25T14:11:27.558+0000] {dagbag.py:525} INFO - Filling up the DagBag from /opt/airflow/dags/hadoop-2.7.3/share/hadoop/yarn/lib/jersey-json-1.9.jar
[2022-10-25T14:11:27.568+0000] {processor.py:770} WARNING - No viable dags retrieved from /opt/airflow/dags/hadoop-2.7.3/share/hadoop/yarn/lib/jersey-json-1.9.jar
[2022-10-25T14:11:27.619+0000] {processor.py:178} INFO - Processing /opt/airflow/dags/hadoop-2.7.3/share/hadoop/yarn/lib/jersey-json-1.9.jar took 0.075 seconds
[2022-10-25T14:11:47.549+0000] {processor.py:156} INFO - Started process (PID=19671) to work on /opt/airflow/dags/hadoop-2.7.3/share/hadoop/yarn/lib/jersey-json-1.9.jar
[2022-10-25T14:11:47.551+0000] {processor.py:758} INFO - Processing file /opt/airflow/dags/hadoop-2.7.3/share/hadoop/yarn/lib/jersey-json-1.9.jar for tasks to queue
[2022-10-25T14:11:47.553+0000] {logging_mixin.py:117} INFO - [2022-10-25T14:11:47.553+0000] {dagbag.py:525} INFO - Filling up the DagBag from /opt/airflow/dags/hadoop-2.7.3/share/hadoop/yarn/lib/jersey-json-1.9.jar
[2022-10-25T14:11:47.562+0000] {processor.py:770} WARNING - No viable dags retrieved from /opt/airflow/dags/hadoop-2.7.3/share/hadoop/yarn/lib/jersey-json-1.9.jar
[2022-10-25T14:11:47.610+0000] {processor.py:178} INFO - Processing /opt/airflow/dags/hadoop-2.7.3/share/hadoop/yarn/lib/jersey-json-1.9.jar took 0.069 seconds
[2022-10-25T14:12:20.849+0000] {processor.py:156} INFO - Started process (PID=21348) to work on /opt/airflow/dags/hadoop-2.7.3/share/hadoop/yarn/lib/jersey-json-1.9.jar
[2022-10-25T14:12:20.855+0000] {processor.py:758} INFO - Processing file /opt/airflow/dags/hadoop-2.7.3/share/hadoop/yarn/lib/jersey-json-1.9.jar for tasks to queue
[2022-10-25T14:12:20.857+0000] {logging_mixin.py:117} INFO - [2022-10-25T14:12:20.857+0000] {dagbag.py:525} INFO - Filling up the DagBag from /opt/airflow/dags/hadoop-2.7.3/share/hadoop/yarn/lib/jersey-json-1.9.jar
[2022-10-25T14:12:20.875+0000] {processor.py:770} WARNING - No viable dags retrieved from /opt/airflow/dags/hadoop-2.7.3/share/hadoop/yarn/lib/jersey-json-1.9.jar
[2022-10-25T14:12:20.930+0000] {processor.py:178} INFO - Processing /opt/airflow/dags/hadoop-2.7.3/share/hadoop/yarn/lib/jersey-json-1.9.jar took 0.086 seconds
[2022-10-25T14:12:44.487+0000] {processor.py:156} INFO - Started process (PID=20317) to work on /opt/airflow/dags/hadoop-2.7.3/share/hadoop/yarn/lib/jersey-json-1.9.jar
[2022-10-25T14:12:44.491+0000] {processor.py:758} INFO - Processing file /opt/airflow/dags/hadoop-2.7.3/share/hadoop/yarn/lib/jersey-json-1.9.jar for tasks to queue
[2022-10-25T14:12:44.500+0000] {logging_mixin.py:117} INFO - [2022-10-25T14:12:44.500+0000] {dagbag.py:525} INFO - Filling up the DagBag from /opt/airflow/dags/hadoop-2.7.3/share/hadoop/yarn/lib/jersey-json-1.9.jar
[2022-10-25T14:12:44.518+0000] {processor.py:770} WARNING - No viable dags retrieved from /opt/airflow/dags/hadoop-2.7.3/share/hadoop/yarn/lib/jersey-json-1.9.jar
[2022-10-25T14:12:44.554+0000] {processor.py:178} INFO - Processing /opt/airflow/dags/hadoop-2.7.3/share/hadoop/yarn/lib/jersey-json-1.9.jar took 0.078 seconds
[2022-10-25T14:13:43.576+0000] {processor.py:156} INFO - Started process (PID=21893) to work on /opt/airflow/dags/hadoop-2.7.3/share/hadoop/yarn/lib/jersey-json-1.9.jar
[2022-10-25T14:13:43.579+0000] {processor.py:758} INFO - Processing file /opt/airflow/dags/hadoop-2.7.3/share/hadoop/yarn/lib/jersey-json-1.9.jar for tasks to queue
[2022-10-25T14:13:43.580+0000] {logging_mixin.py:117} INFO - [2022-10-25T14:13:43.580+0000] {dagbag.py:525} INFO - Filling up the DagBag from /opt/airflow/dags/hadoop-2.7.3/share/hadoop/yarn/lib/jersey-json-1.9.jar
[2022-10-25T14:13:43.590+0000] {processor.py:770} WARNING - No viable dags retrieved from /opt/airflow/dags/hadoop-2.7.3/share/hadoop/yarn/lib/jersey-json-1.9.jar
[2022-10-25T14:13:43.629+0000] {processor.py:178} INFO - Processing /opt/airflow/dags/hadoop-2.7.3/share/hadoop/yarn/lib/jersey-json-1.9.jar took 0.059 seconds
[2022-10-25T14:14:19.597+0000] {processor.py:156} INFO - Started process (PID=20961) to work on /opt/airflow/dags/hadoop-2.7.3/share/hadoop/yarn/lib/jersey-json-1.9.jar
[2022-10-25T14:14:19.600+0000] {processor.py:758} INFO - Processing file /opt/airflow/dags/hadoop-2.7.3/share/hadoop/yarn/lib/jersey-json-1.9.jar for tasks to queue
[2022-10-25T14:14:19.603+0000] {logging_mixin.py:117} INFO - [2022-10-25T14:14:19.603+0000] {dagbag.py:525} INFO - Filling up the DagBag from /opt/airflow/dags/hadoop-2.7.3/share/hadoop/yarn/lib/jersey-json-1.9.jar
[2022-10-25T14:14:19.614+0000] {processor.py:770} WARNING - No viable dags retrieved from /opt/airflow/dags/hadoop-2.7.3/share/hadoop/yarn/lib/jersey-json-1.9.jar
[2022-10-25T14:14:19.652+0000] {processor.py:178} INFO - Processing /opt/airflow/dags/hadoop-2.7.3/share/hadoop/yarn/lib/jersey-json-1.9.jar took 0.063 seconds
[2022-10-25T14:14:36.722+0000] {processor.py:156} INFO - Started process (PID=22476) to work on /opt/airflow/dags/hadoop-2.7.3/share/hadoop/yarn/lib/jersey-json-1.9.jar
[2022-10-25T14:14:36.725+0000] {processor.py:758} INFO - Processing file /opt/airflow/dags/hadoop-2.7.3/share/hadoop/yarn/lib/jersey-json-1.9.jar for tasks to queue
[2022-10-25T14:14:36.727+0000] {logging_mixin.py:117} INFO - [2022-10-25T14:14:36.727+0000] {dagbag.py:525} INFO - Filling up the DagBag from /opt/airflow/dags/hadoop-2.7.3/share/hadoop/yarn/lib/jersey-json-1.9.jar
[2022-10-25T14:14:36.740+0000] {processor.py:770} WARNING - No viable dags retrieved from /opt/airflow/dags/hadoop-2.7.3/share/hadoop/yarn/lib/jersey-json-1.9.jar
[2022-10-25T14:14:36.788+0000] {processor.py:178} INFO - Processing /opt/airflow/dags/hadoop-2.7.3/share/hadoop/yarn/lib/jersey-json-1.9.jar took 0.075 seconds
[2022-10-25T14:15:08.266+0000] {processor.py:156} INFO - Started process (PID=21495) to work on /opt/airflow/dags/hadoop-2.7.3/share/hadoop/yarn/lib/jersey-json-1.9.jar
[2022-10-25T14:15:08.275+0000] {processor.py:758} INFO - Processing file /opt/airflow/dags/hadoop-2.7.3/share/hadoop/yarn/lib/jersey-json-1.9.jar for tasks to queue
[2022-10-25T14:15:08.278+0000] {logging_mixin.py:117} INFO - [2022-10-25T14:15:08.277+0000] {dagbag.py:525} INFO - Filling up the DagBag from /opt/airflow/dags/hadoop-2.7.3/share/hadoop/yarn/lib/jersey-json-1.9.jar
[2022-10-25T14:15:08.291+0000] {processor.py:770} WARNING - No viable dags retrieved from /opt/airflow/dags/hadoop-2.7.3/share/hadoop/yarn/lib/jersey-json-1.9.jar
[2022-10-25T14:15:08.347+0000] {processor.py:178} INFO - Processing /opt/airflow/dags/hadoop-2.7.3/share/hadoop/yarn/lib/jersey-json-1.9.jar took 0.092 seconds
[2022-10-25T14:15:46.053+0000] {processor.py:156} INFO - Started process (PID=23100) to work on /opt/airflow/dags/hadoop-2.7.3/share/hadoop/yarn/lib/jersey-json-1.9.jar
[2022-10-25T14:15:46.056+0000] {processor.py:758} INFO - Processing file /opt/airflow/dags/hadoop-2.7.3/share/hadoop/yarn/lib/jersey-json-1.9.jar for tasks to queue
[2022-10-25T14:15:46.059+0000] {logging_mixin.py:117} INFO - [2022-10-25T14:15:46.058+0000] {dagbag.py:525} INFO - Filling up the DagBag from /opt/airflow/dags/hadoop-2.7.3/share/hadoop/yarn/lib/jersey-json-1.9.jar
[2022-10-25T14:15:46.070+0000] {processor.py:770} WARNING - No viable dags retrieved from /opt/airflow/dags/hadoop-2.7.3/share/hadoop/yarn/lib/jersey-json-1.9.jar
[2022-10-25T14:15:46.127+0000] {processor.py:178} INFO - Processing /opt/airflow/dags/hadoop-2.7.3/share/hadoop/yarn/lib/jersey-json-1.9.jar took 0.083 seconds
[2022-10-25T14:16:07.453+0000] {processor.py:156} INFO - Started process (PID=22018) to work on /opt/airflow/dags/hadoop-2.7.3/share/hadoop/yarn/lib/jersey-json-1.9.jar
[2022-10-25T14:16:07.461+0000] {processor.py:758} INFO - Processing file /opt/airflow/dags/hadoop-2.7.3/share/hadoop/yarn/lib/jersey-json-1.9.jar for tasks to queue
[2022-10-25T14:16:07.466+0000] {logging_mixin.py:117} INFO - [2022-10-25T14:16:07.465+0000] {dagbag.py:525} INFO - Filling up the DagBag from /opt/airflow/dags/hadoop-2.7.3/share/hadoop/yarn/lib/jersey-json-1.9.jar
[2022-10-25T14:16:07.477+0000] {processor.py:770} WARNING - No viable dags retrieved from /opt/airflow/dags/hadoop-2.7.3/share/hadoop/yarn/lib/jersey-json-1.9.jar
[2022-10-25T14:16:07.530+0000] {processor.py:178} INFO - Processing /opt/airflow/dags/hadoop-2.7.3/share/hadoop/yarn/lib/jersey-json-1.9.jar took 0.090 seconds
[2022-10-25T14:16:53.447+0000] {processor.py:156} INFO - Started process (PID=23778) to work on /opt/airflow/dags/hadoop-2.7.3/share/hadoop/yarn/lib/jersey-json-1.9.jar
[2022-10-25T14:16:53.451+0000] {processor.py:758} INFO - Processing file /opt/airflow/dags/hadoop-2.7.3/share/hadoop/yarn/lib/jersey-json-1.9.jar for tasks to queue
[2022-10-25T14:16:53.455+0000] {logging_mixin.py:117} INFO - [2022-10-25T14:16:53.454+0000] {dagbag.py:525} INFO - Filling up the DagBag from /opt/airflow/dags/hadoop-2.7.3/share/hadoop/yarn/lib/jersey-json-1.9.jar
[2022-10-25T14:16:53.476+0000] {processor.py:770} WARNING - No viable dags retrieved from /opt/airflow/dags/hadoop-2.7.3/share/hadoop/yarn/lib/jersey-json-1.9.jar
[2022-10-25T14:16:53.518+0000] {processor.py:178} INFO - Processing /opt/airflow/dags/hadoop-2.7.3/share/hadoop/yarn/lib/jersey-json-1.9.jar took 0.079 seconds
[2022-10-25T14:17:14.817+0000] {processor.py:156} INFO - Started process (PID=22663) to work on /opt/airflow/dags/hadoop-2.7.3/share/hadoop/yarn/lib/jersey-json-1.9.jar
[2022-10-25T14:17:14.821+0000] {processor.py:758} INFO - Processing file /opt/airflow/dags/hadoop-2.7.3/share/hadoop/yarn/lib/jersey-json-1.9.jar for tasks to queue
[2022-10-25T14:17:14.824+0000] {logging_mixin.py:117} INFO - [2022-10-25T14:17:14.823+0000] {dagbag.py:525} INFO - Filling up the DagBag from /opt/airflow/dags/hadoop-2.7.3/share/hadoop/yarn/lib/jersey-json-1.9.jar
[2022-10-25T14:17:14.836+0000] {processor.py:770} WARNING - No viable dags retrieved from /opt/airflow/dags/hadoop-2.7.3/share/hadoop/yarn/lib/jersey-json-1.9.jar
[2022-10-25T14:17:14.901+0000] {processor.py:178} INFO - Processing /opt/airflow/dags/hadoop-2.7.3/share/hadoop/yarn/lib/jersey-json-1.9.jar took 0.093 seconds
