[2022-10-25T00:38:11.003+0000] {processor.py:156} INFO - Started process (PID=4693) to work on /opt/airflow/dags/hadoop-2.7.3/share/hadoop/yarn/lib/jettison-1.1.jar
[2022-10-25T00:38:11.009+0000] {processor.py:758} INFO - Processing file /opt/airflow/dags/hadoop-2.7.3/share/hadoop/yarn/lib/jettison-1.1.jar for tasks to queue
[2022-10-25T00:38:11.013+0000] {logging_mixin.py:117} INFO - [2022-10-25T00:38:11.012+0000] {dagbag.py:525} INFO - Filling up the DagBag from /opt/airflow/dags/hadoop-2.7.3/share/hadoop/yarn/lib/jettison-1.1.jar
[2022-10-25T00:38:11.026+0000] {processor.py:770} WARNING - No viable dags retrieved from /opt/airflow/dags/hadoop-2.7.3/share/hadoop/yarn/lib/jettison-1.1.jar
[2022-10-25T00:38:11.069+0000] {processor.py:178} INFO - Processing /opt/airflow/dags/hadoop-2.7.3/share/hadoop/yarn/lib/jettison-1.1.jar took 0.075 seconds
[2022-10-25T00:38:38.874+0000] {processor.py:156} INFO - Started process (PID=2713) to work on /opt/airflow/dags/hadoop-2.7.3/share/hadoop/yarn/lib/jettison-1.1.jar
[2022-10-25T00:38:38.877+0000] {processor.py:758} INFO - Processing file /opt/airflow/dags/hadoop-2.7.3/share/hadoop/yarn/lib/jettison-1.1.jar for tasks to queue
[2022-10-25T00:38:38.882+0000] {logging_mixin.py:117} INFO - [2022-10-25T00:38:38.882+0000] {dagbag.py:525} INFO - Filling up the DagBag from /opt/airflow/dags/hadoop-2.7.3/share/hadoop/yarn/lib/jettison-1.1.jar
[2022-10-25T00:38:38.892+0000] {processor.py:770} WARNING - No viable dags retrieved from /opt/airflow/dags/hadoop-2.7.3/share/hadoop/yarn/lib/jettison-1.1.jar
[2022-10-25T00:38:38.920+0000] {processor.py:178} INFO - Processing /opt/airflow/dags/hadoop-2.7.3/share/hadoop/yarn/lib/jettison-1.1.jar took 0.052 seconds
[2022-10-25T00:38:49.882+0000] {processor.py:156} INFO - Started process (PID=5209) to work on /opt/airflow/dags/hadoop-2.7.3/share/hadoop/yarn/lib/jettison-1.1.jar
[2022-10-25T00:38:49.891+0000] {processor.py:758} INFO - Processing file /opt/airflow/dags/hadoop-2.7.3/share/hadoop/yarn/lib/jettison-1.1.jar for tasks to queue
[2022-10-25T00:38:49.900+0000] {logging_mixin.py:117} INFO - [2022-10-25T00:38:49.900+0000] {dagbag.py:525} INFO - Filling up the DagBag from /opt/airflow/dags/hadoop-2.7.3/share/hadoop/yarn/lib/jettison-1.1.jar
[2022-10-25T00:38:49.916+0000] {processor.py:770} WARNING - No viable dags retrieved from /opt/airflow/dags/hadoop-2.7.3/share/hadoop/yarn/lib/jettison-1.1.jar
[2022-10-25T00:38:50.006+0000] {processor.py:178} INFO - Processing /opt/airflow/dags/hadoop-2.7.3/share/hadoop/yarn/lib/jettison-1.1.jar took 0.134 seconds
[2022-10-25T00:39:21.148+0000] {processor.py:156} INFO - Started process (PID=3262) to work on /opt/airflow/dags/hadoop-2.7.3/share/hadoop/yarn/lib/jettison-1.1.jar
[2022-10-25T00:39:21.155+0000] {processor.py:758} INFO - Processing file /opt/airflow/dags/hadoop-2.7.3/share/hadoop/yarn/lib/jettison-1.1.jar for tasks to queue
[2022-10-25T00:39:21.161+0000] {logging_mixin.py:117} INFO - [2022-10-25T00:39:21.160+0000] {dagbag.py:525} INFO - Filling up the DagBag from /opt/airflow/dags/hadoop-2.7.3/share/hadoop/yarn/lib/jettison-1.1.jar
[2022-10-25T00:39:21.176+0000] {processor.py:770} WARNING - No viable dags retrieved from /opt/airflow/dags/hadoop-2.7.3/share/hadoop/yarn/lib/jettison-1.1.jar
[2022-10-25T00:39:21.211+0000] {processor.py:178} INFO - Processing /opt/airflow/dags/hadoop-2.7.3/share/hadoop/yarn/lib/jettison-1.1.jar took 0.069 seconds
[2022-10-25T00:39:30.260+0000] {processor.py:156} INFO - Started process (PID=5724) to work on /opt/airflow/dags/hadoop-2.7.3/share/hadoop/yarn/lib/jettison-1.1.jar
[2022-10-25T00:39:30.263+0000] {processor.py:758} INFO - Processing file /opt/airflow/dags/hadoop-2.7.3/share/hadoop/yarn/lib/jettison-1.1.jar for tasks to queue
[2022-10-25T00:39:30.265+0000] {logging_mixin.py:117} INFO - [2022-10-25T00:39:30.265+0000] {dagbag.py:525} INFO - Filling up the DagBag from /opt/airflow/dags/hadoop-2.7.3/share/hadoop/yarn/lib/jettison-1.1.jar
[2022-10-25T00:39:30.272+0000] {processor.py:770} WARNING - No viable dags retrieved from /opt/airflow/dags/hadoop-2.7.3/share/hadoop/yarn/lib/jettison-1.1.jar
[2022-10-25T00:39:30.305+0000] {processor.py:178} INFO - Processing /opt/airflow/dags/hadoop-2.7.3/share/hadoop/yarn/lib/jettison-1.1.jar took 0.054 seconds
[2022-10-25T00:53:13.640+0000] {processor.py:156} INFO - Started process (PID=6308) to work on /opt/airflow/dags/hadoop-2.7.3/share/hadoop/yarn/lib/jettison-1.1.jar
[2022-10-25T00:53:13.646+0000] {processor.py:758} INFO - Processing file /opt/airflow/dags/hadoop-2.7.3/share/hadoop/yarn/lib/jettison-1.1.jar for tasks to queue
[2022-10-25T00:53:13.650+0000] {logging_mixin.py:117} INFO - [2022-10-25T00:53:13.650+0000] {dagbag.py:525} INFO - Filling up the DagBag from /opt/airflow/dags/hadoop-2.7.3/share/hadoop/yarn/lib/jettison-1.1.jar
[2022-10-25T00:53:13.665+0000] {processor.py:770} WARNING - No viable dags retrieved from /opt/airflow/dags/hadoop-2.7.3/share/hadoop/yarn/lib/jettison-1.1.jar
[2022-10-25T00:53:13.723+0000] {processor.py:178} INFO - Processing /opt/airflow/dags/hadoop-2.7.3/share/hadoop/yarn/lib/jettison-1.1.jar took 0.097 seconds
[2022-10-25T00:53:32.947+0000] {processor.py:156} INFO - Started process (PID=4197) to work on /opt/airflow/dags/hadoop-2.7.3/share/hadoop/yarn/lib/jettison-1.1.jar
[2022-10-25T00:53:32.951+0000] {processor.py:758} INFO - Processing file /opt/airflow/dags/hadoop-2.7.3/share/hadoop/yarn/lib/jettison-1.1.jar for tasks to queue
[2022-10-25T00:53:32.959+0000] {logging_mixin.py:117} INFO - [2022-10-25T00:53:32.959+0000] {dagbag.py:525} INFO - Filling up the DagBag from /opt/airflow/dags/hadoop-2.7.3/share/hadoop/yarn/lib/jettison-1.1.jar
[2022-10-25T00:53:32.969+0000] {processor.py:770} WARNING - No viable dags retrieved from /opt/airflow/dags/hadoop-2.7.3/share/hadoop/yarn/lib/jettison-1.1.jar
[2022-10-25T00:53:33.010+0000] {processor.py:178} INFO - Processing /opt/airflow/dags/hadoop-2.7.3/share/hadoop/yarn/lib/jettison-1.1.jar took 0.078 seconds
[2022-10-25T00:53:59.625+0000] {processor.py:156} INFO - Started process (PID=6876) to work on /opt/airflow/dags/hadoop-2.7.3/share/hadoop/yarn/lib/jettison-1.1.jar
[2022-10-25T00:53:59.628+0000] {processor.py:758} INFO - Processing file /opt/airflow/dags/hadoop-2.7.3/share/hadoop/yarn/lib/jettison-1.1.jar for tasks to queue
[2022-10-25T00:53:59.630+0000] {logging_mixin.py:117} INFO - [2022-10-25T00:53:59.630+0000] {dagbag.py:525} INFO - Filling up the DagBag from /opt/airflow/dags/hadoop-2.7.3/share/hadoop/yarn/lib/jettison-1.1.jar
[2022-10-25T00:53:59.641+0000] {processor.py:770} WARNING - No viable dags retrieved from /opt/airflow/dags/hadoop-2.7.3/share/hadoop/yarn/lib/jettison-1.1.jar
[2022-10-25T00:53:59.690+0000] {processor.py:178} INFO - Processing /opt/airflow/dags/hadoop-2.7.3/share/hadoop/yarn/lib/jettison-1.1.jar took 0.074 seconds
[2022-10-25T00:54:12.892+0000] {processor.py:156} INFO - Started process (PID=4719) to work on /opt/airflow/dags/hadoop-2.7.3/share/hadoop/yarn/lib/jettison-1.1.jar
[2022-10-25T00:54:12.898+0000] {processor.py:758} INFO - Processing file /opt/airflow/dags/hadoop-2.7.3/share/hadoop/yarn/lib/jettison-1.1.jar for tasks to queue
[2022-10-25T00:54:12.904+0000] {logging_mixin.py:117} INFO - [2022-10-25T00:54:12.904+0000] {dagbag.py:525} INFO - Filling up the DagBag from /opt/airflow/dags/hadoop-2.7.3/share/hadoop/yarn/lib/jettison-1.1.jar
[2022-10-25T00:54:12.917+0000] {processor.py:770} WARNING - No viable dags retrieved from /opt/airflow/dags/hadoop-2.7.3/share/hadoop/yarn/lib/jettison-1.1.jar
[2022-10-25T00:54:12.958+0000] {processor.py:178} INFO - Processing /opt/airflow/dags/hadoop-2.7.3/share/hadoop/yarn/lib/jettison-1.1.jar took 0.075 seconds
[2022-10-25T00:54:54.987+0000] {processor.py:156} INFO - Started process (PID=7464) to work on /opt/airflow/dags/hadoop-2.7.3/share/hadoop/yarn/lib/jettison-1.1.jar
[2022-10-25T00:54:54.992+0000] {processor.py:758} INFO - Processing file /opt/airflow/dags/hadoop-2.7.3/share/hadoop/yarn/lib/jettison-1.1.jar for tasks to queue
[2022-10-25T00:54:54.995+0000] {logging_mixin.py:117} INFO - [2022-10-25T00:54:54.995+0000] {dagbag.py:525} INFO - Filling up the DagBag from /opt/airflow/dags/hadoop-2.7.3/share/hadoop/yarn/lib/jettison-1.1.jar
[2022-10-25T00:54:55.010+0000] {processor.py:770} WARNING - No viable dags retrieved from /opt/airflow/dags/hadoop-2.7.3/share/hadoop/yarn/lib/jettison-1.1.jar
[2022-10-25T00:54:55.082+0000] {processor.py:178} INFO - Processing /opt/airflow/dags/hadoop-2.7.3/share/hadoop/yarn/lib/jettison-1.1.jar took 0.106 seconds
[2022-10-25T00:55:10.668+0000] {processor.py:156} INFO - Started process (PID=5248) to work on /opt/airflow/dags/hadoop-2.7.3/share/hadoop/yarn/lib/jettison-1.1.jar
[2022-10-25T00:55:10.678+0000] {processor.py:758} INFO - Processing file /opt/airflow/dags/hadoop-2.7.3/share/hadoop/yarn/lib/jettison-1.1.jar for tasks to queue
[2022-10-25T00:55:10.690+0000] {logging_mixin.py:117} INFO - [2022-10-25T00:55:10.690+0000] {dagbag.py:525} INFO - Filling up the DagBag from /opt/airflow/dags/hadoop-2.7.3/share/hadoop/yarn/lib/jettison-1.1.jar
[2022-10-25T00:55:10.714+0000] {processor.py:770} WARNING - No viable dags retrieved from /opt/airflow/dags/hadoop-2.7.3/share/hadoop/yarn/lib/jettison-1.1.jar
[2022-10-25T00:55:10.822+0000] {processor.py:178} INFO - Processing /opt/airflow/dags/hadoop-2.7.3/share/hadoop/yarn/lib/jettison-1.1.jar took 0.184 seconds
[2022-10-25T00:56:35.506+0000] {processor.py:156} INFO - Started process (PID=8041) to work on /opt/airflow/dags/hadoop-2.7.3/share/hadoop/yarn/lib/jettison-1.1.jar
[2022-10-25T00:56:35.514+0000] {processor.py:758} INFO - Processing file /opt/airflow/dags/hadoop-2.7.3/share/hadoop/yarn/lib/jettison-1.1.jar for tasks to queue
[2022-10-25T00:56:35.518+0000] {logging_mixin.py:117} INFO - [2022-10-25T00:56:35.518+0000] {dagbag.py:525} INFO - Filling up the DagBag from /opt/airflow/dags/hadoop-2.7.3/share/hadoop/yarn/lib/jettison-1.1.jar
[2022-10-25T00:56:35.531+0000] {processor.py:770} WARNING - No viable dags retrieved from /opt/airflow/dags/hadoop-2.7.3/share/hadoop/yarn/lib/jettison-1.1.jar
[2022-10-25T00:56:35.605+0000] {processor.py:178} INFO - Processing /opt/airflow/dags/hadoop-2.7.3/share/hadoop/yarn/lib/jettison-1.1.jar took 0.115 seconds
[2022-10-25T00:56:59.006+0000] {processor.py:156} INFO - Started process (PID=5909) to work on /opt/airflow/dags/hadoop-2.7.3/share/hadoop/yarn/lib/jettison-1.1.jar
[2022-10-25T00:56:59.011+0000] {processor.py:758} INFO - Processing file /opt/airflow/dags/hadoop-2.7.3/share/hadoop/yarn/lib/jettison-1.1.jar for tasks to queue
[2022-10-25T00:56:59.020+0000] {logging_mixin.py:117} INFO - [2022-10-25T00:56:59.020+0000] {dagbag.py:525} INFO - Filling up the DagBag from /opt/airflow/dags/hadoop-2.7.3/share/hadoop/yarn/lib/jettison-1.1.jar
[2022-10-25T00:56:59.033+0000] {processor.py:770} WARNING - No viable dags retrieved from /opt/airflow/dags/hadoop-2.7.3/share/hadoop/yarn/lib/jettison-1.1.jar
[2022-10-25T00:56:59.118+0000] {processor.py:178} INFO - Processing /opt/airflow/dags/hadoop-2.7.3/share/hadoop/yarn/lib/jettison-1.1.jar took 0.125 seconds
[2022-10-25T14:09:08.819+0000] {processor.py:156} INFO - Started process (PID=19046) to work on /opt/airflow/dags/hadoop-2.7.3/share/hadoop/yarn/lib/jettison-1.1.jar
[2022-10-25T14:09:08.825+0000] {processor.py:758} INFO - Processing file /opt/airflow/dags/hadoop-2.7.3/share/hadoop/yarn/lib/jettison-1.1.jar for tasks to queue
[2022-10-25T14:09:08.829+0000] {logging_mixin.py:117} INFO - [2022-10-25T14:09:08.829+0000] {dagbag.py:525} INFO - Filling up the DagBag from /opt/airflow/dags/hadoop-2.7.3/share/hadoop/yarn/lib/jettison-1.1.jar
[2022-10-25T14:09:08.840+0000] {processor.py:770} WARNING - No viable dags retrieved from /opt/airflow/dags/hadoop-2.7.3/share/hadoop/yarn/lib/jettison-1.1.jar
[2022-10-25T14:09:08.887+0000] {processor.py:178} INFO - Processing /opt/airflow/dags/hadoop-2.7.3/share/hadoop/yarn/lib/jettison-1.1.jar took 0.079 seconds
[2022-10-25T14:09:26.491+0000] {processor.py:156} INFO - Started process (PID=17955) to work on /opt/airflow/dags/hadoop-2.7.3/share/hadoop/yarn/lib/jettison-1.1.jar
[2022-10-25T14:09:26.498+0000] {processor.py:758} INFO - Processing file /opt/airflow/dags/hadoop-2.7.3/share/hadoop/yarn/lib/jettison-1.1.jar for tasks to queue
[2022-10-25T14:09:26.501+0000] {logging_mixin.py:117} INFO - [2022-10-25T14:09:26.501+0000] {dagbag.py:525} INFO - Filling up the DagBag from /opt/airflow/dags/hadoop-2.7.3/share/hadoop/yarn/lib/jettison-1.1.jar
[2022-10-25T14:09:26.524+0000] {processor.py:770} WARNING - No viable dags retrieved from /opt/airflow/dags/hadoop-2.7.3/share/hadoop/yarn/lib/jettison-1.1.jar
[2022-10-25T14:09:26.558+0000] {processor.py:178} INFO - Processing /opt/airflow/dags/hadoop-2.7.3/share/hadoop/yarn/lib/jettison-1.1.jar took 0.080 seconds
[2022-10-25T14:09:53.090+0000] {processor.py:156} INFO - Started process (PID=19568) to work on /opt/airflow/dags/hadoop-2.7.3/share/hadoop/yarn/lib/jettison-1.1.jar
[2022-10-25T14:09:53.098+0000] {processor.py:758} INFO - Processing file /opt/airflow/dags/hadoop-2.7.3/share/hadoop/yarn/lib/jettison-1.1.jar for tasks to queue
[2022-10-25T14:09:53.111+0000] {logging_mixin.py:117} INFO - [2022-10-25T14:09:53.111+0000] {dagbag.py:525} INFO - Filling up the DagBag from /opt/airflow/dags/hadoop-2.7.3/share/hadoop/yarn/lib/jettison-1.1.jar
[2022-10-25T14:09:53.126+0000] {processor.py:770} WARNING - No viable dags retrieved from /opt/airflow/dags/hadoop-2.7.3/share/hadoop/yarn/lib/jettison-1.1.jar
[2022-10-25T14:09:53.172+0000] {processor.py:178} INFO - Processing /opt/airflow/dags/hadoop-2.7.3/share/hadoop/yarn/lib/jettison-1.1.jar took 0.107 seconds
[2022-10-25T14:10:06.773+0000] {processor.py:156} INFO - Started process (PID=18468) to work on /opt/airflow/dags/hadoop-2.7.3/share/hadoop/yarn/lib/jettison-1.1.jar
[2022-10-25T14:10:06.777+0000] {processor.py:758} INFO - Processing file /opt/airflow/dags/hadoop-2.7.3/share/hadoop/yarn/lib/jettison-1.1.jar for tasks to queue
[2022-10-25T14:10:06.780+0000] {logging_mixin.py:117} INFO - [2022-10-25T14:10:06.780+0000] {dagbag.py:525} INFO - Filling up the DagBag from /opt/airflow/dags/hadoop-2.7.3/share/hadoop/yarn/lib/jettison-1.1.jar
[2022-10-25T14:10:06.788+0000] {processor.py:770} WARNING - No viable dags retrieved from /opt/airflow/dags/hadoop-2.7.3/share/hadoop/yarn/lib/jettison-1.1.jar
[2022-10-25T14:10:06.820+0000] {processor.py:178} INFO - Processing /opt/airflow/dags/hadoop-2.7.3/share/hadoop/yarn/lib/jettison-1.1.jar took 0.058 seconds
[2022-10-25T14:10:41.201+0000] {processor.py:156} INFO - Started process (PID=20127) to work on /opt/airflow/dags/hadoop-2.7.3/share/hadoop/yarn/lib/jettison-1.1.jar
[2022-10-25T14:10:41.204+0000] {processor.py:758} INFO - Processing file /opt/airflow/dags/hadoop-2.7.3/share/hadoop/yarn/lib/jettison-1.1.jar for tasks to queue
[2022-10-25T14:10:41.207+0000] {logging_mixin.py:117} INFO - [2022-10-25T14:10:41.207+0000] {dagbag.py:525} INFO - Filling up the DagBag from /opt/airflow/dags/hadoop-2.7.3/share/hadoop/yarn/lib/jettison-1.1.jar
[2022-10-25T14:10:41.226+0000] {processor.py:770} WARNING - No viable dags retrieved from /opt/airflow/dags/hadoop-2.7.3/share/hadoop/yarn/lib/jettison-1.1.jar
[2022-10-25T14:10:41.280+0000] {processor.py:178} INFO - Processing /opt/airflow/dags/hadoop-2.7.3/share/hadoop/yarn/lib/jettison-1.1.jar took 0.086 seconds
[2022-10-25T14:11:00.204+0000] {processor.py:156} INFO - Started process (PID=19089) to work on /opt/airflow/dags/hadoop-2.7.3/share/hadoop/yarn/lib/jettison-1.1.jar
[2022-10-25T14:11:00.208+0000] {processor.py:758} INFO - Processing file /opt/airflow/dags/hadoop-2.7.3/share/hadoop/yarn/lib/jettison-1.1.jar for tasks to queue
[2022-10-25T14:11:00.211+0000] {logging_mixin.py:117} INFO - [2022-10-25T14:11:00.211+0000] {dagbag.py:525} INFO - Filling up the DagBag from /opt/airflow/dags/hadoop-2.7.3/share/hadoop/yarn/lib/jettison-1.1.jar
[2022-10-25T14:11:00.219+0000] {processor.py:770} WARNING - No viable dags retrieved from /opt/airflow/dags/hadoop-2.7.3/share/hadoop/yarn/lib/jettison-1.1.jar
[2022-10-25T14:11:00.260+0000] {processor.py:178} INFO - Processing /opt/airflow/dags/hadoop-2.7.3/share/hadoop/yarn/lib/jettison-1.1.jar took 0.067 seconds
[2022-10-25T14:11:27.701+0000] {processor.py:156} INFO - Started process (PID=20712) to work on /opt/airflow/dags/hadoop-2.7.3/share/hadoop/yarn/lib/jettison-1.1.jar
[2022-10-25T14:11:27.705+0000] {processor.py:758} INFO - Processing file /opt/airflow/dags/hadoop-2.7.3/share/hadoop/yarn/lib/jettison-1.1.jar for tasks to queue
[2022-10-25T14:11:27.709+0000] {logging_mixin.py:117} INFO - [2022-10-25T14:11:27.708+0000] {dagbag.py:525} INFO - Filling up the DagBag from /opt/airflow/dags/hadoop-2.7.3/share/hadoop/yarn/lib/jettison-1.1.jar
[2022-10-25T14:11:27.720+0000] {processor.py:770} WARNING - No viable dags retrieved from /opt/airflow/dags/hadoop-2.7.3/share/hadoop/yarn/lib/jettison-1.1.jar
[2022-10-25T14:11:27.758+0000] {processor.py:178} INFO - Processing /opt/airflow/dags/hadoop-2.7.3/share/hadoop/yarn/lib/jettison-1.1.jar took 0.064 seconds
[2022-10-25T14:11:47.674+0000] {processor.py:156} INFO - Started process (PID=19673) to work on /opt/airflow/dags/hadoop-2.7.3/share/hadoop/yarn/lib/jettison-1.1.jar
[2022-10-25T14:11:47.676+0000] {processor.py:758} INFO - Processing file /opt/airflow/dags/hadoop-2.7.3/share/hadoop/yarn/lib/jettison-1.1.jar for tasks to queue
[2022-10-25T14:11:47.679+0000] {logging_mixin.py:117} INFO - [2022-10-25T14:11:47.679+0000] {dagbag.py:525} INFO - Filling up the DagBag from /opt/airflow/dags/hadoop-2.7.3/share/hadoop/yarn/lib/jettison-1.1.jar
[2022-10-25T14:11:47.687+0000] {processor.py:770} WARNING - No viable dags retrieved from /opt/airflow/dags/hadoop-2.7.3/share/hadoop/yarn/lib/jettison-1.1.jar
[2022-10-25T14:11:47.730+0000] {processor.py:178} INFO - Processing /opt/airflow/dags/hadoop-2.7.3/share/hadoop/yarn/lib/jettison-1.1.jar took 0.063 seconds
[2022-10-25T14:12:21.132+0000] {processor.py:156} INFO - Started process (PID=21350) to work on /opt/airflow/dags/hadoop-2.7.3/share/hadoop/yarn/lib/jettison-1.1.jar
[2022-10-25T14:12:21.136+0000] {processor.py:758} INFO - Processing file /opt/airflow/dags/hadoop-2.7.3/share/hadoop/yarn/lib/jettison-1.1.jar for tasks to queue
[2022-10-25T14:12:21.139+0000] {logging_mixin.py:117} INFO - [2022-10-25T14:12:21.139+0000] {dagbag.py:525} INFO - Filling up the DagBag from /opt/airflow/dags/hadoop-2.7.3/share/hadoop/yarn/lib/jettison-1.1.jar
[2022-10-25T14:12:21.161+0000] {processor.py:770} WARNING - No viable dags retrieved from /opt/airflow/dags/hadoop-2.7.3/share/hadoop/yarn/lib/jettison-1.1.jar
[2022-10-25T14:12:21.207+0000] {processor.py:178} INFO - Processing /opt/airflow/dags/hadoop-2.7.3/share/hadoop/yarn/lib/jettison-1.1.jar took 0.087 seconds
[2022-10-25T14:12:44.616+0000] {processor.py:156} INFO - Started process (PID=20319) to work on /opt/airflow/dags/hadoop-2.7.3/share/hadoop/yarn/lib/jettison-1.1.jar
[2022-10-25T14:12:44.618+0000] {processor.py:758} INFO - Processing file /opt/airflow/dags/hadoop-2.7.3/share/hadoop/yarn/lib/jettison-1.1.jar for tasks to queue
[2022-10-25T14:12:44.621+0000] {logging_mixin.py:117} INFO - [2022-10-25T14:12:44.620+0000] {dagbag.py:525} INFO - Filling up the DagBag from /opt/airflow/dags/hadoop-2.7.3/share/hadoop/yarn/lib/jettison-1.1.jar
[2022-10-25T14:12:44.628+0000] {processor.py:770} WARNING - No viable dags retrieved from /opt/airflow/dags/hadoop-2.7.3/share/hadoop/yarn/lib/jettison-1.1.jar
[2022-10-25T14:12:44.657+0000] {processor.py:178} INFO - Processing /opt/airflow/dags/hadoop-2.7.3/share/hadoop/yarn/lib/jettison-1.1.jar took 0.048 seconds
[2022-10-25T14:13:43.703+0000] {processor.py:156} INFO - Started process (PID=21895) to work on /opt/airflow/dags/hadoop-2.7.3/share/hadoop/yarn/lib/jettison-1.1.jar
[2022-10-25T14:13:43.705+0000] {processor.py:758} INFO - Processing file /opt/airflow/dags/hadoop-2.7.3/share/hadoop/yarn/lib/jettison-1.1.jar for tasks to queue
[2022-10-25T14:13:43.708+0000] {logging_mixin.py:117} INFO - [2022-10-25T14:13:43.707+0000] {dagbag.py:525} INFO - Filling up the DagBag from /opt/airflow/dags/hadoop-2.7.3/share/hadoop/yarn/lib/jettison-1.1.jar
[2022-10-25T14:13:43.716+0000] {processor.py:770} WARNING - No viable dags retrieved from /opt/airflow/dags/hadoop-2.7.3/share/hadoop/yarn/lib/jettison-1.1.jar
[2022-10-25T14:13:43.750+0000] {processor.py:178} INFO - Processing /opt/airflow/dags/hadoop-2.7.3/share/hadoop/yarn/lib/jettison-1.1.jar took 0.054 seconds
[2022-10-25T14:14:19.747+0000] {processor.py:156} INFO - Started process (PID=20963) to work on /opt/airflow/dags/hadoop-2.7.3/share/hadoop/yarn/lib/jettison-1.1.jar
[2022-10-25T14:14:19.750+0000] {processor.py:758} INFO - Processing file /opt/airflow/dags/hadoop-2.7.3/share/hadoop/yarn/lib/jettison-1.1.jar for tasks to queue
[2022-10-25T14:14:19.753+0000] {logging_mixin.py:117} INFO - [2022-10-25T14:14:19.752+0000] {dagbag.py:525} INFO - Filling up the DagBag from /opt/airflow/dags/hadoop-2.7.3/share/hadoop/yarn/lib/jettison-1.1.jar
[2022-10-25T14:14:19.760+0000] {processor.py:770} WARNING - No viable dags retrieved from /opt/airflow/dags/hadoop-2.7.3/share/hadoop/yarn/lib/jettison-1.1.jar
[2022-10-25T14:14:19.795+0000] {processor.py:178} INFO - Processing /opt/airflow/dags/hadoop-2.7.3/share/hadoop/yarn/lib/jettison-1.1.jar took 0.057 seconds
[2022-10-25T14:14:36.865+0000] {processor.py:156} INFO - Started process (PID=22478) to work on /opt/airflow/dags/hadoop-2.7.3/share/hadoop/yarn/lib/jettison-1.1.jar
[2022-10-25T14:14:36.869+0000] {processor.py:758} INFO - Processing file /opt/airflow/dags/hadoop-2.7.3/share/hadoop/yarn/lib/jettison-1.1.jar for tasks to queue
[2022-10-25T14:14:36.873+0000] {logging_mixin.py:117} INFO - [2022-10-25T14:14:36.872+0000] {dagbag.py:525} INFO - Filling up the DagBag from /opt/airflow/dags/hadoop-2.7.3/share/hadoop/yarn/lib/jettison-1.1.jar
[2022-10-25T14:14:36.882+0000] {processor.py:770} WARNING - No viable dags retrieved from /opt/airflow/dags/hadoop-2.7.3/share/hadoop/yarn/lib/jettison-1.1.jar
[2022-10-25T14:14:36.929+0000] {processor.py:178} INFO - Processing /opt/airflow/dags/hadoop-2.7.3/share/hadoop/yarn/lib/jettison-1.1.jar took 0.070 seconds
[2022-10-25T14:15:08.437+0000] {processor.py:156} INFO - Started process (PID=21497) to work on /opt/airflow/dags/hadoop-2.7.3/share/hadoop/yarn/lib/jettison-1.1.jar
[2022-10-25T14:15:08.440+0000] {processor.py:758} INFO - Processing file /opt/airflow/dags/hadoop-2.7.3/share/hadoop/yarn/lib/jettison-1.1.jar for tasks to queue
[2022-10-25T14:15:08.450+0000] {logging_mixin.py:117} INFO - [2022-10-25T14:15:08.449+0000] {dagbag.py:525} INFO - Filling up the DagBag from /opt/airflow/dags/hadoop-2.7.3/share/hadoop/yarn/lib/jettison-1.1.jar
[2022-10-25T14:15:08.469+0000] {processor.py:770} WARNING - No viable dags retrieved from /opt/airflow/dags/hadoop-2.7.3/share/hadoop/yarn/lib/jettison-1.1.jar
[2022-10-25T14:15:08.519+0000] {processor.py:178} INFO - Processing /opt/airflow/dags/hadoop-2.7.3/share/hadoop/yarn/lib/jettison-1.1.jar took 0.094 seconds
[2022-10-25T14:15:46.355+0000] {processor.py:156} INFO - Started process (PID=23102) to work on /opt/airflow/dags/hadoop-2.7.3/share/hadoop/yarn/lib/jettison-1.1.jar
[2022-10-25T14:15:46.366+0000] {processor.py:758} INFO - Processing file /opt/airflow/dags/hadoop-2.7.3/share/hadoop/yarn/lib/jettison-1.1.jar for tasks to queue
[2022-10-25T14:15:46.371+0000] {logging_mixin.py:117} INFO - [2022-10-25T14:15:46.371+0000] {dagbag.py:525} INFO - Filling up the DagBag from /opt/airflow/dags/hadoop-2.7.3/share/hadoop/yarn/lib/jettison-1.1.jar
[2022-10-25T14:15:46.393+0000] {processor.py:770} WARNING - No viable dags retrieved from /opt/airflow/dags/hadoop-2.7.3/share/hadoop/yarn/lib/jettison-1.1.jar
[2022-10-25T14:15:46.450+0000] {processor.py:178} INFO - Processing /opt/airflow/dags/hadoop-2.7.3/share/hadoop/yarn/lib/jettison-1.1.jar took 0.104 seconds
[2022-10-25T14:16:07.640+0000] {processor.py:156} INFO - Started process (PID=22020) to work on /opt/airflow/dags/hadoop-2.7.3/share/hadoop/yarn/lib/jettison-1.1.jar
[2022-10-25T14:16:07.648+0000] {processor.py:758} INFO - Processing file /opt/airflow/dags/hadoop-2.7.3/share/hadoop/yarn/lib/jettison-1.1.jar for tasks to queue
[2022-10-25T14:16:07.653+0000] {logging_mixin.py:117} INFO - [2022-10-25T14:16:07.652+0000] {dagbag.py:525} INFO - Filling up the DagBag from /opt/airflow/dags/hadoop-2.7.3/share/hadoop/yarn/lib/jettison-1.1.jar
[2022-10-25T14:16:07.667+0000] {processor.py:770} WARNING - No viable dags retrieved from /opt/airflow/dags/hadoop-2.7.3/share/hadoop/yarn/lib/jettison-1.1.jar
[2022-10-25T14:16:07.708+0000] {processor.py:178} INFO - Processing /opt/airflow/dags/hadoop-2.7.3/share/hadoop/yarn/lib/jettison-1.1.jar took 0.082 seconds
[2022-10-25T14:16:53.600+0000] {processor.py:156} INFO - Started process (PID=23780) to work on /opt/airflow/dags/hadoop-2.7.3/share/hadoop/yarn/lib/jettison-1.1.jar
[2022-10-25T14:16:53.603+0000] {processor.py:758} INFO - Processing file /opt/airflow/dags/hadoop-2.7.3/share/hadoop/yarn/lib/jettison-1.1.jar for tasks to queue
[2022-10-25T14:16:53.609+0000] {logging_mixin.py:117} INFO - [2022-10-25T14:16:53.608+0000] {dagbag.py:525} INFO - Filling up the DagBag from /opt/airflow/dags/hadoop-2.7.3/share/hadoop/yarn/lib/jettison-1.1.jar
[2022-10-25T14:16:53.620+0000] {processor.py:770} WARNING - No viable dags retrieved from /opt/airflow/dags/hadoop-2.7.3/share/hadoop/yarn/lib/jettison-1.1.jar
[2022-10-25T14:16:53.683+0000] {processor.py:178} INFO - Processing /opt/airflow/dags/hadoop-2.7.3/share/hadoop/yarn/lib/jettison-1.1.jar took 0.092 seconds
[2022-10-25T14:17:15.015+0000] {processor.py:156} INFO - Started process (PID=22665) to work on /opt/airflow/dags/hadoop-2.7.3/share/hadoop/yarn/lib/jettison-1.1.jar
[2022-10-25T14:17:15.022+0000] {processor.py:758} INFO - Processing file /opt/airflow/dags/hadoop-2.7.3/share/hadoop/yarn/lib/jettison-1.1.jar for tasks to queue
[2022-10-25T14:17:15.027+0000] {logging_mixin.py:117} INFO - [2022-10-25T14:17:15.025+0000] {dagbag.py:525} INFO - Filling up the DagBag from /opt/airflow/dags/hadoop-2.7.3/share/hadoop/yarn/lib/jettison-1.1.jar
[2022-10-25T14:17:15.039+0000] {processor.py:770} WARNING - No viable dags retrieved from /opt/airflow/dags/hadoop-2.7.3/share/hadoop/yarn/lib/jettison-1.1.jar
[2022-10-25T14:17:15.116+0000] {processor.py:178} INFO - Processing /opt/airflow/dags/hadoop-2.7.3/share/hadoop/yarn/lib/jettison-1.1.jar took 0.123 seconds
