[2022-10-25T00:38:11.615+0000] {processor.py:156} INFO - Started process (PID=4698) to work on /opt/airflow/dags/hadoop-2.7.3/share/hadoop/yarn/lib/log4j-1.2.17.jar
[2022-10-25T00:38:11.619+0000] {processor.py:758} INFO - Processing file /opt/airflow/dags/hadoop-2.7.3/share/hadoop/yarn/lib/log4j-1.2.17.jar for tasks to queue
[2022-10-25T00:38:11.623+0000] {logging_mixin.py:117} INFO - [2022-10-25T00:38:11.622+0000] {dagbag.py:525} INFO - Filling up the DagBag from /opt/airflow/dags/hadoop-2.7.3/share/hadoop/yarn/lib/log4j-1.2.17.jar
[2022-10-25T00:38:11.644+0000] {processor.py:770} WARNING - No viable dags retrieved from /opt/airflow/dags/hadoop-2.7.3/share/hadoop/yarn/lib/log4j-1.2.17.jar
[2022-10-25T00:38:11.678+0000] {processor.py:178} INFO - Processing /opt/airflow/dags/hadoop-2.7.3/share/hadoop/yarn/lib/log4j-1.2.17.jar took 0.076 seconds
[2022-10-25T00:38:39.261+0000] {processor.py:156} INFO - Started process (PID=2718) to work on /opt/airflow/dags/hadoop-2.7.3/share/hadoop/yarn/lib/log4j-1.2.17.jar
[2022-10-25T00:38:39.265+0000] {processor.py:758} INFO - Processing file /opt/airflow/dags/hadoop-2.7.3/share/hadoop/yarn/lib/log4j-1.2.17.jar for tasks to queue
[2022-10-25T00:38:39.274+0000] {logging_mixin.py:117} INFO - [2022-10-25T00:38:39.274+0000] {dagbag.py:525} INFO - Filling up the DagBag from /opt/airflow/dags/hadoop-2.7.3/share/hadoop/yarn/lib/log4j-1.2.17.jar
[2022-10-25T00:38:39.292+0000] {processor.py:770} WARNING - No viable dags retrieved from /opt/airflow/dags/hadoop-2.7.3/share/hadoop/yarn/lib/log4j-1.2.17.jar
[2022-10-25T00:38:39.330+0000] {processor.py:178} INFO - Processing /opt/airflow/dags/hadoop-2.7.3/share/hadoop/yarn/lib/log4j-1.2.17.jar took 0.079 seconds
[2022-10-25T00:38:57.714+0000] {processor.py:156} INFO - Started process (PID=5291) to work on /opt/airflow/dags/hadoop-2.7.3/share/hadoop/yarn/lib/log4j-1.2.17.jar
[2022-10-25T00:38:57.719+0000] {processor.py:758} INFO - Processing file /opt/airflow/dags/hadoop-2.7.3/share/hadoop/yarn/lib/log4j-1.2.17.jar for tasks to queue
[2022-10-25T00:38:57.723+0000] {logging_mixin.py:117} INFO - [2022-10-25T00:38:57.723+0000] {dagbag.py:525} INFO - Filling up the DagBag from /opt/airflow/dags/hadoop-2.7.3/share/hadoop/yarn/lib/log4j-1.2.17.jar
[2022-10-25T00:38:57.744+0000] {processor.py:770} WARNING - No viable dags retrieved from /opt/airflow/dags/hadoop-2.7.3/share/hadoop/yarn/lib/log4j-1.2.17.jar
[2022-10-25T00:38:57.782+0000] {processor.py:178} INFO - Processing /opt/airflow/dags/hadoop-2.7.3/share/hadoop/yarn/lib/log4j-1.2.17.jar took 0.078 seconds
[2022-10-25T00:39:21.586+0000] {processor.py:156} INFO - Started process (PID=3267) to work on /opt/airflow/dags/hadoop-2.7.3/share/hadoop/yarn/lib/log4j-1.2.17.jar
[2022-10-25T00:39:21.589+0000] {processor.py:758} INFO - Processing file /opt/airflow/dags/hadoop-2.7.3/share/hadoop/yarn/lib/log4j-1.2.17.jar for tasks to queue
[2022-10-25T00:39:21.595+0000] {logging_mixin.py:117} INFO - [2022-10-25T00:39:21.595+0000] {dagbag.py:525} INFO - Filling up the DagBag from /opt/airflow/dags/hadoop-2.7.3/share/hadoop/yarn/lib/log4j-1.2.17.jar
[2022-10-25T00:39:21.608+0000] {processor.py:770} WARNING - No viable dags retrieved from /opt/airflow/dags/hadoop-2.7.3/share/hadoop/yarn/lib/log4j-1.2.17.jar
[2022-10-25T00:39:21.647+0000] {processor.py:178} INFO - Processing /opt/airflow/dags/hadoop-2.7.3/share/hadoop/yarn/lib/log4j-1.2.17.jar took 0.070 seconds
[2022-10-25T00:40:24.863+0000] {processor.py:156} INFO - Started process (PID=5846) to work on /opt/airflow/dags/hadoop-2.7.3/share/hadoop/yarn/lib/log4j-1.2.17.jar
[2022-10-25T00:40:24.866+0000] {processor.py:758} INFO - Processing file /opt/airflow/dags/hadoop-2.7.3/share/hadoop/yarn/lib/log4j-1.2.17.jar for tasks to queue
[2022-10-25T00:40:24.868+0000] {logging_mixin.py:117} INFO - [2022-10-25T00:40:24.868+0000] {dagbag.py:525} INFO - Filling up the DagBag from /opt/airflow/dags/hadoop-2.7.3/share/hadoop/yarn/lib/log4j-1.2.17.jar
[2022-10-25T00:40:24.882+0000] {processor.py:770} WARNING - No viable dags retrieved from /opt/airflow/dags/hadoop-2.7.3/share/hadoop/yarn/lib/log4j-1.2.17.jar
[2022-10-25T00:40:24.908+0000] {processor.py:178} INFO - Processing /opt/airflow/dags/hadoop-2.7.3/share/hadoop/yarn/lib/log4j-1.2.17.jar took 0.054 seconds
[2022-10-25T00:53:22.234+0000] {processor.py:156} INFO - Started process (PID=6405) to work on /opt/airflow/dags/hadoop-2.7.3/share/hadoop/yarn/lib/log4j-1.2.17.jar
[2022-10-25T00:53:22.238+0000] {processor.py:758} INFO - Processing file /opt/airflow/dags/hadoop-2.7.3/share/hadoop/yarn/lib/log4j-1.2.17.jar for tasks to queue
[2022-10-25T00:53:22.246+0000] {logging_mixin.py:117} INFO - [2022-10-25T00:53:22.246+0000] {dagbag.py:525} INFO - Filling up the DagBag from /opt/airflow/dags/hadoop-2.7.3/share/hadoop/yarn/lib/log4j-1.2.17.jar
[2022-10-25T00:53:22.267+0000] {processor.py:770} WARNING - No viable dags retrieved from /opt/airflow/dags/hadoop-2.7.3/share/hadoop/yarn/lib/log4j-1.2.17.jar
[2022-10-25T00:53:22.307+0000] {processor.py:178} INFO - Processing /opt/airflow/dags/hadoop-2.7.3/share/hadoop/yarn/lib/log4j-1.2.17.jar took 0.080 seconds
[2022-10-25T00:53:33.303+0000] {processor.py:156} INFO - Started process (PID=4202) to work on /opt/airflow/dags/hadoop-2.7.3/share/hadoop/yarn/lib/log4j-1.2.17.jar
[2022-10-25T00:53:33.306+0000] {processor.py:758} INFO - Processing file /opt/airflow/dags/hadoop-2.7.3/share/hadoop/yarn/lib/log4j-1.2.17.jar for tasks to queue
[2022-10-25T00:53:33.311+0000] {logging_mixin.py:117} INFO - [2022-10-25T00:53:33.310+0000] {dagbag.py:525} INFO - Filling up the DagBag from /opt/airflow/dags/hadoop-2.7.3/share/hadoop/yarn/lib/log4j-1.2.17.jar
[2022-10-25T00:53:33.326+0000] {processor.py:770} WARNING - No viable dags retrieved from /opt/airflow/dags/hadoop-2.7.3/share/hadoop/yarn/lib/log4j-1.2.17.jar
[2022-10-25T00:53:33.355+0000] {processor.py:178} INFO - Processing /opt/airflow/dags/hadoop-2.7.3/share/hadoop/yarn/lib/log4j-1.2.17.jar took 0.060 seconds
[2022-10-25T00:54:07.241+0000] {processor.py:156} INFO - Started process (PID=6972) to work on /opt/airflow/dags/hadoop-2.7.3/share/hadoop/yarn/lib/log4j-1.2.17.jar
[2022-10-25T00:54:07.245+0000] {processor.py:758} INFO - Processing file /opt/airflow/dags/hadoop-2.7.3/share/hadoop/yarn/lib/log4j-1.2.17.jar for tasks to queue
[2022-10-25T00:54:07.250+0000] {logging_mixin.py:117} INFO - [2022-10-25T00:54:07.249+0000] {dagbag.py:525} INFO - Filling up the DagBag from /opt/airflow/dags/hadoop-2.7.3/share/hadoop/yarn/lib/log4j-1.2.17.jar
[2022-10-25T00:54:07.279+0000] {processor.py:770} WARNING - No viable dags retrieved from /opt/airflow/dags/hadoop-2.7.3/share/hadoop/yarn/lib/log4j-1.2.17.jar
[2022-10-25T00:54:07.328+0000] {processor.py:178} INFO - Processing /opt/airflow/dags/hadoop-2.7.3/share/hadoop/yarn/lib/log4j-1.2.17.jar took 0.094 seconds
[2022-10-25T00:54:13.223+0000] {processor.py:156} INFO - Started process (PID=4724) to work on /opt/airflow/dags/hadoop-2.7.3/share/hadoop/yarn/lib/log4j-1.2.17.jar
[2022-10-25T00:54:13.226+0000] {processor.py:758} INFO - Processing file /opt/airflow/dags/hadoop-2.7.3/share/hadoop/yarn/lib/log4j-1.2.17.jar for tasks to queue
[2022-10-25T00:54:13.233+0000] {logging_mixin.py:117} INFO - [2022-10-25T00:54:13.233+0000] {dagbag.py:525} INFO - Filling up the DagBag from /opt/airflow/dags/hadoop-2.7.3/share/hadoop/yarn/lib/log4j-1.2.17.jar
[2022-10-25T00:54:13.248+0000] {processor.py:770} WARNING - No viable dags retrieved from /opt/airflow/dags/hadoop-2.7.3/share/hadoop/yarn/lib/log4j-1.2.17.jar
[2022-10-25T00:54:13.294+0000] {processor.py:178} INFO - Processing /opt/airflow/dags/hadoop-2.7.3/share/hadoop/yarn/lib/log4j-1.2.17.jar took 0.076 seconds
[2022-10-25T00:55:11.859+0000] {processor.py:156} INFO - Started process (PID=5254) to work on /opt/airflow/dags/hadoop-2.7.3/share/hadoop/yarn/lib/log4j-1.2.17.jar
[2022-10-25T00:55:11.877+0000] {processor.py:758} INFO - Processing file /opt/airflow/dags/hadoop-2.7.3/share/hadoop/yarn/lib/log4j-1.2.17.jar for tasks to queue
[2022-10-25T00:55:11.896+0000] {logging_mixin.py:117} INFO - [2022-10-25T00:55:11.895+0000] {dagbag.py:525} INFO - Filling up the DagBag from /opt/airflow/dags/hadoop-2.7.3/share/hadoop/yarn/lib/log4j-1.2.17.jar
[2022-10-25T00:55:11.951+0000] {processor.py:770} WARNING - No viable dags retrieved from /opt/airflow/dags/hadoop-2.7.3/share/hadoop/yarn/lib/log4j-1.2.17.jar
[2022-10-25T00:55:12.153+0000] {processor.py:178} INFO - Processing /opt/airflow/dags/hadoop-2.7.3/share/hadoop/yarn/lib/log4j-1.2.17.jar took 0.317 seconds
[2022-10-25T00:55:28.133+0000] {processor.py:156} INFO - Started process (PID=7675) to work on /opt/airflow/dags/hadoop-2.7.3/share/hadoop/yarn/lib/log4j-1.2.17.jar
[2022-10-25T00:55:28.136+0000] {processor.py:758} INFO - Processing file /opt/airflow/dags/hadoop-2.7.3/share/hadoop/yarn/lib/log4j-1.2.17.jar for tasks to queue
[2022-10-25T00:55:28.140+0000] {logging_mixin.py:117} INFO - [2022-10-25T00:55:28.140+0000] {dagbag.py:525} INFO - Filling up the DagBag from /opt/airflow/dags/hadoop-2.7.3/share/hadoop/yarn/lib/log4j-1.2.17.jar
[2022-10-25T00:55:28.174+0000] {processor.py:770} WARNING - No viable dags retrieved from /opt/airflow/dags/hadoop-2.7.3/share/hadoop/yarn/lib/log4j-1.2.17.jar
[2022-10-25T00:55:28.256+0000] {processor.py:178} INFO - Processing /opt/airflow/dags/hadoop-2.7.3/share/hadoop/yarn/lib/log4j-1.2.17.jar took 0.145 seconds
[2022-10-25T00:56:59.793+0000] {processor.py:156} INFO - Started process (PID=5914) to work on /opt/airflow/dags/hadoop-2.7.3/share/hadoop/yarn/lib/log4j-1.2.17.jar
[2022-10-25T00:56:59.798+0000] {processor.py:758} INFO - Processing file /opt/airflow/dags/hadoop-2.7.3/share/hadoop/yarn/lib/log4j-1.2.17.jar for tasks to queue
[2022-10-25T00:56:59.809+0000] {logging_mixin.py:117} INFO - [2022-10-25T00:56:59.807+0000] {dagbag.py:525} INFO - Filling up the DagBag from /opt/airflow/dags/hadoop-2.7.3/share/hadoop/yarn/lib/log4j-1.2.17.jar
[2022-10-25T00:56:59.860+0000] {processor.py:770} WARNING - No viable dags retrieved from /opt/airflow/dags/hadoop-2.7.3/share/hadoop/yarn/lib/log4j-1.2.17.jar
[2022-10-25T00:56:59.991+0000] {processor.py:178} INFO - Processing /opt/airflow/dags/hadoop-2.7.3/share/hadoop/yarn/lib/log4j-1.2.17.jar took 0.209 seconds
[2022-10-25T14:09:09.335+0000] {processor.py:156} INFO - Started process (PID=19051) to work on /opt/airflow/dags/hadoop-2.7.3/share/hadoop/yarn/lib/log4j-1.2.17.jar
[2022-10-25T14:09:09.340+0000] {processor.py:758} INFO - Processing file /opt/airflow/dags/hadoop-2.7.3/share/hadoop/yarn/lib/log4j-1.2.17.jar for tasks to queue
[2022-10-25T14:09:09.343+0000] {logging_mixin.py:117} INFO - [2022-10-25T14:09:09.342+0000] {dagbag.py:525} INFO - Filling up the DagBag from /opt/airflow/dags/hadoop-2.7.3/share/hadoop/yarn/lib/log4j-1.2.17.jar
[2022-10-25T14:09:09.375+0000] {processor.py:770} WARNING - No viable dags retrieved from /opt/airflow/dags/hadoop-2.7.3/share/hadoop/yarn/lib/log4j-1.2.17.jar
[2022-10-25T14:09:09.431+0000] {processor.py:178} INFO - Processing /opt/airflow/dags/hadoop-2.7.3/share/hadoop/yarn/lib/log4j-1.2.17.jar took 0.107 seconds
[2022-10-25T14:09:26.904+0000] {processor.py:156} INFO - Started process (PID=17960) to work on /opt/airflow/dags/hadoop-2.7.3/share/hadoop/yarn/lib/log4j-1.2.17.jar
[2022-10-25T14:09:26.907+0000] {processor.py:758} INFO - Processing file /opt/airflow/dags/hadoop-2.7.3/share/hadoop/yarn/lib/log4j-1.2.17.jar for tasks to queue
[2022-10-25T14:09:26.910+0000] {logging_mixin.py:117} INFO - [2022-10-25T14:09:26.910+0000] {dagbag.py:525} INFO - Filling up the DagBag from /opt/airflow/dags/hadoop-2.7.3/share/hadoop/yarn/lib/log4j-1.2.17.jar
[2022-10-25T14:09:26.939+0000] {processor.py:770} WARNING - No viable dags retrieved from /opt/airflow/dags/hadoop-2.7.3/share/hadoop/yarn/lib/log4j-1.2.17.jar
[2022-10-25T14:09:26.977+0000] {processor.py:178} INFO - Processing /opt/airflow/dags/hadoop-2.7.3/share/hadoop/yarn/lib/log4j-1.2.17.jar took 0.081 seconds
[2022-10-25T14:09:53.558+0000] {processor.py:156} INFO - Started process (PID=19573) to work on /opt/airflow/dags/hadoop-2.7.3/share/hadoop/yarn/lib/log4j-1.2.17.jar
[2022-10-25T14:09:53.561+0000] {processor.py:758} INFO - Processing file /opt/airflow/dags/hadoop-2.7.3/share/hadoop/yarn/lib/log4j-1.2.17.jar for tasks to queue
[2022-10-25T14:09:53.566+0000] {logging_mixin.py:117} INFO - [2022-10-25T14:09:53.565+0000] {dagbag.py:525} INFO - Filling up the DagBag from /opt/airflow/dags/hadoop-2.7.3/share/hadoop/yarn/lib/log4j-1.2.17.jar
[2022-10-25T14:09:53.584+0000] {processor.py:770} WARNING - No viable dags retrieved from /opt/airflow/dags/hadoop-2.7.3/share/hadoop/yarn/lib/log4j-1.2.17.jar
[2022-10-25T14:09:53.633+0000] {processor.py:178} INFO - Processing /opt/airflow/dags/hadoop-2.7.3/share/hadoop/yarn/lib/log4j-1.2.17.jar took 0.083 seconds
[2022-10-25T14:10:07.494+0000] {processor.py:156} INFO - Started process (PID=18480) to work on /opt/airflow/dags/hadoop-2.7.3/share/hadoop/yarn/lib/log4j-1.2.17.jar
[2022-10-25T14:10:07.503+0000] {processor.py:758} INFO - Processing file /opt/airflow/dags/hadoop-2.7.3/share/hadoop/yarn/lib/log4j-1.2.17.jar for tasks to queue
[2022-10-25T14:10:07.512+0000] {logging_mixin.py:117} INFO - [2022-10-25T14:10:07.511+0000] {dagbag.py:525} INFO - Filling up the DagBag from /opt/airflow/dags/hadoop-2.7.3/share/hadoop/yarn/lib/log4j-1.2.17.jar
[2022-10-25T14:10:07.546+0000] {processor.py:770} WARNING - No viable dags retrieved from /opt/airflow/dags/hadoop-2.7.3/share/hadoop/yarn/lib/log4j-1.2.17.jar
[2022-10-25T14:10:07.623+0000] {processor.py:178} INFO - Processing /opt/airflow/dags/hadoop-2.7.3/share/hadoop/yarn/lib/log4j-1.2.17.jar took 0.156 seconds
[2022-10-25T14:10:41.572+0000] {processor.py:156} INFO - Started process (PID=20132) to work on /opt/airflow/dags/hadoop-2.7.3/share/hadoop/yarn/lib/log4j-1.2.17.jar
[2022-10-25T14:10:41.576+0000] {processor.py:758} INFO - Processing file /opt/airflow/dags/hadoop-2.7.3/share/hadoop/yarn/lib/log4j-1.2.17.jar for tasks to queue
[2022-10-25T14:10:41.580+0000] {logging_mixin.py:117} INFO - [2022-10-25T14:10:41.580+0000] {dagbag.py:525} INFO - Filling up the DagBag from /opt/airflow/dags/hadoop-2.7.3/share/hadoop/yarn/lib/log4j-1.2.17.jar
[2022-10-25T14:10:41.613+0000] {processor.py:770} WARNING - No viable dags retrieved from /opt/airflow/dags/hadoop-2.7.3/share/hadoop/yarn/lib/log4j-1.2.17.jar
[2022-10-25T14:10:41.682+0000] {processor.py:178} INFO - Processing /opt/airflow/dags/hadoop-2.7.3/share/hadoop/yarn/lib/log4j-1.2.17.jar took 0.119 seconds
[2022-10-25T14:11:00.698+0000] {processor.py:156} INFO - Started process (PID=19094) to work on /opt/airflow/dags/hadoop-2.7.3/share/hadoop/yarn/lib/log4j-1.2.17.jar
[2022-10-25T14:11:00.701+0000] {processor.py:758} INFO - Processing file /opt/airflow/dags/hadoop-2.7.3/share/hadoop/yarn/lib/log4j-1.2.17.jar for tasks to queue
[2022-10-25T14:11:00.704+0000] {logging_mixin.py:117} INFO - [2022-10-25T14:11:00.703+0000] {dagbag.py:525} INFO - Filling up the DagBag from /opt/airflow/dags/hadoop-2.7.3/share/hadoop/yarn/lib/log4j-1.2.17.jar
[2022-10-25T14:11:00.719+0000] {processor.py:770} WARNING - No viable dags retrieved from /opt/airflow/dags/hadoop-2.7.3/share/hadoop/yarn/lib/log4j-1.2.17.jar
[2022-10-25T14:11:00.753+0000] {processor.py:178} INFO - Processing /opt/airflow/dags/hadoop-2.7.3/share/hadoop/yarn/lib/log4j-1.2.17.jar took 0.063 seconds
[2022-10-25T14:11:28.237+0000] {processor.py:156} INFO - Started process (PID=20717) to work on /opt/airflow/dags/hadoop-2.7.3/share/hadoop/yarn/lib/log4j-1.2.17.jar
[2022-10-25T14:11:28.246+0000] {processor.py:758} INFO - Processing file /opt/airflow/dags/hadoop-2.7.3/share/hadoop/yarn/lib/log4j-1.2.17.jar for tasks to queue
[2022-10-25T14:11:28.250+0000] {logging_mixin.py:117} INFO - [2022-10-25T14:11:28.249+0000] {dagbag.py:525} INFO - Filling up the DagBag from /opt/airflow/dags/hadoop-2.7.3/share/hadoop/yarn/lib/log4j-1.2.17.jar
[2022-10-25T14:11:28.278+0000] {processor.py:770} WARNING - No viable dags retrieved from /opt/airflow/dags/hadoop-2.7.3/share/hadoop/yarn/lib/log4j-1.2.17.jar
[2022-10-25T14:11:28.323+0000] {processor.py:178} INFO - Processing /opt/airflow/dags/hadoop-2.7.3/share/hadoop/yarn/lib/log4j-1.2.17.jar took 0.097 seconds
[2022-10-25T14:11:48.080+0000] {processor.py:156} INFO - Started process (PID=19678) to work on /opt/airflow/dags/hadoop-2.7.3/share/hadoop/yarn/lib/log4j-1.2.17.jar
[2022-10-25T14:11:48.084+0000] {processor.py:758} INFO - Processing file /opt/airflow/dags/hadoop-2.7.3/share/hadoop/yarn/lib/log4j-1.2.17.jar for tasks to queue
[2022-10-25T14:11:48.087+0000] {logging_mixin.py:117} INFO - [2022-10-25T14:11:48.086+0000] {dagbag.py:525} INFO - Filling up the DagBag from /opt/airflow/dags/hadoop-2.7.3/share/hadoop/yarn/lib/log4j-1.2.17.jar
[2022-10-25T14:11:48.106+0000] {processor.py:770} WARNING - No viable dags retrieved from /opt/airflow/dags/hadoop-2.7.3/share/hadoop/yarn/lib/log4j-1.2.17.jar
[2022-10-25T14:11:48.138+0000] {processor.py:178} INFO - Processing /opt/airflow/dags/hadoop-2.7.3/share/hadoop/yarn/lib/log4j-1.2.17.jar took 0.063 seconds
[2022-10-25T14:12:21.599+0000] {processor.py:156} INFO - Started process (PID=21355) to work on /opt/airflow/dags/hadoop-2.7.3/share/hadoop/yarn/lib/log4j-1.2.17.jar
[2022-10-25T14:12:21.602+0000] {processor.py:758} INFO - Processing file /opt/airflow/dags/hadoop-2.7.3/share/hadoop/yarn/lib/log4j-1.2.17.jar for tasks to queue
[2022-10-25T14:12:21.604+0000] {logging_mixin.py:117} INFO - [2022-10-25T14:12:21.603+0000] {dagbag.py:525} INFO - Filling up the DagBag from /opt/airflow/dags/hadoop-2.7.3/share/hadoop/yarn/lib/log4j-1.2.17.jar
[2022-10-25T14:12:21.617+0000] {processor.py:770} WARNING - No viable dags retrieved from /opt/airflow/dags/hadoop-2.7.3/share/hadoop/yarn/lib/log4j-1.2.17.jar
[2022-10-25T14:12:21.658+0000] {processor.py:178} INFO - Processing /opt/airflow/dags/hadoop-2.7.3/share/hadoop/yarn/lib/log4j-1.2.17.jar took 0.069 seconds
[2022-10-25T14:12:44.942+0000] {processor.py:156} INFO - Started process (PID=20324) to work on /opt/airflow/dags/hadoop-2.7.3/share/hadoop/yarn/lib/log4j-1.2.17.jar
[2022-10-25T14:12:44.947+0000] {processor.py:758} INFO - Processing file /opt/airflow/dags/hadoop-2.7.3/share/hadoop/yarn/lib/log4j-1.2.17.jar for tasks to queue
[2022-10-25T14:12:44.950+0000] {logging_mixin.py:117} INFO - [2022-10-25T14:12:44.950+0000] {dagbag.py:525} INFO - Filling up the DagBag from /opt/airflow/dags/hadoop-2.7.3/share/hadoop/yarn/lib/log4j-1.2.17.jar
[2022-10-25T14:12:44.968+0000] {processor.py:770} WARNING - No viable dags retrieved from /opt/airflow/dags/hadoop-2.7.3/share/hadoop/yarn/lib/log4j-1.2.17.jar
[2022-10-25T14:12:45.008+0000] {processor.py:178} INFO - Processing /opt/airflow/dags/hadoop-2.7.3/share/hadoop/yarn/lib/log4j-1.2.17.jar took 0.076 seconds
[2022-10-25T14:13:44.104+0000] {processor.py:156} INFO - Started process (PID=21900) to work on /opt/airflow/dags/hadoop-2.7.3/share/hadoop/yarn/lib/log4j-1.2.17.jar
[2022-10-25T14:13:44.108+0000] {processor.py:758} INFO - Processing file /opt/airflow/dags/hadoop-2.7.3/share/hadoop/yarn/lib/log4j-1.2.17.jar for tasks to queue
[2022-10-25T14:13:44.112+0000] {logging_mixin.py:117} INFO - [2022-10-25T14:13:44.112+0000] {dagbag.py:525} INFO - Filling up the DagBag from /opt/airflow/dags/hadoop-2.7.3/share/hadoop/yarn/lib/log4j-1.2.17.jar
[2022-10-25T14:13:44.138+0000] {processor.py:770} WARNING - No viable dags retrieved from /opt/airflow/dags/hadoop-2.7.3/share/hadoop/yarn/lib/log4j-1.2.17.jar
[2022-10-25T14:13:44.181+0000] {processor.py:178} INFO - Processing /opt/airflow/dags/hadoop-2.7.3/share/hadoop/yarn/lib/log4j-1.2.17.jar took 0.089 seconds
[2022-10-25T14:14:20.238+0000] {processor.py:156} INFO - Started process (PID=20968) to work on /opt/airflow/dags/hadoop-2.7.3/share/hadoop/yarn/lib/log4j-1.2.17.jar
[2022-10-25T14:14:20.244+0000] {processor.py:758} INFO - Processing file /opt/airflow/dags/hadoop-2.7.3/share/hadoop/yarn/lib/log4j-1.2.17.jar for tasks to queue
[2022-10-25T14:14:20.246+0000] {logging_mixin.py:117} INFO - [2022-10-25T14:14:20.246+0000] {dagbag.py:525} INFO - Filling up the DagBag from /opt/airflow/dags/hadoop-2.7.3/share/hadoop/yarn/lib/log4j-1.2.17.jar
[2022-10-25T14:14:20.270+0000] {processor.py:770} WARNING - No viable dags retrieved from /opt/airflow/dags/hadoop-2.7.3/share/hadoop/yarn/lib/log4j-1.2.17.jar
[2022-10-25T14:14:20.321+0000] {processor.py:178} INFO - Processing /opt/airflow/dags/hadoop-2.7.3/share/hadoop/yarn/lib/log4j-1.2.17.jar took 0.090 seconds
[2022-10-25T14:14:37.335+0000] {processor.py:156} INFO - Started process (PID=22483) to work on /opt/airflow/dags/hadoop-2.7.3/share/hadoop/yarn/lib/log4j-1.2.17.jar
[2022-10-25T14:14:37.338+0000] {processor.py:758} INFO - Processing file /opt/airflow/dags/hadoop-2.7.3/share/hadoop/yarn/lib/log4j-1.2.17.jar for tasks to queue
[2022-10-25T14:14:37.341+0000] {logging_mixin.py:117} INFO - [2022-10-25T14:14:37.341+0000] {dagbag.py:525} INFO - Filling up the DagBag from /opt/airflow/dags/hadoop-2.7.3/share/hadoop/yarn/lib/log4j-1.2.17.jar
[2022-10-25T14:14:37.377+0000] {processor.py:770} WARNING - No viable dags retrieved from /opt/airflow/dags/hadoop-2.7.3/share/hadoop/yarn/lib/log4j-1.2.17.jar
[2022-10-25T14:14:37.428+0000] {processor.py:178} INFO - Processing /opt/airflow/dags/hadoop-2.7.3/share/hadoop/yarn/lib/log4j-1.2.17.jar took 0.104 seconds
[2022-10-25T14:15:08.895+0000] {processor.py:156} INFO - Started process (PID=21502) to work on /opt/airflow/dags/hadoop-2.7.3/share/hadoop/yarn/lib/log4j-1.2.17.jar
[2022-10-25T14:15:08.901+0000] {processor.py:758} INFO - Processing file /opt/airflow/dags/hadoop-2.7.3/share/hadoop/yarn/lib/log4j-1.2.17.jar for tasks to queue
[2022-10-25T14:15:08.903+0000] {logging_mixin.py:117} INFO - [2022-10-25T14:15:08.903+0000] {dagbag.py:525} INFO - Filling up the DagBag from /opt/airflow/dags/hadoop-2.7.3/share/hadoop/yarn/lib/log4j-1.2.17.jar
[2022-10-25T14:15:08.927+0000] {processor.py:770} WARNING - No viable dags retrieved from /opt/airflow/dags/hadoop-2.7.3/share/hadoop/yarn/lib/log4j-1.2.17.jar
[2022-10-25T14:15:08.998+0000] {processor.py:178} INFO - Processing /opt/airflow/dags/hadoop-2.7.3/share/hadoop/yarn/lib/log4j-1.2.17.jar took 0.112 seconds
[2022-10-25T14:15:46.860+0000] {processor.py:156} INFO - Started process (PID=23107) to work on /opt/airflow/dags/hadoop-2.7.3/share/hadoop/yarn/lib/log4j-1.2.17.jar
[2022-10-25T14:15:46.863+0000] {processor.py:758} INFO - Processing file /opt/airflow/dags/hadoop-2.7.3/share/hadoop/yarn/lib/log4j-1.2.17.jar for tasks to queue
[2022-10-25T14:15:46.866+0000] {logging_mixin.py:117} INFO - [2022-10-25T14:15:46.865+0000] {dagbag.py:525} INFO - Filling up the DagBag from /opt/airflow/dags/hadoop-2.7.3/share/hadoop/yarn/lib/log4j-1.2.17.jar
[2022-10-25T14:15:46.886+0000] {processor.py:770} WARNING - No viable dags retrieved from /opt/airflow/dags/hadoop-2.7.3/share/hadoop/yarn/lib/log4j-1.2.17.jar
[2022-10-25T14:15:46.940+0000] {processor.py:178} INFO - Processing /opt/airflow/dags/hadoop-2.7.3/share/hadoop/yarn/lib/log4j-1.2.17.jar took 0.089 seconds
[2022-10-25T14:16:08.083+0000] {processor.py:156} INFO - Started process (PID=22025) to work on /opt/airflow/dags/hadoop-2.7.3/share/hadoop/yarn/lib/log4j-1.2.17.jar
[2022-10-25T14:16:08.090+0000] {processor.py:758} INFO - Processing file /opt/airflow/dags/hadoop-2.7.3/share/hadoop/yarn/lib/log4j-1.2.17.jar for tasks to queue
[2022-10-25T14:16:08.093+0000] {logging_mixin.py:117} INFO - [2022-10-25T14:16:08.092+0000] {dagbag.py:525} INFO - Filling up the DagBag from /opt/airflow/dags/hadoop-2.7.3/share/hadoop/yarn/lib/log4j-1.2.17.jar
[2022-10-25T14:16:08.113+0000] {processor.py:770} WARNING - No viable dags retrieved from /opt/airflow/dags/hadoop-2.7.3/share/hadoop/yarn/lib/log4j-1.2.17.jar
[2022-10-25T14:16:08.170+0000] {processor.py:178} INFO - Processing /opt/airflow/dags/hadoop-2.7.3/share/hadoop/yarn/lib/log4j-1.2.17.jar took 0.112 seconds
[2022-10-25T14:16:54.096+0000] {processor.py:156} INFO - Started process (PID=23785) to work on /opt/airflow/dags/hadoop-2.7.3/share/hadoop/yarn/lib/log4j-1.2.17.jar
[2022-10-25T14:16:54.103+0000] {processor.py:758} INFO - Processing file /opt/airflow/dags/hadoop-2.7.3/share/hadoop/yarn/lib/log4j-1.2.17.jar for tasks to queue
[2022-10-25T14:16:54.112+0000] {logging_mixin.py:117} INFO - [2022-10-25T14:16:54.108+0000] {dagbag.py:525} INFO - Filling up the DagBag from /opt/airflow/dags/hadoop-2.7.3/share/hadoop/yarn/lib/log4j-1.2.17.jar
[2022-10-25T14:16:54.139+0000] {processor.py:770} WARNING - No viable dags retrieved from /opt/airflow/dags/hadoop-2.7.3/share/hadoop/yarn/lib/log4j-1.2.17.jar
[2022-10-25T14:16:54.195+0000] {processor.py:178} INFO - Processing /opt/airflow/dags/hadoop-2.7.3/share/hadoop/yarn/lib/log4j-1.2.17.jar took 0.110 seconds
[2022-10-25T14:17:15.542+0000] {processor.py:156} INFO - Started process (PID=22670) to work on /opt/airflow/dags/hadoop-2.7.3/share/hadoop/yarn/lib/log4j-1.2.17.jar
[2022-10-25T14:17:15.545+0000] {processor.py:758} INFO - Processing file /opt/airflow/dags/hadoop-2.7.3/share/hadoop/yarn/lib/log4j-1.2.17.jar for tasks to queue
[2022-10-25T14:17:15.549+0000] {logging_mixin.py:117} INFO - [2022-10-25T14:17:15.549+0000] {dagbag.py:525} INFO - Filling up the DagBag from /opt/airflow/dags/hadoop-2.7.3/share/hadoop/yarn/lib/log4j-1.2.17.jar
[2022-10-25T14:17:15.573+0000] {processor.py:770} WARNING - No viable dags retrieved from /opt/airflow/dags/hadoop-2.7.3/share/hadoop/yarn/lib/log4j-1.2.17.jar
[2022-10-25T14:17:15.617+0000] {processor.py:178} INFO - Processing /opt/airflow/dags/hadoop-2.7.3/share/hadoop/yarn/lib/log4j-1.2.17.jar took 0.091 seconds
[2022-10-25T14:25:35.323+0000] {processor.py:156} INFO - Started process (PID=23815) to work on /opt/airflow/dags/hadoop-2.7.3/share/hadoop/yarn/lib/log4j-1.2.17.jar
[2022-10-25T14:25:35.327+0000] {processor.py:758} INFO - Processing file /opt/airflow/dags/hadoop-2.7.3/share/hadoop/yarn/lib/log4j-1.2.17.jar for tasks to queue
[2022-10-25T14:25:35.331+0000] {logging_mixin.py:117} INFO - [2022-10-25T14:25:35.330+0000] {dagbag.py:525} INFO - Filling up the DagBag from /opt/airflow/dags/hadoop-2.7.3/share/hadoop/yarn/lib/log4j-1.2.17.jar
[2022-10-25T14:25:35.350+0000] {processor.py:770} WARNING - No viable dags retrieved from /opt/airflow/dags/hadoop-2.7.3/share/hadoop/yarn/lib/log4j-1.2.17.jar
[2022-10-25T14:25:35.394+0000] {processor.py:178} INFO - Processing /opt/airflow/dags/hadoop-2.7.3/share/hadoop/yarn/lib/log4j-1.2.17.jar took 0.084 seconds
[2022-10-25T14:25:52.253+0000] {processor.py:156} INFO - Started process (PID=24886) to work on /opt/airflow/dags/hadoop-2.7.3/share/hadoop/yarn/lib/log4j-1.2.17.jar
[2022-10-25T14:25:52.270+0000] {processor.py:758} INFO - Processing file /opt/airflow/dags/hadoop-2.7.3/share/hadoop/yarn/lib/log4j-1.2.17.jar for tasks to queue
[2022-10-25T14:25:52.278+0000] {logging_mixin.py:117} INFO - [2022-10-25T14:25:52.277+0000] {dagbag.py:525} INFO - Filling up the DagBag from /opt/airflow/dags/hadoop-2.7.3/share/hadoop/yarn/lib/log4j-1.2.17.jar
[2022-10-25T14:25:52.319+0000] {processor.py:770} WARNING - No viable dags retrieved from /opt/airflow/dags/hadoop-2.7.3/share/hadoop/yarn/lib/log4j-1.2.17.jar
[2022-10-25T14:25:52.436+0000] {processor.py:178} INFO - Processing /opt/airflow/dags/hadoop-2.7.3/share/hadoop/yarn/lib/log4j-1.2.17.jar took 0.195 seconds
[2022-10-25T14:26:43.662+0000] {processor.py:156} INFO - Started process (PID=24450) to work on /opt/airflow/dags/hadoop-2.7.3/share/hadoop/yarn/lib/log4j-1.2.17.jar
[2022-10-25T14:26:43.671+0000] {processor.py:758} INFO - Processing file /opt/airflow/dags/hadoop-2.7.3/share/hadoop/yarn/lib/log4j-1.2.17.jar for tasks to queue
[2022-10-25T14:26:43.689+0000] {logging_mixin.py:117} INFO - [2022-10-25T14:26:43.689+0000] {dagbag.py:525} INFO - Filling up the DagBag from /opt/airflow/dags/hadoop-2.7.3/share/hadoop/yarn/lib/log4j-1.2.17.jar
[2022-10-25T14:26:43.719+0000] {processor.py:770} WARNING - No viable dags retrieved from /opt/airflow/dags/hadoop-2.7.3/share/hadoop/yarn/lib/log4j-1.2.17.jar
[2022-10-25T14:26:43.762+0000] {processor.py:178} INFO - Processing /opt/airflow/dags/hadoop-2.7.3/share/hadoop/yarn/lib/log4j-1.2.17.jar took 0.114 seconds
[2022-10-25T14:26:58.988+0000] {processor.py:156} INFO - Started process (PID=25528) to work on /opt/airflow/dags/hadoop-2.7.3/share/hadoop/yarn/lib/log4j-1.2.17.jar
[2022-10-25T14:26:58.990+0000] {processor.py:758} INFO - Processing file /opt/airflow/dags/hadoop-2.7.3/share/hadoop/yarn/lib/log4j-1.2.17.jar for tasks to queue
[2022-10-25T14:26:58.993+0000] {logging_mixin.py:117} INFO - [2022-10-25T14:26:58.992+0000] {dagbag.py:525} INFO - Filling up the DagBag from /opt/airflow/dags/hadoop-2.7.3/share/hadoop/yarn/lib/log4j-1.2.17.jar
[2022-10-25T14:26:59.026+0000] {processor.py:770} WARNING - No viable dags retrieved from /opt/airflow/dags/hadoop-2.7.3/share/hadoop/yarn/lib/log4j-1.2.17.jar
[2022-10-25T14:26:59.077+0000] {processor.py:178} INFO - Processing /opt/airflow/dags/hadoop-2.7.3/share/hadoop/yarn/lib/log4j-1.2.17.jar took 0.097 seconds
[2022-10-25T14:27:45.984+0000] {processor.py:156} INFO - Started process (PID=25119) to work on /opt/airflow/dags/hadoop-2.7.3/share/hadoop/yarn/lib/log4j-1.2.17.jar
[2022-10-25T14:27:45.987+0000] {processor.py:758} INFO - Processing file /opt/airflow/dags/hadoop-2.7.3/share/hadoop/yarn/lib/log4j-1.2.17.jar for tasks to queue
[2022-10-25T14:27:45.990+0000] {logging_mixin.py:117} INFO - [2022-10-25T14:27:45.990+0000] {dagbag.py:525} INFO - Filling up the DagBag from /opt/airflow/dags/hadoop-2.7.3/share/hadoop/yarn/lib/log4j-1.2.17.jar
[2022-10-25T14:27:46.010+0000] {processor.py:770} WARNING - No viable dags retrieved from /opt/airflow/dags/hadoop-2.7.3/share/hadoop/yarn/lib/log4j-1.2.17.jar
[2022-10-25T14:27:46.063+0000] {processor.py:178} INFO - Processing /opt/airflow/dags/hadoop-2.7.3/share/hadoop/yarn/lib/log4j-1.2.17.jar took 0.100 seconds
[2022-10-25T14:27:53.743+0000] {processor.py:156} INFO - Started process (PID=26140) to work on /opt/airflow/dags/hadoop-2.7.3/share/hadoop/yarn/lib/log4j-1.2.17.jar
[2022-10-25T14:27:53.750+0000] {processor.py:758} INFO - Processing file /opt/airflow/dags/hadoop-2.7.3/share/hadoop/yarn/lib/log4j-1.2.17.jar for tasks to queue
[2022-10-25T14:27:53.754+0000] {logging_mixin.py:117} INFO - [2022-10-25T14:27:53.753+0000] {dagbag.py:525} INFO - Filling up the DagBag from /opt/airflow/dags/hadoop-2.7.3/share/hadoop/yarn/lib/log4j-1.2.17.jar
[2022-10-25T14:27:53.780+0000] {processor.py:770} WARNING - No viable dags retrieved from /opt/airflow/dags/hadoop-2.7.3/share/hadoop/yarn/lib/log4j-1.2.17.jar
[2022-10-25T14:27:53.835+0000] {processor.py:178} INFO - Processing /opt/airflow/dags/hadoop-2.7.3/share/hadoop/yarn/lib/log4j-1.2.17.jar took 0.101 seconds
[2022-10-25T14:28:39.216+0000] {processor.py:156} INFO - Started process (PID=25668) to work on /opt/airflow/dags/hadoop-2.7.3/share/hadoop/yarn/lib/log4j-1.2.17.jar
[2022-10-25T14:28:39.220+0000] {processor.py:758} INFO - Processing file /opt/airflow/dags/hadoop-2.7.3/share/hadoop/yarn/lib/log4j-1.2.17.jar for tasks to queue
[2022-10-25T14:28:39.226+0000] {logging_mixin.py:117} INFO - [2022-10-25T14:28:39.226+0000] {dagbag.py:525} INFO - Filling up the DagBag from /opt/airflow/dags/hadoop-2.7.3/share/hadoop/yarn/lib/log4j-1.2.17.jar
[2022-10-25T14:28:39.256+0000] {processor.py:770} WARNING - No viable dags retrieved from /opt/airflow/dags/hadoop-2.7.3/share/hadoop/yarn/lib/log4j-1.2.17.jar
[2022-10-25T14:28:39.303+0000] {processor.py:178} INFO - Processing /opt/airflow/dags/hadoop-2.7.3/share/hadoop/yarn/lib/log4j-1.2.17.jar took 0.098 seconds
[2022-10-25T14:28:43.378+0000] {processor.py:156} INFO - Started process (PID=26672) to work on /opt/airflow/dags/hadoop-2.7.3/share/hadoop/yarn/lib/log4j-1.2.17.jar
[2022-10-25T14:28:43.381+0000] {processor.py:758} INFO - Processing file /opt/airflow/dags/hadoop-2.7.3/share/hadoop/yarn/lib/log4j-1.2.17.jar for tasks to queue
[2022-10-25T14:28:43.386+0000] {logging_mixin.py:117} INFO - [2022-10-25T14:28:43.385+0000] {dagbag.py:525} INFO - Filling up the DagBag from /opt/airflow/dags/hadoop-2.7.3/share/hadoop/yarn/lib/log4j-1.2.17.jar
[2022-10-25T14:28:43.423+0000] {processor.py:770} WARNING - No viable dags retrieved from /opt/airflow/dags/hadoop-2.7.3/share/hadoop/yarn/lib/log4j-1.2.17.jar
[2022-10-25T14:28:43.499+0000] {processor.py:178} INFO - Processing /opt/airflow/dags/hadoop-2.7.3/share/hadoop/yarn/lib/log4j-1.2.17.jar took 0.132 seconds
[2022-10-25T14:30:30.910+0000] {processor.py:156} INFO - Started process (PID=26379) to work on /opt/airflow/dags/hadoop-2.7.3/share/hadoop/yarn/lib/log4j-1.2.17.jar
[2022-10-25T14:30:30.913+0000] {processor.py:758} INFO - Processing file /opt/airflow/dags/hadoop-2.7.3/share/hadoop/yarn/lib/log4j-1.2.17.jar for tasks to queue
[2022-10-25T14:30:30.917+0000] {logging_mixin.py:117} INFO - [2022-10-25T14:30:30.917+0000] {dagbag.py:525} INFO - Filling up the DagBag from /opt/airflow/dags/hadoop-2.7.3/share/hadoop/yarn/lib/log4j-1.2.17.jar
[2022-10-25T14:30:30.933+0000] {processor.py:770} WARNING - No viable dags retrieved from /opt/airflow/dags/hadoop-2.7.3/share/hadoop/yarn/lib/log4j-1.2.17.jar
[2022-10-25T14:30:30.996+0000] {processor.py:178} INFO - Processing /opt/airflow/dags/hadoop-2.7.3/share/hadoop/yarn/lib/log4j-1.2.17.jar took 0.095 seconds
[2022-10-25T14:30:42.194+0000] {processor.py:156} INFO - Started process (PID=27501) to work on /opt/airflow/dags/hadoop-2.7.3/share/hadoop/yarn/lib/log4j-1.2.17.jar
[2022-10-25T14:30:42.198+0000] {processor.py:758} INFO - Processing file /opt/airflow/dags/hadoop-2.7.3/share/hadoop/yarn/lib/log4j-1.2.17.jar for tasks to queue
[2022-10-25T14:30:42.201+0000] {logging_mixin.py:117} INFO - [2022-10-25T14:30:42.200+0000] {dagbag.py:525} INFO - Filling up the DagBag from /opt/airflow/dags/hadoop-2.7.3/share/hadoop/yarn/lib/log4j-1.2.17.jar
[2022-10-25T14:30:42.229+0000] {processor.py:770} WARNING - No viable dags retrieved from /opt/airflow/dags/hadoop-2.7.3/share/hadoop/yarn/lib/log4j-1.2.17.jar
[2022-10-25T14:30:42.309+0000] {processor.py:178} INFO - Processing /opt/airflow/dags/hadoop-2.7.3/share/hadoop/yarn/lib/log4j-1.2.17.jar took 0.132 seconds
[2022-10-25T14:31:48.940+0000] {processor.py:156} INFO - Started process (PID=27073) to work on /opt/airflow/dags/hadoop-2.7.3/share/hadoop/yarn/lib/log4j-1.2.17.jar
[2022-10-25T14:31:48.946+0000] {processor.py:758} INFO - Processing file /opt/airflow/dags/hadoop-2.7.3/share/hadoop/yarn/lib/log4j-1.2.17.jar for tasks to queue
[2022-10-25T14:31:48.949+0000] {logging_mixin.py:117} INFO - [2022-10-25T14:31:48.949+0000] {dagbag.py:525} INFO - Filling up the DagBag from /opt/airflow/dags/hadoop-2.7.3/share/hadoop/yarn/lib/log4j-1.2.17.jar
[2022-10-25T14:31:48.979+0000] {processor.py:770} WARNING - No viable dags retrieved from /opt/airflow/dags/hadoop-2.7.3/share/hadoop/yarn/lib/log4j-1.2.17.jar
[2022-10-25T14:31:49.051+0000] {processor.py:178} INFO - Processing /opt/airflow/dags/hadoop-2.7.3/share/hadoop/yarn/lib/log4j-1.2.17.jar took 0.130 seconds
[2022-10-25T14:31:54.410+0000] {processor.py:156} INFO - Started process (PID=28184) to work on /opt/airflow/dags/hadoop-2.7.3/share/hadoop/yarn/lib/log4j-1.2.17.jar
[2022-10-25T14:31:54.414+0000] {processor.py:758} INFO - Processing file /opt/airflow/dags/hadoop-2.7.3/share/hadoop/yarn/lib/log4j-1.2.17.jar for tasks to queue
[2022-10-25T14:31:54.417+0000] {logging_mixin.py:117} INFO - [2022-10-25T14:31:54.417+0000] {dagbag.py:525} INFO - Filling up the DagBag from /opt/airflow/dags/hadoop-2.7.3/share/hadoop/yarn/lib/log4j-1.2.17.jar
[2022-10-25T14:31:54.442+0000] {processor.py:770} WARNING - No viable dags retrieved from /opt/airflow/dags/hadoop-2.7.3/share/hadoop/yarn/lib/log4j-1.2.17.jar
[2022-10-25T14:31:54.483+0000] {processor.py:178} INFO - Processing /opt/airflow/dags/hadoop-2.7.3/share/hadoop/yarn/lib/log4j-1.2.17.jar took 0.081 seconds
[2022-10-25T14:32:54.200+0000] {processor.py:156} INFO - Started process (PID=28821) to work on /opt/airflow/dags/hadoop-2.7.3/share/hadoop/yarn/lib/log4j-1.2.17.jar
[2022-10-25T14:32:54.203+0000] {processor.py:758} INFO - Processing file /opt/airflow/dags/hadoop-2.7.3/share/hadoop/yarn/lib/log4j-1.2.17.jar for tasks to queue
[2022-10-25T14:32:54.205+0000] {logging_mixin.py:117} INFO - [2022-10-25T14:32:54.205+0000] {dagbag.py:525} INFO - Filling up the DagBag from /opt/airflow/dags/hadoop-2.7.3/share/hadoop/yarn/lib/log4j-1.2.17.jar
[2022-10-25T14:32:54.221+0000] {processor.py:770} WARNING - No viable dags retrieved from /opt/airflow/dags/hadoop-2.7.3/share/hadoop/yarn/lib/log4j-1.2.17.jar
[2022-10-25T14:32:54.256+0000] {processor.py:178} INFO - Processing /opt/airflow/dags/hadoop-2.7.3/share/hadoop/yarn/lib/log4j-1.2.17.jar took 0.062 seconds
[2022-10-25T14:32:55.378+0000] {processor.py:156} INFO - Started process (PID=27755) to work on /opt/airflow/dags/hadoop-2.7.3/share/hadoop/yarn/lib/log4j-1.2.17.jar
[2022-10-25T14:32:55.384+0000] {processor.py:758} INFO - Processing file /opt/airflow/dags/hadoop-2.7.3/share/hadoop/yarn/lib/log4j-1.2.17.jar for tasks to queue
[2022-10-25T14:32:55.386+0000] {logging_mixin.py:117} INFO - [2022-10-25T14:32:55.386+0000] {dagbag.py:525} INFO - Filling up the DagBag from /opt/airflow/dags/hadoop-2.7.3/share/hadoop/yarn/lib/log4j-1.2.17.jar
[2022-10-25T14:32:55.415+0000] {processor.py:770} WARNING - No viable dags retrieved from /opt/airflow/dags/hadoop-2.7.3/share/hadoop/yarn/lib/log4j-1.2.17.jar
[2022-10-25T14:32:55.477+0000] {processor.py:178} INFO - Processing /opt/airflow/dags/hadoop-2.7.3/share/hadoop/yarn/lib/log4j-1.2.17.jar took 0.114 seconds
[2022-10-25T14:33:51.625+0000] {processor.py:156} INFO - Started process (PID=29415) to work on /opt/airflow/dags/hadoop-2.7.3/share/hadoop/yarn/lib/log4j-1.2.17.jar
[2022-10-25T14:33:51.627+0000] {processor.py:758} INFO - Processing file /opt/airflow/dags/hadoop-2.7.3/share/hadoop/yarn/lib/log4j-1.2.17.jar for tasks to queue
[2022-10-25T14:33:51.632+0000] {logging_mixin.py:117} INFO - [2022-10-25T14:33:51.631+0000] {dagbag.py:525} INFO - Filling up the DagBag from /opt/airflow/dags/hadoop-2.7.3/share/hadoop/yarn/lib/log4j-1.2.17.jar
[2022-10-25T14:33:51.648+0000] {processor.py:770} WARNING - No viable dags retrieved from /opt/airflow/dags/hadoop-2.7.3/share/hadoop/yarn/lib/log4j-1.2.17.jar
[2022-10-25T14:33:51.698+0000] {processor.py:178} INFO - Processing /opt/airflow/dags/hadoop-2.7.3/share/hadoop/yarn/lib/log4j-1.2.17.jar took 0.082 seconds
[2022-10-25T14:34:49.046+0000] {processor.py:156} INFO - Started process (PID=28419) to work on /opt/airflow/dags/hadoop-2.7.3/share/hadoop/yarn/lib/log4j-1.2.17.jar
[2022-10-25T14:34:49.050+0000] {processor.py:758} INFO - Processing file /opt/airflow/dags/hadoop-2.7.3/share/hadoop/yarn/lib/log4j-1.2.17.jar for tasks to queue
[2022-10-25T14:34:49.052+0000] {logging_mixin.py:117} INFO - [2022-10-25T14:34:49.052+0000] {dagbag.py:525} INFO - Filling up the DagBag from /opt/airflow/dags/hadoop-2.7.3/share/hadoop/yarn/lib/log4j-1.2.17.jar
[2022-10-25T14:34:49.068+0000] {processor.py:770} WARNING - No viable dags retrieved from /opt/airflow/dags/hadoop-2.7.3/share/hadoop/yarn/lib/log4j-1.2.17.jar
[2022-10-25T14:34:49.104+0000] {processor.py:178} INFO - Processing /opt/airflow/dags/hadoop-2.7.3/share/hadoop/yarn/lib/log4j-1.2.17.jar took 0.068 seconds
[2022-10-25T14:35:43.199+0000] {processor.py:156} INFO - Started process (PID=30174) to work on /opt/airflow/dags/hadoop-2.7.3/share/hadoop/yarn/lib/log4j-1.2.17.jar
[2022-10-25T14:35:43.203+0000] {processor.py:758} INFO - Processing file /opt/airflow/dags/hadoop-2.7.3/share/hadoop/yarn/lib/log4j-1.2.17.jar for tasks to queue
[2022-10-25T14:35:43.207+0000] {logging_mixin.py:117} INFO - [2022-10-25T14:35:43.206+0000] {dagbag.py:525} INFO - Filling up the DagBag from /opt/airflow/dags/hadoop-2.7.3/share/hadoop/yarn/lib/log4j-1.2.17.jar
[2022-10-25T14:35:43.231+0000] {processor.py:770} WARNING - No viable dags retrieved from /opt/airflow/dags/hadoop-2.7.3/share/hadoop/yarn/lib/log4j-1.2.17.jar
[2022-10-25T14:35:43.267+0000] {processor.py:178} INFO - Processing /opt/airflow/dags/hadoop-2.7.3/share/hadoop/yarn/lib/log4j-1.2.17.jar took 0.076 seconds
[2022-10-25T14:35:54.811+0000] {processor.py:156} INFO - Started process (PID=29101) to work on /opt/airflow/dags/hadoop-2.7.3/share/hadoop/yarn/lib/log4j-1.2.17.jar
[2022-10-25T14:35:54.814+0000] {processor.py:758} INFO - Processing file /opt/airflow/dags/hadoop-2.7.3/share/hadoop/yarn/lib/log4j-1.2.17.jar for tasks to queue
[2022-10-25T14:35:54.817+0000] {logging_mixin.py:117} INFO - [2022-10-25T14:35:54.817+0000] {dagbag.py:525} INFO - Filling up the DagBag from /opt/airflow/dags/hadoop-2.7.3/share/hadoop/yarn/lib/log4j-1.2.17.jar
[2022-10-25T14:35:54.832+0000] {processor.py:770} WARNING - No viable dags retrieved from /opt/airflow/dags/hadoop-2.7.3/share/hadoop/yarn/lib/log4j-1.2.17.jar
[2022-10-25T14:35:54.869+0000] {processor.py:178} INFO - Processing /opt/airflow/dags/hadoop-2.7.3/share/hadoop/yarn/lib/log4j-1.2.17.jar took 0.065 seconds
[2022-10-25T14:36:33.331+0000] {processor.py:156} INFO - Started process (PID=30720) to work on /opt/airflow/dags/hadoop-2.7.3/share/hadoop/yarn/lib/log4j-1.2.17.jar
[2022-10-25T14:36:33.335+0000] {processor.py:758} INFO - Processing file /opt/airflow/dags/hadoop-2.7.3/share/hadoop/yarn/lib/log4j-1.2.17.jar for tasks to queue
[2022-10-25T14:36:33.338+0000] {logging_mixin.py:117} INFO - [2022-10-25T14:36:33.337+0000] {dagbag.py:525} INFO - Filling up the DagBag from /opt/airflow/dags/hadoop-2.7.3/share/hadoop/yarn/lib/log4j-1.2.17.jar
[2022-10-25T14:36:33.366+0000] {processor.py:770} WARNING - No viable dags retrieved from /opt/airflow/dags/hadoop-2.7.3/share/hadoop/yarn/lib/log4j-1.2.17.jar
[2022-10-25T14:36:33.415+0000] {processor.py:178} INFO - Processing /opt/airflow/dags/hadoop-2.7.3/share/hadoop/yarn/lib/log4j-1.2.17.jar took 0.104 seconds
[2022-10-25T14:36:58.944+0000] {processor.py:156} INFO - Started process (PID=29746) to work on /opt/airflow/dags/hadoop-2.7.3/share/hadoop/yarn/lib/log4j-1.2.17.jar
[2022-10-25T14:36:58.949+0000] {processor.py:758} INFO - Processing file /opt/airflow/dags/hadoop-2.7.3/share/hadoop/yarn/lib/log4j-1.2.17.jar for tasks to queue
[2022-10-25T14:36:58.952+0000] {logging_mixin.py:117} INFO - [2022-10-25T14:36:58.952+0000] {dagbag.py:525} INFO - Filling up the DagBag from /opt/airflow/dags/hadoop-2.7.3/share/hadoop/yarn/lib/log4j-1.2.17.jar
[2022-10-25T14:36:58.981+0000] {processor.py:770} WARNING - No viable dags retrieved from /opt/airflow/dags/hadoop-2.7.3/share/hadoop/yarn/lib/log4j-1.2.17.jar
[2022-10-25T14:36:59.016+0000] {processor.py:178} INFO - Processing /opt/airflow/dags/hadoop-2.7.3/share/hadoop/yarn/lib/log4j-1.2.17.jar took 0.089 seconds
[2022-10-25T14:37:22.893+0000] {processor.py:156} INFO - Started process (PID=31275) to work on /opt/airflow/dags/hadoop-2.7.3/share/hadoop/yarn/lib/log4j-1.2.17.jar
[2022-10-25T14:37:22.910+0000] {processor.py:758} INFO - Processing file /opt/airflow/dags/hadoop-2.7.3/share/hadoop/yarn/lib/log4j-1.2.17.jar for tasks to queue
[2022-10-25T14:37:22.912+0000] {logging_mixin.py:117} INFO - [2022-10-25T14:37:22.912+0000] {dagbag.py:525} INFO - Filling up the DagBag from /opt/airflow/dags/hadoop-2.7.3/share/hadoop/yarn/lib/log4j-1.2.17.jar
[2022-10-25T14:37:22.926+0000] {processor.py:770} WARNING - No viable dags retrieved from /opt/airflow/dags/hadoop-2.7.3/share/hadoop/yarn/lib/log4j-1.2.17.jar
[2022-10-25T14:37:22.954+0000] {processor.py:178} INFO - Processing /opt/airflow/dags/hadoop-2.7.3/share/hadoop/yarn/lib/log4j-1.2.17.jar took 0.079 seconds
[2022-10-25T14:37:58.921+0000] {processor.py:156} INFO - Started process (PID=30363) to work on /opt/airflow/dags/hadoop-2.7.3/share/hadoop/yarn/lib/log4j-1.2.17.jar
[2022-10-25T14:37:58.926+0000] {processor.py:758} INFO - Processing file /opt/airflow/dags/hadoop-2.7.3/share/hadoop/yarn/lib/log4j-1.2.17.jar for tasks to queue
[2022-10-25T14:37:58.932+0000] {logging_mixin.py:117} INFO - [2022-10-25T14:37:58.931+0000] {dagbag.py:525} INFO - Filling up the DagBag from /opt/airflow/dags/hadoop-2.7.3/share/hadoop/yarn/lib/log4j-1.2.17.jar
[2022-10-25T14:37:58.953+0000] {processor.py:770} WARNING - No viable dags retrieved from /opt/airflow/dags/hadoop-2.7.3/share/hadoop/yarn/lib/log4j-1.2.17.jar
[2022-10-25T14:37:59.022+0000] {processor.py:178} INFO - Processing /opt/airflow/dags/hadoop-2.7.3/share/hadoop/yarn/lib/log4j-1.2.17.jar took 0.112 seconds
[2022-10-25T14:38:14.387+0000] {processor.py:156} INFO - Started process (PID=31823) to work on /opt/airflow/dags/hadoop-2.7.3/share/hadoop/yarn/lib/log4j-1.2.17.jar
[2022-10-25T14:38:14.391+0000] {processor.py:758} INFO - Processing file /opt/airflow/dags/hadoop-2.7.3/share/hadoop/yarn/lib/log4j-1.2.17.jar for tasks to queue
[2022-10-25T14:38:14.396+0000] {logging_mixin.py:117} INFO - [2022-10-25T14:38:14.396+0000] {dagbag.py:525} INFO - Filling up the DagBag from /opt/airflow/dags/hadoop-2.7.3/share/hadoop/yarn/lib/log4j-1.2.17.jar
[2022-10-25T14:38:14.429+0000] {processor.py:770} WARNING - No viable dags retrieved from /opt/airflow/dags/hadoop-2.7.3/share/hadoop/yarn/lib/log4j-1.2.17.jar
[2022-10-25T14:38:14.495+0000] {processor.py:178} INFO - Processing /opt/airflow/dags/hadoop-2.7.3/share/hadoop/yarn/lib/log4j-1.2.17.jar took 0.118 seconds
[2022-10-25T14:38:57.045+0000] {processor.py:156} INFO - Started process (PID=30972) to work on /opt/airflow/dags/hadoop-2.7.3/share/hadoop/yarn/lib/log4j-1.2.17.jar
[2022-10-25T14:38:57.054+0000] {processor.py:758} INFO - Processing file /opt/airflow/dags/hadoop-2.7.3/share/hadoop/yarn/lib/log4j-1.2.17.jar for tasks to queue
[2022-10-25T14:38:57.058+0000] {logging_mixin.py:117} INFO - [2022-10-25T14:38:57.057+0000] {dagbag.py:525} INFO - Filling up the DagBag from /opt/airflow/dags/hadoop-2.7.3/share/hadoop/yarn/lib/log4j-1.2.17.jar
[2022-10-25T14:38:57.080+0000] {processor.py:770} WARNING - No viable dags retrieved from /opt/airflow/dags/hadoop-2.7.3/share/hadoop/yarn/lib/log4j-1.2.17.jar
[2022-10-25T14:38:57.141+0000] {processor.py:178} INFO - Processing /opt/airflow/dags/hadoop-2.7.3/share/hadoop/yarn/lib/log4j-1.2.17.jar took 0.109 seconds
[2022-10-25T14:39:03.623+0000] {processor.py:156} INFO - Started process (PID=32367) to work on /opt/airflow/dags/hadoop-2.7.3/share/hadoop/yarn/lib/log4j-1.2.17.jar
[2022-10-25T14:39:03.629+0000] {processor.py:758} INFO - Processing file /opt/airflow/dags/hadoop-2.7.3/share/hadoop/yarn/lib/log4j-1.2.17.jar for tasks to queue
[2022-10-25T14:39:03.632+0000] {logging_mixin.py:117} INFO - [2022-10-25T14:39:03.632+0000] {dagbag.py:525} INFO - Filling up the DagBag from /opt/airflow/dags/hadoop-2.7.3/share/hadoop/yarn/lib/log4j-1.2.17.jar
[2022-10-25T14:39:03.656+0000] {processor.py:770} WARNING - No viable dags retrieved from /opt/airflow/dags/hadoop-2.7.3/share/hadoop/yarn/lib/log4j-1.2.17.jar
[2022-10-25T14:39:03.700+0000] {processor.py:178} INFO - Processing /opt/airflow/dags/hadoop-2.7.3/share/hadoop/yarn/lib/log4j-1.2.17.jar took 0.089 seconds
[2022-10-25T14:40:30.302+0000] {processor.py:156} INFO - Started process (PID=31527) to work on /opt/airflow/dags/hadoop-2.7.3/share/hadoop/yarn/lib/log4j-1.2.17.jar
[2022-10-25T14:40:30.308+0000] {processor.py:758} INFO - Processing file /opt/airflow/dags/hadoop-2.7.3/share/hadoop/yarn/lib/log4j-1.2.17.jar for tasks to queue
[2022-10-25T14:40:30.314+0000] {logging_mixin.py:117} INFO - [2022-10-25T14:40:30.313+0000] {dagbag.py:525} INFO - Filling up the DagBag from /opt/airflow/dags/hadoop-2.7.3/share/hadoop/yarn/lib/log4j-1.2.17.jar
[2022-10-25T14:40:30.336+0000] {processor.py:770} WARNING - No viable dags retrieved from /opt/airflow/dags/hadoop-2.7.3/share/hadoop/yarn/lib/log4j-1.2.17.jar
[2022-10-25T14:40:30.375+0000] {processor.py:178} INFO - Processing /opt/airflow/dags/hadoop-2.7.3/share/hadoop/yarn/lib/log4j-1.2.17.jar took 0.085 seconds
[2022-10-25T14:40:45.406+0000] {processor.py:156} INFO - Started process (PID=33050) to work on /opt/airflow/dags/hadoop-2.7.3/share/hadoop/yarn/lib/log4j-1.2.17.jar
[2022-10-25T14:40:45.411+0000] {processor.py:758} INFO - Processing file /opt/airflow/dags/hadoop-2.7.3/share/hadoop/yarn/lib/log4j-1.2.17.jar for tasks to queue
[2022-10-25T14:40:45.414+0000] {logging_mixin.py:117} INFO - [2022-10-25T14:40:45.414+0000] {dagbag.py:525} INFO - Filling up the DagBag from /opt/airflow/dags/hadoop-2.7.3/share/hadoop/yarn/lib/log4j-1.2.17.jar
[2022-10-25T14:40:45.439+0000] {processor.py:770} WARNING - No viable dags retrieved from /opt/airflow/dags/hadoop-2.7.3/share/hadoop/yarn/lib/log4j-1.2.17.jar
[2022-10-25T14:40:45.489+0000] {processor.py:178} INFO - Processing /opt/airflow/dags/hadoop-2.7.3/share/hadoop/yarn/lib/log4j-1.2.17.jar took 0.093 seconds
[2022-10-25T14:41:26.211+0000] {processor.py:156} INFO - Started process (PID=32118) to work on /opt/airflow/dags/hadoop-2.7.3/share/hadoop/yarn/lib/log4j-1.2.17.jar
[2022-10-25T14:41:26.220+0000] {processor.py:758} INFO - Processing file /opt/airflow/dags/hadoop-2.7.3/share/hadoop/yarn/lib/log4j-1.2.17.jar for tasks to queue
[2022-10-25T14:41:26.234+0000] {logging_mixin.py:117} INFO - [2022-10-25T14:41:26.233+0000] {dagbag.py:525} INFO - Filling up the DagBag from /opt/airflow/dags/hadoop-2.7.3/share/hadoop/yarn/lib/log4j-1.2.17.jar
[2022-10-25T14:41:26.270+0000] {processor.py:770} WARNING - No viable dags retrieved from /opt/airflow/dags/hadoop-2.7.3/share/hadoop/yarn/lib/log4j-1.2.17.jar
[2022-10-25T14:41:26.397+0000] {processor.py:178} INFO - Processing /opt/airflow/dags/hadoop-2.7.3/share/hadoop/yarn/lib/log4j-1.2.17.jar took 0.198 seconds
[2022-10-25T14:41:47.619+0000] {processor.py:156} INFO - Started process (PID=33680) to work on /opt/airflow/dags/hadoop-2.7.3/share/hadoop/yarn/lib/log4j-1.2.17.jar
[2022-10-25T14:41:47.622+0000] {processor.py:758} INFO - Processing file /opt/airflow/dags/hadoop-2.7.3/share/hadoop/yarn/lib/log4j-1.2.17.jar for tasks to queue
[2022-10-25T14:41:47.625+0000] {logging_mixin.py:117} INFO - [2022-10-25T14:41:47.624+0000] {dagbag.py:525} INFO - Filling up the DagBag from /opt/airflow/dags/hadoop-2.7.3/share/hadoop/yarn/lib/log4j-1.2.17.jar
[2022-10-25T14:41:47.643+0000] {processor.py:770} WARNING - No viable dags retrieved from /opt/airflow/dags/hadoop-2.7.3/share/hadoop/yarn/lib/log4j-1.2.17.jar
[2022-10-25T14:41:47.679+0000] {processor.py:178} INFO - Processing /opt/airflow/dags/hadoop-2.7.3/share/hadoop/yarn/lib/log4j-1.2.17.jar took 0.068 seconds
[2022-10-25T14:42:22.213+0000] {processor.py:156} INFO - Started process (PID=32709) to work on /opt/airflow/dags/hadoop-2.7.3/share/hadoop/yarn/lib/log4j-1.2.17.jar
[2022-10-25T14:42:22.215+0000] {processor.py:758} INFO - Processing file /opt/airflow/dags/hadoop-2.7.3/share/hadoop/yarn/lib/log4j-1.2.17.jar for tasks to queue
[2022-10-25T14:42:22.218+0000] {logging_mixin.py:117} INFO - [2022-10-25T14:42:22.218+0000] {dagbag.py:525} INFO - Filling up the DagBag from /opt/airflow/dags/hadoop-2.7.3/share/hadoop/yarn/lib/log4j-1.2.17.jar
[2022-10-25T14:42:22.238+0000] {processor.py:770} WARNING - No viable dags retrieved from /opt/airflow/dags/hadoop-2.7.3/share/hadoop/yarn/lib/log4j-1.2.17.jar
[2022-10-25T14:42:22.298+0000] {processor.py:178} INFO - Processing /opt/airflow/dags/hadoop-2.7.3/share/hadoop/yarn/lib/log4j-1.2.17.jar took 0.092 seconds
[2022-10-25T14:42:43.180+0000] {processor.py:156} INFO - Started process (PID=34287) to work on /opt/airflow/dags/hadoop-2.7.3/share/hadoop/yarn/lib/log4j-1.2.17.jar
[2022-10-25T14:42:43.182+0000] {processor.py:758} INFO - Processing file /opt/airflow/dags/hadoop-2.7.3/share/hadoop/yarn/lib/log4j-1.2.17.jar for tasks to queue
[2022-10-25T14:42:43.185+0000] {logging_mixin.py:117} INFO - [2022-10-25T14:42:43.185+0000] {dagbag.py:525} INFO - Filling up the DagBag from /opt/airflow/dags/hadoop-2.7.3/share/hadoop/yarn/lib/log4j-1.2.17.jar
[2022-10-25T14:42:43.203+0000] {processor.py:770} WARNING - No viable dags retrieved from /opt/airflow/dags/hadoop-2.7.3/share/hadoop/yarn/lib/log4j-1.2.17.jar
[2022-10-25T14:42:43.231+0000] {processor.py:178} INFO - Processing /opt/airflow/dags/hadoop-2.7.3/share/hadoop/yarn/lib/log4j-1.2.17.jar took 0.057 seconds
[2022-10-25T14:43:21.092+0000] {processor.py:156} INFO - Started process (PID=33303) to work on /opt/airflow/dags/hadoop-2.7.3/share/hadoop/yarn/lib/log4j-1.2.17.jar
[2022-10-25T14:43:21.095+0000] {processor.py:758} INFO - Processing file /opt/airflow/dags/hadoop-2.7.3/share/hadoop/yarn/lib/log4j-1.2.17.jar for tasks to queue
[2022-10-25T14:43:21.098+0000] {logging_mixin.py:117} INFO - [2022-10-25T14:43:21.097+0000] {dagbag.py:525} INFO - Filling up the DagBag from /opt/airflow/dags/hadoop-2.7.3/share/hadoop/yarn/lib/log4j-1.2.17.jar
[2022-10-25T14:43:21.114+0000] {processor.py:770} WARNING - No viable dags retrieved from /opt/airflow/dags/hadoop-2.7.3/share/hadoop/yarn/lib/log4j-1.2.17.jar
[2022-10-25T14:43:21.153+0000] {processor.py:178} INFO - Processing /opt/airflow/dags/hadoop-2.7.3/share/hadoop/yarn/lib/log4j-1.2.17.jar took 0.070 seconds
[2022-10-25T14:43:32.752+0000] {processor.py:156} INFO - Started process (PID=34833) to work on /opt/airflow/dags/hadoop-2.7.3/share/hadoop/yarn/lib/log4j-1.2.17.jar
[2022-10-25T14:43:32.756+0000] {processor.py:758} INFO - Processing file /opt/airflow/dags/hadoop-2.7.3/share/hadoop/yarn/lib/log4j-1.2.17.jar for tasks to queue
[2022-10-25T14:43:32.759+0000] {logging_mixin.py:117} INFO - [2022-10-25T14:43:32.759+0000] {dagbag.py:525} INFO - Filling up the DagBag from /opt/airflow/dags/hadoop-2.7.3/share/hadoop/yarn/lib/log4j-1.2.17.jar
[2022-10-25T14:43:32.786+0000] {processor.py:770} WARNING - No viable dags retrieved from /opt/airflow/dags/hadoop-2.7.3/share/hadoop/yarn/lib/log4j-1.2.17.jar
[2022-10-25T14:43:32.840+0000] {processor.py:178} INFO - Processing /opt/airflow/dags/hadoop-2.7.3/share/hadoop/yarn/lib/log4j-1.2.17.jar took 0.100 seconds
[2022-10-25T14:44:19.656+0000] {processor.py:156} INFO - Started process (PID=35364) to work on /opt/airflow/dags/hadoop-2.7.3/share/hadoop/yarn/lib/log4j-1.2.17.jar
[2022-10-25T14:44:19.664+0000] {processor.py:758} INFO - Processing file /opt/airflow/dags/hadoop-2.7.3/share/hadoop/yarn/lib/log4j-1.2.17.jar for tasks to queue
[2022-10-25T14:44:19.668+0000] {logging_mixin.py:117} INFO - [2022-10-25T14:44:19.667+0000] {dagbag.py:525} INFO - Filling up the DagBag from /opt/airflow/dags/hadoop-2.7.3/share/hadoop/yarn/lib/log4j-1.2.17.jar
[2022-10-25T14:44:19.692+0000] {processor.py:770} WARNING - No viable dags retrieved from /opt/airflow/dags/hadoop-2.7.3/share/hadoop/yarn/lib/log4j-1.2.17.jar
[2022-10-25T14:44:19.736+0000] {processor.py:178} INFO - Processing /opt/airflow/dags/hadoop-2.7.3/share/hadoop/yarn/lib/log4j-1.2.17.jar took 0.090 seconds
[2022-10-25T15:04:00.366+0000] {processor.py:156} INFO - Started process (PID=34320) to work on /opt/airflow/dags/hadoop-2.7.3/share/hadoop/yarn/lib/log4j-1.2.17.jar
[2022-10-25T15:04:00.370+0000] {processor.py:758} INFO - Processing file /opt/airflow/dags/hadoop-2.7.3/share/hadoop/yarn/lib/log4j-1.2.17.jar for tasks to queue
[2022-10-25T15:04:00.374+0000] {logging_mixin.py:117} INFO - [2022-10-25T15:04:00.373+0000] {dagbag.py:525} INFO - Filling up the DagBag from /opt/airflow/dags/hadoop-2.7.3/share/hadoop/yarn/lib/log4j-1.2.17.jar
[2022-10-25T15:04:00.388+0000] {processor.py:770} WARNING - No viable dags retrieved from /opt/airflow/dags/hadoop-2.7.3/share/hadoop/yarn/lib/log4j-1.2.17.jar
[2022-10-25T15:04:00.432+0000] {processor.py:178} INFO - Processing /opt/airflow/dags/hadoop-2.7.3/share/hadoop/yarn/lib/log4j-1.2.17.jar took 0.077 seconds
[2022-10-25T15:04:58.526+0000] {processor.py:156} INFO - Started process (PID=36025) to work on /opt/airflow/dags/hadoop-2.7.3/share/hadoop/yarn/lib/log4j-1.2.17.jar
[2022-10-25T15:04:58.529+0000] {processor.py:758} INFO - Processing file /opt/airflow/dags/hadoop-2.7.3/share/hadoop/yarn/lib/log4j-1.2.17.jar for tasks to queue
[2022-10-25T15:04:58.532+0000] {logging_mixin.py:117} INFO - [2022-10-25T15:04:58.532+0000] {dagbag.py:525} INFO - Filling up the DagBag from /opt/airflow/dags/hadoop-2.7.3/share/hadoop/yarn/lib/log4j-1.2.17.jar
[2022-10-25T15:04:58.560+0000] {processor.py:770} WARNING - No viable dags retrieved from /opt/airflow/dags/hadoop-2.7.3/share/hadoop/yarn/lib/log4j-1.2.17.jar
[2022-10-25T15:04:58.614+0000] {processor.py:178} INFO - Processing /opt/airflow/dags/hadoop-2.7.3/share/hadoop/yarn/lib/log4j-1.2.17.jar took 0.102 seconds
[2022-10-25T15:05:35.767+0000] {processor.py:156} INFO - Started process (PID=34869) to work on /opt/airflow/dags/hadoop-2.7.3/share/hadoop/yarn/lib/log4j-1.2.17.jar
[2022-10-25T15:05:35.770+0000] {processor.py:758} INFO - Processing file /opt/airflow/dags/hadoop-2.7.3/share/hadoop/yarn/lib/log4j-1.2.17.jar for tasks to queue
[2022-10-25T15:05:35.774+0000] {logging_mixin.py:117} INFO - [2022-10-25T15:05:35.773+0000] {dagbag.py:525} INFO - Filling up the DagBag from /opt/airflow/dags/hadoop-2.7.3/share/hadoop/yarn/lib/log4j-1.2.17.jar
[2022-10-25T15:05:35.795+0000] {processor.py:770} WARNING - No viable dags retrieved from /opt/airflow/dags/hadoop-2.7.3/share/hadoop/yarn/lib/log4j-1.2.17.jar
[2022-10-25T15:05:35.839+0000] {processor.py:178} INFO - Processing /opt/airflow/dags/hadoop-2.7.3/share/hadoop/yarn/lib/log4j-1.2.17.jar took 0.084 seconds
[2022-10-25T15:06:00.287+0000] {processor.py:156} INFO - Started process (PID=36665) to work on /opt/airflow/dags/hadoop-2.7.3/share/hadoop/yarn/lib/log4j-1.2.17.jar
[2022-10-25T15:06:00.290+0000] {processor.py:758} INFO - Processing file /opt/airflow/dags/hadoop-2.7.3/share/hadoop/yarn/lib/log4j-1.2.17.jar for tasks to queue
[2022-10-25T15:06:00.294+0000] {logging_mixin.py:117} INFO - [2022-10-25T15:06:00.294+0000] {dagbag.py:525} INFO - Filling up the DagBag from /opt/airflow/dags/hadoop-2.7.3/share/hadoop/yarn/lib/log4j-1.2.17.jar
[2022-10-25T15:06:00.312+0000] {processor.py:770} WARNING - No viable dags retrieved from /opt/airflow/dags/hadoop-2.7.3/share/hadoop/yarn/lib/log4j-1.2.17.jar
[2022-10-25T15:06:00.354+0000] {processor.py:178} INFO - Processing /opt/airflow/dags/hadoop-2.7.3/share/hadoop/yarn/lib/log4j-1.2.17.jar took 0.082 seconds
[2022-10-25T15:06:39.175+0000] {processor.py:156} INFO - Started process (PID=35501) to work on /opt/airflow/dags/hadoop-2.7.3/share/hadoop/yarn/lib/log4j-1.2.17.jar
[2022-10-25T15:06:39.178+0000] {processor.py:758} INFO - Processing file /opt/airflow/dags/hadoop-2.7.3/share/hadoop/yarn/lib/log4j-1.2.17.jar for tasks to queue
[2022-10-25T15:06:39.181+0000] {logging_mixin.py:117} INFO - [2022-10-25T15:06:39.181+0000] {dagbag.py:525} INFO - Filling up the DagBag from /opt/airflow/dags/hadoop-2.7.3/share/hadoop/yarn/lib/log4j-1.2.17.jar
[2022-10-25T15:06:39.201+0000] {processor.py:770} WARNING - No viable dags retrieved from /opt/airflow/dags/hadoop-2.7.3/share/hadoop/yarn/lib/log4j-1.2.17.jar
[2022-10-25T15:06:39.261+0000] {processor.py:178} INFO - Processing /opt/airflow/dags/hadoop-2.7.3/share/hadoop/yarn/lib/log4j-1.2.17.jar took 0.093 seconds
[2022-10-25T15:06:45.683+0000] {processor.py:156} INFO - Started process (PID=37199) to work on /opt/airflow/dags/hadoop-2.7.3/share/hadoop/yarn/lib/log4j-1.2.17.jar
[2022-10-25T15:06:45.690+0000] {processor.py:758} INFO - Processing file /opt/airflow/dags/hadoop-2.7.3/share/hadoop/yarn/lib/log4j-1.2.17.jar for tasks to queue
[2022-10-25T15:06:45.695+0000] {logging_mixin.py:117} INFO - [2022-10-25T15:06:45.694+0000] {dagbag.py:525} INFO - Filling up the DagBag from /opt/airflow/dags/hadoop-2.7.3/share/hadoop/yarn/lib/log4j-1.2.17.jar
[2022-10-25T15:06:45.722+0000] {processor.py:770} WARNING - No viable dags retrieved from /opt/airflow/dags/hadoop-2.7.3/share/hadoop/yarn/lib/log4j-1.2.17.jar
[2022-10-25T15:06:45.753+0000] {processor.py:178} INFO - Processing /opt/airflow/dags/hadoop-2.7.3/share/hadoop/yarn/lib/log4j-1.2.17.jar took 0.080 seconds
