[2022-10-22T00:00:11.668+0000] {processor.py:156} INFO - Started process (PID=16806) to work on /opt/airflow/dags/hadoop-2.7.3/share/hadoop/mapreduce/hadoop-mapreduce-client-common-2.7.3.jar
[2022-10-22T00:00:11.671+0000] {processor.py:758} INFO - Processing file /opt/airflow/dags/hadoop-2.7.3/share/hadoop/mapreduce/hadoop-mapreduce-client-common-2.7.3.jar for tasks to queue
[2022-10-22T00:00:11.674+0000] {logging_mixin.py:117} INFO - [2022-10-22T00:00:11.674+0000] {dagbag.py:525} INFO - Filling up the DagBag from /opt/airflow/dags/hadoop-2.7.3/share/hadoop/mapreduce/hadoop-mapreduce-client-common-2.7.3.jar
[2022-10-22T00:00:11.702+0000] {processor.py:770} WARNING - No viable dags retrieved from /opt/airflow/dags/hadoop-2.7.3/share/hadoop/mapreduce/hadoop-mapreduce-client-common-2.7.3.jar
[2022-10-22T00:00:11.760+0000] {processor.py:178} INFO - Processing /opt/airflow/dags/hadoop-2.7.3/share/hadoop/mapreduce/hadoop-mapreduce-client-common-2.7.3.jar took 0.100 seconds
[2022-10-22T00:01:46.435+0000] {processor.py:156} INFO - Started process (PID=17429) to work on /opt/airflow/dags/hadoop-2.7.3/share/hadoop/mapreduce/hadoop-mapreduce-client-common-2.7.3.jar
[2022-10-22T00:01:46.447+0000] {processor.py:758} INFO - Processing file /opt/airflow/dags/hadoop-2.7.3/share/hadoop/mapreduce/hadoop-mapreduce-client-common-2.7.3.jar for tasks to queue
[2022-10-22T00:01:46.457+0000] {logging_mixin.py:117} INFO - [2022-10-22T00:01:46.457+0000] {dagbag.py:525} INFO - Filling up the DagBag from /opt/airflow/dags/hadoop-2.7.3/share/hadoop/mapreduce/hadoop-mapreduce-client-common-2.7.3.jar
[2022-10-22T00:01:46.504+0000] {processor.py:770} WARNING - No viable dags retrieved from /opt/airflow/dags/hadoop-2.7.3/share/hadoop/mapreduce/hadoop-mapreduce-client-common-2.7.3.jar
[2022-10-22T00:01:46.586+0000] {processor.py:178} INFO - Processing /opt/airflow/dags/hadoop-2.7.3/share/hadoop/mapreduce/hadoop-mapreduce-client-common-2.7.3.jar took 0.170 seconds
[2022-10-22T00:01:48.141+0000] {processor.py:156} INFO - Started process (PID=19707) to work on /opt/airflow/dags/hadoop-2.7.3/share/hadoop/mapreduce/hadoop-mapreduce-client-common-2.7.3.jar
[2022-10-22T00:01:48.167+0000] {processor.py:758} INFO - Processing file /opt/airflow/dags/hadoop-2.7.3/share/hadoop/mapreduce/hadoop-mapreduce-client-common-2.7.3.jar for tasks to queue
[2022-10-22T00:01:48.171+0000] {logging_mixin.py:117} INFO - [2022-10-22T00:01:48.171+0000] {dagbag.py:525} INFO - Filling up the DagBag from /opt/airflow/dags/hadoop-2.7.3/share/hadoop/mapreduce/hadoop-mapreduce-client-common-2.7.3.jar
[2022-10-22T00:01:48.230+0000] {processor.py:770} WARNING - No viable dags retrieved from /opt/airflow/dags/hadoop-2.7.3/share/hadoop/mapreduce/hadoop-mapreduce-client-common-2.7.3.jar
[2022-10-22T00:01:48.294+0000] {processor.py:178} INFO - Processing /opt/airflow/dags/hadoop-2.7.3/share/hadoop/mapreduce/hadoop-mapreduce-client-common-2.7.3.jar took 0.187 seconds
[2022-10-22T00:02:48.951+0000] {processor.py:156} INFO - Started process (PID=20308) to work on /opt/airflow/dags/hadoop-2.7.3/share/hadoop/mapreduce/hadoop-mapreduce-client-common-2.7.3.jar
[2022-10-22T00:02:48.954+0000] {processor.py:758} INFO - Processing file /opt/airflow/dags/hadoop-2.7.3/share/hadoop/mapreduce/hadoop-mapreduce-client-common-2.7.3.jar for tasks to queue
[2022-10-22T00:02:48.956+0000] {logging_mixin.py:117} INFO - [2022-10-22T00:02:48.956+0000] {dagbag.py:525} INFO - Filling up the DagBag from /opt/airflow/dags/hadoop-2.7.3/share/hadoop/mapreduce/hadoop-mapreduce-client-common-2.7.3.jar
[2022-10-22T00:02:48.975+0000] {processor.py:770} WARNING - No viable dags retrieved from /opt/airflow/dags/hadoop-2.7.3/share/hadoop/mapreduce/hadoop-mapreduce-client-common-2.7.3.jar
[2022-10-22T00:02:49.016+0000] {processor.py:178} INFO - Processing /opt/airflow/dags/hadoop-2.7.3/share/hadoop/mapreduce/hadoop-mapreduce-client-common-2.7.3.jar took 0.082 seconds
[2022-10-22T00:03:28.724+0000] {processor.py:156} INFO - Started process (PID=18015) to work on /opt/airflow/dags/hadoop-2.7.3/share/hadoop/mapreduce/hadoop-mapreduce-client-common-2.7.3.jar
[2022-10-22T00:03:28.732+0000] {processor.py:758} INFO - Processing file /opt/airflow/dags/hadoop-2.7.3/share/hadoop/mapreduce/hadoop-mapreduce-client-common-2.7.3.jar for tasks to queue
[2022-10-22T00:03:28.735+0000] {logging_mixin.py:117} INFO - [2022-10-22T00:03:28.734+0000] {dagbag.py:525} INFO - Filling up the DagBag from /opt/airflow/dags/hadoop-2.7.3/share/hadoop/mapreduce/hadoop-mapreduce-client-common-2.7.3.jar
[2022-10-22T00:03:28.773+0000] {processor.py:770} WARNING - No viable dags retrieved from /opt/airflow/dags/hadoop-2.7.3/share/hadoop/mapreduce/hadoop-mapreduce-client-common-2.7.3.jar
[2022-10-22T00:03:28.838+0000] {processor.py:178} INFO - Processing /opt/airflow/dags/hadoop-2.7.3/share/hadoop/mapreduce/hadoop-mapreduce-client-common-2.7.3.jar took 0.126 seconds
[2022-10-22T00:04:10.019+0000] {processor.py:156} INFO - Started process (PID=20782) to work on /opt/airflow/dags/hadoop-2.7.3/share/hadoop/mapreduce/hadoop-mapreduce-client-common-2.7.3.jar
[2022-10-22T00:04:10.023+0000] {processor.py:758} INFO - Processing file /opt/airflow/dags/hadoop-2.7.3/share/hadoop/mapreduce/hadoop-mapreduce-client-common-2.7.3.jar for tasks to queue
[2022-10-22T00:04:10.027+0000] {logging_mixin.py:117} INFO - [2022-10-22T00:04:10.026+0000] {dagbag.py:525} INFO - Filling up the DagBag from /opt/airflow/dags/hadoop-2.7.3/share/hadoop/mapreduce/hadoop-mapreduce-client-common-2.7.3.jar
[2022-10-22T00:04:10.053+0000] {processor.py:770} WARNING - No viable dags retrieved from /opt/airflow/dags/hadoop-2.7.3/share/hadoop/mapreduce/hadoop-mapreduce-client-common-2.7.3.jar
[2022-10-22T00:04:10.104+0000] {processor.py:178} INFO - Processing /opt/airflow/dags/hadoop-2.7.3/share/hadoop/mapreduce/hadoop-mapreduce-client-common-2.7.3.jar took 0.096 seconds
[2022-10-22T00:04:36.888+0000] {processor.py:156} INFO - Started process (PID=18616) to work on /opt/airflow/dags/hadoop-2.7.3/share/hadoop/mapreduce/hadoop-mapreduce-client-common-2.7.3.jar
[2022-10-22T00:04:36.892+0000] {processor.py:758} INFO - Processing file /opt/airflow/dags/hadoop-2.7.3/share/hadoop/mapreduce/hadoop-mapreduce-client-common-2.7.3.jar for tasks to queue
[2022-10-22T00:04:36.895+0000] {logging_mixin.py:117} INFO - [2022-10-22T00:04:36.895+0000] {dagbag.py:525} INFO - Filling up the DagBag from /opt/airflow/dags/hadoop-2.7.3/share/hadoop/mapreduce/hadoop-mapreduce-client-common-2.7.3.jar
[2022-10-22T00:04:36.914+0000] {processor.py:770} WARNING - No viable dags retrieved from /opt/airflow/dags/hadoop-2.7.3/share/hadoop/mapreduce/hadoop-mapreduce-client-common-2.7.3.jar
[2022-10-22T00:04:36.955+0000] {processor.py:178} INFO - Processing /opt/airflow/dags/hadoop-2.7.3/share/hadoop/mapreduce/hadoop-mapreduce-client-common-2.7.3.jar took 0.078 seconds
[2022-10-22T00:05:06.750+0000] {processor.py:156} INFO - Started process (PID=21310) to work on /opt/airflow/dags/hadoop-2.7.3/share/hadoop/mapreduce/hadoop-mapreduce-client-common-2.7.3.jar
[2022-10-22T00:05:06.764+0000] {processor.py:758} INFO - Processing file /opt/airflow/dags/hadoop-2.7.3/share/hadoop/mapreduce/hadoop-mapreduce-client-common-2.7.3.jar for tasks to queue
[2022-10-22T00:05:06.767+0000] {logging_mixin.py:117} INFO - [2022-10-22T00:05:06.767+0000] {dagbag.py:525} INFO - Filling up the DagBag from /opt/airflow/dags/hadoop-2.7.3/share/hadoop/mapreduce/hadoop-mapreduce-client-common-2.7.3.jar
[2022-10-22T00:05:06.787+0000] {processor.py:770} WARNING - No viable dags retrieved from /opt/airflow/dags/hadoop-2.7.3/share/hadoop/mapreduce/hadoop-mapreduce-client-common-2.7.3.jar
[2022-10-22T00:05:06.835+0000] {processor.py:178} INFO - Processing /opt/airflow/dags/hadoop-2.7.3/share/hadoop/mapreduce/hadoop-mapreduce-client-common-2.7.3.jar took 0.105 seconds
[2022-10-22T00:05:31.830+0000] {processor.py:156} INFO - Started process (PID=19138) to work on /opt/airflow/dags/hadoop-2.7.3/share/hadoop/mapreduce/hadoop-mapreduce-client-common-2.7.3.jar
[2022-10-22T00:05:31.833+0000] {processor.py:758} INFO - Processing file /opt/airflow/dags/hadoop-2.7.3/share/hadoop/mapreduce/hadoop-mapreduce-client-common-2.7.3.jar for tasks to queue
[2022-10-22T00:05:31.839+0000] {logging_mixin.py:117} INFO - [2022-10-22T00:05:31.838+0000] {dagbag.py:525} INFO - Filling up the DagBag from /opt/airflow/dags/hadoop-2.7.3/share/hadoop/mapreduce/hadoop-mapreduce-client-common-2.7.3.jar
[2022-10-22T00:05:31.857+0000] {processor.py:770} WARNING - No viable dags retrieved from /opt/airflow/dags/hadoop-2.7.3/share/hadoop/mapreduce/hadoop-mapreduce-client-common-2.7.3.jar
[2022-10-22T00:05:31.898+0000] {processor.py:178} INFO - Processing /opt/airflow/dags/hadoop-2.7.3/share/hadoop/mapreduce/hadoop-mapreduce-client-common-2.7.3.jar took 0.080 seconds
[2022-10-22T00:05:51.892+0000] {processor.py:156} INFO - Started process (PID=21776) to work on /opt/airflow/dags/hadoop-2.7.3/share/hadoop/mapreduce/hadoop-mapreduce-client-common-2.7.3.jar
[2022-10-22T00:05:51.897+0000] {processor.py:758} INFO - Processing file /opt/airflow/dags/hadoop-2.7.3/share/hadoop/mapreduce/hadoop-mapreduce-client-common-2.7.3.jar for tasks to queue
[2022-10-22T00:05:51.900+0000] {logging_mixin.py:117} INFO - [2022-10-22T00:05:51.900+0000] {dagbag.py:525} INFO - Filling up the DagBag from /opt/airflow/dags/hadoop-2.7.3/share/hadoop/mapreduce/hadoop-mapreduce-client-common-2.7.3.jar
[2022-10-22T00:05:51.923+0000] {processor.py:770} WARNING - No viable dags retrieved from /opt/airflow/dags/hadoop-2.7.3/share/hadoop/mapreduce/hadoop-mapreduce-client-common-2.7.3.jar
[2022-10-22T00:05:51.980+0000] {processor.py:178} INFO - Processing /opt/airflow/dags/hadoop-2.7.3/share/hadoop/mapreduce/hadoop-mapreduce-client-common-2.7.3.jar took 0.100 seconds
[2022-10-22T00:06:33.911+0000] {processor.py:156} INFO - Started process (PID=19735) to work on /opt/airflow/dags/hadoop-2.7.3/share/hadoop/mapreduce/hadoop-mapreduce-client-common-2.7.3.jar
[2022-10-22T00:06:33.916+0000] {processor.py:758} INFO - Processing file /opt/airflow/dags/hadoop-2.7.3/share/hadoop/mapreduce/hadoop-mapreduce-client-common-2.7.3.jar for tasks to queue
[2022-10-22T00:06:33.920+0000] {logging_mixin.py:117} INFO - [2022-10-22T00:06:33.920+0000] {dagbag.py:525} INFO - Filling up the DagBag from /opt/airflow/dags/hadoop-2.7.3/share/hadoop/mapreduce/hadoop-mapreduce-client-common-2.7.3.jar
[2022-10-22T00:06:33.951+0000] {processor.py:770} WARNING - No viable dags retrieved from /opt/airflow/dags/hadoop-2.7.3/share/hadoop/mapreduce/hadoop-mapreduce-client-common-2.7.3.jar
[2022-10-22T00:06:33.995+0000] {processor.py:178} INFO - Processing /opt/airflow/dags/hadoop-2.7.3/share/hadoop/mapreduce/hadoop-mapreduce-client-common-2.7.3.jar took 0.093 seconds
[2022-10-22T00:06:40.025+0000] {processor.py:156} INFO - Started process (PID=22242) to work on /opt/airflow/dags/hadoop-2.7.3/share/hadoop/mapreduce/hadoop-mapreduce-client-common-2.7.3.jar
[2022-10-22T00:06:40.029+0000] {processor.py:758} INFO - Processing file /opt/airflow/dags/hadoop-2.7.3/share/hadoop/mapreduce/hadoop-mapreduce-client-common-2.7.3.jar for tasks to queue
[2022-10-22T00:06:40.033+0000] {logging_mixin.py:117} INFO - [2022-10-22T00:06:40.032+0000] {dagbag.py:525} INFO - Filling up the DagBag from /opt/airflow/dags/hadoop-2.7.3/share/hadoop/mapreduce/hadoop-mapreduce-client-common-2.7.3.jar
[2022-10-22T00:06:40.055+0000] {processor.py:770} WARNING - No viable dags retrieved from /opt/airflow/dags/hadoop-2.7.3/share/hadoop/mapreduce/hadoop-mapreduce-client-common-2.7.3.jar
[2022-10-22T00:06:40.095+0000] {processor.py:178} INFO - Processing /opt/airflow/dags/hadoop-2.7.3/share/hadoop/mapreduce/hadoop-mapreduce-client-common-2.7.3.jar took 0.078 seconds
[2022-10-22T00:07:22.251+0000] {processor.py:156} INFO - Started process (PID=20216) to work on /opt/airflow/dags/hadoop-2.7.3/share/hadoop/mapreduce/hadoop-mapreduce-client-common-2.7.3.jar
[2022-10-22T00:07:22.254+0000] {processor.py:758} INFO - Processing file /opt/airflow/dags/hadoop-2.7.3/share/hadoop/mapreduce/hadoop-mapreduce-client-common-2.7.3.jar for tasks to queue
[2022-10-22T00:07:22.260+0000] {logging_mixin.py:117} INFO - [2022-10-22T00:07:22.258+0000] {dagbag.py:525} INFO - Filling up the DagBag from /opt/airflow/dags/hadoop-2.7.3/share/hadoop/mapreduce/hadoop-mapreduce-client-common-2.7.3.jar
[2022-10-22T00:07:22.310+0000] {processor.py:770} WARNING - No viable dags retrieved from /opt/airflow/dags/hadoop-2.7.3/share/hadoop/mapreduce/hadoop-mapreduce-client-common-2.7.3.jar
[2022-10-22T00:07:22.357+0000] {processor.py:178} INFO - Processing /opt/airflow/dags/hadoop-2.7.3/share/hadoop/mapreduce/hadoop-mapreduce-client-common-2.7.3.jar took 0.121 seconds
[2022-10-22T00:07:42.873+0000] {processor.py:156} INFO - Started process (PID=22872) to work on /opt/airflow/dags/hadoop-2.7.3/share/hadoop/mapreduce/hadoop-mapreduce-client-common-2.7.3.jar
[2022-10-22T00:07:42.877+0000] {processor.py:758} INFO - Processing file /opt/airflow/dags/hadoop-2.7.3/share/hadoop/mapreduce/hadoop-mapreduce-client-common-2.7.3.jar for tasks to queue
[2022-10-22T00:07:42.880+0000] {logging_mixin.py:117} INFO - [2022-10-22T00:07:42.879+0000] {dagbag.py:525} INFO - Filling up the DagBag from /opt/airflow/dags/hadoop-2.7.3/share/hadoop/mapreduce/hadoop-mapreduce-client-common-2.7.3.jar
[2022-10-22T00:07:42.900+0000] {processor.py:770} WARNING - No viable dags retrieved from /opt/airflow/dags/hadoop-2.7.3/share/hadoop/mapreduce/hadoop-mapreduce-client-common-2.7.3.jar
[2022-10-22T00:07:42.944+0000] {processor.py:178} INFO - Processing /opt/airflow/dags/hadoop-2.7.3/share/hadoop/mapreduce/hadoop-mapreduce-client-common-2.7.3.jar took 0.081 seconds
[2022-10-22T00:08:59.242+0000] {processor.py:156} INFO - Started process (PID=20762) to work on /opt/airflow/dags/hadoop-2.7.3/share/hadoop/mapreduce/hadoop-mapreduce-client-common-2.7.3.jar
[2022-10-22T00:08:59.247+0000] {processor.py:758} INFO - Processing file /opt/airflow/dags/hadoop-2.7.3/share/hadoop/mapreduce/hadoop-mapreduce-client-common-2.7.3.jar for tasks to queue
[2022-10-22T00:08:59.251+0000] {logging_mixin.py:117} INFO - [2022-10-22T00:08:59.251+0000] {dagbag.py:525} INFO - Filling up the DagBag from /opt/airflow/dags/hadoop-2.7.3/share/hadoop/mapreduce/hadoop-mapreduce-client-common-2.7.3.jar
[2022-10-22T00:08:59.289+0000] {processor.py:770} WARNING - No viable dags retrieved from /opt/airflow/dags/hadoop-2.7.3/share/hadoop/mapreduce/hadoop-mapreduce-client-common-2.7.3.jar
[2022-10-22T00:08:59.348+0000] {processor.py:178} INFO - Processing /opt/airflow/dags/hadoop-2.7.3/share/hadoop/mapreduce/hadoop-mapreduce-client-common-2.7.3.jar took 0.117 seconds
[2022-10-22T00:09:17.052+0000] {processor.py:156} INFO - Started process (PID=23397) to work on /opt/airflow/dags/hadoop-2.7.3/share/hadoop/mapreduce/hadoop-mapreduce-client-common-2.7.3.jar
[2022-10-22T00:09:17.055+0000] {processor.py:758} INFO - Processing file /opt/airflow/dags/hadoop-2.7.3/share/hadoop/mapreduce/hadoop-mapreduce-client-common-2.7.3.jar for tasks to queue
[2022-10-22T00:09:17.059+0000] {logging_mixin.py:117} INFO - [2022-10-22T00:09:17.058+0000] {dagbag.py:525} INFO - Filling up the DagBag from /opt/airflow/dags/hadoop-2.7.3/share/hadoop/mapreduce/hadoop-mapreduce-client-common-2.7.3.jar
[2022-10-22T00:09:17.095+0000] {processor.py:770} WARNING - No viable dags retrieved from /opt/airflow/dags/hadoop-2.7.3/share/hadoop/mapreduce/hadoop-mapreduce-client-common-2.7.3.jar
[2022-10-22T00:09:17.149+0000] {processor.py:178} INFO - Processing /opt/airflow/dags/hadoop-2.7.3/share/hadoop/mapreduce/hadoop-mapreduce-client-common-2.7.3.jar took 0.115 seconds
[2022-10-22T00:09:55.653+0000] {processor.py:156} INFO - Started process (PID=21287) to work on /opt/airflow/dags/hadoop-2.7.3/share/hadoop/mapreduce/hadoop-mapreduce-client-common-2.7.3.jar
[2022-10-22T00:09:55.657+0000] {processor.py:758} INFO - Processing file /opt/airflow/dags/hadoop-2.7.3/share/hadoop/mapreduce/hadoop-mapreduce-client-common-2.7.3.jar for tasks to queue
[2022-10-22T00:09:55.667+0000] {logging_mixin.py:117} INFO - [2022-10-22T00:09:55.666+0000] {dagbag.py:525} INFO - Filling up the DagBag from /opt/airflow/dags/hadoop-2.7.3/share/hadoop/mapreduce/hadoop-mapreduce-client-common-2.7.3.jar
[2022-10-22T00:09:55.690+0000] {processor.py:770} WARNING - No viable dags retrieved from /opt/airflow/dags/hadoop-2.7.3/share/hadoop/mapreduce/hadoop-mapreduce-client-common-2.7.3.jar
[2022-10-22T00:09:55.748+0000] {processor.py:178} INFO - Processing /opt/airflow/dags/hadoop-2.7.3/share/hadoop/mapreduce/hadoop-mapreduce-client-common-2.7.3.jar took 0.107 seconds
[2022-10-22T00:11:18.666+0000] {processor.py:156} INFO - Started process (PID=23921) to work on /opt/airflow/dags/hadoop-2.7.3/share/hadoop/mapreduce/hadoop-mapreduce-client-common-2.7.3.jar
[2022-10-22T00:11:18.676+0000] {processor.py:758} INFO - Processing file /opt/airflow/dags/hadoop-2.7.3/share/hadoop/mapreduce/hadoop-mapreduce-client-common-2.7.3.jar for tasks to queue
[2022-10-22T00:11:18.679+0000] {logging_mixin.py:117} INFO - [2022-10-22T00:11:18.678+0000] {dagbag.py:525} INFO - Filling up the DagBag from /opt/airflow/dags/hadoop-2.7.3/share/hadoop/mapreduce/hadoop-mapreduce-client-common-2.7.3.jar
[2022-10-22T00:11:18.692+0000] {processor.py:770} WARNING - No viable dags retrieved from /opt/airflow/dags/hadoop-2.7.3/share/hadoop/mapreduce/hadoop-mapreduce-client-common-2.7.3.jar
[2022-10-22T00:11:18.741+0000] {processor.py:178} INFO - Processing /opt/airflow/dags/hadoop-2.7.3/share/hadoop/mapreduce/hadoop-mapreduce-client-common-2.7.3.jar took 0.100 seconds
[2022-10-22T00:11:35.324+0000] {processor.py:156} INFO - Started process (PID=21689) to work on /opt/airflow/dags/hadoop-2.7.3/share/hadoop/mapreduce/hadoop-mapreduce-client-common-2.7.3.jar
[2022-10-22T00:11:35.327+0000] {processor.py:758} INFO - Processing file /opt/airflow/dags/hadoop-2.7.3/share/hadoop/mapreduce/hadoop-mapreduce-client-common-2.7.3.jar for tasks to queue
[2022-10-22T00:11:35.328+0000] {logging_mixin.py:117} INFO - [2022-10-22T00:11:35.328+0000] {dagbag.py:525} INFO - Filling up the DagBag from /opt/airflow/dags/hadoop-2.7.3/share/hadoop/mapreduce/hadoop-mapreduce-client-common-2.7.3.jar
[2022-10-22T00:11:35.347+0000] {processor.py:770} WARNING - No viable dags retrieved from /opt/airflow/dags/hadoop-2.7.3/share/hadoop/mapreduce/hadoop-mapreduce-client-common-2.7.3.jar
[2022-10-22T00:11:35.391+0000] {processor.py:178} INFO - Processing /opt/airflow/dags/hadoop-2.7.3/share/hadoop/mapreduce/hadoop-mapreduce-client-common-2.7.3.jar took 0.077 seconds
[2022-10-22T00:11:55.233+0000] {processor.py:156} INFO - Started process (PID=24437) to work on /opt/airflow/dags/hadoop-2.7.3/share/hadoop/mapreduce/hadoop-mapreduce-client-common-2.7.3.jar
[2022-10-22T00:11:55.237+0000] {processor.py:758} INFO - Processing file /opt/airflow/dags/hadoop-2.7.3/share/hadoop/mapreduce/hadoop-mapreduce-client-common-2.7.3.jar for tasks to queue
[2022-10-22T00:11:55.239+0000] {logging_mixin.py:117} INFO - [2022-10-22T00:11:55.239+0000] {dagbag.py:525} INFO - Filling up the DagBag from /opt/airflow/dags/hadoop-2.7.3/share/hadoop/mapreduce/hadoop-mapreduce-client-common-2.7.3.jar
[2022-10-22T00:11:55.253+0000] {processor.py:770} WARNING - No viable dags retrieved from /opt/airflow/dags/hadoop-2.7.3/share/hadoop/mapreduce/hadoop-mapreduce-client-common-2.7.3.jar
[2022-10-22T00:11:55.301+0000] {processor.py:178} INFO - Processing /opt/airflow/dags/hadoop-2.7.3/share/hadoop/mapreduce/hadoop-mapreduce-client-common-2.7.3.jar took 0.081 seconds
[2022-10-22T00:12:23.375+0000] {processor.py:156} INFO - Started process (PID=22206) to work on /opt/airflow/dags/hadoop-2.7.3/share/hadoop/mapreduce/hadoop-mapreduce-client-common-2.7.3.jar
[2022-10-22T00:12:23.378+0000] {processor.py:758} INFO - Processing file /opt/airflow/dags/hadoop-2.7.3/share/hadoop/mapreduce/hadoop-mapreduce-client-common-2.7.3.jar for tasks to queue
[2022-10-22T00:12:23.382+0000] {logging_mixin.py:117} INFO - [2022-10-22T00:12:23.382+0000] {dagbag.py:525} INFO - Filling up the DagBag from /opt/airflow/dags/hadoop-2.7.3/share/hadoop/mapreduce/hadoop-mapreduce-client-common-2.7.3.jar
[2022-10-22T00:12:23.409+0000] {processor.py:770} WARNING - No viable dags retrieved from /opt/airflow/dags/hadoop-2.7.3/share/hadoop/mapreduce/hadoop-mapreduce-client-common-2.7.3.jar
[2022-10-22T00:12:23.464+0000] {processor.py:178} INFO - Processing /opt/airflow/dags/hadoop-2.7.3/share/hadoop/mapreduce/hadoop-mapreduce-client-common-2.7.3.jar took 0.097 seconds
[2022-10-22T00:15:24.378+0000] {processor.py:156} INFO - Started process (PID=22671) to work on /opt/airflow/dags/hadoop-2.7.3/share/hadoop/mapreduce/hadoop-mapreduce-client-common-2.7.3.jar
[2022-10-22T00:15:24.380+0000] {processor.py:758} INFO - Processing file /opt/airflow/dags/hadoop-2.7.3/share/hadoop/mapreduce/hadoop-mapreduce-client-common-2.7.3.jar for tasks to queue
[2022-10-22T00:15:24.383+0000] {logging_mixin.py:117} INFO - [2022-10-22T00:15:24.382+0000] {dagbag.py:525} INFO - Filling up the DagBag from /opt/airflow/dags/hadoop-2.7.3/share/hadoop/mapreduce/hadoop-mapreduce-client-common-2.7.3.jar
[2022-10-22T00:15:24.405+0000] {processor.py:770} WARNING - No viable dags retrieved from /opt/airflow/dags/hadoop-2.7.3/share/hadoop/mapreduce/hadoop-mapreduce-client-common-2.7.3.jar
[2022-10-22T00:15:24.472+0000] {processor.py:178} INFO - Processing /opt/airflow/dags/hadoop-2.7.3/share/hadoop/mapreduce/hadoop-mapreduce-client-common-2.7.3.jar took 0.114 seconds
[2022-10-22T00:15:38.153+0000] {processor.py:156} INFO - Started process (PID=25232) to work on /opt/airflow/dags/hadoop-2.7.3/share/hadoop/mapreduce/hadoop-mapreduce-client-common-2.7.3.jar
[2022-10-22T00:15:38.155+0000] {processor.py:758} INFO - Processing file /opt/airflow/dags/hadoop-2.7.3/share/hadoop/mapreduce/hadoop-mapreduce-client-common-2.7.3.jar for tasks to queue
[2022-10-22T00:15:38.158+0000] {logging_mixin.py:117} INFO - [2022-10-22T00:15:38.157+0000] {dagbag.py:525} INFO - Filling up the DagBag from /opt/airflow/dags/hadoop-2.7.3/share/hadoop/mapreduce/hadoop-mapreduce-client-common-2.7.3.jar
[2022-10-22T00:15:38.196+0000] {processor.py:770} WARNING - No viable dags retrieved from /opt/airflow/dags/hadoop-2.7.3/share/hadoop/mapreduce/hadoop-mapreduce-client-common-2.7.3.jar
[2022-10-22T00:15:38.239+0000] {processor.py:178} INFO - Processing /opt/airflow/dags/hadoop-2.7.3/share/hadoop/mapreduce/hadoop-mapreduce-client-common-2.7.3.jar took 0.099 seconds
[2022-10-22T00:16:13.793+0000] {processor.py:156} INFO - Started process (PID=23191) to work on /opt/airflow/dags/hadoop-2.7.3/share/hadoop/mapreduce/hadoop-mapreduce-client-common-2.7.3.jar
[2022-10-22T00:16:13.795+0000] {processor.py:758} INFO - Processing file /opt/airflow/dags/hadoop-2.7.3/share/hadoop/mapreduce/hadoop-mapreduce-client-common-2.7.3.jar for tasks to queue
[2022-10-22T00:16:13.797+0000] {logging_mixin.py:117} INFO - [2022-10-22T00:16:13.797+0000] {dagbag.py:525} INFO - Filling up the DagBag from /opt/airflow/dags/hadoop-2.7.3/share/hadoop/mapreduce/hadoop-mapreduce-client-common-2.7.3.jar
[2022-10-22T00:16:13.816+0000] {processor.py:770} WARNING - No viable dags retrieved from /opt/airflow/dags/hadoop-2.7.3/share/hadoop/mapreduce/hadoop-mapreduce-client-common-2.7.3.jar
[2022-10-22T00:16:13.861+0000] {processor.py:178} INFO - Processing /opt/airflow/dags/hadoop-2.7.3/share/hadoop/mapreduce/hadoop-mapreduce-client-common-2.7.3.jar took 0.079 seconds
[2022-10-22T00:16:23.618+0000] {processor.py:156} INFO - Started process (PID=25754) to work on /opt/airflow/dags/hadoop-2.7.3/share/hadoop/mapreduce/hadoop-mapreduce-client-common-2.7.3.jar
[2022-10-22T00:16:23.621+0000] {processor.py:758} INFO - Processing file /opt/airflow/dags/hadoop-2.7.3/share/hadoop/mapreduce/hadoop-mapreduce-client-common-2.7.3.jar for tasks to queue
[2022-10-22T00:16:23.625+0000] {logging_mixin.py:117} INFO - [2022-10-22T00:16:23.624+0000] {dagbag.py:525} INFO - Filling up the DagBag from /opt/airflow/dags/hadoop-2.7.3/share/hadoop/mapreduce/hadoop-mapreduce-client-common-2.7.3.jar
[2022-10-22T00:16:23.647+0000] {processor.py:770} WARNING - No viable dags retrieved from /opt/airflow/dags/hadoop-2.7.3/share/hadoop/mapreduce/hadoop-mapreduce-client-common-2.7.3.jar
[2022-10-22T00:16:23.690+0000] {processor.py:178} INFO - Processing /opt/airflow/dags/hadoop-2.7.3/share/hadoop/mapreduce/hadoop-mapreduce-client-common-2.7.3.jar took 0.086 seconds
[2022-10-22T00:17:04.079+0000] {processor.py:156} INFO - Started process (PID=23726) to work on /opt/airflow/dags/hadoop-2.7.3/share/hadoop/mapreduce/hadoop-mapreduce-client-common-2.7.3.jar
[2022-10-22T00:17:04.082+0000] {processor.py:758} INFO - Processing file /opt/airflow/dags/hadoop-2.7.3/share/hadoop/mapreduce/hadoop-mapreduce-client-common-2.7.3.jar for tasks to queue
[2022-10-22T00:17:04.084+0000] {logging_mixin.py:117} INFO - [2022-10-22T00:17:04.084+0000] {dagbag.py:525} INFO - Filling up the DagBag from /opt/airflow/dags/hadoop-2.7.3/share/hadoop/mapreduce/hadoop-mapreduce-client-common-2.7.3.jar
[2022-10-22T00:17:04.097+0000] {processor.py:770} WARNING - No viable dags retrieved from /opt/airflow/dags/hadoop-2.7.3/share/hadoop/mapreduce/hadoop-mapreduce-client-common-2.7.3.jar
[2022-10-22T00:17:04.122+0000] {processor.py:178} INFO - Processing /opt/airflow/dags/hadoop-2.7.3/share/hadoop/mapreduce/hadoop-mapreduce-client-common-2.7.3.jar took 0.055 seconds
[2022-10-22T00:17:14.111+0000] {processor.py:156} INFO - Started process (PID=26285) to work on /opt/airflow/dags/hadoop-2.7.3/share/hadoop/mapreduce/hadoop-mapreduce-client-common-2.7.3.jar
[2022-10-22T00:17:14.115+0000] {processor.py:758} INFO - Processing file /opt/airflow/dags/hadoop-2.7.3/share/hadoop/mapreduce/hadoop-mapreduce-client-common-2.7.3.jar for tasks to queue
[2022-10-22T00:17:14.118+0000] {logging_mixin.py:117} INFO - [2022-10-22T00:17:14.118+0000] {dagbag.py:525} INFO - Filling up the DagBag from /opt/airflow/dags/hadoop-2.7.3/share/hadoop/mapreduce/hadoop-mapreduce-client-common-2.7.3.jar
[2022-10-22T00:17:14.160+0000] {processor.py:770} WARNING - No viable dags retrieved from /opt/airflow/dags/hadoop-2.7.3/share/hadoop/mapreduce/hadoop-mapreduce-client-common-2.7.3.jar
[2022-10-22T00:17:14.215+0000] {processor.py:178} INFO - Processing /opt/airflow/dags/hadoop-2.7.3/share/hadoop/mapreduce/hadoop-mapreduce-client-common-2.7.3.jar took 0.130 seconds
[2022-10-22T00:17:53.907+0000] {processor.py:156} INFO - Started process (PID=24241) to work on /opt/airflow/dags/hadoop-2.7.3/share/hadoop/mapreduce/hadoop-mapreduce-client-common-2.7.3.jar
[2022-10-22T00:17:53.914+0000] {processor.py:758} INFO - Processing file /opt/airflow/dags/hadoop-2.7.3/share/hadoop/mapreduce/hadoop-mapreduce-client-common-2.7.3.jar for tasks to queue
[2022-10-22T00:17:53.932+0000] {logging_mixin.py:117} INFO - [2022-10-22T00:17:53.932+0000] {dagbag.py:525} INFO - Filling up the DagBag from /opt/airflow/dags/hadoop-2.7.3/share/hadoop/mapreduce/hadoop-mapreduce-client-common-2.7.3.jar
[2022-10-22T00:17:53.970+0000] {processor.py:770} WARNING - No viable dags retrieved from /opt/airflow/dags/hadoop-2.7.3/share/hadoop/mapreduce/hadoop-mapreduce-client-common-2.7.3.jar
[2022-10-22T00:17:54.020+0000] {processor.py:178} INFO - Processing /opt/airflow/dags/hadoop-2.7.3/share/hadoop/mapreduce/hadoop-mapreduce-client-common-2.7.3.jar took 0.136 seconds
[2022-10-22T00:18:09.655+0000] {processor.py:156} INFO - Started process (PID=26874) to work on /opt/airflow/dags/hadoop-2.7.3/share/hadoop/mapreduce/hadoop-mapreduce-client-common-2.7.3.jar
[2022-10-22T00:18:09.659+0000] {processor.py:758} INFO - Processing file /opt/airflow/dags/hadoop-2.7.3/share/hadoop/mapreduce/hadoop-mapreduce-client-common-2.7.3.jar for tasks to queue
[2022-10-22T00:18:09.662+0000] {logging_mixin.py:117} INFO - [2022-10-22T00:18:09.661+0000] {dagbag.py:525} INFO - Filling up the DagBag from /opt/airflow/dags/hadoop-2.7.3/share/hadoop/mapreduce/hadoop-mapreduce-client-common-2.7.3.jar
[2022-10-22T00:18:09.677+0000] {processor.py:770} WARNING - No viable dags retrieved from /opt/airflow/dags/hadoop-2.7.3/share/hadoop/mapreduce/hadoop-mapreduce-client-common-2.7.3.jar
[2022-10-22T00:18:09.706+0000] {processor.py:178} INFO - Processing /opt/airflow/dags/hadoop-2.7.3/share/hadoop/mapreduce/hadoop-mapreduce-client-common-2.7.3.jar took 0.062 seconds
[2022-10-22T00:18:52.629+0000] {processor.py:156} INFO - Started process (PID=24848) to work on /opt/airflow/dags/hadoop-2.7.3/share/hadoop/mapreduce/hadoop-mapreduce-client-common-2.7.3.jar
[2022-10-22T00:18:52.634+0000] {processor.py:758} INFO - Processing file /opt/airflow/dags/hadoop-2.7.3/share/hadoop/mapreduce/hadoop-mapreduce-client-common-2.7.3.jar for tasks to queue
[2022-10-22T00:18:52.637+0000] {logging_mixin.py:117} INFO - [2022-10-22T00:18:52.637+0000] {dagbag.py:525} INFO - Filling up the DagBag from /opt/airflow/dags/hadoop-2.7.3/share/hadoop/mapreduce/hadoop-mapreduce-client-common-2.7.3.jar
[2022-10-22T00:18:52.656+0000] {processor.py:770} WARNING - No viable dags retrieved from /opt/airflow/dags/hadoop-2.7.3/share/hadoop/mapreduce/hadoop-mapreduce-client-common-2.7.3.jar
[2022-10-22T00:18:52.700+0000] {processor.py:178} INFO - Processing /opt/airflow/dags/hadoop-2.7.3/share/hadoop/mapreduce/hadoop-mapreduce-client-common-2.7.3.jar took 0.077 seconds
[2022-10-22T00:19:03.152+0000] {processor.py:156} INFO - Started process (PID=27440) to work on /opt/airflow/dags/hadoop-2.7.3/share/hadoop/mapreduce/hadoop-mapreduce-client-common-2.7.3.jar
[2022-10-22T00:19:03.158+0000] {processor.py:758} INFO - Processing file /opt/airflow/dags/hadoop-2.7.3/share/hadoop/mapreduce/hadoop-mapreduce-client-common-2.7.3.jar for tasks to queue
[2022-10-22T00:19:03.163+0000] {logging_mixin.py:117} INFO - [2022-10-22T00:19:03.163+0000] {dagbag.py:525} INFO - Filling up the DagBag from /opt/airflow/dags/hadoop-2.7.3/share/hadoop/mapreduce/hadoop-mapreduce-client-common-2.7.3.jar
[2022-10-22T00:19:03.185+0000] {processor.py:770} WARNING - No viable dags retrieved from /opt/airflow/dags/hadoop-2.7.3/share/hadoop/mapreduce/hadoop-mapreduce-client-common-2.7.3.jar
[2022-10-22T00:19:03.230+0000] {processor.py:178} INFO - Processing /opt/airflow/dags/hadoop-2.7.3/share/hadoop/mapreduce/hadoop-mapreduce-client-common-2.7.3.jar took 0.090 seconds
[2022-10-22T00:20:42.117+0000] {processor.py:156} INFO - Started process (PID=25576) to work on /opt/airflow/dags/hadoop-2.7.3/share/hadoop/mapreduce/hadoop-mapreduce-client-common-2.7.3.jar
[2022-10-22T00:20:42.120+0000] {processor.py:758} INFO - Processing file /opt/airflow/dags/hadoop-2.7.3/share/hadoop/mapreduce/hadoop-mapreduce-client-common-2.7.3.jar for tasks to queue
[2022-10-22T00:20:42.122+0000] {logging_mixin.py:117} INFO - [2022-10-22T00:20:42.122+0000] {dagbag.py:525} INFO - Filling up the DagBag from /opt/airflow/dags/hadoop-2.7.3/share/hadoop/mapreduce/hadoop-mapreduce-client-common-2.7.3.jar
[2022-10-22T00:20:42.183+0000] {processor.py:770} WARNING - No viable dags retrieved from /opt/airflow/dags/hadoop-2.7.3/share/hadoop/mapreduce/hadoop-mapreduce-client-common-2.7.3.jar
[2022-10-22T00:20:42.278+0000] {processor.py:178} INFO - Processing /opt/airflow/dags/hadoop-2.7.3/share/hadoop/mapreduce/hadoop-mapreduce-client-common-2.7.3.jar took 0.169 seconds
[2022-10-22T00:20:45.125+0000] {processor.py:156} INFO - Started process (PID=28127) to work on /opt/airflow/dags/hadoop-2.7.3/share/hadoop/mapreduce/hadoop-mapreduce-client-common-2.7.3.jar
[2022-10-22T00:20:45.133+0000] {processor.py:758} INFO - Processing file /opt/airflow/dags/hadoop-2.7.3/share/hadoop/mapreduce/hadoop-mapreduce-client-common-2.7.3.jar for tasks to queue
[2022-10-22T00:20:45.143+0000] {logging_mixin.py:117} INFO - [2022-10-22T00:20:45.143+0000] {dagbag.py:525} INFO - Filling up the DagBag from /opt/airflow/dags/hadoop-2.7.3/share/hadoop/mapreduce/hadoop-mapreduce-client-common-2.7.3.jar
[2022-10-22T00:20:45.160+0000] {processor.py:770} WARNING - No viable dags retrieved from /opt/airflow/dags/hadoop-2.7.3/share/hadoop/mapreduce/hadoop-mapreduce-client-common-2.7.3.jar
[2022-10-22T00:20:45.208+0000] {processor.py:178} INFO - Processing /opt/airflow/dags/hadoop-2.7.3/share/hadoop/mapreduce/hadoop-mapreduce-client-common-2.7.3.jar took 0.098 seconds
[2022-10-22T00:21:34.661+0000] {processor.py:156} INFO - Started process (PID=26100) to work on /opt/airflow/dags/hadoop-2.7.3/share/hadoop/mapreduce/hadoop-mapreduce-client-common-2.7.3.jar
[2022-10-22T00:21:34.670+0000] {processor.py:758} INFO - Processing file /opt/airflow/dags/hadoop-2.7.3/share/hadoop/mapreduce/hadoop-mapreduce-client-common-2.7.3.jar for tasks to queue
[2022-10-22T00:21:34.680+0000] {logging_mixin.py:117} INFO - [2022-10-22T00:21:34.680+0000] {dagbag.py:525} INFO - Filling up the DagBag from /opt/airflow/dags/hadoop-2.7.3/share/hadoop/mapreduce/hadoop-mapreduce-client-common-2.7.3.jar
[2022-10-22T00:21:34.698+0000] {processor.py:770} WARNING - No viable dags retrieved from /opt/airflow/dags/hadoop-2.7.3/share/hadoop/mapreduce/hadoop-mapreduce-client-common-2.7.3.jar
[2022-10-22T00:21:34.735+0000] {processor.py:178} INFO - Processing /opt/airflow/dags/hadoop-2.7.3/share/hadoop/mapreduce/hadoop-mapreduce-client-common-2.7.3.jar took 0.085 seconds
[2022-10-22T00:21:36.616+0000] {processor.py:156} INFO - Started process (PID=28651) to work on /opt/airflow/dags/hadoop-2.7.3/share/hadoop/mapreduce/hadoop-mapreduce-client-common-2.7.3.jar
[2022-10-22T00:21:36.620+0000] {processor.py:758} INFO - Processing file /opt/airflow/dags/hadoop-2.7.3/share/hadoop/mapreduce/hadoop-mapreduce-client-common-2.7.3.jar for tasks to queue
[2022-10-22T00:21:36.622+0000] {logging_mixin.py:117} INFO - [2022-10-22T00:21:36.621+0000] {dagbag.py:525} INFO - Filling up the DagBag from /opt/airflow/dags/hadoop-2.7.3/share/hadoop/mapreduce/hadoop-mapreduce-client-common-2.7.3.jar
[2022-10-22T00:21:36.639+0000] {processor.py:770} WARNING - No viable dags retrieved from /opt/airflow/dags/hadoop-2.7.3/share/hadoop/mapreduce/hadoop-mapreduce-client-common-2.7.3.jar
[2022-10-22T00:21:36.743+0000] {processor.py:178} INFO - Processing /opt/airflow/dags/hadoop-2.7.3/share/hadoop/mapreduce/hadoop-mapreduce-client-common-2.7.3.jar took 0.156 seconds
[2022-10-22T00:22:31.168+0000] {processor.py:156} INFO - Started process (PID=29180) to work on /opt/airflow/dags/hadoop-2.7.3/share/hadoop/mapreduce/hadoop-mapreduce-client-common-2.7.3.jar
[2022-10-22T00:22:31.172+0000] {processor.py:758} INFO - Processing file /opt/airflow/dags/hadoop-2.7.3/share/hadoop/mapreduce/hadoop-mapreduce-client-common-2.7.3.jar for tasks to queue
[2022-10-22T00:22:31.181+0000] {logging_mixin.py:117} INFO - [2022-10-22T00:22:31.177+0000] {dagbag.py:525} INFO - Filling up the DagBag from /opt/airflow/dags/hadoop-2.7.3/share/hadoop/mapreduce/hadoop-mapreduce-client-common-2.7.3.jar
[2022-10-22T00:22:31.218+0000] {processor.py:770} WARNING - No viable dags retrieved from /opt/airflow/dags/hadoop-2.7.3/share/hadoop/mapreduce/hadoop-mapreduce-client-common-2.7.3.jar
[2022-10-22T00:22:31.268+0000] {processor.py:178} INFO - Processing /opt/airflow/dags/hadoop-2.7.3/share/hadoop/mapreduce/hadoop-mapreduce-client-common-2.7.3.jar took 0.109 seconds
[2022-10-22T00:22:43.789+0000] {processor.py:156} INFO - Started process (PID=26728) to work on /opt/airflow/dags/hadoop-2.7.3/share/hadoop/mapreduce/hadoop-mapreduce-client-common-2.7.3.jar
[2022-10-22T00:22:43.792+0000] {processor.py:758} INFO - Processing file /opt/airflow/dags/hadoop-2.7.3/share/hadoop/mapreduce/hadoop-mapreduce-client-common-2.7.3.jar for tasks to queue
[2022-10-22T00:22:43.795+0000] {logging_mixin.py:117} INFO - [2022-10-22T00:22:43.795+0000] {dagbag.py:525} INFO - Filling up the DagBag from /opt/airflow/dags/hadoop-2.7.3/share/hadoop/mapreduce/hadoop-mapreduce-client-common-2.7.3.jar
[2022-10-22T00:22:43.824+0000] {processor.py:770} WARNING - No viable dags retrieved from /opt/airflow/dags/hadoop-2.7.3/share/hadoop/mapreduce/hadoop-mapreduce-client-common-2.7.3.jar
[2022-10-22T00:22:43.891+0000] {processor.py:178} INFO - Processing /opt/airflow/dags/hadoop-2.7.3/share/hadoop/mapreduce/hadoop-mapreduce-client-common-2.7.3.jar took 0.111 seconds
[2022-10-22T00:23:18.991+0000] {processor.py:156} INFO - Started process (PID=29641) to work on /opt/airflow/dags/hadoop-2.7.3/share/hadoop/mapreduce/hadoop-mapreduce-client-common-2.7.3.jar
[2022-10-22T00:23:18.993+0000] {processor.py:758} INFO - Processing file /opt/airflow/dags/hadoop-2.7.3/share/hadoop/mapreduce/hadoop-mapreduce-client-common-2.7.3.jar for tasks to queue
[2022-10-22T00:23:18.997+0000] {logging_mixin.py:117} INFO - [2022-10-22T00:23:18.995+0000] {dagbag.py:525} INFO - Filling up the DagBag from /opt/airflow/dags/hadoop-2.7.3/share/hadoop/mapreduce/hadoop-mapreduce-client-common-2.7.3.jar
[2022-10-22T00:23:19.013+0000] {processor.py:770} WARNING - No viable dags retrieved from /opt/airflow/dags/hadoop-2.7.3/share/hadoop/mapreduce/hadoop-mapreduce-client-common-2.7.3.jar
[2022-10-22T00:23:19.052+0000] {processor.py:178} INFO - Processing /opt/airflow/dags/hadoop-2.7.3/share/hadoop/mapreduce/hadoop-mapreduce-client-common-2.7.3.jar took 0.074 seconds
[2022-10-22T00:23:30.309+0000] {processor.py:156} INFO - Started process (PID=27211) to work on /opt/airflow/dags/hadoop-2.7.3/share/hadoop/mapreduce/hadoop-mapreduce-client-common-2.7.3.jar
[2022-10-22T00:23:30.312+0000] {processor.py:758} INFO - Processing file /opt/airflow/dags/hadoop-2.7.3/share/hadoop/mapreduce/hadoop-mapreduce-client-common-2.7.3.jar for tasks to queue
[2022-10-22T00:23:30.315+0000] {logging_mixin.py:117} INFO - [2022-10-22T00:23:30.315+0000] {dagbag.py:525} INFO - Filling up the DagBag from /opt/airflow/dags/hadoop-2.7.3/share/hadoop/mapreduce/hadoop-mapreduce-client-common-2.7.3.jar
[2022-10-22T00:23:30.339+0000] {processor.py:770} WARNING - No viable dags retrieved from /opt/airflow/dags/hadoop-2.7.3/share/hadoop/mapreduce/hadoop-mapreduce-client-common-2.7.3.jar
[2022-10-22T00:23:30.382+0000] {processor.py:178} INFO - Processing /opt/airflow/dags/hadoop-2.7.3/share/hadoop/mapreduce/hadoop-mapreduce-client-common-2.7.3.jar took 0.087 seconds
[2022-10-22T00:24:04.523+0000] {processor.py:156} INFO - Started process (PID=30160) to work on /opt/airflow/dags/hadoop-2.7.3/share/hadoop/mapreduce/hadoop-mapreduce-client-common-2.7.3.jar
[2022-10-22T00:24:04.525+0000] {processor.py:758} INFO - Processing file /opt/airflow/dags/hadoop-2.7.3/share/hadoop/mapreduce/hadoop-mapreduce-client-common-2.7.3.jar for tasks to queue
[2022-10-22T00:24:04.526+0000] {logging_mixin.py:117} INFO - [2022-10-22T00:24:04.526+0000] {dagbag.py:525} INFO - Filling up the DagBag from /opt/airflow/dags/hadoop-2.7.3/share/hadoop/mapreduce/hadoop-mapreduce-client-common-2.7.3.jar
[2022-10-22T00:24:04.543+0000] {processor.py:770} WARNING - No viable dags retrieved from /opt/airflow/dags/hadoop-2.7.3/share/hadoop/mapreduce/hadoop-mapreduce-client-common-2.7.3.jar
[2022-10-22T00:24:04.576+0000] {processor.py:178} INFO - Processing /opt/airflow/dags/hadoop-2.7.3/share/hadoop/mapreduce/hadoop-mapreduce-client-common-2.7.3.jar took 0.059 seconds
