[2022-10-25T00:25:29.526+0000] {processor.py:156} INFO - Started process (PID=4270) to work on /opt/airflow/dags/hadoop-2.7.3/share/hadoop/hdfs/hadoop-hdfs-2.7.3.jar
[2022-10-25T00:25:29.529+0000] {processor.py:758} INFO - Processing file /opt/airflow/dags/hadoop-2.7.3/share/hadoop/hdfs/hadoop-hdfs-2.7.3.jar for tasks to queue
[2022-10-25T00:25:29.533+0000] {logging_mixin.py:117} INFO - [2022-10-25T00:25:29.533+0000] {dagbag.py:525} INFO - Filling up the DagBag from /opt/airflow/dags/hadoop-2.7.3/share/hadoop/hdfs/hadoop-hdfs-2.7.3.jar
[2022-10-25T00:25:29.596+0000] {processor.py:770} WARNING - No viable dags retrieved from /opt/airflow/dags/hadoop-2.7.3/share/hadoop/hdfs/hadoop-hdfs-2.7.3.jar
[2022-10-25T00:25:29.621+0000] {processor.py:178} INFO - Processing /opt/airflow/dags/hadoop-2.7.3/share/hadoop/hdfs/hadoop-hdfs-2.7.3.jar took 0.100 seconds
[2022-10-25T00:38:10.998+0000] {processor.py:156} INFO - Started process (PID=2329) to work on /opt/airflow/dags/hadoop-2.7.3/share/hadoop/hdfs/hadoop-hdfs-2.7.3.jar
[2022-10-25T00:38:11.001+0000] {processor.py:758} INFO - Processing file /opt/airflow/dags/hadoop-2.7.3/share/hadoop/hdfs/hadoop-hdfs-2.7.3.jar for tasks to queue
[2022-10-25T00:38:11.009+0000] {logging_mixin.py:117} INFO - [2022-10-25T00:38:11.009+0000] {dagbag.py:525} INFO - Filling up the DagBag from /opt/airflow/dags/hadoop-2.7.3/share/hadoop/hdfs/hadoop-hdfs-2.7.3.jar
[2022-10-25T00:38:11.134+0000] {processor.py:770} WARNING - No viable dags retrieved from /opt/airflow/dags/hadoop-2.7.3/share/hadoop/hdfs/hadoop-hdfs-2.7.3.jar
[2022-10-25T00:38:11.176+0000] {processor.py:178} INFO - Processing /opt/airflow/dags/hadoop-2.7.3/share/hadoop/hdfs/hadoop-hdfs-2.7.3.jar took 0.182 seconds
[2022-10-25T00:38:20.577+0000] {processor.py:156} INFO - Started process (PID=4811) to work on /opt/airflow/dags/hadoop-2.7.3/share/hadoop/hdfs/hadoop-hdfs-2.7.3.jar
[2022-10-25T00:38:20.581+0000] {processor.py:758} INFO - Processing file /opt/airflow/dags/hadoop-2.7.3/share/hadoop/hdfs/hadoop-hdfs-2.7.3.jar for tasks to queue
[2022-10-25T00:38:20.583+0000] {logging_mixin.py:117} INFO - [2022-10-25T00:38:20.583+0000] {dagbag.py:525} INFO - Filling up the DagBag from /opt/airflow/dags/hadoop-2.7.3/share/hadoop/hdfs/hadoop-hdfs-2.7.3.jar
[2022-10-25T00:38:20.699+0000] {processor.py:770} WARNING - No viable dags retrieved from /opt/airflow/dags/hadoop-2.7.3/share/hadoop/hdfs/hadoop-hdfs-2.7.3.jar
[2022-10-25T00:38:20.730+0000] {processor.py:178} INFO - Processing /opt/airflow/dags/hadoop-2.7.3/share/hadoop/hdfs/hadoop-hdfs-2.7.3.jar took 0.160 seconds
[2022-10-25T00:38:48.915+0000] {processor.py:156} INFO - Started process (PID=2838) to work on /opt/airflow/dags/hadoop-2.7.3/share/hadoop/hdfs/hadoop-hdfs-2.7.3.jar
[2022-10-25T00:38:48.918+0000] {processor.py:758} INFO - Processing file /opt/airflow/dags/hadoop-2.7.3/share/hadoop/hdfs/hadoop-hdfs-2.7.3.jar for tasks to queue
[2022-10-25T00:38:48.923+0000] {logging_mixin.py:117} INFO - [2022-10-25T00:38:48.923+0000] {dagbag.py:525} INFO - Filling up the DagBag from /opt/airflow/dags/hadoop-2.7.3/share/hadoop/hdfs/hadoop-hdfs-2.7.3.jar
[2022-10-25T00:38:49.033+0000] {processor.py:770} WARNING - No viable dags retrieved from /opt/airflow/dags/hadoop-2.7.3/share/hadoop/hdfs/hadoop-hdfs-2.7.3.jar
[2022-10-25T00:38:49.075+0000] {processor.py:178} INFO - Processing /opt/airflow/dags/hadoop-2.7.3/share/hadoop/hdfs/hadoop-hdfs-2.7.3.jar took 0.176 seconds
[2022-10-25T00:39:00.163+0000] {processor.py:156} INFO - Started process (PID=5327) to work on /opt/airflow/dags/hadoop-2.7.3/share/hadoop/hdfs/hadoop-hdfs-2.7.3.jar
[2022-10-25T00:39:00.166+0000] {processor.py:758} INFO - Processing file /opt/airflow/dags/hadoop-2.7.3/share/hadoop/hdfs/hadoop-hdfs-2.7.3.jar for tasks to queue
[2022-10-25T00:39:00.169+0000] {logging_mixin.py:117} INFO - [2022-10-25T00:39:00.169+0000] {dagbag.py:525} INFO - Filling up the DagBag from /opt/airflow/dags/hadoop-2.7.3/share/hadoop/hdfs/hadoop-hdfs-2.7.3.jar
[2022-10-25T00:39:00.339+0000] {processor.py:770} WARNING - No viable dags retrieved from /opt/airflow/dags/hadoop-2.7.3/share/hadoop/hdfs/hadoop-hdfs-2.7.3.jar
[2022-10-25T00:39:00.383+0000] {processor.py:178} INFO - Processing /opt/airflow/dags/hadoop-2.7.3/share/hadoop/hdfs/hadoop-hdfs-2.7.3.jar took 0.235 seconds
[2022-10-25T00:39:27.981+0000] {processor.py:156} INFO - Started process (PID=3353) to work on /opt/airflow/dags/hadoop-2.7.3/share/hadoop/hdfs/hadoop-hdfs-2.7.3.jar
[2022-10-25T00:39:27.984+0000] {processor.py:758} INFO - Processing file /opt/airflow/dags/hadoop-2.7.3/share/hadoop/hdfs/hadoop-hdfs-2.7.3.jar for tasks to queue
[2022-10-25T00:39:27.990+0000] {logging_mixin.py:117} INFO - [2022-10-25T00:39:27.990+0000] {dagbag.py:525} INFO - Filling up the DagBag from /opt/airflow/dags/hadoop-2.7.3/share/hadoop/hdfs/hadoop-hdfs-2.7.3.jar
[2022-10-25T00:39:28.189+0000] {processor.py:770} WARNING - No viable dags retrieved from /opt/airflow/dags/hadoop-2.7.3/share/hadoop/hdfs/hadoop-hdfs-2.7.3.jar
[2022-10-25T00:39:28.250+0000] {processor.py:178} INFO - Processing /opt/airflow/dags/hadoop-2.7.3/share/hadoop/hdfs/hadoop-hdfs-2.7.3.jar took 0.279 seconds
[2022-10-25T00:40:24.442+0000] {processor.py:156} INFO - Started process (PID=5834) to work on /opt/airflow/dags/hadoop-2.7.3/share/hadoop/hdfs/hadoop-hdfs-2.7.3.jar
[2022-10-25T00:40:24.444+0000] {processor.py:758} INFO - Processing file /opt/airflow/dags/hadoop-2.7.3/share/hadoop/hdfs/hadoop-hdfs-2.7.3.jar for tasks to queue
[2022-10-25T00:40:24.447+0000] {logging_mixin.py:117} INFO - [2022-10-25T00:40:24.447+0000] {dagbag.py:525} INFO - Filling up the DagBag from /opt/airflow/dags/hadoop-2.7.3/share/hadoop/hdfs/hadoop-hdfs-2.7.3.jar
[2022-10-25T00:40:24.534+0000] {processor.py:770} WARNING - No viable dags retrieved from /opt/airflow/dags/hadoop-2.7.3/share/hadoop/hdfs/hadoop-hdfs-2.7.3.jar
[2022-10-25T00:40:24.563+0000] {processor.py:178} INFO - Processing /opt/airflow/dags/hadoop-2.7.3/share/hadoop/hdfs/hadoop-hdfs-2.7.3.jar took 0.127 seconds
[2022-10-25T00:53:03.433+0000] {processor.py:156} INFO - Started process (PID=3836) to work on /opt/airflow/dags/hadoop-2.7.3/share/hadoop/hdfs/hadoop-hdfs-2.7.3.jar
[2022-10-25T00:53:03.441+0000] {processor.py:758} INFO - Processing file /opt/airflow/dags/hadoop-2.7.3/share/hadoop/hdfs/hadoop-hdfs-2.7.3.jar for tasks to queue
[2022-10-25T00:53:03.453+0000] {logging_mixin.py:117} INFO - [2022-10-25T00:53:03.453+0000] {dagbag.py:525} INFO - Filling up the DagBag from /opt/airflow/dags/hadoop-2.7.3/share/hadoop/hdfs/hadoop-hdfs-2.7.3.jar
[2022-10-25T00:53:03.600+0000] {processor.py:770} WARNING - No viable dags retrieved from /opt/airflow/dags/hadoop-2.7.3/share/hadoop/hdfs/hadoop-hdfs-2.7.3.jar
[2022-10-25T00:53:03.648+0000] {processor.py:178} INFO - Processing /opt/airflow/dags/hadoop-2.7.3/share/hadoop/hdfs/hadoop-hdfs-2.7.3.jar took 0.224 seconds
[2022-10-25T00:53:21.788+0000] {processor.py:156} INFO - Started process (PID=6400) to work on /opt/airflow/dags/hadoop-2.7.3/share/hadoop/hdfs/hadoop-hdfs-2.7.3.jar
[2022-10-25T00:53:21.790+0000] {processor.py:758} INFO - Processing file /opt/airflow/dags/hadoop-2.7.3/share/hadoop/hdfs/hadoop-hdfs-2.7.3.jar for tasks to queue
[2022-10-25T00:53:21.794+0000] {logging_mixin.py:117} INFO - [2022-10-25T00:53:21.793+0000] {dagbag.py:525} INFO - Filling up the DagBag from /opt/airflow/dags/hadoop-2.7.3/share/hadoop/hdfs/hadoop-hdfs-2.7.3.jar
[2022-10-25T00:53:21.917+0000] {processor.py:770} WARNING - No viable dags retrieved from /opt/airflow/dags/hadoop-2.7.3/share/hadoop/hdfs/hadoop-hdfs-2.7.3.jar
[2022-10-25T00:53:21.956+0000] {processor.py:178} INFO - Processing /opt/airflow/dags/hadoop-2.7.3/share/hadoop/hdfs/hadoop-hdfs-2.7.3.jar took 0.179 seconds
[2022-10-25T00:53:43.082+0000] {processor.py:156} INFO - Started process (PID=4322) to work on /opt/airflow/dags/hadoop-2.7.3/share/hadoop/hdfs/hadoop-hdfs-2.7.3.jar
[2022-10-25T00:53:43.085+0000] {processor.py:758} INFO - Processing file /opt/airflow/dags/hadoop-2.7.3/share/hadoop/hdfs/hadoop-hdfs-2.7.3.jar for tasks to queue
[2022-10-25T00:53:43.089+0000] {logging_mixin.py:117} INFO - [2022-10-25T00:53:43.089+0000] {dagbag.py:525} INFO - Filling up the DagBag from /opt/airflow/dags/hadoop-2.7.3/share/hadoop/hdfs/hadoop-hdfs-2.7.3.jar
[2022-10-25T00:53:43.194+0000] {processor.py:770} WARNING - No viable dags retrieved from /opt/airflow/dags/hadoop-2.7.3/share/hadoop/hdfs/hadoop-hdfs-2.7.3.jar
[2022-10-25T00:53:43.233+0000] {processor.py:178} INFO - Processing /opt/airflow/dags/hadoop-2.7.3/share/hadoop/hdfs/hadoop-hdfs-2.7.3.jar took 0.159 seconds
[2022-10-25T00:54:03.110+0000] {processor.py:156} INFO - Started process (PID=6917) to work on /opt/airflow/dags/hadoop-2.7.3/share/hadoop/hdfs/hadoop-hdfs-2.7.3.jar
[2022-10-25T00:54:03.112+0000] {processor.py:758} INFO - Processing file /opt/airflow/dags/hadoop-2.7.3/share/hadoop/hdfs/hadoop-hdfs-2.7.3.jar for tasks to queue
[2022-10-25T00:54:03.115+0000] {logging_mixin.py:117} INFO - [2022-10-25T00:54:03.115+0000] {dagbag.py:525} INFO - Filling up the DagBag from /opt/airflow/dags/hadoop-2.7.3/share/hadoop/hdfs/hadoop-hdfs-2.7.3.jar
[2022-10-25T00:54:03.211+0000] {processor.py:770} WARNING - No viable dags retrieved from /opt/airflow/dags/hadoop-2.7.3/share/hadoop/hdfs/hadoop-hdfs-2.7.3.jar
[2022-10-25T00:54:03.241+0000] {processor.py:178} INFO - Processing /opt/airflow/dags/hadoop-2.7.3/share/hadoop/hdfs/hadoop-hdfs-2.7.3.jar took 0.137 seconds
[2022-10-25T00:54:23.107+0000] {processor.py:156} INFO - Started process (PID=4838) to work on /opt/airflow/dags/hadoop-2.7.3/share/hadoop/hdfs/hadoop-hdfs-2.7.3.jar
[2022-10-25T00:54:23.113+0000] {processor.py:758} INFO - Processing file /opt/airflow/dags/hadoop-2.7.3/share/hadoop/hdfs/hadoop-hdfs-2.7.3.jar for tasks to queue
[2022-10-25T00:54:23.121+0000] {logging_mixin.py:117} INFO - [2022-10-25T00:54:23.120+0000] {dagbag.py:525} INFO - Filling up the DagBag from /opt/airflow/dags/hadoop-2.7.3/share/hadoop/hdfs/hadoop-hdfs-2.7.3.jar
[2022-10-25T00:54:23.337+0000] {processor.py:770} WARNING - No viable dags retrieved from /opt/airflow/dags/hadoop-2.7.3/share/hadoop/hdfs/hadoop-hdfs-2.7.3.jar
[2022-10-25T00:54:23.567+0000] {processor.py:178} INFO - Processing /opt/airflow/dags/hadoop-2.7.3/share/hadoop/hdfs/hadoop-hdfs-2.7.3.jar took 0.475 seconds
[2022-10-25T00:54:44.374+0000] {processor.py:156} INFO - Started process (PID=7349) to work on /opt/airflow/dags/hadoop-2.7.3/share/hadoop/hdfs/hadoop-hdfs-2.7.3.jar
[2022-10-25T00:54:44.379+0000] {processor.py:758} INFO - Processing file /opt/airflow/dags/hadoop-2.7.3/share/hadoop/hdfs/hadoop-hdfs-2.7.3.jar for tasks to queue
[2022-10-25T00:54:44.382+0000] {logging_mixin.py:117} INFO - [2022-10-25T00:54:44.382+0000] {dagbag.py:525} INFO - Filling up the DagBag from /opt/airflow/dags/hadoop-2.7.3/share/hadoop/hdfs/hadoop-hdfs-2.7.3.jar
[2022-10-25T00:54:44.530+0000] {processor.py:770} WARNING - No viable dags retrieved from /opt/airflow/dags/hadoop-2.7.3/share/hadoop/hdfs/hadoop-hdfs-2.7.3.jar
[2022-10-25T00:54:44.584+0000] {processor.py:178} INFO - Processing /opt/airflow/dags/hadoop-2.7.3/share/hadoop/hdfs/hadoop-hdfs-2.7.3.jar took 0.221 seconds
[2022-10-25T00:55:29.653+0000] {processor.py:156} INFO - Started process (PID=5358) to work on /opt/airflow/dags/hadoop-2.7.3/share/hadoop/hdfs/hadoop-hdfs-2.7.3.jar
[2022-10-25T00:55:29.658+0000] {processor.py:758} INFO - Processing file /opt/airflow/dags/hadoop-2.7.3/share/hadoop/hdfs/hadoop-hdfs-2.7.3.jar for tasks to queue
[2022-10-25T00:55:29.668+0000] {logging_mixin.py:117} INFO - [2022-10-25T00:55:29.668+0000] {dagbag.py:525} INFO - Filling up the DagBag from /opt/airflow/dags/hadoop-2.7.3/share/hadoop/hdfs/hadoop-hdfs-2.7.3.jar
[2022-10-25T00:55:29.983+0000] {processor.py:770} WARNING - No viable dags retrieved from /opt/airflow/dags/hadoop-2.7.3/share/hadoop/hdfs/hadoop-hdfs-2.7.3.jar
[2022-10-25T00:55:30.069+0000] {processor.py:178} INFO - Processing /opt/airflow/dags/hadoop-2.7.3/share/hadoop/hdfs/hadoop-hdfs-2.7.3.jar took 0.430 seconds
[2022-10-25T00:55:51.902+0000] {processor.py:156} INFO - Started process (PID=7797) to work on /opt/airflow/dags/hadoop-2.7.3/share/hadoop/hdfs/hadoop-hdfs-2.7.3.jar
[2022-10-25T00:55:51.910+0000] {processor.py:758} INFO - Processing file /opt/airflow/dags/hadoop-2.7.3/share/hadoop/hdfs/hadoop-hdfs-2.7.3.jar for tasks to queue
[2022-10-25T00:55:51.922+0000] {logging_mixin.py:117} INFO - [2022-10-25T00:55:51.921+0000] {dagbag.py:525} INFO - Filling up the DagBag from /opt/airflow/dags/hadoop-2.7.3/share/hadoop/hdfs/hadoop-hdfs-2.7.3.jar
[2022-10-25T00:55:52.163+0000] {processor.py:770} WARNING - No viable dags retrieved from /opt/airflow/dags/hadoop-2.7.3/share/hadoop/hdfs/hadoop-hdfs-2.7.3.jar
[2022-10-25T00:55:52.219+0000] {processor.py:178} INFO - Processing /opt/airflow/dags/hadoop-2.7.3/share/hadoop/hdfs/hadoop-hdfs-2.7.3.jar took 0.346 seconds
[2022-10-25T00:56:21.724+0000] {processor.py:156} INFO - Started process (PID=5671) to work on /opt/airflow/dags/hadoop-2.7.3/share/hadoop/hdfs/hadoop-hdfs-2.7.3.jar
[2022-10-25T00:56:21.731+0000] {processor.py:758} INFO - Processing file /opt/airflow/dags/hadoop-2.7.3/share/hadoop/hdfs/hadoop-hdfs-2.7.3.jar for tasks to queue
[2022-10-25T00:56:21.745+0000] {logging_mixin.py:117} INFO - [2022-10-25T00:56:21.744+0000] {dagbag.py:525} INFO - Filling up the DagBag from /opt/airflow/dags/hadoop-2.7.3/share/hadoop/hdfs/hadoop-hdfs-2.7.3.jar
[2022-10-25T00:56:21.955+0000] {processor.py:770} WARNING - No viable dags retrieved from /opt/airflow/dags/hadoop-2.7.3/share/hadoop/hdfs/hadoop-hdfs-2.7.3.jar
[2022-10-25T00:56:22.051+0000] {processor.py:178} INFO - Processing /opt/airflow/dags/hadoop-2.7.3/share/hadoop/hdfs/hadoop-hdfs-2.7.3.jar took 0.353 seconds
[2022-10-25T00:56:51.857+0000] {processor.py:156} INFO - Started process (PID=8134) to work on /opt/airflow/dags/hadoop-2.7.3/share/hadoop/hdfs/hadoop-hdfs-2.7.3.jar
[2022-10-25T00:56:51.881+0000] {processor.py:758} INFO - Processing file /opt/airflow/dags/hadoop-2.7.3/share/hadoop/hdfs/hadoop-hdfs-2.7.3.jar for tasks to queue
[2022-10-25T00:56:51.927+0000] {logging_mixin.py:117} INFO - [2022-10-25T00:56:51.926+0000] {dagbag.py:525} INFO - Filling up the DagBag from /opt/airflow/dags/hadoop-2.7.3/share/hadoop/hdfs/hadoop-hdfs-2.7.3.jar
[2022-10-25T00:56:52.235+0000] {processor.py:770} WARNING - No viable dags retrieved from /opt/airflow/dags/hadoop-2.7.3/share/hadoop/hdfs/hadoop-hdfs-2.7.3.jar
[2022-10-25T00:56:52.285+0000] {processor.py:178} INFO - Processing /opt/airflow/dags/hadoop-2.7.3/share/hadoop/hdfs/hadoop-hdfs-2.7.3.jar took 0.536 seconds
[2022-10-25T14:08:31.056+0000] {processor.py:156} INFO - Started process (PID=18648) to work on /opt/airflow/dags/hadoop-2.7.3/share/hadoop/hdfs/hadoop-hdfs-2.7.3.jar
[2022-10-25T14:08:31.060+0000] {processor.py:758} INFO - Processing file /opt/airflow/dags/hadoop-2.7.3/share/hadoop/hdfs/hadoop-hdfs-2.7.3.jar for tasks to queue
[2022-10-25T14:08:31.062+0000] {logging_mixin.py:117} INFO - [2022-10-25T14:08:31.062+0000] {dagbag.py:525} INFO - Filling up the DagBag from /opt/airflow/dags/hadoop-2.7.3/share/hadoop/hdfs/hadoop-hdfs-2.7.3.jar
[2022-10-25T14:08:31.709+0000] {processor.py:770} WARNING - No viable dags retrieved from /opt/airflow/dags/hadoop-2.7.3/share/hadoop/hdfs/hadoop-hdfs-2.7.3.jar
[2022-10-25T14:08:31.781+0000] {processor.py:178} INFO - Processing /opt/airflow/dags/hadoop-2.7.3/share/hadoop/hdfs/hadoop-hdfs-2.7.3.jar took 0.757 seconds
[2022-10-25T14:08:50.400+0000] {processor.py:156} INFO - Started process (PID=17566) to work on /opt/airflow/dags/hadoop-2.7.3/share/hadoop/hdfs/hadoop-hdfs-2.7.3.jar
[2022-10-25T14:08:50.404+0000] {processor.py:758} INFO - Processing file /opt/airflow/dags/hadoop-2.7.3/share/hadoop/hdfs/hadoop-hdfs-2.7.3.jar for tasks to queue
[2022-10-25T14:08:50.406+0000] {logging_mixin.py:117} INFO - [2022-10-25T14:08:50.406+0000] {dagbag.py:525} INFO - Filling up the DagBag from /opt/airflow/dags/hadoop-2.7.3/share/hadoop/hdfs/hadoop-hdfs-2.7.3.jar
[2022-10-25T14:08:50.521+0000] {processor.py:770} WARNING - No viable dags retrieved from /opt/airflow/dags/hadoop-2.7.3/share/hadoop/hdfs/hadoop-hdfs-2.7.3.jar
[2022-10-25T14:08:50.556+0000] {processor.py:178} INFO - Processing /opt/airflow/dags/hadoop-2.7.3/share/hadoop/hdfs/hadoop-hdfs-2.7.3.jar took 0.165 seconds
[2022-10-25T14:09:22.718+0000] {processor.py:156} INFO - Started process (PID=19172) to work on /opt/airflow/dags/hadoop-2.7.3/share/hadoop/hdfs/hadoop-hdfs-2.7.3.jar
[2022-10-25T14:09:22.722+0000] {processor.py:758} INFO - Processing file /opt/airflow/dags/hadoop-2.7.3/share/hadoop/hdfs/hadoop-hdfs-2.7.3.jar for tasks to queue
[2022-10-25T14:09:22.726+0000] {logging_mixin.py:117} INFO - [2022-10-25T14:09:22.726+0000] {dagbag.py:525} INFO - Filling up the DagBag from /opt/airflow/dags/hadoop-2.7.3/share/hadoop/hdfs/hadoop-hdfs-2.7.3.jar
[2022-10-25T14:09:22.842+0000] {processor.py:770} WARNING - No viable dags retrieved from /opt/airflow/dags/hadoop-2.7.3/share/hadoop/hdfs/hadoop-hdfs-2.7.3.jar
[2022-10-25T14:09:22.893+0000] {processor.py:178} INFO - Processing /opt/airflow/dags/hadoop-2.7.3/share/hadoop/hdfs/hadoop-hdfs-2.7.3.jar took 0.182 seconds
[2022-10-25T14:09:35.871+0000] {processor.py:156} INFO - Started process (PID=18082) to work on /opt/airflow/dags/hadoop-2.7.3/share/hadoop/hdfs/hadoop-hdfs-2.7.3.jar
[2022-10-25T14:09:35.873+0000] {processor.py:758} INFO - Processing file /opt/airflow/dags/hadoop-2.7.3/share/hadoop/hdfs/hadoop-hdfs-2.7.3.jar for tasks to queue
[2022-10-25T14:09:35.875+0000] {logging_mixin.py:117} INFO - [2022-10-25T14:09:35.875+0000] {dagbag.py:525} INFO - Filling up the DagBag from /opt/airflow/dags/hadoop-2.7.3/share/hadoop/hdfs/hadoop-hdfs-2.7.3.jar
[2022-10-25T14:09:35.951+0000] {processor.py:770} WARNING - No viable dags retrieved from /opt/airflow/dags/hadoop-2.7.3/share/hadoop/hdfs/hadoop-hdfs-2.7.3.jar
[2022-10-25T14:09:35.982+0000] {processor.py:178} INFO - Processing /opt/airflow/dags/hadoop-2.7.3/share/hadoop/hdfs/hadoop-hdfs-2.7.3.jar took 0.117 seconds
[2022-10-25T14:10:02.251+0000] {processor.py:156} INFO - Started process (PID=19688) to work on /opt/airflow/dags/hadoop-2.7.3/share/hadoop/hdfs/hadoop-hdfs-2.7.3.jar
[2022-10-25T14:10:02.255+0000] {processor.py:758} INFO - Processing file /opt/airflow/dags/hadoop-2.7.3/share/hadoop/hdfs/hadoop-hdfs-2.7.3.jar for tasks to queue
[2022-10-25T14:10:02.257+0000] {logging_mixin.py:117} INFO - [2022-10-25T14:10:02.257+0000] {dagbag.py:525} INFO - Filling up the DagBag from /opt/airflow/dags/hadoop-2.7.3/share/hadoop/hdfs/hadoop-hdfs-2.7.3.jar
[2022-10-25T14:10:02.375+0000] {processor.py:770} WARNING - No viable dags retrieved from /opt/airflow/dags/hadoop-2.7.3/share/hadoop/hdfs/hadoop-hdfs-2.7.3.jar
[2022-10-25T14:10:02.411+0000] {processor.py:178} INFO - Processing /opt/airflow/dags/hadoop-2.7.3/share/hadoop/hdfs/hadoop-hdfs-2.7.3.jar took 0.168 seconds
[2022-10-25T14:10:15.410+0000] {processor.py:156} INFO - Started process (PID=18567) to work on /opt/airflow/dags/hadoop-2.7.3/share/hadoop/hdfs/hadoop-hdfs-2.7.3.jar
[2022-10-25T14:10:15.412+0000] {processor.py:758} INFO - Processing file /opt/airflow/dags/hadoop-2.7.3/share/hadoop/hdfs/hadoop-hdfs-2.7.3.jar for tasks to queue
[2022-10-25T14:10:15.415+0000] {logging_mixin.py:117} INFO - [2022-10-25T14:10:15.415+0000] {dagbag.py:525} INFO - Filling up the DagBag from /opt/airflow/dags/hadoop-2.7.3/share/hadoop/hdfs/hadoop-hdfs-2.7.3.jar
[2022-10-25T14:10:15.516+0000] {processor.py:770} WARNING - No viable dags retrieved from /opt/airflow/dags/hadoop-2.7.3/share/hadoop/hdfs/hadoop-hdfs-2.7.3.jar
[2022-10-25T14:10:15.553+0000] {processor.py:178} INFO - Processing /opt/airflow/dags/hadoop-2.7.3/share/hadoop/hdfs/hadoop-hdfs-2.7.3.jar took 0.151 seconds
[2022-10-25T14:10:46.089+0000] {processor.py:156} INFO - Started process (PID=20204) to work on /opt/airflow/dags/hadoop-2.7.3/share/hadoop/hdfs/hadoop-hdfs-2.7.3.jar
[2022-10-25T14:10:46.092+0000] {processor.py:758} INFO - Processing file /opt/airflow/dags/hadoop-2.7.3/share/hadoop/hdfs/hadoop-hdfs-2.7.3.jar for tasks to queue
[2022-10-25T14:10:46.094+0000] {logging_mixin.py:117} INFO - [2022-10-25T14:10:46.094+0000] {dagbag.py:525} INFO - Filling up the DagBag from /opt/airflow/dags/hadoop-2.7.3/share/hadoop/hdfs/hadoop-hdfs-2.7.3.jar
[2022-10-25T14:10:46.173+0000] {processor.py:770} WARNING - No viable dags retrieved from /opt/airflow/dags/hadoop-2.7.3/share/hadoop/hdfs/hadoop-hdfs-2.7.3.jar
[2022-10-25T14:10:46.216+0000] {processor.py:178} INFO - Processing /opt/airflow/dags/hadoop-2.7.3/share/hadoop/hdfs/hadoop-hdfs-2.7.3.jar took 0.132 seconds
[2022-10-25T14:10:55.796+0000] {processor.py:156} INFO - Started process (PID=19027) to work on /opt/airflow/dags/hadoop-2.7.3/share/hadoop/hdfs/hadoop-hdfs-2.7.3.jar
[2022-10-25T14:10:55.798+0000] {processor.py:758} INFO - Processing file /opt/airflow/dags/hadoop-2.7.3/share/hadoop/hdfs/hadoop-hdfs-2.7.3.jar for tasks to queue
[2022-10-25T14:10:55.800+0000] {logging_mixin.py:117} INFO - [2022-10-25T14:10:55.800+0000] {dagbag.py:525} INFO - Filling up the DagBag from /opt/airflow/dags/hadoop-2.7.3/share/hadoop/hdfs/hadoop-hdfs-2.7.3.jar
[2022-10-25T14:10:55.887+0000] {processor.py:770} WARNING - No viable dags retrieved from /opt/airflow/dags/hadoop-2.7.3/share/hadoop/hdfs/hadoop-hdfs-2.7.3.jar
[2022-10-25T14:10:55.921+0000] {processor.py:178} INFO - Processing /opt/airflow/dags/hadoop-2.7.3/share/hadoop/hdfs/hadoop-hdfs-2.7.3.jar took 0.135 seconds
[2022-10-25T14:11:22.075+0000] {processor.py:156} INFO - Started process (PID=20651) to work on /opt/airflow/dags/hadoop-2.7.3/share/hadoop/hdfs/hadoop-hdfs-2.7.3.jar
[2022-10-25T14:11:22.085+0000] {processor.py:758} INFO - Processing file /opt/airflow/dags/hadoop-2.7.3/share/hadoop/hdfs/hadoop-hdfs-2.7.3.jar for tasks to queue
[2022-10-25T14:11:22.088+0000] {logging_mixin.py:117} INFO - [2022-10-25T14:11:22.088+0000] {dagbag.py:525} INFO - Filling up the DagBag from /opt/airflow/dags/hadoop-2.7.3/share/hadoop/hdfs/hadoop-hdfs-2.7.3.jar
[2022-10-25T14:11:22.208+0000] {processor.py:770} WARNING - No viable dags retrieved from /opt/airflow/dags/hadoop-2.7.3/share/hadoop/hdfs/hadoop-hdfs-2.7.3.jar
[2022-10-25T14:11:22.270+0000] {processor.py:178} INFO - Processing /opt/airflow/dags/hadoop-2.7.3/share/hadoop/hdfs/hadoop-hdfs-2.7.3.jar took 0.214 seconds
[2022-10-25T14:11:37.150+0000] {processor.py:156} INFO - Started process (PID=19542) to work on /opt/airflow/dags/hadoop-2.7.3/share/hadoop/hdfs/hadoop-hdfs-2.7.3.jar
[2022-10-25T14:11:37.153+0000] {processor.py:758} INFO - Processing file /opt/airflow/dags/hadoop-2.7.3/share/hadoop/hdfs/hadoop-hdfs-2.7.3.jar for tasks to queue
[2022-10-25T14:11:37.156+0000] {logging_mixin.py:117} INFO - [2022-10-25T14:11:37.156+0000] {dagbag.py:525} INFO - Filling up the DagBag from /opt/airflow/dags/hadoop-2.7.3/share/hadoop/hdfs/hadoop-hdfs-2.7.3.jar
[2022-10-25T14:11:37.242+0000] {processor.py:770} WARNING - No viable dags retrieved from /opt/airflow/dags/hadoop-2.7.3/share/hadoop/hdfs/hadoop-hdfs-2.7.3.jar
[2022-10-25T14:11:37.281+0000] {processor.py:178} INFO - Processing /opt/airflow/dags/hadoop-2.7.3/share/hadoop/hdfs/hadoop-hdfs-2.7.3.jar took 0.137 seconds
[2022-10-25T14:11:58.817+0000] {processor.py:156} INFO - Started process (PID=21081) to work on /opt/airflow/dags/hadoop-2.7.3/share/hadoop/hdfs/hadoop-hdfs-2.7.3.jar
[2022-10-25T14:11:58.820+0000] {processor.py:758} INFO - Processing file /opt/airflow/dags/hadoop-2.7.3/share/hadoop/hdfs/hadoop-hdfs-2.7.3.jar for tasks to queue
[2022-10-25T14:11:58.823+0000] {logging_mixin.py:117} INFO - [2022-10-25T14:11:58.822+0000] {dagbag.py:525} INFO - Filling up the DagBag from /opt/airflow/dags/hadoop-2.7.3/share/hadoop/hdfs/hadoop-hdfs-2.7.3.jar
[2022-10-25T14:11:58.964+0000] {processor.py:770} WARNING - No viable dags retrieved from /opt/airflow/dags/hadoop-2.7.3/share/hadoop/hdfs/hadoop-hdfs-2.7.3.jar
[2022-10-25T14:11:59.004+0000] {processor.py:178} INFO - Processing /opt/airflow/dags/hadoop-2.7.3/share/hadoop/hdfs/hadoop-hdfs-2.7.3.jar took 0.195 seconds
[2022-10-25T14:12:17.828+0000] {processor.py:156} INFO - Started process (PID=20009) to work on /opt/airflow/dags/hadoop-2.7.3/share/hadoop/hdfs/hadoop-hdfs-2.7.3.jar
[2022-10-25T14:12:17.850+0000] {processor.py:758} INFO - Processing file /opt/airflow/dags/hadoop-2.7.3/share/hadoop/hdfs/hadoop-hdfs-2.7.3.jar for tasks to queue
[2022-10-25T14:12:17.854+0000] {logging_mixin.py:117} INFO - [2022-10-25T14:12:17.854+0000] {dagbag.py:525} INFO - Filling up the DagBag from /opt/airflow/dags/hadoop-2.7.3/share/hadoop/hdfs/hadoop-hdfs-2.7.3.jar
[2022-10-25T14:12:18.018+0000] {processor.py:770} WARNING - No viable dags retrieved from /opt/airflow/dags/hadoop-2.7.3/share/hadoop/hdfs/hadoop-hdfs-2.7.3.jar
[2022-10-25T14:12:18.124+0000] {processor.py:178} INFO - Processing /opt/airflow/dags/hadoop-2.7.3/share/hadoop/hdfs/hadoop-hdfs-2.7.3.jar took 0.304 seconds
[2022-10-25T14:13:25.644+0000] {processor.py:156} INFO - Started process (PID=21637) to work on /opt/airflow/dags/hadoop-2.7.3/share/hadoop/hdfs/hadoop-hdfs-2.7.3.jar
[2022-10-25T14:13:25.647+0000] {processor.py:758} INFO - Processing file /opt/airflow/dags/hadoop-2.7.3/share/hadoop/hdfs/hadoop-hdfs-2.7.3.jar for tasks to queue
[2022-10-25T14:13:25.649+0000] {logging_mixin.py:117} INFO - [2022-10-25T14:13:25.649+0000] {dagbag.py:525} INFO - Filling up the DagBag from /opt/airflow/dags/hadoop-2.7.3/share/hadoop/hdfs/hadoop-hdfs-2.7.3.jar
[2022-10-25T14:13:25.730+0000] {processor.py:770} WARNING - No viable dags retrieved from /opt/airflow/dags/hadoop-2.7.3/share/hadoop/hdfs/hadoop-hdfs-2.7.3.jar
[2022-10-25T14:13:25.756+0000] {processor.py:178} INFO - Processing /opt/airflow/dags/hadoop-2.7.3/share/hadoop/hdfs/hadoop-hdfs-2.7.3.jar took 0.121 seconds
[2022-10-25T14:13:48.833+0000] {processor.py:156} INFO - Started process (PID=20626) to work on /opt/airflow/dags/hadoop-2.7.3/share/hadoop/hdfs/hadoop-hdfs-2.7.3.jar
[2022-10-25T14:13:48.836+0000] {processor.py:758} INFO - Processing file /opt/airflow/dags/hadoop-2.7.3/share/hadoop/hdfs/hadoop-hdfs-2.7.3.jar for tasks to queue
[2022-10-25T14:13:48.842+0000] {logging_mixin.py:117} INFO - [2022-10-25T14:13:48.842+0000] {dagbag.py:525} INFO - Filling up the DagBag from /opt/airflow/dags/hadoop-2.7.3/share/hadoop/hdfs/hadoop-hdfs-2.7.3.jar
[2022-10-25T14:13:48.950+0000] {processor.py:770} WARNING - No viable dags retrieved from /opt/airflow/dags/hadoop-2.7.3/share/hadoop/hdfs/hadoop-hdfs-2.7.3.jar
[2022-10-25T14:13:48.983+0000] {processor.py:178} INFO - Processing /opt/airflow/dags/hadoop-2.7.3/share/hadoop/hdfs/hadoop-hdfs-2.7.3.jar took 0.161 seconds
[2022-10-25T14:14:07.710+0000] {processor.py:156} INFO - Started process (PID=22152) to work on /opt/airflow/dags/hadoop-2.7.3/share/hadoop/hdfs/hadoop-hdfs-2.7.3.jar
[2022-10-25T14:14:07.714+0000] {processor.py:758} INFO - Processing file /opt/airflow/dags/hadoop-2.7.3/share/hadoop/hdfs/hadoop-hdfs-2.7.3.jar for tasks to queue
[2022-10-25T14:14:07.717+0000] {logging_mixin.py:117} INFO - [2022-10-25T14:14:07.717+0000] {dagbag.py:525} INFO - Filling up the DagBag from /opt/airflow/dags/hadoop-2.7.3/share/hadoop/hdfs/hadoop-hdfs-2.7.3.jar
[2022-10-25T14:14:07.894+0000] {processor.py:770} WARNING - No viable dags retrieved from /opt/airflow/dags/hadoop-2.7.3/share/hadoop/hdfs/hadoop-hdfs-2.7.3.jar
[2022-10-25T14:14:07.985+0000] {processor.py:178} INFO - Processing /opt/airflow/dags/hadoop-2.7.3/share/hadoop/hdfs/hadoop-hdfs-2.7.3.jar took 0.286 seconds
[2022-10-25T14:14:29.931+0000] {processor.py:156} INFO - Started process (PID=21085) to work on /opt/airflow/dags/hadoop-2.7.3/share/hadoop/hdfs/hadoop-hdfs-2.7.3.jar
[2022-10-25T14:14:29.934+0000] {processor.py:758} INFO - Processing file /opt/airflow/dags/hadoop-2.7.3/share/hadoop/hdfs/hadoop-hdfs-2.7.3.jar for tasks to queue
[2022-10-25T14:14:29.937+0000] {logging_mixin.py:117} INFO - [2022-10-25T14:14:29.937+0000] {dagbag.py:525} INFO - Filling up the DagBag from /opt/airflow/dags/hadoop-2.7.3/share/hadoop/hdfs/hadoop-hdfs-2.7.3.jar
[2022-10-25T14:14:30.075+0000] {processor.py:770} WARNING - No viable dags retrieved from /opt/airflow/dags/hadoop-2.7.3/share/hadoop/hdfs/hadoop-hdfs-2.7.3.jar
[2022-10-25T14:14:30.109+0000] {processor.py:178} INFO - Processing /opt/airflow/dags/hadoop-2.7.3/share/hadoop/hdfs/hadoop-hdfs-2.7.3.jar took 0.188 seconds
[2022-10-25T14:14:45.428+0000] {processor.py:156} INFO - Started process (PID=22568) to work on /opt/airflow/dags/hadoop-2.7.3/share/hadoop/hdfs/hadoop-hdfs-2.7.3.jar
[2022-10-25T14:14:45.432+0000] {processor.py:758} INFO - Processing file /opt/airflow/dags/hadoop-2.7.3/share/hadoop/hdfs/hadoop-hdfs-2.7.3.jar for tasks to queue
[2022-10-25T14:14:45.436+0000] {logging_mixin.py:117} INFO - [2022-10-25T14:14:45.435+0000] {dagbag.py:525} INFO - Filling up the DagBag from /opt/airflow/dags/hadoop-2.7.3/share/hadoop/hdfs/hadoop-hdfs-2.7.3.jar
[2022-10-25T14:14:45.555+0000] {processor.py:770} WARNING - No viable dags retrieved from /opt/airflow/dags/hadoop-2.7.3/share/hadoop/hdfs/hadoop-hdfs-2.7.3.jar
[2022-10-25T14:14:45.599+0000] {processor.py:178} INFO - Processing /opt/airflow/dags/hadoop-2.7.3/share/hadoop/hdfs/hadoop-hdfs-2.7.3.jar took 0.189 seconds
[2022-10-25T14:15:20.484+0000] {processor.py:156} INFO - Started process (PID=21599) to work on /opt/airflow/dags/hadoop-2.7.3/share/hadoop/hdfs/hadoop-hdfs-2.7.3.jar
[2022-10-25T14:15:20.512+0000] {processor.py:758} INFO - Processing file /opt/airflow/dags/hadoop-2.7.3/share/hadoop/hdfs/hadoop-hdfs-2.7.3.jar for tasks to queue
[2022-10-25T14:15:20.515+0000] {logging_mixin.py:117} INFO - [2022-10-25T14:15:20.515+0000] {dagbag.py:525} INFO - Filling up the DagBag from /opt/airflow/dags/hadoop-2.7.3/share/hadoop/hdfs/hadoop-hdfs-2.7.3.jar
[2022-10-25T14:15:20.931+0000] {processor.py:770} WARNING - No viable dags retrieved from /opt/airflow/dags/hadoop-2.7.3/share/hadoop/hdfs/hadoop-hdfs-2.7.3.jar
[2022-10-25T14:15:21.001+0000] {processor.py:178} INFO - Processing /opt/airflow/dags/hadoop-2.7.3/share/hadoop/hdfs/hadoop-hdfs-2.7.3.jar took 0.533 seconds
[2022-10-25T14:15:28.265+0000] {processor.py:156} INFO - Started process (PID=22954) to work on /opt/airflow/dags/hadoop-2.7.3/share/hadoop/hdfs/hadoop-hdfs-2.7.3.jar
[2022-10-25T14:15:28.271+0000] {processor.py:758} INFO - Processing file /opt/airflow/dags/hadoop-2.7.3/share/hadoop/hdfs/hadoop-hdfs-2.7.3.jar for tasks to queue
[2022-10-25T14:15:28.275+0000] {logging_mixin.py:117} INFO - [2022-10-25T14:15:28.274+0000] {dagbag.py:525} INFO - Filling up the DagBag from /opt/airflow/dags/hadoop-2.7.3/share/hadoop/hdfs/hadoop-hdfs-2.7.3.jar
[2022-10-25T14:15:28.511+0000] {processor.py:770} WARNING - No viable dags retrieved from /opt/airflow/dags/hadoop-2.7.3/share/hadoop/hdfs/hadoop-hdfs-2.7.3.jar
[2022-10-25T14:15:28.566+0000] {processor.py:178} INFO - Processing /opt/airflow/dags/hadoop-2.7.3/share/hadoop/hdfs/hadoop-hdfs-2.7.3.jar took 0.324 seconds
[2022-10-25T14:16:15.495+0000] {processor.py:156} INFO - Started process (PID=22114) to work on /opt/airflow/dags/hadoop-2.7.3/share/hadoop/hdfs/hadoop-hdfs-2.7.3.jar
[2022-10-25T14:16:15.498+0000] {processor.py:758} INFO - Processing file /opt/airflow/dags/hadoop-2.7.3/share/hadoop/hdfs/hadoop-hdfs-2.7.3.jar for tasks to queue
[2022-10-25T14:16:15.502+0000] {logging_mixin.py:117} INFO - [2022-10-25T14:16:15.502+0000] {dagbag.py:525} INFO - Filling up the DagBag from /opt/airflow/dags/hadoop-2.7.3/share/hadoop/hdfs/hadoop-hdfs-2.7.3.jar
[2022-10-25T14:16:15.639+0000] {processor.py:770} WARNING - No viable dags retrieved from /opt/airflow/dags/hadoop-2.7.3/share/hadoop/hdfs/hadoop-hdfs-2.7.3.jar
[2022-10-25T14:16:15.678+0000] {processor.py:178} INFO - Processing /opt/airflow/dags/hadoop-2.7.3/share/hadoop/hdfs/hadoop-hdfs-2.7.3.jar took 0.193 seconds
[2022-10-25T14:16:22.081+0000] {processor.py:156} INFO - Started process (PID=23477) to work on /opt/airflow/dags/hadoop-2.7.3/share/hadoop/hdfs/hadoop-hdfs-2.7.3.jar
[2022-10-25T14:16:22.086+0000] {processor.py:758} INFO - Processing file /opt/airflow/dags/hadoop-2.7.3/share/hadoop/hdfs/hadoop-hdfs-2.7.3.jar for tasks to queue
[2022-10-25T14:16:22.090+0000] {logging_mixin.py:117} INFO - [2022-10-25T14:16:22.089+0000] {dagbag.py:525} INFO - Filling up the DagBag from /opt/airflow/dags/hadoop-2.7.3/share/hadoop/hdfs/hadoop-hdfs-2.7.3.jar
[2022-10-25T14:16:22.217+0000] {processor.py:770} WARNING - No viable dags retrieved from /opt/airflow/dags/hadoop-2.7.3/share/hadoop/hdfs/hadoop-hdfs-2.7.3.jar
[2022-10-25T14:16:22.256+0000] {processor.py:178} INFO - Processing /opt/airflow/dags/hadoop-2.7.3/share/hadoop/hdfs/hadoop-hdfs-2.7.3.jar took 0.183 seconds
[2022-10-25T14:16:56.032+0000] {processor.py:156} INFO - Started process (PID=22498) to work on /opt/airflow/dags/hadoop-2.7.3/share/hadoop/hdfs/hadoop-hdfs-2.7.3.jar
[2022-10-25T14:16:56.037+0000] {processor.py:758} INFO - Processing file /opt/airflow/dags/hadoop-2.7.3/share/hadoop/hdfs/hadoop-hdfs-2.7.3.jar for tasks to queue
[2022-10-25T14:16:56.040+0000] {logging_mixin.py:117} INFO - [2022-10-25T14:16:56.040+0000] {dagbag.py:525} INFO - Filling up the DagBag from /opt/airflow/dags/hadoop-2.7.3/share/hadoop/hdfs/hadoop-hdfs-2.7.3.jar
[2022-10-25T14:16:56.336+0000] {processor.py:770} WARNING - No viable dags retrieved from /opt/airflow/dags/hadoop-2.7.3/share/hadoop/hdfs/hadoop-hdfs-2.7.3.jar
[2022-10-25T14:16:56.412+0000] {processor.py:178} INFO - Processing /opt/airflow/dags/hadoop-2.7.3/share/hadoop/hdfs/hadoop-hdfs-2.7.3.jar took 0.390 seconds
[2022-10-25T14:17:04.988+0000] {processor.py:156} INFO - Started process (PID=23871) to work on /opt/airflow/dags/hadoop-2.7.3/share/hadoop/hdfs/hadoop-hdfs-2.7.3.jar
[2022-10-25T14:17:04.996+0000] {processor.py:758} INFO - Processing file /opt/airflow/dags/hadoop-2.7.3/share/hadoop/hdfs/hadoop-hdfs-2.7.3.jar for tasks to queue
[2022-10-25T14:17:05.001+0000] {logging_mixin.py:117} INFO - [2022-10-25T14:17:05.001+0000] {dagbag.py:525} INFO - Filling up the DagBag from /opt/airflow/dags/hadoop-2.7.3/share/hadoop/hdfs/hadoop-hdfs-2.7.3.jar
[2022-10-25T14:17:05.194+0000] {processor.py:770} WARNING - No viable dags retrieved from /opt/airflow/dags/hadoop-2.7.3/share/hadoop/hdfs/hadoop-hdfs-2.7.3.jar
[2022-10-25T14:17:05.243+0000] {processor.py:178} INFO - Processing /opt/airflow/dags/hadoop-2.7.3/share/hadoop/hdfs/hadoop-hdfs-2.7.3.jar took 0.264 seconds
[2022-10-25T14:17:49.836+0000] {processor.py:156} INFO - Started process (PID=22990) to work on /opt/airflow/dags/hadoop-2.7.3/share/hadoop/hdfs/hadoop-hdfs-2.7.3.jar
[2022-10-25T14:17:49.841+0000] {processor.py:758} INFO - Processing file /opt/airflow/dags/hadoop-2.7.3/share/hadoop/hdfs/hadoop-hdfs-2.7.3.jar for tasks to queue
[2022-10-25T14:17:49.844+0000] {logging_mixin.py:117} INFO - [2022-10-25T14:17:49.843+0000] {dagbag.py:525} INFO - Filling up the DagBag from /opt/airflow/dags/hadoop-2.7.3/share/hadoop/hdfs/hadoop-hdfs-2.7.3.jar
[2022-10-25T14:17:49.935+0000] {processor.py:770} WARNING - No viable dags retrieved from /opt/airflow/dags/hadoop-2.7.3/share/hadoop/hdfs/hadoop-hdfs-2.7.3.jar
[2022-10-25T14:17:49.972+0000] {processor.py:178} INFO - Processing /opt/airflow/dags/hadoop-2.7.3/share/hadoop/hdfs/hadoop-hdfs-2.7.3.jar took 0.142 seconds
