[2022-10-20 22:29:11,245] {taskinstance.py:1179} INFO - Dependencies all met for <TaskInstance: pyspark_jobs.load_and_normalize_jsonlines manual__2022-10-20T22:29:02.331105+00:00 [queued]>
[2022-10-20 22:29:11,259] {taskinstance.py:1179} INFO - Dependencies all met for <TaskInstance: pyspark_jobs.load_and_normalize_jsonlines manual__2022-10-20T22:29:02.331105+00:00 [queued]>
[2022-10-20 22:29:11,260] {taskinstance.py:1376} INFO - 
--------------------------------------------------------------------------------
[2022-10-20 22:29:11,261] {taskinstance.py:1377} INFO - Starting attempt 1 of 2
[2022-10-20 22:29:11,262] {taskinstance.py:1378} INFO - 
--------------------------------------------------------------------------------
[2022-10-20 22:29:11,288] {taskinstance.py:1397} INFO - Executing <Task(PythonOperator): load_and_normalize_jsonlines> on 2022-10-20 22:29:02.331105+00:00
[2022-10-20 22:29:11,295] {standard_task_runner.py:52} INFO - Started process 14459 to run task
[2022-10-20 22:29:11,304] {clientserver.py:543} INFO - Closing down clientserver connection
[2022-10-20 22:29:11,322] {standard_task_runner.py:79} INFO - Running: ['***', 'tasks', 'run', 'pyspark_jobs', 'load_and_normalize_jsonlines', 'manual__2022-10-20T22:29:02.331105+00:00', '--job-id', '458', '--raw', '--subdir', 'DAGS_FOLDER/pyspark_jobs.py', '--cfg-path', '/tmp/tmp9wwaweok', '--error-file', '/tmp/tmpksbxxmlg']
[2022-10-20 22:29:11,323] {standard_task_runner.py:80} INFO - Job 458: Subtask load_and_normalize_jsonlines
[2022-10-20 22:29:11,493] {task_command.py:371} INFO - Running <TaskInstance: pyspark_jobs.load_and_normalize_jsonlines manual__2022-10-20T22:29:02.331105+00:00 [running]> on host ee1a3e6935ec
[2022-10-20 22:29:11,668] {taskinstance.py:1591} INFO - Exporting the following env vars:
AIRFLOW_CTX_DAG_OWNER=***
AIRFLOW_CTX_DAG_ID=pyspark_jobs
AIRFLOW_CTX_TASK_ID=load_and_normalize_jsonlines
AIRFLOW_CTX_EXECUTION_DATE=2022-10-20T22:29:02.331105+00:00
AIRFLOW_CTX_TRY_NUMBER=1
AIRFLOW_CTX_DAG_RUN_ID=manual__2022-10-20T22:29:02.331105+00:00
[2022-10-20 22:29:11,673] {pyspark_scripts.py:28} INFO - Found the following subdirectories ['2022-10-14', '2022-10-17', '2022-10-18', '2022-10-19']
[2022-10-20 22:29:11,690] {pyspark_scripts.py:37} INFO - Latest folder: 2022-10-19
[2022-10-20 22:29:11,824] {clientserver.py:505} INFO - Error while sending or receiving.
Traceback (most recent call last):
  File "/home/airflow/.local/lib/python3.7/site-packages/py4j/clientserver.py", line 503, in send_command
    self.socket.sendall(command.encode("utf-8"))
ConnectionResetError: [Errno 104] Connection reset by peer
[2022-10-20 22:29:11,828] {clientserver.py:543} INFO - Closing down clientserver connection
[2022-10-20 22:29:11,830] {java_gateway.py:1052} INFO - Exception while sending command.
Traceback (most recent call last):
  File "/home/airflow/.local/lib/python3.7/site-packages/py4j/clientserver.py", line 503, in send_command
    self.socket.sendall(command.encode("utf-8"))
ConnectionResetError: [Errno 104] Connection reset by peer

During handling of the above exception, another exception occurred:

Traceback (most recent call last):
  File "/home/airflow/.local/lib/python3.7/site-packages/py4j/java_gateway.py", line 1038, in send_command
    response = connection.send_command(command)
  File "/home/airflow/.local/lib/python3.7/site-packages/py4j/clientserver.py", line 507, in send_command
    "Error while sending", e, proto.ERROR_ON_SEND)
py4j.protocol.Py4JNetworkError: Error while sending
[2022-10-20 22:29:11,848] {clientserver.py:543} INFO - Closing down clientserver connection
[2022-10-20 22:29:26,320] {pyspark_scripts.py:53} INFO - Working with <bound method RDD.getNumPartitions of MapPartitionsRDD[8] at javaToPython at NativeMethodAccessorImpl.java:0> partitions
[2022-10-20 22:29:46,012] {logging_mixin.py:115} INFO - +---+-------------------+-------------------+------------------+----------+----+
| id|                 ts|customer_first_name|customer_last_name|    amount|type|
+---+-------------------+-------------------+------------------+----------+----+
|431|2022-10-18T08:06:02|            Zachary|            Walker|    $38.73|   1|
| 67|2022-10-18T14:42:26|           Brittany|            Norris|     $5.49|   0|
|771|2022-10-19T03:13:10|              Kathy|            Meyers| $1,444.19|   1|
|900|2022-10-18T13:36:39|               Kurt|            Taylor|   $872.79|   1|
|681|2022-10-17T22:11:21|             Ronald|             White|     $7.16|   0|
|897|2022-10-18T04:33:05|               Mary|          Thompson|     $6.99|   0|
|888|2022-10-19T11:25:01|               Jill|           Roberts|$29,393.13|   0|
|125|2022-10-18T11:16:08|            Timothy|              Cruz| $3,579.21|   1|
| 59|2022-10-18T09:44:44|               John|          Martinez|$92,135.02|   1|
|465|2022-10-19T04:07:53|            Richard|           Rosario|   $411.39|   0|
+---+-------------------+-------------------+------------------+----------+----+
only showing top 10 rows
[2022-10-20 22:30:10,369] {pyspark_scripts.py:57} INFO - Normalized dataframe saved into .parquet format into /opt/***/dags/temp/jsonlines_temp.parquet
[2022-10-20 22:30:10,378] {pyspark_scripts.py:58} INFO - JSONLines Dataframe succesfully loaded and normalized headers.
[2022-10-20 22:30:10,399] {python.py:173} INFO - Done. Returned value was: None
[2022-10-20 22:30:10,657] {taskinstance.py:1420} INFO - Marking task as SUCCESS. dag_id=pyspark_jobs, task_id=load_and_normalize_jsonlines, execution_date=20221020T222902, start_date=20221020T222911, end_date=20221020T223010
[2022-10-20 22:30:11,358] {local_task_job.py:156} INFO - Task exited with return code 0
[2022-10-20 22:30:11,485] {local_task_job.py:273} INFO - 0 downstream tasks scheduled from follow-on schedule check
[2022-10-20 22:30:11,595] {dagrun.py:564} INFO - Marking run <DagRun pyspark_jobs @ 2022-10-20 22:29:02.331105+00:00: manual__2022-10-20T22:29:02.331105+00:00, externally triggered: True> successful
[2022-10-20 22:30:11,600] {dagrun.py:624} INFO - DagRun Finished: dag_id=pyspark_jobs, execution_date=2022-10-20 22:29:02.331105+00:00, run_id=manual__2022-10-20T22:29:02.331105+00:00, run_start_date=2022-10-20 22:29:02.914246+00:00, run_end_date=2022-10-20 22:30:11.600077+00:00, run_duration=68.685831, state=success, external_trigger=True, run_type=manual, data_interval_start=2022-10-19 22:29:02.331105+00:00, data_interval_end=2022-10-20 22:29:02.331105+00:00, dag_hash=612eb881940c8d633a4277255c7707c9
