[2022-10-14 18:17:08,549] {taskinstance.py:1179} INFO - Dependencies all met for <TaskInstance: generate_data.generate_data manual__2022-10-14T18:16:05.533681+00:00 [queued]>
[2022-10-14 18:17:08,563] {taskinstance.py:1179} INFO - Dependencies all met for <TaskInstance: generate_data.generate_data manual__2022-10-14T18:16:05.533681+00:00 [queued]>
[2022-10-14 18:17:08,564] {taskinstance.py:1376} INFO - 
--------------------------------------------------------------------------------
[2022-10-14 18:17:08,564] {taskinstance.py:1377} INFO - Starting attempt 2 of 2
[2022-10-14 18:17:08,565] {taskinstance.py:1378} INFO - 
--------------------------------------------------------------------------------
[2022-10-14 18:17:08,582] {taskinstance.py:1397} INFO - Executing <Task(PythonOperator): generate_data> on 2022-10-14 18:16:05.533681+00:00
[2022-10-14 18:17:08,589] {standard_task_runner.py:52} INFO - Started process 480 to run task
[2022-10-14 18:17:08,594] {standard_task_runner.py:79} INFO - Running: ['***', 'tasks', 'run', 'generate_data', 'generate_data', 'manual__2022-10-14T18:16:05.533681+00:00', '--job-id', '92', '--raw', '--subdir', 'DAGS_FOLDER/generate_data.py', '--cfg-path', '/tmp/tmpyzz2_lmu', '--error-file', '/tmp/tmpo_hgws31']
[2022-10-14 18:17:08,596] {standard_task_runner.py:80} INFO - Job 92: Subtask generate_data
[2022-10-14 18:17:08,679] {task_command.py:371} INFO - Running <TaskInstance: generate_data.generate_data manual__2022-10-14T18:16:05.533681+00:00 [running]> on host aee033a1302b
[2022-10-14 18:17:08,771] {taskinstance.py:1591} INFO - Exporting the following env vars:
AIRFLOW_CTX_DAG_OWNER=***
AIRFLOW_CTX_DAG_ID=generate_data
AIRFLOW_CTX_TASK_ID=generate_data
AIRFLOW_CTX_EXECUTION_DATE=2022-10-14T18:16:05.533681+00:00
AIRFLOW_CTX_TRY_NUMBER=2
AIRFLOW_CTX_DAG_RUN_ID=manual__2022-10-14T18:16:05.533681+00:00
[2022-10-14 18:17:08,774] {taskinstance.py:1909} ERROR - Task failed with exception
Traceback (most recent call last):
  File "/home/airflow/.local/lib/python3.7/site-packages/airflow/operators/python.py", line 171, in execute
    return_value = self.execute_callable()
  File "/home/airflow/.local/lib/python3.7/site-packages/airflow/operators/python.py", line 189, in execute_callable
    return self.python_callable(*self.op_args, **self.op_kwargs)
  File "/opt/airflow/dags/insertion_orchestration.py", line 25, in gen_data
    days = get_days()
  File "/opt/airflow/dags/insertion_orchestration.py", line 10, in get_days
    with open(path, 'rb') as handle:
FileNotFoundError: [Errno 2] No such file or directory: '/opt/airflow/dags/data_storage/days/days.pickle'
[2022-10-14 18:17:08,786] {taskinstance.py:1420} INFO - Marking task as FAILED. dag_id=generate_data, task_id=generate_data, execution_date=20221014T181605, start_date=20221014T181708, end_date=20221014T181708
[2022-10-14 18:17:08,799] {standard_task_runner.py:97} ERROR - Failed to execute job 92 for task generate_data ([Errno 2] No such file or directory: '/opt/airflow/dags/data_storage/days/days.pickle'; 480)
[2022-10-14 18:17:08,849] {local_task_job.py:156} INFO - Task exited with return code 1
[2022-10-14 18:17:08,910] {local_task_job.py:273} INFO - 0 downstream tasks scheduled from follow-on schedule check
