[2022-10-21 16:35:11,684] {taskinstance.py:1179} INFO - Dependencies all met for <TaskInstance: pyspark_jobs.start_spark_session manual__2022-10-21T16:35:09.055521+00:00 [queued]>
[2022-10-21 16:35:11,746] {taskinstance.py:1179} INFO - Dependencies all met for <TaskInstance: pyspark_jobs.start_spark_session manual__2022-10-21T16:35:09.055521+00:00 [queued]>
[2022-10-21 16:35:11,747] {taskinstance.py:1376} INFO - 
--------------------------------------------------------------------------------
[2022-10-21 16:35:11,749] {taskinstance.py:1377} INFO - Starting attempt 1 of 2
[2022-10-21 16:35:11,751] {taskinstance.py:1378} INFO - 
--------------------------------------------------------------------------------
[2022-10-21 16:35:11,836] {taskinstance.py:1397} INFO - Executing <Task(PythonOperator): start_spark_session> on 2022-10-21 16:35:09.055521+00:00
[2022-10-21 16:35:11,868] {standard_task_runner.py:52} INFO - Started process 77522 to run task
[2022-10-21 16:35:11,887] {standard_task_runner.py:79} INFO - Running: ['***', 'tasks', 'run', 'pyspark_jobs', 'start_spark_session', 'manual__2022-10-21T16:35:09.055521+00:00', '--job-id', '477', '--raw', '--subdir', 'DAGS_FOLDER/pyspark_jobs.py', '--cfg-path', '/tmp/tmp6jmdzf3z', '--error-file', '/tmp/tmp455snq5q']
[2022-10-21 16:35:11,891] {standard_task_runner.py:80} INFO - Job 477: Subtask start_spark_session
[2022-10-21 16:35:12,368] {task_command.py:371} INFO - Running <TaskInstance: pyspark_jobs.start_spark_session manual__2022-10-21T16:35:09.055521+00:00 [running]> on host ee1a3e6935ec
[2022-10-21 16:35:12,775] {taskinstance.py:1591} INFO - Exporting the following env vars:
AIRFLOW_CTX_DAG_OWNER=***
AIRFLOW_CTX_DAG_ID=pyspark_jobs
AIRFLOW_CTX_TASK_ID=start_spark_session
AIRFLOW_CTX_EXECUTION_DATE=2022-10-21T16:35:09.055521+00:00
AIRFLOW_CTX_TRY_NUMBER=1
AIRFLOW_CTX_DAG_RUN_ID=manual__2022-10-21T16:35:09.055521+00:00
[2022-10-21 16:35:45,880] {python.py:173} INFO - Done. Returned value was: False
[2022-10-21 16:35:45,967] {taskinstance.py:1420} INFO - Marking task as SUCCESS. dag_id=pyspark_jobs, task_id=start_spark_session, execution_date=20221021T163509, start_date=20221021T163511, end_date=20221021T163545
[2022-10-21 16:35:46,032] {local_task_job.py:156} INFO - Task exited with return code 0
[2022-10-21 16:35:46,141] {local_task_job.py:273} INFO - 1 downstream tasks scheduled from follow-on schedule check
